6
--gpu_devices 0 --max_iter 100 --batch_size 250 --use_scheduler True --lr 1e-3 --GMP True --z_struct_size 15 --z_var_size 6 --is_VAE True --is_encoder_struct False --lambda_BCE 1 --beta 1 --lambda_struct_recons_class 0.1 --loss_struct_recons_class True --big_kernel_size 8 --two_conv_layer True --three_conv_layer True --kernel_size_1 4 --kernel_size_2 4 --kernel_size_3 4 --BK_in_first_layer True --BK_in_second_layer False --BK_in_third_layer False --stride_size 1 --hidden_filters_layer1 64 --hidden_filters_layer2 64 --hidden_filters_layer3 64 --dataset_balanced True --binary_z True --binary_first_conv False --binary_second_conv False --binary_third_conv True --use_small_lr_encoder_var False --encoder_var_name None --encoder_struct_name mnist_ES_binary_15_Hmg_dst_4_2nd_test --freeze_Encoder True --size_average False --exp_name mnist_VAE_s15Hmg4_v6_zstruct_class_2_2
Namespace(BK_in_first_layer=True, BK_in_second_layer=False, BK_in_third_layer=False, BN=False, C_max=25, C_stop_iter=100000.0, E1_AE=False, E1_VAE=False, E1_conv=False, E1_dense=False, E1_second_conv=False, E1_second_conv_adapt=False, ES_reconstruction=False, EV_classifier=False, GMP=True, Hmg_dst_loss=False, IPC=False, L1_norm_act=False, L1_norm_weights=False, L2_dst_loss=False, L3_without_random=False, LOG_DIR='logs', PT_model=False, PT_model_EV_classifier=False, adapt_lr=False, add_classification_layer=True, add_dl_class=False, add_linear_after_GMP=True, add_z_struct_bottleneck=False, alpha=32, batch_size=250, beta=1.0, beta1=0.9, beta2=0.999, big_kernel=False, big_kernel_size=8, bin_after_GMP=False, binary_chain=False, binary_first_conv=False, binary_second_conv=False, binary_third_conv=True, binary_z=True, both_decoders_freeze=False, ckpt_dir='checkpoints_CNN', ckpt_dir_scores='checkpoint_scores_CNN', classif_layer_size=30, contrastive_loss=False, cuda=True, dataset='mnist', dataset_balanced=True, decoder_first_dense=36, decoder_kernel_size_1=4, decoder_kernel_size_2=3, decoder_kernel_size_3=4, decoder_n_filter_1=64, decoder_n_filter_2=64, decoder_n_filter_3=64, decoder_name='None', decoder_stride_1=2, decoder_stride_2=2, decoder_stride_3=1, diff_var=False, display_step=10000, dset_dir='data', encoder_struct_name='mnist_ES_binary_15_Hmg_dst_4_2nd_test', encoder_var_name='None', exp_name='mnist_VAE_s15Hmg4_v6_zstruct_class_2_2', fine_tune_decoder=False, freeze_Encoder=True, gamma=1000, gpu_devices=[0], grad_inv=False, hidden_dim=20, hidden_filters_layer1=64, hidden_filters_layer2=64, hidden_filters_layer3=64, image_size=64, intra_class_variance_loss=False, is_C=True, is_E1=False, is_VAE=True, is_VAE_var=False, is_binary_structural_latent=False, is_custom_model=False, is_custom_model_BK=False, is_default_model=False, is_encoder_struct=False, is_noise_stats=False, is_partial_rand_class=False, is_perturbed_score=False, is_zvar_sim_loss=False, just_train=False, kernel_size=4, kernel_size_1=4, kernel_size_2=4, kernel_size_3=4, lambda_BCE=1.0, lambda_EV_class=1, lambda_Kl_struct=1, lambda_Kl_var=1, lambda_L1=0.01, lambda_L2_dst=1, lambda_VAE=1, lambda_class=1, lambda_contrastive_loss=1, lambda_distance_mean=1, lambda_hmg_dst=1, lambda_intra_class_var=1, lambda_partial_class=1, lambda_ratio_reg=1, lambda_recon_wt_rand=1, lambda_recons=1, lambda_struct_recons_class=0.1, lambda_uniq_code_dst=1, lambda_var_distance=1, lambda_var_inter=1, lambda_var_intra=1, lambda_zvar_sim=1, latent_spec_cont=None, latent_spec_cont_class=None, latent_spec_cont_var=None, latent_spec_disc=None, latent_spec_disc_class=None, latent_spec_disc_var=None, log_level='info', loss='Proxy_Anchor', loss_ES_reconstruction=False, loss_distance_mean=False, loss_min_distance_cl=False, loss_struct_recons_class=True, lr=0.001, max_epoch_use_uniq_code_target=5, max_iter=100.0, model='CNN', mrg=0.1, nb_epochs_train_only_zvar=0, num_workers=2, old_weighted=False, optimizer='adamw', other_architecture=False, other_ratio=False, random_percentage=0.2, random_seed=10, randomness=True, ratio_reg=False, remark='', save_step=10000, second_layer_C=False, seed=1, size_average=False, stride_size=1, sz_embedding=5, three_conv_layer=True, train=True, train_var_struct_alternatively=False, two_conv_layer=True, two_encoder=False, uniq_code_dst_loss=False, use_VAE=False, use_decoder=False, use_early_stopping=True, use_scheduler=True, use_small_lr_encoder_var=False, use_structural_encoder=False, value_target_distance_mean=1, var_hidden_dim=256, var_hidden_filters_1=32, var_hidden_filters_2=32, var_hidden_filters_3=32, var_kernel_size_1=3, var_kernel_size_2=3, var_kernel_size_3=3, var_second_cnn_block=True, var_stride_size_1=1, var_stride_size_2=1, var_stride_size_3=1, var_third_cnn_block=False, var_three_conv_layer=False, warm=1, without_acc=False, z_struct_size=15, z_var_size=6, zeros_W_Classif=False, zvar_sim_change_zvar=False, zvar_sim_loss_for_all_model=False, zvar_sim_loss_only_for_encoder=False, zvar_sim_normal=False, zvar_sim_var_rand=False)
CUDA Visible devices !
[Using Seed: 10]
Balanced dataset loaded
VAE doesn't exist but encoder struct yes ! load struct encoder weighs !
=> loaded checkpoint 'checkpoints_CNN/mnist_ES_binary_15_Hmg_dst_4_2nd_test/last (iter 7020)'
Weighs loaded for struct encoder !
use 1 gpu who named: Tesla V100-SXM2-32GB
VAE(
  (encoder_struct): Sequential(
    (0): Conv2d(1, 64, kernel_size=(8, 8), stride=(1, 1))
    (1): BatchNorm2d(64, eps=1e-05, momentum=0.1, affine=True, track_running_stats=True)
    (2): ReLU(inplace=True)
    (3): Conv2d(64, 64, kernel_size=(4, 4), stride=(1, 1))
    (4): BatchNorm2d(64, eps=1e-05, momentum=0.1, affine=True, track_running_stats=True)
    (5): ReLU(inplace=True)
    (6): Conv2d(64, 15, kernel_size=(4, 4), stride=(1, 1))
    (7): BatchNorm2d(15, eps=1e-05, momentum=0.1, affine=True, track_running_stats=True)
    (8): ReLU(inplace=True)
    (9): AdaptiveMaxPool2d(output_size=(1, 1))
    (10): View()
    (11): DeterministicBinaryActivation(
      (act): Hardsigmoid(
        (act): Hardtanh(min_val=-1.0, max_val=1.0)
      )
    )
  )
  (decoder): Sequential(
    (0): Linear(in_features=21, out_features=1600, bias=True)
    (1): ReLU(inplace=True)
    (2): View()
    (3): ConvTranspose2d(64, 64, kernel_size=(4, 4), stride=(2, 2), padding=(1, 1))
    (4): ReLU(inplace=True)
    (5): ConvTranspose2d(64, 64, kernel_size=(3, 3), stride=(1, 1))
    (6): ReLU(inplace=True)
    (7): ConvTranspose2d(64, 32, kernel_size=(3, 3), stride=(1, 1))
    (8): ReLU(inplace=True)
    (9): ConvTranspose2d(32, 32, kernel_size=(4, 4), stride=(2, 2), padding=(1, 1))
    (10): ReLU(inplace=True)
    (11): ConvTranspose2d(32, 32, kernel_size=(3, 3), stride=(1, 1))
    (12): ReLU(inplace=True)
    (13): ConvTranspose2d(32, 1, kernel_size=(3, 3), stride=(1, 1))
    (14): Sigmoid()
  )
  (encoder_var): Sequential(
    (0): Conv2d(1, 32, kernel_size=(3, 3), stride=(1, 1))
    (1): ReLU(inplace=True)
    (2): BatchNorm2d(32, eps=1e-05, momentum=0.1, affine=True, track_running_stats=True)
    (3): Conv2d(32, 32, kernel_size=(3, 3), stride=(1, 1))
    (4): ReLU(inplace=True)
    (5): BatchNorm2d(32, eps=1e-05, momentum=0.1, affine=True, track_running_stats=True)
    (6): Conv2d(32, 32, kernel_size=(5, 5), stride=(2, 2), padding=(2, 2))
    (7): ReLU(inplace=True)
    (8): BatchNorm2d(32, eps=1e-05, momentum=0.1, affine=True, track_running_stats=True)
    (9): Dropout(p=0.4, inplace=False)
    (10): Conv2d(32, 64, kernel_size=(3, 3), stride=(1, 1))
    (11): ReLU(inplace=True)
    (12): BatchNorm2d(64, eps=1e-05, momentum=0.1, affine=True, track_running_stats=True)
    (13): Conv2d(64, 64, kernel_size=(3, 3), stride=(1, 1))
    (14): ReLU(inplace=True)
    (15): BatchNorm2d(64, eps=1e-05, momentum=0.1, affine=True, track_running_stats=True)
    (16): Conv2d(64, 64, kernel_size=(5, 5), stride=(2, 2), padding=(2, 2))
    (17): ReLU(inplace=True)
    (18): BatchNorm2d(64, eps=1e-05, momentum=0.1, affine=True, track_running_stats=True)
    (19): Dropout(p=0.4, inplace=False)
    (20): View()
    (21): Linear(in_features=1600, out_features=12, bias=True)
  )
  (struct_classifier): Sequential(
    (0): Linear(in_features=15, out_features=10, bias=True)
  )
)
The number of parameters of model is 480602
=> saved checkpoint 'checkpoints_CNN/mnist_VAE_s15Hmg4_v6_zstruct_class_2_2/last' (iter 270, epoch 1.0)
score:  0.0
score:  0.0
=> saved checkpoint 'checkpoint_scores_CNN/mnist_VAE_s15Hmg4_v6_zstruct_class_2_2/last' (iter 270, epoch 1.0)
[Save Checkpoint] epoch: [1.0], Train: total:104729.00781, BCE:-14.40618, KLD:104743.38281,Test: total:425740.71875, BCE:-14.61838, KLD:425755.34375
=> saved checkpoint 'checkpoints_CNN/mnist_VAE_s15Hmg4_v6_zstruct_class_2_2/last' (iter 540, epoch 2.0)
score:  0.0
score:  0.0
=> saved checkpoint 'checkpoint_scores_CNN/mnist_VAE_s15Hmg4_v6_zstruct_class_2_2/last' (iter 540, epoch 2.0)
[Save Checkpoint] epoch: [2.0], Train: total:89928.40625, BCE:-15.43993, KLD:89943.82812,Test: total:363557.21875, BCE:-15.63070, KLD:363572.87500
=> saved checkpoint 'checkpoints_CNN/mnist_VAE_s15Hmg4_v6_zstruct_class_2_2/last' (iter 810, epoch 3.0)
score:  0.0
score:  0.0
=> saved checkpoint 'checkpoint_scores_CNN/mnist_VAE_s15Hmg4_v6_zstruct_class_2_2/last' (iter 810, epoch 3.0)
[Save Checkpoint] epoch: [3.0], Train: total:77863.96875, BCE:-15.82410, KLD:77879.82812,Test: total:314010.87500, BCE:-15.98975, KLD:314026.87500
=> saved checkpoint 'checkpoints_CNN/mnist_VAE_s15Hmg4_v6_zstruct_class_2_2/last' (iter 1080, epoch 4.0)
score:  0.0
score:  0.0
=> saved checkpoint 'checkpoint_scores_CNN/mnist_VAE_s15Hmg4_v6_zstruct_class_2_2/last' (iter 1080, epoch 4.0)
[Save Checkpoint] epoch: [4.0], Train: total:66839.43750, BCE:-14.53146, KLD:66853.91406,Test: total:269011.18750, BCE:-14.66413, KLD:269025.84375
=> saved checkpoint 'checkpoints_CNN/mnist_VAE_s15Hmg4_v6_zstruct_class_2_2/last' (iter 1350, epoch 5.0)
score:  0.0
score:  0.0
=> saved checkpoint 'checkpoint_scores_CNN/mnist_VAE_s15Hmg4_v6_zstruct_class_2_2/last' (iter 1350, epoch 5.0)
[Save Checkpoint] epoch: [5.0], Train: total:59638.48047, BCE:-12.84966, KLD:59651.34375,Test: total:239679.40625, BCE:-12.95420, KLD:239692.35938
=> saved checkpoint 'checkpoints_CNN/mnist_VAE_s15Hmg4_v6_zstruct_class_2_2/last' (iter 1620, epoch 6.0)
score:  0.0
score:  0.0
=> saved checkpoint 'checkpoint_scores_CNN/mnist_VAE_s15Hmg4_v6_zstruct_class_2_2/last' (iter 1620, epoch 6.0)
[Save Checkpoint] epoch: [6.0], Train: total:54327.07812, BCE:-12.58263, KLD:54339.66016,Test: total:218006.92188, BCE:-12.67445, KLD:218019.57812
=> saved checkpoint 'checkpoints_CNN/mnist_VAE_s15Hmg4_v6_zstruct_class_2_2/last' (iter 1890, epoch 7.0)
score:  0.0
score:  0.0
=> saved checkpoint 'checkpoint_scores_CNN/mnist_VAE_s15Hmg4_v6_zstruct_class_2_2/last' (iter 1890, epoch 7.0)
[Save Checkpoint] epoch: [7.0], Train: total:47952.87500, BCE:-11.08996, KLD:47963.94922,Test: total:192375.98438, BCE:-11.18504, KLD:192387.17188
=> saved checkpoint 'checkpoints_CNN/mnist_VAE_s15Hmg4_v6_zstruct_class_2_2/last' (iter 2160, epoch 8.0)
score:  0.0
score:  0.0
=> saved checkpoint 'checkpoint_scores_CNN/mnist_VAE_s15Hmg4_v6_zstruct_class_2_2/last' (iter 2160, epoch 8.0)
[Save Checkpoint] epoch: [8.0], Train: total:45289.68750, BCE:-11.14397, KLD:45300.83203,Test: total:181742.50000, BCE:-11.25845, KLD:181753.75000
=> saved checkpoint 'checkpoints_CNN/mnist_VAE_s15Hmg4_v6_zstruct_class_2_2/last' (iter 2430, epoch 9.0)
score:  0.0
score:  0.0
=> saved checkpoint 'checkpoint_scores_CNN/mnist_VAE_s15Hmg4_v6_zstruct_class_2_2/last' (iter 2430, epoch 9.0)
[Save Checkpoint] epoch: [9.0], Train: total:41986.09375, BCE:-10.91718, KLD:41997.00781,Test: total:168386.81250, BCE:-11.04363, KLD:168397.84375
=> saved checkpoint 'checkpoints_CNN/mnist_VAE_s15Hmg4_v6_zstruct_class_2_2/last' (iter 2700, epoch 10.0)
score:  0.0
score:  0.0
=> saved checkpoint 'checkpoint_scores_CNN/mnist_VAE_s15Hmg4_v6_zstruct_class_2_2/last' (iter 2700, epoch 10.0)
[Save Checkpoint] epoch: [10.0], Train: total:39261.15234, BCE:-10.42527, KLD:39271.61328,Test: total:157086.03125, BCE:-10.54250, KLD:157096.56250
=> saved checkpoint 'checkpoints_CNN/mnist_VAE_s15Hmg4_v6_zstruct_class_2_2/last' (iter 2970, epoch 11.0)
score:  0.0
score:  0.0
=> saved checkpoint 'checkpoint_scores_CNN/mnist_VAE_s15Hmg4_v6_zstruct_class_2_2/last' (iter 2970, epoch 11.0)
[Save Checkpoint] epoch: [11.0], Train: total:38499.58594, BCE:-10.62355, KLD:38510.19922,Test: total:154200.17188, BCE:-10.76173, KLD:154210.92188
=> saved checkpoint 'checkpoints_CNN/mnist_VAE_s15Hmg4_v6_zstruct_class_2_2/last' (iter 3240, epoch 12.0)
score:  0.0
score:  0.0
=> saved checkpoint 'checkpoint_scores_CNN/mnist_VAE_s15Hmg4_v6_zstruct_class_2_2/last' (iter 3240, epoch 12.0)
[Save Checkpoint] epoch: [12.0], Train: total:37085.08984, BCE:-10.49670, KLD:37095.60938,Test: total:148365.65625, BCE:-10.63136, KLD:148376.29688
=> saved checkpoint 'checkpoints_CNN/mnist_VAE_s15Hmg4_v6_zstruct_class_2_2/last' (iter 3510, epoch 13.0)
score:  0.0
score:  0.0
=> saved checkpoint 'checkpoint_scores_CNN/mnist_VAE_s15Hmg4_v6_zstruct_class_2_2/last' (iter 3510, epoch 13.0)
[Save Checkpoint] epoch: [13.0], Train: total:34748.27344, BCE:-10.46593, KLD:34758.74609,Test: total:139075.40625, BCE:-10.60379, KLD:139086.00000
=> saved checkpoint 'checkpoints_CNN/mnist_VAE_s15Hmg4_v6_zstruct_class_2_2/last' (iter 3780, epoch 14.0)
score:  0.0
score:  0.0
=> saved checkpoint 'checkpoint_scores_CNN/mnist_VAE_s15Hmg4_v6_zstruct_class_2_2/last' (iter 3780, epoch 14.0)
[Save Checkpoint] epoch: [14.0], Train: total:33561.01953, BCE:-10.28722, KLD:33571.30078,Test: total:134221.35938, BCE:-10.42840, KLD:134231.79688
=> saved checkpoint 'checkpoints_CNN/mnist_VAE_s15Hmg4_v6_zstruct_class_2_2/last' (iter 4050, epoch 15.0)
score:  0.0
score:  0.0
=> saved checkpoint 'checkpoint_scores_CNN/mnist_VAE_s15Hmg4_v6_zstruct_class_2_2/last' (iter 4050, epoch 15.0)
[Save Checkpoint] epoch: [15.0], Train: total:33137.23828, BCE:-10.89533, KLD:33148.13281,Test: total:132433.95312, BCE:-11.04969, KLD:132445.00000
=> saved checkpoint 'checkpoints_CNN/mnist_VAE_s15Hmg4_v6_zstruct_class_2_2/last' (iter 4320, epoch 16.0)
score:  0.0
score:  0.0
=> saved checkpoint 'checkpoint_scores_CNN/mnist_VAE_s15Hmg4_v6_zstruct_class_2_2/last' (iter 4320, epoch 16.0)
[Save Checkpoint] epoch: [16.0], Train: total:32014.18555, BCE:-10.93969, KLD:32025.13281,Test: total:127848.55469, BCE:-11.08427, KLD:127859.62500
=> saved checkpoint 'checkpoints_CNN/mnist_VAE_s15Hmg4_v6_zstruct_class_2_2/last' (iter 4590, epoch 17.0)
score:  0.0
score:  0.0
=> saved checkpoint 'checkpoint_scores_CNN/mnist_VAE_s15Hmg4_v6_zstruct_class_2_2/last' (iter 4590, epoch 17.0)
EarlyStopping counter: 1 out of 25
[Save Checkpoint] epoch: [17.0], Train: total:31408.33203, BCE:-10.87547, KLD:31419.21094,Test: total:125295.67969, BCE:-11.00792, KLD:125306.68750
=> saved checkpoint 'checkpoints_CNN/mnist_VAE_s15Hmg4_v6_zstruct_class_2_2/last' (iter 4860, epoch 18.0)
score:  0.0
score:  0.0
=> saved checkpoint 'checkpoint_scores_CNN/mnist_VAE_s15Hmg4_v6_zstruct_class_2_2/last' (iter 4860, epoch 18.0)
[Save Checkpoint] epoch: [18.0], Train: total:30502.33398, BCE:-11.04624, KLD:30513.38672,Test: total:121805.36719, BCE:-11.20315, KLD:121816.56250
=> saved checkpoint 'checkpoints_CNN/mnist_VAE_s15Hmg4_v6_zstruct_class_2_2/last' (iter 5130, epoch 19.0)
score:  0.0
score:  0.0
=> saved checkpoint 'checkpoint_scores_CNN/mnist_VAE_s15Hmg4_v6_zstruct_class_2_2/last' (iter 5130, epoch 19.0)
[Save Checkpoint] epoch: [19.0], Train: total:29448.22656, BCE:-11.12600, KLD:29459.35352,Test: total:117568.85156, BCE:-11.28094, KLD:117580.14844
=> saved checkpoint 'checkpoints_CNN/mnist_VAE_s15Hmg4_v6_zstruct_class_2_2/last' (iter 5400, epoch 20.0)
score:  0.0
score:  0.0
=> saved checkpoint 'checkpoint_scores_CNN/mnist_VAE_s15Hmg4_v6_zstruct_class_2_2/last' (iter 5400, epoch 20.0)
EarlyStopping counter: 1 out of 25
[Save Checkpoint] epoch: [20.0], Train: total:29240.01367, BCE:-11.66257, KLD:29251.67773,Test: total:116661.36719, BCE:-11.81814, KLD:116673.18750
=> saved checkpoint 'checkpoints_CNN/mnist_VAE_s15Hmg4_v6_zstruct_class_2_2/last' (iter 5670, epoch 21.0)
score:  0.0
score:  0.0
=> saved checkpoint 'checkpoint_scores_CNN/mnist_VAE_s15Hmg4_v6_zstruct_class_2_2/last' (iter 5670, epoch 21.0)
[Save Checkpoint] epoch: [21.0], Train: total:28237.33789, BCE:-11.47976, KLD:28248.81641,Test: total:112644.25000, BCE:-11.63373, KLD:112655.89062
=> saved checkpoint 'checkpoints_CNN/mnist_VAE_s15Hmg4_v6_zstruct_class_2_2/last' (iter 5940, epoch 22.0)
score:  0.0
score:  0.0
=> saved checkpoint 'checkpoint_scores_CNN/mnist_VAE_s15Hmg4_v6_zstruct_class_2_2/last' (iter 5940, epoch 22.0)
EarlyStopping counter: 1 out of 25
[Save Checkpoint] epoch: [22.0], Train: total:27279.52148, BCE:-11.61309, KLD:27291.13086,Test: total:108813.06250, BCE:-11.76627, KLD:108824.82812
=> saved checkpoint 'checkpoints_CNN/mnist_VAE_s15Hmg4_v6_zstruct_class_2_2/last' (iter 6210, epoch 23.0)
score:  0.0
score:  0.0
=> saved checkpoint 'checkpoint_scores_CNN/mnist_VAE_s15Hmg4_v6_zstruct_class_2_2/last' (iter 6210, epoch 23.0)
EarlyStopping counter: 2 out of 25
[Save Checkpoint] epoch: [23.0], Train: total:27203.09766, BCE:-11.50644, KLD:27214.60938,Test: total:108459.45312, BCE:-11.65755, KLD:108471.10156
=> saved checkpoint 'checkpoints_CNN/mnist_VAE_s15Hmg4_v6_zstruct_class_2_2/last' (iter 6480, epoch 24.0)
score:  0.0
score:  0.0
=> saved checkpoint 'checkpoint_scores_CNN/mnist_VAE_s15Hmg4_v6_zstruct_class_2_2/last' (iter 6480, epoch 24.0)
[Save Checkpoint] epoch: [24.0], Train: total:26407.40820, BCE:-11.96433, KLD:26419.37695,Test: total:105337.85156, BCE:-12.12463, KLD:105349.97656
=> saved checkpoint 'checkpoints_CNN/mnist_VAE_s15Hmg4_v6_zstruct_class_2_2/last' (iter 6750, epoch 25.0)
score:  0.0
score:  0.0
=> saved checkpoint 'checkpoint_scores_CNN/mnist_VAE_s15Hmg4_v6_zstruct_class_2_2/last' (iter 6750, epoch 25.0)
[Save Checkpoint] epoch: [25.0], Train: total:26354.41992, BCE:-12.02855, KLD:26366.45312,Test: total:105268.31250, BCE:-12.19382, KLD:105280.50000
=> saved checkpoint 'checkpoints_CNN/mnist_VAE_s15Hmg4_v6_zstruct_class_2_2/last' (iter 7020, epoch 26.0)
score:  0.0
score:  0.0
=> saved checkpoint 'checkpoint_scores_CNN/mnist_VAE_s15Hmg4_v6_zstruct_class_2_2/last' (iter 7020, epoch 26.0)
EarlyStopping counter: 1 out of 25
[Save Checkpoint] epoch: [26.0], Train: total:26427.60742, BCE:-12.41519, KLD:26440.02734,Test: total:105480.21094, BCE:-12.57747, KLD:105492.78906
=> saved checkpoint 'checkpoints_CNN/mnist_VAE_s15Hmg4_v6_zstruct_class_2_2/last' (iter 7290, epoch 27.0)
score:  0.0
score:  0.0
=> saved checkpoint 'checkpoint_scores_CNN/mnist_VAE_s15Hmg4_v6_zstruct_class_2_2/last' (iter 7290, epoch 27.0)
[Save Checkpoint] epoch: [27.0], Train: total:25239.70898, BCE:-12.74584, KLD:25252.44727,Test: total:100905.51562, BCE:-12.94125, KLD:100918.44531
=> saved checkpoint 'checkpoints_CNN/mnist_VAE_s15Hmg4_v6_zstruct_class_2_2/last' (iter 7560, epoch 28.0)
score:  0.0
score:  0.0
=> saved checkpoint 'checkpoint_scores_CNN/mnist_VAE_s15Hmg4_v6_zstruct_class_2_2/last' (iter 7560, epoch 28.0)
[Save Checkpoint] epoch: [28.0], Train: total:25366.31250, BCE:-12.71709, KLD:25379.01562,Test: total:101095.06250, BCE:-12.88637, KLD:101107.94531
=> saved checkpoint 'checkpoints_CNN/mnist_VAE_s15Hmg4_v6_zstruct_class_2_2/last' (iter 7830, epoch 29.0)
score:  0.0
score:  0.0
=> saved checkpoint 'checkpoint_scores_CNN/mnist_VAE_s15Hmg4_v6_zstruct_class_2_2/last' (iter 7830, epoch 29.0)
EarlyStopping counter: 1 out of 25
[Save Checkpoint] epoch: [29.0], Train: total:25235.07617, BCE:-12.80967, KLD:25247.88281,Test: total:100727.88281, BCE:-12.99513, KLD:100740.87500
=> saved checkpoint 'checkpoints_CNN/mnist_VAE_s15Hmg4_v6_zstruct_class_2_2/last' (iter 8100, epoch 30.0)
score:  0.0
score:  0.0
=> saved checkpoint 'checkpoint_scores_CNN/mnist_VAE_s15Hmg4_v6_zstruct_class_2_2/last' (iter 8100, epoch 30.0)
[Save Checkpoint] epoch: [30.0], Train: total:24335.58789, BCE:-12.60458, KLD:24348.19922,Test: total:97074.75000, BCE:-12.76772, KLD:97087.51562
=> saved checkpoint 'checkpoints_CNN/mnist_VAE_s15Hmg4_v6_zstruct_class_2_2/last' (iter 8370, epoch 31.0)
score:  0.0
score:  0.0
=> saved checkpoint 'checkpoint_scores_CNN/mnist_VAE_s15Hmg4_v6_zstruct_class_2_2/last' (iter 8370, epoch 31.0)
[Save Checkpoint] epoch: [31.0], Train: total:23257.48047, BCE:-12.69586, KLD:23270.17383,Test: total:92744.31250, BCE:-12.86527, KLD:92757.17969
=> saved checkpoint 'checkpoints_CNN/mnist_VAE_s15Hmg4_v6_zstruct_class_2_2/last' (iter 8640, epoch 32.0)
score:  0.0
score:  0.0
=> saved checkpoint 'checkpoint_scores_CNN/mnist_VAE_s15Hmg4_v6_zstruct_class_2_2/last' (iter 8640, epoch 32.0)
[Save Checkpoint] epoch: [32.0], Train: total:23736.09961, BCE:-13.10679, KLD:23749.21289,Test: total:94692.85938, BCE:-13.28771, KLD:94706.13281
=> saved checkpoint 'checkpoints_CNN/mnist_VAE_s15Hmg4_v6_zstruct_class_2_2/last' (iter 8910, epoch 33.0)
score:  0.0
score:  0.0
=> saved checkpoint 'checkpoint_scores_CNN/mnist_VAE_s15Hmg4_v6_zstruct_class_2_2/last' (iter 8910, epoch 33.0)
EarlyStopping counter: 1 out of 25
[Save Checkpoint] epoch: [33.0], Train: total:23620.21680, BCE:-13.46638, KLD:23633.68750,Test: total:94213.52344, BCE:-13.63863, KLD:94227.14844
=> saved checkpoint 'checkpoints_CNN/mnist_VAE_s15Hmg4_v6_zstruct_class_2_2/last' (iter 9180, epoch 34.0)
score:  0.0
score:  0.0
=> saved checkpoint 'checkpoint_scores_CNN/mnist_VAE_s15Hmg4_v6_zstruct_class_2_2/last' (iter 9180, epoch 34.0)
EarlyStopping counter: 2 out of 25
[Save Checkpoint] epoch: [34.0], Train: total:23324.81055, BCE:-13.40465, KLD:23338.21875,Test: total:93124.10156, BCE:-13.58682, KLD:93137.68750
=> saved checkpoint 'checkpoints_CNN/mnist_VAE_s15Hmg4_v6_zstruct_class_2_2/last' (iter 9450, epoch 35.0)
score:  0.0
score:  0.0
=> saved checkpoint 'checkpoint_scores_CNN/mnist_VAE_s15Hmg4_v6_zstruct_class_2_2/last' (iter 9450, epoch 35.0)
EarlyStopping counter: 3 out of 25
[Save Checkpoint] epoch: [35.0], Train: total:22726.02344, BCE:-13.45727, KLD:22739.49023,Test: total:90775.77344, BCE:-13.64584, KLD:90789.42188
=> saved checkpoint 'checkpoints_CNN/mnist_VAE_s15Hmg4_v6_zstruct_class_2_2/last' (iter 9720, epoch 36.0)
score:  0.0
score:  0.0
=> saved checkpoint 'checkpoint_scores_CNN/mnist_VAE_s15Hmg4_v6_zstruct_class_2_2/last' (iter 9720, epoch 36.0)
EarlyStopping counter: 4 out of 25
[Save Checkpoint] epoch: [36.0], Train: total:22707.07617, BCE:-13.64941, KLD:22720.71680,Test: total:90644.89844, BCE:-13.83170, KLD:90658.71094
=> saved checkpoint 'checkpoints_CNN/mnist_VAE_s15Hmg4_v6_zstruct_class_2_2/last' (iter 9990, epoch 37.0)
score:  0.0
score:  0.0
=> saved checkpoint 'checkpoint_scores_CNN/mnist_VAE_s15Hmg4_v6_zstruct_class_2_2/last' (iter 9990, epoch 37.0)
[Save Checkpoint] epoch: [37.0], Train: total:22360.75586, BCE:-13.48356, KLD:22374.22461,Test: total:89202.96094, BCE:-13.66850, KLD:89216.63281
=> saved checkpoint 'checkpoints_CNN/mnist_VAE_s15Hmg4_v6_zstruct_class_2_2/last' (iter 10260, epoch 38.0)
score:  0.0
score:  0.0
=> saved checkpoint 'checkpoint_scores_CNN/mnist_VAE_s15Hmg4_v6_zstruct_class_2_2/last' (iter 10260, epoch 38.0)
EarlyStopping counter: 1 out of 25
[Save Checkpoint] epoch: [38.0], Train: total:22641.64844, BCE:-14.16533, KLD:22655.81055,Test: total:90394.72656, BCE:-14.35421, KLD:90409.08594
=> saved checkpoint 'checkpoints_CNN/mnist_VAE_s15Hmg4_v6_zstruct_class_2_2/last' (iter 10530, epoch 39.0)
score:  0.0
score:  0.0
=> saved checkpoint 'checkpoint_scores_CNN/mnist_VAE_s15Hmg4_v6_zstruct_class_2_2/last' (iter 10530, epoch 39.0)
[Save Checkpoint] epoch: [39.0], Train: total:22070.42188, BCE:-13.84552, KLD:22084.27148,Test: total:88054.07031, BCE:-14.01940, KLD:88068.08594
=> saved checkpoint 'checkpoints_CNN/mnist_VAE_s15Hmg4_v6_zstruct_class_2_2/last' (iter 10800, epoch 40.0)
score:  0.0
score:  0.0
=> saved checkpoint 'checkpoint_scores_CNN/mnist_VAE_s15Hmg4_v6_zstruct_class_2_2/last' (iter 10800, epoch 40.0)
[Save Checkpoint] epoch: [40.0], Train: total:21772.33398, BCE:-14.15199, KLD:21786.48242,Test: total:86828.64844, BCE:-14.34345, KLD:86843.00000
=> saved checkpoint 'checkpoints_CNN/mnist_VAE_s15Hmg4_v6_zstruct_class_2_2/last' (iter 11070, epoch 41.0)
score:  0.0
score:  0.0
=> saved checkpoint 'checkpoint_scores_CNN/mnist_VAE_s15Hmg4_v6_zstruct_class_2_2/last' (iter 11070, epoch 41.0)
EarlyStopping counter: 1 out of 25
[Save Checkpoint] epoch: [41.0], Train: total:21895.79688, BCE:-14.02991, KLD:21909.83789,Test: total:87503.24219, BCE:-14.22625, KLD:87517.47656
=> saved checkpoint 'checkpoints_CNN/mnist_VAE_s15Hmg4_v6_zstruct_class_2_2/last' (iter 11340, epoch 42.0)
score:  0.0
score:  0.0
=> saved checkpoint 'checkpoint_scores_CNN/mnist_VAE_s15Hmg4_v6_zstruct_class_2_2/last' (iter 11340, epoch 42.0)
EarlyStopping counter: 2 out of 25
[Save Checkpoint] epoch: [42.0], Train: total:20782.53320, BCE:-13.83196, KLD:20796.35938,Test: total:82825.74219, BCE:-13.99238, KLD:82839.73438
=> saved checkpoint 'checkpoints_CNN/mnist_VAE_s15Hmg4_v6_zstruct_class_2_2/last' (iter 11610, epoch 43.0)
score:  0.0
score:  0.0
=> saved checkpoint 'checkpoint_scores_CNN/mnist_VAE_s15Hmg4_v6_zstruct_class_2_2/last' (iter 11610, epoch 43.0)
[Save Checkpoint] epoch: [43.0], Train: total:21106.74805, BCE:-14.44806, KLD:21121.19336,Test: total:84183.92969, BCE:-14.63209, KLD:84198.55469
=> saved checkpoint 'checkpoints_CNN/mnist_VAE_s15Hmg4_v6_zstruct_class_2_2/last' (iter 11880, epoch 44.0)
score:  0.0
score:  0.0
=> saved checkpoint 'checkpoint_scores_CNN/mnist_VAE_s15Hmg4_v6_zstruct_class_2_2/last' (iter 11880, epoch 44.0)
EarlyStopping counter: 1 out of 25
[Save Checkpoint] epoch: [44.0], Train: total:20957.28125, BCE:-14.14639, KLD:20971.42383,Test: total:83617.79688, BCE:-14.31776, KLD:83632.11719
=> saved checkpoint 'checkpoints_CNN/mnist_VAE_s15Hmg4_v6_zstruct_class_2_2/last' (iter 12150, epoch 45.0)
score:  0.0
score:  0.0
=> saved checkpoint 'checkpoint_scores_CNN/mnist_VAE_s15Hmg4_v6_zstruct_class_2_2/last' (iter 12150, epoch 45.0)
EarlyStopping counter: 2 out of 25
[Save Checkpoint] epoch: [45.0], Train: total:20956.15430, BCE:-14.23157, KLD:20970.38281,Test: total:83602.80469, BCE:-14.42248, KLD:83617.22656
=> saved checkpoint 'checkpoints_CNN/mnist_VAE_s15Hmg4_v6_zstruct_class_2_2/last' (iter 12420, epoch 46.0)
score:  0.0
score:  0.0
=> saved checkpoint 'checkpoint_scores_CNN/mnist_VAE_s15Hmg4_v6_zstruct_class_2_2/last' (iter 12420, epoch 46.0)
[Save Checkpoint] epoch: [46.0], Train: total:20374.33594, BCE:-14.25241, KLD:20388.58203,Test: total:81216.08594, BCE:-14.43606, KLD:81230.52344
=> saved checkpoint 'checkpoints_CNN/mnist_VAE_s15Hmg4_v6_zstruct_class_2_2/last' (iter 12690, epoch 47.0)
score:  0.0
score:  0.0
=> saved checkpoint 'checkpoint_scores_CNN/mnist_VAE_s15Hmg4_v6_zstruct_class_2_2/last' (iter 12690, epoch 47.0)
[Save Checkpoint] epoch: [47.0], Train: total:19964.97461, BCE:-14.14639, KLD:19979.11914,Test: total:79570.60938, BCE:-14.32123, KLD:79584.92969
=> saved checkpoint 'checkpoints_CNN/mnist_VAE_s15Hmg4_v6_zstruct_class_2_2/last' (iter 12960, epoch 48.0)
score:  0.0
score:  0.0
=> saved checkpoint 'checkpoint_scores_CNN/mnist_VAE_s15Hmg4_v6_zstruct_class_2_2/last' (iter 12960, epoch 48.0)
EarlyStopping counter: 1 out of 25
[Save Checkpoint] epoch: [48.0], Train: total:20695.45117, BCE:-14.48269, KLD:20709.93750,Test: total:82400.52344, BCE:-14.66588, KLD:82415.18750
=> saved checkpoint 'checkpoints_CNN/mnist_VAE_s15Hmg4_v6_zstruct_class_2_2/last' (iter 13230, epoch 49.0)
score:  0.0
score:  0.0
=> saved checkpoint 'checkpoint_scores_CNN/mnist_VAE_s15Hmg4_v6_zstruct_class_2_2/last' (iter 13230, epoch 49.0)
EarlyStopping counter: 2 out of 25
[Save Checkpoint] epoch: [49.0], Train: total:20039.69336, BCE:-14.74998, KLD:20054.44141,Test: total:79771.47656, BCE:-14.93193, KLD:79786.42188
=> saved checkpoint 'checkpoints_CNN/mnist_VAE_s15Hmg4_v6_zstruct_class_2_2/last' (iter 13500, epoch 50.0)
score:  0.0
score:  0.0
=> saved checkpoint 'checkpoint_scores_CNN/mnist_VAE_s15Hmg4_v6_zstruct_class_2_2/last' (iter 13500, epoch 50.0)
[Save Checkpoint] epoch: [50.0], Train: total:19742.30078, BCE:-14.68781, KLD:19756.99023,Test: total:78717.08594, BCE:-14.88139, KLD:78731.96094
=> saved checkpoint 'checkpoints_CNN/mnist_VAE_s15Hmg4_v6_zstruct_class_2_2/last' (iter 13770, epoch 51.0)
score:  0.0
score:  0.0
=> saved checkpoint 'checkpoint_scores_CNN/mnist_VAE_s15Hmg4_v6_zstruct_class_2_2/last' (iter 13770, epoch 51.0)
EarlyStopping counter: 1 out of 25
[Save Checkpoint] epoch: [51.0], Train: total:19822.68750, BCE:-14.58182, KLD:19837.25977,Test: total:78910.14844, BCE:-14.76037, KLD:78924.89844
=> saved checkpoint 'checkpoints_CNN/mnist_VAE_s15Hmg4_v6_zstruct_class_2_2/last' (iter 14040, epoch 52.0)
score:  0.0
score:  0.0
=> saved checkpoint 'checkpoint_scores_CNN/mnist_VAE_s15Hmg4_v6_zstruct_class_2_2/last' (iter 14040, epoch 52.0)
[Save Checkpoint] epoch: [52.0], Train: total:19266.09570, BCE:-14.51023, KLD:19280.60938,Test: total:76648.50781, BCE:-14.67859, KLD:76663.18750
=> saved checkpoint 'checkpoints_CNN/mnist_VAE_s15Hmg4_v6_zstruct_class_2_2/last' (iter 14310, epoch 53.0)
score:  0.0
score:  0.0
=> saved checkpoint 'checkpoint_scores_CNN/mnist_VAE_s15Hmg4_v6_zstruct_class_2_2/last' (iter 14310, epoch 53.0)
[Save Checkpoint] epoch: [53.0], Train: total:18793.97656, BCE:-14.55338, KLD:18808.53711,Test: total:74818.59375, BCE:-14.72266, KLD:74833.30469
=> saved checkpoint 'checkpoints_CNN/mnist_VAE_s15Hmg4_v6_zstruct_class_2_2/last' (iter 14580, epoch 54.0)
score:  0.0
score:  0.0
=> saved checkpoint 'checkpoint_scores_CNN/mnist_VAE_s15Hmg4_v6_zstruct_class_2_2/last' (iter 14580, epoch 54.0)
EarlyStopping counter: 1 out of 25
[Save Checkpoint] epoch: [54.0], Train: total:19217.81250, BCE:-14.86707, KLD:19232.68359,Test: total:76531.32031, BCE:-15.05049, KLD:76546.36719
=> saved checkpoint 'checkpoints_CNN/mnist_VAE_s15Hmg4_v6_zstruct_class_2_2/last' (iter 14850, epoch 55.0)
score:  0.0
score:  0.0
=> saved checkpoint 'checkpoint_scores_CNN/mnist_VAE_s15Hmg4_v6_zstruct_class_2_2/last' (iter 14850, epoch 55.0)
[Save Checkpoint] epoch: [55.0], Train: total:19006.97070, BCE:-15.00990, KLD:19021.97266,Test: total:75683.20312, BCE:-15.20421, KLD:75698.40625
=> saved checkpoint 'checkpoints_CNN/mnist_VAE_s15Hmg4_v6_zstruct_class_2_2/last' (iter 15120, epoch 56.0)
score:  0.0
score:  0.0
=> saved checkpoint 'checkpoint_scores_CNN/mnist_VAE_s15Hmg4_v6_zstruct_class_2_2/last' (iter 15120, epoch 56.0)
EarlyStopping counter: 1 out of 25
[Save Checkpoint] epoch: [56.0], Train: total:18415.49219, BCE:-14.75922, KLD:18430.26172,Test: total:73222.17969, BCE:-14.92300, KLD:73237.10156
=> saved checkpoint 'checkpoints_CNN/mnist_VAE_s15Hmg4_v6_zstruct_class_2_2/last' (iter 15390, epoch 57.0)
score:  0.0
score:  0.0
=> saved checkpoint 'checkpoint_scores_CNN/mnist_VAE_s15Hmg4_v6_zstruct_class_2_2/last' (iter 15390, epoch 57.0)
[Save Checkpoint] epoch: [57.0], Train: total:18589.42188, BCE:-14.78492, KLD:18604.21094,Test: total:73958.46094, BCE:-14.98368, KLD:73973.44531
=> saved checkpoint 'checkpoints_CNN/mnist_VAE_s15Hmg4_v6_zstruct_class_2_2/last' (iter 15660, epoch 58.0)
score:  0.0
score:  0.0
=> saved checkpoint 'checkpoint_scores_CNN/mnist_VAE_s15Hmg4_v6_zstruct_class_2_2/last' (iter 15660, epoch 58.0)
EarlyStopping counter: 1 out of 25
[Save Checkpoint] epoch: [58.0], Train: total:18853.43945, BCE:-15.20803, KLD:18868.65430,Test: total:75116.32812, BCE:-15.40578, KLD:75131.72656
=> saved checkpoint 'checkpoints_CNN/mnist_VAE_s15Hmg4_v6_zstruct_class_2_2/last' (iter 15930, epoch 59.0)
score:  0.0
score:  0.0
=> saved checkpoint 'checkpoint_scores_CNN/mnist_VAE_s15Hmg4_v6_zstruct_class_2_2/last' (iter 15930, epoch 59.0)
EarlyStopping counter: 2 out of 25
[Save Checkpoint] epoch: [59.0], Train: total:18568.70508, BCE:-14.94015, KLD:18583.64844,Test: total:73936.31250, BCE:-15.11510, KLD:73951.42969
=> saved checkpoint 'checkpoints_CNN/mnist_VAE_s15Hmg4_v6_zstruct_class_2_2/last' (iter 16200, epoch 60.0)
score:  0.0
score:  0.0
=> saved checkpoint 'checkpoint_scores_CNN/mnist_VAE_s15Hmg4_v6_zstruct_class_2_2/last' (iter 16200, epoch 60.0)
[Save Checkpoint] epoch: [60.0], Train: total:18092.31055, BCE:-14.96284, KLD:18107.26953,Test: total:71984.05469, BCE:-15.13461, KLD:71999.20312
=> saved checkpoint 'checkpoints_CNN/mnist_VAE_s15Hmg4_v6_zstruct_class_2_2/last' (iter 16470, epoch 61.0)
score:  0.0
score:  0.0
=> saved checkpoint 'checkpoint_scores_CNN/mnist_VAE_s15Hmg4_v6_zstruct_class_2_2/last' (iter 16470, epoch 61.0)
EarlyStopping counter: 1 out of 25
[Save Checkpoint] epoch: [61.0], Train: total:18252.12891, BCE:-15.08521, KLD:18267.22070,Test: total:72636.24219, BCE:-15.27762, KLD:72651.51562
=> saved checkpoint 'checkpoints_CNN/mnist_VAE_s15Hmg4_v6_zstruct_class_2_2/last' (iter 16740, epoch 62.0)
score:  0.0
score:  0.0
=> saved checkpoint 'checkpoint_scores_CNN/mnist_VAE_s15Hmg4_v6_zstruct_class_2_2/last' (iter 16740, epoch 62.0)
EarlyStopping counter: 2 out of 25
[Save Checkpoint] epoch: [62.0], Train: total:17869.04883, BCE:-14.66783, KLD:17883.71875,Test: total:71154.31250, BCE:-14.83740, KLD:71169.14844
=> saved checkpoint 'checkpoints_CNN/mnist_VAE_s15Hmg4_v6_zstruct_class_2_2/last' (iter 17010, epoch 63.0)
score:  0.0
score:  0.0
=> saved checkpoint 'checkpoint_scores_CNN/mnist_VAE_s15Hmg4_v6_zstruct_class_2_2/last' (iter 17010, epoch 63.0)
EarlyStopping counter: 3 out of 25
[Save Checkpoint] epoch: [63.0], Train: total:17819.25195, BCE:-15.12740, KLD:17834.39062,Test: total:70950.07812, BCE:-15.30491, KLD:70965.37500
=> saved checkpoint 'checkpoints_CNN/mnist_VAE_s15Hmg4_v6_zstruct_class_2_2/last' (iter 17280, epoch 64.0)
score:  0.0
score:  0.0
=> saved checkpoint 'checkpoint_scores_CNN/mnist_VAE_s15Hmg4_v6_zstruct_class_2_2/last' (iter 17280, epoch 64.0)
EarlyStopping counter: 4 out of 25
[Save Checkpoint] epoch: [64.0], Train: total:17892.77930, BCE:-15.50268, KLD:17908.29102,Test: total:71210.07812, BCE:-15.68923, KLD:71225.76562
Epoch    65: reducing learning rate of group 0 to 2.0000e-04.
=> saved checkpoint 'checkpoints_CNN/mnist_VAE_s15Hmg4_v6_zstruct_class_2_2/last' (iter 17550, epoch 65.0)
score:  0.0
score:  0.0
=> saved checkpoint 'checkpoint_scores_CNN/mnist_VAE_s15Hmg4_v6_zstruct_class_2_2/last' (iter 17550, epoch 65.0)
EarlyStopping counter: 5 out of 25
[Save Checkpoint] epoch: [65.0], Train: total:17948.37305, BCE:-15.34980, KLD:17963.71289,Test: total:71435.49219, BCE:-15.52187, KLD:71451.01562
=> saved checkpoint 'checkpoints_CNN/mnist_VAE_s15Hmg4_v6_zstruct_class_2_2/last' (iter 17820, epoch 66.0)
score:  0.0
score:  0.0
=> saved checkpoint 'checkpoint_scores_CNN/mnist_VAE_s15Hmg4_v6_zstruct_class_2_2/last' (iter 17820, epoch 66.0)
[Save Checkpoint] epoch: [66.0], Train: total:18123.36133, BCE:-15.25429, KLD:18138.61523,Test: total:72231.24219, BCE:-15.42442, KLD:72246.66406
=> saved checkpoint 'checkpoints_CNN/mnist_VAE_s15Hmg4_v6_zstruct_class_2_2/last' (iter 18090, epoch 67.0)
score:  0.0
score:  0.0
=> saved checkpoint 'checkpoint_scores_CNN/mnist_VAE_s15Hmg4_v6_zstruct_class_2_2/last' (iter 18090, epoch 67.0)
[Save Checkpoint] epoch: [67.0], Train: total:18008.79883, BCE:-15.12306, KLD:18023.92773,Test: total:71732.41406, BCE:-15.28355, KLD:71747.70312
=> saved checkpoint 'checkpoints_CNN/mnist_VAE_s15Hmg4_v6_zstruct_class_2_2/last' (iter 18360, epoch 68.0)
score:  0.0
score:  0.0
=> saved checkpoint 'checkpoint_scores_CNN/mnist_VAE_s15Hmg4_v6_zstruct_class_2_2/last' (iter 18360, epoch 68.0)
EarlyStopping counter: 1 out of 25
[Save Checkpoint] epoch: [68.0], Train: total:18211.58398, BCE:-15.25986, KLD:18226.84766,Test: total:72558.18750, BCE:-15.42268, KLD:72573.61719
=> saved checkpoint 'checkpoints_CNN/mnist_VAE_s15Hmg4_v6_zstruct_class_2_2/last' (iter 18630, epoch 69.0)
score:  0.0
score:  0.0
=> saved checkpoint 'checkpoint_scores_CNN/mnist_VAE_s15Hmg4_v6_zstruct_class_2_2/last' (iter 18630, epoch 69.0)
EarlyStopping counter: 2 out of 25
[Save Checkpoint] epoch: [69.0], Train: total:18098.09766, BCE:-15.18821, KLD:18113.28320,Test: total:72090.67969, BCE:-15.34864, KLD:72106.02344
=> saved checkpoint 'checkpoints_CNN/mnist_VAE_s15Hmg4_v6_zstruct_class_2_2/last' (iter 18900, epoch 70.0)
score:  0.0
score:  0.0
=> saved checkpoint 'checkpoint_scores_CNN/mnist_VAE_s15Hmg4_v6_zstruct_class_2_2/last' (iter 18900, epoch 70.0)
EarlyStopping counter: 3 out of 25
[Save Checkpoint] epoch: [70.0], Train: total:18002.40430, BCE:-15.29276, KLD:18017.70312,Test: total:71687.55469, BCE:-15.45660, KLD:71703.00781
=> saved checkpoint 'checkpoints_CNN/mnist_VAE_s15Hmg4_v6_zstruct_class_2_2/last' (iter 19170, epoch 71.0)
score:  0.0
score:  0.0
=> saved checkpoint 'checkpoint_scores_CNN/mnist_VAE_s15Hmg4_v6_zstruct_class_2_2/last' (iter 19170, epoch 71.0)
EarlyStopping counter: 4 out of 25
[Save Checkpoint] epoch: [71.0], Train: total:17985.50586, BCE:-15.22832, KLD:18000.74414,Test: total:71615.26562, BCE:-15.38968, KLD:71630.64844
=> saved checkpoint 'checkpoints_CNN/mnist_VAE_s15Hmg4_v6_zstruct_class_2_2/last' (iter 19440, epoch 72.0)
score:  0.0
score:  0.0
=> saved checkpoint 'checkpoint_scores_CNN/mnist_VAE_s15Hmg4_v6_zstruct_class_2_2/last' (iter 19440, epoch 72.0)
[Save Checkpoint] epoch: [72.0], Train: total:18114.43750, BCE:-15.37061, KLD:18129.80859,Test: total:72125.00000, BCE:-15.53503, KLD:72140.53906
=> saved checkpoint 'checkpoints_CNN/mnist_VAE_s15Hmg4_v6_zstruct_class_2_2/last' (iter 19710, epoch 73.0)
score:  0.0
score:  0.0
=> saved checkpoint 'checkpoint_scores_CNN/mnist_VAE_s15Hmg4_v6_zstruct_class_2_2/last' (iter 19710, epoch 73.0)
EarlyStopping counter: 1 out of 25
[Save Checkpoint] epoch: [73.0], Train: total:18035.54102, BCE:-15.20172, KLD:18050.75000,Test: total:71821.23438, BCE:-15.36299, KLD:71836.60156
=> saved checkpoint 'checkpoints_CNN/mnist_VAE_s15Hmg4_v6_zstruct_class_2_2/last' (iter 19980, epoch 74.0)
score:  0.0
score:  0.0
=> saved checkpoint 'checkpoint_scores_CNN/mnist_VAE_s15Hmg4_v6_zstruct_class_2_2/last' (iter 19980, epoch 74.0)
EarlyStopping counter: 2 out of 25
[Save Checkpoint] epoch: [74.0], Train: total:17924.32812, BCE:-15.14736, KLD:17939.47266,Test: total:71369.81250, BCE:-15.31313, KLD:71385.11719
=> saved checkpoint 'checkpoints_CNN/mnist_VAE_s15Hmg4_v6_zstruct_class_2_2/last' (iter 20250, epoch 75.0)
score:  0.0
score:  0.0
=> saved checkpoint 'checkpoint_scores_CNN/mnist_VAE_s15Hmg4_v6_zstruct_class_2_2/last' (iter 20250, epoch 75.0)
[Save Checkpoint] epoch: [75.0], Train: total:17989.58203, BCE:-15.11854, KLD:18004.69922,Test: total:71643.25000, BCE:-15.28467, KLD:71658.52344
=> saved checkpoint 'checkpoints_CNN/mnist_VAE_s15Hmg4_v6_zstruct_class_2_2/last' (iter 20520, epoch 76.0)
score:  0.0
score:  0.0
=> saved checkpoint 'checkpoint_scores_CNN/mnist_VAE_s15Hmg4_v6_zstruct_class_2_2/last' (iter 20520, epoch 76.0)
[Save Checkpoint] epoch: [76.0], Train: total:18019.95312, BCE:-15.06534, KLD:18035.01172,Test: total:71768.78906, BCE:-15.22376, KLD:71784.02344
=> saved checkpoint 'checkpoints_CNN/mnist_VAE_s15Hmg4_v6_zstruct_class_2_2/last' (iter 20790, epoch 77.0)
score:  0.0
score:  0.0
=> saved checkpoint 'checkpoint_scores_CNN/mnist_VAE_s15Hmg4_v6_zstruct_class_2_2/last' (iter 20790, epoch 77.0)
EarlyStopping counter: 1 out of 25
[Save Checkpoint] epoch: [77.0], Train: total:18066.49219, BCE:-15.14408, KLD:18081.63281,Test: total:71929.14844, BCE:-15.29906, KLD:71944.45312
=> saved checkpoint 'checkpoints_CNN/mnist_VAE_s15Hmg4_v6_zstruct_class_2_2/last' (iter 21060, epoch 78.0)
score:  0.0
score:  0.0
=> saved checkpoint 'checkpoint_scores_CNN/mnist_VAE_s15Hmg4_v6_zstruct_class_2_2/last' (iter 21060, epoch 78.0)
EarlyStopping counter: 2 out of 25
[Save Checkpoint] epoch: [78.0], Train: total:17955.13477, BCE:-15.24987, KLD:17970.38281,Test: total:71480.84375, BCE:-15.41166, KLD:71496.26562
=> saved checkpoint 'checkpoints_CNN/mnist_VAE_s15Hmg4_v6_zstruct_class_2_2/last' (iter 21330, epoch 79.0)
score:  0.0
score:  0.0
=> saved checkpoint 'checkpoint_scores_CNN/mnist_VAE_s15Hmg4_v6_zstruct_class_2_2/last' (iter 21330, epoch 79.0)
[Save Checkpoint] epoch: [79.0], Train: total:17982.80859, BCE:-15.20651, KLD:17998.01758,Test: total:71571.14844, BCE:-15.35837, KLD:71586.50000
=> saved checkpoint 'checkpoints_CNN/mnist_VAE_s15Hmg4_v6_zstruct_class_2_2/last' (iter 21600, epoch 80.0)
score:  0.0
score:  0.0
=> saved checkpoint 'checkpoint_scores_CNN/mnist_VAE_s15Hmg4_v6_zstruct_class_2_2/last' (iter 21600, epoch 80.0)
EarlyStopping counter: 1 out of 25
[Save Checkpoint] epoch: [80.0], Train: total:17980.72656, BCE:-15.19085, KLD:17995.92578,Test: total:71603.12500, BCE:-15.35042, KLD:71618.48438
=> saved checkpoint 'checkpoints_CNN/mnist_VAE_s15Hmg4_v6_zstruct_class_2_2/last' (iter 21870, epoch 81.0)
score:  0.0
score:  0.0
=> saved checkpoint 'checkpoint_scores_CNN/mnist_VAE_s15Hmg4_v6_zstruct_class_2_2/last' (iter 21870, epoch 81.0)
EarlyStopping counter: 2 out of 25
[Save Checkpoint] epoch: [81.0], Train: total:18014.40820, BCE:-15.26354, KLD:18029.68359,Test: total:71754.65625, BCE:-15.42443, KLD:71770.08594
=> saved checkpoint 'checkpoints_CNN/mnist_VAE_s15Hmg4_v6_zstruct_class_2_2/last' (iter 22140, epoch 82.0)
score:  0.0
score:  0.0
=> saved checkpoint 'checkpoint_scores_CNN/mnist_VAE_s15Hmg4_v6_zstruct_class_2_2/last' (iter 22140, epoch 82.0)
EarlyStopping counter: 3 out of 25
[Save Checkpoint] epoch: [82.0], Train: total:18024.06641, BCE:-15.30912, KLD:18039.38281,Test: total:71786.21094, BCE:-15.47012, KLD:71801.67969
=> saved checkpoint 'checkpoints_CNN/mnist_VAE_s15Hmg4_v6_zstruct_class_2_2/last' (iter 22410, epoch 83.0)
score:  0.0
score:  0.0
=> saved checkpoint 'checkpoint_scores_CNN/mnist_VAE_s15Hmg4_v6_zstruct_class_2_2/last' (iter 22410, epoch 83.0)
EarlyStopping counter: 4 out of 25
[Save Checkpoint] epoch: [83.0], Train: total:18023.49023, BCE:-15.24218, KLD:18038.74805,Test: total:71759.08594, BCE:-15.40650, KLD:71774.49219
Epoch    84: reducing learning rate of group 0 to 4.0000e-05.
=> saved checkpoint 'checkpoints_CNN/mnist_VAE_s15Hmg4_v6_zstruct_class_2_2/last' (iter 22680, epoch 84.0)
score:  0.0
score:  0.0
=> saved checkpoint 'checkpoint_scores_CNN/mnist_VAE_s15Hmg4_v6_zstruct_class_2_2/last' (iter 22680, epoch 84.0)
EarlyStopping counter: 5 out of 25
[Save Checkpoint] epoch: [84.0], Train: total:17935.82617, BCE:-15.35740, KLD:17951.17773,Test: total:71395.22656, BCE:-15.52312, KLD:71410.74219
=> saved checkpoint 'checkpoints_CNN/mnist_VAE_s15Hmg4_v6_zstruct_class_2_2/last' (iter 22950, epoch 85.0)
score:  0.0
score:  0.0
=> saved checkpoint 'checkpoint_scores_CNN/mnist_VAE_s15Hmg4_v6_zstruct_class_2_2/last' (iter 22950, epoch 85.0)
EarlyStopping counter: 6 out of 25
[Save Checkpoint] epoch: [85.0], Train: total:17952.26172, BCE:-15.02464, KLD:17967.29297,Test: total:71458.63281, BCE:-15.18446, KLD:71473.82031
=> saved checkpoint 'checkpoints_CNN/mnist_VAE_s15Hmg4_v6_zstruct_class_2_2/last' (iter 23220, epoch 86.0)
score:  0.0
score:  0.0
=> saved checkpoint 'checkpoint_scores_CNN/mnist_VAE_s15Hmg4_v6_zstruct_class_2_2/last' (iter 23220, epoch 86.0)
EarlyStopping counter: 7 out of 25
[Save Checkpoint] epoch: [86.0], Train: total:17942.27734, BCE:-15.03205, KLD:17957.29688,Test: total:71429.25781, BCE:-15.19110, KLD:71444.43750
=> saved checkpoint 'checkpoints_CNN/mnist_VAE_s15Hmg4_v6_zstruct_class_2_2/last' (iter 23490, epoch 87.0)
score:  0.0
score:  0.0
=> saved checkpoint 'checkpoint_scores_CNN/mnist_VAE_s15Hmg4_v6_zstruct_class_2_2/last' (iter 23490, epoch 87.0)
EarlyStopping counter: 8 out of 25
[Save Checkpoint] epoch: [87.0], Train: total:17963.65820, BCE:-15.08695, KLD:17978.74219,Test: total:71516.65625, BCE:-15.24705, KLD:71531.90625
=> saved checkpoint 'checkpoints_CNN/mnist_VAE_s15Hmg4_v6_zstruct_class_2_2/last' (iter 23760, epoch 88.0)
score:  0.0
score:  0.0
=> saved checkpoint 'checkpoint_scores_CNN/mnist_VAE_s15Hmg4_v6_zstruct_class_2_2/last' (iter 23760, epoch 88.0)
EarlyStopping counter: 9 out of 25
[Save Checkpoint] epoch: [88.0], Train: total:17977.83203, BCE:-15.05970, KLD:17992.88672,Test: total:71569.39844, BCE:-15.21888, KLD:71584.61719
Epoch    89: reducing learning rate of group 0 to 8.0000e-06.
=> saved checkpoint 'checkpoints_CNN/mnist_VAE_s15Hmg4_v6_zstruct_class_2_2/last' (iter 24030, epoch 89.0)
score:  0.0
score:  0.0
=> saved checkpoint 'checkpoint_scores_CNN/mnist_VAE_s15Hmg4_v6_zstruct_class_2_2/last' (iter 24030, epoch 89.0)
EarlyStopping counter: 10 out of 25
[Save Checkpoint] epoch: [89.0], Train: total:17972.39844, BCE:-15.05798, KLD:17987.45312,Test: total:71554.11719, BCE:-15.21752, KLD:71569.34375
=> saved checkpoint 'checkpoints_CNN/mnist_VAE_s15Hmg4_v6_zstruct_class_2_2/last' (iter 24300, epoch 90.0)
score:  0.0
score:  0.0
=> saved checkpoint 'checkpoint_scores_CNN/mnist_VAE_s15Hmg4_v6_zstruct_class_2_2/last' (iter 24300, epoch 90.0)
[Save Checkpoint] epoch: [90.0], Train: total:17900.82812, BCE:-15.15326, KLD:17915.98047,Test: total:71253.54688, BCE:-15.31092, KLD:71268.85156
=> saved checkpoint 'checkpoints_CNN/mnist_VAE_s15Hmg4_v6_zstruct_class_2_2/last' (iter 24570, epoch 91.0)
score:  0.0
score:  0.0
=> saved checkpoint 'checkpoint_scores_CNN/mnist_VAE_s15Hmg4_v6_zstruct_class_2_2/last' (iter 24570, epoch 91.0)
[Save Checkpoint] epoch: [91.0], Train: total:17879.07422, BCE:-15.15040, KLD:17894.21875,Test: total:71169.89062, BCE:-15.30767, KLD:71185.20312
=> saved checkpoint 'checkpoints_CNN/mnist_VAE_s15Hmg4_v6_zstruct_class_2_2/last' (iter 24840, epoch 92.0)
score:  0.0
score:  0.0
=> saved checkpoint 'checkpoint_scores_CNN/mnist_VAE_s15Hmg4_v6_zstruct_class_2_2/last' (iter 24840, epoch 92.0)
EarlyStopping counter: 1 out of 25
[Save Checkpoint] epoch: [92.0], Train: total:17896.10547, BCE:-15.14666, KLD:17911.25195,Test: total:71238.83594, BCE:-15.30494, KLD:71254.14844
=> saved checkpoint 'checkpoints_CNN/mnist_VAE_s15Hmg4_v6_zstruct_class_2_2/last' (iter 25110, epoch 93.0)
score:  0.0
score:  0.0
=> saved checkpoint 'checkpoint_scores_CNN/mnist_VAE_s15Hmg4_v6_zstruct_class_2_2/last' (iter 25110, epoch 93.0)
EarlyStopping counter: 2 out of 25
[Save Checkpoint] epoch: [93.0], Train: total:17871.61914, BCE:-15.13069, KLD:17886.75000,Test: total:71137.11719, BCE:-15.28654, KLD:71152.39844
=> saved checkpoint 'checkpoints_CNN/mnist_VAE_s15Hmg4_v6_zstruct_class_2_2/last' (iter 25380, epoch 94.0)
score:  0.0
score:  0.0
=> saved checkpoint 'checkpoint_scores_CNN/mnist_VAE_s15Hmg4_v6_zstruct_class_2_2/last' (iter 25380, epoch 94.0)
EarlyStopping counter: 3 out of 25
[Save Checkpoint] epoch: [94.0], Train: total:17911.64258, BCE:-15.14709, KLD:17926.78906,Test: total:71298.39062, BCE:-15.30456, KLD:71313.68750
=> saved checkpoint 'checkpoints_CNN/mnist_VAE_s15Hmg4_v6_zstruct_class_2_2/last' (iter 25650, epoch 95.0)
score:  0.0
score:  0.0
=> saved checkpoint 'checkpoint_scores_CNN/mnist_VAE_s15Hmg4_v6_zstruct_class_2_2/last' (iter 25650, epoch 95.0)
EarlyStopping counter: 4 out of 25
[Save Checkpoint] epoch: [95.0], Train: total:17904.28906, BCE:-15.14466, KLD:17919.43359,Test: total:71267.42969, BCE:-15.30211, KLD:71282.72656
Epoch    96: reducing learning rate of group 0 to 1.6000e-06.
=> saved checkpoint 'checkpoints_CNN/mnist_VAE_s15Hmg4_v6_zstruct_class_2_2/last' (iter 25920, epoch 96.0)
score:  0.0
score:  0.0
=> saved checkpoint 'checkpoint_scores_CNN/mnist_VAE_s15Hmg4_v6_zstruct_class_2_2/last' (iter 25920, epoch 96.0)
EarlyStopping counter: 5 out of 25
[Save Checkpoint] epoch: [96.0], Train: total:17901.04688, BCE:-15.13948, KLD:17916.19141,Test: total:71251.89844, BCE:-15.29523, KLD:71267.17969
=> saved checkpoint 'checkpoints_CNN/mnist_VAE_s15Hmg4_v6_zstruct_class_2_2/last' (iter 26190, epoch 97.0)
score:  0.0
score:  0.0
=> saved checkpoint 'checkpoint_scores_CNN/mnist_VAE_s15Hmg4_v6_zstruct_class_2_2/last' (iter 26190, epoch 97.0)
EarlyStopping counter: 6 out of 25
[Save Checkpoint] epoch: [97.0], Train: total:17881.92969, BCE:-15.18457, KLD:17897.11328,Test: total:71181.92969, BCE:-15.34474, KLD:71197.26562
=> saved checkpoint 'checkpoints_CNN/mnist_VAE_s15Hmg4_v6_zstruct_class_2_2/last' (iter 26460, epoch 98.0)
score:  0.0
score:  0.0
=> saved checkpoint 'checkpoint_scores_CNN/mnist_VAE_s15Hmg4_v6_zstruct_class_2_2/last' (iter 26460, epoch 98.0)
EarlyStopping counter: 7 out of 25
[Save Checkpoint] epoch: [98.0], Train: total:17902.86328, BCE:-15.20175, KLD:17918.06445,Test: total:71264.61719, BCE:-15.36107, KLD:71279.99219
=> saved checkpoint 'checkpoints_CNN/mnist_VAE_s15Hmg4_v6_zstruct_class_2_2/last' (iter 26730, epoch 99.0)
score:  0.0
score:  0.0
=> saved checkpoint 'checkpoint_scores_CNN/mnist_VAE_s15Hmg4_v6_zstruct_class_2_2/last' (iter 26730, epoch 99.0)
[Save Checkpoint] epoch: [99.0], Train: total:17892.34375, BCE:-15.19945, KLD:17907.54883,Test: total:71221.98438, BCE:-15.35944, KLD:71237.33594
=> saved checkpoint 'checkpoints_CNN/mnist_VAE_s15Hmg4_v6_zstruct_class_2_2/last' (iter 27000, epoch 100.0)
score:  0.0
score:  0.0
=> saved checkpoint 'checkpoint_scores_CNN/mnist_VAE_s15Hmg4_v6_zstruct_class_2_2/last' (iter 27000, epoch 100.0)
EarlyStopping counter: 1 out of 25
[Save Checkpoint] epoch: [100.0], Train: total:17901.00586, BCE:-15.20376, KLD:17916.20703,Test: total:71256.43750, BCE:-15.36414, KLD:71271.79688
[Training Finished]
All done !
