79
--dataset mnist --model CNN --gpu_devices 0 1 --max_iter 50 --batch_size 32 --ckpt_dir checkpoints_CNN --ckpt_dir_scores checkpoint_scores_CNN --use_scheduler True --GMP True --lr 1e-3 --z_struct_size 30 --add_classification_layer False --classif_layer_size 30 --is_default_model False --is_custom_model False --is_custom_model_BK True --big_kernel_size 8 --two_conv_layer True --three_conv_layer False --BK_in_first_layer False --BK_in_second_layer True --BK_in_third_layer False --stride_size 1 --hidden_filters_layer1 32 --hidden_filters_layer2 10 --hidden_filters_layer3 32 --ratio_reg False --lambda_ratio_reg 1 --lambda_class 1 --add_linear_after_GMP False --exp_name CNN_mnist_custom_BK_2layer_bk2_10
Namespace(BK_in_first_layer=False, BK_in_second_layer=True, BK_in_third_layer=False, BN=False, C_max=25, C_stop_iter=100000.0, E1_AE=False, E1_VAE=False, E1_conv=False, E1_dense=False, E1_second_conv=False, E1_second_conv_adapt=False, GMP=True, L1_norm_act=False, L1_norm_weights=False, L3_without_random=False, adapt_lr=False, add_classification_layer=False, add_linear_after_GMP=False, add_z_struct_bottleneck=False, batch_size=32, beta=1, beta1=0.9, beta2=0.999, big_kernel=False, big_kernel_size=[8], binary_z=False, ckpt_dir='checkpoints_CNN', ckpt_dir_scores='checkpoint_scores_CNN', classif_layer_size=30, cuda=True, dataset='mnist', display_step=10000, dset_dir='data', exp_name='CNN_mnist_custom_BK_2layer_bk2_10', gamma=1000, gpu_devices=[0, 1], hidden_filters_layer1=32, hidden_filters_layer2=10, hidden_filters_layer3=32, image_size=64, is_C=True, is_E1=False, is_binary_structural_latent=False, is_custom_model=False, is_custom_model_BK=True, is_default_model=False, is_noise_stats=False, is_partial_rand_class=False, is_perturbed_score=False, is_zvar_sim_loss=False, just_train=False, kernel_size=4, lambda_Kl_struct=1, lambda_Kl_var=1, lambda_L1=0.01, lambda_VAE=1, lambda_class=1.0, lambda_partial_class=1, lambda_ratio_reg=1.0, lambda_recon_wt_rand=1, lambda_recons=1, lambda_zvar_sim=1, latent_spec_cont=None, latent_spec_cont_class=None, latent_spec_cont_var=None, latent_spec_disc=None, latent_spec_disc_class=None, latent_spec_disc_var=None, log_level='info', lr=0.001, max_iter=50.0, model='CNN', num_workers=2, old_weighted=False, other_ratio=False, random_percentage=0.2, ratio_reg=False, save_step=10000, second_layer_C=False, seed=1, stride_size=1, three_conv_layer=False, train=True, two_conv_layer=True, two_encoder=False, use_early_stopping=False, use_scheduler=True, z_struct_size=30, zeros_W_Classif=False, zvar_sim_change_zvar=False, zvar_sim_loss_for_all_model=False, zvar_sim_loss_only_for_encoder=False, zvar_sim_normal=False, zvar_sim_var_rand=False)
CUDA Visible devices !
Custom_CNN_BK(
  (net): Sequential(
    (0): Conv2d(1, 32, kernel_size=(3, 3), stride=(1, 1))
    (1): BatchNorm2d(32, eps=1e-05, momentum=0.1, affine=True, track_running_stats=True)
    (2): ReLU(inplace=True)
    (3): Conv2d(32, 10, kernel_size=(8, 8), stride=(1, 1))
    (4): BatchNorm2d(10, eps=1e-05, momentum=0.1, affine=True, track_running_stats=True)
    (5): ReLU(inplace=True)
    (6): AdaptiveMaxPool2d(output_size=(1, 1))
    (7): View()
    (8): Linear(in_features=10, out_features=10, bias=True)
    (9): Softmax(dim=None)
  )
)
The number of parameters of model is 21004
use 1 gpu who named: Tesla V100-SXM2-32GB
=> loaded sample_scores and losses
=> loaded checkpoint 'checkpoints_CNN/CNN_mnist_custom_BK_2layer_bk2_10/last (iter 187500)'
=> saved checkpoint 'checkpoints_CNN/CNN_mnist_custom_BK_2layer_bk2_10/last' (iter 1875, epoch 1.0)
=> saved checkpoint 'checkpoint_scores_CNN/CNN_mnist_custom_BK_2layer_bk2_10/last' (iter 1875, epoch 1.0)
[Save Checkpoint] epoch: [1.0], Train score:70.23167, Test score:69.26000, train loss:-0.70189, test loss:-0.69166, ratio_train_loss:0.00000,ratio_test_loss:0.00000, total_loss_train:-0.70189,total_loss_test:-0.69166, 
=> saved checkpoint 'checkpoints_CNN/CNN_mnist_custom_BK_2layer_bk2_10/last' (iter 3750, epoch 2.0)
=> saved checkpoint 'checkpoint_scores_CNN/CNN_mnist_custom_BK_2layer_bk2_10/last' (iter 3750, epoch 2.0)
[Save Checkpoint] epoch: [2.0], Train score:70.30167, Test score:69.31000, train loss:-0.70276, test loss:-0.69286, ratio_train_loss:0.00000,ratio_test_loss:0.00000, total_loss_train:-0.70276,total_loss_test:-0.69286, 
=> saved checkpoint 'checkpoints_CNN/CNN_mnist_custom_BK_2layer_bk2_10/last' (iter 5625, epoch 3.0)
=> saved checkpoint 'checkpoint_scores_CNN/CNN_mnist_custom_BK_2layer_bk2_10/last' (iter 5625, epoch 3.0)
[Save Checkpoint] epoch: [3.0], Train score:70.29667, Test score:69.24000, train loss:-0.70267, test loss:-0.69210, ratio_train_loss:0.00000,ratio_test_loss:0.00000, total_loss_train:-0.70267,total_loss_test:-0.69210, 
=> saved checkpoint 'checkpoints_CNN/CNN_mnist_custom_BK_2layer_bk2_10/last' (iter 7500, epoch 4.0)
=> saved checkpoint 'checkpoint_scores_CNN/CNN_mnist_custom_BK_2layer_bk2_10/last' (iter 7500, epoch 4.0)
[Save Checkpoint] epoch: [4.0], Train score:70.30833, Test score:69.26000, train loss:-0.70293, test loss:-0.69243, ratio_train_loss:0.00000,ratio_test_loss:0.00000, total_loss_train:-0.70293,total_loss_test:-0.69243, 
=> saved checkpoint 'checkpoints_CNN/CNN_mnist_custom_BK_2layer_bk2_10/last' (iter 9375, epoch 5.0)
=> saved checkpoint 'checkpoint_scores_CNN/CNN_mnist_custom_BK_2layer_bk2_10/last' (iter 9375, epoch 5.0)
[Save Checkpoint] epoch: [5.0], Train score:70.26833, Test score:69.24000, train loss:-0.70232, test loss:-0.69185, ratio_train_loss:0.00000,ratio_test_loss:0.00000, total_loss_train:-0.70232,total_loss_test:-0.69185, 
=> saved checkpoint 'checkpoints_CNN/CNN_mnist_custom_BK_2layer_bk2_10/last' (iter 11250, epoch 6.0)
=> saved checkpoint 'checkpoint_scores_CNN/CNN_mnist_custom_BK_2layer_bk2_10/last' (iter 11250, epoch 6.0)
[Save Checkpoint] epoch: [6.0], Train score:70.30167, Test score:69.24000, train loss:-0.70276, test loss:-0.69260, ratio_train_loss:0.00000,ratio_test_loss:0.00000, total_loss_train:-0.70276,total_loss_test:-0.69260, 
=> saved checkpoint 'checkpoints_CNN/CNN_mnist_custom_BK_2layer_bk2_10/last' (iter 13125, epoch 7.0)
=> saved checkpoint 'checkpoint_scores_CNN/CNN_mnist_custom_BK_2layer_bk2_10/last' (iter 13125, epoch 7.0)
[Save Checkpoint] epoch: [7.0], Train score:70.31333, Test score:69.25000, train loss:-0.70290, test loss:-0.69230, ratio_train_loss:0.00000,ratio_test_loss:0.00000, total_loss_train:-0.70290,total_loss_test:-0.69230, 
=> saved checkpoint 'checkpoints_CNN/CNN_mnist_custom_BK_2layer_bk2_10/last' (iter 15000, epoch 8.0)
=> saved checkpoint 'checkpoint_scores_CNN/CNN_mnist_custom_BK_2layer_bk2_10/last' (iter 15000, epoch 8.0)
[Save Checkpoint] epoch: [8.0], Train score:70.31000, Test score:69.23000, train loss:-0.70282, test loss:-0.69190, ratio_train_loss:0.00000,ratio_test_loss:0.00000, total_loss_train:-0.70282,total_loss_test:-0.69190, 
=> saved checkpoint 'checkpoints_CNN/CNN_mnist_custom_BK_2layer_bk2_10/last' (iter 16875, epoch 9.0)
=> saved checkpoint 'checkpoint_scores_CNN/CNN_mnist_custom_BK_2layer_bk2_10/last' (iter 16875, epoch 9.0)
[Save Checkpoint] epoch: [9.0], Train score:70.30000, Test score:69.20000, train loss:-0.70273, test loss:-0.69133, ratio_train_loss:0.00000,ratio_test_loss:0.00000, total_loss_train:-0.70273,total_loss_test:-0.69133, 
=> saved checkpoint 'checkpoints_CNN/CNN_mnist_custom_BK_2layer_bk2_10/last' (iter 18750, epoch 10.0)
=> saved checkpoint 'checkpoint_scores_CNN/CNN_mnist_custom_BK_2layer_bk2_10/last' (iter 18750, epoch 10.0)
[Save Checkpoint] epoch: [10.0], Train score:70.27167, Test score:69.21000, train loss:-0.70236, test loss:-0.69165, ratio_train_loss:0.00000,ratio_test_loss:0.00000, total_loss_train:-0.70236,total_loss_test:-0.69165, 
=> saved checkpoint 'checkpoints_CNN/CNN_mnist_custom_BK_2layer_bk2_10/last' (iter 20625, epoch 11.0)
=> saved checkpoint 'checkpoint_scores_CNN/CNN_mnist_custom_BK_2layer_bk2_10/last' (iter 20625, epoch 11.0)
[Save Checkpoint] epoch: [11.0], Train score:70.29667, Test score:69.31000, train loss:-0.70269, test loss:-0.69261, ratio_train_loss:0.00000,ratio_test_loss:0.00000, total_loss_train:-0.70269,total_loss_test:-0.69261, 
=> saved checkpoint 'checkpoints_CNN/CNN_mnist_custom_BK_2layer_bk2_10/last' (iter 22500, epoch 12.0)
=> saved checkpoint 'checkpoint_scores_CNN/CNN_mnist_custom_BK_2layer_bk2_10/last' (iter 22500, epoch 12.0)
[Save Checkpoint] epoch: [12.0], Train score:70.29000, Test score:69.11000, train loss:-0.70246, test loss:-0.69079, ratio_train_loss:0.00000,ratio_test_loss:0.00000, total_loss_train:-0.70246,total_loss_test:-0.69079, 
=> saved checkpoint 'checkpoints_CNN/CNN_mnist_custom_BK_2layer_bk2_10/last' (iter 24375, epoch 13.0)
=> saved checkpoint 'checkpoint_scores_CNN/CNN_mnist_custom_BK_2layer_bk2_10/last' (iter 24375, epoch 13.0)
[Save Checkpoint] epoch: [13.0], Train score:70.27333, Test score:69.01000, train loss:-0.70221, test loss:-0.68982, ratio_train_loss:0.00000,ratio_test_loss:0.00000, total_loss_train:-0.70221,total_loss_test:-0.68982, 
=> saved checkpoint 'checkpoints_CNN/CNN_mnist_custom_BK_2layer_bk2_10/last' (iter 26250, epoch 14.0)
=> saved checkpoint 'checkpoint_scores_CNN/CNN_mnist_custom_BK_2layer_bk2_10/last' (iter 26250, epoch 14.0)
[Save Checkpoint] epoch: [14.0], Train score:70.28667, Test score:69.26000, train loss:-0.70268, test loss:-0.69219, ratio_train_loss:0.00000,ratio_test_loss:0.00000, total_loss_train:-0.70268,total_loss_test:-0.69219, 
=> saved checkpoint 'checkpoints_CNN/CNN_mnist_custom_BK_2layer_bk2_10/last' (iter 28125, epoch 15.0)
=> saved checkpoint 'checkpoint_scores_CNN/CNN_mnist_custom_BK_2layer_bk2_10/last' (iter 28125, epoch 15.0)
[Save Checkpoint] epoch: [15.0], Train score:70.31333, Test score:69.26000, train loss:-0.70295, test loss:-0.69233, ratio_train_loss:0.00000,ratio_test_loss:0.00000, total_loss_train:-0.70295,total_loss_test:-0.69233, 
=> saved checkpoint 'checkpoints_CNN/CNN_mnist_custom_BK_2layer_bk2_10/last' (iter 30000, epoch 16.0)
=> saved checkpoint 'checkpoint_scores_CNN/CNN_mnist_custom_BK_2layer_bk2_10/last' (iter 30000, epoch 16.0)
[Save Checkpoint] epoch: [16.0], Train score:70.30500, Test score:69.21000, train loss:-0.70279, test loss:-0.69158, ratio_train_loss:0.00000,ratio_test_loss:0.00000, total_loss_train:-0.70279,total_loss_test:-0.69158, 
=> saved checkpoint 'checkpoints_CNN/CNN_mnist_custom_BK_2layer_bk2_10/last' (iter 31875, epoch 17.0)
=> saved checkpoint 'checkpoint_scores_CNN/CNN_mnist_custom_BK_2layer_bk2_10/last' (iter 31875, epoch 17.0)
[Save Checkpoint] epoch: [17.0], Train score:70.26833, Test score:69.29000, train loss:-0.70253, test loss:-0.69246, ratio_train_loss:0.00000,ratio_test_loss:0.00000, total_loss_train:-0.70253,total_loss_test:-0.69246, 
=> saved checkpoint 'checkpoints_CNN/CNN_mnist_custom_BK_2layer_bk2_10/last' (iter 33750, epoch 18.0)
=> saved checkpoint 'checkpoint_scores_CNN/CNN_mnist_custom_BK_2layer_bk2_10/last' (iter 33750, epoch 18.0)
[Save Checkpoint] epoch: [18.0], Train score:70.28167, Test score:69.11000, train loss:-0.70257, test loss:-0.69060, ratio_train_loss:0.00000,ratio_test_loss:0.00000, total_loss_train:-0.70257,total_loss_test:-0.69060, 
=> saved checkpoint 'checkpoints_CNN/CNN_mnist_custom_BK_2layer_bk2_10/last' (iter 35625, epoch 19.0)
=> saved checkpoint 'checkpoint_scores_CNN/CNN_mnist_custom_BK_2layer_bk2_10/last' (iter 35625, epoch 19.0)
[Save Checkpoint] epoch: [19.0], Train score:70.30333, Test score:69.30000, train loss:-0.70283, test loss:-0.69232, ratio_train_loss:0.00000,ratio_test_loss:0.00000, total_loss_train:-0.70283,total_loss_test:-0.69232, 
=> saved checkpoint 'checkpoints_CNN/CNN_mnist_custom_BK_2layer_bk2_10/last' (iter 37500, epoch 20.0)
=> saved checkpoint 'checkpoint_scores_CNN/CNN_mnist_custom_BK_2layer_bk2_10/last' (iter 37500, epoch 20.0)
[Save Checkpoint] epoch: [20.0], Train score:70.27667, Test score:69.27000, train loss:-0.70259, test loss:-0.69222, ratio_train_loss:0.00000,ratio_test_loss:0.00000, total_loss_train:-0.70259,total_loss_test:-0.69222, 
=> saved checkpoint 'checkpoints_CNN/CNN_mnist_custom_BK_2layer_bk2_10/last' (iter 39375, epoch 21.0)
=> saved checkpoint 'checkpoint_scores_CNN/CNN_mnist_custom_BK_2layer_bk2_10/last' (iter 39375, epoch 21.0)
[Save Checkpoint] epoch: [21.0], Train score:70.28833, Test score:69.11000, train loss:-0.70253, test loss:-0.69062, ratio_train_loss:0.00000,ratio_test_loss:0.00000, total_loss_train:-0.70253,total_loss_test:-0.69062, 
=> saved checkpoint 'checkpoints_CNN/CNN_mnist_custom_BK_2layer_bk2_10/last' (iter 41250, epoch 22.0)
=> saved checkpoint 'checkpoint_scores_CNN/CNN_mnist_custom_BK_2layer_bk2_10/last' (iter 41250, epoch 22.0)
[Save Checkpoint] epoch: [22.0], Train score:70.31167, Test score:69.16000, train loss:-0.70294, test loss:-0.69139, ratio_train_loss:0.00000,ratio_test_loss:0.00000, total_loss_train:-0.70294,total_loss_test:-0.69139, 
=> saved checkpoint 'checkpoints_CNN/CNN_mnist_custom_BK_2layer_bk2_10/last' (iter 43125, epoch 23.0)
=> saved checkpoint 'checkpoint_scores_CNN/CNN_mnist_custom_BK_2layer_bk2_10/last' (iter 43125, epoch 23.0)
[Save Checkpoint] epoch: [23.0], Train score:70.23833, Test score:69.22000, train loss:-0.70197, test loss:-0.69197, ratio_train_loss:0.00000,ratio_test_loss:0.00000, total_loss_train:-0.70197,total_loss_test:-0.69197, 
=> saved checkpoint 'checkpoints_CNN/CNN_mnist_custom_BK_2layer_bk2_10/last' (iter 45000, epoch 24.0)
=> saved checkpoint 'checkpoint_scores_CNN/CNN_mnist_custom_BK_2layer_bk2_10/last' (iter 45000, epoch 24.0)
[Save Checkpoint] epoch: [24.0], Train score:70.31667, Test score:69.32000, train loss:-0.70293, test loss:-0.69252, ratio_train_loss:0.00000,ratio_test_loss:0.00000, total_loss_train:-0.70293,total_loss_test:-0.69252, 
=> saved checkpoint 'checkpoints_CNN/CNN_mnist_custom_BK_2layer_bk2_10/last' (iter 46875, epoch 25.0)
=> saved checkpoint 'checkpoint_scores_CNN/CNN_mnist_custom_BK_2layer_bk2_10/last' (iter 46875, epoch 25.0)
[Save Checkpoint] epoch: [25.0], Train score:70.30833, Test score:69.22000, train loss:-0.70286, test loss:-0.69203, ratio_train_loss:0.00000,ratio_test_loss:0.00000, total_loss_train:-0.70286,total_loss_test:-0.69203, 
=> saved checkpoint 'checkpoints_CNN/CNN_mnist_custom_BK_2layer_bk2_10/last' (iter 48750, epoch 26.0)
=> saved checkpoint 'checkpoint_scores_CNN/CNN_mnist_custom_BK_2layer_bk2_10/last' (iter 48750, epoch 26.0)
[Save Checkpoint] epoch: [26.0], Train score:70.31000, Test score:69.38000, train loss:-0.70280, test loss:-0.69324, ratio_train_loss:0.00000,ratio_test_loss:0.00000, total_loss_train:-0.70280,total_loss_test:-0.69324, 
=> saved checkpoint 'checkpoints_CNN/CNN_mnist_custom_BK_2layer_bk2_10/last' (iter 50625, epoch 27.0)
=> saved checkpoint 'checkpoint_scores_CNN/CNN_mnist_custom_BK_2layer_bk2_10/last' (iter 50625, epoch 27.0)
[Save Checkpoint] epoch: [27.0], Train score:70.31833, Test score:69.22000, train loss:-0.70299, test loss:-0.69194, ratio_train_loss:0.00000,ratio_test_loss:0.00000, total_loss_train:-0.70299,total_loss_test:-0.69194, 
=> saved checkpoint 'checkpoints_CNN/CNN_mnist_custom_BK_2layer_bk2_10/last' (iter 52500, epoch 28.0)
=> saved checkpoint 'checkpoint_scores_CNN/CNN_mnist_custom_BK_2layer_bk2_10/last' (iter 52500, epoch 28.0)
[Save Checkpoint] epoch: [28.0], Train score:70.30000, Test score:69.23000, train loss:-0.70279, test loss:-0.69218, ratio_train_loss:0.00000,ratio_test_loss:0.00000, total_loss_train:-0.70279,total_loss_test:-0.69218, 
=> saved checkpoint 'checkpoints_CNN/CNN_mnist_custom_BK_2layer_bk2_10/last' (iter 54375, epoch 29.0)
=> saved checkpoint 'checkpoint_scores_CNN/CNN_mnist_custom_BK_2layer_bk2_10/last' (iter 54375, epoch 29.0)
[Save Checkpoint] epoch: [29.0], Train score:70.32500, Test score:69.36000, train loss:-0.70312, test loss:-0.69281, ratio_train_loss:0.00000,ratio_test_loss:0.00000, total_loss_train:-0.70312,total_loss_test:-0.69281, 
=> saved checkpoint 'checkpoints_CNN/CNN_mnist_custom_BK_2layer_bk2_10/last' (iter 56250, epoch 30.0)
=> saved checkpoint 'checkpoint_scores_CNN/CNN_mnist_custom_BK_2layer_bk2_10/last' (iter 56250, epoch 30.0)
[Save Checkpoint] epoch: [30.0], Train score:70.30000, Test score:69.29000, train loss:-0.70273, test loss:-0.69218, ratio_train_loss:0.00000,ratio_test_loss:0.00000, total_loss_train:-0.70273,total_loss_test:-0.69218, 
=> saved checkpoint 'checkpoints_CNN/CNN_mnist_custom_BK_2layer_bk2_10/last' (iter 58125, epoch 31.0)
=> saved checkpoint 'checkpoint_scores_CNN/CNN_mnist_custom_BK_2layer_bk2_10/last' (iter 58125, epoch 31.0)
[Save Checkpoint] epoch: [31.0], Train score:70.26000, Test score:69.22000, train loss:-0.70208, test loss:-0.69107, ratio_train_loss:0.00000,ratio_test_loss:0.00000, total_loss_train:-0.70208,total_loss_test:-0.69107, 
=> saved checkpoint 'checkpoints_CNN/CNN_mnist_custom_BK_2layer_bk2_10/last' (iter 60000, epoch 32.0)
=> saved checkpoint 'checkpoint_scores_CNN/CNN_mnist_custom_BK_2layer_bk2_10/last' (iter 60000, epoch 32.0)
[Save Checkpoint] epoch: [32.0], Train score:70.32000, Test score:69.38000, train loss:-0.70301, test loss:-0.69322, ratio_train_loss:0.00000,ratio_test_loss:0.00000, total_loss_train:-0.70301,total_loss_test:-0.69322, 
=> saved checkpoint 'checkpoints_CNN/CNN_mnist_custom_BK_2layer_bk2_10/last' (iter 61875, epoch 33.0)
=> saved checkpoint 'checkpoint_scores_CNN/CNN_mnist_custom_BK_2layer_bk2_10/last' (iter 61875, epoch 33.0)
[Save Checkpoint] epoch: [33.0], Train score:70.31333, Test score:69.19000, train loss:-0.70295, test loss:-0.69171, ratio_train_loss:0.00000,ratio_test_loss:0.00000, total_loss_train:-0.70295,total_loss_test:-0.69171, 
=> saved checkpoint 'checkpoints_CNN/CNN_mnist_custom_BK_2layer_bk2_10/last' (iter 63750, epoch 34.0)
=> saved checkpoint 'checkpoint_scores_CNN/CNN_mnist_custom_BK_2layer_bk2_10/last' (iter 63750, epoch 34.0)
[Save Checkpoint] epoch: [34.0], Train score:70.31000, Test score:69.28000, train loss:-0.70286, test loss:-0.69202, ratio_train_loss:0.00000,ratio_test_loss:0.00000, total_loss_train:-0.70286,total_loss_test:-0.69202, 
=> saved checkpoint 'checkpoints_CNN/CNN_mnist_custom_BK_2layer_bk2_10/last' (iter 65625, epoch 35.0)
=> saved checkpoint 'checkpoint_scores_CNN/CNN_mnist_custom_BK_2layer_bk2_10/last' (iter 65625, epoch 35.0)
[Save Checkpoint] epoch: [35.0], Train score:70.32000, Test score:69.17000, train loss:-0.70295, test loss:-0.69155, ratio_train_loss:0.00000,ratio_test_loss:0.00000, total_loss_train:-0.70295,total_loss_test:-0.69155, 
=> saved checkpoint 'checkpoints_CNN/CNN_mnist_custom_BK_2layer_bk2_10/last' (iter 67500, epoch 36.0)
=> saved checkpoint 'checkpoint_scores_CNN/CNN_mnist_custom_BK_2layer_bk2_10/last' (iter 67500, epoch 36.0)
[Save Checkpoint] epoch: [36.0], Train score:70.33500, Test score:69.26000, train loss:-0.70321, test loss:-0.69225, ratio_train_loss:0.00000,ratio_test_loss:0.00000, total_loss_train:-0.70321,total_loss_test:-0.69225, 
=> saved checkpoint 'checkpoints_CNN/CNN_mnist_custom_BK_2layer_bk2_10/last' (iter 69375, epoch 37.0)
=> saved checkpoint 'checkpoint_scores_CNN/CNN_mnist_custom_BK_2layer_bk2_10/last' (iter 69375, epoch 37.0)
[Save Checkpoint] epoch: [37.0], Train score:70.31833, Test score:69.16000, train loss:-0.70299, test loss:-0.69149, ratio_train_loss:0.00000,ratio_test_loss:0.00000, total_loss_train:-0.70299,total_loss_test:-0.69149, 
=> saved checkpoint 'checkpoints_CNN/CNN_mnist_custom_BK_2layer_bk2_10/last' (iter 71250, epoch 38.0)
=> saved checkpoint 'checkpoint_scores_CNN/CNN_mnist_custom_BK_2layer_bk2_10/last' (iter 71250, epoch 38.0)
[Save Checkpoint] epoch: [38.0], Train score:70.29000, Test score:69.22000, train loss:-0.70265, test loss:-0.69202, ratio_train_loss:0.00000,ratio_test_loss:0.00000, total_loss_train:-0.70265,total_loss_test:-0.69202, 
=> saved checkpoint 'checkpoints_CNN/CNN_mnist_custom_BK_2layer_bk2_10/last' (iter 73125, epoch 39.0)
=> saved checkpoint 'checkpoint_scores_CNN/CNN_mnist_custom_BK_2layer_bk2_10/last' (iter 73125, epoch 39.0)
[Save Checkpoint] epoch: [39.0], Train score:70.33833, Test score:69.41000, train loss:-0.70323, test loss:-0.69338, ratio_train_loss:0.00000,ratio_test_loss:0.00000, total_loss_train:-0.70323,total_loss_test:-0.69338, 
=> saved checkpoint 'checkpoints_CNN/CNN_mnist_custom_BK_2layer_bk2_10/last' (iter 75000, epoch 40.0)
=> saved checkpoint 'checkpoint_scores_CNN/CNN_mnist_custom_BK_2layer_bk2_10/last' (iter 75000, epoch 40.0)
[Save Checkpoint] epoch: [40.0], Train score:70.33333, Test score:69.30000, train loss:-0.70323, test loss:-0.69262, ratio_train_loss:0.00000,ratio_test_loss:0.00000, total_loss_train:-0.70323,total_loss_test:-0.69262, 
=> saved checkpoint 'checkpoints_CNN/CNN_mnist_custom_BK_2layer_bk2_10/last' (iter 76875, epoch 41.0)
=> saved checkpoint 'checkpoint_scores_CNN/CNN_mnist_custom_BK_2layer_bk2_10/last' (iter 76875, epoch 41.0)
[Save Checkpoint] epoch: [41.0], Train score:70.27167, Test score:69.16000, train loss:-0.70231, test loss:-0.69132, ratio_train_loss:0.00000,ratio_test_loss:0.00000, total_loss_train:-0.70231,total_loss_test:-0.69132, 
=> saved checkpoint 'checkpoints_CNN/CNN_mnist_custom_BK_2layer_bk2_10/last' (iter 78750, epoch 42.0)
=> saved checkpoint 'checkpoint_scores_CNN/CNN_mnist_custom_BK_2layer_bk2_10/last' (iter 78750, epoch 42.0)
[Save Checkpoint] epoch: [42.0], Train score:70.31333, Test score:69.17000, train loss:-0.70288, test loss:-0.69162, ratio_train_loss:0.00000,ratio_test_loss:0.00000, total_loss_train:-0.70288,total_loss_test:-0.69162, 
=> saved checkpoint 'checkpoints_CNN/CNN_mnist_custom_BK_2layer_bk2_10/last' (iter 80625, epoch 43.0)
=> saved checkpoint 'checkpoint_scores_CNN/CNN_mnist_custom_BK_2layer_bk2_10/last' (iter 80625, epoch 43.0)
[Save Checkpoint] epoch: [43.0], Train score:70.33333, Test score:69.19000, train loss:-0.70320, test loss:-0.69206, ratio_train_loss:0.00000,ratio_test_loss:0.00000, total_loss_train:-0.70320,total_loss_test:-0.69206, 
=> saved checkpoint 'checkpoints_CNN/CNN_mnist_custom_BK_2layer_bk2_10/last' (iter 82500, epoch 44.0)
=> saved checkpoint 'checkpoint_scores_CNN/CNN_mnist_custom_BK_2layer_bk2_10/last' (iter 82500, epoch 44.0)
[Save Checkpoint] epoch: [44.0], Train score:70.32833, Test score:69.38000, train loss:-0.70319, test loss:-0.69324, ratio_train_loss:0.00000,ratio_test_loss:0.00000, total_loss_train:-0.70319,total_loss_test:-0.69324, 
=> saved checkpoint 'checkpoints_CNN/CNN_mnist_custom_BK_2layer_bk2_10/last' (iter 84375, epoch 45.0)
=> saved checkpoint 'checkpoint_scores_CNN/CNN_mnist_custom_BK_2layer_bk2_10/last' (iter 84375, epoch 45.0)
[Save Checkpoint] epoch: [45.0], Train score:70.27000, Test score:69.08000, train loss:-0.70236, test loss:-0.69062, ratio_train_loss:0.00000,ratio_test_loss:0.00000, total_loss_train:-0.70236,total_loss_test:-0.69062, 
=> saved checkpoint 'checkpoints_CNN/CNN_mnist_custom_BK_2layer_bk2_10/last' (iter 86250, epoch 46.0)
=> saved checkpoint 'checkpoint_scores_CNN/CNN_mnist_custom_BK_2layer_bk2_10/last' (iter 86250, epoch 46.0)
[Save Checkpoint] epoch: [46.0], Train score:70.33333, Test score:69.20000, train loss:-0.70318, test loss:-0.69171, ratio_train_loss:0.00000,ratio_test_loss:0.00000, total_loss_train:-0.70318,total_loss_test:-0.69171, 
=> saved checkpoint 'checkpoints_CNN/CNN_mnist_custom_BK_2layer_bk2_10/last' (iter 88125, epoch 47.0)
=> saved checkpoint 'checkpoint_scores_CNN/CNN_mnist_custom_BK_2layer_bk2_10/last' (iter 88125, epoch 47.0)
[Save Checkpoint] epoch: [47.0], Train score:70.33333, Test score:69.22000, train loss:-0.70323, test loss:-0.69190, ratio_train_loss:0.00000,ratio_test_loss:0.00000, total_loss_train:-0.70323,total_loss_test:-0.69190, 
=> saved checkpoint 'checkpoints_CNN/CNN_mnist_custom_BK_2layer_bk2_10/last' (iter 90000, epoch 48.0)
=> saved checkpoint 'checkpoint_scores_CNN/CNN_mnist_custom_BK_2layer_bk2_10/last' (iter 90000, epoch 48.0)
[Save Checkpoint] epoch: [48.0], Train score:70.32833, Test score:69.18000, train loss:-0.70316, test loss:-0.69187, ratio_train_loss:0.00000,ratio_test_loss:0.00000, total_loss_train:-0.70316,total_loss_test:-0.69187, 
=> saved checkpoint 'checkpoints_CNN/CNN_mnist_custom_BK_2layer_bk2_10/last' (iter 91875, epoch 49.0)
=> saved checkpoint 'checkpoint_scores_CNN/CNN_mnist_custom_BK_2layer_bk2_10/last' (iter 91875, epoch 49.0)
[Save Checkpoint] epoch: [49.0], Train score:70.30167, Test score:69.21000, train loss:-0.70272, test loss:-0.69201, ratio_train_loss:0.00000,ratio_test_loss:0.00000, total_loss_train:-0.70272,total_loss_test:-0.69201, 
=> saved checkpoint 'checkpoints_CNN/CNN_mnist_custom_BK_2layer_bk2_10/last' (iter 93750, epoch 50.0)
=> saved checkpoint 'checkpoint_scores_CNN/CNN_mnist_custom_BK_2layer_bk2_10/last' (iter 93750, epoch 50.0)
[Save Checkpoint] epoch: [50.0], Train score:70.32833, Test score:69.32000, train loss:-0.70319, test loss:-0.69272, ratio_train_loss:0.00000,ratio_test_loss:0.00000, total_loss_train:-0.70319,total_loss_test:-0.69272, 
[Training Finished]
All Done!
