152
--gpu_devices 0 --max_iter 100 --batch_size 250 --use_scheduler True --lr 1e-3 --GMP True --z_struct_size 25 --is_encoder_struct True --big_kernel_size 8 --two_conv_layer True --three_conv_layer True --kernel_size_1 4 --kernel_size_2 4 --kernel_size_3 4 --BK_in_first_layer True --BK_in_second_layer False --BK_in_third_layer False --stride_size 1 --hidden_filters_layer1 64 --hidden_filters_layer2 64 --hidden_filters_layer3 64 --lambda_class 1 --ratio_reg False --lambda_ratio_reg 1 --loss_min_distance_cl False --lambda_var_distance 1 --loss_distance_mean False --lambda_distance_mean 1 --Hmg_dst_loss False --lambda_hmg_dst 1 --uniq_code_dst_loss True --lambda_uniq_code_dst 10 --max_epoch_use_uniq_code_target 30 --dataset_balanced True --binary_z True --binary_first_conv False --binary_second_conv False --binary_third_conv True --exp_name mnist_struct_baseline_scheduler_binary_25_target_uc_3
Namespace(BK_in_first_layer=True, BK_in_second_layer=False, BK_in_third_layer=False, BN=False, C_max=25, C_stop_iter=100000.0, E1_AE=False, E1_VAE=False, E1_conv=False, E1_dense=False, E1_second_conv=False, E1_second_conv_adapt=False, GMP=True, Hmg_dst_loss=False, IPC=False, L1_norm_act=False, L1_norm_weights=False, L3_without_random=False, LOG_DIR='logs', adapt_lr=False, add_classification_layer=True, add_linear_after_GMP=True, add_z_struct_bottleneck=False, alpha=32, batch_size=250, beta=1, beta1=0.9, beta2=0.999, big_kernel=False, big_kernel_size=8, binary_chain=False, binary_first_conv=False, binary_second_conv=False, binary_third_conv=True, binary_z=True, both_decoders_freeze=False, ckpt_dir='checkpoints_CNN', ckpt_dir_scores='checkpoint_scores_CNN', classif_layer_size=30, contrastive_loss=False, cuda=True, dataset='mnist', dataset_balanced=True, decoder_first_dense=36, decoder_kernel_size_1=4, decoder_kernel_size_2=3, decoder_kernel_size_3=4, decoder_n_filter_1=64, decoder_n_filter_2=64, decoder_n_filter_3=64, decoder_stride_1=2, decoder_stride_2=2, decoder_stride_3=1, diff_var=False, display_step=10000, dset_dir='data', encoder_struct_name='mnist_struct_baseline_scheduler_binary_1_3', encoder_var_name='mnist_vae_var_deeper_2cb_1_1', exp_name='mnist_struct_baseline_scheduler_binary_25_target_uc_3', freeze_Encoder=True, gamma=1000, gpu_devices=[0], hidden_filters_layer1=64, hidden_filters_layer2=64, hidden_filters_layer3=64, image_size=64, intra_class_variance_loss=False, is_C=True, is_E1=False, is_VAE=False, is_VAE_var=False, is_binary_structural_latent=False, is_custom_model=False, is_custom_model_BK=False, is_default_model=False, is_encoder_struct=True, is_noise_stats=False, is_partial_rand_class=False, is_perturbed_score=False, is_zvar_sim_loss=False, just_train=False, kernel_size=4, kernel_size_1=4, kernel_size_2=4, kernel_size_3=4, lambda_BCE=1, lambda_Kl_struct=1, lambda_Kl_var=1, lambda_L1=0.01, lambda_VAE=1, lambda_class=1.0, lambda_contrastive_loss=1, lambda_distance_mean=1.0, lambda_hmg_dst=1.0, lambda_intra_class_var=1, lambda_partial_class=1, lambda_ratio_reg=1.0, lambda_recon_wt_rand=1, lambda_recons=1, lambda_uniq_code_dst=10.0, lambda_var_distance=1.0, lambda_var_inter=1, lambda_var_intra=1, lambda_zvar_sim=1, latent_spec_cont=None, latent_spec_cont_class=None, latent_spec_cont_var=None, latent_spec_disc=None, latent_spec_disc_class=None, latent_spec_disc_var=None, log_level='info', loss='Proxy_Anchor', loss_distance_mean=False, loss_min_distance_cl=False, lr=0.001, max_epoch_use_uniq_code_target=30.0, max_iter=100.0, model='CNN', mrg=0.1, nb_epochs_train_only_zvar=0, num_workers=2, old_weighted=False, optimizer='adamw', other_architecture=False, other_ratio=False, random_percentage=0.2, random_seed=10, randomness=True, ratio_reg=False, remark='', save_step=10000, second_layer_C=False, seed=1, stride_size=1, sz_embedding=5, three_conv_layer=True, train=True, train_var_struct_alternatively=False, two_conv_layer=True, two_encoder=False, uniq_code_dst_loss=True, use_VAE=False, use_decoder=False, use_early_stopping=True, use_scheduler=True, use_small_lr_encoder_var=False, use_structural_encoder=False, value_target_distance_mean=1, var_hidden_dim=256, var_hidden_filters_1=32, var_hidden_filters_2=32, var_hidden_filters_3=32, var_kernel_size_1=3, var_kernel_size_2=3, var_kernel_size_3=3, var_second_cnn_block=True, var_stride_size_1=1, var_stride_size_2=1, var_stride_size_3=1, var_third_cnn_block=False, var_three_conv_layer=False, warm=1, without_acc=False, z_struct_size=25, z_var_size=5, zeros_W_Classif=False, zvar_sim_change_zvar=False, zvar_sim_loss_for_all_model=False, zvar_sim_loss_only_for_encoder=False, zvar_sim_normal=False, zvar_sim_var_rand=False)
CUDA Visible devices !
[Using Seed: 10]
Balanced dataset loaded
USe encoder struct with pre trained weighs encoder, load it !
use 1 gpu who named: Tesla V100-SXM2-32GB
=> no checkpoint found at 'checkpoints_CNN/mnist_struct_baseline_scheduler_binary_25_target_uc_3/last'
Encoder_struct(
  (encoder_struct): Sequential(
    (0): Conv2d(1, 64, kernel_size=(8, 8), stride=(1, 1))
    (1): BatchNorm2d(64, eps=1e-05, momentum=0.1, affine=True, track_running_stats=True)
    (2): ReLU(inplace=True)
    (3): Conv2d(64, 64, kernel_size=(4, 4), stride=(1, 1))
    (4): BatchNorm2d(64, eps=1e-05, momentum=0.1, affine=True, track_running_stats=True)
    (5): ReLU(inplace=True)
    (6): Conv2d(64, 25, kernel_size=(4, 4), stride=(1, 1))
    (7): BatchNorm2d(25, eps=1e-05, momentum=0.1, affine=True, track_running_stats=True)
    (8): DeterministicBinaryActivation(
      (act): Hardsigmoid(
        (act): Hardtanh(min_val=-1.0, max_val=1.0)
      )
    )
    (9): AdaptiveMaxPool2d(output_size=(1, 1))
    (10): View()
    (11): Linear(in_features=25, out_features=10, bias=True)
  )
)
The number of parameters of model is 95951
1.0  Compute uniq code target:
30.0
Uniq code computing: lambda: 1.879528650772233e-11, score: 10.28, uniq codes: tensor([[1., 1., 1., 1., 1., 1., 1., 1., 1., 1., 1., 1., 1., 1., 1., 1., 1., 1.,
         1., 1., 1., 1., 1., 1., 1.],
        [1., 1., 1., 1., 1., 1., 1., 1., 1., 0., 1., 1., 1., 1., 1., 1., 1., 1.,
         1., 0., 1., 1., 1., 1., 1.],
        [1., 1., 1., 1., 1., 1., 1., 1., 1., 1., 1., 1., 1., 1., 1., 1., 1., 1.,
         1., 1., 1., 1., 1., 1., 1.],
        [1., 1., 1., 1., 1., 1., 1., 1., 1., 1., 1., 1., 1., 1., 1., 1., 1., 1.,
         1., 1., 1., 1., 1., 1., 1.],
        [1., 1., 1., 1., 1., 1., 1., 1., 1., 1., 1., 1., 1., 1., 1., 1., 1., 1.,
         1., 1., 1., 1., 1., 1., 1.],
        [1., 1., 1., 1., 1., 1., 1., 1., 1., 1., 1., 1., 1., 1., 1., 1., 1., 1.,
         1., 1., 1., 1., 1., 1., 1.],
        [1., 1., 1., 1., 1., 1., 1., 1., 1., 1., 1., 1., 1., 1., 1., 1., 1., 1.,
         1., 1., 1., 1., 1., 1., 1.],
        [1., 1., 1., 1., 1., 1., 1., 1., 1., 1., 1., 1., 1., 1., 1., 1., 1., 1.,
         1., 1., 1., 1., 1., 1., 1.],
        [1., 1., 1., 1., 1., 1., 1., 1., 1., 1., 1., 1., 1., 1., 1., 1., 1., 1.,
         1., 1., 1., 1., 1., 1., 1.],
        [1., 1., 1., 1., 1., 1., 1., 1., 1., 1., 1., 1., 1., 1., 1., 1., 1., 1.,
         1., 1., 1., 1., 1., 1., 1.]], device='cuda:0')
=> saved checkpoint 'checkpoints_CNN/mnist_struct_baseline_scheduler_binary_25_target_uc_3/last' (iter 270, epoch 1.0)
=> saved checkpoint 'checkpoint_scores_CNN/mnist_struct_baseline_scheduler_binary_25_target_uc_3/last' (iter 270, epoch 1.0)
[Save Checkpoint] epoch: [1.0], Train score:16.89833, Test score:16.52000, train loss:2.10229, test loss:2.08651, ratio_train_loss:0.00000,ratio_test_loss:0.00000, var distance inter class train:0.00000,var distance inter class test:0.00000
2.0  Compute uniq code target:
30.0
Uniq code computing: lambda: 5.109088846433352e-11, score: 21.63, uniq codes: tensor([[1., 1., 1., 1., 1., 1., 1., 1., 1., 1., 1., 1., 1., 1., 1., 1., 1., 1.,
         1., 1., 1., 1., 1., 1., 1.],
        [0., 1., 1., 1., 1., 0., 1., 1., 0., 0., 1., 1., 1., 1., 1., 1., 1., 1.,
         0., 0., 0., 1., 1., 1., 0.],
        [1., 1., 1., 1., 1., 1., 1., 1., 1., 1., 1., 1., 1., 1., 1., 1., 1., 1.,
         1., 1., 1., 1., 1., 1., 1.],
        [1., 1., 1., 1., 1., 1., 1., 1., 1., 1., 1., 1., 1., 1., 1., 1., 1., 1.,
         1., 1., 1., 1., 1., 1., 1.],
        [1., 1., 1., 1., 1., 1., 1., 1., 1., 1., 1., 1., 1., 1., 1., 1., 1., 1.,
         1., 1., 1., 1., 1., 1., 1.],
        [1., 1., 1., 1., 1., 1., 1., 1., 1., 1., 1., 1., 1., 1., 1., 1., 1., 1.,
         1., 1., 1., 1., 1., 1., 1.],
        [1., 1., 1., 1., 1., 1., 1., 1., 1., 1., 1., 1., 1., 1., 1., 1., 1., 1.,
         1., 1., 1., 1., 1., 1., 1.],
        [1., 1., 1., 1., 1., 1., 1., 1., 1., 1., 1., 1., 1., 1., 1., 1., 1., 1.,
         1., 1., 1., 1., 1., 1., 1.],
        [1., 1., 1., 1., 1., 1., 1., 1., 1., 1., 1., 1., 1., 1., 1., 1., 1., 1.,
         1., 1., 1., 1., 1., 1., 1.],
        [1., 1., 1., 1., 1., 1., 1., 1., 1., 1., 1., 1., 1., 1., 1., 1., 1., 1.,
         1., 1., 1., 1., 1., 1., 1.]], device='cuda:0')
=> saved checkpoint 'checkpoints_CNN/mnist_struct_baseline_scheduler_binary_25_target_uc_3/last' (iter 540, epoch 2.0)
=> saved checkpoint 'checkpoint_scores_CNN/mnist_struct_baseline_scheduler_binary_25_target_uc_3/last' (iter 540, epoch 2.0)
[Save Checkpoint] epoch: [2.0], Train score:56.64000, Test score:52.87000, train loss:1.64759, test loss:1.60881, ratio_train_loss:0.00000,ratio_test_loss:0.00000, var distance inter class train:0.00000,var distance inter class test:0.00000
3.0  Compute uniq code target:
30.0
Uniq code computing: lambda: 1.3887943572932215e-10, score: 40.17, uniq codes: tensor([[1., 1., 1., 1., 0., 1., 1., 1., 1., 0., 1., 1., 0., 1., 0., 1., 1., 1.,
         1., 0., 1., 1., 1., 1., 1.],
        [1., 1., 1., 1., 1., 0., 1., 1., 0., 0., 1., 1., 1., 1., 1., 1., 1., 1.,
         0., 0., 0., 1., 1., 1., 0.],
        [1., 1., 1., 1., 1., 1., 1., 1., 1., 1., 1., 1., 1., 1., 1., 1., 1., 1.,
         1., 1., 1., 1., 1., 1., 1.],
        [1., 1., 1., 1., 1., 1., 1., 0., 1., 1., 1., 1., 1., 0., 1., 1., 0., 1.,
         1., 1., 1., 1., 0., 0., 1.],
        [1., 1., 1., 1., 1., 1., 1., 1., 1., 1., 1., 1., 1., 1., 1., 1., 1., 1.,
         1., 1., 1., 1., 1., 1., 1.],
        [1., 1., 1., 1., 1., 1., 1., 1., 1., 1., 1., 1., 1., 1., 1., 1., 1., 1.,
         1., 1., 1., 1., 1., 1., 1.],
        [1., 1., 1., 1., 1., 1., 1., 1., 1., 1., 1., 1., 1., 1., 1., 1., 1., 1.,
         1., 1., 1., 1., 1., 1., 1.],
        [1., 1., 1., 1., 1., 1., 1., 1., 1., 1., 1., 1., 1., 1., 1., 1., 1., 1.,
         1., 1., 1., 1., 1., 1., 1.],
        [1., 1., 1., 1., 1., 1., 1., 1., 1., 1., 1., 1., 1., 1., 1., 1., 1., 1.,
         1., 1., 1., 1., 1., 1., 1.],
        [1., 1., 1., 1., 1., 1., 1., 1., 1., 1., 1., 1., 1., 1., 1., 1., 1., 1.,
         1., 1., 1., 1., 1., 1., 1.]], device='cuda:0')
=> saved checkpoint 'checkpoints_CNN/mnist_struct_baseline_scheduler_binary_25_target_uc_3/last' (iter 810, epoch 3.0)
=> saved checkpoint 'checkpoint_scores_CNN/mnist_struct_baseline_scheduler_binary_25_target_uc_3/last' (iter 810, epoch 3.0)
[Save Checkpoint] epoch: [3.0], Train score:76.83500, Test score:69.69000, train loss:1.18823, test loss:1.14883, ratio_train_loss:0.00000,ratio_test_loss:0.00000, var distance inter class train:0.00000,var distance inter class test:0.00000
4.0  Compute uniq code target:
30.0
Uniq code computing: lambda: 3.775134371775124e-10, score: 60.08, uniq codes: tensor([[1., 1., 1., 1., 0., 1., 1., 1., 1., 0., 1., 1., 0., 1., 0., 1., 1., 1.,
         1., 0., 1., 1., 1., 1., 1.],
        [0., 1., 1., 1., 1., 0., 1., 1., 0., 0., 1., 1., 1., 1., 1., 1., 1., 1.,
         0., 0., 0., 1., 1., 1., 0.],
        [1., 1., 1., 1., 1., 1., 1., 1., 1., 1., 1., 1., 1., 1., 1., 1., 1., 1.,
         1., 1., 1., 1., 1., 1., 1.],
        [1., 1., 1., 1., 1., 1., 1., 0., 1., 1., 1., 1., 1., 0., 1., 1., 0., 1.,
         1., 1., 1., 1., 0., 1., 1.],
        [1., 1., 1., 1., 0., 1., 1., 1., 1., 0., 1., 1., 1., 1., 1., 1., 1., 1.,
         1., 1., 1., 0., 1., 0., 0.],
        [1., 1., 1., 1., 1., 1., 1., 1., 1., 1., 1., 1., 1., 1., 1., 1., 1., 1.,
         1., 1., 1., 1., 1., 1., 1.],
        [1., 1., 1., 1., 0., 1., 1., 1., 1., 0., 1., 1., 1., 1., 0., 1., 1., 1.,
         1., 0., 1., 1., 1., 1., 1.],
        [1., 1., 1., 1., 1., 1., 1., 1., 1., 1., 1., 1., 1., 1., 1., 1., 1., 1.,
         1., 1., 1., 1., 1., 1., 1.],
        [1., 1., 1., 1., 1., 1., 1., 1., 1., 1., 1., 1., 1., 1., 1., 1., 1., 1.,
         1., 1., 1., 1., 1., 1., 1.],
        [1., 1., 1., 1., 0., 1., 1., 1., 1., 1., 0., 1., 1., 1., 1., 1., 1., 1.,
         0., 1., 1., 0., 1., 1., 1.]], device='cuda:0')
=> saved checkpoint 'checkpoints_CNN/mnist_struct_baseline_scheduler_binary_25_target_uc_3/last' (iter 1080, epoch 4.0)
=> saved checkpoint 'checkpoint_scores_CNN/mnist_struct_baseline_scheduler_binary_25_target_uc_3/last' (iter 1080, epoch 4.0)
[Save Checkpoint] epoch: [4.0], Train score:85.42167, Test score:75.90000, train loss:0.86625, test loss:0.84622, ratio_train_loss:0.00000,ratio_test_loss:0.00000, var distance inter class train:0.00000,var distance inter class test:0.00000
5.0  Compute uniq code target:
30.0
Uniq code computing: lambda: 1.0261879124229267e-09, score: 69.66, uniq codes: tensor([[1., 1., 1., 1., 0., 1., 1., 1., 1., 0., 1., 1., 0., 1., 0., 1., 1., 1.,
         1., 0., 1., 1., 1., 1., 1.],
        [1., 1., 1., 1., 1., 1., 1., 1., 0., 0., 1., 1., 1., 1., 1., 1., 1., 1.,
         1., 0., 1., 1., 1., 1., 0.],
        [1., 1., 1., 1., 1., 1., 1., 1., 1., 1., 1., 1., 1., 1., 1., 1., 1., 1.,
         1., 1., 1., 1., 1., 1., 1.],
        [1., 1., 1., 1., 1., 1., 1., 0., 1., 1., 1., 1., 1., 0., 1., 1., 0., 1.,
         1., 1., 1., 1., 0., 1., 1.],
        [1., 1., 1., 1., 0., 1., 1., 1., 1., 0., 1., 1., 1., 1., 1., 1., 1., 1.,
         1., 1., 1., 1., 1., 0., 0.],
        [1., 1., 1., 1., 1., 1., 1., 1., 1., 1., 1., 1., 1., 1., 1., 1., 1., 1.,
         1., 1., 1., 1., 1., 1., 1.],
        [1., 1., 1., 1., 0., 1., 1., 1., 0., 0., 0., 0., 1., 1., 0., 1., 1., 1.,
         1., 0., 1., 1., 1., 1., 1.],
        [1., 1., 1., 1., 1., 1., 1., 1., 1., 1., 1., 1., 1., 1., 1., 1., 1., 1.,
         1., 1., 1., 1., 1., 1., 1.],
        [1., 1., 1., 1., 1., 1., 1., 1., 1., 1., 1., 1., 1., 1., 1., 1., 1., 1.,
         1., 1., 1., 1., 1., 1., 1.],
        [1., 1., 1., 1., 0., 1., 1., 1., 1., 1., 0., 1., 1., 1., 1., 1., 1., 1.,
         0., 1., 1., 0., 1., 1., 1.]], device='cuda:0')
=> saved checkpoint 'checkpoints_CNN/mnist_struct_baseline_scheduler_binary_25_target_uc_3/last' (iter 1350, epoch 5.0)
=> saved checkpoint 'checkpoint_scores_CNN/mnist_struct_baseline_scheduler_binary_25_target_uc_3/last' (iter 1350, epoch 5.0)
[Save Checkpoint] epoch: [5.0], Train score:87.42167, Test score:77.58000, train loss:0.72551, test loss:0.71563, ratio_train_loss:0.00000,ratio_test_loss:0.00000, var distance inter class train:0.00000,var distance inter class test:0.00000
6.0  Compute uniq code target:
30.0
Uniq code computing: lambda: 2.7894682119722347e-09, score: 69.66, uniq codes: tensor([[1., 1., 1., 1., 0., 1., 1., 1., 1., 1., 1., 1., 0., 1., 0., 1., 1., 1.,
         1., 0., 1., 1., 1., 1., 1.],
        [1., 1., 1., 1., 1., 1., 1., 1., 0., 0., 1., 1., 1., 1., 1., 1., 1., 1.,
         1., 0., 1., 1., 1., 1., 0.],
        [1., 1., 1., 1., 1., 1., 1., 1., 1., 1., 1., 1., 1., 1., 1., 1., 1., 1.,
         1., 1., 1., 1., 1., 1., 1.],
        [1., 1., 1., 1., 1., 1., 1., 0., 1., 1., 1., 1., 1., 0., 1., 1., 0., 1.,
         1., 1., 1., 1., 1., 1., 1.],
        [1., 1., 1., 1., 0., 1., 1., 1., 1., 0., 1., 1., 1., 1., 1., 1., 1., 1.,
         1., 1., 1., 0., 1., 0., 0.],
        [1., 1., 1., 1., 1., 1., 1., 1., 1., 1., 1., 1., 1., 1., 1., 1., 1., 1.,
         1., 1., 1., 1., 1., 1., 1.],
        [1., 1., 1., 1., 0., 1., 1., 1., 0., 0., 0., 0., 1., 1., 1., 1., 1., 1.,
         1., 0., 1., 1., 1., 1., 1.],
        [1., 1., 1., 1., 1., 1., 1., 1., 1., 1., 1., 1., 1., 1., 1., 1., 1., 1.,
         1., 1., 1., 1., 1., 1., 1.],
        [1., 1., 1., 1., 1., 1., 1., 1., 1., 1., 0., 1., 1., 1., 1., 1., 1., 1.,
         0., 1., 1., 0., 1., 1., 1.],
        [1., 1., 1., 1., 0., 1., 1., 1., 1., 1., 0., 1., 1., 1., 1., 1., 1., 1.,
         0., 1., 1., 0., 1., 1., 1.]], device='cuda:0')
=> saved checkpoint 'checkpoints_CNN/mnist_struct_baseline_scheduler_binary_25_target_uc_3/last' (iter 1620, epoch 6.0)
=> saved checkpoint 'checkpoint_scores_CNN/mnist_struct_baseline_scheduler_binary_25_target_uc_3/last' (iter 1620, epoch 6.0)
[Save Checkpoint] epoch: [6.0], Train score:88.21667, Test score:78.42000, train loss:0.62187, test loss:0.61050, ratio_train_loss:0.00000,ratio_test_loss:0.00000, var distance inter class train:0.00000,var distance inter class test:0.00000
7.0  Compute uniq code target:
30.0
Uniq code computing: lambda: 7.582560357377588e-09, score: 69.66, uniq codes: tensor([[1., 1., 1., 1., 0., 1., 1., 1., 1., 1., 1., 1., 0., 1., 0., 1., 1., 1.,
         1., 0., 1., 1., 1., 1., 1.],
        [0., 1., 1., 1., 1., 1., 1., 1., 0., 0., 1., 1., 1., 1., 1., 1., 1., 1.,
         1., 0., 1., 1., 1., 1., 0.],
        [1., 1., 1., 1., 1., 1., 1., 1., 1., 1., 1., 1., 1., 1., 1., 1., 1., 1.,
         1., 1., 1., 1., 1., 1., 1.],
        [1., 1., 1., 1., 1., 1., 1., 0., 1., 1., 1., 1., 1., 0., 1., 1., 0., 1.,
         1., 1., 1., 1., 0., 0., 1.],
        [0., 1., 1., 1., 0., 1., 1., 1., 1., 0., 1., 1., 1., 1., 1., 1., 1., 1.,
         1., 1., 1., 0., 1., 0., 0.],
        [1., 1., 1., 1., 1., 1., 1., 1., 1., 1., 1., 1., 1., 1., 1., 1., 1., 1.,
         1., 1., 1., 1., 1., 1., 1.],
        [1., 1., 1., 1., 0., 1., 1., 1., 0., 0., 0., 0., 1., 1., 0., 1., 1., 1.,
         1., 0., 1., 1., 1., 0., 1.],
        [1., 1., 1., 1., 1., 1., 1., 1., 1., 1., 1., 1., 1., 1., 1., 1., 1., 1.,
         1., 1., 1., 1., 1., 1., 1.],
        [1., 1., 1., 1., 1., 1., 1., 1., 1., 1., 1., 1., 1., 1., 1., 1., 1., 1.,
         1., 1., 1., 1., 1., 1., 1.],
        [1., 1., 1., 1., 0., 1., 1., 1., 1., 1., 0., 1., 1., 1., 1., 1., 1., 1.,
         0., 1., 1., 0., 1., 1., 1.]], device='cuda:0')
=> saved checkpoint 'checkpoints_CNN/mnist_struct_baseline_scheduler_binary_25_target_uc_3/last' (iter 1890, epoch 7.0)
=> saved checkpoint 'checkpoint_scores_CNN/mnist_struct_baseline_scheduler_binary_25_target_uc_3/last' (iter 1890, epoch 7.0)
[Save Checkpoint] epoch: [7.0], Train score:91.84833, Test score:81.44000, train loss:0.49516, test loss:0.49517, ratio_train_loss:0.00000,ratio_test_loss:0.00000, var distance inter class train:0.00000,var distance inter class test:0.00000
8.0  Compute uniq code target:
30.0
Uniq code computing: lambda: 2.0611537365766708e-08, score: 69.66, uniq codes: tensor([[1., 1., 1., 1., 0., 1., 1., 1., 1., 0., 1., 1., 0., 1., 0., 1., 1., 1.,
         1., 0., 1., 1., 0., 1., 1.],
        [0., 1., 1., 1., 1., 1., 1., 1., 0., 0., 1., 1., 1., 1., 1., 1., 1., 1.,
         1., 0., 1., 1., 1., 1., 0.],
        [1., 1., 1., 1., 1., 1., 1., 1., 1., 1., 1., 1., 1., 1., 1., 1., 1., 1.,
         1., 1., 1., 1., 1., 1., 1.],
        [1., 1., 1., 1., 1., 1., 1., 0., 1., 1., 1., 1., 1., 0., 1., 1., 0., 1.,
         1., 1., 1., 1., 1., 1., 1.],
        [0., 1., 1., 1., 0., 1., 1., 1., 1., 0., 1., 1., 1., 1., 1., 1., 1., 1.,
         1., 1., 1., 0., 1., 0., 0.],
        [0., 1., 0., 1., 1., 1., 1., 1., 1., 1., 1., 1., 1., 1., 1., 0., 1., 1.,
         1., 1., 1., 1., 1., 1., 1.],
        [1., 1., 1., 1., 0., 1., 1., 1., 0., 0., 0., 0., 1., 1., 0., 1., 1., 1.,
         1., 0., 1., 1., 1., 0., 1.],
        [1., 1., 1., 1., 1., 1., 1., 1., 1., 1., 1., 1., 1., 1., 1., 1., 1., 1.,
         1., 1., 1., 1., 1., 1., 1.],
        [1., 1., 1., 1., 1., 1., 1., 1., 1., 1., 0., 1., 1., 1., 1., 1., 1., 1.,
         0., 1., 1., 1., 1., 1., 1.],
        [1., 1., 1., 1., 0., 1., 1., 1., 1., 1., 0., 1., 1., 1., 1., 1., 1., 1.,
         0., 1., 1., 0., 1., 1., 1.]], device='cuda:0')
=> saved checkpoint 'checkpoints_CNN/mnist_struct_baseline_scheduler_binary_25_target_uc_3/last' (iter 2160, epoch 8.0)
=> saved checkpoint 'checkpoint_scores_CNN/mnist_struct_baseline_scheduler_binary_25_target_uc_3/last' (iter 2160, epoch 8.0)
[Save Checkpoint] epoch: [8.0], Train score:92.99333, Test score:82.69000, train loss:0.45327, test loss:0.45173, ratio_train_loss:0.00000,ratio_test_loss:0.00000, var distance inter class train:0.00000,var distance inter class test:0.00000
9.0  Compute uniq code target:
30.0
Uniq code computing: lambda: 5.6027964490112936e-08, score: 89.68, uniq codes: tensor([[1., 1., 1., 1., 0., 1., 1., 1., 1., 0., 1., 1., 0., 1., 0., 1., 1., 1.,
         1., 0., 1., 1., 0., 1., 1.],
        [0., 1., 1., 1., 1., 1., 1., 1., 0., 0., 1., 1., 1., 1., 1., 1., 1., 1.,
         1., 0., 1., 1., 1., 1., 0.],
        [1., 1., 1., 1., 1., 1., 1., 1., 1., 1., 1., 1., 1., 1., 1., 1., 1., 1.,
         1., 1., 1., 1., 1., 1., 1.],
        [1., 1., 1., 1., 1., 1., 1., 0., 1., 1., 1., 1., 1., 0., 1., 1., 0., 1.,
         1., 1., 1., 1., 1., 1., 1.],
        [0., 1., 1., 1., 0., 1., 1., 1., 1., 0., 1., 1., 1., 1., 1., 1., 1., 1.,
         1., 1., 1., 0., 1., 0., 0.],
        [0., 1., 0., 1., 1., 1., 1., 1., 1., 1., 1., 1., 1., 1., 1., 0., 1., 1.,
         1., 1., 1., 1., 1., 1., 1.],
        [1., 1., 1., 1., 0., 1., 1., 1., 0., 0., 0., 0., 1., 1., 0., 1., 1., 1.,
         1., 0., 1., 1., 1., 0., 1.],
        [1., 1., 1., 0., 1., 0., 1., 1., 1., 1., 1., 1., 1., 1., 1., 1., 1., 1.,
         1., 1., 0., 1., 1., 1., 1.],
        [1., 1., 1., 1., 1., 1., 0., 1., 1., 1., 0., 0., 1., 1., 1., 1., 1., 0.,
         0., 1., 1., 0., 1., 1., 1.],
        [1., 1., 1., 1., 0., 1., 1., 1., 1., 1., 0., 1., 1., 1., 1., 1., 1., 1.,
         0., 1., 1., 0., 1., 1., 1.]], device='cuda:0')
=> saved checkpoint 'checkpoints_CNN/mnist_struct_baseline_scheduler_binary_25_target_uc_3/last' (iter 2430, epoch 9.0)
=> saved checkpoint 'checkpoint_scores_CNN/mnist_struct_baseline_scheduler_binary_25_target_uc_3/last' (iter 2430, epoch 9.0)
[Save Checkpoint] epoch: [9.0], Train score:98.10000, Test score:86.92000, train loss:0.34513, test loss:0.35134, ratio_train_loss:0.00000,ratio_test_loss:0.00000, var distance inter class train:0.00000,var distance inter class test:0.00000
10.0  Compute uniq code target:
30.0
Uniq code computing: lambda: 1.5229979055675358e-07, score: 89.68, uniq codes: tensor([[1., 1., 1., 1., 0., 1., 1., 1., 1., 0., 1., 1., 0., 1., 0., 1., 1., 1.,
         1., 0., 1., 1., 0., 1., 1.],
        [0., 1., 1., 1., 1., 1., 1., 1., 0., 0., 1., 1., 1., 1., 1., 1., 1., 1.,
         1., 0., 1., 1., 1., 1., 0.],
        [1., 1., 1., 1., 1., 1., 1., 1., 1., 1., 1., 1., 1., 1., 1., 1., 1., 1.,
         1., 1., 1., 1., 1., 1., 1.],
        [1., 1., 1., 1., 1., 1., 1., 0., 1., 1., 1., 1., 1., 0., 1., 1., 0., 1.,
         1., 1., 1., 1., 1., 1., 1.],
        [0., 1., 1., 1., 0., 1., 1., 1., 1., 0., 1., 1., 1., 1., 1., 1., 1., 1.,
         1., 1., 1., 0., 1., 0., 0.],
        [0., 1., 0., 1., 1., 1., 1., 1., 1., 1., 1., 1., 1., 1., 1., 0., 1., 1.,
         1., 1., 1., 1., 1., 1., 1.],
        [1., 1., 1., 1., 0., 1., 1., 1., 0., 0., 0., 0., 1., 1., 1., 1., 1., 1.,
         1., 0., 1., 1., 1., 0., 1.],
        [1., 1., 1., 0., 1., 0., 1., 1., 1., 1., 1., 1., 1., 1., 1., 1., 1., 1.,
         1., 1., 0., 1., 1., 1., 1.],
        [1., 1., 1., 1., 1., 1., 1., 1., 1., 1., 0., 1., 1., 1., 1., 1., 1., 1.,
         1., 1., 1., 1., 1., 1., 1.],
        [1., 1., 1., 1., 0., 1., 1., 1., 1., 1., 0., 1., 1., 1., 1., 1., 1., 1.,
         0., 1., 1., 0., 1., 1., 1.]], device='cuda:0')
=> saved checkpoint 'checkpoints_CNN/mnist_struct_baseline_scheduler_binary_25_target_uc_3/last' (iter 2700, epoch 10.0)
=> saved checkpoint 'checkpoint_scores_CNN/mnist_struct_baseline_scheduler_binary_25_target_uc_3/last' (iter 2700, epoch 10.0)
[Save Checkpoint] epoch: [10.0], Train score:98.48167, Test score:87.00000, train loss:0.31938, test loss:0.33132, ratio_train_loss:0.00000,ratio_test_loss:0.00000, var distance inter class train:0.00000,var distance inter class test:0.00000
11.0  Compute uniq code target:
30.0
Uniq code computing: lambda: 4.139937459513021e-07, score: 79.94, uniq codes: tensor([[1., 1., 1., 1., 0., 1., 1., 1., 1., 0., 1., 1., 0., 1., 0., 1., 1., 1.,
         1., 0., 1., 1., 0., 1., 1.],
        [0., 1., 1., 1., 1., 1., 1., 1., 0., 0., 1., 1., 1., 1., 1., 1., 1., 1.,
         1., 0., 1., 1., 1., 1., 0.],
        [1., 1., 1., 1., 1., 1., 1., 1., 1., 1., 1., 1., 1., 1., 1., 1., 1., 1.,
         1., 1., 1., 1., 1., 1., 1.],
        [1., 1., 1., 1., 1., 1., 1., 0., 1., 1., 1., 1., 1., 0., 1., 1., 0., 1.,
         1., 1., 1., 1., 1., 1., 1.],
        [0., 1., 1., 1., 0., 1., 1., 1., 1., 0., 1., 1., 1., 1., 1., 1., 1., 1.,
         1., 1., 1., 0., 1., 0., 0.],
        [0., 1., 0., 1., 1., 1., 1., 1., 1., 1., 1., 1., 1., 1., 1., 0., 1., 1.,
         1., 1., 1., 1., 1., 1., 1.],
        [1., 1., 1., 1., 0., 1., 1., 1., 0., 0., 0., 0., 1., 1., 0., 1., 1., 1.,
         1., 0., 1., 1., 1., 0., 1.],
        [1., 1., 1., 0., 1., 0., 1., 1., 1., 1., 1., 1., 1., 1., 1., 1., 1., 1.,
         1., 1., 0., 1., 1., 1., 1.],
        [1., 1., 1., 1., 1., 1., 1., 1., 1., 1., 0., 1., 1., 1., 1., 1., 1., 1.,
         0., 1., 1., 0., 1., 1., 1.],
        [1., 1., 1., 1., 0., 1., 1., 1., 1., 1., 0., 1., 1., 1., 1., 1., 1., 1.,
         0., 1., 1., 0., 1., 1., 1.]], device='cuda:0')
=> saved checkpoint 'checkpoints_CNN/mnist_struct_baseline_scheduler_binary_25_target_uc_3/last' (iter 2970, epoch 11.0)
=> saved checkpoint 'checkpoint_scores_CNN/mnist_struct_baseline_scheduler_binary_25_target_uc_3/last' (iter 2970, epoch 11.0)
[Save Checkpoint] epoch: [11.0], Train score:100.28333, Test score:88.99000, train loss:0.26247, test loss:0.26993, ratio_train_loss:0.00000,ratio_test_loss:0.00000, var distance inter class train:0.00000,var distance inter class test:0.00000
12.0  Compute uniq code target:
30.0
Uniq code computing: lambda: 1.1253517868681229e-06, score: 90.26, uniq codes: tensor([[1., 1., 1., 1., 0., 1., 1., 1., 1., 0., 1., 1., 0., 1., 0., 1., 1., 1.,
         1., 0., 1., 1., 0., 1., 1.],
        [0., 1., 1., 1., 1., 1., 1., 1., 0., 0., 1., 1., 1., 1., 1., 1., 1., 1.,
         1., 0., 1., 1., 1., 1., 0.],
        [1., 1., 0., 1., 1., 1., 1., 0., 1., 0., 1., 1., 1., 0., 1., 1., 0., 0.,
         1., 1., 1., 1., 1., 1., 1.],
        [1., 1., 1., 1., 1., 1., 1., 0., 1., 1., 1., 1., 1., 0., 1., 1., 0., 1.,
         1., 1., 1., 1., 0., 0., 1.],
        [0., 0., 1., 1., 0., 1., 1., 1., 1., 0., 1., 1., 1., 1., 1., 1., 1., 1.,
         1., 1., 1., 0., 1., 0., 0.],
        [0., 1., 0., 1., 1., 1., 1., 1., 1., 1., 1., 1., 1., 1., 1., 0., 1., 1.,
         1., 1., 1., 1., 1., 1., 1.],
        [1., 1., 1., 1., 0., 1., 1., 1., 0., 0., 0., 0., 1., 1., 0., 1., 1., 1.,
         1., 0., 1., 1., 1., 0., 1.],
        [1., 1., 1., 0., 1., 0., 1., 1., 1., 1., 1., 1., 1., 1., 1., 1., 1., 1.,
         1., 1., 0., 1., 1., 1., 1.],
        [1., 1., 1., 1., 1., 1., 1., 1., 1., 1., 0., 1., 1., 1., 1., 1., 1., 1.,
         0., 1., 1., 0., 1., 1., 1.],
        [1., 1., 1., 1., 0., 1., 1., 1., 1., 1., 0., 1., 1., 1., 1., 1., 1., 1.,
         0., 1., 1., 0., 0., 1., 1.]], device='cuda:0')
=> saved checkpoint 'checkpoints_CNN/mnist_struct_baseline_scheduler_binary_25_target_uc_3/last' (iter 3240, epoch 12.0)
=> saved checkpoint 'checkpoint_scores_CNN/mnist_struct_baseline_scheduler_binary_25_target_uc_3/last' (iter 3240, epoch 12.0)
[Save Checkpoint] epoch: [12.0], Train score:101.07500, Test score:89.18000, train loss:0.24046, test loss:0.25616, ratio_train_loss:0.00000,ratio_test_loss:0.00000, var distance inter class train:0.00000,var distance inter class test:0.00000
13.0  Compute uniq code target:
30.0
Uniq code computing: lambda: 3.0590231290261727e-06, score: 79.94, uniq codes: tensor([[1., 0., 1., 1., 0., 1., 1., 1., 1., 0., 1., 1., 0., 1., 0., 1., 1., 1.,
         1., 0., 1., 1., 0., 1., 1.],
        [0., 1., 1., 1., 1., 0., 1., 1., 0., 0., 1., 1., 1., 1., 1., 1., 1., 1.,
         1., 0., 1., 1., 1., 1., 0.],
        [1., 1., 1., 1., 1., 1., 1., 1., 1., 1., 1., 1., 1., 1., 1., 1., 1., 1.,
         1., 1., 1., 1., 1., 1., 1.],
        [1., 1., 1., 1., 1., 1., 1., 0., 1., 1., 1., 1., 1., 0., 1., 1., 0., 1.,
         1., 1., 1., 1., 0., 0., 1.],
        [0., 0., 1., 1., 0., 1., 1., 1., 1., 0., 1., 1., 1., 1., 1., 1., 1., 1.,
         1., 1., 1., 0., 1., 0., 0.],
        [0., 1., 0., 1., 1., 1., 1., 1., 1., 1., 1., 1., 1., 1., 1., 0., 1., 1.,
         1., 1., 1., 1., 1., 1., 1.],
        [1., 1., 1., 1., 0., 1., 1., 1., 0., 0., 0., 0., 1., 1., 0., 1., 1., 1.,
         1., 0., 1., 1., 1., 0., 1.],
        [1., 1., 1., 0., 1., 0., 1., 1., 1., 1., 1., 1., 1., 1., 1., 1., 1., 1.,
         1., 1., 0., 1., 1., 1., 1.],
        [1., 1., 1., 1., 1., 1., 1., 1., 1., 1., 0., 1., 1., 1., 1., 1., 1., 1.,
         0., 1., 1., 0., 1., 1., 1.],
        [1., 1., 1., 1., 0., 1., 1., 1., 1., 1., 0., 1., 1., 1., 1., 1., 1., 1.,
         0., 1., 1., 0., 0., 1., 1.]], device='cuda:0')
=> saved checkpoint 'checkpoints_CNN/mnist_struct_baseline_scheduler_binary_25_target_uc_3/last' (iter 3510, epoch 13.0)
=> saved checkpoint 'checkpoint_scores_CNN/mnist_struct_baseline_scheduler_binary_25_target_uc_3/last' (iter 3510, epoch 13.0)
[Save Checkpoint] epoch: [13.0], Train score:101.36000, Test score:90.08000, train loss:0.23070, test loss:0.24032, ratio_train_loss:0.00000,ratio_test_loss:0.00000, var distance inter class train:0.00000,var distance inter class test:0.00000
14.0  Compute uniq code target:
30.0
Uniq code computing: lambda: 8.315286322613247e-06, score: 90.26, uniq codes: tensor([[1., 0., 1., 1., 0., 1., 1., 1., 1., 0., 1., 1., 0., 1., 0., 1., 1., 1.,
         1., 0., 1., 1., 0., 1., 1.],
        [0., 1., 1., 1., 1., 1., 1., 1., 0., 0., 1., 1., 1., 1., 1., 1., 1., 1.,
         1., 0., 1., 1., 1., 1., 0.],
        [1., 1., 1., 1., 1., 1., 1., 0., 1., 1., 1., 1., 1., 1., 1., 1., 1., 1.,
         1., 1., 1., 1., 1., 1., 1.],
        [1., 1., 1., 1., 1., 1., 1., 0., 1., 1., 1., 1., 1., 0., 1., 1., 0., 1.,
         1., 1., 1., 1., 0., 0., 1.],
        [0., 1., 1., 1., 0., 1., 1., 1., 1., 0., 1., 1., 1., 1., 1., 1., 1., 1.,
         1., 1., 1., 0., 1., 0., 0.],
        [0., 1., 0., 1., 1., 1., 1., 1., 1., 1., 1., 1., 1., 1., 1., 0., 1., 1.,
         1., 1., 1., 1., 1., 1., 1.],
        [1., 1., 1., 1., 0., 1., 1., 1., 0., 0., 0., 0., 1., 1., 0., 1., 1., 1.,
         1., 0., 1., 1., 1., 0., 1.],
        [1., 1., 1., 0., 1., 0., 1., 1., 1., 1., 1., 1., 1., 1., 1., 1., 1., 1.,
         1., 1., 0., 1., 1., 1., 1.],
        [1., 1., 1., 1., 1., 1., 1., 1., 1., 1., 0., 1., 1., 1., 1., 1., 1., 1.,
         0., 1., 1., 0., 1., 1., 1.],
        [1., 1., 1., 1., 0., 1., 1., 1., 1., 1., 0., 1., 1., 1., 1., 1., 1., 1.,
         0., 1., 1., 0., 0., 1., 1.]], device='cuda:0')
=> saved checkpoint 'checkpoints_CNN/mnist_struct_baseline_scheduler_binary_25_target_uc_3/last' (iter 3780, epoch 14.0)
=> saved checkpoint 'checkpoint_scores_CNN/mnist_struct_baseline_scheduler_binary_25_target_uc_3/last' (iter 3780, epoch 14.0)
EarlyStopping counter: 1 out of 25
[Save Checkpoint] epoch: [14.0], Train score:100.93333, Test score:89.41000, train loss:0.23371, test loss:0.24641, ratio_train_loss:0.00000,ratio_test_loss:0.00000, var distance inter class train:0.00000,var distance inter class test:0.00000
15.0  Compute uniq code target:
30.0
Uniq code computing: lambda: 2.2603293473366648e-05, score: 90.26, uniq codes: tensor([[1., 1., 1., 1., 0., 1., 1., 1., 1., 0., 1., 1., 0., 1., 0., 1., 1., 1.,
         1., 0., 1., 1., 0., 1., 1.],
        [0., 1., 1., 1., 1., 1., 1., 1., 0., 0., 1., 1., 1., 1., 1., 1., 1., 1.,
         1., 0., 1., 1., 1., 1., 0.],
        [1., 1., 0., 1., 1., 1., 1., 0., 1., 0., 1., 1., 1., 0., 1., 1., 0., 0.,
         1., 1., 1., 1., 1., 1., 1.],
        [1., 1., 1., 1., 1., 1., 1., 0., 1., 1., 1., 1., 1., 0., 1., 1., 0., 1.,
         1., 1., 1., 1., 0., 0., 1.],
        [0., 1., 1., 1., 0., 1., 1., 1., 1., 0., 1., 1., 1., 1., 1., 1., 1., 1.,
         1., 1., 1., 0., 1., 0., 0.],
        [0., 1., 0., 1., 1., 1., 1., 1., 1., 1., 1., 1., 1., 1., 1., 0., 1., 1.,
         1., 1., 1., 1., 1., 1., 1.],
        [0., 1., 1., 1., 0., 1., 1., 1., 0., 0., 0., 0., 1., 1., 0., 1., 1., 1.,
         1., 0., 1., 1., 1., 0., 1.],
        [1., 1., 1., 0., 1., 0., 1., 1., 1., 1., 1., 1., 1., 1., 1., 1., 1., 1.,
         1., 1., 0., 1., 1., 1., 1.],
        [1., 1., 1., 1., 1., 1., 1., 1., 1., 1., 0., 1., 1., 1., 1., 1., 1., 1.,
         0., 1., 1., 0., 1., 1., 1.],
        [1., 1., 1., 1., 0., 1., 1., 1., 1., 1., 0., 1., 1., 1., 1., 1., 1., 1.,
         0., 1., 1., 0., 0., 1., 1.]], device='cuda:0')
=> saved checkpoint 'checkpoints_CNN/mnist_struct_baseline_scheduler_binary_25_target_uc_3/last' (iter 4050, epoch 15.0)
=> saved checkpoint 'checkpoint_scores_CNN/mnist_struct_baseline_scheduler_binary_25_target_uc_3/last' (iter 4050, epoch 15.0)
[Save Checkpoint] epoch: [15.0], Train score:102.26000, Test score:90.16000, train loss:0.19962, test loss:0.22400, ratio_train_loss:0.00000,ratio_test_loss:0.00000, var distance inter class train:0.00000,var distance inter class test:0.00000
16.0  Compute uniq code target:
30.0
Uniq code computing: lambda: 6.144212238723412e-05, score: 90.26, uniq codes: tensor([[1., 1., 1., 1., 0., 1., 1., 1., 1., 0., 1., 1., 0., 1., 0., 1., 1., 1.,
         1., 0., 1., 1., 0., 1., 1.],
        [0., 1., 1., 1., 1., 1., 1., 1., 0., 0., 1., 1., 1., 1., 1., 1., 1., 1.,
         1., 0., 1., 1., 1., 1., 0.],
        [1., 0., 0., 1., 1., 1., 1., 0., 1., 0., 1., 1., 1., 0., 1., 1., 0., 0.,
         1., 1., 1., 1., 1., 1., 1.],
        [1., 1., 1., 1., 1., 1., 1., 0., 1., 1., 1., 1., 1., 0., 1., 1., 0., 1.,
         1., 1., 1., 1., 1., 0., 1.],
        [0., 0., 1., 1., 0., 1., 1., 1., 1., 0., 1., 1., 1., 1., 1., 1., 1., 1.,
         1., 1., 1., 0., 1., 0., 0.],
        [0., 1., 0., 1., 1., 1., 1., 1., 1., 1., 1., 1., 1., 1., 1., 0., 1., 1.,
         1., 1., 1., 1., 1., 1., 1.],
        [1., 1., 1., 1., 0., 1., 1., 1., 0., 0., 0., 0., 1., 1., 0., 1., 1., 1.,
         1., 0., 1., 1., 1., 0., 1.],
        [1., 1., 1., 0., 1., 0., 1., 1., 1., 1., 1., 1., 1., 1., 1., 1., 1., 1.,
         1., 1., 0., 1., 1., 1., 1.],
        [1., 1., 1., 1., 1., 1., 1., 1., 1., 1., 0., 1., 1., 1., 1., 1., 1., 1.,
         0., 1., 1., 0., 1., 1., 1.],
        [1., 1., 1., 1., 0., 1., 1., 1., 1., 1., 0., 1., 1., 1., 1., 1., 1., 1.,
         0., 1., 1., 0., 1., 1., 1.]], device='cuda:0')
=> saved checkpoint 'checkpoints_CNN/mnist_struct_baseline_scheduler_binary_25_target_uc_3/last' (iter 4320, epoch 16.0)
=> saved checkpoint 'checkpoint_scores_CNN/mnist_struct_baseline_scheduler_binary_25_target_uc_3/last' (iter 4320, epoch 16.0)
[Save Checkpoint] epoch: [16.0], Train score:102.89500, Test score:90.62000, train loss:0.18274, test loss:0.20732, ratio_train_loss:0.00000,ratio_test_loss:0.00000, var distance inter class train:0.00000,var distance inter class test:0.00000
17.0  Compute uniq code target:
30.0
Uniq code computing: lambda: 0.00016701700224075466, score: 100.0, uniq codes: tensor([[1., 1., 1., 1., 0., 1., 1., 1., 1., 0., 1., 1., 0., 1., 0., 1., 1., 1.,
         1., 0., 1., 1., 0., 1., 1.],
        [0., 1., 1., 1., 1., 0., 1., 1., 0., 0., 1., 1., 1., 1., 1., 1., 1., 1.,
         1., 0., 1., 1., 1., 1., 0.],
        [1., 0., 0., 1., 1., 1., 1., 0., 1., 0., 1., 1., 1., 1., 1., 1., 0., 0.,
         1., 1., 1., 1., 1., 1., 1.],
        [1., 1., 1., 1., 1., 1., 1., 0., 1., 1., 1., 1., 1., 0., 1., 1., 0., 1.,
         1., 1., 1., 1., 1., 1., 1.],
        [0., 1., 1., 1., 0., 1., 1., 1., 1., 0., 1., 1., 1., 1., 1., 1., 1., 1.,
         1., 1., 1., 0., 1., 0., 0.],
        [0., 1., 0., 1., 1., 1., 1., 1., 1., 1., 1., 1., 1., 1., 1., 0., 1., 1.,
         1., 1., 1., 1., 1., 1., 1.],
        [1., 1., 1., 1., 0., 1., 1., 1., 0., 0., 0., 0., 1., 1., 0., 1., 1., 1.,
         1., 0., 1., 1., 1., 0., 1.],
        [1., 1., 1., 0., 1., 0., 1., 1., 1., 1., 1., 1., 1., 1., 1., 1., 1., 1.,
         1., 1., 0., 1., 1., 1., 1.],
        [1., 1., 0., 1., 1., 1., 0., 1., 1., 1., 0., 0., 0., 1., 1., 1., 1., 0.,
         0., 1., 1., 0., 1., 1., 1.],
        [1., 1., 1., 1., 0., 1., 1., 1., 1., 1., 0., 1., 1., 1., 1., 1., 1., 1.,
         0., 1., 1., 0., 0., 1., 1.]], device='cuda:0')
=> saved checkpoint 'checkpoints_CNN/mnist_struct_baseline_scheduler_binary_25_target_uc_3/last' (iter 4590, epoch 17.0)
=> saved checkpoint 'checkpoint_scores_CNN/mnist_struct_baseline_scheduler_binary_25_target_uc_3/last' (iter 4590, epoch 17.0)
[Save Checkpoint] epoch: [17.0], Train score:104.22667, Test score:91.82000, train loss:0.13928, test loss:0.16921, ratio_train_loss:0.00000,ratio_test_loss:0.00000, var distance inter class train:0.00000,var distance inter class test:0.00000
18.0  Compute uniq code target:
30.0
Uniq code computing: lambda: 0.00045399926602840424, score: 100.0, uniq codes: tensor([[1., 1., 1., 1., 0., 1., 1., 1., 1., 0., 1., 1., 0., 1., 0., 1., 1., 1.,
         1., 0., 1., 1., 0., 1., 1.],
        [0., 1., 1., 1., 1., 0., 1., 1., 0., 0., 1., 1., 1., 1., 1., 1., 1., 1.,
         1., 0., 1., 1., 1., 1., 0.],
        [1., 0., 0., 1., 1., 1., 1., 0., 1., 0., 1., 1., 1., 0., 1., 1., 0., 0.,
         1., 1., 1., 1., 1., 1., 1.],
        [1., 1., 1., 1., 1., 1., 1., 0., 1., 1., 1., 1., 1., 0., 1., 1., 0., 1.,
         1., 1., 1., 1., 0., 0., 1.],
        [0., 1., 1., 1., 0., 1., 1., 1., 1., 0., 1., 1., 1., 1., 1., 1., 1., 1.,
         1., 1., 1., 0., 1., 0., 1.],
        [0., 1., 0., 1., 1., 1., 1., 1., 1., 1., 1., 1., 1., 1., 1., 0., 1., 1.,
         1., 1., 1., 1., 1., 1., 1.],
        [0., 1., 1., 0., 0., 1., 1., 1., 0., 0., 0., 0., 1., 1., 0., 1., 1., 1.,
         1., 0., 1., 1., 1., 0., 1.],
        [1., 1., 1., 0., 1., 0., 1., 1., 1., 1., 1., 1., 1., 1., 1., 1., 1., 1.,
         1., 1., 0., 1., 1., 1., 1.],
        [1., 1., 0., 1., 1., 1., 0., 1., 1., 1., 0., 0., 1., 1., 1., 1., 1., 0.,
         0., 1., 1., 0., 1., 1., 1.],
        [1., 1., 1., 1., 0., 1., 1., 1., 1., 1., 0., 1., 1., 1., 1., 1., 1., 1.,
         0., 1., 1., 0., 0., 1., 1.]], device='cuda:0')
=> saved checkpoint 'checkpoints_CNN/mnist_struct_baseline_scheduler_binary_25_target_uc_3/last' (iter 4860, epoch 18.0)
=> saved checkpoint 'checkpoint_scores_CNN/mnist_struct_baseline_scheduler_binary_25_target_uc_3/last' (iter 4860, epoch 18.0)
EarlyStopping counter: 1 out of 25
[Save Checkpoint] epoch: [18.0], Train score:104.31167, Test score:91.92000, train loss:0.13607, test loss:0.16402, ratio_train_loss:0.00000,ratio_test_loss:0.00000, var distance inter class train:0.00000,var distance inter class test:0.00000
19.0  Compute uniq code target:
30.0
Uniq code computing: lambda: 0.001234097988344729, score: 100.0, uniq codes: tensor([[1., 1., 1., 1., 0., 1., 1., 1., 1., 0., 1., 1., 0., 1., 0., 1., 1., 1.,
         1., 0., 1., 1., 0., 1., 1.],
        [0., 1., 1., 1., 1., 0., 1., 1., 0., 0., 1., 1., 1., 1., 1., 1., 1., 1.,
         1., 0., 1., 1., 1., 1., 0.],
        [1., 0., 0., 1., 1., 1., 1., 0., 1., 0., 1., 1., 1., 0., 1., 1., 0., 0.,
         1., 1., 1., 1., 1., 1., 1.],
        [1., 1., 1., 1., 1., 1., 1., 0., 1., 1., 1., 1., 1., 0., 1., 1., 0., 1.,
         1., 1., 1., 1., 0., 0., 1.],
        [0., 1., 1., 1., 0., 1., 1., 1., 1., 0., 1., 1., 1., 1., 1., 1., 1., 1.,
         1., 1., 1., 0., 1., 0., 0.],
        [0., 1., 0., 1., 1., 1., 1., 1., 1., 1., 1., 1., 1., 1., 1., 0., 1., 1.,
         1., 1., 1., 1., 1., 1., 1.],
        [1., 1., 1., 1., 0., 1., 1., 1., 0., 0., 0., 0., 1., 1., 0., 1., 1., 1.,
         1., 0., 1., 1., 1., 0., 1.],
        [1., 1., 1., 0., 1., 0., 1., 1., 1., 1., 1., 1., 1., 1., 1., 1., 1., 1.,
         1., 1., 0., 1., 1., 1., 1.],
        [1., 1., 0., 1., 1., 1., 0., 1., 1., 1., 0., 0., 1., 1., 1., 1., 1., 0.,
         0., 1., 1., 0., 1., 1., 1.],
        [1., 1., 1., 1., 0., 1., 1., 1., 1., 1., 0., 1., 1., 1., 1., 1., 1., 1.,
         0., 1., 1., 0., 0., 1., 1.]], device='cuda:0')
=> saved checkpoint 'checkpoints_CNN/mnist_struct_baseline_scheduler_binary_25_target_uc_3/last' (iter 5130, epoch 19.0)
=> saved checkpoint 'checkpoint_scores_CNN/mnist_struct_baseline_scheduler_binary_25_target_uc_3/last' (iter 5130, epoch 19.0)
EarlyStopping counter: 2 out of 25
[Save Checkpoint] epoch: [19.0], Train score:104.23833, Test score:91.33000, train loss:0.13505, test loss:0.17621, ratio_train_loss:0.00000,ratio_test_loss:0.00000, var distance inter class train:0.00000,var distance inter class test:0.00000
20.0  Compute uniq code target:
30.0
Uniq code computing: lambda: 0.00335462624207139, score: 100.0, uniq codes: tensor([[1., 1., 1., 1., 0., 1., 1., 1., 1., 0., 1., 1., 0., 1., 0., 1., 1., 1.,
         1., 0., 1., 1., 0., 1., 1.],
        [0., 1., 1., 1., 1., 0., 1., 1., 0., 0., 1., 1., 1., 1., 1., 1., 1., 1.,
         1., 0., 1., 1., 1., 1., 0.],
        [1., 1., 0., 1., 1., 1., 1., 0., 1., 0., 1., 1., 1., 0., 1., 1., 0., 0.,
         1., 1., 1., 1., 1., 1., 1.],
        [1., 1., 1., 1., 1., 1., 1., 0., 1., 1., 1., 1., 1., 0., 1., 1., 0., 1.,
         1., 1., 1., 1., 0., 0., 1.],
        [0., 0., 1., 1., 0., 1., 1., 1., 1., 0., 1., 1., 1., 1., 1., 1., 1., 1.,
         1., 1., 1., 0., 1., 0., 0.],
        [0., 1., 0., 1., 1., 1., 1., 1., 1., 1., 1., 1., 1., 1., 1., 0., 1., 1.,
         1., 1., 1., 1., 1., 1., 1.],
        [0., 1., 1., 0., 0., 1., 1., 1., 0., 0., 0., 0., 1., 1., 0., 1., 1., 1.,
         1., 0., 1., 1., 1., 0., 1.],
        [1., 1., 1., 0., 1., 0., 1., 1., 1., 1., 1., 1., 1., 1., 1., 1., 1., 1.,
         1., 1., 0., 1., 1., 1., 1.],
        [1., 1., 0., 1., 1., 1., 0., 1., 1., 1., 0., 0., 0., 1., 1., 1., 1., 0.,
         0., 1., 1., 0., 1., 1., 1.],
        [1., 1., 1., 1., 0., 1., 1., 1., 1., 1., 0., 1., 1., 1., 1., 1., 1., 1.,
         0., 1., 1., 0., 0., 1., 1.]], device='cuda:0')
=> saved checkpoint 'checkpoints_CNN/mnist_struct_baseline_scheduler_binary_25_target_uc_3/last' (iter 5400, epoch 20.0)
=> saved checkpoint 'checkpoint_scores_CNN/mnist_struct_baseline_scheduler_binary_25_target_uc_3/last' (iter 5400, epoch 20.0)
EarlyStopping counter: 3 out of 25
[Save Checkpoint] epoch: [20.0], Train score:105.04167, Test score:92.23000, train loss:0.11346, test loss:0.15275, ratio_train_loss:0.00000,ratio_test_loss:0.00000, var distance inter class train:0.00000,var distance inter class test:0.00000
21.0  Compute uniq code target:
30.0
Uniq code computing: lambda: 0.009118819609284401, score: 100.0, uniq codes: tensor([[1., 1., 1., 1., 0., 1., 1., 1., 1., 0., 1., 1., 0., 1., 0., 1., 1., 1.,
         1., 0., 1., 1., 0., 1., 1.],
        [0., 1., 1., 1., 1., 0., 1., 1., 0., 0., 1., 1., 1., 1., 1., 1., 1., 1.,
         1., 0., 1., 1., 1., 1., 0.],
        [1., 0., 0., 1., 1., 1., 1., 0., 1., 0., 1., 1., 1., 1., 1., 1., 0., 0.,
         1., 1., 1., 1., 1., 1., 1.],
        [1., 1., 1., 1., 1., 1., 1., 0., 1., 1., 1., 1., 1., 0., 1., 0., 0., 1.,
         1., 1., 1., 1., 0., 0., 1.],
        [0., 1., 1., 1., 0., 1., 1., 1., 1., 0., 1., 1., 1., 1., 1., 1., 1., 1.,
         1., 1., 1., 0., 1., 0., 0.],
        [0., 1., 0., 1., 1., 1., 1., 1., 1., 1., 1., 1., 1., 1., 1., 0., 1., 1.,
         1., 1., 1., 1., 1., 1., 1.],
        [0., 1., 1., 0., 0., 1., 1., 1., 0., 0., 0., 0., 1., 1., 0., 1., 1., 1.,
         1., 0., 1., 1., 1., 0., 1.],
        [1., 1., 1., 0., 1., 0., 1., 1., 1., 1., 1., 1., 1., 1., 1., 1., 1., 1.,
         1., 1., 0., 1., 1., 1., 1.],
        [1., 1., 0., 1., 1., 1., 0., 1., 1., 1., 0., 0., 0., 1., 1., 1., 1., 0.,
         0., 1., 1., 0., 1., 1., 1.],
        [1., 1., 1., 1., 0., 1., 1., 1., 1., 1., 0., 1., 1., 1., 1., 1., 1., 1.,
         0., 1., 1., 0., 0., 1., 1.]], device='cuda:0')
=> saved checkpoint 'checkpoints_CNN/mnist_struct_baseline_scheduler_binary_25_target_uc_3/last' (iter 5670, epoch 21.0)
=> saved checkpoint 'checkpoint_scores_CNN/mnist_struct_baseline_scheduler_binary_25_target_uc_3/last' (iter 5670, epoch 21.0)
EarlyStopping counter: 4 out of 25
[Save Checkpoint] epoch: [21.0], Train score:105.35000, Test score:92.69000, train loss:0.10281, test loss:0.13692, ratio_train_loss:0.00000,ratio_test_loss:0.00000, var distance inter class train:0.00000,var distance inter class test:0.00000
22.0  Compute uniq code target:
30.0
Uniq code computing: lambda: 0.024787520989775658, score: 100.0, uniq codes: tensor([[1., 1., 1., 1., 0., 1., 1., 1., 1., 0., 1., 1., 0., 1., 0., 1., 1., 1.,
         1., 0., 1., 1., 0., 1., 1.],
        [0., 1., 1., 1., 1., 1., 1., 1., 0., 0., 1., 1., 1., 1., 1., 1., 1., 1.,
         1., 0., 1., 1., 1., 1., 0.],
        [1., 0., 0., 1., 1., 1., 1., 0., 1., 0., 1., 1., 1., 1., 1., 1., 0., 0.,
         1., 1., 1., 1., 1., 1., 1.],
        [1., 1., 1., 1., 1., 1., 1., 0., 1., 1., 1., 1., 1., 0., 1., 1., 0., 1.,
         1., 1., 1., 1., 1., 1., 1.],
        [0., 1., 1., 1., 0., 1., 1., 1., 1., 0., 1., 1., 1., 1., 1., 1., 1., 1.,
         1., 1., 1., 0., 1., 0., 0.],
        [0., 1., 0., 1., 1., 1., 1., 1., 1., 1., 1., 1., 1., 1., 1., 0., 1., 1.,
         1., 1., 1., 1., 1., 1., 1.],
        [0., 1., 1., 0., 0., 1., 1., 1., 0., 0., 0., 0., 1., 1., 0., 1., 1., 1.,
         1., 0., 1., 1., 1., 0., 1.],
        [1., 1., 1., 0., 1., 0., 1., 1., 1., 1., 1., 1., 1., 1., 1., 1., 1., 1.,
         1., 1., 0., 1., 1., 1., 1.],
        [1., 1., 0., 1., 1., 1., 0., 1., 1., 1., 0., 0., 0., 1., 1., 1., 1., 0.,
         0., 0., 1., 0., 1., 1., 1.],
        [1., 1., 1., 1., 0., 1., 1., 1., 1., 1., 0., 1., 1., 1., 1., 1., 1., 1.,
         0., 1., 1., 0., 0., 1., 1.]], device='cuda:0')
=> saved checkpoint 'checkpoints_CNN/mnist_struct_baseline_scheduler_binary_25_target_uc_3/last' (iter 5940, epoch 22.0)
=> saved checkpoint 'checkpoint_scores_CNN/mnist_struct_baseline_scheduler_binary_25_target_uc_3/last' (iter 5940, epoch 22.0)
[Save Checkpoint] epoch: [22.0], Train score:104.69500, Test score:92.23000, train loss:0.11823, test loss:0.15067, ratio_train_loss:0.00000,ratio_test_loss:0.00000, var distance inter class train:0.00000,var distance inter class test:0.00000
23.0  Compute uniq code target:
30.0
Uniq code computing: lambda: 0.06737946718931198, score: 100.0, uniq codes: tensor([[1., 1., 1., 1., 0., 1., 1., 1., 1., 0., 1., 1., 0., 1., 0., 1., 1., 1.,
         1., 0., 1., 1., 0., 1., 1.],
        [0., 1., 1., 1., 1., 1., 1., 1., 0., 0., 1., 1., 1., 1., 1., 1., 1., 1.,
         1., 0., 1., 1., 1., 1., 0.],
        [1., 0., 0., 1., 1., 1., 1., 0., 1., 0., 1., 1., 1., 1., 1., 1., 0., 0.,
         1., 1., 1., 1., 1., 1., 1.],
        [1., 1., 1., 1., 1., 1., 1., 0., 1., 1., 1., 1., 1., 0., 1., 1., 0., 1.,
         1., 1., 1., 1., 1., 1., 1.],
        [0., 1., 1., 1., 0., 1., 1., 1., 1., 0., 1., 1., 1., 1., 1., 1., 1., 1.,
         1., 1., 1., 0., 1., 0., 0.],
        [0., 1., 0., 1., 1., 1., 1., 1., 1., 1., 1., 1., 1., 1., 1., 0., 1., 1.,
         1., 1., 1., 1., 1., 1., 1.],
        [0., 1., 1., 0., 0., 1., 1., 1., 0., 0., 0., 0., 1., 1., 0., 1., 1., 1.,
         1., 0., 1., 1., 1., 0., 1.],
        [1., 1., 1., 0., 1., 0., 1., 1., 1., 1., 1., 1., 1., 1., 1., 1., 1., 1.,
         1., 1., 0., 1., 1., 1., 1.],
        [1., 1., 0., 1., 1., 1., 0., 1., 1., 1., 0., 0., 0., 1., 1., 1., 1., 0.,
         0., 0., 1., 0., 1., 1., 1.],
        [1., 1., 1., 1., 0., 1., 1., 1., 1., 1., 0., 1., 1., 1., 1., 1., 1., 1.,
         0., 1., 1., 0., 0., 1., 1.]], device='cuda:0')
=> saved checkpoint 'checkpoints_CNN/mnist_struct_baseline_scheduler_binary_25_target_uc_3/last' (iter 6210, epoch 23.0)
=> saved checkpoint 'checkpoint_scores_CNN/mnist_struct_baseline_scheduler_binary_25_target_uc_3/last' (iter 6210, epoch 23.0)
EarlyStopping counter: 1 out of 25
[Save Checkpoint] epoch: [23.0], Train score:105.11000, Test score:92.15000, train loss:0.10428, test loss:0.14173, ratio_train_loss:0.00000,ratio_test_loss:0.00000, var distance inter class train:0.00000,var distance inter class test:0.00000
24.0  Compute uniq code target:
30.0
Uniq code computing: lambda: 0.18315640091896057, score: 100.0, uniq codes: tensor([[1., 1., 0., 1., 0., 1., 1., 1., 1., 0., 1., 1., 0., 1., 0., 1., 1., 0.,
         1., 0., 1., 1., 0., 0., 1.],
        [0., 1., 1., 1., 1., 1., 1., 1., 0., 0., 1., 1., 1., 1., 1., 1., 1., 1.,
         1., 0., 1., 1., 1., 1., 0.],
        [1., 0., 0., 1., 1., 1., 1., 0., 1., 0., 1., 1., 1., 1., 1., 1., 0., 0.,
         1., 1., 1., 1., 1., 1., 1.],
        [1., 1., 1., 1., 1., 1., 1., 0., 1., 1., 1., 1., 1., 0., 1., 1., 0., 1.,
         1., 1., 1., 1., 1., 0., 1.],
        [0., 1., 1., 1., 0., 1., 1., 1., 1., 0., 1., 1., 1., 1., 1., 1., 1., 1.,
         1., 1., 1., 0., 1., 0., 0.],
        [0., 1., 0., 1., 1., 1., 1., 1., 1., 1., 1., 1., 1., 1., 1., 0., 1., 1.,
         1., 1., 1., 1., 1., 1., 1.],
        [0., 1., 1., 0., 0., 1., 1., 1., 0., 0., 0., 0., 1., 1., 0., 1., 1., 1.,
         1., 0., 1., 1., 1., 0., 1.],
        [1., 1., 1., 0., 1., 0., 1., 1., 1., 1., 1., 1., 1., 1., 1., 1., 1., 1.,
         1., 1., 0., 1., 1., 1., 1.],
        [1., 1., 0., 1., 1., 1., 0., 1., 1., 1., 0., 0., 1., 1., 1., 1., 1., 0.,
         0., 1., 1., 0., 1., 1., 1.],
        [1., 1., 1., 1., 0., 1., 1., 1., 1., 1., 0., 1., 1., 1., 1., 1., 1., 1.,
         0., 1., 1., 0., 0., 1., 1.]], device='cuda:0')
=> saved checkpoint 'checkpoints_CNN/mnist_struct_baseline_scheduler_binary_25_target_uc_3/last' (iter 6480, epoch 24.0)
=> saved checkpoint 'checkpoint_scores_CNN/mnist_struct_baseline_scheduler_binary_25_target_uc_3/last' (iter 6480, epoch 24.0)
EarlyStopping counter: 2 out of 25
[Save Checkpoint] epoch: [24.0], Train score:105.44000, Test score:92.70000, train loss:0.09810, test loss:0.13396, ratio_train_loss:0.00000,ratio_test_loss:0.00000, var distance inter class train:0.00000,var distance inter class test:0.00000
25.0  Compute uniq code target:
30.0
Uniq code computing: lambda: 0.49787071347236633, score: 100.0, uniq codes: tensor([[1., 1., 0., 1., 0., 1., 1., 1., 1., 0., 1., 1., 0., 1., 0., 1., 1., 1.,
         1., 0., 1., 1., 0., 1., 1.],
        [0., 1., 1., 1., 1., 0., 1., 1., 0., 0., 1., 1., 1., 1., 1., 1., 1., 1.,
         1., 0., 1., 1., 1., 1., 0.],
        [1., 0., 0., 1., 1., 1., 1., 0., 1., 0., 1., 1., 1., 1., 1., 1., 0., 0.,
         1., 1., 1., 1., 1., 1., 1.],
        [1., 1., 1., 1., 1., 1., 1., 0., 1., 1., 1., 1., 1., 0., 1., 1., 0., 1.,
         1., 1., 1., 1., 0., 0., 1.],
        [0., 1., 1., 1., 0., 1., 1., 1., 1., 0., 1., 1., 1., 1., 1., 1., 1., 1.,
         1., 1., 1., 0., 1., 0., 0.],
        [0., 1., 0., 1., 1., 1., 1., 1., 1., 1., 1., 1., 1., 1., 1., 0., 1., 1.,
         1., 1., 1., 1., 1., 1., 1.],
        [0., 1., 1., 0., 0., 1., 1., 1., 0., 0., 0., 0., 1., 1., 0., 1., 1., 1.,
         1., 0., 1., 1., 1., 0., 1.],
        [1., 1., 1., 0., 1., 0., 1., 1., 1., 1., 1., 1., 1., 1., 1., 1., 1., 1.,
         1., 1., 0., 1., 1., 1., 1.],
        [1., 1., 0., 1., 1., 1., 0., 1., 1., 1., 0., 0., 0., 1., 1., 1., 1., 0.,
         0., 0., 1., 0., 1., 1., 1.],
        [1., 1., 1., 1., 0., 1., 1., 1., 1., 1., 0., 1., 1., 1., 1., 1., 1., 1.,
         0., 1., 1., 0., 0., 1., 1.]], device='cuda:0')
=> saved checkpoint 'checkpoints_CNN/mnist_struct_baseline_scheduler_binary_25_target_uc_3/last' (iter 6750, epoch 25.0)
=> saved checkpoint 'checkpoint_scores_CNN/mnist_struct_baseline_scheduler_binary_25_target_uc_3/last' (iter 6750, epoch 25.0)
EarlyStopping counter: 3 out of 25
[Save Checkpoint] epoch: [25.0], Train score:106.38500, Test score:93.05000, train loss:0.07239, test loss:0.12440, ratio_train_loss:0.00000,ratio_test_loss:0.00000, var distance inter class train:0.00000,var distance inter class test:0.00000
26.0  Compute uniq code target:
30.0
Uniq code computing: lambda: 1.3533527851104736, score: 100.0, uniq codes: tensor([[1., 1., 0., 1., 0., 1., 1., 1., 1., 0., 1., 1., 0., 1., 0., 1., 1., 1.,
         1., 0., 1., 1., 0., 1., 1.],
        [0., 1., 1., 1., 1., 0., 1., 1., 0., 0., 1., 1., 1., 1., 1., 1., 1., 1.,
         1., 0., 0., 1., 1., 1., 0.],
        [1., 0., 0., 1., 1., 1., 1., 0., 1., 0., 1., 1., 1., 1., 1., 1., 0., 0.,
         1., 1., 1., 1., 1., 1., 1.],
        [1., 1., 1., 1., 1., 1., 1., 0., 1., 1., 1., 1., 1., 0., 1., 1., 0., 1.,
         1., 1., 1., 1., 0., 0., 1.],
        [0., 0., 1., 1., 0., 1., 1., 1., 1., 0., 1., 1., 1., 1., 1., 1., 1., 1.,
         1., 1., 1., 0., 1., 0., 0.],
        [0., 1., 1., 1., 1., 1., 1., 1., 1., 1., 1., 1., 1., 1., 1., 0., 1., 1.,
         1., 1., 1., 1., 1., 1., 1.],
        [0., 1., 1., 0., 0., 1., 1., 1., 0., 0., 0., 0., 1., 1., 0., 1., 1., 1.,
         1., 0., 1., 1., 1., 0., 1.],
        [1., 1., 1., 0., 1., 0., 1., 1., 1., 1., 1., 1., 1., 1., 1., 1., 1., 1.,
         1., 1., 0., 1., 1., 1., 1.],
        [1., 1., 0., 1., 1., 1., 0., 1., 1., 1., 0., 0., 1., 1., 1., 1., 1., 0.,
         0., 1., 1., 0., 1., 1., 1.],
        [1., 1., 1., 1., 0., 1., 1., 1., 1., 1., 0., 1., 1., 1., 1., 1., 1., 1.,
         0., 1., 1., 0., 0., 1., 1.]], device='cuda:0')
=> saved checkpoint 'checkpoints_CNN/mnist_struct_baseline_scheduler_binary_25_target_uc_3/last' (iter 7020, epoch 26.0)
=> saved checkpoint 'checkpoint_scores_CNN/mnist_struct_baseline_scheduler_binary_25_target_uc_3/last' (iter 7020, epoch 26.0)
EarlyStopping counter: 4 out of 25
[Save Checkpoint] epoch: [26.0], Train score:105.68667, Test score:92.33000, train loss:0.08947, test loss:0.14298, ratio_train_loss:0.00000,ratio_test_loss:0.00000, var distance inter class train:0.00000,var distance inter class test:0.00000
27.0  Compute uniq code target:
30.0
Uniq code computing: lambda: 3.6787943840026855, score: 100.0, uniq codes: tensor([[1., 1., 0., 1., 0., 1., 1., 1., 1., 0., 1., 1., 0., 1., 0., 1., 1., 0.,
         1., 0., 1., 1., 0., 1., 1.],
        [0., 1., 1., 1., 1., 0., 1., 1., 0., 0., 1., 1., 1., 1., 1., 1., 1., 1.,
         1., 0., 0., 1., 1., 1., 0.],
        [1., 0., 0., 1., 1., 1., 1., 0., 1., 0., 1., 1., 1., 1., 1., 1., 0., 0.,
         1., 1., 1., 1., 1., 1., 1.],
        [1., 1., 1., 1., 1., 1., 1., 0., 1., 1., 1., 1., 1., 0., 1., 1., 0., 1.,
         1., 1., 1., 1., 1., 0., 1.],
        [0., 0., 1., 1., 0., 1., 1., 1., 1., 0., 1., 1., 1., 1., 1., 1., 1., 1.,
         1., 1., 1., 0., 1., 0., 0.],
        [0., 1., 0., 1., 1., 1., 1., 1., 1., 1., 1., 1., 1., 1., 1., 0., 1., 1.,
         1., 1., 1., 1., 1., 1., 1.],
        [0., 1., 1., 0., 0., 1., 1., 1., 0., 0., 0., 0., 1., 1., 0., 1., 1., 1.,
         1., 0., 1., 1., 1., 0., 1.],
        [1., 1., 1., 0., 1., 0., 1., 1., 1., 1., 1., 1., 1., 1., 1., 1., 1., 1.,
         1., 1., 0., 1., 1., 1., 1.],
        [1., 1., 0., 1., 1., 1., 0., 1., 1., 1., 0., 0., 1., 1., 1., 1., 1., 0.,
         0., 1., 1., 0., 1., 1., 1.],
        [1., 1., 1., 1., 0., 1., 1., 1., 1., 1., 0., 1., 1., 1., 1., 1., 1., 1.,
         0., 1., 1., 0., 0., 1., 1.]], device='cuda:0')
Epoch    27: reducing learning rate of group 0 to 2.0000e-04.
=> saved checkpoint 'checkpoints_CNN/mnist_struct_baseline_scheduler_binary_25_target_uc_3/last' (iter 7290, epoch 27.0)
=> saved checkpoint 'checkpoint_scores_CNN/mnist_struct_baseline_scheduler_binary_25_target_uc_3/last' (iter 7290, epoch 27.0)
EarlyStopping counter: 5 out of 25
[Save Checkpoint] epoch: [27.0], Train score:105.99667, Test score:92.80000, train loss:0.07764, test loss:0.12833, ratio_train_loss:0.00000,ratio_test_loss:0.00000, var distance inter class train:0.00000,var distance inter class test:0.00000
28.0  Compute uniq code target:
30.0
Uniq code computing: lambda: 10.0, score: 100.0, uniq codes: tensor([[1., 1., 0., 1., 0., 1., 1., 1., 1., 0., 1., 1., 0., 1., 0., 1., 1., 1.,
         1., 0., 1., 1., 0., 1., 1.],
        [0., 1., 1., 1., 1., 1., 1., 1., 0., 0., 1., 1., 1., 1., 1., 1., 1., 1.,
         1., 0., 1., 1., 1., 1., 0.],
        [1., 0., 0., 1., 1., 1., 1., 0., 1., 0., 1., 1., 1., 1., 1., 1., 0., 0.,
         1., 1., 1., 1., 1., 1., 1.],
        [1., 1., 1., 1., 1., 1., 1., 0., 1., 1., 1., 1., 1., 0., 1., 1., 0., 1.,
         1., 1., 1., 1., 0., 0., 1.],
        [0., 0., 1., 1., 0., 1., 1., 1., 1., 0., 1., 1., 1., 1., 1., 1., 1., 1.,
         1., 1., 1., 0., 1., 0., 0.],
        [0., 1., 0., 1., 1., 1., 1., 1., 1., 1., 1., 1., 1., 1., 1., 0., 1., 1.,
         1., 1., 1., 1., 1., 1., 1.],
        [0., 1., 1., 0., 0., 1., 1., 1., 0., 0., 0., 0., 1., 1., 0., 1., 1., 1.,
         1., 0., 1., 1., 1., 0., 1.],
        [1., 1., 1., 0., 1., 0., 1., 1., 1., 1., 1., 1., 1., 1., 1., 1., 1., 1.,
         1., 1., 0., 1., 1., 1., 1.],
        [1., 1., 0., 1., 1., 1., 0., 1., 1., 1., 0., 0., 0., 1., 1., 1., 1., 0.,
         0., 1., 1., 0., 1., 1., 1.],
        [1., 1., 1., 1., 0., 1., 1., 1., 1., 1., 0., 1., 1., 1., 1., 1., 1., 1.,
         0., 1., 1., 0., 0., 1., 1.]], device='cuda:0')
=> saved checkpoint 'checkpoints_CNN/mnist_struct_baseline_scheduler_binary_25_target_uc_3/last' (iter 7560, epoch 28.0)
=> saved checkpoint 'checkpoint_scores_CNN/mnist_struct_baseline_scheduler_binary_25_target_uc_3/last' (iter 7560, epoch 28.0)
EarlyStopping counter: 6 out of 25
[Save Checkpoint] epoch: [28.0], Train score:106.94167, Test score:92.88000, train loss:0.05430, test loss:0.12355, ratio_train_loss:0.00000,ratio_test_loss:0.00000, var distance inter class train:0.00000,var distance inter class test:0.00000
29.0  Compute uniq code target:
30.0
Uniq code computing: lambda: 27.182817459106445, score: 100.0, uniq codes: tensor([[1., 1., 0., 1., 0., 1., 1., 1., 1., 0., 1., 1., 0., 1., 0., 1., 1., 0.,
         1., 0., 1., 1., 0., 1., 1.],
        [0., 1., 1., 1., 1., 1., 1., 1., 0., 0., 1., 1., 1., 1., 1., 1., 1., 1.,
         1., 0., 1., 1., 1., 1., 0.],
        [1., 0., 0., 1., 1., 1., 1., 0., 1., 0., 1., 1., 1., 1., 1., 1., 0., 0.,
         1., 1., 1., 1., 1., 1., 1.],
        [1., 1., 1., 1., 1., 1., 1., 0., 1., 1., 1., 1., 1., 0., 1., 1., 0., 1.,
         1., 1., 1., 1., 0., 0., 1.],
        [0., 0., 1., 1., 0., 1., 1., 1., 1., 0., 1., 1., 1., 1., 1., 1., 1., 1.,
         1., 1., 1., 0., 1., 0., 0.],
        [0., 1., 0., 1., 1., 1., 1., 1., 1., 1., 1., 1., 1., 1., 1., 0., 1., 1.,
         1., 1., 1., 1., 1., 1., 1.],
        [0., 1., 1., 0., 0., 1., 1., 1., 0., 0., 0., 0., 1., 1., 0., 1., 1., 1.,
         1., 0., 1., 1., 1., 0., 1.],
        [1., 1., 1., 0., 1., 0., 1., 1., 1., 1., 1., 1., 1., 1., 1., 1., 1., 1.,
         1., 1., 0., 1., 1., 1., 1.],
        [1., 1., 0., 1., 1., 1., 0., 1., 1., 1., 0., 0., 0., 1., 1., 1., 1., 0.,
         0., 1., 1., 0., 1., 1., 1.],
        [1., 1., 1., 1., 0., 1., 1., 1., 1., 1., 0., 1., 1., 1., 1., 1., 1., 1.,
         0., 1., 1., 0., 0., 1., 1.]], device='cuda:0')
=> saved checkpoint 'checkpoints_CNN/mnist_struct_baseline_scheduler_binary_25_target_uc_3/last' (iter 7830, epoch 29.0)
=> saved checkpoint 'checkpoint_scores_CNN/mnist_struct_baseline_scheduler_binary_25_target_uc_3/last' (iter 7830, epoch 29.0)
EarlyStopping counter: 7 out of 25
[Save Checkpoint] epoch: [29.0], Train score:106.96500, Test score:92.91000, train loss:0.05329, test loss:0.12386, ratio_train_loss:0.00000,ratio_test_loss:0.00000, var distance inter class train:0.00000,var distance inter class test:0.00000
30.0  Compute uniq code target:
30.0
Uniq code computing: lambda: 73.89055633544922, score: 100.0, uniq codes: tensor([[1., 1., 1., 1., 0., 1., 1., 1., 1., 0., 1., 1., 0., 1., 0., 1., 1., 1.,
         1., 0., 1., 1., 1., 1., 1.],
        [0., 1., 1., 1., 1., 0., 1., 1., 0., 0., 1., 1., 1., 1., 1., 1., 1., 1.,
         1., 0., 0., 1., 1., 1., 0.],
        [1., 0., 0., 1., 1., 1., 1., 0., 1., 0., 1., 1., 1., 1., 1., 1., 0., 0.,
         1., 1., 1., 1., 1., 1., 1.],
        [1., 1., 1., 1., 1., 1., 1., 0., 1., 1., 1., 1., 1., 0., 1., 1., 0., 1.,
         1., 1., 1., 1., 0., 0., 1.],
        [0., 0., 1., 1., 0., 1., 1., 1., 1., 0., 1., 1., 1., 1., 1., 1., 1., 1.,
         1., 1., 1., 0., 1., 0., 0.],
        [0., 1., 1., 1., 1., 1., 1., 1., 1., 1., 1., 1., 1., 1., 1., 0., 1., 1.,
         1., 1., 1., 1., 1., 1., 1.],
        [0., 1., 1., 0., 0., 1., 1., 1., 0., 0., 0., 0., 1., 1., 0., 1., 1., 1.,
         1., 0., 1., 1., 1., 0., 1.],
        [1., 1., 1., 0., 1., 0., 1., 1., 1., 1., 1., 1., 1., 1., 1., 1., 1., 1.,
         1., 1., 0., 1., 1., 1., 1.],
        [1., 1., 0., 1., 1., 1., 0., 1., 1., 1., 0., 0., 0., 1., 1., 1., 1., 0.,
         0., 1., 1., 0., 1., 1., 1.],
        [1., 1., 1., 1., 0., 1., 1., 1., 1., 1., 0., 1., 1., 1., 1., 1., 1., 1.,
         0., 1., 1., 0., 0., 1., 1.]], device='cuda:0')
=> saved checkpoint 'checkpoints_CNN/mnist_struct_baseline_scheduler_binary_25_target_uc_3/last' (iter 8100, epoch 30.0)
=> saved checkpoint 'checkpoint_scores_CNN/mnist_struct_baseline_scheduler_binary_25_target_uc_3/last' (iter 8100, epoch 30.0)
EarlyStopping counter: 8 out of 25
[Save Checkpoint] epoch: [30.0], Train score:107.12667, Test score:93.02000, train loss:0.05003, test loss:0.12065, ratio_train_loss:0.00000,ratio_test_loss:0.00000, var distance inter class train:0.00000,var distance inter class test:0.00000
31.0  Compute uniq code target:
30.0
Uniq code computing: lambda: 73.89055633544922, score: 100.0, uniq codes: tensor([[1., 1., 1., 1., 0., 1., 1., 1., 1., 0., 1., 1., 0., 1., 0., 1., 1., 1.,
         1., 0., 1., 1., 1., 1., 1.],
        [0., 1., 1., 1., 1., 0., 1., 1., 0., 0., 1., 1., 1., 1., 1., 1., 1., 1.,
         1., 0., 0., 1., 1., 1., 0.],
        [1., 0., 0., 1., 1., 1., 1., 0., 1., 0., 1., 1., 1., 1., 1., 1., 0., 0.,
         1., 1., 1., 1., 1., 1., 1.],
        [1., 1., 1., 1., 1., 1., 1., 0., 1., 1., 1., 1., 1., 0., 1., 1., 0., 1.,
         1., 1., 1., 1., 0., 0., 1.],
        [0., 0., 1., 1., 0., 1., 1., 1., 1., 0., 1., 1., 1., 1., 1., 1., 1., 1.,
         1., 1., 1., 0., 1., 0., 0.],
        [0., 1., 0., 1., 1., 1., 1., 1., 1., 1., 1., 1., 1., 1., 1., 0., 1., 1.,
         1., 1., 1., 1., 1., 1., 1.],
        [0., 1., 1., 0., 0., 1., 1., 1., 0., 0., 0., 0., 1., 1., 0., 1., 1., 1.,
         1., 0., 1., 1., 1., 0., 1.],
        [1., 1., 1., 0., 1., 0., 1., 1., 1., 1., 1., 1., 1., 1., 1., 1., 1., 1.,
         1., 1., 0., 1., 1., 1., 1.],
        [1., 1., 0., 1., 1., 1., 0., 1., 1., 1., 0., 0., 0., 1., 1., 1., 1., 0.,
         0., 1., 1., 0., 1., 1., 1.],
        [1., 1., 1., 0., 0., 1., 1., 1., 1., 1., 0., 1., 1., 1., 1., 1., 1., 1.,
         0., 1., 1., 0., 0., 1., 1.]], device='cuda:0')
=> saved checkpoint 'checkpoints_CNN/mnist_struct_baseline_scheduler_binary_25_target_uc_3/last' (iter 8370, epoch 31.0)
=> saved checkpoint 'checkpoint_scores_CNN/mnist_struct_baseline_scheduler_binary_25_target_uc_3/last' (iter 8370, epoch 31.0)
EarlyStopping counter: 9 out of 25
[Save Checkpoint] epoch: [31.0], Train score:107.18000, Test score:92.78000, train loss:0.05049, test loss:0.12223, ratio_train_loss:0.00000,ratio_test_loss:0.00000, var distance inter class train:0.00000,var distance inter class test:0.00000
32.0  Compute uniq code target:
30.0
Uniq code computing: lambda: 73.89055633544922, score: 100.0, uniq codes: tensor([[1., 1., 1., 1., 0., 1., 1., 1., 1., 0., 1., 1., 0., 1., 0., 1., 1., 1.,
         1., 0., 1., 1., 1., 1., 1.],
        [0., 1., 1., 1., 1., 1., 1., 1., 0., 0., 1., 1., 1., 1., 1., 1., 1., 1.,
         1., 0., 1., 1., 1., 1., 0.],
        [1., 0., 0., 1., 1., 1., 1., 0., 1., 0., 1., 1., 1., 1., 1., 1., 0., 0.,
         1., 1., 1., 1., 1., 1., 1.],
        [1., 1., 1., 1., 1., 1., 1., 0., 1., 1., 1., 1., 1., 0., 1., 1., 0., 1.,
         1., 1., 1., 1., 0., 0., 1.],
        [0., 0., 1., 1., 0., 1., 1., 1., 1., 0., 1., 1., 1., 1., 1., 1., 1., 1.,
         1., 1., 1., 0., 1., 0., 0.],
        [0., 1., 1., 1., 1., 1., 1., 1., 1., 1., 1., 1., 1., 1., 1., 0., 1., 1.,
         1., 1., 1., 1., 1., 1., 1.],
        [0., 1., 1., 0., 0., 1., 1., 1., 0., 0., 0., 0., 1., 1., 0., 1., 1., 1.,
         1., 0., 1., 1., 1., 0., 1.],
        [1., 1., 1., 0., 1., 0., 1., 1., 1., 1., 1., 1., 1., 1., 1., 1., 1., 1.,
         1., 1., 0., 1., 1., 1., 1.],
        [1., 1., 0., 1., 1., 1., 0., 1., 1., 1., 0., 0., 0., 1., 1., 1., 1., 0.,
         0., 1., 1., 0., 1., 1., 1.],
        [1., 1., 1., 0., 0., 1., 1., 1., 1., 1., 0., 1., 1., 1., 1., 1., 1., 1.,
         0., 1., 1., 0., 0., 1., 1.]], device='cuda:0')
Epoch    32: reducing learning rate of group 0 to 4.0000e-05.
=> saved checkpoint 'checkpoints_CNN/mnist_struct_baseline_scheduler_binary_25_target_uc_3/last' (iter 8640, epoch 32.0)
=> saved checkpoint 'checkpoint_scores_CNN/mnist_struct_baseline_scheduler_binary_25_target_uc_3/last' (iter 8640, epoch 32.0)
EarlyStopping counter: 10 out of 25
[Save Checkpoint] epoch: [32.0], Train score:107.06667, Test score:92.73000, train loss:0.05186, test loss:0.12274, ratio_train_loss:0.00000,ratio_test_loss:0.00000, var distance inter class train:0.00000,var distance inter class test:0.00000
33.0  Compute uniq code target:
30.0
Uniq code computing: lambda: 73.89055633544922, score: 100.0, uniq codes: tensor([[1., 1., 1., 1., 0., 1., 1., 1., 1., 0., 1., 1., 0., 1., 0., 1., 1., 1.,
         1., 0., 1., 1., 1., 1., 1.],
        [0., 1., 1., 1., 1., 0., 1., 1., 0., 0., 1., 1., 1., 1., 1., 1., 1., 1.,
         1., 0., 0., 1., 1., 1., 0.],
        [1., 0., 0., 1., 1., 1., 1., 0., 1., 0., 1., 1., 1., 1., 1., 1., 0., 0.,
         1., 1., 1., 1., 1., 1., 1.],
        [1., 1., 1., 1., 1., 1., 1., 0., 1., 1., 1., 1., 1., 0., 1., 1., 0., 1.,
         1., 1., 1., 1., 0., 0., 1.],
        [0., 0., 1., 1., 0., 1., 1., 1., 1., 0., 1., 1., 1., 1., 1., 1., 1., 1.,
         1., 1., 1., 0., 1., 0., 0.],
        [0., 1., 0., 1., 1., 1., 1., 1., 1., 1., 1., 1., 1., 1., 1., 0., 1., 1.,
         1., 1., 1., 1., 1., 1., 1.],
        [0., 1., 1., 0., 0., 1., 1., 1., 0., 0., 0., 0., 1., 1., 0., 1., 1., 1.,
         1., 0., 1., 1., 1., 0., 1.],
        [1., 1., 1., 0., 1., 0., 1., 1., 1., 1., 1., 1., 1., 1., 1., 1., 1., 1.,
         1., 1., 0., 1., 1., 1., 1.],
        [1., 1., 0., 1., 1., 1., 0., 1., 1., 1., 0., 0., 0., 1., 1., 1., 1., 0.,
         0., 1., 1., 0., 1., 1., 1.],
        [1., 1., 1., 1., 0., 1., 1., 1., 1., 1., 0., 1., 1., 1., 1., 1., 1., 1.,
         0., 1., 1., 0., 0., 1., 1.]], device='cuda:0')
=> saved checkpoint 'checkpoints_CNN/mnist_struct_baseline_scheduler_binary_25_target_uc_3/last' (iter 8910, epoch 33.0)
=> saved checkpoint 'checkpoint_scores_CNN/mnist_struct_baseline_scheduler_binary_25_target_uc_3/last' (iter 8910, epoch 33.0)
EarlyStopping counter: 11 out of 25
[Save Checkpoint] epoch: [33.0], Train score:107.39667, Test score:93.03000, train loss:0.04446, test loss:0.12211, ratio_train_loss:0.00000,ratio_test_loss:0.00000, var distance inter class train:0.00000,var distance inter class test:0.00000
34.0  Compute uniq code target:
30.0
Uniq code computing: lambda: 73.89055633544922, score: 100.0, uniq codes: tensor([[1., 1., 1., 1., 0., 1., 1., 1., 1., 0., 1., 1., 0., 1., 0., 1., 1., 1.,
         1., 0., 1., 1., 1., 1., 1.],
        [0., 1., 1., 1., 1., 0., 1., 1., 0., 0., 1., 1., 1., 1., 1., 1., 1., 1.,
         1., 0., 0., 1., 1., 1., 0.],
        [1., 0., 0., 1., 1., 1., 1., 0., 1., 0., 1., 1., 1., 1., 1., 1., 0., 0.,
         1., 1., 1., 1., 1., 1., 1.],
        [1., 1., 1., 1., 1., 1., 1., 0., 1., 1., 1., 1., 1., 0., 1., 1., 0., 1.,
         1., 1., 1., 1., 0., 0., 1.],
        [0., 0., 1., 1., 0., 1., 1., 1., 1., 0., 1., 1., 1., 1., 1., 1., 1., 1.,
         1., 1., 1., 0., 1., 0., 0.],
        [0., 1., 0., 1., 1., 1., 1., 1., 1., 1., 1., 1., 1., 1., 1., 0., 1., 1.,
         1., 1., 1., 1., 1., 1., 1.],
        [0., 1., 1., 0., 0., 1., 1., 1., 0., 0., 0., 0., 1., 1., 0., 1., 1., 1.,
         1., 0., 1., 1., 1., 0., 1.],
        [1., 1., 1., 0., 1., 0., 1., 1., 1., 1., 1., 1., 1., 1., 1., 1., 1., 1.,
         1., 1., 0., 1., 1., 1., 1.],
        [1., 1., 0., 1., 1., 1., 0., 1., 1., 1., 0., 0., 0., 1., 1., 1., 1., 0.,
         0., 1., 1., 0., 1., 1., 1.],
        [1., 1., 1., 1., 0., 1., 1., 1., 1., 1., 0., 1., 1., 1., 1., 1., 1., 1.,
         0., 1., 1., 0., 0., 1., 1.]], device='cuda:0')
=> saved checkpoint 'checkpoints_CNN/mnist_struct_baseline_scheduler_binary_25_target_uc_3/last' (iter 9180, epoch 34.0)
=> saved checkpoint 'checkpoint_scores_CNN/mnist_struct_baseline_scheduler_binary_25_target_uc_3/last' (iter 9180, epoch 34.0)
EarlyStopping counter: 12 out of 25
[Save Checkpoint] epoch: [34.0], Train score:107.38667, Test score:92.99000, train loss:0.04653, test loss:0.12260, ratio_train_loss:0.00000,ratio_test_loss:0.00000, var distance inter class train:0.00000,var distance inter class test:0.00000
35.0  Compute uniq code target:
30.0
Uniq code computing: lambda: 73.89055633544922, score: 100.0, uniq codes: tensor([[1., 1., 1., 1., 0., 1., 1., 1., 1., 0., 1., 1., 0., 1., 0., 1., 1., 1.,
         1., 0., 1., 1., 1., 1., 1.],
        [0., 1., 1., 1., 1., 0., 1., 1., 0., 0., 1., 1., 1., 1., 1., 1., 1., 1.,
         1., 0., 0., 1., 1., 1., 0.],
        [1., 0., 0., 1., 1., 1., 1., 0., 1., 0., 1., 1., 1., 1., 1., 1., 0., 0.,
         1., 1., 1., 1., 1., 1., 1.],
        [1., 1., 1., 1., 1., 1., 1., 0., 1., 1., 1., 1., 1., 0., 1., 1., 0., 1.,
         1., 1., 1., 1., 0., 0., 1.],
        [0., 0., 1., 1., 0., 1., 1., 1., 1., 0., 1., 1., 1., 1., 1., 1., 1., 1.,
         1., 1., 1., 0., 1., 0., 0.],
        [0., 1., 0., 1., 1., 1., 1., 1., 1., 1., 1., 1., 1., 1., 1., 0., 1., 1.,
         1., 1., 1., 1., 1., 1., 1.],
        [0., 1., 1., 0., 0., 1., 1., 1., 0., 0., 0., 0., 1., 1., 0., 1., 1., 1.,
         1., 0., 1., 1., 1., 0., 1.],
        [1., 1., 1., 0., 1., 0., 1., 1., 1., 1., 1., 1., 1., 1., 1., 1., 1., 1.,
         1., 1., 0., 1., 1., 1., 1.],
        [1., 1., 0., 1., 1., 1., 0., 1., 1., 1., 0., 0., 0., 1., 1., 1., 1., 0.,
         0., 1., 1., 0., 1., 1., 1.],
        [1., 1., 1., 1., 0., 1., 1., 1., 1., 1., 0., 1., 1., 1., 1., 1., 1., 1.,
         0., 1., 1., 0., 0., 1., 1.]], device='cuda:0')
=> saved checkpoint 'checkpoints_CNN/mnist_struct_baseline_scheduler_binary_25_target_uc_3/last' (iter 9450, epoch 35.0)
=> saved checkpoint 'checkpoint_scores_CNN/mnist_struct_baseline_scheduler_binary_25_target_uc_3/last' (iter 9450, epoch 35.0)
EarlyStopping counter: 13 out of 25
[Save Checkpoint] epoch: [35.0], Train score:107.36333, Test score:92.91000, train loss:0.04628, test loss:0.12453, ratio_train_loss:0.00000,ratio_test_loss:0.00000, var distance inter class train:0.00000,var distance inter class test:0.00000
36.0  Compute uniq code target:
30.0
Uniq code computing: lambda: 73.89055633544922, score: 100.0, uniq codes: tensor([[1., 1., 1., 1., 0., 1., 1., 1., 1., 0., 1., 1., 0., 1., 0., 1., 1., 1.,
         1., 0., 1., 1., 1., 1., 1.],
        [0., 1., 1., 1., 1., 0., 1., 1., 0., 0., 1., 1., 1., 1., 1., 1., 1., 1.,
         1., 0., 0., 1., 1., 1., 0.],
        [1., 0., 0., 1., 1., 1., 1., 0., 1., 0., 1., 1., 1., 1., 1., 1., 0., 0.,
         1., 1., 1., 1., 1., 1., 1.],
        [1., 1., 1., 1., 1., 1., 1., 0., 1., 1., 1., 1., 1., 0., 1., 1., 0., 1.,
         1., 1., 1., 1., 0., 0., 1.],
        [0., 0., 1., 1., 0., 1., 1., 1., 1., 0., 1., 1., 1., 1., 1., 1., 1., 1.,
         1., 1., 1., 0., 1., 0., 0.],
        [0., 1., 0., 1., 1., 1., 1., 1., 1., 1., 1., 1., 1., 1., 1., 0., 1., 1.,
         1., 1., 1., 1., 1., 1., 1.],
        [0., 1., 1., 0., 0., 1., 1., 1., 0., 0., 0., 0., 1., 1., 0., 1., 1., 1.,
         1., 0., 1., 1., 1., 0., 1.],
        [1., 1., 1., 0., 1., 0., 1., 1., 1., 1., 1., 1., 1., 1., 1., 1., 1., 1.,
         1., 1., 0., 1., 1., 1., 1.],
        [1., 1., 0., 1., 1., 1., 0., 1., 1., 1., 0., 0., 0., 1., 1., 1., 1., 0.,
         0., 1., 1., 0., 1., 1., 1.],
        [1., 1., 1., 1., 0., 1., 1., 1., 1., 1., 0., 1., 1., 1., 1., 1., 1., 1.,
         0., 1., 1., 0., 0., 1., 1.]], device='cuda:0')
=> saved checkpoint 'checkpoints_CNN/mnist_struct_baseline_scheduler_binary_25_target_uc_3/last' (iter 9720, epoch 36.0)
=> saved checkpoint 'checkpoint_scores_CNN/mnist_struct_baseline_scheduler_binary_25_target_uc_3/last' (iter 9720, epoch 36.0)
EarlyStopping counter: 14 out of 25
[Save Checkpoint] epoch: [36.0], Train score:107.33667, Test score:92.90000, train loss:0.04712, test loss:0.12636, ratio_train_loss:0.00000,ratio_test_loss:0.00000, var distance inter class train:0.00000,var distance inter class test:0.00000
37.0  Compute uniq code target:
30.0
Uniq code computing: lambda: 73.89055633544922, score: 100.0, uniq codes: tensor([[1., 1., 1., 1., 0., 1., 1., 1., 1., 0., 1., 1., 0., 1., 0., 1., 1., 1.,
         1., 0., 1., 1., 1., 1., 1.],
        [0., 1., 1., 1., 1., 0., 1., 1., 0., 0., 1., 1., 1., 1., 1., 1., 1., 1.,
         1., 0., 0., 1., 1., 1., 0.],
        [1., 0., 0., 1., 1., 1., 1., 0., 1., 0., 1., 1., 1., 1., 1., 1., 0., 0.,
         1., 1., 1., 1., 1., 1., 1.],
        [1., 1., 1., 1., 1., 1., 1., 0., 1., 1., 1., 1., 1., 0., 1., 1., 0., 1.,
         1., 1., 1., 1., 0., 0., 1.],
        [0., 0., 1., 1., 0., 1., 1., 1., 1., 0., 1., 1., 1., 1., 1., 1., 1., 1.,
         1., 1., 1., 0., 1., 0., 0.],
        [0., 1., 0., 1., 1., 1., 1., 1., 1., 1., 1., 1., 1., 1., 1., 0., 1., 1.,
         1., 1., 1., 1., 1., 1., 1.],
        [0., 1., 1., 0., 0., 1., 1., 1., 0., 0., 0., 0., 1., 1., 0., 1., 1., 1.,
         1., 0., 1., 1., 1., 0., 1.],
        [1., 1., 1., 0., 1., 0., 1., 1., 1., 1., 1., 1., 1., 1., 1., 1., 1., 1.,
         1., 1., 0., 1., 1., 1., 1.],
        [1., 1., 0., 1., 1., 1., 0., 1., 1., 1., 0., 0., 0., 1., 1., 1., 1., 0.,
         0., 1., 1., 0., 1., 1., 1.],
        [1., 1., 1., 1., 0., 1., 1., 1., 1., 1., 0., 1., 1., 1., 1., 1., 1., 1.,
         0., 1., 1., 0., 0., 1., 1.]], device='cuda:0')
Epoch    37: reducing learning rate of group 0 to 8.0000e-06.
=> saved checkpoint 'checkpoints_CNN/mnist_struct_baseline_scheduler_binary_25_target_uc_3/last' (iter 9990, epoch 37.0)
=> saved checkpoint 'checkpoint_scores_CNN/mnist_struct_baseline_scheduler_binary_25_target_uc_3/last' (iter 9990, epoch 37.0)
EarlyStopping counter: 15 out of 25
[Save Checkpoint] epoch: [37.0], Train score:107.33500, Test score:92.94000, train loss:0.04749, test loss:0.12646, ratio_train_loss:0.00000,ratio_test_loss:0.00000, var distance inter class train:0.00000,var distance inter class test:0.00000
38.0  Compute uniq code target:
30.0
Uniq code computing: lambda: 73.89055633544922, score: 100.0, uniq codes: tensor([[1., 1., 1., 1., 0., 1., 1., 1., 1., 0., 1., 1., 0., 1., 0., 1., 1., 1.,
         1., 0., 1., 1., 1., 1., 1.],
        [0., 1., 1., 1., 1., 0., 1., 1., 0., 0., 1., 1., 1., 1., 1., 1., 1., 1.,
         1., 0., 0., 1., 1., 1., 0.],
        [1., 0., 0., 1., 1., 1., 1., 0., 1., 0., 1., 1., 1., 1., 1., 1., 0., 0.,
         1., 1., 1., 1., 1., 1., 1.],
        [1., 1., 1., 1., 1., 1., 1., 0., 1., 1., 1., 1., 1., 0., 1., 1., 0., 1.,
         1., 1., 1., 1., 0., 0., 1.],
        [0., 0., 1., 1., 0., 1., 1., 1., 1., 0., 1., 1., 1., 1., 1., 1., 1., 1.,
         1., 1., 1., 0., 1., 0., 0.],
        [0., 1., 0., 1., 1., 1., 1., 1., 1., 1., 1., 1., 1., 1., 1., 0., 1., 1.,
         1., 1., 1., 1., 1., 1., 1.],
        [0., 1., 1., 0., 0., 1., 1., 1., 0., 0., 0., 0., 1., 1., 0., 1., 1., 1.,
         1., 0., 1., 1., 1., 0., 1.],
        [1., 1., 1., 0., 1., 0., 1., 1., 1., 1., 1., 1., 1., 1., 1., 1., 1., 1.,
         1., 1., 0., 1., 1., 1., 1.],
        [1., 1., 0., 1., 1., 1., 0., 1., 1., 1., 0., 0., 0., 1., 1., 1., 1., 0.,
         0., 1., 1., 0., 1., 1., 1.],
        [1., 1., 1., 1., 0., 1., 1., 1., 1., 1., 0., 1., 1., 1., 1., 1., 1., 1.,
         0., 1., 1., 0., 0., 1., 1.]], device='cuda:0')
=> saved checkpoint 'checkpoints_CNN/mnist_struct_baseline_scheduler_binary_25_target_uc_3/last' (iter 10260, epoch 38.0)
=> saved checkpoint 'checkpoint_scores_CNN/mnist_struct_baseline_scheduler_binary_25_target_uc_3/last' (iter 10260, epoch 38.0)
EarlyStopping counter: 16 out of 25
[Save Checkpoint] epoch: [38.0], Train score:107.66333, Test score:93.21000, train loss:0.03940, test loss:0.11946, ratio_train_loss:0.00000,ratio_test_loss:0.00000, var distance inter class train:0.00000,var distance inter class test:0.00000
39.0  Compute uniq code target:
30.0
Uniq code computing: lambda: 73.89055633544922, score: 100.0, uniq codes: tensor([[1., 1., 1., 1., 0., 1., 1., 1., 1., 0., 1., 1., 0., 1., 0., 1., 1., 1.,
         1., 0., 1., 1., 1., 1., 1.],
        [0., 1., 1., 1., 1., 0., 1., 1., 0., 0., 1., 1., 1., 1., 1., 1., 1., 1.,
         1., 0., 0., 1., 1., 1., 0.],
        [1., 0., 0., 1., 1., 1., 1., 0., 1., 0., 1., 1., 1., 1., 1., 1., 0., 0.,
         1., 1., 1., 1., 1., 1., 1.],
        [1., 1., 1., 1., 1., 1., 1., 0., 1., 1., 1., 1., 1., 0., 1., 1., 0., 1.,
         1., 1., 1., 1., 0., 0., 1.],
        [0., 0., 1., 1., 0., 1., 1., 1., 1., 0., 1., 1., 1., 1., 1., 1., 1., 1.,
         1., 1., 1., 0., 1., 0., 0.],
        [0., 1., 0., 1., 1., 1., 1., 1., 1., 1., 1., 1., 1., 1., 1., 0., 1., 1.,
         1., 1., 1., 1., 1., 1., 1.],
        [0., 1., 1., 0., 0., 1., 1., 1., 0., 0., 0., 0., 1., 1., 0., 1., 1., 1.,
         1., 0., 1., 1., 1., 0., 1.],
        [1., 1., 1., 0., 1., 0., 1., 1., 1., 1., 1., 1., 1., 1., 1., 1., 1., 1.,
         1., 1., 0., 1., 1., 1., 1.],
        [1., 1., 0., 1., 1., 1., 0., 1., 1., 1., 0., 0., 0., 1., 1., 1., 1., 0.,
         0., 1., 1., 0., 1., 1., 1.],
        [1., 1., 1., 1., 0., 1., 1., 1., 1., 1., 0., 1., 1., 1., 1., 1., 1., 1.,
         0., 1., 1., 0., 0., 1., 1.]], device='cuda:0')
=> saved checkpoint 'checkpoints_CNN/mnist_struct_baseline_scheduler_binary_25_target_uc_3/last' (iter 10530, epoch 39.0)
=> saved checkpoint 'checkpoint_scores_CNN/mnist_struct_baseline_scheduler_binary_25_target_uc_3/last' (iter 10530, epoch 39.0)
EarlyStopping counter: 17 out of 25
[Save Checkpoint] epoch: [39.0], Train score:107.71500, Test score:93.15000, train loss:0.03847, test loss:0.11941, ratio_train_loss:0.00000,ratio_test_loss:0.00000, var distance inter class train:0.00000,var distance inter class test:0.00000
40.0  Compute uniq code target:
30.0
Uniq code computing: lambda: 73.89055633544922, score: 100.0, uniq codes: tensor([[1., 1., 1., 1., 0., 1., 1., 1., 1., 0., 1., 1., 0., 1., 0., 1., 1., 1.,
         1., 0., 1., 1., 1., 1., 1.],
        [0., 1., 1., 1., 1., 0., 1., 1., 0., 0., 1., 1., 1., 1., 1., 1., 1., 1.,
         1., 0., 0., 1., 1., 1., 0.],
        [1., 0., 0., 1., 1., 1., 1., 0., 1., 0., 1., 1., 1., 1., 1., 1., 0., 0.,
         1., 1., 1., 1., 1., 1., 1.],
        [1., 1., 1., 1., 1., 1., 1., 0., 1., 1., 1., 1., 1., 0., 1., 1., 0., 1.,
         1., 1., 1., 1., 0., 0., 1.],
        [0., 0., 1., 1., 0., 1., 1., 1., 1., 0., 1., 1., 1., 1., 1., 1., 1., 1.,
         1., 1., 1., 0., 1., 0., 0.],
        [0., 1., 0., 1., 1., 1., 1., 1., 1., 1., 1., 1., 1., 1., 1., 0., 1., 1.,
         1., 1., 1., 1., 1., 1., 1.],
        [0., 1., 1., 0., 0., 1., 1., 1., 0., 0., 0., 0., 1., 1., 0., 1., 1., 1.,
         1., 0., 1., 1., 1., 0., 1.],
        [1., 1., 1., 0., 1., 0., 1., 1., 1., 1., 1., 1., 1., 1., 1., 1., 1., 1.,
         1., 1., 0., 1., 1., 1., 1.],
        [1., 1., 0., 1., 1., 1., 0., 1., 1., 1., 0., 0., 0., 1., 1., 1., 1., 0.,
         0., 1., 1., 0., 1., 1., 1.],
        [1., 1., 1., 1., 0., 1., 1., 1., 1., 1., 0., 1., 1., 1., 1., 1., 1., 1.,
         0., 1., 1., 0., 0., 1., 1.]], device='cuda:0')
=> saved checkpoint 'checkpoints_CNN/mnist_struct_baseline_scheduler_binary_25_target_uc_3/last' (iter 10800, epoch 40.0)
=> saved checkpoint 'checkpoint_scores_CNN/mnist_struct_baseline_scheduler_binary_25_target_uc_3/last' (iter 10800, epoch 40.0)
EarlyStopping counter: 18 out of 25
[Save Checkpoint] epoch: [40.0], Train score:107.75833, Test score:93.11000, train loss:0.03758, test loss:0.12007, ratio_train_loss:0.00000,ratio_test_loss:0.00000, var distance inter class train:0.00000,var distance inter class test:0.00000
41.0  Compute uniq code target:
30.0
Uniq code computing: lambda: 73.89055633544922, score: 100.0, uniq codes: tensor([[1., 1., 1., 1., 0., 1., 1., 1., 1., 0., 1., 1., 0., 1., 0., 1., 1., 1.,
         1., 0., 1., 1., 1., 1., 1.],
        [0., 1., 1., 1., 1., 0., 1., 1., 0., 0., 1., 1., 1., 1., 1., 1., 1., 1.,
         1., 0., 0., 1., 1., 1., 0.],
        [1., 0., 0., 1., 1., 1., 1., 0., 1., 0., 1., 1., 1., 1., 1., 1., 0., 0.,
         1., 1., 1., 1., 1., 1., 1.],
        [1., 1., 1., 1., 1., 1., 1., 0., 1., 1., 1., 1., 1., 0., 1., 1., 0., 1.,
         1., 1., 1., 1., 0., 0., 1.],
        [0., 0., 1., 1., 0., 1., 1., 1., 1., 0., 1., 1., 1., 1., 1., 1., 1., 1.,
         1., 1., 1., 0., 1., 0., 0.],
        [0., 1., 0., 1., 1., 1., 1., 1., 1., 1., 1., 1., 1., 1., 1., 0., 1., 1.,
         1., 1., 1., 1., 1., 1., 1.],
        [0., 1., 1., 0., 0., 1., 1., 1., 0., 0., 0., 0., 1., 1., 0., 1., 1., 1.,
         1., 0., 1., 1., 1., 0., 1.],
        [1., 1., 1., 0., 1., 0., 1., 1., 1., 1., 1., 1., 1., 1., 1., 1., 1., 1.,
         1., 1., 0., 1., 1., 1., 1.],
        [1., 1., 0., 1., 1., 1., 0., 1., 1., 1., 0., 0., 0., 1., 1., 1., 1., 0.,
         0., 1., 1., 0., 1., 1., 1.],
        [1., 1., 1., 1., 0., 1., 1., 1., 1., 1., 0., 1., 1., 1., 1., 1., 1., 1.,
         0., 1., 1., 0., 0., 1., 1.]], device='cuda:0')
=> saved checkpoint 'checkpoints_CNN/mnist_struct_baseline_scheduler_binary_25_target_uc_3/last' (iter 11070, epoch 41.0)
=> saved checkpoint 'checkpoint_scores_CNN/mnist_struct_baseline_scheduler_binary_25_target_uc_3/last' (iter 11070, epoch 41.0)
EarlyStopping counter: 19 out of 25
[Save Checkpoint] epoch: [41.0], Train score:107.71667, Test score:93.09000, train loss:0.03835, test loss:0.12073, ratio_train_loss:0.00000,ratio_test_loss:0.00000, var distance inter class train:0.00000,var distance inter class test:0.00000
42.0  Compute uniq code target:
30.0
Uniq code computing: lambda: 73.89055633544922, score: 100.0, uniq codes: tensor([[1., 1., 1., 1., 0., 1., 1., 1., 1., 0., 1., 1., 0., 1., 0., 1., 1., 1.,
         1., 0., 1., 1., 1., 1., 1.],
        [0., 1., 1., 1., 1., 0., 1., 1., 0., 0., 1., 1., 1., 1., 1., 1., 1., 1.,
         1., 0., 0., 1., 1., 1., 0.],
        [1., 0., 0., 1., 1., 1., 1., 0., 1., 0., 1., 1., 1., 1., 1., 1., 0., 0.,
         1., 1., 1., 1., 1., 1., 1.],
        [1., 1., 1., 1., 1., 1., 1., 0., 1., 1., 1., 1., 1., 0., 1., 1., 0., 1.,
         1., 1., 1., 1., 0., 0., 1.],
        [0., 0., 1., 1., 0., 1., 1., 1., 1., 0., 1., 1., 1., 1., 1., 1., 1., 1.,
         1., 1., 1., 0., 1., 0., 0.],
        [0., 1., 0., 1., 1., 1., 1., 1., 1., 1., 1., 1., 1., 1., 1., 0., 1., 1.,
         1., 1., 1., 1., 1., 1., 1.],
        [0., 1., 1., 0., 0., 1., 1., 1., 0., 0., 0., 0., 1., 1., 0., 1., 1., 1.,
         1., 0., 1., 1., 1., 0., 1.],
        [1., 1., 1., 0., 1., 0., 1., 1., 1., 1., 1., 1., 1., 1., 1., 1., 1., 1.,
         1., 1., 0., 1., 1., 1., 1.],
        [1., 1., 0., 1., 1., 1., 0., 1., 1., 1., 0., 0., 0., 1., 1., 1., 1., 0.,
         0., 1., 1., 0., 1., 1., 1.],
        [1., 1., 1., 1., 0., 1., 1., 1., 1., 1., 0., 1., 1., 1., 1., 1., 1., 1.,
         0., 1., 1., 0., 0., 1., 1.]], device='cuda:0')
Epoch    42: reducing learning rate of group 0 to 1.6000e-06.
=> saved checkpoint 'checkpoints_CNN/mnist_struct_baseline_scheduler_binary_25_target_uc_3/last' (iter 11340, epoch 42.0)
=> saved checkpoint 'checkpoint_scores_CNN/mnist_struct_baseline_scheduler_binary_25_target_uc_3/last' (iter 11340, epoch 42.0)
EarlyStopping counter: 20 out of 25
[Save Checkpoint] epoch: [42.0], Train score:107.75167, Test score:93.09000, train loss:0.03808, test loss:0.12052, ratio_train_loss:0.00000,ratio_test_loss:0.00000, var distance inter class train:0.00000,var distance inter class test:0.00000
43.0  Compute uniq code target:
30.0
Uniq code computing: lambda: 73.89055633544922, score: 100.0, uniq codes: tensor([[1., 1., 1., 1., 0., 1., 1., 1., 1., 0., 1., 1., 0., 1., 0., 1., 1., 1.,
         1., 0., 1., 1., 1., 1., 1.],
        [0., 1., 1., 1., 1., 0., 1., 1., 0., 0., 1., 1., 1., 1., 1., 1., 1., 1.,
         1., 0., 0., 1., 1., 1., 0.],
        [1., 0., 0., 1., 1., 1., 1., 0., 1., 0., 1., 1., 1., 1., 1., 1., 0., 0.,
         1., 1., 1., 1., 1., 1., 1.],
        [1., 1., 1., 1., 1., 1., 1., 0., 1., 1., 1., 1., 1., 0., 1., 1., 0., 1.,
         1., 1., 1., 1., 0., 0., 1.],
        [0., 0., 1., 1., 0., 1., 1., 1., 1., 0., 1., 1., 1., 1., 1., 1., 1., 1.,
         1., 1., 1., 0., 1., 0., 0.],
        [0., 1., 0., 1., 1., 1., 1., 1., 1., 1., 1., 1., 1., 1., 1., 0., 1., 1.,
         1., 1., 1., 1., 1., 1., 1.],
        [0., 1., 1., 0., 0., 1., 1., 1., 0., 0., 0., 0., 1., 1., 0., 1., 1., 1.,
         1., 0., 1., 1., 1., 0., 1.],
        [1., 1., 1., 0., 1., 0., 1., 1., 1., 1., 1., 1., 1., 1., 1., 1., 1., 1.,
         1., 1., 0., 1., 1., 1., 1.],
        [1., 1., 0., 1., 1., 1., 0., 1., 1., 1., 0., 0., 0., 1., 1., 1., 1., 0.,
         0., 1., 1., 0., 1., 1., 1.],
        [1., 1., 1., 1., 0., 1., 1., 1., 1., 1., 0., 1., 1., 1., 1., 1., 1., 1.,
         0., 1., 1., 0., 0., 1., 1.]], device='cuda:0')
=> saved checkpoint 'checkpoints_CNN/mnist_struct_baseline_scheduler_binary_25_target_uc_3/last' (iter 11610, epoch 43.0)
=> saved checkpoint 'checkpoint_scores_CNN/mnist_struct_baseline_scheduler_binary_25_target_uc_3/last' (iter 11610, epoch 43.0)
EarlyStopping counter: 21 out of 25
[Save Checkpoint] epoch: [43.0], Train score:107.77667, Test score:93.11000, train loss:0.03752, test loss:0.12032, ratio_train_loss:0.00000,ratio_test_loss:0.00000, var distance inter class train:0.00000,var distance inter class test:0.00000
44.0  Compute uniq code target:
30.0
Uniq code computing: lambda: 73.89055633544922, score: 100.0, uniq codes: tensor([[1., 1., 1., 1., 0., 1., 1., 1., 1., 0., 1., 1., 0., 1., 0., 1., 1., 1.,
         1., 0., 1., 1., 1., 1., 1.],
        [0., 1., 1., 1., 1., 0., 1., 1., 0., 0., 1., 1., 1., 1., 1., 1., 1., 1.,
         1., 0., 0., 1., 1., 1., 0.],
        [1., 0., 0., 1., 1., 1., 1., 0., 1., 0., 1., 1., 1., 1., 1., 1., 0., 0.,
         1., 1., 1., 1., 1., 1., 1.],
        [1., 1., 1., 1., 1., 1., 1., 0., 1., 1., 1., 1., 1., 0., 1., 1., 0., 1.,
         1., 1., 1., 1., 0., 0., 1.],
        [0., 0., 1., 1., 0., 1., 1., 1., 1., 0., 1., 1., 1., 1., 1., 1., 1., 1.,
         1., 1., 1., 0., 1., 0., 0.],
        [0., 1., 0., 1., 1., 1., 1., 1., 1., 1., 1., 1., 1., 1., 1., 0., 1., 1.,
         1., 1., 1., 1., 1., 1., 1.],
        [0., 1., 1., 0., 0., 1., 1., 1., 0., 0., 0., 0., 1., 1., 0., 1., 1., 1.,
         1., 0., 1., 1., 1., 0., 1.],
        [1., 1., 1., 0., 1., 0., 1., 1., 1., 1., 1., 1., 1., 1., 1., 1., 1., 1.,
         1., 1., 0., 1., 1., 1., 1.],
        [1., 1., 0., 1., 1., 1., 0., 1., 1., 1., 0., 0., 0., 1., 1., 1., 1., 0.,
         0., 1., 1., 0., 1., 1., 1.],
        [1., 1., 1., 1., 0., 1., 1., 1., 1., 1., 0., 1., 1., 1., 1., 1., 1., 1.,
         0., 1., 1., 0., 0., 1., 1.]], device='cuda:0')
=> saved checkpoint 'checkpoints_CNN/mnist_struct_baseline_scheduler_binary_25_target_uc_3/last' (iter 11880, epoch 44.0)
=> saved checkpoint 'checkpoint_scores_CNN/mnist_struct_baseline_scheduler_binary_25_target_uc_3/last' (iter 11880, epoch 44.0)
EarlyStopping counter: 22 out of 25
[Save Checkpoint] epoch: [44.0], Train score:107.77833, Test score:93.13000, train loss:0.03727, test loss:0.11968, ratio_train_loss:0.00000,ratio_test_loss:0.00000, var distance inter class train:0.00000,var distance inter class test:0.00000
45.0  Compute uniq code target:
30.0
Uniq code computing: lambda: 73.89055633544922, score: 100.0, uniq codes: tensor([[1., 1., 1., 1., 0., 1., 1., 1., 1., 0., 1., 1., 0., 1., 0., 1., 1., 1.,
         1., 0., 1., 1., 1., 1., 1.],
        [0., 1., 1., 1., 1., 0., 1., 1., 0., 0., 1., 1., 1., 1., 1., 1., 1., 1.,
         1., 0., 0., 1., 1., 1., 0.],
        [1., 0., 0., 1., 1., 1., 1., 0., 1., 0., 1., 1., 1., 1., 1., 1., 0., 0.,
         1., 1., 1., 1., 1., 1., 1.],
        [1., 1., 1., 1., 1., 1., 1., 0., 1., 1., 1., 1., 1., 0., 1., 1., 0., 1.,
         1., 1., 1., 1., 0., 0., 1.],
        [0., 0., 1., 1., 0., 1., 1., 1., 1., 0., 1., 1., 1., 1., 1., 1., 1., 1.,
         1., 1., 1., 0., 1., 0., 0.],
        [0., 1., 0., 1., 1., 1., 1., 1., 1., 1., 1., 1., 1., 1., 1., 0., 1., 1.,
         1., 1., 1., 1., 1., 1., 1.],
        [0., 1., 1., 0., 0., 1., 1., 1., 0., 0., 0., 0., 1., 1., 0., 1., 1., 1.,
         1., 0., 1., 1., 1., 0., 1.],
        [1., 1., 1., 0., 1., 0., 1., 1., 1., 1., 1., 1., 1., 1., 1., 1., 1., 1.,
         1., 1., 0., 1., 1., 1., 1.],
        [1., 1., 0., 1., 1., 1., 0., 1., 1., 1., 0., 0., 0., 1., 1., 1., 1., 0.,
         0., 1., 1., 0., 1., 1., 1.],
        [1., 1., 1., 0., 0., 1., 1., 1., 1., 1., 0., 1., 1., 1., 1., 1., 1., 1.,
         0., 1., 1., 0., 0., 1., 1.]], device='cuda:0')
=> saved checkpoint 'checkpoints_CNN/mnist_struct_baseline_scheduler_binary_25_target_uc_3/last' (iter 12150, epoch 45.0)
=> saved checkpoint 'checkpoint_scores_CNN/mnist_struct_baseline_scheduler_binary_25_target_uc_3/last' (iter 12150, epoch 45.0)
EarlyStopping counter: 23 out of 25
[Save Checkpoint] epoch: [45.0], Train score:107.79833, Test score:93.14000, train loss:0.03699, test loss:0.11926, ratio_train_loss:0.00000,ratio_test_loss:0.00000, var distance inter class train:0.00000,var distance inter class test:0.00000
46.0  Compute uniq code target:
30.0
Uniq code computing: lambda: 73.89055633544922, score: 100.0, uniq codes: tensor([[1., 1., 1., 1., 0., 1., 1., 1., 1., 0., 1., 1., 0., 1., 0., 1., 1., 1.,
         1., 0., 1., 1., 1., 1., 1.],
        [0., 1., 1., 1., 1., 0., 1., 1., 0., 0., 1., 1., 1., 1., 1., 1., 1., 1.,
         1., 0., 0., 1., 1., 1., 0.],
        [1., 0., 0., 1., 1., 1., 1., 0., 1., 0., 1., 1., 1., 1., 1., 1., 0., 0.,
         1., 1., 1., 1., 1., 1., 1.],
        [1., 1., 1., 1., 1., 1., 1., 0., 1., 1., 1., 1., 1., 0., 1., 1., 0., 1.,
         1., 1., 1., 1., 0., 0., 1.],
        [0., 0., 1., 1., 0., 1., 1., 1., 1., 0., 1., 1., 1., 1., 1., 1., 1., 1.,
         1., 1., 1., 0., 1., 0., 0.],
        [0., 1., 0., 1., 1., 1., 1., 1., 1., 1., 1., 1., 1., 1., 1., 0., 1., 1.,
         1., 1., 1., 1., 1., 1., 1.],
        [0., 1., 1., 0., 0., 1., 1., 1., 0., 0., 0., 0., 1., 1., 0., 1., 1., 1.,
         1., 0., 1., 1., 1., 0., 1.],
        [1., 1., 1., 0., 1., 0., 1., 1., 1., 1., 1., 1., 1., 1., 1., 1., 1., 1.,
         1., 1., 0., 1., 1., 1., 1.],
        [1., 1., 0., 1., 1., 1., 0., 1., 1., 1., 0., 0., 0., 1., 1., 1., 1., 0.,
         0., 1., 1., 0., 1., 1., 1.],
        [1., 1., 1., 0., 0., 1., 1., 1., 1., 1., 0., 1., 1., 1., 1., 1., 1., 1.,
         0., 1., 1., 0., 0., 1., 1.]], device='cuda:0')
=> saved checkpoint 'checkpoints_CNN/mnist_struct_baseline_scheduler_binary_25_target_uc_3/last' (iter 12420, epoch 46.0)
=> saved checkpoint 'checkpoint_scores_CNN/mnist_struct_baseline_scheduler_binary_25_target_uc_3/last' (iter 12420, epoch 46.0)
EarlyStopping counter: 24 out of 25
[Save Checkpoint] epoch: [46.0], Train score:107.79833, Test score:93.13000, train loss:0.03712, test loss:0.11972, ratio_train_loss:0.00000,ratio_test_loss:0.00000, var distance inter class train:0.00000,var distance inter class test:0.00000
47.0  Compute uniq code target:
30.0
Uniq code computing: lambda: 73.89055633544922, score: 100.0, uniq codes: tensor([[1., 1., 1., 1., 0., 1., 1., 1., 1., 0., 1., 1., 0., 1., 0., 1., 1., 1.,
         1., 0., 1., 1., 1., 1., 1.],
        [0., 1., 1., 1., 1., 0., 1., 1., 0., 0., 1., 1., 1., 1., 1., 1., 1., 1.,
         1., 0., 0., 1., 1., 1., 0.],
        [1., 0., 0., 1., 1., 1., 1., 0., 1., 0., 1., 1., 1., 1., 1., 1., 0., 0.,
         1., 1., 1., 1., 1., 1., 1.],
        [1., 1., 1., 1., 1., 1., 1., 0., 1., 1., 1., 1., 1., 0., 1., 1., 0., 1.,
         1., 1., 1., 1., 0., 0., 1.],
        [0., 0., 1., 1., 0., 1., 1., 1., 1., 0., 1., 1., 1., 1., 1., 1., 1., 1.,
         1., 1., 1., 0., 1., 0., 0.],
        [0., 1., 0., 1., 1., 1., 1., 1., 1., 1., 1., 1., 1., 1., 1., 0., 1., 1.,
         1., 1., 1., 1., 1., 1., 1.],
        [0., 1., 1., 0., 0., 1., 1., 1., 0., 0., 0., 0., 1., 1., 0., 1., 1., 1.,
         1., 0., 1., 1., 1., 0., 1.],
        [1., 1., 1., 0., 1., 0., 1., 1., 1., 1., 1., 1., 1., 1., 1., 1., 1., 1.,
         1., 1., 0., 1., 1., 1., 1.],
        [1., 1., 0., 1., 1., 1., 0., 1., 1., 1., 0., 0., 0., 1., 1., 1., 1., 0.,
         0., 1., 1., 0., 1., 1., 1.],
        [1., 1., 1., 0., 0., 1., 1., 1., 1., 1., 0., 1., 1., 1., 1., 1., 1., 1.,
         0., 1., 1., 0., 0., 1., 1.]], device='cuda:0')
Epoch    47: reducing learning rate of group 0 to 1.0000e-06.
=> saved checkpoint 'checkpoints_CNN/mnist_struct_baseline_scheduler_binary_25_target_uc_3/last' (iter 12690, epoch 47.0)
=> saved checkpoint 'checkpoint_scores_CNN/mnist_struct_baseline_scheduler_binary_25_target_uc_3/last' (iter 12690, epoch 47.0)
EarlyStopping counter: 25 out of 25
[Save Checkpoint] epoch: [47.0], Train score:107.80833, Test score:93.12000, train loss:0.03712, test loss:0.11971, ratio_train_loss:0.00000,ratio_test_loss:0.00000, var distance inter class train:0.00000,var distance inter class test:0.00000
Early stopping
[Training Finished]
All done !
