18
--gpu_devices 0 --max_iter 100 --batch_size 32 --lr 1e-3 --use_scheduler False --is_default_model False --is_custom_model_BK True --use_VAE True --z_struct_size 16 --hidden_filters_layer2 16 --z_var_size 30 --lambda_BCE 1 --beta 1 --var_hidden_filters_1 32 --var_hidden_filters_2 32 --var_hidden_filters_3 32 --var_kernel_size_1 4 --var_kernel_size_2 4 --var_kernel_size_3 4 --var_stride_size_1 2 --var_stride_size_2 1 --var_stride_size_3 1 --var_hidden_dim 256 --var_three_conv_layer True --exp_name mnist_balanced_dataset_encoder_ratio_min_and_mean_1_2_1_1_z_struct_16_VAE_3c_32_30_1
Namespace(BK_in_first_layer=True, BK_in_second_layer=False, BK_in_third_layer=False, BN=False, C_max=25, C_stop_iter=100000.0, E1_AE=False, E1_VAE=False, E1_conv=False, E1_dense=False, E1_second_conv=False, E1_second_conv_adapt=False, GMP=True, IPC=False, L1_norm_act=False, L1_norm_weights=False, L3_without_random=False, LOG_DIR='logs', adapt_lr=False, add_classification_layer=True, add_linear_after_GMP=True, add_z_struct_bottleneck=False, alpha=32, batch_size=32, beta=1.0, beta1=0.9, beta2=0.999, big_kernel=False, big_kernel_size=8, binary_chain=False, binary_z=False, ckpt_dir='checkpoints_CNN', ckpt_dir_scores='checkpoint_scores_CNN', classif_layer_size=30, contrastive_loss=False, cuda=True, dataset='mnist', dataset_balanced=False, decoder_first_dense=36, decoder_kernel_size_1=4, decoder_kernel_size_2=3, decoder_kernel_size_3=4, decoder_n_filter_1=64, decoder_n_filter_2=64, decoder_stride_1=2, decoder_stride_2=2, decoder_stride_3=1, diff_var=False, display_step=10000, dset_dir='data', exp_name='mnist_balanced_dataset_encoder_ratio_min_and_mean_1_2_1_1_z_struct_16_VAE_3c_32_30_1', freeze_Encoder=True, gamma=1000, gpu_devices=[0], hidden_filters_layer1=32, hidden_filters_layer2=16, hidden_filters_layer3=32, image_size=64, intra_class_variance_loss=False, is_C=True, is_E1=False, is_binary_structural_latent=False, is_custom_model=False, is_custom_model_BK=True, is_default_model=False, is_noise_stats=False, is_partial_rand_class=False, is_perturbed_score=False, is_zvar_sim_loss=False, just_train=False, kernel_size=4, lambda_BCE=1.0, lambda_Kl_struct=1, lambda_Kl_var=1, lambda_L1=0.01, lambda_VAE=1, lambda_class=1, lambda_contrastive_loss=1, lambda_distance_mean=1, lambda_intra_class_var=1, lambda_partial_class=1, lambda_ratio_reg=1, lambda_recon_wt_rand=1, lambda_recons=1, lambda_var_distance=1, lambda_var_inter=1, lambda_var_intra=1, lambda_zvar_sim=1, latent_spec_cont=None, latent_spec_cont_class=None, latent_spec_cont_var=None, latent_spec_disc=None, latent_spec_disc_class=None, latent_spec_disc_var=None, log_level='info', loss='Proxy_Anchor', loss_distance_mean=False, loss_min_distance_cl=False, lr=0.001, max_iter=100.0, model='CNN', mrg=0.1, num_workers=2, old_weighted=False, optimizer='adamw', other_architecture=False, other_ratio=False, random_percentage=0.2, random_seed=10, randomness=True, ratio_reg=False, remark='', save_step=10000, second_layer_C=False, seed=1, stride_size=1, sz_embedding=5, three_conv_layer=False, train=True, two_conv_layer=True, two_encoder=False, use_VAE=True, use_decoder=False, use_early_stopping=True, use_scheduler=False, value_target_distance_mean=1, var_hidden_dim=256, var_hidden_filters_1=32, var_hidden_filters_2=32, var_hidden_filters_3=32, var_kernel_size_1=4, var_kernel_size_2=4, var_kernel_size_3=4, var_stride_size_1=2, var_stride_size_2=1, var_stride_size_3=1, var_three_conv_layer=True, warm=1, without_acc=False, z_struct_size=16, z_var_size=30, zeros_W_Classif=False, zvar_sim_change_zvar=False, zvar_sim_loss_for_all_model=False, zvar_sim_loss_only_for_encoder=False, zvar_sim_normal=False, zvar_sim_var_rand=False)
CUDA Visible devices !
[Using Seed: 10]
Load Encoder struct weights for VAE
use 1 gpu who named: Tesla V100-SXM2-32GB
=> loaded sample_scores and losses
=> loaded checkpoint 'checkpoints_CNN/mnist_balanced_dataset_encoder_ratio_min_and_mean_1_2_1_1_z_struct_16/last (iter 11070)'
VAE var doesn't exist load struct encoder weighs !
use 1 gpu who named: Tesla V100-SXM2-32GB
Weighs loaded for encoder_struct !
VAE(
  (encoder_struct): Sequential(
    (0): Conv2d(1, 32, kernel_size=(8, 8), stride=(1, 1))
    (1): BatchNorm2d(32, eps=1e-05, momentum=0.1, affine=True, track_running_stats=True)
    (2): ReLU(inplace=True)
    (3): Conv2d(32, 16, kernel_size=(4, 4), stride=(1, 1))
    (4): BatchNorm2d(16, eps=1e-05, momentum=0.1, affine=True, track_running_stats=True)
    (5): ReLU(inplace=True)
    (6): AdaptiveMaxPool2d(output_size=(1, 1))
    (7): View()
    (8): Sigmoid()
  )
  (encoder_var): Sequential(
    (0): Conv2d(1, 32, kernel_size=(4, 4), stride=(2, 2))
    (1): BatchNorm2d(32, eps=1e-05, momentum=0.1, affine=True, track_running_stats=True)
    (2): ReLU(inplace=True)
    (3): Conv2d(32, 32, kernel_size=(4, 4), stride=(1, 1))
    (4): BatchNorm2d(32, eps=1e-05, momentum=0.1, affine=True, track_running_stats=True)
    (5): ReLU(inplace=True)
    (6): Conv2d(32, 32, kernel_size=(4, 4), stride=(1, 1))
    (7): BatchNorm2d(32, eps=1e-05, momentum=0.1, affine=True, track_running_stats=True)
    (8): ReLU(inplace=True)
    (9): View()
    (10): Linear(in_features=2592, out_features=256, bias=True)
    (11): BatchNorm1d(256, eps=1e-05, momentum=0.1, affine=True, track_running_stats=True)
    (12): ReLU(inplace=True)
    (13): Dropout(p=0.4, inplace=False)
    (14): Linear(in_features=256, out_features=60, bias=True)
  )
  (decoder): Sequential(
    (0): Linear(in_features=46, out_features=256, bias=True)
    (1): ReLU(inplace=True)
    (2): Linear(in_features=256, out_features=2592, bias=True)
    (3): ReLU(inplace=True)
    (4): View()
    (5): ConvTranspose2d(32, 32, kernel_size=(4, 4), stride=(1, 1))
    (6): ReLU(inplace=True)
    (7): ConvTranspose2d(32, 32, kernel_size=(4, 4), stride=(1, 1))
    (8): ReLU(inplace=True)
    (9): ConvTranspose2d(32, 1, kernel_size=(4, 4), stride=(2, 2))
    (10): Sigmoid()
  )
)
The number of parameters of model is 1435213
=> saved checkpoint 'checkpoints_CNN/mnist_balanced_dataset_encoder_ratio_min_and_mean_1_2_1_1_z_struct_16_VAE_3c_32_30_1/last' (iter 1875, epoch 1.0)
=> saved checkpoint 'checkpoint_scores_CNN/mnist_balanced_dataset_encoder_ratio_min_and_mean_1_2_1_1_z_struct_16_VAE_3c_32_30_1/last' (iter 1875, epoch 1.0)
[Save Checkpoint] epoch: [1.0], Train: total:-20.20814, BCE:-20.26525, KLD:0.05711,Test: total:-18.77407, BCE:-20.59159, KLD:1.81752
=> saved checkpoint 'checkpoints_CNN/mnist_balanced_dataset_encoder_ratio_min_and_mean_1_2_1_1_z_struct_16_VAE_3c_32_30_1/last' (iter 3750, epoch 2.0)
=> saved checkpoint 'checkpoint_scores_CNN/mnist_balanced_dataset_encoder_ratio_min_and_mean_1_2_1_1_z_struct_16_VAE_3c_32_30_1/last' (iter 3750, epoch 2.0)
[Save Checkpoint] epoch: [2.0], Train: total:-25.84536, BCE:-25.84806, KLD:0.00268,Test: total:-26.27070, BCE:-26.35551, KLD:0.08481
=> saved checkpoint 'checkpoints_CNN/mnist_balanced_dataset_encoder_ratio_min_and_mean_1_2_1_1_z_struct_16_VAE_3c_32_30_1/last' (iter 5625, epoch 3.0)
=> saved checkpoint 'checkpoint_scores_CNN/mnist_balanced_dataset_encoder_ratio_min_and_mean_1_2_1_1_z_struct_16_VAE_3c_32_30_1/last' (iter 5625, epoch 3.0)
[Save Checkpoint] epoch: [3.0], Train: total:-27.35004, BCE:-27.35037, KLD:0.00037,Test: total:-27.95450, BCE:-27.96598, KLD:0.01148
=> saved checkpoint 'checkpoints_CNN/mnist_balanced_dataset_encoder_ratio_min_and_mean_1_2_1_1_z_struct_16_VAE_3c_32_30_1/last' (iter 7500, epoch 4.0)
=> saved checkpoint 'checkpoint_scores_CNN/mnist_balanced_dataset_encoder_ratio_min_and_mean_1_2_1_1_z_struct_16_VAE_3c_32_30_1/last' (iter 7500, epoch 4.0)
EarlyStopping counter: 1 out of 15
[Save Checkpoint] epoch: [4.0], Train: total:-28.12416, BCE:-28.12421, KLD:0.00005,Test: total:-28.78022, BCE:-28.78185, KLD:0.00163
=> saved checkpoint 'checkpoints_CNN/mnist_balanced_dataset_encoder_ratio_min_and_mean_1_2_1_1_z_struct_16_VAE_3c_32_30_1/last' (iter 9375, epoch 5.0)
=> saved checkpoint 'checkpoint_scores_CNN/mnist_balanced_dataset_encoder_ratio_min_and_mean_1_2_1_1_z_struct_16_VAE_3c_32_30_1/last' (iter 9375, epoch 5.0)
[Save Checkpoint] epoch: [5.0], Train: total:-28.25479, BCE:-28.25481, KLD:0.00004,Test: total:-28.90939, BCE:-28.91064, KLD:0.00125
=> saved checkpoint 'checkpoints_CNN/mnist_balanced_dataset_encoder_ratio_min_and_mean_1_2_1_1_z_struct_16_VAE_3c_32_30_1/last' (iter 11250, epoch 6.0)
=> saved checkpoint 'checkpoint_scores_CNN/mnist_balanced_dataset_encoder_ratio_min_and_mean_1_2_1_1_z_struct_16_VAE_3c_32_30_1/last' (iter 11250, epoch 6.0)
EarlyStopping counter: 1 out of 15
[Save Checkpoint] epoch: [6.0], Train: total:-28.51244, BCE:-28.51276, KLD:0.00030,Test: total:-29.21338, BCE:-29.22272, KLD:0.00933
=> saved checkpoint 'checkpoints_CNN/mnist_balanced_dataset_encoder_ratio_min_and_mean_1_2_1_1_z_struct_16_VAE_3c_32_30_1/last' (iter 13125, epoch 7.0)
=> saved checkpoint 'checkpoint_scores_CNN/mnist_balanced_dataset_encoder_ratio_min_and_mean_1_2_1_1_z_struct_16_VAE_3c_32_30_1/last' (iter 13125, epoch 7.0)
EarlyStopping counter: 2 out of 15
[Save Checkpoint] epoch: [7.0], Train: total:-28.73193, BCE:-28.73200, KLD:0.00008,Test: total:-29.39850, BCE:-29.40107, KLD:0.00257
=> saved checkpoint 'checkpoints_CNN/mnist_balanced_dataset_encoder_ratio_min_and_mean_1_2_1_1_z_struct_16_VAE_3c_32_30_1/last' (iter 15000, epoch 8.0)
=> saved checkpoint 'checkpoint_scores_CNN/mnist_balanced_dataset_encoder_ratio_min_and_mean_1_2_1_1_z_struct_16_VAE_3c_32_30_1/last' (iter 15000, epoch 8.0)
[Save Checkpoint] epoch: [8.0], Train: total:-28.83138, BCE:-28.83170, KLD:0.00031,Test: total:-29.49223, BCE:-29.50200, KLD:0.00977
=> saved checkpoint 'checkpoints_CNN/mnist_balanced_dataset_encoder_ratio_min_and_mean_1_2_1_1_z_struct_16_VAE_3c_32_30_1/last' (iter 16875, epoch 9.0)
=> saved checkpoint 'checkpoint_scores_CNN/mnist_balanced_dataset_encoder_ratio_min_and_mean_1_2_1_1_z_struct_16_VAE_3c_32_30_1/last' (iter 16875, epoch 9.0)
EarlyStopping counter: 1 out of 15
[Save Checkpoint] epoch: [9.0], Train: total:-29.16040, BCE:-29.16045, KLD:0.00004,Test: total:-29.83921, BCE:-29.84040, KLD:0.00119
=> saved checkpoint 'checkpoints_CNN/mnist_balanced_dataset_encoder_ratio_min_and_mean_1_2_1_1_z_struct_16_VAE_3c_32_30_1/last' (iter 18750, epoch 10.0)
=> saved checkpoint 'checkpoint_scores_CNN/mnist_balanced_dataset_encoder_ratio_min_and_mean_1_2_1_1_z_struct_16_VAE_3c_32_30_1/last' (iter 18750, epoch 10.0)
[Save Checkpoint] epoch: [10.0], Train: total:-29.28551, BCE:-29.28557, KLD:0.00005,Test: total:-29.98654, BCE:-29.98815, KLD:0.00161
=> saved checkpoint 'checkpoints_CNN/mnist_balanced_dataset_encoder_ratio_min_and_mean_1_2_1_1_z_struct_16_VAE_3c_32_30_1/last' (iter 20625, epoch 11.0)
=> saved checkpoint 'checkpoint_scores_CNN/mnist_balanced_dataset_encoder_ratio_min_and_mean_1_2_1_1_z_struct_16_VAE_3c_32_30_1/last' (iter 20625, epoch 11.0)
EarlyStopping counter: 1 out of 15
[Save Checkpoint] epoch: [11.0], Train: total:-29.29283, BCE:-29.29286, KLD:0.00004,Test: total:-30.05304, BCE:-30.05414, KLD:0.00110
=> saved checkpoint 'checkpoints_CNN/mnist_balanced_dataset_encoder_ratio_min_and_mean_1_2_1_1_z_struct_16_VAE_3c_32_30_1/last' (iter 22500, epoch 12.0)
=> saved checkpoint 'checkpoint_scores_CNN/mnist_balanced_dataset_encoder_ratio_min_and_mean_1_2_1_1_z_struct_16_VAE_3c_32_30_1/last' (iter 22500, epoch 12.0)
EarlyStopping counter: 2 out of 15
[Save Checkpoint] epoch: [12.0], Train: total:-29.42157, BCE:-29.42169, KLD:0.00011,Test: total:-30.09987, BCE:-30.10317, KLD:0.00331
=> saved checkpoint 'checkpoints_CNN/mnist_balanced_dataset_encoder_ratio_min_and_mean_1_2_1_1_z_struct_16_VAE_3c_32_30_1/last' (iter 24375, epoch 13.0)
=> saved checkpoint 'checkpoint_scores_CNN/mnist_balanced_dataset_encoder_ratio_min_and_mean_1_2_1_1_z_struct_16_VAE_3c_32_30_1/last' (iter 24375, epoch 13.0)
EarlyStopping counter: 3 out of 15
[Save Checkpoint] epoch: [13.0], Train: total:-29.55074, BCE:-29.55080, KLD:0.00006,Test: total:-30.28337, BCE:-30.28516, KLD:0.00179
=> saved checkpoint 'checkpoints_CNN/mnist_balanced_dataset_encoder_ratio_min_and_mean_1_2_1_1_z_struct_16_VAE_3c_32_30_1/last' (iter 26250, epoch 14.0)
=> saved checkpoint 'checkpoint_scores_CNN/mnist_balanced_dataset_encoder_ratio_min_and_mean_1_2_1_1_z_struct_16_VAE_3c_32_30_1/last' (iter 26250, epoch 14.0)
EarlyStopping counter: 4 out of 15
[Save Checkpoint] epoch: [14.0], Train: total:-29.62228, BCE:-29.62233, KLD:0.00004,Test: total:-30.36310, BCE:-30.36438, KLD:0.00128
=> saved checkpoint 'checkpoints_CNN/mnist_balanced_dataset_encoder_ratio_min_and_mean_1_2_1_1_z_struct_16_VAE_3c_32_30_1/last' (iter 28125, epoch 15.0)
=> saved checkpoint 'checkpoint_scores_CNN/mnist_balanced_dataset_encoder_ratio_min_and_mean_1_2_1_1_z_struct_16_VAE_3c_32_30_1/last' (iter 28125, epoch 15.0)
EarlyStopping counter: 5 out of 15
[Save Checkpoint] epoch: [15.0], Train: total:-29.63394, BCE:-29.63416, KLD:0.00024,Test: total:-30.32636, BCE:-30.33388, KLD:0.00751
=> saved checkpoint 'checkpoints_CNN/mnist_balanced_dataset_encoder_ratio_min_and_mean_1_2_1_1_z_struct_16_VAE_3c_32_30_1/last' (iter 30000, epoch 16.0)
=> saved checkpoint 'checkpoint_scores_CNN/mnist_balanced_dataset_encoder_ratio_min_and_mean_1_2_1_1_z_struct_16_VAE_3c_32_30_1/last' (iter 30000, epoch 16.0)
EarlyStopping counter: 6 out of 15
[Save Checkpoint] epoch: [16.0], Train: total:-29.58579, BCE:-29.58585, KLD:0.00007,Test: total:-30.28355, BCE:-30.28569, KLD:0.00215
=> saved checkpoint 'checkpoints_CNN/mnist_balanced_dataset_encoder_ratio_min_and_mean_1_2_1_1_z_struct_16_VAE_3c_32_30_1/last' (iter 31875, epoch 17.0)
=> saved checkpoint 'checkpoint_scores_CNN/mnist_balanced_dataset_encoder_ratio_min_and_mean_1_2_1_1_z_struct_16_VAE_3c_32_30_1/last' (iter 31875, epoch 17.0)
EarlyStopping counter: 7 out of 15
[Save Checkpoint] epoch: [17.0], Train: total:-29.82782, BCE:-29.82798, KLD:0.00015,Test: total:-30.52858, BCE:-30.53332, KLD:0.00474
=> saved checkpoint 'checkpoints_CNN/mnist_balanced_dataset_encoder_ratio_min_and_mean_1_2_1_1_z_struct_16_VAE_3c_32_30_1/last' (iter 33750, epoch 18.0)
=> saved checkpoint 'checkpoint_scores_CNN/mnist_balanced_dataset_encoder_ratio_min_and_mean_1_2_1_1_z_struct_16_VAE_3c_32_30_1/last' (iter 33750, epoch 18.0)
EarlyStopping counter: 8 out of 15
[Save Checkpoint] epoch: [18.0], Train: total:-29.71479, BCE:-29.71493, KLD:0.00014,Test: total:-30.43694, BCE:-30.44138, KLD:0.00444
=> saved checkpoint 'checkpoints_CNN/mnist_balanced_dataset_encoder_ratio_min_and_mean_1_2_1_1_z_struct_16_VAE_3c_32_30_1/last' (iter 35625, epoch 19.0)
=> saved checkpoint 'checkpoint_scores_CNN/mnist_balanced_dataset_encoder_ratio_min_and_mean_1_2_1_1_z_struct_16_VAE_3c_32_30_1/last' (iter 35625, epoch 19.0)
EarlyStopping counter: 9 out of 15
[Save Checkpoint] epoch: [19.0], Train: total:-29.95090, BCE:-29.95114, KLD:0.00025,Test: total:-30.63467, BCE:-30.64248, KLD:0.00781
=> saved checkpoint 'checkpoints_CNN/mnist_balanced_dataset_encoder_ratio_min_and_mean_1_2_1_1_z_struct_16_VAE_3c_32_30_1/last' (iter 37500, epoch 20.0)
=> saved checkpoint 'checkpoint_scores_CNN/mnist_balanced_dataset_encoder_ratio_min_and_mean_1_2_1_1_z_struct_16_VAE_3c_32_30_1/last' (iter 37500, epoch 20.0)
EarlyStopping counter: 10 out of 15
[Save Checkpoint] epoch: [20.0], Train: total:-30.25630, BCE:-30.25644, KLD:0.00016,Test: total:-30.92746, BCE:-30.93240, KLD:0.00495
=> saved checkpoint 'checkpoints_CNN/mnist_balanced_dataset_encoder_ratio_min_and_mean_1_2_1_1_z_struct_16_VAE_3c_32_30_1/last' (iter 39375, epoch 21.0)
=> saved checkpoint 'checkpoint_scores_CNN/mnist_balanced_dataset_encoder_ratio_min_and_mean_1_2_1_1_z_struct_16_VAE_3c_32_30_1/last' (iter 39375, epoch 21.0)
EarlyStopping counter: 11 out of 15
[Save Checkpoint] epoch: [21.0], Train: total:-30.14844, BCE:-30.14899, KLD:0.00058,Test: total:-30.82915, BCE:-30.84724, KLD:0.01809
=> saved checkpoint 'checkpoints_CNN/mnist_balanced_dataset_encoder_ratio_min_and_mean_1_2_1_1_z_struct_16_VAE_3c_32_30_1/last' (iter 41250, epoch 22.0)
=> saved checkpoint 'checkpoint_scores_CNN/mnist_balanced_dataset_encoder_ratio_min_and_mean_1_2_1_1_z_struct_16_VAE_3c_32_30_1/last' (iter 41250, epoch 22.0)
EarlyStopping counter: 12 out of 15
[Save Checkpoint] epoch: [22.0], Train: total:-30.40365, BCE:-30.40375, KLD:0.00011,Test: total:-31.06044, BCE:-31.06378, KLD:0.00334
=> saved checkpoint 'checkpoints_CNN/mnist_balanced_dataset_encoder_ratio_min_and_mean_1_2_1_1_z_struct_16_VAE_3c_32_30_1/last' (iter 43125, epoch 23.0)
=> saved checkpoint 'checkpoint_scores_CNN/mnist_balanced_dataset_encoder_ratio_min_and_mean_1_2_1_1_z_struct_16_VAE_3c_32_30_1/last' (iter 43125, epoch 23.0)
EarlyStopping counter: 13 out of 15
[Save Checkpoint] epoch: [23.0], Train: total:-30.28531, BCE:-30.28537, KLD:0.00007,Test: total:-30.98823, BCE:-30.99055, KLD:0.00232
=> saved checkpoint 'checkpoints_CNN/mnist_balanced_dataset_encoder_ratio_min_and_mean_1_2_1_1_z_struct_16_VAE_3c_32_30_1/last' (iter 45000, epoch 24.0)
=> saved checkpoint 'checkpoint_scores_CNN/mnist_balanced_dataset_encoder_ratio_min_and_mean_1_2_1_1_z_struct_16_VAE_3c_32_30_1/last' (iter 45000, epoch 24.0)
EarlyStopping counter: 14 out of 15
[Save Checkpoint] epoch: [24.0], Train: total:-30.47338, BCE:-30.47358, KLD:0.00018,Test: total:-31.15001, BCE:-31.15576, KLD:0.00575
=> saved checkpoint 'checkpoints_CNN/mnist_balanced_dataset_encoder_ratio_min_and_mean_1_2_1_1_z_struct_16_VAE_3c_32_30_1/last' (iter 46875, epoch 25.0)
=> saved checkpoint 'checkpoint_scores_CNN/mnist_balanced_dataset_encoder_ratio_min_and_mean_1_2_1_1_z_struct_16_VAE_3c_32_30_1/last' (iter 46875, epoch 25.0)
EarlyStopping counter: 15 out of 15
[Save Checkpoint] epoch: [25.0], Train: total:-30.44599, BCE:-30.44619, KLD:0.00022,Test: total:-31.15484, BCE:-31.16170, KLD:0.00685
Early stopping
[Training Finished]
All done !
