35
--gpu_devices 0 --max_iter 100 --batch_size 250 --use_scheduler True --lr 1e-3 --GMP True --z_struct_size 10 --is_VAE True --is_encoder_struct False --lambda_BCE 1 --beta 3 --big_kernel_size 8 --two_conv_layer True --three_conv_layer True --kernel_size_1 4 --kernel_size_2 4 --kernel_size_3 4 --BK_in_first_layer True --BK_in_second_layer False --BK_in_third_layer False --stride_size 1 --hidden_filters_layer1 64 --hidden_filters_layer2 64 --hidden_filters_layer3 64 --dataset_balanced True --binary_z True --binary_first_conv False --binary_second_conv False --binary_third_conv True --z_var_size 30 --z_struct_size 10 --use_small_lr_encoder_var False --encoder_var_name None --encoder_struct_name mnist_struct_baseline_scheduler_binary_10 --freeze_Encoder True --exp_name mnist_VAE_s10_v30_SE_beta_3
Namespace(BK_in_first_layer=True, BK_in_second_layer=False, BK_in_third_layer=False, BN=False, C_max=25, C_stop_iter=100000.0, E1_AE=False, E1_VAE=False, E1_conv=False, E1_dense=False, E1_second_conv=False, E1_second_conv_adapt=False, ES_reconstruction=False, EV_classifier=False, GMP=True, Hmg_dst_loss=False, IPC=False, L1_norm_act=False, L1_norm_weights=False, L3_without_random=False, LOG_DIR='logs', adapt_lr=False, add_classification_layer=True, add_linear_after_GMP=True, add_z_struct_bottleneck=False, alpha=32, batch_size=250, beta=3.0, beta1=0.9, beta2=0.999, big_kernel=False, big_kernel_size=8, binary_chain=False, binary_first_conv=False, binary_second_conv=False, binary_third_conv=True, binary_z=True, both_decoders_freeze=False, ckpt_dir='checkpoints_CNN', ckpt_dir_scores='checkpoint_scores_CNN', classif_layer_size=30, contrastive_loss=False, cuda=True, dataset='mnist', dataset_balanced=True, decoder_first_dense=36, decoder_kernel_size_1=4, decoder_kernel_size_2=3, decoder_kernel_size_3=4, decoder_n_filter_1=64, decoder_n_filter_2=64, decoder_n_filter_3=64, decoder_stride_1=2, decoder_stride_2=2, decoder_stride_3=1, diff_var=False, display_step=10000, dset_dir='data', encoder_struct_name='mnist_struct_baseline_scheduler_binary_10', encoder_var_name='None', exp_name='mnist_VAE_s10_v30_SE_beta_3', freeze_Encoder=True, gamma=1000, gpu_devices=[0], hidden_filters_layer1=64, hidden_filters_layer2=64, hidden_filters_layer3=64, image_size=64, intra_class_variance_loss=False, is_C=True, is_E1=False, is_VAE=True, is_VAE_var=False, is_binary_structural_latent=False, is_custom_model=False, is_custom_model_BK=False, is_default_model=False, is_encoder_struct=False, is_noise_stats=False, is_partial_rand_class=False, is_perturbed_score=False, is_zvar_sim_loss=False, just_train=False, kernel_size=4, kernel_size_1=4, kernel_size_2=4, kernel_size_3=4, lambda_BCE=1.0, lambda_Kl_struct=1, lambda_Kl_var=1, lambda_L1=0.01, lambda_VAE=1, lambda_class=1, lambda_contrastive_loss=1, lambda_distance_mean=1, lambda_hmg_dst=1, lambda_intra_class_var=1, lambda_partial_class=1, lambda_ratio_reg=1, lambda_recon_wt_rand=1, lambda_recons=1, lambda_uniq_code_dst=1, lambda_var_distance=1, lambda_var_inter=1, lambda_var_intra=1, lambda_zvar_sim=1, latent_spec_cont=None, latent_spec_cont_class=None, latent_spec_cont_var=None, latent_spec_disc=None, latent_spec_disc_class=None, latent_spec_disc_var=None, log_level='info', loss='Proxy_Anchor', loss_distance_mean=False, loss_min_distance_cl=False, lr=0.001, max_epoch_use_uniq_code_target=5, max_iter=100.0, model='CNN', mrg=0.1, nb_epochs_train_only_zvar=0, num_workers=2, old_weighted=False, optimizer='adamw', other_architecture=False, other_ratio=False, random_percentage=0.2, random_seed=10, randomness=True, ratio_reg=False, remark='', save_step=10000, second_layer_C=False, seed=1, stride_size=1, sz_embedding=5, three_conv_layer=True, train=True, train_var_struct_alternatively=False, two_conv_layer=True, two_encoder=False, uniq_code_dst_loss=False, use_VAE=False, use_decoder=False, use_early_stopping=True, use_scheduler=True, use_small_lr_encoder_var=False, use_structural_encoder=False, value_target_distance_mean=1, var_hidden_dim=256, var_hidden_filters_1=32, var_hidden_filters_2=32, var_hidden_filters_3=32, var_kernel_size_1=3, var_kernel_size_2=3, var_kernel_size_3=3, var_second_cnn_block=True, var_stride_size_1=1, var_stride_size_2=1, var_stride_size_3=1, var_third_cnn_block=False, var_three_conv_layer=False, warm=1, without_acc=False, z_struct_size=10, z_var_size=30, zeros_W_Classif=False, zvar_sim_change_zvar=False, zvar_sim_loss_for_all_model=False, zvar_sim_loss_only_for_encoder=False, zvar_sim_normal=False, zvar_sim_var_rand=False)
CUDA Visible devices !
[Using Seed: 10]
Balanced dataset loaded
VAE doesn't exist but encoder struct yes ! load struct encoder weighs !
=> loaded checkpoint 'checkpoints_CNN/mnist_struct_baseline_scheduler_binary_10/last (iter 20790)'
Weighs loaded for struct encoder !
use 1 gpu who named: Tesla V100-SXM2-32GB
VAE(
  (encoder_struct): Sequential(
    (0): Conv2d(1, 64, kernel_size=(8, 8), stride=(1, 1))
    (1): BatchNorm2d(64, eps=1e-05, momentum=0.1, affine=True, track_running_stats=True)
    (2): ReLU(inplace=True)
    (3): Conv2d(64, 64, kernel_size=(4, 4), stride=(1, 1))
    (4): BatchNorm2d(64, eps=1e-05, momentum=0.1, affine=True, track_running_stats=True)
    (5): ReLU(inplace=True)
    (6): Conv2d(64, 10, kernel_size=(4, 4), stride=(1, 1))
    (7): BatchNorm2d(10, eps=1e-05, momentum=0.1, affine=True, track_running_stats=True)
    (8): DeterministicBinaryActivation(
      (act): Hardsigmoid(
        (act): Hardtanh(min_val=-1.0, max_val=1.0)
      )
    )
    (9): AdaptiveMaxPool2d(output_size=(1, 1))
    (10): View()
  )
  (encoder_var): Sequential(
    (0): Conv2d(1, 32, kernel_size=(3, 3), stride=(1, 1))
    (1): ReLU(inplace=True)
    (2): BatchNorm2d(32, eps=1e-05, momentum=0.1, affine=True, track_running_stats=True)
    (3): Conv2d(32, 32, kernel_size=(3, 3), stride=(1, 1))
    (4): ReLU(inplace=True)
    (5): BatchNorm2d(32, eps=1e-05, momentum=0.1, affine=True, track_running_stats=True)
    (6): Conv2d(32, 32, kernel_size=(5, 5), stride=(2, 2), padding=(2, 2))
    (7): ReLU(inplace=True)
    (8): BatchNorm2d(32, eps=1e-05, momentum=0.1, affine=True, track_running_stats=True)
    (9): Dropout(p=0.4, inplace=False)
    (10): Conv2d(32, 64, kernel_size=(3, 3), stride=(1, 1))
    (11): ReLU(inplace=True)
    (12): BatchNorm2d(64, eps=1e-05, momentum=0.1, affine=True, track_running_stats=True)
    (13): Conv2d(64, 64, kernel_size=(3, 3), stride=(1, 1))
    (14): ReLU(inplace=True)
    (15): BatchNorm2d(64, eps=1e-05, momentum=0.1, affine=True, track_running_stats=True)
    (16): Conv2d(64, 64, kernel_size=(5, 5), stride=(2, 2), padding=(2, 2))
    (17): ReLU(inplace=True)
    (18): BatchNorm2d(64, eps=1e-05, momentum=0.1, affine=True, track_running_stats=True)
    (19): Dropout(p=0.4, inplace=False)
    (20): View()
    (21): Linear(in_features=1600, out_features=60, bias=True)
  )
  (decoder): Sequential(
    (0): Linear(in_features=40, out_features=1600, bias=True)
    (1): ReLU(inplace=True)
    (2): View()
    (3): ConvTranspose2d(64, 64, kernel_size=(4, 4), stride=(2, 2), padding=(1, 1))
    (4): ReLU(inplace=True)
    (5): ConvTranspose2d(64, 64, kernel_size=(3, 3), stride=(1, 1))
    (6): ReLU(inplace=True)
    (7): ConvTranspose2d(64, 32, kernel_size=(3, 3), stride=(1, 1))
    (8): ReLU(inplace=True)
    (9): ConvTranspose2d(32, 32, kernel_size=(4, 4), stride=(2, 2), padding=(1, 1))
    (10): ReLU(inplace=True)
    (11): ConvTranspose2d(32, 32, kernel_size=(3, 3), stride=(1, 1))
    (12): ReLU(inplace=True)
    (13): ConvTranspose2d(32, 1, kernel_size=(3, 3), stride=(1, 1))
    (14): Sigmoid()
  )
)
The number of parameters of model is 582555
=> saved checkpoint 'checkpoints_CNN/mnist_VAE_s10_v30_SE_beta_3/last' (iter 270, epoch 1.0)
score:  0.0
score:  0.0
=> saved checkpoint 'checkpoint_scores_CNN/mnist_VAE_s10_v30_SE_beta_3/last' (iter 270, epoch 1.0)
[Save Checkpoint] epoch: [1.0], Train: total:10413.78320, BCE:-17.10719, KLD:3476.96362,Test: total:41984.13672, BCE:-17.32075, KLD:14000.48730
=> saved checkpoint 'checkpoints_CNN/mnist_VAE_s10_v30_SE_beta_3/last' (iter 540, epoch 2.0)
score:  0.0
score:  0.0
=> saved checkpoint 'checkpoint_scores_CNN/mnist_VAE_s10_v30_SE_beta_3/last' (iter 540, epoch 2.0)
[Save Checkpoint] epoch: [2.0], Train: total:10736.40430, BCE:-16.70832, KLD:3584.37061,Test: total:42921.84375, BCE:-16.84551, KLD:14312.89746
=> saved checkpoint 'checkpoints_CNN/mnist_VAE_s10_v30_SE_beta_3/last' (iter 810, epoch 3.0)
score:  0.0
score:  0.0
=> saved checkpoint 'checkpoint_scores_CNN/mnist_VAE_s10_v30_SE_beta_3/last' (iter 810, epoch 3.0)
[Save Checkpoint] epoch: [3.0], Train: total:10870.76074, BCE:-14.65103, KLD:3628.46826,Test: total:43213.25781, BCE:-14.73183, KLD:14409.32812
=> saved checkpoint 'checkpoints_CNN/mnist_VAE_s10_v30_SE_beta_3/last' (iter 1080, epoch 4.0)
score:  0.0
score:  0.0
=> saved checkpoint 'checkpoint_scores_CNN/mnist_VAE_s10_v30_SE_beta_3/last' (iter 1080, epoch 4.0)
[Save Checkpoint] epoch: [4.0], Train: total:10836.48828, BCE:-14.06511, KLD:3616.85205,Test: total:43038.60547, BCE:-14.16408, KLD:14350.92480
=> saved checkpoint 'checkpoints_CNN/mnist_VAE_s10_v30_SE_beta_3/last' (iter 1350, epoch 5.0)
score:  0.0
score:  0.0
=> saved checkpoint 'checkpoint_scores_CNN/mnist_VAE_s10_v30_SE_beta_3/last' (iter 1350, epoch 5.0)
[Save Checkpoint] epoch: [5.0], Train: total:10915.58887, BCE:-14.05015, KLD:3643.21387,Test: total:43339.76562, BCE:-14.14228, KLD:14451.30371
=> saved checkpoint 'checkpoints_CNN/mnist_VAE_s10_v30_SE_beta_3/last' (iter 1620, epoch 6.0)
score:  0.0
score:  0.0
=> saved checkpoint 'checkpoint_scores_CNN/mnist_VAE_s10_v30_SE_beta_3/last' (iter 1620, epoch 6.0)
[Save Checkpoint] epoch: [6.0], Train: total:10874.02246, BCE:-13.82889, KLD:3629.28198,Test: total:43201.69141, BCE:-14.01183, KLD:14405.23438
=> saved checkpoint 'checkpoints_CNN/mnist_VAE_s10_v30_SE_beta_3/last' (iter 1890, epoch 7.0)
score:  0.0
score:  0.0
=> saved checkpoint 'checkpoint_scores_CNN/mnist_VAE_s10_v30_SE_beta_3/last' (iter 1890, epoch 7.0)
[Save Checkpoint] epoch: [7.0], Train: total:10574.01074, BCE:-13.43810, KLD:3529.14795,Test: total:41903.07812, BCE:-13.62308, KLD:13972.23340
=> saved checkpoint 'checkpoints_CNN/mnist_VAE_s10_v30_SE_beta_3/last' (iter 2160, epoch 8.0)
score:  0.0
score:  0.0
=> saved checkpoint 'checkpoint_scores_CNN/mnist_VAE_s10_v30_SE_beta_3/last' (iter 2160, epoch 8.0)
[Save Checkpoint] epoch: [8.0], Train: total:10890.45898, BCE:-13.36511, KLD:3634.60962,Test: total:43171.11719, BCE:-13.52599, KLD:14394.88184
=> saved checkpoint 'checkpoints_CNN/mnist_VAE_s10_v30_SE_beta_3/last' (iter 2430, epoch 9.0)
score:  0.0
score:  0.0
=> saved checkpoint 'checkpoint_scores_CNN/mnist_VAE_s10_v30_SE_beta_3/last' (iter 2430, epoch 9.0)
[Save Checkpoint] epoch: [9.0], Train: total:10877.43066, BCE:-12.54665, KLD:3629.99268,Test: total:43112.68359, BCE:-12.71954, KLD:14375.13281
=> saved checkpoint 'checkpoints_CNN/mnist_VAE_s10_v30_SE_beta_3/last' (iter 2700, epoch 10.0)
score:  0.0
score:  0.0
=> saved checkpoint 'checkpoint_scores_CNN/mnist_VAE_s10_v30_SE_beta_3/last' (iter 2700, epoch 10.0)
[Save Checkpoint] epoch: [10.0], Train: total:10915.09668, BCE:-12.43272, KLD:3642.51392,Test: total:43273.37109, BCE:-12.62957, KLD:14428.66699
=> saved checkpoint 'checkpoints_CNN/mnist_VAE_s10_v30_SE_beta_3/last' (iter 2970, epoch 11.0)
score:  0.0
score:  0.0
=> saved checkpoint 'checkpoint_scores_CNN/mnist_VAE_s10_v30_SE_beta_3/last' (iter 2970, epoch 11.0)
[Save Checkpoint] epoch: [11.0], Train: total:10896.69824, BCE:-13.35356, KLD:3636.68481,Test: total:43250.69922, BCE:-13.57001, KLD:14421.42188
=> saved checkpoint 'checkpoints_CNN/mnist_VAE_s10_v30_SE_beta_3/last' (iter 3240, epoch 12.0)
score:  0.0
score:  0.0
=> saved checkpoint 'checkpoint_scores_CNN/mnist_VAE_s10_v30_SE_beta_3/last' (iter 3240, epoch 12.0)
[Save Checkpoint] epoch: [12.0], Train: total:10881.84277, BCE:-14.04477, KLD:3631.96143,Test: total:43109.22656, BCE:-14.29957, KLD:14374.50977
=> saved checkpoint 'checkpoints_CNN/mnist_VAE_s10_v30_SE_beta_3/last' (iter 3510, epoch 13.0)
score:  0.0
score:  0.0
=> saved checkpoint 'checkpoint_scores_CNN/mnist_VAE_s10_v30_SE_beta_3/last' (iter 3510, epoch 13.0)
[Save Checkpoint] epoch: [13.0], Train: total:10807.23730, BCE:-13.40815, KLD:3606.88110,Test: total:42860.26172, BCE:-13.64789, KLD:14291.30371
=> saved checkpoint 'checkpoints_CNN/mnist_VAE_s10_v30_SE_beta_3/last' (iter 3780, epoch 14.0)
score:  0.0
score:  0.0
=> saved checkpoint 'checkpoint_scores_CNN/mnist_VAE_s10_v30_SE_beta_3/last' (iter 3780, epoch 14.0)
[Save Checkpoint] epoch: [14.0], Train: total:10654.69043, BCE:-13.55445, KLD:3556.08130,Test: total:42196.35547, BCE:-13.80119, KLD:14070.05371
=> saved checkpoint 'checkpoints_CNN/mnist_VAE_s10_v30_SE_beta_3/last' (iter 4050, epoch 15.0)
score:  0.0
score:  0.0
=> saved checkpoint 'checkpoint_scores_CNN/mnist_VAE_s10_v30_SE_beta_3/last' (iter 4050, epoch 15.0)
[Save Checkpoint] epoch: [15.0], Train: total:10483.43262, BCE:-13.23998, KLD:3498.89014,Test: total:41541.55859, BCE:-13.49517, KLD:13851.68457
=> saved checkpoint 'checkpoints_CNN/mnist_VAE_s10_v30_SE_beta_3/last' (iter 4320, epoch 16.0)
score:  0.0
score:  0.0
=> saved checkpoint 'checkpoint_scores_CNN/mnist_VAE_s10_v30_SE_beta_3/last' (iter 4320, epoch 16.0)
[Save Checkpoint] epoch: [16.0], Train: total:10705.39453, BCE:-12.38239, KLD:3572.59351,Test: total:42404.73047, BCE:-12.57356, KLD:14139.10059
=> saved checkpoint 'checkpoints_CNN/mnist_VAE_s10_v30_SE_beta_3/last' (iter 4590, epoch 17.0)
score:  0.0
score:  0.0
=> saved checkpoint 'checkpoint_scores_CNN/mnist_VAE_s10_v30_SE_beta_3/last' (iter 4590, epoch 17.0)
[Save Checkpoint] epoch: [17.0], Train: total:10636.56641, BCE:-12.71471, KLD:3549.76221,Test: total:42111.78125, BCE:-12.95644, KLD:14041.58008
=> saved checkpoint 'checkpoints_CNN/mnist_VAE_s10_v30_SE_beta_3/last' (iter 4860, epoch 18.0)
score:  0.0
score:  0.0
=> saved checkpoint 'checkpoint_scores_CNN/mnist_VAE_s10_v30_SE_beta_3/last' (iter 4860, epoch 18.0)
EarlyStopping counter: 1 out of 25
[Save Checkpoint] epoch: [18.0], Train: total:10601.50684, BCE:-12.33912, KLD:3537.94897,Test: total:41985.89453, BCE:-12.54644, KLD:13999.47852
=> saved checkpoint 'checkpoints_CNN/mnist_VAE_s10_v30_SE_beta_3/last' (iter 5130, epoch 19.0)
score:  0.0
score:  0.0
=> saved checkpoint 'checkpoint_scores_CNN/mnist_VAE_s10_v30_SE_beta_3/last' (iter 5130, epoch 19.0)
[Save Checkpoint] epoch: [19.0], Train: total:10460.30859, BCE:-13.17167, KLD:3491.15918,Test: total:41426.87891, BCE:-13.45289, KLD:13813.44434
=> saved checkpoint 'checkpoints_CNN/mnist_VAE_s10_v30_SE_beta_3/last' (iter 5400, epoch 20.0)
score:  0.0
score:  0.0
=> saved checkpoint 'checkpoint_scores_CNN/mnist_VAE_s10_v30_SE_beta_3/last' (iter 5400, epoch 20.0)
[Save Checkpoint] epoch: [20.0], Train: total:10460.97070, BCE:-13.18400, KLD:3491.38550,Test: total:41452.36328, BCE:-13.46311, KLD:13821.94238
=> saved checkpoint 'checkpoints_CNN/mnist_VAE_s10_v30_SE_beta_3/last' (iter 5670, epoch 21.0)
score:  0.0
score:  0.0
=> saved checkpoint 'checkpoint_scores_CNN/mnist_VAE_s10_v30_SE_beta_3/last' (iter 5670, epoch 21.0)
EarlyStopping counter: 1 out of 25
[Save Checkpoint] epoch: [21.0], Train: total:10468.57617, BCE:-13.03461, KLD:3493.87036,Test: total:41492.17578, BCE:-13.31661, KLD:13835.16602
=> saved checkpoint 'checkpoints_CNN/mnist_VAE_s10_v30_SE_beta_3/last' (iter 5940, epoch 22.0)
score:  0.0
score:  0.0
=> saved checkpoint 'checkpoint_scores_CNN/mnist_VAE_s10_v30_SE_beta_3/last' (iter 5940, epoch 22.0)
EarlyStopping counter: 2 out of 25
[Save Checkpoint] epoch: [22.0], Train: total:10527.19922, BCE:-13.57735, KLD:3513.59180,Test: total:41738.44531, BCE:-13.84657, KLD:13917.43164
=> saved checkpoint 'checkpoints_CNN/mnist_VAE_s10_v30_SE_beta_3/last' (iter 6210, epoch 23.0)
score:  0.0
score:  0.0
=> saved checkpoint 'checkpoint_scores_CNN/mnist_VAE_s10_v30_SE_beta_3/last' (iter 6210, epoch 23.0)
[Save Checkpoint] epoch: [23.0], Train: total:10435.20508, BCE:-13.33904, KLD:3482.84766,Test: total:41326.75000, BCE:-13.56518, KLD:13780.10645
=> saved checkpoint 'checkpoints_CNN/mnist_VAE_s10_v30_SE_beta_3/last' (iter 6480, epoch 24.0)
score:  0.0
score:  0.0
=> saved checkpoint 'checkpoint_scores_CNN/mnist_VAE_s10_v30_SE_beta_3/last' (iter 6480, epoch 24.0)
EarlyStopping counter: 1 out of 25
[Save Checkpoint] epoch: [24.0], Train: total:10301.19922, BCE:-14.19460, KLD:3438.46265,Test: total:40788.32422, BCE:-14.46815, KLD:13600.93164
=> saved checkpoint 'checkpoints_CNN/mnist_VAE_s10_v30_SE_beta_3/last' (iter 6750, epoch 25.0)
score:  0.0
score:  0.0
=> saved checkpoint 'checkpoint_scores_CNN/mnist_VAE_s10_v30_SE_beta_3/last' (iter 6750, epoch 25.0)
[Save Checkpoint] epoch: [25.0], Train: total:10292.85352, BCE:-13.83127, KLD:3435.56323,Test: total:40736.03516, BCE:-14.14295, KLD:13583.39355
=> saved checkpoint 'checkpoints_CNN/mnist_VAE_s10_v30_SE_beta_3/last' (iter 7020, epoch 26.0)
score:  0.0
score:  0.0
=> saved checkpoint 'checkpoint_scores_CNN/mnist_VAE_s10_v30_SE_beta_3/last' (iter 7020, epoch 26.0)
[Save Checkpoint] epoch: [26.0], Train: total:10293.94238, BCE:-14.35160, KLD:3436.09814,Test: total:40784.07422, BCE:-14.59520, KLD:13599.55469
=> saved checkpoint 'checkpoints_CNN/mnist_VAE_s10_v30_SE_beta_3/last' (iter 7290, epoch 27.0)
score:  0.0
score:  0.0
=> saved checkpoint 'checkpoint_scores_CNN/mnist_VAE_s10_v30_SE_beta_3/last' (iter 7290, epoch 27.0)
[Save Checkpoint] epoch: [27.0], Train: total:10466.70605, BCE:-15.07488, KLD:3493.92725,Test: total:41484.99609, BCE:-15.35544, KLD:13833.45215
=> saved checkpoint 'checkpoints_CNN/mnist_VAE_s10_v30_SE_beta_3/last' (iter 7560, epoch 28.0)
score:  0.0
score:  0.0
=> saved checkpoint 'checkpoint_scores_CNN/mnist_VAE_s10_v30_SE_beta_3/last' (iter 7560, epoch 28.0)
EarlyStopping counter: 1 out of 25
[Save Checkpoint] epoch: [28.0], Train: total:10499.46875, BCE:-14.94920, KLD:3504.80518,Test: total:41569.88281, BCE:-15.20236, KLD:13861.69434
=> saved checkpoint 'checkpoints_CNN/mnist_VAE_s10_v30_SE_beta_3/last' (iter 7830, epoch 29.0)
score:  0.0
score:  0.0
=> saved checkpoint 'checkpoint_scores_CNN/mnist_VAE_s10_v30_SE_beta_3/last' (iter 7830, epoch 29.0)
[Save Checkpoint] epoch: [29.0], Train: total:10305.42480, BCE:-15.46589, KLD:3440.29688,Test: total:40776.33203, BCE:-15.72383, KLD:13597.35156
=> saved checkpoint 'checkpoints_CNN/mnist_VAE_s10_v30_SE_beta_3/last' (iter 8100, epoch 30.0)
score:  0.0
score:  0.0
=> saved checkpoint 'checkpoint_scores_CNN/mnist_VAE_s10_v30_SE_beta_3/last' (iter 8100, epoch 30.0)
EarlyStopping counter: 1 out of 25
[Save Checkpoint] epoch: [30.0], Train: total:10564.13965, BCE:-16.47180, KLD:3526.86938,Test: total:41801.16406, BCE:-16.77012, KLD:13939.31152
=> saved checkpoint 'checkpoints_CNN/mnist_VAE_s10_v30_SE_beta_3/last' (iter 8370, epoch 31.0)
score:  0.0
score:  0.0
=> saved checkpoint 'checkpoint_scores_CNN/mnist_VAE_s10_v30_SE_beta_3/last' (iter 8370, epoch 31.0)
EarlyStopping counter: 2 out of 25
[Save Checkpoint] epoch: [31.0], Train: total:10331.04492, BCE:-16.12447, KLD:3449.05518,Test: total:40900.40625, BCE:-16.39171, KLD:13638.93262
=> saved checkpoint 'checkpoints_CNN/mnist_VAE_s10_v30_SE_beta_3/last' (iter 8640, epoch 32.0)
score:  0.0
score:  0.0
=> saved checkpoint 'checkpoint_scores_CNN/mnist_VAE_s10_v30_SE_beta_3/last' (iter 8640, epoch 32.0)
EarlyStopping counter: 3 out of 25
[Save Checkpoint] epoch: [32.0], Train: total:10484.06348, BCE:-16.92726, KLD:3500.33154,Test: total:41470.51562, BCE:-17.26103, KLD:13829.25977
=> saved checkpoint 'checkpoints_CNN/mnist_VAE_s10_v30_SE_beta_3/last' (iter 8910, epoch 33.0)
score:  0.0
score:  0.0
=> saved checkpoint 'checkpoint_scores_CNN/mnist_VAE_s10_v30_SE_beta_3/last' (iter 8910, epoch 33.0)
[Save Checkpoint] epoch: [33.0], Train: total:10414.16602, BCE:-17.23483, KLD:3477.13306,Test: total:41177.53125, BCE:-17.54123, KLD:13731.69043
=> saved checkpoint 'checkpoints_CNN/mnist_VAE_s10_v30_SE_beta_3/last' (iter 9180, epoch 34.0)
score:  0.0
score:  0.0
=> saved checkpoint 'checkpoint_scores_CNN/mnist_VAE_s10_v30_SE_beta_3/last' (iter 9180, epoch 34.0)
EarlyStopping counter: 1 out of 25
[Save Checkpoint] epoch: [34.0], Train: total:10300.00781, BCE:-17.02230, KLD:3439.01001,Test: total:40733.66016, BCE:-17.27949, KLD:13583.64746
=> saved checkpoint 'checkpoints_CNN/mnist_VAE_s10_v30_SE_beta_3/last' (iter 9450, epoch 35.0)
score:  0.0
score:  0.0
=> saved checkpoint 'checkpoint_scores_CNN/mnist_VAE_s10_v30_SE_beta_3/last' (iter 9450, epoch 35.0)
[Save Checkpoint] epoch: [35.0], Train: total:10076.15137, BCE:-16.61796, KLD:3364.25757,Test: total:39857.05078, BCE:-16.90115, KLD:13291.31934
=> saved checkpoint 'checkpoints_CNN/mnist_VAE_s10_v30_SE_beta_3/last' (iter 9720, epoch 36.0)
score:  0.0
score:  0.0
=> saved checkpoint 'checkpoint_scores_CNN/mnist_VAE_s10_v30_SE_beta_3/last' (iter 9720, epoch 36.0)
EarlyStopping counter: 1 out of 25
[Save Checkpoint] epoch: [36.0], Train: total:10283.63672, BCE:-17.82414, KLD:3433.81958,Test: total:40647.54297, BCE:-18.11776, KLD:13555.22363
=> saved checkpoint 'checkpoints_CNN/mnist_VAE_s10_v30_SE_beta_3/last' (iter 9990, epoch 37.0)
score:  0.0
score:  0.0
=> saved checkpoint 'checkpoint_scores_CNN/mnist_VAE_s10_v30_SE_beta_3/last' (iter 9990, epoch 37.0)
EarlyStopping counter: 2 out of 25
[Save Checkpoint] epoch: [37.0], Train: total:10117.30469, BCE:-18.11740, KLD:3378.47534,Test: total:39978.89844, BCE:-18.39396, KLD:13332.43164
=> saved checkpoint 'checkpoints_CNN/mnist_VAE_s10_v30_SE_beta_3/last' (iter 10260, epoch 38.0)
score:  0.0
score:  0.0
=> saved checkpoint 'checkpoint_scores_CNN/mnist_VAE_s10_v30_SE_beta_3/last' (iter 10260, epoch 38.0)
EarlyStopping counter: 3 out of 25
[Save Checkpoint] epoch: [38.0], Train: total:10426.67480, BCE:-17.55823, KLD:3481.40918,Test: total:41231.44922, BCE:-17.85034, KLD:13749.76562
=> saved checkpoint 'checkpoints_CNN/mnist_VAE_s10_v30_SE_beta_3/last' (iter 10530, epoch 39.0)
score:  0.0
score:  0.0
=> saved checkpoint 'checkpoint_scores_CNN/mnist_VAE_s10_v30_SE_beta_3/last' (iter 10530, epoch 39.0)
EarlyStopping counter: 4 out of 25
[Save Checkpoint] epoch: [39.0], Train: total:10246.06445, BCE:-18.37193, KLD:3421.48145,Test: total:40507.80859, BCE:-18.67769, KLD:13508.82715
Epoch    40: reducing learning rate of group 0 to 2.0000e-04.
=> saved checkpoint 'checkpoints_CNN/mnist_VAE_s10_v30_SE_beta_3/last' (iter 10800, epoch 40.0)
score:  0.0
score:  0.0
=> saved checkpoint 'checkpoint_scores_CNN/mnist_VAE_s10_v30_SE_beta_3/last' (iter 10800, epoch 40.0)
EarlyStopping counter: 5 out of 25
[Save Checkpoint] epoch: [40.0], Train: total:10140.44922, BCE:-18.25922, KLD:3386.23413,Test: total:40056.13281, BCE:-18.51687, KLD:13358.21387
=> saved checkpoint 'checkpoints_CNN/mnist_VAE_s10_v30_SE_beta_3/last' (iter 11070, epoch 41.0)
score:  0.0
score:  0.0
=> saved checkpoint 'checkpoint_scores_CNN/mnist_VAE_s10_v30_SE_beta_3/last' (iter 11070, epoch 41.0)
[Save Checkpoint] epoch: [41.0], Train: total:10265.05859, BCE:-18.06853, KLD:3427.70703,Test: total:40552.60156, BCE:-18.29630, KLD:13523.63281
=> saved checkpoint 'checkpoints_CNN/mnist_VAE_s10_v30_SE_beta_3/last' (iter 11340, epoch 42.0)
score:  0.0
score:  0.0
=> saved checkpoint 'checkpoint_scores_CNN/mnist_VAE_s10_v30_SE_beta_3/last' (iter 11340, epoch 42.0)
[Save Checkpoint] epoch: [42.0], Train: total:10229.45215, BCE:-18.30225, KLD:3415.91626,Test: total:40426.87500, BCE:-18.56916, KLD:13481.81445
=> saved checkpoint 'checkpoints_CNN/mnist_VAE_s10_v30_SE_beta_3/last' (iter 11610, epoch 43.0)
score:  0.0
score:  0.0
=> saved checkpoint 'checkpoint_scores_CNN/mnist_VAE_s10_v30_SE_beta_3/last' (iter 11610, epoch 43.0)
[Save Checkpoint] epoch: [43.0], Train: total:10167.01562, BCE:-18.22927, KLD:3395.08032,Test: total:40197.73828, BCE:-18.51703, KLD:13405.41699
=> saved checkpoint 'checkpoints_CNN/mnist_VAE_s10_v30_SE_beta_3/last' (iter 11880, epoch 44.0)
score:  0.0
score:  0.0
=> saved checkpoint 'checkpoint_scores_CNN/mnist_VAE_s10_v30_SE_beta_3/last' (iter 11880, epoch 44.0)
EarlyStopping counter: 1 out of 25
[Save Checkpoint] epoch: [44.0], Train: total:10084.07617, BCE:-18.25329, KLD:3367.44312,Test: total:39848.26953, BCE:-18.53059, KLD:13288.93457
=> saved checkpoint 'checkpoints_CNN/mnist_VAE_s10_v30_SE_beta_3/last' (iter 12150, epoch 45.0)
score:  0.0
score:  0.0
=> saved checkpoint 'checkpoint_scores_CNN/mnist_VAE_s10_v30_SE_beta_3/last' (iter 12150, epoch 45.0)
[Save Checkpoint] epoch: [45.0], Train: total:10263.54004, BCE:-18.43161, KLD:3427.32373,Test: total:40552.59766, BCE:-18.67140, KLD:13523.75781
=> saved checkpoint 'checkpoints_CNN/mnist_VAE_s10_v30_SE_beta_3/last' (iter 12420, epoch 46.0)
score:  0.0
score:  0.0
=> saved checkpoint 'checkpoint_scores_CNN/mnist_VAE_s10_v30_SE_beta_3/last' (iter 12420, epoch 46.0)
EarlyStopping counter: 1 out of 25
[Save Checkpoint] epoch: [46.0], Train: total:10154.48438, BCE:-18.48681, KLD:3390.99072,Test: total:40118.64062, BCE:-18.75823, KLD:13379.13281
=> saved checkpoint 'checkpoints_CNN/mnist_VAE_s10_v30_SE_beta_3/last' (iter 12690, epoch 47.0)
score:  0.0
score:  0.0
=> saved checkpoint 'checkpoint_scores_CNN/mnist_VAE_s10_v30_SE_beta_3/last' (iter 12690, epoch 47.0)
[Save Checkpoint] epoch: [47.0], Train: total:10106.73633, BCE:-18.39791, KLD:3375.04395,Test: total:39931.77734, BCE:-18.68889, KLD:13316.82227
=> saved checkpoint 'checkpoints_CNN/mnist_VAE_s10_v30_SE_beta_3/last' (iter 12960, epoch 48.0)
score:  0.0
score:  0.0
=> saved checkpoint 'checkpoint_scores_CNN/mnist_VAE_s10_v30_SE_beta_3/last' (iter 12960, epoch 48.0)
EarlyStopping counter: 1 out of 25
[Save Checkpoint] epoch: [48.0], Train: total:10130.29980, BCE:-18.57842, KLD:3382.95923,Test: total:40042.46484, BCE:-18.82935, KLD:13353.76562
=> saved checkpoint 'checkpoints_CNN/mnist_VAE_s10_v30_SE_beta_3/last' (iter 13230, epoch 49.0)
score:  0.0
score:  0.0
=> saved checkpoint 'checkpoint_scores_CNN/mnist_VAE_s10_v30_SE_beta_3/last' (iter 13230, epoch 49.0)
EarlyStopping counter: 2 out of 25
[Save Checkpoint] epoch: [49.0], Train: total:10158.82715, BCE:-18.39167, KLD:3392.40796,Test: total:40147.95703, BCE:-18.68731, KLD:13388.88184
=> saved checkpoint 'checkpoints_CNN/mnist_VAE_s10_v30_SE_beta_3/last' (iter 13500, epoch 50.0)
score:  0.0
score:  0.0
=> saved checkpoint 'checkpoint_scores_CNN/mnist_VAE_s10_v30_SE_beta_3/last' (iter 13500, epoch 50.0)
EarlyStopping counter: 3 out of 25
[Save Checkpoint] epoch: [50.0], Train: total:10165.64648, BCE:-18.64346, KLD:3394.76318,Test: total:40171.20703, BCE:-18.88491, KLD:13396.69727
=> saved checkpoint 'checkpoints_CNN/mnist_VAE_s10_v30_SE_beta_3/last' (iter 13770, epoch 51.0)
score:  0.0
score:  0.0
=> saved checkpoint 'checkpoint_scores_CNN/mnist_VAE_s10_v30_SE_beta_3/last' (iter 13770, epoch 51.0)
EarlyStopping counter: 4 out of 25
[Save Checkpoint] epoch: [51.0], Train: total:10086.74414, BCE:-18.82700, KLD:3368.52368,Test: total:39857.45312, BCE:-19.09233, KLD:13292.18262
Epoch    52: reducing learning rate of group 0 to 4.0000e-05.
=> saved checkpoint 'checkpoints_CNN/mnist_VAE_s10_v30_SE_beta_3/last' (iter 14040, epoch 52.0)
score:  0.0
score:  0.0
=> saved checkpoint 'checkpoint_scores_CNN/mnist_VAE_s10_v30_SE_beta_3/last' (iter 14040, epoch 52.0)
EarlyStopping counter: 5 out of 25
[Save Checkpoint] epoch: [52.0], Train: total:10143.25000, BCE:-18.83754, KLD:3387.36206,Test: total:40097.55859, BCE:-19.10571, KLD:13372.22070
=> saved checkpoint 'checkpoints_CNN/mnist_VAE_s10_v30_SE_beta_3/last' (iter 14310, epoch 53.0)
score:  0.0
score:  0.0
=> saved checkpoint 'checkpoint_scores_CNN/mnist_VAE_s10_v30_SE_beta_3/last' (iter 14310, epoch 53.0)
[Save Checkpoint] epoch: [53.0], Train: total:10178.21289, BCE:-18.60165, KLD:3398.94043,Test: total:40227.09766, BCE:-18.86927, KLD:13415.32227
=> saved checkpoint 'checkpoints_CNN/mnist_VAE_s10_v30_SE_beta_3/last' (iter 14580, epoch 54.0)
score:  0.0
score:  0.0
=> saved checkpoint 'checkpoint_scores_CNN/mnist_VAE_s10_v30_SE_beta_3/last' (iter 14580, epoch 54.0)
EarlyStopping counter: 1 out of 25
[Save Checkpoint] epoch: [54.0], Train: total:10124.66113, BCE:-18.67845, KLD:3381.11230,Test: total:40014.08203, BCE:-18.95047, KLD:13344.34570
=> saved checkpoint 'checkpoints_CNN/mnist_VAE_s10_v30_SE_beta_3/last' (iter 14850, epoch 55.0)
score:  0.0
score:  0.0
=> saved checkpoint 'checkpoint_scores_CNN/mnist_VAE_s10_v30_SE_beta_3/last' (iter 14850, epoch 55.0)
EarlyStopping counter: 2 out of 25
[Save Checkpoint] epoch: [55.0], Train: total:10190.48047, BCE:-18.73193, KLD:3403.06934,Test: total:40278.69531, BCE:-18.97467, KLD:13432.55469
=> saved checkpoint 'checkpoints_CNN/mnist_VAE_s10_v30_SE_beta_3/last' (iter 15120, epoch 56.0)
score:  0.0
score:  0.0
=> saved checkpoint 'checkpoint_scores_CNN/mnist_VAE_s10_v30_SE_beta_3/last' (iter 15120, epoch 56.0)
EarlyStopping counter: 3 out of 25
[Save Checkpoint] epoch: [56.0], Train: total:10168.56738, BCE:-18.74822, KLD:3395.77319,Test: total:40189.96875, BCE:-19.02996, KLD:13403.00000
=> saved checkpoint 'checkpoints_CNN/mnist_VAE_s10_v30_SE_beta_3/last' (iter 15390, epoch 57.0)
score:  0.0
score:  0.0
=> saved checkpoint 'checkpoint_scores_CNN/mnist_VAE_s10_v30_SE_beta_3/last' (iter 15390, epoch 57.0)
EarlyStopping counter: 4 out of 25
[Save Checkpoint] epoch: [57.0], Train: total:10129.75781, BCE:-18.79581, KLD:3382.85083,Test: total:40032.23047, BCE:-19.07998, KLD:13350.43457
Epoch    58: reducing learning rate of group 0 to 8.0000e-06.
=> saved checkpoint 'checkpoints_CNN/mnist_VAE_s10_v30_SE_beta_3/last' (iter 15660, epoch 58.0)
score:  0.0
score:  0.0
=> saved checkpoint 'checkpoint_scores_CNN/mnist_VAE_s10_v30_SE_beta_3/last' (iter 15660, epoch 58.0)
EarlyStopping counter: 5 out of 25
[Save Checkpoint] epoch: [58.0], Train: total:10155.90332, BCE:-18.72878, KLD:3391.54321,Test: total:40142.55078, BCE:-18.99732, KLD:13387.18262
=> saved checkpoint 'checkpoints_CNN/mnist_VAE_s10_v30_SE_beta_3/last' (iter 15930, epoch 59.0)
score:  0.0
score:  0.0
=> saved checkpoint 'checkpoint_scores_CNN/mnist_VAE_s10_v30_SE_beta_3/last' (iter 15930, epoch 59.0)
EarlyStopping counter: 6 out of 25
[Save Checkpoint] epoch: [59.0], Train: total:10180.53711, BCE:-18.82717, KLD:3399.78882,Test: total:40235.11719, BCE:-19.08494, KLD:13418.06543
=> saved checkpoint 'checkpoints_CNN/mnist_VAE_s10_v30_SE_beta_3/last' (iter 16200, epoch 60.0)
score:  0.0
score:  0.0
=> saved checkpoint 'checkpoint_scores_CNN/mnist_VAE_s10_v30_SE_beta_3/last' (iter 16200, epoch 60.0)
[Save Checkpoint] epoch: [60.0], Train: total:10178.89062, BCE:-18.84061, KLD:3399.24438,Test: total:40226.70703, BCE:-19.11388, KLD:13415.27246
=> saved checkpoint 'checkpoints_CNN/mnist_VAE_s10_v30_SE_beta_3/last' (iter 16470, epoch 61.0)
score:  0.0
score:  0.0
=> saved checkpoint 'checkpoint_scores_CNN/mnist_VAE_s10_v30_SE_beta_3/last' (iter 16470, epoch 61.0)
EarlyStopping counter: 1 out of 25
[Save Checkpoint] epoch: [61.0], Train: total:10178.39844, BCE:-18.82973, KLD:3399.07593,Test: total:40226.20703, BCE:-19.08200, KLD:13415.09570
=> saved checkpoint 'checkpoints_CNN/mnist_VAE_s10_v30_SE_beta_3/last' (iter 16740, epoch 62.0)
score:  0.0
score:  0.0
=> saved checkpoint 'checkpoint_scores_CNN/mnist_VAE_s10_v30_SE_beta_3/last' (iter 16740, epoch 62.0)
EarlyStopping counter: 2 out of 25
[Save Checkpoint] epoch: [62.0], Train: total:10174.98047, BCE:-18.83820, KLD:3397.93750,Test: total:40211.73438, BCE:-19.09952, KLD:13410.27637
=> saved checkpoint 'checkpoints_CNN/mnist_VAE_s10_v30_SE_beta_3/last' (iter 17010, epoch 63.0)
score:  0.0
score:  0.0
=> saved checkpoint 'checkpoint_scores_CNN/mnist_VAE_s10_v30_SE_beta_3/last' (iter 17010, epoch 63.0)
EarlyStopping counter: 3 out of 25
[Save Checkpoint] epoch: [63.0], Train: total:10174.78320, BCE:-18.83852, KLD:3397.87256,Test: total:40212.11328, BCE:-19.09838, KLD:13410.40137
=> saved checkpoint 'checkpoints_CNN/mnist_VAE_s10_v30_SE_beta_3/last' (iter 17280, epoch 64.0)
score:  0.0
score:  0.0
=> saved checkpoint 'checkpoint_scores_CNN/mnist_VAE_s10_v30_SE_beta_3/last' (iter 17280, epoch 64.0)
EarlyStopping counter: 4 out of 25
[Save Checkpoint] epoch: [64.0], Train: total:10182.20605, BCE:-18.83430, KLD:3400.34790,Test: total:40241.22266, BCE:-19.09682, KLD:13420.10840
Epoch    65: reducing learning rate of group 0 to 1.6000e-06.
=> saved checkpoint 'checkpoints_CNN/mnist_VAE_s10_v30_SE_beta_3/last' (iter 17550, epoch 65.0)
score:  0.0
score:  0.0
=> saved checkpoint 'checkpoint_scores_CNN/mnist_VAE_s10_v30_SE_beta_3/last' (iter 17550, epoch 65.0)
EarlyStopping counter: 5 out of 25
[Save Checkpoint] epoch: [65.0], Train: total:10181.76172, BCE:-18.82495, KLD:3400.19824,Test: total:40237.94531, BCE:-19.08639, KLD:13419.00977
=> saved checkpoint 'checkpoints_CNN/mnist_VAE_s10_v30_SE_beta_3/last' (iter 17820, epoch 66.0)
score:  0.0
score:  0.0
=> saved checkpoint 'checkpoint_scores_CNN/mnist_VAE_s10_v30_SE_beta_3/last' (iter 17820, epoch 66.0)
[Save Checkpoint] epoch: [66.0], Train: total:10188.35449, BCE:-18.88770, KLD:3402.41357,Test: total:40266.33984, BCE:-19.14208, KLD:13428.49219
=> saved checkpoint 'checkpoints_CNN/mnist_VAE_s10_v30_SE_beta_3/last' (iter 18090, epoch 67.0)
score:  0.0
score:  0.0
=> saved checkpoint 'checkpoint_scores_CNN/mnist_VAE_s10_v30_SE_beta_3/last' (iter 18090, epoch 67.0)
EarlyStopping counter: 1 out of 25
[Save Checkpoint] epoch: [67.0], Train: total:10186.86328, BCE:-18.89688, KLD:3401.92163,Test: total:40260.81250, BCE:-19.14940, KLD:13426.65527
=> saved checkpoint 'checkpoints_CNN/mnist_VAE_s10_v30_SE_beta_3/last' (iter 18360, epoch 68.0)
score:  0.0
score:  0.0
=> saved checkpoint 'checkpoint_scores_CNN/mnist_VAE_s10_v30_SE_beta_3/last' (iter 18360, epoch 68.0)
EarlyStopping counter: 2 out of 25
[Save Checkpoint] epoch: [68.0], Train: total:10186.50000, BCE:-18.90973, KLD:3401.79980,Test: total:40259.75000, BCE:-19.18143, KLD:13426.31152
=> saved checkpoint 'checkpoints_CNN/mnist_VAE_s10_v30_SE_beta_3/last' (iter 18630, epoch 69.0)
score:  0.0
score:  0.0
=> saved checkpoint 'checkpoint_scores_CNN/mnist_VAE_s10_v30_SE_beta_3/last' (iter 18630, epoch 69.0)
EarlyStopping counter: 3 out of 25
[Save Checkpoint] epoch: [69.0], Train: total:10188.46094, BCE:-18.92308, KLD:3402.46021,Test: total:40267.57031, BCE:-19.15706, KLD:13428.90820
Epoch    70: reducing learning rate of group 0 to 1.0000e-06.
=> saved checkpoint 'checkpoints_CNN/mnist_VAE_s10_v30_SE_beta_3/last' (iter 18900, epoch 70.0)
score:  0.0
score:  0.0
=> saved checkpoint 'checkpoint_scores_CNN/mnist_VAE_s10_v30_SE_beta_3/last' (iter 18900, epoch 70.0)
EarlyStopping counter: 4 out of 25
[Save Checkpoint] epoch: [70.0], Train: total:10189.60352, BCE:-18.91684, KLD:3402.83936,Test: total:40272.58984, BCE:-19.17274, KLD:13430.58789
=> saved checkpoint 'checkpoints_CNN/mnist_VAE_s10_v30_SE_beta_3/last' (iter 19170, epoch 71.0)
score:  0.0
score:  0.0
=> saved checkpoint 'checkpoint_scores_CNN/mnist_VAE_s10_v30_SE_beta_3/last' (iter 19170, epoch 71.0)
EarlyStopping counter: 5 out of 25
[Save Checkpoint] epoch: [71.0], Train: total:10190.50684, BCE:-18.92685, KLD:3403.14404,Test: total:40275.62891, BCE:-19.17175, KLD:13431.60059
=> saved checkpoint 'checkpoints_CNN/mnist_VAE_s10_v30_SE_beta_3/last' (iter 19440, epoch 72.0)
score:  0.0
score:  0.0
=> saved checkpoint 'checkpoint_scores_CNN/mnist_VAE_s10_v30_SE_beta_3/last' (iter 19440, epoch 72.0)
EarlyStopping counter: 6 out of 25
[Save Checkpoint] epoch: [72.0], Train: total:10183.45703, BCE:-18.92105, KLD:3400.79248,Test: total:40247.81250, BCE:-19.16918, KLD:13422.32812
=> saved checkpoint 'checkpoints_CNN/mnist_VAE_s10_v30_SE_beta_3/last' (iter 19710, epoch 73.0)
score:  0.0
score:  0.0
=> saved checkpoint 'checkpoint_scores_CNN/mnist_VAE_s10_v30_SE_beta_3/last' (iter 19710, epoch 73.0)
EarlyStopping counter: 7 out of 25
[Save Checkpoint] epoch: [73.0], Train: total:10183.89453, BCE:-18.91658, KLD:3400.93872,Test: total:40249.57031, BCE:-19.16426, KLD:13422.90918
=> saved checkpoint 'checkpoints_CNN/mnist_VAE_s10_v30_SE_beta_3/last' (iter 19980, epoch 74.0)
score:  0.0
score:  0.0
=> saved checkpoint 'checkpoint_scores_CNN/mnist_VAE_s10_v30_SE_beta_3/last' (iter 19980, epoch 74.0)
EarlyStopping counter: 8 out of 25
[Save Checkpoint] epoch: [74.0], Train: total:10186.19727, BCE:-18.91218, KLD:3401.70142,Test: total:40258.18359, BCE:-19.13748, KLD:13425.77344
=> saved checkpoint 'checkpoints_CNN/mnist_VAE_s10_v30_SE_beta_3/last' (iter 20250, epoch 75.0)
score:  0.0
score:  0.0
=> saved checkpoint 'checkpoint_scores_CNN/mnist_VAE_s10_v30_SE_beta_3/last' (iter 20250, epoch 75.0)
EarlyStopping counter: 9 out of 25
[Save Checkpoint] epoch: [75.0], Train: total:10182.81055, BCE:-18.93308, KLD:3400.58154,Test: total:40244.56641, BCE:-19.15070, KLD:13421.23926
=> saved checkpoint 'checkpoints_CNN/mnist_VAE_s10_v30_SE_beta_3/last' (iter 20520, epoch 76.0)
score:  0.0
score:  0.0
=> saved checkpoint 'checkpoint_scores_CNN/mnist_VAE_s10_v30_SE_beta_3/last' (iter 20520, epoch 76.0)
EarlyStopping counter: 10 out of 25
[Save Checkpoint] epoch: [76.0], Train: total:10185.61230, BCE:-18.94398, KLD:3401.51953,Test: total:40255.78906, BCE:-19.18365, KLD:13424.98926
=> saved checkpoint 'checkpoints_CNN/mnist_VAE_s10_v30_SE_beta_3/last' (iter 20790, epoch 77.0)
score:  0.0
score:  0.0
=> saved checkpoint 'checkpoint_scores_CNN/mnist_VAE_s10_v30_SE_beta_3/last' (iter 20790, epoch 77.0)
EarlyStopping counter: 11 out of 25
[Save Checkpoint] epoch: [77.0], Train: total:10187.45898, BCE:-18.94967, KLD:3402.13647,Test: total:40263.30859, BCE:-19.20349, KLD:13427.50488
=> saved checkpoint 'checkpoints_CNN/mnist_VAE_s10_v30_SE_beta_3/last' (iter 21060, epoch 78.0)
score:  0.0
score:  0.0
=> saved checkpoint 'checkpoint_scores_CNN/mnist_VAE_s10_v30_SE_beta_3/last' (iter 21060, epoch 78.0)
EarlyStopping counter: 12 out of 25
[Save Checkpoint] epoch: [78.0], Train: total:10187.37207, BCE:-18.94219, KLD:3402.10352,Test: total:40262.36328, BCE:-19.19442, KLD:13427.18457
=> saved checkpoint 'checkpoints_CNN/mnist_VAE_s10_v30_SE_beta_3/last' (iter 21330, epoch 79.0)
score:  0.0
score:  0.0
=> saved checkpoint 'checkpoint_scores_CNN/mnist_VAE_s10_v30_SE_beta_3/last' (iter 21330, epoch 79.0)
EarlyStopping counter: 13 out of 25
[Save Checkpoint] epoch: [79.0], Train: total:10182.36035, BCE:-18.91521, KLD:3400.42529,Test: total:40242.26953, BCE:-19.16494, KLD:13420.47852
=> saved checkpoint 'checkpoints_CNN/mnist_VAE_s10_v30_SE_beta_3/last' (iter 21600, epoch 80.0)
score:  0.0
score:  0.0
=> saved checkpoint 'checkpoint_scores_CNN/mnist_VAE_s10_v30_SE_beta_3/last' (iter 21600, epoch 80.0)
EarlyStopping counter: 14 out of 25
[Save Checkpoint] epoch: [80.0], Train: total:10187.90234, BCE:-18.93264, KLD:3402.27905,Test: total:40264.24219, BCE:-19.17941, KLD:13427.80762
=> saved checkpoint 'checkpoints_CNN/mnist_VAE_s10_v30_SE_beta_3/last' (iter 21870, epoch 81.0)
score:  0.0
score:  0.0
=> saved checkpoint 'checkpoint_scores_CNN/mnist_VAE_s10_v30_SE_beta_3/last' (iter 21870, epoch 81.0)
EarlyStopping counter: 15 out of 25
[Save Checkpoint] epoch: [81.0], Train: total:10194.00195, BCE:-18.94609, KLD:3404.31665,Test: total:40288.90625, BCE:-19.21018, KLD:13436.04102
=> saved checkpoint 'checkpoints_CNN/mnist_VAE_s10_v30_SE_beta_3/last' (iter 22140, epoch 82.0)
score:  0.0
score:  0.0
=> saved checkpoint 'checkpoint_scores_CNN/mnist_VAE_s10_v30_SE_beta_3/last' (iter 22140, epoch 82.0)
EarlyStopping counter: 16 out of 25
[Save Checkpoint] epoch: [82.0], Train: total:10198.49414, BCE:-18.94501, KLD:3405.81323,Test: total:40306.88672, BCE:-19.16886, KLD:13442.01855
=> saved checkpoint 'checkpoints_CNN/mnist_VAE_s10_v30_SE_beta_3/last' (iter 22410, epoch 83.0)
score:  0.0
score:  0.0
=> saved checkpoint 'checkpoint_scores_CNN/mnist_VAE_s10_v30_SE_beta_3/last' (iter 22410, epoch 83.0)
EarlyStopping counter: 17 out of 25
[Save Checkpoint] epoch: [83.0], Train: total:10193.89746, BCE:-18.96148, KLD:3404.28491,Test: total:40289.07812, BCE:-19.19114, KLD:13436.09082
=> saved checkpoint 'checkpoints_CNN/mnist_VAE_s10_v30_SE_beta_3/last' (iter 22680, epoch 84.0)
score:  0.0
score:  0.0
=> saved checkpoint 'checkpoint_scores_CNN/mnist_VAE_s10_v30_SE_beta_3/last' (iter 22680, epoch 84.0)
EarlyStopping counter: 18 out of 25
[Save Checkpoint] epoch: [84.0], Train: total:10193.92871, BCE:-18.96523, KLD:3404.29907,Test: total:40289.00000, BCE:-19.20718, KLD:13436.07227
=> saved checkpoint 'checkpoints_CNN/mnist_VAE_s10_v30_SE_beta_3/last' (iter 22950, epoch 85.0)
score:  0.0
score:  0.0
=> saved checkpoint 'checkpoint_scores_CNN/mnist_VAE_s10_v30_SE_beta_3/last' (iter 22950, epoch 85.0)
EarlyStopping counter: 19 out of 25
[Save Checkpoint] epoch: [85.0], Train: total:10187.00488, BCE:-18.95846, KLD:3401.98657,Test: total:40261.07422, BCE:-19.21867, KLD:13426.76465
=> saved checkpoint 'checkpoints_CNN/mnist_VAE_s10_v30_SE_beta_3/last' (iter 23220, epoch 86.0)
score:  0.0
score:  0.0
=> saved checkpoint 'checkpoint_scores_CNN/mnist_VAE_s10_v30_SE_beta_3/last' (iter 23220, epoch 86.0)
EarlyStopping counter: 20 out of 25
[Save Checkpoint] epoch: [86.0], Train: total:10189.39355, BCE:-18.96162, KLD:3402.78516,Test: total:40270.05859, BCE:-19.22750, KLD:13429.76270
=> saved checkpoint 'checkpoints_CNN/mnist_VAE_s10_v30_SE_beta_3/last' (iter 23490, epoch 87.0)
score:  0.0
score:  0.0
=> saved checkpoint 'checkpoint_scores_CNN/mnist_VAE_s10_v30_SE_beta_3/last' (iter 23490, epoch 87.0)
EarlyStopping counter: 21 out of 25
[Save Checkpoint] epoch: [87.0], Train: total:10187.05176, BCE:-18.94625, KLD:3401.99854,Test: total:40260.91797, BCE:-19.20182, KLD:13426.70605
=> saved checkpoint 'checkpoints_CNN/mnist_VAE_s10_v30_SE_beta_3/last' (iter 23760, epoch 88.0)
score:  0.0
score:  0.0
=> saved checkpoint 'checkpoint_scores_CNN/mnist_VAE_s10_v30_SE_beta_3/last' (iter 23760, epoch 88.0)
EarlyStopping counter: 22 out of 25
[Save Checkpoint] epoch: [88.0], Train: total:10183.02051, BCE:-18.94114, KLD:3400.65332,Test: total:40244.93359, BCE:-19.20064, KLD:13421.37793
=> saved checkpoint 'checkpoints_CNN/mnist_VAE_s10_v30_SE_beta_3/last' (iter 24030, epoch 89.0)
score:  0.0
score:  0.0
=> saved checkpoint 'checkpoint_scores_CNN/mnist_VAE_s10_v30_SE_beta_3/last' (iter 24030, epoch 89.0)
EarlyStopping counter: 23 out of 25
[Save Checkpoint] epoch: [89.0], Train: total:10184.19922, BCE:-18.95088, KLD:3401.05103,Test: total:40248.87500, BCE:-19.18535, KLD:13422.68652
=> saved checkpoint 'checkpoints_CNN/mnist_VAE_s10_v30_SE_beta_3/last' (iter 24300, epoch 90.0)
score:  0.0
score:  0.0
=> saved checkpoint 'checkpoint_scores_CNN/mnist_VAE_s10_v30_SE_beta_3/last' (iter 24300, epoch 90.0)
EarlyStopping counter: 24 out of 25
[Save Checkpoint] epoch: [90.0], Train: total:10181.82031, BCE:-18.94163, KLD:3400.25586,Test: total:40239.67188, BCE:-19.17926, KLD:13419.61719
=> saved checkpoint 'checkpoints_CNN/mnist_VAE_s10_v30_SE_beta_3/last' (iter 24570, epoch 91.0)
score:  0.0
score:  0.0
=> saved checkpoint 'checkpoint_scores_CNN/mnist_VAE_s10_v30_SE_beta_3/last' (iter 24570, epoch 91.0)
EarlyStopping counter: 25 out of 25
[Save Checkpoint] epoch: [91.0], Train: total:10179.82715, BCE:-18.94960, KLD:3399.59106,Test: total:40232.29297, BCE:-19.18797, KLD:13417.15918
Early stopping
[Training Finished]
All done !
