64
--gpu_devices 0 --max_iter 100 --batch_size 250 --use_scheduler True --lr 1e-3 --GMP True --z_struct_size 10 --is_VAE True --is_encoder_struct False --lambda_BCE 1 --beta 1 --big_kernel_size 8 --two_conv_layer True --three_conv_layer True --kernel_size_1 4 --kernel_size_2 4 --kernel_size_3 4 --BK_in_first_layer True --BK_in_second_layer False --BK_in_third_layer False --stride_size 1 --hidden_filters_layer1 64 --hidden_filters_layer2 64 --hidden_filters_layer3 64 --dataset_balanced True --binary_z True --binary_first_conv False --binary_second_conv False --binary_third_conv True --z_var_size 5 --z_struct_size 20 --use_small_lr_encoder_var False --encoder_var_name None --encoder_struct_name mnist_struct_baseline_scheduler_binary_20 --freeze_Encoder True --exp_name mnist_VAE_s20_v5_SE
Namespace(BK_in_first_layer=True, BK_in_second_layer=False, BK_in_third_layer=False, BN=False, C_max=25, C_stop_iter=100000.0, E1_AE=False, E1_VAE=False, E1_conv=False, E1_dense=False, E1_second_conv=False, E1_second_conv_adapt=False, GMP=True, Hmg_dst_loss=False, IPC=False, L1_norm_act=False, L1_norm_weights=False, L3_without_random=False, LOG_DIR='logs', adapt_lr=False, add_classification_layer=True, add_linear_after_GMP=True, add_z_struct_bottleneck=False, alpha=32, batch_size=250, beta=1.0, beta1=0.9, beta2=0.999, big_kernel=False, big_kernel_size=8, binary_chain=False, binary_first_conv=False, binary_second_conv=False, binary_third_conv=True, binary_z=True, both_decoders_freeze=False, ckpt_dir='checkpoints_CNN', ckpt_dir_scores='checkpoint_scores_CNN', classif_layer_size=30, contrastive_loss=False, cuda=True, dataset='mnist', dataset_balanced=True, decoder_first_dense=36, decoder_kernel_size_1=4, decoder_kernel_size_2=3, decoder_kernel_size_3=4, decoder_n_filter_1=64, decoder_n_filter_2=64, decoder_n_filter_3=64, decoder_stride_1=2, decoder_stride_2=2, decoder_stride_3=1, diff_var=False, display_step=10000, dset_dir='data', encoder_struct_name='mnist_struct_baseline_scheduler_binary_20', encoder_var_name='None', exp_name='mnist_VAE_s20_v5_SE', freeze_Encoder=True, gamma=1000, gpu_devices=[0], hidden_filters_layer1=64, hidden_filters_layer2=64, hidden_filters_layer3=64, image_size=64, intra_class_variance_loss=False, is_C=True, is_E1=False, is_VAE=True, is_VAE_var=False, is_binary_structural_latent=False, is_custom_model=False, is_custom_model_BK=False, is_default_model=False, is_encoder_struct=False, is_noise_stats=False, is_partial_rand_class=False, is_perturbed_score=False, is_zvar_sim_loss=False, just_train=False, kernel_size=4, kernel_size_1=4, kernel_size_2=4, kernel_size_3=4, lambda_BCE=1.0, lambda_Kl_struct=1, lambda_Kl_var=1, lambda_L1=0.01, lambda_VAE=1, lambda_class=1, lambda_contrastive_loss=1, lambda_distance_mean=1, lambda_hmg_dst=1, lambda_intra_class_var=1, lambda_partial_class=1, lambda_ratio_reg=1, lambda_recon_wt_rand=1, lambda_recons=1, lambda_uniq_code_dst=1, lambda_var_distance=1, lambda_var_inter=1, lambda_var_intra=1, lambda_zvar_sim=1, latent_spec_cont=None, latent_spec_cont_class=None, latent_spec_cont_var=None, latent_spec_disc=None, latent_spec_disc_class=None, latent_spec_disc_var=None, log_level='info', loss='Proxy_Anchor', loss_distance_mean=False, loss_min_distance_cl=False, lr=0.001, max_epoch_use_uniq_code_target=5, max_iter=100.0, model='CNN', mrg=0.1, nb_epochs_train_only_zvar=0, num_workers=2, old_weighted=False, optimizer='adamw', other_architecture=False, other_ratio=False, random_percentage=0.2, random_seed=10, randomness=True, ratio_reg=False, remark='', save_step=10000, second_layer_C=False, seed=1, stride_size=1, sz_embedding=5, three_conv_layer=True, train=True, train_var_struct_alternatively=False, two_conv_layer=True, two_encoder=False, uniq_code_dst_loss=False, use_VAE=False, use_decoder=False, use_early_stopping=True, use_scheduler=True, use_small_lr_encoder_var=False, use_structural_encoder=False, value_target_distance_mean=1, var_hidden_dim=256, var_hidden_filters_1=32, var_hidden_filters_2=32, var_hidden_filters_3=32, var_kernel_size_1=3, var_kernel_size_2=3, var_kernel_size_3=3, var_second_cnn_block=True, var_stride_size_1=1, var_stride_size_2=1, var_stride_size_3=1, var_third_cnn_block=False, var_three_conv_layer=False, warm=1, without_acc=False, z_struct_size=20, z_var_size=5, zeros_W_Classif=False, zvar_sim_change_zvar=False, zvar_sim_loss_for_all_model=False, zvar_sim_loss_only_for_encoder=False, zvar_sim_normal=False, zvar_sim_var_rand=False)
CUDA Visible devices !
[Using Seed: 10]
Balanced dataset loaded
VAE doesn't exist but encoder struct yes ! load struct encoder weighs !
=> loaded checkpoint 'checkpoints_CNN/mnist_struct_baseline_scheduler_binary_20/last (iter 17280)'
Weighs loaded for struct encoder !
use 1 gpu who named: Tesla V100-SXM2-32GB
VAE(
  (encoder_struct): Sequential(
    (0): Conv2d(1, 64, kernel_size=(8, 8), stride=(1, 1))
    (1): BatchNorm2d(64, eps=1e-05, momentum=0.1, affine=True, track_running_stats=True)
    (2): ReLU(inplace=True)
    (3): Conv2d(64, 64, kernel_size=(4, 4), stride=(1, 1))
    (4): BatchNorm2d(64, eps=1e-05, momentum=0.1, affine=True, track_running_stats=True)
    (5): ReLU(inplace=True)
    (6): Conv2d(64, 20, kernel_size=(4, 4), stride=(1, 1))
    (7): BatchNorm2d(20, eps=1e-05, momentum=0.1, affine=True, track_running_stats=True)
    (8): DeterministicBinaryActivation(
      (act): Hardsigmoid(
        (act): Hardtanh(min_val=-1.0, max_val=1.0)
      )
    )
    (9): AdaptiveMaxPool2d(output_size=(1, 1))
    (10): View()
  )
  (encoder_var): Sequential(
    (0): Conv2d(1, 32, kernel_size=(3, 3), stride=(1, 1))
    (1): ReLU(inplace=True)
    (2): BatchNorm2d(32, eps=1e-05, momentum=0.1, affine=True, track_running_stats=True)
    (3): Conv2d(32, 32, kernel_size=(3, 3), stride=(1, 1))
    (4): ReLU(inplace=True)
    (5): BatchNorm2d(32, eps=1e-05, momentum=0.1, affine=True, track_running_stats=True)
    (6): Conv2d(32, 32, kernel_size=(5, 5), stride=(2, 2), padding=(2, 2))
    (7): ReLU(inplace=True)
    (8): BatchNorm2d(32, eps=1e-05, momentum=0.1, affine=True, track_running_stats=True)
    (9): Dropout(p=0.4, inplace=False)
    (10): Conv2d(32, 64, kernel_size=(3, 3), stride=(1, 1))
    (11): ReLU(inplace=True)
    (12): BatchNorm2d(64, eps=1e-05, momentum=0.1, affine=True, track_running_stats=True)
    (13): Conv2d(64, 64, kernel_size=(3, 3), stride=(1, 1))
    (14): ReLU(inplace=True)
    (15): BatchNorm2d(64, eps=1e-05, momentum=0.1, affine=True, track_running_stats=True)
    (16): Conv2d(64, 64, kernel_size=(5, 5), stride=(2, 2), padding=(2, 2))
    (17): ReLU(inplace=True)
    (18): BatchNorm2d(64, eps=1e-05, momentum=0.1, affine=True, track_running_stats=True)
    (19): Dropout(p=0.4, inplace=False)
    (20): View()
    (21): Linear(in_features=1600, out_features=10, bias=True)
  )
  (decoder): Sequential(
    (0): Linear(in_features=25, out_features=1600, bias=True)
    (1): ReLU(inplace=True)
    (2): View()
    (3): ConvTranspose2d(64, 64, kernel_size=(4, 4), stride=(2, 2), padding=(1, 1))
    (4): ReLU(inplace=True)
    (5): ConvTranspose2d(64, 64, kernel_size=(3, 3), stride=(1, 1))
    (6): ReLU(inplace=True)
    (7): ConvTranspose2d(64, 32, kernel_size=(3, 3), stride=(1, 1))
    (8): ReLU(inplace=True)
    (9): ConvTranspose2d(32, 32, kernel_size=(4, 4), stride=(2, 2), padding=(1, 1))
    (10): ReLU(inplace=True)
    (11): ConvTranspose2d(32, 32, kernel_size=(3, 3), stride=(1, 1))
    (12): ReLU(inplace=True)
    (13): ConvTranspose2d(32, 1, kernel_size=(3, 3), stride=(1, 1))
    (14): Sigmoid()
  )
)
The number of parameters of model is 488775
=> saved checkpoint 'checkpoints_CNN/mnist_VAE_s20_v5_SE/last' (iter 270, epoch 1.0)
=> saved checkpoint 'checkpoint_scores_CNN/mnist_VAE_s20_v5_SE/last' (iter 270, epoch 1.0)
[Save Checkpoint] epoch: [1.0], Train: total:3247.46362, BCE:-12.77461, KLD:3260.23901,Test: total:12999.74512, BCE:-12.82844, KLD:13012.57129
=> saved checkpoint 'checkpoints_CNN/mnist_VAE_s20_v5_SE/last' (iter 540, epoch 2.0)
=> saved checkpoint 'checkpoint_scores_CNN/mnist_VAE_s20_v5_SE/last' (iter 540, epoch 2.0)
[Save Checkpoint] epoch: [2.0], Train: total:3089.59253, BCE:-12.93156, KLD:3102.52515,Test: total:12324.99414, BCE:-12.95408, KLD:12337.94727
=> saved checkpoint 'checkpoints_CNN/mnist_VAE_s20_v5_SE/last' (iter 810, epoch 3.0)
=> saved checkpoint 'checkpoint_scores_CNN/mnist_VAE_s20_v5_SE/last' (iter 810, epoch 3.0)
[Save Checkpoint] epoch: [3.0], Train: total:3007.81812, BCE:-11.42009, KLD:3019.23901,Test: total:12015.00586, BCE:-11.43163, KLD:12026.43848
=> saved checkpoint 'checkpoints_CNN/mnist_VAE_s20_v5_SE/last' (iter 1080, epoch 4.0)
=> saved checkpoint 'checkpoint_scores_CNN/mnist_VAE_s20_v5_SE/last' (iter 1080, epoch 4.0)
[Save Checkpoint] epoch: [4.0], Train: total:3011.91089, BCE:-11.54655, KLD:3023.45630,Test: total:12044.48730, BCE:-11.55170, KLD:12056.04004
=> saved checkpoint 'checkpoints_CNN/mnist_VAE_s20_v5_SE/last' (iter 1350, epoch 5.0)
=> saved checkpoint 'checkpoint_scores_CNN/mnist_VAE_s20_v5_SE/last' (iter 1350, epoch 5.0)
[Save Checkpoint] epoch: [5.0], Train: total:3006.02271, BCE:-10.83169, KLD:3016.85376,Test: total:12005.88574, BCE:-10.83951, KLD:12016.72559
=> saved checkpoint 'checkpoints_CNN/mnist_VAE_s20_v5_SE/last' (iter 1620, epoch 6.0)
=> saved checkpoint 'checkpoint_scores_CNN/mnist_VAE_s20_v5_SE/last' (iter 1620, epoch 6.0)
[Save Checkpoint] epoch: [6.0], Train: total:3100.99707, BCE:-10.95186, KLD:3111.94873,Test: total:12379.21387, BCE:-10.95049, KLD:12390.16504
=> saved checkpoint 'checkpoints_CNN/mnist_VAE_s20_v5_SE/last' (iter 1890, epoch 7.0)
=> saved checkpoint 'checkpoint_scores_CNN/mnist_VAE_s20_v5_SE/last' (iter 1890, epoch 7.0)
[Save Checkpoint] epoch: [7.0], Train: total:3043.38550, BCE:-10.90448, KLD:3054.29028,Test: total:12163.26562, BCE:-10.91199, KLD:12174.17871
=> saved checkpoint 'checkpoints_CNN/mnist_VAE_s20_v5_SE/last' (iter 2160, epoch 8.0)
=> saved checkpoint 'checkpoint_scores_CNN/mnist_VAE_s20_v5_SE/last' (iter 2160, epoch 8.0)
[Save Checkpoint] epoch: [8.0], Train: total:3041.64893, BCE:-10.80372, KLD:3052.45264,Test: total:12140.47656, BCE:-10.82155, KLD:12151.29688
=> saved checkpoint 'checkpoints_CNN/mnist_VAE_s20_v5_SE/last' (iter 2430, epoch 9.0)
=> saved checkpoint 'checkpoint_scores_CNN/mnist_VAE_s20_v5_SE/last' (iter 2430, epoch 9.0)
[Save Checkpoint] epoch: [9.0], Train: total:3159.78271, BCE:-10.03367, KLD:3169.81616,Test: total:12609.75391, BCE:-10.03036, KLD:12619.78418
=> saved checkpoint 'checkpoints_CNN/mnist_VAE_s20_v5_SE/last' (iter 2700, epoch 10.0)
=> saved checkpoint 'checkpoint_scores_CNN/mnist_VAE_s20_v5_SE/last' (iter 2700, epoch 10.0)
[Save Checkpoint] epoch: [10.0], Train: total:3104.64990, BCE:-10.10873, KLD:3114.75928,Test: total:12362.72559, BCE:-10.12318, KLD:12372.84766
=> saved checkpoint 'checkpoints_CNN/mnist_VAE_s20_v5_SE/last' (iter 2970, epoch 11.0)
=> saved checkpoint 'checkpoint_scores_CNN/mnist_VAE_s20_v5_SE/last' (iter 2970, epoch 11.0)
[Save Checkpoint] epoch: [11.0], Train: total:3116.56592, BCE:-9.85710, KLD:3126.42383,Test: total:12401.16113, BCE:-9.84819, KLD:12411.01074
=> saved checkpoint 'checkpoints_CNN/mnist_VAE_s20_v5_SE/last' (iter 3240, epoch 12.0)
=> saved checkpoint 'checkpoint_scores_CNN/mnist_VAE_s20_v5_SE/last' (iter 3240, epoch 12.0)
[Save Checkpoint] epoch: [12.0], Train: total:3123.19458, BCE:-10.27674, KLD:3133.47119,Test: total:12455.22656, BCE:-10.28811, KLD:12465.51465
=> saved checkpoint 'checkpoints_CNN/mnist_VAE_s20_v5_SE/last' (iter 3510, epoch 13.0)
=> saved checkpoint 'checkpoint_scores_CNN/mnist_VAE_s20_v5_SE/last' (iter 3510, epoch 13.0)
[Save Checkpoint] epoch: [13.0], Train: total:3109.18604, BCE:-10.26422, KLD:3119.45190,Test: total:12382.20996, BCE:-10.26055, KLD:12392.46777
=> saved checkpoint 'checkpoints_CNN/mnist_VAE_s20_v5_SE/last' (iter 3780, epoch 14.0)
=> saved checkpoint 'checkpoint_scores_CNN/mnist_VAE_s20_v5_SE/last' (iter 3780, epoch 14.0)
[Save Checkpoint] epoch: [14.0], Train: total:3076.16821, BCE:-10.19584, KLD:3086.36401,Test: total:12267.32715, BCE:-10.21942, KLD:12277.54688
=> saved checkpoint 'checkpoints_CNN/mnist_VAE_s20_v5_SE/last' (iter 4050, epoch 15.0)
=> saved checkpoint 'checkpoint_scores_CNN/mnist_VAE_s20_v5_SE/last' (iter 4050, epoch 15.0)
[Save Checkpoint] epoch: [15.0], Train: total:3083.82495, BCE:-10.37697, KLD:3094.20190,Test: total:12294.74707, BCE:-10.41574, KLD:12305.16211
=> saved checkpoint 'checkpoints_CNN/mnist_VAE_s20_v5_SE/last' (iter 4320, epoch 16.0)
=> saved checkpoint 'checkpoint_scores_CNN/mnist_VAE_s20_v5_SE/last' (iter 4320, epoch 16.0)
[Save Checkpoint] epoch: [16.0], Train: total:3090.46899, BCE:-10.17468, KLD:3100.64331,Test: total:12313.75195, BCE:-10.20923, KLD:12323.96191
=> saved checkpoint 'checkpoints_CNN/mnist_VAE_s20_v5_SE/last' (iter 4590, epoch 17.0)
=> saved checkpoint 'checkpoint_scores_CNN/mnist_VAE_s20_v5_SE/last' (iter 4590, epoch 17.0)
[Save Checkpoint] epoch: [17.0], Train: total:3044.12378, BCE:-10.18400, KLD:3054.30640,Test: total:12118.67969, BCE:-10.20097, KLD:12128.88086
=> saved checkpoint 'checkpoints_CNN/mnist_VAE_s20_v5_SE/last' (iter 4860, epoch 18.0)
=> saved checkpoint 'checkpoint_scores_CNN/mnist_VAE_s20_v5_SE/last' (iter 4860, epoch 18.0)
EarlyStopping counter: 1 out of 25
[Save Checkpoint] epoch: [18.0], Train: total:3108.59155, BCE:-10.26845, KLD:3118.85864,Test: total:12385.42383, BCE:-10.31773, KLD:12395.74219
=> saved checkpoint 'checkpoints_CNN/mnist_VAE_s20_v5_SE/last' (iter 5130, epoch 19.0)
=> saved checkpoint 'checkpoint_scores_CNN/mnist_VAE_s20_v5_SE/last' (iter 5130, epoch 19.0)
[Save Checkpoint] epoch: [19.0], Train: total:3073.07788, BCE:-10.45984, KLD:3083.53833,Test: total:12244.40137, BCE:-10.51582, KLD:12254.91699
=> saved checkpoint 'checkpoints_CNN/mnist_VAE_s20_v5_SE/last' (iter 5400, epoch 20.0)
=> saved checkpoint 'checkpoint_scores_CNN/mnist_VAE_s20_v5_SE/last' (iter 5400, epoch 20.0)
EarlyStopping counter: 1 out of 25
[Save Checkpoint] epoch: [20.0], Train: total:3110.11255, BCE:-10.45758, KLD:3120.56958,Test: total:12390.65723, BCE:-10.51437, KLD:12401.17188
=> saved checkpoint 'checkpoints_CNN/mnist_VAE_s20_v5_SE/last' (iter 5670, epoch 21.0)
=> saved checkpoint 'checkpoint_scores_CNN/mnist_VAE_s20_v5_SE/last' (iter 5670, epoch 21.0)
[Save Checkpoint] epoch: [21.0], Train: total:3054.99365, BCE:-10.64780, KLD:3065.64233,Test: total:12181.39355, BCE:-10.71695, KLD:12192.11230
=> saved checkpoint 'checkpoints_CNN/mnist_VAE_s20_v5_SE/last' (iter 5940, epoch 22.0)
=> saved checkpoint 'checkpoint_scores_CNN/mnist_VAE_s20_v5_SE/last' (iter 5940, epoch 22.0)
[Save Checkpoint] epoch: [22.0], Train: total:3104.14893, BCE:-10.31563, KLD:3114.46436,Test: total:12371.54395, BCE:-10.36632, KLD:12381.90918
=> saved checkpoint 'checkpoints_CNN/mnist_VAE_s20_v5_SE/last' (iter 6210, epoch 23.0)
=> saved checkpoint 'checkpoint_scores_CNN/mnist_VAE_s20_v5_SE/last' (iter 6210, epoch 23.0)
[Save Checkpoint] epoch: [23.0], Train: total:3065.47803, BCE:-10.94308, KLD:3076.42065,Test: total:12219.25391, BCE:-11.02621, KLD:12230.28125
=> saved checkpoint 'checkpoints_CNN/mnist_VAE_s20_v5_SE/last' (iter 6480, epoch 24.0)
=> saved checkpoint 'checkpoint_scores_CNN/mnist_VAE_s20_v5_SE/last' (iter 6480, epoch 24.0)
EarlyStopping counter: 1 out of 25
[Save Checkpoint] epoch: [24.0], Train: total:3028.53467, BCE:-10.43923, KLD:3038.97534,Test: total:12070.37012, BCE:-10.49259, KLD:12080.86230
=> saved checkpoint 'checkpoints_CNN/mnist_VAE_s20_v5_SE/last' (iter 6750, epoch 25.0)
=> saved checkpoint 'checkpoint_scores_CNN/mnist_VAE_s20_v5_SE/last' (iter 6750, epoch 25.0)
[Save Checkpoint] epoch: [25.0], Train: total:3085.96045, BCE:-10.81774, KLD:3096.77856,Test: total:12302.17578, BCE:-10.88191, KLD:12313.05762
=> saved checkpoint 'checkpoints_CNN/mnist_VAE_s20_v5_SE/last' (iter 7020, epoch 26.0)
=> saved checkpoint 'checkpoint_scores_CNN/mnist_VAE_s20_v5_SE/last' (iter 7020, epoch 26.0)
[Save Checkpoint] epoch: [26.0], Train: total:3086.45532, BCE:-11.11579, KLD:3097.57080,Test: total:12297.01172, BCE:-11.18937, KLD:12308.20215
=> saved checkpoint 'checkpoints_CNN/mnist_VAE_s20_v5_SE/last' (iter 7290, epoch 27.0)
=> saved checkpoint 'checkpoint_scores_CNN/mnist_VAE_s20_v5_SE/last' (iter 7290, epoch 27.0)
[Save Checkpoint] epoch: [27.0], Train: total:3029.14697, BCE:-11.25185, KLD:3040.39893,Test: total:12069.07324, BCE:-11.32910, KLD:12080.40234
=> saved checkpoint 'checkpoints_CNN/mnist_VAE_s20_v5_SE/last' (iter 7560, epoch 28.0)
=> saved checkpoint 'checkpoint_scores_CNN/mnist_VAE_s20_v5_SE/last' (iter 7560, epoch 28.0)
[Save Checkpoint] epoch: [28.0], Train: total:3086.27515, BCE:-11.67736, KLD:3097.95337,Test: total:12302.48926, BCE:-11.76438, KLD:12314.25293
=> saved checkpoint 'checkpoints_CNN/mnist_VAE_s20_v5_SE/last' (iter 7830, epoch 29.0)
=> saved checkpoint 'checkpoint_scores_CNN/mnist_VAE_s20_v5_SE/last' (iter 7830, epoch 29.0)
EarlyStopping counter: 1 out of 25
[Save Checkpoint] epoch: [29.0], Train: total:3091.85132, BCE:-11.28691, KLD:3103.13599,Test: total:12313.49316, BCE:-11.36979, KLD:12324.86426
=> saved checkpoint 'checkpoints_CNN/mnist_VAE_s20_v5_SE/last' (iter 8100, epoch 30.0)
=> saved checkpoint 'checkpoint_scores_CNN/mnist_VAE_s20_v5_SE/last' (iter 8100, epoch 30.0)
EarlyStopping counter: 2 out of 25
[Save Checkpoint] epoch: [30.0], Train: total:3098.48657, BCE:-11.29679, KLD:3109.78369,Test: total:12346.95996, BCE:-11.37709, KLD:12358.33594
=> saved checkpoint 'checkpoints_CNN/mnist_VAE_s20_v5_SE/last' (iter 8370, epoch 31.0)
=> saved checkpoint 'checkpoint_scores_CNN/mnist_VAE_s20_v5_SE/last' (iter 8370, epoch 31.0)
EarlyStopping counter: 3 out of 25
[Save Checkpoint] epoch: [31.0], Train: total:3078.55298, BCE:-11.45109, KLD:3090.00415,Test: total:12264.15527, BCE:-11.51967, KLD:12275.67578
=> saved checkpoint 'checkpoints_CNN/mnist_VAE_s20_v5_SE/last' (iter 8640, epoch 32.0)
=> saved checkpoint 'checkpoint_scores_CNN/mnist_VAE_s20_v5_SE/last' (iter 8640, epoch 32.0)
EarlyStopping counter: 4 out of 25
[Save Checkpoint] epoch: [32.0], Train: total:3029.37012, BCE:-11.98260, KLD:3041.35303,Test: total:12080.38184, BCE:-12.06537, KLD:12092.44727
=> saved checkpoint 'checkpoints_CNN/mnist_VAE_s20_v5_SE/last' (iter 8910, epoch 33.0)
=> saved checkpoint 'checkpoint_scores_CNN/mnist_VAE_s20_v5_SE/last' (iter 8910, epoch 33.0)
[Save Checkpoint] epoch: [33.0], Train: total:3060.25195, BCE:-12.12510, KLD:3072.37695,Test: total:12189.63086, BCE:-12.21719, KLD:12201.84766
=> saved checkpoint 'checkpoints_CNN/mnist_VAE_s20_v5_SE/last' (iter 9180, epoch 34.0)
=> saved checkpoint 'checkpoint_scores_CNN/mnist_VAE_s20_v5_SE/last' (iter 9180, epoch 34.0)
[Save Checkpoint] epoch: [34.0], Train: total:3051.53125, BCE:-12.88437, KLD:3064.41699,Test: total:12160.00684, BCE:-12.97661, KLD:12172.98242
=> saved checkpoint 'checkpoints_CNN/mnist_VAE_s20_v5_SE/last' (iter 9450, epoch 35.0)
=> saved checkpoint 'checkpoint_scores_CNN/mnist_VAE_s20_v5_SE/last' (iter 9450, epoch 35.0)
[Save Checkpoint] epoch: [35.0], Train: total:3047.77905, BCE:-12.30863, KLD:3060.08740,Test: total:12148.33301, BCE:-12.39024, KLD:12160.72461
=> saved checkpoint 'checkpoints_CNN/mnist_VAE_s20_v5_SE/last' (iter 9720, epoch 36.0)
=> saved checkpoint 'checkpoint_scores_CNN/mnist_VAE_s20_v5_SE/last' (iter 9720, epoch 36.0)
EarlyStopping counter: 1 out of 25
[Save Checkpoint] epoch: [36.0], Train: total:3098.70752, BCE:-12.54693, KLD:3111.25464,Test: total:12343.08301, BCE:-12.64252, KLD:12355.72559
=> saved checkpoint 'checkpoints_CNN/mnist_VAE_s20_v5_SE/last' (iter 9990, epoch 37.0)
=> saved checkpoint 'checkpoint_scores_CNN/mnist_VAE_s20_v5_SE/last' (iter 9990, epoch 37.0)
[Save Checkpoint] epoch: [37.0], Train: total:3067.60254, BCE:-13.32677, KLD:3080.92896,Test: total:12232.22949, BCE:-13.42027, KLD:12245.65039
=> saved checkpoint 'checkpoints_CNN/mnist_VAE_s20_v5_SE/last' (iter 10260, epoch 38.0)
=> saved checkpoint 'checkpoint_scores_CNN/mnist_VAE_s20_v5_SE/last' (iter 10260, epoch 38.0)
[Save Checkpoint] epoch: [38.0], Train: total:3079.25830, BCE:-13.31942, KLD:3092.57886,Test: total:12276.48438, BCE:-13.42742, KLD:12289.91211
=> saved checkpoint 'checkpoints_CNN/mnist_VAE_s20_v5_SE/last' (iter 10530, epoch 39.0)
=> saved checkpoint 'checkpoint_scores_CNN/mnist_VAE_s20_v5_SE/last' (iter 10530, epoch 39.0)
EarlyStopping counter: 1 out of 25
[Save Checkpoint] epoch: [39.0], Train: total:3059.80420, BCE:-13.54485, KLD:3073.34717,Test: total:12200.87988, BCE:-13.62936, KLD:12214.50977
=> saved checkpoint 'checkpoints_CNN/mnist_VAE_s20_v5_SE/last' (iter 10800, epoch 40.0)
=> saved checkpoint 'checkpoint_scores_CNN/mnist_VAE_s20_v5_SE/last' (iter 10800, epoch 40.0)
EarlyStopping counter: 2 out of 25
[Save Checkpoint] epoch: [40.0], Train: total:3106.60498, BCE:-13.50992, KLD:3120.11450,Test: total:12385.25293, BCE:-13.58315, KLD:12398.83594
=> saved checkpoint 'checkpoints_CNN/mnist_VAE_s20_v5_SE/last' (iter 11070, epoch 41.0)
=> saved checkpoint 'checkpoint_scores_CNN/mnist_VAE_s20_v5_SE/last' (iter 11070, epoch 41.0)
EarlyStopping counter: 3 out of 25
[Save Checkpoint] epoch: [41.0], Train: total:3043.06079, BCE:-14.33211, KLD:3057.39258,Test: total:12124.08887, BCE:-14.42150, KLD:12138.51074
=> saved checkpoint 'checkpoints_CNN/mnist_VAE_s20_v5_SE/last' (iter 11340, epoch 42.0)
=> saved checkpoint 'checkpoint_scores_CNN/mnist_VAE_s20_v5_SE/last' (iter 11340, epoch 42.0)
EarlyStopping counter: 4 out of 25
[Save Checkpoint] epoch: [42.0], Train: total:3091.39307, BCE:-13.87922, KLD:3105.27295,Test: total:12327.00195, BCE:-13.96141, KLD:12340.96191
Epoch    43: reducing learning rate of group 0 to 2.0000e-04.
=> saved checkpoint 'checkpoints_CNN/mnist_VAE_s20_v5_SE/last' (iter 11610, epoch 43.0)
=> saved checkpoint 'checkpoint_scores_CNN/mnist_VAE_s20_v5_SE/last' (iter 11610, epoch 43.0)
[Save Checkpoint] epoch: [43.0], Train: total:3065.03638, BCE:-14.37813, KLD:3079.41333,Test: total:12205.91309, BCE:-14.46831, KLD:12220.38184
=> saved checkpoint 'checkpoints_CNN/mnist_VAE_s20_v5_SE/last' (iter 11880, epoch 44.0)
=> saved checkpoint 'checkpoint_scores_CNN/mnist_VAE_s20_v5_SE/last' (iter 11880, epoch 44.0)
[Save Checkpoint] epoch: [44.0], Train: total:3088.22339, BCE:-14.63078, KLD:3102.85425,Test: total:12303.44824, BCE:-14.72175, KLD:12318.17090
=> saved checkpoint 'checkpoints_CNN/mnist_VAE_s20_v5_SE/last' (iter 12150, epoch 45.0)
=> saved checkpoint 'checkpoint_scores_CNN/mnist_VAE_s20_v5_SE/last' (iter 12150, epoch 45.0)
[Save Checkpoint] epoch: [45.0], Train: total:3090.14136, BCE:-14.68792, KLD:3104.82837,Test: total:12318.04004, BCE:-14.77968, KLD:12332.81934
=> saved checkpoint 'checkpoints_CNN/mnist_VAE_s20_v5_SE/last' (iter 12420, epoch 46.0)
=> saved checkpoint 'checkpoint_scores_CNN/mnist_VAE_s20_v5_SE/last' (iter 12420, epoch 46.0)
[Save Checkpoint] epoch: [46.0], Train: total:3082.18555, BCE:-14.70579, KLD:3096.89111,Test: total:12288.05762, BCE:-14.78759, KLD:12302.84570
=> saved checkpoint 'checkpoints_CNN/mnist_VAE_s20_v5_SE/last' (iter 12690, epoch 47.0)
=> saved checkpoint 'checkpoint_scores_CNN/mnist_VAE_s20_v5_SE/last' (iter 12690, epoch 47.0)
[Save Checkpoint] epoch: [47.0], Train: total:3080.35425, BCE:-14.87781, KLD:3095.23120,Test: total:12281.84277, BCE:-14.95290, KLD:12296.79590
=> saved checkpoint 'checkpoints_CNN/mnist_VAE_s20_v5_SE/last' (iter 12960, epoch 48.0)
=> saved checkpoint 'checkpoint_scores_CNN/mnist_VAE_s20_v5_SE/last' (iter 12960, epoch 48.0)
[Save Checkpoint] epoch: [48.0], Train: total:3088.94385, BCE:-14.99857, KLD:3103.94238,Test: total:12314.06250, BCE:-15.06977, KLD:12329.13281
=> saved checkpoint 'checkpoints_CNN/mnist_VAE_s20_v5_SE/last' (iter 13230, epoch 49.0)
=> saved checkpoint 'checkpoint_scores_CNN/mnist_VAE_s20_v5_SE/last' (iter 13230, epoch 49.0)
[Save Checkpoint] epoch: [49.0], Train: total:3083.70654, BCE:-14.97576, KLD:3098.68311,Test: total:12293.36523, BCE:-15.04408, KLD:12308.40820
=> saved checkpoint 'checkpoints_CNN/mnist_VAE_s20_v5_SE/last' (iter 13500, epoch 50.0)
=> saved checkpoint 'checkpoint_scores_CNN/mnist_VAE_s20_v5_SE/last' (iter 13500, epoch 50.0)
EarlyStopping counter: 1 out of 25
[Save Checkpoint] epoch: [50.0], Train: total:3091.58911, BCE:-15.28521, KLD:3106.87207,Test: total:12328.66113, BCE:-15.35783, KLD:12344.01855
=> saved checkpoint 'checkpoints_CNN/mnist_VAE_s20_v5_SE/last' (iter 13770, epoch 51.0)
=> saved checkpoint 'checkpoint_scores_CNN/mnist_VAE_s20_v5_SE/last' (iter 13770, epoch 51.0)
EarlyStopping counter: 2 out of 25
[Save Checkpoint] epoch: [51.0], Train: total:3082.17407, BCE:-15.01754, KLD:3097.19263,Test: total:12284.38379, BCE:-15.09524, KLD:12299.47949
=> saved checkpoint 'checkpoints_CNN/mnist_VAE_s20_v5_SE/last' (iter 14040, epoch 52.0)
=> saved checkpoint 'checkpoint_scores_CNN/mnist_VAE_s20_v5_SE/last' (iter 14040, epoch 52.0)
EarlyStopping counter: 3 out of 25
[Save Checkpoint] epoch: [52.0], Train: total:3087.15747, BCE:-15.31292, KLD:3102.46826,Test: total:12305.83984, BCE:-15.38567, KLD:12321.22559
=> saved checkpoint 'checkpoints_CNN/mnist_VAE_s20_v5_SE/last' (iter 14310, epoch 53.0)
=> saved checkpoint 'checkpoint_scores_CNN/mnist_VAE_s20_v5_SE/last' (iter 14310, epoch 53.0)
EarlyStopping counter: 4 out of 25
[Save Checkpoint] epoch: [53.0], Train: total:3111.11108, BCE:-15.52217, KLD:3126.63354,Test: total:12400.45312, BCE:-15.59421, KLD:12416.04883
Epoch    54: reducing learning rate of group 0 to 4.0000e-05.
=> saved checkpoint 'checkpoints_CNN/mnist_VAE_s20_v5_SE/last' (iter 14580, epoch 54.0)
=> saved checkpoint 'checkpoint_scores_CNN/mnist_VAE_s20_v5_SE/last' (iter 14580, epoch 54.0)
EarlyStopping counter: 5 out of 25
[Save Checkpoint] epoch: [54.0], Train: total:3095.03198, BCE:-15.48109, KLD:3110.51245,Test: total:12339.61230, BCE:-15.54404, KLD:12355.15625
=> saved checkpoint 'checkpoints_CNN/mnist_VAE_s20_v5_SE/last' (iter 14850, epoch 55.0)
=> saved checkpoint 'checkpoint_scores_CNN/mnist_VAE_s20_v5_SE/last' (iter 14850, epoch 55.0)
EarlyStopping counter: 6 out of 25
[Save Checkpoint] epoch: [55.0], Train: total:3084.15698, BCE:-15.12189, KLD:3099.27856,Test: total:12299.06445, BCE:-15.18400, KLD:12314.24902
=> saved checkpoint 'checkpoints_CNN/mnist_VAE_s20_v5_SE/last' (iter 15120, epoch 56.0)
=> saved checkpoint 'checkpoint_scores_CNN/mnist_VAE_s20_v5_SE/last' (iter 15120, epoch 56.0)
EarlyStopping counter: 7 out of 25
[Save Checkpoint] epoch: [56.0], Train: total:3092.87012, BCE:-15.20130, KLD:3108.07129,Test: total:12332.34961, BCE:-15.26851, KLD:12347.61914
=> saved checkpoint 'checkpoints_CNN/mnist_VAE_s20_v5_SE/last' (iter 15390, epoch 57.0)
=> saved checkpoint 'checkpoint_scores_CNN/mnist_VAE_s20_v5_SE/last' (iter 15390, epoch 57.0)
EarlyStopping counter: 8 out of 25
[Save Checkpoint] epoch: [57.0], Train: total:3097.58301, BCE:-15.14988, KLD:3112.73389,Test: total:12352.79102, BCE:-15.21511, KLD:12368.00684
=> saved checkpoint 'checkpoints_CNN/mnist_VAE_s20_v5_SE/last' (iter 15660, epoch 58.0)
=> saved checkpoint 'checkpoint_scores_CNN/mnist_VAE_s20_v5_SE/last' (iter 15660, epoch 58.0)
EarlyStopping counter: 9 out of 25
[Save Checkpoint] epoch: [58.0], Train: total:3079.98584, BCE:-15.24601, KLD:3095.23267,Test: total:12282.43457, BCE:-15.30999, KLD:12297.74512
=> saved checkpoint 'checkpoints_CNN/mnist_VAE_s20_v5_SE/last' (iter 15930, epoch 59.0)
=> saved checkpoint 'checkpoint_scores_CNN/mnist_VAE_s20_v5_SE/last' (iter 15930, epoch 59.0)
[Save Checkpoint] epoch: [59.0], Train: total:3091.95557, BCE:-15.25080, KLD:3107.20630,Test: total:12329.57422, BCE:-15.31988, KLD:12344.89551
=> saved checkpoint 'checkpoints_CNN/mnist_VAE_s20_v5_SE/last' (iter 16200, epoch 60.0)
=> saved checkpoint 'checkpoint_scores_CNN/mnist_VAE_s20_v5_SE/last' (iter 16200, epoch 60.0)
EarlyStopping counter: 1 out of 25
[Save Checkpoint] epoch: [60.0], Train: total:3094.48657, BCE:-15.22342, KLD:3109.70972,Test: total:12340.77539, BCE:-15.29302, KLD:12356.06738
=> saved checkpoint 'checkpoints_CNN/mnist_VAE_s20_v5_SE/last' (iter 16470, epoch 61.0)
=> saved checkpoint 'checkpoint_scores_CNN/mnist_VAE_s20_v5_SE/last' (iter 16470, epoch 61.0)
EarlyStopping counter: 2 out of 25
[Save Checkpoint] epoch: [61.0], Train: total:3091.40161, BCE:-15.35673, KLD:3106.75977,Test: total:12327.92871, BCE:-15.41642, KLD:12343.34473
=> saved checkpoint 'checkpoints_CNN/mnist_VAE_s20_v5_SE/last' (iter 16740, epoch 62.0)
=> saved checkpoint 'checkpoint_scores_CNN/mnist_VAE_s20_v5_SE/last' (iter 16740, epoch 62.0)
EarlyStopping counter: 3 out of 25
[Save Checkpoint] epoch: [62.0], Train: total:3084.18530, BCE:-15.28259, KLD:3099.46777,Test: total:12297.74707, BCE:-15.33569, KLD:12313.08301
=> saved checkpoint 'checkpoints_CNN/mnist_VAE_s20_v5_SE/last' (iter 17010, epoch 63.0)
=> saved checkpoint 'checkpoint_scores_CNN/mnist_VAE_s20_v5_SE/last' (iter 17010, epoch 63.0)
EarlyStopping counter: 4 out of 25
[Save Checkpoint] epoch: [63.0], Train: total:3090.00000, BCE:-15.36701, KLD:3105.36719,Test: total:12322.02148, BCE:-15.42450, KLD:12337.44531
Epoch    64: reducing learning rate of group 0 to 8.0000e-06.
=> saved checkpoint 'checkpoints_CNN/mnist_VAE_s20_v5_SE/last' (iter 17280, epoch 64.0)
=> saved checkpoint 'checkpoint_scores_CNN/mnist_VAE_s20_v5_SE/last' (iter 17280, epoch 64.0)
EarlyStopping counter: 5 out of 25
[Save Checkpoint] epoch: [64.0], Train: total:3103.03320, BCE:-15.31718, KLD:3118.34814,Test: total:12374.16211, BCE:-15.37456, KLD:12389.53809
=> saved checkpoint 'checkpoints_CNN/mnist_VAE_s20_v5_SE/last' (iter 17550, epoch 65.0)
=> saved checkpoint 'checkpoint_scores_CNN/mnist_VAE_s20_v5_SE/last' (iter 17550, epoch 65.0)
[Save Checkpoint] epoch: [65.0], Train: total:3091.35034, BCE:-15.19909, KLD:3106.55054,Test: total:12325.85449, BCE:-15.26057, KLD:12341.11621
=> saved checkpoint 'checkpoints_CNN/mnist_VAE_s20_v5_SE/last' (iter 17820, epoch 66.0)
=> saved checkpoint 'checkpoint_scores_CNN/mnist_VAE_s20_v5_SE/last' (iter 17820, epoch 66.0)
EarlyStopping counter: 1 out of 25
[Save Checkpoint] epoch: [66.0], Train: total:3084.86694, BCE:-15.23708, KLD:3100.10181,Test: total:12300.02637, BCE:-15.29712, KLD:12315.32324
=> saved checkpoint 'checkpoints_CNN/mnist_VAE_s20_v5_SE/last' (iter 18090, epoch 67.0)
=> saved checkpoint 'checkpoint_scores_CNN/mnist_VAE_s20_v5_SE/last' (iter 18090, epoch 67.0)
EarlyStopping counter: 2 out of 25
[Save Checkpoint] epoch: [67.0], Train: total:3082.85840, BCE:-15.21378, KLD:3098.07349,Test: total:12291.77637, BCE:-15.26901, KLD:12307.04590
=> saved checkpoint 'checkpoints_CNN/mnist_VAE_s20_v5_SE/last' (iter 18360, epoch 68.0)
=> saved checkpoint 'checkpoint_scores_CNN/mnist_VAE_s20_v5_SE/last' (iter 18360, epoch 68.0)
EarlyStopping counter: 3 out of 25
[Save Checkpoint] epoch: [68.0], Train: total:3083.36108, BCE:-15.22758, KLD:3098.58984,Test: total:12293.98047, BCE:-15.28635, KLD:12309.26758
=> saved checkpoint 'checkpoints_CNN/mnist_VAE_s20_v5_SE/last' (iter 18630, epoch 69.0)
=> saved checkpoint 'checkpoint_scores_CNN/mnist_VAE_s20_v5_SE/last' (iter 18630, epoch 69.0)
EarlyStopping counter: 4 out of 25
[Save Checkpoint] epoch: [69.0], Train: total:3085.44556, BCE:-15.23874, KLD:3100.68433,Test: total:12302.55957, BCE:-15.29692, KLD:12317.85547
Epoch    70: reducing learning rate of group 0 to 1.6000e-06.
=> saved checkpoint 'checkpoints_CNN/mnist_VAE_s20_v5_SE/last' (iter 18900, epoch 70.0)
=> saved checkpoint 'checkpoint_scores_CNN/mnist_VAE_s20_v5_SE/last' (iter 18900, epoch 70.0)
EarlyStopping counter: 5 out of 25
[Save Checkpoint] epoch: [70.0], Train: total:3085.65381, BCE:-15.21868, KLD:3100.87183,Test: total:12303.48047, BCE:-15.27836, KLD:12318.75977
=> saved checkpoint 'checkpoints_CNN/mnist_VAE_s20_v5_SE/last' (iter 19170, epoch 71.0)
=> saved checkpoint 'checkpoint_scores_CNN/mnist_VAE_s20_v5_SE/last' (iter 19170, epoch 71.0)
EarlyStopping counter: 6 out of 25
[Save Checkpoint] epoch: [71.0], Train: total:3083.11865, BCE:-15.33477, KLD:3098.45410,Test: total:12294.08203, BCE:-15.38221, KLD:12309.46484
=> saved checkpoint 'checkpoints_CNN/mnist_VAE_s20_v5_SE/last' (iter 19440, epoch 72.0)
=> saved checkpoint 'checkpoint_scores_CNN/mnist_VAE_s20_v5_SE/last' (iter 19440, epoch 72.0)
EarlyStopping counter: 7 out of 25
[Save Checkpoint] epoch: [72.0], Train: total:3082.39697, BCE:-15.33255, KLD:3097.73022,Test: total:12291.21582, BCE:-15.37769, KLD:12306.59375
=> saved checkpoint 'checkpoints_CNN/mnist_VAE_s20_v5_SE/last' (iter 19710, epoch 73.0)
=> saved checkpoint 'checkpoint_scores_CNN/mnist_VAE_s20_v5_SE/last' (iter 19710, epoch 73.0)
EarlyStopping counter: 8 out of 25
[Save Checkpoint] epoch: [73.0], Train: total:3082.92114, BCE:-15.34438, KLD:3098.26465,Test: total:12293.27344, BCE:-15.40712, KLD:12308.68164
=> saved checkpoint 'checkpoints_CNN/mnist_VAE_s20_v5_SE/last' (iter 19980, epoch 74.0)
=> saved checkpoint 'checkpoint_scores_CNN/mnist_VAE_s20_v5_SE/last' (iter 19980, epoch 74.0)
[Save Checkpoint] epoch: [74.0], Train: total:3082.35352, BCE:-15.34422, KLD:3097.69629,Test: total:12291.03223, BCE:-15.40090, KLD:12306.43262
Epoch    75: reducing learning rate of group 0 to 1.0000e-06.
=> saved checkpoint 'checkpoints_CNN/mnist_VAE_s20_v5_SE/last' (iter 20250, epoch 75.0)
=> saved checkpoint 'checkpoint_scores_CNN/mnist_VAE_s20_v5_SE/last' (iter 20250, epoch 75.0)
EarlyStopping counter: 1 out of 25
[Save Checkpoint] epoch: [75.0], Train: total:3082.29541, BCE:-15.34683, KLD:3097.64380,Test: total:12290.64160, BCE:-15.40257, KLD:12306.04492
=> saved checkpoint 'checkpoints_CNN/mnist_VAE_s20_v5_SE/last' (iter 20520, epoch 76.0)
=> saved checkpoint 'checkpoint_scores_CNN/mnist_VAE_s20_v5_SE/last' (iter 20520, epoch 76.0)
EarlyStopping counter: 2 out of 25
[Save Checkpoint] epoch: [76.0], Train: total:3081.56323, BCE:-15.36270, KLD:3096.92529,Test: total:12287.82227, BCE:-15.42133, KLD:12303.24414
=> saved checkpoint 'checkpoints_CNN/mnist_VAE_s20_v5_SE/last' (iter 20790, epoch 77.0)
=> saved checkpoint 'checkpoint_scores_CNN/mnist_VAE_s20_v5_SE/last' (iter 20790, epoch 77.0)
EarlyStopping counter: 3 out of 25
[Save Checkpoint] epoch: [77.0], Train: total:3082.93262, BCE:-15.37943, KLD:3098.31396,Test: total:12293.46094, BCE:-15.43257, KLD:12308.89258
=> saved checkpoint 'checkpoints_CNN/mnist_VAE_s20_v5_SE/last' (iter 21060, epoch 78.0)
=> saved checkpoint 'checkpoint_scores_CNN/mnist_VAE_s20_v5_SE/last' (iter 21060, epoch 78.0)
EarlyStopping counter: 4 out of 25
[Save Checkpoint] epoch: [78.0], Train: total:3082.20093, BCE:-15.36769, KLD:3097.56812,Test: total:12290.44531, BCE:-15.43092, KLD:12305.87695
=> saved checkpoint 'checkpoints_CNN/mnist_VAE_s20_v5_SE/last' (iter 21330, epoch 79.0)
=> saved checkpoint 'checkpoint_scores_CNN/mnist_VAE_s20_v5_SE/last' (iter 21330, epoch 79.0)
EarlyStopping counter: 5 out of 25
[Save Checkpoint] epoch: [79.0], Train: total:3083.64868, BCE:-15.36879, KLD:3099.01685,Test: total:12296.14551, BCE:-15.42755, KLD:12311.57324
=> saved checkpoint 'checkpoints_CNN/mnist_VAE_s20_v5_SE/last' (iter 21600, epoch 80.0)
=> saved checkpoint 'checkpoint_scores_CNN/mnist_VAE_s20_v5_SE/last' (iter 21600, epoch 80.0)
EarlyStopping counter: 6 out of 25
[Save Checkpoint] epoch: [80.0], Train: total:3082.84058, BCE:-15.36635, KLD:3098.20630,Test: total:12293.03418, BCE:-15.43416, KLD:12308.46777
=> saved checkpoint 'checkpoints_CNN/mnist_VAE_s20_v5_SE/last' (iter 21870, epoch 81.0)
=> saved checkpoint 'checkpoint_scores_CNN/mnist_VAE_s20_v5_SE/last' (iter 21870, epoch 81.0)
EarlyStopping counter: 7 out of 25
[Save Checkpoint] epoch: [81.0], Train: total:3082.73999, BCE:-15.37504, KLD:3098.11328,Test: total:12292.58008, BCE:-15.43192, KLD:12308.01270
=> saved checkpoint 'checkpoints_CNN/mnist_VAE_s20_v5_SE/last' (iter 22140, epoch 82.0)
=> saved checkpoint 'checkpoint_scores_CNN/mnist_VAE_s20_v5_SE/last' (iter 22140, epoch 82.0)
EarlyStopping counter: 8 out of 25
[Save Checkpoint] epoch: [82.0], Train: total:3083.33862, BCE:-15.36816, KLD:3098.70654,Test: total:12295.00293, BCE:-15.43434, KLD:12310.43848
=> saved checkpoint 'checkpoints_CNN/mnist_VAE_s20_v5_SE/last' (iter 22410, epoch 83.0)
=> saved checkpoint 'checkpoint_scores_CNN/mnist_VAE_s20_v5_SE/last' (iter 22410, epoch 83.0)
EarlyStopping counter: 9 out of 25
[Save Checkpoint] epoch: [83.0], Train: total:3083.90967, BCE:-15.37194, KLD:3099.28076,Test: total:12297.29688, BCE:-15.42955, KLD:12312.72656
=> saved checkpoint 'checkpoints_CNN/mnist_VAE_s20_v5_SE/last' (iter 22680, epoch 84.0)
=> saved checkpoint 'checkpoint_scores_CNN/mnist_VAE_s20_v5_SE/last' (iter 22680, epoch 84.0)
EarlyStopping counter: 10 out of 25
[Save Checkpoint] epoch: [84.0], Train: total:3083.52148, BCE:-15.36884, KLD:3098.88965,Test: total:12295.85840, BCE:-15.42676, KLD:12311.28613
=> saved checkpoint 'checkpoints_CNN/mnist_VAE_s20_v5_SE/last' (iter 22950, epoch 85.0)
=> saved checkpoint 'checkpoint_scores_CNN/mnist_VAE_s20_v5_SE/last' (iter 22950, epoch 85.0)
EarlyStopping counter: 11 out of 25
[Save Checkpoint] epoch: [85.0], Train: total:3083.47876, BCE:-15.36371, KLD:3098.84106,Test: total:12295.73340, BCE:-15.41515, KLD:12311.14844
=> saved checkpoint 'checkpoints_CNN/mnist_VAE_s20_v5_SE/last' (iter 23220, epoch 86.0)
=> saved checkpoint 'checkpoint_scores_CNN/mnist_VAE_s20_v5_SE/last' (iter 23220, epoch 86.0)
EarlyStopping counter: 12 out of 25
[Save Checkpoint] epoch: [86.0], Train: total:3083.45679, BCE:-15.36309, KLD:3098.81934,Test: total:12295.62695, BCE:-15.42063, KLD:12311.04688
=> saved checkpoint 'checkpoints_CNN/mnist_VAE_s20_v5_SE/last' (iter 23490, epoch 87.0)
=> saved checkpoint 'checkpoint_scores_CNN/mnist_VAE_s20_v5_SE/last' (iter 23490, epoch 87.0)
EarlyStopping counter: 13 out of 25
[Save Checkpoint] epoch: [87.0], Train: total:3084.71802, BCE:-15.37062, KLD:3100.08862,Test: total:12300.59766, BCE:-15.42737, KLD:12316.02539
=> saved checkpoint 'checkpoints_CNN/mnist_VAE_s20_v5_SE/last' (iter 23760, epoch 88.0)
=> saved checkpoint 'checkpoint_scores_CNN/mnist_VAE_s20_v5_SE/last' (iter 23760, epoch 88.0)
EarlyStopping counter: 14 out of 25
[Save Checkpoint] epoch: [88.0], Train: total:3082.88623, BCE:-15.37461, KLD:3098.25928,Test: total:12293.13965, BCE:-15.43072, KLD:12308.57031
=> saved checkpoint 'checkpoints_CNN/mnist_VAE_s20_v5_SE/last' (iter 24030, epoch 89.0)
=> saved checkpoint 'checkpoint_scores_CNN/mnist_VAE_s20_v5_SE/last' (iter 24030, epoch 89.0)
EarlyStopping counter: 15 out of 25
[Save Checkpoint] epoch: [89.0], Train: total:3082.55493, BCE:-15.37188, KLD:3097.92554,Test: total:12292.03320, BCE:-15.42823, KLD:12307.45996
=> saved checkpoint 'checkpoints_CNN/mnist_VAE_s20_v5_SE/last' (iter 24300, epoch 90.0)
=> saved checkpoint 'checkpoint_scores_CNN/mnist_VAE_s20_v5_SE/last' (iter 24300, epoch 90.0)
EarlyStopping counter: 16 out of 25
[Save Checkpoint] epoch: [90.0], Train: total:3083.85962, BCE:-15.37584, KLD:3099.23486,Test: total:12297.15820, BCE:-15.42624, KLD:12312.58398
=> saved checkpoint 'checkpoints_CNN/mnist_VAE_s20_v5_SE/last' (iter 24570, epoch 91.0)
=> saved checkpoint 'checkpoint_scores_CNN/mnist_VAE_s20_v5_SE/last' (iter 24570, epoch 91.0)
EarlyStopping counter: 17 out of 25
[Save Checkpoint] epoch: [91.0], Train: total:3084.83691, BCE:-15.37387, KLD:3100.21045,Test: total:12300.89355, BCE:-15.43629, KLD:12316.33105
=> saved checkpoint 'checkpoints_CNN/mnist_VAE_s20_v5_SE/last' (iter 24840, epoch 92.0)
=> saved checkpoint 'checkpoint_scores_CNN/mnist_VAE_s20_v5_SE/last' (iter 24840, epoch 92.0)
EarlyStopping counter: 18 out of 25
[Save Checkpoint] epoch: [92.0], Train: total:3083.41748, BCE:-15.37618, KLD:3098.79517,Test: total:12295.50684, BCE:-15.42306, KLD:12310.92969
=> saved checkpoint 'checkpoints_CNN/mnist_VAE_s20_v5_SE/last' (iter 25110, epoch 93.0)
=> saved checkpoint 'checkpoint_scores_CNN/mnist_VAE_s20_v5_SE/last' (iter 25110, epoch 93.0)
EarlyStopping counter: 19 out of 25
[Save Checkpoint] epoch: [93.0], Train: total:3083.79077, BCE:-15.37298, KLD:3099.16333,Test: total:12296.79199, BCE:-15.43792, KLD:12312.22852
=> saved checkpoint 'checkpoints_CNN/mnist_VAE_s20_v5_SE/last' (iter 25380, epoch 94.0)
=> saved checkpoint 'checkpoint_scores_CNN/mnist_VAE_s20_v5_SE/last' (iter 25380, epoch 94.0)
EarlyStopping counter: 20 out of 25
[Save Checkpoint] epoch: [94.0], Train: total:3083.67358, BCE:-15.37959, KLD:3099.05273,Test: total:12296.40527, BCE:-15.43504, KLD:12311.84082
=> saved checkpoint 'checkpoints_CNN/mnist_VAE_s20_v5_SE/last' (iter 25650, epoch 95.0)
=> saved checkpoint 'checkpoint_scores_CNN/mnist_VAE_s20_v5_SE/last' (iter 25650, epoch 95.0)
EarlyStopping counter: 21 out of 25
[Save Checkpoint] epoch: [95.0], Train: total:3082.94141, BCE:-15.38192, KLD:3098.32422,Test: total:12293.56152, BCE:-15.43860, KLD:12308.99902
=> saved checkpoint 'checkpoints_CNN/mnist_VAE_s20_v5_SE/last' (iter 25920, epoch 96.0)
=> saved checkpoint 'checkpoint_scores_CNN/mnist_VAE_s20_v5_SE/last' (iter 25920, epoch 96.0)
EarlyStopping counter: 22 out of 25
[Save Checkpoint] epoch: [96.0], Train: total:3082.28906, BCE:-15.36611, KLD:3097.65454,Test: total:12290.73438, BCE:-15.41851, KLD:12306.15332
=> saved checkpoint 'checkpoints_CNN/mnist_VAE_s20_v5_SE/last' (iter 26190, epoch 97.0)
=> saved checkpoint 'checkpoint_scores_CNN/mnist_VAE_s20_v5_SE/last' (iter 26190, epoch 97.0)
EarlyStopping counter: 23 out of 25
[Save Checkpoint] epoch: [97.0], Train: total:3083.65918, BCE:-15.35708, KLD:3099.01685,Test: total:12296.07422, BCE:-15.41028, KLD:12311.48438
=> saved checkpoint 'checkpoints_CNN/mnist_VAE_s20_v5_SE/last' (iter 26460, epoch 98.0)
=> saved checkpoint 'checkpoint_scores_CNN/mnist_VAE_s20_v5_SE/last' (iter 26460, epoch 98.0)
EarlyStopping counter: 24 out of 25
[Save Checkpoint] epoch: [98.0], Train: total:3083.01904, BCE:-15.36074, KLD:3098.38086,Test: total:12293.87402, BCE:-15.42276, KLD:12309.29785
=> saved checkpoint 'checkpoints_CNN/mnist_VAE_s20_v5_SE/last' (iter 26730, epoch 99.0)
=> saved checkpoint 'checkpoint_scores_CNN/mnist_VAE_s20_v5_SE/last' (iter 26730, epoch 99.0)
EarlyStopping counter: 25 out of 25
[Save Checkpoint] epoch: [99.0], Train: total:3082.71997, BCE:-15.37109, KLD:3098.09009,Test: total:12292.42480, BCE:-15.42913, KLD:12307.85547
Early stopping
[Training Finished]
All done !
