43
--gpu_devices 0 --max_iter 100 --batch_size 250 --use_scheduler True --lr 1e-3 --GMP True --z_struct_size 10 --is_encoder_struct True --big_kernel_size 8 --two_conv_layer True --three_conv_layer True --kernel_size_1 4 --kernel_size_2 4 --kernel_size_3 4 --BK_in_first_layer True --BK_in_second_layer False --BK_in_third_layer False --stride_size 1 --hidden_filters_layer1 128 --hidden_filters_layer2 128 --hidden_filters_layer3 128 --lambda_class 1 --ratio_reg False --lambda_ratio_reg 1 --loss_min_distance_cl True --lambda_var_distance 1 --loss_distance_mean False --lambda_distance_mean 1 --dataset_balanced True --binary_z True --binary_first_conv False --binary_second_conv True --binary_third_conv True --exp_name mnist_struct_min_scheduler_binary_2_4
Namespace(BK_in_first_layer=True, BK_in_second_layer=False, BK_in_third_layer=False, BN=False, C_max=25, C_stop_iter=100000.0, E1_AE=False, E1_VAE=False, E1_conv=False, E1_dense=False, E1_second_conv=False, E1_second_conv_adapt=False, GMP=True, IPC=False, L1_norm_act=False, L1_norm_weights=False, L3_without_random=False, LOG_DIR='logs', adapt_lr=False, add_classification_layer=True, add_linear_after_GMP=True, add_z_struct_bottleneck=False, alpha=32, batch_size=250, beta=1, beta1=0.9, beta2=0.999, big_kernel=False, big_kernel_size=8, binary_chain=False, binary_first_conv=False, binary_second_conv=True, binary_third_conv=True, binary_z=True, ckpt_dir='checkpoints_CNN', ckpt_dir_scores='checkpoint_scores_CNN', classif_layer_size=30, contrastive_loss=False, cuda=True, dataset='mnist', dataset_balanced=True, decoder_first_dense=36, decoder_kernel_size_1=4, decoder_kernel_size_2=3, decoder_kernel_size_3=4, decoder_n_filter_1=64, decoder_n_filter_2=64, decoder_n_filter_3=64, decoder_stride_1=2, decoder_stride_2=2, decoder_stride_3=1, diff_var=False, display_step=10000, dset_dir='data', exp_name='mnist_struct_min_scheduler_binary_2_4', freeze_Encoder=True, gamma=1000, gpu_devices=[0], hidden_filters_layer1=128, hidden_filters_layer2=128, hidden_filters_layer3=128, image_size=64, intra_class_variance_loss=False, is_C=True, is_E1=False, is_binary_structural_latent=False, is_custom_model=False, is_custom_model_BK=False, is_default_model=False, is_encoder_struct=True, is_noise_stats=False, is_partial_rand_class=False, is_perturbed_score=False, is_zvar_sim_loss=False, just_train=False, kernel_size=4, kernel_size_1=4, kernel_size_2=4, kernel_size_3=4, lambda_BCE=1, lambda_Kl_struct=1, lambda_Kl_var=1, lambda_L1=0.01, lambda_VAE=1, lambda_class=1.0, lambda_contrastive_loss=1, lambda_distance_mean=1.0, lambda_intra_class_var=1, lambda_partial_class=1, lambda_ratio_reg=1.0, lambda_recon_wt_rand=1, lambda_recons=1, lambda_var_distance=1.0, lambda_var_inter=1, lambda_var_intra=1, lambda_zvar_sim=1, latent_spec_cont=None, latent_spec_cont_class=None, latent_spec_cont_var=None, latent_spec_disc=None, latent_spec_disc_class=None, latent_spec_disc_var=None, log_level='info', loss='Proxy_Anchor', loss_distance_mean=False, loss_min_distance_cl=True, lr=0.001, max_iter=100.0, model='CNN', mrg=0.1, nb_epochs_train_only_zvar=0, num_workers=2, old_weighted=False, optimizer='adamw', other_architecture=False, other_ratio=False, random_percentage=0.2, random_seed=10, randomness=True, ratio_reg=False, remark='', save_step=10000, second_layer_C=False, seed=1, stride_size=1, sz_embedding=5, three_conv_layer=True, train=True, train_var_struct_alternatively=False, two_conv_layer=True, two_encoder=False, use_VAE=False, use_decoder=False, use_early_stopping=True, use_scheduler=True, use_structural_encoder=False, value_target_distance_mean=1, var_hidden_dim=256, var_hidden_filters_1=32, var_hidden_filters_2=32, var_hidden_filters_3=32, var_kernel_size_1=3, var_kernel_size_2=3, var_kernel_size_3=3, var_stride_size_1=1, var_stride_size_2=1, var_stride_size_3=1, var_three_conv_layer=False, warm=1, without_acc=False, z_struct_size=10, z_var_size=5, zeros_W_Classif=False, zvar_sim_change_zvar=False, zvar_sim_loss_for_all_model=False, zvar_sim_loss_only_for_encoder=False, zvar_sim_normal=False, zvar_sim_var_rand=False)
CUDA Visible devices !
[Using Seed: 10]
Balanced dataset loaded
use 1 gpu who named: Tesla V100-SXM2-32GB
=> loaded sample_scores and losses
=> no checkpoint found at 'checkpoints_CNN/mnist_struct_min_scheduler_binary_2_4/last'
Encoder_struct(
  (encoder_struct): Sequential(
    (0): Conv2d(1, 128, kernel_size=(8, 8), stride=(1, 1))
    (1): BatchNorm2d(128, eps=1e-05, momentum=0.1, affine=True, track_running_stats=True)
    (2): ReLU(inplace=True)
    (3): Conv2d(128, 128, kernel_size=(4, 4), stride=(1, 1))
    (4): BatchNorm2d(128, eps=1e-05, momentum=0.1, affine=True, track_running_stats=True)
    (5): DeterministicBinaryActivation(
      (act): Hardsigmoid(
        (act): Hardtanh(min_val=-1.0, max_val=1.0)
      )
    )
    (6): Conv2d(128, 10, kernel_size=(4, 4), stride=(1, 1))
    (7): BatchNorm2d(10, eps=1e-05, momentum=0.1, affine=True, track_running_stats=True)
    (8): DeterministicBinaryActivation(
      (act): Hardsigmoid(
        (act): Hardtanh(min_val=-1.0, max_val=1.0)
      )
    )
    (9): AdaptiveMaxPool2d(output_size=(1, 1))
    (10): View()
    (11): Linear(in_features=10, out_features=10, bias=True)
    (12): Softmax(dim=None)
  )
)
The number of parameters of model is 291724
=> saved checkpoint 'checkpoints_CNN/mnist_struct_min_scheduler_binary_2_4/last' (iter 270, epoch 1.0)
=> saved checkpoint 'checkpoint_scores_CNN/mnist_struct_min_scheduler_binary_2_4/last' (iter 270, epoch 1.0)
[Save Checkpoint] epoch: [1.0], Train score:12.76333, Test score:11.56000, train loss:2.20344, test loss:2.20125, ratio_train_loss:0.00000,ratio_test_loss:0.00000, var distance inter class train:0.00345,var distance inter class test:0.00169
=> saved checkpoint 'checkpoints_CNN/mnist_struct_min_scheduler_binary_2_4/last' (iter 540, epoch 2.0)
=> saved checkpoint 'checkpoint_scores_CNN/mnist_struct_min_scheduler_binary_2_4/last' (iter 540, epoch 2.0)
[Save Checkpoint] epoch: [2.0], Train score:18.36500, Test score:18.17000, train loss:2.20396, test loss:2.20267, ratio_train_loss:0.00000,ratio_test_loss:0.00000, var distance inter class train:0.03071,var distance inter class test:0.03345
=> saved checkpoint 'checkpoints_CNN/mnist_struct_min_scheduler_binary_2_4/last' (iter 810, epoch 3.0)
=> saved checkpoint 'checkpoint_scores_CNN/mnist_struct_min_scheduler_binary_2_4/last' (iter 810, epoch 3.0)
[Save Checkpoint] epoch: [3.0], Train score:33.02667, Test score:30.75000, train loss:2.13832, test loss:2.12727, ratio_train_loss:0.00000,ratio_test_loss:0.00000, var distance inter class train:0.05526,var distance inter class test:0.05344
=> saved checkpoint 'checkpoints_CNN/mnist_struct_min_scheduler_binary_2_4/last' (iter 1080, epoch 4.0)
=> saved checkpoint 'checkpoint_scores_CNN/mnist_struct_min_scheduler_binary_2_4/last' (iter 1080, epoch 4.0)
[Save Checkpoint] epoch: [4.0], Train score:45.05000, Test score:40.62000, train loss:2.05182, test loss:2.03921, ratio_train_loss:0.00000,ratio_test_loss:0.00000, var distance inter class train:0.04672,var distance inter class test:0.03509
=> saved checkpoint 'checkpoints_CNN/mnist_struct_min_scheduler_binary_2_4/last' (iter 1350, epoch 5.0)
=> saved checkpoint 'checkpoint_scores_CNN/mnist_struct_min_scheduler_binary_2_4/last' (iter 1350, epoch 5.0)
[Save Checkpoint] epoch: [5.0], Train score:49.08000, Test score:44.93000, train loss:2.00004, test loss:1.98194, ratio_train_loss:0.00000,ratio_test_loss:0.00000, var distance inter class train:0.04564,var distance inter class test:0.03710
=> saved checkpoint 'checkpoints_CNN/mnist_struct_min_scheduler_binary_2_4/last' (iter 1620, epoch 6.0)
=> saved checkpoint 'checkpoint_scores_CNN/mnist_struct_min_scheduler_binary_2_4/last' (iter 1620, epoch 6.0)
EarlyStopping counter: 1 out of 20
[Save Checkpoint] epoch: [6.0], Train score:51.75500, Test score:47.02000, train loss:1.99177, test loss:1.97499, ratio_train_loss:0.00000,ratio_test_loss:0.00000, var distance inter class train:0.05972,var distance inter class test:0.05019
=> saved checkpoint 'checkpoints_CNN/mnist_struct_min_scheduler_binary_2_4/last' (iter 1890, epoch 7.0)
=> saved checkpoint 'checkpoint_scores_CNN/mnist_struct_min_scheduler_binary_2_4/last' (iter 1890, epoch 7.0)
[Save Checkpoint] epoch: [7.0], Train score:60.22833, Test score:54.38000, train loss:1.91198, test loss:1.89484, ratio_train_loss:0.00000,ratio_test_loss:0.00000, var distance inter class train:0.05550,var distance inter class test:0.04390
=> saved checkpoint 'checkpoints_CNN/mnist_struct_min_scheduler_binary_2_4/last' (iter 2160, epoch 8.0)
=> saved checkpoint 'checkpoint_scores_CNN/mnist_struct_min_scheduler_binary_2_4/last' (iter 2160, epoch 8.0)
EarlyStopping counter: 1 out of 20
[Save Checkpoint] epoch: [8.0], Train score:57.31000, Test score:52.15000, train loss:1.94389, test loss:1.92168, ratio_train_loss:0.00000,ratio_test_loss:0.00000, var distance inter class train:0.06154,var distance inter class test:0.04875
=> saved checkpoint 'checkpoints_CNN/mnist_struct_min_scheduler_binary_2_4/last' (iter 2430, epoch 9.0)
=> saved checkpoint 'checkpoint_scores_CNN/mnist_struct_min_scheduler_binary_2_4/last' (iter 2430, epoch 9.0)
[Save Checkpoint] epoch: [9.0], Train score:59.48000, Test score:53.33000, train loss:1.89999, test loss:1.88241, ratio_train_loss:0.00000,ratio_test_loss:0.00000, var distance inter class train:0.05440,var distance inter class test:0.04186
=> saved checkpoint 'checkpoints_CNN/mnist_struct_min_scheduler_binary_2_4/last' (iter 2700, epoch 10.0)
=> saved checkpoint 'checkpoint_scores_CNN/mnist_struct_min_scheduler_binary_2_4/last' (iter 2700, epoch 10.0)
[Save Checkpoint] epoch: [10.0], Train score:61.49500, Test score:54.76000, train loss:1.87324, test loss:1.85654, ratio_train_loss:0.00000,ratio_test_loss:0.00000, var distance inter class train:0.04960,var distance inter class test:0.03450
=> saved checkpoint 'checkpoints_CNN/mnist_struct_min_scheduler_binary_2_4/last' (iter 2970, epoch 11.0)
=> saved checkpoint 'checkpoint_scores_CNN/mnist_struct_min_scheduler_binary_2_4/last' (iter 2970, epoch 11.0)
EarlyStopping counter: 1 out of 20
[Save Checkpoint] epoch: [11.0], Train score:59.88667, Test score:54.27000, train loss:1.88236, test loss:1.85995, ratio_train_loss:0.00000,ratio_test_loss:0.00000, var distance inter class train:0.04386,var distance inter class test:0.02940
=> saved checkpoint 'checkpoints_CNN/mnist_struct_min_scheduler_binary_2_4/last' (iter 3240, epoch 12.0)
=> saved checkpoint 'checkpoint_scores_CNN/mnist_struct_min_scheduler_binary_2_4/last' (iter 3240, epoch 12.0)
[Save Checkpoint] epoch: [12.0], Train score:60.14500, Test score:54.52000, train loss:1.87885, test loss:1.85681, ratio_train_loss:0.00000,ratio_test_loss:0.00000, var distance inter class train:0.04930,var distance inter class test:0.03836
=> saved checkpoint 'checkpoints_CNN/mnist_struct_min_scheduler_binary_2_4/last' (iter 3510, epoch 13.0)
=> saved checkpoint 'checkpoint_scores_CNN/mnist_struct_min_scheduler_binary_2_4/last' (iter 3510, epoch 13.0)
[Save Checkpoint] epoch: [13.0], Train score:63.41000, Test score:56.47000, train loss:1.84820, test loss:1.83346, ratio_train_loss:0.00000,ratio_test_loss:0.00000, var distance inter class train:0.05115,var distance inter class test:0.03837
=> saved checkpoint 'checkpoints_CNN/mnist_struct_min_scheduler_binary_2_4/last' (iter 3780, epoch 14.0)
=> saved checkpoint 'checkpoint_scores_CNN/mnist_struct_min_scheduler_binary_2_4/last' (iter 3780, epoch 14.0)
[Save Checkpoint] epoch: [14.0], Train score:65.85167, Test score:58.50000, train loss:1.81609, test loss:1.80382, ratio_train_loss:0.00000,ratio_test_loss:0.00000, var distance inter class train:0.04549,var distance inter class test:0.03378
=> saved checkpoint 'checkpoints_CNN/mnist_struct_min_scheduler_binary_2_4/last' (iter 4050, epoch 15.0)
=> saved checkpoint 'checkpoint_scores_CNN/mnist_struct_min_scheduler_binary_2_4/last' (iter 4050, epoch 15.0)
[Save Checkpoint] epoch: [15.0], Train score:65.14333, Test score:58.85000, train loss:1.81825, test loss:1.80144, ratio_train_loss:0.00000,ratio_test_loss:0.00000, var distance inter class train:0.04506,var distance inter class test:0.03386
=> saved checkpoint 'checkpoints_CNN/mnist_struct_min_scheduler_binary_2_4/last' (iter 4320, epoch 16.0)
=> saved checkpoint 'checkpoint_scores_CNN/mnist_struct_min_scheduler_binary_2_4/last' (iter 4320, epoch 16.0)
EarlyStopping counter: 1 out of 20
[Save Checkpoint] epoch: [16.0], Train score:63.96000, Test score:57.41000, train loss:1.82501, test loss:1.80777, ratio_train_loss:0.00000,ratio_test_loss:0.00000, var distance inter class train:0.04124,var distance inter class test:0.02820
=> saved checkpoint 'checkpoints_CNN/mnist_struct_min_scheduler_binary_2_4/last' (iter 4590, epoch 17.0)
=> saved checkpoint 'checkpoint_scores_CNN/mnist_struct_min_scheduler_binary_2_4/last' (iter 4590, epoch 17.0)
EarlyStopping counter: 2 out of 20
[Save Checkpoint] epoch: [17.0], Train score:64.24500, Test score:57.22000, train loss:1.82894, test loss:1.81421, ratio_train_loss:0.00000,ratio_test_loss:0.00000, var distance inter class train:0.04207,var distance inter class test:0.02754
=> saved checkpoint 'checkpoints_CNN/mnist_struct_min_scheduler_binary_2_4/last' (iter 4860, epoch 18.0)
=> saved checkpoint 'checkpoint_scores_CNN/mnist_struct_min_scheduler_binary_2_4/last' (iter 4860, epoch 18.0)
EarlyStopping counter: 3 out of 20
[Save Checkpoint] epoch: [18.0], Train score:63.76167, Test score:56.65000, train loss:1.83403, test loss:1.82292, ratio_train_loss:0.00000,ratio_test_loss:0.00000, var distance inter class train:0.04574,var distance inter class test:0.03523
=> saved checkpoint 'checkpoints_CNN/mnist_struct_min_scheduler_binary_2_4/last' (iter 5130, epoch 19.0)
=> saved checkpoint 'checkpoint_scores_CNN/mnist_struct_min_scheduler_binary_2_4/last' (iter 5130, epoch 19.0)
EarlyStopping counter: 4 out of 20
[Save Checkpoint] epoch: [19.0], Train score:61.69167, Test score:55.80000, train loss:1.84536, test loss:1.82430, ratio_train_loss:0.00000,ratio_test_loss:0.00000, var distance inter class train:0.04217,var distance inter class test:0.02986
Epoch    20: reducing learning rate of group 0 to 2.0000e-04.
=> saved checkpoint 'checkpoints_CNN/mnist_struct_min_scheduler_binary_2_4/last' (iter 5400, epoch 20.0)
=> saved checkpoint 'checkpoint_scores_CNN/mnist_struct_min_scheduler_binary_2_4/last' (iter 5400, epoch 20.0)
EarlyStopping counter: 5 out of 20
[Save Checkpoint] epoch: [20.0], Train score:64.92000, Test score:57.50000, train loss:1.82064, test loss:1.81237, ratio_train_loss:0.00000,ratio_test_loss:0.00000, var distance inter class train:0.04708,var distance inter class test:0.03723
=> saved checkpoint 'checkpoints_CNN/mnist_struct_min_scheduler_binary_2_4/last' (iter 5670, epoch 21.0)
=> saved checkpoint 'checkpoint_scores_CNN/mnist_struct_min_scheduler_binary_2_4/last' (iter 5670, epoch 21.0)
EarlyStopping counter: 6 out of 20
[Save Checkpoint] epoch: [21.0], Train score:65.77167, Test score:58.36000, train loss:1.80492, test loss:1.79454, ratio_train_loss:0.00000,ratio_test_loss:0.00000, var distance inter class train:0.03518,var distance inter class test:0.02352
=> saved checkpoint 'checkpoints_CNN/mnist_struct_min_scheduler_binary_2_4/last' (iter 5940, epoch 22.0)
=> saved checkpoint 'checkpoint_scores_CNN/mnist_struct_min_scheduler_binary_2_4/last' (iter 5940, epoch 22.0)
[Save Checkpoint] epoch: [22.0], Train score:66.10500, Test score:59.01000, train loss:1.80492, test loss:1.79409, ratio_train_loss:0.00000,ratio_test_loss:0.00000, var distance inter class train:0.03710,var distance inter class test:0.02695
=> saved checkpoint 'checkpoints_CNN/mnist_struct_min_scheduler_binary_2_4/last' (iter 6210, epoch 23.0)
=> saved checkpoint 'checkpoint_scores_CNN/mnist_struct_min_scheduler_binary_2_4/last' (iter 6210, epoch 23.0)
[Save Checkpoint] epoch: [23.0], Train score:66.06667, Test score:58.56000, train loss:1.80499, test loss:1.79561, ratio_train_loss:0.00000,ratio_test_loss:0.00000, var distance inter class train:0.03649,var distance inter class test:0.02407
=> saved checkpoint 'checkpoints_CNN/mnist_struct_min_scheduler_binary_2_4/last' (iter 6480, epoch 24.0)
=> saved checkpoint 'checkpoint_scores_CNN/mnist_struct_min_scheduler_binary_2_4/last' (iter 6480, epoch 24.0)
EarlyStopping counter: 1 out of 20
[Save Checkpoint] epoch: [24.0], Train score:65.74167, Test score:58.90000, train loss:1.80901, test loss:1.79402, ratio_train_loss:0.00000,ratio_test_loss:0.00000, var distance inter class train:0.03510,var distance inter class test:0.02178
=> saved checkpoint 'checkpoints_CNN/mnist_struct_min_scheduler_binary_2_4/last' (iter 6750, epoch 25.0)
=> saved checkpoint 'checkpoint_scores_CNN/mnist_struct_min_scheduler_binary_2_4/last' (iter 6750, epoch 25.0)
EarlyStopping counter: 2 out of 20
[Save Checkpoint] epoch: [25.0], Train score:65.61667, Test score:58.60000, train loss:1.80791, test loss:1.79663, ratio_train_loss:0.00000,ratio_test_loss:0.00000, var distance inter class train:0.03744,var distance inter class test:0.02543
=> saved checkpoint 'checkpoints_CNN/mnist_struct_min_scheduler_binary_2_4/last' (iter 7020, epoch 26.0)
=> saved checkpoint 'checkpoint_scores_CNN/mnist_struct_min_scheduler_binary_2_4/last' (iter 7020, epoch 26.0)
EarlyStopping counter: 3 out of 20
[Save Checkpoint] epoch: [26.0], Train score:65.85167, Test score:58.24000, train loss:1.80543, test loss:1.79727, ratio_train_loss:0.00000,ratio_test_loss:0.00000, var distance inter class train:0.03467,var distance inter class test:0.02322
=> saved checkpoint 'checkpoints_CNN/mnist_struct_min_scheduler_binary_2_4/last' (iter 7290, epoch 27.0)
=> saved checkpoint 'checkpoint_scores_CNN/mnist_struct_min_scheduler_binary_2_4/last' (iter 7290, epoch 27.0)
[Save Checkpoint] epoch: [27.0], Train score:66.21333, Test score:58.57000, train loss:1.80316, test loss:1.79406, ratio_train_loss:0.00000,ratio_test_loss:0.00000, var distance inter class train:0.03611,var distance inter class test:0.02413
=> saved checkpoint 'checkpoints_CNN/mnist_struct_min_scheduler_binary_2_4/last' (iter 7560, epoch 28.0)
=> saved checkpoint 'checkpoint_scores_CNN/mnist_struct_min_scheduler_binary_2_4/last' (iter 7560, epoch 28.0)
EarlyStopping counter: 1 out of 20
[Save Checkpoint] epoch: [28.0], Train score:65.77500, Test score:58.19000, train loss:1.80718, test loss:1.79683, ratio_train_loss:0.00000,ratio_test_loss:0.00000, var distance inter class train:0.03532,var distance inter class test:0.02346
=> saved checkpoint 'checkpoints_CNN/mnist_struct_min_scheduler_binary_2_4/last' (iter 7830, epoch 29.0)
=> saved checkpoint 'checkpoint_scores_CNN/mnist_struct_min_scheduler_binary_2_4/last' (iter 7830, epoch 29.0)
EarlyStopping counter: 2 out of 20
[Save Checkpoint] epoch: [29.0], Train score:66.24833, Test score:58.86000, train loss:1.80060, test loss:1.79345, ratio_train_loss:0.00000,ratio_test_loss:0.00000, var distance inter class train:0.03709,var distance inter class test:0.02816
=> saved checkpoint 'checkpoints_CNN/mnist_struct_min_scheduler_binary_2_4/last' (iter 8100, epoch 30.0)
=> saved checkpoint 'checkpoint_scores_CNN/mnist_struct_min_scheduler_binary_2_4/last' (iter 8100, epoch 30.0)
EarlyStopping counter: 3 out of 20
[Save Checkpoint] epoch: [30.0], Train score:65.94333, Test score:58.39000, train loss:1.80201, test loss:1.79460, ratio_train_loss:0.00000,ratio_test_loss:0.00000, var distance inter class train:0.03367,var distance inter class test:0.02165
=> saved checkpoint 'checkpoints_CNN/mnist_struct_min_scheduler_binary_2_4/last' (iter 8370, epoch 31.0)
=> saved checkpoint 'checkpoint_scores_CNN/mnist_struct_min_scheduler_binary_2_4/last' (iter 8370, epoch 31.0)
EarlyStopping counter: 4 out of 20
[Save Checkpoint] epoch: [31.0], Train score:66.40000, Test score:59.07000, train loss:1.79677, test loss:1.78673, ratio_train_loss:0.00000,ratio_test_loss:0.00000, var distance inter class train:0.03430,var distance inter class test:0.02330
Epoch    32: reducing learning rate of group 0 to 4.0000e-05.
=> saved checkpoint 'checkpoints_CNN/mnist_struct_min_scheduler_binary_2_4/last' (iter 8640, epoch 32.0)
=> saved checkpoint 'checkpoint_scores_CNN/mnist_struct_min_scheduler_binary_2_4/last' (iter 8640, epoch 32.0)
EarlyStopping counter: 5 out of 20
[Save Checkpoint] epoch: [32.0], Train score:65.58833, Test score:57.91000, train loss:1.80555, test loss:1.79814, ratio_train_loss:0.00000,ratio_test_loss:0.00000, var distance inter class train:0.03276,var distance inter class test:0.02079
=> saved checkpoint 'checkpoints_CNN/mnist_struct_min_scheduler_binary_2_4/last' (iter 8910, epoch 33.0)
=> saved checkpoint 'checkpoint_scores_CNN/mnist_struct_min_scheduler_binary_2_4/last' (iter 8910, epoch 33.0)
EarlyStopping counter: 6 out of 20
[Save Checkpoint] epoch: [33.0], Train score:66.76500, Test score:59.18000, train loss:1.79095, test loss:1.78392, ratio_train_loss:0.00000,ratio_test_loss:0.00000, var distance inter class train:0.03174,var distance inter class test:0.02071
=> saved checkpoint 'checkpoints_CNN/mnist_struct_min_scheduler_binary_2_4/last' (iter 9180, epoch 34.0)
=> saved checkpoint 'checkpoint_scores_CNN/mnist_struct_min_scheduler_binary_2_4/last' (iter 9180, epoch 34.0)
[Save Checkpoint] epoch: [34.0], Train score:66.74500, Test score:58.98000, train loss:1.79157, test loss:1.78471, ratio_train_loss:0.00000,ratio_test_loss:0.00000, var distance inter class train:0.03313,var distance inter class test:0.02278
=> saved checkpoint 'checkpoints_CNN/mnist_struct_min_scheduler_binary_2_4/last' (iter 9450, epoch 35.0)
=> saved checkpoint 'checkpoint_scores_CNN/mnist_struct_min_scheduler_binary_2_4/last' (iter 9450, epoch 35.0)
[Save Checkpoint] epoch: [35.0], Train score:66.84833, Test score:59.04000, train loss:1.79209, test loss:1.78502, ratio_train_loss:0.00000,ratio_test_loss:0.00000, var distance inter class train:0.03317,var distance inter class test:0.02173
=> saved checkpoint 'checkpoints_CNN/mnist_struct_min_scheduler_binary_2_4/last' (iter 9720, epoch 36.0)
=> saved checkpoint 'checkpoint_scores_CNN/mnist_struct_min_scheduler_binary_2_4/last' (iter 9720, epoch 36.0)
[Save Checkpoint] epoch: [36.0], Train score:66.95500, Test score:59.12000, train loss:1.78947, test loss:1.78486, ratio_train_loss:0.00000,ratio_test_loss:0.00000, var distance inter class train:0.03229,var distance inter class test:0.02177
=> saved checkpoint 'checkpoints_CNN/mnist_struct_min_scheduler_binary_2_4/last' (iter 9990, epoch 37.0)
=> saved checkpoint 'checkpoint_scores_CNN/mnist_struct_min_scheduler_binary_2_4/last' (iter 9990, epoch 37.0)
[Save Checkpoint] epoch: [37.0], Train score:66.96000, Test score:59.30000, train loss:1.79206, test loss:1.78487, ratio_train_loss:0.00000,ratio_test_loss:0.00000, var distance inter class train:0.03283,var distance inter class test:0.02159
=> saved checkpoint 'checkpoints_CNN/mnist_struct_min_scheduler_binary_2_4/last' (iter 10260, epoch 38.0)
=> saved checkpoint 'checkpoint_scores_CNN/mnist_struct_min_scheduler_binary_2_4/last' (iter 10260, epoch 38.0)
EarlyStopping counter: 1 out of 20
[Save Checkpoint] epoch: [38.0], Train score:67.00667, Test score:59.07000, train loss:1.78974, test loss:1.78444, ratio_train_loss:0.00000,ratio_test_loss:0.00000, var distance inter class train:0.03206,var distance inter class test:0.02189
=> saved checkpoint 'checkpoints_CNN/mnist_struct_min_scheduler_binary_2_4/last' (iter 10530, epoch 39.0)
=> saved checkpoint 'checkpoint_scores_CNN/mnist_struct_min_scheduler_binary_2_4/last' (iter 10530, epoch 39.0)
EarlyStopping counter: 2 out of 20
[Save Checkpoint] epoch: [39.0], Train score:67.04167, Test score:59.24000, train loss:1.78951, test loss:1.78392, ratio_train_loss:0.00000,ratio_test_loss:0.00000, var distance inter class train:0.03245,var distance inter class test:0.02216
=> saved checkpoint 'checkpoints_CNN/mnist_struct_min_scheduler_binary_2_4/last' (iter 10800, epoch 40.0)
=> saved checkpoint 'checkpoint_scores_CNN/mnist_struct_min_scheduler_binary_2_4/last' (iter 10800, epoch 40.0)
EarlyStopping counter: 3 out of 20
[Save Checkpoint] epoch: [40.0], Train score:66.95167, Test score:59.20000, train loss:1.78920, test loss:1.78354, ratio_train_loss:0.00000,ratio_test_loss:0.00000, var distance inter class train:0.03205,var distance inter class test:0.02157
=> saved checkpoint 'checkpoints_CNN/mnist_struct_min_scheduler_binary_2_4/last' (iter 11070, epoch 41.0)
=> saved checkpoint 'checkpoint_scores_CNN/mnist_struct_min_scheduler_binary_2_4/last' (iter 11070, epoch 41.0)
EarlyStopping counter: 4 out of 20
[Save Checkpoint] epoch: [41.0], Train score:66.92167, Test score:59.12000, train loss:1.79011, test loss:1.78469, ratio_train_loss:0.00000,ratio_test_loss:0.00000, var distance inter class train:0.03274,var distance inter class test:0.02268
Epoch    42: reducing learning rate of group 0 to 8.0000e-06.
=> saved checkpoint 'checkpoints_CNN/mnist_struct_min_scheduler_binary_2_4/last' (iter 11340, epoch 42.0)
=> saved checkpoint 'checkpoint_scores_CNN/mnist_struct_min_scheduler_binary_2_4/last' (iter 11340, epoch 42.0)
EarlyStopping counter: 5 out of 20
[Save Checkpoint] epoch: [42.0], Train score:66.77333, Test score:58.90000, train loss:1.79162, test loss:1.78625, ratio_train_loss:0.00000,ratio_test_loss:0.00000, var distance inter class train:0.03327,var distance inter class test:0.02265
=> saved checkpoint 'checkpoints_CNN/mnist_struct_min_scheduler_binary_2_4/last' (iter 11610, epoch 43.0)
=> saved checkpoint 'checkpoint_scores_CNN/mnist_struct_min_scheduler_binary_2_4/last' (iter 11610, epoch 43.0)
EarlyStopping counter: 6 out of 20
[Save Checkpoint] epoch: [43.0], Train score:67.05167, Test score:59.13000, train loss:1.78861, test loss:1.78396, ratio_train_loss:0.00000,ratio_test_loss:0.00000, var distance inter class train:0.03234,var distance inter class test:0.02198
=> saved checkpoint 'checkpoints_CNN/mnist_struct_min_scheduler_binary_2_4/last' (iter 11880, epoch 44.0)
=> saved checkpoint 'checkpoint_scores_CNN/mnist_struct_min_scheduler_binary_2_4/last' (iter 11880, epoch 44.0)
EarlyStopping counter: 7 out of 20
[Save Checkpoint] epoch: [44.0], Train score:67.00667, Test score:59.03000, train loss:1.78935, test loss:1.78549, ratio_train_loss:0.00000,ratio_test_loss:0.00000, var distance inter class train:0.03247,var distance inter class test:0.02184
