2
--gpu_devices 0 --max_iter 100 --batch_size 250 --use_scheduler True --lr 1e-3 --GMP True --z_struct_size 10 --is_VAE True --is_encoder_struct False --lambda_BCE 1 --beta 1 --big_kernel_size 8 --two_conv_layer True --three_conv_layer True --kernel_size_1 4 --kernel_size_2 4 --kernel_size_3 4 --BK_in_first_layer True --BK_in_second_layer False --BK_in_third_layer False --stride_size 1 --hidden_filters_layer1 64 --hidden_filters_layer2 64 --hidden_filters_layer3 64 --dataset_balanced True --binary_z True --binary_first_conv False --binary_second_conv False --binary_third_conv True --z_var_size 15 --z_struct_size 15 --use_small_lr_encoder_var True --encoder_var_name mnist_vae_var_2cb_15 --encoder_struct_name mnist_struct_baseline_scheduler_binary_15 --both_decoders_freeze True --freeze_Encoder True --exp_name mnist_VAE_s15_v15_BF_test
Namespace(BK_in_first_layer=True, BK_in_second_layer=False, BK_in_third_layer=False, BN=False, C_max=25, C_stop_iter=100000.0, E1_AE=False, E1_VAE=False, E1_conv=False, E1_dense=False, E1_second_conv=False, E1_second_conv_adapt=False, GMP=True, Hmg_dst_loss=False, IPC=False, L1_norm_act=False, L1_norm_weights=False, L3_without_random=False, LOG_DIR='logs', adapt_lr=False, add_classification_layer=True, add_linear_after_GMP=True, add_z_struct_bottleneck=False, alpha=32, batch_size=250, beta=1.0, beta1=0.9, beta2=0.999, big_kernel=False, big_kernel_size=8, binary_chain=False, binary_first_conv=False, binary_second_conv=False, binary_third_conv=True, binary_z=True, both_decoders_freeze=True, ckpt_dir='checkpoints_CNN', ckpt_dir_scores='checkpoint_scores_CNN', classif_layer_size=30, contrastive_loss=False, cuda=True, dataset='mnist', dataset_balanced=True, decoder_first_dense=36, decoder_kernel_size_1=4, decoder_kernel_size_2=3, decoder_kernel_size_3=4, decoder_n_filter_1=64, decoder_n_filter_2=64, decoder_n_filter_3=64, decoder_stride_1=2, decoder_stride_2=2, decoder_stride_3=1, diff_var=False, display_step=10000, dset_dir='data', encoder_struct_name='mnist_struct_baseline_scheduler_binary_15', encoder_var_name='mnist_vae_var_2cb_15', exp_name='mnist_VAE_s15_v15_BF_test', freeze_Encoder=True, gamma=1000, gpu_devices=[0], hidden_filters_layer1=64, hidden_filters_layer2=64, hidden_filters_layer3=64, image_size=64, intra_class_variance_loss=False, is_C=True, is_E1=False, is_VAE=True, is_VAE_var=False, is_binary_structural_latent=False, is_custom_model=False, is_custom_model_BK=False, is_default_model=False, is_encoder_struct=False, is_noise_stats=False, is_partial_rand_class=False, is_perturbed_score=False, is_zvar_sim_loss=False, just_train=False, kernel_size=4, kernel_size_1=4, kernel_size_2=4, kernel_size_3=4, lambda_BCE=1.0, lambda_Kl_struct=1, lambda_Kl_var=1, lambda_L1=0.01, lambda_VAE=1, lambda_class=1, lambda_contrastive_loss=1, lambda_distance_mean=1, lambda_hmg_dst=1, lambda_intra_class_var=1, lambda_partial_class=1, lambda_ratio_reg=1, lambda_recon_wt_rand=1, lambda_recons=1, lambda_uniq_code_dst=1, lambda_var_distance=1, lambda_var_inter=1, lambda_var_intra=1, lambda_zvar_sim=1, latent_spec_cont=None, latent_spec_cont_class=None, latent_spec_cont_var=None, latent_spec_disc=None, latent_spec_disc_class=None, latent_spec_disc_var=None, log_level='info', loss='Proxy_Anchor', loss_distance_mean=False, loss_min_distance_cl=False, lr=0.001, max_epoch_use_uniq_code_target=5, max_iter=100.0, model='CNN', mrg=0.1, nb_epochs_train_only_zvar=0, num_workers=2, old_weighted=False, optimizer='adamw', other_architecture=False, other_ratio=False, random_percentage=0.2, random_seed=10, randomness=True, ratio_reg=False, remark='', save_step=10000, second_layer_C=False, seed=1, stride_size=1, sz_embedding=5, three_conv_layer=True, train=True, train_var_struct_alternatively=False, two_conv_layer=True, two_encoder=False, uniq_code_dst_loss=False, use_VAE=False, use_decoder=False, use_early_stopping=True, use_scheduler=True, use_small_lr_encoder_var=True, use_structural_encoder=False, value_target_distance_mean=1, var_hidden_dim=256, var_hidden_filters_1=32, var_hidden_filters_2=32, var_hidden_filters_3=32, var_kernel_size_1=3, var_kernel_size_2=3, var_kernel_size_3=3, var_second_cnn_block=False, var_stride_size_1=1, var_stride_size_2=1, var_stride_size_3=1, var_third_cnn_block=False, var_three_conv_layer=False, warm=1, without_acc=False, z_struct_size=15, z_var_size=15, zeros_W_Classif=False, zvar_sim_change_zvar=False, zvar_sim_loss_for_all_model=False, zvar_sim_loss_only_for_encoder=False, zvar_sim_normal=False, zvar_sim_var_rand=False)
CUDA Visible devices !
[Using Seed: 10]
Balanced dataset loaded
use 1 gpu who named: Tesla V100-SXM2-32GB
=> no checkpoint found at 'checkpoints_CNN/mnist_VAE_s15_v15_BF_test/last'
VAE doesn't exist but encoder var yes ! load var encoder weighs !
use 1 gpu who named: Tesla V100-SXM2-32GB
Weighs loaded for var encoder !
VAE doesn't exist but encoder struct yes ! load struct encoder weighs !
use 1 gpu who named: Tesla V100-SXM2-32GB
Weighs loaded for struct encoder !
VAE(
  (encoder_struct): Sequential(
    (0): Conv2d(1, 64, kernel_size=(8, 8), stride=(1, 1))
    (1): BatchNorm2d(64, eps=1e-05, momentum=0.1, affine=True, track_running_stats=True)
    (2): ReLU(inplace=True)
    (3): Conv2d(64, 64, kernel_size=(4, 4), stride=(1, 1))
    (4): BatchNorm2d(64, eps=1e-05, momentum=0.1, affine=True, track_running_stats=True)
    (5): ReLU(inplace=True)
    (6): Conv2d(64, 15, kernel_size=(4, 4), stride=(1, 1))
    (7): DeterministicBinaryActivation(
      (act): Hardsigmoid(
        (act): Hardtanh(min_val=-1.0, max_val=1.0)
      )
    )
    (8): AdaptiveMaxPool2d(output_size=(1, 1))
    (9): View()
  )
  (encoder_var): Sequential(
    (0): Conv2d(1, 32, kernel_size=(3, 3), stride=(1, 1))
    (1): ReLU(inplace=True)
    (2): BatchNorm2d(32, eps=1e-05, momentum=0.1, affine=True, track_running_stats=True)
    (3): Conv2d(32, 32, kernel_size=(3, 3), stride=(1, 1))
    (4): ReLU(inplace=True)
    (5): BatchNorm2d(32, eps=1e-05, momentum=0.1, affine=True, track_running_stats=True)
    (6): Conv2d(32, 32, kernel_size=(5, 5), stride=(2, 2), padding=(2, 2))
    (7): ReLU(inplace=True)
    (8): BatchNorm2d(32, eps=1e-05, momentum=0.1, affine=True, track_running_stats=True)
    (9): Dropout(p=0.4, inplace=False)
    (10): View()
    (11): Linear(in_features=6272, out_features=30, bias=True)
  )
  (decoder): Sequential(
    (0): Linear(in_features=30, out_features=6272, bias=True)
    (1): ReLU(inplace=True)
    (2): View()
    (3): ConvTranspose2d(32, 32, kernel_size=(4, 4), stride=(2, 2), padding=(1, 1))
    (4): ReLU(inplace=True)
    (5): ConvTranspose2d(32, 32, kernel_size=(3, 3), stride=(1, 1))
    (6): ReLU(inplace=True)
    (7): ConvTranspose2d(32, 1, kernel_size=(3, 3), stride=(1, 1))
    (8): Sigmoid()
  )
)
The number of parameters of model is 529358
use smaller lr for encoder var !
=> saved checkpoint 'checkpoints_CNN/mnist_VAE_s15_v15_BF_test/last' (iter 270, epoch 1.0)
=> saved checkpoint 'checkpoint_scores_CNN/mnist_VAE_s15_v15_BF_test/last' (iter 270, epoch 1.0)
[Save Checkpoint] epoch: [1.0], Train: total:7703.30908, BCE:6.42977, KLD:7696.88135,Test: total:30568.02539, BCE:6.66467, KLD:30561.35938
=> saved checkpoint 'checkpoints_CNN/mnist_VAE_s15_v15_BF_test/last' (iter 540, epoch 2.0)
=> saved checkpoint 'checkpoint_scores_CNN/mnist_VAE_s15_v15_BF_test/last' (iter 540, epoch 2.0)
EarlyStopping counter: 1 out of 25
[Save Checkpoint] epoch: [2.0], Train: total:7703.36963, BCE:6.49045, KLD:7696.88135,Test: total:30568.10352, BCE:6.74066, KLD:30561.35938
=> saved checkpoint 'checkpoints_CNN/mnist_VAE_s15_v15_BF_test/last' (iter 810, epoch 3.0)
=> saved checkpoint 'checkpoint_scores_CNN/mnist_VAE_s15_v15_BF_test/last' (iter 810, epoch 3.0)
[Save Checkpoint] epoch: [3.0], Train: total:7703.37598, BCE:6.49923, KLD:7696.88135,Test: total:30568.16211, BCE:6.80280, KLD:30561.35938
=> saved checkpoint 'checkpoints_CNN/mnist_VAE_s15_v15_BF_test/last' (iter 1080, epoch 4.0)
=> saved checkpoint 'checkpoint_scores_CNN/mnist_VAE_s15_v15_BF_test/last' (iter 1080, epoch 4.0)
EarlyStopping counter: 1 out of 25
[Save Checkpoint] epoch: [4.0], Train: total:7703.38721, BCE:6.50774, KLD:7696.88135,Test: total:30568.09961, BCE:6.74033, KLD:30561.35938
=> saved checkpoint 'checkpoints_CNN/mnist_VAE_s15_v15_BF_test/last' (iter 1350, epoch 5.0)
=> saved checkpoint 'checkpoint_scores_CNN/mnist_VAE_s15_v15_BF_test/last' (iter 1350, epoch 5.0)
EarlyStopping counter: 2 out of 25
[Save Checkpoint] epoch: [5.0], Train: total:7703.38281, BCE:6.50029, KLD:7696.88135,Test: total:30568.12500, BCE:6.76544, KLD:30561.35938
=> saved checkpoint 'checkpoints_CNN/mnist_VAE_s15_v15_BF_test/last' (iter 1620, epoch 6.0)
=> saved checkpoint 'checkpoint_scores_CNN/mnist_VAE_s15_v15_BF_test/last' (iter 1620, epoch 6.0)
EarlyStopping counter: 3 out of 25
[Save Checkpoint] epoch: [6.0], Train: total:7703.36523, BCE:6.48414, KLD:7696.88135,Test: total:30568.14453, BCE:6.78553, KLD:30561.35938
=> saved checkpoint 'checkpoints_CNN/mnist_VAE_s15_v15_BF_test/last' (iter 1890, epoch 7.0)
=> saved checkpoint 'checkpoint_scores_CNN/mnist_VAE_s15_v15_BF_test/last' (iter 1890, epoch 7.0)
[Save Checkpoint] epoch: [7.0], Train: total:7703.37012, BCE:6.49162, KLD:7696.88135,Test: total:30568.12891, BCE:6.76905, KLD:30561.35938
=> saved checkpoint 'checkpoints_CNN/mnist_VAE_s15_v15_BF_test/last' (iter 2160, epoch 8.0)
=> saved checkpoint 'checkpoint_scores_CNN/mnist_VAE_s15_v15_BF_test/last' (iter 2160, epoch 8.0)
EarlyStopping counter: 1 out of 25
[Save Checkpoint] epoch: [8.0], Train: total:7703.37305, BCE:6.49115, KLD:7696.88135,Test: total:30568.16016, BCE:6.79878, KLD:30561.35938
=> saved checkpoint 'checkpoints_CNN/mnist_VAE_s15_v15_BF_test/last' (iter 2430, epoch 9.0)
=> saved checkpoint 'checkpoint_scores_CNN/mnist_VAE_s15_v15_BF_test/last' (iter 2430, epoch 9.0)
EarlyStopping counter: 2 out of 25
[Save Checkpoint] epoch: [9.0], Train: total:7703.35449, BCE:6.47651, KLD:7696.88135,Test: total:30568.15430, BCE:6.79460, KLD:30561.35938
=> saved checkpoint 'checkpoints_CNN/mnist_VAE_s15_v15_BF_test/last' (iter 2700, epoch 10.0)
=> saved checkpoint 'checkpoint_scores_CNN/mnist_VAE_s15_v15_BF_test/last' (iter 2700, epoch 10.0)
EarlyStopping counter: 3 out of 25
[Save Checkpoint] epoch: [10.0], Train: total:7703.34424, BCE:6.46391, KLD:7696.88135,Test: total:30568.13086, BCE:6.77008, KLD:30561.35938
=> saved checkpoint 'checkpoints_CNN/mnist_VAE_s15_v15_BF_test/last' (iter 2970, epoch 11.0)
=> saved checkpoint 'checkpoint_scores_CNN/mnist_VAE_s15_v15_BF_test/last' (iter 2970, epoch 11.0)
EarlyStopping counter: 4 out of 25
[Save Checkpoint] epoch: [11.0], Train: total:7703.33984, BCE:6.45973, KLD:7696.88135,Test: total:30568.11914, BCE:6.75919, KLD:30561.35938
Epoch    12: reducing learning rate of group 0 to 2.0000e-04.
Epoch    12: reducing learning rate of group 1 to 2.0000e-06.
=> saved checkpoint 'checkpoints_CNN/mnist_VAE_s15_v15_BF_test/last' (iter 3240, epoch 12.0)
=> saved checkpoint 'checkpoint_scores_CNN/mnist_VAE_s15_v15_BF_test/last' (iter 3240, epoch 12.0)
EarlyStopping counter: 5 out of 25
[Save Checkpoint] epoch: [12.0], Train: total:7703.32471, BCE:6.44473, KLD:7696.88135,Test: total:30568.10938, BCE:6.75344, KLD:30561.35938
=> saved checkpoint 'checkpoints_CNN/mnist_VAE_s15_v15_BF_test/last' (iter 3510, epoch 13.0)
=> saved checkpoint 'checkpoint_scores_CNN/mnist_VAE_s15_v15_BF_test/last' (iter 3510, epoch 13.0)
[Save Checkpoint] epoch: [13.0], Train: total:7703.32373, BCE:6.44439, KLD:7696.88135,Test: total:30568.10938, BCE:6.75154, KLD:30561.35938
=> saved checkpoint 'checkpoints_CNN/mnist_VAE_s15_v15_BF_test/last' (iter 3780, epoch 14.0)
=> saved checkpoint 'checkpoint_scores_CNN/mnist_VAE_s15_v15_BF_test/last' (iter 3780, epoch 14.0)
EarlyStopping counter: 1 out of 25
[Save Checkpoint] epoch: [14.0], Train: total:7703.32373, BCE:6.44145, KLD:7696.88135,Test: total:30568.11914, BCE:6.75812, KLD:30561.35938
=> saved checkpoint 'checkpoints_CNN/mnist_VAE_s15_v15_BF_test/last' (iter 4050, epoch 15.0)
=> saved checkpoint 'checkpoint_scores_CNN/mnist_VAE_s15_v15_BF_test/last' (iter 4050, epoch 15.0)
EarlyStopping counter: 2 out of 25
[Save Checkpoint] epoch: [15.0], Train: total:7703.32666, BCE:6.44512, KLD:7696.88135,Test: total:30568.10938, BCE:6.75135, KLD:30561.35938
=> saved checkpoint 'checkpoints_CNN/mnist_VAE_s15_v15_BF_test/last' (iter 4320, epoch 16.0)
=> saved checkpoint 'checkpoint_scores_CNN/mnist_VAE_s15_v15_BF_test/last' (iter 4320, epoch 16.0)
EarlyStopping counter: 3 out of 25
[Save Checkpoint] epoch: [16.0], Train: total:7703.32324, BCE:6.44401, KLD:7696.88135,Test: total:30568.10352, BCE:6.74603, KLD:30561.35938
=> saved checkpoint 'checkpoints_CNN/mnist_VAE_s15_v15_BF_test/last' (iter 4590, epoch 17.0)
=> saved checkpoint 'checkpoint_scores_CNN/mnist_VAE_s15_v15_BF_test/last' (iter 4590, epoch 17.0)
[Save Checkpoint] epoch: [17.0], Train: total:7703.31152, BCE:6.43196, KLD:7696.88135,Test: total:30568.09961, BCE:6.74340, KLD:30561.35938
=> saved checkpoint 'checkpoints_CNN/mnist_VAE_s15_v15_BF_test/last' (iter 4860, epoch 18.0)
=> saved checkpoint 'checkpoint_scores_CNN/mnist_VAE_s15_v15_BF_test/last' (iter 4860, epoch 18.0)
EarlyStopping counter: 1 out of 25
[Save Checkpoint] epoch: [18.0], Train: total:7703.31592, BCE:6.43746, KLD:7696.88135,Test: total:30568.10742, BCE:6.74524, KLD:30561.35938
=> saved checkpoint 'checkpoints_CNN/mnist_VAE_s15_v15_BF_test/last' (iter 5130, epoch 19.0)
=> saved checkpoint 'checkpoint_scores_CNN/mnist_VAE_s15_v15_BF_test/last' (iter 5130, epoch 19.0)
EarlyStopping counter: 2 out of 25
[Save Checkpoint] epoch: [19.0], Train: total:7703.31738, BCE:6.43612, KLD:7696.88135,Test: total:30568.09961, BCE:6.73942, KLD:30561.35938
=> saved checkpoint 'checkpoints_CNN/mnist_VAE_s15_v15_BF_test/last' (iter 5400, epoch 20.0)
=> saved checkpoint 'checkpoint_scores_CNN/mnist_VAE_s15_v15_BF_test/last' (iter 5400, epoch 20.0)
EarlyStopping counter: 3 out of 25
[Save Checkpoint] epoch: [20.0], Train: total:7703.30859, BCE:6.42824, KLD:7696.88135,Test: total:30568.08398, BCE:6.72254, KLD:30561.35938
=> saved checkpoint 'checkpoints_CNN/mnist_VAE_s15_v15_BF_test/last' (iter 5670, epoch 21.0)
=> saved checkpoint 'checkpoint_scores_CNN/mnist_VAE_s15_v15_BF_test/last' (iter 5670, epoch 21.0)
[Save Checkpoint] epoch: [21.0], Train: total:7703.29443, BCE:6.41748, KLD:7696.88135,Test: total:30568.08398, BCE:6.72501, KLD:30561.35938
Epoch    22: reducing learning rate of group 0 to 4.0000e-05.
Epoch    22: reducing learning rate of group 1 to 1.0000e-06.
=> saved checkpoint 'checkpoints_CNN/mnist_VAE_s15_v15_BF_test/last' (iter 5940, epoch 22.0)
=> saved checkpoint 'checkpoint_scores_CNN/mnist_VAE_s15_v15_BF_test/last' (iter 5940, epoch 22.0)
EarlyStopping counter: 1 out of 25
[Save Checkpoint] epoch: [22.0], Train: total:7703.30322, BCE:6.42392, KLD:7696.88135,Test: total:30568.09961, BCE:6.74200, KLD:30561.35938
=> saved checkpoint 'checkpoints_CNN/mnist_VAE_s15_v15_BF_test/last' (iter 6210, epoch 23.0)
=> saved checkpoint 'checkpoint_scores_CNN/mnist_VAE_s15_v15_BF_test/last' (iter 6210, epoch 23.0)
EarlyStopping counter: 2 out of 25
[Save Checkpoint] epoch: [23.0], Train: total:7703.30273, BCE:6.42162, KLD:7696.88135,Test: total:30568.06055, BCE:6.70163, KLD:30561.35938
=> saved checkpoint 'checkpoints_CNN/mnist_VAE_s15_v15_BF_test/last' (iter 6480, epoch 24.0)
=> saved checkpoint 'checkpoint_scores_CNN/mnist_VAE_s15_v15_BF_test/last' (iter 6480, epoch 24.0)
EarlyStopping counter: 3 out of 25
[Save Checkpoint] epoch: [24.0], Train: total:7703.30322, BCE:6.42516, KLD:7696.88135,Test: total:30568.08789, BCE:6.72609, KLD:30561.35938
=> saved checkpoint 'checkpoints_CNN/mnist_VAE_s15_v15_BF_test/last' (iter 6750, epoch 25.0)
=> saved checkpoint 'checkpoint_scores_CNN/mnist_VAE_s15_v15_BF_test/last' (iter 6750, epoch 25.0)
EarlyStopping counter: 4 out of 25
[Save Checkpoint] epoch: [25.0], Train: total:7703.29639, BCE:6.41666, KLD:7696.88135,Test: total:30568.08398, BCE:6.72348, KLD:30561.35938
=> saved checkpoint 'checkpoints_CNN/mnist_VAE_s15_v15_BF_test/last' (iter 7020, epoch 26.0)
=> saved checkpoint 'checkpoint_scores_CNN/mnist_VAE_s15_v15_BF_test/last' (iter 7020, epoch 26.0)
EarlyStopping counter: 5 out of 25
[Save Checkpoint] epoch: [26.0], Train: total:7703.28955, BCE:6.41024, KLD:7696.88135,Test: total:30568.07617, BCE:6.71549, KLD:30561.35938
Epoch    27: reducing learning rate of group 0 to 8.0000e-06.
=> saved checkpoint 'checkpoints_CNN/mnist_VAE_s15_v15_BF_test/last' (iter 7290, epoch 27.0)
=> saved checkpoint 'checkpoint_scores_CNN/mnist_VAE_s15_v15_BF_test/last' (iter 7290, epoch 27.0)
EarlyStopping counter: 6 out of 25
[Save Checkpoint] epoch: [27.0], Train: total:7703.29883, BCE:6.41973, KLD:7696.88135,Test: total:30568.07617, BCE:6.71704, KLD:30561.35938
=> saved checkpoint 'checkpoints_CNN/mnist_VAE_s15_v15_BF_test/last' (iter 7560, epoch 28.0)
=> saved checkpoint 'checkpoint_scores_CNN/mnist_VAE_s15_v15_BF_test/last' (iter 7560, epoch 28.0)
EarlyStopping counter: 7 out of 25
[Save Checkpoint] epoch: [28.0], Train: total:7703.29834, BCE:6.42029, KLD:7696.88135,Test: total:30568.06250, BCE:6.70502, KLD:30561.35938
=> saved checkpoint 'checkpoints_CNN/mnist_VAE_s15_v15_BF_test/last' (iter 7830, epoch 29.0)
=> saved checkpoint 'checkpoint_scores_CNN/mnist_VAE_s15_v15_BF_test/last' (iter 7830, epoch 29.0)
EarlyStopping counter: 8 out of 25
[Save Checkpoint] epoch: [29.0], Train: total:7703.29590, BCE:6.41446, KLD:7696.88135,Test: total:30568.04102, BCE:6.68100, KLD:30561.35938
=> saved checkpoint 'checkpoints_CNN/mnist_VAE_s15_v15_BF_test/last' (iter 8100, epoch 30.0)
=> saved checkpoint 'checkpoint_scores_CNN/mnist_VAE_s15_v15_BF_test/last' (iter 8100, epoch 30.0)
EarlyStopping counter: 9 out of 25
[Save Checkpoint] epoch: [30.0], Train: total:7703.29199, BCE:6.41070, KLD:7696.88135,Test: total:30568.08398, BCE:6.72614, KLD:30561.35938
=> saved checkpoint 'checkpoints_CNN/mnist_VAE_s15_v15_BF_test/last' (iter 8370, epoch 31.0)
=> saved checkpoint 'checkpoint_scores_CNN/mnist_VAE_s15_v15_BF_test/last' (iter 8370, epoch 31.0)
EarlyStopping counter: 10 out of 25
[Save Checkpoint] epoch: [31.0], Train: total:7703.29980, BCE:6.41797, KLD:7696.88135,Test: total:30568.05664, BCE:6.69482, KLD:30561.35938
Epoch    32: reducing learning rate of group 0 to 1.6000e-06.
=> saved checkpoint 'checkpoints_CNN/mnist_VAE_s15_v15_BF_test/last' (iter 8640, epoch 32.0)
=> saved checkpoint 'checkpoint_scores_CNN/mnist_VAE_s15_v15_BF_test/last' (iter 8640, epoch 32.0)
EarlyStopping counter: 11 out of 25
[Save Checkpoint] epoch: [32.0], Train: total:7703.29248, BCE:6.40852, KLD:7696.88135,Test: total:30568.05664, BCE:6.69619, KLD:30561.35938
=> saved checkpoint 'checkpoints_CNN/mnist_VAE_s15_v15_BF_test/last' (iter 8910, epoch 33.0)
=> saved checkpoint 'checkpoint_scores_CNN/mnist_VAE_s15_v15_BF_test/last' (iter 8910, epoch 33.0)
EarlyStopping counter: 12 out of 25
[Save Checkpoint] epoch: [33.0], Train: total:7703.29248, BCE:6.40896, KLD:7696.88135,Test: total:30568.06055, BCE:6.69814, KLD:30561.35938
=> saved checkpoint 'checkpoints_CNN/mnist_VAE_s15_v15_BF_test/last' (iter 9180, epoch 34.0)
=> saved checkpoint 'checkpoint_scores_CNN/mnist_VAE_s15_v15_BF_test/last' (iter 9180, epoch 34.0)
EarlyStopping counter: 13 out of 25
[Save Checkpoint] epoch: [34.0], Train: total:7703.29980, BCE:6.42065, KLD:7696.88135,Test: total:30568.05273, BCE:6.69485, KLD:30561.35938
=> saved checkpoint 'checkpoints_CNN/mnist_VAE_s15_v15_BF_test/last' (iter 9450, epoch 35.0)
=> saved checkpoint 'checkpoint_scores_CNN/mnist_VAE_s15_v15_BF_test/last' (iter 9450, epoch 35.0)
EarlyStopping counter: 14 out of 25
[Save Checkpoint] epoch: [35.0], Train: total:7703.30371, BCE:6.42210, KLD:7696.88135,Test: total:30568.07812, BCE:6.71929, KLD:30561.35938
=> saved checkpoint 'checkpoints_CNN/mnist_VAE_s15_v15_BF_test/last' (iter 9720, epoch 36.0)
=> saved checkpoint 'checkpoint_scores_CNN/mnist_VAE_s15_v15_BF_test/last' (iter 9720, epoch 36.0)
EarlyStopping counter: 15 out of 25
[Save Checkpoint] epoch: [36.0], Train: total:7703.29688, BCE:6.41734, KLD:7696.88135,Test: total:30568.06641, BCE:6.70680, KLD:30561.35938
Epoch    37: reducing learning rate of group 0 to 1.0000e-06.
=> saved checkpoint 'checkpoints_CNN/mnist_VAE_s15_v15_BF_test/last' (iter 9990, epoch 37.0)
=> saved checkpoint 'checkpoint_scores_CNN/mnist_VAE_s15_v15_BF_test/last' (iter 9990, epoch 37.0)
EarlyStopping counter: 16 out of 25
[Save Checkpoint] epoch: [37.0], Train: total:7703.29102, BCE:6.41069, KLD:7696.88135,Test: total:30568.06836, BCE:6.70930, KLD:30561.35938
=> saved checkpoint 'checkpoints_CNN/mnist_VAE_s15_v15_BF_test/last' (iter 10260, epoch 38.0)
=> saved checkpoint 'checkpoint_scores_CNN/mnist_VAE_s15_v15_BF_test/last' (iter 10260, epoch 38.0)
EarlyStopping counter: 17 out of 25
[Save Checkpoint] epoch: [38.0], Train: total:7703.28809, BCE:6.40739, KLD:7696.88135,Test: total:30568.04492, BCE:6.68309, KLD:30561.35938
=> saved checkpoint 'checkpoints_CNN/mnist_VAE_s15_v15_BF_test/last' (iter 10530, epoch 39.0)
=> saved checkpoint 'checkpoint_scores_CNN/mnist_VAE_s15_v15_BF_test/last' (iter 10530, epoch 39.0)
EarlyStopping counter: 18 out of 25
[Save Checkpoint] epoch: [39.0], Train: total:7703.28711, BCE:6.40357, KLD:7696.88135,Test: total:30568.06836, BCE:6.71108, KLD:30561.35938
=> saved checkpoint 'checkpoints_CNN/mnist_VAE_s15_v15_BF_test/last' (iter 10800, epoch 40.0)
=> saved checkpoint 'checkpoint_scores_CNN/mnist_VAE_s15_v15_BF_test/last' (iter 10800, epoch 40.0)
EarlyStopping counter: 19 out of 25
[Save Checkpoint] epoch: [40.0], Train: total:7703.29150, BCE:6.41061, KLD:7696.88135,Test: total:30568.03516, BCE:6.67797, KLD:30561.35938
=> saved checkpoint 'checkpoints_CNN/mnist_VAE_s15_v15_BF_test/last' (iter 11070, epoch 41.0)
=> saved checkpoint 'checkpoint_scores_CNN/mnist_VAE_s15_v15_BF_test/last' (iter 11070, epoch 41.0)
EarlyStopping counter: 20 out of 25
[Save Checkpoint] epoch: [41.0], Train: total:7703.29541, BCE:6.41428, KLD:7696.88135,Test: total:30568.07617, BCE:6.71805, KLD:30561.35938
=> saved checkpoint 'checkpoints_CNN/mnist_VAE_s15_v15_BF_test/last' (iter 11340, epoch 42.0)
=> saved checkpoint 'checkpoint_scores_CNN/mnist_VAE_s15_v15_BF_test/last' (iter 11340, epoch 42.0)
EarlyStopping counter: 21 out of 25
[Save Checkpoint] epoch: [42.0], Train: total:7703.29541, BCE:6.41523, KLD:7696.88135,Test: total:30568.06250, BCE:6.70450, KLD:30561.35938
=> saved checkpoint 'checkpoints_CNN/mnist_VAE_s15_v15_BF_test/last' (iter 11610, epoch 43.0)
=> saved checkpoint 'checkpoint_scores_CNN/mnist_VAE_s15_v15_BF_test/last' (iter 11610, epoch 43.0)
EarlyStopping counter: 22 out of 25
[Save Checkpoint] epoch: [43.0], Train: total:7703.29053, BCE:6.40926, KLD:7696.88135,Test: total:30568.07617, BCE:6.71435, KLD:30561.35938
=> saved checkpoint 'checkpoints_CNN/mnist_VAE_s15_v15_BF_test/last' (iter 11880, epoch 44.0)
=> saved checkpoint 'checkpoint_scores_CNN/mnist_VAE_s15_v15_BF_test/last' (iter 11880, epoch 44.0)
EarlyStopping counter: 23 out of 25
[Save Checkpoint] epoch: [44.0], Train: total:7703.29053, BCE:6.40894, KLD:7696.88135,Test: total:30568.04688, BCE:6.68834, KLD:30561.35938
=> saved checkpoint 'checkpoints_CNN/mnist_VAE_s15_v15_BF_test/last' (iter 12150, epoch 45.0)
=> saved checkpoint 'checkpoint_scores_CNN/mnist_VAE_s15_v15_BF_test/last' (iter 12150, epoch 45.0)
EarlyStopping counter: 24 out of 25
[Save Checkpoint] epoch: [45.0], Train: total:7703.29248, BCE:6.40926, KLD:7696.88135,Test: total:30568.04688, BCE:6.68606, KLD:30561.35938
=> saved checkpoint 'checkpoints_CNN/mnist_VAE_s15_v15_BF_test/last' (iter 12420, epoch 46.0)
=> saved checkpoint 'checkpoint_scores_CNN/mnist_VAE_s15_v15_BF_test/last' (iter 12420, epoch 46.0)
EarlyStopping counter: 25 out of 25
[Save Checkpoint] epoch: [46.0], Train: total:7703.28223, BCE:6.40339, KLD:7696.88135,Test: total:30568.06055, BCE:6.69981, KLD:30561.35938
Early stopping
[Training Finished]
All done !
