26
--dataset mnist --model CNN --gpu_devices 0 1 --max_iter 50 --batch_size 250 --ckpt_dir checkpoints_CNN --ckpt_dir_scores checkpoint_scores_CNN --use_scheduler True --GMP True --lr 1e-3 --z_struct_size 32 --add_classification_layer True --classif_layer_size 30 --is_default_model False --is_custom_model False --is_custom_model_BK True --big_kernel_size 8 --two_conv_layer True --three_conv_layer False --BK_in_first_layer True --BK_in_second_layer False --BK_in_third_layer False --stride_size 1 --hidden_filters_layer1 32 --hidden_filters_layer2 32 --hidden_filters_layer3 32 --ratio_reg True --lambda_ratio_reg 1 --lambda_class 1 --other_ratio False --loss_min_distance_cl True --lambda_var_distance 0.1 --intra_class_variance_loss False --lambda_intra_class_var 1 --contrastive_loss False --lambda_contrastive_loss 1 --alpha 32 --loss Proxy_Anchor --optimizer adamw --mrg 0.1 --IPC False --warm 1 --sz_embedding 32 --dataset_balanced True --loss_distance_mean True --lambda_distance_mean 1 --value_target_distance_mean 10 --diff_var False --lambda_var_intra 1 --lambda_var_inter 1 --exp_name mnist_balanced_dataset_encoder_ratio_min_and_mean_1_2_1_1
Namespace(BK_in_first_layer=True, BK_in_second_layer=False, BK_in_third_layer=False, BN=False, C_max=25, C_stop_iter=100000.0, E1_AE=False, E1_VAE=False, E1_conv=False, E1_dense=False, E1_second_conv=False, E1_second_conv_adapt=False, GMP=True, IPC=False, L1_norm_act=False, L1_norm_weights=False, L3_without_random=False, LOG_DIR='logs', adapt_lr=False, add_classification_layer=True, add_linear_after_GMP=True, add_z_struct_bottleneck=False, alpha=32.0, batch_size=250, beta=1, beta1=0.9, beta2=0.999, big_kernel=False, big_kernel_size=[8], binary_chain=False, binary_z=False, ckpt_dir='checkpoints_CNN', ckpt_dir_scores='checkpoint_scores_CNN', classif_layer_size=30, contrastive_loss=False, cuda=True, dataset='mnist', dataset_balanced=True, diff_var=False, display_step=10000, dset_dir='data', exp_name='mnist_balanced_dataset_encoder_ratio_min_and_mean_1_2_1_1', freeze_Encoder=True, gamma=1000, gpu_devices=[0, 1], hidden_filters_layer1=32, hidden_filters_layer2=32, hidden_filters_layer3=32, image_size=64, intra_class_variance_loss=False, is_C=True, is_E1=False, is_binary_structural_latent=False, is_custom_model=False, is_custom_model_BK=True, is_default_model=False, is_noise_stats=False, is_partial_rand_class=False, is_perturbed_score=False, is_zvar_sim_loss=False, just_train=False, kernel_size=4, lambda_Kl_struct=1, lambda_Kl_var=1, lambda_L1=0.01, lambda_VAE=1, lambda_class=1.0, lambda_contrastive_loss=1.0, lambda_distance_mean=1.0, lambda_intra_class_var=1.0, lambda_partial_class=1, lambda_ratio_reg=1.0, lambda_recon_wt_rand=1, lambda_recons=1, lambda_var_distance=0.1, lambda_var_inter=1.0, lambda_var_intra=1.0, lambda_zvar_sim=1, latent_spec_cont=None, latent_spec_cont_class=None, latent_spec_cont_var=None, latent_spec_disc=None, latent_spec_disc_class=None, latent_spec_disc_var=None, log_level='info', loss='Proxy_Anchor', loss_distance_mean=True, loss_min_distance_cl=True, lr=0.001, max_iter=50.0, model='CNN', mrg=0.1, num_workers=2, old_weighted=False, optimizer='adamw', other_ratio=False, random_percentage=0.2, random_seed=10, randomness=True, ratio_reg=True, remark='', save_step=10000, second_layer_C=False, seed=1, stride_size=1, sz_embedding=32, three_conv_layer=False, train=True, two_conv_layer=True, two_encoder=False, use_decoder=False, use_early_stopping=True, use_scheduler=True, value_target_distance_mean=10.0, warm=1, without_acc=False, z_struct_size=32, zeros_W_Classif=False, zvar_sim_change_zvar=False, zvar_sim_loss_for_all_model=False, zvar_sim_loss_only_for_encoder=False, zvar_sim_normal=False, zvar_sim_var_rand=False)
CUDA Visible devices !
[Using Seed: 10]
Balanced dataset loaded
use 1 gpu who named: Tesla V100-SXM2-32GB
=> loaded sample_scores and losses
=> no checkpoint found at 'checkpoints_CNN/mnist_balanced_dataset_encoder_ratio_min_and_mean_1_2_1_1/last'
Custom_CNN_BK(
  (net): Sequential(
    (0): Conv2d(1, 32, kernel_size=(8, 8), stride=(1, 1))
    (1): BatchNorm2d(32, eps=1e-05, momentum=0.1, affine=True, track_running_stats=True)
    (2): ReLU(inplace=True)
    (3): Conv2d(32, 32, kernel_size=(4, 4), stride=(1, 1))
    (4): BatchNorm2d(32, eps=1e-05, momentum=0.1, affine=True, track_running_stats=True)
    (5): ReLU(inplace=True)
    (6): AdaptiveMaxPool2d(output_size=(1, 1))
    (7): View()
    (8): Linear(in_features=32, out_features=32, bias=True)
    (9): BatchNorm1d(32, eps=1e-05, momentum=0.1, affine=True, track_running_stats=True)
    (10): ReLU(inplace=True)
    (11): Dropout(p=0.4, inplace=False)
    (12): Linear(in_features=32, out_features=30, bias=True)
    (13): BatchNorm1d(30, eps=1e-05, momentum=0.1, affine=True, track_running_stats=True)
    (14): ReLU(inplace=True)
    (15): Dropout(p=0.4, inplace=False)
    (16): Linear(in_features=30, out_features=10, bias=True)
    (17): Softmax(dim=None)
  )
)
The number of parameters of model is 21104
=> saved checkpoint 'checkpoints_CNN/mnist_balanced_dataset_encoder_ratio_min_and_mean_1_2_1_1/last' (iter 270, epoch 1.0)
=> saved checkpoint 'checkpoint_scores_CNN/mnist_balanced_dataset_encoder_ratio_min_and_mean_1_2_1_1/last' (iter 270, epoch 1.0)
[Save Checkpoint] epoch: [1.0], Train score:84.67333, Test score:76.10000, train loss:-0.51786, test loss:-0.53367, ratio_train_loss:0.29087,ratio_test_loss:0.28254, var distance inter class train:0.50953,var distance inter class test:0.51060
=> saved checkpoint 'checkpoints_CNN/mnist_balanced_dataset_encoder_ratio_min_and_mean_1_2_1_1/last' (iter 540, epoch 2.0)
=> saved checkpoint 'checkpoint_scores_CNN/mnist_balanced_dataset_encoder_ratio_min_and_mean_1_2_1_1/last' (iter 540, epoch 2.0)
[Save Checkpoint] epoch: [2.0], Train score:96.46167, Test score:86.75000, train loss:-0.70941, test loss:-0.72227, ratio_train_loss:0.21442,ratio_test_loss:0.20668, var distance inter class train:0.37209,var distance inter class test:0.37086
=> saved checkpoint 'checkpoints_CNN/mnist_balanced_dataset_encoder_ratio_min_and_mean_1_2_1_1/last' (iter 810, epoch 3.0)
=> saved checkpoint 'checkpoint_scores_CNN/mnist_balanced_dataset_encoder_ratio_min_and_mean_1_2_1_1/last' (iter 810, epoch 3.0)
[Save Checkpoint] epoch: [3.0], Train score:107.18333, Test score:95.75000, train loss:-0.87191, test loss:-0.88361, ratio_train_loss:0.18359,ratio_test_loss:0.17566, var distance inter class train:0.33768,var distance inter class test:0.33750
=> saved checkpoint 'checkpoints_CNN/mnist_balanced_dataset_encoder_ratio_min_and_mean_1_2_1_1/last' (iter 1080, epoch 4.0)
=> saved checkpoint 'checkpoint_scores_CNN/mnist_balanced_dataset_encoder_ratio_min_and_mean_1_2_1_1/last' (iter 1080, epoch 4.0)
[Save Checkpoint] epoch: [4.0], Train score:107.84500, Test score:96.26000, train loss:-0.90194, test loss:-0.91355, ratio_train_loss:0.16791,ratio_test_loss:0.15987, var distance inter class train:0.36477,var distance inter class test:0.35753
=> saved checkpoint 'checkpoints_CNN/mnist_balanced_dataset_encoder_ratio_min_and_mean_1_2_1_1/last' (iter 1350, epoch 5.0)
=> saved checkpoint 'checkpoint_scores_CNN/mnist_balanced_dataset_encoder_ratio_min_and_mean_1_2_1_1/last' (iter 1350, epoch 5.0)
[Save Checkpoint] epoch: [5.0], Train score:108.00500, Test score:96.37000, train loss:-0.92447, test loss:-0.93650, ratio_train_loss:0.15813,ratio_test_loss:0.14986, var distance inter class train:0.42782,var distance inter class test:0.41699
=> saved checkpoint 'checkpoints_CNN/mnist_balanced_dataset_encoder_ratio_min_and_mean_1_2_1_1/last' (iter 1620, epoch 6.0)
=> saved checkpoint 'checkpoint_scores_CNN/mnist_balanced_dataset_encoder_ratio_min_and_mean_1_2_1_1/last' (iter 1620, epoch 6.0)
EarlyStopping counter: 1 out of 10
[Save Checkpoint] epoch: [6.0], Train score:90.25333, Test score:80.28000, train loss:-0.33414, test loss:-0.33284, ratio_train_loss:0.52293,ratio_test_loss:0.52188, var distance inter class train:0.68204,var distance inter class test:0.70714
=> saved checkpoint 'checkpoints_CNN/mnist_balanced_dataset_encoder_ratio_min_and_mean_1_2_1_1/last' (iter 1890, epoch 7.0)
=> saved checkpoint 'checkpoint_scores_CNN/mnist_balanced_dataset_encoder_ratio_min_and_mean_1_2_1_1/last' (iter 1890, epoch 7.0)
EarlyStopping counter: 2 out of 10
[Save Checkpoint] epoch: [7.0], Train score:105.44667, Test score:94.24000, train loss:-0.71791, test loss:-0.72325, ratio_train_loss:0.30141,ratio_test_loss:0.29906, var distance inter class train:0.44174,var distance inter class test:0.45064
=> saved checkpoint 'checkpoints_CNN/mnist_balanced_dataset_encoder_ratio_min_and_mean_1_2_1_1/last' (iter 2160, epoch 8.0)
=> saved checkpoint 'checkpoint_scores_CNN/mnist_balanced_dataset_encoder_ratio_min_and_mean_1_2_1_1/last' (iter 2160, epoch 8.0)
EarlyStopping counter: 3 out of 10
[Save Checkpoint] epoch: [8.0], Train score:106.62833, Test score:95.10000, train loss:-0.76851, test loss:-0.77380, ratio_train_loss:0.26665,ratio_test_loss:0.26340, var distance inter class train:0.36954,var distance inter class test:0.37523
=> saved checkpoint 'checkpoints_CNN/mnist_balanced_dataset_encoder_ratio_min_and_mean_1_2_1_1/last' (iter 2430, epoch 9.0)
=> saved checkpoint 'checkpoint_scores_CNN/mnist_balanced_dataset_encoder_ratio_min_and_mean_1_2_1_1/last' (iter 2430, epoch 9.0)
EarlyStopping counter: 4 out of 10
[Save Checkpoint] epoch: [9.0], Train score:107.27167, Test score:95.48000, train loss:-0.80276, test loss:-0.80814, ratio_train_loss:0.24050,ratio_test_loss:0.23498, var distance inter class train:0.34232,var distance inter class test:0.34873
=> saved checkpoint 'checkpoints_CNN/mnist_balanced_dataset_encoder_ratio_min_and_mean_1_2_1_1/last' (iter 2700, epoch 10.0)
=> saved checkpoint 'checkpoint_scores_CNN/mnist_balanced_dataset_encoder_ratio_min_and_mean_1_2_1_1/last' (iter 2700, epoch 10.0)
EarlyStopping counter: 5 out of 10
[Save Checkpoint] epoch: [10.0], Train score:107.47500, Test score:95.49000, train loss:-0.82542, test loss:-0.83164, ratio_train_loss:0.22208,ratio_test_loss:0.21429, var distance inter class train:0.31461,var distance inter class test:0.32075
=> saved checkpoint 'checkpoints_CNN/mnist_balanced_dataset_encoder_ratio_min_and_mean_1_2_1_1/last' (iter 2970, epoch 11.0)
=> saved checkpoint 'checkpoint_scores_CNN/mnist_balanced_dataset_encoder_ratio_min_and_mean_1_2_1_1/last' (iter 2970, epoch 11.0)
EarlyStopping counter: 6 out of 10
[Save Checkpoint] epoch: [11.0], Train score:107.99667, Test score:96.07000, train loss:-0.85243, test loss:-0.86049, ratio_train_loss:0.20014,ratio_test_loss:0.19075, var distance inter class train:0.30142,var distance inter class test:0.30744
=> saved checkpoint 'checkpoints_CNN/mnist_balanced_dataset_encoder_ratio_min_and_mean_1_2_1_1/last' (iter 3240, epoch 12.0)
=> saved checkpoint 'checkpoint_scores_CNN/mnist_balanced_dataset_encoder_ratio_min_and_mean_1_2_1_1/last' (iter 3240, epoch 12.0)
EarlyStopping counter: 7 out of 10
[Save Checkpoint] epoch: [12.0], Train score:107.98833, Test score:96.05000, train loss:-0.87249, test loss:-0.88119, ratio_train_loss:0.18263,ratio_test_loss:0.17304, var distance inter class train:0.27048,var distance inter class test:0.27559
=> saved checkpoint 'checkpoints_CNN/mnist_balanced_dataset_encoder_ratio_min_and_mean_1_2_1_1/last' (iter 3510, epoch 13.0)
=> saved checkpoint 'checkpoint_scores_CNN/mnist_balanced_dataset_encoder_ratio_min_and_mean_1_2_1_1/last' (iter 3510, epoch 13.0)
EarlyStopping counter: 8 out of 10
[Save Checkpoint] epoch: [13.0], Train score:108.29333, Test score:96.23000, train loss:-0.88762, test loss:-0.89502, ratio_train_loss:0.17176,ratio_test_loss:0.16218, var distance inter class train:0.25388,var distance inter class test:0.25869
=> saved checkpoint 'checkpoints_CNN/mnist_balanced_dataset_encoder_ratio_min_and_mean_1_2_1_1/last' (iter 3780, epoch 14.0)
=> saved checkpoint 'checkpoint_scores_CNN/mnist_balanced_dataset_encoder_ratio_min_and_mean_1_2_1_1/last' (iter 3780, epoch 14.0)
EarlyStopping counter: 9 out of 10
[Save Checkpoint] epoch: [14.0], Train score:108.25500, Test score:96.26000, train loss:-0.89569, test loss:-0.90446, ratio_train_loss:0.16471,ratio_test_loss:0.15523, var distance inter class train:0.22989,var distance inter class test:0.23470
=> saved checkpoint 'checkpoints_CNN/mnist_balanced_dataset_encoder_ratio_min_and_mean_1_2_1_1/last' (iter 4050, epoch 15.0)
=> saved checkpoint 'checkpoint_scores_CNN/mnist_balanced_dataset_encoder_ratio_min_and_mean_1_2_1_1/last' (iter 4050, epoch 15.0)
[Save Checkpoint] epoch: [15.0], Train score:108.42833, Test score:96.24000, train loss:-0.90536, test loss:-0.91222, ratio_train_loss:0.15752,ratio_test_loss:0.14839, var distance inter class train:0.22356,var distance inter class test:0.22780
=> saved checkpoint 'checkpoints_CNN/mnist_balanced_dataset_encoder_ratio_min_and_mean_1_2_1_1/last' (iter 4320, epoch 16.0)
=> saved checkpoint 'checkpoint_scores_CNN/mnist_balanced_dataset_encoder_ratio_min_and_mean_1_2_1_1/last' (iter 4320, epoch 16.0)
[Save Checkpoint] epoch: [16.0], Train score:108.47333, Test score:96.35000, train loss:-0.91035, test loss:-0.91700, ratio_train_loss:0.15327,ratio_test_loss:0.14422, var distance inter class train:0.21381,var distance inter class test:0.21814
=> saved checkpoint 'checkpoints_CNN/mnist_balanced_dataset_encoder_ratio_min_and_mean_1_2_1_1/last' (iter 4590, epoch 17.0)
=> saved checkpoint 'checkpoint_scores_CNN/mnist_balanced_dataset_encoder_ratio_min_and_mean_1_2_1_1/last' (iter 4590, epoch 17.0)
[Save Checkpoint] epoch: [17.0], Train score:108.33167, Test score:96.20000, train loss:-0.91351, test loss:-0.92018, ratio_train_loss:0.14907,ratio_test_loss:0.14045, var distance inter class train:0.21540,var distance inter class test:0.21960
=> saved checkpoint 'checkpoints_CNN/mnist_balanced_dataset_encoder_ratio_min_and_mean_1_2_1_1/last' (iter 4860, epoch 18.0)
=> saved checkpoint 'checkpoint_scores_CNN/mnist_balanced_dataset_encoder_ratio_min_and_mean_1_2_1_1/last' (iter 4860, epoch 18.0)
[Save Checkpoint] epoch: [18.0], Train score:108.74333, Test score:96.47000, train loss:-0.92308, test loss:-0.92741, ratio_train_loss:0.14325,ratio_test_loss:0.13529, var distance inter class train:0.21248,var distance inter class test:0.21690
=> saved checkpoint 'checkpoints_CNN/mnist_balanced_dataset_encoder_ratio_min_and_mean_1_2_1_1/last' (iter 5130, epoch 19.0)
=> saved checkpoint 'checkpoint_scores_CNN/mnist_balanced_dataset_encoder_ratio_min_and_mean_1_2_1_1/last' (iter 5130, epoch 19.0)
EarlyStopping counter: 1 out of 10
[Save Checkpoint] epoch: [19.0], Train score:108.58167, Test score:96.44000, train loss:-0.92425, test loss:-0.93022, ratio_train_loss:0.14161,ratio_test_loss:0.13357, var distance inter class train:0.19265,var distance inter class test:0.19591
=> saved checkpoint 'checkpoints_CNN/mnist_balanced_dataset_encoder_ratio_min_and_mean_1_2_1_1/last' (iter 5400, epoch 20.0)
=> saved checkpoint 'checkpoint_scores_CNN/mnist_balanced_dataset_encoder_ratio_min_and_mean_1_2_1_1/last' (iter 5400, epoch 20.0)
EarlyStopping counter: 2 out of 10
[Save Checkpoint] epoch: [20.0], Train score:108.54500, Test score:96.50000, train loss:-0.92918, test loss:-0.93593, ratio_train_loss:0.13587,ratio_test_loss:0.12776, var distance inter class train:0.19489,var distance inter class test:0.19871
=> saved checkpoint 'checkpoints_CNN/mnist_balanced_dataset_encoder_ratio_min_and_mean_1_2_1_1/last' (iter 5670, epoch 21.0)
=> saved checkpoint 'checkpoint_scores_CNN/mnist_balanced_dataset_encoder_ratio_min_and_mean_1_2_1_1/last' (iter 5670, epoch 21.0)
[Save Checkpoint] epoch: [21.0], Train score:108.81000, Test score:96.70000, train loss:-0.93477, test loss:-0.94095, ratio_train_loss:0.13352,ratio_test_loss:0.12539, var distance inter class train:0.18273,var distance inter class test:0.18617
=> saved checkpoint 'checkpoints_CNN/mnist_balanced_dataset_encoder_ratio_min_and_mean_1_2_1_1/last' (iter 5940, epoch 22.0)
=> saved checkpoint 'checkpoint_scores_CNN/mnist_balanced_dataset_encoder_ratio_min_and_mean_1_2_1_1/last' (iter 5940, epoch 22.0)
EarlyStopping counter: 1 out of 10
[Save Checkpoint] epoch: [22.0], Train score:108.80167, Test score:96.38000, train loss:-0.93739, test loss:-0.94097, ratio_train_loss:0.13085,ratio_test_loss:0.12284, var distance inter class train:0.17744,var distance inter class test:0.18056
=> saved checkpoint 'checkpoints_CNN/mnist_balanced_dataset_encoder_ratio_min_and_mean_1_2_1_1/last' (iter 6210, epoch 23.0)
=> saved checkpoint 'checkpoint_scores_CNN/mnist_balanced_dataset_encoder_ratio_min_and_mean_1_2_1_1/last' (iter 6210, epoch 23.0)
[Save Checkpoint] epoch: [23.0], Train score:108.84167, Test score:96.40000, train loss:-0.94058, test loss:-0.94388, ratio_train_loss:0.12722,ratio_test_loss:0.11981, var distance inter class train:0.18563,var distance inter class test:0.18853
=> saved checkpoint 'checkpoints_CNN/mnist_balanced_dataset_encoder_ratio_min_and_mean_1_2_1_1/last' (iter 6480, epoch 24.0)
=> saved checkpoint 'checkpoint_scores_CNN/mnist_balanced_dataset_encoder_ratio_min_and_mean_1_2_1_1/last' (iter 6480, epoch 24.0)
EarlyStopping counter: 1 out of 10
[Save Checkpoint] epoch: [24.0], Train score:108.88333, Test score:96.70000, train loss:-0.94465, test loss:-0.94969, ratio_train_loss:0.12462,ratio_test_loss:0.11740, var distance inter class train:0.16873,var distance inter class test:0.17150
=> saved checkpoint 'checkpoints_CNN/mnist_balanced_dataset_encoder_ratio_min_and_mean_1_2_1_1/last' (iter 6750, epoch 25.0)
=> saved checkpoint 'checkpoint_scores_CNN/mnist_balanced_dataset_encoder_ratio_min_and_mean_1_2_1_1/last' (iter 6750, epoch 25.0)
[Save Checkpoint] epoch: [25.0], Train score:109.14833, Test score:96.94000, train loss:-0.95072, test loss:-0.95666, ratio_train_loss:0.12138,ratio_test_loss:0.11358, var distance inter class train:0.16452,var distance inter class test:0.16716
=> saved checkpoint 'checkpoints_CNN/mnist_balanced_dataset_encoder_ratio_min_and_mean_1_2_1_1/last' (iter 7020, epoch 26.0)
=> saved checkpoint 'checkpoint_scores_CNN/mnist_balanced_dataset_encoder_ratio_min_and_mean_1_2_1_1/last' (iter 7020, epoch 26.0)
EarlyStopping counter: 1 out of 10
[Save Checkpoint] epoch: [26.0], Train score:109.20000, Test score:96.93000, train loss:-0.95325, test loss:-0.95845, ratio_train_loss:0.11926,ratio_test_loss:0.11137, var distance inter class train:0.15802,var distance inter class test:0.16098
=> saved checkpoint 'checkpoints_CNN/mnist_balanced_dataset_encoder_ratio_min_and_mean_1_2_1_1/last' (iter 7290, epoch 27.0)
=> saved checkpoint 'checkpoint_scores_CNN/mnist_balanced_dataset_encoder_ratio_min_and_mean_1_2_1_1/last' (iter 7290, epoch 27.0)
EarlyStopping counter: 2 out of 10
[Save Checkpoint] epoch: [27.0], Train score:109.05000, Test score:96.86000, train loss:-0.95248, test loss:-0.95823, ratio_train_loss:0.11901,ratio_test_loss:0.11101, var distance inter class train:0.15503,var distance inter class test:0.15790
=> saved checkpoint 'checkpoints_CNN/mnist_balanced_dataset_encoder_ratio_min_and_mean_1_2_1_1/last' (iter 7560, epoch 28.0)
=> saved checkpoint 'checkpoint_scores_CNN/mnist_balanced_dataset_encoder_ratio_min_and_mean_1_2_1_1/last' (iter 7560, epoch 28.0)
[Save Checkpoint] epoch: [28.0], Train score:107.76167, Test score:95.90000, train loss:-0.94499, test loss:-0.95156, ratio_train_loss:0.11414,ratio_test_loss:0.10689, var distance inter class train:0.16368,var distance inter class test:0.16666
=> saved checkpoint 'checkpoints_CNN/mnist_balanced_dataset_encoder_ratio_min_and_mean_1_2_1_1/last' (iter 7830, epoch 29.0)
=> saved checkpoint 'checkpoint_scores_CNN/mnist_balanced_dataset_encoder_ratio_min_and_mean_1_2_1_1/last' (iter 7830, epoch 29.0)
EarlyStopping counter: 1 out of 10
[Save Checkpoint] epoch: [29.0], Train score:109.21833, Test score:97.05000, train loss:-0.95785, test loss:-0.96405, ratio_train_loss:0.11549,ratio_test_loss:0.10743, var distance inter class train:0.14635,var distance inter class test:0.14881
=> saved checkpoint 'checkpoints_CNN/mnist_balanced_dataset_encoder_ratio_min_and_mean_1_2_1_1/last' (iter 8100, epoch 30.0)
=> saved checkpoint 'checkpoint_scores_CNN/mnist_balanced_dataset_encoder_ratio_min_and_mean_1_2_1_1/last' (iter 8100, epoch 30.0)
EarlyStopping counter: 2 out of 10
[Save Checkpoint] epoch: [30.0], Train score:109.19000, Test score:97.13000, train loss:-0.96140, test loss:-0.96863, ratio_train_loss:0.11147,ratio_test_loss:0.10344, var distance inter class train:0.14394,var distance inter class test:0.14727
=> saved checkpoint 'checkpoints_CNN/mnist_balanced_dataset_encoder_ratio_min_and_mean_1_2_1_1/last' (iter 8370, epoch 31.0)
=> saved checkpoint 'checkpoint_scores_CNN/mnist_balanced_dataset_encoder_ratio_min_and_mean_1_2_1_1/last' (iter 8370, epoch 31.0)
EarlyStopping counter: 3 out of 10
[Save Checkpoint] epoch: [31.0], Train score:109.22667, Test score:97.07000, train loss:-0.96375, test loss:-0.97006, ratio_train_loss:0.10961,ratio_test_loss:0.10158, var distance inter class train:0.14005,var distance inter class test:0.14338
=> saved checkpoint 'checkpoints_CNN/mnist_balanced_dataset_encoder_ratio_min_and_mean_1_2_1_1/last' (iter 8640, epoch 32.0)
=> saved checkpoint 'checkpoint_scores_CNN/mnist_balanced_dataset_encoder_ratio_min_and_mean_1_2_1_1/last' (iter 8640, epoch 32.0)
EarlyStopping counter: 4 out of 10
[Save Checkpoint] epoch: [32.0], Train score:108.86500, Test score:96.81000, train loss:-0.96151, test loss:-0.96910, ratio_train_loss:0.10866,ratio_test_loss:0.10015, var distance inter class train:0.13780,var distance inter class test:0.14051
=> saved checkpoint 'checkpoints_CNN/mnist_balanced_dataset_encoder_ratio_min_and_mean_1_2_1_1/last' (iter 8910, epoch 33.0)
=> saved checkpoint 'checkpoint_scores_CNN/mnist_balanced_dataset_encoder_ratio_min_and_mean_1_2_1_1/last' (iter 8910, epoch 33.0)
[Save Checkpoint] epoch: [33.0], Train score:109.23333, Test score:96.98000, train loss:-0.96752, test loss:-0.97210, ratio_train_loss:0.10655,ratio_test_loss:0.09919, var distance inter class train:0.13034,var distance inter class test:0.13264
=> saved checkpoint 'checkpoints_CNN/mnist_balanced_dataset_encoder_ratio_min_and_mean_1_2_1_1/last' (iter 9180, epoch 34.0)
=> saved checkpoint 'checkpoint_scores_CNN/mnist_balanced_dataset_encoder_ratio_min_and_mean_1_2_1_1/last' (iter 9180, epoch 34.0)
EarlyStopping counter: 1 out of 10
[Save Checkpoint] epoch: [34.0], Train score:108.90667, Test score:96.93000, train loss:-0.96530, test loss:-0.97325, ratio_train_loss:0.10528,ratio_test_loss:0.09726, var distance inter class train:0.14426,var distance inter class test:0.14653
=> saved checkpoint 'checkpoints_CNN/mnist_balanced_dataset_encoder_ratio_min_and_mean_1_2_1_1/last' (iter 9450, epoch 35.0)
=> saved checkpoint 'checkpoint_scores_CNN/mnist_balanced_dataset_encoder_ratio_min_and_mean_1_2_1_1/last' (iter 9450, epoch 35.0)
EarlyStopping counter: 2 out of 10
[Save Checkpoint] epoch: [35.0], Train score:109.31000, Test score:97.00000, train loss:-0.97149, test loss:-0.97701, ratio_train_loss:0.10356,ratio_test_loss:0.09537, var distance inter class train:0.12641,var distance inter class test:0.12843
=> saved checkpoint 'checkpoints_CNN/mnist_balanced_dataset_encoder_ratio_min_and_mean_1_2_1_1/last' (iter 9720, epoch 36.0)
=> saved checkpoint 'checkpoint_scores_CNN/mnist_balanced_dataset_encoder_ratio_min_and_mean_1_2_1_1/last' (iter 9720, epoch 36.0)
EarlyStopping counter: 3 out of 10
[Save Checkpoint] epoch: [36.0], Train score:109.23833, Test score:97.10000, train loss:-0.97162, test loss:-0.97769, ratio_train_loss:0.10274,ratio_test_loss:0.09489, var distance inter class train:0.12350,var distance inter class test:0.12556
=> saved checkpoint 'checkpoints_CNN/mnist_balanced_dataset_encoder_ratio_min_and_mean_1_2_1_1/last' (iter 9990, epoch 37.0)
=> saved checkpoint 'checkpoint_scores_CNN/mnist_balanced_dataset_encoder_ratio_min_and_mean_1_2_1_1/last' (iter 9990, epoch 37.0)
[Save Checkpoint] epoch: [37.0], Train score:109.08000, Test score:96.81000, train loss:-0.97129, test loss:-0.97625, ratio_train_loss:0.10191,ratio_test_loss:0.09391, var distance inter class train:0.12393,var distance inter class test:0.12580
=> saved checkpoint 'checkpoints_CNN/mnist_balanced_dataset_encoder_ratio_min_and_mean_1_2_1_1/last' (iter 10260, epoch 38.0)
=> saved checkpoint 'checkpoint_scores_CNN/mnist_balanced_dataset_encoder_ratio_min_and_mean_1_2_1_1/last' (iter 10260, epoch 38.0)
EarlyStopping counter: 1 out of 10
[Save Checkpoint] epoch: [38.0], Train score:109.36167, Test score:97.22000, train loss:-0.97328, test loss:-0.97975, ratio_train_loss:0.10233,ratio_test_loss:0.09432, var distance inter class train:0.12614,var distance inter class test:0.12883
=> saved checkpoint 'checkpoints_CNN/mnist_balanced_dataset_encoder_ratio_min_and_mean_1_2_1_1/last' (iter 10530, epoch 39.0)
=> saved checkpoint 'checkpoint_scores_CNN/mnist_balanced_dataset_encoder_ratio_min_and_mean_1_2_1_1/last' (iter 10530, epoch 39.0)
EarlyStopping counter: 2 out of 10
[Save Checkpoint] epoch: [39.0], Train score:109.01167, Test score:96.85000, train loss:-0.97262, test loss:-0.97829, ratio_train_loss:0.10020,ratio_test_loss:0.09298, var distance inter class train:0.11852,var distance inter class test:0.12032
=> saved checkpoint 'checkpoints_CNN/mnist_balanced_dataset_encoder_ratio_min_and_mean_1_2_1_1/last' (iter 10800, epoch 40.0)
=> saved checkpoint 'checkpoint_scores_CNN/mnist_balanced_dataset_encoder_ratio_min_and_mean_1_2_1_1/last' (iter 10800, epoch 40.0)
EarlyStopping counter: 3 out of 10
[Save Checkpoint] epoch: [40.0], Train score:109.07333, Test score:97.10000, train loss:-0.97531, test loss:-0.98250, ratio_train_loss:0.09791,ratio_test_loss:0.09051, var distance inter class train:0.12780,var distance inter class test:0.12923
=> saved checkpoint 'checkpoints_CNN/mnist_balanced_dataset_encoder_ratio_min_and_mean_1_2_1_1/last' (iter 11070, epoch 41.0)
=> saved checkpoint 'checkpoint_scores_CNN/mnist_balanced_dataset_encoder_ratio_min_and_mean_1_2_1_1/last' (iter 11070, epoch 41.0)
EarlyStopping counter: 4 out of 10
[Save Checkpoint] epoch: [41.0], Train score:109.21000, Test score:96.86000, train loss:-0.97526, test loss:-0.97927, ratio_train_loss:0.09972,ratio_test_loss:0.09266, var distance inter class train:0.11931,var distance inter class test:0.12129
=> saved checkpoint 'checkpoints_CNN/mnist_balanced_dataset_encoder_ratio_min_and_mean_1_2_1_1/last' (iter 11340, epoch 42.0)
=> saved checkpoint 'checkpoint_scores_CNN/mnist_balanced_dataset_encoder_ratio_min_and_mean_1_2_1_1/last' (iter 11340, epoch 42.0)
[Save Checkpoint] epoch: [42.0], Train score:109.64833, Test score:97.21000, train loss:-0.98086, test loss:-0.98515, ratio_train_loss:0.09775,ratio_test_loss:0.09011, var distance inter class train:0.12138,var distance inter class test:0.12290
=> saved checkpoint 'checkpoints_CNN/mnist_balanced_dataset_encoder_ratio_min_and_mean_1_2_1_1/last' (iter 11610, epoch 43.0)
=> saved checkpoint 'checkpoint_scores_CNN/mnist_balanced_dataset_encoder_ratio_min_and_mean_1_2_1_1/last' (iter 11610, epoch 43.0)
EarlyStopping counter: 1 out of 10
[Save Checkpoint] epoch: [43.0], Train score:109.06167, Test score:96.99000, train loss:-0.97678, test loss:-0.98388, ratio_train_loss:0.09641,ratio_test_loss:0.08851, var distance inter class train:0.12372,var distance inter class test:0.12545
=> saved checkpoint 'checkpoints_CNN/mnist_balanced_dataset_encoder_ratio_min_and_mean_1_2_1_1/last' (iter 11880, epoch 44.0)
=> saved checkpoint 'checkpoint_scores_CNN/mnist_balanced_dataset_encoder_ratio_min_and_mean_1_2_1_1/last' (iter 11880, epoch 44.0)
EarlyStopping counter: 2 out of 10
[Save Checkpoint] epoch: [44.0], Train score:109.09667, Test score:96.93000, train loss:-0.97560, test loss:-0.98110, ratio_train_loss:0.09905,ratio_test_loss:0.09194, var distance inter class train:0.11472,var distance inter class test:0.11505
=> saved checkpoint 'checkpoints_CNN/mnist_balanced_dataset_encoder_ratio_min_and_mean_1_2_1_1/last' (iter 12150, epoch 45.0)
=> saved checkpoint 'checkpoint_scores_CNN/mnist_balanced_dataset_encoder_ratio_min_and_mean_1_2_1_1/last' (iter 12150, epoch 45.0)
EarlyStopping counter: 3 out of 10
[Save Checkpoint] epoch: [45.0], Train score:109.40833, Test score:97.04000, train loss:-0.97941, test loss:-0.98370, ratio_train_loss:0.09731,ratio_test_loss:0.08962, var distance inter class train:0.10811,var distance inter class test:0.11013
=> saved checkpoint 'checkpoints_CNN/mnist_balanced_dataset_encoder_ratio_min_and_mean_1_2_1_1/last' (iter 12420, epoch 46.0)
=> saved checkpoint 'checkpoint_scores_CNN/mnist_balanced_dataset_encoder_ratio_min_and_mean_1_2_1_1/last' (iter 12420, epoch 46.0)
EarlyStopping counter: 4 out of 10
[Save Checkpoint] epoch: [46.0], Train score:109.57500, Test score:97.20000, train loss:-0.98427, test loss:-0.98825, ratio_train_loss:0.09432,ratio_test_loss:0.08709, var distance inter class train:0.11739,var distance inter class test:0.11834
=> saved checkpoint 'checkpoints_CNN/mnist_balanced_dataset_encoder_ratio_min_and_mean_1_2_1_1/last' (iter 12690, epoch 47.0)
=> saved checkpoint 'checkpoint_scores_CNN/mnist_balanced_dataset_encoder_ratio_min_and_mean_1_2_1_1/last' (iter 12690, epoch 47.0)
EarlyStopping counter: 5 out of 10
[Save Checkpoint] epoch: [47.0], Train score:109.72167, Test score:97.30000, train loss:-0.98429, test loss:-0.98824, ratio_train_loss:0.09492,ratio_test_loss:0.08726, var distance inter class train:0.12016,var distance inter class test:0.12200
=> saved checkpoint 'checkpoints_CNN/mnist_balanced_dataset_encoder_ratio_min_and_mean_1_2_1_1/last' (iter 12960, epoch 48.0)
=> saved checkpoint 'checkpoint_scores_CNN/mnist_balanced_dataset_encoder_ratio_min_and_mean_1_2_1_1/last' (iter 12960, epoch 48.0)
EarlyStopping counter: 6 out of 10
[Save Checkpoint] epoch: [48.0], Train score:109.70667, Test score:97.32000, train loss:-0.98701, test loss:-0.99157, ratio_train_loss:0.09294,ratio_test_loss:0.08490, var distance inter class train:0.11053,var distance inter class test:0.11198
=> saved checkpoint 'checkpoints_CNN/mnist_balanced_dataset_encoder_ratio_min_and_mean_1_2_1_1/last' (iter 13230, epoch 49.0)
=> saved checkpoint 'checkpoint_scores_CNN/mnist_balanced_dataset_encoder_ratio_min_and_mean_1_2_1_1/last' (iter 13230, epoch 49.0)
EarlyStopping counter: 7 out of 10
[Save Checkpoint] epoch: [49.0], Train score:109.08667, Test score:96.88000, train loss:-0.97980, test loss:-0.98527, ratio_train_loss:0.09487,ratio_test_loss:0.08702, var distance inter class train:0.11078,var distance inter class test:0.11155
=> saved checkpoint 'checkpoints_CNN/mnist_balanced_dataset_encoder_ratio_min_and_mean_1_2_1_1/last' (iter 13500, epoch 50.0)
=> saved checkpoint 'checkpoint_scores_CNN/mnist_balanced_dataset_encoder_ratio_min_and_mean_1_2_1_1/last' (iter 13500, epoch 50.0)
EarlyStopping counter: 8 out of 10
[Save Checkpoint] epoch: [50.0], Train score:109.56000, Test score:97.15000, train loss:-0.98579, test loss:-0.99020, ratio_train_loss:0.09281,ratio_test_loss:0.08501, var distance inter class train:0.11283,var distance inter class test:0.11375
[Training Finished]
All done !
