4
--gpu_devices 0 --max_iter 100 --batch_size 250 --use_scheduler True --lr 1e-3 --GMP True --z_struct_size 10 --is_VAE True --is_encoder_struct False --lambda_BCE 1 --beta 1 --big_kernel_size 8 --two_conv_layer True --three_conv_layer True --kernel_size_1 4 --kernel_size_2 4 --kernel_size_3 4 --BK_in_first_layer True --BK_in_second_layer False --BK_in_third_layer False --stride_size 1 --hidden_filters_layer1 64 --hidden_filters_layer2 64 --hidden_filters_layer3 64 --dataset_balanced True --binary_z True --binary_first_conv False --binary_second_conv False --binary_third_conv True --z_var_size 15 --z_struct_size 15 --use_small_lr_encoder_var False --encoder_var_name None --encoder_struct_name mnist_struct_baseline_scheduler_binary_15 --freeze_Encoder True --exp_name mnist_VAE_s15_v15_SE_test
Namespace(BK_in_first_layer=True, BK_in_second_layer=False, BK_in_third_layer=False, BN=False, C_max=25, C_stop_iter=100000.0, E1_AE=False, E1_VAE=False, E1_conv=False, E1_dense=False, E1_second_conv=False, E1_second_conv_adapt=False, GMP=True, Hmg_dst_loss=False, IPC=False, L1_norm_act=False, L1_norm_weights=False, L3_without_random=False, LOG_DIR='logs', adapt_lr=False, add_classification_layer=True, add_linear_after_GMP=True, add_z_struct_bottleneck=False, alpha=32, batch_size=250, beta=1.0, beta1=0.9, beta2=0.999, big_kernel=False, big_kernel_size=8, binary_chain=False, binary_first_conv=False, binary_second_conv=False, binary_third_conv=True, binary_z=True, both_decoders_freeze=False, ckpt_dir='checkpoints_CNN', ckpt_dir_scores='checkpoint_scores_CNN', classif_layer_size=30, contrastive_loss=False, cuda=True, dataset='mnist', dataset_balanced=True, decoder_first_dense=36, decoder_kernel_size_1=4, decoder_kernel_size_2=3, decoder_kernel_size_3=4, decoder_n_filter_1=64, decoder_n_filter_2=64, decoder_n_filter_3=64, decoder_stride_1=2, decoder_stride_2=2, decoder_stride_3=1, diff_var=False, display_step=10000, dset_dir='data', encoder_struct_name='mnist_struct_baseline_scheduler_binary_15', encoder_var_name='None', exp_name='mnist_VAE_s15_v15_SE_test', freeze_Encoder=True, gamma=1000, gpu_devices=[0], hidden_filters_layer1=64, hidden_filters_layer2=64, hidden_filters_layer3=64, image_size=64, intra_class_variance_loss=False, is_C=True, is_E1=False, is_VAE=True, is_VAE_var=False, is_binary_structural_latent=False, is_custom_model=False, is_custom_model_BK=False, is_default_model=False, is_encoder_struct=False, is_noise_stats=False, is_partial_rand_class=False, is_perturbed_score=False, is_zvar_sim_loss=False, just_train=False, kernel_size=4, kernel_size_1=4, kernel_size_2=4, kernel_size_3=4, lambda_BCE=1.0, lambda_Kl_struct=1, lambda_Kl_var=1, lambda_L1=0.01, lambda_VAE=1, lambda_class=1, lambda_contrastive_loss=1, lambda_distance_mean=1, lambda_hmg_dst=1, lambda_intra_class_var=1, lambda_partial_class=1, lambda_ratio_reg=1, lambda_recon_wt_rand=1, lambda_recons=1, lambda_uniq_code_dst=1, lambda_var_distance=1, lambda_var_inter=1, lambda_var_intra=1, lambda_zvar_sim=1, latent_spec_cont=None, latent_spec_cont_class=None, latent_spec_cont_var=None, latent_spec_disc=None, latent_spec_disc_class=None, latent_spec_disc_var=None, log_level='info', loss='Proxy_Anchor', loss_distance_mean=False, loss_min_distance_cl=False, lr=0.001, max_epoch_use_uniq_code_target=5, max_iter=100.0, model='CNN', mrg=0.1, nb_epochs_train_only_zvar=0, num_workers=2, old_weighted=False, optimizer='adamw', other_architecture=False, other_ratio=False, random_percentage=0.2, random_seed=10, randomness=True, ratio_reg=False, remark='', save_step=10000, second_layer_C=False, seed=1, stride_size=1, sz_embedding=5, three_conv_layer=True, train=True, train_var_struct_alternatively=False, two_conv_layer=True, two_encoder=False, uniq_code_dst_loss=False, use_VAE=False, use_decoder=False, use_early_stopping=True, use_scheduler=True, use_small_lr_encoder_var=False, use_structural_encoder=False, value_target_distance_mean=1, var_hidden_dim=256, var_hidden_filters_1=32, var_hidden_filters_2=32, var_hidden_filters_3=32, var_kernel_size_1=3, var_kernel_size_2=3, var_kernel_size_3=3, var_second_cnn_block=False, var_stride_size_1=1, var_stride_size_2=1, var_stride_size_3=1, var_third_cnn_block=False, var_three_conv_layer=False, warm=1, without_acc=False, z_struct_size=15, z_var_size=15, zeros_W_Classif=False, zvar_sim_change_zvar=False, zvar_sim_loss_for_all_model=False, zvar_sim_loss_only_for_encoder=False, zvar_sim_normal=False, zvar_sim_var_rand=False)
CUDA Visible devices !
[Using Seed: 10]
Balanced dataset loaded
use 1 gpu who named: Tesla V100-SXM2-32GB
=> no checkpoint found at 'checkpoints_CNN/mnist_VAE_s15_v15_SE_test/last'
VAE doesn't exist but encoder struct yes ! load struct encoder weighs !
use 1 gpu who named: Tesla V100-SXM2-32GB
Weighs loaded for struct encoder !
VAE(
  (encoder_struct): Sequential(
    (0): Conv2d(1, 64, kernel_size=(8, 8), stride=(1, 1))
    (1): BatchNorm2d(64, eps=1e-05, momentum=0.1, affine=True, track_running_stats=True)
    (2): ReLU(inplace=True)
    (3): Conv2d(64, 64, kernel_size=(4, 4), stride=(1, 1))
    (4): BatchNorm2d(64, eps=1e-05, momentum=0.1, affine=True, track_running_stats=True)
    (5): ReLU(inplace=True)
    (6): Conv2d(64, 15, kernel_size=(4, 4), stride=(1, 1))
    (7): DeterministicBinaryActivation(
      (act): Hardsigmoid(
        (act): Hardtanh(min_val=-1.0, max_val=1.0)
      )
    )
    (8): AdaptiveMaxPool2d(output_size=(1, 1))
    (9): View()
  )
  (encoder_var): Sequential(
    (0): Conv2d(1, 32, kernel_size=(3, 3), stride=(1, 1))
    (1): ReLU(inplace=True)
    (2): BatchNorm2d(32, eps=1e-05, momentum=0.1, affine=True, track_running_stats=True)
    (3): Conv2d(32, 32, kernel_size=(3, 3), stride=(1, 1))
    (4): ReLU(inplace=True)
    (5): BatchNorm2d(32, eps=1e-05, momentum=0.1, affine=True, track_running_stats=True)
    (6): Conv2d(32, 32, kernel_size=(5, 5), stride=(2, 2), padding=(2, 2))
    (7): ReLU(inplace=True)
    (8): BatchNorm2d(32, eps=1e-05, momentum=0.1, affine=True, track_running_stats=True)
    (9): Dropout(p=0.4, inplace=False)
    (10): View()
    (11): Linear(in_features=6272, out_features=30, bias=True)
  )
  (decoder): Sequential(
    (0): Linear(in_features=30, out_features=6272, bias=True)
    (1): ReLU(inplace=True)
    (2): View()
    (3): ConvTranspose2d(32, 32, kernel_size=(4, 4), stride=(2, 2), padding=(1, 1))
    (4): ReLU(inplace=True)
    (5): ConvTranspose2d(32, 32, kernel_size=(3, 3), stride=(1, 1))
    (6): ReLU(inplace=True)
    (7): ConvTranspose2d(32, 1, kernel_size=(3, 3), stride=(1, 1))
    (8): Sigmoid()
  )
)
The number of parameters of model is 529358
=> saved checkpoint 'checkpoints_CNN/mnist_VAE_s15_v15_SE_test/last' (iter 270, epoch 1.0)
=> saved checkpoint 'checkpoint_scores_CNN/mnist_VAE_s15_v15_SE_test/last' (iter 270, epoch 1.0)
[Save Checkpoint] epoch: [1.0], Train: total:85.42262, BCE:2.31782, KLD:83.10481,Test: total:334.09735, BCE:2.45817, KLD:331.63919
=> saved checkpoint 'checkpoints_CNN/mnist_VAE_s15_v15_SE_test/last' (iter 540, epoch 2.0)
=> saved checkpoint 'checkpoint_scores_CNN/mnist_VAE_s15_v15_SE_test/last' (iter 540, epoch 2.0)
[Save Checkpoint] epoch: [2.0], Train: total:17.42496, BCE:2.40801, KLD:15.01695,Test: total:63.04168, BCE:2.56339, KLD:60.47829
=> saved checkpoint 'checkpoints_CNN/mnist_VAE_s15_v15_SE_test/last' (iter 810, epoch 3.0)
=> saved checkpoint 'checkpoint_scores_CNN/mnist_VAE_s15_v15_SE_test/last' (iter 810, epoch 3.0)
[Save Checkpoint] epoch: [3.0], Train: total:7.90720, BCE:2.44147, KLD:5.46573,Test: total:24.59416, BCE:2.64155, KLD:21.95261
=> saved checkpoint 'checkpoints_CNN/mnist_VAE_s15_v15_SE_test/last' (iter 1080, epoch 4.0)
=> saved checkpoint 'checkpoint_scores_CNN/mnist_VAE_s15_v15_SE_test/last' (iter 1080, epoch 4.0)
[Save Checkpoint] epoch: [4.0], Train: total:5.67337, BCE:2.42469, KLD:3.24868,Test: total:15.75403, BCE:2.57670, KLD:13.17732
=> saved checkpoint 'checkpoints_CNN/mnist_VAE_s15_v15_SE_test/last' (iter 1350, epoch 5.0)
=> saved checkpoint 'checkpoint_scores_CNN/mnist_VAE_s15_v15_SE_test/last' (iter 1350, epoch 5.0)
[Save Checkpoint] epoch: [5.0], Train: total:4.34854, BCE:2.42730, KLD:1.92125,Test: total:10.41855, BCE:2.59482, KLD:7.82373
=> saved checkpoint 'checkpoints_CNN/mnist_VAE_s15_v15_SE_test/last' (iter 1620, epoch 6.0)
=> saved checkpoint 'checkpoint_scores_CNN/mnist_VAE_s15_v15_SE_test/last' (iter 1620, epoch 6.0)
[Save Checkpoint] epoch: [6.0], Train: total:4.24194, BCE:2.44935, KLD:1.79259,Test: total:10.02005, BCE:2.62743, KLD:7.39262
=> saved checkpoint 'checkpoints_CNN/mnist_VAE_s15_v15_SE_test/last' (iter 1890, epoch 7.0)
=> saved checkpoint 'checkpoint_scores_CNN/mnist_VAE_s15_v15_SE_test/last' (iter 1890, epoch 7.0)
[Save Checkpoint] epoch: [7.0], Train: total:4.32299, BCE:2.44617, KLD:1.87681,Test: total:10.35047, BCE:2.62879, KLD:7.72168
=> saved checkpoint 'checkpoints_CNN/mnist_VAE_s15_v15_SE_test/last' (iter 2160, epoch 8.0)
=> saved checkpoint 'checkpoint_scores_CNN/mnist_VAE_s15_v15_SE_test/last' (iter 2160, epoch 8.0)
EarlyStopping counter: 1 out of 25
[Save Checkpoint] epoch: [8.0], Train: total:8.91237, BCE:2.44580, KLD:6.46656,Test: total:29.42319, BCE:2.61493, KLD:26.80826
=> saved checkpoint 'checkpoints_CNN/mnist_VAE_s15_v15_SE_test/last' (iter 2430, epoch 9.0)
=> saved checkpoint 'checkpoint_scores_CNN/mnist_VAE_s15_v15_SE_test/last' (iter 2430, epoch 9.0)
EarlyStopping counter: 2 out of 25
[Save Checkpoint] epoch: [9.0], Train: total:7.64896, BCE:2.46638, KLD:5.18259,Test: total:24.13517, BCE:2.67120, KLD:21.46396
Epoch    10: reducing learning rate of group 0 to 2.0000e-04.
=> saved checkpoint 'checkpoints_CNN/mnist_VAE_s15_v15_SE_test/last' (iter 2700, epoch 10.0)
=> saved checkpoint 'checkpoint_scores_CNN/mnist_VAE_s15_v15_SE_test/last' (iter 2700, epoch 10.0)
EarlyStopping counter: 3 out of 25
[Save Checkpoint] epoch: [10.0], Train: total:9.82194, BCE:2.48875, KLD:7.33319,Test: total:33.30868, BCE:2.66874, KLD:30.63994
=> saved checkpoint 'checkpoints_CNN/mnist_VAE_s15_v15_SE_test/last' (iter 2970, epoch 11.0)
=> saved checkpoint 'checkpoint_scores_CNN/mnist_VAE_s15_v15_SE_test/last' (iter 2970, epoch 11.0)
[Save Checkpoint] epoch: [11.0], Train: total:2.63235, BCE:2.47728, KLD:0.15507,Test: total:3.31691, BCE:2.68356, KLD:0.63336
=> saved checkpoint 'checkpoints_CNN/mnist_VAE_s15_v15_SE_test/last' (iter 3240, epoch 12.0)
=> saved checkpoint 'checkpoint_scores_CNN/mnist_VAE_s15_v15_SE_test/last' (iter 3240, epoch 12.0)
[Save Checkpoint] epoch: [12.0], Train: total:2.61393, BCE:2.48856, KLD:0.12538,Test: total:3.17524, BCE:2.66243, KLD:0.51281
=> saved checkpoint 'checkpoints_CNN/mnist_VAE_s15_v15_SE_test/last' (iter 3510, epoch 13.0)
=> saved checkpoint 'checkpoint_scores_CNN/mnist_VAE_s15_v15_SE_test/last' (iter 3510, epoch 13.0)
[Save Checkpoint] epoch: [13.0], Train: total:2.59447, BCE:2.47843, KLD:0.11604,Test: total:3.15647, BCE:2.67755, KLD:0.47892
=> saved checkpoint 'checkpoints_CNN/mnist_VAE_s15_v15_SE_test/last' (iter 3780, epoch 14.0)
=> saved checkpoint 'checkpoint_scores_CNN/mnist_VAE_s15_v15_SE_test/last' (iter 3780, epoch 14.0)
[Save Checkpoint] epoch: [14.0], Train: total:2.59963, BCE:2.48918, KLD:0.11045,Test: total:3.15554, BCE:2.69373, KLD:0.46181
Epoch    15: reducing learning rate of group 0 to 4.0000e-05.
=> saved checkpoint 'checkpoints_CNN/mnist_VAE_s15_v15_SE_test/last' (iter 4050, epoch 15.0)
=> saved checkpoint 'checkpoint_scores_CNN/mnist_VAE_s15_v15_SE_test/last' (iter 4050, epoch 15.0)
EarlyStopping counter: 1 out of 25
[Save Checkpoint] epoch: [15.0], Train: total:2.59411, BCE:2.47669, KLD:0.11742,Test: total:3.17039, BCE:2.68391, KLD:0.48648
=> saved checkpoint 'checkpoints_CNN/mnist_VAE_s15_v15_SE_test/last' (iter 4320, epoch 16.0)
=> saved checkpoint 'checkpoint_scores_CNN/mnist_VAE_s15_v15_SE_test/last' (iter 4320, epoch 16.0)
[Save Checkpoint] epoch: [16.0], Train: total:2.55098, BCE:2.48516, KLD:0.06581,Test: total:2.94845, BCE:2.67620, KLD:0.27225
=> saved checkpoint 'checkpoints_CNN/mnist_VAE_s15_v15_SE_test/last' (iter 4590, epoch 17.0)
=> saved checkpoint 'checkpoint_scores_CNN/mnist_VAE_s15_v15_SE_test/last' (iter 4590, epoch 17.0)
EarlyStopping counter: 1 out of 25
[Save Checkpoint] epoch: [17.0], Train: total:2.54237, BCE:2.47691, KLD:0.06546,Test: total:2.93696, BCE:2.66698, KLD:0.26999
=> saved checkpoint 'checkpoints_CNN/mnist_VAE_s15_v15_SE_test/last' (iter 4860, epoch 18.0)
=> saved checkpoint 'checkpoint_scores_CNN/mnist_VAE_s15_v15_SE_test/last' (iter 4860, epoch 18.0)
[Save Checkpoint] epoch: [18.0], Train: total:2.55608, BCE:2.49252, KLD:0.06356,Test: total:2.94537, BCE:2.68110, KLD:0.26427
=> saved checkpoint 'checkpoints_CNN/mnist_VAE_s15_v15_SE_test/last' (iter 5130, epoch 19.0)
=> saved checkpoint 'checkpoint_scores_CNN/mnist_VAE_s15_v15_SE_test/last' (iter 5130, epoch 19.0)
[Save Checkpoint] epoch: [19.0], Train: total:2.55625, BCE:2.49210, KLD:0.06414,Test: total:2.93917, BCE:2.67387, KLD:0.26530
Epoch    20: reducing learning rate of group 0 to 8.0000e-06.
=> saved checkpoint 'checkpoints_CNN/mnist_VAE_s15_v15_SE_test/last' (iter 5400, epoch 20.0)
=> saved checkpoint 'checkpoint_scores_CNN/mnist_VAE_s15_v15_SE_test/last' (iter 5400, epoch 20.0)
[Save Checkpoint] epoch: [20.0], Train: total:2.57341, BCE:2.50808, KLD:0.06533,Test: total:2.96365, BCE:2.69212, KLD:0.27153
=> saved checkpoint 'checkpoints_CNN/mnist_VAE_s15_v15_SE_test/last' (iter 5670, epoch 21.0)
=> saved checkpoint 'checkpoint_scores_CNN/mnist_VAE_s15_v15_SE_test/last' (iter 5670, epoch 21.0)
[Save Checkpoint] epoch: [21.0], Train: total:2.53755, BCE:2.48329, KLD:0.05426,Test: total:2.89306, BCE:2.66801, KLD:0.22505
=> saved checkpoint 'checkpoints_CNN/mnist_VAE_s15_v15_SE_test/last' (iter 5940, epoch 22.0)
=> saved checkpoint 'checkpoint_scores_CNN/mnist_VAE_s15_v15_SE_test/last' (iter 5940, epoch 22.0)
EarlyStopping counter: 1 out of 25
[Save Checkpoint] epoch: [22.0], Train: total:2.54123, BCE:2.48757, KLD:0.05366,Test: total:2.87045, BCE:2.64830, KLD:0.22214
=> saved checkpoint 'checkpoints_CNN/mnist_VAE_s15_v15_SE_test/last' (iter 6210, epoch 23.0)
=> saved checkpoint 'checkpoint_scores_CNN/mnist_VAE_s15_v15_SE_test/last' (iter 6210, epoch 23.0)
EarlyStopping counter: 2 out of 25
[Save Checkpoint] epoch: [23.0], Train: total:2.54896, BCE:2.49507, KLD:0.05388,Test: total:2.89533, BCE:2.67172, KLD:0.22361
=> saved checkpoint 'checkpoints_CNN/mnist_VAE_s15_v15_SE_test/last' (iter 6480, epoch 24.0)
=> saved checkpoint 'checkpoint_scores_CNN/mnist_VAE_s15_v15_SE_test/last' (iter 6480, epoch 24.0)
[Save Checkpoint] epoch: [24.0], Train: total:2.54995, BCE:2.49687, KLD:0.05308,Test: total:2.91633, BCE:2.69639, KLD:0.21993
Epoch    25: reducing learning rate of group 0 to 1.6000e-06.
=> saved checkpoint 'checkpoints_CNN/mnist_VAE_s15_v15_SE_test/last' (iter 6750, epoch 25.0)
=> saved checkpoint 'checkpoint_scores_CNN/mnist_VAE_s15_v15_SE_test/last' (iter 6750, epoch 25.0)
EarlyStopping counter: 1 out of 25
[Save Checkpoint] epoch: [25.0], Train: total:2.53303, BCE:2.47974, KLD:0.05329,Test: total:2.92497, BCE:2.70359, KLD:0.22137
=> saved checkpoint 'checkpoints_CNN/mnist_VAE_s15_v15_SE_test/last' (iter 7020, epoch 26.0)
=> saved checkpoint 'checkpoint_scores_CNN/mnist_VAE_s15_v15_SE_test/last' (iter 7020, epoch 26.0)
[Save Checkpoint] epoch: [26.0], Train: total:2.53987, BCE:2.48938, KLD:0.05049,Test: total:2.87855, BCE:2.66893, KLD:0.20962
=> saved checkpoint 'checkpoints_CNN/mnist_VAE_s15_v15_SE_test/last' (iter 7290, epoch 27.0)
=> saved checkpoint 'checkpoint_scores_CNN/mnist_VAE_s15_v15_SE_test/last' (iter 7290, epoch 27.0)
EarlyStopping counter: 1 out of 25
[Save Checkpoint] epoch: [27.0], Train: total:2.55432, BCE:2.50433, KLD:0.04999,Test: total:2.87960, BCE:2.67212, KLD:0.20748
=> saved checkpoint 'checkpoints_CNN/mnist_VAE_s15_v15_SE_test/last' (iter 7560, epoch 28.0)
=> saved checkpoint 'checkpoint_scores_CNN/mnist_VAE_s15_v15_SE_test/last' (iter 7560, epoch 28.0)
[Save Checkpoint] epoch: [28.0], Train: total:2.55518, BCE:2.50529, KLD:0.04989,Test: total:2.88138, BCE:2.67395, KLD:0.20743
=> saved checkpoint 'checkpoints_CNN/mnist_VAE_s15_v15_SE_test/last' (iter 7830, epoch 29.0)
=> saved checkpoint 'checkpoint_scores_CNN/mnist_VAE_s15_v15_SE_test/last' (iter 7830, epoch 29.0)
[Save Checkpoint] epoch: [29.0], Train: total:2.54876, BCE:2.49899, KLD:0.04977,Test: total:2.88151, BCE:2.67501, KLD:0.20649
Epoch    30: reducing learning rate of group 0 to 1.0000e-06.
=> saved checkpoint 'checkpoints_CNN/mnist_VAE_s15_v15_SE_test/last' (iter 8100, epoch 30.0)
=> saved checkpoint 'checkpoint_scores_CNN/mnist_VAE_s15_v15_SE_test/last' (iter 8100, epoch 30.0)
[Save Checkpoint] epoch: [30.0], Train: total:2.53692, BCE:2.48728, KLD:0.04964,Test: total:2.89427, BCE:2.68795, KLD:0.20633
=> saved checkpoint 'checkpoints_CNN/mnist_VAE_s15_v15_SE_test/last' (iter 8370, epoch 31.0)
=> saved checkpoint 'checkpoint_scores_CNN/mnist_VAE_s15_v15_SE_test/last' (iter 8370, epoch 31.0)
[Save Checkpoint] epoch: [31.0], Train: total:2.54176, BCE:2.49264, KLD:0.04912,Test: total:2.86086, BCE:2.65699, KLD:0.20387
=> saved checkpoint 'checkpoints_CNN/mnist_VAE_s15_v15_SE_test/last' (iter 8640, epoch 32.0)
=> saved checkpoint 'checkpoint_scores_CNN/mnist_VAE_s15_v15_SE_test/last' (iter 8640, epoch 32.0)
EarlyStopping counter: 1 out of 25
[Save Checkpoint] epoch: [32.0], Train: total:2.53696, BCE:2.48802, KLD:0.04894,Test: total:2.86266, BCE:2.65949, KLD:0.20317
=> saved checkpoint 'checkpoints_CNN/mnist_VAE_s15_v15_SE_test/last' (iter 8910, epoch 33.0)
=> saved checkpoint 'checkpoint_scores_CNN/mnist_VAE_s15_v15_SE_test/last' (iter 8910, epoch 33.0)
EarlyStopping counter: 2 out of 25
[Save Checkpoint] epoch: [33.0], Train: total:2.53436, BCE:2.48555, KLD:0.04881,Test: total:2.86800, BCE:2.66531, KLD:0.20269
=> saved checkpoint 'checkpoints_CNN/mnist_VAE_s15_v15_SE_test/last' (iter 9180, epoch 34.0)
=> saved checkpoint 'checkpoint_scores_CNN/mnist_VAE_s15_v15_SE_test/last' (iter 9180, epoch 34.0)
EarlyStopping counter: 3 out of 25
[Save Checkpoint] epoch: [34.0], Train: total:2.54376, BCE:2.49508, KLD:0.04869,Test: total:2.87394, BCE:2.67192, KLD:0.20202
=> saved checkpoint 'checkpoints_CNN/mnist_VAE_s15_v15_SE_test/last' (iter 9450, epoch 35.0)
=> saved checkpoint 'checkpoint_scores_CNN/mnist_VAE_s15_v15_SE_test/last' (iter 9450, epoch 35.0)
EarlyStopping counter: 4 out of 25
[Save Checkpoint] epoch: [35.0], Train: total:2.55506, BCE:2.50648, KLD:0.04858,Test: total:2.88602, BCE:2.68417, KLD:0.20186
=> saved checkpoint 'checkpoints_CNN/mnist_VAE_s15_v15_SE_test/last' (iter 9720, epoch 36.0)
=> saved checkpoint 'checkpoint_scores_CNN/mnist_VAE_s15_v15_SE_test/last' (iter 9720, epoch 36.0)
EarlyStopping counter: 5 out of 25
[Save Checkpoint] epoch: [36.0], Train: total:2.54442, BCE:2.49606, KLD:0.04835,Test: total:2.84955, BCE:2.64885, KLD:0.20070
=> saved checkpoint 'checkpoints_CNN/mnist_VAE_s15_v15_SE_test/last' (iter 9990, epoch 37.0)
=> saved checkpoint 'checkpoint_scores_CNN/mnist_VAE_s15_v15_SE_test/last' (iter 9990, epoch 37.0)
EarlyStopping counter: 6 out of 25
[Save Checkpoint] epoch: [37.0], Train: total:2.55362, BCE:2.50550, KLD:0.04812,Test: total:2.88441, BCE:2.68456, KLD:0.19985
=> saved checkpoint 'checkpoints_CNN/mnist_VAE_s15_v15_SE_test/last' (iter 10260, epoch 38.0)
=> saved checkpoint 'checkpoint_scores_CNN/mnist_VAE_s15_v15_SE_test/last' (iter 10260, epoch 38.0)
EarlyStopping counter: 7 out of 25
[Save Checkpoint] epoch: [38.0], Train: total:2.54424, BCE:2.49630, KLD:0.04794,Test: total:2.85639, BCE:2.65731, KLD:0.19907
=> saved checkpoint 'checkpoints_CNN/mnist_VAE_s15_v15_SE_test/last' (iter 10530, epoch 39.0)
=> saved checkpoint 'checkpoint_scores_CNN/mnist_VAE_s15_v15_SE_test/last' (iter 10530, epoch 39.0)
EarlyStopping counter: 8 out of 25
[Save Checkpoint] epoch: [39.0], Train: total:2.55241, BCE:2.50482, KLD:0.04759,Test: total:2.86502, BCE:2.66674, KLD:0.19828
=> saved checkpoint 'checkpoints_CNN/mnist_VAE_s15_v15_SE_test/last' (iter 10800, epoch 40.0)
=> saved checkpoint 'checkpoint_scores_CNN/mnist_VAE_s15_v15_SE_test/last' (iter 10800, epoch 40.0)
EarlyStopping counter: 9 out of 25
[Save Checkpoint] epoch: [40.0], Train: total:2.54480, BCE:2.49734, KLD:0.04746,Test: total:2.88638, BCE:2.68889, KLD:0.19749
=> saved checkpoint 'checkpoints_CNN/mnist_VAE_s15_v15_SE_test/last' (iter 11070, epoch 41.0)
=> saved checkpoint 'checkpoint_scores_CNN/mnist_VAE_s15_v15_SE_test/last' (iter 11070, epoch 41.0)
EarlyStopping counter: 10 out of 25
[Save Checkpoint] epoch: [41.0], Train: total:2.53547, BCE:2.48833, KLD:0.04714,Test: total:2.88789, BCE:2.69178, KLD:0.19611
=> saved checkpoint 'checkpoints_CNN/mnist_VAE_s15_v15_SE_test/last' (iter 11340, epoch 42.0)
=> saved checkpoint 'checkpoint_scores_CNN/mnist_VAE_s15_v15_SE_test/last' (iter 11340, epoch 42.0)
[Save Checkpoint] epoch: [42.0], Train: total:2.55012, BCE:2.50346, KLD:0.04666,Test: total:2.87106, BCE:2.67681, KLD:0.19425
=> saved checkpoint 'checkpoints_CNN/mnist_VAE_s15_v15_SE_test/last' (iter 11610, epoch 43.0)
=> saved checkpoint 'checkpoint_scores_CNN/mnist_VAE_s15_v15_SE_test/last' (iter 11610, epoch 43.0)
EarlyStopping counter: 1 out of 25
[Save Checkpoint] epoch: [43.0], Train: total:2.54235, BCE:2.49613, KLD:0.04621,Test: total:2.87706, BCE:2.68462, KLD:0.19244
=> saved checkpoint 'checkpoints_CNN/mnist_VAE_s15_v15_SE_test/last' (iter 11880, epoch 44.0)
=> saved checkpoint 'checkpoint_scores_CNN/mnist_VAE_s15_v15_SE_test/last' (iter 11880, epoch 44.0)
EarlyStopping counter: 2 out of 25
[Save Checkpoint] epoch: [44.0], Train: total:2.54077, BCE:2.49526, KLD:0.04551,Test: total:2.86912, BCE:2.67983, KLD:0.18929
=> saved checkpoint 'checkpoints_CNN/mnist_VAE_s15_v15_SE_test/last' (iter 12150, epoch 45.0)
=> saved checkpoint 'checkpoint_scores_CNN/mnist_VAE_s15_v15_SE_test/last' (iter 12150, epoch 45.0)
EarlyStopping counter: 3 out of 25
[Save Checkpoint] epoch: [45.0], Train: total:2.53645, BCE:2.49140, KLD:0.04505,Test: total:2.87351, BCE:2.68586, KLD:0.18765
=> saved checkpoint 'checkpoints_CNN/mnist_VAE_s15_v15_SE_test/last' (iter 12420, epoch 46.0)
=> saved checkpoint 'checkpoint_scores_CNN/mnist_VAE_s15_v15_SE_test/last' (iter 12420, epoch 46.0)
EarlyStopping counter: 4 out of 25
[Save Checkpoint] epoch: [46.0], Train: total:2.54040, BCE:2.49599, KLD:0.04441,Test: total:2.87694, BCE:2.69194, KLD:0.18500
=> saved checkpoint 'checkpoints_CNN/mnist_VAE_s15_v15_SE_test/last' (iter 12690, epoch 47.0)
=> saved checkpoint 'checkpoint_scores_CNN/mnist_VAE_s15_v15_SE_test/last' (iter 12690, epoch 47.0)
EarlyStopping counter: 5 out of 25
[Save Checkpoint] epoch: [47.0], Train: total:2.54399, BCE:2.50011, KLD:0.04388,Test: total:2.88657, BCE:2.70354, KLD:0.18303
=> saved checkpoint 'checkpoints_CNN/mnist_VAE_s15_v15_SE_test/last' (iter 12960, epoch 48.0)
=> saved checkpoint 'checkpoint_scores_CNN/mnist_VAE_s15_v15_SE_test/last' (iter 12960, epoch 48.0)
EarlyStopping counter: 6 out of 25
[Save Checkpoint] epoch: [48.0], Train: total:2.53825, BCE:2.49502, KLD:0.04323,Test: total:2.87924, BCE:2.69899, KLD:0.18025
=> saved checkpoint 'checkpoints_CNN/mnist_VAE_s15_v15_SE_test/last' (iter 13230, epoch 49.0)
=> saved checkpoint 'checkpoint_scores_CNN/mnist_VAE_s15_v15_SE_test/last' (iter 13230, epoch 49.0)
EarlyStopping counter: 7 out of 25
[Save Checkpoint] epoch: [49.0], Train: total:2.53536, BCE:2.49292, KLD:0.04244,Test: total:2.87590, BCE:2.69867, KLD:0.17723
=> saved checkpoint 'checkpoints_CNN/mnist_VAE_s15_v15_SE_test/last' (iter 13500, epoch 50.0)
=> saved checkpoint 'checkpoint_scores_CNN/mnist_VAE_s15_v15_SE_test/last' (iter 13500, epoch 50.0)
[Save Checkpoint] epoch: [50.0], Train: total:2.53949, BCE:2.49752, KLD:0.04196,Test: total:2.86594, BCE:2.69073, KLD:0.17521
=> saved checkpoint 'checkpoints_CNN/mnist_VAE_s15_v15_SE_test/last' (iter 13770, epoch 51.0)
=> saved checkpoint 'checkpoint_scores_CNN/mnist_VAE_s15_v15_SE_test/last' (iter 13770, epoch 51.0)
EarlyStopping counter: 1 out of 25
[Save Checkpoint] epoch: [51.0], Train: total:2.54443, BCE:2.50340, KLD:0.04103,Test: total:2.86580, BCE:2.69468, KLD:0.17113
=> saved checkpoint 'checkpoints_CNN/mnist_VAE_s15_v15_SE_test/last' (iter 14040, epoch 52.0)
=> saved checkpoint 'checkpoint_scores_CNN/mnist_VAE_s15_v15_SE_test/last' (iter 14040, epoch 52.0)
EarlyStopping counter: 2 out of 25
[Save Checkpoint] epoch: [52.0], Train: total:2.54147, BCE:2.50136, KLD:0.04011,Test: total:2.83586, BCE:2.66834, KLD:0.16752
=> saved checkpoint 'checkpoints_CNN/mnist_VAE_s15_v15_SE_test/last' (iter 14310, epoch 53.0)
=> saved checkpoint 'checkpoint_scores_CNN/mnist_VAE_s15_v15_SE_test/last' (iter 14310, epoch 53.0)
[Save Checkpoint] epoch: [53.0], Train: total:2.54042, BCE:2.50103, KLD:0.03939,Test: total:2.84286, BCE:2.67794, KLD:0.16492
=> saved checkpoint 'checkpoints_CNN/mnist_VAE_s15_v15_SE_test/last' (iter 14580, epoch 54.0)
=> saved checkpoint 'checkpoint_scores_CNN/mnist_VAE_s15_v15_SE_test/last' (iter 14580, epoch 54.0)
[Save Checkpoint] epoch: [54.0], Train: total:2.53750, BCE:2.49913, KLD:0.03837,Test: total:2.87301, BCE:2.71275, KLD:0.16026
=> saved checkpoint 'checkpoints_CNN/mnist_VAE_s15_v15_SE_test/last' (iter 14850, epoch 55.0)
=> saved checkpoint 'checkpoint_scores_CNN/mnist_VAE_s15_v15_SE_test/last' (iter 14850, epoch 55.0)
EarlyStopping counter: 1 out of 25
[Save Checkpoint] epoch: [55.0], Train: total:2.54309, BCE:2.50527, KLD:0.03782,Test: total:2.87428, BCE:2.71602, KLD:0.15826
=> saved checkpoint 'checkpoints_CNN/mnist_VAE_s15_v15_SE_test/last' (iter 15120, epoch 56.0)
=> saved checkpoint 'checkpoint_scores_CNN/mnist_VAE_s15_v15_SE_test/last' (iter 15120, epoch 56.0)
[Save Checkpoint] epoch: [56.0], Train: total:2.54000, BCE:2.50288, KLD:0.03711,Test: total:2.87306, BCE:2.71770, KLD:0.15536
=> saved checkpoint 'checkpoints_CNN/mnist_VAE_s15_v15_SE_test/last' (iter 15390, epoch 57.0)
=> saved checkpoint 'checkpoint_scores_CNN/mnist_VAE_s15_v15_SE_test/last' (iter 15390, epoch 57.0)
EarlyStopping counter: 1 out of 25
[Save Checkpoint] epoch: [57.0], Train: total:2.54933, BCE:2.51325, KLD:0.03608,Test: total:2.85714, BCE:2.70610, KLD:0.15104
=> saved checkpoint 'checkpoints_CNN/mnist_VAE_s15_v15_SE_test/last' (iter 15660, epoch 58.0)
=> saved checkpoint 'checkpoint_scores_CNN/mnist_VAE_s15_v15_SE_test/last' (iter 15660, epoch 58.0)
[Save Checkpoint] epoch: [58.0], Train: total:2.54782, BCE:2.51256, KLD:0.03526,Test: total:2.85611, BCE:2.70813, KLD:0.14798
=> saved checkpoint 'checkpoints_CNN/mnist_VAE_s15_v15_SE_test/last' (iter 15930, epoch 59.0)
=> saved checkpoint 'checkpoint_scores_CNN/mnist_VAE_s15_v15_SE_test/last' (iter 15930, epoch 59.0)
EarlyStopping counter: 1 out of 25
[Save Checkpoint] epoch: [59.0], Train: total:2.56108, BCE:2.52644, KLD:0.03464,Test: total:2.86114, BCE:2.71610, KLD:0.14504
=> saved checkpoint 'checkpoints_CNN/mnist_VAE_s15_v15_SE_test/last' (iter 16200, epoch 60.0)
=> saved checkpoint 'checkpoint_scores_CNN/mnist_VAE_s15_v15_SE_test/last' (iter 16200, epoch 60.0)
EarlyStopping counter: 2 out of 25
[Save Checkpoint] epoch: [60.0], Train: total:2.56097, BCE:2.52717, KLD:0.03380,Test: total:2.87348, BCE:2.73163, KLD:0.14185
=> saved checkpoint 'checkpoints_CNN/mnist_VAE_s15_v15_SE_test/last' (iter 16470, epoch 61.0)
=> saved checkpoint 'checkpoint_scores_CNN/mnist_VAE_s15_v15_SE_test/last' (iter 16470, epoch 61.0)
EarlyStopping counter: 3 out of 25
[Save Checkpoint] epoch: [61.0], Train: total:2.55299, BCE:2.51985, KLD:0.03313,Test: total:2.88149, BCE:2.74251, KLD:0.13899
=> saved checkpoint 'checkpoints_CNN/mnist_VAE_s15_v15_SE_test/last' (iter 16740, epoch 62.0)
=> saved checkpoint 'checkpoint_scores_CNN/mnist_VAE_s15_v15_SE_test/last' (iter 16740, epoch 62.0)
[Save Checkpoint] epoch: [62.0], Train: total:2.56476, BCE:2.53234, KLD:0.03243,Test: total:2.84743, BCE:2.71138, KLD:0.13605
=> saved checkpoint 'checkpoints_CNN/mnist_VAE_s15_v15_SE_test/last' (iter 17010, epoch 63.0)
=> saved checkpoint 'checkpoint_scores_CNN/mnist_VAE_s15_v15_SE_test/last' (iter 17010, epoch 63.0)
EarlyStopping counter: 1 out of 25
[Save Checkpoint] epoch: [63.0], Train: total:2.56939, BCE:2.53786, KLD:0.03154,Test: total:2.87038, BCE:2.73812, KLD:0.13226
=> saved checkpoint 'checkpoints_CNN/mnist_VAE_s15_v15_SE_test/last' (iter 17280, epoch 64.0)
=> saved checkpoint 'checkpoint_scores_CNN/mnist_VAE_s15_v15_SE_test/last' (iter 17280, epoch 64.0)
[Save Checkpoint] epoch: [64.0], Train: total:2.57316, BCE:2.54217, KLD:0.03099,Test: total:2.89035, BCE:2.76024, KLD:0.13011
=> saved checkpoint 'checkpoints_CNN/mnist_VAE_s15_v15_SE_test/last' (iter 17550, epoch 65.0)
=> saved checkpoint 'checkpoint_scores_CNN/mnist_VAE_s15_v15_SE_test/last' (iter 17550, epoch 65.0)
EarlyStopping counter: 1 out of 25
[Save Checkpoint] epoch: [65.0], Train: total:2.57471, BCE:2.54453, KLD:0.03018,Test: total:2.87757, BCE:2.75106, KLD:0.12652
=> saved checkpoint 'checkpoints_CNN/mnist_VAE_s15_v15_SE_test/last' (iter 17820, epoch 66.0)
=> saved checkpoint 'checkpoint_scores_CNN/mnist_VAE_s15_v15_SE_test/last' (iter 17820, epoch 66.0)
EarlyStopping counter: 2 out of 25
[Save Checkpoint] epoch: [66.0], Train: total:2.58502, BCE:2.55551, KLD:0.02951,Test: total:2.85327, BCE:2.72926, KLD:0.12401
=> saved checkpoint 'checkpoints_CNN/mnist_VAE_s15_v15_SE_test/last' (iter 18090, epoch 67.0)
=> saved checkpoint 'checkpoint_scores_CNN/mnist_VAE_s15_v15_SE_test/last' (iter 18090, epoch 67.0)
EarlyStopping counter: 3 out of 25
[Save Checkpoint] epoch: [67.0], Train: total:2.58473, BCE:2.55580, KLD:0.02893,Test: total:2.89424, BCE:2.77299, KLD:0.12125
=> saved checkpoint 'checkpoints_CNN/mnist_VAE_s15_v15_SE_test/last' (iter 18360, epoch 68.0)
=> saved checkpoint 'checkpoint_scores_CNN/mnist_VAE_s15_v15_SE_test/last' (iter 18360, epoch 68.0)
EarlyStopping counter: 4 out of 25
[Save Checkpoint] epoch: [68.0], Train: total:2.60206, BCE:2.57372, KLD:0.02833,Test: total:2.89199, BCE:2.77284, KLD:0.11916
=> saved checkpoint 'checkpoints_CNN/mnist_VAE_s15_v15_SE_test/last' (iter 18630, epoch 69.0)
=> saved checkpoint 'checkpoint_scores_CNN/mnist_VAE_s15_v15_SE_test/last' (iter 18630, epoch 69.0)
EarlyStopping counter: 5 out of 25
[Save Checkpoint] epoch: [69.0], Train: total:2.61589, BCE:2.58831, KLD:0.02758,Test: total:2.89574, BCE:2.77979, KLD:0.11595
=> saved checkpoint 'checkpoints_CNN/mnist_VAE_s15_v15_SE_test/last' (iter 18900, epoch 70.0)
=> saved checkpoint 'checkpoint_scores_CNN/mnist_VAE_s15_v15_SE_test/last' (iter 18900, epoch 70.0)
[Save Checkpoint] epoch: [70.0], Train: total:2.60852, BCE:2.58141, KLD:0.02711,Test: total:2.92461, BCE:2.81057, KLD:0.11404
=> saved checkpoint 'checkpoints_CNN/mnist_VAE_s15_v15_SE_test/last' (iter 19170, epoch 71.0)
=> saved checkpoint 'checkpoint_scores_CNN/mnist_VAE_s15_v15_SE_test/last' (iter 19170, epoch 71.0)
EarlyStopping counter: 1 out of 25
[Save Checkpoint] epoch: [71.0], Train: total:2.62567, BCE:2.59929, KLD:0.02638,Test: total:2.92092, BCE:2.80988, KLD:0.11104
=> saved checkpoint 'checkpoints_CNN/mnist_VAE_s15_v15_SE_test/last' (iter 19440, epoch 72.0)
=> saved checkpoint 'checkpoint_scores_CNN/mnist_VAE_s15_v15_SE_test/last' (iter 19440, epoch 72.0)
[Save Checkpoint] epoch: [72.0], Train: total:2.62626, BCE:2.60039, KLD:0.02587,Test: total:2.90508, BCE:2.79631, KLD:0.10877
=> saved checkpoint 'checkpoints_CNN/mnist_VAE_s15_v15_SE_test/last' (iter 19710, epoch 73.0)
=> saved checkpoint 'checkpoint_scores_CNN/mnist_VAE_s15_v15_SE_test/last' (iter 19710, epoch 73.0)
EarlyStopping counter: 1 out of 25
[Save Checkpoint] epoch: [73.0], Train: total:2.64044, BCE:2.61501, KLD:0.02543,Test: total:2.91668, BCE:2.80962, KLD:0.10706
=> saved checkpoint 'checkpoints_CNN/mnist_VAE_s15_v15_SE_test/last' (iter 19980, epoch 74.0)
=> saved checkpoint 'checkpoint_scores_CNN/mnist_VAE_s15_v15_SE_test/last' (iter 19980, epoch 74.0)
[Save Checkpoint] epoch: [74.0], Train: total:2.65758, BCE:2.63253, KLD:0.02505,Test: total:2.90966, BCE:2.80402, KLD:0.10564
=> saved checkpoint 'checkpoints_CNN/mnist_VAE_s15_v15_SE_test/last' (iter 20250, epoch 75.0)
=> saved checkpoint 'checkpoint_scores_CNN/mnist_VAE_s15_v15_SE_test/last' (iter 20250, epoch 75.0)
[Save Checkpoint] epoch: [75.0], Train: total:2.66707, BCE:2.64266, KLD:0.02440,Test: total:2.90506, BCE:2.80235, KLD:0.10270
=> saved checkpoint 'checkpoints_CNN/mnist_VAE_s15_v15_SE_test/last' (iter 20520, epoch 76.0)
=> saved checkpoint 'checkpoint_scores_CNN/mnist_VAE_s15_v15_SE_test/last' (iter 20520, epoch 76.0)
EarlyStopping counter: 1 out of 25
[Save Checkpoint] epoch: [76.0], Train: total:2.68905, BCE:2.66517, KLD:0.02389,Test: total:2.95715, BCE:2.85612, KLD:0.10103
=> saved checkpoint 'checkpoints_CNN/mnist_VAE_s15_v15_SE_test/last' (iter 20790, epoch 77.0)
=> saved checkpoint 'checkpoint_scores_CNN/mnist_VAE_s15_v15_SE_test/last' (iter 20790, epoch 77.0)
[Save Checkpoint] epoch: [77.0], Train: total:2.70244, BCE:2.67910, KLD:0.02335,Test: total:3.02491, BCE:2.92628, KLD:0.09864
=> saved checkpoint 'checkpoints_CNN/mnist_VAE_s15_v15_SE_test/last' (iter 21060, epoch 78.0)
=> saved checkpoint 'checkpoint_scores_CNN/mnist_VAE_s15_v15_SE_test/last' (iter 21060, epoch 78.0)
[Save Checkpoint] epoch: [78.0], Train: total:2.71761, BCE:2.69473, KLD:0.02288,Test: total:3.00754, BCE:2.91057, KLD:0.09697
=> saved checkpoint 'checkpoints_CNN/mnist_VAE_s15_v15_SE_test/last' (iter 21330, epoch 79.0)
=> saved checkpoint 'checkpoint_scores_CNN/mnist_VAE_s15_v15_SE_test/last' (iter 21330, epoch 79.0)
[Save Checkpoint] epoch: [79.0], Train: total:2.72776, BCE:2.70536, KLD:0.02240,Test: total:3.00921, BCE:2.91416, KLD:0.09505
=> saved checkpoint 'checkpoints_CNN/mnist_VAE_s15_v15_SE_test/last' (iter 21600, epoch 80.0)
=> saved checkpoint 'checkpoint_scores_CNN/mnist_VAE_s15_v15_SE_test/last' (iter 21600, epoch 80.0)
EarlyStopping counter: 1 out of 25
[Save Checkpoint] epoch: [80.0], Train: total:2.74331, BCE:2.72118, KLD:0.02213,Test: total:3.00824, BCE:2.91463, KLD:0.09361
=> saved checkpoint 'checkpoints_CNN/mnist_VAE_s15_v15_SE_test/last' (iter 21870, epoch 81.0)
=> saved checkpoint 'checkpoint_scores_CNN/mnist_VAE_s15_v15_SE_test/last' (iter 21870, epoch 81.0)
EarlyStopping counter: 2 out of 25
[Save Checkpoint] epoch: [81.0], Train: total:2.76602, BCE:2.74454, KLD:0.02148,Test: total:3.06321, BCE:2.97206, KLD:0.09116
=> saved checkpoint 'checkpoints_CNN/mnist_VAE_s15_v15_SE_test/last' (iter 22140, epoch 82.0)
=> saved checkpoint 'checkpoint_scores_CNN/mnist_VAE_s15_v15_SE_test/last' (iter 22140, epoch 82.0)
[Save Checkpoint] epoch: [82.0], Train: total:2.78143, BCE:2.76036, KLD:0.02107,Test: total:3.06615, BCE:2.97680, KLD:0.08935
=> saved checkpoint 'checkpoints_CNN/mnist_VAE_s15_v15_SE_test/last' (iter 22410, epoch 83.0)
=> saved checkpoint 'checkpoint_scores_CNN/mnist_VAE_s15_v15_SE_test/last' (iter 22410, epoch 83.0)
EarlyStopping counter: 1 out of 25
[Save Checkpoint] epoch: [83.0], Train: total:2.81411, BCE:2.79340, KLD:0.02071,Test: total:3.07380, BCE:2.98600, KLD:0.08780
=> saved checkpoint 'checkpoints_CNN/mnist_VAE_s15_v15_SE_test/last' (iter 22680, epoch 84.0)
=> saved checkpoint 'checkpoint_scores_CNN/mnist_VAE_s15_v15_SE_test/last' (iter 22680, epoch 84.0)
EarlyStopping counter: 2 out of 25
[Save Checkpoint] epoch: [84.0], Train: total:2.82666, BCE:2.80635, KLD:0.02031,Test: total:3.12356, BCE:3.03782, KLD:0.08574
=> saved checkpoint 'checkpoints_CNN/mnist_VAE_s15_v15_SE_test/last' (iter 22950, epoch 85.0)
=> saved checkpoint 'checkpoint_scores_CNN/mnist_VAE_s15_v15_SE_test/last' (iter 22950, epoch 85.0)
EarlyStopping counter: 3 out of 25
[Save Checkpoint] epoch: [85.0], Train: total:2.86419, BCE:2.84426, KLD:0.01993,Test: total:3.12916, BCE:3.04476, KLD:0.08440
=> saved checkpoint 'checkpoints_CNN/mnist_VAE_s15_v15_SE_test/last' (iter 23220, epoch 86.0)
=> saved checkpoint 'checkpoint_scores_CNN/mnist_VAE_s15_v15_SE_test/last' (iter 23220, epoch 86.0)
EarlyStopping counter: 4 out of 25
[Save Checkpoint] epoch: [86.0], Train: total:2.87495, BCE:2.85550, KLD:0.01945,Test: total:3.12235, BCE:3.03977, KLD:0.08258
=> saved checkpoint 'checkpoints_CNN/mnist_VAE_s15_v15_SE_test/last' (iter 23490, epoch 87.0)
=> saved checkpoint 'checkpoint_scores_CNN/mnist_VAE_s15_v15_SE_test/last' (iter 23490, epoch 87.0)
EarlyStopping counter: 5 out of 25
[Save Checkpoint] epoch: [87.0], Train: total:2.90411, BCE:2.88505, KLD:0.01906,Test: total:3.16086, BCE:3.07951, KLD:0.08134
=> saved checkpoint 'checkpoints_CNN/mnist_VAE_s15_v15_SE_test/last' (iter 23760, epoch 88.0)
=> saved checkpoint 'checkpoint_scores_CNN/mnist_VAE_s15_v15_SE_test/last' (iter 23760, epoch 88.0)
EarlyStopping counter: 6 out of 25
[Save Checkpoint] epoch: [88.0], Train: total:2.93262, BCE:2.91389, KLD:0.01873,Test: total:3.23310, BCE:3.15368, KLD:0.07942
=> saved checkpoint 'checkpoints_CNN/mnist_VAE_s15_v15_SE_test/last' (iter 24030, epoch 89.0)
=> saved checkpoint 'checkpoint_scores_CNN/mnist_VAE_s15_v15_SE_test/last' (iter 24030, epoch 89.0)
EarlyStopping counter: 7 out of 25
[Save Checkpoint] epoch: [89.0], Train: total:2.96548, BCE:2.94709, KLD:0.01838,Test: total:3.23291, BCE:3.15495, KLD:0.07795
=> saved checkpoint 'checkpoints_CNN/mnist_VAE_s15_v15_SE_test/last' (iter 24300, epoch 90.0)
=> saved checkpoint 'checkpoint_scores_CNN/mnist_VAE_s15_v15_SE_test/last' (iter 24300, epoch 90.0)
EarlyStopping counter: 8 out of 25
[Save Checkpoint] epoch: [90.0], Train: total:2.99399, BCE:2.97598, KLD:0.01801,Test: total:3.25753, BCE:3.18101, KLD:0.07652
=> saved checkpoint 'checkpoints_CNN/mnist_VAE_s15_v15_SE_test/last' (iter 24570, epoch 91.0)
=> saved checkpoint 'checkpoint_scores_CNN/mnist_VAE_s15_v15_SE_test/last' (iter 24570, epoch 91.0)
EarlyStopping counter: 9 out of 25
[Save Checkpoint] epoch: [91.0], Train: total:3.02084, BCE:3.00311, KLD:0.01772,Test: total:3.33878, BCE:3.26330, KLD:0.07548
=> saved checkpoint 'checkpoints_CNN/mnist_VAE_s15_v15_SE_test/last' (iter 24840, epoch 92.0)
=> saved checkpoint 'checkpoint_scores_CNN/mnist_VAE_s15_v15_SE_test/last' (iter 24840, epoch 92.0)
EarlyStopping counter: 10 out of 25
[Save Checkpoint] epoch: [92.0], Train: total:3.04960, BCE:3.03230, KLD:0.01731,Test: total:3.32225, BCE:3.24814, KLD:0.07411
=> saved checkpoint 'checkpoints_CNN/mnist_VAE_s15_v15_SE_test/last' (iter 25110, epoch 93.0)
=> saved checkpoint 'checkpoint_scores_CNN/mnist_VAE_s15_v15_SE_test/last' (iter 25110, epoch 93.0)
[Save Checkpoint] epoch: [93.0], Train: total:3.08103, BCE:3.06398, KLD:0.01705,Test: total:3.37001, BCE:3.29734, KLD:0.07267
=> saved checkpoint 'checkpoints_CNN/mnist_VAE_s15_v15_SE_test/last' (iter 25380, epoch 94.0)
=> saved checkpoint 'checkpoint_scores_CNN/mnist_VAE_s15_v15_SE_test/last' (iter 25380, epoch 94.0)
EarlyStopping counter: 1 out of 25
[Save Checkpoint] epoch: [94.0], Train: total:3.11932, BCE:3.10248, KLD:0.01683,Test: total:3.38550, BCE:3.31366, KLD:0.07184
=> saved checkpoint 'checkpoints_CNN/mnist_VAE_s15_v15_SE_test/last' (iter 25650, epoch 95.0)
=> saved checkpoint 'checkpoint_scores_CNN/mnist_VAE_s15_v15_SE_test/last' (iter 25650, epoch 95.0)
EarlyStopping counter: 2 out of 25
[Save Checkpoint] epoch: [95.0], Train: total:3.13811, BCE:3.12174, KLD:0.01636,Test: total:3.41185, BCE:3.34164, KLD:0.07021
=> saved checkpoint 'checkpoints_CNN/mnist_VAE_s15_v15_SE_test/last' (iter 25920, epoch 96.0)
=> saved checkpoint 'checkpoint_scores_CNN/mnist_VAE_s15_v15_SE_test/last' (iter 25920, epoch 96.0)
[Save Checkpoint] epoch: [96.0], Train: total:3.18257, BCE:3.16654, KLD:0.01603,Test: total:3.46260, BCE:3.39394, KLD:0.06866
=> saved checkpoint 'checkpoints_CNN/mnist_VAE_s15_v15_SE_test/last' (iter 26190, epoch 97.0)
=> saved checkpoint 'checkpoint_scores_CNN/mnist_VAE_s15_v15_SE_test/last' (iter 26190, epoch 97.0)
EarlyStopping counter: 1 out of 25
[Save Checkpoint] epoch: [97.0], Train: total:3.21954, BCE:3.20362, KLD:0.01592,Test: total:3.49135, BCE:3.42323, KLD:0.06812
=> saved checkpoint 'checkpoints_CNN/mnist_VAE_s15_v15_SE_test/last' (iter 26460, epoch 98.0)
=> saved checkpoint 'checkpoint_scores_CNN/mnist_VAE_s15_v15_SE_test/last' (iter 26460, epoch 98.0)
EarlyStopping counter: 2 out of 25
[Save Checkpoint] epoch: [98.0], Train: total:3.24842, BCE:3.23278, KLD:0.01563,Test: total:3.51342, BCE:3.44653, KLD:0.06689
=> saved checkpoint 'checkpoints_CNN/mnist_VAE_s15_v15_SE_test/last' (iter 26730, epoch 99.0)
=> saved checkpoint 'checkpoint_scores_CNN/mnist_VAE_s15_v15_SE_test/last' (iter 26730, epoch 99.0)
EarlyStopping counter: 3 out of 25
[Save Checkpoint] epoch: [99.0], Train: total:3.28167, BCE:3.26628, KLD:0.01538,Test: total:3.57135, BCE:3.50565, KLD:0.06570
=> saved checkpoint 'checkpoints_CNN/mnist_VAE_s15_v15_SE_test/last' (iter 27000, epoch 100.0)
=> saved checkpoint 'checkpoint_scores_CNN/mnist_VAE_s15_v15_SE_test/last' (iter 27000, epoch 100.0)
EarlyStopping counter: 4 out of 25
[Save Checkpoint] epoch: [100.0], Train: total:3.32720, BCE:3.31214, KLD:0.01506,Test: total:3.58687, BCE:3.52220, KLD:0.06467
[Training Finished]
All done !
