15
--gpu_devices 0 --max_iter 100 --batch_size 32 --lr 1e-4 --use_scheduler False --is_default_model False --is_custom_model_BK True --use_VAE True --z_struct_size 16 --hidden_filters_layer2 16 --z_var_size 30 --lambda_BCE 1 --beta 1 --var_hidden_filters_1 32 --var_hidden_filters_2 32 --var_hidden_filters_3 32 --var_kernel_size_1 4 --var_kernel_size_2 4 --var_kernel_size_3 4 --var_stride_size_1 2 --var_stride_size_2 1 --var_stride_size_3 1 --var_hidden_dim 256 --var_three_conv_layer False --exp_name mnist_balanced_dataset_encoder_ratio_min_and_mean_1_2_1_1_z_struct_16_VAE_2c_32_30_1
Namespace(BK_in_first_layer=True, BK_in_second_layer=False, BK_in_third_layer=False, BN=False, C_max=25, C_stop_iter=100000.0, E1_AE=False, E1_VAE=False, E1_conv=False, E1_dense=False, E1_second_conv=False, E1_second_conv_adapt=False, GMP=True, IPC=False, L1_norm_act=False, L1_norm_weights=False, L3_without_random=False, LOG_DIR='logs', adapt_lr=False, add_classification_layer=True, add_linear_after_GMP=True, add_z_struct_bottleneck=False, alpha=32, batch_size=32, beta=1.0, beta1=0.9, beta2=0.999, big_kernel=False, big_kernel_size=8, binary_chain=False, binary_z=False, ckpt_dir='checkpoints_CNN', ckpt_dir_scores='checkpoint_scores_CNN', classif_layer_size=30, contrastive_loss=False, cuda=True, dataset='mnist', dataset_balanced=False, decoder_first_dense=36, decoder_kernel_size_1=4, decoder_kernel_size_2=3, decoder_kernel_size_3=4, decoder_n_filter_1=64, decoder_n_filter_2=64, decoder_n_filter_3=64, decoder_stride_1=2, decoder_stride_2=2, decoder_stride_3=1, diff_var=False, display_step=10000, dset_dir='data', exp_name='mnist_balanced_dataset_encoder_ratio_min_and_mean_1_2_1_1_z_struct_16_VAE_2c_32_30_1', freeze_Encoder=True, gamma=1000, gpu_devices=[0], hidden_filters_layer1=32, hidden_filters_layer2=16, hidden_filters_layer3=32, image_size=64, intra_class_variance_loss=False, is_C=True, is_E1=False, is_binary_structural_latent=False, is_custom_model=False, is_custom_model_BK=True, is_default_model=False, is_noise_stats=False, is_partial_rand_class=False, is_perturbed_score=False, is_zvar_sim_loss=False, just_train=False, kernel_size=4, lambda_BCE=1.0, lambda_Kl_struct=1, lambda_Kl_var=1, lambda_L1=0.01, lambda_VAE=1, lambda_class=1, lambda_contrastive_loss=1, lambda_distance_mean=1, lambda_intra_class_var=1, lambda_partial_class=1, lambda_ratio_reg=1, lambda_recon_wt_rand=1, lambda_recons=1, lambda_var_distance=1, lambda_var_inter=1, lambda_var_intra=1, lambda_zvar_sim=1, latent_spec_cont=None, latent_spec_cont_class=None, latent_spec_cont_var=None, latent_spec_disc=None, latent_spec_disc_class=None, latent_spec_disc_var=None, log_level='info', loss='Proxy_Anchor', loss_distance_mean=False, loss_min_distance_cl=False, lr=0.0001, max_iter=100.0, model='CNN', mrg=0.1, num_workers=2, old_weighted=False, optimizer='adamw', other_architecture=False, other_ratio=False, random_percentage=0.2, random_seed=10, randomness=True, ratio_reg=False, remark='', save_step=10000, second_layer_C=False, seed=1, stride_size=1, sz_embedding=5, three_conv_layer=False, train=True, two_conv_layer=True, two_encoder=False, use_VAE=True, use_decoder=False, use_early_stopping=True, use_scheduler=False, value_target_distance_mean=1, var_hidden_dim=256, var_hidden_filters_1=32, var_hidden_filters_2=32, var_hidden_filters_3=32, var_kernel_size_1=4, var_kernel_size_2=4, var_kernel_size_3=4, var_stride_size_1=2, var_stride_size_2=1, var_stride_size_3=1, var_three_conv_layer=False, warm=1, without_acc=False, z_struct_size=16, z_var_size=30, zeros_W_Classif=False, zvar_sim_change_zvar=False, zvar_sim_loss_for_all_model=False, zvar_sim_loss_only_for_encoder=False, zvar_sim_normal=False, zvar_sim_var_rand=False)
CUDA Visible devices !
[Using Seed: 10]
Load Encoder struct weights for VAE
use 1 gpu who named: Tesla V100-SXM2-32GB
=> loaded sample_scores and losses
=> loaded checkpoint 'checkpoints_CNN/mnist_balanced_dataset_encoder_ratio_min_and_mean_1_2_1_1_z_struct_16/last (iter 11070)'
VAE var doesn't exist load struct encoder weighs !
use 1 gpu who named: Tesla V100-SXM2-32GB
Weighs loaded for encoder_struct !
VAE(
  (encoder_struct): Sequential(
    (0): Conv2d(1, 32, kernel_size=(8, 8), stride=(1, 1))
    (1): BatchNorm2d(32, eps=1e-05, momentum=0.1, affine=True, track_running_stats=True)
    (2): ReLU(inplace=True)
    (3): Conv2d(32, 16, kernel_size=(4, 4), stride=(1, 1))
    (4): BatchNorm2d(16, eps=1e-05, momentum=0.1, affine=True, track_running_stats=True)
    (5): ReLU(inplace=True)
    (6): AdaptiveMaxPool2d(output_size=(1, 1))
    (7): View()
    (8): Sigmoid()
  )
  (encoder_var): Sequential(
    (0): Conv2d(1, 32, kernel_size=(4, 4), stride=(2, 2))
    (1): BatchNorm2d(32, eps=1e-05, momentum=0.1, affine=True, track_running_stats=True)
    (2): ReLU(inplace=True)
    (3): Conv2d(32, 32, kernel_size=(4, 4), stride=(1, 1))
    (4): BatchNorm2d(32, eps=1e-05, momentum=0.1, affine=True, track_running_stats=True)
    (5): ReLU(inplace=True)
    (6): View()
    (7): Linear(in_features=4608, out_features=256, bias=True)
    (8): BatchNorm1d(256, eps=1e-05, momentum=0.1, affine=True, track_running_stats=True)
    (9): ReLU(inplace=True)
    (10): Dropout(p=0.4, inplace=False)
    (11): Linear(in_features=256, out_features=60, bias=True)
  )
  (decoder): Sequential(
    (0): Linear(in_features=46, out_features=256, bias=True)
    (1): ReLU(inplace=True)
    (2): Linear(in_features=256, out_features=4608, bias=True)
    (3): ReLU(inplace=True)
    (4): View()
    (5): ConvTranspose2d(32, 32, kernel_size=(4, 4), stride=(1, 1))
    (6): ReLU(inplace=True)
    (7): ConvTranspose2d(32, 1, kernel_size=(4, 4), stride=(2, 2))
    (8): Sigmoid()
  )
)
The number of parameters of model is 2436525
=> saved checkpoint 'checkpoints_CNN/mnist_balanced_dataset_encoder_ratio_min_and_mean_1_2_1_1_z_struct_16_VAE_2c_32_30_1/last' (iter 1875, epoch 1.0)
=> saved checkpoint 'checkpoint_scores_CNN/mnist_balanced_dataset_encoder_ratio_min_and_mean_1_2_1_1_z_struct_16_VAE_2c_32_30_1/last' (iter 1875, epoch 1.0)
[Save Checkpoint] epoch: [1.0], Train: total:-8.27240, BCE:-16.36376, KLD:8.09137,Test: total:237.63098, BCE:-16.56634, KLD:254.19731
=> saved checkpoint 'checkpoints_CNN/mnist_balanced_dataset_encoder_ratio_min_and_mean_1_2_1_1_z_struct_16_VAE_2c_32_30_1/last' (iter 3750, epoch 2.0)
=> saved checkpoint 'checkpoint_scores_CNN/mnist_balanced_dataset_encoder_ratio_min_and_mean_1_2_1_1_z_struct_16_VAE_2c_32_30_1/last' (iter 3750, epoch 2.0)
[Save Checkpoint] epoch: [2.0], Train: total:-15.09981, BCE:-17.26849, KLD:2.16870,Test: total:50.99072, BCE:-17.51575, KLD:68.50648
=> saved checkpoint 'checkpoints_CNN/mnist_balanced_dataset_encoder_ratio_min_and_mean_1_2_1_1_z_struct_16_VAE_2c_32_30_1/last' (iter 5625, epoch 3.0)
=> saved checkpoint 'checkpoint_scores_CNN/mnist_balanced_dataset_encoder_ratio_min_and_mean_1_2_1_1_z_struct_16_VAE_2c_32_30_1/last' (iter 5625, epoch 3.0)
[Save Checkpoint] epoch: [3.0], Train: total:-17.90131, BCE:-18.38227, KLD:0.48096,Test: total:-3.41232, BCE:-18.65458, KLD:15.24226
=> saved checkpoint 'checkpoints_CNN/mnist_balanced_dataset_encoder_ratio_min_and_mean_1_2_1_1_z_struct_16_VAE_2c_32_30_1/last' (iter 7500, epoch 4.0)
=> saved checkpoint 'checkpoint_scores_CNN/mnist_balanced_dataset_encoder_ratio_min_and_mean_1_2_1_1_z_struct_16_VAE_2c_32_30_1/last' (iter 7500, epoch 4.0)
[Save Checkpoint] epoch: [4.0], Train: total:-19.98514, BCE:-20.10920, KLD:0.12408,Test: total:-16.46200, BCE:-20.41460, KLD:3.95260
=> saved checkpoint 'checkpoints_CNN/mnist_balanced_dataset_encoder_ratio_min_and_mean_1_2_1_1_z_struct_16_VAE_2c_32_30_1/last' (iter 9375, epoch 5.0)
=> saved checkpoint 'checkpoint_scores_CNN/mnist_balanced_dataset_encoder_ratio_min_and_mean_1_2_1_1_z_struct_16_VAE_2c_32_30_1/last' (iter 9375, epoch 5.0)
[Save Checkpoint] epoch: [5.0], Train: total:-22.18835, BCE:-22.21409, KLD:0.02576,Test: total:-21.69679, BCE:-22.51616, KLD:0.81936
=> saved checkpoint 'checkpoints_CNN/mnist_balanced_dataset_encoder_ratio_min_and_mean_1_2_1_1_z_struct_16_VAE_2c_32_30_1/last' (iter 11250, epoch 6.0)
=> saved checkpoint 'checkpoint_scores_CNN/mnist_balanced_dataset_encoder_ratio_min_and_mean_1_2_1_1_z_struct_16_VAE_2c_32_30_1/last' (iter 11250, epoch 6.0)
[Save Checkpoint] epoch: [6.0], Train: total:-23.58895, BCE:-23.59174, KLD:0.00280,Test: total:-23.87941, BCE:-23.96748, KLD:0.08807
=> saved checkpoint 'checkpoints_CNN/mnist_balanced_dataset_encoder_ratio_min_and_mean_1_2_1_1_z_struct_16_VAE_2c_32_30_1/last' (iter 13125, epoch 7.0)
=> saved checkpoint 'checkpoint_scores_CNN/mnist_balanced_dataset_encoder_ratio_min_and_mean_1_2_1_1_z_struct_16_VAE_2c_32_30_1/last' (iter 13125, epoch 7.0)
[Save Checkpoint] epoch: [7.0], Train: total:-24.17388, BCE:-24.17416, KLD:0.00027,Test: total:-24.60153, BCE:-24.60996, KLD:0.00844
=> saved checkpoint 'checkpoints_CNN/mnist_balanced_dataset_encoder_ratio_min_and_mean_1_2_1_1_z_struct_16_VAE_2c_32_30_1/last' (iter 15000, epoch 8.0)
=> saved checkpoint 'checkpoint_scores_CNN/mnist_balanced_dataset_encoder_ratio_min_and_mean_1_2_1_1_z_struct_16_VAE_2c_32_30_1/last' (iter 15000, epoch 8.0)
[Save Checkpoint] epoch: [8.0], Train: total:-24.38766, BCE:-24.38792, KLD:0.00025,Test: total:-24.78314, BCE:-24.79105, KLD:0.00791
=> saved checkpoint 'checkpoints_CNN/mnist_balanced_dataset_encoder_ratio_min_and_mean_1_2_1_1_z_struct_16_VAE_2c_32_30_1/last' (iter 16875, epoch 9.0)
=> saved checkpoint 'checkpoint_scores_CNN/mnist_balanced_dataset_encoder_ratio_min_and_mean_1_2_1_1_z_struct_16_VAE_2c_32_30_1/last' (iter 16875, epoch 9.0)
EarlyStopping counter: 1 out of 15
[Save Checkpoint] epoch: [9.0], Train: total:-24.53535, BCE:-24.53558, KLD:0.00022,Test: total:-24.92875, BCE:-24.93563, KLD:0.00688
=> saved checkpoint 'checkpoints_CNN/mnist_balanced_dataset_encoder_ratio_min_and_mean_1_2_1_1_z_struct_16_VAE_2c_32_30_1/last' (iter 18750, epoch 10.0)
=> saved checkpoint 'checkpoint_scores_CNN/mnist_balanced_dataset_encoder_ratio_min_and_mean_1_2_1_1_z_struct_16_VAE_2c_32_30_1/last' (iter 18750, epoch 10.0)
EarlyStopping counter: 2 out of 15
[Save Checkpoint] epoch: [10.0], Train: total:-24.81602, BCE:-24.81620, KLD:0.00017,Test: total:-25.25278, BCE:-25.25807, KLD:0.00529
=> saved checkpoint 'checkpoints_CNN/mnist_balanced_dataset_encoder_ratio_min_and_mean_1_2_1_1_z_struct_16_VAE_2c_32_30_1/last' (iter 20625, epoch 11.0)
=> saved checkpoint 'checkpoint_scores_CNN/mnist_balanced_dataset_encoder_ratio_min_and_mean_1_2_1_1_z_struct_16_VAE_2c_32_30_1/last' (iter 20625, epoch 11.0)
[Save Checkpoint] epoch: [11.0], Train: total:-25.14320, BCE:-25.14336, KLD:0.00018,Test: total:-25.61677, BCE:-25.62244, KLD:0.00567
=> saved checkpoint 'checkpoints_CNN/mnist_balanced_dataset_encoder_ratio_min_and_mean_1_2_1_1_z_struct_16_VAE_2c_32_30_1/last' (iter 22500, epoch 12.0)
=> saved checkpoint 'checkpoint_scores_CNN/mnist_balanced_dataset_encoder_ratio_min_and_mean_1_2_1_1_z_struct_16_VAE_2c_32_30_1/last' (iter 22500, epoch 12.0)
EarlyStopping counter: 1 out of 15
[Save Checkpoint] epoch: [12.0], Train: total:-25.10221, BCE:-25.10246, KLD:0.00025,Test: total:-25.50526, BCE:-25.51282, KLD:0.00757
=> saved checkpoint 'checkpoints_CNN/mnist_balanced_dataset_encoder_ratio_min_and_mean_1_2_1_1_z_struct_16_VAE_2c_32_30_1/last' (iter 24375, epoch 13.0)
=> saved checkpoint 'checkpoint_scores_CNN/mnist_balanced_dataset_encoder_ratio_min_and_mean_1_2_1_1_z_struct_16_VAE_2c_32_30_1/last' (iter 24375, epoch 13.0)
EarlyStopping counter: 2 out of 15
[Save Checkpoint] epoch: [13.0], Train: total:-25.22921, BCE:-25.22940, KLD:0.00018,Test: total:-25.67821, BCE:-25.68369, KLD:0.00547
=> saved checkpoint 'checkpoints_CNN/mnist_balanced_dataset_encoder_ratio_min_and_mean_1_2_1_1_z_struct_16_VAE_2c_32_30_1/last' (iter 26250, epoch 14.0)
=> saved checkpoint 'checkpoint_scores_CNN/mnist_balanced_dataset_encoder_ratio_min_and_mean_1_2_1_1_z_struct_16_VAE_2c_32_30_1/last' (iter 26250, epoch 14.0)
EarlyStopping counter: 3 out of 15
[Save Checkpoint] epoch: [14.0], Train: total:-25.32688, BCE:-25.32701, KLD:0.00014,Test: total:-25.79613, BCE:-25.80053, KLD:0.00440
=> saved checkpoint 'checkpoints_CNN/mnist_balanced_dataset_encoder_ratio_min_and_mean_1_2_1_1_z_struct_16_VAE_2c_32_30_1/last' (iter 28125, epoch 15.0)
=> saved checkpoint 'checkpoint_scores_CNN/mnist_balanced_dataset_encoder_ratio_min_and_mean_1_2_1_1_z_struct_16_VAE_2c_32_30_1/last' (iter 28125, epoch 15.0)
EarlyStopping counter: 4 out of 15
[Save Checkpoint] epoch: [15.0], Train: total:-25.16791, BCE:-25.16805, KLD:0.00015,Test: total:-25.62869, BCE:-25.63337, KLD:0.00467
=> saved checkpoint 'checkpoints_CNN/mnist_balanced_dataset_encoder_ratio_min_and_mean_1_2_1_1_z_struct_16_VAE_2c_32_30_1/last' (iter 30000, epoch 16.0)
=> saved checkpoint 'checkpoint_scores_CNN/mnist_balanced_dataset_encoder_ratio_min_and_mean_1_2_1_1_z_struct_16_VAE_2c_32_30_1/last' (iter 30000, epoch 16.0)
EarlyStopping counter: 5 out of 15
[Save Checkpoint] epoch: [16.0], Train: total:-25.52832, BCE:-25.52846, KLD:0.00014,Test: total:-25.98567, BCE:-25.99023, KLD:0.00455
=> saved checkpoint 'checkpoints_CNN/mnist_balanced_dataset_encoder_ratio_min_and_mean_1_2_1_1_z_struct_16_VAE_2c_32_30_1/last' (iter 31875, epoch 17.0)
=> saved checkpoint 'checkpoint_scores_CNN/mnist_balanced_dataset_encoder_ratio_min_and_mean_1_2_1_1_z_struct_16_VAE_2c_32_30_1/last' (iter 31875, epoch 17.0)
EarlyStopping counter: 6 out of 15
[Save Checkpoint] epoch: [17.0], Train: total:-25.55998, BCE:-25.56010, KLD:0.00010,Test: total:-25.99807, BCE:-26.00128, KLD:0.00322
=> saved checkpoint 'checkpoints_CNN/mnist_balanced_dataset_encoder_ratio_min_and_mean_1_2_1_1_z_struct_16_VAE_2c_32_30_1/last' (iter 33750, epoch 18.0)
=> saved checkpoint 'checkpoint_scores_CNN/mnist_balanced_dataset_encoder_ratio_min_and_mean_1_2_1_1_z_struct_16_VAE_2c_32_30_1/last' (iter 33750, epoch 18.0)
EarlyStopping counter: 7 out of 15
[Save Checkpoint] epoch: [18.0], Train: total:-25.67632, BCE:-25.67644, KLD:0.00011,Test: total:-26.17117, BCE:-26.17452, KLD:0.00335
=> saved checkpoint 'checkpoints_CNN/mnist_balanced_dataset_encoder_ratio_min_and_mean_1_2_1_1_z_struct_16_VAE_2c_32_30_1/last' (iter 35625, epoch 19.0)
=> saved checkpoint 'checkpoint_scores_CNN/mnist_balanced_dataset_encoder_ratio_min_and_mean_1_2_1_1_z_struct_16_VAE_2c_32_30_1/last' (iter 35625, epoch 19.0)
[Save Checkpoint] epoch: [19.0], Train: total:-25.92245, BCE:-25.92253, KLD:0.00008,Test: total:-26.42665, BCE:-26.42930, KLD:0.00265
=> saved checkpoint 'checkpoints_CNN/mnist_balanced_dataset_encoder_ratio_min_and_mean_1_2_1_1_z_struct_16_VAE_2c_32_30_1/last' (iter 37500, epoch 20.0)
=> saved checkpoint 'checkpoint_scores_CNN/mnist_balanced_dataset_encoder_ratio_min_and_mean_1_2_1_1_z_struct_16_VAE_2c_32_30_1/last' (iter 37500, epoch 20.0)
EarlyStopping counter: 1 out of 15
[Save Checkpoint] epoch: [20.0], Train: total:-26.08357, BCE:-26.08364, KLD:0.00007,Test: total:-26.63166, BCE:-26.63401, KLD:0.00235
=> saved checkpoint 'checkpoints_CNN/mnist_balanced_dataset_encoder_ratio_min_and_mean_1_2_1_1_z_struct_16_VAE_2c_32_30_1/last' (iter 39375, epoch 21.0)
=> saved checkpoint 'checkpoint_scores_CNN/mnist_balanced_dataset_encoder_ratio_min_and_mean_1_2_1_1_z_struct_16_VAE_2c_32_30_1/last' (iter 39375, epoch 21.0)
EarlyStopping counter: 2 out of 15
[Save Checkpoint] epoch: [21.0], Train: total:-25.98827, BCE:-25.98834, KLD:0.00006,Test: total:-26.48945, BCE:-26.49140, KLD:0.00195
=> saved checkpoint 'checkpoints_CNN/mnist_balanced_dataset_encoder_ratio_min_and_mean_1_2_1_1_z_struct_16_VAE_2c_32_30_1/last' (iter 41250, epoch 22.0)
=> saved checkpoint 'checkpoint_scores_CNN/mnist_balanced_dataset_encoder_ratio_min_and_mean_1_2_1_1_z_struct_16_VAE_2c_32_30_1/last' (iter 41250, epoch 22.0)
EarlyStopping counter: 3 out of 15
[Save Checkpoint] epoch: [22.0], Train: total:-26.05847, BCE:-26.05854, KLD:0.00006,Test: total:-26.56825, BCE:-26.57026, KLD:0.00200
=> saved checkpoint 'checkpoints_CNN/mnist_balanced_dataset_encoder_ratio_min_and_mean_1_2_1_1_z_struct_16_VAE_2c_32_30_1/last' (iter 43125, epoch 23.0)
=> saved checkpoint 'checkpoint_scores_CNN/mnist_balanced_dataset_encoder_ratio_min_and_mean_1_2_1_1_z_struct_16_VAE_2c_32_30_1/last' (iter 43125, epoch 23.0)
EarlyStopping counter: 4 out of 15
[Save Checkpoint] epoch: [23.0], Train: total:-25.98699, BCE:-25.98705, KLD:0.00006,Test: total:-26.50652, BCE:-26.50831, KLD:0.00180
=> saved checkpoint 'checkpoints_CNN/mnist_balanced_dataset_encoder_ratio_min_and_mean_1_2_1_1_z_struct_16_VAE_2c_32_30_1/last' (iter 45000, epoch 24.0)
=> saved checkpoint 'checkpoint_scores_CNN/mnist_balanced_dataset_encoder_ratio_min_and_mean_1_2_1_1_z_struct_16_VAE_2c_32_30_1/last' (iter 45000, epoch 24.0)
[Save Checkpoint] epoch: [24.0], Train: total:-26.26071, BCE:-26.26078, KLD:0.00008,Test: total:-26.79762, BCE:-26.79999, KLD:0.00237
=> saved checkpoint 'checkpoints_CNN/mnist_balanced_dataset_encoder_ratio_min_and_mean_1_2_1_1_z_struct_16_VAE_2c_32_30_1/last' (iter 46875, epoch 25.0)
=> saved checkpoint 'checkpoint_scores_CNN/mnist_balanced_dataset_encoder_ratio_min_and_mean_1_2_1_1_z_struct_16_VAE_2c_32_30_1/last' (iter 46875, epoch 25.0)
EarlyStopping counter: 1 out of 15
[Save Checkpoint] epoch: [25.0], Train: total:-26.22176, BCE:-26.22182, KLD:0.00006,Test: total:-26.78829, BCE:-26.79017, KLD:0.00188
=> saved checkpoint 'checkpoints_CNN/mnist_balanced_dataset_encoder_ratio_min_and_mean_1_2_1_1_z_struct_16_VAE_2c_32_30_1/last' (iter 48750, epoch 26.0)
=> saved checkpoint 'checkpoint_scores_CNN/mnist_balanced_dataset_encoder_ratio_min_and_mean_1_2_1_1_z_struct_16_VAE_2c_32_30_1/last' (iter 48750, epoch 26.0)
EarlyStopping counter: 2 out of 15
[Save Checkpoint] epoch: [26.0], Train: total:-26.10596, BCE:-26.10600, KLD:0.00005,Test: total:-26.62033, BCE:-26.62178, KLD:0.00145
=> saved checkpoint 'checkpoints_CNN/mnist_balanced_dataset_encoder_ratio_min_and_mean_1_2_1_1_z_struct_16_VAE_2c_32_30_1/last' (iter 50625, epoch 27.0)
=> saved checkpoint 'checkpoint_scores_CNN/mnist_balanced_dataset_encoder_ratio_min_and_mean_1_2_1_1_z_struct_16_VAE_2c_32_30_1/last' (iter 50625, epoch 27.0)
[Save Checkpoint] epoch: [27.0], Train: total:-26.42313, BCE:-26.42318, KLD:0.00005,Test: total:-26.97071, BCE:-26.97239, KLD:0.00167
=> saved checkpoint 'checkpoints_CNN/mnist_balanced_dataset_encoder_ratio_min_and_mean_1_2_1_1_z_struct_16_VAE_2c_32_30_1/last' (iter 52500, epoch 28.0)
=> saved checkpoint 'checkpoint_scores_CNN/mnist_balanced_dataset_encoder_ratio_min_and_mean_1_2_1_1_z_struct_16_VAE_2c_32_30_1/last' (iter 52500, epoch 28.0)
EarlyStopping counter: 1 out of 15
[Save Checkpoint] epoch: [28.0], Train: total:-26.30267, BCE:-26.30272, KLD:0.00005,Test: total:-26.82994, BCE:-26.83150, KLD:0.00155
=> saved checkpoint 'checkpoints_CNN/mnist_balanced_dataset_encoder_ratio_min_and_mean_1_2_1_1_z_struct_16_VAE_2c_32_30_1/last' (iter 54375, epoch 29.0)
=> saved checkpoint 'checkpoint_scores_CNN/mnist_balanced_dataset_encoder_ratio_min_and_mean_1_2_1_1_z_struct_16_VAE_2c_32_30_1/last' (iter 54375, epoch 29.0)
EarlyStopping counter: 2 out of 15
[Save Checkpoint] epoch: [29.0], Train: total:-26.15354, BCE:-26.15359, KLD:0.00004,Test: total:-26.63723, BCE:-26.63853, KLD:0.00130
=> saved checkpoint 'checkpoints_CNN/mnist_balanced_dataset_encoder_ratio_min_and_mean_1_2_1_1_z_struct_16_VAE_2c_32_30_1/last' (iter 56250, epoch 30.0)
=> saved checkpoint 'checkpoint_scores_CNN/mnist_balanced_dataset_encoder_ratio_min_and_mean_1_2_1_1_z_struct_16_VAE_2c_32_30_1/last' (iter 56250, epoch 30.0)
EarlyStopping counter: 3 out of 15
[Save Checkpoint] epoch: [30.0], Train: total:-26.49787, BCE:-26.49790, KLD:0.00003,Test: total:-27.03092, BCE:-27.03182, KLD:0.00091
=> saved checkpoint 'checkpoints_CNN/mnist_balanced_dataset_encoder_ratio_min_and_mean_1_2_1_1_z_struct_16_VAE_2c_32_30_1/last' (iter 58125, epoch 31.0)
=> saved checkpoint 'checkpoint_scores_CNN/mnist_balanced_dataset_encoder_ratio_min_and_mean_1_2_1_1_z_struct_16_VAE_2c_32_30_1/last' (iter 58125, epoch 31.0)
EarlyStopping counter: 4 out of 15
[Save Checkpoint] epoch: [31.0], Train: total:-26.52923, BCE:-26.52927, KLD:0.00005,Test: total:-27.08642, BCE:-27.08783, KLD:0.00141
=> saved checkpoint 'checkpoints_CNN/mnist_balanced_dataset_encoder_ratio_min_and_mean_1_2_1_1_z_struct_16_VAE_2c_32_30_1/last' (iter 60000, epoch 32.0)
=> saved checkpoint 'checkpoint_scores_CNN/mnist_balanced_dataset_encoder_ratio_min_and_mean_1_2_1_1_z_struct_16_VAE_2c_32_30_1/last' (iter 60000, epoch 32.0)
EarlyStopping counter: 5 out of 15
[Save Checkpoint] epoch: [32.0], Train: total:-26.38606, BCE:-26.38609, KLD:0.00004,Test: total:-26.91737, BCE:-26.91855, KLD:0.00118
=> saved checkpoint 'checkpoints_CNN/mnist_balanced_dataset_encoder_ratio_min_and_mean_1_2_1_1_z_struct_16_VAE_2c_32_30_1/last' (iter 61875, epoch 33.0)
=> saved checkpoint 'checkpoint_scores_CNN/mnist_balanced_dataset_encoder_ratio_min_and_mean_1_2_1_1_z_struct_16_VAE_2c_32_30_1/last' (iter 61875, epoch 33.0)
EarlyStopping counter: 6 out of 15
[Save Checkpoint] epoch: [33.0], Train: total:-26.25671, BCE:-26.25674, KLD:0.00003,Test: total:-26.74229, BCE:-26.74326, KLD:0.00096
=> saved checkpoint 'checkpoints_CNN/mnist_balanced_dataset_encoder_ratio_min_and_mean_1_2_1_1_z_struct_16_VAE_2c_32_30_1/last' (iter 63750, epoch 34.0)
=> saved checkpoint 'checkpoint_scores_CNN/mnist_balanced_dataset_encoder_ratio_min_and_mean_1_2_1_1_z_struct_16_VAE_2c_32_30_1/last' (iter 63750, epoch 34.0)
EarlyStopping counter: 7 out of 15
[Save Checkpoint] epoch: [34.0], Train: total:-26.43512, BCE:-26.43513, KLD:0.00002,Test: total:-26.95031, BCE:-26.95084, KLD:0.00053
=> saved checkpoint 'checkpoints_CNN/mnist_balanced_dataset_encoder_ratio_min_and_mean_1_2_1_1_z_struct_16_VAE_2c_32_30_1/last' (iter 65625, epoch 35.0)
=> saved checkpoint 'checkpoint_scores_CNN/mnist_balanced_dataset_encoder_ratio_min_and_mean_1_2_1_1_z_struct_16_VAE_2c_32_30_1/last' (iter 65625, epoch 35.0)
EarlyStopping counter: 8 out of 15
[Save Checkpoint] epoch: [35.0], Train: total:-26.63139, BCE:-26.63145, KLD:0.00004,Test: total:-27.18314, BCE:-27.18443, KLD:0.00129
=> saved checkpoint 'checkpoints_CNN/mnist_balanced_dataset_encoder_ratio_min_and_mean_1_2_1_1_z_struct_16_VAE_2c_32_30_1/last' (iter 67500, epoch 36.0)
=> saved checkpoint 'checkpoint_scores_CNN/mnist_balanced_dataset_encoder_ratio_min_and_mean_1_2_1_1_z_struct_16_VAE_2c_32_30_1/last' (iter 67500, epoch 36.0)
EarlyStopping counter: 9 out of 15
[Save Checkpoint] epoch: [36.0], Train: total:-26.78051, BCE:-26.78055, KLD:0.00003,Test: total:-27.35652, BCE:-27.35754, KLD:0.00102
=> saved checkpoint 'checkpoints_CNN/mnist_balanced_dataset_encoder_ratio_min_and_mean_1_2_1_1_z_struct_16_VAE_2c_32_30_1/last' (iter 69375, epoch 37.0)
=> saved checkpoint 'checkpoint_scores_CNN/mnist_balanced_dataset_encoder_ratio_min_and_mean_1_2_1_1_z_struct_16_VAE_2c_32_30_1/last' (iter 69375, epoch 37.0)
[Save Checkpoint] epoch: [37.0], Train: total:-26.56316, BCE:-26.56318, KLD:0.00002,Test: total:-27.04978, BCE:-27.05039, KLD:0.00061
=> saved checkpoint 'checkpoints_CNN/mnist_balanced_dataset_encoder_ratio_min_and_mean_1_2_1_1_z_struct_16_VAE_2c_32_30_1/last' (iter 71250, epoch 38.0)
=> saved checkpoint 'checkpoint_scores_CNN/mnist_balanced_dataset_encoder_ratio_min_and_mean_1_2_1_1_z_struct_16_VAE_2c_32_30_1/last' (iter 71250, epoch 38.0)
EarlyStopping counter: 1 out of 15
[Save Checkpoint] epoch: [38.0], Train: total:-26.83827, BCE:-26.83830, KLD:0.00003,Test: total:-27.37699, BCE:-27.37790, KLD:0.00092
=> saved checkpoint 'checkpoints_CNN/mnist_balanced_dataset_encoder_ratio_min_and_mean_1_2_1_1_z_struct_16_VAE_2c_32_30_1/last' (iter 73125, epoch 39.0)
=> saved checkpoint 'checkpoint_scores_CNN/mnist_balanced_dataset_encoder_ratio_min_and_mean_1_2_1_1_z_struct_16_VAE_2c_32_30_1/last' (iter 73125, epoch 39.0)
EarlyStopping counter: 2 out of 15
[Save Checkpoint] epoch: [39.0], Train: total:-26.97484, BCE:-26.97486, KLD:0.00003,Test: total:-27.55438, BCE:-27.55515, KLD:0.00076
=> saved checkpoint 'checkpoints_CNN/mnist_balanced_dataset_encoder_ratio_min_and_mean_1_2_1_1_z_struct_16_VAE_2c_32_30_1/last' (iter 75000, epoch 40.0)
=> saved checkpoint 'checkpoint_scores_CNN/mnist_balanced_dataset_encoder_ratio_min_and_mean_1_2_1_1_z_struct_16_VAE_2c_32_30_1/last' (iter 75000, epoch 40.0)
EarlyStopping counter: 3 out of 15
[Save Checkpoint] epoch: [40.0], Train: total:-26.59589, BCE:-26.59591, KLD:0.00002,Test: total:-27.10848, BCE:-27.10897, KLD:0.00049
=> saved checkpoint 'checkpoints_CNN/mnist_balanced_dataset_encoder_ratio_min_and_mean_1_2_1_1_z_struct_16_VAE_2c_32_30_1/last' (iter 76875, epoch 41.0)
=> saved checkpoint 'checkpoint_scores_CNN/mnist_balanced_dataset_encoder_ratio_min_and_mean_1_2_1_1_z_struct_16_VAE_2c_32_30_1/last' (iter 76875, epoch 41.0)
EarlyStopping counter: 4 out of 15
[Save Checkpoint] epoch: [41.0], Train: total:-26.95859, BCE:-26.95862, KLD:0.00003,Test: total:-27.56744, BCE:-27.56826, KLD:0.00081
=> saved checkpoint 'checkpoints_CNN/mnist_balanced_dataset_encoder_ratio_min_and_mean_1_2_1_1_z_struct_16_VAE_2c_32_30_1/last' (iter 78750, epoch 42.0)
=> saved checkpoint 'checkpoint_scores_CNN/mnist_balanced_dataset_encoder_ratio_min_and_mean_1_2_1_1_z_struct_16_VAE_2c_32_30_1/last' (iter 78750, epoch 42.0)
EarlyStopping counter: 5 out of 15
[Save Checkpoint] epoch: [42.0], Train: total:-26.93443, BCE:-26.93446, KLD:0.00004,Test: total:-27.51816, BCE:-27.51935, KLD:0.00118
=> saved checkpoint 'checkpoints_CNN/mnist_balanced_dataset_encoder_ratio_min_and_mean_1_2_1_1_z_struct_16_VAE_2c_32_30_1/last' (iter 80625, epoch 43.0)
=> saved checkpoint 'checkpoint_scores_CNN/mnist_balanced_dataset_encoder_ratio_min_and_mean_1_2_1_1_z_struct_16_VAE_2c_32_30_1/last' (iter 80625, epoch 43.0)
[Save Checkpoint] epoch: [43.0], Train: total:-26.80212, BCE:-26.80215, KLD:0.00002,Test: total:-27.30899, BCE:-27.30969, KLD:0.00070
=> saved checkpoint 'checkpoints_CNN/mnist_balanced_dataset_encoder_ratio_min_and_mean_1_2_1_1_z_struct_16_VAE_2c_32_30_1/last' (iter 82500, epoch 44.0)
=> saved checkpoint 'checkpoint_scores_CNN/mnist_balanced_dataset_encoder_ratio_min_and_mean_1_2_1_1_z_struct_16_VAE_2c_32_30_1/last' (iter 82500, epoch 44.0)
EarlyStopping counter: 1 out of 15
[Save Checkpoint] epoch: [44.0], Train: total:-27.02128, BCE:-27.02129, KLD:0.00002,Test: total:-27.58521, BCE:-27.58574, KLD:0.00054
=> saved checkpoint 'checkpoints_CNN/mnist_balanced_dataset_encoder_ratio_min_and_mean_1_2_1_1_z_struct_16_VAE_2c_32_30_1/last' (iter 84375, epoch 45.0)
=> saved checkpoint 'checkpoint_scores_CNN/mnist_balanced_dataset_encoder_ratio_min_and_mean_1_2_1_1_z_struct_16_VAE_2c_32_30_1/last' (iter 84375, epoch 45.0)
EarlyStopping counter: 2 out of 15
[Save Checkpoint] epoch: [45.0], Train: total:-26.79787, BCE:-26.79790, KLD:0.00002,Test: total:-27.33927, BCE:-27.33990, KLD:0.00063
=> saved checkpoint 'checkpoints_CNN/mnist_balanced_dataset_encoder_ratio_min_and_mean_1_2_1_1_z_struct_16_VAE_2c_32_30_1/last' (iter 86250, epoch 46.0)
=> saved checkpoint 'checkpoint_scores_CNN/mnist_balanced_dataset_encoder_ratio_min_and_mean_1_2_1_1_z_struct_16_VAE_2c_32_30_1/last' (iter 86250, epoch 46.0)
EarlyStopping counter: 3 out of 15
[Save Checkpoint] epoch: [46.0], Train: total:-26.57361, BCE:-26.57362, KLD:0.00001,Test: total:-27.09193, BCE:-27.09235, KLD:0.00042
=> saved checkpoint 'checkpoints_CNN/mnist_balanced_dataset_encoder_ratio_min_and_mean_1_2_1_1_z_struct_16_VAE_2c_32_30_1/last' (iter 88125, epoch 47.0)
=> saved checkpoint 'checkpoint_scores_CNN/mnist_balanced_dataset_encoder_ratio_min_and_mean_1_2_1_1_z_struct_16_VAE_2c_32_30_1/last' (iter 88125, epoch 47.0)
EarlyStopping counter: 4 out of 15
[Save Checkpoint] epoch: [47.0], Train: total:-27.03768, BCE:-27.03771, KLD:0.00002,Test: total:-27.61330, BCE:-27.61405, KLD:0.00075
=> saved checkpoint 'checkpoints_CNN/mnist_balanced_dataset_encoder_ratio_min_and_mean_1_2_1_1_z_struct_16_VAE_2c_32_30_1/last' (iter 90000, epoch 48.0)
=> saved checkpoint 'checkpoint_scores_CNN/mnist_balanced_dataset_encoder_ratio_min_and_mean_1_2_1_1_z_struct_16_VAE_2c_32_30_1/last' (iter 90000, epoch 48.0)
EarlyStopping counter: 5 out of 15
[Save Checkpoint] epoch: [48.0], Train: total:-26.86967, BCE:-26.86968, KLD:0.00001,Test: total:-27.39628, BCE:-27.39673, KLD:0.00045
=> saved checkpoint 'checkpoints_CNN/mnist_balanced_dataset_encoder_ratio_min_and_mean_1_2_1_1_z_struct_16_VAE_2c_32_30_1/last' (iter 91875, epoch 49.0)
=> saved checkpoint 'checkpoint_scores_CNN/mnist_balanced_dataset_encoder_ratio_min_and_mean_1_2_1_1_z_struct_16_VAE_2c_32_30_1/last' (iter 91875, epoch 49.0)
EarlyStopping counter: 6 out of 15
[Save Checkpoint] epoch: [49.0], Train: total:-27.27233, BCE:-27.27234, KLD:0.00001,Test: total:-27.84303, BCE:-27.84330, KLD:0.00027
=> saved checkpoint 'checkpoints_CNN/mnist_balanced_dataset_encoder_ratio_min_and_mean_1_2_1_1_z_struct_16_VAE_2c_32_30_1/last' (iter 93750, epoch 50.0)
=> saved checkpoint 'checkpoint_scores_CNN/mnist_balanced_dataset_encoder_ratio_min_and_mean_1_2_1_1_z_struct_16_VAE_2c_32_30_1/last' (iter 93750, epoch 50.0)
EarlyStopping counter: 7 out of 15
[Save Checkpoint] epoch: [50.0], Train: total:-26.97697, BCE:-26.97699, KLD:0.00001,Test: total:-27.50419, BCE:-27.50462, KLD:0.00043
=> saved checkpoint 'checkpoints_CNN/mnist_balanced_dataset_encoder_ratio_min_and_mean_1_2_1_1_z_struct_16_VAE_2c_32_30_1/last' (iter 95625, epoch 51.0)
=> saved checkpoint 'checkpoint_scores_CNN/mnist_balanced_dataset_encoder_ratio_min_and_mean_1_2_1_1_z_struct_16_VAE_2c_32_30_1/last' (iter 95625, epoch 51.0)
EarlyStopping counter: 8 out of 15
[Save Checkpoint] epoch: [51.0], Train: total:-27.17333, BCE:-27.17335, KLD:0.00002,Test: total:-27.73286, BCE:-27.73336, KLD:0.00050
=> saved checkpoint 'checkpoints_CNN/mnist_balanced_dataset_encoder_ratio_min_and_mean_1_2_1_1_z_struct_16_VAE_2c_32_30_1/last' (iter 97500, epoch 52.0)
=> saved checkpoint 'checkpoint_scores_CNN/mnist_balanced_dataset_encoder_ratio_min_and_mean_1_2_1_1_z_struct_16_VAE_2c_32_30_1/last' (iter 97500, epoch 52.0)
EarlyStopping counter: 9 out of 15
[Save Checkpoint] epoch: [52.0], Train: total:-27.20894, BCE:-27.20895, KLD:0.00001,Test: total:-27.76896, BCE:-27.76931, KLD:0.00034
=> saved checkpoint 'checkpoints_CNN/mnist_balanced_dataset_encoder_ratio_min_and_mean_1_2_1_1_z_struct_16_VAE_2c_32_30_1/last' (iter 99375, epoch 53.0)
=> saved checkpoint 'checkpoint_scores_CNN/mnist_balanced_dataset_encoder_ratio_min_and_mean_1_2_1_1_z_struct_16_VAE_2c_32_30_1/last' (iter 99375, epoch 53.0)
EarlyStopping counter: 10 out of 15
[Save Checkpoint] epoch: [53.0], Train: total:-27.23573, BCE:-27.23575, KLD:0.00002,Test: total:-27.79596, BCE:-27.79647, KLD:0.00051
=> saved checkpoint 'checkpoints_CNN/mnist_balanced_dataset_encoder_ratio_min_and_mean_1_2_1_1_z_struct_16_VAE_2c_32_30_1/last' (iter 101250, epoch 54.0)
=> saved checkpoint 'checkpoint_scores_CNN/mnist_balanced_dataset_encoder_ratio_min_and_mean_1_2_1_1_z_struct_16_VAE_2c_32_30_1/last' (iter 101250, epoch 54.0)
EarlyStopping counter: 11 out of 15
[Save Checkpoint] epoch: [54.0], Train: total:-26.95373, BCE:-26.95374, KLD:0.00002,Test: total:-27.47429, BCE:-27.47483, KLD:0.00054
=> saved checkpoint 'checkpoints_CNN/mnist_balanced_dataset_encoder_ratio_min_and_mean_1_2_1_1_z_struct_16_VAE_2c_32_30_1/last' (iter 103125, epoch 55.0)
=> saved checkpoint 'checkpoint_scores_CNN/mnist_balanced_dataset_encoder_ratio_min_and_mean_1_2_1_1_z_struct_16_VAE_2c_32_30_1/last' (iter 103125, epoch 55.0)
EarlyStopping counter: 12 out of 15
[Save Checkpoint] epoch: [55.0], Train: total:-27.11219, BCE:-27.11220, KLD:0.00001,Test: total:-27.66136, BCE:-27.66163, KLD:0.00027
=> saved checkpoint 'checkpoints_CNN/mnist_balanced_dataset_encoder_ratio_min_and_mean_1_2_1_1_z_struct_16_VAE_2c_32_30_1/last' (iter 105000, epoch 56.0)
=> saved checkpoint 'checkpoint_scores_CNN/mnist_balanced_dataset_encoder_ratio_min_and_mean_1_2_1_1_z_struct_16_VAE_2c_32_30_1/last' (iter 105000, epoch 56.0)
EarlyStopping counter: 13 out of 15
[Save Checkpoint] epoch: [56.0], Train: total:-27.22522, BCE:-27.22524, KLD:0.00002,Test: total:-27.79567, BCE:-27.79626, KLD:0.00058
=> saved checkpoint 'checkpoints_CNN/mnist_balanced_dataset_encoder_ratio_min_and_mean_1_2_1_1_z_struct_16_VAE_2c_32_30_1/last' (iter 106875, epoch 57.0)
=> saved checkpoint 'checkpoint_scores_CNN/mnist_balanced_dataset_encoder_ratio_min_and_mean_1_2_1_1_z_struct_16_VAE_2c_32_30_1/last' (iter 106875, epoch 57.0)
EarlyStopping counter: 14 out of 15
[Save Checkpoint] epoch: [57.0], Train: total:-27.25391, BCE:-27.25392, KLD:0.00002,Test: total:-27.81281, BCE:-27.81326, KLD:0.00045
=> saved checkpoint 'checkpoints_CNN/mnist_balanced_dataset_encoder_ratio_min_and_mean_1_2_1_1_z_struct_16_VAE_2c_32_30_1/last' (iter 108750, epoch 58.0)
