47
--gpu_devices 0 --max_iter 100 --batch_size 250 --use_scheduler True --lr 1e-3 --GMP True --z_struct_size 10 --is_encoder_struct True --big_kernel_size 8 --two_conv_layer True --three_conv_layer True --kernel_size_1 4 --kernel_size_2 4 --kernel_size_3 4 --BK_in_first_layer True --BK_in_second_layer False --BK_in_third_layer False --stride_size 1 --hidden_filters_layer1 64 --hidden_filters_layer2 64 --hidden_filters_layer3 64 --lambda_class 1 --ratio_reg False --lambda_ratio_reg 1 --loss_min_distance_cl False --lambda_var_distance 1 --loss_distance_mean False --lambda_distance_mean 1 --Hmg_dst_loss False --lambda_hmg_dst 1 --uniq_code_dst_loss True --lambda_uniq_code_dst 1 --max_epoch_use_uniq_code_target 5 --dataset_balanced True --binary_z True --binary_first_conv False --binary_second_conv False --binary_third_conv True --exp_name mnist_struct_baseline_scheduler_binary_10_PT_target_uc_2
Namespace(BK_in_first_layer=True, BK_in_second_layer=False, BK_in_third_layer=False, BN=False, C_max=25, C_stop_iter=100000.0, E1_AE=False, E1_VAE=False, E1_conv=False, E1_dense=False, E1_second_conv=False, E1_second_conv_adapt=False, GMP=True, Hmg_dst_loss=False, IPC=False, L1_norm_act=False, L1_norm_weights=False, L3_without_random=False, LOG_DIR='logs', adapt_lr=False, add_classification_layer=True, add_linear_after_GMP=True, add_z_struct_bottleneck=False, alpha=32, batch_size=250, beta=1, beta1=0.9, beta2=0.999, big_kernel=False, big_kernel_size=8, binary_chain=False, binary_first_conv=False, binary_second_conv=False, binary_third_conv=True, binary_z=True, ckpt_dir='checkpoints_CNN', ckpt_dir_scores='checkpoint_scores_CNN', classif_layer_size=30, contrastive_loss=False, cuda=True, dataset='mnist', dataset_balanced=True, decoder_first_dense=36, decoder_kernel_size_1=4, decoder_kernel_size_2=3, decoder_kernel_size_3=4, decoder_n_filter_1=64, decoder_n_filter_2=64, decoder_n_filter_3=64, decoder_stride_1=2, decoder_stride_2=2, decoder_stride_3=1, diff_var=False, display_step=10000, dset_dir='data', encoder_struct_name='mnist_struct_baseline_scheduler_binary_1_3', encoder_var_name='mnist_vae_var_deeper_2cb_1_1', exp_name='mnist_struct_baseline_scheduler_binary_10_PT_target_uc_2', freeze_Encoder=True, gamma=1000, gpu_devices=[0], hidden_filters_layer1=64, hidden_filters_layer2=64, hidden_filters_layer3=64, image_size=64, intra_class_variance_loss=False, is_C=True, is_E1=False, is_VAE=False, is_VAE_var=False, is_binary_structural_latent=False, is_custom_model=False, is_custom_model_BK=False, is_default_model=False, is_encoder_struct=True, is_noise_stats=False, is_partial_rand_class=False, is_perturbed_score=False, is_zvar_sim_loss=False, just_train=False, kernel_size=4, kernel_size_1=4, kernel_size_2=4, kernel_size_3=4, lambda_BCE=1, lambda_Kl_struct=1, lambda_Kl_var=1, lambda_L1=0.01, lambda_VAE=1, lambda_class=1.0, lambda_contrastive_loss=1, lambda_distance_mean=1.0, lambda_hmg_dst=1.0, lambda_intra_class_var=1, lambda_partial_class=1, lambda_ratio_reg=1.0, lambda_recon_wt_rand=1, lambda_recons=1, lambda_uniq_code_dst=1.0, lambda_var_distance=1.0, lambda_var_inter=1, lambda_var_intra=1, lambda_zvar_sim=1, latent_spec_cont=None, latent_spec_cont_class=None, latent_spec_cont_var=None, latent_spec_disc=None, latent_spec_disc_class=None, latent_spec_disc_var=None, log_level='info', loss='Proxy_Anchor', loss_distance_mean=False, loss_min_distance_cl=False, lr=0.001, max_epoch_use_uniq_code_target=5.0, max_iter=100.0, model='CNN', mrg=0.1, nb_epochs_train_only_zvar=0, num_workers=2, old_weighted=False, optimizer='adamw', other_architecture=False, other_ratio=False, random_percentage=0.2, random_seed=10, randomness=True, ratio_reg=False, remark='', save_step=10000, second_layer_C=False, seed=1, stride_size=1, sz_embedding=5, three_conv_layer=True, train=True, train_var_struct_alternatively=False, two_conv_layer=True, two_encoder=False, uniq_code_dst_loss=True, use_VAE=False, use_decoder=False, use_early_stopping=True, use_scheduler=True, use_structural_encoder=False, value_target_distance_mean=1, var_hidden_dim=256, var_hidden_filters_1=32, var_hidden_filters_2=32, var_hidden_filters_3=32, var_kernel_size_1=3, var_kernel_size_2=3, var_kernel_size_3=3, var_second_cnn_block=False, var_stride_size_1=1, var_stride_size_2=1, var_stride_size_3=1, var_third_cnn_block=False, var_three_conv_layer=False, warm=1, without_acc=False, z_struct_size=10, z_var_size=5, zeros_W_Classif=False, zvar_sim_change_zvar=False, zvar_sim_loss_for_all_model=False, zvar_sim_loss_only_for_encoder=False, zvar_sim_normal=False, zvar_sim_var_rand=False)
CUDA Visible devices !
[Using Seed: 10]
Balanced dataset loaded
use 1 gpu who named: Tesla V100-SXM2-32GB
USe encoder struct with pre trained weighs encoder, load it !
=> loaded checkpoint 'checkpoints_CNN/mnist_struct_baseline_scheduler_binary_10/last (iter 20790)'
use 1 gpu who named: Tesla V100-SXM2-32GB
=> loaded sample_scores and losses
Encoder_struct(
  (encoder_struct): Sequential(
    (0): Conv2d(1, 64, kernel_size=(8, 8), stride=(1, 1))
    (1): BatchNorm2d(64, eps=1e-05, momentum=0.1, affine=True, track_running_stats=True)
    (2): ReLU(inplace=True)
    (3): Conv2d(64, 64, kernel_size=(4, 4), stride=(1, 1))
    (4): BatchNorm2d(64, eps=1e-05, momentum=0.1, affine=True, track_running_stats=True)
    (5): ReLU(inplace=True)
    (6): Conv2d(64, 10, kernel_size=(4, 4), stride=(1, 1))
    (7): BatchNorm2d(10, eps=1e-05, momentum=0.1, affine=True, track_running_stats=True)
    (8): DeterministicBinaryActivation(
      (act): Hardsigmoid(
        (act): Hardtanh(min_val=-1.0, max_val=1.0)
      )
    )
    (9): AdaptiveMaxPool2d(output_size=(1, 1))
    (10): View()
    (11): Linear(in_features=10, out_features=10, bias=True)
  )
)
The number of parameters of model is 80396
1.0  Compute uniq code target:
5.0
Uniq code computing: lambda: 0.049787066876888275, score: 100.0, uniq codes: tensor([[1., 1., 1., 1., 0., 1., 1., 1., 0., 1.],
        [1., 1., 1., 1., 0., 0., 1., 1., 1., 0.],
        [0., 0., 0., 1., 1., 0., 1., 0., 1., 1.],
        [1., 1., 0., 1., 1., 0., 0., 0., 1., 1.],
        [1., 1., 1., 1., 1., 1., 1., 0., 0., 1.],
        [1., 1., 0., 0., 1., 1., 1., 1., 1., 0.],
        [1., 1., 1., 0., 0., 0., 1., 0., 0., 1.],
        [0., 1., 1., 1., 1., 1., 1., 1., 1., 0.],
        [1., 1., 0., 1., 1., 1., 1., 1., 0., 0.],
        [0., 1., 0., 0., 1., 1., 1., 1., 0., 1.]], device='cuda:0')
=> saved checkpoint 'checkpoints_CNN/mnist_struct_baseline_scheduler_binary_10_PT_target_uc_2/last' (iter 270, epoch 1.0)
=> saved checkpoint 'checkpoint_scores_CNN/mnist_struct_baseline_scheduler_binary_10_PT_target_uc_2/last' (iter 270, epoch 1.0)
[Save Checkpoint] epoch: [1.0], Train score:98.20167, Test score:85.84000, train loss:0.30652, test loss:0.36456, ratio_train_loss:0.00000,ratio_test_loss:0.00000, var distance inter class train:0.00000,var distance inter class test:0.00000
2.0  Compute uniq code target:
5.0
Uniq code computing: lambda: 0.1353352963924408, score: 100.0, uniq codes: tensor([[1., 1., 0., 0., 0., 1., 1., 1., 0., 1.],
        [1., 1., 1., 1., 0., 0., 1., 1., 1., 0.],
        [0., 0., 0., 1., 1., 0., 1., 0., 1., 1.],
        [1., 1., 0., 1., 1., 0., 0., 0., 1., 1.],
        [1., 1., 1., 1., 1., 1., 1., 0., 0., 1.],
        [1., 1., 0., 0., 1., 1., 1., 1., 1., 0.],
        [1., 1., 1., 0., 0., 0., 1., 0., 0., 1.],
        [0., 1., 1., 1., 1., 1., 0., 1., 1., 0.],
        [1., 0., 0., 1., 1., 1., 1., 1., 0., 0.],
        [0., 1., 0., 0., 1., 1., 1., 1., 0., 1.]], device='cuda:0')
=> saved checkpoint 'checkpoints_CNN/mnist_struct_baseline_scheduler_binary_10_PT_target_uc_2/last' (iter 540, epoch 2.0)
=> saved checkpoint 'checkpoint_scores_CNN/mnist_struct_baseline_scheduler_binary_10_PT_target_uc_2/last' (iter 540, epoch 2.0)
[Save Checkpoint] epoch: [2.0], Train score:98.67833, Test score:86.21000, train loss:0.29469, test loss:0.36131, ratio_train_loss:0.00000,ratio_test_loss:0.00000, var distance inter class train:0.00000,var distance inter class test:0.00000
3.0  Compute uniq code target:
5.0
Uniq code computing: lambda: 0.3678794503211975, score: 100.0, uniq codes: tensor([[1., 1., 1., 1., 0., 1., 1., 1., 0., 1.],
        [1., 1., 1., 1., 0., 0., 1., 1., 1., 0.],
        [0., 0., 0., 1., 1., 0., 1., 0., 1., 1.],
        [1., 1., 0., 1., 1., 0., 0., 0., 1., 1.],
        [1., 1., 1., 1., 1., 1., 1., 0., 0., 1.],
        [1., 1., 0., 0., 1., 1., 1., 1., 1., 0.],
        [1., 1., 1., 0., 0., 0., 1., 0., 0., 1.],
        [0., 1., 1., 1., 1., 1., 0., 1., 1., 0.],
        [1., 1., 0., 1., 1., 1., 1., 1., 0., 0.],
        [0., 1., 0., 0., 1., 1., 1., 1., 0., 1.]], device='cuda:0')
=> saved checkpoint 'checkpoints_CNN/mnist_struct_baseline_scheduler_binary_10_PT_target_uc_2/last' (iter 810, epoch 3.0)
=> saved checkpoint 'checkpoint_scores_CNN/mnist_struct_baseline_scheduler_binary_10_PT_target_uc_2/last' (iter 810, epoch 3.0)
EarlyStopping counter: 1 out of 25
[Save Checkpoint] epoch: [3.0], Train score:99.42000, Test score:86.52000, train loss:0.27794, test loss:0.34451, ratio_train_loss:0.00000,ratio_test_loss:0.00000, var distance inter class train:0.00000,var distance inter class test:0.00000
4.0  Compute uniq code target:
5.0
Uniq code computing: lambda: 1.0, score: 100.0, uniq codes: tensor([[0., 0., 0., 0., 0., 1., 1., 1., 0., 1.],
        [1., 1., 1., 1., 0., 0., 1., 1., 0., 0.],
        [0., 0., 0., 1., 1., 0., 1., 0., 1., 1.],
        [1., 1., 0., 1., 1., 0., 0., 0., 1., 1.],
        [1., 1., 1., 1., 1., 1., 1., 0., 0., 1.],
        [1., 1., 0., 0., 1., 1., 1., 1., 1., 0.],
        [1., 1., 1., 0., 0., 0., 1., 0., 0., 1.],
        [0., 1., 1., 1., 1., 1., 0., 1., 1., 0.],
        [1., 1., 0., 1., 1., 1., 1., 1., 0., 0.],
        [0., 1., 0., 0., 1., 1., 1., 1., 0., 1.]], device='cuda:0')
=> saved checkpoint 'checkpoints_CNN/mnist_struct_baseline_scheduler_binary_10_PT_target_uc_2/last' (iter 1080, epoch 4.0)
=> saved checkpoint 'checkpoint_scores_CNN/mnist_struct_baseline_scheduler_binary_10_PT_target_uc_2/last' (iter 1080, epoch 4.0)
EarlyStopping counter: 2 out of 25
[Save Checkpoint] epoch: [4.0], Train score:100.37333, Test score:87.57000, train loss:0.25846, test loss:0.34008, ratio_train_loss:0.00000,ratio_test_loss:0.00000, var distance inter class train:0.00000,var distance inter class test:0.00000
5.0  Compute uniq code target:
5.0
Uniq code computing: lambda: 2.7182819843292236, score: 100.0, uniq codes: tensor([[0., 0., 0., 0., 0., 1., 1., 1., 0., 1.],
        [1., 1., 1., 1., 0., 0., 1., 1., 1., 0.],
        [0., 0., 0., 1., 1., 0., 1., 0., 1., 1.],
        [1., 1., 0., 1., 1., 0., 0., 0., 1., 1.],
        [1., 1., 1., 1., 1., 1., 1., 0., 0., 1.],
        [1., 1., 0., 0., 1., 1., 1., 1., 1., 0.],
        [1., 1., 1., 0., 0., 0., 1., 0., 0., 1.],
        [0., 1., 1., 1., 1., 1., 0., 1., 1., 0.],
        [1., 0., 0., 1., 1., 1., 1., 1., 0., 0.],
        [0., 1., 0., 0., 1., 1., 1., 1., 0., 1.]], device='cuda:0')
=> saved checkpoint 'checkpoints_CNN/mnist_struct_baseline_scheduler_binary_10_PT_target_uc_2/last' (iter 1350, epoch 5.0)
=> saved checkpoint 'checkpoint_scores_CNN/mnist_struct_baseline_scheduler_binary_10_PT_target_uc_2/last' (iter 1350, epoch 5.0)
EarlyStopping counter: 3 out of 25
[Save Checkpoint] epoch: [5.0], Train score:101.30833, Test score:88.07000, train loss:0.23102, test loss:0.30898, ratio_train_loss:0.00000,ratio_test_loss:0.00000, var distance inter class train:0.00000,var distance inter class test:0.00000
6.0  Compute uniq code target:
5.0
Uniq code computing: lambda: 2.7182819843292236, score: 100.0, uniq codes: tensor([[0., 0., 0., 0., 0., 1., 1., 1., 0., 1.],
        [1., 0., 1., 1., 0., 0., 0., 1., 1., 0.],
        [0., 0., 0., 1., 1., 0., 1., 0., 1., 1.],
        [1., 1., 0., 1., 1., 0., 0., 0., 1., 1.],
        [1., 1., 1., 1., 1., 1., 1., 0., 0., 1.],
        [1., 1., 0., 0., 1., 1., 1., 1., 1., 0.],
        [1., 1., 1., 0., 0., 0., 1., 0., 0., 1.],
        [0., 1., 1., 1., 1., 1., 0., 1., 1., 0.],
        [1., 1., 0., 1., 1., 1., 1., 1., 0., 0.],
        [0., 1., 0., 0., 1., 1., 1., 1., 0., 1.]], device='cuda:0')
=> saved checkpoint 'checkpoints_CNN/mnist_struct_baseline_scheduler_binary_10_PT_target_uc_2/last' (iter 1620, epoch 6.0)
=> saved checkpoint 'checkpoint_scores_CNN/mnist_struct_baseline_scheduler_binary_10_PT_target_uc_2/last' (iter 1620, epoch 6.0)
EarlyStopping counter: 4 out of 25
[Save Checkpoint] epoch: [6.0], Train score:100.64000, Test score:87.52000, train loss:0.24492, test loss:0.32478, ratio_train_loss:0.00000,ratio_test_loss:0.00000, var distance inter class train:0.00000,var distance inter class test:0.00000
7.0  Compute uniq code target:
5.0
Uniq code computing: lambda: 2.7182819843292236, score: 100.0, uniq codes: tensor([[0., 0., 0., 0., 0., 1., 1., 1., 0., 1.],
        [1., 1., 1., 1., 0., 0., 1., 1., 1., 0.],
        [0., 0., 0., 1., 1., 0., 1., 0., 1., 1.],
        [1., 1., 0., 1., 1., 0., 0., 0., 1., 1.],
        [1., 1., 1., 1., 1., 1., 1., 0., 0., 1.],
        [1., 1., 0., 0., 1., 0., 1., 1., 1., 0.],
        [1., 1., 1., 0., 0., 0., 1., 0., 0., 1.],
        [0., 1., 1., 1., 1., 1., 0., 1., 1., 0.],
        [1., 1., 0., 1., 1., 1., 1., 1., 0., 0.],
        [0., 1., 0., 0., 1., 1., 1., 1., 0., 1.]], device='cuda:0')
Epoch     7: reducing learning rate of group 0 to 2.0000e-04.
=> saved checkpoint 'checkpoints_CNN/mnist_struct_baseline_scheduler_binary_10_PT_target_uc_2/last' (iter 1890, epoch 7.0)
=> saved checkpoint 'checkpoint_scores_CNN/mnist_struct_baseline_scheduler_binary_10_PT_target_uc_2/last' (iter 1890, epoch 7.0)
EarlyStopping counter: 5 out of 25
[Save Checkpoint] epoch: [7.0], Train score:99.95833, Test score:87.00000, train loss:0.25855, test loss:0.33667, ratio_train_loss:0.00000,ratio_test_loss:0.00000, var distance inter class train:0.00000,var distance inter class test:0.00000
8.0  Compute uniq code target:
5.0
Uniq code computing: lambda: 2.7182819843292236, score: 100.0, uniq codes: tensor([[0., 0., 0., 0., 0., 1., 1., 1., 0., 1.],
        [1., 0., 1., 1., 0., 0., 0., 1., 0., 0.],
        [0., 0., 0., 1., 1., 0., 1., 0., 1., 1.],
        [1., 1., 0., 1., 1., 0., 0., 0., 1., 1.],
        [1., 1., 1., 1., 1., 1., 1., 0., 0., 1.],
        [1., 1., 0., 0., 1., 1., 1., 1., 1., 0.],
        [1., 1., 1., 0., 0., 0., 1., 0., 0., 1.],
        [0., 1., 1., 1., 1., 1., 0., 1., 1., 0.],
        [1., 1., 0., 1., 1., 1., 1., 1., 0., 0.],
        [0., 1., 0., 0., 1., 1., 1., 1., 0., 1.]], device='cuda:0')
=> saved checkpoint 'checkpoints_CNN/mnist_struct_baseline_scheduler_binary_10_PT_target_uc_2/last' (iter 2160, epoch 8.0)
=> saved checkpoint 'checkpoint_scores_CNN/mnist_struct_baseline_scheduler_binary_10_PT_target_uc_2/last' (iter 2160, epoch 8.0)
EarlyStopping counter: 6 out of 25
[Save Checkpoint] epoch: [8.0], Train score:101.89333, Test score:88.02000, train loss:0.21271, test loss:0.31410, ratio_train_loss:0.00000,ratio_test_loss:0.00000, var distance inter class train:0.00000,var distance inter class test:0.00000
9.0  Compute uniq code target:
5.0
Uniq code computing: lambda: 2.7182819843292236, score: 100.0, uniq codes: tensor([[0., 0., 0., 0., 0., 1., 1., 1., 0., 1.],
        [1., 1., 1., 1., 0., 0., 1., 1., 0., 0.],
        [0., 0., 0., 1., 1., 0., 1., 0., 1., 1.],
        [1., 1., 0., 1., 1., 0., 0., 0., 1., 1.],
        [1., 1., 1., 1., 1., 1., 1., 0., 0., 1.],
        [1., 1., 0., 0., 1., 1., 1., 1., 1., 0.],
        [1., 1., 1., 0., 0., 0., 1., 0., 0., 1.],
        [0., 1., 1., 1., 1., 1., 0., 1., 1., 0.],
        [1., 1., 0., 1., 1., 1., 1., 1., 0., 0.],
        [0., 1., 0., 0., 1., 1., 1., 1., 0., 1.]], device='cuda:0')
=> saved checkpoint 'checkpoints_CNN/mnist_struct_baseline_scheduler_binary_10_PT_target_uc_2/last' (iter 2430, epoch 9.0)
=> saved checkpoint 'checkpoint_scores_CNN/mnist_struct_baseline_scheduler_binary_10_PT_target_uc_2/last' (iter 2430, epoch 9.0)
EarlyStopping counter: 7 out of 25
[Save Checkpoint] epoch: [9.0], Train score:102.16500, Test score:88.19000, train loss:0.21329, test loss:0.31389, ratio_train_loss:0.00000,ratio_test_loss:0.00000, var distance inter class train:0.00000,var distance inter class test:0.00000
10.0  Compute uniq code target:
5.0
Uniq code computing: lambda: 2.7182819843292236, score: 100.0, uniq codes: tensor([[0., 0., 0., 0., 0., 1., 1., 1., 0., 1.],
        [1., 1., 1., 1., 0., 0., 1., 1., 0., 0.],
        [0., 0., 0., 1., 1., 0., 1., 0., 1., 1.],
        [1., 1., 0., 1., 1., 0., 0., 0., 1., 1.],
        [1., 1., 1., 1., 1., 1., 1., 0., 0., 1.],
        [1., 1., 0., 0., 1., 1., 1., 1., 1., 0.],
        [1., 1., 1., 0., 0., 0., 1., 0., 0., 1.],
        [0., 1., 1., 1., 1., 1., 0., 1., 1., 0.],
        [1., 1., 0., 1., 1., 1., 1., 1., 0., 0.],
        [0., 1., 0., 0., 1., 1., 1., 1., 0., 1.]], device='cuda:0')
=> saved checkpoint 'checkpoints_CNN/mnist_struct_baseline_scheduler_binary_10_PT_target_uc_2/last' (iter 2700, epoch 10.0)
=> saved checkpoint 'checkpoint_scores_CNN/mnist_struct_baseline_scheduler_binary_10_PT_target_uc_2/last' (iter 2700, epoch 10.0)
EarlyStopping counter: 8 out of 25
[Save Checkpoint] epoch: [10.0], Train score:101.93333, Test score:87.59000, train loss:0.21551, test loss:0.32383, ratio_train_loss:0.00000,ratio_test_loss:0.00000, var distance inter class train:0.00000,var distance inter class test:0.00000
11.0  Compute uniq code target:
5.0
Uniq code computing: lambda: 2.7182819843292236, score: 100.0, uniq codes: tensor([[0., 0., 0., 0., 0., 1., 1., 1., 0., 1.],
        [1., 1., 1., 1., 0., 0., 1., 1., 1., 0.],
        [0., 0., 0., 1., 1., 0., 1., 0., 1., 1.],
        [1., 1., 0., 1., 1., 0., 0., 0., 1., 1.],
        [1., 1., 1., 1., 1., 1., 1., 0., 0., 1.],
        [1., 1., 0., 0., 1., 1., 1., 1., 1., 0.],
        [1., 1., 1., 0., 0., 0., 1., 0., 0., 1.],
        [0., 1., 1., 1., 1., 1., 0., 1., 1., 0.],
        [1., 1., 0., 1., 1., 1., 1., 1., 0., 0.],
        [0., 1., 0., 0., 1., 1., 1., 1., 0., 1.]], device='cuda:0')
=> saved checkpoint 'checkpoints_CNN/mnist_struct_baseline_scheduler_binary_10_PT_target_uc_2/last' (iter 2970, epoch 11.0)
=> saved checkpoint 'checkpoint_scores_CNN/mnist_struct_baseline_scheduler_binary_10_PT_target_uc_2/last' (iter 2970, epoch 11.0)
EarlyStopping counter: 9 out of 25
[Save Checkpoint] epoch: [11.0], Train score:101.60167, Test score:87.33000, train loss:0.21839, test loss:0.32873, ratio_train_loss:0.00000,ratio_test_loss:0.00000, var distance inter class train:0.00000,var distance inter class test:0.00000
12.0  Compute uniq code target:
5.0
Uniq code computing: lambda: 2.7182819843292236, score: 100.0, uniq codes: tensor([[0., 0., 0., 0., 0., 1., 1., 1., 0., 1.],
        [1., 1., 1., 1., 0., 0., 1., 1., 0., 0.],
        [0., 0., 0., 1., 1., 0., 1., 0., 1., 1.],
        [1., 1., 0., 1., 1., 0., 0., 0., 1., 1.],
        [1., 1., 1., 1., 1., 1., 1., 0., 0., 1.],
        [1., 1., 0., 0., 1., 1., 1., 1., 1., 0.],
        [1., 1., 1., 0., 0., 0., 1., 0., 0., 1.],
        [0., 1., 1., 1., 1., 1., 0., 1., 1., 0.],
        [1., 1., 0., 1., 1., 1., 1., 1., 0., 0.],
        [0., 1., 0., 0., 1., 1., 1., 1., 0., 1.]], device='cuda:0')
Epoch    12: reducing learning rate of group 0 to 4.0000e-05.
=> saved checkpoint 'checkpoints_CNN/mnist_struct_baseline_scheduler_binary_10_PT_target_uc_2/last' (iter 3240, epoch 12.0)
=> saved checkpoint 'checkpoint_scores_CNN/mnist_struct_baseline_scheduler_binary_10_PT_target_uc_2/last' (iter 3240, epoch 12.0)
EarlyStopping counter: 10 out of 25
[Save Checkpoint] epoch: [12.0], Train score:102.22500, Test score:87.85000, train loss:0.20538, test loss:0.32299, ratio_train_loss:0.00000,ratio_test_loss:0.00000, var distance inter class train:0.00000,var distance inter class test:0.00000
13.0  Compute uniq code target:
5.0
Uniq code computing: lambda: 2.7182819843292236, score: 100.0, uniq codes: tensor([[0., 0., 0., 0., 0., 1., 1., 1., 0., 1.],
        [1., 1., 1., 1., 0., 0., 1., 1., 1., 0.],
        [0., 0., 0., 1., 1., 0., 1., 0., 1., 1.],
        [1., 1., 0., 1., 1., 0., 0., 0., 1., 1.],
        [1., 1., 1., 1., 1., 1., 1., 0., 0., 1.],
        [1., 1., 0., 0., 1., 1., 1., 1., 1., 0.],
        [1., 1., 1., 0., 0., 0., 1., 0., 0., 1.],
        [0., 1., 1., 1., 1., 1., 0., 1., 1., 0.],
        [1., 1., 0., 1., 1., 1., 1., 1., 0., 0.],
        [0., 1., 0., 0., 1., 1., 1., 1., 0., 1.]], device='cuda:0')
=> saved checkpoint 'checkpoints_CNN/mnist_struct_baseline_scheduler_binary_10_PT_target_uc_2/last' (iter 3510, epoch 13.0)
=> saved checkpoint 'checkpoint_scores_CNN/mnist_struct_baseline_scheduler_binary_10_PT_target_uc_2/last' (iter 3510, epoch 13.0)
EarlyStopping counter: 11 out of 25
[Save Checkpoint] epoch: [13.0], Train score:101.99667, Test score:87.66000, train loss:0.20647, test loss:0.31874, ratio_train_loss:0.00000,ratio_test_loss:0.00000, var distance inter class train:0.00000,var distance inter class test:0.00000
14.0  Compute uniq code target:
5.0
Uniq code computing: lambda: 2.7182819843292236, score: 100.0, uniq codes: tensor([[0., 0., 0., 0., 0., 1., 1., 1., 0., 1.],
        [1., 1., 1., 1., 0., 0., 1., 1., 1., 0.],
        [0., 0., 0., 1., 1., 0., 1., 0., 1., 1.],
        [1., 1., 0., 1., 1., 0., 0., 0., 1., 1.],
        [1., 1., 1., 1., 1., 1., 1., 0., 0., 1.],
        [1., 1., 0., 0., 1., 1., 1., 1., 1., 0.],
        [1., 1., 1., 0., 0., 0., 1., 0., 0., 1.],
        [0., 1., 1., 1., 1., 1., 0., 1., 1., 0.],
        [1., 1., 0., 1., 1., 1., 1., 1., 0., 0.],
        [0., 1., 0., 0., 1., 1., 1., 1., 0., 1.]], device='cuda:0')
=> saved checkpoint 'checkpoints_CNN/mnist_struct_baseline_scheduler_binary_10_PT_target_uc_2/last' (iter 3780, epoch 14.0)
=> saved checkpoint 'checkpoint_scores_CNN/mnist_struct_baseline_scheduler_binary_10_PT_target_uc_2/last' (iter 3780, epoch 14.0)
EarlyStopping counter: 12 out of 25
[Save Checkpoint] epoch: [14.0], Train score:102.13833, Test score:87.84000, train loss:0.20213, test loss:0.31456, ratio_train_loss:0.00000,ratio_test_loss:0.00000, var distance inter class train:0.00000,var distance inter class test:0.00000
15.0  Compute uniq code target:
5.0
Uniq code computing: lambda: 2.7182819843292236, score: 100.0, uniq codes: tensor([[0., 0., 0., 0., 0., 1., 1., 1., 0., 1.],
        [1., 1., 1., 1., 0., 0., 1., 1., 1., 0.],
        [0., 0., 0., 1., 1., 0., 1., 0., 1., 1.],
        [1., 1., 0., 1., 1., 0., 0., 0., 1., 1.],
        [1., 1., 1., 1., 1., 1., 1., 0., 0., 1.],
        [1., 1., 0., 0., 1., 1., 1., 1., 1., 0.],
        [1., 1., 1., 0., 0., 0., 1., 0., 0., 1.],
        [0., 1., 1., 1., 1., 1., 0., 1., 1., 0.],
        [1., 1., 0., 1., 1., 1., 1., 1., 0., 0.],
        [0., 1., 0., 0., 1., 1., 1., 1., 0., 1.]], device='cuda:0')
=> saved checkpoint 'checkpoints_CNN/mnist_struct_baseline_scheduler_binary_10_PT_target_uc_2/last' (iter 4050, epoch 15.0)
=> saved checkpoint 'checkpoint_scores_CNN/mnist_struct_baseline_scheduler_binary_10_PT_target_uc_2/last' (iter 4050, epoch 15.0)
EarlyStopping counter: 13 out of 25
[Save Checkpoint] epoch: [15.0], Train score:102.12000, Test score:87.79000, train loss:0.20231, test loss:0.31516, ratio_train_loss:0.00000,ratio_test_loss:0.00000, var distance inter class train:0.00000,var distance inter class test:0.00000
16.0  Compute uniq code target:
5.0
Uniq code computing: lambda: 2.7182819843292236, score: 100.0, uniq codes: tensor([[0., 0., 0., 0., 0., 1., 1., 1., 0., 1.],
        [1., 1., 1., 1., 0., 0., 1., 1., 1., 0.],
        [0., 0., 0., 1., 1., 0., 1., 0., 1., 1.],
        [1., 1., 0., 1., 1., 0., 0., 0., 1., 1.],
        [1., 1., 1., 1., 1., 1., 1., 0., 0., 1.],
        [1., 1., 0., 0., 1., 1., 1., 1., 1., 0.],
        [1., 1., 1., 0., 0., 0., 1., 0., 0., 1.],
        [0., 1., 1., 1., 1., 1., 0., 1., 1., 0.],
        [1., 1., 0., 1., 1., 1., 1., 1., 0., 0.],
        [0., 1., 0., 0., 1., 1., 1., 1., 0., 1.]], device='cuda:0')
=> saved checkpoint 'checkpoints_CNN/mnist_struct_baseline_scheduler_binary_10_PT_target_uc_2/last' (iter 4320, epoch 16.0)
=> saved checkpoint 'checkpoint_scores_CNN/mnist_struct_baseline_scheduler_binary_10_PT_target_uc_2/last' (iter 4320, epoch 16.0)
EarlyStopping counter: 14 out of 25
[Save Checkpoint] epoch: [16.0], Train score:102.17500, Test score:87.72000, train loss:0.20113, test loss:0.31693, ratio_train_loss:0.00000,ratio_test_loss:0.00000, var distance inter class train:0.00000,var distance inter class test:0.00000
17.0  Compute uniq code target:
5.0
Uniq code computing: lambda: 2.7182819843292236, score: 100.0, uniq codes: tensor([[0., 0., 0., 0., 0., 1., 1., 1., 0., 1.],
        [1., 1., 1., 1., 0., 0., 1., 1., 1., 0.],
        [0., 0., 0., 1., 1., 0., 1., 0., 1., 1.],
        [1., 1., 0., 1., 1., 0., 0., 0., 1., 1.],
        [1., 1., 1., 1., 1., 1., 1., 0., 0., 1.],
        [1., 1., 0., 0., 1., 1., 1., 1., 1., 0.],
        [1., 1., 1., 0., 0., 0., 1., 0., 0., 1.],
        [0., 1., 1., 1., 1., 1., 0., 1., 1., 0.],
        [1., 1., 0., 1., 1., 1., 1., 1., 0., 0.],
        [0., 1., 0., 0., 1., 1., 1., 1., 0., 1.]], device='cuda:0')
Epoch    17: reducing learning rate of group 0 to 8.0000e-06.
=> saved checkpoint 'checkpoints_CNN/mnist_struct_baseline_scheduler_binary_10_PT_target_uc_2/last' (iter 4590, epoch 17.0)
=> saved checkpoint 'checkpoint_scores_CNN/mnist_struct_baseline_scheduler_binary_10_PT_target_uc_2/last' (iter 4590, epoch 17.0)
EarlyStopping counter: 15 out of 25
[Save Checkpoint] epoch: [17.0], Train score:102.17500, Test score:87.74000, train loss:0.20037, test loss:0.31470, ratio_train_loss:0.00000,ratio_test_loss:0.00000, var distance inter class train:0.00000,var distance inter class test:0.00000
18.0  Compute uniq code target:
5.0
Uniq code computing: lambda: 2.7182819843292236, score: 100.0, uniq codes: tensor([[0., 0., 0., 0., 0., 1., 1., 1., 0., 1.],
        [1., 1., 1., 1., 0., 0., 1., 1., 1., 0.],
        [0., 0., 0., 1., 1., 0., 1., 0., 1., 1.],
        [1., 1., 0., 1., 1., 0., 0., 0., 1., 1.],
        [1., 1., 1., 1., 1., 1., 1., 0., 0., 1.],
        [1., 1., 0., 0., 1., 1., 1., 1., 1., 0.],
        [1., 1., 1., 0., 0., 0., 1., 0., 0., 1.],
        [0., 1., 1., 1., 1., 1., 0., 1., 1., 0.],
        [1., 1., 0., 1., 1., 1., 1., 1., 0., 0.],
        [0., 1., 0., 0., 1., 1., 1., 1., 0., 1.]], device='cuda:0')
=> saved checkpoint 'checkpoints_CNN/mnist_struct_baseline_scheduler_binary_10_PT_target_uc_2/last' (iter 4860, epoch 18.0)
=> saved checkpoint 'checkpoint_scores_CNN/mnist_struct_baseline_scheduler_binary_10_PT_target_uc_2/last' (iter 4860, epoch 18.0)
EarlyStopping counter: 16 out of 25
[Save Checkpoint] epoch: [18.0], Train score:102.74333, Test score:88.04000, train loss:0.18707, test loss:0.30723, ratio_train_loss:0.00000,ratio_test_loss:0.00000, var distance inter class train:0.00000,var distance inter class test:0.00000
19.0  Compute uniq code target:
5.0
Uniq code computing: lambda: 2.7182819843292236, score: 100.0, uniq codes: tensor([[0., 0., 0., 0., 0., 1., 1., 1., 0., 1.],
        [1., 1., 1., 1., 0., 0., 1., 1., 1., 0.],
        [0., 0., 0., 1., 1., 0., 1., 0., 1., 1.],
        [1., 1., 0., 1., 1., 0., 0., 0., 1., 1.],
        [1., 1., 1., 1., 1., 1., 1., 0., 0., 1.],
        [1., 1., 0., 0., 1., 1., 1., 1., 1., 0.],
        [1., 1., 1., 0., 0., 0., 1., 0., 0., 1.],
        [0., 1., 1., 1., 1., 1., 0., 1., 1., 0.],
        [1., 1., 0., 1., 1., 1., 1., 1., 0., 0.],
        [0., 1., 0., 0., 1., 1., 1., 1., 0., 1.]], device='cuda:0')
=> saved checkpoint 'checkpoints_CNN/mnist_struct_baseline_scheduler_binary_10_PT_target_uc_2/last' (iter 5130, epoch 19.0)
=> saved checkpoint 'checkpoint_scores_CNN/mnist_struct_baseline_scheduler_binary_10_PT_target_uc_2/last' (iter 5130, epoch 19.0)
EarlyStopping counter: 17 out of 25
[Save Checkpoint] epoch: [19.0], Train score:102.73833, Test score:88.10000, train loss:0.18664, test loss:0.30669, ratio_train_loss:0.00000,ratio_test_loss:0.00000, var distance inter class train:0.00000,var distance inter class test:0.00000
20.0  Compute uniq code target:
5.0
Uniq code computing: lambda: 2.7182819843292236, score: 100.0, uniq codes: tensor([[0., 0., 0., 0., 0., 1., 1., 1., 0., 1.],
        [1., 1., 1., 1., 0., 0., 1., 1., 1., 0.],
        [0., 0., 0., 1., 1., 0., 1., 0., 1., 1.],
        [1., 1., 0., 1., 1., 0., 0., 0., 1., 1.],
        [1., 1., 1., 1., 1., 1., 1., 0., 0., 1.],
        [1., 1., 0., 0., 1., 1., 1., 1., 1., 0.],
        [1., 1., 1., 0., 0., 0., 1., 0., 0., 1.],
        [0., 1., 1., 1., 1., 1., 0., 1., 1., 0.],
        [1., 1., 0., 1., 1., 1., 1., 1., 0., 0.],
        [0., 1., 0., 0., 1., 1., 1., 1., 0., 1.]], device='cuda:0')
=> saved checkpoint 'checkpoints_CNN/mnist_struct_baseline_scheduler_binary_10_PT_target_uc_2/last' (iter 5400, epoch 20.0)
=> saved checkpoint 'checkpoint_scores_CNN/mnist_struct_baseline_scheduler_binary_10_PT_target_uc_2/last' (iter 5400, epoch 20.0)
EarlyStopping counter: 18 out of 25
[Save Checkpoint] epoch: [20.0], Train score:102.73833, Test score:88.11000, train loss:0.18669, test loss:0.30790, ratio_train_loss:0.00000,ratio_test_loss:0.00000, var distance inter class train:0.00000,var distance inter class test:0.00000
21.0  Compute uniq code target:
5.0
Uniq code computing: lambda: 2.7182819843292236, score: 100.0, uniq codes: tensor([[0., 0., 0., 0., 0., 1., 1., 1., 0., 1.],
        [1., 1., 1., 1., 0., 0., 1., 1., 1., 0.],
        [0., 0., 0., 1., 1., 0., 1., 0., 1., 1.],
        [1., 1., 0., 1., 1., 0., 0., 0., 1., 1.],
        [1., 1., 1., 1., 1., 1., 1., 0., 0., 1.],
        [1., 1., 0., 0., 1., 1., 1., 1., 1., 0.],
        [1., 1., 1., 0., 0., 0., 1., 0., 0., 1.],
        [0., 1., 1., 1., 1., 1., 0., 1., 1., 0.],
        [1., 1., 0., 1., 1., 1., 1., 1., 0., 0.],
        [0., 1., 0., 0., 1., 1., 1., 1., 0., 1.]], device='cuda:0')
=> saved checkpoint 'checkpoints_CNN/mnist_struct_baseline_scheduler_binary_10_PT_target_uc_2/last' (iter 5670, epoch 21.0)
=> saved checkpoint 'checkpoint_scores_CNN/mnist_struct_baseline_scheduler_binary_10_PT_target_uc_2/last' (iter 5670, epoch 21.0)
EarlyStopping counter: 19 out of 25
[Save Checkpoint] epoch: [21.0], Train score:102.74500, Test score:88.13000, train loss:0.18633, test loss:0.30829, ratio_train_loss:0.00000,ratio_test_loss:0.00000, var distance inter class train:0.00000,var distance inter class test:0.00000
22.0  Compute uniq code target:
5.0
Uniq code computing: lambda: 2.7182819843292236, score: 100.0, uniq codes: tensor([[0., 0., 0., 0., 0., 1., 1., 1., 0., 1.],
        [1., 1., 1., 1., 0., 0., 1., 1., 1., 0.],
        [0., 0., 0., 1., 1., 0., 1., 0., 1., 1.],
        [1., 1., 0., 1., 1., 0., 0., 0., 1., 1.],
        [1., 1., 1., 1., 1., 1., 1., 0., 0., 1.],
        [1., 1., 0., 0., 1., 1., 1., 1., 1., 0.],
        [1., 1., 1., 0., 0., 0., 1., 0., 0., 1.],
        [0., 1., 1., 1., 1., 1., 0., 1., 1., 0.],
        [1., 1., 0., 1., 1., 1., 1., 1., 0., 0.],
        [0., 1., 0., 0., 1., 1., 1., 1., 0., 1.]], device='cuda:0')
Epoch    22: reducing learning rate of group 0 to 1.6000e-06.
=> saved checkpoint 'checkpoints_CNN/mnist_struct_baseline_scheduler_binary_10_PT_target_uc_2/last' (iter 5940, epoch 22.0)
=> saved checkpoint 'checkpoint_scores_CNN/mnist_struct_baseline_scheduler_binary_10_PT_target_uc_2/last' (iter 5940, epoch 22.0)
EarlyStopping counter: 20 out of 25
[Save Checkpoint] epoch: [22.0], Train score:102.71000, Test score:88.11000, train loss:0.18686, test loss:0.30791, ratio_train_loss:0.00000,ratio_test_loss:0.00000, var distance inter class train:0.00000,var distance inter class test:0.00000
23.0  Compute uniq code target:
5.0
Uniq code computing: lambda: 2.7182819843292236, score: 100.0, uniq codes: tensor([[0., 0., 0., 0., 0., 1., 1., 1., 0., 1.],
        [1., 0., 1., 1., 0., 0., 0., 1., 0., 0.],
        [0., 0., 0., 1., 1., 0., 1., 0., 1., 1.],
        [1., 1., 0., 1., 1., 0., 0., 0., 1., 1.],
        [1., 1., 1., 1., 1., 1., 1., 0., 0., 1.],
        [1., 1., 0., 0., 1., 1., 1., 1., 1., 0.],
        [1., 1., 1., 0., 0., 0., 1., 0., 0., 1.],
        [0., 1., 1., 1., 1., 1., 0., 1., 1., 0.],
        [1., 1., 0., 1., 1., 1., 1., 1., 0., 0.],
        [0., 1., 0., 0., 1., 1., 1., 1., 0., 1.]], device='cuda:0')
=> saved checkpoint 'checkpoints_CNN/mnist_struct_baseline_scheduler_binary_10_PT_target_uc_2/last' (iter 6210, epoch 23.0)
=> saved checkpoint 'checkpoint_scores_CNN/mnist_struct_baseline_scheduler_binary_10_PT_target_uc_2/last' (iter 6210, epoch 23.0)
EarlyStopping counter: 21 out of 25
[Save Checkpoint] epoch: [23.0], Train score:103.13167, Test score:88.53000, train loss:0.18142, test loss:0.30367, ratio_train_loss:0.00000,ratio_test_loss:0.00000, var distance inter class train:0.00000,var distance inter class test:0.00000
24.0  Compute uniq code target:
5.0
Uniq code computing: lambda: 2.7182819843292236, score: 100.0, uniq codes: tensor([[0., 0., 0., 0., 0., 1., 1., 1., 0., 1.],
        [1., 0., 1., 1., 0., 0., 0., 1., 0., 0.],
        [0., 0., 0., 1., 1., 0., 1., 0., 1., 1.],
        [1., 1., 0., 1., 1., 0., 0., 0., 1., 1.],
        [1., 1., 1., 1., 1., 1., 1., 0., 0., 1.],
        [1., 1., 0., 0., 1., 1., 1., 1., 1., 0.],
        [1., 1., 1., 0., 0., 0., 1., 0., 0., 1.],
        [0., 1., 1., 1., 1., 1., 0., 1., 1., 0.],
        [1., 1., 0., 1., 1., 1., 1., 1., 0., 0.],
        [0., 1., 0., 0., 1., 1., 1., 1., 0., 1.]], device='cuda:0')
=> saved checkpoint 'checkpoints_CNN/mnist_struct_baseline_scheduler_binary_10_PT_target_uc_2/last' (iter 6480, epoch 24.0)
=> saved checkpoint 'checkpoint_scores_CNN/mnist_struct_baseline_scheduler_binary_10_PT_target_uc_2/last' (iter 6480, epoch 24.0)
EarlyStopping counter: 22 out of 25
[Save Checkpoint] epoch: [24.0], Train score:103.17167, Test score:88.54000, train loss:0.18064, test loss:0.30379, ratio_train_loss:0.00000,ratio_test_loss:0.00000, var distance inter class train:0.00000,var distance inter class test:0.00000
