37
--gpu_devices 0 --max_iter 100 --batch_size 250 --use_scheduler True --lr 1e-4 --GMP True --z_struct_size 15 --is_encoder_struct True --big_kernel_size 8 --two_conv_layer True --three_conv_layer True --kernel_size_1 4 --kernel_size_2 4 --kernel_size_3 4 --BK_in_first_layer True --BK_in_second_layer False --BK_in_third_layer False --stride_size 1 --hidden_filters_layer1 64 --hidden_filters_layer2 64 --hidden_filters_layer3 64 --lambda_class 1 --ratio_reg False --lambda_ratio_reg 1 --loss_min_distance_cl False --lambda_var_distance 1 --loss_distance_mean True --Hmg_dst_loss True --Hmg_dst_loss True --lambda_hmg_dst 10 --lambda_hmg_dst 1 --binary_z True --binary_first_conv False --binary_second_conv False --binary_third_conv True --exp_name mnist_struct_mean_scheduler_binary_1_5_Hamming_dst_1_3_2
Namespace(BK_in_first_layer=True, BK_in_second_layer=False, BK_in_third_layer=False, BN=False, C_max=25, C_stop_iter=100000.0, E1_AE=False, E1_VAE=False, E1_conv=False, E1_dense=False, E1_second_conv=False, E1_second_conv_adapt=False, GMP=True, Hmg_dst_loss=True, IPC=False, L1_norm_act=False, L1_norm_weights=False, L3_without_random=False, LOG_DIR='logs', adapt_lr=False, add_classification_layer=True, add_linear_after_GMP=True, add_z_struct_bottleneck=False, alpha=32, batch_size=250, beta=1, beta1=0.9, beta2=0.999, big_kernel=False, big_kernel_size=8, binary_chain=False, binary_first_conv=False, binary_second_conv=False, binary_third_conv=True, binary_z=True, ckpt_dir='checkpoints_CNN', ckpt_dir_scores='checkpoint_scores_CNN', classif_layer_size=30, contrastive_loss=False, cuda=True, dataset='mnist', dataset_balanced=False, decoder_first_dense=36, decoder_kernel_size_1=4, decoder_kernel_size_2=3, decoder_kernel_size_3=4, decoder_n_filter_1=64, decoder_n_filter_2=64, decoder_n_filter_3=64, decoder_stride_1=2, decoder_stride_2=2, decoder_stride_3=1, diff_var=False, display_step=10000, dset_dir='data', exp_name='mnist_struct_mean_scheduler_binary_1_5_Hamming_dst_1_3_2', freeze_Encoder=True, gamma=1000, gpu_devices=[0], hidden_filters_layer1=64, hidden_filters_layer2=64, hidden_filters_layer3=64, image_size=64, intra_class_variance_loss=False, is_C=True, is_E1=False, is_VAE_var=False, is_binary_structural_latent=False, is_custom_model=False, is_custom_model_BK=False, is_default_model=False, is_encoder_struct=True, is_noise_stats=False, is_partial_rand_class=False, is_perturbed_score=False, is_zvar_sim_loss=False, just_train=False, kernel_size=4, kernel_size_1=4, kernel_size_2=4, kernel_size_3=4, lambda_BCE=1, lambda_Kl_struct=1, lambda_Kl_var=1, lambda_L1=0.01, lambda_VAE=1, lambda_class=1.0, lambda_contrastive_loss=1, lambda_distance_mean=1, lambda_hmg_dst=1.0, lambda_intra_class_var=1, lambda_partial_class=1, lambda_ratio_reg=1.0, lambda_recon_wt_rand=1, lambda_recons=1, lambda_var_distance=1.0, lambda_var_inter=1, lambda_var_intra=1, lambda_zvar_sim=1, latent_spec_cont=None, latent_spec_cont_class=None, latent_spec_cont_var=None, latent_spec_disc=None, latent_spec_disc_class=None, latent_spec_disc_var=None, log_level='info', loss='Proxy_Anchor', loss_distance_mean=True, loss_min_distance_cl=False, lr=0.0001, max_iter=100.0, model='CNN', mrg=0.1, nb_epochs_train_only_zvar=0, num_workers=2, old_weighted=False, optimizer='adamw', other_architecture=False, other_ratio=False, random_percentage=0.2, random_seed=10, randomness=True, ratio_reg=False, remark='', save_step=10000, second_layer_C=False, seed=1, stride_size=1, sz_embedding=5, three_conv_layer=True, train=True, train_var_struct_alternatively=False, two_conv_layer=True, two_encoder=False, use_VAE=False, use_decoder=False, use_early_stopping=True, use_scheduler=True, use_structural_encoder=False, value_target_distance_mean=1, var_hidden_dim=256, var_hidden_filters_1=32, var_hidden_filters_2=32, var_hidden_filters_3=32, var_kernel_size_1=3, var_kernel_size_2=3, var_kernel_size_3=3, var_second_cnn_block=False, var_stride_size_1=1, var_stride_size_2=1, var_stride_size_3=1, var_third_cnn_block=False, var_three_conv_layer=False, warm=1, without_acc=False, z_struct_size=15, z_var_size=5, zeros_W_Classif=False, zvar_sim_change_zvar=False, zvar_sim_loss_for_all_model=False, zvar_sim_loss_only_for_encoder=False, zvar_sim_normal=False, zvar_sim_var_rand=False)
CUDA Visible devices !
[Using Seed: 10]
use 1 gpu who named: Tesla V100-SXM2-32GB
=> loaded sample_scores and losses
USe encoder struct with Hamming distance with pre trained encoder, load it !
=> loaded checkpoint 'checkpoints_CNN/mnist_struct_mean_scheduler_binary_1_5/last (iter 20790)'
Encoder_struct(
  (encoder_struct): Sequential(
    (0): Conv2d(1, 64, kernel_size=(8, 8), stride=(1, 1))
    (1): BatchNorm2d(64, eps=1e-05, momentum=0.1, affine=True, track_running_stats=True)
    (2): ReLU(inplace=True)
    (3): Conv2d(64, 64, kernel_size=(4, 4), stride=(1, 1))
    (4): BatchNorm2d(64, eps=1e-05, momentum=0.1, affine=True, track_running_stats=True)
    (5): ReLU(inplace=True)
    (6): Conv2d(64, 15, kernel_size=(4, 4), stride=(1, 1))
    (7): BatchNorm2d(15, eps=1e-05, momentum=0.1, affine=True, track_running_stats=True)
    (8): DeterministicBinaryActivation(
      (act): Hardsigmoid(
        (act): Hardtanh(min_val=-1.0, max_val=1.0)
      )
    )
    (9): AdaptiveMaxPool2d(output_size=(1, 1))
    (10): View()
    (11): Linear(in_features=15, out_features=10, bias=True)
  )
)
The number of parameters of model is 85581
=> saved checkpoint 'checkpoints_CNN/mnist_struct_mean_scheduler_binary_1_5_Hamming_dst_1_3_2/last' (iter 240, epoch 1.0)
=> saved checkpoint 'checkpoint_scores_CNN/mnist_struct_mean_scheduler_binary_1_5_Hamming_dst_1_3_2/last' (iter 240, epoch 1.0)
[Save Checkpoint] epoch: [1.0], Train score:93.24667, Test score:91.31000, train loss:0.18414, test loss:0.26408, ratio_train_loss:0.00000,ratio_test_loss:0.00000, var distance inter class train:0.00000,var distance inter class test:0.00000
=> saved checkpoint 'checkpoints_CNN/mnist_struct_mean_scheduler_binary_1_5_Hamming_dst_1_3_2/last' (iter 480, epoch 2.0)
=> saved checkpoint 'checkpoint_scores_CNN/mnist_struct_mean_scheduler_binary_1_5_Hamming_dst_1_3_2/last' (iter 480, epoch 2.0)
[Save Checkpoint] epoch: [2.0], Train score:92.76167, Test score:90.65000, train loss:0.18915, test loss:0.29920, ratio_train_loss:0.00000,ratio_test_loss:0.00000, var distance inter class train:0.00000,var distance inter class test:0.00000
=> saved checkpoint 'checkpoints_CNN/mnist_struct_mean_scheduler_binary_1_5_Hamming_dst_1_3_2/last' (iter 720, epoch 3.0)
=> saved checkpoint 'checkpoint_scores_CNN/mnist_struct_mean_scheduler_binary_1_5_Hamming_dst_1_3_2/last' (iter 720, epoch 3.0)
[Save Checkpoint] epoch: [3.0], Train score:93.01000, Test score:90.76000, train loss:0.18167, test loss:0.30513, ratio_train_loss:0.00000,ratio_test_loss:0.00000, var distance inter class train:0.00000,var distance inter class test:0.00000
=> saved checkpoint 'checkpoints_CNN/mnist_struct_mean_scheduler_binary_1_5_Hamming_dst_1_3_2/last' (iter 960, epoch 4.0)
=> saved checkpoint 'checkpoint_scores_CNN/mnist_struct_mean_scheduler_binary_1_5_Hamming_dst_1_3_2/last' (iter 960, epoch 4.0)
[Save Checkpoint] epoch: [4.0], Train score:92.94167, Test score:90.55000, train loss:0.17860, test loss:0.30364, ratio_train_loss:0.00000,ratio_test_loss:0.00000, var distance inter class train:0.00000,var distance inter class test:0.00000
=> saved checkpoint 'checkpoints_CNN/mnist_struct_mean_scheduler_binary_1_5_Hamming_dst_1_3_2/last' (iter 1200, epoch 5.0)
=> saved checkpoint 'checkpoint_scores_CNN/mnist_struct_mean_scheduler_binary_1_5_Hamming_dst_1_3_2/last' (iter 1200, epoch 5.0)
EarlyStopping counter: 1 out of 20
[Save Checkpoint] epoch: [5.0], Train score:92.59833, Test score:90.29000, train loss:0.18801, test loss:0.31541, ratio_train_loss:0.00000,ratio_test_loss:0.00000, var distance inter class train:0.00000,var distance inter class test:0.00000
=> saved checkpoint 'checkpoints_CNN/mnist_struct_mean_scheduler_binary_1_5_Hamming_dst_1_3_2/last' (iter 1440, epoch 6.0)
=> saved checkpoint 'checkpoint_scores_CNN/mnist_struct_mean_scheduler_binary_1_5_Hamming_dst_1_3_2/last' (iter 1440, epoch 6.0)
EarlyStopping counter: 2 out of 20
[Save Checkpoint] epoch: [6.0], Train score:92.42500, Test score:90.00000, train loss:0.20139, test loss:0.32576, ratio_train_loss:0.00000,ratio_test_loss:0.00000, var distance inter class train:0.00000,var distance inter class test:0.00000
=> saved checkpoint 'checkpoints_CNN/mnist_struct_mean_scheduler_binary_1_5_Hamming_dst_1_3_2/last' (iter 1680, epoch 7.0)
=> saved checkpoint 'checkpoint_scores_CNN/mnist_struct_mean_scheduler_binary_1_5_Hamming_dst_1_3_2/last' (iter 1680, epoch 7.0)
EarlyStopping counter: 3 out of 20
[Save Checkpoint] epoch: [7.0], Train score:92.22833, Test score:89.36000, train loss:0.20036, test loss:0.34130, ratio_train_loss:0.00000,ratio_test_loss:0.00000, var distance inter class train:0.00000,var distance inter class test:0.00000
=> saved checkpoint 'checkpoints_CNN/mnist_struct_mean_scheduler_binary_1_5_Hamming_dst_1_3_2/last' (iter 1920, epoch 8.0)
=> saved checkpoint 'checkpoint_scores_CNN/mnist_struct_mean_scheduler_binary_1_5_Hamming_dst_1_3_2/last' (iter 1920, epoch 8.0)
EarlyStopping counter: 4 out of 20
[Save Checkpoint] epoch: [8.0], Train score:92.53500, Test score:89.64000, train loss:0.19703, test loss:0.33895, ratio_train_loss:0.00000,ratio_test_loss:0.00000, var distance inter class train:0.00000,var distance inter class test:0.00000
Epoch     9: reducing learning rate of group 0 to 2.0000e-05.
=> saved checkpoint 'checkpoints_CNN/mnist_struct_mean_scheduler_binary_1_5_Hamming_dst_1_3_2/last' (iter 2160, epoch 9.0)
=> saved checkpoint 'checkpoint_scores_CNN/mnist_struct_mean_scheduler_binary_1_5_Hamming_dst_1_3_2/last' (iter 2160, epoch 9.0)
EarlyStopping counter: 5 out of 20
[Save Checkpoint] epoch: [9.0], Train score:92.47333, Test score:89.67000, train loss:0.19436, test loss:0.33530, ratio_train_loss:0.00000,ratio_test_loss:0.00000, var distance inter class train:0.00000,var distance inter class test:0.00000
=> saved checkpoint 'checkpoints_CNN/mnist_struct_mean_scheduler_binary_1_5_Hamming_dst_1_3_2/last' (iter 2400, epoch 10.0)
=> saved checkpoint 'checkpoint_scores_CNN/mnist_struct_mean_scheduler_binary_1_5_Hamming_dst_1_3_2/last' (iter 2400, epoch 10.0)
EarlyStopping counter: 6 out of 20
[Save Checkpoint] epoch: [10.0], Train score:92.59500, Test score:89.97000, train loss:0.18782, test loss:0.32685, ratio_train_loss:0.00000,ratio_test_loss:0.00000, var distance inter class train:0.00000,var distance inter class test:0.00000
=> saved checkpoint 'checkpoints_CNN/mnist_struct_mean_scheduler_binary_1_5_Hamming_dst_1_3_2/last' (iter 2640, epoch 11.0)
=> saved checkpoint 'checkpoint_scores_CNN/mnist_struct_mean_scheduler_binary_1_5_Hamming_dst_1_3_2/last' (iter 2640, epoch 11.0)
EarlyStopping counter: 7 out of 20
[Save Checkpoint] epoch: [11.0], Train score:92.51333, Test score:89.80000, train loss:0.19213, test loss:0.33497, ratio_train_loss:0.00000,ratio_test_loss:0.00000, var distance inter class train:0.00000,var distance inter class test:0.00000
=> saved checkpoint 'checkpoints_CNN/mnist_struct_mean_scheduler_binary_1_5_Hamming_dst_1_3_2/last' (iter 2880, epoch 12.0)
=> saved checkpoint 'checkpoint_scores_CNN/mnist_struct_mean_scheduler_binary_1_5_Hamming_dst_1_3_2/last' (iter 2880, epoch 12.0)
EarlyStopping counter: 8 out of 20
[Save Checkpoint] epoch: [12.0], Train score:92.66000, Test score:90.18000, train loss:0.18611, test loss:0.32194, ratio_train_loss:0.00000,ratio_test_loss:0.00000, var distance inter class train:0.00000,var distance inter class test:0.00000
=> saved checkpoint 'checkpoints_CNN/mnist_struct_mean_scheduler_binary_1_5_Hamming_dst_1_3_2/last' (iter 3120, epoch 13.0)
=> saved checkpoint 'checkpoint_scores_CNN/mnist_struct_mean_scheduler_binary_1_5_Hamming_dst_1_3_2/last' (iter 3120, epoch 13.0)
[Save Checkpoint] epoch: [13.0], Train score:92.61333, Test score:90.01000, train loss:0.19144, test loss:0.32799, ratio_train_loss:0.00000,ratio_test_loss:0.00000, var distance inter class train:0.00000,var distance inter class test:0.00000
=> saved checkpoint 'checkpoints_CNN/mnist_struct_mean_scheduler_binary_1_5_Hamming_dst_1_3_2/last' (iter 3360, epoch 14.0)
=> saved checkpoint 'checkpoint_scores_CNN/mnist_struct_mean_scheduler_binary_1_5_Hamming_dst_1_3_2/last' (iter 3360, epoch 14.0)
[Save Checkpoint] epoch: [14.0], Train score:92.62000, Test score:90.12000, train loss:0.18912, test loss:0.32538, ratio_train_loss:0.00000,ratio_test_loss:0.00000, var distance inter class train:0.00000,var distance inter class test:0.00000
=> saved checkpoint 'checkpoints_CNN/mnist_struct_mean_scheduler_binary_1_5_Hamming_dst_1_3_2/last' (iter 3600, epoch 15.0)
=> saved checkpoint 'checkpoint_scores_CNN/mnist_struct_mean_scheduler_binary_1_5_Hamming_dst_1_3_2/last' (iter 3600, epoch 15.0)
EarlyStopping counter: 1 out of 20
[Save Checkpoint] epoch: [15.0], Train score:92.47167, Test score:89.86000, train loss:0.19082, test loss:0.32820, ratio_train_loss:0.00000,ratio_test_loss:0.00000, var distance inter class train:0.00000,var distance inter class test:0.00000
=> saved checkpoint 'checkpoints_CNN/mnist_struct_mean_scheduler_binary_1_5_Hamming_dst_1_3_2/last' (iter 3840, epoch 16.0)
=> saved checkpoint 'checkpoint_scores_CNN/mnist_struct_mean_scheduler_binary_1_5_Hamming_dst_1_3_2/last' (iter 3840, epoch 16.0)
EarlyStopping counter: 2 out of 20
[Save Checkpoint] epoch: [16.0], Train score:92.69000, Test score:90.01000, train loss:0.18432, test loss:0.32647, ratio_train_loss:0.00000,ratio_test_loss:0.00000, var distance inter class train:0.00000,var distance inter class test:0.00000
=> saved checkpoint 'checkpoints_CNN/mnist_struct_mean_scheduler_binary_1_5_Hamming_dst_1_3_2/last' (iter 4080, epoch 17.0)
=> saved checkpoint 'checkpoint_scores_CNN/mnist_struct_mean_scheduler_binary_1_5_Hamming_dst_1_3_2/last' (iter 4080, epoch 17.0)
EarlyStopping counter: 3 out of 20
[Save Checkpoint] epoch: [17.0], Train score:92.69000, Test score:90.03000, train loss:0.18293, test loss:0.32581, ratio_train_loss:0.00000,ratio_test_loss:0.00000, var distance inter class train:0.00000,var distance inter class test:0.00000
=> saved checkpoint 'checkpoints_CNN/mnist_struct_mean_scheduler_binary_1_5_Hamming_dst_1_3_2/last' (iter 4320, epoch 18.0)
=> saved checkpoint 'checkpoint_scores_CNN/mnist_struct_mean_scheduler_binary_1_5_Hamming_dst_1_3_2/last' (iter 4320, epoch 18.0)
EarlyStopping counter: 4 out of 20
[Save Checkpoint] epoch: [18.0], Train score:92.63000, Test score:89.89000, train loss:0.18453, test loss:0.32903, ratio_train_loss:0.00000,ratio_test_loss:0.00000, var distance inter class train:0.00000,var distance inter class test:0.00000
Epoch    19: reducing learning rate of group 0 to 4.0000e-06.
=> saved checkpoint 'checkpoints_CNN/mnist_struct_mean_scheduler_binary_1_5_Hamming_dst_1_3_2/last' (iter 4560, epoch 19.0)
=> saved checkpoint 'checkpoint_scores_CNN/mnist_struct_mean_scheduler_binary_1_5_Hamming_dst_1_3_2/last' (iter 4560, epoch 19.0)
EarlyStopping counter: 5 out of 20
[Save Checkpoint] epoch: [19.0], Train score:92.61833, Test score:89.93000, train loss:0.18614, test loss:0.33191, ratio_train_loss:0.00000,ratio_test_loss:0.00000, var distance inter class train:0.00000,var distance inter class test:0.00000
=> saved checkpoint 'checkpoints_CNN/mnist_struct_mean_scheduler_binary_1_5_Hamming_dst_1_3_2/last' (iter 4800, epoch 20.0)
=> saved checkpoint 'checkpoint_scores_CNN/mnist_struct_mean_scheduler_binary_1_5_Hamming_dst_1_3_2/last' (iter 4800, epoch 20.0)
EarlyStopping counter: 6 out of 20
[Save Checkpoint] epoch: [20.0], Train score:92.67333, Test score:90.08000, train loss:0.18360, test loss:0.32577, ratio_train_loss:0.00000,ratio_test_loss:0.00000, var distance inter class train:0.00000,var distance inter class test:0.00000
=> saved checkpoint 'checkpoints_CNN/mnist_struct_mean_scheduler_binary_1_5_Hamming_dst_1_3_2/last' (iter 5040, epoch 21.0)
=> saved checkpoint 'checkpoint_scores_CNN/mnist_struct_mean_scheduler_binary_1_5_Hamming_dst_1_3_2/last' (iter 5040, epoch 21.0)
EarlyStopping counter: 7 out of 20
[Save Checkpoint] epoch: [21.0], Train score:92.64500, Test score:90.04000, train loss:0.18709, test loss:0.33288, ratio_train_loss:0.00000,ratio_test_loss:0.00000, var distance inter class train:0.00000,var distance inter class test:0.00000
=> saved checkpoint 'checkpoints_CNN/mnist_struct_mean_scheduler_binary_1_5_Hamming_dst_1_3_2/last' (iter 5280, epoch 22.0)
=> saved checkpoint 'checkpoint_scores_CNN/mnist_struct_mean_scheduler_binary_1_5_Hamming_dst_1_3_2/last' (iter 5280, epoch 22.0)
EarlyStopping counter: 8 out of 20
[Save Checkpoint] epoch: [22.0], Train score:92.57833, Test score:89.88000, train loss:0.18718, test loss:0.33488, ratio_train_loss:0.00000,ratio_test_loss:0.00000, var distance inter class train:0.00000,var distance inter class test:0.00000
=> saved checkpoint 'checkpoints_CNN/mnist_struct_mean_scheduler_binary_1_5_Hamming_dst_1_3_2/last' (iter 5520, epoch 23.0)
=> saved checkpoint 'checkpoint_scores_CNN/mnist_struct_mean_scheduler_binary_1_5_Hamming_dst_1_3_2/last' (iter 5520, epoch 23.0)
EarlyStopping counter: 9 out of 20
[Save Checkpoint] epoch: [23.0], Train score:92.57000, Test score:89.76000, train loss:0.18459, test loss:0.33478, ratio_train_loss:0.00000,ratio_test_loss:0.00000, var distance inter class train:0.00000,var distance inter class test:0.00000
Epoch    24: reducing learning rate of group 0 to 1.0000e-06.
=> saved checkpoint 'checkpoints_CNN/mnist_struct_mean_scheduler_binary_1_5_Hamming_dst_1_3_2/last' (iter 5760, epoch 24.0)
=> saved checkpoint 'checkpoint_scores_CNN/mnist_struct_mean_scheduler_binary_1_5_Hamming_dst_1_3_2/last' (iter 5760, epoch 24.0)
EarlyStopping counter: 10 out of 20
[Save Checkpoint] epoch: [24.0], Train score:92.51833, Test score:89.86000, train loss:0.18990, test loss:0.33874, ratio_train_loss:0.00000,ratio_test_loss:0.00000, var distance inter class train:0.00000,var distance inter class test:0.00000
=> saved checkpoint 'checkpoints_CNN/mnist_struct_mean_scheduler_binary_1_5_Hamming_dst_1_3_2/last' (iter 6000, epoch 25.0)
=> saved checkpoint 'checkpoint_scores_CNN/mnist_struct_mean_scheduler_binary_1_5_Hamming_dst_1_3_2/last' (iter 6000, epoch 25.0)
EarlyStopping counter: 11 out of 20
[Save Checkpoint] epoch: [25.0], Train score:92.67667, Test score:89.86000, train loss:0.18411, test loss:0.33056, ratio_train_loss:0.00000,ratio_test_loss:0.00000, var distance inter class train:0.00000,var distance inter class test:0.00000
=> saved checkpoint 'checkpoints_CNN/mnist_struct_mean_scheduler_binary_1_5_Hamming_dst_1_3_2/last' (iter 6240, epoch 26.0)
=> saved checkpoint 'checkpoint_scores_CNN/mnist_struct_mean_scheduler_binary_1_5_Hamming_dst_1_3_2/last' (iter 6240, epoch 26.0)
EarlyStopping counter: 12 out of 20
[Save Checkpoint] epoch: [26.0], Train score:92.60833, Test score:89.82000, train loss:0.18582, test loss:0.33330, ratio_train_loss:0.00000,ratio_test_loss:0.00000, var distance inter class train:0.00000,var distance inter class test:0.00000
=> saved checkpoint 'checkpoints_CNN/mnist_struct_mean_scheduler_binary_1_5_Hamming_dst_1_3_2/last' (iter 6480, epoch 27.0)
=> saved checkpoint 'checkpoint_scores_CNN/mnist_struct_mean_scheduler_binary_1_5_Hamming_dst_1_3_2/last' (iter 6480, epoch 27.0)
[Save Checkpoint] epoch: [27.0], Train score:92.78000, Test score:89.99000, train loss:0.17471, test loss:0.32022, ratio_train_loss:0.00000,ratio_test_loss:0.00000, var distance inter class train:0.00000,var distance inter class test:0.00000
=> saved checkpoint 'checkpoints_CNN/mnist_struct_mean_scheduler_binary_1_5_Hamming_dst_1_3_2/last' (iter 6720, epoch 28.0)
=> saved checkpoint 'checkpoint_scores_CNN/mnist_struct_mean_scheduler_binary_1_5_Hamming_dst_1_3_2/last' (iter 6720, epoch 28.0)
EarlyStopping counter: 1 out of 20
[Save Checkpoint] epoch: [28.0], Train score:92.72667, Test score:90.00000, train loss:0.17851, test loss:0.32894, ratio_train_loss:0.00000,ratio_test_loss:0.00000, var distance inter class train:0.00000,var distance inter class test:0.00000
=> saved checkpoint 'checkpoints_CNN/mnist_struct_mean_scheduler_binary_1_5_Hamming_dst_1_3_2/last' (iter 6960, epoch 29.0)
=> saved checkpoint 'checkpoint_scores_CNN/mnist_struct_mean_scheduler_binary_1_5_Hamming_dst_1_3_2/last' (iter 6960, epoch 29.0)
EarlyStopping counter: 2 out of 20
[Save Checkpoint] epoch: [29.0], Train score:92.49333, Test score:89.72000, train loss:0.19099, test loss:0.34573, ratio_train_loss:0.00000,ratio_test_loss:0.00000, var distance inter class train:0.00000,var distance inter class test:0.00000
=> saved checkpoint 'checkpoints_CNN/mnist_struct_mean_scheduler_binary_1_5_Hamming_dst_1_3_2/last' (iter 7200, epoch 30.0)
=> saved checkpoint 'checkpoint_scores_CNN/mnist_struct_mean_scheduler_binary_1_5_Hamming_dst_1_3_2/last' (iter 7200, epoch 30.0)
EarlyStopping counter: 3 out of 20
[Save Checkpoint] epoch: [30.0], Train score:92.71500, Test score:90.02000, train loss:0.17987, test loss:0.32549, ratio_train_loss:0.00000,ratio_test_loss:0.00000, var distance inter class train:0.00000,var distance inter class test:0.00000
=> saved checkpoint 'checkpoints_CNN/mnist_struct_mean_scheduler_binary_1_5_Hamming_dst_1_3_2/last' (iter 7440, epoch 31.0)
=> saved checkpoint 'checkpoint_scores_CNN/mnist_struct_mean_scheduler_binary_1_5_Hamming_dst_1_3_2/last' (iter 7440, epoch 31.0)
EarlyStopping counter: 4 out of 20
[Save Checkpoint] epoch: [31.0], Train score:92.57167, Test score:89.77000, train loss:0.18867, test loss:0.33891, ratio_train_loss:0.00000,ratio_test_loss:0.00000, var distance inter class train:0.00000,var distance inter class test:0.00000
=> saved checkpoint 'checkpoints_CNN/mnist_struct_mean_scheduler_binary_1_5_Hamming_dst_1_3_2/last' (iter 7680, epoch 32.0)
=> saved checkpoint 'checkpoint_scores_CNN/mnist_struct_mean_scheduler_binary_1_5_Hamming_dst_1_3_2/last' (iter 7680, epoch 32.0)
EarlyStopping counter: 5 out of 20
[Save Checkpoint] epoch: [32.0], Train score:92.76833, Test score:90.06000, train loss:0.17810, test loss:0.32080, ratio_train_loss:0.00000,ratio_test_loss:0.00000, var distance inter class train:0.00000,var distance inter class test:0.00000
=> saved checkpoint 'checkpoints_CNN/mnist_struct_mean_scheduler_binary_1_5_Hamming_dst_1_3_2/last' (iter 7920, epoch 33.0)
=> saved checkpoint 'checkpoint_scores_CNN/mnist_struct_mean_scheduler_binary_1_5_Hamming_dst_1_3_2/last' (iter 7920, epoch 33.0)
EarlyStopping counter: 6 out of 20
[Save Checkpoint] epoch: [33.0], Train score:92.50667, Test score:89.71000, train loss:0.18904, test loss:0.33297, ratio_train_loss:0.00000,ratio_test_loss:0.00000, var distance inter class train:0.00000,var distance inter class test:0.00000
=> saved checkpoint 'checkpoints_CNN/mnist_struct_mean_scheduler_binary_1_5_Hamming_dst_1_3_2/last' (iter 8160, epoch 34.0)
=> saved checkpoint 'checkpoint_scores_CNN/mnist_struct_mean_scheduler_binary_1_5_Hamming_dst_1_3_2/last' (iter 8160, epoch 34.0)
EarlyStopping counter: 7 out of 20
[Save Checkpoint] epoch: [34.0], Train score:92.63333, Test score:89.86000, train loss:0.18343, test loss:0.33323, ratio_train_loss:0.00000,ratio_test_loss:0.00000, var distance inter class train:0.00000,var distance inter class test:0.00000
=> saved checkpoint 'checkpoints_CNN/mnist_struct_mean_scheduler_binary_1_5_Hamming_dst_1_3_2/last' (iter 8400, epoch 35.0)
=> saved checkpoint 'checkpoint_scores_CNN/mnist_struct_mean_scheduler_binary_1_5_Hamming_dst_1_3_2/last' (iter 8400, epoch 35.0)
EarlyStopping counter: 8 out of 20
[Save Checkpoint] epoch: [35.0], Train score:92.69667, Test score:89.95000, train loss:0.18567, test loss:0.32816, ratio_train_loss:0.00000,ratio_test_loss:0.00000, var distance inter class train:0.00000,var distance inter class test:0.00000
=> saved checkpoint 'checkpoints_CNN/mnist_struct_mean_scheduler_binary_1_5_Hamming_dst_1_3_2/last' (iter 8640, epoch 36.0)
=> saved checkpoint 'checkpoint_scores_CNN/mnist_struct_mean_scheduler_binary_1_5_Hamming_dst_1_3_2/last' (iter 8640, epoch 36.0)
EarlyStopping counter: 9 out of 20
[Save Checkpoint] epoch: [36.0], Train score:92.66000, Test score:89.86000, train loss:0.18268, test loss:0.33407, ratio_train_loss:0.00000,ratio_test_loss:0.00000, var distance inter class train:0.00000,var distance inter class test:0.00000
=> saved checkpoint 'checkpoints_CNN/mnist_struct_mean_scheduler_binary_1_5_Hamming_dst_1_3_2/last' (iter 8880, epoch 37.0)
=> saved checkpoint 'checkpoint_scores_CNN/mnist_struct_mean_scheduler_binary_1_5_Hamming_dst_1_3_2/last' (iter 8880, epoch 37.0)
EarlyStopping counter: 10 out of 20
[Save Checkpoint] epoch: [37.0], Train score:92.56667, Test score:89.85000, train loss:0.18891, test loss:0.33669, ratio_train_loss:0.00000,ratio_test_loss:0.00000, var distance inter class train:0.00000,var distance inter class test:0.00000
=> saved checkpoint 'checkpoints_CNN/mnist_struct_mean_scheduler_binary_1_5_Hamming_dst_1_3_2/last' (iter 9120, epoch 38.0)
=> saved checkpoint 'checkpoint_scores_CNN/mnist_struct_mean_scheduler_binary_1_5_Hamming_dst_1_3_2/last' (iter 9120, epoch 38.0)
EarlyStopping counter: 11 out of 20
[Save Checkpoint] epoch: [38.0], Train score:92.61833, Test score:89.76000, train loss:0.18506, test loss:0.33420, ratio_train_loss:0.00000,ratio_test_loss:0.00000, var distance inter class train:0.00000,var distance inter class test:0.00000
=> saved checkpoint 'checkpoints_CNN/mnist_struct_mean_scheduler_binary_1_5_Hamming_dst_1_3_2/last' (iter 9360, epoch 39.0)
=> saved checkpoint 'checkpoint_scores_CNN/mnist_struct_mean_scheduler_binary_1_5_Hamming_dst_1_3_2/last' (iter 9360, epoch 39.0)
EarlyStopping counter: 12 out of 20
[Save Checkpoint] epoch: [39.0], Train score:92.66500, Test score:89.70000, train loss:0.18183, test loss:0.33617, ratio_train_loss:0.00000,ratio_test_loss:0.00000, var distance inter class train:0.00000,var distance inter class test:0.00000
=> saved checkpoint 'checkpoints_CNN/mnist_struct_mean_scheduler_binary_1_5_Hamming_dst_1_3_2/last' (iter 9600, epoch 40.0)
=> saved checkpoint 'checkpoint_scores_CNN/mnist_struct_mean_scheduler_binary_1_5_Hamming_dst_1_3_2/last' (iter 9600, epoch 40.0)
EarlyStopping counter: 13 out of 20
[Save Checkpoint] epoch: [40.0], Train score:92.60833, Test score:89.82000, train loss:0.18666, test loss:0.33279, ratio_train_loss:0.00000,ratio_test_loss:0.00000, var distance inter class train:0.00000,var distance inter class test:0.00000
=> saved checkpoint 'checkpoints_CNN/mnist_struct_mean_scheduler_binary_1_5_Hamming_dst_1_3_2/last' (iter 9840, epoch 41.0)
=> saved checkpoint 'checkpoint_scores_CNN/mnist_struct_mean_scheduler_binary_1_5_Hamming_dst_1_3_2/last' (iter 9840, epoch 41.0)
EarlyStopping counter: 14 out of 20
[Save Checkpoint] epoch: [41.0], Train score:92.70167, Test score:89.86000, train loss:0.18167, test loss:0.33436, ratio_train_loss:0.00000,ratio_test_loss:0.00000, var distance inter class train:0.00000,var distance inter class test:0.00000
=> saved checkpoint 'checkpoints_CNN/mnist_struct_mean_scheduler_binary_1_5_Hamming_dst_1_3_2/last' (iter 10080, epoch 42.0)
=> saved checkpoint 'checkpoint_scores_CNN/mnist_struct_mean_scheduler_binary_1_5_Hamming_dst_1_3_2/last' (iter 10080, epoch 42.0)
EarlyStopping counter: 15 out of 20
[Save Checkpoint] epoch: [42.0], Train score:92.79167, Test score:90.15000, train loss:0.17639, test loss:0.32356, ratio_train_loss:0.00000,ratio_test_loss:0.00000, var distance inter class train:0.00000,var distance inter class test:0.00000
=> saved checkpoint 'checkpoints_CNN/mnist_struct_mean_scheduler_binary_1_5_Hamming_dst_1_3_2/last' (iter 10320, epoch 43.0)
=> saved checkpoint 'checkpoint_scores_CNN/mnist_struct_mean_scheduler_binary_1_5_Hamming_dst_1_3_2/last' (iter 10320, epoch 43.0)
EarlyStopping counter: 16 out of 20
[Save Checkpoint] epoch: [43.0], Train score:92.68333, Test score:89.92000, train loss:0.18255, test loss:0.32680, ratio_train_loss:0.00000,ratio_test_loss:0.00000, var distance inter class train:0.00000,var distance inter class test:0.00000
=> saved checkpoint 'checkpoints_CNN/mnist_struct_mean_scheduler_binary_1_5_Hamming_dst_1_3_2/last' (iter 10560, epoch 44.0)
=> saved checkpoint 'checkpoint_scores_CNN/mnist_struct_mean_scheduler_binary_1_5_Hamming_dst_1_3_2/last' (iter 10560, epoch 44.0)
EarlyStopping counter: 17 out of 20
[Save Checkpoint] epoch: [44.0], Train score:92.49000, Test score:89.62000, train loss:0.19098, test loss:0.34216, ratio_train_loss:0.00000,ratio_test_loss:0.00000, var distance inter class train:0.00000,var distance inter class test:0.00000
=> saved checkpoint 'checkpoints_CNN/mnist_struct_mean_scheduler_binary_1_5_Hamming_dst_1_3_2/last' (iter 10800, epoch 45.0)
=> saved checkpoint 'checkpoint_scores_CNN/mnist_struct_mean_scheduler_binary_1_5_Hamming_dst_1_3_2/last' (iter 10800, epoch 45.0)
EarlyStopping counter: 18 out of 20
[Save Checkpoint] epoch: [45.0], Train score:92.74833, Test score:90.06000, train loss:0.17826, test loss:0.32414, ratio_train_loss:0.00000,ratio_test_loss:0.00000, var distance inter class train:0.00000,var distance inter class test:0.00000
