37
--gpu_devices 0 --max_iter 100 --batch_size 250 --use_scheduler True --lr 1e-3 --GMP True --z_struct_size 10 --is_VAE True --is_encoder_struct False --lambda_BCE 1 --beta 3 --big_kernel_size 8 --two_conv_layer True --three_conv_layer True --kernel_size_1 4 --kernel_size_2 4 --kernel_size_3 4 --BK_in_first_layer True --BK_in_second_layer False --BK_in_third_layer False --stride_size 1 --hidden_filters_layer1 64 --hidden_filters_layer2 64 --hidden_filters_layer3 64 --dataset_balanced True --binary_z True --binary_first_conv False --binary_second_conv False --binary_third_conv True --z_var_size 30 --z_struct_size 20 --use_small_lr_encoder_var False --encoder_var_name None --encoder_struct_name mnist_struct_baseline_scheduler_binary_20 --freeze_Encoder True --exp_name mnist_VAE_s20_v30_SE_beta_3
Namespace(BK_in_first_layer=True, BK_in_second_layer=False, BK_in_third_layer=False, BN=False, C_max=25, C_stop_iter=100000.0, E1_AE=False, E1_VAE=False, E1_conv=False, E1_dense=False, E1_second_conv=False, E1_second_conv_adapt=False, ES_reconstruction=False, EV_classifier=False, GMP=True, Hmg_dst_loss=False, IPC=False, L1_norm_act=False, L1_norm_weights=False, L3_without_random=False, LOG_DIR='logs', adapt_lr=False, add_classification_layer=True, add_linear_after_GMP=True, add_z_struct_bottleneck=False, alpha=32, batch_size=250, beta=3.0, beta1=0.9, beta2=0.999, big_kernel=False, big_kernel_size=8, binary_chain=False, binary_first_conv=False, binary_second_conv=False, binary_third_conv=True, binary_z=True, both_decoders_freeze=False, ckpt_dir='checkpoints_CNN', ckpt_dir_scores='checkpoint_scores_CNN', classif_layer_size=30, contrastive_loss=False, cuda=True, dataset='mnist', dataset_balanced=True, decoder_first_dense=36, decoder_kernel_size_1=4, decoder_kernel_size_2=3, decoder_kernel_size_3=4, decoder_n_filter_1=64, decoder_n_filter_2=64, decoder_n_filter_3=64, decoder_stride_1=2, decoder_stride_2=2, decoder_stride_3=1, diff_var=False, display_step=10000, dset_dir='data', encoder_struct_name='mnist_struct_baseline_scheduler_binary_20', encoder_var_name='None', exp_name='mnist_VAE_s20_v30_SE_beta_3', freeze_Encoder=True, gamma=1000, gpu_devices=[0], hidden_filters_layer1=64, hidden_filters_layer2=64, hidden_filters_layer3=64, image_size=64, intra_class_variance_loss=False, is_C=True, is_E1=False, is_VAE=True, is_VAE_var=False, is_binary_structural_latent=False, is_custom_model=False, is_custom_model_BK=False, is_default_model=False, is_encoder_struct=False, is_noise_stats=False, is_partial_rand_class=False, is_perturbed_score=False, is_zvar_sim_loss=False, just_train=False, kernel_size=4, kernel_size_1=4, kernel_size_2=4, kernel_size_3=4, lambda_BCE=1.0, lambda_Kl_struct=1, lambda_Kl_var=1, lambda_L1=0.01, lambda_VAE=1, lambda_class=1, lambda_contrastive_loss=1, lambda_distance_mean=1, lambda_hmg_dst=1, lambda_intra_class_var=1, lambda_partial_class=1, lambda_ratio_reg=1, lambda_recon_wt_rand=1, lambda_recons=1, lambda_uniq_code_dst=1, lambda_var_distance=1, lambda_var_inter=1, lambda_var_intra=1, lambda_zvar_sim=1, latent_spec_cont=None, latent_spec_cont_class=None, latent_spec_cont_var=None, latent_spec_disc=None, latent_spec_disc_class=None, latent_spec_disc_var=None, log_level='info', loss='Proxy_Anchor', loss_distance_mean=False, loss_min_distance_cl=False, lr=0.001, max_epoch_use_uniq_code_target=5, max_iter=100.0, model='CNN', mrg=0.1, nb_epochs_train_only_zvar=0, num_workers=2, old_weighted=False, optimizer='adamw', other_architecture=False, other_ratio=False, random_percentage=0.2, random_seed=10, randomness=True, ratio_reg=False, remark='', save_step=10000, second_layer_C=False, seed=1, stride_size=1, sz_embedding=5, three_conv_layer=True, train=True, train_var_struct_alternatively=False, two_conv_layer=True, two_encoder=False, uniq_code_dst_loss=False, use_VAE=False, use_decoder=False, use_early_stopping=True, use_scheduler=True, use_small_lr_encoder_var=False, use_structural_encoder=False, value_target_distance_mean=1, var_hidden_dim=256, var_hidden_filters_1=32, var_hidden_filters_2=32, var_hidden_filters_3=32, var_kernel_size_1=3, var_kernel_size_2=3, var_kernel_size_3=3, var_second_cnn_block=True, var_stride_size_1=1, var_stride_size_2=1, var_stride_size_3=1, var_third_cnn_block=False, var_three_conv_layer=False, warm=1, without_acc=False, z_struct_size=20, z_var_size=30, zeros_W_Classif=False, zvar_sim_change_zvar=False, zvar_sim_loss_for_all_model=False, zvar_sim_loss_only_for_encoder=False, zvar_sim_normal=False, zvar_sim_var_rand=False)
CUDA Visible devices !
[Using Seed: 10]
Balanced dataset loaded
VAE doesn't exist but encoder struct yes ! load struct encoder weighs !
=> loaded checkpoint 'checkpoints_CNN/mnist_struct_baseline_scheduler_binary_20/last (iter 17280)'
Weighs loaded for struct encoder !
use 1 gpu who named: Tesla V100-SXM2-32GB
VAE(
  (encoder_struct): Sequential(
    (0): Conv2d(1, 64, kernel_size=(8, 8), stride=(1, 1))
    (1): BatchNorm2d(64, eps=1e-05, momentum=0.1, affine=True, track_running_stats=True)
    (2): ReLU(inplace=True)
    (3): Conv2d(64, 64, kernel_size=(4, 4), stride=(1, 1))
    (4): BatchNorm2d(64, eps=1e-05, momentum=0.1, affine=True, track_running_stats=True)
    (5): ReLU(inplace=True)
    (6): Conv2d(64, 20, kernel_size=(4, 4), stride=(1, 1))
    (7): BatchNorm2d(20, eps=1e-05, momentum=0.1, affine=True, track_running_stats=True)
    (8): DeterministicBinaryActivation(
      (act): Hardsigmoid(
        (act): Hardtanh(min_val=-1.0, max_val=1.0)
      )
    )
    (9): AdaptiveMaxPool2d(output_size=(1, 1))
    (10): View()
  )
  (encoder_var): Sequential(
    (0): Conv2d(1, 32, kernel_size=(3, 3), stride=(1, 1))
    (1): ReLU(inplace=True)
    (2): BatchNorm2d(32, eps=1e-05, momentum=0.1, affine=True, track_running_stats=True)
    (3): Conv2d(32, 32, kernel_size=(3, 3), stride=(1, 1))
    (4): ReLU(inplace=True)
    (5): BatchNorm2d(32, eps=1e-05, momentum=0.1, affine=True, track_running_stats=True)
    (6): Conv2d(32, 32, kernel_size=(5, 5), stride=(2, 2), padding=(2, 2))
    (7): ReLU(inplace=True)
    (8): BatchNorm2d(32, eps=1e-05, momentum=0.1, affine=True, track_running_stats=True)
    (9): Dropout(p=0.4, inplace=False)
    (10): Conv2d(32, 64, kernel_size=(3, 3), stride=(1, 1))
    (11): ReLU(inplace=True)
    (12): BatchNorm2d(64, eps=1e-05, momentum=0.1, affine=True, track_running_stats=True)
    (13): Conv2d(64, 64, kernel_size=(3, 3), stride=(1, 1))
    (14): ReLU(inplace=True)
    (15): BatchNorm2d(64, eps=1e-05, momentum=0.1, affine=True, track_running_stats=True)
    (16): Conv2d(64, 64, kernel_size=(5, 5), stride=(2, 2), padding=(2, 2))
    (17): ReLU(inplace=True)
    (18): BatchNorm2d(64, eps=1e-05, momentum=0.1, affine=True, track_running_stats=True)
    (19): Dropout(p=0.4, inplace=False)
    (20): View()
    (21): Linear(in_features=1600, out_features=60, bias=True)
  )
  (decoder): Sequential(
    (0): Linear(in_features=50, out_features=1600, bias=True)
    (1): ReLU(inplace=True)
    (2): View()
    (3): ConvTranspose2d(64, 64, kernel_size=(4, 4), stride=(2, 2), padding=(1, 1))
    (4): ReLU(inplace=True)
    (5): ConvTranspose2d(64, 64, kernel_size=(3, 3), stride=(1, 1))
    (6): ReLU(inplace=True)
    (7): ConvTranspose2d(64, 32, kernel_size=(3, 3), stride=(1, 1))
    (8): ReLU(inplace=True)
    (9): ConvTranspose2d(32, 32, kernel_size=(4, 4), stride=(2, 2), padding=(1, 1))
    (10): ReLU(inplace=True)
    (11): ConvTranspose2d(32, 32, kernel_size=(3, 3), stride=(1, 1))
    (12): ReLU(inplace=True)
    (13): ConvTranspose2d(32, 1, kernel_size=(3, 3), stride=(1, 1))
    (14): Sigmoid()
  )
)
The number of parameters of model is 608825
=> saved checkpoint 'checkpoints_CNN/mnist_VAE_s20_v30_SE_beta_3/last' (iter 270, epoch 1.0)
score:  0.0
score:  0.0
=> saved checkpoint 'checkpoint_scores_CNN/mnist_VAE_s20_v30_SE_beta_3/last' (iter 270, epoch 1.0)
[Save Checkpoint] epoch: [1.0], Train: total:9565.50098, BCE:-13.65603, KLD:3193.05298,Test: total:38223.35547, BCE:-13.73712, KLD:12745.69824
=> saved checkpoint 'checkpoints_CNN/mnist_VAE_s20_v30_SE_beta_3/last' (iter 540, epoch 2.0)
score:  0.0
score:  0.0
=> saved checkpoint 'checkpoint_scores_CNN/mnist_VAE_s20_v30_SE_beta_3/last' (iter 540, epoch 2.0)
[Save Checkpoint] epoch: [2.0], Train: total:10571.52051, BCE:-15.16263, KLD:3528.89453,Test: total:42066.87109, BCE:-15.20735, KLD:14027.35938
=> saved checkpoint 'checkpoints_CNN/mnist_VAE_s20_v30_SE_beta_3/last' (iter 810, epoch 3.0)
score:  0.0
score:  0.0
=> saved checkpoint 'checkpoint_scores_CNN/mnist_VAE_s20_v30_SE_beta_3/last' (iter 810, epoch 3.0)
[Save Checkpoint] epoch: [3.0], Train: total:10352.05371, BCE:-15.90314, KLD:3455.98682,Test: total:41178.92188, BCE:-15.94168, KLD:13731.62012
=> saved checkpoint 'checkpoints_CNN/mnist_VAE_s20_v30_SE_beta_3/last' (iter 1080, epoch 4.0)
score:  0.0
score:  0.0
=> saved checkpoint 'checkpoint_scores_CNN/mnist_VAE_s20_v30_SE_beta_3/last' (iter 1080, epoch 4.0)
[Save Checkpoint] epoch: [4.0], Train: total:10897.76172, BCE:-17.11213, KLD:3638.29126,Test: total:43387.05859, BCE:-17.17727, KLD:14468.07812
=> saved checkpoint 'checkpoints_CNN/mnist_VAE_s20_v30_SE_beta_3/last' (iter 1350, epoch 5.0)
score:  0.0
score:  0.0
=> saved checkpoint 'checkpoint_scores_CNN/mnist_VAE_s20_v30_SE_beta_3/last' (iter 1350, epoch 5.0)
[Save Checkpoint] epoch: [5.0], Train: total:10764.37207, BCE:-17.55832, KLD:3593.97656,Test: total:42738.28906, BCE:-17.69870, KLD:14251.99707
=> saved checkpoint 'checkpoints_CNN/mnist_VAE_s20_v30_SE_beta_3/last' (iter 1620, epoch 6.0)
score:  0.0
score:  0.0
=> saved checkpoint 'checkpoint_scores_CNN/mnist_VAE_s20_v30_SE_beta_3/last' (iter 1620, epoch 6.0)
[Save Checkpoint] epoch: [6.0], Train: total:10611.61328, BCE:-17.26052, KLD:3542.95654,Test: total:42153.02344, BCE:-17.40568, KLD:14056.80957
=> saved checkpoint 'checkpoints_CNN/mnist_VAE_s20_v30_SE_beta_3/last' (iter 1890, epoch 7.0)
score:  0.0
score:  0.0
=> saved checkpoint 'checkpoint_scores_CNN/mnist_VAE_s20_v30_SE_beta_3/last' (iter 1890, epoch 7.0)
[Save Checkpoint] epoch: [7.0], Train: total:10531.49707, BCE:-17.06848, KLD:3516.18726,Test: total:41757.12109, BCE:-17.22914, KLD:13924.78320
=> saved checkpoint 'checkpoints_CNN/mnist_VAE_s20_v30_SE_beta_3/last' (iter 2160, epoch 8.0)
score:  0.0
score:  0.0
=> saved checkpoint 'checkpoint_scores_CNN/mnist_VAE_s20_v30_SE_beta_3/last' (iter 2160, epoch 8.0)
[Save Checkpoint] epoch: [8.0], Train: total:10348.72266, BCE:-14.48805, KLD:3454.40430,Test: total:41086.49219, BCE:-14.69878, KLD:13700.39746
=> saved checkpoint 'checkpoints_CNN/mnist_VAE_s20_v30_SE_beta_3/last' (iter 2430, epoch 9.0)
score:  0.0
score:  0.0
=> saved checkpoint 'checkpoint_scores_CNN/mnist_VAE_s20_v30_SE_beta_3/last' (iter 2430, epoch 9.0)
[Save Checkpoint] epoch: [9.0], Train: total:10622.91406, BCE:-17.11525, KLD:3546.67554,Test: total:42159.87500, BCE:-17.32576, KLD:14059.06738
=> saved checkpoint 'checkpoints_CNN/mnist_VAE_s20_v30_SE_beta_3/last' (iter 2700, epoch 10.0)
score:  0.0
score:  0.0
=> saved checkpoint 'checkpoint_scores_CNN/mnist_VAE_s20_v30_SE_beta_3/last' (iter 2700, epoch 10.0)
[Save Checkpoint] epoch: [10.0], Train: total:10669.29395, BCE:-18.04076, KLD:3562.44409,Test: total:42346.52734, BCE:-18.31192, KLD:14121.61133
=> saved checkpoint 'checkpoints_CNN/mnist_VAE_s20_v30_SE_beta_3/last' (iter 2970, epoch 11.0)
score:  0.0
score:  0.0
=> saved checkpoint 'checkpoint_scores_CNN/mnist_VAE_s20_v30_SE_beta_3/last' (iter 2970, epoch 11.0)
[Save Checkpoint] epoch: [11.0], Train: total:10305.46094, BCE:-17.60506, KLD:3441.02051,Test: total:40900.10938, BCE:-17.83614, KLD:13639.31445
=> saved checkpoint 'checkpoints_CNN/mnist_VAE_s20_v30_SE_beta_3/last' (iter 3240, epoch 12.0)
score:  0.0
score:  0.0
=> saved checkpoint 'checkpoint_scores_CNN/mnist_VAE_s20_v30_SE_beta_3/last' (iter 3240, epoch 12.0)
EarlyStopping counter: 1 out of 25
[Save Checkpoint] epoch: [12.0], Train: total:10044.66113, BCE:-17.96140, KLD:3354.20581,Test: total:39814.24609, BCE:-18.17904, KLD:13277.47363
=> saved checkpoint 'checkpoints_CNN/mnist_VAE_s20_v30_SE_beta_3/last' (iter 3510, epoch 13.0)
score:  0.0
score:  0.0
=> saved checkpoint 'checkpoint_scores_CNN/mnist_VAE_s20_v30_SE_beta_3/last' (iter 3510, epoch 13.0)
EarlyStopping counter: 2 out of 25
[Save Checkpoint] epoch: [13.0], Train: total:10340.08008, BCE:-18.32831, KLD:3452.80225,Test: total:41049.37109, BCE:-18.60460, KLD:13689.32520
=> saved checkpoint 'checkpoints_CNN/mnist_VAE_s20_v30_SE_beta_3/last' (iter 3780, epoch 14.0)
score:  0.0
score:  0.0
=> saved checkpoint 'checkpoint_scores_CNN/mnist_VAE_s20_v30_SE_beta_3/last' (iter 3780, epoch 14.0)
EarlyStopping counter: 3 out of 25
[Save Checkpoint] epoch: [14.0], Train: total:10347.82129, BCE:-19.14499, KLD:3455.65356,Test: total:41111.26953, BCE:-19.41575, KLD:13710.22949
=> saved checkpoint 'checkpoints_CNN/mnist_VAE_s20_v30_SE_beta_3/last' (iter 4050, epoch 15.0)
score:  0.0
score:  0.0
=> saved checkpoint 'checkpoint_scores_CNN/mnist_VAE_s20_v30_SE_beta_3/last' (iter 4050, epoch 15.0)
[Save Checkpoint] epoch: [15.0], Train: total:10063.64258, BCE:-19.51397, KLD:3361.05249,Test: total:39966.55078, BCE:-19.77478, KLD:13328.77539
=> saved checkpoint 'checkpoints_CNN/mnist_VAE_s20_v30_SE_beta_3/last' (iter 4320, epoch 16.0)
score:  0.0
score:  0.0
=> saved checkpoint 'checkpoint_scores_CNN/mnist_VAE_s20_v30_SE_beta_3/last' (iter 4320, epoch 16.0)
EarlyStopping counter: 1 out of 25
[Save Checkpoint] epoch: [16.0], Train: total:9906.02539, BCE:-19.15097, KLD:3308.39087,Test: total:39280.14453, BCE:-19.36879, KLD:13099.83789
=> saved checkpoint 'checkpoints_CNN/mnist_VAE_s20_v30_SE_beta_3/last' (iter 4590, epoch 17.0)
score:  0.0
score:  0.0
=> saved checkpoint 'checkpoint_scores_CNN/mnist_VAE_s20_v30_SE_beta_3/last' (iter 4590, epoch 17.0)
[Save Checkpoint] epoch: [17.0], Train: total:9919.38477, BCE:-19.87434, KLD:3313.08594,Test: total:39353.21875, BCE:-20.11612, KLD:13124.44531
=> saved checkpoint 'checkpoints_CNN/mnist_VAE_s20_v30_SE_beta_3/last' (iter 4860, epoch 18.0)
score:  0.0
score:  0.0
=> saved checkpoint 'checkpoint_scores_CNN/mnist_VAE_s20_v30_SE_beta_3/last' (iter 4860, epoch 18.0)
[Save Checkpoint] epoch: [18.0], Train: total:9936.11328, BCE:-19.69515, KLD:3318.60425,Test: total:39419.51562, BCE:-19.95987, KLD:13146.49121
=> saved checkpoint 'checkpoints_CNN/mnist_VAE_s20_v30_SE_beta_3/last' (iter 5130, epoch 19.0)
score:  0.0
score:  0.0
=> saved checkpoint 'checkpoint_scores_CNN/mnist_VAE_s20_v30_SE_beta_3/last' (iter 5130, epoch 19.0)
[Save Checkpoint] epoch: [19.0], Train: total:9888.08105, BCE:-20.52559, KLD:3302.86719,Test: total:39209.57422, BCE:-20.76067, KLD:13076.78027
=> saved checkpoint 'checkpoints_CNN/mnist_VAE_s20_v30_SE_beta_3/last' (iter 5400, epoch 20.0)
score:  0.0
score:  0.0
=> saved checkpoint 'checkpoint_scores_CNN/mnist_VAE_s20_v30_SE_beta_3/last' (iter 5400, epoch 20.0)
[Save Checkpoint] epoch: [20.0], Train: total:9943.49512, BCE:-20.61797, KLD:3321.37036,Test: total:39459.82812, BCE:-20.88691, KLD:13160.23730
=> saved checkpoint 'checkpoints_CNN/mnist_VAE_s20_v30_SE_beta_3/last' (iter 5670, epoch 21.0)
score:  0.0
score:  0.0
=> saved checkpoint 'checkpoint_scores_CNN/mnist_VAE_s20_v30_SE_beta_3/last' (iter 5670, epoch 21.0)
EarlyStopping counter: 1 out of 25
[Save Checkpoint] epoch: [21.0], Train: total:9814.98047, BCE:-21.17356, KLD:3278.71753,Test: total:38974.84766, BCE:-21.44087, KLD:12998.76465
=> saved checkpoint 'checkpoints_CNN/mnist_VAE_s20_v30_SE_beta_3/last' (iter 5940, epoch 22.0)
score:  0.0
score:  0.0
=> saved checkpoint 'checkpoint_scores_CNN/mnist_VAE_s20_v30_SE_beta_3/last' (iter 5940, epoch 22.0)
EarlyStopping counter: 2 out of 25
[Save Checkpoint] epoch: [22.0], Train: total:9816.69922, BCE:-22.11147, KLD:3279.60425,Test: total:38972.40625, BCE:-22.38018, KLD:12998.26172
=> saved checkpoint 'checkpoints_CNN/mnist_VAE_s20_v30_SE_beta_3/last' (iter 6210, epoch 23.0)
score:  0.0
score:  0.0
=> saved checkpoint 'checkpoint_scores_CNN/mnist_VAE_s20_v30_SE_beta_3/last' (iter 6210, epoch 23.0)
EarlyStopping counter: 3 out of 25
[Save Checkpoint] epoch: [23.0], Train: total:9586.69629, BCE:-22.36067, KLD:3203.01904,Test: total:38003.58984, BCE:-22.59286, KLD:12675.39551
=> saved checkpoint 'checkpoints_CNN/mnist_VAE_s20_v30_SE_beta_3/last' (iter 6480, epoch 24.0)
score:  0.0
score:  0.0
=> saved checkpoint 'checkpoint_scores_CNN/mnist_VAE_s20_v30_SE_beta_3/last' (iter 6480, epoch 24.0)
EarlyStopping counter: 4 out of 25
[Save Checkpoint] epoch: [24.0], Train: total:9489.10059, BCE:-23.05132, KLD:3170.71729,Test: total:37602.21484, BCE:-23.30356, KLD:12541.83887
=> saved checkpoint 'checkpoints_CNN/mnist_VAE_s20_v30_SE_beta_3/last' (iter 6750, epoch 25.0)
score:  0.0
score:  0.0
=> saved checkpoint 'checkpoint_scores_CNN/mnist_VAE_s20_v30_SE_beta_3/last' (iter 6750, epoch 25.0)
[Save Checkpoint] epoch: [25.0], Train: total:9593.68555, BCE:-22.54660, KLD:3205.41089,Test: total:38048.92969, BCE:-22.83006, KLD:12690.58496
=> saved checkpoint 'checkpoints_CNN/mnist_VAE_s20_v30_SE_beta_3/last' (iter 7020, epoch 26.0)
score:  0.0
score:  0.0
=> saved checkpoint 'checkpoint_scores_CNN/mnist_VAE_s20_v30_SE_beta_3/last' (iter 7020, epoch 26.0)
[Save Checkpoint] epoch: [26.0], Train: total:9767.67773, BCE:-23.41175, KLD:3263.69653,Test: total:38728.59766, BCE:-23.64827, KLD:12917.41699
=> saved checkpoint 'checkpoints_CNN/mnist_VAE_s20_v30_SE_beta_3/last' (iter 7290, epoch 27.0)
score:  0.0
score:  0.0
=> saved checkpoint 'checkpoint_scores_CNN/mnist_VAE_s20_v30_SE_beta_3/last' (iter 7290, epoch 27.0)
EarlyStopping counter: 1 out of 25
[Save Checkpoint] epoch: [27.0], Train: total:9818.80957, BCE:-23.71045, KLD:3280.83838,Test: total:38926.32812, BCE:-23.93398, KLD:12983.42090
=> saved checkpoint 'checkpoints_CNN/mnist_VAE_s20_v30_SE_beta_3/last' (iter 7560, epoch 28.0)
score:  0.0
score:  0.0
=> saved checkpoint 'checkpoint_scores_CNN/mnist_VAE_s20_v30_SE_beta_3/last' (iter 7560, epoch 28.0)
EarlyStopping counter: 2 out of 25
[Save Checkpoint] epoch: [28.0], Train: total:9477.04492, BCE:-24.91748, KLD:3167.32153,Test: total:37551.47266, BCE:-25.17198, KLD:12525.54688
=> saved checkpoint 'checkpoints_CNN/mnist_VAE_s20_v30_SE_beta_3/last' (iter 7830, epoch 29.0)
score:  0.0
score:  0.0
=> saved checkpoint 'checkpoint_scores_CNN/mnist_VAE_s20_v30_SE_beta_3/last' (iter 7830, epoch 29.0)
EarlyStopping counter: 3 out of 25
[Save Checkpoint] epoch: [29.0], Train: total:9835.38281, BCE:-25.39521, KLD:3286.92725,Test: total:39019.95703, BCE:-25.62782, KLD:13015.19531
=> saved checkpoint 'checkpoints_CNN/mnist_VAE_s20_v30_SE_beta_3/last' (iter 8100, epoch 30.0)
score:  0.0
score:  0.0
=> saved checkpoint 'checkpoint_scores_CNN/mnist_VAE_s20_v30_SE_beta_3/last' (iter 8100, epoch 30.0)
EarlyStopping counter: 4 out of 25
[Save Checkpoint] epoch: [30.0], Train: total:9468.41895, BCE:-24.72294, KLD:3164.38110,Test: total:37533.74609, BCE:-24.93969, KLD:12519.56250
=> saved checkpoint 'checkpoints_CNN/mnist_VAE_s20_v30_SE_beta_3/last' (iter 8370, epoch 31.0)
score:  0.0
score:  0.0
=> saved checkpoint 'checkpoint_scores_CNN/mnist_VAE_s20_v30_SE_beta_3/last' (iter 8370, epoch 31.0)
[Save Checkpoint] epoch: [31.0], Train: total:9633.43262, BCE:-22.99966, KLD:3218.81104,Test: total:38187.66797, BCE:-23.26548, KLD:12736.97754
=> saved checkpoint 'checkpoints_CNN/mnist_VAE_s20_v30_SE_beta_3/last' (iter 8640, epoch 32.0)
score:  0.0
score:  0.0
=> saved checkpoint 'checkpoint_scores_CNN/mnist_VAE_s20_v30_SE_beta_3/last' (iter 8640, epoch 32.0)
[Save Checkpoint] epoch: [32.0], Train: total:9695.25195, BCE:-24.20136, KLD:3239.81689,Test: total:38416.58594, BCE:-24.44969, KLD:12813.67773
=> saved checkpoint 'checkpoints_CNN/mnist_VAE_s20_v30_SE_beta_3/last' (iter 8910, epoch 33.0)
score:  0.0
score:  0.0
=> saved checkpoint 'checkpoint_scores_CNN/mnist_VAE_s20_v30_SE_beta_3/last' (iter 8910, epoch 33.0)
[Save Checkpoint] epoch: [33.0], Train: total:9779.09082, BCE:-23.91802, KLD:3267.67065,Test: total:38729.62109, BCE:-24.15462, KLD:12917.92480
=> saved checkpoint 'checkpoints_CNN/mnist_VAE_s20_v30_SE_beta_3/last' (iter 9180, epoch 34.0)
score:  0.0
score:  0.0
=> saved checkpoint 'checkpoint_scores_CNN/mnist_VAE_s20_v30_SE_beta_3/last' (iter 9180, epoch 34.0)
EarlyStopping counter: 1 out of 25
[Save Checkpoint] epoch: [34.0], Train: total:9710.12988, BCE:-24.23111, KLD:3244.78809,Test: total:38456.67578, BCE:-24.49072, KLD:12827.05469
=> saved checkpoint 'checkpoints_CNN/mnist_VAE_s20_v30_SE_beta_3/last' (iter 9450, epoch 35.0)
score:  0.0
score:  0.0
=> saved checkpoint 'checkpoint_scores_CNN/mnist_VAE_s20_v30_SE_beta_3/last' (iter 9450, epoch 35.0)
[Save Checkpoint] epoch: [35.0], Train: total:9734.17773, BCE:-25.40753, KLD:3253.19653,Test: total:38552.60938, BCE:-25.61650, KLD:12859.40820
=> saved checkpoint 'checkpoints_CNN/mnist_VAE_s20_v30_SE_beta_3/last' (iter 9720, epoch 36.0)
score:  0.0
score:  0.0
=> saved checkpoint 'checkpoint_scores_CNN/mnist_VAE_s20_v30_SE_beta_3/last' (iter 9720, epoch 36.0)
EarlyStopping counter: 1 out of 25
[Save Checkpoint] epoch: [36.0], Train: total:9720.82031, BCE:-25.25506, KLD:3248.69312,Test: total:38473.08984, BCE:-25.50156, KLD:12832.86426
=> saved checkpoint 'checkpoints_CNN/mnist_VAE_s20_v30_SE_beta_3/last' (iter 9990, epoch 37.0)
score:  0.0
score:  0.0
=> saved checkpoint 'checkpoint_scores_CNN/mnist_VAE_s20_v30_SE_beta_3/last' (iter 9990, epoch 37.0)
[Save Checkpoint] epoch: [37.0], Train: total:9370.13574, BCE:-25.10458, KLD:3131.74634,Test: total:37098.78906, BCE:-25.35894, KLD:12374.71680
=> saved checkpoint 'checkpoints_CNN/mnist_VAE_s20_v30_SE_beta_3/last' (iter 10260, epoch 38.0)
score:  0.0
score:  0.0
=> saved checkpoint 'checkpoint_scores_CNN/mnist_VAE_s20_v30_SE_beta_3/last' (iter 10260, epoch 38.0)
EarlyStopping counter: 1 out of 25
[Save Checkpoint] epoch: [38.0], Train: total:9469.76953, BCE:-25.29931, KLD:3165.02441,Test: total:37510.65234, BCE:-25.51928, KLD:12512.05762
=> saved checkpoint 'checkpoints_CNN/mnist_VAE_s20_v30_SE_beta_3/last' (iter 10530, epoch 39.0)
score:  0.0
score:  0.0
=> saved checkpoint 'checkpoint_scores_CNN/mnist_VAE_s20_v30_SE_beta_3/last' (iter 10530, epoch 39.0)
[Save Checkpoint] epoch: [39.0], Train: total:9490.59863, BCE:-25.03534, KLD:3171.87720,Test: total:37542.32422, BCE:-25.23894, KLD:12522.52246
=> saved checkpoint 'checkpoints_CNN/mnist_VAE_s20_v30_SE_beta_3/last' (iter 10800, epoch 40.0)
score:  0.0
score:  0.0
=> saved checkpoint 'checkpoint_scores_CNN/mnist_VAE_s20_v30_SE_beta_3/last' (iter 10800, epoch 40.0)
EarlyStopping counter: 1 out of 25
[Save Checkpoint] epoch: [40.0], Train: total:9334.60156, BCE:-24.58394, KLD:3119.72827,Test: total:36904.44141, BCE:-24.76710, KLD:12309.73730
=> saved checkpoint 'checkpoints_CNN/mnist_VAE_s20_v30_SE_beta_3/last' (iter 11070, epoch 41.0)
score:  0.0
score:  0.0
=> saved checkpoint 'checkpoint_scores_CNN/mnist_VAE_s20_v30_SE_beta_3/last' (iter 11070, epoch 41.0)
EarlyStopping counter: 2 out of 25
[Save Checkpoint] epoch: [41.0], Train: total:9261.73828, BCE:-25.53493, KLD:3095.75684,Test: total:36631.18750, BCE:-25.73006, KLD:12218.97363
=> saved checkpoint 'checkpoints_CNN/mnist_VAE_s20_v30_SE_beta_3/last' (iter 11340, epoch 42.0)
score:  0.0
score:  0.0
=> saved checkpoint 'checkpoint_scores_CNN/mnist_VAE_s20_v30_SE_beta_3/last' (iter 11340, epoch 42.0)
EarlyStopping counter: 3 out of 25
[Save Checkpoint] epoch: [42.0], Train: total:9562.80566, BCE:-25.92151, KLD:3196.24219,Test: total:37856.94922, BCE:-26.12533, KLD:12627.69043
=> saved checkpoint 'checkpoints_CNN/mnist_VAE_s20_v30_SE_beta_3/last' (iter 11610, epoch 43.0)
score:  0.0
score:  0.0
=> saved checkpoint 'checkpoint_scores_CNN/mnist_VAE_s20_v30_SE_beta_3/last' (iter 11610, epoch 43.0)
EarlyStopping counter: 4 out of 25
[Save Checkpoint] epoch: [43.0], Train: total:9595.16113, BCE:-24.80815, KLD:3206.65601,Test: total:37969.75781, BCE:-25.04029, KLD:12664.93262
=> saved checkpoint 'checkpoints_CNN/mnist_VAE_s20_v30_SE_beta_3/last' (iter 11880, epoch 44.0)
score:  0.0
score:  0.0
=> saved checkpoint 'checkpoint_scores_CNN/mnist_VAE_s20_v30_SE_beta_3/last' (iter 11880, epoch 44.0)
[Save Checkpoint] epoch: [44.0], Train: total:9253.04102, BCE:-25.74592, KLD:3092.93115,Test: total:36650.72656, BCE:-25.94218, KLD:12225.55371
=> saved checkpoint 'checkpoints_CNN/mnist_VAE_s20_v30_SE_beta_3/last' (iter 12150, epoch 45.0)
score:  0.0
score:  0.0
=> saved checkpoint 'checkpoint_scores_CNN/mnist_VAE_s20_v30_SE_beta_3/last' (iter 12150, epoch 45.0)
[Save Checkpoint] epoch: [45.0], Train: total:9454.13086, BCE:-25.20861, KLD:3159.77905,Test: total:37395.06641, BCE:-25.38954, KLD:12473.48438
=> saved checkpoint 'checkpoints_CNN/mnist_VAE_s20_v30_SE_beta_3/last' (iter 12420, epoch 46.0)
score:  0.0
score:  0.0
=> saved checkpoint 'checkpoint_scores_CNN/mnist_VAE_s20_v30_SE_beta_3/last' (iter 12420, epoch 46.0)
EarlyStopping counter: 1 out of 25
[Save Checkpoint] epoch: [46.0], Train: total:9469.68457, BCE:-25.44389, KLD:3165.04395,Test: total:37437.41797, BCE:-25.64412, KLD:12487.68848
=> saved checkpoint 'checkpoints_CNN/mnist_VAE_s20_v30_SE_beta_3/last' (iter 12690, epoch 47.0)
score:  0.0
score:  0.0
=> saved checkpoint 'checkpoint_scores_CNN/mnist_VAE_s20_v30_SE_beta_3/last' (iter 12690, epoch 47.0)
EarlyStopping counter: 2 out of 25
[Save Checkpoint] epoch: [47.0], Train: total:9545.71094, BCE:-26.04897, KLD:3190.58716,Test: total:37754.98438, BCE:-26.24537, KLD:12593.74512
=> saved checkpoint 'checkpoints_CNN/mnist_VAE_s20_v30_SE_beta_3/last' (iter 12960, epoch 48.0)
score:  0.0
score:  0.0
=> saved checkpoint 'checkpoint_scores_CNN/mnist_VAE_s20_v30_SE_beta_3/last' (iter 12960, epoch 48.0)
EarlyStopping counter: 3 out of 25
[Save Checkpoint] epoch: [48.0], Train: total:9466.96484, BCE:-26.34229, KLD:3164.43579,Test: total:37445.58203, BCE:-26.51047, KLD:12490.69629
=> saved checkpoint 'checkpoints_CNN/mnist_VAE_s20_v30_SE_beta_3/last' (iter 13230, epoch 49.0)
score:  0.0
score:  0.0
=> saved checkpoint 'checkpoint_scores_CNN/mnist_VAE_s20_v30_SE_beta_3/last' (iter 13230, epoch 49.0)
EarlyStopping counter: 4 out of 25
[Save Checkpoint] epoch: [49.0], Train: total:9379.83984, BCE:-26.46461, KLD:3135.43408,Test: total:37080.33984, BCE:-26.62610, KLD:12368.98730
Epoch    50: reducing learning rate of group 0 to 2.0000e-04.
=> saved checkpoint 'checkpoints_CNN/mnist_VAE_s20_v30_SE_beta_3/last' (iter 13500, epoch 50.0)
score:  0.0
score:  0.0
=> saved checkpoint 'checkpoint_scores_CNN/mnist_VAE_s20_v30_SE_beta_3/last' (iter 13500, epoch 50.0)
EarlyStopping counter: 5 out of 25
[Save Checkpoint] epoch: [50.0], Train: total:9424.26953, BCE:-26.14345, KLD:3150.13672,Test: total:37274.12109, BCE:-26.34014, KLD:12433.48633
=> saved checkpoint 'checkpoints_CNN/mnist_VAE_s20_v30_SE_beta_3/last' (iter 13770, epoch 51.0)
score:  0.0
score:  0.0
=> saved checkpoint 'checkpoint_scores_CNN/mnist_VAE_s20_v30_SE_beta_3/last' (iter 13770, epoch 51.0)
[Save Checkpoint] epoch: [51.0], Train: total:9326.05566, BCE:-26.24629, KLD:3117.43408,Test: total:36863.62500, BCE:-26.40320, KLD:12296.67578
=> saved checkpoint 'checkpoints_CNN/mnist_VAE_s20_v30_SE_beta_3/last' (iter 14040, epoch 52.0)
score:  0.0
score:  0.0
=> saved checkpoint 'checkpoint_scores_CNN/mnist_VAE_s20_v30_SE_beta_3/last' (iter 14040, epoch 52.0)
EarlyStopping counter: 1 out of 25
[Save Checkpoint] epoch: [52.0], Train: total:9328.49414, BCE:-26.42517, KLD:3118.30469,Test: total:36865.53516, BCE:-26.60689, KLD:12297.38086
=> saved checkpoint 'checkpoints_CNN/mnist_VAE_s20_v30_SE_beta_3/last' (iter 14310, epoch 53.0)
score:  0.0
score:  0.0
=> saved checkpoint 'checkpoint_scores_CNN/mnist_VAE_s20_v30_SE_beta_3/last' (iter 14310, epoch 53.0)
EarlyStopping counter: 2 out of 25
[Save Checkpoint] epoch: [53.0], Train: total:9349.36328, BCE:-26.27395, KLD:3125.21289,Test: total:36957.57422, BCE:-26.43791, KLD:12328.00586
=> saved checkpoint 'checkpoints_CNN/mnist_VAE_s20_v30_SE_beta_3/last' (iter 14580, epoch 54.0)
score:  0.0
score:  0.0
=> saved checkpoint 'checkpoint_scores_CNN/mnist_VAE_s20_v30_SE_beta_3/last' (iter 14580, epoch 54.0)
[Save Checkpoint] epoch: [54.0], Train: total:9249.95801, BCE:-26.28278, KLD:3092.08228,Test: total:36558.02344, BCE:-26.42064, KLD:12194.81445
=> saved checkpoint 'checkpoints_CNN/mnist_VAE_s20_v30_SE_beta_3/last' (iter 14850, epoch 55.0)
score:  0.0
score:  0.0
=> saved checkpoint 'checkpoint_scores_CNN/mnist_VAE_s20_v30_SE_beta_3/last' (iter 14850, epoch 55.0)
[Save Checkpoint] epoch: [55.0], Train: total:9391.16895, BCE:-26.19543, KLD:3139.12158,Test: total:37107.96484, BCE:-26.34440, KLD:12378.10449
=> saved checkpoint 'checkpoints_CNN/mnist_VAE_s20_v30_SE_beta_3/last' (iter 15120, epoch 56.0)
score:  0.0
score:  0.0
=> saved checkpoint 'checkpoint_scores_CNN/mnist_VAE_s20_v30_SE_beta_3/last' (iter 15120, epoch 56.0)
EarlyStopping counter: 1 out of 25
[Save Checkpoint] epoch: [56.0], Train: total:9285.14746, BCE:-26.68093, KLD:3103.94214,Test: total:36711.73047, BCE:-26.82261, KLD:12246.18359
=> saved checkpoint 'checkpoints_CNN/mnist_VAE_s20_v30_SE_beta_3/last' (iter 15390, epoch 57.0)
score:  0.0
score:  0.0
=> saved checkpoint 'checkpoint_scores_CNN/mnist_VAE_s20_v30_SE_beta_3/last' (iter 15390, epoch 57.0)
[Save Checkpoint] epoch: [57.0], Train: total:9287.22266, BCE:-26.34036, KLD:3104.52222,Test: total:36713.89453, BCE:-26.48085, KLD:12246.79102
=> saved checkpoint 'checkpoints_CNN/mnist_VAE_s20_v30_SE_beta_3/last' (iter 15660, epoch 58.0)
score:  0.0
score:  0.0
=> saved checkpoint 'checkpoint_scores_CNN/mnist_VAE_s20_v30_SE_beta_3/last' (iter 15660, epoch 58.0)
EarlyStopping counter: 1 out of 25
[Save Checkpoint] epoch: [58.0], Train: total:9330.93164, BCE:-26.59733, KLD:3119.17529,Test: total:36884.48047, BCE:-26.76077, KLD:12303.74707
=> saved checkpoint 'checkpoints_CNN/mnist_VAE_s20_v30_SE_beta_3/last' (iter 15930, epoch 59.0)
score:  0.0
score:  0.0
=> saved checkpoint 'checkpoint_scores_CNN/mnist_VAE_s20_v30_SE_beta_3/last' (iter 15930, epoch 59.0)
EarlyStopping counter: 2 out of 25
[Save Checkpoint] epoch: [59.0], Train: total:9236.79102, BCE:-26.40811, KLD:3087.73340,Test: total:36494.79297, BCE:-26.57693, KLD:12173.79004
=> saved checkpoint 'checkpoints_CNN/mnist_VAE_s20_v30_SE_beta_3/last' (iter 16200, epoch 60.0)
score:  0.0
score:  0.0
=> saved checkpoint 'checkpoint_scores_CNN/mnist_VAE_s20_v30_SE_beta_3/last' (iter 16200, epoch 60.0)
EarlyStopping counter: 3 out of 25
[Save Checkpoint] epoch: [60.0], Train: total:9208.98438, BCE:-26.69721, KLD:3078.56128,Test: total:36403.15234, BCE:-26.83580, KLD:12143.32812
=> saved checkpoint 'checkpoints_CNN/mnist_VAE_s20_v30_SE_beta_3/last' (iter 16470, epoch 61.0)
score:  0.0
score:  0.0
=> saved checkpoint 'checkpoint_scores_CNN/mnist_VAE_s20_v30_SE_beta_3/last' (iter 16470, epoch 61.0)
EarlyStopping counter: 4 out of 25
[Save Checkpoint] epoch: [61.0], Train: total:9284.12012, BCE:-26.87130, KLD:3103.66504,Test: total:36702.36328, BCE:-27.02582, KLD:12243.13086
Epoch    62: reducing learning rate of group 0 to 4.0000e-05.
=> saved checkpoint 'checkpoints_CNN/mnist_VAE_s20_v30_SE_beta_3/last' (iter 16740, epoch 62.0)
score:  0.0
score:  0.0
=> saved checkpoint 'checkpoint_scores_CNN/mnist_VAE_s20_v30_SE_beta_3/last' (iter 16740, epoch 62.0)
EarlyStopping counter: 5 out of 25
[Save Checkpoint] epoch: [62.0], Train: total:9298.44238, BCE:-26.65275, KLD:3108.36548,Test: total:36758.91797, BCE:-26.80265, KLD:12261.90625
=> saved checkpoint 'checkpoints_CNN/mnist_VAE_s20_v30_SE_beta_3/last' (iter 17010, epoch 63.0)
score:  0.0
score:  0.0
=> saved checkpoint 'checkpoint_scores_CNN/mnist_VAE_s20_v30_SE_beta_3/last' (iter 17010, epoch 63.0)
EarlyStopping counter: 6 out of 25
[Save Checkpoint] epoch: [63.0], Train: total:9252.14355, BCE:-26.63346, KLD:3092.92676,Test: total:36581.86719, BCE:-26.79076, KLD:12202.88574
=> saved checkpoint 'checkpoints_CNN/mnist_VAE_s20_v30_SE_beta_3/last' (iter 17280, epoch 64.0)
score:  0.0
score:  0.0
=> saved checkpoint 'checkpoint_scores_CNN/mnist_VAE_s20_v30_SE_beta_3/last' (iter 17280, epoch 64.0)
EarlyStopping counter: 7 out of 25
[Save Checkpoint] epoch: [64.0], Train: total:9266.04199, BCE:-26.57178, KLD:3097.53809,Test: total:36636.35938, BCE:-26.71507, KLD:12221.02539
=> saved checkpoint 'checkpoints_CNN/mnist_VAE_s20_v30_SE_beta_3/last' (iter 17550, epoch 65.0)
score:  0.0
score:  0.0
=> saved checkpoint 'checkpoint_scores_CNN/mnist_VAE_s20_v30_SE_beta_3/last' (iter 17550, epoch 65.0)
EarlyStopping counter: 8 out of 25
[Save Checkpoint] epoch: [65.0], Train: total:9273.34277, BCE:-26.51535, KLD:3099.95386,Test: total:36669.18359, BCE:-26.66179, KLD:12231.94922
=> saved checkpoint 'checkpoints_CNN/mnist_VAE_s20_v30_SE_beta_3/last' (iter 17820, epoch 66.0)
score:  0.0
score:  0.0
=> saved checkpoint 'checkpoint_scores_CNN/mnist_VAE_s20_v30_SE_beta_3/last' (iter 17820, epoch 66.0)
EarlyStopping counter: 9 out of 25
[Save Checkpoint] epoch: [66.0], Train: total:9228.57324, BCE:-26.57215, KLD:3085.04785,Test: total:36479.32031, BCE:-26.74496, KLD:12168.68750
Epoch    67: reducing learning rate of group 0 to 8.0000e-06.
=> saved checkpoint 'checkpoints_CNN/mnist_VAE_s20_v30_SE_beta_3/last' (iter 18090, epoch 67.0)
score:  0.0
score:  0.0
=> saved checkpoint 'checkpoint_scores_CNN/mnist_VAE_s20_v30_SE_beta_3/last' (iter 18090, epoch 67.0)
EarlyStopping counter: 10 out of 25
[Save Checkpoint] epoch: [67.0], Train: total:9299.54980, BCE:-26.66105, KLD:3108.73682,Test: total:36766.85547, BCE:-26.83329, KLD:12264.56152
=> saved checkpoint 'checkpoints_CNN/mnist_VAE_s20_v30_SE_beta_3/last' (iter 18360, epoch 68.0)
score:  0.0
score:  0.0
=> saved checkpoint 'checkpoint_scores_CNN/mnist_VAE_s20_v30_SE_beta_3/last' (iter 18360, epoch 68.0)
EarlyStopping counter: 11 out of 25
[Save Checkpoint] epoch: [68.0], Train: total:9290.51074, BCE:-26.65543, KLD:3105.72388,Test: total:36729.63672, BCE:-26.82522, KLD:12252.15527
=> saved checkpoint 'checkpoints_CNN/mnist_VAE_s20_v30_SE_beta_3/last' (iter 18630, epoch 69.0)
score:  0.0
score:  0.0
=> saved checkpoint 'checkpoint_scores_CNN/mnist_VAE_s20_v30_SE_beta_3/last' (iter 18630, epoch 69.0)
[Save Checkpoint] epoch: [69.0], Train: total:9276.26855, BCE:-26.68015, KLD:3100.98486,Test: total:36674.08594, BCE:-26.82350, KLD:12233.63672
=> saved checkpoint 'checkpoints_CNN/mnist_VAE_s20_v30_SE_beta_3/last' (iter 18900, epoch 70.0)
score:  0.0
score:  0.0
=> saved checkpoint 'checkpoint_scores_CNN/mnist_VAE_s20_v30_SE_beta_3/last' (iter 18900, epoch 70.0)
EarlyStopping counter: 1 out of 25
[Save Checkpoint] epoch: [70.0], Train: total:9277.52344, BCE:-26.64042, KLD:3101.38770,Test: total:36676.57812, BCE:-26.78865, KLD:12234.45605
=> saved checkpoint 'checkpoints_CNN/mnist_VAE_s20_v30_SE_beta_3/last' (iter 19170, epoch 71.0)
score:  0.0
score:  0.0
=> saved checkpoint 'checkpoint_scores_CNN/mnist_VAE_s20_v30_SE_beta_3/last' (iter 19170, epoch 71.0)
EarlyStopping counter: 2 out of 25
[Save Checkpoint] epoch: [71.0], Train: total:9281.96777, BCE:-26.65040, KLD:3102.87183,Test: total:36696.03125, BCE:-26.83040, KLD:12240.95410
=> saved checkpoint 'checkpoints_CNN/mnist_VAE_s20_v30_SE_beta_3/last' (iter 19440, epoch 72.0)
score:  0.0
score:  0.0
=> saved checkpoint 'checkpoint_scores_CNN/mnist_VAE_s20_v30_SE_beta_3/last' (iter 19440, epoch 72.0)
EarlyStopping counter: 3 out of 25
[Save Checkpoint] epoch: [72.0], Train: total:9269.38281, BCE:-26.66315, KLD:3098.68164,Test: total:36647.69531, BCE:-26.80256, KLD:12224.83203
=> saved checkpoint 'checkpoints_CNN/mnist_VAE_s20_v30_SE_beta_3/last' (iter 19710, epoch 73.0)
score:  0.0
score:  0.0
=> saved checkpoint 'checkpoint_scores_CNN/mnist_VAE_s20_v30_SE_beta_3/last' (iter 19710, epoch 73.0)
EarlyStopping counter: 4 out of 25
[Save Checkpoint] epoch: [73.0], Train: total:9271.76074, BCE:-26.69407, KLD:3099.48608,Test: total:36656.83203, BCE:-26.87248, KLD:12227.90039
Epoch    74: reducing learning rate of group 0 to 1.6000e-06.
=> saved checkpoint 'checkpoints_CNN/mnist_VAE_s20_v30_SE_beta_3/last' (iter 19980, epoch 74.0)
score:  0.0
score:  0.0
=> saved checkpoint 'checkpoint_scores_CNN/mnist_VAE_s20_v30_SE_beta_3/last' (iter 19980, epoch 74.0)
EarlyStopping counter: 5 out of 25
[Save Checkpoint] epoch: [74.0], Train: total:9280.66113, BCE:-26.70249, KLD:3102.45361,Test: total:36692.44922, BCE:-26.85060, KLD:12239.76758
=> saved checkpoint 'checkpoints_CNN/mnist_VAE_s20_v30_SE_beta_3/last' (iter 20250, epoch 75.0)
score:  0.0
score:  0.0
=> saved checkpoint 'checkpoint_scores_CNN/mnist_VAE_s20_v30_SE_beta_3/last' (iter 20250, epoch 75.0)
EarlyStopping counter: 6 out of 25
[Save Checkpoint] epoch: [75.0], Train: total:9283.96777, BCE:-26.73942, KLD:3103.56836,Test: total:36705.90234, BCE:-26.87734, KLD:12244.25879
=> saved checkpoint 'checkpoints_CNN/mnist_VAE_s20_v30_SE_beta_3/last' (iter 20520, epoch 76.0)
score:  0.0
score:  0.0
=> saved checkpoint 'checkpoint_scores_CNN/mnist_VAE_s20_v30_SE_beta_3/last' (iter 20520, epoch 76.0)
EarlyStopping counter: 7 out of 25
[Save Checkpoint] epoch: [76.0], Train: total:9284.33398, BCE:-26.74562, KLD:3103.69189,Test: total:36707.46484, BCE:-26.89116, KLD:12244.78711
=> saved checkpoint 'checkpoints_CNN/mnist_VAE_s20_v30_SE_beta_3/last' (iter 20790, epoch 77.0)
score:  0.0
score:  0.0
=> saved checkpoint 'checkpoint_scores_CNN/mnist_VAE_s20_v30_SE_beta_3/last' (iter 20790, epoch 77.0)
EarlyStopping counter: 8 out of 25
[Save Checkpoint] epoch: [77.0], Train: total:9276.76074, BCE:-26.74284, KLD:3101.16748,Test: total:36678.05078, BCE:-26.91072, KLD:12234.98730
=> saved checkpoint 'checkpoints_CNN/mnist_VAE_s20_v30_SE_beta_3/last' (iter 21060, epoch 78.0)
score:  0.0
score:  0.0
=> saved checkpoint 'checkpoint_scores_CNN/mnist_VAE_s20_v30_SE_beta_3/last' (iter 21060, epoch 78.0)
EarlyStopping counter: 9 out of 25
[Save Checkpoint] epoch: [78.0], Train: total:9276.97168, BCE:-26.73200, KLD:3101.23438,Test: total:36678.35938, BCE:-26.86311, KLD:12235.07324
Epoch    79: reducing learning rate of group 0 to 1.0000e-06.
=> saved checkpoint 'checkpoints_CNN/mnist_VAE_s20_v30_SE_beta_3/last' (iter 21330, epoch 79.0)
score:  0.0
score:  0.0
=> saved checkpoint 'checkpoint_scores_CNN/mnist_VAE_s20_v30_SE_beta_3/last' (iter 21330, epoch 79.0)
EarlyStopping counter: 10 out of 25
[Save Checkpoint] epoch: [79.0], Train: total:9282.03223, BCE:-26.72814, KLD:3102.92065,Test: total:36697.46875, BCE:-26.89452, KLD:12241.45410
=> saved checkpoint 'checkpoints_CNN/mnist_VAE_s20_v30_SE_beta_3/last' (iter 21600, epoch 80.0)
score:  0.0
score:  0.0
=> saved checkpoint 'checkpoint_scores_CNN/mnist_VAE_s20_v30_SE_beta_3/last' (iter 21600, epoch 80.0)
EarlyStopping counter: 11 out of 25
[Save Checkpoint] epoch: [80.0], Train: total:9284.71973, BCE:-26.72357, KLD:3103.81665,Test: total:36708.07031, BCE:-26.90611, KLD:12244.99219
=> saved checkpoint 'checkpoints_CNN/mnist_VAE_s20_v30_SE_beta_3/last' (iter 21870, epoch 81.0)
score:  0.0
score:  0.0
=> saved checkpoint 'checkpoint_scores_CNN/mnist_VAE_s20_v30_SE_beta_3/last' (iter 21870, epoch 81.0)
EarlyStopping counter: 12 out of 25
[Save Checkpoint] epoch: [81.0], Train: total:9284.40234, BCE:-26.73822, KLD:3103.71240,Test: total:36707.19922, BCE:-26.87064, KLD:12244.68945
=> saved checkpoint 'checkpoints_CNN/mnist_VAE_s20_v30_SE_beta_3/last' (iter 22140, epoch 82.0)
score:  0.0
score:  0.0
=> saved checkpoint 'checkpoint_scores_CNN/mnist_VAE_s20_v30_SE_beta_3/last' (iter 22140, epoch 82.0)
EarlyStopping counter: 13 out of 25
[Save Checkpoint] epoch: [82.0], Train: total:9284.07812, BCE:-26.73314, KLD:3103.60254,Test: total:36705.26562, BCE:-26.88813, KLD:12244.05176
=> saved checkpoint 'checkpoints_CNN/mnist_VAE_s20_v30_SE_beta_3/last' (iter 22410, epoch 83.0)
score:  0.0
score:  0.0
=> saved checkpoint 'checkpoint_scores_CNN/mnist_VAE_s20_v30_SE_beta_3/last' (iter 22410, epoch 83.0)
EarlyStopping counter: 14 out of 25
[Save Checkpoint] epoch: [83.0], Train: total:9282.06543, BCE:-26.75344, KLD:3102.93896,Test: total:36697.50781, BCE:-26.91492, KLD:12241.47363
=> saved checkpoint 'checkpoints_CNN/mnist_VAE_s20_v30_SE_beta_3/last' (iter 22680, epoch 84.0)
score:  0.0
score:  0.0
=> saved checkpoint 'checkpoint_scores_CNN/mnist_VAE_s20_v30_SE_beta_3/last' (iter 22680, epoch 84.0)
[Save Checkpoint] epoch: [84.0], Train: total:9279.82324, BCE:-26.75324, KLD:3102.19287,Test: total:36689.43359, BCE:-26.90800, KLD:12238.78027
=> saved checkpoint 'checkpoints_CNN/mnist_VAE_s20_v30_SE_beta_3/last' (iter 22950, epoch 85.0)
score:  0.0
score:  0.0
=> saved checkpoint 'checkpoint_scores_CNN/mnist_VAE_s20_v30_SE_beta_3/last' (iter 22950, epoch 85.0)
EarlyStopping counter: 1 out of 25
[Save Checkpoint] epoch: [85.0], Train: total:9285.33789, BCE:-26.74750, KLD:3104.03003,Test: total:36710.47656, BCE:-26.90132, KLD:12245.79297
=> saved checkpoint 'checkpoints_CNN/mnist_VAE_s20_v30_SE_beta_3/last' (iter 23220, epoch 86.0)
score:  0.0
score:  0.0
=> saved checkpoint 'checkpoint_scores_CNN/mnist_VAE_s20_v30_SE_beta_3/last' (iter 23220, epoch 86.0)
EarlyStopping counter: 2 out of 25
[Save Checkpoint] epoch: [86.0], Train: total:9284.29883, BCE:-26.74842, KLD:3103.68286,Test: total:36706.55859, BCE:-26.89260, KLD:12244.48340
=> saved checkpoint 'checkpoints_CNN/mnist_VAE_s20_v30_SE_beta_3/last' (iter 23490, epoch 87.0)
score:  0.0
score:  0.0
=> saved checkpoint 'checkpoint_scores_CNN/mnist_VAE_s20_v30_SE_beta_3/last' (iter 23490, epoch 87.0)
EarlyStopping counter: 3 out of 25
[Save Checkpoint] epoch: [87.0], Train: total:9285.37793, BCE:-26.74157, KLD:3104.03931,Test: total:36711.38672, BCE:-26.88766, KLD:12246.09277
=> saved checkpoint 'checkpoints_CNN/mnist_VAE_s20_v30_SE_beta_3/last' (iter 23760, epoch 88.0)
score:  0.0
score:  0.0
=> saved checkpoint 'checkpoint_scores_CNN/mnist_VAE_s20_v30_SE_beta_3/last' (iter 23760, epoch 88.0)
EarlyStopping counter: 4 out of 25
[Save Checkpoint] epoch: [88.0], Train: total:9290.80762, BCE:-26.75794, KLD:3105.85913,Test: total:36732.73438, BCE:-26.90356, KLD:12253.21289
=> saved checkpoint 'checkpoints_CNN/mnist_VAE_s20_v30_SE_beta_3/last' (iter 24030, epoch 89.0)
score:  0.0
score:  0.0
=> saved checkpoint 'checkpoint_scores_CNN/mnist_VAE_s20_v30_SE_beta_3/last' (iter 24030, epoch 89.0)
EarlyStopping counter: 5 out of 25
[Save Checkpoint] epoch: [89.0], Train: total:9285.60156, BCE:-26.73953, KLD:3104.11328,Test: total:36712.12109, BCE:-26.89388, KLD:12246.33789
=> saved checkpoint 'checkpoints_CNN/mnist_VAE_s20_v30_SE_beta_3/last' (iter 24300, epoch 90.0)
score:  0.0
score:  0.0
=> saved checkpoint 'checkpoint_scores_CNN/mnist_VAE_s20_v30_SE_beta_3/last' (iter 24300, epoch 90.0)
EarlyStopping counter: 6 out of 25
[Save Checkpoint] epoch: [90.0], Train: total:9288.89258, BCE:-26.74725, KLD:3105.21362,Test: total:36724.30859, BCE:-26.89066, KLD:12250.40137
=> saved checkpoint 'checkpoints_CNN/mnist_VAE_s20_v30_SE_beta_3/last' (iter 24570, epoch 91.0)
score:  0.0
score:  0.0
=> saved checkpoint 'checkpoint_scores_CNN/mnist_VAE_s20_v30_SE_beta_3/last' (iter 24570, epoch 91.0)
EarlyStopping counter: 7 out of 25
[Save Checkpoint] epoch: [91.0], Train: total:9287.18359, BCE:-26.74940, KLD:3104.64404,Test: total:36717.88672, BCE:-26.90676, KLD:12248.26465
=> saved checkpoint 'checkpoints_CNN/mnist_VAE_s20_v30_SE_beta_3/last' (iter 24840, epoch 92.0)
score:  0.0
score:  0.0
=> saved checkpoint 'checkpoint_scores_CNN/mnist_VAE_s20_v30_SE_beta_3/last' (iter 24840, epoch 92.0)
EarlyStopping counter: 8 out of 25
[Save Checkpoint] epoch: [92.0], Train: total:9291.85059, BCE:-26.75350, KLD:3106.20264,Test: total:36736.08594, BCE:-26.90677, KLD:12254.33008
=> saved checkpoint 'checkpoints_CNN/mnist_VAE_s20_v30_SE_beta_3/last' (iter 25110, epoch 93.0)
score:  0.0
score:  0.0
=> saved checkpoint 'checkpoint_scores_CNN/mnist_VAE_s20_v30_SE_beta_3/last' (iter 25110, epoch 93.0)
EarlyStopping counter: 9 out of 25
[Save Checkpoint] epoch: [93.0], Train: total:9290.24414, BCE:-26.75408, KLD:3105.66577,Test: total:36730.05469, BCE:-26.93526, KLD:12252.32812
=> saved checkpoint 'checkpoints_CNN/mnist_VAE_s20_v30_SE_beta_3/last' (iter 25380, epoch 94.0)
score:  0.0
score:  0.0
=> saved checkpoint 'checkpoint_scores_CNN/mnist_VAE_s20_v30_SE_beta_3/last' (iter 25380, epoch 94.0)
[Save Checkpoint] epoch: [94.0], Train: total:9287.82520, BCE:-26.75065, KLD:3104.85938,Test: total:36720.40234, BCE:-26.90676, KLD:12249.10254
=> saved checkpoint 'checkpoints_CNN/mnist_VAE_s20_v30_SE_beta_3/last' (iter 25650, epoch 95.0)
score:  0.0
score:  0.0
=> saved checkpoint 'checkpoint_scores_CNN/mnist_VAE_s20_v30_SE_beta_3/last' (iter 25650, epoch 95.0)
EarlyStopping counter: 1 out of 25
[Save Checkpoint] epoch: [95.0], Train: total:9289.85352, BCE:-26.75227, KLD:3105.53442,Test: total:36727.98828, BCE:-26.92098, KLD:12251.63574
=> saved checkpoint 'checkpoints_CNN/mnist_VAE_s20_v30_SE_beta_3/last' (iter 25920, epoch 96.0)
score:  0.0
score:  0.0
=> saved checkpoint 'checkpoint_scores_CNN/mnist_VAE_s20_v30_SE_beta_3/last' (iter 25920, epoch 96.0)
EarlyStopping counter: 2 out of 25
[Save Checkpoint] epoch: [96.0], Train: total:9286.42480, BCE:-26.76023, KLD:3104.39331,Test: total:36715.07422, BCE:-26.90569, KLD:12247.32520
=> saved checkpoint 'checkpoints_CNN/mnist_VAE_s20_v30_SE_beta_3/last' (iter 26190, epoch 97.0)
score:  0.0
score:  0.0
=> saved checkpoint 'checkpoint_scores_CNN/mnist_VAE_s20_v30_SE_beta_3/last' (iter 26190, epoch 97.0)
[Save Checkpoint] epoch: [97.0], Train: total:9284.38867, BCE:-26.74730, KLD:3103.71558,Test: total:36706.55469, BCE:-26.90833, KLD:12244.48730
=> saved checkpoint 'checkpoints_CNN/mnist_VAE_s20_v30_SE_beta_3/last' (iter 26460, epoch 98.0)
score:  0.0
score:  0.0
=> saved checkpoint 'checkpoint_scores_CNN/mnist_VAE_s20_v30_SE_beta_3/last' (iter 26460, epoch 98.0)
EarlyStopping counter: 1 out of 25
[Save Checkpoint] epoch: [98.0], Train: total:9286.36719, BCE:-26.75856, KLD:3104.37695,Test: total:36714.61719, BCE:-26.91078, KLD:12247.17578
=> saved checkpoint 'checkpoints_CNN/mnist_VAE_s20_v30_SE_beta_3/last' (iter 26730, epoch 99.0)
score:  0.0
score:  0.0
=> saved checkpoint 'checkpoint_scores_CNN/mnist_VAE_s20_v30_SE_beta_3/last' (iter 26730, epoch 99.0)
EarlyStopping counter: 2 out of 25
[Save Checkpoint] epoch: [99.0], Train: total:9284.56055, BCE:-26.74836, KLD:3103.76929,Test: total:36707.75391, BCE:-26.89105, KLD:12244.88281
=> saved checkpoint 'checkpoints_CNN/mnist_VAE_s20_v30_SE_beta_3/last' (iter 27000, epoch 100.0)
score:  0.0
score:  0.0
=> saved checkpoint 'checkpoint_scores_CNN/mnist_VAE_s20_v30_SE_beta_3/last' (iter 27000, epoch 100.0)
EarlyStopping counter: 3 out of 25
[Save Checkpoint] epoch: [100.0], Train: total:9285.47363, BCE:-26.74474, KLD:3104.07544,Test: total:36711.15234, BCE:-26.92281, KLD:12246.02637
[Training Finished]
All done !
