30
--gpu_devices 0 --max_iter 100 --batch_size 250 --use_scheduler True --lr 1e-3 --GMP True --z_struct_size 10 --is_VAE True --is_encoder_struct False --lambda_BCE 1 --beta 3 --big_kernel_size 8 --two_conv_layer True --three_conv_layer True --kernel_size_1 4 --kernel_size_2 4 --kernel_size_3 4 --BK_in_first_layer True --BK_in_second_layer False --BK_in_third_layer False --stride_size 1 --hidden_filters_layer1 64 --hidden_filters_layer2 64 --hidden_filters_layer3 64 --dataset_balanced True --binary_z True --binary_first_conv False --binary_second_conv False --binary_third_conv True --z_var_size 25 --z_struct_size 10 --use_small_lr_encoder_var False --encoder_var_name None --encoder_struct_name mnist_struct_baseline_scheduler_binary_10 --freeze_Encoder True --exp_name mnist_VAE_s10_v25_SE_beta_3
Namespace(BK_in_first_layer=True, BK_in_second_layer=False, BK_in_third_layer=False, BN=False, C_max=25, C_stop_iter=100000.0, E1_AE=False, E1_VAE=False, E1_conv=False, E1_dense=False, E1_second_conv=False, E1_second_conv_adapt=False, ES_reconstruction=False, EV_classifier=False, GMP=True, Hmg_dst_loss=False, IPC=False, L1_norm_act=False, L1_norm_weights=False, L3_without_random=False, LOG_DIR='logs', adapt_lr=False, add_classification_layer=True, add_linear_after_GMP=True, add_z_struct_bottleneck=False, alpha=32, batch_size=250, beta=3.0, beta1=0.9, beta2=0.999, big_kernel=False, big_kernel_size=8, binary_chain=False, binary_first_conv=False, binary_second_conv=False, binary_third_conv=True, binary_z=True, both_decoders_freeze=False, ckpt_dir='checkpoints_CNN', ckpt_dir_scores='checkpoint_scores_CNN', classif_layer_size=30, contrastive_loss=False, cuda=True, dataset='mnist', dataset_balanced=True, decoder_first_dense=36, decoder_kernel_size_1=4, decoder_kernel_size_2=3, decoder_kernel_size_3=4, decoder_n_filter_1=64, decoder_n_filter_2=64, decoder_n_filter_3=64, decoder_stride_1=2, decoder_stride_2=2, decoder_stride_3=1, diff_var=False, display_step=10000, dset_dir='data', encoder_struct_name='mnist_struct_baseline_scheduler_binary_10', encoder_var_name='None', exp_name='mnist_VAE_s10_v25_SE_beta_3', freeze_Encoder=True, gamma=1000, gpu_devices=[0], hidden_filters_layer1=64, hidden_filters_layer2=64, hidden_filters_layer3=64, image_size=64, intra_class_variance_loss=False, is_C=True, is_E1=False, is_VAE=True, is_VAE_var=False, is_binary_structural_latent=False, is_custom_model=False, is_custom_model_BK=False, is_default_model=False, is_encoder_struct=False, is_noise_stats=False, is_partial_rand_class=False, is_perturbed_score=False, is_zvar_sim_loss=False, just_train=False, kernel_size=4, kernel_size_1=4, kernel_size_2=4, kernel_size_3=4, lambda_BCE=1.0, lambda_Kl_struct=1, lambda_Kl_var=1, lambda_L1=0.01, lambda_VAE=1, lambda_class=1, lambda_contrastive_loss=1, lambda_distance_mean=1, lambda_hmg_dst=1, lambda_intra_class_var=1, lambda_partial_class=1, lambda_ratio_reg=1, lambda_recon_wt_rand=1, lambda_recons=1, lambda_uniq_code_dst=1, lambda_var_distance=1, lambda_var_inter=1, lambda_var_intra=1, lambda_zvar_sim=1, latent_spec_cont=None, latent_spec_cont_class=None, latent_spec_cont_var=None, latent_spec_disc=None, latent_spec_disc_class=None, latent_spec_disc_var=None, log_level='info', loss='Proxy_Anchor', loss_distance_mean=False, loss_min_distance_cl=False, lr=0.001, max_epoch_use_uniq_code_target=5, max_iter=100.0, model='CNN', mrg=0.1, nb_epochs_train_only_zvar=0, num_workers=2, old_weighted=False, optimizer='adamw', other_architecture=False, other_ratio=False, random_percentage=0.2, random_seed=10, randomness=True, ratio_reg=False, remark='', save_step=10000, second_layer_C=False, seed=1, stride_size=1, sz_embedding=5, three_conv_layer=True, train=True, train_var_struct_alternatively=False, two_conv_layer=True, two_encoder=False, uniq_code_dst_loss=False, use_VAE=False, use_decoder=False, use_early_stopping=True, use_scheduler=True, use_small_lr_encoder_var=False, use_structural_encoder=False, value_target_distance_mean=1, var_hidden_dim=256, var_hidden_filters_1=32, var_hidden_filters_2=32, var_hidden_filters_3=32, var_kernel_size_1=3, var_kernel_size_2=3, var_kernel_size_3=3, var_second_cnn_block=True, var_stride_size_1=1, var_stride_size_2=1, var_stride_size_3=1, var_third_cnn_block=False, var_three_conv_layer=False, warm=1, without_acc=False, z_struct_size=10, z_var_size=25, zeros_W_Classif=False, zvar_sim_change_zvar=False, zvar_sim_loss_for_all_model=False, zvar_sim_loss_only_for_encoder=False, zvar_sim_normal=False, zvar_sim_var_rand=False)
CUDA Visible devices !
[Using Seed: 10]
Balanced dataset loaded
VAE doesn't exist but encoder struct yes ! load struct encoder weighs !
=> loaded checkpoint 'checkpoints_CNN/mnist_struct_baseline_scheduler_binary_10/last (iter 20790)'
Weighs loaded for struct encoder !
use 1 gpu who named: Tesla V100-SXM2-32GB
VAE(
  (encoder_struct): Sequential(
    (0): Conv2d(1, 64, kernel_size=(8, 8), stride=(1, 1))
    (1): BatchNorm2d(64, eps=1e-05, momentum=0.1, affine=True, track_running_stats=True)
    (2): ReLU(inplace=True)
    (3): Conv2d(64, 64, kernel_size=(4, 4), stride=(1, 1))
    (4): BatchNorm2d(64, eps=1e-05, momentum=0.1, affine=True, track_running_stats=True)
    (5): ReLU(inplace=True)
    (6): Conv2d(64, 10, kernel_size=(4, 4), stride=(1, 1))
    (7): BatchNorm2d(10, eps=1e-05, momentum=0.1, affine=True, track_running_stats=True)
    (8): DeterministicBinaryActivation(
      (act): Hardsigmoid(
        (act): Hardtanh(min_val=-1.0, max_val=1.0)
      )
    )
    (9): AdaptiveMaxPool2d(output_size=(1, 1))
    (10): View()
  )
  (encoder_var): Sequential(
    (0): Conv2d(1, 32, kernel_size=(3, 3), stride=(1, 1))
    (1): ReLU(inplace=True)
    (2): BatchNorm2d(32, eps=1e-05, momentum=0.1, affine=True, track_running_stats=True)
    (3): Conv2d(32, 32, kernel_size=(3, 3), stride=(1, 1))
    (4): ReLU(inplace=True)
    (5): BatchNorm2d(32, eps=1e-05, momentum=0.1, affine=True, track_running_stats=True)
    (6): Conv2d(32, 32, kernel_size=(5, 5), stride=(2, 2), padding=(2, 2))
    (7): ReLU(inplace=True)
    (8): BatchNorm2d(32, eps=1e-05, momentum=0.1, affine=True, track_running_stats=True)
    (9): Dropout(p=0.4, inplace=False)
    (10): Conv2d(32, 64, kernel_size=(3, 3), stride=(1, 1))
    (11): ReLU(inplace=True)
    (12): BatchNorm2d(64, eps=1e-05, momentum=0.1, affine=True, track_running_stats=True)
    (13): Conv2d(64, 64, kernel_size=(3, 3), stride=(1, 1))
    (14): ReLU(inplace=True)
    (15): BatchNorm2d(64, eps=1e-05, momentum=0.1, affine=True, track_running_stats=True)
    (16): Conv2d(64, 64, kernel_size=(5, 5), stride=(2, 2), padding=(2, 2))
    (17): ReLU(inplace=True)
    (18): BatchNorm2d(64, eps=1e-05, momentum=0.1, affine=True, track_running_stats=True)
    (19): Dropout(p=0.4, inplace=False)
    (20): View()
    (21): Linear(in_features=1600, out_features=50, bias=True)
  )
  (decoder): Sequential(
    (0): Linear(in_features=35, out_features=1600, bias=True)
    (1): ReLU(inplace=True)
    (2): View()
    (3): ConvTranspose2d(64, 64, kernel_size=(4, 4), stride=(2, 2), padding=(1, 1))
    (4): ReLU(inplace=True)
    (5): ConvTranspose2d(64, 64, kernel_size=(3, 3), stride=(1, 1))
    (6): ReLU(inplace=True)
    (7): ConvTranspose2d(64, 32, kernel_size=(3, 3), stride=(1, 1))
    (8): ReLU(inplace=True)
    (9): ConvTranspose2d(32, 32, kernel_size=(4, 4), stride=(2, 2), padding=(1, 1))
    (10): ReLU(inplace=True)
    (11): ConvTranspose2d(32, 32, kernel_size=(3, 3), stride=(1, 1))
    (12): ReLU(inplace=True)
    (13): ConvTranspose2d(32, 1, kernel_size=(3, 3), stride=(1, 1))
    (14): Sigmoid()
  )
)
The number of parameters of model is 558545
=> saved checkpoint 'checkpoints_CNN/mnist_VAE_s10_v25_SE_beta_3/last' (iter 270, epoch 1.0)
score:  0.0
score:  0.0
=> saved checkpoint 'checkpoint_scores_CNN/mnist_VAE_s10_v25_SE_beta_3/last' (iter 270, epoch 1.0)
[Save Checkpoint] epoch: [1.0], Train: total:10462.84473, BCE:-15.87641, KLD:3492.90601,Test: total:42123.39453, BCE:-16.05893, KLD:14046.48438
=> saved checkpoint 'checkpoints_CNN/mnist_VAE_s10_v25_SE_beta_3/last' (iter 540, epoch 2.0)
score:  0.0
score:  0.0
=> saved checkpoint 'checkpoint_scores_CNN/mnist_VAE_s10_v25_SE_beta_3/last' (iter 540, epoch 2.0)
[Save Checkpoint] epoch: [2.0], Train: total:11405.98047, BCE:-16.41254, KLD:3807.46606,Test: total:45582.18359, BCE:-16.51410, KLD:15199.56250
=> saved checkpoint 'checkpoints_CNN/mnist_VAE_s10_v25_SE_beta_3/last' (iter 810, epoch 3.0)
score:  0.0
score:  0.0
=> saved checkpoint 'checkpoint_scores_CNN/mnist_VAE_s10_v25_SE_beta_3/last' (iter 810, epoch 3.0)
[Save Checkpoint] epoch: [3.0], Train: total:11644.81934, BCE:-16.42271, KLD:3887.08057,Test: total:46386.75391, BCE:-16.49008, KLD:15467.74902
=> saved checkpoint 'checkpoints_CNN/mnist_VAE_s10_v25_SE_beta_3/last' (iter 1080, epoch 4.0)
score:  0.0
score:  0.0
=> saved checkpoint 'checkpoint_scores_CNN/mnist_VAE_s10_v25_SE_beta_3/last' (iter 1080, epoch 4.0)
[Save Checkpoint] epoch: [4.0], Train: total:11630.05566, BCE:-16.69376, KLD:3882.24976,Test: total:46331.90234, BCE:-16.78235, KLD:15449.56152
=> saved checkpoint 'checkpoints_CNN/mnist_VAE_s10_v25_SE_beta_3/last' (iter 1350, epoch 5.0)
score:  0.0
score:  0.0
=> saved checkpoint 'checkpoint_scores_CNN/mnist_VAE_s10_v25_SE_beta_3/last' (iter 1350, epoch 5.0)
[Save Checkpoint] epoch: [5.0], Train: total:11649.40430, BCE:-16.23804, KLD:3888.54761,Test: total:46309.47266, BCE:-16.30769, KLD:15441.92676
=> saved checkpoint 'checkpoints_CNN/mnist_VAE_s10_v25_SE_beta_3/last' (iter 1620, epoch 6.0)
score:  0.0
score:  0.0
=> saved checkpoint 'checkpoint_scores_CNN/mnist_VAE_s10_v25_SE_beta_3/last' (iter 1620, epoch 6.0)
[Save Checkpoint] epoch: [6.0], Train: total:11161.28906, BCE:-16.06638, KLD:3725.78589,Test: total:44396.26172, BCE:-16.16020, KLD:14804.14258
=> saved checkpoint 'checkpoints_CNN/mnist_VAE_s10_v25_SE_beta_3/last' (iter 1890, epoch 7.0)
score:  0.0
score:  0.0
=> saved checkpoint 'checkpoint_scores_CNN/mnist_VAE_s10_v25_SE_beta_3/last' (iter 1890, epoch 7.0)
[Save Checkpoint] epoch: [7.0], Train: total:11451.68945, BCE:-16.07108, KLD:3822.58618,Test: total:45542.93359, BCE:-16.17202, KLD:15186.36914
=> saved checkpoint 'checkpoints_CNN/mnist_VAE_s10_v25_SE_beta_3/last' (iter 2160, epoch 8.0)
score:  0.0
score:  0.0
=> saved checkpoint 'checkpoint_scores_CNN/mnist_VAE_s10_v25_SE_beta_3/last' (iter 2160, epoch 8.0)
[Save Checkpoint] epoch: [8.0], Train: total:11427.66113, BCE:-16.46235, KLD:3814.71021,Test: total:45408.58594, BCE:-16.67902, KLD:15141.75293
=> saved checkpoint 'checkpoints_CNN/mnist_VAE_s10_v25_SE_beta_3/last' (iter 2430, epoch 9.0)
score:  0.0
score:  0.0
=> saved checkpoint 'checkpoint_scores_CNN/mnist_VAE_s10_v25_SE_beta_3/last' (iter 2430, epoch 9.0)
EarlyStopping counter: 1 out of 25
[Save Checkpoint] epoch: [9.0], Train: total:11369.28516, BCE:-16.61487, KLD:3795.30005,Test: total:45191.72656, BCE:-16.81856, KLD:15069.51465
=> saved checkpoint 'checkpoints_CNN/mnist_VAE_s10_v25_SE_beta_3/last' (iter 2700, epoch 10.0)
score:  0.0
score:  0.0
=> saved checkpoint 'checkpoint_scores_CNN/mnist_VAE_s10_v25_SE_beta_3/last' (iter 2700, epoch 10.0)
[Save Checkpoint] epoch: [10.0], Train: total:10801.16113, BCE:-16.14852, KLD:3605.77026,Test: total:42849.10156, BCE:-16.34661, KLD:14288.48145
=> saved checkpoint 'checkpoints_CNN/mnist_VAE_s10_v25_SE_beta_3/last' (iter 2970, epoch 11.0)
score:  0.0
score:  0.0
=> saved checkpoint 'checkpoint_scores_CNN/mnist_VAE_s10_v25_SE_beta_3/last' (iter 2970, epoch 11.0)
[Save Checkpoint] epoch: [11.0], Train: total:11052.15918, BCE:-17.12563, KLD:3689.76147,Test: total:43902.98047, BCE:-17.36004, KLD:14640.11230
=> saved checkpoint 'checkpoints_CNN/mnist_VAE_s10_v25_SE_beta_3/last' (iter 3240, epoch 12.0)
score:  0.0
score:  0.0
=> saved checkpoint 'checkpoint_scores_CNN/mnist_VAE_s10_v25_SE_beta_3/last' (iter 3240, epoch 12.0)
EarlyStopping counter: 1 out of 25
[Save Checkpoint] epoch: [12.0], Train: total:10970.69629, BCE:-16.96811, KLD:3662.55298,Test: total:43504.45703, BCE:-17.23897, KLD:14507.23145
=> saved checkpoint 'checkpoints_CNN/mnist_VAE_s10_v25_SE_beta_3/last' (iter 3510, epoch 13.0)
score:  0.0
score:  0.0
=> saved checkpoint 'checkpoint_scores_CNN/mnist_VAE_s10_v25_SE_beta_3/last' (iter 3510, epoch 13.0)
[Save Checkpoint] epoch: [13.0], Train: total:11007.85840, BCE:-16.20016, KLD:3674.68677,Test: total:43653.83203, BCE:-16.44898, KLD:14556.75977
=> saved checkpoint 'checkpoints_CNN/mnist_VAE_s10_v25_SE_beta_3/last' (iter 3780, epoch 14.0)
score:  0.0
score:  0.0
=> saved checkpoint 'checkpoint_scores_CNN/mnist_VAE_s10_v25_SE_beta_3/last' (iter 3780, epoch 14.0)
[Save Checkpoint] epoch: [14.0], Train: total:11229.31348, BCE:-16.84748, KLD:3748.71802,Test: total:44530.58594, BCE:-17.12277, KLD:14849.23633
=> saved checkpoint 'checkpoints_CNN/mnist_VAE_s10_v25_SE_beta_3/last' (iter 4050, epoch 15.0)
score:  0.0
score:  0.0
=> saved checkpoint 'checkpoint_scores_CNN/mnist_VAE_s10_v25_SE_beta_3/last' (iter 4050, epoch 15.0)
EarlyStopping counter: 1 out of 25
[Save Checkpoint] epoch: [15.0], Train: total:10841.67480, BCE:-16.76221, KLD:3619.47632,Test: total:42992.87109, BCE:-17.04648, KLD:14336.64062
=> saved checkpoint 'checkpoints_CNN/mnist_VAE_s10_v25_SE_beta_3/last' (iter 4320, epoch 16.0)
score:  0.0
score:  0.0
=> saved checkpoint 'checkpoint_scores_CNN/mnist_VAE_s10_v25_SE_beta_3/last' (iter 4320, epoch 16.0)
[Save Checkpoint] epoch: [16.0], Train: total:10868.87988, BCE:-17.11280, KLD:3628.66431,Test: total:43032.85547, BCE:-17.37404, KLD:14350.07812
=> saved checkpoint 'checkpoints_CNN/mnist_VAE_s10_v25_SE_beta_3/last' (iter 4590, epoch 17.0)
score:  0.0
score:  0.0
=> saved checkpoint 'checkpoint_scores_CNN/mnist_VAE_s10_v25_SE_beta_3/last' (iter 4590, epoch 17.0)
EarlyStopping counter: 1 out of 25
[Save Checkpoint] epoch: [17.0], Train: total:10587.48828, BCE:-17.89225, KLD:3535.12720,Test: total:41939.64062, BCE:-18.18065, KLD:13985.94043
=> saved checkpoint 'checkpoints_CNN/mnist_VAE_s10_v25_SE_beta_3/last' (iter 4860, epoch 18.0)
score:  0.0
score:  0.0
=> saved checkpoint 'checkpoint_scores_CNN/mnist_VAE_s10_v25_SE_beta_3/last' (iter 4860, epoch 18.0)
[Save Checkpoint] epoch: [18.0], Train: total:10813.09668, BCE:-17.60596, KLD:3610.23486,Test: total:42866.37109, BCE:-17.94003, KLD:14294.77051
=> saved checkpoint 'checkpoints_CNN/mnist_VAE_s10_v25_SE_beta_3/last' (iter 5130, epoch 19.0)
score:  0.0
score:  0.0
=> saved checkpoint 'checkpoint_scores_CNN/mnist_VAE_s10_v25_SE_beta_3/last' (iter 5130, epoch 19.0)
EarlyStopping counter: 1 out of 25
[Save Checkpoint] epoch: [19.0], Train: total:10747.51953, BCE:-17.94350, KLD:3588.48657,Test: total:42590.44141, BCE:-18.22960, KLD:14202.89258
=> saved checkpoint 'checkpoints_CNN/mnist_VAE_s10_v25_SE_beta_3/last' (iter 5400, epoch 20.0)
score:  0.0
score:  0.0
=> saved checkpoint 'checkpoint_scores_CNN/mnist_VAE_s10_v25_SE_beta_3/last' (iter 5400, epoch 20.0)
EarlyStopping counter: 2 out of 25
[Save Checkpoint] epoch: [20.0], Train: total:10849.88086, BCE:-17.86035, KLD:3622.58228,Test: total:42983.00781, BCE:-18.16779, KLD:14333.72363
=> saved checkpoint 'checkpoints_CNN/mnist_VAE_s10_v25_SE_beta_3/last' (iter 5670, epoch 21.0)
score:  0.0
score:  0.0
=> saved checkpoint 'checkpoint_scores_CNN/mnist_VAE_s10_v25_SE_beta_3/last' (iter 5670, epoch 21.0)
EarlyStopping counter: 3 out of 25
[Save Checkpoint] epoch: [21.0], Train: total:10316.67188, BCE:-18.38754, KLD:3445.01978,Test: total:40874.53125, BCE:-18.66172, KLD:13631.06250
=> saved checkpoint 'checkpoints_CNN/mnist_VAE_s10_v25_SE_beta_3/last' (iter 5940, epoch 22.0)
score:  0.0
score:  0.0
=> saved checkpoint 'checkpoint_scores_CNN/mnist_VAE_s10_v25_SE_beta_3/last' (iter 5940, epoch 22.0)
[Save Checkpoint] epoch: [22.0], Train: total:10570.53027, BCE:-18.90928, KLD:3529.81348,Test: total:41886.77734, BCE:-19.22017, KLD:13968.66602
=> saved checkpoint 'checkpoints_CNN/mnist_VAE_s10_v25_SE_beta_3/last' (iter 6210, epoch 23.0)
score:  0.0
score:  0.0
=> saved checkpoint 'checkpoint_scores_CNN/mnist_VAE_s10_v25_SE_beta_3/last' (iter 6210, epoch 23.0)
[Save Checkpoint] epoch: [23.0], Train: total:10425.90625, BCE:-19.47572, KLD:3481.79492,Test: total:41298.89062, BCE:-19.76646, KLD:13772.88477
=> saved checkpoint 'checkpoints_CNN/mnist_VAE_s10_v25_SE_beta_3/last' (iter 6480, epoch 24.0)
score:  0.0
score:  0.0
=> saved checkpoint 'checkpoint_scores_CNN/mnist_VAE_s10_v25_SE_beta_3/last' (iter 6480, epoch 24.0)
EarlyStopping counter: 1 out of 25
[Save Checkpoint] epoch: [24.0], Train: total:10360.45215, BCE:-19.43231, KLD:3459.96069,Test: total:41010.30078, BCE:-19.78523, KLD:13676.69531
=> saved checkpoint 'checkpoints_CNN/mnist_VAE_s10_v25_SE_beta_3/last' (iter 6750, epoch 25.0)
score:  0.0
score:  0.0
=> saved checkpoint 'checkpoint_scores_CNN/mnist_VAE_s10_v25_SE_beta_3/last' (iter 6750, epoch 25.0)
EarlyStopping counter: 2 out of 25
[Save Checkpoint] epoch: [25.0], Train: total:10287.96582, BCE:-20.66733, KLD:3436.21313,Test: total:40745.91406, BCE:-21.00995, KLD:13588.97363
=> saved checkpoint 'checkpoints_CNN/mnist_VAE_s10_v25_SE_beta_3/last' (iter 7020, epoch 26.0)
score:  0.0
score:  0.0
=> saved checkpoint 'checkpoint_scores_CNN/mnist_VAE_s10_v25_SE_beta_3/last' (iter 7020, epoch 26.0)
[Save Checkpoint] epoch: [26.0], Train: total:10385.34180, BCE:-21.01629, KLD:3468.78662,Test: total:41149.78516, BCE:-21.31350, KLD:13723.70020
=> saved checkpoint 'checkpoints_CNN/mnist_VAE_s10_v25_SE_beta_3/last' (iter 7290, epoch 27.0)
score:  0.0
score:  0.0
=> saved checkpoint 'checkpoint_scores_CNN/mnist_VAE_s10_v25_SE_beta_3/last' (iter 7290, epoch 27.0)
[Save Checkpoint] epoch: [27.0], Train: total:10594.08594, BCE:-21.00636, KLD:3538.36475,Test: total:41987.52344, BCE:-21.32810, KLD:14002.95020
=> saved checkpoint 'checkpoints_CNN/mnist_VAE_s10_v25_SE_beta_3/last' (iter 7560, epoch 28.0)
score:  0.0
score:  0.0
=> saved checkpoint 'checkpoint_scores_CNN/mnist_VAE_s10_v25_SE_beta_3/last' (iter 7560, epoch 28.0)
EarlyStopping counter: 1 out of 25
[Save Checkpoint] epoch: [28.0], Train: total:10357.59766, BCE:-21.16562, KLD:3459.58618,Test: total:41042.89062, BCE:-21.43564, KLD:13688.10938
=> saved checkpoint 'checkpoints_CNN/mnist_VAE_s10_v25_SE_beta_3/last' (iter 7830, epoch 29.0)
score:  0.0
score:  0.0
=> saved checkpoint 'checkpoint_scores_CNN/mnist_VAE_s10_v25_SE_beta_3/last' (iter 7830, epoch 29.0)
EarlyStopping counter: 2 out of 25
[Save Checkpoint] epoch: [29.0], Train: total:10372.52734, BCE:-21.78988, KLD:3464.77344,Test: total:41105.81641, BCE:-22.06212, KLD:13709.29395
=> saved checkpoint 'checkpoints_CNN/mnist_VAE_s10_v25_SE_beta_3/last' (iter 8100, epoch 30.0)
score:  0.0
score:  0.0
=> saved checkpoint 'checkpoint_scores_CNN/mnist_VAE_s10_v25_SE_beta_3/last' (iter 8100, epoch 30.0)
[Save Checkpoint] epoch: [30.0], Train: total:10362.59570, BCE:-22.01175, KLD:3461.53491,Test: total:41006.48438, BCE:-22.25915, KLD:13676.25000
=> saved checkpoint 'checkpoints_CNN/mnist_VAE_s10_v25_SE_beta_3/last' (iter 8370, epoch 31.0)
score:  0.0
score:  0.0
=> saved checkpoint 'checkpoint_scores_CNN/mnist_VAE_s10_v25_SE_beta_3/last' (iter 8370, epoch 31.0)
[Save Checkpoint] epoch: [31.0], Train: total:10149.73535, BCE:-21.53269, KLD:3390.42212,Test: total:40143.59766, BCE:-21.78560, KLD:13388.46289
=> saved checkpoint 'checkpoints_CNN/mnist_VAE_s10_v25_SE_beta_3/last' (iter 8640, epoch 32.0)
score:  0.0
score:  0.0
=> saved checkpoint 'checkpoint_scores_CNN/mnist_VAE_s10_v25_SE_beta_3/last' (iter 8640, epoch 32.0)
EarlyStopping counter: 1 out of 25
[Save Checkpoint] epoch: [32.0], Train: total:10397.44043, BCE:-22.17700, KLD:3473.20850,Test: total:41163.07422, BCE:-22.43316, KLD:13728.50000
=> saved checkpoint 'checkpoints_CNN/mnist_VAE_s10_v25_SE_beta_3/last' (iter 8910, epoch 33.0)
score:  0.0
score:  0.0
=> saved checkpoint 'checkpoint_scores_CNN/mnist_VAE_s10_v25_SE_beta_3/last' (iter 8910, epoch 33.0)
EarlyStopping counter: 2 out of 25
[Save Checkpoint] epoch: [33.0], Train: total:10489.20020, BCE:-21.90207, KLD:3503.70142,Test: total:41520.82422, BCE:-22.19702, KLD:13847.67188
=> saved checkpoint 'checkpoints_CNN/mnist_VAE_s10_v25_SE_beta_3/last' (iter 9180, epoch 34.0)
score:  0.0
score:  0.0
=> saved checkpoint 'checkpoint_scores_CNN/mnist_VAE_s10_v25_SE_beta_3/last' (iter 9180, epoch 34.0)
EarlyStopping counter: 3 out of 25
[Save Checkpoint] epoch: [34.0], Train: total:10417.40430, BCE:-22.91976, KLD:3480.10742,Test: total:41261.27734, BCE:-23.16221, KLD:13761.47949
=> saved checkpoint 'checkpoints_CNN/mnist_VAE_s10_v25_SE_beta_3/last' (iter 9450, epoch 35.0)
score:  0.0
score:  0.0
=> saved checkpoint 'checkpoint_scores_CNN/mnist_VAE_s10_v25_SE_beta_3/last' (iter 9450, epoch 35.0)
[Save Checkpoint] epoch: [35.0], Train: total:10191.98633, BCE:-22.68732, KLD:3404.89111,Test: total:40334.77734, BCE:-22.89831, KLD:13452.55762
=> saved checkpoint 'checkpoints_CNN/mnist_VAE_s10_v25_SE_beta_3/last' (iter 9720, epoch 36.0)
score:  0.0
score:  0.0
=> saved checkpoint 'checkpoint_scores_CNN/mnist_VAE_s10_v25_SE_beta_3/last' (iter 9720, epoch 36.0)
EarlyStopping counter: 1 out of 25
[Save Checkpoint] epoch: [36.0], Train: total:10145.09570, BCE:-22.76667, KLD:3389.28809,Test: total:40178.53906, BCE:-23.01623, KLD:13400.51855
=> saved checkpoint 'checkpoints_CNN/mnist_VAE_s10_v25_SE_beta_3/last' (iter 9990, epoch 37.0)
score:  0.0
score:  0.0
=> saved checkpoint 'checkpoint_scores_CNN/mnist_VAE_s10_v25_SE_beta_3/last' (iter 9990, epoch 37.0)
EarlyStopping counter: 2 out of 25
[Save Checkpoint] epoch: [37.0], Train: total:10340.28516, BCE:-22.82285, KLD:3454.36841,Test: total:40908.87891, BCE:-23.04819, KLD:13643.97559
=> saved checkpoint 'checkpoints_CNN/mnist_VAE_s10_v25_SE_beta_3/last' (iter 10260, epoch 38.0)
score:  0.0
score:  0.0
=> saved checkpoint 'checkpoint_scores_CNN/mnist_VAE_s10_v25_SE_beta_3/last' (iter 10260, epoch 38.0)
EarlyStopping counter: 3 out of 25
[Save Checkpoint] epoch: [38.0], Train: total:10334.27344, BCE:-23.35964, KLD:3452.54321,Test: total:40904.87109, BCE:-23.57881, KLD:13642.81738
=> saved checkpoint 'checkpoints_CNN/mnist_VAE_s10_v25_SE_beta_3/last' (iter 10530, epoch 39.0)
score:  0.0
score:  0.0
=> saved checkpoint 'checkpoint_scores_CNN/mnist_VAE_s10_v25_SE_beta_3/last' (iter 10530, epoch 39.0)
EarlyStopping counter: 4 out of 25
[Save Checkpoint] epoch: [39.0], Train: total:10201.70410, BCE:-23.33426, KLD:3408.34790,Test: total:40378.21875, BCE:-23.55575, KLD:13467.25781
Epoch    40: reducing learning rate of group 0 to 2.0000e-04.
=> saved checkpoint 'checkpoints_CNN/mnist_VAE_s10_v25_SE_beta_3/last' (iter 10800, epoch 40.0)
score:  0.0
score:  0.0
=> saved checkpoint 'checkpoint_scores_CNN/mnist_VAE_s10_v25_SE_beta_3/last' (iter 10800, epoch 40.0)
EarlyStopping counter: 5 out of 25
[Save Checkpoint] epoch: [40.0], Train: total:10226.36523, BCE:-22.90664, KLD:3416.42334,Test: total:40475.93359, BCE:-23.11997, KLD:13499.68652
=> saved checkpoint 'checkpoints_CNN/mnist_VAE_s10_v25_SE_beta_3/last' (iter 11070, epoch 41.0)
score:  0.0
score:  0.0
=> saved checkpoint 'checkpoint_scores_CNN/mnist_VAE_s10_v25_SE_beta_3/last' (iter 11070, epoch 41.0)
[Save Checkpoint] epoch: [41.0], Train: total:10177.88574, BCE:-23.06248, KLD:3400.31812,Test: total:40246.98828, BCE:-23.26568, KLD:13423.41699
=> saved checkpoint 'checkpoints_CNN/mnist_VAE_s10_v25_SE_beta_3/last' (iter 11340, epoch 42.0)
score:  0.0
score:  0.0
=> saved checkpoint 'checkpoint_scores_CNN/mnist_VAE_s10_v25_SE_beta_3/last' (iter 11340, epoch 42.0)
[Save Checkpoint] epoch: [42.0], Train: total:10145.19043, BCE:-23.12335, KLD:3389.43848,Test: total:40132.72656, BCE:-23.33592, KLD:13385.35352
=> saved checkpoint 'checkpoints_CNN/mnist_VAE_s10_v25_SE_beta_3/last' (iter 11610, epoch 43.0)
score:  0.0
score:  0.0
=> saved checkpoint 'checkpoint_scores_CNN/mnist_VAE_s10_v25_SE_beta_3/last' (iter 11610, epoch 43.0)
EarlyStopping counter: 1 out of 25
[Save Checkpoint] epoch: [43.0], Train: total:10196.37695, BCE:-23.20922, KLD:3406.52905,Test: total:40335.58203, BCE:-23.43236, KLD:13453.00293
=> saved checkpoint 'checkpoints_CNN/mnist_VAE_s10_v25_SE_beta_3/last' (iter 11880, epoch 44.0)
score:  0.0
score:  0.0
=> saved checkpoint 'checkpoint_scores_CNN/mnist_VAE_s10_v25_SE_beta_3/last' (iter 11880, epoch 44.0)
[Save Checkpoint] epoch: [44.0], Train: total:10204.94434, BCE:-23.19358, KLD:3409.37842,Test: total:40357.19922, BCE:-23.40700, KLD:13460.20312
=> saved checkpoint 'checkpoints_CNN/mnist_VAE_s10_v25_SE_beta_3/last' (iter 12150, epoch 45.0)
score:  0.0
score:  0.0
=> saved checkpoint 'checkpoint_scores_CNN/mnist_VAE_s10_v25_SE_beta_3/last' (iter 12150, epoch 45.0)
[Save Checkpoint] epoch: [45.0], Train: total:10120.35059, BCE:-23.29142, KLD:3381.21484,Test: total:40020.00781, BCE:-23.50060, KLD:13347.83594
=> saved checkpoint 'checkpoints_CNN/mnist_VAE_s10_v25_SE_beta_3/last' (iter 12420, epoch 46.0)
score:  0.0
score:  0.0
=> saved checkpoint 'checkpoint_scores_CNN/mnist_VAE_s10_v25_SE_beta_3/last' (iter 12420, epoch 46.0)
EarlyStopping counter: 1 out of 25
[Save Checkpoint] epoch: [46.0], Train: total:10209.57031, BCE:-23.46227, KLD:3411.01001,Test: total:40387.73047, BCE:-23.64822, KLD:13470.45801
=> saved checkpoint 'checkpoints_CNN/mnist_VAE_s10_v25_SE_beta_3/last' (iter 12690, epoch 47.0)
score:  0.0
score:  0.0
=> saved checkpoint 'checkpoint_scores_CNN/mnist_VAE_s10_v25_SE_beta_3/last' (iter 12690, epoch 47.0)
[Save Checkpoint] epoch: [47.0], Train: total:10144.69531, BCE:-23.15660, KLD:3389.28296,Test: total:40133.01172, BCE:-23.37062, KLD:13385.46289
=> saved checkpoint 'checkpoints_CNN/mnist_VAE_s10_v25_SE_beta_3/last' (iter 12960, epoch 48.0)
score:  0.0
score:  0.0
=> saved checkpoint 'checkpoint_scores_CNN/mnist_VAE_s10_v25_SE_beta_3/last' (iter 12960, epoch 48.0)
EarlyStopping counter: 1 out of 25
[Save Checkpoint] epoch: [48.0], Train: total:10128.63574, BCE:-23.21708, KLD:3383.94946,Test: total:40065.33984, BCE:-23.44812, KLD:13362.92969
=> saved checkpoint 'checkpoints_CNN/mnist_VAE_s10_v25_SE_beta_3/last' (iter 13230, epoch 49.0)
score:  0.0
score:  0.0
=> saved checkpoint 'checkpoint_scores_CNN/mnist_VAE_s10_v25_SE_beta_3/last' (iter 13230, epoch 49.0)
EarlyStopping counter: 2 out of 25
[Save Checkpoint] epoch: [49.0], Train: total:10210.65625, BCE:-23.19449, KLD:3411.28271,Test: total:40394.92188, BCE:-23.39790, KLD:13472.77344
=> saved checkpoint 'checkpoints_CNN/mnist_VAE_s10_v25_SE_beta_3/last' (iter 13500, epoch 50.0)
score:  0.0
score:  0.0
=> saved checkpoint 'checkpoint_scores_CNN/mnist_VAE_s10_v25_SE_beta_3/last' (iter 13500, epoch 50.0)
EarlyStopping counter: 3 out of 25
[Save Checkpoint] epoch: [50.0], Train: total:10178.76953, BCE:-23.31396, KLD:3400.69312,Test: total:40276.25000, BCE:-23.51346, KLD:13433.25488
=> saved checkpoint 'checkpoints_CNN/mnist_VAE_s10_v25_SE_beta_3/last' (iter 13770, epoch 51.0)
score:  0.0
score:  0.0
=> saved checkpoint 'checkpoint_scores_CNN/mnist_VAE_s10_v25_SE_beta_3/last' (iter 13770, epoch 51.0)
EarlyStopping counter: 4 out of 25
[Save Checkpoint] epoch: [51.0], Train: total:10179.59277, BCE:-23.12878, KLD:3400.90869,Test: total:40256.21094, BCE:-23.32998, KLD:13426.51270
Epoch    52: reducing learning rate of group 0 to 4.0000e-05.
=> saved checkpoint 'checkpoints_CNN/mnist_VAE_s10_v25_SE_beta_3/last' (iter 14040, epoch 52.0)
score:  0.0
score:  0.0
=> saved checkpoint 'checkpoint_scores_CNN/mnist_VAE_s10_v25_SE_beta_3/last' (iter 14040, epoch 52.0)
EarlyStopping counter: 5 out of 25
[Save Checkpoint] epoch: [52.0], Train: total:10043.54590, BCE:-23.47892, KLD:3355.67529,Test: total:39740.15234, BCE:-23.70373, KLD:13254.61719
=> saved checkpoint 'checkpoints_CNN/mnist_VAE_s10_v25_SE_beta_3/last' (iter 14310, epoch 53.0)
score:  0.0
score:  0.0
=> saved checkpoint 'checkpoint_scores_CNN/mnist_VAE_s10_v25_SE_beta_3/last' (iter 14310, epoch 53.0)
EarlyStopping counter: 6 out of 25
[Save Checkpoint] epoch: [53.0], Train: total:10098.92676, BCE:-23.17955, KLD:3374.03833,Test: total:39958.40625, BCE:-23.37934, KLD:13327.26270
=> saved checkpoint 'checkpoints_CNN/mnist_VAE_s10_v25_SE_beta_3/last' (iter 14580, epoch 54.0)
score:  0.0
score:  0.0
=> saved checkpoint 'checkpoint_scores_CNN/mnist_VAE_s10_v25_SE_beta_3/last' (iter 14580, epoch 54.0)
[Save Checkpoint] epoch: [54.0], Train: total:10138.65039, BCE:-23.18693, KLD:3387.28149,Test: total:40106.92578, BCE:-23.40401, KLD:13376.77539
=> saved checkpoint 'checkpoints_CNN/mnist_VAE_s10_v25_SE_beta_3/last' (iter 14850, epoch 55.0)
score:  0.0
score:  0.0
=> saved checkpoint 'checkpoint_scores_CNN/mnist_VAE_s10_v25_SE_beta_3/last' (iter 14850, epoch 55.0)
EarlyStopping counter: 1 out of 25
[Save Checkpoint] epoch: [55.0], Train: total:10148.22363, BCE:-23.16852, KLD:3390.46411,Test: total:40159.22266, BCE:-23.36066, KLD:13394.19531
=> saved checkpoint 'checkpoints_CNN/mnist_VAE_s10_v25_SE_beta_3/last' (iter 15120, epoch 56.0)
score:  0.0
score:  0.0
=> saved checkpoint 'checkpoint_scores_CNN/mnist_VAE_s10_v25_SE_beta_3/last' (iter 15120, epoch 56.0)
EarlyStopping counter: 2 out of 25
[Save Checkpoint] epoch: [56.0], Train: total:10139.21387, BCE:-23.29731, KLD:3387.50098,Test: total:40121.18750, BCE:-23.53296, KLD:13381.57324
=> saved checkpoint 'checkpoints_CNN/mnist_VAE_s10_v25_SE_beta_3/last' (iter 15390, epoch 57.0)
score:  0.0
score:  0.0
=> saved checkpoint 'checkpoint_scores_CNN/mnist_VAE_s10_v25_SE_beta_3/last' (iter 15390, epoch 57.0)
EarlyStopping counter: 3 out of 25
[Save Checkpoint] epoch: [57.0], Train: total:10138.21680, BCE:-23.27404, KLD:3387.16235,Test: total:40099.28125, BCE:-23.47329, KLD:13374.25293
=> saved checkpoint 'checkpoints_CNN/mnist_VAE_s10_v25_SE_beta_3/last' (iter 15660, epoch 58.0)
score:  0.0
score:  0.0
=> saved checkpoint 'checkpoint_scores_CNN/mnist_VAE_s10_v25_SE_beta_3/last' (iter 15660, epoch 58.0)
EarlyStopping counter: 4 out of 25
[Save Checkpoint] epoch: [58.0], Train: total:10129.10059, BCE:-23.22228, KLD:3384.10864,Test: total:40075.72266, BCE:-23.43533, KLD:13366.38574
Epoch    59: reducing learning rate of group 0 to 8.0000e-06.
=> saved checkpoint 'checkpoints_CNN/mnist_VAE_s10_v25_SE_beta_3/last' (iter 15930, epoch 59.0)
score:  0.0
score:  0.0
=> saved checkpoint 'checkpoint_scores_CNN/mnist_VAE_s10_v25_SE_beta_3/last' (iter 15930, epoch 59.0)
EarlyStopping counter: 5 out of 25
[Save Checkpoint] epoch: [59.0], Train: total:10139.34863, BCE:-23.28672, KLD:3387.54565,Test: total:40112.15234, BCE:-23.49329, KLD:13378.54688
=> saved checkpoint 'checkpoints_CNN/mnist_VAE_s10_v25_SE_beta_3/last' (iter 16200, epoch 60.0)
score:  0.0
score:  0.0
=> saved checkpoint 'checkpoint_scores_CNN/mnist_VAE_s10_v25_SE_beta_3/last' (iter 16200, epoch 60.0)
EarlyStopping counter: 6 out of 25
[Save Checkpoint] epoch: [60.0], Train: total:10140.27441, BCE:-23.29805, KLD:3387.85620,Test: total:40115.12109, BCE:-23.49881, KLD:13379.53906
=> saved checkpoint 'checkpoints_CNN/mnist_VAE_s10_v25_SE_beta_3/last' (iter 16470, epoch 61.0)
score:  0.0
score:  0.0
=> saved checkpoint 'checkpoint_scores_CNN/mnist_VAE_s10_v25_SE_beta_3/last' (iter 16470, epoch 61.0)
EarlyStopping counter: 7 out of 25
[Save Checkpoint] epoch: [61.0], Train: total:10137.39746, BCE:-23.31947, KLD:3386.90430,Test: total:40103.06641, BCE:-23.53831, KLD:13375.53418
=> saved checkpoint 'checkpoints_CNN/mnist_VAE_s10_v25_SE_beta_3/last' (iter 16740, epoch 62.0)
score:  0.0
score:  0.0
=> saved checkpoint 'checkpoint_scores_CNN/mnist_VAE_s10_v25_SE_beta_3/last' (iter 16740, epoch 62.0)
EarlyStopping counter: 8 out of 25
[Save Checkpoint] epoch: [62.0], Train: total:10125.52246, BCE:-23.26135, KLD:3382.92920,Test: total:40055.51172, BCE:-23.46311, KLD:13359.65918
=> saved checkpoint 'checkpoints_CNN/mnist_VAE_s10_v25_SE_beta_3/last' (iter 17010, epoch 63.0)
score:  0.0
score:  0.0
=> saved checkpoint 'checkpoint_scores_CNN/mnist_VAE_s10_v25_SE_beta_3/last' (iter 17010, epoch 63.0)
EarlyStopping counter: 9 out of 25
[Save Checkpoint] epoch: [63.0], Train: total:10156.47168, BCE:-23.30623, KLD:3393.26001,Test: total:40181.55859, BCE:-23.52043, KLD:13401.69043
Epoch    64: reducing learning rate of group 0 to 1.6000e-06.
=> saved checkpoint 'checkpoints_CNN/mnist_VAE_s10_v25_SE_beta_3/last' (iter 17280, epoch 64.0)
score:  0.0
score:  0.0
=> saved checkpoint 'checkpoint_scores_CNN/mnist_VAE_s10_v25_SE_beta_3/last' (iter 17280, epoch 64.0)
EarlyStopping counter: 10 out of 25
[Save Checkpoint] epoch: [64.0], Train: total:10156.78613, BCE:-23.30906, KLD:3393.36401,Test: total:40180.00391, BCE:-23.50694, KLD:13401.17090
=> saved checkpoint 'checkpoints_CNN/mnist_VAE_s10_v25_SE_beta_3/last' (iter 17550, epoch 65.0)
score:  0.0
score:  0.0
=> saved checkpoint 'checkpoint_scores_CNN/mnist_VAE_s10_v25_SE_beta_3/last' (iter 17550, epoch 65.0)
EarlyStopping counter: 11 out of 25
[Save Checkpoint] epoch: [65.0], Train: total:10156.46191, BCE:-23.33383, KLD:3393.26343,Test: total:40179.77734, BCE:-23.54501, KLD:13401.10938
=> saved checkpoint 'checkpoints_CNN/mnist_VAE_s10_v25_SE_beta_3/last' (iter 17820, epoch 66.0)
score:  0.0
score:  0.0
=> saved checkpoint 'checkpoint_scores_CNN/mnist_VAE_s10_v25_SE_beta_3/last' (iter 17820, epoch 66.0)
EarlyStopping counter: 12 out of 25
[Save Checkpoint] epoch: [66.0], Train: total:10149.97949, BCE:-23.33598, KLD:3391.10571,Test: total:40154.97656, BCE:-23.55142, KLD:13392.84082
=> saved checkpoint 'checkpoints_CNN/mnist_VAE_s10_v25_SE_beta_3/last' (iter 18090, epoch 67.0)
score:  0.0
score:  0.0
=> saved checkpoint 'checkpoint_scores_CNN/mnist_VAE_s10_v25_SE_beta_3/last' (iter 18090, epoch 67.0)
EarlyStopping counter: 13 out of 25
[Save Checkpoint] epoch: [67.0], Train: total:10151.46582, BCE:-23.32016, KLD:3391.59302,Test: total:40160.26953, BCE:-23.52151, KLD:13394.59668
=> saved checkpoint 'checkpoints_CNN/mnist_VAE_s10_v25_SE_beta_3/last' (iter 18360, epoch 68.0)
score:  0.0
score:  0.0
=> saved checkpoint 'checkpoint_scores_CNN/mnist_VAE_s10_v25_SE_beta_3/last' (iter 18360, epoch 68.0)
EarlyStopping counter: 14 out of 25
[Save Checkpoint] epoch: [68.0], Train: total:10152.62109, BCE:-23.34791, KLD:3391.99097,Test: total:40164.68359, BCE:-23.59430, KLD:13396.09277
Epoch    69: reducing learning rate of group 0 to 1.0000e-06.
=> saved checkpoint 'checkpoints_CNN/mnist_VAE_s10_v25_SE_beta_3/last' (iter 18630, epoch 69.0)
score:  0.0
score:  0.0
=> saved checkpoint 'checkpoint_scores_CNN/mnist_VAE_s10_v25_SE_beta_3/last' (iter 18630, epoch 69.0)
EarlyStopping counter: 15 out of 25
[Save Checkpoint] epoch: [69.0], Train: total:10154.66602, BCE:-23.35193, KLD:3392.67456,Test: total:40172.96094, BCE:-23.57622, KLD:13398.84570
=> saved checkpoint 'checkpoints_CNN/mnist_VAE_s10_v25_SE_beta_3/last' (iter 18900, epoch 70.0)
score:  0.0
score:  0.0
=> saved checkpoint 'checkpoint_scores_CNN/mnist_VAE_s10_v25_SE_beta_3/last' (iter 18900, epoch 70.0)
EarlyStopping counter: 16 out of 25
[Save Checkpoint] epoch: [70.0], Train: total:10156.58789, BCE:-23.34043, KLD:3393.30884,Test: total:40180.50000, BCE:-23.56479, KLD:13401.35449
=> saved checkpoint 'checkpoints_CNN/mnist_VAE_s10_v25_SE_beta_3/last' (iter 19170, epoch 71.0)
score:  0.0
score:  0.0
=> saved checkpoint 'checkpoint_scores_CNN/mnist_VAE_s10_v25_SE_beta_3/last' (iter 19170, epoch 71.0)
EarlyStopping counter: 17 out of 25
[Save Checkpoint] epoch: [71.0], Train: total:10152.82617, BCE:-23.36646, KLD:3392.06348,Test: total:40165.66016, BCE:-23.55684, KLD:13396.40625
=> saved checkpoint 'checkpoints_CNN/mnist_VAE_s10_v25_SE_beta_3/last' (iter 19440, epoch 72.0)
score:  0.0
score:  0.0
=> saved checkpoint 'checkpoint_scores_CNN/mnist_VAE_s10_v25_SE_beta_3/last' (iter 19440, epoch 72.0)
EarlyStopping counter: 18 out of 25
[Save Checkpoint] epoch: [72.0], Train: total:10153.33398, BCE:-23.35172, KLD:3392.22876,Test: total:40168.10156, BCE:-23.57738, KLD:13397.22656
=> saved checkpoint 'checkpoints_CNN/mnist_VAE_s10_v25_SE_beta_3/last' (iter 19710, epoch 73.0)
score:  0.0
score:  0.0
=> saved checkpoint 'checkpoint_scores_CNN/mnist_VAE_s10_v25_SE_beta_3/last' (iter 19710, epoch 73.0)
EarlyStopping counter: 19 out of 25
[Save Checkpoint] epoch: [73.0], Train: total:10150.34570, BCE:-23.35070, KLD:3391.23169,Test: total:40156.21484, BCE:-23.55551, KLD:13393.25684
=> saved checkpoint 'checkpoints_CNN/mnist_VAE_s10_v25_SE_beta_3/last' (iter 19980, epoch 74.0)
score:  0.0
score:  0.0
=> saved checkpoint 'checkpoint_scores_CNN/mnist_VAE_s10_v25_SE_beta_3/last' (iter 19980, epoch 74.0)
EarlyStopping counter: 20 out of 25
[Save Checkpoint] epoch: [74.0], Train: total:10150.90820, BCE:-23.35646, KLD:3391.42236,Test: total:40158.37500, BCE:-23.58342, KLD:13393.98633
=> saved checkpoint 'checkpoints_CNN/mnist_VAE_s10_v25_SE_beta_3/last' (iter 20250, epoch 75.0)
score:  0.0
score:  0.0
=> saved checkpoint 'checkpoint_scores_CNN/mnist_VAE_s10_v25_SE_beta_3/last' (iter 20250, epoch 75.0)
EarlyStopping counter: 21 out of 25
[Save Checkpoint] epoch: [75.0], Train: total:10153.91406, BCE:-23.35529, KLD:3392.42261,Test: total:40170.42188, BCE:-23.56145, KLD:13397.99414
=> saved checkpoint 'checkpoints_CNN/mnist_VAE_s10_v25_SE_beta_3/last' (iter 20520, epoch 76.0)
score:  0.0
score:  0.0
=> saved checkpoint 'checkpoint_scores_CNN/mnist_VAE_s10_v25_SE_beta_3/last' (iter 20520, epoch 76.0)
EarlyStopping counter: 22 out of 25
[Save Checkpoint] epoch: [76.0], Train: total:10155.35156, BCE:-23.34411, KLD:3392.89795,Test: total:40175.39453, BCE:-23.58085, KLD:13399.66113
=> saved checkpoint 'checkpoints_CNN/mnist_VAE_s10_v25_SE_beta_3/last' (iter 20790, epoch 77.0)
score:  0.0
score:  0.0
=> saved checkpoint 'checkpoint_scores_CNN/mnist_VAE_s10_v25_SE_beta_3/last' (iter 20790, epoch 77.0)
EarlyStopping counter: 23 out of 25
[Save Checkpoint] epoch: [77.0], Train: total:10153.79492, BCE:-23.35141, KLD:3392.38281,Test: total:40170.06250, BCE:-23.58635, KLD:13397.88281
=> saved checkpoint 'checkpoints_CNN/mnist_VAE_s10_v25_SE_beta_3/last' (iter 21060, epoch 78.0)
score:  0.0
score:  0.0
=> saved checkpoint 'checkpoint_scores_CNN/mnist_VAE_s10_v25_SE_beta_3/last' (iter 21060, epoch 78.0)
EarlyStopping counter: 24 out of 25
[Save Checkpoint] epoch: [78.0], Train: total:10147.71094, BCE:-23.34156, KLD:3390.34937,Test: total:40144.91797, BCE:-23.60086, KLD:13389.50684
=> saved checkpoint 'checkpoints_CNN/mnist_VAE_s10_v25_SE_beta_3/last' (iter 21330, epoch 79.0)
score:  0.0
score:  0.0
=> saved checkpoint 'checkpoint_scores_CNN/mnist_VAE_s10_v25_SE_beta_3/last' (iter 21330, epoch 79.0)
EarlyStopping counter: 25 out of 25
[Save Checkpoint] epoch: [79.0], Train: total:10155.07812, BCE:-23.34165, KLD:3392.80811,Test: total:40174.41797, BCE:-23.58701, KLD:13399.33789
Early stopping
[Training Finished]
All done !
