93
--gpu_devices 0 --max_iter 100 --batch_size 250 --use_scheduler True --lr 1e-3 --GMP True --z_struct_size 10 --is_VAE True --is_encoder_struct False --lambda_BCE 1 --beta 1 --big_kernel_size 8 --two_conv_layer True --three_conv_layer True --kernel_size_1 4 --kernel_size_2 4 --kernel_size_3 4 --BK_in_first_layer True --BK_in_second_layer False --BK_in_third_layer False --stride_size 1 --hidden_filters_layer1 64 --hidden_filters_layer2 64 --hidden_filters_layer3 64 --dataset_balanced True --binary_z True --binary_first_conv False --binary_second_conv False --binary_third_conv True --z_var_size 5 --z_struct_size 15 --use_small_lr_encoder_var False --encoder_var_name None --encoder_struct_name None --freeze_Encoder False --exp_name mnist_VAE_s15_v5_FS
Namespace(BK_in_first_layer=True, BK_in_second_layer=False, BK_in_third_layer=False, BN=False, C_max=25, C_stop_iter=100000.0, E1_AE=False, E1_VAE=False, E1_conv=False, E1_dense=False, E1_second_conv=False, E1_second_conv_adapt=False, GMP=True, Hmg_dst_loss=False, IPC=False, L1_norm_act=False, L1_norm_weights=False, L3_without_random=False, LOG_DIR='logs', adapt_lr=False, add_classification_layer=True, add_linear_after_GMP=True, add_z_struct_bottleneck=False, alpha=32, batch_size=250, beta=1.0, beta1=0.9, beta2=0.999, big_kernel=False, big_kernel_size=8, binary_chain=False, binary_first_conv=False, binary_second_conv=False, binary_third_conv=True, binary_z=True, both_decoders_freeze=False, ckpt_dir='checkpoints_CNN', ckpt_dir_scores='checkpoint_scores_CNN', classif_layer_size=30, contrastive_loss=False, cuda=True, dataset='mnist', dataset_balanced=True, decoder_first_dense=36, decoder_kernel_size_1=4, decoder_kernel_size_2=3, decoder_kernel_size_3=4, decoder_n_filter_1=64, decoder_n_filter_2=64, decoder_n_filter_3=64, decoder_stride_1=2, decoder_stride_2=2, decoder_stride_3=1, diff_var=False, display_step=10000, dset_dir='data', encoder_struct_name='None', encoder_var_name='None', exp_name='mnist_VAE_s15_v5_FS', freeze_Encoder=False, gamma=1000, gpu_devices=[0], hidden_filters_layer1=64, hidden_filters_layer2=64, hidden_filters_layer3=64, image_size=64, intra_class_variance_loss=False, is_C=True, is_E1=False, is_VAE=True, is_VAE_var=False, is_binary_structural_latent=False, is_custom_model=False, is_custom_model_BK=False, is_default_model=False, is_encoder_struct=False, is_noise_stats=False, is_partial_rand_class=False, is_perturbed_score=False, is_zvar_sim_loss=False, just_train=False, kernel_size=4, kernel_size_1=4, kernel_size_2=4, kernel_size_3=4, lambda_BCE=1.0, lambda_Kl_struct=1, lambda_Kl_var=1, lambda_L1=0.01, lambda_VAE=1, lambda_class=1, lambda_contrastive_loss=1, lambda_distance_mean=1, lambda_hmg_dst=1, lambda_intra_class_var=1, lambda_partial_class=1, lambda_ratio_reg=1, lambda_recon_wt_rand=1, lambda_recons=1, lambda_uniq_code_dst=1, lambda_var_distance=1, lambda_var_inter=1, lambda_var_intra=1, lambda_zvar_sim=1, latent_spec_cont=None, latent_spec_cont_class=None, latent_spec_cont_var=None, latent_spec_disc=None, latent_spec_disc_class=None, latent_spec_disc_var=None, log_level='info', loss='Proxy_Anchor', loss_distance_mean=False, loss_min_distance_cl=False, lr=0.001, max_epoch_use_uniq_code_target=5, max_iter=100.0, model='CNN', mrg=0.1, nb_epochs_train_only_zvar=0, num_workers=2, old_weighted=False, optimizer='adamw', other_architecture=False, other_ratio=False, random_percentage=0.2, random_seed=10, randomness=True, ratio_reg=False, remark='', save_step=10000, second_layer_C=False, seed=1, stride_size=1, sz_embedding=5, three_conv_layer=True, train=True, train_var_struct_alternatively=False, two_conv_layer=True, two_encoder=False, uniq_code_dst_loss=False, use_VAE=False, use_decoder=False, use_early_stopping=True, use_scheduler=True, use_small_lr_encoder_var=False, use_structural_encoder=False, value_target_distance_mean=1, var_hidden_dim=256, var_hidden_filters_1=32, var_hidden_filters_2=32, var_hidden_filters_3=32, var_kernel_size_1=3, var_kernel_size_2=3, var_kernel_size_3=3, var_second_cnn_block=True, var_stride_size_1=1, var_stride_size_2=1, var_stride_size_3=1, var_third_cnn_block=False, var_three_conv_layer=False, warm=1, without_acc=False, z_struct_size=15, z_var_size=5, zeros_W_Classif=False, zvar_sim_change_zvar=False, zvar_sim_loss_for_all_model=False, zvar_sim_loss_only_for_encoder=False, zvar_sim_normal=False, zvar_sim_var_rand=False)
CUDA Visible devices !
[Using Seed: 10]
Balanced dataset loaded
VAE doesn't exist, create VAE and train it from scratch ! good luck !
use 1 gpu who named: Tesla V100-SXM2-32GB
VAE(
  (encoder_struct): Sequential(
    (0): Conv2d(1, 64, kernel_size=(8, 8), stride=(1, 1))
    (1): BatchNorm2d(64, eps=1e-05, momentum=0.1, affine=True, track_running_stats=True)
    (2): ReLU(inplace=True)
    (3): Conv2d(64, 64, kernel_size=(4, 4), stride=(1, 1))
    (4): BatchNorm2d(64, eps=1e-05, momentum=0.1, affine=True, track_running_stats=True)
    (5): ReLU(inplace=True)
    (6): Conv2d(64, 15, kernel_size=(4, 4), stride=(1, 1))
    (7): BatchNorm2d(15, eps=1e-05, momentum=0.1, affine=True, track_running_stats=True)
    (8): DeterministicBinaryActivation(
      (act): Hardsigmoid(
        (act): Hardtanh(min_val=-1.0, max_val=1.0)
      )
    )
    (9): AdaptiveMaxPool2d(output_size=(1, 1))
    (10): View()
  )
  (encoder_var): Sequential(
    (0): Conv2d(1, 32, kernel_size=(3, 3), stride=(1, 1))
    (1): ReLU(inplace=True)
    (2): BatchNorm2d(32, eps=1e-05, momentum=0.1, affine=True, track_running_stats=True)
    (3): Conv2d(32, 32, kernel_size=(3, 3), stride=(1, 1))
    (4): ReLU(inplace=True)
    (5): BatchNorm2d(32, eps=1e-05, momentum=0.1, affine=True, track_running_stats=True)
    (6): Conv2d(32, 32, kernel_size=(5, 5), stride=(2, 2), padding=(2, 2))
    (7): ReLU(inplace=True)
    (8): BatchNorm2d(32, eps=1e-05, momentum=0.1, affine=True, track_running_stats=True)
    (9): Dropout(p=0.4, inplace=False)
    (10): Conv2d(32, 64, kernel_size=(3, 3), stride=(1, 1))
    (11): ReLU(inplace=True)
    (12): BatchNorm2d(64, eps=1e-05, momentum=0.1, affine=True, track_running_stats=True)
    (13): Conv2d(64, 64, kernel_size=(3, 3), stride=(1, 1))
    (14): ReLU(inplace=True)
    (15): BatchNorm2d(64, eps=1e-05, momentum=0.1, affine=True, track_running_stats=True)
    (16): Conv2d(64, 64, kernel_size=(5, 5), stride=(2, 2), padding=(2, 2))
    (17): ReLU(inplace=True)
    (18): BatchNorm2d(64, eps=1e-05, momentum=0.1, affine=True, track_running_stats=True)
    (19): Dropout(p=0.4, inplace=False)
    (20): View()
    (21): Linear(in_features=1600, out_features=10, bias=True)
  )
  (decoder): Sequential(
    (0): Linear(in_features=20, out_features=1600, bias=True)
    (1): ReLU(inplace=True)
    (2): View()
    (3): ConvTranspose2d(64, 64, kernel_size=(4, 4), stride=(2, 2), padding=(1, 1))
    (4): ReLU(inplace=True)
    (5): ConvTranspose2d(64, 64, kernel_size=(3, 3), stride=(1, 1))
    (6): ReLU(inplace=True)
    (7): ConvTranspose2d(64, 32, kernel_size=(3, 3), stride=(1, 1))
    (8): ReLU(inplace=True)
    (9): ConvTranspose2d(32, 32, kernel_size=(4, 4), stride=(2, 2), padding=(1, 1))
    (10): ReLU(inplace=True)
    (11): ConvTranspose2d(32, 32, kernel_size=(3, 3), stride=(1, 1))
    (12): ReLU(inplace=True)
    (13): ConvTranspose2d(32, 1, kernel_size=(3, 3), stride=(1, 1))
    (14): Sigmoid()
  )
)
The number of parameters of model is 475640
=> saved checkpoint 'checkpoints_CNN/mnist_VAE_s15_v5_FS/last' (iter 270, epoch 1.0)
=> saved checkpoint 'checkpoint_scores_CNN/mnist_VAE_s15_v5_FS/last' (iter 270, epoch 1.0)
[Save Checkpoint] epoch: [1.0], Train: total:3889.94946, BCE:-7.97316, KLD:3897.92163,Test: total:15707.46387, BCE:-8.03647, KLD:15715.50000
=> saved checkpoint 'checkpoints_CNN/mnist_VAE_s15_v5_FS/last' (iter 540, epoch 2.0)
=> saved checkpoint 'checkpoint_scores_CNN/mnist_VAE_s15_v5_FS/last' (iter 540, epoch 2.0)
[Save Checkpoint] epoch: [2.0], Train: total:3480.07251, BCE:-8.94813, KLD:3489.01953,Test: total:13952.30957, BCE:-8.99641, KLD:13961.30664
=> saved checkpoint 'checkpoints_CNN/mnist_VAE_s15_v5_FS/last' (iter 810, epoch 3.0)
=> saved checkpoint 'checkpoint_scores_CNN/mnist_VAE_s15_v5_FS/last' (iter 810, epoch 3.0)
[Save Checkpoint] epoch: [3.0], Train: total:3392.48779, BCE:-8.78870, KLD:3401.27905,Test: total:13542.04199, BCE:-8.82518, KLD:13550.86914
=> saved checkpoint 'checkpoints_CNN/mnist_VAE_s15_v5_FS/last' (iter 1080, epoch 4.0)
=> saved checkpoint 'checkpoint_scores_CNN/mnist_VAE_s15_v5_FS/last' (iter 1080, epoch 4.0)
[Save Checkpoint] epoch: [4.0], Train: total:3439.55225, BCE:-9.40663, KLD:3448.95776,Test: total:13682.56250, BCE:-9.40477, KLD:13691.96777
=> saved checkpoint 'checkpoints_CNN/mnist_VAE_s15_v5_FS/last' (iter 1350, epoch 5.0)
=> saved checkpoint 'checkpoint_scores_CNN/mnist_VAE_s15_v5_FS/last' (iter 1350, epoch 5.0)
[Save Checkpoint] epoch: [5.0], Train: total:3411.91724, BCE:-9.25515, KLD:3421.17310,Test: total:13568.88965, BCE:-9.25643, KLD:13578.14551
=> saved checkpoint 'checkpoints_CNN/mnist_VAE_s15_v5_FS/last' (iter 1620, epoch 6.0)
=> saved checkpoint 'checkpoint_scores_CNN/mnist_VAE_s15_v5_FS/last' (iter 1620, epoch 6.0)
[Save Checkpoint] epoch: [6.0], Train: total:3455.97510, BCE:-9.03059, KLD:3465.00513,Test: total:13739.37207, BCE:-9.04657, KLD:13748.41895
=> saved checkpoint 'checkpoints_CNN/mnist_VAE_s15_v5_FS/last' (iter 1890, epoch 7.0)
=> saved checkpoint 'checkpoint_scores_CNN/mnist_VAE_s15_v5_FS/last' (iter 1890, epoch 7.0)
[Save Checkpoint] epoch: [7.0], Train: total:3353.16309, BCE:-9.95345, KLD:3363.11572,Test: total:13339.40625, BCE:-9.96683, KLD:13349.37207
=> saved checkpoint 'checkpoints_CNN/mnist_VAE_s15_v5_FS/last' (iter 2160, epoch 8.0)
=> saved checkpoint 'checkpoint_scores_CNN/mnist_VAE_s15_v5_FS/last' (iter 2160, epoch 8.0)
[Save Checkpoint] epoch: [8.0], Train: total:3388.49585, BCE:-9.78084, KLD:3398.27759,Test: total:13485.78027, BCE:-9.79923, KLD:13495.57812
=> saved checkpoint 'checkpoints_CNN/mnist_VAE_s15_v5_FS/last' (iter 2430, epoch 9.0)
=> saved checkpoint 'checkpoint_scores_CNN/mnist_VAE_s15_v5_FS/last' (iter 2430, epoch 9.0)
[Save Checkpoint] epoch: [9.0], Train: total:3364.63843, BCE:-10.14857, KLD:3374.78662,Test: total:13390.23633, BCE:-10.18291, KLD:13400.41895
=> saved checkpoint 'checkpoints_CNN/mnist_VAE_s15_v5_FS/last' (iter 2700, epoch 10.0)
=> saved checkpoint 'checkpoint_scores_CNN/mnist_VAE_s15_v5_FS/last' (iter 2700, epoch 10.0)
EarlyStopping counter: 1 out of 25
[Save Checkpoint] epoch: [10.0], Train: total:3298.93018, BCE:-10.53636, KLD:3309.46680,Test: total:13123.38184, BCE:-10.58096, KLD:13133.96387
=> saved checkpoint 'checkpoints_CNN/mnist_VAE_s15_v5_FS/last' (iter 2970, epoch 11.0)
=> saved checkpoint 'checkpoint_scores_CNN/mnist_VAE_s15_v5_FS/last' (iter 2970, epoch 11.0)
[Save Checkpoint] epoch: [11.0], Train: total:3294.14404, BCE:-11.49155, KLD:3305.63745,Test: total:13115.73730, BCE:-11.56447, KLD:13127.30371
=> saved checkpoint 'checkpoints_CNN/mnist_VAE_s15_v5_FS/last' (iter 3240, epoch 12.0)
=> saved checkpoint 'checkpoint_scores_CNN/mnist_VAE_s15_v5_FS/last' (iter 3240, epoch 12.0)
[Save Checkpoint] epoch: [12.0], Train: total:3286.84204, BCE:-11.24032, KLD:3298.08154,Test: total:13062.33105, BCE:-11.31317, KLD:13073.64258
=> saved checkpoint 'checkpoints_CNN/mnist_VAE_s15_v5_FS/last' (iter 3510, epoch 13.0)
=> saved checkpoint 'checkpoint_scores_CNN/mnist_VAE_s15_v5_FS/last' (iter 3510, epoch 13.0)
[Save Checkpoint] epoch: [13.0], Train: total:3333.47266, BCE:-11.46129, KLD:3344.93433,Test: total:13258.40918, BCE:-11.55273, KLD:13269.96387
=> saved checkpoint 'checkpoints_CNN/mnist_VAE_s15_v5_FS/last' (iter 3780, epoch 14.0)
=> saved checkpoint 'checkpoint_scores_CNN/mnist_VAE_s15_v5_FS/last' (iter 3780, epoch 14.0)
[Save Checkpoint] epoch: [14.0], Train: total:3240.38232, BCE:-12.54709, KLD:3252.92993,Test: total:12888.11523, BCE:-12.65668, KLD:12900.77148
=> saved checkpoint 'checkpoints_CNN/mnist_VAE_s15_v5_FS/last' (iter 4050, epoch 15.0)
=> saved checkpoint 'checkpoint_scores_CNN/mnist_VAE_s15_v5_FS/last' (iter 4050, epoch 15.0)
EarlyStopping counter: 1 out of 25
[Save Checkpoint] epoch: [15.0], Train: total:3319.09985, BCE:-12.67331, KLD:3331.77246,Test: total:13205.54395, BCE:-12.80582, KLD:13218.35156
=> saved checkpoint 'checkpoints_CNN/mnist_VAE_s15_v5_FS/last' (iter 4320, epoch 16.0)
=> saved checkpoint 'checkpoint_scores_CNN/mnist_VAE_s15_v5_FS/last' (iter 4320, epoch 16.0)
[Save Checkpoint] epoch: [16.0], Train: total:3338.81958, BCE:-13.21783, KLD:3352.03711,Test: total:13282.65039, BCE:-13.36372, KLD:13296.01465
=> saved checkpoint 'checkpoints_CNN/mnist_VAE_s15_v5_FS/last' (iter 4590, epoch 17.0)
=> saved checkpoint 'checkpoint_scores_CNN/mnist_VAE_s15_v5_FS/last' (iter 4590, epoch 17.0)
[Save Checkpoint] epoch: [17.0], Train: total:3378.87769, BCE:-13.64223, KLD:3392.52002,Test: total:13448.67188, BCE:-13.80391, KLD:13462.47656
=> saved checkpoint 'checkpoints_CNN/mnist_VAE_s15_v5_FS/last' (iter 4860, epoch 18.0)
=> saved checkpoint 'checkpoint_scores_CNN/mnist_VAE_s15_v5_FS/last' (iter 4860, epoch 18.0)
EarlyStopping counter: 1 out of 25
[Save Checkpoint] epoch: [18.0], Train: total:3290.49780, BCE:-14.21233, KLD:3304.71167,Test: total:13094.83008, BCE:-14.41325, KLD:13109.24512
=> saved checkpoint 'checkpoints_CNN/mnist_VAE_s15_v5_FS/last' (iter 5130, epoch 19.0)
=> saved checkpoint 'checkpoint_scores_CNN/mnist_VAE_s15_v5_FS/last' (iter 5130, epoch 19.0)
EarlyStopping counter: 2 out of 25
[Save Checkpoint] epoch: [19.0], Train: total:3249.20972, BCE:-15.01472, KLD:3264.22559,Test: total:12939.51855, BCE:-15.24196, KLD:12954.76074
=> saved checkpoint 'checkpoints_CNN/mnist_VAE_s15_v5_FS/last' (iter 5400, epoch 20.0)
=> saved checkpoint 'checkpoint_scores_CNN/mnist_VAE_s15_v5_FS/last' (iter 5400, epoch 20.0)
[Save Checkpoint] epoch: [20.0], Train: total:3293.99048, BCE:-15.41362, KLD:3309.40234,Test: total:13099.87793, BCE:-15.62703, KLD:13115.50684
=> saved checkpoint 'checkpoints_CNN/mnist_VAE_s15_v5_FS/last' (iter 5670, epoch 21.0)
=> saved checkpoint 'checkpoint_scores_CNN/mnist_VAE_s15_v5_FS/last' (iter 5670, epoch 21.0)
[Save Checkpoint] epoch: [21.0], Train: total:3275.34180, BCE:-16.02953, KLD:3291.37280,Test: total:13038.42188, BCE:-16.24259, KLD:13054.66406
=> saved checkpoint 'checkpoints_CNN/mnist_VAE_s15_v5_FS/last' (iter 5940, epoch 22.0)
=> saved checkpoint 'checkpoint_scores_CNN/mnist_VAE_s15_v5_FS/last' (iter 5940, epoch 22.0)
EarlyStopping counter: 1 out of 25
[Save Checkpoint] epoch: [22.0], Train: total:3273.14355, BCE:-16.00753, KLD:3289.15137,Test: total:13042.07129, BCE:-16.26485, KLD:13058.33594
=> saved checkpoint 'checkpoints_CNN/mnist_VAE_s15_v5_FS/last' (iter 6210, epoch 23.0)
=> saved checkpoint 'checkpoint_scores_CNN/mnist_VAE_s15_v5_FS/last' (iter 6210, epoch 23.0)
[Save Checkpoint] epoch: [23.0], Train: total:3250.53271, BCE:-16.81621, KLD:3267.34888,Test: total:12948.70898, BCE:-17.06614, KLD:12965.77539
=> saved checkpoint 'checkpoints_CNN/mnist_VAE_s15_v5_FS/last' (iter 6480, epoch 24.0)
=> saved checkpoint 'checkpoint_scores_CNN/mnist_VAE_s15_v5_FS/last' (iter 6480, epoch 24.0)
EarlyStopping counter: 1 out of 25
[Save Checkpoint] epoch: [24.0], Train: total:3241.01221, BCE:-16.68895, KLD:3257.69922,Test: total:12909.05469, BCE:-16.95334, KLD:12926.00781
=> saved checkpoint 'checkpoints_CNN/mnist_VAE_s15_v5_FS/last' (iter 6750, epoch 25.0)
=> saved checkpoint 'checkpoint_scores_CNN/mnist_VAE_s15_v5_FS/last' (iter 6750, epoch 25.0)
[Save Checkpoint] epoch: [25.0], Train: total:3281.94287, BCE:-17.93497, KLD:3299.87964,Test: total:13068.69727, BCE:-18.23607, KLD:13086.93262
=> saved checkpoint 'checkpoints_CNN/mnist_VAE_s15_v5_FS/last' (iter 7020, epoch 26.0)
=> saved checkpoint 'checkpoint_scores_CNN/mnist_VAE_s15_v5_FS/last' (iter 7020, epoch 26.0)
[Save Checkpoint] epoch: [26.0], Train: total:3267.47729, BCE:-17.67629, KLD:3285.15430,Test: total:13018.71191, BCE:-17.96464, KLD:13036.67578
=> saved checkpoint 'checkpoints_CNN/mnist_VAE_s15_v5_FS/last' (iter 7290, epoch 27.0)
=> saved checkpoint 'checkpoint_scores_CNN/mnist_VAE_s15_v5_FS/last' (iter 7290, epoch 27.0)
EarlyStopping counter: 1 out of 25
[Save Checkpoint] epoch: [27.0], Train: total:3275.20825, BCE:-17.70158, KLD:3292.91187,Test: total:13040.12793, BCE:-17.98676, KLD:13058.11621
=> saved checkpoint 'checkpoints_CNN/mnist_VAE_s15_v5_FS/last' (iter 7560, epoch 28.0)
=> saved checkpoint 'checkpoint_scores_CNN/mnist_VAE_s15_v5_FS/last' (iter 7560, epoch 28.0)
[Save Checkpoint] epoch: [28.0], Train: total:3246.95508, BCE:-18.40453, KLD:3265.36084,Test: total:12939.81738, BCE:-18.69516, KLD:12958.51172
=> saved checkpoint 'checkpoints_CNN/mnist_VAE_s15_v5_FS/last' (iter 7830, epoch 29.0)
=> saved checkpoint 'checkpoint_scores_CNN/mnist_VAE_s15_v5_FS/last' (iter 7830, epoch 29.0)
[Save Checkpoint] epoch: [29.0], Train: total:3265.97290, BCE:-18.37525, KLD:3284.34668,Test: total:13000.89160, BCE:-18.68268, KLD:13019.57422
=> saved checkpoint 'checkpoints_CNN/mnist_VAE_s15_v5_FS/last' (iter 8100, epoch 30.0)
=> saved checkpoint 'checkpoint_scores_CNN/mnist_VAE_s15_v5_FS/last' (iter 8100, epoch 30.0)
[Save Checkpoint] epoch: [30.0], Train: total:3249.97144, BCE:-19.16223, KLD:3269.13599,Test: total:12939.61230, BCE:-19.46510, KLD:12959.07715
=> saved checkpoint 'checkpoints_CNN/mnist_VAE_s15_v5_FS/last' (iter 8370, epoch 31.0)
=> saved checkpoint 'checkpoint_scores_CNN/mnist_VAE_s15_v5_FS/last' (iter 8370, epoch 31.0)
EarlyStopping counter: 1 out of 25
[Save Checkpoint] epoch: [31.0], Train: total:3261.73193, BCE:-19.32721, KLD:3281.05933,Test: total:12996.57910, BCE:-19.60597, KLD:13016.18457
=> saved checkpoint 'checkpoints_CNN/mnist_VAE_s15_v5_FS/last' (iter 8640, epoch 32.0)
=> saved checkpoint 'checkpoint_scores_CNN/mnist_VAE_s15_v5_FS/last' (iter 8640, epoch 32.0)
EarlyStopping counter: 2 out of 25
[Save Checkpoint] epoch: [32.0], Train: total:3215.18872, BCE:-19.28330, KLD:3234.47168,Test: total:12796.75684, BCE:-19.56103, KLD:12816.31738
=> saved checkpoint 'checkpoints_CNN/mnist_VAE_s15_v5_FS/last' (iter 8910, epoch 33.0)
=> saved checkpoint 'checkpoint_scores_CNN/mnist_VAE_s15_v5_FS/last' (iter 8910, epoch 33.0)
EarlyStopping counter: 3 out of 25
[Save Checkpoint] epoch: [33.0], Train: total:3213.40552, BCE:-18.50183, KLD:3231.90894,Test: total:12803.60938, BCE:-18.78370, KLD:12822.39355
=> saved checkpoint 'checkpoints_CNN/mnist_VAE_s15_v5_FS/last' (iter 9180, epoch 34.0)
=> saved checkpoint 'checkpoint_scores_CNN/mnist_VAE_s15_v5_FS/last' (iter 9180, epoch 34.0)
EarlyStopping counter: 4 out of 25
[Save Checkpoint] epoch: [34.0], Train: total:3264.82544, BCE:-19.48753, KLD:3284.31128,Test: total:13009.81152, BCE:-19.77187, KLD:13029.58496
=> saved checkpoint 'checkpoints_CNN/mnist_VAE_s15_v5_FS/last' (iter 9450, epoch 35.0)
=> saved checkpoint 'checkpoint_scores_CNN/mnist_VAE_s15_v5_FS/last' (iter 9450, epoch 35.0)
[Save Checkpoint] epoch: [35.0], Train: total:3280.94800, BCE:-19.47453, KLD:3300.42139,Test: total:13060.00293, BCE:-19.73055, KLD:13079.73340
=> saved checkpoint 'checkpoints_CNN/mnist_VAE_s15_v5_FS/last' (iter 9720, epoch 36.0)
=> saved checkpoint 'checkpoint_scores_CNN/mnist_VAE_s15_v5_FS/last' (iter 9720, epoch 36.0)
EarlyStopping counter: 1 out of 25
[Save Checkpoint] epoch: [36.0], Train: total:3249.90625, BCE:-19.22146, KLD:3269.12964,Test: total:12948.67480, BCE:-19.51540, KLD:12968.18945
=> saved checkpoint 'checkpoints_CNN/mnist_VAE_s15_v5_FS/last' (iter 9990, epoch 37.0)
=> saved checkpoint 'checkpoint_scores_CNN/mnist_VAE_s15_v5_FS/last' (iter 9990, epoch 37.0)
[Save Checkpoint] epoch: [37.0], Train: total:3219.82495, BCE:-19.99860, KLD:3239.82275,Test: total:12827.66406, BCE:-20.23532, KLD:12847.89941
=> saved checkpoint 'checkpoints_CNN/mnist_VAE_s15_v5_FS/last' (iter 10260, epoch 38.0)
=> saved checkpoint 'checkpoint_scores_CNN/mnist_VAE_s15_v5_FS/last' (iter 10260, epoch 38.0)
[Save Checkpoint] epoch: [38.0], Train: total:3273.32544, BCE:-20.36035, KLD:3293.68555,Test: total:13048.53125, BCE:-20.61052, KLD:13069.14062
=> saved checkpoint 'checkpoints_CNN/mnist_VAE_s15_v5_FS/last' (iter 10530, epoch 39.0)
=> saved checkpoint 'checkpoint_scores_CNN/mnist_VAE_s15_v5_FS/last' (iter 10530, epoch 39.0)
EarlyStopping counter: 1 out of 25
[Save Checkpoint] epoch: [39.0], Train: total:3275.50708, BCE:-20.23323, KLD:3295.74097,Test: total:13050.40527, BCE:-20.47219, KLD:13070.87695
=> saved checkpoint 'checkpoints_CNN/mnist_VAE_s15_v5_FS/last' (iter 10800, epoch 40.0)
=> saved checkpoint 'checkpoint_scores_CNN/mnist_VAE_s15_v5_FS/last' (iter 10800, epoch 40.0)
EarlyStopping counter: 2 out of 25
[Save Checkpoint] epoch: [40.0], Train: total:3279.84058, BCE:-20.34038, KLD:3300.18115,Test: total:13075.98535, BCE:-20.58480, KLD:13096.57129
=> saved checkpoint 'checkpoints_CNN/mnist_VAE_s15_v5_FS/last' (iter 11070, epoch 41.0)
=> saved checkpoint 'checkpoint_scores_CNN/mnist_VAE_s15_v5_FS/last' (iter 11070, epoch 41.0)
EarlyStopping counter: 3 out of 25
[Save Checkpoint] epoch: [41.0], Train: total:3307.46533, BCE:-20.76707, KLD:3328.23291,Test: total:13179.85645, BCE:-20.98877, KLD:13200.84570
=> saved checkpoint 'checkpoints_CNN/mnist_VAE_s15_v5_FS/last' (iter 11340, epoch 42.0)
=> saved checkpoint 'checkpoint_scores_CNN/mnist_VAE_s15_v5_FS/last' (iter 11340, epoch 42.0)
EarlyStopping counter: 4 out of 25
[Save Checkpoint] epoch: [42.0], Train: total:3220.89233, BCE:-21.33891, KLD:3242.22876,Test: total:12843.57031, BCE:-21.57319, KLD:12865.14355
Epoch    43: reducing learning rate of group 0 to 2.0000e-04.
=> saved checkpoint 'checkpoints_CNN/mnist_VAE_s15_v5_FS/last' (iter 11610, epoch 43.0)
=> saved checkpoint 'checkpoint_scores_CNN/mnist_VAE_s15_v5_FS/last' (iter 11610, epoch 43.0)
EarlyStopping counter: 5 out of 25
[Save Checkpoint] epoch: [43.0], Train: total:3270.79150, BCE:-21.05225, KLD:3291.84204,Test: total:13036.37012, BCE:-21.27570, KLD:13057.64551
=> saved checkpoint 'checkpoints_CNN/mnist_VAE_s15_v5_FS/last' (iter 11880, epoch 44.0)
=> saved checkpoint 'checkpoint_scores_CNN/mnist_VAE_s15_v5_FS/last' (iter 11880, epoch 44.0)
[Save Checkpoint] epoch: [44.0], Train: total:3256.64575, BCE:-21.27281, KLD:3277.91797,Test: total:12976.53320, BCE:-21.48474, KLD:12998.01758
=> saved checkpoint 'checkpoints_CNN/mnist_VAE_s15_v5_FS/last' (iter 12150, epoch 45.0)
=> saved checkpoint 'checkpoint_scores_CNN/mnist_VAE_s15_v5_FS/last' (iter 12150, epoch 45.0)
[Save Checkpoint] epoch: [45.0], Train: total:3251.62720, BCE:-21.19725, KLD:3272.82544,Test: total:12958.32812, BCE:-21.42206, KLD:12979.75195
=> saved checkpoint 'checkpoints_CNN/mnist_VAE_s15_v5_FS/last' (iter 12420, epoch 46.0)
=> saved checkpoint 'checkpoint_scores_CNN/mnist_VAE_s15_v5_FS/last' (iter 12420, epoch 46.0)
[Save Checkpoint] epoch: [46.0], Train: total:3262.69849, BCE:-21.38168, KLD:3284.07910,Test: total:13001.63965, BCE:-21.59623, KLD:13023.23730
=> saved checkpoint 'checkpoints_CNN/mnist_VAE_s15_v5_FS/last' (iter 12690, epoch 47.0)
=> saved checkpoint 'checkpoint_scores_CNN/mnist_VAE_s15_v5_FS/last' (iter 12690, epoch 47.0)
EarlyStopping counter: 1 out of 25
[Save Checkpoint] epoch: [47.0], Train: total:3257.32910, BCE:-21.17290, KLD:3278.50171,Test: total:12988.38184, BCE:-21.38434, KLD:13009.76465
=> saved checkpoint 'checkpoints_CNN/mnist_VAE_s15_v5_FS/last' (iter 12960, epoch 48.0)
=> saved checkpoint 'checkpoint_scores_CNN/mnist_VAE_s15_v5_FS/last' (iter 12960, epoch 48.0)
EarlyStopping counter: 2 out of 25
[Save Checkpoint] epoch: [48.0], Train: total:3256.78320, BCE:-21.09389, KLD:3277.87622,Test: total:12981.71582, BCE:-21.29651, KLD:13003.01172
=> saved checkpoint 'checkpoints_CNN/mnist_VAE_s15_v5_FS/last' (iter 13230, epoch 49.0)
=> saved checkpoint 'checkpoint_scores_CNN/mnist_VAE_s15_v5_FS/last' (iter 13230, epoch 49.0)
EarlyStopping counter: 3 out of 25
[Save Checkpoint] epoch: [49.0], Train: total:3277.32153, BCE:-21.05372, KLD:3298.37451,Test: total:13062.32812, BCE:-21.26318, KLD:13083.59082
=> saved checkpoint 'checkpoints_CNN/mnist_VAE_s15_v5_FS/last' (iter 13500, epoch 50.0)
=> saved checkpoint 'checkpoint_scores_CNN/mnist_VAE_s15_v5_FS/last' (iter 13500, epoch 50.0)
EarlyStopping counter: 4 out of 25
[Save Checkpoint] epoch: [50.0], Train: total:3266.87891, BCE:-21.17299, KLD:3288.05127,Test: total:13020.45117, BCE:-21.36854, KLD:13041.82031
=> saved checkpoint 'checkpoints_CNN/mnist_VAE_s15_v5_FS/last' (iter 13770, epoch 51.0)
=> saved checkpoint 'checkpoint_scores_CNN/mnist_VAE_s15_v5_FS/last' (iter 13770, epoch 51.0)
[Save Checkpoint] epoch: [51.0], Train: total:3256.05591, BCE:-21.33728, KLD:3277.39355,Test: total:12979.53613, BCE:-21.54324, KLD:13001.08105
=> saved checkpoint 'checkpoints_CNN/mnist_VAE_s15_v5_FS/last' (iter 14040, epoch 52.0)
=> saved checkpoint 'checkpoint_scores_CNN/mnist_VAE_s15_v5_FS/last' (iter 14040, epoch 52.0)
EarlyStopping counter: 1 out of 25
[Save Checkpoint] epoch: [52.0], Train: total:3267.86646, BCE:-21.19730, KLD:3289.06421,Test: total:13023.91016, BCE:-21.37269, KLD:13045.28320
=> saved checkpoint 'checkpoints_CNN/mnist_VAE_s15_v5_FS/last' (iter 14310, epoch 53.0)
=> saved checkpoint 'checkpoint_scores_CNN/mnist_VAE_s15_v5_FS/last' (iter 14310, epoch 53.0)
EarlyStopping counter: 2 out of 25
[Save Checkpoint] epoch: [53.0], Train: total:3273.91455, BCE:-21.20036, KLD:3295.11475,Test: total:13052.24902, BCE:-21.38080, KLD:13073.62988
=> saved checkpoint 'checkpoints_CNN/mnist_VAE_s15_v5_FS/last' (iter 14580, epoch 54.0)
=> saved checkpoint 'checkpoint_scores_CNN/mnist_VAE_s15_v5_FS/last' (iter 14580, epoch 54.0)
EarlyStopping counter: 3 out of 25
[Save Checkpoint] epoch: [54.0], Train: total:3259.92261, BCE:-21.32466, KLD:3281.24829,Test: total:12993.95215, BCE:-21.52942, KLD:13015.48047
=> saved checkpoint 'checkpoints_CNN/mnist_VAE_s15_v5_FS/last' (iter 14850, epoch 55.0)
=> saved checkpoint 'checkpoint_scores_CNN/mnist_VAE_s15_v5_FS/last' (iter 14850, epoch 55.0)
EarlyStopping counter: 4 out of 25
[Save Checkpoint] epoch: [55.0], Train: total:3274.30664, BCE:-20.96305, KLD:3295.27026,Test: total:13047.94336, BCE:-21.14035, KLD:13069.08496
Epoch    56: reducing learning rate of group 0 to 4.0000e-05.
=> saved checkpoint 'checkpoints_CNN/mnist_VAE_s15_v5_FS/last' (iter 15120, epoch 56.0)
=> saved checkpoint 'checkpoint_scores_CNN/mnist_VAE_s15_v5_FS/last' (iter 15120, epoch 56.0)
EarlyStopping counter: 5 out of 25
[Save Checkpoint] epoch: [56.0], Train: total:3287.93628, BCE:-21.32674, KLD:3309.26245,Test: total:13103.92188, BCE:-21.49196, KLD:13125.41406
=> saved checkpoint 'checkpoints_CNN/mnist_VAE_s15_v5_FS/last' (iter 15390, epoch 57.0)
=> saved checkpoint 'checkpoint_scores_CNN/mnist_VAE_s15_v5_FS/last' (iter 15390, epoch 57.0)
[Save Checkpoint] epoch: [57.0], Train: total:3259.22925, BCE:-21.41861, KLD:3280.64771,Test: total:12990.77246, BCE:-21.58573, KLD:13012.35742
=> saved checkpoint 'checkpoints_CNN/mnist_VAE_s15_v5_FS/last' (iter 15660, epoch 58.0)
=> saved checkpoint 'checkpoint_scores_CNN/mnist_VAE_s15_v5_FS/last' (iter 15660, epoch 58.0)
[Save Checkpoint] epoch: [58.0], Train: total:3253.92480, BCE:-21.28684, KLD:3275.21118,Test: total:12967.99805, BCE:-21.45435, KLD:12989.45312
=> saved checkpoint 'checkpoints_CNN/mnist_VAE_s15_v5_FS/last' (iter 15930, epoch 59.0)
=> saved checkpoint 'checkpoint_scores_CNN/mnist_VAE_s15_v5_FS/last' (iter 15930, epoch 59.0)
[Save Checkpoint] epoch: [59.0], Train: total:3259.43457, BCE:-21.47400, KLD:3280.90674,Test: total:12990.75195, BCE:-21.64244, KLD:13012.39258
=> saved checkpoint 'checkpoints_CNN/mnist_VAE_s15_v5_FS/last' (iter 16200, epoch 60.0)
=> saved checkpoint 'checkpoint_scores_CNN/mnist_VAE_s15_v5_FS/last' (iter 16200, epoch 60.0)
[Save Checkpoint] epoch: [60.0], Train: total:3254.67334, BCE:-21.39048, KLD:3276.06543,Test: total:12972.26074, BCE:-21.55467, KLD:12993.81445
=> saved checkpoint 'checkpoints_CNN/mnist_VAE_s15_v5_FS/last' (iter 16470, epoch 61.0)
=> saved checkpoint 'checkpoint_scores_CNN/mnist_VAE_s15_v5_FS/last' (iter 16470, epoch 61.0)
EarlyStopping counter: 1 out of 25
[Save Checkpoint] epoch: [61.0], Train: total:3255.41895, BCE:-21.43606, KLD:3276.85522,Test: total:12977.35938, BCE:-21.59383, KLD:12998.95215
=> saved checkpoint 'checkpoints_CNN/mnist_VAE_s15_v5_FS/last' (iter 16740, epoch 62.0)
=> saved checkpoint 'checkpoint_scores_CNN/mnist_VAE_s15_v5_FS/last' (iter 16740, epoch 62.0)
EarlyStopping counter: 2 out of 25
[Save Checkpoint] epoch: [62.0], Train: total:3258.23193, BCE:-21.41820, KLD:3279.64966,Test: total:12987.09277, BCE:-21.58158, KLD:13008.67480
=> saved checkpoint 'checkpoints_CNN/mnist_VAE_s15_v5_FS/last' (iter 17010, epoch 63.0)
=> saved checkpoint 'checkpoint_scores_CNN/mnist_VAE_s15_v5_FS/last' (iter 17010, epoch 63.0)
EarlyStopping counter: 3 out of 25
[Save Checkpoint] epoch: [63.0], Train: total:3259.77344, BCE:-21.43978, KLD:3281.21436,Test: total:12993.09277, BCE:-21.60834, KLD:13014.70215
Epoch    64: reducing learning rate of group 0 to 8.0000e-06.
=> saved checkpoint 'checkpoints_CNN/mnist_VAE_s15_v5_FS/last' (iter 17280, epoch 64.0)
=> saved checkpoint 'checkpoint_scores_CNN/mnist_VAE_s15_v5_FS/last' (iter 17280, epoch 64.0)
EarlyStopping counter: 4 out of 25
[Save Checkpoint] epoch: [64.0], Train: total:3262.58423, BCE:-21.36320, KLD:3283.94678,Test: total:13004.59473, BCE:-21.52340, KLD:13026.11719
=> saved checkpoint 'checkpoints_CNN/mnist_VAE_s15_v5_FS/last' (iter 17550, epoch 65.0)
=> saved checkpoint 'checkpoint_scores_CNN/mnist_VAE_s15_v5_FS/last' (iter 17550, epoch 65.0)
[Save Checkpoint] epoch: [65.0], Train: total:3263.50806, BCE:-21.30473, KLD:3284.81323,Test: total:13007.58887, BCE:-21.46696, KLD:13029.05664
=> saved checkpoint 'checkpoints_CNN/mnist_VAE_s15_v5_FS/last' (iter 17820, epoch 66.0)
=> saved checkpoint 'checkpoint_scores_CNN/mnist_VAE_s15_v5_FS/last' (iter 17820, epoch 66.0)
EarlyStopping counter: 1 out of 25
[Save Checkpoint] epoch: [66.0], Train: total:3262.54370, BCE:-21.31413, KLD:3283.85815,Test: total:13003.84375, BCE:-21.47390, KLD:13025.31934
=> saved checkpoint 'checkpoints_CNN/mnist_VAE_s15_v5_FS/last' (iter 18090, epoch 67.0)
=> saved checkpoint 'checkpoint_scores_CNN/mnist_VAE_s15_v5_FS/last' (iter 18090, epoch 67.0)
EarlyStopping counter: 2 out of 25
[Save Checkpoint] epoch: [67.0], Train: total:3261.81030, BCE:-21.29928, KLD:3283.10986,Test: total:13000.84375, BCE:-21.45800, KLD:13022.30273
=> saved checkpoint 'checkpoints_CNN/mnist_VAE_s15_v5_FS/last' (iter 18360, epoch 68.0)
=> saved checkpoint 'checkpoint_scores_CNN/mnist_VAE_s15_v5_FS/last' (iter 18360, epoch 68.0)
EarlyStopping counter: 3 out of 25
[Save Checkpoint] epoch: [68.0], Train: total:3260.86938, BCE:-21.32768, KLD:3282.19507,Test: total:12995.90039, BCE:-21.48449, KLD:13017.38379
=> saved checkpoint 'checkpoints_CNN/mnist_VAE_s15_v5_FS/last' (iter 18630, epoch 69.0)
=> saved checkpoint 'checkpoint_scores_CNN/mnist_VAE_s15_v5_FS/last' (iter 18630, epoch 69.0)
EarlyStopping counter: 4 out of 25
[Save Checkpoint] epoch: [69.0], Train: total:3264.03271, BCE:-21.32096, KLD:3285.35449,Test: total:13008.78125, BCE:-21.47752, KLD:13030.26074
=> saved checkpoint 'checkpoints_CNN/mnist_VAE_s15_v5_FS/last' (iter 18900, epoch 70.0)
=> saved checkpoint 'checkpoint_scores_CNN/mnist_VAE_s15_v5_FS/last' (iter 18900, epoch 70.0)
[Save Checkpoint] epoch: [70.0], Train: total:3263.18896, BCE:-21.35913, KLD:3284.54932,Test: total:13005.34473, BCE:-21.51891, KLD:13026.86328
=> saved checkpoint 'checkpoints_CNN/mnist_VAE_s15_v5_FS/last' (iter 19170, epoch 71.0)
=> saved checkpoint 'checkpoint_scores_CNN/mnist_VAE_s15_v5_FS/last' (iter 19170, epoch 71.0)
EarlyStopping counter: 1 out of 25
[Save Checkpoint] epoch: [71.0], Train: total:3259.71606, BCE:-21.37504, KLD:3281.08960,Test: total:12991.77734, BCE:-21.53339, KLD:13013.31152
=> saved checkpoint 'checkpoints_CNN/mnist_VAE_s15_v5_FS/last' (iter 19440, epoch 72.0)
=> saved checkpoint 'checkpoint_scores_CNN/mnist_VAE_s15_v5_FS/last' (iter 19440, epoch 72.0)
EarlyStopping counter: 2 out of 25
[Save Checkpoint] epoch: [72.0], Train: total:3261.67871, BCE:-21.32229, KLD:3283.00098,Test: total:12999.32715, BCE:-21.47818, KLD:13020.80469
=> saved checkpoint 'checkpoints_CNN/mnist_VAE_s15_v5_FS/last' (iter 19710, epoch 73.0)
=> saved checkpoint 'checkpoint_scores_CNN/mnist_VAE_s15_v5_FS/last' (iter 19710, epoch 73.0)
EarlyStopping counter: 3 out of 25
[Save Checkpoint] epoch: [73.0], Train: total:3261.71655, BCE:-21.37053, KLD:3283.08691,Test: total:13000.26074, BCE:-21.53431, KLD:13021.79492
=> saved checkpoint 'checkpoints_CNN/mnist_VAE_s15_v5_FS/last' (iter 19980, epoch 74.0)
=> saved checkpoint 'checkpoint_scores_CNN/mnist_VAE_s15_v5_FS/last' (iter 19980, epoch 74.0)
EarlyStopping counter: 4 out of 25
[Save Checkpoint] epoch: [74.0], Train: total:3258.24390, BCE:-21.32449, KLD:3279.56909,Test: total:12986.13184, BCE:-21.49084, KLD:13007.62207
Epoch    75: reducing learning rate of group 0 to 1.6000e-06.
=> saved checkpoint 'checkpoints_CNN/mnist_VAE_s15_v5_FS/last' (iter 20250, epoch 75.0)
=> saved checkpoint 'checkpoint_scores_CNN/mnist_VAE_s15_v5_FS/last' (iter 20250, epoch 75.0)
EarlyStopping counter: 5 out of 25
[Save Checkpoint] epoch: [75.0], Train: total:3261.51562, BCE:-21.35260, KLD:3282.86792,Test: total:12998.95703, BCE:-21.50862, KLD:13020.46582
=> saved checkpoint 'checkpoints_CNN/mnist_VAE_s15_v5_FS/last' (iter 20520, epoch 76.0)
=> saved checkpoint 'checkpoint_scores_CNN/mnist_VAE_s15_v5_FS/last' (iter 20520, epoch 76.0)
EarlyStopping counter: 6 out of 25
[Save Checkpoint] epoch: [76.0], Train: total:3260.92798, BCE:-21.40048, KLD:3282.33081,Test: total:12996.98730, BCE:-21.55730, KLD:13018.54395
=> saved checkpoint 'checkpoints_CNN/mnist_VAE_s15_v5_FS/last' (iter 20790, epoch 77.0)
=> saved checkpoint 'checkpoint_scores_CNN/mnist_VAE_s15_v5_FS/last' (iter 20790, epoch 77.0)
EarlyStopping counter: 7 out of 25
[Save Checkpoint] epoch: [77.0], Train: total:3260.13452, BCE:-21.41817, KLD:3281.55396,Test: total:12993.98242, BCE:-21.57451, KLD:13015.55566
=> saved checkpoint 'checkpoints_CNN/mnist_VAE_s15_v5_FS/last' (iter 21060, epoch 78.0)
=> saved checkpoint 'checkpoint_scores_CNN/mnist_VAE_s15_v5_FS/last' (iter 21060, epoch 78.0)
EarlyStopping counter: 8 out of 25
[Save Checkpoint] epoch: [78.0], Train: total:3261.16553, BCE:-21.40883, KLD:3282.57324,Test: total:12998.22852, BCE:-21.56414, KLD:13019.79297
=> saved checkpoint 'checkpoints_CNN/mnist_VAE_s15_v5_FS/last' (iter 21330, epoch 79.0)
=> saved checkpoint 'checkpoint_scores_CNN/mnist_VAE_s15_v5_FS/last' (iter 21330, epoch 79.0)
EarlyStopping counter: 9 out of 25
[Save Checkpoint] epoch: [79.0], Train: total:3259.92236, BCE:-21.40960, KLD:3281.33203,Test: total:12993.13965, BCE:-21.56133, KLD:13014.70020
Epoch    80: reducing learning rate of group 0 to 1.0000e-06.
=> saved checkpoint 'checkpoints_CNN/mnist_VAE_s15_v5_FS/last' (iter 21600, epoch 80.0)
=> saved checkpoint 'checkpoint_scores_CNN/mnist_VAE_s15_v5_FS/last' (iter 21600, epoch 80.0)
EarlyStopping counter: 10 out of 25
[Save Checkpoint] epoch: [80.0], Train: total:3259.79224, BCE:-21.40962, KLD:3281.20142,Test: total:12992.53027, BCE:-21.57116, KLD:13014.10059
=> saved checkpoint 'checkpoints_CNN/mnist_VAE_s15_v5_FS/last' (iter 21870, epoch 81.0)
=> saved checkpoint 'checkpoint_scores_CNN/mnist_VAE_s15_v5_FS/last' (iter 21870, epoch 81.0)
EarlyStopping counter: 11 out of 25
[Save Checkpoint] epoch: [81.0], Train: total:3260.80811, BCE:-21.41877, KLD:3282.22876,Test: total:12996.59277, BCE:-21.57194, KLD:13018.16504
=> saved checkpoint 'checkpoints_CNN/mnist_VAE_s15_v5_FS/last' (iter 22140, epoch 82.0)
=> saved checkpoint 'checkpoint_scores_CNN/mnist_VAE_s15_v5_FS/last' (iter 22140, epoch 82.0)
EarlyStopping counter: 12 out of 25
[Save Checkpoint] epoch: [82.0], Train: total:3260.83057, BCE:-21.42117, KLD:3282.25269,Test: total:12996.48633, BCE:-21.57778, KLD:13018.06543
=> saved checkpoint 'checkpoints_CNN/mnist_VAE_s15_v5_FS/last' (iter 22410, epoch 83.0)
=> saved checkpoint 'checkpoint_scores_CNN/mnist_VAE_s15_v5_FS/last' (iter 22410, epoch 83.0)
EarlyStopping counter: 13 out of 25
[Save Checkpoint] epoch: [83.0], Train: total:3260.93872, BCE:-21.41637, KLD:3282.35376,Test: total:12997.06543, BCE:-21.57372, KLD:13018.63965
=> saved checkpoint 'checkpoints_CNN/mnist_VAE_s15_v5_FS/last' (iter 22680, epoch 84.0)
=> saved checkpoint 'checkpoint_scores_CNN/mnist_VAE_s15_v5_FS/last' (iter 22680, epoch 84.0)
EarlyStopping counter: 14 out of 25
[Save Checkpoint] epoch: [84.0], Train: total:3260.28613, BCE:-21.42734, KLD:3281.71289,Test: total:12994.46289, BCE:-21.58997, KLD:13016.05273
=> saved checkpoint 'checkpoints_CNN/mnist_VAE_s15_v5_FS/last' (iter 22950, epoch 85.0)
=> saved checkpoint 'checkpoint_scores_CNN/mnist_VAE_s15_v5_FS/last' (iter 22950, epoch 85.0)
EarlyStopping counter: 15 out of 25
[Save Checkpoint] epoch: [85.0], Train: total:3260.35718, BCE:-21.41865, KLD:3281.77539,Test: total:12994.60254, BCE:-21.57709, KLD:13016.17969
=> saved checkpoint 'checkpoints_CNN/mnist_VAE_s15_v5_FS/last' (iter 23220, epoch 86.0)
=> saved checkpoint 'checkpoint_scores_CNN/mnist_VAE_s15_v5_FS/last' (iter 23220, epoch 86.0)
EarlyStopping counter: 16 out of 25
[Save Checkpoint] epoch: [86.0], Train: total:3260.51392, BCE:-21.42031, KLD:3281.93262,Test: total:12995.24902, BCE:-21.58043, KLD:13016.83008
=> saved checkpoint 'checkpoints_CNN/mnist_VAE_s15_v5_FS/last' (iter 23490, epoch 87.0)
=> saved checkpoint 'checkpoint_scores_CNN/mnist_VAE_s15_v5_FS/last' (iter 23490, epoch 87.0)
[Save Checkpoint] epoch: [87.0], Train: total:3260.81787, BCE:-21.42803, KLD:3282.24463,Test: total:12996.63086, BCE:-21.59082, KLD:13018.22070
=> saved checkpoint 'checkpoints_CNN/mnist_VAE_s15_v5_FS/last' (iter 23760, epoch 88.0)
=> saved checkpoint 'checkpoint_scores_CNN/mnist_VAE_s15_v5_FS/last' (iter 23760, epoch 88.0)
EarlyStopping counter: 1 out of 25
[Save Checkpoint] epoch: [88.0], Train: total:3261.84106, BCE:-21.42738, KLD:3283.26880,Test: total:13000.82031, BCE:-21.58585, KLD:13022.40820
=> saved checkpoint 'checkpoints_CNN/mnist_VAE_s15_v5_FS/last' (iter 24030, epoch 89.0)
=> saved checkpoint 'checkpoint_scores_CNN/mnist_VAE_s15_v5_FS/last' (iter 24030, epoch 89.0)
EarlyStopping counter: 2 out of 25
[Save Checkpoint] epoch: [89.0], Train: total:3260.69189, BCE:-21.41519, KLD:3282.10791,Test: total:12996.33203, BCE:-21.57869, KLD:13017.91309
=> saved checkpoint 'checkpoints_CNN/mnist_VAE_s15_v5_FS/last' (iter 24300, epoch 90.0)
=> saved checkpoint 'checkpoint_scores_CNN/mnist_VAE_s15_v5_FS/last' (iter 24300, epoch 90.0)
EarlyStopping counter: 3 out of 25
[Save Checkpoint] epoch: [90.0], Train: total:3262.13184, BCE:-21.41792, KLD:3283.54761,Test: total:13001.85742, BCE:-21.57156, KLD:13023.42871
=> saved checkpoint 'checkpoints_CNN/mnist_VAE_s15_v5_FS/last' (iter 24570, epoch 91.0)
=> saved checkpoint 'checkpoint_scores_CNN/mnist_VAE_s15_v5_FS/last' (iter 24570, epoch 91.0)
EarlyStopping counter: 4 out of 25
[Save Checkpoint] epoch: [91.0], Train: total:3262.46460, BCE:-21.42626, KLD:3283.89136,Test: total:13003.11914, BCE:-21.58043, KLD:13024.69824
=> saved checkpoint 'checkpoints_CNN/mnist_VAE_s15_v5_FS/last' (iter 24840, epoch 92.0)
=> saved checkpoint 'checkpoint_scores_CNN/mnist_VAE_s15_v5_FS/last' (iter 24840, epoch 92.0)
EarlyStopping counter: 5 out of 25
[Save Checkpoint] epoch: [92.0], Train: total:3261.45996, BCE:-21.41425, KLD:3282.87354,Test: total:12999.09668, BCE:-21.57006, KLD:13020.66602
=> saved checkpoint 'checkpoints_CNN/mnist_VAE_s15_v5_FS/last' (iter 25110, epoch 93.0)
=> saved checkpoint 'checkpoint_scores_CNN/mnist_VAE_s15_v5_FS/last' (iter 25110, epoch 93.0)
EarlyStopping counter: 6 out of 25
[Save Checkpoint] epoch: [93.0], Train: total:3261.62744, BCE:-21.41648, KLD:3283.04321,Test: total:12999.90527, BCE:-21.57325, KLD:13021.47949
=> saved checkpoint 'checkpoints_CNN/mnist_VAE_s15_v5_FS/last' (iter 25380, epoch 94.0)
=> saved checkpoint 'checkpoint_scores_CNN/mnist_VAE_s15_v5_FS/last' (iter 25380, epoch 94.0)
EarlyStopping counter: 7 out of 25
[Save Checkpoint] epoch: [94.0], Train: total:3260.89575, BCE:-21.42091, KLD:3282.31689,Test: total:12996.95215, BCE:-21.57569, KLD:13018.52832
=> saved checkpoint 'checkpoints_CNN/mnist_VAE_s15_v5_FS/last' (iter 25650, epoch 95.0)
=> saved checkpoint 'checkpoint_scores_CNN/mnist_VAE_s15_v5_FS/last' (iter 25650, epoch 95.0)
EarlyStopping counter: 8 out of 25
[Save Checkpoint] epoch: [95.0], Train: total:3261.49219, BCE:-21.42589, KLD:3282.91797,Test: total:12999.49512, BCE:-21.58636, KLD:13021.08203
=> saved checkpoint 'checkpoints_CNN/mnist_VAE_s15_v5_FS/last' (iter 25920, epoch 96.0)
=> saved checkpoint 'checkpoint_scores_CNN/mnist_VAE_s15_v5_FS/last' (iter 25920, epoch 96.0)
EarlyStopping counter: 9 out of 25
[Save Checkpoint] epoch: [96.0], Train: total:3261.70117, BCE:-21.42495, KLD:3283.12598,Test: total:13000.21387, BCE:-21.58560, KLD:13021.79883
=> saved checkpoint 'checkpoints_CNN/mnist_VAE_s15_v5_FS/last' (iter 26190, epoch 97.0)
=> saved checkpoint 'checkpoint_scores_CNN/mnist_VAE_s15_v5_FS/last' (iter 26190, epoch 97.0)
EarlyStopping counter: 10 out of 25
[Save Checkpoint] epoch: [97.0], Train: total:3262.66577, BCE:-21.42181, KLD:3284.08838,Test: total:13003.73145, BCE:-21.58194, KLD:13025.31348
=> saved checkpoint 'checkpoints_CNN/mnist_VAE_s15_v5_FS/last' (iter 26460, epoch 98.0)
=> saved checkpoint 'checkpoint_scores_CNN/mnist_VAE_s15_v5_FS/last' (iter 26460, epoch 98.0)
[Save Checkpoint] epoch: [98.0], Train: total:3260.93555, BCE:-21.43052, KLD:3282.36719,Test: total:12997.12207, BCE:-21.58677, KLD:13018.70996
=> saved checkpoint 'checkpoints_CNN/mnist_VAE_s15_v5_FS/last' (iter 26730, epoch 99.0)
=> saved checkpoint 'checkpoint_scores_CNN/mnist_VAE_s15_v5_FS/last' (iter 26730, epoch 99.0)
EarlyStopping counter: 1 out of 25
[Save Checkpoint] epoch: [99.0], Train: total:3261.05762, BCE:-21.43490, KLD:3282.49243,Test: total:12997.63184, BCE:-21.59216, KLD:13019.22266
=> saved checkpoint 'checkpoints_CNN/mnist_VAE_s15_v5_FS/last' (iter 27000, epoch 100.0)
=> saved checkpoint 'checkpoint_scores_CNN/mnist_VAE_s15_v5_FS/last' (iter 27000, epoch 100.0)
EarlyStopping counter: 2 out of 25
[Save Checkpoint] epoch: [100.0], Train: total:3260.53955, BCE:-21.42155, KLD:3281.96021,Test: total:12995.60645, BCE:-21.57778, KLD:13017.18457
[Training Finished]
All done !
