1
--gpu_devices 0 --max_iter 100 --batch_size 250 --use_scheduler True --lr 1e-3 --GMP True --z_struct_size 15 --is_encoder_struct True --big_kernel_size 8 --two_conv_layer True --three_conv_layer True --kernel_size_1 4 --kernel_size_2 4 --kernel_size_3 4 --BK_in_first_layer True --BK_in_second_layer False --BK_in_third_layer False --stride_size 1 --hidden_filters_layer1 64 --hidden_filters_layer2 64 --hidden_filters_layer3 64 --lambda_class 1 --ratio_reg False --lambda_ratio_reg 1 --loss_min_distance_cl False --lambda_var_distance 1 --loss_distance_mean False --lambda_distance_mean 1 --Hmg_dst_loss False --lambda_hmg_dst 1 --dataset_balanced True --binary_z True --binary_first_conv False --binary_second_conv False --binary_third_conv True --bin_after_GMP True --exp_name mnist_binary_ES_15_BAGMP
Namespace(BK_in_first_layer=True, BK_in_second_layer=False, BK_in_third_layer=False, BN=False, C_max=25, C_stop_iter=100000.0, E1_AE=False, E1_VAE=False, E1_conv=False, E1_dense=False, E1_second_conv=False, E1_second_conv_adapt=False, ES_reconstruction=False, EV_classifier=False, GMP=True, Hmg_dst_loss=False, IPC=False, L1_norm_act=False, L1_norm_weights=False, L2_dst_loss=False, L3_without_random=False, LOG_DIR='logs', PT_model=False, PT_model_EV_classifier=False, adapt_lr=False, add_classification_layer=True, add_dl_class=False, add_linear_after_GMP=True, add_z_struct_bottleneck=False, alpha=32, batch_size=250, beta=1, beta1=0.9, beta2=0.999, big_kernel=False, big_kernel_size=8, bin_after_GMP=True, binary_chain=False, binary_first_conv=False, binary_second_conv=False, binary_third_conv=True, binary_z=True, both_decoders_freeze=False, ckpt_dir='checkpoints_CNN', ckpt_dir_scores='checkpoint_scores_CNN', classif_layer_size=30, contrastive_loss=False, cuda=True, dataset='mnist', dataset_balanced=True, decoder_first_dense=36, decoder_kernel_size_1=4, decoder_kernel_size_2=3, decoder_kernel_size_3=4, decoder_n_filter_1=64, decoder_n_filter_2=64, decoder_n_filter_3=64, decoder_stride_1=2, decoder_stride_2=2, decoder_stride_3=1, diff_var=False, display_step=10000, dset_dir='data', encoder_struct_name='mnist_struct_baseline_scheduler_binary_1_3', encoder_var_name='mnist_vae_var_deeper_2cb_1_1', exp_name='mnist_binary_ES_15_BAGMP', freeze_Encoder=True, gamma=1000, gpu_devices=[0], grad_inv=False, hidden_dim=20, hidden_filters_layer1=64, hidden_filters_layer2=64, hidden_filters_layer3=64, image_size=64, intra_class_variance_loss=False, is_C=True, is_E1=False, is_VAE=False, is_VAE_var=False, is_binary_structural_latent=False, is_custom_model=False, is_custom_model_BK=False, is_default_model=False, is_encoder_struct=True, is_noise_stats=False, is_partial_rand_class=False, is_perturbed_score=False, is_zvar_sim_loss=False, just_train=False, kernel_size=4, kernel_size_1=4, kernel_size_2=4, kernel_size_3=4, lambda_BCE=1, lambda_Kl_struct=1, lambda_Kl_var=1, lambda_L1=0.01, lambda_L2_dst=1, lambda_VAE=1, lambda_class=1.0, lambda_contrastive_loss=1, lambda_distance_mean=1.0, lambda_hmg_dst=1.0, lambda_intra_class_var=1, lambda_partial_class=1, lambda_ratio_reg=1.0, lambda_recon_wt_rand=1, lambda_recons=1, lambda_uniq_code_dst=1, lambda_var_distance=1.0, lambda_var_inter=1, lambda_var_intra=1, lambda_zvar_sim=1, latent_spec_cont=None, latent_spec_cont_class=None, latent_spec_cont_var=None, latent_spec_disc=None, latent_spec_disc_class=None, latent_spec_disc_var=None, log_level='info', loss='Proxy_Anchor', loss_distance_mean=False, loss_min_distance_cl=False, lr=0.001, max_epoch_use_uniq_code_target=5, max_iter=100.0, model='CNN', mrg=0.1, nb_epochs_train_only_zvar=0, num_workers=2, old_weighted=False, optimizer='adamw', other_architecture=False, other_ratio=False, random_percentage=0.2, random_seed=10, randomness=True, ratio_reg=False, remark='', save_step=10000, second_layer_C=False, seed=1, stride_size=1, sz_embedding=5, three_conv_layer=True, train=True, train_var_struct_alternatively=False, two_conv_layer=True, two_encoder=False, uniq_code_dst_loss=False, use_VAE=False, use_decoder=False, use_early_stopping=True, use_scheduler=True, use_small_lr_encoder_var=False, use_structural_encoder=False, value_target_distance_mean=1, var_hidden_dim=256, var_hidden_filters_1=32, var_hidden_filters_2=32, var_hidden_filters_3=32, var_kernel_size_1=3, var_kernel_size_2=3, var_kernel_size_3=3, var_second_cnn_block=True, var_stride_size_1=1, var_stride_size_2=1, var_stride_size_3=1, var_third_cnn_block=False, var_three_conv_layer=False, warm=1, without_acc=False, z_struct_size=15, z_var_size=5, zeros_W_Classif=False, zvar_sim_change_zvar=False, zvar_sim_loss_for_all_model=False, zvar_sim_loss_only_for_encoder=False, zvar_sim_normal=False, zvar_sim_var_rand=False)
CUDA Visible devices !
[Using Seed: 10]
Balanced dataset loaded
use 1 gpu who named: Tesla V100-SXM2-32GB
=> no checkpoint found at 'checkpoints_CNN/mnist_binary_ES_15_BAGMP/last'
Encoder_struct(
  (encoder_struct): Sequential(
    (0): Conv2d(1, 64, kernel_size=(8, 8), stride=(1, 1))
    (1): BatchNorm2d(64, eps=1e-05, momentum=0.1, affine=True, track_running_stats=True)
    (2): ReLU(inplace=True)
    (3): Conv2d(64, 64, kernel_size=(4, 4), stride=(1, 1))
    (4): BatchNorm2d(64, eps=1e-05, momentum=0.1, affine=True, track_running_stats=True)
    (5): ReLU(inplace=True)
    (6): Conv2d(64, 15, kernel_size=(4, 4), stride=(1, 1))
    (7): BatchNorm2d(15, eps=1e-05, momentum=0.1, affine=True, track_running_stats=True)
    (8): ReLU(inplace=True)
    (9): AdaptiveMaxPool2d(output_size=(1, 1))
    (10): View()
    (11): DeterministicBinaryActivation(
      (act): Hardsigmoid(
        (act): Hardtanh(min_val=-1.0, max_val=1.0)
      )
    )
    (12): Linear(in_features=15, out_features=10, bias=True)
  )
)
The number of parameters of model is 85581
=> saved checkpoint 'checkpoints_CNN/mnist_binary_ES_15_BAGMP/last' (iter 270, epoch 1.0)
=> saved checkpoint 'checkpoint_scores_CNN/mnist_binary_ES_15_BAGMP/last' (iter 270, epoch 1.0)
[Save Checkpoint] epoch: [1.0], Train score:43.27500, Test score:38.97000, train loss:1.78373, test loss:1.78017, ratio_train_loss:0.00000,ratio_test_loss:0.00000, var distance inter class train:0.00000,var distance inter class test:0.00000
=> saved checkpoint 'checkpoints_CNN/mnist_binary_ES_15_BAGMP/last' (iter 540, epoch 2.0)
=> saved checkpoint 'checkpoint_scores_CNN/mnist_binary_ES_15_BAGMP/last' (iter 540, epoch 2.0)
[Save Checkpoint] epoch: [2.0], Train score:82.15000, Test score:73.06000, train loss:1.17453, test loss:1.16587, ratio_train_loss:0.00000,ratio_test_loss:0.00000, var distance inter class train:0.00000,var distance inter class test:0.00000
=> saved checkpoint 'checkpoints_CNN/mnist_binary_ES_15_BAGMP/last' (iter 810, epoch 3.0)
=> saved checkpoint 'checkpoint_scores_CNN/mnist_binary_ES_15_BAGMP/last' (iter 810, epoch 3.0)
[Save Checkpoint] epoch: [3.0], Train score:92.65500, Test score:82.52000, train loss:0.80217, test loss:0.78802, ratio_train_loss:0.00000,ratio_test_loss:0.00000, var distance inter class train:0.00000,var distance inter class test:0.00000
=> saved checkpoint 'checkpoints_CNN/mnist_binary_ES_15_BAGMP/last' (iter 1080, epoch 4.0)
=> saved checkpoint 'checkpoint_scores_CNN/mnist_binary_ES_15_BAGMP/last' (iter 1080, epoch 4.0)
[Save Checkpoint] epoch: [4.0], Train score:99.94333, Test score:88.76000, train loss:0.50829, test loss:0.49998, ratio_train_loss:0.00000,ratio_test_loss:0.00000, var distance inter class train:0.00000,var distance inter class test:0.00000
=> saved checkpoint 'checkpoints_CNN/mnist_binary_ES_15_BAGMP/last' (iter 1350, epoch 5.0)
=> saved checkpoint 'checkpoint_scores_CNN/mnist_binary_ES_15_BAGMP/last' (iter 1350, epoch 5.0)
[Save Checkpoint] epoch: [5.0], Train score:103.09667, Test score:91.95000, train loss:0.35540, test loss:0.34933, ratio_train_loss:0.00000,ratio_test_loss:0.00000, var distance inter class train:0.00000,var distance inter class test:0.00000
=> saved checkpoint 'checkpoints_CNN/mnist_binary_ES_15_BAGMP/last' (iter 1620, epoch 6.0)
=> saved checkpoint 'checkpoint_scores_CNN/mnist_binary_ES_15_BAGMP/last' (iter 1620, epoch 6.0)
[Save Checkpoint] epoch: [6.0], Train score:104.73667, Test score:93.14000, train loss:0.24886, test loss:0.24696, ratio_train_loss:0.00000,ratio_test_loss:0.00000, var distance inter class train:0.00000,var distance inter class test:0.00000
=> saved checkpoint 'checkpoints_CNN/mnist_binary_ES_15_BAGMP/last' (iter 1890, epoch 7.0)
=> saved checkpoint 'checkpoint_scores_CNN/mnist_binary_ES_15_BAGMP/last' (iter 1890, epoch 7.0)
[Save Checkpoint] epoch: [7.0], Train score:106.39500, Test score:94.65000, train loss:0.19422, test loss:0.19550, ratio_train_loss:0.00000,ratio_test_loss:0.00000, var distance inter class train:0.00000,var distance inter class test:0.00000
=> saved checkpoint 'checkpoints_CNN/mnist_binary_ES_15_BAGMP/last' (iter 2160, epoch 8.0)
=> saved checkpoint 'checkpoint_scores_CNN/mnist_binary_ES_15_BAGMP/last' (iter 2160, epoch 8.0)
[Save Checkpoint] epoch: [8.0], Train score:107.59000, Test score:95.85000, train loss:0.11314, test loss:0.11718, ratio_train_loss:0.00000,ratio_test_loss:0.00000, var distance inter class train:0.00000,var distance inter class test:0.00000
=> saved checkpoint 'checkpoints_CNN/mnist_binary_ES_15_BAGMP/last' (iter 2430, epoch 9.0)
=> saved checkpoint 'checkpoint_scores_CNN/mnist_binary_ES_15_BAGMP/last' (iter 2430, epoch 9.0)
[Save Checkpoint] epoch: [9.0], Train score:107.69667, Test score:95.75000, train loss:0.09742, test loss:0.10133, ratio_train_loss:0.00000,ratio_test_loss:0.00000, var distance inter class train:0.00000,var distance inter class test:0.00000
=> saved checkpoint 'checkpoints_CNN/mnist_binary_ES_15_BAGMP/last' (iter 2700, epoch 10.0)
=> saved checkpoint 'checkpoint_scores_CNN/mnist_binary_ES_15_BAGMP/last' (iter 2700, epoch 10.0)
[Save Checkpoint] epoch: [10.0], Train score:108.37500, Test score:96.29000, train loss:0.06363, test loss:0.06719, ratio_train_loss:0.00000,ratio_test_loss:0.00000, var distance inter class train:0.00000,var distance inter class test:0.00000
=> saved checkpoint 'checkpoints_CNN/mnist_binary_ES_15_BAGMP/last' (iter 2970, epoch 11.0)
=> saved checkpoint 'checkpoint_scores_CNN/mnist_binary_ES_15_BAGMP/last' (iter 2970, epoch 11.0)
[Save Checkpoint] epoch: [11.0], Train score:108.78500, Test score:96.76000, train loss:0.04692, test loss:0.05293, ratio_train_loss:0.00000,ratio_test_loss:0.00000, var distance inter class train:0.00000,var distance inter class test:0.00000
=> saved checkpoint 'checkpoints_CNN/mnist_binary_ES_15_BAGMP/last' (iter 3240, epoch 12.0)
=> saved checkpoint 'checkpoint_scores_CNN/mnist_binary_ES_15_BAGMP/last' (iter 3240, epoch 12.0)
EarlyStopping counter: 1 out of 25
[Save Checkpoint] epoch: [12.0], Train score:109.09833, Test score:96.79000, train loss:0.03320, test loss:0.04292, ratio_train_loss:0.00000,ratio_test_loss:0.00000, var distance inter class train:0.00000,var distance inter class test:0.00000
=> saved checkpoint 'checkpoints_CNN/mnist_binary_ES_15_BAGMP/last' (iter 3510, epoch 13.0)
=> saved checkpoint 'checkpoint_scores_CNN/mnist_binary_ES_15_BAGMP/last' (iter 3510, epoch 13.0)
EarlyStopping counter: 2 out of 25
[Save Checkpoint] epoch: [13.0], Train score:109.38833, Test score:96.77000, train loss:0.01703, test loss:0.02904, ratio_train_loss:0.00000,ratio_test_loss:0.00000, var distance inter class train:0.00000,var distance inter class test:0.00000
=> saved checkpoint 'checkpoints_CNN/mnist_binary_ES_15_BAGMP/last' (iter 3780, epoch 14.0)
=> saved checkpoint 'checkpoint_scores_CNN/mnist_binary_ES_15_BAGMP/last' (iter 3780, epoch 14.0)
[Save Checkpoint] epoch: [14.0], Train score:109.45833, Test score:96.89000, train loss:0.01220, test loss:0.02285, ratio_train_loss:0.00000,ratio_test_loss:0.00000, var distance inter class train:0.00000,var distance inter class test:0.00000
=> saved checkpoint 'checkpoints_CNN/mnist_binary_ES_15_BAGMP/last' (iter 4050, epoch 15.0)
=> saved checkpoint 'checkpoint_scores_CNN/mnist_binary_ES_15_BAGMP/last' (iter 4050, epoch 15.0)
[Save Checkpoint] epoch: [15.0], Train score:109.86333, Test score:97.25000, train loss:-0.00160, test loss:0.01393, ratio_train_loss:0.00000,ratio_test_loss:0.00000, var distance inter class train:0.00000,var distance inter class test:0.00000
=> saved checkpoint 'checkpoints_CNN/mnist_binary_ES_15_BAGMP/last' (iter 4320, epoch 16.0)
=> saved checkpoint 'checkpoint_scores_CNN/mnist_binary_ES_15_BAGMP/last' (iter 4320, epoch 16.0)
[Save Checkpoint] epoch: [16.0], Train score:109.95333, Test score:97.17000, train loss:-0.00624, test loss:0.01141, ratio_train_loss:0.00000,ratio_test_loss:0.00000, var distance inter class train:0.00000,var distance inter class test:0.00000
=> saved checkpoint 'checkpoints_CNN/mnist_binary_ES_15_BAGMP/last' (iter 4590, epoch 17.0)
=> saved checkpoint 'checkpoint_scores_CNN/mnist_binary_ES_15_BAGMP/last' (iter 4590, epoch 17.0)
EarlyStopping counter: 1 out of 25
[Save Checkpoint] epoch: [17.0], Train score:109.98333, Test score:97.38000, train loss:-0.01056, test loss:0.00968, ratio_train_loss:0.00000,ratio_test_loss:0.00000, var distance inter class train:0.00000,var distance inter class test:0.00000
=> saved checkpoint 'checkpoints_CNN/mnist_binary_ES_15_BAGMP/last' (iter 4860, epoch 18.0)
=> saved checkpoint 'checkpoint_scores_CNN/mnist_binary_ES_15_BAGMP/last' (iter 4860, epoch 18.0)
EarlyStopping counter: 2 out of 25
[Save Checkpoint] epoch: [18.0], Train score:110.19833, Test score:97.31000, train loss:-0.01756, test loss:0.00395, ratio_train_loss:0.00000,ratio_test_loss:0.00000, var distance inter class train:0.00000,var distance inter class test:0.00000
=> saved checkpoint 'checkpoints_CNN/mnist_binary_ES_15_BAGMP/last' (iter 5130, epoch 19.0)
=> saved checkpoint 'checkpoint_scores_CNN/mnist_binary_ES_15_BAGMP/last' (iter 5130, epoch 19.0)
[Save Checkpoint] epoch: [19.0], Train score:109.98167, Test score:97.30000, train loss:-0.01889, test loss:0.00377, ratio_train_loss:0.00000,ratio_test_loss:0.00000, var distance inter class train:0.00000,var distance inter class test:0.00000
=> saved checkpoint 'checkpoints_CNN/mnist_binary_ES_15_BAGMP/last' (iter 5400, epoch 20.0)
=> saved checkpoint 'checkpoint_scores_CNN/mnist_binary_ES_15_BAGMP/last' (iter 5400, epoch 20.0)
EarlyStopping counter: 1 out of 25
[Save Checkpoint] epoch: [20.0], Train score:110.42500, Test score:97.37000, train loss:-0.03045, test loss:-0.00553, ratio_train_loss:0.00000,ratio_test_loss:0.00000, var distance inter class train:0.00000,var distance inter class test:0.00000
=> saved checkpoint 'checkpoints_CNN/mnist_binary_ES_15_BAGMP/last' (iter 5670, epoch 21.0)
=> saved checkpoint 'checkpoint_scores_CNN/mnist_binary_ES_15_BAGMP/last' (iter 5670, epoch 21.0)
EarlyStopping counter: 2 out of 25
[Save Checkpoint] epoch: [21.0], Train score:110.36167, Test score:97.59000, train loss:-0.02795, test loss:-0.00490, ratio_train_loss:0.00000,ratio_test_loss:0.00000, var distance inter class train:0.00000,var distance inter class test:0.00000
=> saved checkpoint 'checkpoints_CNN/mnist_binary_ES_15_BAGMP/last' (iter 5940, epoch 22.0)
=> saved checkpoint 'checkpoint_scores_CNN/mnist_binary_ES_15_BAGMP/last' (iter 5940, epoch 22.0)
[Save Checkpoint] epoch: [22.0], Train score:110.36333, Test score:97.51000, train loss:-0.03152, test loss:-0.00124, ratio_train_loss:0.00000,ratio_test_loss:0.00000, var distance inter class train:0.00000,var distance inter class test:0.00000
=> saved checkpoint 'checkpoints_CNN/mnist_binary_ES_15_BAGMP/last' (iter 6210, epoch 23.0)
=> saved checkpoint 'checkpoint_scores_CNN/mnist_binary_ES_15_BAGMP/last' (iter 6210, epoch 23.0)
[Save Checkpoint] epoch: [23.0], Train score:110.55167, Test score:97.43000, train loss:-0.03748, test loss:-0.00632, ratio_train_loss:0.00000,ratio_test_loss:0.00000, var distance inter class train:0.00000,var distance inter class test:0.00000
=> saved checkpoint 'checkpoints_CNN/mnist_binary_ES_15_BAGMP/last' (iter 6480, epoch 24.0)
=> saved checkpoint 'checkpoint_scores_CNN/mnist_binary_ES_15_BAGMP/last' (iter 6480, epoch 24.0)
EarlyStopping counter: 1 out of 25
[Save Checkpoint] epoch: [24.0], Train score:110.66333, Test score:97.56000, train loss:-0.03837, test loss:-0.00950, ratio_train_loss:0.00000,ratio_test_loss:0.00000, var distance inter class train:0.00000,var distance inter class test:0.00000
=> saved checkpoint 'checkpoints_CNN/mnist_binary_ES_15_BAGMP/last' (iter 6750, epoch 25.0)
=> saved checkpoint 'checkpoint_scores_CNN/mnist_binary_ES_15_BAGMP/last' (iter 6750, epoch 25.0)
EarlyStopping counter: 2 out of 25
[Save Checkpoint] epoch: [25.0], Train score:110.44000, Test score:97.39000, train loss:-0.03780, test loss:-0.00994, ratio_train_loss:0.00000,ratio_test_loss:0.00000, var distance inter class train:0.00000,var distance inter class test:0.00000
=> saved checkpoint 'checkpoints_CNN/mnist_binary_ES_15_BAGMP/last' (iter 7020, epoch 26.0)
=> saved checkpoint 'checkpoint_scores_CNN/mnist_binary_ES_15_BAGMP/last' (iter 7020, epoch 26.0)
EarlyStopping counter: 3 out of 25
[Save Checkpoint] epoch: [26.0], Train score:110.65833, Test score:97.46000, train loss:-0.04009, test loss:-0.01037, ratio_train_loss:0.00000,ratio_test_loss:0.00000, var distance inter class train:0.00000,var distance inter class test:0.00000
=> saved checkpoint 'checkpoints_CNN/mnist_binary_ES_15_BAGMP/last' (iter 7290, epoch 27.0)
=> saved checkpoint 'checkpoint_scores_CNN/mnist_binary_ES_15_BAGMP/last' (iter 7290, epoch 27.0)
EarlyStopping counter: 4 out of 25
[Save Checkpoint] epoch: [27.0], Train score:110.56000, Test score:97.36000, train loss:-0.04106, test loss:-0.00719, ratio_train_loss:0.00000,ratio_test_loss:0.00000, var distance inter class train:0.00000,var distance inter class test:0.00000
=> saved checkpoint 'checkpoints_CNN/mnist_binary_ES_15_BAGMP/last' (iter 7560, epoch 28.0)
=> saved checkpoint 'checkpoint_scores_CNN/mnist_binary_ES_15_BAGMP/last' (iter 7560, epoch 28.0)
[Save Checkpoint] epoch: [28.0], Train score:110.77000, Test score:97.69000, train loss:-0.04485, test loss:-0.01314, ratio_train_loss:0.00000,ratio_test_loss:0.00000, var distance inter class train:0.00000,var distance inter class test:0.00000
=> saved checkpoint 'checkpoints_CNN/mnist_binary_ES_15_BAGMP/last' (iter 7830, epoch 29.0)
=> saved checkpoint 'checkpoint_scores_CNN/mnist_binary_ES_15_BAGMP/last' (iter 7830, epoch 29.0)
EarlyStopping counter: 1 out of 25
[Save Checkpoint] epoch: [29.0], Train score:110.59833, Test score:97.26000, train loss:-0.03644, test loss:-0.00023, ratio_train_loss:0.00000,ratio_test_loss:0.00000, var distance inter class train:0.00000,var distance inter class test:0.00000
=> saved checkpoint 'checkpoints_CNN/mnist_binary_ES_15_BAGMP/last' (iter 8100, epoch 30.0)
=> saved checkpoint 'checkpoint_scores_CNN/mnist_binary_ES_15_BAGMP/last' (iter 8100, epoch 30.0)
EarlyStopping counter: 2 out of 25
[Save Checkpoint] epoch: [30.0], Train score:110.68667, Test score:97.36000, train loss:-0.04262, test loss:0.00087, ratio_train_loss:0.00000,ratio_test_loss:0.00000, var distance inter class train:0.00000,var distance inter class test:0.00000
=> saved checkpoint 'checkpoints_CNN/mnist_binary_ES_15_BAGMP/last' (iter 8370, epoch 31.0)
=> saved checkpoint 'checkpoint_scores_CNN/mnist_binary_ES_15_BAGMP/last' (iter 8370, epoch 31.0)
EarlyStopping counter: 3 out of 25
[Save Checkpoint] epoch: [31.0], Train score:110.43833, Test score:97.14000, train loss:-0.03605, test loss:0.00167, ratio_train_loss:0.00000,ratio_test_loss:0.00000, var distance inter class train:0.00000,var distance inter class test:0.00000
=> saved checkpoint 'checkpoints_CNN/mnist_binary_ES_15_BAGMP/last' (iter 8640, epoch 32.0)
=> saved checkpoint 'checkpoint_scores_CNN/mnist_binary_ES_15_BAGMP/last' (iter 8640, epoch 32.0)
EarlyStopping counter: 4 out of 25
[Save Checkpoint] epoch: [32.0], Train score:110.63500, Test score:96.87000, train loss:-0.04005, test loss:0.00298, ratio_train_loss:0.00000,ratio_test_loss:0.00000, var distance inter class train:0.00000,var distance inter class test:0.00000
Epoch    33: reducing learning rate of group 0 to 2.0000e-04.
=> saved checkpoint 'checkpoints_CNN/mnist_binary_ES_15_BAGMP/last' (iter 8910, epoch 33.0)
=> saved checkpoint 'checkpoint_scores_CNN/mnist_binary_ES_15_BAGMP/last' (iter 8910, epoch 33.0)
EarlyStopping counter: 5 out of 25
[Save Checkpoint] epoch: [33.0], Train score:110.55167, Test score:97.27000, train loss:-0.03884, test loss:-0.00580, ratio_train_loss:0.00000,ratio_test_loss:0.00000, var distance inter class train:0.00000,var distance inter class test:0.00000
=> saved checkpoint 'checkpoints_CNN/mnist_binary_ES_15_BAGMP/last' (iter 9180, epoch 34.0)
=> saved checkpoint 'checkpoint_scores_CNN/mnist_binary_ES_15_BAGMP/last' (iter 9180, epoch 34.0)
[Save Checkpoint] epoch: [34.0], Train score:111.08167, Test score:97.46000, train loss:-0.05388, test loss:-0.01011, ratio_train_loss:0.00000,ratio_test_loss:0.00000, var distance inter class train:0.00000,var distance inter class test:0.00000
=> saved checkpoint 'checkpoints_CNN/mnist_binary_ES_15_BAGMP/last' (iter 9450, epoch 35.0)
=> saved checkpoint 'checkpoint_scores_CNN/mnist_binary_ES_15_BAGMP/last' (iter 9450, epoch 35.0)
EarlyStopping counter: 1 out of 25
[Save Checkpoint] epoch: [35.0], Train score:111.18500, Test score:97.55000, train loss:-0.05734, test loss:-0.01226, ratio_train_loss:0.00000,ratio_test_loss:0.00000, var distance inter class train:0.00000,var distance inter class test:0.00000
=> saved checkpoint 'checkpoints_CNN/mnist_binary_ES_15_BAGMP/last' (iter 9720, epoch 36.0)
=> saved checkpoint 'checkpoint_scores_CNN/mnist_binary_ES_15_BAGMP/last' (iter 9720, epoch 36.0)
EarlyStopping counter: 2 out of 25
[Save Checkpoint] epoch: [36.0], Train score:111.24667, Test score:97.48000, train loss:-0.05903, test loss:-0.01179, ratio_train_loss:0.00000,ratio_test_loss:0.00000, var distance inter class train:0.00000,var distance inter class test:0.00000
=> saved checkpoint 'checkpoints_CNN/mnist_binary_ES_15_BAGMP/last' (iter 9990, epoch 37.0)
=> saved checkpoint 'checkpoint_scores_CNN/mnist_binary_ES_15_BAGMP/last' (iter 9990, epoch 37.0)
EarlyStopping counter: 3 out of 25
[Save Checkpoint] epoch: [37.0], Train score:111.24833, Test score:97.55000, train loss:-0.05971, test loss:-0.01149, ratio_train_loss:0.00000,ratio_test_loss:0.00000, var distance inter class train:0.00000,var distance inter class test:0.00000
=> saved checkpoint 'checkpoints_CNN/mnist_binary_ES_15_BAGMP/last' (iter 10260, epoch 38.0)
=> saved checkpoint 'checkpoint_scores_CNN/mnist_binary_ES_15_BAGMP/last' (iter 10260, epoch 38.0)
[Save Checkpoint] epoch: [38.0], Train score:111.32500, Test score:97.43000, train loss:-0.06134, test loss:-0.00954, ratio_train_loss:0.00000,ratio_test_loss:0.00000, var distance inter class train:0.00000,var distance inter class test:0.00000
=> saved checkpoint 'checkpoints_CNN/mnist_binary_ES_15_BAGMP/last' (iter 10530, epoch 39.0)
=> saved checkpoint 'checkpoint_scores_CNN/mnist_binary_ES_15_BAGMP/last' (iter 10530, epoch 39.0)
EarlyStopping counter: 1 out of 25
[Save Checkpoint] epoch: [39.0], Train score:111.38000, Test score:97.42000, train loss:-0.06289, test loss:-0.00844, ratio_train_loss:0.00000,ratio_test_loss:0.00000, var distance inter class train:0.00000,var distance inter class test:0.00000
=> saved checkpoint 'checkpoints_CNN/mnist_binary_ES_15_BAGMP/last' (iter 10800, epoch 40.0)
=> saved checkpoint 'checkpoint_scores_CNN/mnist_binary_ES_15_BAGMP/last' (iter 10800, epoch 40.0)
EarlyStopping counter: 2 out of 25
[Save Checkpoint] epoch: [40.0], Train score:111.38000, Test score:97.52000, train loss:-0.06381, test loss:-0.00858, ratio_train_loss:0.00000,ratio_test_loss:0.00000, var distance inter class train:0.00000,var distance inter class test:0.00000
=> saved checkpoint 'checkpoints_CNN/mnist_binary_ES_15_BAGMP/last' (iter 11070, epoch 41.0)
=> saved checkpoint 'checkpoint_scores_CNN/mnist_binary_ES_15_BAGMP/last' (iter 11070, epoch 41.0)
EarlyStopping counter: 3 out of 25
[Save Checkpoint] epoch: [41.0], Train score:111.42167, Test score:97.53000, train loss:-0.06490, test loss:-0.01075, ratio_train_loss:0.00000,ratio_test_loss:0.00000, var distance inter class train:0.00000,var distance inter class test:0.00000
=> saved checkpoint 'checkpoints_CNN/mnist_binary_ES_15_BAGMP/last' (iter 11340, epoch 42.0)
=> saved checkpoint 'checkpoint_scores_CNN/mnist_binary_ES_15_BAGMP/last' (iter 11340, epoch 42.0)
EarlyStopping counter: 4 out of 25
[Save Checkpoint] epoch: [42.0], Train score:111.41333, Test score:97.50000, train loss:-0.06488, test loss:-0.00919, ratio_train_loss:0.00000,ratio_test_loss:0.00000, var distance inter class train:0.00000,var distance inter class test:0.00000
Epoch    43: reducing learning rate of group 0 to 4.0000e-05.
=> saved checkpoint 'checkpoints_CNN/mnist_binary_ES_15_BAGMP/last' (iter 11610, epoch 43.0)
=> saved checkpoint 'checkpoint_scores_CNN/mnist_binary_ES_15_BAGMP/last' (iter 11610, epoch 43.0)
EarlyStopping counter: 5 out of 25
[Save Checkpoint] epoch: [43.0], Train score:111.49167, Test score:97.58000, train loss:-0.06679, test loss:-0.01139, ratio_train_loss:0.00000,ratio_test_loss:0.00000, var distance inter class train:0.00000,var distance inter class test:0.00000
=> saved checkpoint 'checkpoints_CNN/mnist_binary_ES_15_BAGMP/last' (iter 11880, epoch 44.0)
=> saved checkpoint 'checkpoint_scores_CNN/mnist_binary_ES_15_BAGMP/last' (iter 11880, epoch 44.0)
EarlyStopping counter: 6 out of 25
[Save Checkpoint] epoch: [44.0], Train score:111.57333, Test score:97.65000, train loss:-0.06941, test loss:-0.01293, ratio_train_loss:0.00000,ratio_test_loss:0.00000, var distance inter class train:0.00000,var distance inter class test:0.00000
=> saved checkpoint 'checkpoints_CNN/mnist_binary_ES_15_BAGMP/last' (iter 12150, epoch 45.0)
=> saved checkpoint 'checkpoint_scores_CNN/mnist_binary_ES_15_BAGMP/last' (iter 12150, epoch 45.0)
[Save Checkpoint] epoch: [45.0], Train score:111.59000, Test score:97.64000, train loss:-0.06975, test loss:-0.01185, ratio_train_loss:0.00000,ratio_test_loss:0.00000, var distance inter class train:0.00000,var distance inter class test:0.00000
=> saved checkpoint 'checkpoints_CNN/mnist_binary_ES_15_BAGMP/last' (iter 12420, epoch 46.0)
=> saved checkpoint 'checkpoint_scores_CNN/mnist_binary_ES_15_BAGMP/last' (iter 12420, epoch 46.0)
EarlyStopping counter: 1 out of 25
[Save Checkpoint] epoch: [46.0], Train score:111.61667, Test score:97.61000, train loss:-0.07011, test loss:-0.01048, ratio_train_loss:0.00000,ratio_test_loss:0.00000, var distance inter class train:0.00000,var distance inter class test:0.00000
=> saved checkpoint 'checkpoints_CNN/mnist_binary_ES_15_BAGMP/last' (iter 12690, epoch 47.0)
=> saved checkpoint 'checkpoint_scores_CNN/mnist_binary_ES_15_BAGMP/last' (iter 12690, epoch 47.0)
EarlyStopping counter: 2 out of 25
[Save Checkpoint] epoch: [47.0], Train score:111.64333, Test score:97.61000, train loss:-0.07068, test loss:-0.01129, ratio_train_loss:0.00000,ratio_test_loss:0.00000, var distance inter class train:0.00000,var distance inter class test:0.00000
=> saved checkpoint 'checkpoints_CNN/mnist_binary_ES_15_BAGMP/last' (iter 12960, epoch 48.0)
=> saved checkpoint 'checkpoint_scores_CNN/mnist_binary_ES_15_BAGMP/last' (iter 12960, epoch 48.0)
EarlyStopping counter: 3 out of 25
[Save Checkpoint] epoch: [48.0], Train score:111.62833, Test score:97.52000, train loss:-0.07074, test loss:-0.01029, ratio_train_loss:0.00000,ratio_test_loss:0.00000, var distance inter class train:0.00000,var distance inter class test:0.00000
=> saved checkpoint 'checkpoints_CNN/mnist_binary_ES_15_BAGMP/last' (iter 13230, epoch 49.0)
=> saved checkpoint 'checkpoint_scores_CNN/mnist_binary_ES_15_BAGMP/last' (iter 13230, epoch 49.0)
[Save Checkpoint] epoch: [49.0], Train score:111.61833, Test score:97.51000, train loss:-0.07078, test loss:-0.01029, ratio_train_loss:0.00000,ratio_test_loss:0.00000, var distance inter class train:0.00000,var distance inter class test:0.00000
=> saved checkpoint 'checkpoints_CNN/mnist_binary_ES_15_BAGMP/last' (iter 13500, epoch 50.0)
=> saved checkpoint 'checkpoint_scores_CNN/mnist_binary_ES_15_BAGMP/last' (iter 13500, epoch 50.0)
EarlyStopping counter: 1 out of 25
[Save Checkpoint] epoch: [50.0], Train score:111.61000, Test score:97.57000, train loss:-0.07056, test loss:-0.00998, ratio_train_loss:0.00000,ratio_test_loss:0.00000, var distance inter class train:0.00000,var distance inter class test:0.00000
=> saved checkpoint 'checkpoints_CNN/mnist_binary_ES_15_BAGMP/last' (iter 13770, epoch 51.0)
=> saved checkpoint 'checkpoint_scores_CNN/mnist_binary_ES_15_BAGMP/last' (iter 13770, epoch 51.0)
EarlyStopping counter: 2 out of 25
[Save Checkpoint] epoch: [51.0], Train score:111.61333, Test score:97.51000, train loss:-0.07034, test loss:-0.00864, ratio_train_loss:0.00000,ratio_test_loss:0.00000, var distance inter class train:0.00000,var distance inter class test:0.00000
=> saved checkpoint 'checkpoints_CNN/mnist_binary_ES_15_BAGMP/last' (iter 14040, epoch 52.0)
=> saved checkpoint 'checkpoint_scores_CNN/mnist_binary_ES_15_BAGMP/last' (iter 14040, epoch 52.0)
[Save Checkpoint] epoch: [52.0], Train score:111.59333, Test score:97.57000, train loss:-0.07001, test loss:-0.00940, ratio_train_loss:0.00000,ratio_test_loss:0.00000, var distance inter class train:0.00000,var distance inter class test:0.00000
=> saved checkpoint 'checkpoints_CNN/mnist_binary_ES_15_BAGMP/last' (iter 14310, epoch 53.0)
=> saved checkpoint 'checkpoint_scores_CNN/mnist_binary_ES_15_BAGMP/last' (iter 14310, epoch 53.0)
EarlyStopping counter: 1 out of 25
[Save Checkpoint] epoch: [53.0], Train score:111.60667, Test score:97.56000, train loss:-0.07070, test loss:-0.00925, ratio_train_loss:0.00000,ratio_test_loss:0.00000, var distance inter class train:0.00000,var distance inter class test:0.00000
=> saved checkpoint 'checkpoints_CNN/mnist_binary_ES_15_BAGMP/last' (iter 14580, epoch 54.0)
=> saved checkpoint 'checkpoint_scores_CNN/mnist_binary_ES_15_BAGMP/last' (iter 14580, epoch 54.0)
EarlyStopping counter: 2 out of 25
[Save Checkpoint] epoch: [54.0], Train score:111.57667, Test score:97.60000, train loss:-0.07003, test loss:-0.00961, ratio_train_loss:0.00000,ratio_test_loss:0.00000, var distance inter class train:0.00000,var distance inter class test:0.00000
=> saved checkpoint 'checkpoints_CNN/mnist_binary_ES_15_BAGMP/last' (iter 14850, epoch 55.0)
=> saved checkpoint 'checkpoint_scores_CNN/mnist_binary_ES_15_BAGMP/last' (iter 14850, epoch 55.0)
EarlyStopping counter: 3 out of 25
[Save Checkpoint] epoch: [55.0], Train score:111.62333, Test score:97.59000, train loss:-0.07081, test loss:-0.00934, ratio_train_loss:0.00000,ratio_test_loss:0.00000, var distance inter class train:0.00000,var distance inter class test:0.00000
=> saved checkpoint 'checkpoints_CNN/mnist_binary_ES_15_BAGMP/last' (iter 15120, epoch 56.0)
=> saved checkpoint 'checkpoint_scores_CNN/mnist_binary_ES_15_BAGMP/last' (iter 15120, epoch 56.0)
[Save Checkpoint] epoch: [56.0], Train score:111.61000, Test score:97.56000, train loss:-0.07053, test loss:-0.00890, ratio_train_loss:0.00000,ratio_test_loss:0.00000, var distance inter class train:0.00000,var distance inter class test:0.00000
=> saved checkpoint 'checkpoints_CNN/mnist_binary_ES_15_BAGMP/last' (iter 15390, epoch 57.0)
=> saved checkpoint 'checkpoint_scores_CNN/mnist_binary_ES_15_BAGMP/last' (iter 15390, epoch 57.0)
EarlyStopping counter: 1 out of 25
[Save Checkpoint] epoch: [57.0], Train score:111.60000, Test score:97.57000, train loss:-0.07057, test loss:-0.00953, ratio_train_loss:0.00000,ratio_test_loss:0.00000, var distance inter class train:0.00000,var distance inter class test:0.00000
=> saved checkpoint 'checkpoints_CNN/mnist_binary_ES_15_BAGMP/last' (iter 15660, epoch 58.0)
=> saved checkpoint 'checkpoint_scores_CNN/mnist_binary_ES_15_BAGMP/last' (iter 15660, epoch 58.0)
[Save Checkpoint] epoch: [58.0], Train score:111.59500, Test score:97.53000, train loss:-0.07090, test loss:-0.00808, ratio_train_loss:0.00000,ratio_test_loss:0.00000, var distance inter class train:0.00000,var distance inter class test:0.00000
=> saved checkpoint 'checkpoints_CNN/mnist_binary_ES_15_BAGMP/last' (iter 15930, epoch 59.0)
=> saved checkpoint 'checkpoint_scores_CNN/mnist_binary_ES_15_BAGMP/last' (iter 15930, epoch 59.0)
EarlyStopping counter: 1 out of 25
[Save Checkpoint] epoch: [59.0], Train score:111.62000, Test score:97.54000, train loss:-0.07105, test loss:-0.00810, ratio_train_loss:0.00000,ratio_test_loss:0.00000, var distance inter class train:0.00000,var distance inter class test:0.00000
=> saved checkpoint 'checkpoints_CNN/mnist_binary_ES_15_BAGMP/last' (iter 16200, epoch 60.0)
=> saved checkpoint 'checkpoint_scores_CNN/mnist_binary_ES_15_BAGMP/last' (iter 16200, epoch 60.0)
EarlyStopping counter: 2 out of 25
[Save Checkpoint] epoch: [60.0], Train score:111.62167, Test score:97.59000, train loss:-0.07115, test loss:-0.00969, ratio_train_loss:0.00000,ratio_test_loss:0.00000, var distance inter class train:0.00000,var distance inter class test:0.00000
=> saved checkpoint 'checkpoints_CNN/mnist_binary_ES_15_BAGMP/last' (iter 16470, epoch 61.0)
=> saved checkpoint 'checkpoint_scores_CNN/mnist_binary_ES_15_BAGMP/last' (iter 16470, epoch 61.0)
EarlyStopping counter: 3 out of 25
[Save Checkpoint] epoch: [61.0], Train score:111.64667, Test score:97.56000, train loss:-0.07180, test loss:-0.00947, ratio_train_loss:0.00000,ratio_test_loss:0.00000, var distance inter class train:0.00000,var distance inter class test:0.00000
=> saved checkpoint 'checkpoints_CNN/mnist_binary_ES_15_BAGMP/last' (iter 16740, epoch 62.0)
=> saved checkpoint 'checkpoint_scores_CNN/mnist_binary_ES_15_BAGMP/last' (iter 16740, epoch 62.0)
EarlyStopping counter: 4 out of 25
[Save Checkpoint] epoch: [62.0], Train score:111.62667, Test score:97.58000, train loss:-0.07119, test loss:-0.00924, ratio_train_loss:0.00000,ratio_test_loss:0.00000, var distance inter class train:0.00000,var distance inter class test:0.00000
Epoch    63: reducing learning rate of group 0 to 8.0000e-06.
=> saved checkpoint 'checkpoints_CNN/mnist_binary_ES_15_BAGMP/last' (iter 17010, epoch 63.0)
=> saved checkpoint 'checkpoint_scores_CNN/mnist_binary_ES_15_BAGMP/last' (iter 17010, epoch 63.0)
EarlyStopping counter: 5 out of 25
[Save Checkpoint] epoch: [63.0], Train score:111.66167, Test score:97.61000, train loss:-0.07201, test loss:-0.00876, ratio_train_loss:0.00000,ratio_test_loss:0.00000, var distance inter class train:0.00000,var distance inter class test:0.00000
=> saved checkpoint 'checkpoints_CNN/mnist_binary_ES_15_BAGMP/last' (iter 17280, epoch 64.0)
=> saved checkpoint 'checkpoint_scores_CNN/mnist_binary_ES_15_BAGMP/last' (iter 17280, epoch 64.0)
EarlyStopping counter: 6 out of 25
[Save Checkpoint] epoch: [64.0], Train score:111.71667, Test score:97.58000, train loss:-0.07320, test loss:-0.01008, ratio_train_loss:0.00000,ratio_test_loss:0.00000, var distance inter class train:0.00000,var distance inter class test:0.00000
=> saved checkpoint 'checkpoints_CNN/mnist_binary_ES_15_BAGMP/last' (iter 17550, epoch 65.0)
=> saved checkpoint 'checkpoint_scores_CNN/mnist_binary_ES_15_BAGMP/last' (iter 17550, epoch 65.0)
EarlyStopping counter: 7 out of 25
[Save Checkpoint] epoch: [65.0], Train score:111.70833, Test score:97.50000, train loss:-0.07287, test loss:-0.00843, ratio_train_loss:0.00000,ratio_test_loss:0.00000, var distance inter class train:0.00000,var distance inter class test:0.00000
=> saved checkpoint 'checkpoints_CNN/mnist_binary_ES_15_BAGMP/last' (iter 17820, epoch 66.0)
=> saved checkpoint 'checkpoint_scores_CNN/mnist_binary_ES_15_BAGMP/last' (iter 17820, epoch 66.0)
EarlyStopping counter: 8 out of 25
[Save Checkpoint] epoch: [66.0], Train score:111.69000, Test score:97.51000, train loss:-0.07249, test loss:-0.00869, ratio_train_loss:0.00000,ratio_test_loss:0.00000, var distance inter class train:0.00000,var distance inter class test:0.00000
=> saved checkpoint 'checkpoints_CNN/mnist_binary_ES_15_BAGMP/last' (iter 18090, epoch 67.0)
=> saved checkpoint 'checkpoint_scores_CNN/mnist_binary_ES_15_BAGMP/last' (iter 18090, epoch 67.0)
EarlyStopping counter: 9 out of 25
[Save Checkpoint] epoch: [67.0], Train score:111.68667, Test score:97.48000, train loss:-0.07237, test loss:-0.00805, ratio_train_loss:0.00000,ratio_test_loss:0.00000, var distance inter class train:0.00000,var distance inter class test:0.00000
Epoch    68: reducing learning rate of group 0 to 1.6000e-06.
=> saved checkpoint 'checkpoints_CNN/mnist_binary_ES_15_BAGMP/last' (iter 18360, epoch 68.0)
=> saved checkpoint 'checkpoint_scores_CNN/mnist_binary_ES_15_BAGMP/last' (iter 18360, epoch 68.0)
EarlyStopping counter: 10 out of 25
[Save Checkpoint] epoch: [68.0], Train score:111.67833, Test score:97.49000, train loss:-0.07228, test loss:-0.00845, ratio_train_loss:0.00000,ratio_test_loss:0.00000, var distance inter class train:0.00000,var distance inter class test:0.00000
=> saved checkpoint 'checkpoints_CNN/mnist_binary_ES_15_BAGMP/last' (iter 18630, epoch 69.0)
=> saved checkpoint 'checkpoint_scores_CNN/mnist_binary_ES_15_BAGMP/last' (iter 18630, epoch 69.0)
EarlyStopping counter: 11 out of 25
[Save Checkpoint] epoch: [69.0], Train score:111.70667, Test score:97.45000, train loss:-0.07279, test loss:-0.00755, ratio_train_loss:0.00000,ratio_test_loss:0.00000, var distance inter class train:0.00000,var distance inter class test:0.00000
=> saved checkpoint 'checkpoints_CNN/mnist_binary_ES_15_BAGMP/last' (iter 18900, epoch 70.0)
=> saved checkpoint 'checkpoint_scores_CNN/mnist_binary_ES_15_BAGMP/last' (iter 18900, epoch 70.0)
EarlyStopping counter: 12 out of 25
[Save Checkpoint] epoch: [70.0], Train score:111.70333, Test score:97.45000, train loss:-0.07280, test loss:-0.00729, ratio_train_loss:0.00000,ratio_test_loss:0.00000, var distance inter class train:0.00000,var distance inter class test:0.00000
=> saved checkpoint 'checkpoints_CNN/mnist_binary_ES_15_BAGMP/last' (iter 19170, epoch 71.0)
=> saved checkpoint 'checkpoint_scores_CNN/mnist_binary_ES_15_BAGMP/last' (iter 19170, epoch 71.0)
EarlyStopping counter: 13 out of 25
[Save Checkpoint] epoch: [71.0], Train score:111.70333, Test score:97.45000, train loss:-0.07275, test loss:-0.00753, ratio_train_loss:0.00000,ratio_test_loss:0.00000, var distance inter class train:0.00000,var distance inter class test:0.00000
=> saved checkpoint 'checkpoints_CNN/mnist_binary_ES_15_BAGMP/last' (iter 19440, epoch 72.0)
=> saved checkpoint 'checkpoint_scores_CNN/mnist_binary_ES_15_BAGMP/last' (iter 19440, epoch 72.0)
EarlyStopping counter: 14 out of 25
[Save Checkpoint] epoch: [72.0], Train score:111.69833, Test score:97.44000, train loss:-0.07266, test loss:-0.00718, ratio_train_loss:0.00000,ratio_test_loss:0.00000, var distance inter class train:0.00000,var distance inter class test:0.00000
Epoch    73: reducing learning rate of group 0 to 1.0000e-06.
=> saved checkpoint 'checkpoints_CNN/mnist_binary_ES_15_BAGMP/last' (iter 19710, epoch 73.0)
=> saved checkpoint 'checkpoint_scores_CNN/mnist_binary_ES_15_BAGMP/last' (iter 19710, epoch 73.0)
EarlyStopping counter: 15 out of 25
[Save Checkpoint] epoch: [73.0], Train score:111.69500, Test score:97.44000, train loss:-0.07260, test loss:-0.00723, ratio_train_loss:0.00000,ratio_test_loss:0.00000, var distance inter class train:0.00000,var distance inter class test:0.00000
=> saved checkpoint 'checkpoints_CNN/mnist_binary_ES_15_BAGMP/last' (iter 19980, epoch 74.0)
=> saved checkpoint 'checkpoint_scores_CNN/mnist_binary_ES_15_BAGMP/last' (iter 19980, epoch 74.0)
EarlyStopping counter: 16 out of 25
[Save Checkpoint] epoch: [74.0], Train score:111.69500, Test score:97.43000, train loss:-0.07252, test loss:-0.00704, ratio_train_loss:0.00000,ratio_test_loss:0.00000, var distance inter class train:0.00000,var distance inter class test:0.00000
=> saved checkpoint 'checkpoints_CNN/mnist_binary_ES_15_BAGMP/last' (iter 20250, epoch 75.0)
=> saved checkpoint 'checkpoint_scores_CNN/mnist_binary_ES_15_BAGMP/last' (iter 20250, epoch 75.0)
EarlyStopping counter: 17 out of 25
[Save Checkpoint] epoch: [75.0], Train score:111.69167, Test score:97.43000, train loss:-0.07246, test loss:-0.00718, ratio_train_loss:0.00000,ratio_test_loss:0.00000, var distance inter class train:0.00000,var distance inter class test:0.00000
=> saved checkpoint 'checkpoints_CNN/mnist_binary_ES_15_BAGMP/last' (iter 20520, epoch 76.0)
=> saved checkpoint 'checkpoint_scores_CNN/mnist_binary_ES_15_BAGMP/last' (iter 20520, epoch 76.0)
EarlyStopping counter: 18 out of 25
[Save Checkpoint] epoch: [76.0], Train score:111.68833, Test score:97.43000, train loss:-0.07241, test loss:-0.00724, ratio_train_loss:0.00000,ratio_test_loss:0.00000, var distance inter class train:0.00000,var distance inter class test:0.00000
=> saved checkpoint 'checkpoints_CNN/mnist_binary_ES_15_BAGMP/last' (iter 20790, epoch 77.0)
=> saved checkpoint 'checkpoint_scores_CNN/mnist_binary_ES_15_BAGMP/last' (iter 20790, epoch 77.0)
EarlyStopping counter: 19 out of 25
[Save Checkpoint] epoch: [77.0], Train score:111.68667, Test score:97.45000, train loss:-0.07234, test loss:-0.00774, ratio_train_loss:0.00000,ratio_test_loss:0.00000, var distance inter class train:0.00000,var distance inter class test:0.00000
=> saved checkpoint 'checkpoints_CNN/mnist_binary_ES_15_BAGMP/last' (iter 21060, epoch 78.0)
=> saved checkpoint 'checkpoint_scores_CNN/mnist_binary_ES_15_BAGMP/last' (iter 21060, epoch 78.0)
EarlyStopping counter: 20 out of 25
[Save Checkpoint] epoch: [78.0], Train score:111.68833, Test score:97.44000, train loss:-0.07234, test loss:-0.00736, ratio_train_loss:0.00000,ratio_test_loss:0.00000, var distance inter class train:0.00000,var distance inter class test:0.00000
=> saved checkpoint 'checkpoints_CNN/mnist_binary_ES_15_BAGMP/last' (iter 21330, epoch 79.0)
=> saved checkpoint 'checkpoint_scores_CNN/mnist_binary_ES_15_BAGMP/last' (iter 21330, epoch 79.0)
EarlyStopping counter: 21 out of 25
[Save Checkpoint] epoch: [79.0], Train score:111.68500, Test score:97.44000, train loss:-0.07234, test loss:-0.00741, ratio_train_loss:0.00000,ratio_test_loss:0.00000, var distance inter class train:0.00000,var distance inter class test:0.00000
=> saved checkpoint 'checkpoints_CNN/mnist_binary_ES_15_BAGMP/last' (iter 21600, epoch 80.0)
=> saved checkpoint 'checkpoint_scores_CNN/mnist_binary_ES_15_BAGMP/last' (iter 21600, epoch 80.0)
EarlyStopping counter: 22 out of 25
[Save Checkpoint] epoch: [80.0], Train score:111.68500, Test score:97.45000, train loss:-0.07234, test loss:-0.00765, ratio_train_loss:0.00000,ratio_test_loss:0.00000, var distance inter class train:0.00000,var distance inter class test:0.00000
=> saved checkpoint 'checkpoints_CNN/mnist_binary_ES_15_BAGMP/last' (iter 21870, epoch 81.0)
=> saved checkpoint 'checkpoint_scores_CNN/mnist_binary_ES_15_BAGMP/last' (iter 21870, epoch 81.0)
EarlyStopping counter: 23 out of 25
[Save Checkpoint] epoch: [81.0], Train score:111.68000, Test score:97.44000, train loss:-0.07231, test loss:-0.00750, ratio_train_loss:0.00000,ratio_test_loss:0.00000, var distance inter class train:0.00000,var distance inter class test:0.00000
=> saved checkpoint 'checkpoints_CNN/mnist_binary_ES_15_BAGMP/last' (iter 22140, epoch 82.0)
=> saved checkpoint 'checkpoint_scores_CNN/mnist_binary_ES_15_BAGMP/last' (iter 22140, epoch 82.0)
EarlyStopping counter: 24 out of 25
[Save Checkpoint] epoch: [82.0], Train score:111.67833, Test score:97.45000, train loss:-0.07222, test loss:-0.00775, ratio_train_loss:0.00000,ratio_test_loss:0.00000, var distance inter class train:0.00000,var distance inter class test:0.00000
=> saved checkpoint 'checkpoints_CNN/mnist_binary_ES_15_BAGMP/last' (iter 22410, epoch 83.0)
=> saved checkpoint 'checkpoint_scores_CNN/mnist_binary_ES_15_BAGMP/last' (iter 22410, epoch 83.0)
EarlyStopping counter: 25 out of 25
[Save Checkpoint] epoch: [83.0], Train score:111.67833, Test score:97.45000, train loss:-0.07219, test loss:-0.00769, ratio_train_loss:0.00000,ratio_test_loss:0.00000, var distance inter class train:0.00000,var distance inter class test:0.00000
Early stopping
[Training Finished]
All done !
