26
--gpu_devices 0 --max_iter 100 --batch_size 250 --use_scheduler True --lr 1e-3 --GMP True --z_struct_size 15 --z_var_size 8 --is_VAE True --is_encoder_struct False --lambda_BCE 1 --beta 1 --lambda_recons 1 --lambda_EV_class 10 --big_kernel_size 8 --two_conv_layer True --three_conv_layer True --kernel_size_1 4 --kernel_size_2 4 --kernel_size_3 4 --BK_in_first_layer True --BK_in_second_layer False --BK_in_third_layer False --stride_size 1 --hidden_filters_layer1 64 --hidden_filters_layer2 64 --hidden_filters_layer3 64 --dataset_balanced True --binary_z True --binary_first_conv False --binary_second_conv False --binary_third_conv True --use_small_lr_encoder_var False --encoder_var_name None --encoder_struct_name mnist_ES_binary_15_Hmg_dst_4_2nd_test --freeze_Encoder True --EV_classifier True --freeze_Encoder True --grad_inv True --size_average False --div_loss_per_batch True --exp_name mnist_VAE_s15Hmg4_v8_class_inv_grad_3_mon_loss_divL
Namespace(BK_in_first_layer=True, BK_in_second_layer=False, BK_in_third_layer=False, BN=False, C_max=25, C_stop_iter=100000.0, E1_AE=False, E1_VAE=False, E1_conv=False, E1_dense=False, E1_second_conv=False, E1_second_conv_adapt=False, ES_reconstruction=False, EV_classifier=True, GMP=True, Hmg_dst_loss=False, IPC=False, L1_norm_act=False, L1_norm_weights=False, L2_dst_loss=False, L3_without_random=False, LOG_DIR='logs', PT_model=False, PT_model_EV_classifier=False, adapt_lr=False, add_classification_layer=True, add_dl_class=False, add_linear_after_GMP=True, add_z_struct_bottleneck=False, alpha=32, batch_size=250, beta=1.0, beta1=0.9, beta2=0.999, big_kernel=False, big_kernel_size=8, bin_after_GMP=False, binary_chain=False, binary_first_conv=False, binary_second_conv=False, binary_third_conv=True, binary_z=True, both_decoders_freeze=False, ckpt_dir='checkpoints_CNN', ckpt_dir_scores='checkpoint_scores_CNN', classif_layer_size=30, contrastive_loss=False, cuda=True, dataset='mnist', dataset_balanced=True, decoder_first_dense=36, decoder_kernel_size_1=4, decoder_kernel_size_2=3, decoder_kernel_size_3=4, decoder_n_filter_1=64, decoder_n_filter_2=64, decoder_n_filter_3=64, decoder_name='None', decoder_stride_1=2, decoder_stride_2=2, decoder_stride_3=1, diff_var=False, display_step=10000, div_loss_per_batch=True, dset_dir='data', encoder_struct_name='mnist_ES_binary_15_Hmg_dst_4_2nd_test', encoder_var_name='None', exp_name='mnist_VAE_s15Hmg4_v8_class_inv_grad_3_mon_loss_divL', fine_tune_decoder=False, freeze_Encoder=True, gamma=1000, gpu_devices=[0], grad_inv=True, hidden_dim=20, hidden_filters_layer1=64, hidden_filters_layer2=64, hidden_filters_layer3=64, image_size=64, intra_class_variance_loss=False, is_C=True, is_E1=False, is_VAE=True, is_VAE_var=False, is_binary_structural_latent=False, is_custom_model=False, is_custom_model_BK=False, is_default_model=False, is_encoder_struct=False, is_noise_stats=False, is_partial_rand_class=False, is_perturbed_score=False, is_zvar_sim_loss=False, just_train=False, kernel_size=4, kernel_size_1=4, kernel_size_2=4, kernel_size_3=4, lambda_BCE=1.0, lambda_EV_class=10.0, lambda_Kl_struct=1, lambda_Kl_var=1, lambda_L1=0.01, lambda_L2_dst=1, lambda_VAE=1, lambda_class=1, lambda_contrastive_loss=1, lambda_distance_mean=1, lambda_hmg_dst=1, lambda_intra_class_var=1, lambda_partial_class=1, lambda_ratio_reg=1, lambda_recon_wt_rand=1, lambda_recons=1.0, lambda_struct_recons_class=1, lambda_uniq_code_dst=1, lambda_var_distance=1, lambda_var_inter=1, lambda_var_intra=1, lambda_zvar_sim=1, latent_spec_cont=None, latent_spec_cont_class=None, latent_spec_cont_var=None, latent_spec_disc=None, latent_spec_disc_class=None, latent_spec_disc_var=None, log_level='info', loss='Proxy_Anchor', loss_ES_reconstruction=False, loss_distance_mean=False, loss_min_distance_cl=False, loss_struct_recons_class=False, lr=0.001, max_epoch_use_uniq_code_target=5, max_iter=100.0, model='CNN', mrg=0.1, n_samples=1, nb_epochs_train_only_zvar=0, num_workers=2, old_weighted=False, optimizer='adamw', other_architecture=False, other_ratio=False, random_percentage=0.2, random_seed=10, randomness=True, ratio_reg=False, remark='', save_step=10000, second_layer_C=False, seed=1, size_average=False, stride_size=1, sz_embedding=5, three_conv_layer=True, train=True, train_var_struct_alternatively=False, transforms=False, two_conv_layer=True, two_encoder=False, uniq_code_dst_loss=False, uniq_data_dataset=False, use_VAE=False, use_decoder=False, use_early_stopping=True, use_scheduler=True, use_small_lr_encoder_var=False, use_structural_encoder=False, value_target_distance_mean=1, var_hidden_dim=256, var_hidden_filters_1=32, var_hidden_filters_2=32, var_hidden_filters_3=32, var_kernel_size_1=3, var_kernel_size_2=3, var_kernel_size_3=3, var_second_cnn_block=True, var_stride_size_1=1, var_stride_size_2=1, var_stride_size_3=1, var_third_cnn_block=False, var_three_conv_layer=False, warm=1, without_acc=False, z_struct_size=15, z_var_size=8, zeros_W_Classif=False, zvar_sim_change_zvar=False, zvar_sim_loss_for_all_model=False, zvar_sim_loss_only_for_encoder=False, zvar_sim_normal=False, zvar_sim_var_rand=False)
CUDA Visible devices !
[Using Seed: 10]
Balanced dataset loaded
VAE doesn't exist but encoder struct yes ! load struct encoder weighs !
=> loaded checkpoint 'checkpoints_CNN/mnist_ES_binary_15_Hmg_dst_4_2nd_test/last (iter 7020)'
Weighs loaded for struct encoder !
use 1 gpu who named: Tesla V100-SXM2-32GB
VAE(
  (encoder_struct): Sequential(
    (0): Conv2d(1, 64, kernel_size=(8, 8), stride=(1, 1))
    (1): BatchNorm2d(64, eps=1e-05, momentum=0.1, affine=True, track_running_stats=True)
    (2): ReLU(inplace=True)
    (3): Conv2d(64, 64, kernel_size=(4, 4), stride=(1, 1))
    (4): BatchNorm2d(64, eps=1e-05, momentum=0.1, affine=True, track_running_stats=True)
    (5): ReLU(inplace=True)
    (6): Conv2d(64, 15, kernel_size=(4, 4), stride=(1, 1))
    (7): BatchNorm2d(15, eps=1e-05, momentum=0.1, affine=True, track_running_stats=True)
    (8): ReLU(inplace=True)
    (9): AdaptiveMaxPool2d(output_size=(1, 1))
    (10): View()
    (11): DeterministicBinaryActivation(
      (act): Hardsigmoid(
        (act): Hardtanh(min_val=-1.0, max_val=1.0)
      )
    )
  )
  (decoder): Sequential(
    (0): Linear(in_features=23, out_features=1600, bias=True)
    (1): ReLU(inplace=True)
    (2): View()
    (3): ConvTranspose2d(64, 64, kernel_size=(4, 4), stride=(2, 2), padding=(1, 1))
    (4): ReLU(inplace=True)
    (5): ConvTranspose2d(64, 64, kernel_size=(3, 3), stride=(1, 1))
    (6): ReLU(inplace=True)
    (7): ConvTranspose2d(64, 32, kernel_size=(3, 3), stride=(1, 1))
    (8): ReLU(inplace=True)
    (9): ConvTranspose2d(32, 32, kernel_size=(4, 4), stride=(2, 2), padding=(1, 1))
    (10): ReLU(inplace=True)
    (11): ConvTranspose2d(32, 32, kernel_size=(3, 3), stride=(1, 1))
    (12): ReLU(inplace=True)
    (13): ConvTranspose2d(32, 1, kernel_size=(3, 3), stride=(1, 1))
    (14): Sigmoid()
  )
  (encoder_var): Sequential(
    (0): Conv2d(1, 32, kernel_size=(3, 3), stride=(1, 1))
    (1): ReLU(inplace=True)
    (2): BatchNorm2d(32, eps=1e-05, momentum=0.1, affine=True, track_running_stats=True)
    (3): Conv2d(32, 32, kernel_size=(3, 3), stride=(1, 1))
    (4): ReLU(inplace=True)
    (5): BatchNorm2d(32, eps=1e-05, momentum=0.1, affine=True, track_running_stats=True)
    (6): Conv2d(32, 32, kernel_size=(5, 5), stride=(2, 2), padding=(2, 2))
    (7): ReLU(inplace=True)
    (8): BatchNorm2d(32, eps=1e-05, momentum=0.1, affine=True, track_running_stats=True)
    (9): Dropout(p=0.4, inplace=False)
    (10): Conv2d(32, 64, kernel_size=(3, 3), stride=(1, 1))
    (11): ReLU(inplace=True)
    (12): BatchNorm2d(64, eps=1e-05, momentum=0.1, affine=True, track_running_stats=True)
    (13): Conv2d(64, 64, kernel_size=(3, 3), stride=(1, 1))
    (14): ReLU(inplace=True)
    (15): BatchNorm2d(64, eps=1e-05, momentum=0.1, affine=True, track_running_stats=True)
    (16): Conv2d(64, 64, kernel_size=(5, 5), stride=(2, 2), padding=(2, 2))
    (17): ReLU(inplace=True)
    (18): BatchNorm2d(64, eps=1e-05, momentum=0.1, affine=True, track_running_stats=True)
    (19): Dropout(p=0.4, inplace=False)
    (20): View()
    (21): Linear(in_features=1600, out_features=16, bias=True)
  )
  (var_classifier): Sequential(
    (0): RevGrad()
    (1): Linear(in_features=8, out_features=10, bias=True)
  )
)
The number of parameters of model is 490136
=> saved checkpoint 'checkpoints_CNN/mnist_VAE_s15Hmg4_v8_class_inv_grad_3_mon_loss_divL/last' (iter 270, epoch 1.0)
score EV: 11.095. Score ES: 0.0
score EV: 9.73. Score ES: 0.0
=> saved checkpoint 'checkpoint_scores_CNN/mnist_VAE_s15Hmg4_v8_class_inv_grad_3_mon_loss_divL/last' (iter 270, epoch 1.0)
[Save Checkpoint] epoch: [1.0], Train set: total:102732.39844, BCE:130418.92969, KLD:4668.54639, BCE_ES:0.00000, NLL_loss_EV:-23.85979, NLL_loss_ES:0.00000, Score_ES:0.00000, Score_EV:11.09500
[Save Checkpoint] epoch: [1.0], Test set: total:537595.56250, BCE:524169.75000, KLD:18731.75586, BCE_ES:0.00000, NLL_loss_EV:-94.56984, NLL_loss_ES:0.00000, Score_ES:0.00000, Score_EV:9.73000
=> saved checkpoint 'checkpoints_CNN/mnist_VAE_s15Hmg4_v8_class_inv_grad_3_mon_loss_divL/last' (iter 540, epoch 2.0)
score EV: 26.023333333333333. Score ES: 0.0
score EV: 23.26. Score ES: 0.0
=> saved checkpoint 'checkpoint_scores_CNN/mnist_VAE_s15Hmg4_v8_class_inv_grad_3_mon_loss_divL/last' (iter 540, epoch 2.0)
[Save Checkpoint] epoch: [2.0], Train set: total:60806.41797, BCE:119167.46094, KLD:4403.34326, BCE_ES:0.00000, NLL_loss_EV:-46.38457, NLL_loss_ES:0.00000, Score_ES:0.00000, Score_EV:26.02333
[Save Checkpoint] epoch: [2.0], Test set: total:488591.71875, BCE:481202.40625, KLD:17563.25586, BCE_ES:0.00000, NLL_loss_EV:-182.65312, NLL_loss_ES:0.00000, Score_ES:0.00000, Score_EV:23.26000
=> saved checkpoint 'checkpoints_CNN/mnist_VAE_s15Hmg4_v8_class_inv_grad_3_mon_loss_divL/last' (iter 810, epoch 3.0)
score EV: 35.955. Score ES: 0.0
score EV: 32.3. Score ES: 0.0
=> saved checkpoint 'checkpoint_scores_CNN/mnist_VAE_s15Hmg4_v8_class_inv_grad_3_mon_loss_divL/last' (iter 810, epoch 3.0)
[Save Checkpoint] epoch: [3.0], Train set: total:35071.64844, BCE:117303.94531, KLD:4383.23535, BCE_ES:0.00000, NLL_loss_EV:-64.14305, NLL_loss_ES:0.00000, Score_ES:0.00000, Score_EV:35.95500
[Save Checkpoint] epoch: [3.0], Test set: total:477062.46875, BCE:474031.84375, KLD:17457.62305, BCE_ES:0.00000, NLL_loss_EV:-257.47855, NLL_loss_ES:0.00000, Score_ES:0.00000, Score_EV:32.30000
=> saved checkpoint 'checkpoints_CNN/mnist_VAE_s15Hmg4_v8_class_inv_grad_3_mon_loss_divL/last' (iter 1080, epoch 4.0)
score EV: 49.403333333333336. Score ES: 0.0
score EV: 44.81. Score ES: 0.0
=> saved checkpoint 'checkpoint_scores_CNN/mnist_VAE_s15Hmg4_v8_class_inv_grad_3_mon_loss_divL/last' (iter 1080, epoch 4.0)
[Save Checkpoint] epoch: [4.0], Train set: total:9781.44238, BCE:115370.98438, KLD:4320.38867, BCE_ES:0.00000, NLL_loss_EV:-81.69447, NLL_loss_ES:0.00000, Score_ES:0.00000, Score_EV:49.40333
[Save Checkpoint] epoch: [4.0], Test set: total:465495.31250, BCE:466563.31250, KLD:17199.77734, BCE_ES:0.00000, NLL_loss_EV:-328.67172, NLL_loss_ES:0.00000, Score_ES:0.00000, Score_EV:44.81000
=> saved checkpoint 'checkpoints_CNN/mnist_VAE_s15Hmg4_v8_class_inv_grad_3_mon_loss_divL/last' (iter 1350, epoch 5.0)
score EV: 56.14666666666667. Score ES: 0.0
score EV: 51.35. Score ES: 0.0
=> saved checkpoint 'checkpoint_scores_CNN/mnist_VAE_s15Hmg4_v8_class_inv_grad_3_mon_loss_divL/last' (iter 1350, epoch 5.0)
[Save Checkpoint] epoch: [5.0], Train set: total:-9625.65918, BCE:114270.01562, KLD:4264.60791, BCE_ES:0.00000, NLL_loss_EV:-95.20777, NLL_loss_ES:0.00000, Score_ES:0.00000, Score_EV:56.14667
[Save Checkpoint] epoch: [5.0], Test set: total:458050.59375, BCE:462475.75000, KLD:16972.30078, BCE_ES:0.00000, NLL_loss_EV:-388.54068, NLL_loss_ES:0.00000, Score_ES:0.00000, Score_EV:51.35000
=> saved checkpoint 'checkpoints_CNN/mnist_VAE_s15Hmg4_v8_class_inv_grad_3_mon_loss_divL/last' (iter 1620, epoch 6.0)
score EV: 56.666666666666664. Score ES: 0.0
score EV: 52.37. Score ES: 0.0
=> saved checkpoint 'checkpoint_scores_CNN/mnist_VAE_s15Hmg4_v8_class_inv_grad_3_mon_loss_divL/last' (iter 1620, epoch 6.0)
[Save Checkpoint] epoch: [6.0], Train set: total:-14478.50391, BCE:113237.87500, KLD:4267.04639, BCE_ES:0.00000, NLL_loss_EV:-98.04533, NLL_loss_ES:0.00000, Score_ES:0.00000, Score_EV:56.66667
[Save Checkpoint] epoch: [6.0], Test set: total:453596.84375, BCE:458566.75000, KLD:16977.76367, BCE_ES:0.00000, NLL_loss_EV:-402.42307, NLL_loss_ES:0.00000, Score_ES:0.00000, Score_EV:52.37000
=> saved checkpoint 'checkpoints_CNN/mnist_VAE_s15Hmg4_v8_class_inv_grad_3_mon_loss_divL/last' (iter 1890, epoch 7.0)
score EV: 56.223333333333336. Score ES: 0.0
score EV: 51.67. Score ES: 0.0
=> saved checkpoint 'checkpoint_scores_CNN/mnist_VAE_s15Hmg4_v8_class_inv_grad_3_mon_loss_divL/last' (iter 1890, epoch 7.0)
[Save Checkpoint] epoch: [7.0], Train set: total:-17908.99609, BCE:112345.85938, KLD:4256.73877, BCE_ES:0.00000, NLL_loss_EV:-99.90064, NLL_loss_ES:0.00000, Score_ES:0.00000, Score_EV:56.22333
[Save Checkpoint] epoch: [7.0], Test set: total:449952.21875, BCE:455304.59375, KLD:16946.72852, BCE_ES:0.00000, NLL_loss_EV:-409.42688, NLL_loss_ES:0.00000, Score_ES:0.00000, Score_EV:51.67000
=> saved checkpoint 'checkpoints_CNN/mnist_VAE_s15Hmg4_v8_class_inv_grad_3_mon_loss_divL/last' (iter 2160, epoch 8.0)
score EV: 55.218333333333334. Score ES: 0.0
score EV: 51.06. Score ES: 0.0
=> saved checkpoint 'checkpoint_scores_CNN/mnist_VAE_s15Hmg4_v8_class_inv_grad_3_mon_loss_divL/last' (iter 2160, epoch 8.0)
[Save Checkpoint] epoch: [8.0], Train set: total:-18644.39062, BCE:111871.45312, KLD:4275.81885, BCE_ES:0.00000, NLL_loss_EV:-100.06577, NLL_loss_ES:0.00000, Score_ES:0.00000, Score_EV:55.21833
[Save Checkpoint] epoch: [8.0], Test set: total:448171.00000, BCE:453516.40625, KLD:17015.15430, BCE_ES:0.00000, NLL_loss_EV:-410.70273, NLL_loss_ES:0.00000, Score_ES:0.00000, Score_EV:51.06000
=> saved checkpoint 'checkpoints_CNN/mnist_VAE_s15Hmg4_v8_class_inv_grad_3_mon_loss_divL/last' (iter 2430, epoch 9.0)
score EV: 54.44833333333333. Score ES: 0.0
score EV: 49.83. Score ES: 0.0
=> saved checkpoint 'checkpoint_scores_CNN/mnist_VAE_s15Hmg4_v8_class_inv_grad_3_mon_loss_divL/last' (iter 2430, epoch 9.0)
[Save Checkpoint] epoch: [9.0], Train set: total:-19012.51953, BCE:111479.60156, KLD:4279.46045, BCE_ES:0.00000, NLL_loss_EV:-100.02366, NLL_loss_ES:0.00000, Score_ES:0.00000, Score_EV:54.44833
[Save Checkpoint] epoch: [9.0], Test set: total:446897.59375, BCE:452162.31250, KLD:17013.37695, BCE_ES:0.00000, NLL_loss_EV:-409.77658, NLL_loss_ES:0.00000, Score_ES:0.00000, Score_EV:49.83000
=> saved checkpoint 'checkpoints_CNN/mnist_VAE_s15Hmg4_v8_class_inv_grad_3_mon_loss_divL/last' (iter 2700, epoch 10.0)
score EV: 53.135. Score ES: 0.0
score EV: 48.42. Score ES: 0.0
=> saved checkpoint 'checkpoint_scores_CNN/mnist_VAE_s15Hmg4_v8_class_inv_grad_3_mon_loss_divL/last' (iter 2700, epoch 10.0)
[Save Checkpoint] epoch: [10.0], Train set: total:-16290.98535, BCE:111423.85938, KLD:4205.55176, BCE_ES:0.00000, NLL_loss_EV:-97.94511, NLL_loss_ES:0.00000, Score_ES:0.00000, Score_EV:53.13500
[Save Checkpoint] epoch: [10.0], Test set: total:447217.09375, BCE:452204.59375, KLD:16716.78125, BCE_ES:0.00000, NLL_loss_EV:-397.63336, NLL_loss_ES:0.00000, Score_ES:0.00000, Score_EV:48.42000
=> saved checkpoint 'checkpoints_CNN/mnist_VAE_s15Hmg4_v8_class_inv_grad_3_mon_loss_divL/last' (iter 2970, epoch 11.0)
score EV: 51.92. Score ES: 0.0
score EV: 47.31. Score ES: 0.0
=> saved checkpoint 'checkpoint_scores_CNN/mnist_VAE_s15Hmg4_v8_class_inv_grad_3_mon_loss_divL/last' (iter 2970, epoch 11.0)
[Save Checkpoint] epoch: [11.0], Train set: total:-15051.03027, BCE:111207.28906, KLD:4209.26953, BCE_ES:0.00000, NLL_loss_EV:-96.97617, NLL_loss_ES:0.00000, Score_ES:0.00000, Score_EV:51.92000
[Save Checkpoint] epoch: [11.0], Test set: total:446723.46875, BCE:451464.40625, KLD:16739.91992, BCE_ES:0.00000, NLL_loss_EV:-393.97385, NLL_loss_ES:0.00000, Score_ES:0.00000, Score_EV:47.31000
=> saved checkpoint 'checkpoints_CNN/mnist_VAE_s15Hmg4_v8_class_inv_grad_3_mon_loss_divL/last' (iter 3240, epoch 12.0)
score EV: 51.67666666666667. Score ES: 0.0
score EV: 47.17. Score ES: 0.0
=> saved checkpoint 'checkpoint_scores_CNN/mnist_VAE_s15Hmg4_v8_class_inv_grad_3_mon_loss_divL/last' (iter 3240, epoch 12.0)
[Save Checkpoint] epoch: [12.0], Train set: total:-16678.27148, BCE:110860.31250, KLD:4294.21826, BCE_ES:0.00000, NLL_loss_EV:-97.90836, NLL_loss_ES:0.00000, Score_ES:0.00000, Score_EV:51.67667
[Save Checkpoint] epoch: [12.0], Test set: total:445400.90625, BCE:450185.96875, KLD:17071.95117, BCE_ES:0.00000, NLL_loss_EV:-398.32858, NLL_loss_ES:0.00000, Score_ES:0.00000, Score_EV:47.17000
=> saved checkpoint 'checkpoints_CNN/mnist_VAE_s15Hmg4_v8_class_inv_grad_3_mon_loss_divL/last' (iter 3510, epoch 13.0)
score EV: 50.32666666666667. Score ES: 0.0
score EV: 46.06. Score ES: 0.0
=> saved checkpoint 'checkpoint_scores_CNN/mnist_VAE_s15Hmg4_v8_class_inv_grad_3_mon_loss_divL/last' (iter 3510, epoch 13.0)
EarlyStopping counter: 1 out of 25
[Save Checkpoint] epoch: [13.0], Train set: total:-15188.13770, BCE:110837.75000, KLD:4250.26660, BCE_ES:0.00000, NLL_loss_EV:-96.74613, NLL_loss_ES:0.00000, Score_ES:0.00000, Score_EV:50.32667
[Save Checkpoint] epoch: [13.0], Test set: total:445460.00000, BCE:450181.71875, KLD:16888.98242, BCE_ES:0.00000, NLL_loss_EV:-395.40457, NLL_loss_ES:0.00000, Score_ES:0.00000, Score_EV:46.06000
=> saved checkpoint 'checkpoints_CNN/mnist_VAE_s15Hmg4_v8_class_inv_grad_3_mon_loss_divL/last' (iter 3780, epoch 14.0)
score EV: 48.69166666666667. Score ES: 0.0
score EV: 44.93. Score ES: 0.0
=> saved checkpoint 'checkpoint_scores_CNN/mnist_VAE_s15Hmg4_v8_class_inv_grad_3_mon_loss_divL/last' (iter 3780, epoch 14.0)
[Save Checkpoint] epoch: [14.0], Train set: total:-12335.12891, BCE:110614.92188, KLD:4269.58887, BCE_ES:0.00000, NLL_loss_EV:-94.45184, NLL_loss_ES:0.00000, Score_ES:0.00000, Score_EV:48.69167
[Save Checkpoint] epoch: [14.0], Test set: total:445331.71875, BCE:449604.50000, KLD:16939.18359, BCE_ES:0.00000, NLL_loss_EV:-387.59772, NLL_loss_ES:0.00000, Score_ES:0.00000, Score_EV:44.93000
=> saved checkpoint 'checkpoints_CNN/mnist_VAE_s15Hmg4_v8_class_inv_grad_3_mon_loss_divL/last' (iter 4050, epoch 15.0)
score EV: 47.486666666666665. Score ES: 0.0
score EV: 44.04. Score ES: 0.0
=> saved checkpoint 'checkpoint_scores_CNN/mnist_VAE_s15Hmg4_v8_class_inv_grad_3_mon_loss_divL/last' (iter 4050, epoch 15.0)
[Save Checkpoint] epoch: [15.0], Train set: total:-9830.00000, BCE:110412.91406, KLD:4183.51172, BCE_ES:0.00000, NLL_loss_EV:-92.30291, NLL_loss_ES:0.00000, Score_ES:0.00000, Score_EV:47.48667
[Save Checkpoint] epoch: [15.0], Test set: total:444707.31250, BCE:448895.46875, KLD:16625.78711, BCE_ES:0.00000, NLL_loss_EV:-378.85196, NLL_loss_ES:0.00000, Score_ES:0.00000, Score_EV:44.04000
=> saved checkpoint 'checkpoints_CNN/mnist_VAE_s15Hmg4_v8_class_inv_grad_3_mon_loss_divL/last' (iter 4320, epoch 16.0)
score EV: 46.26. Score ES: 0.0
score EV: 42.54. Score ES: 0.0
=> saved checkpoint 'checkpoint_scores_CNN/mnist_VAE_s15Hmg4_v8_class_inv_grad_3_mon_loss_divL/last' (iter 4320, epoch 16.0)
[Save Checkpoint] epoch: [16.0], Train set: total:-6833.72217, BCE:110242.80469, KLD:4164.59180, BCE_ES:0.00000, NLL_loss_EV:-90.02515, NLL_loss_ES:0.00000, Score_ES:0.00000, Score_EV:46.26000
[Save Checkpoint] epoch: [16.0], Test set: total:444588.06250, BCE:448343.00000, KLD:16524.83594, BCE_ES:0.00000, NLL_loss_EV:-369.58957, NLL_loss_ES:0.00000, Score_ES:0.00000, Score_EV:42.54000
=> saved checkpoint 'checkpoints_CNN/mnist_VAE_s15Hmg4_v8_class_inv_grad_3_mon_loss_divL/last' (iter 4590, epoch 17.0)
score EV: 45.263333333333335. Score ES: 0.0
score EV: 41.76. Score ES: 0.0
=> saved checkpoint 'checkpoint_scores_CNN/mnist_VAE_s15Hmg4_v8_class_inv_grad_3_mon_loss_divL/last' (iter 4590, epoch 17.0)
EarlyStopping counter: 1 out of 25
[Save Checkpoint] epoch: [17.0], Train set: total:-6315.83496, BCE:110086.15625, KLD:4290.49707, BCE_ES:0.00000, NLL_loss_EV:-89.59526, NLL_loss_ES:0.00000, Score_ES:0.00000, Score_EV:45.26333
[Save Checkpoint] epoch: [17.0], Test set: total:444738.59375, BCE:447940.15625, KLD:17022.31055, BCE_ES:0.00000, NLL_loss_EV:-367.96149, NLL_loss_ES:0.00000, Score_ES:0.00000, Score_EV:41.76000
=> saved checkpoint 'checkpoints_CNN/mnist_VAE_s15Hmg4_v8_class_inv_grad_3_mon_loss_divL/last' (iter 4860, epoch 18.0)
score EV: 43.59. Score ES: 0.0
score EV: 40.12. Score ES: 0.0
=> saved checkpoint 'checkpoint_scores_CNN/mnist_VAE_s15Hmg4_v8_class_inv_grad_3_mon_loss_divL/last' (iter 4860, epoch 18.0)
[Save Checkpoint] epoch: [18.0], Train set: total:-2210.22461, BCE:110133.72656, KLD:4189.70850, BCE_ES:0.00000, NLL_loss_EV:-86.49340, NLL_loss_ES:0.00000, Score_ES:0.00000, Score_EV:43.59000
[Save Checkpoint] epoch: [18.0], Test set: total:445261.15625, BCE:448162.31250, KLD:16618.36133, BCE_ES:0.00000, NLL_loss_EV:-353.24527, NLL_loss_ES:0.00000, Score_ES:0.00000, Score_EV:40.12000
=> saved checkpoint 'checkpoints_CNN/mnist_VAE_s15Hmg4_v8_class_inv_grad_3_mon_loss_divL/last' (iter 5130, epoch 19.0)
score EV: 42.836666666666666. Score ES: 0.0
score EV: 39.55. Score ES: 0.0
=> saved checkpoint 'checkpoint_scores_CNN/mnist_VAE_s15Hmg4_v8_class_inv_grad_3_mon_loss_divL/last' (iter 5130, epoch 19.0)
EarlyStopping counter: 1 out of 25
[Save Checkpoint] epoch: [19.0], Train set: total:-991.29047, BCE:110124.04688, KLD:4241.53613, BCE_ES:0.00000, NLL_loss_EV:-85.63625, NLL_loss_ES:0.00000, Score_ES:0.00000, Score_EV:42.83667
[Save Checkpoint] epoch: [19.0], Test set: total:445750.56250, BCE:448293.21875, KLD:16825.30273, BCE_ES:0.00000, NLL_loss_EV:-351.32388, NLL_loss_ES:0.00000, Score_ES:0.00000, Score_EV:39.55000
=> saved checkpoint 'checkpoints_CNN/mnist_VAE_s15Hmg4_v8_class_inv_grad_3_mon_loss_divL/last' (iter 5400, epoch 20.0)
score EV: 41.92333333333333. Score ES: 0.0
score EV: 38.25. Score ES: 0.0
=> saved checkpoint 'checkpoint_scores_CNN/mnist_VAE_s15Hmg4_v8_class_inv_grad_3_mon_loss_divL/last' (iter 5400, epoch 20.0)
EarlyStopping counter: 2 out of 25
[Save Checkpoint] epoch: [20.0], Train set: total:1329.86755, BCE:110005.82812, KLD:4248.59668, BCE_ES:0.00000, NLL_loss_EV:-83.87119, NLL_loss_ES:0.00000, Score_ES:0.00000, Score_EV:41.92333
[Save Checkpoint] epoch: [20.0], Test set: total:445934.81250, BCE:448006.71875, KLD:16845.90234, BCE_ES:0.00000, NLL_loss_EV:-342.43564, NLL_loss_ES:0.00000, Score_ES:0.00000, Score_EV:38.25000
=> saved checkpoint 'checkpoints_CNN/mnist_VAE_s15Hmg4_v8_class_inv_grad_3_mon_loss_divL/last' (iter 5670, epoch 21.0)
score EV: 39.99. Score ES: 0.0
score EV: 36.53. Score ES: 0.0
=> saved checkpoint 'checkpoint_scores_CNN/mnist_VAE_s15Hmg4_v8_class_inv_grad_3_mon_loss_divL/last' (iter 5670, epoch 21.0)
EarlyStopping counter: 3 out of 25
[Save Checkpoint] epoch: [21.0], Train set: total:5198.26660, BCE:109656.82031, KLD:4191.31641, BCE_ES:0.00000, NLL_loss_EV:-80.71260, NLL_loss_ES:0.00000, Score_ES:0.00000, Score_EV:39.99000
[Save Checkpoint] epoch: [21.0], Test set: total:445105.59375, BCE:446710.96875, KLD:16626.79688, BCE_ES:0.00000, NLL_loss_EV:-329.18488, NLL_loss_ES:0.00000, Score_ES:0.00000, Score_EV:36.53000
=> saved checkpoint 'checkpoints_CNN/mnist_VAE_s15Hmg4_v8_class_inv_grad_3_mon_loss_divL/last' (iter 5940, epoch 22.0)
score EV: 39.625. Score ES: 0.0
score EV: 36.29. Score ES: 0.0
=> saved checkpoint 'checkpoint_scores_CNN/mnist_VAE_s15Hmg4_v8_class_inv_grad_3_mon_loss_divL/last' (iter 5940, epoch 22.0)
[Save Checkpoint] epoch: [22.0], Train set: total:5678.52295, BCE:109586.32031, KLD:4264.08105, BCE_ES:0.00000, NLL_loss_EV:-80.38000, NLL_loss_ES:0.00000, Score_ES:0.00000, Score_EV:39.62500
[Save Checkpoint] epoch: [22.0], Test set: total:445300.46875, BCE:446507.75000, KLD:16903.52148, BCE_ES:0.00000, NLL_loss_EV:-327.48273, NLL_loss_ES:0.00000, Score_ES:0.00000, Score_EV:36.29000
=> saved checkpoint 'checkpoints_CNN/mnist_VAE_s15Hmg4_v8_class_inv_grad_3_mon_loss_divL/last' (iter 6210, epoch 23.0)
score EV: 38.04333333333334. Score ES: 0.0
score EV: 34.72. Score ES: 0.0
=> saved checkpoint 'checkpoint_scores_CNN/mnist_VAE_s15Hmg4_v8_class_inv_grad_3_mon_loss_divL/last' (iter 6210, epoch 23.0)
EarlyStopping counter: 1 out of 25
[Save Checkpoint] epoch: [23.0], Train set: total:8968.26855, BCE:109614.46094, KLD:4188.68848, BCE_ES:0.00000, NLL_loss_EV:-77.82240, NLL_loss_ES:0.00000, Score_ES:0.00000, Score_EV:38.04333
[Save Checkpoint] epoch: [23.0], Test set: total:445790.31250, BCE:446688.84375, KLD:16608.12891, BCE_ES:0.00000, NLL_loss_EV:-316.13467, NLL_loss_ES:0.00000, Score_ES:0.00000, Score_EV:34.72000
=> saved checkpoint 'checkpoints_CNN/mnist_VAE_s15Hmg4_v8_class_inv_grad_3_mon_loss_divL/last' (iter 6480, epoch 24.0)
score EV: 36.58166666666666. Score ES: 0.0
score EV: 33.23. Score ES: 0.0
=> saved checkpoint 'checkpoint_scores_CNN/mnist_VAE_s15Hmg4_v8_class_inv_grad_3_mon_loss_divL/last' (iter 6480, epoch 24.0)
[Save Checkpoint] epoch: [24.0], Train set: total:12290.47266, BCE:109631.08594, KLD:4219.70703, BCE_ES:0.00000, NLL_loss_EV:-75.38969, NLL_loss_ES:0.00000, Score_ES:0.00000, Score_EV:36.58167
[Save Checkpoint] epoch: [24.0], Test set: total:446802.00000, BCE:447008.15625, KLD:16719.08984, BCE_ES:0.00000, NLL_loss_EV:-306.45947, NLL_loss_ES:0.00000, Score_ES:0.00000, Score_EV:33.23000
=> saved checkpoint 'checkpoints_CNN/mnist_VAE_s15Hmg4_v8_class_inv_grad_3_mon_loss_divL/last' (iter 6750, epoch 25.0)
score EV: 35.35166666666667. Score ES: 0.0
score EV: 32.07. Score ES: 0.0
=> saved checkpoint 'checkpoint_scores_CNN/mnist_VAE_s15Hmg4_v8_class_inv_grad_3_mon_loss_divL/last' (iter 6750, epoch 25.0)
[Save Checkpoint] epoch: [25.0], Train set: total:15382.79395, BCE:109559.77344, KLD:4191.53271, BCE_ES:0.00000, NLL_loss_EV:-72.96001, NLL_loss_ES:0.00000, Score_ES:0.00000, Score_EV:35.35167
[Save Checkpoint] epoch: [25.0], Test set: total:447053.90625, BCE:446775.96875, KLD:16608.77148, BCE_ES:0.00000, NLL_loss_EV:-295.81488, NLL_loss_ES:0.00000, Score_ES:0.00000, Score_EV:32.07000
=> saved checkpoint 'checkpoints_CNN/mnist_VAE_s15Hmg4_v8_class_inv_grad_3_mon_loss_divL/last' (iter 7020, epoch 26.0)
score EV: 34.266666666666666. Score ES: 0.0
score EV: 31.14. Score ES: 0.0
=> saved checkpoint 'checkpoint_scores_CNN/mnist_VAE_s15Hmg4_v8_class_inv_grad_3_mon_loss_divL/last' (iter 7020, epoch 26.0)
[Save Checkpoint] epoch: [26.0], Train set: total:17114.04688, BCE:109425.04688, KLD:4187.38281, BCE_ES:0.00000, NLL_loss_EV:-71.50613, NLL_loss_ES:0.00000, Score_ES:0.00000, Score_EV:34.26667
[Save Checkpoint] epoch: [26.0], Test set: total:447103.96875, BCE:446334.71875, KLD:16574.72852, BCE_ES:0.00000, NLL_loss_EV:-287.49814, NLL_loss_ES:0.00000, Score_ES:0.00000, Score_EV:31.14000
=> saved checkpoint 'checkpoints_CNN/mnist_VAE_s15Hmg4_v8_class_inv_grad_3_mon_loss_divL/last' (iter 7290, epoch 27.0)
score EV: 33.395. Score ES: 0.0
score EV: 30.09. Score ES: 0.0
=> saved checkpoint 'checkpoint_scores_CNN/mnist_VAE_s15Hmg4_v8_class_inv_grad_3_mon_loss_divL/last' (iter 7290, epoch 27.0)
EarlyStopping counter: 1 out of 25
[Save Checkpoint] epoch: [27.0], Train set: total:19596.21484, BCE:109346.53906, KLD:4176.71436, BCE_ES:0.00000, NLL_loss_EV:-69.66307, NLL_loss_ES:0.00000, Score_ES:0.00000, Score_EV:33.39500
[Save Checkpoint] epoch: [27.0], Test set: total:447256.50000, BCE:446154.59375, KLD:16539.34570, BCE_ES:0.00000, NLL_loss_EV:-280.21194, NLL_loss_ES:0.00000, Score_ES:0.00000, Score_EV:30.09000
=> saved checkpoint 'checkpoints_CNN/mnist_VAE_s15Hmg4_v8_class_inv_grad_3_mon_loss_divL/last' (iter 7560, epoch 28.0)
score EV: 33.06666666666667. Score ES: 0.0
score EV: 30.31. Score ES: 0.0
=> saved checkpoint 'checkpoint_scores_CNN/mnist_VAE_s15Hmg4_v8_class_inv_grad_3_mon_loss_divL/last' (iter 7560, epoch 28.0)
[Save Checkpoint] epoch: [28.0], Train set: total:19710.18945, BCE:109321.00781, KLD:4160.13037, BCE_ES:0.00000, NLL_loss_EV:-69.56017, NLL_loss_ES:0.00000, Score_ES:0.00000, Score_EV:33.06667
[Save Checkpoint] epoch: [28.0], Test set: total:447066.65625, BCE:446118.65625, KLD:16468.94922, BCE_ES:0.00000, NLL_loss_EV:-281.92087, NLL_loss_ES:0.00000, Score_ES:0.00000, Score_EV:30.31000
=> saved checkpoint 'checkpoints_CNN/mnist_VAE_s15Hmg4_v8_class_inv_grad_3_mon_loss_divL/last' (iter 7830, epoch 29.0)
score EV: 32.62833333333333. Score ES: 0.0
score EV: 29.57. Score ES: 0.0
=> saved checkpoint 'checkpoint_scores_CNN/mnist_VAE_s15Hmg4_v8_class_inv_grad_3_mon_loss_divL/last' (iter 7830, epoch 29.0)
EarlyStopping counter: 1 out of 25
[Save Checkpoint] epoch: [29.0], Train set: total:21034.42969, BCE:109286.32031, KLD:4172.59229, BCE_ES:0.00000, NLL_loss_EV:-68.59605, NLL_loss_ES:0.00000, Score_ES:0.00000, Score_EV:32.62833
[Save Checkpoint] epoch: [29.0], Test set: total:447492.75000, BCE:446154.50000, KLD:16535.02148, BCE_ES:0.00000, NLL_loss_EV:-276.43100, NLL_loss_ES:0.00000, Score_ES:0.00000, Score_EV:29.57000
=> saved checkpoint 'checkpoints_CNN/mnist_VAE_s15Hmg4_v8_class_inv_grad_3_mon_loss_divL/last' (iter 8100, epoch 30.0)
score EV: 30.866666666666667. Score ES: 0.0
score EV: 27.61. Score ES: 0.0
=> saved checkpoint 'checkpoint_scores_CNN/mnist_VAE_s15Hmg4_v8_class_inv_grad_3_mon_loss_divL/last' (iter 8100, epoch 30.0)
EarlyStopping counter: 2 out of 25
[Save Checkpoint] epoch: [30.0], Train set: total:24736.79102, BCE:109188.46875, KLD:4196.51318, BCE_ES:0.00000, NLL_loss_EV:-65.70119, NLL_loss_ES:0.00000, Score_ES:0.00000, Score_EV:30.86667
[Save Checkpoint] epoch: [30.0], Test set: total:448036.25000, BCE:445840.46875, KLD:16613.28125, BCE_ES:0.00000, NLL_loss_EV:-262.15707, NLL_loss_ES:0.00000, Score_ES:0.00000, Score_EV:27.61000
=> saved checkpoint 'checkpoints_CNN/mnist_VAE_s15Hmg4_v8_class_inv_grad_3_mon_loss_divL/last' (iter 8370, epoch 31.0)
score EV: 30.891666666666666. Score ES: 0.0
score EV: 27.23. Score ES: 0.0
=> saved checkpoint 'checkpoint_scores_CNN/mnist_VAE_s15Hmg4_v8_class_inv_grad_3_mon_loss_divL/last' (iter 8370, epoch 31.0)
[Save Checkpoint] epoch: [31.0], Train set: total:24744.51562, BCE:109145.35156, KLD:4165.76807, BCE_ES:0.00000, NLL_loss_EV:-65.61124, NLL_loss_ES:0.00000, Score_ES:0.00000, Score_EV:30.89167
[Save Checkpoint] epoch: [31.0], Test set: total:448080.15625, BCE:445968.59375, KLD:16489.07617, BCE_ES:0.00000, NLL_loss_EV:-261.67148, NLL_loss_ES:0.00000, Score_ES:0.00000, Score_EV:27.23000
=> saved checkpoint 'checkpoints_CNN/mnist_VAE_s15Hmg4_v8_class_inv_grad_3_mon_loss_divL/last' (iter 8640, epoch 32.0)
score EV: 30.311666666666667. Score ES: 0.0
score EV: 27.02. Score ES: 0.0
=> saved checkpoint 'checkpoint_scores_CNN/mnist_VAE_s15Hmg4_v8_class_inv_grad_3_mon_loss_divL/last' (iter 8640, epoch 32.0)
EarlyStopping counter: 1 out of 25
[Save Checkpoint] epoch: [32.0], Train set: total:26202.56445, BCE:109066.17188, KLD:4178.09668, BCE_ES:0.00000, NLL_loss_EV:-64.55350, NLL_loss_ES:0.00000, Score_ES:0.00000, Score_EV:30.31167
[Save Checkpoint] epoch: [32.0], Test set: total:447804.00000, BCE:445483.59375, KLD:16540.09375, BCE_ES:0.00000, NLL_loss_EV:-258.68808, NLL_loss_ES:0.00000, Score_ES:0.00000, Score_EV:27.02000
=> saved checkpoint 'checkpoints_CNN/mnist_VAE_s15Hmg4_v8_class_inv_grad_3_mon_loss_divL/last' (iter 8910, epoch 33.0)
score EV: 29.486666666666668. Score ES: 0.0
score EV: 26.41. Score ES: 0.0
=> saved checkpoint 'checkpoint_scores_CNN/mnist_VAE_s15Hmg4_v8_class_inv_grad_3_mon_loss_divL/last' (iter 8910, epoch 33.0)
EarlyStopping counter: 2 out of 25
[Save Checkpoint] epoch: [33.0], Train set: total:28421.06250, BCE:109064.90625, KLD:4111.73682, BCE_ES:0.00000, NLL_loss_EV:-62.78024, NLL_loss_ES:0.00000, Score_ES:0.00000, Score_EV:29.48667
[Save Checkpoint] epoch: [33.0], Test set: total:448028.90625, BCE:445632.00000, KLD:16274.33789, BCE_ES:0.00000, NLL_loss_EV:-251.79800, NLL_loss_ES:0.00000, Score_ES:0.00000, Score_EV:26.41000
=> saved checkpoint 'checkpoints_CNN/mnist_VAE_s15Hmg4_v8_class_inv_grad_3_mon_loss_divL/last' (iter 9180, epoch 34.0)
score EV: 29.156666666666666. Score ES: 0.0
score EV: 26.1. Score ES: 0.0
=> saved checkpoint 'checkpoint_scores_CNN/mnist_VAE_s15Hmg4_v8_class_inv_grad_3_mon_loss_divL/last' (iter 9180, epoch 34.0)
[Save Checkpoint] epoch: [34.0], Train set: total:28551.12891, BCE:108999.32031, KLD:4114.75928, BCE_ES:0.00000, NLL_loss_EV:-62.61097, NLL_loss_ES:0.00000, Score_ES:0.00000, Score_EV:29.15667
[Save Checkpoint] epoch: [34.0], Test set: total:448042.46875, BCE:445495.56250, KLD:16291.51562, BCE_ES:0.00000, NLL_loss_EV:-250.85547, NLL_loss_ES:0.00000, Score_ES:0.00000, Score_EV:26.10000
=> saved checkpoint 'checkpoints_CNN/mnist_VAE_s15Hmg4_v8_class_inv_grad_3_mon_loss_divL/last' (iter 9450, epoch 35.0)
score EV: 28.326666666666668. Score ES: 0.0
score EV: 25.1. Score ES: 0.0
=> saved checkpoint 'checkpoint_scores_CNN/mnist_VAE_s15Hmg4_v8_class_inv_grad_3_mon_loss_divL/last' (iter 9450, epoch 35.0)
[Save Checkpoint] epoch: [35.0], Train set: total:31122.69531, BCE:108980.19531, KLD:4170.73535, BCE_ES:0.00000, NLL_loss_EV:-60.87543, NLL_loss_ES:0.00000, Score_ES:0.00000, Score_EV:28.32667
[Save Checkpoint] epoch: [35.0], Test set: total:448686.59375, BCE:445479.90625, KLD:16502.43164, BCE_ES:0.00000, NLL_loss_EV:-241.27275, NLL_loss_ES:0.00000, Score_ES:0.00000, Score_EV:25.10000
=> saved checkpoint 'checkpoints_CNN/mnist_VAE_s15Hmg4_v8_class_inv_grad_3_mon_loss_divL/last' (iter 9720, epoch 36.0)
score EV: 27.638333333333332. Score ES: 0.0
score EV: 24.49. Score ES: 0.0
=> saved checkpoint 'checkpoint_scores_CNN/mnist_VAE_s15Hmg4_v8_class_inv_grad_3_mon_loss_divL/last' (iter 9720, epoch 36.0)
EarlyStopping counter: 1 out of 25
[Save Checkpoint] epoch: [36.0], Train set: total:32624.35156, BCE:108988.62500, KLD:4185.71582, BCE_ES:0.00000, NLL_loss_EV:-59.65814, NLL_loss_ES:0.00000, Score_ES:0.00000, Score_EV:27.63833
[Save Checkpoint] epoch: [36.0], Test set: total:449318.34375, BCE:445688.56250, KLD:16566.75195, BCE_ES:0.00000, NLL_loss_EV:-235.98689, NLL_loss_ES:0.00000, Score_ES:0.00000, Score_EV:24.49000
=> saved checkpoint 'checkpoints_CNN/mnist_VAE_s15Hmg4_v8_class_inv_grad_3_mon_loss_divL/last' (iter 9990, epoch 37.0)
score EV: 27.06. Score ES: 0.0
score EV: 23.97. Score ES: 0.0
=> saved checkpoint 'checkpoint_scores_CNN/mnist_VAE_s15Hmg4_v8_class_inv_grad_3_mon_loss_divL/last' (iter 9990, epoch 37.0)
[Save Checkpoint] epoch: [37.0], Train set: total:34072.19531, BCE:108981.33594, KLD:4140.82373, BCE_ES:0.00000, NLL_loss_EV:-58.60017, NLL_loss_ES:0.00000, Score_ES:0.00000, Score_EV:27.06000
[Save Checkpoint] epoch: [37.0], Test set: total:449314.21875, BCE:445730.34375, KLD:16395.73438, BCE_ES:0.00000, NLL_loss_EV:-232.12027, NLL_loss_ES:0.00000, Score_ES:0.00000, Score_EV:23.97000
=> saved checkpoint 'checkpoints_CNN/mnist_VAE_s15Hmg4_v8_class_inv_grad_3_mon_loss_divL/last' (iter 10260, epoch 38.0)
score EV: 26.941666666666666. Score ES: 0.0
score EV: 23.75. Score ES: 0.0
=> saved checkpoint 'checkpoint_scores_CNN/mnist_VAE_s15Hmg4_v8_class_inv_grad_3_mon_loss_divL/last' (iter 10260, epoch 38.0)
[Save Checkpoint] epoch: [38.0], Train set: total:34185.90625, BCE:108901.07031, KLD:4158.45605, BCE_ES:0.00000, NLL_loss_EV:-58.43097, NLL_loss_ES:0.00000, Score_ES:0.00000, Score_EV:26.94167
[Save Checkpoint] epoch: [38.0], Test set: total:449123.21875, BCE:445375.09375, KLD:16464.63086, BCE_ES:0.00000, NLL_loss_EV:-230.97525, NLL_loss_ES:0.00000, Score_ES:0.00000, Score_EV:23.75000
=> saved checkpoint 'checkpoints_CNN/mnist_VAE_s15Hmg4_v8_class_inv_grad_3_mon_loss_divL/last' (iter 10530, epoch 39.0)
score EV: 26.661666666666665. Score ES: 0.0
score EV: 23.65. Score ES: 0.0
=> saved checkpoint 'checkpoint_scores_CNN/mnist_VAE_s15Hmg4_v8_class_inv_grad_3_mon_loss_divL/last' (iter 10530, epoch 39.0)
EarlyStopping counter: 1 out of 25
[Save Checkpoint] epoch: [39.0], Train set: total:35395.23047, BCE:108830.52344, KLD:4149.65039, BCE_ES:0.00000, NLL_loss_EV:-57.58225, NLL_loss_ES:0.00000, Score_ES:0.00000, Score_EV:26.66167
[Save Checkpoint] epoch: [39.0], Test set: total:449180.15625, BCE:445291.56250, KLD:16418.98828, BCE_ES:0.00000, NLL_loss_EV:-227.33574, NLL_loss_ES:0.00000, Score_ES:0.00000, Score_EV:23.65000
=> saved checkpoint 'checkpoints_CNN/mnist_VAE_s15Hmg4_v8_class_inv_grad_3_mon_loss_divL/last' (iter 10800, epoch 40.0)
score EV: 26.511666666666667. Score ES: 0.0
score EV: 23.23. Score ES: 0.0
=> saved checkpoint 'checkpoint_scores_CNN/mnist_VAE_s15Hmg4_v8_class_inv_grad_3_mon_loss_divL/last' (iter 10800, epoch 40.0)
[Save Checkpoint] epoch: [40.0], Train set: total:35758.61719, BCE:108828.43750, KLD:4106.93164, BCE_ES:0.00000, NLL_loss_EV:-57.17989, NLL_loss_ES:0.00000, Score_ES:0.00000, Score_EV:26.51167
[Save Checkpoint] epoch: [40.0], Test set: total:449212.34375, BCE:445398.96875, KLD:16261.62988, BCE_ES:0.00000, NLL_loss_EV:-225.98413, NLL_loss_ES:0.00000, Score_ES:0.00000, Score_EV:23.23000
=> saved checkpoint 'checkpoints_CNN/mnist_VAE_s15Hmg4_v8_class_inv_grad_3_mon_loss_divL/last' (iter 11070, epoch 41.0)
score EV: 26.061666666666667. Score ES: 0.0
score EV: 22.68. Score ES: 0.0
=> saved checkpoint 'checkpoint_scores_CNN/mnist_VAE_s15Hmg4_v8_class_inv_grad_3_mon_loss_divL/last' (iter 11070, epoch 41.0)
EarlyStopping counter: 1 out of 25
[Save Checkpoint] epoch: [41.0], Train set: total:36786.08984, BCE:108783.23438, KLD:4144.06543, BCE_ES:0.00000, NLL_loss_EV:-56.42519, NLL_loss_ES:0.00000, Score_ES:0.00000, Score_EV:26.06167
[Save Checkpoint] epoch: [41.0], Test set: total:449518.50000, BCE:445374.25000, KLD:16399.64648, BCE_ES:0.00000, NLL_loss_EV:-222.07906, NLL_loss_ES:0.00000, Score_ES:0.00000, Score_EV:22.68000
=> saved checkpoint 'checkpoints_CNN/mnist_VAE_s15Hmg4_v8_class_inv_grad_3_mon_loss_divL/last' (iter 11340, epoch 42.0)
score EV: 25.99. Score ES: 0.0
score EV: 23.08. Score ES: 0.0
=> saved checkpoint 'checkpoint_scores_CNN/mnist_VAE_s15Hmg4_v8_class_inv_grad_3_mon_loss_divL/last' (iter 11340, epoch 42.0)
EarlyStopping counter: 2 out of 25
[Save Checkpoint] epoch: [42.0], Train set: total:36866.24609, BCE:108758.03906, KLD:4146.18799, BCE_ES:0.00000, NLL_loss_EV:-56.39219, NLL_loss_ES:0.00000, Score_ES:0.00000, Score_EV:25.99000
[Save Checkpoint] epoch: [42.0], Test set: total:449458.25000, BCE:445410.96875, KLD:16398.35156, BCE_ES:0.00000, NLL_loss_EV:-223.27879, NLL_loss_ES:0.00000, Score_ES:0.00000, Score_EV:23.08000
=> saved checkpoint 'checkpoints_CNN/mnist_VAE_s15Hmg4_v8_class_inv_grad_3_mon_loss_divL/last' (iter 11610, epoch 43.0)
score EV: 25.828333333333333. Score ES: 0.0
score EV: 22.83. Score ES: 0.0
=> saved checkpoint 'checkpoint_scores_CNN/mnist_VAE_s15Hmg4_v8_class_inv_grad_3_mon_loss_divL/last' (iter 11610, epoch 43.0)
EarlyStopping counter: 3 out of 25
[Save Checkpoint] epoch: [43.0], Train set: total:37859.68750, BCE:108953.25781, KLD:4142.65332, BCE_ES:0.00000, NLL_loss_EV:-55.83840, NLL_loss_ES:0.00000, Score_ES:0.00000, Score_EV:25.82833
[Save Checkpoint] epoch: [43.0], Test set: total:450379.84375, BCE:446256.90625, KLD:16374.66309, BCE_ES:0.00000, NLL_loss_EV:-221.78893, NLL_loss_ES:0.00000, Score_ES:0.00000, Score_EV:22.83000
=> saved checkpoint 'checkpoints_CNN/mnist_VAE_s15Hmg4_v8_class_inv_grad_3_mon_loss_divL/last' (iter 11880, epoch 44.0)
score EV: 25.481666666666666. Score ES: 0.0
score EV: 21.78. Score ES: 0.0
=> saved checkpoint 'checkpoint_scores_CNN/mnist_VAE_s15Hmg4_v8_class_inv_grad_3_mon_loss_divL/last' (iter 11880, epoch 44.0)
[Save Checkpoint] epoch: [44.0], Train set: total:38395.41406, BCE:108664.07031, KLD:4131.86133, BCE_ES:0.00000, NLL_loss_EV:-55.15441, NLL_loss_ES:0.00000, Score_ES:0.00000, Score_EV:25.48167
[Save Checkpoint] epoch: [44.0], Test set: total:449661.15625, BCE:445122.81250, KLD:16342.21387, BCE_ES:0.00000, NLL_loss_EV:-214.77510, NLL_loss_ES:0.00000, Score_ES:0.00000, Score_EV:21.78000
=> saved checkpoint 'checkpoints_CNN/mnist_VAE_s15Hmg4_v8_class_inv_grad_3_mon_loss_divL/last' (iter 12150, epoch 45.0)
score EV: 25.028333333333332. Score ES: 0.0
score EV: 21.47. Score ES: 0.0
=> saved checkpoint 'checkpoint_scores_CNN/mnist_VAE_s15Hmg4_v8_class_inv_grad_3_mon_loss_divL/last' (iter 12150, epoch 45.0)
[Save Checkpoint] epoch: [45.0], Train set: total:39391.50391, BCE:108733.37500, KLD:4086.24536, BCE_ES:0.00000, NLL_loss_EV:-54.43238, NLL_loss_ES:0.00000, Score_ES:0.00000, Score_EV:25.02833
[Save Checkpoint] epoch: [45.0], Test set: total:449770.50000, BCE:445274.00000, KLD:16178.65332, BCE_ES:0.00000, NLL_loss_EV:-211.57935, NLL_loss_ES:0.00000, Score_ES:0.00000, Score_EV:21.47000
=> saved checkpoint 'checkpoints_CNN/mnist_VAE_s15Hmg4_v8_class_inv_grad_3_mon_loss_divL/last' (iter 12420, epoch 46.0)
score EV: 24.933333333333334. Score ES: 0.0
score EV: 21.42. Score ES: 0.0
=> saved checkpoint 'checkpoint_scores_CNN/mnist_VAE_s15Hmg4_v8_class_inv_grad_3_mon_loss_divL/last' (iter 12420, epoch 46.0)
EarlyStopping counter: 1 out of 25
[Save Checkpoint] epoch: [46.0], Train set: total:39560.03125, BCE:108700.63281, KLD:4082.71069, BCE_ES:0.00000, NLL_loss_EV:-54.21127, NLL_loss_ES:0.00000, Score_ES:0.00000, Score_EV:24.93333
[Save Checkpoint] epoch: [46.0], Test set: total:450033.75000, BCE:445464.59375, KLD:16151.25977, BCE_ES:0.00000, NLL_loss_EV:-210.75481, NLL_loss_ES:0.00000, Score_ES:0.00000, Score_EV:21.42000
=> saved checkpoint 'checkpoints_CNN/mnist_VAE_s15Hmg4_v8_class_inv_grad_3_mon_loss_divL/last' (iter 12690, epoch 47.0)
score EV: 24.845. Score ES: 0.0
score EV: 21.22. Score ES: 0.0
=> saved checkpoint 'checkpoint_scores_CNN/mnist_VAE_s15Hmg4_v8_class_inv_grad_3_mon_loss_divL/last' (iter 12690, epoch 47.0)
EarlyStopping counter: 2 out of 25
[Save Checkpoint] epoch: [47.0], Train set: total:39697.91797, BCE:108792.93750, KLD:4161.81885, BCE_ES:0.00000, NLL_loss_EV:-54.28549, NLL_loss_ES:0.00000, Score_ES:0.00000, Score_EV:24.84500
[Save Checkpoint] epoch: [47.0], Test set: total:450728.25000, BCE:445853.96875, KLD:16470.64062, BCE_ES:0.00000, NLL_loss_EV:-211.12952, NLL_loss_ES:0.00000, Score_ES:0.00000, Score_EV:21.22000
=> saved checkpoint 'checkpoints_CNN/mnist_VAE_s15Hmg4_v8_class_inv_grad_3_mon_loss_divL/last' (iter 12960, epoch 48.0)
score EV: 24.778333333333332. Score ES: 0.0
score EV: 21.08. Score ES: 0.0
=> saved checkpoint 'checkpoint_scores_CNN/mnist_VAE_s15Hmg4_v8_class_inv_grad_3_mon_loss_divL/last' (iter 12960, epoch 48.0)
[Save Checkpoint] epoch: [48.0], Train set: total:40222.19531, BCE:108546.15625, KLD:4110.51270, BCE_ES:0.00000, NLL_loss_EV:-53.68326, NLL_loss_ES:0.00000, Score_ES:0.00000, Score_EV:24.77833
[Save Checkpoint] epoch: [48.0], Test set: total:449532.15625, BCE:444788.09375, KLD:16267.82520, BCE_ES:0.00000, NLL_loss_EV:-207.82637, NLL_loss_ES:0.00000, Score_ES:0.00000, Score_EV:21.08000
=> saved checkpoint 'checkpoints_CNN/mnist_VAE_s15Hmg4_v8_class_inv_grad_3_mon_loss_divL/last' (iter 13230, epoch 49.0)
score EV: 23.97. Score ES: 0.0
score EV: 20.5. Score ES: 0.0
=> saved checkpoint 'checkpoint_scores_CNN/mnist_VAE_s15Hmg4_v8_class_inv_grad_3_mon_loss_divL/last' (iter 13230, epoch 49.0)
EarlyStopping counter: 1 out of 25
[Save Checkpoint] epoch: [49.0], Train set: total:41769.55859, BCE:108573.81250, KLD:4133.66113, BCE_ES:0.00000, NLL_loss_EV:-52.52961, NLL_loss_ES:0.00000, Score_ES:0.00000, Score_EV:23.97000
[Save Checkpoint] epoch: [49.0], Test set: total:450294.00000, BCE:445169.84375, KLD:16355.93164, BCE_ES:0.00000, NLL_loss_EV:-202.59790, NLL_loss_ES:0.00000, Score_ES:0.00000, Score_EV:20.50000
=> saved checkpoint 'checkpoints_CNN/mnist_VAE_s15Hmg4_v8_class_inv_grad_3_mon_loss_divL/last' (iter 13500, epoch 50.0)
score EV: 24.41. Score ES: 0.0
score EV: 20.7. Score ES: 0.0
=> saved checkpoint 'checkpoint_scores_CNN/mnist_VAE_s15Hmg4_v8_class_inv_grad_3_mon_loss_divL/last' (iter 13500, epoch 50.0)
EarlyStopping counter: 2 out of 25
[Save Checkpoint] epoch: [50.0], Train set: total:41098.51953, BCE:108651.88281, KLD:4119.24414, BCE_ES:0.00000, NLL_loss_EV:-53.08195, NLL_loss_ES:0.00000, Score_ES:0.00000, Score_EV:24.41000
[Save Checkpoint] epoch: [50.0], Test set: total:450524.15625, BCE:445538.90625, KLD:16301.35059, BCE_ES:0.00000, NLL_loss_EV:-204.54666, NLL_loss_ES:0.00000, Score_ES:0.00000, Score_EV:20.70000
=> saved checkpoint 'checkpoints_CNN/mnist_VAE_s15Hmg4_v8_class_inv_grad_3_mon_loss_divL/last' (iter 13770, epoch 51.0)
score EV: 23.81833333333333. Score ES: 0.0
score EV: 20.23. Score ES: 0.0
=> saved checkpoint 'checkpoint_scores_CNN/mnist_VAE_s15Hmg4_v8_class_inv_grad_3_mon_loss_divL/last' (iter 13770, epoch 51.0)
EarlyStopping counter: 3 out of 25
[Save Checkpoint] epoch: [51.0], Train set: total:42221.73438, BCE:108623.03906, KLD:4077.55005, BCE_ES:0.00000, NLL_loss_EV:-52.15518, NLL_loss_ES:0.00000, Score_ES:0.00000, Score_EV:23.81833
[Save Checkpoint] epoch: [51.0], Test set: total:450366.09375, BCE:445397.40625, KLD:16131.97559, BCE_ES:0.00000, NLL_loss_EV:-201.20703, NLL_loss_ES:0.00000, Score_ES:0.00000, Score_EV:20.23000
=> saved checkpoint 'checkpoints_CNN/mnist_VAE_s15Hmg4_v8_class_inv_grad_3_mon_loss_divL/last' (iter 14040, epoch 52.0)
score EV: 24.15. Score ES: 0.0
score EV: 20.63. Score ES: 0.0
=> saved checkpoint 'checkpoint_scores_CNN/mnist_VAE_s15Hmg4_v8_class_inv_grad_3_mon_loss_divL/last' (iter 14040, epoch 52.0)
EarlyStopping counter: 4 out of 25
[Save Checkpoint] epoch: [52.0], Train set: total:41576.32812, BCE:108704.27344, KLD:4109.98779, BCE_ES:0.00000, NLL_loss_EV:-52.68351, NLL_loss_ES:0.00000, Score_ES:0.00000, Score_EV:24.15000
[Save Checkpoint] epoch: [52.0], Test set: total:450722.90625, BCE:445757.75000, KLD:16272.83496, BCE_ES:0.00000, NLL_loss_EV:-203.51894, NLL_loss_ES:0.00000, Score_ES:0.00000, Score_EV:20.63000
Epoch    53: reducing learning rate of group 0 to 2.0000e-04.
=> saved checkpoint 'checkpoints_CNN/mnist_VAE_s15Hmg4_v8_class_inv_grad_3_mon_loss_divL/last' (iter 14310, epoch 53.0)
score EV: 23.55. Score ES: 0.0
score EV: 20.35. Score ES: 0.0
=> saved checkpoint 'checkpoint_scores_CNN/mnist_VAE_s15Hmg4_v8_class_inv_grad_3_mon_loss_divL/last' (iter 14310, epoch 53.0)
EarlyStopping counter: 5 out of 25
[Save Checkpoint] epoch: [53.0], Train set: total:42981.75781, BCE:108485.93750, KLD:4109.82910, BCE_ES:0.00000, NLL_loss_EV:-51.57279, NLL_loss_ES:0.00000, Score_ES:0.00000, Score_EV:23.55000
[Save Checkpoint] epoch: [53.0], Test set: total:450138.81250, BCE:445017.84375, KLD:16261.12695, BCE_ES:0.00000, NLL_loss_EV:-200.54852, NLL_loss_ES:0.00000, Score_ES:0.00000, Score_EV:20.35000
=> saved checkpoint 'checkpoints_CNN/mnist_VAE_s15Hmg4_v8_class_inv_grad_3_mon_loss_divL/last' (iter 14580, epoch 54.0)
score EV: 23.606666666666666. Score ES: 0.0
score EV: 19.95. Score ES: 0.0
=> saved checkpoint 'checkpoint_scores_CNN/mnist_VAE_s15Hmg4_v8_class_inv_grad_3_mon_loss_divL/last' (iter 14580, epoch 54.0)
[Save Checkpoint] epoch: [54.0], Train set: total:42691.04688, BCE:108116.60156, KLD:4085.25977, BCE_ES:0.00000, NLL_loss_EV:-51.46640, NLL_loss_ES:0.00000, Score_ES:0.00000, Score_EV:23.60667
[Save Checkpoint] epoch: [54.0], Test set: total:448729.25000, BCE:443606.15625, KLD:16174.62012, BCE_ES:0.00000, NLL_loss_EV:-198.01146, NLL_loss_ES:0.00000, Score_ES:0.00000, Score_EV:19.95000
=> saved checkpoint 'checkpoints_CNN/mnist_VAE_s15Hmg4_v8_class_inv_grad_3_mon_loss_divL/last' (iter 14850, epoch 55.0)
score EV: 23.695. Score ES: 0.0
score EV: 20.14. Score ES: 0.0
=> saved checkpoint 'checkpoint_scores_CNN/mnist_VAE_s15Hmg4_v8_class_inv_grad_3_mon_loss_divL/last' (iter 14850, epoch 55.0)
EarlyStopping counter: 1 out of 25
[Save Checkpoint] epoch: [55.0], Train set: total:42644.38672, BCE:108057.15625, KLD:4095.33130, BCE_ES:0.00000, NLL_loss_EV:-51.48206, NLL_loss_ES:0.00000, Score_ES:0.00000, Score_EV:23.69500
[Save Checkpoint] epoch: [55.0], Test set: total:448678.71875, BCE:443557.00000, KLD:16209.17676, BCE_ES:0.00000, NLL_loss_EV:-198.61226, NLL_loss_ES:0.00000, Score_ES:0.00000, Score_EV:20.14000
=> saved checkpoint 'checkpoints_CNN/mnist_VAE_s15Hmg4_v8_class_inv_grad_3_mon_loss_divL/last' (iter 15120, epoch 56.0)
score EV: 23.288333333333334. Score ES: 0.0
score EV: 19.63. Score ES: 0.0
=> saved checkpoint 'checkpoint_scores_CNN/mnist_VAE_s15Hmg4_v8_class_inv_grad_3_mon_loss_divL/last' (iter 15120, epoch 56.0)
EarlyStopping counter: 2 out of 25
[Save Checkpoint] epoch: [56.0], Train set: total:43514.43750, BCE:108036.80469, KLD:4116.12158, BCE_ES:0.00000, NLL_loss_EV:-50.81991, NLL_loss_ES:0.00000, Score_ES:0.00000, Score_EV:23.28833
[Save Checkpoint] epoch: [56.0], Test set: total:448903.56250, BCE:443499.09375, KLD:16293.83496, BCE_ES:0.00000, NLL_loss_EV:-195.45947, NLL_loss_ES:0.00000, Score_ES:0.00000, Score_EV:19.63000
=> saved checkpoint 'checkpoints_CNN/mnist_VAE_s15Hmg4_v8_class_inv_grad_3_mon_loss_divL/last' (iter 15390, epoch 57.0)
score EV: 22.988333333333333. Score ES: 0.0
score EV: 19.16. Score ES: 0.0
=> saved checkpoint 'checkpoint_scores_CNN/mnist_VAE_s15Hmg4_v8_class_inv_grad_3_mon_loss_divL/last' (iter 15390, epoch 57.0)
EarlyStopping counter: 3 out of 25
[Save Checkpoint] epoch: [57.0], Train set: total:43936.53125, BCE:108024.22656, KLD:4103.18311, BCE_ES:0.00000, NLL_loss_EV:-50.44059, NLL_loss_ES:0.00000, Score_ES:0.00000, Score_EV:22.98833
[Save Checkpoint] epoch: [57.0], Test set: total:448988.59375, BCE:443506.65625, KLD:16239.22070, BCE_ES:0.00000, NLL_loss_EV:-192.71568, NLL_loss_ES:0.00000, Score_ES:0.00000, Score_EV:19.16000
=> saved checkpoint 'checkpoints_CNN/mnist_VAE_s15Hmg4_v8_class_inv_grad_3_mon_loss_divL/last' (iter 15660, epoch 58.0)
score EV: 23.076666666666668. Score ES: 0.0
score EV: 19.61. Score ES: 0.0
=> saved checkpoint 'checkpoint_scores_CNN/mnist_VAE_s15Hmg4_v8_class_inv_grad_3_mon_loss_divL/last' (iter 15660, epoch 58.0)
[Save Checkpoint] epoch: [58.0], Train set: total:43820.25781, BCE:108010.94531, KLD:4100.51855, BCE_ES:0.00000, NLL_loss_EV:-50.54840, NLL_loss_ES:0.00000, Score_ES:0.00000, Score_EV:23.07667
[Save Checkpoint] epoch: [58.0], Test set: total:448891.75000, BCE:443505.59375, KLD:16231.71875, BCE_ES:0.00000, NLL_loss_EV:-194.75728, NLL_loss_ES:0.00000, Score_ES:0.00000, Score_EV:19.61000
=> saved checkpoint 'checkpoints_CNN/mnist_VAE_s15Hmg4_v8_class_inv_grad_3_mon_loss_divL/last' (iter 15930, epoch 59.0)
score EV: 22.776666666666667. Score ES: 0.0
score EV: 19.31. Score ES: 0.0
=> saved checkpoint 'checkpoint_scores_CNN/mnist_VAE_s15Hmg4_v8_class_inv_grad_3_mon_loss_divL/last' (iter 15930, epoch 59.0)
EarlyStopping counter: 1 out of 25
[Save Checkpoint] epoch: [59.0], Train set: total:44362.43750, BCE:107976.16406, KLD:4089.94019, BCE_ES:0.00000, NLL_loss_EV:-50.17590, NLL_loss_ES:0.00000, Score_ES:0.00000, Score_EV:22.77667
[Save Checkpoint] epoch: [59.0], Test set: total:448872.71875, BCE:443446.56250, KLD:16190.20312, BCE_ES:0.00000, NLL_loss_EV:-192.54825, NLL_loss_ES:0.00000, Score_ES:0.00000, Score_EV:19.31000
=> saved checkpoint 'checkpoints_CNN/mnist_VAE_s15Hmg4_v8_class_inv_grad_3_mon_loss_divL/last' (iter 16200, epoch 60.0)
score EV: 22.871666666666666. Score ES: 0.0
score EV: 19.3. Score ES: 0.0
=> saved checkpoint 'checkpoint_scores_CNN/mnist_VAE_s15Hmg4_v8_class_inv_grad_3_mon_loss_divL/last' (iter 16200, epoch 60.0)
EarlyStopping counter: 2 out of 25
[Save Checkpoint] epoch: [60.0], Train set: total:44355.93359, BCE:108023.01562, KLD:4087.96338, BCE_ES:0.00000, NLL_loss_EV:-50.21131, NLL_loss_ES:0.00000, Score_ES:0.00000, Score_EV:22.87167
[Save Checkpoint] epoch: [60.0], Test set: total:448990.59375, BCE:443561.59375, KLD:16187.04688, BCE_ES:0.00000, NLL_loss_EV:-192.64932, NLL_loss_ES:0.00000, Score_ES:0.00000, Score_EV:19.30000
=> saved checkpoint 'checkpoints_CNN/mnist_VAE_s15Hmg4_v8_class_inv_grad_3_mon_loss_divL/last' (iter 16470, epoch 61.0)
score EV: 22.94333333333333. Score ES: 0.0
score EV: 19.44. Score ES: 0.0
=> saved checkpoint 'checkpoint_scores_CNN/mnist_VAE_s15Hmg4_v8_class_inv_grad_3_mon_loss_divL/last' (iter 16470, epoch 61.0)
EarlyStopping counter: 3 out of 25
[Save Checkpoint] epoch: [61.0], Train set: total:44388.05469, BCE:107956.07812, KLD:4087.96240, BCE_ES:0.00000, NLL_loss_EV:-50.15599, NLL_loss_ES:0.00000, Score_ES:0.00000, Score_EV:22.94333
[Save Checkpoint] epoch: [61.0], Test set: total:448711.65625, BCE:443286.31250, KLD:16181.00195, BCE_ES:0.00000, NLL_loss_EV:-192.75867, NLL_loss_ES:0.00000, Score_ES:0.00000, Score_EV:19.44000
=> saved checkpoint 'checkpoints_CNN/mnist_VAE_s15Hmg4_v8_class_inv_grad_3_mon_loss_divL/last' (iter 16740, epoch 62.0)
score EV: 22.845. Score ES: 0.0
score EV: 19.32. Score ES: 0.0
=> saved checkpoint 'checkpoint_scores_CNN/mnist_VAE_s15Hmg4_v8_class_inv_grad_3_mon_loss_divL/last' (iter 16740, epoch 62.0)
EarlyStopping counter: 4 out of 25
[Save Checkpoint] epoch: [62.0], Train set: total:44521.80469, BCE:107992.47656, KLD:4089.82129, BCE_ES:0.00000, NLL_loss_EV:-50.02906, NLL_loss_ES:0.00000, Score_ES:0.00000, Score_EV:22.84500
[Save Checkpoint] epoch: [62.0], Test set: total:449041.59375, BCE:443576.00000, KLD:16181.49414, BCE_ES:0.00000, NLL_loss_EV:-191.56224, NLL_loss_ES:0.00000, Score_ES:0.00000, Score_EV:19.32000
Epoch    63: reducing learning rate of group 0 to 4.0000e-05.
=> saved checkpoint 'checkpoints_CNN/mnist_VAE_s15Hmg4_v8_class_inv_grad_3_mon_loss_divL/last' (iter 17010, epoch 63.0)
score EV: 22.718333333333334. Score ES: 0.0
score EV: 18.91. Score ES: 0.0
=> saved checkpoint 'checkpoint_scores_CNN/mnist_VAE_s15Hmg4_v8_class_inv_grad_3_mon_loss_divL/last' (iter 17010, epoch 63.0)
EarlyStopping counter: 5 out of 25
[Save Checkpoint] epoch: [63.0], Train set: total:44876.28906, BCE:107990.41406, KLD:4076.53223, BCE_ES:0.00000, NLL_loss_EV:-49.71061, NLL_loss_ES:0.00000, Score_ES:0.00000, Score_EV:22.71833
[Save Checkpoint] epoch: [63.0], Test set: total:449049.21875, BCE:443558.59375, KLD:16136.09863, BCE_ES:0.00000, NLL_loss_EV:-191.13802, NLL_loss_ES:0.00000, Score_ES:0.00000, Score_EV:18.91000
=> saved checkpoint 'checkpoints_CNN/mnist_VAE_s15Hmg4_v8_class_inv_grad_3_mon_loss_divL/last' (iter 17280, epoch 64.0)
score EV: 23.061666666666667. Score ES: 0.0
score EV: 19.38. Score ES: 0.0
=> saved checkpoint 'checkpoint_scores_CNN/mnist_VAE_s15Hmg4_v8_class_inv_grad_3_mon_loss_divL/last' (iter 17280, epoch 64.0)
EarlyStopping counter: 6 out of 25
[Save Checkpoint] epoch: [64.0], Train set: total:44102.77734, BCE:107870.39844, KLD:4096.42334, BCE_ES:0.00000, NLL_loss_EV:-50.28908, NLL_loss_ES:0.00000, Score_ES:0.00000, Score_EV:23.06167
[Save Checkpoint] epoch: [64.0], Test set: total:448822.40625, BCE:443390.71875, KLD:16215.05469, BCE_ES:0.00000, NLL_loss_EV:-192.98935, NLL_loss_ES:0.00000, Score_ES:0.00000, Score_EV:19.38000
=> saved checkpoint 'checkpoints_CNN/mnist_VAE_s15Hmg4_v8_class_inv_grad_3_mon_loss_divL/last' (iter 17550, epoch 65.0)
score EV: 22.705. Score ES: 0.0
score EV: 19.35. Score ES: 0.0
=> saved checkpoint 'checkpoint_scores_CNN/mnist_VAE_s15Hmg4_v8_class_inv_grad_3_mon_loss_divL/last' (iter 17550, epoch 65.0)
EarlyStopping counter: 7 out of 25
[Save Checkpoint] epoch: [65.0], Train set: total:44490.13672, BCE:107862.11719, KLD:4098.23145, BCE_ES:0.00000, NLL_loss_EV:-49.95517, NLL_loss_ES:0.00000, Score_ES:0.00000, Score_EV:22.70500
[Save Checkpoint] epoch: [65.0], Test set: total:448740.65625, BCE:443256.59375, KLD:16222.57324, BCE_ES:0.00000, NLL_loss_EV:-192.18919, NLL_loss_ES:0.00000, Score_ES:0.00000, Score_EV:19.35000
=> saved checkpoint 'checkpoints_CNN/mnist_VAE_s15Hmg4_v8_class_inv_grad_3_mon_loss_divL/last' (iter 17820, epoch 66.0)
score EV: 22.721666666666668. Score ES: 0.0
score EV: 19.55. Score ES: 0.0
=> saved checkpoint 'checkpoint_scores_CNN/mnist_VAE_s15Hmg4_v8_class_inv_grad_3_mon_loss_divL/last' (iter 17820, epoch 66.0)
[Save Checkpoint] epoch: [66.0], Train set: total:44655.35938, BCE:107870.29688, KLD:4096.19873, BCE_ES:0.00000, NLL_loss_EV:-49.86364, NLL_loss_ES:0.00000, Score_ES:0.00000, Score_EV:22.72167
[Save Checkpoint] epoch: [66.0], Test set: total:448711.96875, BCE:443344.15625, KLD:16215.23145, BCE_ES:0.00000, NLL_loss_EV:-193.42387, NLL_loss_ES:0.00000, Score_ES:0.00000, Score_EV:19.55000
=> saved checkpoint 'checkpoints_CNN/mnist_VAE_s15Hmg4_v8_class_inv_grad_3_mon_loss_divL/last' (iter 18090, epoch 67.0)
score EV: 22.74. Score ES: 0.0
score EV: 19.4. Score ES: 0.0
=> saved checkpoint 'checkpoint_scores_CNN/mnist_VAE_s15Hmg4_v8_class_inv_grad_3_mon_loss_divL/last' (iter 18090, epoch 67.0)
EarlyStopping counter: 1 out of 25
[Save Checkpoint] epoch: [67.0], Train set: total:44782.09766, BCE:107872.52344, KLD:4094.51001, BCE_ES:0.00000, NLL_loss_EV:-49.78653, NLL_loss_ES:0.00000, Score_ES:0.00000, Score_EV:22.74000
[Save Checkpoint] epoch: [67.0], Test set: total:448785.84375, BCE:443264.40625, KLD:16209.03613, BCE_ES:0.00000, NLL_loss_EV:-191.67296, NLL_loss_ES:0.00000, Score_ES:0.00000, Score_EV:19.40000
=> saved checkpoint 'checkpoints_CNN/mnist_VAE_s15Hmg4_v8_class_inv_grad_3_mon_loss_divL/last' (iter 18360, epoch 68.0)
score EV: 22.678333333333335. Score ES: 0.0
score EV: 19.14. Score ES: 0.0
=> saved checkpoint 'checkpoint_scores_CNN/mnist_VAE_s15Hmg4_v8_class_inv_grad_3_mon_loss_divL/last' (iter 18360, epoch 68.0)
EarlyStopping counter: 2 out of 25
[Save Checkpoint] epoch: [68.0], Train set: total:44864.05469, BCE:107845.92969, KLD:4101.50488, BCE_ES:0.00000, NLL_loss_EV:-49.65142, NLL_loss_ES:0.00000, Score_ES:0.00000, Score_EV:22.67833
[Save Checkpoint] epoch: [68.0], Test set: total:448737.15625, BCE:443156.71875, KLD:16235.13965, BCE_ES:0.00000, NLL_loss_EV:-190.96948, NLL_loss_ES:0.00000, Score_ES:0.00000, Score_EV:19.14000
=> saved checkpoint 'checkpoints_CNN/mnist_VAE_s15Hmg4_v8_class_inv_grad_3_mon_loss_divL/last' (iter 18630, epoch 69.0)
score EV: 22.928333333333335. Score ES: 0.0
score EV: 19.44. Score ES: 0.0
=> saved checkpoint 'checkpoint_scores_CNN/mnist_VAE_s15Hmg4_v8_class_inv_grad_3_mon_loss_divL/last' (iter 18630, epoch 69.0)
EarlyStopping counter: 3 out of 25
[Save Checkpoint] epoch: [69.0], Train set: total:44461.49609, BCE:107844.54688, KLD:4099.66602, BCE_ES:0.00000, NLL_loss_EV:-49.97263, NLL_loss_ES:0.00000, Score_ES:0.00000, Score_EV:22.92833
[Save Checkpoint] epoch: [69.0], Test set: total:448682.59375, BCE:443121.50000, KLD:16230.77539, BCE_ES:0.00000, NLL_loss_EV:-191.82861, NLL_loss_ES:0.00000, Score_ES:0.00000, Score_EV:19.44000
=> saved checkpoint 'checkpoints_CNN/mnist_VAE_s15Hmg4_v8_class_inv_grad_3_mon_loss_divL/last' (iter 18900, epoch 70.0)
score EV: 22.516666666666666. Score ES: 0.0
score EV: 19.48. Score ES: 0.0
=> saved checkpoint 'checkpoint_scores_CNN/mnist_VAE_s15Hmg4_v8_class_inv_grad_3_mon_loss_divL/last' (iter 18900, epoch 70.0)
EarlyStopping counter: 4 out of 25
[Save Checkpoint] epoch: [70.0], Train set: total:44788.73047, BCE:107840.43750, KLD:4094.43457, BCE_ES:0.00000, NLL_loss_EV:-49.67502, NLL_loss_ES:0.00000, Score_ES:0.00000, Score_EV:22.51667
[Save Checkpoint] epoch: [70.0], Test set: total:448697.59375, BCE:443203.31250, KLD:16208.53418, BCE_ES:0.00000, NLL_loss_EV:-191.45946, NLL_loss_ES:0.00000, Score_ES:0.00000, Score_EV:19.48000
Epoch    71: reducing learning rate of group 0 to 8.0000e-06.
=> saved checkpoint 'checkpoints_CNN/mnist_VAE_s15Hmg4_v8_class_inv_grad_3_mon_loss_divL/last' (iter 19170, epoch 71.0)
score EV: 22.706666666666667. Score ES: 0.0
score EV: 19.02. Score ES: 0.0
=> saved checkpoint 'checkpoint_scores_CNN/mnist_VAE_s15Hmg4_v8_class_inv_grad_3_mon_loss_divL/last' (iter 19170, epoch 71.0)
EarlyStopping counter: 5 out of 25
[Save Checkpoint] epoch: [71.0], Train set: total:44795.35156, BCE:107832.64844, KLD:4101.72607, BCE_ES:0.00000, NLL_loss_EV:-49.65297, NLL_loss_ES:0.00000, Score_ES:0.00000, Score_EV:22.70667
[Save Checkpoint] epoch: [71.0], Test set: total:448912.96875, BCE:443319.21875, KLD:16235.54102, BCE_ES:0.00000, NLL_loss_EV:-190.20976, NLL_loss_ES:0.00000, Score_ES:0.00000, Score_EV:19.02000
=> saved checkpoint 'checkpoints_CNN/mnist_VAE_s15Hmg4_v8_class_inv_grad_3_mon_loss_divL/last' (iter 19440, epoch 72.0)
score EV: 22.883333333333333. Score ES: 0.0
score EV: 19.2. Score ES: 0.0
=> saved checkpoint 'checkpoint_scores_CNN/mnist_VAE_s15Hmg4_v8_class_inv_grad_3_mon_loss_divL/last' (iter 19440, epoch 72.0)
EarlyStopping counter: 6 out of 25
[Save Checkpoint] epoch: [72.0], Train set: total:44497.87500, BCE:107808.48438, KLD:4099.60596, BCE_ES:0.00000, NLL_loss_EV:-49.92395, NLL_loss_ES:0.00000, Score_ES:0.00000, Score_EV:22.88333
[Save Checkpoint] epoch: [72.0], Test set: total:448724.00000, BCE:443166.46875, KLD:16227.12988, BCE_ES:0.00000, NLL_loss_EV:-190.90453, NLL_loss_ES:0.00000, Score_ES:0.00000, Score_EV:19.20000
=> saved checkpoint 'checkpoints_CNN/mnist_VAE_s15Hmg4_v8_class_inv_grad_3_mon_loss_divL/last' (iter 19710, epoch 73.0)
score EV: 22.805. Score ES: 0.0
score EV: 19.2. Score ES: 0.0
=> saved checkpoint 'checkpoint_scores_CNN/mnist_VAE_s15Hmg4_v8_class_inv_grad_3_mon_loss_divL/last' (iter 19710, epoch 73.0)
[Save Checkpoint] epoch: [73.0], Train set: total:44518.18359, BCE:107806.89062, KLD:4099.53467, BCE_ES:0.00000, NLL_loss_EV:-49.89019, NLL_loss_ES:0.00000, Score_ES:0.00000, Score_EV:22.80500
[Save Checkpoint] epoch: [73.0], Test set: total:448582.56250, BCE:443068.71875, KLD:16227.21387, BCE_ES:0.00000, NLL_loss_EV:-192.24246, NLL_loss_ES:0.00000, Score_ES:0.00000, Score_EV:19.20000
=> saved checkpoint 'checkpoints_CNN/mnist_VAE_s15Hmg4_v8_class_inv_grad_3_mon_loss_divL/last' (iter 19980, epoch 74.0)
score EV: 22.858333333333334. Score ES: 0.0
score EV: 19.34. Score ES: 0.0
=> saved checkpoint 'checkpoint_scores_CNN/mnist_VAE_s15Hmg4_v8_class_inv_grad_3_mon_loss_divL/last' (iter 19980, epoch 74.0)
[Save Checkpoint] epoch: [74.0], Train set: total:44644.97656, BCE:107803.32031, KLD:4097.58057, BCE_ES:0.00000, NLL_loss_EV:-49.77035, NLL_loss_ES:0.00000, Score_ES:0.00000, Score_EV:22.85833
[Save Checkpoint] epoch: [74.0], Test set: total:448572.21875, BCE:443057.21875, KLD:16219.05762, BCE_ES:0.00000, NLL_loss_EV:-191.60941, NLL_loss_ES:0.00000, Score_ES:0.00000, Score_EV:19.34000
=> saved checkpoint 'checkpoints_CNN/mnist_VAE_s15Hmg4_v8_class_inv_grad_3_mon_loss_divL/last' (iter 20250, epoch 75.0)
score EV: 22.588333333333335. Score ES: 0.0
score EV: 19.38. Score ES: 0.0
=> saved checkpoint 'checkpoint_scores_CNN/mnist_VAE_s15Hmg4_v8_class_inv_grad_3_mon_loss_divL/last' (iter 20250, epoch 75.0)
EarlyStopping counter: 1 out of 25
[Save Checkpoint] epoch: [75.0], Train set: total:44721.73047, BCE:107803.61719, KLD:4097.16260, BCE_ES:0.00000, NLL_loss_EV:-49.75910, NLL_loss_ES:0.00000, Score_ES:0.00000, Score_EV:22.58833
[Save Checkpoint] epoch: [75.0], Test set: total:448592.65625, BCE:443077.90625, KLD:16216.85645, BCE_ES:0.00000, NLL_loss_EV:-191.21788, NLL_loss_ES:0.00000, Score_ES:0.00000, Score_EV:19.38000
=> saved checkpoint 'checkpoints_CNN/mnist_VAE_s15Hmg4_v8_class_inv_grad_3_mon_loss_divL/last' (iter 20520, epoch 76.0)
score EV: 22.805. Score ES: 0.0
score EV: 19.12. Score ES: 0.0
=> saved checkpoint 'checkpoint_scores_CNN/mnist_VAE_s15Hmg4_v8_class_inv_grad_3_mon_loss_divL/last' (iter 20520, epoch 76.0)
EarlyStopping counter: 2 out of 25
[Save Checkpoint] epoch: [76.0], Train set: total:44568.09375, BCE:107796.70312, KLD:4095.92822, BCE_ES:0.00000, NLL_loss_EV:-49.83810, NLL_loss_ES:0.00000, Score_ES:0.00000, Score_EV:22.80500
[Save Checkpoint] epoch: [76.0], Test set: total:448644.56250, BCE:443131.46875, KLD:16213.06250, BCE_ES:0.00000, NLL_loss_EV:-191.35570, NLL_loss_ES:0.00000, Score_ES:0.00000, Score_EV:19.12000
=> saved checkpoint 'checkpoints_CNN/mnist_VAE_s15Hmg4_v8_class_inv_grad_3_mon_loss_divL/last' (iter 20790, epoch 77.0)
score EV: 22.573333333333334. Score ES: 0.0
score EV: 19.22. Score ES: 0.0
=> saved checkpoint 'checkpoint_scores_CNN/mnist_VAE_s15Hmg4_v8_class_inv_grad_3_mon_loss_divL/last' (iter 20790, epoch 77.0)
EarlyStopping counter: 3 out of 25
[Save Checkpoint] epoch: [77.0], Train set: total:44805.63672, BCE:107803.66406, KLD:4092.38184, BCE_ES:0.00000, NLL_loss_EV:-49.65350, NLL_loss_ES:0.00000, Score_ES:0.00000, Score_EV:22.57333
[Save Checkpoint] epoch: [77.0], Test set: total:448677.21875, BCE:443189.15625, KLD:16198.88477, BCE_ES:0.00000, NLL_loss_EV:-191.29082, NLL_loss_ES:0.00000, Score_ES:0.00000, Score_EV:19.22000
=> saved checkpoint 'checkpoints_CNN/mnist_VAE_s15Hmg4_v8_class_inv_grad_3_mon_loss_divL/last' (iter 21060, epoch 78.0)
score EV: 22.718333333333334. Score ES: 0.0
score EV: 19.37. Score ES: 0.0
=> saved checkpoint 'checkpoint_scores_CNN/mnist_VAE_s15Hmg4_v8_class_inv_grad_3_mon_loss_divL/last' (iter 21060, epoch 78.0)
EarlyStopping counter: 4 out of 25
[Save Checkpoint] epoch: [78.0], Train set: total:44790.25781, BCE:107805.67188, KLD:4090.32666, BCE_ES:0.00000, NLL_loss_EV:-49.66853, NLL_loss_ES:0.00000, Score_ES:0.00000, Score_EV:22.71833
[Save Checkpoint] epoch: [78.0], Test set: total:448471.84375, BCE:443009.21875, KLD:16190.75684, BCE_ES:0.00000, NLL_loss_EV:-192.17101, NLL_loss_ES:0.00000, Score_ES:0.00000, Score_EV:19.37000
Epoch    79: reducing learning rate of group 0 to 1.6000e-06.
=> saved checkpoint 'checkpoints_CNN/mnist_VAE_s15Hmg4_v8_class_inv_grad_3_mon_loss_divL/last' (iter 21330, epoch 79.0)
score EV: 22.61. Score ES: 0.0
score EV: 19.07. Score ES: 0.0
=> saved checkpoint 'checkpoint_scores_CNN/mnist_VAE_s15Hmg4_v8_class_inv_grad_3_mon_loss_divL/last' (iter 21330, epoch 79.0)
EarlyStopping counter: 5 out of 25
[Save Checkpoint] epoch: [79.0], Train set: total:44941.34375, BCE:107808.11719, KLD:4092.50537, BCE_ES:0.00000, NLL_loss_EV:-49.62701, NLL_loss_ES:0.00000, Score_ES:0.00000, Score_EV:22.61000
[Save Checkpoint] epoch: [79.0], Test set: total:448580.09375, BCE:443068.96875, KLD:16199.04590, BCE_ES:0.00000, NLL_loss_EV:-190.92686, NLL_loss_ES:0.00000, Score_ES:0.00000, Score_EV:19.07000
=> saved checkpoint 'checkpoints_CNN/mnist_VAE_s15Hmg4_v8_class_inv_grad_3_mon_loss_divL/last' (iter 21600, epoch 80.0)
score EV: 22.615. Score ES: 0.0
score EV: 19.26. Score ES: 0.0
=> saved checkpoint 'checkpoint_scores_CNN/mnist_VAE_s15Hmg4_v8_class_inv_grad_3_mon_loss_divL/last' (iter 21600, epoch 80.0)
EarlyStopping counter: 6 out of 25
[Save Checkpoint] epoch: [80.0], Train set: total:44743.22656, BCE:107800.64844, KLD:4094.49390, BCE_ES:0.00000, NLL_loss_EV:-49.69974, NLL_loss_ES:0.00000, Score_ES:0.00000, Score_EV:22.61500
[Save Checkpoint] epoch: [80.0], Test set: total:448585.75000, BCE:443041.21875, KLD:16207.07031, BCE_ES:0.00000, NLL_loss_EV:-191.00433, NLL_loss_ES:0.00000, Score_ES:0.00000, Score_EV:19.26000
=> saved checkpoint 'checkpoints_CNN/mnist_VAE_s15Hmg4_v8_class_inv_grad_3_mon_loss_divL/last' (iter 21870, epoch 81.0)
score EV: 22.666666666666668. Score ES: 0.0
score EV: 19.15. Score ES: 0.0
=> saved checkpoint 'checkpoint_scores_CNN/mnist_VAE_s15Hmg4_v8_class_inv_grad_3_mon_loss_divL/last' (iter 21870, epoch 81.0)
EarlyStopping counter: 7 out of 25
[Save Checkpoint] epoch: [81.0], Train set: total:44861.66016, BCE:107793.56250, KLD:4096.10547, BCE_ES:0.00000, NLL_loss_EV:-49.61279, NLL_loss_ES:0.00000, Score_ES:0.00000, Score_EV:22.66667
[Save Checkpoint] epoch: [81.0], Test set: total:448686.00000, BCE:443182.96875, KLD:16213.49512, BCE_ES:0.00000, NLL_loss_EV:-191.01897, NLL_loss_ES:0.00000, Score_ES:0.00000, Score_EV:19.15000
=> saved checkpoint 'checkpoints_CNN/mnist_VAE_s15Hmg4_v8_class_inv_grad_3_mon_loss_divL/last' (iter 22140, epoch 82.0)
score EV: 22.591666666666665. Score ES: 0.0
score EV: 19.1. Score ES: 0.0
=> saved checkpoint 'checkpoint_scores_CNN/mnist_VAE_s15Hmg4_v8_class_inv_grad_3_mon_loss_divL/last' (iter 22140, epoch 82.0)
EarlyStopping counter: 8 out of 25
[Save Checkpoint] epoch: [82.0], Train set: total:44968.40625, BCE:107793.47656, KLD:4095.80078, BCE_ES:0.00000, NLL_loss_EV:-49.60753, NLL_loss_ES:0.00000, Score_ES:0.00000, Score_EV:22.59167
[Save Checkpoint] epoch: [82.0], Test set: total:448646.46875, BCE:443126.40625, KLD:16212.24902, BCE_ES:0.00000, NLL_loss_EV:-190.95735, NLL_loss_ES:0.00000, Score_ES:0.00000, Score_EV:19.10000
=> saved checkpoint 'checkpoints_CNN/mnist_VAE_s15Hmg4_v8_class_inv_grad_3_mon_loss_divL/last' (iter 22410, epoch 83.0)
score EV: 22.628333333333334. Score ES: 0.0
score EV: 19.07. Score ES: 0.0
=> saved checkpoint 'checkpoint_scores_CNN/mnist_VAE_s15Hmg4_v8_class_inv_grad_3_mon_loss_divL/last' (iter 22410, epoch 83.0)
EarlyStopping counter: 9 out of 25
[Save Checkpoint] epoch: [83.0], Train set: total:44781.42578, BCE:107786.00000, KLD:4096.32568, BCE_ES:0.00000, NLL_loss_EV:-49.71556, NLL_loss_ES:0.00000, Score_ES:0.00000, Score_EV:22.62833
[Save Checkpoint] epoch: [83.0], Test set: total:448617.46875, BCE:443057.75000, KLD:16214.46582, BCE_ES:0.00000, NLL_loss_EV:-190.63480, NLL_loss_ES:0.00000, Score_ES:0.00000, Score_EV:19.07000
Epoch    84: reducing learning rate of group 0 to 1.0000e-06.
=> saved checkpoint 'checkpoints_CNN/mnist_VAE_s15Hmg4_v8_class_inv_grad_3_mon_loss_divL/last' (iter 22680, epoch 84.0)
score EV: 22.573333333333334. Score ES: 0.0
score EV: 19.2. Score ES: 0.0
=> saved checkpoint 'checkpoint_scores_CNN/mnist_VAE_s15Hmg4_v8_class_inv_grad_3_mon_loss_divL/last' (iter 22680, epoch 84.0)
EarlyStopping counter: 10 out of 25
[Save Checkpoint] epoch: [84.0], Train set: total:44863.36328, BCE:107791.05469, KLD:4095.77075, BCE_ES:0.00000, NLL_loss_EV:-49.60870, NLL_loss_ES:0.00000, Score_ES:0.00000, Score_EV:22.57333
[Save Checkpoint] epoch: [84.0], Test set: total:448673.00000, BCE:443104.75000, KLD:16212.21875, BCE_ES:0.00000, NLL_loss_EV:-190.16460, NLL_loss_ES:0.00000, Score_ES:0.00000, Score_EV:19.20000
=> saved checkpoint 'checkpoints_CNN/mnist_VAE_s15Hmg4_v8_class_inv_grad_3_mon_loss_divL/last' (iter 22950, epoch 85.0)
score EV: 22.673333333333332. Score ES: 0.0
score EV: 19.32. Score ES: 0.0
=> saved checkpoint 'checkpoint_scores_CNN/mnist_VAE_s15Hmg4_v8_class_inv_grad_3_mon_loss_divL/last' (iter 22950, epoch 85.0)
EarlyStopping counter: 11 out of 25
[Save Checkpoint] epoch: [85.0], Train set: total:44810.16406, BCE:107792.22656, KLD:4096.38184, BCE_ES:0.00000, NLL_loss_EV:-49.65475, NLL_loss_ES:0.00000, Score_ES:0.00000, Score_EV:22.67333
[Save Checkpoint] epoch: [85.0], Test set: total:448534.90625, BCE:443000.56250, KLD:16214.90918, BCE_ES:0.00000, NLL_loss_EV:-191.00389, NLL_loss_ES:0.00000, Score_ES:0.00000, Score_EV:19.32000
=> saved checkpoint 'checkpoints_CNN/mnist_VAE_s15Hmg4_v8_class_inv_grad_3_mon_loss_divL/last' (iter 23220, epoch 86.0)
score EV: 22.758333333333333. Score ES: 0.0
score EV: 18.92. Score ES: 0.0
=> saved checkpoint 'checkpoint_scores_CNN/mnist_VAE_s15Hmg4_v8_class_inv_grad_3_mon_loss_divL/last' (iter 23220, epoch 86.0)
EarlyStopping counter: 12 out of 25
[Save Checkpoint] epoch: [86.0], Train set: total:44913.01953, BCE:107787.60938, KLD:4096.76660, BCE_ES:0.00000, NLL_loss_EV:-49.64661, NLL_loss_ES:0.00000, Score_ES:0.00000, Score_EV:22.75833
[Save Checkpoint] epoch: [86.0], Test set: total:448629.90625, BCE:443033.65625, KLD:16216.31250, BCE_ES:0.00000, NLL_loss_EV:-189.94286, NLL_loss_ES:0.00000, Score_ES:0.00000, Score_EV:18.92000
=> saved checkpoint 'checkpoints_CNN/mnist_VAE_s15Hmg4_v8_class_inv_grad_3_mon_loss_divL/last' (iter 23490, epoch 87.0)
score EV: 22.751666666666665. Score ES: 0.0
score EV: 19.15. Score ES: 0.0
=> saved checkpoint 'checkpoint_scores_CNN/mnist_VAE_s15Hmg4_v8_class_inv_grad_3_mon_loss_divL/last' (iter 23490, epoch 87.0)
EarlyStopping counter: 13 out of 25
[Save Checkpoint] epoch: [87.0], Train set: total:44863.69141, BCE:107788.10156, KLD:4096.34424, BCE_ES:0.00000, NLL_loss_EV:-49.68828, NLL_loss_ES:0.00000, Score_ES:0.00000, Score_EV:22.75167
[Save Checkpoint] epoch: [87.0], Test set: total:448606.00000, BCE:443065.00000, KLD:16214.74219, BCE_ES:0.00000, NLL_loss_EV:-190.84367, NLL_loss_ES:0.00000, Score_ES:0.00000, Score_EV:19.15000
=> saved checkpoint 'checkpoints_CNN/mnist_VAE_s15Hmg4_v8_class_inv_grad_3_mon_loss_divL/last' (iter 23760, epoch 88.0)
score EV: 22.751666666666665. Score ES: 0.0
score EV: 19.42. Score ES: 0.0
=> saved checkpoint 'checkpoint_scores_CNN/mnist_VAE_s15Hmg4_v8_class_inv_grad_3_mon_loss_divL/last' (iter 23760, epoch 88.0)
EarlyStopping counter: 14 out of 25
[Save Checkpoint] epoch: [88.0], Train set: total:44655.50391, BCE:107790.02344, KLD:4095.97534, BCE_ES:0.00000, NLL_loss_EV:-49.75427, NLL_loss_ES:0.00000, Score_ES:0.00000, Score_EV:22.75167
[Save Checkpoint] epoch: [88.0], Test set: total:448530.90625, BCE:443027.15625, KLD:16213.30469, BCE_ES:0.00000, NLL_loss_EV:-191.87694, NLL_loss_ES:0.00000, Score_ES:0.00000, Score_EV:19.42000
=> saved checkpoint 'checkpoints_CNN/mnist_VAE_s15Hmg4_v8_class_inv_grad_3_mon_loss_divL/last' (iter 24030, epoch 89.0)
score EV: 22.718333333333334. Score ES: 0.0
score EV: 19.3. Score ES: 0.0
=> saved checkpoint 'checkpoint_scores_CNN/mnist_VAE_s15Hmg4_v8_class_inv_grad_3_mon_loss_divL/last' (iter 24030, epoch 89.0)
[Save Checkpoint] epoch: [89.0], Train set: total:44785.44922, BCE:107799.64062, KLD:4094.52905, BCE_ES:0.00000, NLL_loss_EV:-49.71833, NLL_loss_ES:0.00000, Score_ES:0.00000, Score_EV:22.71833
[Save Checkpoint] epoch: [89.0], Test set: total:448681.50000, BCE:443117.46875, KLD:16207.73730, BCE_ES:0.00000, NLL_loss_EV:-190.55562, NLL_loss_ES:0.00000, Score_ES:0.00000, Score_EV:19.30000
=> saved checkpoint 'checkpoints_CNN/mnist_VAE_s15Hmg4_v8_class_inv_grad_3_mon_loss_divL/last' (iter 24300, epoch 90.0)
score EV: 22.551666666666666. Score ES: 0.0
score EV: 18.97. Score ES: 0.0
=> saved checkpoint 'checkpoint_scores_CNN/mnist_VAE_s15Hmg4_v8_class_inv_grad_3_mon_loss_divL/last' (iter 24300, epoch 90.0)
EarlyStopping counter: 1 out of 25
[Save Checkpoint] epoch: [90.0], Train set: total:44834.78516, BCE:107791.65625, KLD:4096.13672, BCE_ES:0.00000, NLL_loss_EV:-49.60032, NLL_loss_ES:0.00000, Score_ES:0.00000, Score_EV:22.55167
[Save Checkpoint] epoch: [90.0], Test set: total:448690.96875, BCE:443105.81250, KLD:16213.76074, BCE_ES:0.00000, NLL_loss_EV:-190.37975, NLL_loss_ES:0.00000, Score_ES:0.00000, Score_EV:18.97000
=> saved checkpoint 'checkpoints_CNN/mnist_VAE_s15Hmg4_v8_class_inv_grad_3_mon_loss_divL/last' (iter 24570, epoch 91.0)
score EV: 22.68. Score ES: 0.0
score EV: 18.93. Score ES: 0.0
=> saved checkpoint 'checkpoint_scores_CNN/mnist_VAE_s15Hmg4_v8_class_inv_grad_3_mon_loss_divL/last' (iter 24570, epoch 91.0)
EarlyStopping counter: 2 out of 25
[Save Checkpoint] epoch: [91.0], Train set: total:44763.49219, BCE:107792.30469, KLD:4096.09863, BCE_ES:0.00000, NLL_loss_EV:-49.67827, NLL_loss_ES:0.00000, Score_ES:0.00000, Score_EV:22.68000
[Save Checkpoint] epoch: [91.0], Test set: total:448620.90625, BCE:443055.21875, KLD:16213.70020, BCE_ES:0.00000, NLL_loss_EV:-190.52855, NLL_loss_ES:0.00000, Score_ES:0.00000, Score_EV:18.93000
=> saved checkpoint 'checkpoints_CNN/mnist_VAE_s15Hmg4_v8_class_inv_grad_3_mon_loss_divL/last' (iter 24840, epoch 92.0)
score EV: 22.616666666666667. Score ES: 0.0
score EV: 19.27. Score ES: 0.0
=> saved checkpoint 'checkpoint_scores_CNN/mnist_VAE_s15Hmg4_v8_class_inv_grad_3_mon_loss_divL/last' (iter 24840, epoch 92.0)
EarlyStopping counter: 3 out of 25
[Save Checkpoint] epoch: [92.0], Train set: total:44983.65625, BCE:107802.78125, KLD:4096.43652, BCE_ES:0.00000, NLL_loss_EV:-49.57013, NLL_loss_ES:0.00000, Score_ES:0.00000, Score_EV:22.61667
[Save Checkpoint] epoch: [92.0], Test set: total:448610.81250, BCE:443095.15625, KLD:16215.11230, BCE_ES:0.00000, NLL_loss_EV:-191.30154, NLL_loss_ES:0.00000, Score_ES:0.00000, Score_EV:19.27000
=> saved checkpoint 'checkpoints_CNN/mnist_VAE_s15Hmg4_v8_class_inv_grad_3_mon_loss_divL/last' (iter 25110, epoch 93.0)
score EV: 22.695. Score ES: 0.0
score EV: 19.11. Score ES: 0.0
=> saved checkpoint 'checkpoint_scores_CNN/mnist_VAE_s15Hmg4_v8_class_inv_grad_3_mon_loss_divL/last' (iter 25110, epoch 93.0)
EarlyStopping counter: 4 out of 25
[Save Checkpoint] epoch: [93.0], Train set: total:44690.34375, BCE:107789.59375, KLD:4096.69629, BCE_ES:0.00000, NLL_loss_EV:-49.74503, NLL_loss_ES:0.00000, Score_ES:0.00000, Score_EV:22.69500
[Save Checkpoint] epoch: [93.0], Test set: total:448674.21875, BCE:443082.00000, KLD:16216.08789, BCE_ES:0.00000, NLL_loss_EV:-190.20476, NLL_loss_ES:0.00000, Score_ES:0.00000, Score_EV:19.11000
=> saved checkpoint 'checkpoints_CNN/mnist_VAE_s15Hmg4_v8_class_inv_grad_3_mon_loss_divL/last' (iter 25380, epoch 94.0)
score EV: 22.565. Score ES: 0.0
score EV: 19.41. Score ES: 0.0
=> saved checkpoint 'checkpoint_scores_CNN/mnist_VAE_s15Hmg4_v8_class_inv_grad_3_mon_loss_divL/last' (iter 25380, epoch 94.0)
EarlyStopping counter: 5 out of 25
[Save Checkpoint] epoch: [94.0], Train set: total:44971.52344, BCE:107797.78125, KLD:4096.96094, BCE_ES:0.00000, NLL_loss_EV:-49.55549, NLL_loss_ES:0.00000, Score_ES:0.00000, Score_EV:22.56500
[Save Checkpoint] epoch: [94.0], Test set: total:448641.71875, BCE:443081.31250, KLD:16217.15625, BCE_ES:0.00000, NLL_loss_EV:-190.63933, NLL_loss_ES:0.00000, Score_ES:0.00000, Score_EV:19.41000
=> saved checkpoint 'checkpoints_CNN/mnist_VAE_s15Hmg4_v8_class_inv_grad_3_mon_loss_divL/last' (iter 25650, epoch 95.0)
score EV: 22.756666666666668. Score ES: 0.0
score EV: 19.23. Score ES: 0.0
=> saved checkpoint 'checkpoint_scores_CNN/mnist_VAE_s15Hmg4_v8_class_inv_grad_3_mon_loss_divL/last' (iter 25650, epoch 95.0)
EarlyStopping counter: 6 out of 25
[Save Checkpoint] epoch: [95.0], Train set: total:44662.56641, BCE:107792.61719, KLD:4096.41650, BCE_ES:0.00000, NLL_loss_EV:-49.71822, NLL_loss_ES:0.00000, Score_ES:0.00000, Score_EV:22.75667
[Save Checkpoint] epoch: [95.0], Test set: total:448549.96875, BCE:443045.59375, KLD:16214.95996, BCE_ES:0.00000, NLL_loss_EV:-192.35471, NLL_loss_ES:0.00000, Score_ES:0.00000, Score_EV:19.23000
=> saved checkpoint 'checkpoints_CNN/mnist_VAE_s15Hmg4_v8_class_inv_grad_3_mon_loss_divL/last' (iter 25920, epoch 96.0)
score EV: 22.566666666666666. Score ES: 0.0
score EV: 19.19. Score ES: 0.0
=> saved checkpoint 'checkpoint_scores_CNN/mnist_VAE_s15Hmg4_v8_class_inv_grad_3_mon_loss_divL/last' (iter 25920, epoch 96.0)
EarlyStopping counter: 7 out of 25
[Save Checkpoint] epoch: [96.0], Train set: total:44910.82031, BCE:107790.95312, KLD:4095.74658, BCE_ES:0.00000, NLL_loss_EV:-49.58482, NLL_loss_ES:0.00000, Score_ES:0.00000, Score_EV:22.56667
[Save Checkpoint] epoch: [96.0], Test set: total:448650.21875, BCE:443108.59375, KLD:16212.20215, BCE_ES:0.00000, NLL_loss_EV:-191.24481, NLL_loss_ES:0.00000, Score_ES:0.00000, Score_EV:19.19000
=> saved checkpoint 'checkpoints_CNN/mnist_VAE_s15Hmg4_v8_class_inv_grad_3_mon_loss_divL/last' (iter 26190, epoch 97.0)
score EV: 22.685. Score ES: 0.0
score EV: 19.07. Score ES: 0.0
=> saved checkpoint 'checkpoint_scores_CNN/mnist_VAE_s15Hmg4_v8_class_inv_grad_3_mon_loss_divL/last' (iter 26190, epoch 97.0)
EarlyStopping counter: 8 out of 25
[Save Checkpoint] epoch: [97.0], Train set: total:44770.81250, BCE:107787.41406, KLD:4097.57764, BCE_ES:0.00000, NLL_loss_EV:-49.67176, NLL_loss_ES:0.00000, Score_ES:0.00000, Score_EV:22.68500
[Save Checkpoint] epoch: [97.0], Test set: total:448653.50000, BCE:443116.25000, KLD:16219.60156, BCE_ES:0.00000, NLL_loss_EV:-190.72646, NLL_loss_ES:0.00000, Score_ES:0.00000, Score_EV:19.07000
=> saved checkpoint 'checkpoints_CNN/mnist_VAE_s15Hmg4_v8_class_inv_grad_3_mon_loss_divL/last' (iter 26460, epoch 98.0)
score EV: 22.651666666666667. Score ES: 0.0
score EV: 19.02. Score ES: 0.0
=> saved checkpoint 'checkpoint_scores_CNN/mnist_VAE_s15Hmg4_v8_class_inv_grad_3_mon_loss_divL/last' (iter 26460, epoch 98.0)
EarlyStopping counter: 9 out of 25
[Save Checkpoint] epoch: [98.0], Train set: total:44754.16016, BCE:107792.14062, KLD:4096.47314, BCE_ES:0.00000, NLL_loss_EV:-49.67669, NLL_loss_ES:0.00000, Score_ES:0.00000, Score_EV:22.65167
[Save Checkpoint] epoch: [98.0], Test set: total:448603.06250, BCE:443049.31250, KLD:16215.48340, BCE_ES:0.00000, NLL_loss_EV:-190.33658, NLL_loss_ES:0.00000, Score_ES:0.00000, Score_EV:19.02000
=> saved checkpoint 'checkpoints_CNN/mnist_VAE_s15Hmg4_v8_class_inv_grad_3_mon_loss_divL/last' (iter 26730, epoch 99.0)
score EV: 22.653333333333332. Score ES: 0.0
score EV: 19.2. Score ES: 0.0
=> saved checkpoint 'checkpoint_scores_CNN/mnist_VAE_s15Hmg4_v8_class_inv_grad_3_mon_loss_divL/last' (iter 26730, epoch 99.0)
EarlyStopping counter: 10 out of 25
[Save Checkpoint] epoch: [99.0], Train set: total:44733.60156, BCE:107789.28906, KLD:4096.02441, BCE_ES:0.00000, NLL_loss_EV:-49.70845, NLL_loss_ES:0.00000, Score_ES:0.00000, Score_EV:22.65333
[Save Checkpoint] epoch: [99.0], Test set: total:448488.96875, BCE:442963.81250, KLD:16213.64062, BCE_ES:0.00000, NLL_loss_EV:-191.32372, NLL_loss_ES:0.00000, Score_ES:0.00000, Score_EV:19.20000
=> saved checkpoint 'checkpoints_CNN/mnist_VAE_s15Hmg4_v8_class_inv_grad_3_mon_loss_divL/last' (iter 27000, epoch 100.0)
score EV: 22.703333333333333. Score ES: 0.0
score EV: 19.11. Score ES: 0.0
=> saved checkpoint 'checkpoint_scores_CNN/mnist_VAE_s15Hmg4_v8_class_inv_grad_3_mon_loss_divL/last' (iter 27000, epoch 100.0)
EarlyStopping counter: 11 out of 25
[Save Checkpoint] epoch: [100.0], Train set: total:44919.04688, BCE:107793.37500, KLD:4096.54053, BCE_ES:0.00000, NLL_loss_EV:-49.58160, NLL_loss_ES:0.00000, Score_ES:0.00000, Score_EV:22.70333
[Save Checkpoint] epoch: [100.0], Test set: total:448585.46875, BCE:442998.71875, KLD:16215.62695, BCE_ES:0.00000, NLL_loss_EV:-190.18039, NLL_loss_ES:0.00000, Score_ES:0.00000, Score_EV:19.11000
[Training Finished]
All done !
