21
--dataset mnist --model CNN --gpu_devices 0 1 --max_iter 50 --batch_size 250 --ckpt_dir checkpoints_CNN --ckpt_dir_scores checkpoint_scores_CNN --use_scheduler True --GMP True --lr 1e-3 --z_struct_size 32 --add_classification_layer True --classif_layer_size 30 --is_default_model False --is_custom_model False --is_custom_model_BK True --big_kernel_size 8 --two_conv_layer True --three_conv_layer False --BK_in_first_layer True --BK_in_second_layer False --BK_in_third_layer False --stride_size 1 --hidden_filters_layer1 32 --hidden_filters_layer2 32 --hidden_filters_layer3 32 --ratio_reg True --lambda_ratio_reg 0.001 --lambda_class 1 --other_ratio False --loss_min_distance_cl True --lambda_var_distance 0.01 --intra_class_variance_loss False --lambda_intra_class_var 1 --contrastive_loss False --lambda_contrastive_loss 1 --alpha 32 --loss Proxy_Anchor --optimizer adamw --mrg 0.1 --IPC False --warm 1 --sz_embedding 32 --dataset_balanced True --loss_distance_mean False --lambda_distance_mean 1 --value_target_distance_mean 10 --diff_var False --lambda_var_intra 1 --lambda_var_inter 1 --exp_name mnist_balanced_dataset_encoder_ratio_min_3_4
Namespace(BK_in_first_layer=True, BK_in_second_layer=False, BK_in_third_layer=False, BN=False, C_max=25, C_stop_iter=100000.0, E1_AE=False, E1_VAE=False, E1_conv=False, E1_dense=False, E1_second_conv=False, E1_second_conv_adapt=False, GMP=True, IPC=False, L1_norm_act=False, L1_norm_weights=False, L3_without_random=False, LOG_DIR='logs', adapt_lr=False, add_classification_layer=True, add_linear_after_GMP=True, add_z_struct_bottleneck=False, alpha=32.0, batch_size=250, beta=1, beta1=0.9, beta2=0.999, big_kernel=False, big_kernel_size=[8], binary_chain=False, binary_z=False, ckpt_dir='checkpoints_CNN', ckpt_dir_scores='checkpoint_scores_CNN', classif_layer_size=30, contrastive_loss=False, cuda=True, dataset='mnist', dataset_balanced=True, diff_var=False, display_step=10000, dset_dir='data', exp_name='mnist_balanced_dataset_encoder_ratio_min_3_4', freeze_Encoder=True, gamma=1000, gpu_devices=[0, 1], hidden_filters_layer1=32, hidden_filters_layer2=32, hidden_filters_layer3=32, image_size=64, intra_class_variance_loss=False, is_C=True, is_E1=False, is_binary_structural_latent=False, is_custom_model=False, is_custom_model_BK=True, is_default_model=False, is_noise_stats=False, is_partial_rand_class=False, is_perturbed_score=False, is_zvar_sim_loss=False, just_train=False, kernel_size=4, lambda_Kl_struct=1, lambda_Kl_var=1, lambda_L1=0.01, lambda_VAE=1, lambda_class=1.0, lambda_contrastive_loss=1.0, lambda_distance_mean=1.0, lambda_intra_class_var=1.0, lambda_partial_class=1, lambda_ratio_reg=0.001, lambda_recon_wt_rand=1, lambda_recons=1, lambda_var_distance=0.01, lambda_var_inter=1.0, lambda_var_intra=1.0, lambda_zvar_sim=1, latent_spec_cont=None, latent_spec_cont_class=None, latent_spec_cont_var=None, latent_spec_disc=None, latent_spec_disc_class=None, latent_spec_disc_var=None, log_level='info', loss='Proxy_Anchor', loss_distance_mean=False, loss_min_distance_cl=True, lr=0.001, max_iter=50.0, model='CNN', mrg=0.1, num_workers=2, old_weighted=False, optimizer='adamw', other_ratio=False, random_percentage=0.2, random_seed=10, randomness=True, ratio_reg=True, remark='', save_step=10000, second_layer_C=False, seed=1, stride_size=1, sz_embedding=32, three_conv_layer=False, train=True, two_conv_layer=True, two_encoder=False, use_decoder=False, use_early_stopping=True, use_scheduler=True, value_target_distance_mean=10.0, warm=1, without_acc=False, z_struct_size=32, zeros_W_Classif=False, zvar_sim_change_zvar=False, zvar_sim_loss_for_all_model=False, zvar_sim_loss_only_for_encoder=False, zvar_sim_normal=False, zvar_sim_var_rand=False)
CUDA Visible devices !
[Using Seed: 10]
Balanced dataset loaded
use 1 gpu who named: Tesla V100-SXM2-32GB
=> loaded sample_scores and losses
=> no checkpoint found at 'checkpoints_CNN/mnist_balanced_dataset_encoder_ratio_min_3_4/last'
Custom_CNN_BK(
  (net): Sequential(
    (0): Conv2d(1, 32, kernel_size=(8, 8), stride=(1, 1))
    (1): BatchNorm2d(32, eps=1e-05, momentum=0.1, affine=True, track_running_stats=True)
    (2): ReLU(inplace=True)
    (3): Conv2d(32, 32, kernel_size=(4, 4), stride=(1, 1))
    (4): BatchNorm2d(32, eps=1e-05, momentum=0.1, affine=True, track_running_stats=True)
    (5): ReLU(inplace=True)
    (6): AdaptiveMaxPool2d(output_size=(1, 1))
    (7): View()
    (8): Linear(in_features=32, out_features=32, bias=True)
    (9): BatchNorm1d(32, eps=1e-05, momentum=0.1, affine=True, track_running_stats=True)
    (10): ReLU(inplace=True)
    (11): Dropout(p=0.4, inplace=False)
    (12): Linear(in_features=32, out_features=30, bias=True)
    (13): BatchNorm1d(30, eps=1e-05, momentum=0.1, affine=True, track_running_stats=True)
    (14): ReLU(inplace=True)
    (15): Dropout(p=0.4, inplace=False)
    (16): Linear(in_features=30, out_features=10, bias=True)
    (17): Softmax(dim=None)
  )
)
The number of parameters of model is 21104
=> saved checkpoint 'checkpoints_CNN/mnist_balanced_dataset_encoder_ratio_min_3_4/last' (iter 270, epoch 1.0)
=> saved checkpoint 'checkpoint_scores_CNN/mnist_balanced_dataset_encoder_ratio_min_3_4/last' (iter 270, epoch 1.0)
[Save Checkpoint] epoch: [1.0], Train score:87.50000, Test score:78.39000, train loss:-0.88154, test loss:-0.88710, ratio_train_loss:1.27438,ratio_test_loss:1.34339, var distance inter class train:0.30225,var distance inter class test:0.30991
=> saved checkpoint 'checkpoints_CNN/mnist_balanced_dataset_encoder_ratio_min_3_4/last' (iter 540, epoch 2.0)
=> saved checkpoint 'checkpoint_scores_CNN/mnist_balanced_dataset_encoder_ratio_min_3_4/last' (iter 540, epoch 2.0)
[Save Checkpoint] epoch: [2.0], Train score:97.85333, Test score:87.51000, train loss:-0.99628, test loss:-1.00042, ratio_train_loss:0.98210,ratio_test_loss:1.00400, var distance inter class train:0.21840,var distance inter class test:0.21705
=> saved checkpoint 'checkpoints_CNN/mnist_balanced_dataset_encoder_ratio_min_3_4/last' (iter 810, epoch 3.0)
=> saved checkpoint 'checkpoint_scores_CNN/mnist_balanced_dataset_encoder_ratio_min_3_4/last' (iter 810, epoch 3.0)
[Save Checkpoint] epoch: [3.0], Train score:108.24833, Test score:96.49000, train loss:-1.08370, test loss:-1.08609, ratio_train_loss:0.84491,ratio_test_loss:0.86752, var distance inter class train:0.18544,var distance inter class test:0.18238
=> saved checkpoint 'checkpoints_CNN/mnist_balanced_dataset_encoder_ratio_min_3_4/last' (iter 1080, epoch 4.0)
=> saved checkpoint 'checkpoint_scores_CNN/mnist_balanced_dataset_encoder_ratio_min_3_4/last' (iter 1080, epoch 4.0)
[Save Checkpoint] epoch: [4.0], Train score:109.16167, Test score:97.40000, train loss:-1.09893, test loss:-1.10101, ratio_train_loss:0.78269,ratio_test_loss:0.79573, var distance inter class train:0.16311,var distance inter class test:0.15599
=> saved checkpoint 'checkpoints_CNN/mnist_balanced_dataset_encoder_ratio_min_3_4/last' (iter 1350, epoch 5.0)
=> saved checkpoint 'checkpoint_scores_CNN/mnist_balanced_dataset_encoder_ratio_min_3_4/last' (iter 1350, epoch 5.0)
[Save Checkpoint] epoch: [5.0], Train score:109.57500, Test score:97.61000, train loss:-1.10142, test loss:-1.10206, ratio_train_loss:0.73887,ratio_test_loss:0.74423, var distance inter class train:0.15449,var distance inter class test:0.15150
=> saved checkpoint 'checkpoints_CNN/mnist_balanced_dataset_encoder_ratio_min_3_4/last' (iter 1620, epoch 6.0)
=> saved checkpoint 'checkpoint_scores_CNN/mnist_balanced_dataset_encoder_ratio_min_3_4/last' (iter 1620, epoch 6.0)
[Save Checkpoint] epoch: [6.0], Train score:109.98000, Test score:97.87000, train loss:-1.10389, test loss:-1.10404, ratio_train_loss:0.73925,ratio_test_loss:0.74396, var distance inter class train:0.12991,var distance inter class test:0.12651
=> saved checkpoint 'checkpoints_CNN/mnist_balanced_dataset_encoder_ratio_min_3_4/last' (iter 1890, epoch 7.0)
=> saved checkpoint 'checkpoint_scores_CNN/mnist_balanced_dataset_encoder_ratio_min_3_4/last' (iter 1890, epoch 7.0)
[Save Checkpoint] epoch: [7.0], Train score:110.19167, Test score:98.01000, train loss:-1.10538, test loss:-1.10456, ratio_train_loss:0.74183,ratio_test_loss:0.74724, var distance inter class train:0.11350,var distance inter class test:0.11003
=> saved checkpoint 'checkpoints_CNN/mnist_balanced_dataset_encoder_ratio_min_3_4/last' (iter 2160, epoch 8.0)
=> saved checkpoint 'checkpoint_scores_CNN/mnist_balanced_dataset_encoder_ratio_min_3_4/last' (iter 2160, epoch 8.0)
EarlyStopping counter: 1 out of 10
[Save Checkpoint] epoch: [8.0], Train score:110.07167, Test score:97.85000, train loss:-1.10323, test loss:-1.10241, ratio_train_loss:0.74425,ratio_test_loss:0.74442, var distance inter class train:0.09785,var distance inter class test:0.09360
=> saved checkpoint 'checkpoints_CNN/mnist_balanced_dataset_encoder_ratio_min_3_4/last' (iter 2430, epoch 9.0)
=> saved checkpoint 'checkpoint_scores_CNN/mnist_balanced_dataset_encoder_ratio_min_3_4/last' (iter 2430, epoch 9.0)
[Save Checkpoint] epoch: [9.0], Train score:110.48000, Test score:98.15000, train loss:-1.10755, test loss:-1.10571, ratio_train_loss:0.71467,ratio_test_loss:0.71059, var distance inter class train:0.10386,var distance inter class test:0.10190
=> saved checkpoint 'checkpoints_CNN/mnist_balanced_dataset_encoder_ratio_min_3_4/last' (iter 2700, epoch 10.0)
=> saved checkpoint 'checkpoint_scores_CNN/mnist_balanced_dataset_encoder_ratio_min_3_4/last' (iter 2700, epoch 10.0)
[Save Checkpoint] epoch: [10.0], Train score:110.55833, Test score:98.30000, train loss:-1.10737, test loss:-1.10585, ratio_train_loss:0.71611,ratio_test_loss:0.71326, var distance inter class train:0.09866,var distance inter class test:0.09717
=> saved checkpoint 'checkpoints_CNN/mnist_balanced_dataset_encoder_ratio_min_3_4/last' (iter 2970, epoch 11.0)
=> saved checkpoint 'checkpoint_scores_CNN/mnist_balanced_dataset_encoder_ratio_min_3_4/last' (iter 2970, epoch 11.0)
[Save Checkpoint] epoch: [11.0], Train score:110.57500, Test score:98.41000, train loss:-1.10771, test loss:-1.10703, ratio_train_loss:0.70461,ratio_test_loss:0.69944, var distance inter class train:0.09543,var distance inter class test:0.09255
=> saved checkpoint 'checkpoints_CNN/mnist_balanced_dataset_encoder_ratio_min_3_4/last' (iter 3240, epoch 12.0)
=> saved checkpoint 'checkpoint_scores_CNN/mnist_balanced_dataset_encoder_ratio_min_3_4/last' (iter 3240, epoch 12.0)
EarlyStopping counter: 1 out of 10
[Save Checkpoint] epoch: [12.0], Train score:110.65667, Test score:98.26000, train loss:-1.10826, test loss:-1.10538, ratio_train_loss:0.68940,ratio_test_loss:0.67903, var distance inter class train:0.08979,var distance inter class test:0.08846
=> saved checkpoint 'checkpoints_CNN/mnist_balanced_dataset_encoder_ratio_min_3_4/last' (iter 3510, epoch 13.0)
=> saved checkpoint 'checkpoint_scores_CNN/mnist_balanced_dataset_encoder_ratio_min_3_4/last' (iter 3510, epoch 13.0)
EarlyStopping counter: 2 out of 10
[Save Checkpoint] epoch: [13.0], Train score:110.69000, Test score:98.29000, train loss:-1.10903, test loss:-1.10688, ratio_train_loss:0.71925,ratio_test_loss:0.71161, var distance inter class train:0.10196,var distance inter class test:0.09916
=> saved checkpoint 'checkpoints_CNN/mnist_balanced_dataset_encoder_ratio_min_3_4/last' (iter 3780, epoch 14.0)
=> saved checkpoint 'checkpoint_scores_CNN/mnist_balanced_dataset_encoder_ratio_min_3_4/last' (iter 3780, epoch 14.0)
[Save Checkpoint] epoch: [14.0], Train score:110.67000, Test score:98.29000, train loss:-1.10914, test loss:-1.10706, ratio_train_loss:0.69892,ratio_test_loss:0.69270, var distance inter class train:0.09664,var distance inter class test:0.09284
=> saved checkpoint 'checkpoints_CNN/mnist_balanced_dataset_encoder_ratio_min_3_4/last' (iter 4050, epoch 15.0)
=> saved checkpoint 'checkpoint_scores_CNN/mnist_balanced_dataset_encoder_ratio_min_3_4/last' (iter 4050, epoch 15.0)
EarlyStopping counter: 1 out of 10
[Save Checkpoint] epoch: [15.0], Train score:110.56667, Test score:98.29000, train loss:-1.10612, test loss:-1.10442, ratio_train_loss:0.73008,ratio_test_loss:0.72435, var distance inter class train:0.08826,var distance inter class test:0.08587
=> saved checkpoint 'checkpoints_CNN/mnist_balanced_dataset_encoder_ratio_min_3_4/last' (iter 4320, epoch 16.0)
=> saved checkpoint 'checkpoint_scores_CNN/mnist_balanced_dataset_encoder_ratio_min_3_4/last' (iter 4320, epoch 16.0)
EarlyStopping counter: 2 out of 10
[Save Checkpoint] epoch: [16.0], Train score:110.91500, Test score:98.44000, train loss:-1.10953, test loss:-1.10652, ratio_train_loss:0.77219,ratio_test_loss:0.76530, var distance inter class train:0.08131,var distance inter class test:0.07860
=> saved checkpoint 'checkpoints_CNN/mnist_balanced_dataset_encoder_ratio_min_3_4/last' (iter 4590, epoch 17.0)
=> saved checkpoint 'checkpoint_scores_CNN/mnist_balanced_dataset_encoder_ratio_min_3_4/last' (iter 4590, epoch 17.0)
EarlyStopping counter: 3 out of 10
[Save Checkpoint] epoch: [17.0], Train score:110.67500, Test score:98.19000, train loss:-1.10843, test loss:-1.10493, ratio_train_loss:0.67477,ratio_test_loss:0.66923, var distance inter class train:0.09912,var distance inter class test:0.09716
=> saved checkpoint 'checkpoints_CNN/mnist_balanced_dataset_encoder_ratio_min_3_4/last' (iter 4860, epoch 18.0)
=> saved checkpoint 'checkpoint_scores_CNN/mnist_balanced_dataset_encoder_ratio_min_3_4/last' (iter 4860, epoch 18.0)
EarlyStopping counter: 4 out of 10
[Save Checkpoint] epoch: [18.0], Train score:110.95667, Test score:98.39000, train loss:-1.11033, test loss:-1.10691, ratio_train_loss:0.68187,ratio_test_loss:0.67443, var distance inter class train:0.08877,var distance inter class test:0.08655
=> saved checkpoint 'checkpoints_CNN/mnist_balanced_dataset_encoder_ratio_min_3_4/last' (iter 5130, epoch 19.0)
=> saved checkpoint 'checkpoint_scores_CNN/mnist_balanced_dataset_encoder_ratio_min_3_4/last' (iter 5130, epoch 19.0)
EarlyStopping counter: 5 out of 10
[Save Checkpoint] epoch: [19.0], Train score:110.94833, Test score:98.46000, train loss:-1.11040, test loss:-1.10736, ratio_train_loss:0.71829,ratio_test_loss:0.71088, var distance inter class train:0.08127,var distance inter class test:0.07829
=> saved checkpoint 'checkpoints_CNN/mnist_balanced_dataset_encoder_ratio_min_3_4/last' (iter 5400, epoch 20.0)
=> saved checkpoint 'checkpoint_scores_CNN/mnist_balanced_dataset_encoder_ratio_min_3_4/last' (iter 5400, epoch 20.0)
EarlyStopping counter: 6 out of 10
[Save Checkpoint] epoch: [20.0], Train score:111.00167, Test score:98.42000, train loss:-1.10974, test loss:-1.10595, ratio_train_loss:0.69786,ratio_test_loss:0.69339, var distance inter class train:0.08436,var distance inter class test:0.08284
=> saved checkpoint 'checkpoints_CNN/mnist_balanced_dataset_encoder_ratio_min_3_4/last' (iter 5670, epoch 21.0)
=> saved checkpoint 'checkpoint_scores_CNN/mnist_balanced_dataset_encoder_ratio_min_3_4/last' (iter 5670, epoch 21.0)
[Save Checkpoint] epoch: [21.0], Train score:111.01000, Test score:98.49000, train loss:-1.11007, test loss:-1.10665, ratio_train_loss:0.72417,ratio_test_loss:0.72304, var distance inter class train:0.07510,var distance inter class test:0.07283
=> saved checkpoint 'checkpoints_CNN/mnist_balanced_dataset_encoder_ratio_min_3_4/last' (iter 5940, epoch 22.0)
=> saved checkpoint 'checkpoint_scores_CNN/mnist_balanced_dataset_encoder_ratio_min_3_4/last' (iter 5940, epoch 22.0)
EarlyStopping counter: 1 out of 10
[Save Checkpoint] epoch: [22.0], Train score:111.05667, Test score:98.53000, train loss:-1.11013, test loss:-1.10696, ratio_train_loss:0.72285,ratio_test_loss:0.71969, var distance inter class train:0.07372,var distance inter class test:0.07233
=> saved checkpoint 'checkpoints_CNN/mnist_balanced_dataset_encoder_ratio_min_3_4/last' (iter 6210, epoch 23.0)
=> saved checkpoint 'checkpoint_scores_CNN/mnist_balanced_dataset_encoder_ratio_min_3_4/last' (iter 6210, epoch 23.0)
EarlyStopping counter: 2 out of 10
[Save Checkpoint] epoch: [23.0], Train score:111.07167, Test score:98.54000, train loss:-1.11125, test loss:-1.10785, ratio_train_loss:0.67489,ratio_test_loss:0.66756, var distance inter class train:0.08891,var distance inter class test:0.08851
=> saved checkpoint 'checkpoints_CNN/mnist_balanced_dataset_encoder_ratio_min_3_4/last' (iter 6480, epoch 24.0)
=> saved checkpoint 'checkpoint_scores_CNN/mnist_balanced_dataset_encoder_ratio_min_3_4/last' (iter 6480, epoch 24.0)
EarlyStopping counter: 3 out of 10
[Save Checkpoint] epoch: [24.0], Train score:111.03833, Test score:98.54000, train loss:-1.10969, test loss:-1.10632, ratio_train_loss:0.70042,ratio_test_loss:0.68847, var distance inter class train:0.06569,var distance inter class test:0.06394
=> saved checkpoint 'checkpoints_CNN/mnist_balanced_dataset_encoder_ratio_min_3_4/last' (iter 6750, epoch 25.0)
=> saved checkpoint 'checkpoint_scores_CNN/mnist_balanced_dataset_encoder_ratio_min_3_4/last' (iter 6750, epoch 25.0)
EarlyStopping counter: 4 out of 10
[Save Checkpoint] epoch: [25.0], Train score:111.10167, Test score:98.61000, train loss:-1.11140, test loss:-1.10823, ratio_train_loss:0.68217,ratio_test_loss:0.67343, var distance inter class train:0.07652,var distance inter class test:0.07341
=> saved checkpoint 'checkpoints_CNN/mnist_balanced_dataset_encoder_ratio_min_3_4/last' (iter 7020, epoch 26.0)
=> saved checkpoint 'checkpoint_scores_CNN/mnist_balanced_dataset_encoder_ratio_min_3_4/last' (iter 7020, epoch 26.0)
EarlyStopping counter: 5 out of 10
[Save Checkpoint] epoch: [26.0], Train score:111.02667, Test score:98.51000, train loss:-1.11014, test loss:-1.10713, ratio_train_loss:0.68891,ratio_test_loss:0.67898, var distance inter class train:0.07240,var distance inter class test:0.06917
=> saved checkpoint 'checkpoints_CNN/mnist_balanced_dataset_encoder_ratio_min_3_4/last' (iter 7290, epoch 27.0)
=> saved checkpoint 'checkpoint_scores_CNN/mnist_balanced_dataset_encoder_ratio_min_3_4/last' (iter 7290, epoch 27.0)
EarlyStopping counter: 6 out of 10
[Save Checkpoint] epoch: [27.0], Train score:110.85833, Test score:98.24000, train loss:-1.10778, test loss:-1.10348, ratio_train_loss:0.68393,ratio_test_loss:0.68250, var distance inter class train:0.07445,var distance inter class test:0.07305
=> saved checkpoint 'checkpoints_CNN/mnist_balanced_dataset_encoder_ratio_min_3_4/last' (iter 7560, epoch 28.0)
=> saved checkpoint 'checkpoint_scores_CNN/mnist_balanced_dataset_encoder_ratio_min_3_4/last' (iter 7560, epoch 28.0)
EarlyStopping counter: 7 out of 10
[Save Checkpoint] epoch: [28.0], Train score:111.07000, Test score:98.28000, train loss:-1.10981, test loss:-1.10422, ratio_train_loss:0.69556,ratio_test_loss:0.68987, var distance inter class train:0.07452,var distance inter class test:0.07347
=> saved checkpoint 'checkpoints_CNN/mnist_balanced_dataset_encoder_ratio_min_3_4/last' (iter 7830, epoch 29.0)
=> saved checkpoint 'checkpoint_scores_CNN/mnist_balanced_dataset_encoder_ratio_min_3_4/last' (iter 7830, epoch 29.0)
EarlyStopping counter: 8 out of 10
[Save Checkpoint] epoch: [29.0], Train score:111.06000, Test score:98.44000, train loss:-1.10890, test loss:-1.10447, ratio_train_loss:0.71018,ratio_test_loss:0.70190, var distance inter class train:0.07099,var distance inter class test:0.06988
=> saved checkpoint 'checkpoints_CNN/mnist_balanced_dataset_encoder_ratio_min_3_4/last' (iter 8100, epoch 30.0)
=> saved checkpoint 'checkpoint_scores_CNN/mnist_balanced_dataset_encoder_ratio_min_3_4/last' (iter 8100, epoch 30.0)
EarlyStopping counter: 9 out of 10
[Save Checkpoint] epoch: [30.0], Train score:111.13167, Test score:98.55000, train loss:-1.11026, test loss:-1.10644, ratio_train_loss:0.69700,ratio_test_loss:0.69440, var distance inter class train:0.06595,var distance inter class test:0.06358
=> saved checkpoint 'checkpoints_CNN/mnist_balanced_dataset_encoder_ratio_min_3_4/last' (iter 8370, epoch 31.0)
=> saved checkpoint 'checkpoint_scores_CNN/mnist_balanced_dataset_encoder_ratio_min_3_4/last' (iter 8370, epoch 31.0)
EarlyStopping counter: 10 out of 10
[Save Checkpoint] epoch: [31.0], Train score:111.12667, Test score:98.39000, train loss:-1.10973, test loss:-1.10472, ratio_train_loss:0.70276,ratio_test_loss:0.69366, var distance inter class train:0.06452,var distance inter class test:0.06328
Early stopping
[Training Finished]
All done !
