34
--gpu_devices 0 --max_iter 100 --batch_size 250 --use_scheduler True --lr 1e-3 --GMP True --z_struct_size 10 --is_VAE True --is_encoder_struct False --lambda_BCE 1 --beta 1 --big_kernel_size 8 --two_conv_layer True --three_conv_layer True --kernel_size_1 4 --kernel_size_2 4 --kernel_size_3 4 --BK_in_first_layer True --BK_in_second_layer False --BK_in_third_layer False --stride_size 1 --hidden_filters_layer1 64 --hidden_filters_layer2 64 --hidden_filters_layer3 64 --dataset_balanced True --binary_z True --binary_first_conv False --binary_second_conv False --binary_third_conv True --z_var_size 5 --z_struct_size 20 --use_small_lr_encoder_var True --encoder_var_name mnist_vae_var_2cb_5 --encoder_struct_name mnist_struct_baseline_scheduler_binary_20 --freeze_Encoder True --exp_name mnist_VAE_s20_v5_PT
Namespace(BK_in_first_layer=True, BK_in_second_layer=False, BK_in_third_layer=False, BN=False, C_max=25, C_stop_iter=100000.0, E1_AE=False, E1_VAE=False, E1_conv=False, E1_dense=False, E1_second_conv=False, E1_second_conv_adapt=False, GMP=True, Hmg_dst_loss=False, IPC=False, L1_norm_act=False, L1_norm_weights=False, L3_without_random=False, LOG_DIR='logs', adapt_lr=False, add_classification_layer=True, add_linear_after_GMP=True, add_z_struct_bottleneck=False, alpha=32, batch_size=250, beta=1.0, beta1=0.9, beta2=0.999, big_kernel=False, big_kernel_size=8, binary_chain=False, binary_first_conv=False, binary_second_conv=False, binary_third_conv=True, binary_z=True, both_decoders_freeze=False, ckpt_dir='checkpoints_CNN', ckpt_dir_scores='checkpoint_scores_CNN', classif_layer_size=30, contrastive_loss=False, cuda=True, dataset='mnist', dataset_balanced=True, decoder_first_dense=36, decoder_kernel_size_1=4, decoder_kernel_size_2=3, decoder_kernel_size_3=4, decoder_n_filter_1=64, decoder_n_filter_2=64, decoder_n_filter_3=64, decoder_stride_1=2, decoder_stride_2=2, decoder_stride_3=1, diff_var=False, display_step=10000, dset_dir='data', encoder_struct_name='mnist_struct_baseline_scheduler_binary_20', encoder_var_name='mnist_vae_var_2cb_5', exp_name='mnist_VAE_s20_v5_PT', freeze_Encoder=True, gamma=1000, gpu_devices=[0], hidden_filters_layer1=64, hidden_filters_layer2=64, hidden_filters_layer3=64, image_size=64, intra_class_variance_loss=False, is_C=True, is_E1=False, is_VAE=True, is_VAE_var=False, is_binary_structural_latent=False, is_custom_model=False, is_custom_model_BK=False, is_default_model=False, is_encoder_struct=False, is_noise_stats=False, is_partial_rand_class=False, is_perturbed_score=False, is_zvar_sim_loss=False, just_train=False, kernel_size=4, kernel_size_1=4, kernel_size_2=4, kernel_size_3=4, lambda_BCE=1.0, lambda_Kl_struct=1, lambda_Kl_var=1, lambda_L1=0.01, lambda_VAE=1, lambda_class=1, lambda_contrastive_loss=1, lambda_distance_mean=1, lambda_hmg_dst=1, lambda_intra_class_var=1, lambda_partial_class=1, lambda_ratio_reg=1, lambda_recon_wt_rand=1, lambda_recons=1, lambda_uniq_code_dst=1, lambda_var_distance=1, lambda_var_inter=1, lambda_var_intra=1, lambda_zvar_sim=1, latent_spec_cont=None, latent_spec_cont_class=None, latent_spec_cont_var=None, latent_spec_disc=None, latent_spec_disc_class=None, latent_spec_disc_var=None, log_level='info', loss='Proxy_Anchor', loss_distance_mean=False, loss_min_distance_cl=False, lr=0.001, max_epoch_use_uniq_code_target=5, max_iter=100.0, model='CNN', mrg=0.1, nb_epochs_train_only_zvar=0, num_workers=2, old_weighted=False, optimizer='adamw', other_architecture=False, other_ratio=False, random_percentage=0.2, random_seed=10, randomness=True, ratio_reg=False, remark='', save_step=10000, second_layer_C=False, seed=1, stride_size=1, sz_embedding=5, three_conv_layer=True, train=True, train_var_struct_alternatively=False, two_conv_layer=True, two_encoder=False, uniq_code_dst_loss=False, use_VAE=False, use_decoder=False, use_early_stopping=True, use_scheduler=True, use_small_lr_encoder_var=True, use_structural_encoder=False, value_target_distance_mean=1, var_hidden_dim=256, var_hidden_filters_1=32, var_hidden_filters_2=32, var_hidden_filters_3=32, var_kernel_size_1=3, var_kernel_size_2=3, var_kernel_size_3=3, var_second_cnn_block=True, var_stride_size_1=1, var_stride_size_2=1, var_stride_size_3=1, var_third_cnn_block=False, var_three_conv_layer=False, warm=1, without_acc=False, z_struct_size=20, z_var_size=5, zeros_W_Classif=False, zvar_sim_change_zvar=False, zvar_sim_loss_for_all_model=False, zvar_sim_loss_only_for_encoder=False, zvar_sim_normal=False, zvar_sim_var_rand=False)
CUDA Visible devices !
[Using Seed: 10]
Balanced dataset loaded
VAE doesn't exist but encoder var yes ! load var encoder weighs !
=> loaded checkpoint 'checkpoints_CNN/mnist_vae_var_2cb_5/last (iter 50625)'
Weighs loaded for var encoder !
VAE doesn't exist but encoder struct yes ! load struct encoder weighs !
=> loaded checkpoint 'checkpoints_CNN/mnist_struct_baseline_scheduler_binary_20/last (iter 17280)'
Weighs loaded for struct encoder !
use 1 gpu who named: Tesla V100-SXM2-32GB
VAE(
  (encoder_struct): Sequential(
    (0): Conv2d(1, 64, kernel_size=(8, 8), stride=(1, 1))
    (1): BatchNorm2d(64, eps=1e-05, momentum=0.1, affine=True, track_running_stats=True)
    (2): ReLU(inplace=True)
    (3): Conv2d(64, 64, kernel_size=(4, 4), stride=(1, 1))
    (4): BatchNorm2d(64, eps=1e-05, momentum=0.1, affine=True, track_running_stats=True)
    (5): ReLU(inplace=True)
    (6): Conv2d(64, 20, kernel_size=(4, 4), stride=(1, 1))
    (7): DeterministicBinaryActivation(
      (act): Hardsigmoid(
        (act): Hardtanh(min_val=-1.0, max_val=1.0)
      )
    )
    (8): AdaptiveMaxPool2d(output_size=(1, 1))
    (9): View()
  )
  (encoder_var): Sequential(
    (0): Conv2d(1, 32, kernel_size=(3, 3), stride=(1, 1))
    (1): ReLU(inplace=True)
    (2): BatchNorm2d(32, eps=1e-05, momentum=0.1, affine=True, track_running_stats=True)
    (3): Conv2d(32, 32, kernel_size=(3, 3), stride=(1, 1))
    (4): ReLU(inplace=True)
    (5): BatchNorm2d(32, eps=1e-05, momentum=0.1, affine=True, track_running_stats=True)
    (6): Conv2d(32, 32, kernel_size=(5, 5), stride=(2, 2), padding=(2, 2))
    (7): ReLU(inplace=True)
    (8): BatchNorm2d(32, eps=1e-05, momentum=0.1, affine=True, track_running_stats=True)
    (9): Dropout(p=0.4, inplace=False)
    (10): Conv2d(32, 64, kernel_size=(3, 3), stride=(1, 1))
    (11): ReLU(inplace=True)
    (12): BatchNorm2d(64, eps=1e-05, momentum=0.1, affine=True, track_running_stats=True)
    (13): Conv2d(64, 64, kernel_size=(3, 3), stride=(1, 1))
    (14): ReLU(inplace=True)
    (15): BatchNorm2d(64, eps=1e-05, momentum=0.1, affine=True, track_running_stats=True)
    (16): Conv2d(64, 64, kernel_size=(5, 5), stride=(2, 2), padding=(2, 2))
    (17): ReLU(inplace=True)
    (18): BatchNorm2d(64, eps=1e-05, momentum=0.1, affine=True, track_running_stats=True)
    (19): Dropout(p=0.4, inplace=False)
    (20): View()
    (21): Linear(in_features=1600, out_features=10, bias=True)
  )
  (decoder): Sequential(
    (0): Linear(in_features=25, out_features=1600, bias=True)
    (1): ReLU(inplace=True)
    (2): View()
    (3): ConvTranspose2d(64, 64, kernel_size=(4, 4), stride=(2, 2), padding=(1, 1))
    (4): ReLU(inplace=True)
    (5): ConvTranspose2d(64, 64, kernel_size=(3, 3), stride=(1, 1))
    (6): ReLU(inplace=True)
    (7): ConvTranspose2d(64, 32, kernel_size=(3, 3), stride=(1, 1))
    (8): ReLU(inplace=True)
    (9): ConvTranspose2d(32, 32, kernel_size=(4, 4), stride=(2, 2), padding=(1, 1))
    (10): ReLU(inplace=True)
    (11): ConvTranspose2d(32, 32, kernel_size=(3, 3), stride=(1, 1))
    (12): ReLU(inplace=True)
    (13): ConvTranspose2d(32, 1, kernel_size=(3, 3), stride=(1, 1))
    (14): Sigmoid()
  )
)
The number of parameters of model is 488735
use smaller lr for encoder var !
=> saved checkpoint 'checkpoints_CNN/mnist_VAE_s20_v5_PT/last' (iter 270, epoch 1.0)
=> saved checkpoint 'checkpoint_scores_CNN/mnist_VAE_s20_v5_PT/last' (iter 270, epoch 1.0)
[Save Checkpoint] epoch: [1.0], Train: total:3372.16064, BCE:-9.21443, KLD:3381.37549,Test: total:13512.38184, BCE:-9.36833, KLD:13521.75000
=> saved checkpoint 'checkpoints_CNN/mnist_VAE_s20_v5_PT/last' (iter 540, epoch 2.0)
=> saved checkpoint 'checkpoint_scores_CNN/mnist_VAE_s20_v5_PT/last' (iter 540, epoch 2.0)
[Save Checkpoint] epoch: [2.0], Train: total:3313.64746, BCE:-10.20438, KLD:3323.85107,Test: total:13282.86914, BCE:-10.34636, KLD:13293.21387
=> saved checkpoint 'checkpoints_CNN/mnist_VAE_s20_v5_PT/last' (iter 810, epoch 3.0)
=> saved checkpoint 'checkpoint_scores_CNN/mnist_VAE_s20_v5_PT/last' (iter 810, epoch 3.0)
[Save Checkpoint] epoch: [3.0], Train: total:3301.82739, BCE:-10.15719, KLD:3311.98584,Test: total:13237.83105, BCE:-10.29050, KLD:13248.12207
=> saved checkpoint 'checkpoints_CNN/mnist_VAE_s20_v5_PT/last' (iter 1080, epoch 4.0)
=> saved checkpoint 'checkpoint_scores_CNN/mnist_VAE_s20_v5_PT/last' (iter 1080, epoch 4.0)
[Save Checkpoint] epoch: [4.0], Train: total:3316.42944, BCE:-9.95088, KLD:3326.37964,Test: total:13297.58008, BCE:-10.06575, KLD:13307.64746
=> saved checkpoint 'checkpoints_CNN/mnist_VAE_s20_v5_PT/last' (iter 1350, epoch 5.0)
=> saved checkpoint 'checkpoint_scores_CNN/mnist_VAE_s20_v5_PT/last' (iter 1350, epoch 5.0)
[Save Checkpoint] epoch: [5.0], Train: total:3342.24878, BCE:-9.99848, KLD:3352.24658,Test: total:13399.44531, BCE:-10.12029, KLD:13409.56738
=> saved checkpoint 'checkpoints_CNN/mnist_VAE_s20_v5_PT/last' (iter 1620, epoch 6.0)
=> saved checkpoint 'checkpoint_scores_CNN/mnist_VAE_s20_v5_PT/last' (iter 1620, epoch 6.0)
[Save Checkpoint] epoch: [6.0], Train: total:3363.63501, BCE:-9.62846, KLD:3373.26270,Test: total:13484.67090, BCE:-9.74354, KLD:13494.41406
=> saved checkpoint 'checkpoints_CNN/mnist_VAE_s20_v5_PT/last' (iter 1890, epoch 7.0)
=> saved checkpoint 'checkpoint_scores_CNN/mnist_VAE_s20_v5_PT/last' (iter 1890, epoch 7.0)
[Save Checkpoint] epoch: [7.0], Train: total:3389.53247, BCE:-9.68025, KLD:3399.21460,Test: total:13588.58496, BCE:-9.79504, KLD:13598.38184
=> saved checkpoint 'checkpoints_CNN/mnist_VAE_s20_v5_PT/last' (iter 2160, epoch 8.0)
=> saved checkpoint 'checkpoint_scores_CNN/mnist_VAE_s20_v5_PT/last' (iter 2160, epoch 8.0)
[Save Checkpoint] epoch: [8.0], Train: total:3395.14893, BCE:-9.76221, KLD:3404.91162,Test: total:13611.27051, BCE:-9.87834, KLD:13621.14844
=> saved checkpoint 'checkpoints_CNN/mnist_VAE_s20_v5_PT/last' (iter 2430, epoch 9.0)
=> saved checkpoint 'checkpoint_scores_CNN/mnist_VAE_s20_v5_PT/last' (iter 2430, epoch 9.0)
[Save Checkpoint] epoch: [9.0], Train: total:3408.48755, BCE:-9.74415, KLD:3418.22974,Test: total:13665.25000, BCE:-9.86100, KLD:13675.10938
=> saved checkpoint 'checkpoints_CNN/mnist_VAE_s20_v5_PT/last' (iter 2700, epoch 10.0)
=> saved checkpoint 'checkpoint_scores_CNN/mnist_VAE_s20_v5_PT/last' (iter 2700, epoch 10.0)
[Save Checkpoint] epoch: [10.0], Train: total:3417.59375, BCE:-9.60492, KLD:3427.19751,Test: total:13702.06738, BCE:-9.71878, KLD:13711.78613
=> saved checkpoint 'checkpoints_CNN/mnist_VAE_s20_v5_PT/last' (iter 2970, epoch 11.0)
=> saved checkpoint 'checkpoint_scores_CNN/mnist_VAE_s20_v5_PT/last' (iter 2970, epoch 11.0)
EarlyStopping counter: 1 out of 25
[Save Checkpoint] epoch: [11.0], Train: total:3425.63574, BCE:-9.15950, KLD:3434.79565,Test: total:13733.27637, BCE:-9.27342, KLD:13742.54980
=> saved checkpoint 'checkpoints_CNN/mnist_VAE_s20_v5_PT/last' (iter 3240, epoch 12.0)
=> saved checkpoint 'checkpoint_scores_CNN/mnist_VAE_s20_v5_PT/last' (iter 3240, epoch 12.0)
EarlyStopping counter: 2 out of 25
[Save Checkpoint] epoch: [12.0], Train: total:3433.39331, BCE:-9.35457, KLD:3442.74854,Test: total:13765.43457, BCE:-9.48789, KLD:13774.92383
=> saved checkpoint 'checkpoints_CNN/mnist_VAE_s20_v5_PT/last' (iter 3510, epoch 13.0)
=> saved checkpoint 'checkpoint_scores_CNN/mnist_VAE_s20_v5_PT/last' (iter 3510, epoch 13.0)
[Save Checkpoint] epoch: [13.0], Train: total:3441.27490, BCE:-9.11095, KLD:3450.38794,Test: total:13796.30762, BCE:-9.24149, KLD:13805.54883
=> saved checkpoint 'checkpoints_CNN/mnist_VAE_s20_v5_PT/last' (iter 3780, epoch 14.0)
=> saved checkpoint 'checkpoint_scores_CNN/mnist_VAE_s20_v5_PT/last' (iter 3780, epoch 14.0)
EarlyStopping counter: 1 out of 25
[Save Checkpoint] epoch: [14.0], Train: total:3443.85107, BCE:-9.41831, KLD:3453.27100,Test: total:13807.63770, BCE:-9.55623, KLD:13817.19434
=> saved checkpoint 'checkpoints_CNN/mnist_VAE_s20_v5_PT/last' (iter 4050, epoch 15.0)
=> saved checkpoint 'checkpoint_scores_CNN/mnist_VAE_s20_v5_PT/last' (iter 4050, epoch 15.0)
[Save Checkpoint] epoch: [15.0], Train: total:3447.00854, BCE:-9.49743, KLD:3456.50562,Test: total:13820.82812, BCE:-9.63850, KLD:13830.46582
=> saved checkpoint 'checkpoints_CNN/mnist_VAE_s20_v5_PT/last' (iter 4320, epoch 16.0)
=> saved checkpoint 'checkpoint_scores_CNN/mnist_VAE_s20_v5_PT/last' (iter 4320, epoch 16.0)
EarlyStopping counter: 1 out of 25
[Save Checkpoint] epoch: [16.0], Train: total:3452.04102, BCE:-9.41396, KLD:3461.45508,Test: total:13839.83301, BCE:-9.55559, KLD:13849.38965
=> saved checkpoint 'checkpoints_CNN/mnist_VAE_s20_v5_PT/last' (iter 4590, epoch 17.0)
=> saved checkpoint 'checkpoint_scores_CNN/mnist_VAE_s20_v5_PT/last' (iter 4590, epoch 17.0)
[Save Checkpoint] epoch: [17.0], Train: total:3457.77930, BCE:-9.47231, KLD:3467.25195,Test: total:13863.12500, BCE:-9.61904, KLD:13872.74512
=> saved checkpoint 'checkpoints_CNN/mnist_VAE_s20_v5_PT/last' (iter 4860, epoch 18.0)
=> saved checkpoint 'checkpoint_scores_CNN/mnist_VAE_s20_v5_PT/last' (iter 4860, epoch 18.0)
[Save Checkpoint] epoch: [18.0], Train: total:3455.91675, BCE:-9.83142, KLD:3465.74878,Test: total:13857.52539, BCE:-9.98611, KLD:13867.51074
=> saved checkpoint 'checkpoints_CNN/mnist_VAE_s20_v5_PT/last' (iter 5130, epoch 19.0)
=> saved checkpoint 'checkpoint_scores_CNN/mnist_VAE_s20_v5_PT/last' (iter 5130, epoch 19.0)
EarlyStopping counter: 1 out of 25
[Save Checkpoint] epoch: [19.0], Train: total:3460.90747, BCE:-9.73349, KLD:3470.64111,Test: total:13877.27344, BCE:-9.89133, KLD:13887.16602
=> saved checkpoint 'checkpoints_CNN/mnist_VAE_s20_v5_PT/last' (iter 5400, epoch 20.0)
=> saved checkpoint 'checkpoint_scores_CNN/mnist_VAE_s20_v5_PT/last' (iter 5400, epoch 20.0)
EarlyStopping counter: 2 out of 25
[Save Checkpoint] epoch: [20.0], Train: total:3464.82373, BCE:-9.49298, KLD:3474.31836,Test: total:13892.80664, BCE:-9.64298, KLD:13902.44824
=> saved checkpoint 'checkpoints_CNN/mnist_VAE_s20_v5_PT/last' (iter 5670, epoch 21.0)
=> saved checkpoint 'checkpoint_scores_CNN/mnist_VAE_s20_v5_PT/last' (iter 5670, epoch 21.0)
[Save Checkpoint] epoch: [21.0], Train: total:3466.70947, BCE:-9.46429, KLD:3476.17188,Test: total:13899.81934, BCE:-9.61890, KLD:13909.43750
=> saved checkpoint 'checkpoints_CNN/mnist_VAE_s20_v5_PT/last' (iter 5940, epoch 22.0)
=> saved checkpoint 'checkpoint_scores_CNN/mnist_VAE_s20_v5_PT/last' (iter 5940, epoch 22.0)
[Save Checkpoint] epoch: [22.0], Train: total:3469.60815, BCE:-9.53038, KLD:3479.13745,Test: total:13911.93750, BCE:-9.68590, KLD:13921.62500
=> saved checkpoint 'checkpoints_CNN/mnist_VAE_s20_v5_PT/last' (iter 6210, epoch 23.0)
=> saved checkpoint 'checkpoint_scores_CNN/mnist_VAE_s20_v5_PT/last' (iter 6210, epoch 23.0)
[Save Checkpoint] epoch: [23.0], Train: total:3468.75781, BCE:-9.73154, KLD:3478.48706,Test: total:13909.55469, BCE:-9.89362, KLD:13919.44824
=> saved checkpoint 'checkpoints_CNN/mnist_VAE_s20_v5_PT/last' (iter 6480, epoch 24.0)
=> saved checkpoint 'checkpoint_scores_CNN/mnist_VAE_s20_v5_PT/last' (iter 6480, epoch 24.0)
EarlyStopping counter: 1 out of 25
[Save Checkpoint] epoch: [24.0], Train: total:3474.36255, BCE:-9.96209, KLD:3484.32495,Test: total:13932.31738, BCE:-10.14979, KLD:13942.46777
=> saved checkpoint 'checkpoints_CNN/mnist_VAE_s20_v5_PT/last' (iter 6750, epoch 25.0)
=> saved checkpoint 'checkpoint_scores_CNN/mnist_VAE_s20_v5_PT/last' (iter 6750, epoch 25.0)
EarlyStopping counter: 2 out of 25
[Save Checkpoint] epoch: [25.0], Train: total:3471.80908, BCE:-10.04060, KLD:3481.85010,Test: total:13921.51270, BCE:-10.22231, KLD:13931.73633
=> saved checkpoint 'checkpoints_CNN/mnist_VAE_s20_v5_PT/last' (iter 7020, epoch 26.0)
=> saved checkpoint 'checkpoint_scores_CNN/mnist_VAE_s20_v5_PT/last' (iter 7020, epoch 26.0)
[Save Checkpoint] epoch: [26.0], Train: total:3482.92090, BCE:-10.24035, KLD:3493.16040,Test: total:13966.97070, BCE:-10.42967, KLD:13977.40039
=> saved checkpoint 'checkpoints_CNN/mnist_VAE_s20_v5_PT/last' (iter 7290, epoch 27.0)
=> saved checkpoint 'checkpoint_scores_CNN/mnist_VAE_s20_v5_PT/last' (iter 7290, epoch 27.0)
EarlyStopping counter: 1 out of 25
[Save Checkpoint] epoch: [27.0], Train: total:3484.40723, BCE:-10.29572, KLD:3494.70288,Test: total:13972.92871, BCE:-10.49478, KLD:13983.42188
=> saved checkpoint 'checkpoints_CNN/mnist_VAE_s20_v5_PT/last' (iter 7560, epoch 28.0)
=> saved checkpoint 'checkpoint_scores_CNN/mnist_VAE_s20_v5_PT/last' (iter 7560, epoch 28.0)
[Save Checkpoint] epoch: [28.0], Train: total:3484.80298, BCE:-10.34692, KLD:3495.14990,Test: total:13974.29688, BCE:-10.54221, KLD:13984.84082
=> saved checkpoint 'checkpoints_CNN/mnist_VAE_s20_v5_PT/last' (iter 7830, epoch 29.0)
=> saved checkpoint 'checkpoint_scores_CNN/mnist_VAE_s20_v5_PT/last' (iter 7830, epoch 29.0)
EarlyStopping counter: 1 out of 25
[Save Checkpoint] epoch: [29.0], Train: total:3483.14331, BCE:-10.24986, KLD:3493.39355,Test: total:13966.65137, BCE:-10.44109, KLD:13977.09277
=> saved checkpoint 'checkpoints_CNN/mnist_VAE_s20_v5_PT/last' (iter 8100, epoch 30.0)
=> saved checkpoint 'checkpoint_scores_CNN/mnist_VAE_s20_v5_PT/last' (iter 8100, epoch 30.0)
[Save Checkpoint] epoch: [30.0], Train: total:3488.97681, BCE:-10.30466, KLD:3499.28149,Test: total:13990.39844, BCE:-10.50478, KLD:14000.90332
=> saved checkpoint 'checkpoints_CNN/mnist_VAE_s20_v5_PT/last' (iter 8370, epoch 31.0)
=> saved checkpoint 'checkpoint_scores_CNN/mnist_VAE_s20_v5_PT/last' (iter 8370, epoch 31.0)
EarlyStopping counter: 1 out of 25
[Save Checkpoint] epoch: [31.0], Train: total:3487.99121, BCE:-10.80512, KLD:3498.79590,Test: total:13988.12500, BCE:-11.00880, KLD:13999.13477
=> saved checkpoint 'checkpoints_CNN/mnist_VAE_s20_v5_PT/last' (iter 8640, epoch 32.0)
=> saved checkpoint 'checkpoint_scores_CNN/mnist_VAE_s20_v5_PT/last' (iter 8640, epoch 32.0)
EarlyStopping counter: 2 out of 25
[Save Checkpoint] epoch: [32.0], Train: total:3489.90283, BCE:-10.76122, KLD:3500.66357,Test: total:13994.88477, BCE:-10.96202, KLD:14005.84668
=> saved checkpoint 'checkpoints_CNN/mnist_VAE_s20_v5_PT/last' (iter 8910, epoch 33.0)
=> saved checkpoint 'checkpoint_scores_CNN/mnist_VAE_s20_v5_PT/last' (iter 8910, epoch 33.0)
EarlyStopping counter: 3 out of 25
[Save Checkpoint] epoch: [33.0], Train: total:3487.10864, BCE:-11.35268, KLD:3498.46069,Test: total:13985.28320, BCE:-11.56649, KLD:13996.84863
=> saved checkpoint 'checkpoints_CNN/mnist_VAE_s20_v5_PT/last' (iter 9180, epoch 34.0)
=> saved checkpoint 'checkpoint_scores_CNN/mnist_VAE_s20_v5_PT/last' (iter 9180, epoch 34.0)
EarlyStopping counter: 4 out of 25
[Save Checkpoint] epoch: [34.0], Train: total:3487.56519, BCE:-11.39507, KLD:3498.96045,Test: total:13987.15137, BCE:-11.61545, KLD:13998.76562
Epoch    35: reducing learning rate of group 0 to 2.0000e-04.
Epoch    35: reducing learning rate of group 1 to 2.0000e-06.
=> saved checkpoint 'checkpoints_CNN/mnist_VAE_s20_v5_PT/last' (iter 9450, epoch 35.0)
=> saved checkpoint 'checkpoint_scores_CNN/mnist_VAE_s20_v5_PT/last' (iter 9450, epoch 35.0)
EarlyStopping counter: 5 out of 25
[Save Checkpoint] epoch: [35.0], Train: total:3492.48755, BCE:-11.35190, KLD:3503.83984,Test: total:14006.10156, BCE:-11.56259, KLD:14017.66406
=> saved checkpoint 'checkpoints_CNN/mnist_VAE_s20_v5_PT/last' (iter 9720, epoch 36.0)
=> saved checkpoint 'checkpoint_scores_CNN/mnist_VAE_s20_v5_PT/last' (iter 9720, epoch 36.0)
EarlyStopping counter: 6 out of 25
[Save Checkpoint] epoch: [36.0], Train: total:3496.97168, BCE:-12.05886, KLD:3509.03149,Test: total:14026.26855, BCE:-12.31296, KLD:14038.58105
=> saved checkpoint 'checkpoints_CNN/mnist_VAE_s20_v5_PT/last' (iter 9990, epoch 37.0)
=> saved checkpoint 'checkpoint_scores_CNN/mnist_VAE_s20_v5_PT/last' (iter 9990, epoch 37.0)
EarlyStopping counter: 7 out of 25
[Save Checkpoint] epoch: [37.0], Train: total:3498.19751, BCE:-12.05809, KLD:3510.25562,Test: total:14030.98730, BCE:-12.29017, KLD:14043.27832
=> saved checkpoint 'checkpoints_CNN/mnist_VAE_s20_v5_PT/last' (iter 10260, epoch 38.0)
=> saved checkpoint 'checkpoint_scores_CNN/mnist_VAE_s20_v5_PT/last' (iter 10260, epoch 38.0)
EarlyStopping counter: 8 out of 25
[Save Checkpoint] epoch: [38.0], Train: total:3500.46753, BCE:-12.25062, KLD:3512.71606,Test: total:14040.62012, BCE:-12.49157, KLD:14053.11230
=> saved checkpoint 'checkpoints_CNN/mnist_VAE_s20_v5_PT/last' (iter 10530, epoch 39.0)
=> saved checkpoint 'checkpoint_scores_CNN/mnist_VAE_s20_v5_PT/last' (iter 10530, epoch 39.0)
[Save Checkpoint] epoch: [39.0], Train: total:3502.45215, BCE:-12.26326, KLD:3514.71533,Test: total:14048.55469, BCE:-12.49229, KLD:14061.04688
=> saved checkpoint 'checkpoints_CNN/mnist_VAE_s20_v5_PT/last' (iter 10800, epoch 40.0)
=> saved checkpoint 'checkpoint_scores_CNN/mnist_VAE_s20_v5_PT/last' (iter 10800, epoch 40.0)
EarlyStopping counter: 1 out of 25
[Save Checkpoint] epoch: [40.0], Train: total:3506.26733, BCE:-12.30575, KLD:3518.57373,Test: total:14063.97070, BCE:-12.55014, KLD:14076.52051
=> saved checkpoint 'checkpoints_CNN/mnist_VAE_s20_v5_PT/last' (iter 11070, epoch 41.0)
=> saved checkpoint 'checkpoint_scores_CNN/mnist_VAE_s20_v5_PT/last' (iter 11070, epoch 41.0)
[Save Checkpoint] epoch: [41.0], Train: total:3505.02295, BCE:-12.48017, KLD:3517.50195,Test: total:14059.47070, BCE:-12.73055, KLD:14072.20215
=> saved checkpoint 'checkpoints_CNN/mnist_VAE_s20_v5_PT/last' (iter 11340, epoch 42.0)
=> saved checkpoint 'checkpoint_scores_CNN/mnist_VAE_s20_v5_PT/last' (iter 11340, epoch 42.0)
EarlyStopping counter: 1 out of 25
[Save Checkpoint] epoch: [42.0], Train: total:3507.58081, BCE:-12.41867, KLD:3519.99951,Test: total:14069.47363, BCE:-12.65637, KLD:14082.12988
=> saved checkpoint 'checkpoints_CNN/mnist_VAE_s20_v5_PT/last' (iter 11610, epoch 43.0)
=> saved checkpoint 'checkpoint_scores_CNN/mnist_VAE_s20_v5_PT/last' (iter 11610, epoch 43.0)
EarlyStopping counter: 2 out of 25
[Save Checkpoint] epoch: [43.0], Train: total:3509.65723, BCE:-12.61287, KLD:3522.26978,Test: total:14078.60938, BCE:-12.85486, KLD:14091.46387
=> saved checkpoint 'checkpoints_CNN/mnist_VAE_s20_v5_PT/last' (iter 11880, epoch 44.0)
=> saved checkpoint 'checkpoint_scores_CNN/mnist_VAE_s20_v5_PT/last' (iter 11880, epoch 44.0)
EarlyStopping counter: 3 out of 25
[Save Checkpoint] epoch: [44.0], Train: total:3508.88257, BCE:-12.57556, KLD:3521.45703,Test: total:14074.97559, BCE:-12.81189, KLD:14087.78809
=> saved checkpoint 'checkpoints_CNN/mnist_VAE_s20_v5_PT/last' (iter 12150, epoch 45.0)
=> saved checkpoint 'checkpoint_scores_CNN/mnist_VAE_s20_v5_PT/last' (iter 12150, epoch 45.0)
EarlyStopping counter: 4 out of 25
[Save Checkpoint] epoch: [45.0], Train: total:3512.31982, BCE:-12.62510, KLD:3524.94336,Test: total:14089.22656, BCE:-12.87211, KLD:14102.10156
=> saved checkpoint 'checkpoints_CNN/mnist_VAE_s20_v5_PT/last' (iter 12420, epoch 46.0)
=> saved checkpoint 'checkpoint_scores_CNN/mnist_VAE_s20_v5_PT/last' (iter 12420, epoch 46.0)
[Save Checkpoint] epoch: [46.0], Train: total:3511.64136, BCE:-12.50068, KLD:3524.14185,Test: total:14086.05664, BCE:-12.74128, KLD:14098.79688
=> saved checkpoint 'checkpoints_CNN/mnist_VAE_s20_v5_PT/last' (iter 12690, epoch 47.0)
=> saved checkpoint 'checkpoint_scores_CNN/mnist_VAE_s20_v5_PT/last' (iter 12690, epoch 47.0)
EarlyStopping counter: 1 out of 25
[Save Checkpoint] epoch: [47.0], Train: total:3512.99316, BCE:-12.72905, KLD:3525.72144,Test: total:14091.93457, BCE:-12.97058, KLD:14104.90527
=> saved checkpoint 'checkpoints_CNN/mnist_VAE_s20_v5_PT/last' (iter 12960, epoch 48.0)
=> saved checkpoint 'checkpoint_scores_CNN/mnist_VAE_s20_v5_PT/last' (iter 12960, epoch 48.0)
EarlyStopping counter: 2 out of 25
[Save Checkpoint] epoch: [48.0], Train: total:3515.12231, BCE:-12.81660, KLD:3527.93872,Test: total:14100.54395, BCE:-13.07430, KLD:14113.61914
=> saved checkpoint 'checkpoints_CNN/mnist_VAE_s20_v5_PT/last' (iter 13230, epoch 49.0)
=> saved checkpoint 'checkpoint_scores_CNN/mnist_VAE_s20_v5_PT/last' (iter 13230, epoch 49.0)
EarlyStopping counter: 3 out of 25
[Save Checkpoint] epoch: [49.0], Train: total:3514.88867, BCE:-12.68000, KLD:3527.56763,Test: total:14098.97949, BCE:-12.91560, KLD:14111.89355
=> saved checkpoint 'checkpoints_CNN/mnist_VAE_s20_v5_PT/last' (iter 13500, epoch 50.0)
=> saved checkpoint 'checkpoint_scores_CNN/mnist_VAE_s20_v5_PT/last' (iter 13500, epoch 50.0)
EarlyStopping counter: 4 out of 25
[Save Checkpoint] epoch: [50.0], Train: total:3517.63696, BCE:-13.02089, KLD:3530.65771,Test: total:14111.15137, BCE:-13.27348, KLD:14124.42383
Epoch    51: reducing learning rate of group 0 to 4.0000e-05.
Epoch    51: reducing learning rate of group 1 to 1.0000e-06.
=> saved checkpoint 'checkpoints_CNN/mnist_VAE_s20_v5_PT/last' (iter 13770, epoch 51.0)
=> saved checkpoint 'checkpoint_scores_CNN/mnist_VAE_s20_v5_PT/last' (iter 13770, epoch 51.0)
EarlyStopping counter: 5 out of 25
[Save Checkpoint] epoch: [51.0], Train: total:3516.36206, BCE:-13.05847, KLD:3529.41968,Test: total:14106.09082, BCE:-13.32304, KLD:14119.41309
=> saved checkpoint 'checkpoints_CNN/mnist_VAE_s20_v5_PT/last' (iter 14040, epoch 52.0)
=> saved checkpoint 'checkpoint_scores_CNN/mnist_VAE_s20_v5_PT/last' (iter 14040, epoch 52.0)
EarlyStopping counter: 6 out of 25
[Save Checkpoint] epoch: [52.0], Train: total:3517.10571, BCE:-12.41032, KLD:3529.51562,Test: total:14106.96094, BCE:-12.63931, KLD:14119.60059
=> saved checkpoint 'checkpoints_CNN/mnist_VAE_s20_v5_PT/last' (iter 14310, epoch 53.0)
=> saved checkpoint 'checkpoint_scores_CNN/mnist_VAE_s20_v5_PT/last' (iter 14310, epoch 53.0)
EarlyStopping counter: 7 out of 25
[Save Checkpoint] epoch: [53.0], Train: total:3519.22632, BCE:-12.47038, KLD:3531.69702,Test: total:14115.70605, BCE:-12.72012, KLD:14128.42871
=> saved checkpoint 'checkpoints_CNN/mnist_VAE_s20_v5_PT/last' (iter 14580, epoch 54.0)
=> saved checkpoint 'checkpoint_scores_CNN/mnist_VAE_s20_v5_PT/last' (iter 14580, epoch 54.0)
[Save Checkpoint] epoch: [54.0], Train: total:3518.68945, BCE:-12.41336, KLD:3531.10229,Test: total:14113.26855, BCE:-12.64340, KLD:14125.91113
=> saved checkpoint 'checkpoints_CNN/mnist_VAE_s20_v5_PT/last' (iter 14850, epoch 55.0)
=> saved checkpoint 'checkpoint_scores_CNN/mnist_VAE_s20_v5_PT/last' (iter 14850, epoch 55.0)
EarlyStopping counter: 1 out of 25
[Save Checkpoint] epoch: [55.0], Train: total:3519.88159, BCE:-12.42838, KLD:3532.31055,Test: total:14118.02832, BCE:-12.66963, KLD:14130.69824
=> saved checkpoint 'checkpoints_CNN/mnist_VAE_s20_v5_PT/last' (iter 15120, epoch 56.0)
=> saved checkpoint 'checkpoint_scores_CNN/mnist_VAE_s20_v5_PT/last' (iter 15120, epoch 56.0)
EarlyStopping counter: 2 out of 25
[Save Checkpoint] epoch: [56.0], Train: total:3519.60815, BCE:-12.46369, KLD:3532.07080,Test: total:14116.94824, BCE:-12.70454, KLD:14129.65332
=> saved checkpoint 'checkpoints_CNN/mnist_VAE_s20_v5_PT/last' (iter 15390, epoch 57.0)
=> saved checkpoint 'checkpoint_scores_CNN/mnist_VAE_s20_v5_PT/last' (iter 15390, epoch 57.0)
EarlyStopping counter: 3 out of 25
[Save Checkpoint] epoch: [57.0], Train: total:3518.66382, BCE:-12.52595, KLD:3531.18872,Test: total:14113.03613, BCE:-12.76693, KLD:14125.80371
=> saved checkpoint 'checkpoints_CNN/mnist_VAE_s20_v5_PT/last' (iter 15660, epoch 58.0)
=> saved checkpoint 'checkpoint_scores_CNN/mnist_VAE_s20_v5_PT/last' (iter 15660, epoch 58.0)
EarlyStopping counter: 4 out of 25
[Save Checkpoint] epoch: [58.0], Train: total:3522.57007, BCE:-12.50446, KLD:3535.07471,Test: total:14128.89551, BCE:-12.73713, KLD:14141.63281
Epoch    59: reducing learning rate of group 0 to 8.0000e-06.
=> saved checkpoint 'checkpoints_CNN/mnist_VAE_s20_v5_PT/last' (iter 15930, epoch 59.0)
=> saved checkpoint 'checkpoint_scores_CNN/mnist_VAE_s20_v5_PT/last' (iter 15930, epoch 59.0)
EarlyStopping counter: 5 out of 25
[Save Checkpoint] epoch: [59.0], Train: total:3522.69751, BCE:-12.60530, KLD:3535.30225,Test: total:14129.48438, BCE:-12.85016, KLD:14142.33496
=> saved checkpoint 'checkpoints_CNN/mnist_VAE_s20_v5_PT/last' (iter 16200, epoch 60.0)
=> saved checkpoint 'checkpoint_scores_CNN/mnist_VAE_s20_v5_PT/last' (iter 16200, epoch 60.0)
EarlyStopping counter: 6 out of 25
[Save Checkpoint] epoch: [60.0], Train: total:3522.32715, BCE:-12.59285, KLD:3534.92139,Test: total:14127.93750, BCE:-12.82871, KLD:14140.76758
=> saved checkpoint 'checkpoints_CNN/mnist_VAE_s20_v5_PT/last' (iter 16470, epoch 61.0)
=> saved checkpoint 'checkpoint_scores_CNN/mnist_VAE_s20_v5_PT/last' (iter 16470, epoch 61.0)
EarlyStopping counter: 7 out of 25
[Save Checkpoint] epoch: [61.0], Train: total:3524.66382, BCE:-12.61130, KLD:3537.27393,Test: total:14137.33105, BCE:-12.84143, KLD:14150.17383
=> saved checkpoint 'checkpoints_CNN/mnist_VAE_s20_v5_PT/last' (iter 16740, epoch 62.0)
=> saved checkpoint 'checkpoint_scores_CNN/mnist_VAE_s20_v5_PT/last' (iter 16740, epoch 62.0)
EarlyStopping counter: 8 out of 25
[Save Checkpoint] epoch: [62.0], Train: total:3525.55737, BCE:-12.57004, KLD:3538.12598,Test: total:14140.39062, BCE:-12.81475, KLD:14153.20605
=> saved checkpoint 'checkpoints_CNN/mnist_VAE_s20_v5_PT/last' (iter 17010, epoch 63.0)
=> saved checkpoint 'checkpoint_scores_CNN/mnist_VAE_s20_v5_PT/last' (iter 17010, epoch 63.0)
EarlyStopping counter: 9 out of 25
[Save Checkpoint] epoch: [63.0], Train: total:3524.26807, BCE:-12.58058, KLD:3536.84912,Test: total:14135.27344, BCE:-12.81741, KLD:14148.09277
Epoch    64: reducing learning rate of group 0 to 1.6000e-06.
=> saved checkpoint 'checkpoints_CNN/mnist_VAE_s20_v5_PT/last' (iter 17280, epoch 64.0)
=> saved checkpoint 'checkpoint_scores_CNN/mnist_VAE_s20_v5_PT/last' (iter 17280, epoch 64.0)
EarlyStopping counter: 10 out of 25
[Save Checkpoint] epoch: [64.0], Train: total:3526.03003, BCE:-12.60639, KLD:3538.63892,Test: total:14142.50684, BCE:-12.84737, KLD:14155.35352
=> saved checkpoint 'checkpoints_CNN/mnist_VAE_s20_v5_PT/last' (iter 17550, epoch 65.0)
=> saved checkpoint 'checkpoint_scores_CNN/mnist_VAE_s20_v5_PT/last' (iter 17550, epoch 65.0)
EarlyStopping counter: 11 out of 25
[Save Checkpoint] epoch: [65.0], Train: total:3525.08228, BCE:-12.59750, KLD:3537.67969,Test: total:14138.55176, BCE:-12.82757, KLD:14151.37988
=> saved checkpoint 'checkpoints_CNN/mnist_VAE_s20_v5_PT/last' (iter 17820, epoch 66.0)
=> saved checkpoint 'checkpoint_scores_CNN/mnist_VAE_s20_v5_PT/last' (iter 17820, epoch 66.0)
EarlyStopping counter: 12 out of 25
[Save Checkpoint] epoch: [66.0], Train: total:3527.55176, BCE:-12.61127, KLD:3540.16504,Test: total:14148.56543, BCE:-12.85105, KLD:14161.41602
=> saved checkpoint 'checkpoints_CNN/mnist_VAE_s20_v5_PT/last' (iter 18090, epoch 67.0)
=> saved checkpoint 'checkpoint_scores_CNN/mnist_VAE_s20_v5_PT/last' (iter 18090, epoch 67.0)
EarlyStopping counter: 13 out of 25
[Save Checkpoint] epoch: [67.0], Train: total:3527.08008, BCE:-12.62222, KLD:3539.70288,Test: total:14146.33789, BCE:-12.85337, KLD:14159.19238
=> saved checkpoint 'checkpoints_CNN/mnist_VAE_s20_v5_PT/last' (iter 18360, epoch 68.0)
=> saved checkpoint 'checkpoint_scores_CNN/mnist_VAE_s20_v5_PT/last' (iter 18360, epoch 68.0)
EarlyStopping counter: 14 out of 25
[Save Checkpoint] epoch: [68.0], Train: total:3528.01538, BCE:-12.61139, KLD:3540.62573,Test: total:14150.20996, BCE:-12.84117, KLD:14163.04883
Epoch    69: reducing learning rate of group 0 to 1.0000e-06.
=> saved checkpoint 'checkpoints_CNN/mnist_VAE_s20_v5_PT/last' (iter 18630, epoch 69.0)
=> saved checkpoint 'checkpoint_scores_CNN/mnist_VAE_s20_v5_PT/last' (iter 18630, epoch 69.0)
EarlyStopping counter: 15 out of 25
[Save Checkpoint] epoch: [69.0], Train: total:3527.52246, BCE:-12.60739, KLD:3540.12939,Test: total:14148.05176, BCE:-12.84079, KLD:14160.89258
=> saved checkpoint 'checkpoints_CNN/mnist_VAE_s20_v5_PT/last' (iter 18900, epoch 70.0)
=> saved checkpoint 'checkpoint_scores_CNN/mnist_VAE_s20_v5_PT/last' (iter 18900, epoch 70.0)
[Save Checkpoint] epoch: [70.0], Train: total:3525.52539, BCE:-12.61717, KLD:3538.14233,Test: total:14140.16309, BCE:-12.84324, KLD:14153.00488
=> saved checkpoint 'checkpoints_CNN/mnist_VAE_s20_v5_PT/last' (iter 19170, epoch 71.0)
=> saved checkpoint 'checkpoint_scores_CNN/mnist_VAE_s20_v5_PT/last' (iter 19170, epoch 71.0)
EarlyStopping counter: 1 out of 25
[Save Checkpoint] epoch: [71.0], Train: total:3525.94849, BCE:-12.62481, KLD:3538.57495,Test: total:14141.50684, BCE:-12.85488, KLD:14154.35938
=> saved checkpoint 'checkpoints_CNN/mnist_VAE_s20_v5_PT/last' (iter 19440, epoch 72.0)
=> saved checkpoint 'checkpoint_scores_CNN/mnist_VAE_s20_v5_PT/last' (iter 19440, epoch 72.0)
EarlyStopping counter: 2 out of 25
[Save Checkpoint] epoch: [72.0], Train: total:3526.73779, BCE:-12.62867, KLD:3539.36499,Test: total:14144.76562, BCE:-12.85938, KLD:14157.62500
=> saved checkpoint 'checkpoints_CNN/mnist_VAE_s20_v5_PT/last' (iter 19710, epoch 73.0)
=> saved checkpoint 'checkpoint_scores_CNN/mnist_VAE_s20_v5_PT/last' (iter 19710, epoch 73.0)
EarlyStopping counter: 3 out of 25
[Save Checkpoint] epoch: [73.0], Train: total:3525.98535, BCE:-12.62330, KLD:3538.60913,Test: total:14141.52832, BCE:-12.85161, KLD:14154.37988
=> saved checkpoint 'checkpoints_CNN/mnist_VAE_s20_v5_PT/last' (iter 19980, epoch 74.0)
=> saved checkpoint 'checkpoint_scores_CNN/mnist_VAE_s20_v5_PT/last' (iter 19980, epoch 74.0)
EarlyStopping counter: 4 out of 25
[Save Checkpoint] epoch: [74.0], Train: total:3524.87036, BCE:-12.60779, KLD:3537.47803,Test: total:14136.80957, BCE:-12.83343, KLD:14149.64258
=> saved checkpoint 'checkpoints_CNN/mnist_VAE_s20_v5_PT/last' (iter 20250, epoch 75.0)
=> saved checkpoint 'checkpoint_scores_CNN/mnist_VAE_s20_v5_PT/last' (iter 20250, epoch 75.0)
EarlyStopping counter: 5 out of 25
[Save Checkpoint] epoch: [75.0], Train: total:3526.24121, BCE:-12.61794, KLD:3538.86011,Test: total:14142.48145, BCE:-12.85707, KLD:14155.33789
=> saved checkpoint 'checkpoints_CNN/mnist_VAE_s20_v5_PT/last' (iter 20520, epoch 76.0)
=> saved checkpoint 'checkpoint_scores_CNN/mnist_VAE_s20_v5_PT/last' (iter 20520, epoch 76.0)
EarlyStopping counter: 6 out of 25
[Save Checkpoint] epoch: [76.0], Train: total:3525.09229, BCE:-12.61465, KLD:3537.70801,Test: total:14137.83594, BCE:-12.84653, KLD:14150.68164
=> saved checkpoint 'checkpoints_CNN/mnist_VAE_s20_v5_PT/last' (iter 20790, epoch 77.0)
=> saved checkpoint 'checkpoint_scores_CNN/mnist_VAE_s20_v5_PT/last' (iter 20790, epoch 77.0)
EarlyStopping counter: 7 out of 25
[Save Checkpoint] epoch: [77.0], Train: total:3526.33057, BCE:-12.61943, KLD:3538.94751,Test: total:14142.92188, BCE:-12.85279, KLD:14155.77539
=> saved checkpoint 'checkpoints_CNN/mnist_VAE_s20_v5_PT/last' (iter 21060, epoch 78.0)
=> saved checkpoint 'checkpoint_scores_CNN/mnist_VAE_s20_v5_PT/last' (iter 21060, epoch 78.0)
EarlyStopping counter: 8 out of 25
[Save Checkpoint] epoch: [78.0], Train: total:3527.52441, BCE:-12.62202, KLD:3540.14673,Test: total:14147.69531, BCE:-12.86150, KLD:14160.55762
=> saved checkpoint 'checkpoints_CNN/mnist_VAE_s20_v5_PT/last' (iter 21330, epoch 79.0)
=> saved checkpoint 'checkpoint_scores_CNN/mnist_VAE_s20_v5_PT/last' (iter 21330, epoch 79.0)
EarlyStopping counter: 9 out of 25
[Save Checkpoint] epoch: [79.0], Train: total:3526.51099, BCE:-12.61735, KLD:3539.12915,Test: total:14143.70020, BCE:-12.83679, KLD:14156.53809
=> saved checkpoint 'checkpoints_CNN/mnist_VAE_s20_v5_PT/last' (iter 21600, epoch 80.0)
=> saved checkpoint 'checkpoint_scores_CNN/mnist_VAE_s20_v5_PT/last' (iter 21600, epoch 80.0)
EarlyStopping counter: 10 out of 25
[Save Checkpoint] epoch: [80.0], Train: total:3528.53052, BCE:-12.63094, KLD:3541.16235,Test: total:14151.77539, BCE:-12.86851, KLD:14164.64258
=> saved checkpoint 'checkpoints_CNN/mnist_VAE_s20_v5_PT/last' (iter 21870, epoch 81.0)
=> saved checkpoint 'checkpoint_scores_CNN/mnist_VAE_s20_v5_PT/last' (iter 21870, epoch 81.0)
EarlyStopping counter: 11 out of 25
[Save Checkpoint] epoch: [81.0], Train: total:3526.84131, BCE:-12.61222, KLD:3539.45361,Test: total:14145.06543, BCE:-12.85520, KLD:14157.92090
=> saved checkpoint 'checkpoints_CNN/mnist_VAE_s20_v5_PT/last' (iter 22140, epoch 82.0)
=> saved checkpoint 'checkpoint_scores_CNN/mnist_VAE_s20_v5_PT/last' (iter 22140, epoch 82.0)
EarlyStopping counter: 12 out of 25
[Save Checkpoint] epoch: [82.0], Train: total:3526.22412, BCE:-12.61646, KLD:3538.84082,Test: total:14142.33301, BCE:-12.85214, KLD:14155.18652
=> saved checkpoint 'checkpoints_CNN/mnist_VAE_s20_v5_PT/last' (iter 22410, epoch 83.0)
=> saved checkpoint 'checkpoint_scores_CNN/mnist_VAE_s20_v5_PT/last' (iter 22410, epoch 83.0)
EarlyStopping counter: 13 out of 25
[Save Checkpoint] epoch: [83.0], Train: total:3525.30811, BCE:-12.59764, KLD:3537.90479,Test: total:14138.54395, BCE:-12.82553, KLD:14151.36914
=> saved checkpoint 'checkpoints_CNN/mnist_VAE_s20_v5_PT/last' (iter 22680, epoch 84.0)
=> saved checkpoint 'checkpoint_scores_CNN/mnist_VAE_s20_v5_PT/last' (iter 22680, epoch 84.0)
EarlyStopping counter: 14 out of 25
[Save Checkpoint] epoch: [84.0], Train: total:3526.14722, BCE:-12.60004, KLD:3538.74634,Test: total:14141.89746, BCE:-12.84045, KLD:14154.73730
=> saved checkpoint 'checkpoints_CNN/mnist_VAE_s20_v5_PT/last' (iter 22950, epoch 85.0)
=> saved checkpoint 'checkpoint_scores_CNN/mnist_VAE_s20_v5_PT/last' (iter 22950, epoch 85.0)
EarlyStopping counter: 15 out of 25
[Save Checkpoint] epoch: [85.0], Train: total:3525.44824, BCE:-12.62134, KLD:3538.07178,Test: total:14139.18457, BCE:-12.84274, KLD:14152.02832
=> saved checkpoint 'checkpoints_CNN/mnist_VAE_s20_v5_PT/last' (iter 23220, epoch 86.0)
=> saved checkpoint 'checkpoint_scores_CNN/mnist_VAE_s20_v5_PT/last' (iter 23220, epoch 86.0)
EarlyStopping counter: 16 out of 25
[Save Checkpoint] epoch: [86.0], Train: total:3525.43237, BCE:-12.61453, KLD:3538.04614,Test: total:14139.26855, BCE:-12.85217, KLD:14152.12207
=> saved checkpoint 'checkpoints_CNN/mnist_VAE_s20_v5_PT/last' (iter 23490, epoch 87.0)
=> saved checkpoint 'checkpoint_scores_CNN/mnist_VAE_s20_v5_PT/last' (iter 23490, epoch 87.0)
EarlyStopping counter: 17 out of 25
[Save Checkpoint] epoch: [87.0], Train: total:3526.35571, BCE:-12.62486, KLD:3538.98218,Test: total:14142.99414, BCE:-12.85181, KLD:14155.84668
=> saved checkpoint 'checkpoints_CNN/mnist_VAE_s20_v5_PT/last' (iter 23760, epoch 88.0)
=> saved checkpoint 'checkpoint_scores_CNN/mnist_VAE_s20_v5_PT/last' (iter 23760, epoch 88.0)
EarlyStopping counter: 18 out of 25
[Save Checkpoint] epoch: [88.0], Train: total:3523.98169, BCE:-12.58743, KLD:3536.57007,Test: total:14132.94824, BCE:-12.81816, KLD:14145.76758
=> saved checkpoint 'checkpoints_CNN/mnist_VAE_s20_v5_PT/last' (iter 24030, epoch 89.0)
=> saved checkpoint 'checkpoint_scores_CNN/mnist_VAE_s20_v5_PT/last' (iter 24030, epoch 89.0)
EarlyStopping counter: 19 out of 25
[Save Checkpoint] epoch: [89.0], Train: total:3525.38940, BCE:-12.59943, KLD:3537.98975,Test: total:14138.80176, BCE:-12.83701, KLD:14151.63770
=> saved checkpoint 'checkpoints_CNN/mnist_VAE_s20_v5_PT/last' (iter 24300, epoch 90.0)
=> saved checkpoint 'checkpoint_scores_CNN/mnist_VAE_s20_v5_PT/last' (iter 24300, epoch 90.0)
EarlyStopping counter: 20 out of 25
[Save Checkpoint] epoch: [90.0], Train: total:3524.90137, BCE:-12.60391, KLD:3537.50537,Test: total:14136.80762, BCE:-12.83762, KLD:14149.64355
=> saved checkpoint 'checkpoints_CNN/mnist_VAE_s20_v5_PT/last' (iter 24570, epoch 91.0)
=> saved checkpoint 'checkpoint_scores_CNN/mnist_VAE_s20_v5_PT/last' (iter 24570, epoch 91.0)
EarlyStopping counter: 21 out of 25
[Save Checkpoint] epoch: [91.0], Train: total:3525.74023, BCE:-12.60153, KLD:3538.34033,Test: total:14140.04395, BCE:-12.84031, KLD:14152.88477
=> saved checkpoint 'checkpoints_CNN/mnist_VAE_s20_v5_PT/last' (iter 24840, epoch 92.0)
=> saved checkpoint 'checkpoint_scores_CNN/mnist_VAE_s20_v5_PT/last' (iter 24840, epoch 92.0)
EarlyStopping counter: 22 out of 25
[Save Checkpoint] epoch: [92.0], Train: total:3525.30322, BCE:-12.59876, KLD:3537.90283,Test: total:14138.16699, BCE:-12.83455, KLD:14151.00293
=> saved checkpoint 'checkpoints_CNN/mnist_VAE_s20_v5_PT/last' (iter 25110, epoch 93.0)
=> saved checkpoint 'checkpoint_scores_CNN/mnist_VAE_s20_v5_PT/last' (iter 25110, epoch 93.0)
EarlyStopping counter: 23 out of 25
[Save Checkpoint] epoch: [93.0], Train: total:3526.28931, BCE:-12.60909, KLD:3538.89771,Test: total:14142.35840, BCE:-12.84778, KLD:14155.20605
=> saved checkpoint 'checkpoints_CNN/mnist_VAE_s20_v5_PT/last' (iter 25380, epoch 94.0)
=> saved checkpoint 'checkpoint_scores_CNN/mnist_VAE_s20_v5_PT/last' (iter 25380, epoch 94.0)
EarlyStopping counter: 24 out of 25
[Save Checkpoint] epoch: [94.0], Train: total:3526.08350, BCE:-12.60973, KLD:3538.69312,Test: total:14141.30371, BCE:-12.84589, KLD:14154.15039
=> saved checkpoint 'checkpoints_CNN/mnist_VAE_s20_v5_PT/last' (iter 25650, epoch 95.0)
=> saved checkpoint 'checkpoint_scores_CNN/mnist_VAE_s20_v5_PT/last' (iter 25650, epoch 95.0)
EarlyStopping counter: 25 out of 25
[Save Checkpoint] epoch: [95.0], Train: total:3526.15698, BCE:-12.61643, KLD:3538.77319,Test: total:14141.89844, BCE:-12.84621, KLD:14154.74512
Early stopping
[Training Finished]
All done !
