27
--gpu_devices 0 --max_iter 100 --batch_size 250 --use_scheduler True --lr 1e-3 --GMP True --z_struct_size 15 --z_var_size 8 --is_VAE True --is_encoder_struct False --lambda_BCE 1 --beta 1 --lambda_recons 1 --lambda_EV_class 100 --big_kernel_size 8 --two_conv_layer True --three_conv_layer True --kernel_size_1 4 --kernel_size_2 4 --kernel_size_3 4 --BK_in_first_layer True --BK_in_second_layer False --BK_in_third_layer False --stride_size 1 --hidden_filters_layer1 64 --hidden_filters_layer2 64 --hidden_filters_layer3 64 --dataset_balanced True --binary_z True --binary_first_conv False --binary_second_conv False --binary_third_conv True --use_small_lr_encoder_var False --encoder_var_name None --encoder_struct_name mnist_ES_binary_15_Hmg_dst_4_2nd_test --freeze_Encoder True --EV_classifier True --freeze_Encoder True --grad_inv True --size_average False --div_loss_per_batch True --exp_name mnist_VAE_s15Hmg4_v8_class_inv_grad_4_mon_loss_divL
Namespace(BK_in_first_layer=True, BK_in_second_layer=False, BK_in_third_layer=False, BN=False, C_max=25, C_stop_iter=100000.0, E1_AE=False, E1_VAE=False, E1_conv=False, E1_dense=False, E1_second_conv=False, E1_second_conv_adapt=False, ES_reconstruction=False, EV_classifier=True, GMP=True, Hmg_dst_loss=False, IPC=False, L1_norm_act=False, L1_norm_weights=False, L2_dst_loss=False, L3_without_random=False, LOG_DIR='logs', PT_model=False, PT_model_EV_classifier=False, adapt_lr=False, add_classification_layer=True, add_dl_class=False, add_linear_after_GMP=True, add_z_struct_bottleneck=False, alpha=32, batch_size=250, beta=1.0, beta1=0.9, beta2=0.999, big_kernel=False, big_kernel_size=8, bin_after_GMP=False, binary_chain=False, binary_first_conv=False, binary_second_conv=False, binary_third_conv=True, binary_z=True, both_decoders_freeze=False, ckpt_dir='checkpoints_CNN', ckpt_dir_scores='checkpoint_scores_CNN', classif_layer_size=30, contrastive_loss=False, cuda=True, dataset='mnist', dataset_balanced=True, decoder_first_dense=36, decoder_kernel_size_1=4, decoder_kernel_size_2=3, decoder_kernel_size_3=4, decoder_n_filter_1=64, decoder_n_filter_2=64, decoder_n_filter_3=64, decoder_name='None', decoder_stride_1=2, decoder_stride_2=2, decoder_stride_3=1, diff_var=False, display_step=10000, div_loss_per_batch=True, dset_dir='data', encoder_struct_name='mnist_ES_binary_15_Hmg_dst_4_2nd_test', encoder_var_name='None', exp_name='mnist_VAE_s15Hmg4_v8_class_inv_grad_4_mon_loss_divL', fine_tune_decoder=False, freeze_Encoder=True, gamma=1000, gpu_devices=[0], grad_inv=True, hidden_dim=20, hidden_filters_layer1=64, hidden_filters_layer2=64, hidden_filters_layer3=64, image_size=64, intra_class_variance_loss=False, is_C=True, is_E1=False, is_VAE=True, is_VAE_var=False, is_binary_structural_latent=False, is_custom_model=False, is_custom_model_BK=False, is_default_model=False, is_encoder_struct=False, is_noise_stats=False, is_partial_rand_class=False, is_perturbed_score=False, is_zvar_sim_loss=False, just_train=False, kernel_size=4, kernel_size_1=4, kernel_size_2=4, kernel_size_3=4, lambda_BCE=1.0, lambda_EV_class=100.0, lambda_Kl_struct=1, lambda_Kl_var=1, lambda_L1=0.01, lambda_L2_dst=1, lambda_VAE=1, lambda_class=1, lambda_contrastive_loss=1, lambda_distance_mean=1, lambda_hmg_dst=1, lambda_intra_class_var=1, lambda_partial_class=1, lambda_ratio_reg=1, lambda_recon_wt_rand=1, lambda_recons=1.0, lambda_struct_recons_class=1, lambda_uniq_code_dst=1, lambda_var_distance=1, lambda_var_inter=1, lambda_var_intra=1, lambda_zvar_sim=1, latent_spec_cont=None, latent_spec_cont_class=None, latent_spec_cont_var=None, latent_spec_disc=None, latent_spec_disc_class=None, latent_spec_disc_var=None, log_level='info', loss='Proxy_Anchor', loss_ES_reconstruction=False, loss_distance_mean=False, loss_min_distance_cl=False, loss_struct_recons_class=False, lr=0.001, max_epoch_use_uniq_code_target=5, max_iter=100.0, model='CNN', mrg=0.1, n_samples=1, nb_epochs_train_only_zvar=0, num_workers=2, old_weighted=False, optimizer='adamw', other_architecture=False, other_ratio=False, random_percentage=0.2, random_seed=10, randomness=True, ratio_reg=False, remark='', save_step=10000, second_layer_C=False, seed=1, size_average=False, stride_size=1, sz_embedding=5, three_conv_layer=True, train=True, train_var_struct_alternatively=False, transforms=False, two_conv_layer=True, two_encoder=False, uniq_code_dst_loss=False, uniq_data_dataset=False, use_VAE=False, use_decoder=False, use_early_stopping=True, use_scheduler=True, use_small_lr_encoder_var=False, use_structural_encoder=False, value_target_distance_mean=1, var_hidden_dim=256, var_hidden_filters_1=32, var_hidden_filters_2=32, var_hidden_filters_3=32, var_kernel_size_1=3, var_kernel_size_2=3, var_kernel_size_3=3, var_second_cnn_block=True, var_stride_size_1=1, var_stride_size_2=1, var_stride_size_3=1, var_third_cnn_block=False, var_three_conv_layer=False, warm=1, without_acc=False, z_struct_size=15, z_var_size=8, zeros_W_Classif=False, zvar_sim_change_zvar=False, zvar_sim_loss_for_all_model=False, zvar_sim_loss_only_for_encoder=False, zvar_sim_normal=False, zvar_sim_var_rand=False)
CUDA Visible devices !
[Using Seed: 10]
Balanced dataset loaded
VAE doesn't exist but encoder struct yes ! load struct encoder weighs !
=> loaded checkpoint 'checkpoints_CNN/mnist_ES_binary_15_Hmg_dst_4_2nd_test/last (iter 7020)'
Weighs loaded for struct encoder !
use 1 gpu who named: Tesla V100-SXM2-32GB
VAE(
  (encoder_struct): Sequential(
    (0): Conv2d(1, 64, kernel_size=(8, 8), stride=(1, 1))
    (1): BatchNorm2d(64, eps=1e-05, momentum=0.1, affine=True, track_running_stats=True)
    (2): ReLU(inplace=True)
    (3): Conv2d(64, 64, kernel_size=(4, 4), stride=(1, 1))
    (4): BatchNorm2d(64, eps=1e-05, momentum=0.1, affine=True, track_running_stats=True)
    (5): ReLU(inplace=True)
    (6): Conv2d(64, 15, kernel_size=(4, 4), stride=(1, 1))
    (7): BatchNorm2d(15, eps=1e-05, momentum=0.1, affine=True, track_running_stats=True)
    (8): ReLU(inplace=True)
    (9): AdaptiveMaxPool2d(output_size=(1, 1))
    (10): View()
    (11): DeterministicBinaryActivation(
      (act): Hardsigmoid(
        (act): Hardtanh(min_val=-1.0, max_val=1.0)
      )
    )
  )
  (decoder): Sequential(
    (0): Linear(in_features=23, out_features=1600, bias=True)
    (1): ReLU(inplace=True)
    (2): View()
    (3): ConvTranspose2d(64, 64, kernel_size=(4, 4), stride=(2, 2), padding=(1, 1))
    (4): ReLU(inplace=True)
    (5): ConvTranspose2d(64, 64, kernel_size=(3, 3), stride=(1, 1))
    (6): ReLU(inplace=True)
    (7): ConvTranspose2d(64, 32, kernel_size=(3, 3), stride=(1, 1))
    (8): ReLU(inplace=True)
    (9): ConvTranspose2d(32, 32, kernel_size=(4, 4), stride=(2, 2), padding=(1, 1))
    (10): ReLU(inplace=True)
    (11): ConvTranspose2d(32, 32, kernel_size=(3, 3), stride=(1, 1))
    (12): ReLU(inplace=True)
    (13): ConvTranspose2d(32, 1, kernel_size=(3, 3), stride=(1, 1))
    (14): Sigmoid()
  )
  (encoder_var): Sequential(
    (0): Conv2d(1, 32, kernel_size=(3, 3), stride=(1, 1))
    (1): ReLU(inplace=True)
    (2): BatchNorm2d(32, eps=1e-05, momentum=0.1, affine=True, track_running_stats=True)
    (3): Conv2d(32, 32, kernel_size=(3, 3), stride=(1, 1))
    (4): ReLU(inplace=True)
    (5): BatchNorm2d(32, eps=1e-05, momentum=0.1, affine=True, track_running_stats=True)
    (6): Conv2d(32, 32, kernel_size=(5, 5), stride=(2, 2), padding=(2, 2))
    (7): ReLU(inplace=True)
    (8): BatchNorm2d(32, eps=1e-05, momentum=0.1, affine=True, track_running_stats=True)
    (9): Dropout(p=0.4, inplace=False)
    (10): Conv2d(32, 64, kernel_size=(3, 3), stride=(1, 1))
    (11): ReLU(inplace=True)
    (12): BatchNorm2d(64, eps=1e-05, momentum=0.1, affine=True, track_running_stats=True)
    (13): Conv2d(64, 64, kernel_size=(3, 3), stride=(1, 1))
    (14): ReLU(inplace=True)
    (15): BatchNorm2d(64, eps=1e-05, momentum=0.1, affine=True, track_running_stats=True)
    (16): Conv2d(64, 64, kernel_size=(5, 5), stride=(2, 2), padding=(2, 2))
    (17): ReLU(inplace=True)
    (18): BatchNorm2d(64, eps=1e-05, momentum=0.1, affine=True, track_running_stats=True)
    (19): Dropout(p=0.4, inplace=False)
    (20): View()
    (21): Linear(in_features=1600, out_features=16, bias=True)
  )
  (var_classifier): Sequential(
    (0): RevGrad()
    (1): Linear(in_features=8, out_features=10, bias=True)
  )
)
The number of parameters of model is 490136
=> saved checkpoint 'checkpoints_CNN/mnist_VAE_s15Hmg4_v8_class_inv_grad_4_mon_loss_divL/last' (iter 270, epoch 1.0)
score EV: 1.8916666666666666. Score ES: 0.0
score EV: 1.67. Score ES: 0.0
=> saved checkpoint 'checkpoint_scores_CNN/mnist_VAE_s15Hmg4_v8_class_inv_grad_4_mon_loss_divL/last' (iter 270, epoch 1.0)
[Save Checkpoint] epoch: [1.0], Train set: total:24637.95312, BCE:131300.60938, KLD:4867.80908, BCE_ES:0.00000, NLL_loss_EV:-8.21041, NLL_loss_ES:0.00000, Score_ES:0.00000, Score_EV:1.89167
[Save Checkpoint] epoch: [1.0], Test set: total:527563.37500, BCE:527559.00000, KLD:19534.79492, BCE_ES:0.00000, NLL_loss_EV:-33.29901, NLL_loss_ES:0.00000, Score_ES:0.00000, Score_EV:1.67000
=> saved checkpoint 'checkpoints_CNN/mnist_VAE_s15Hmg4_v8_class_inv_grad_4_mon_loss_divL/last' (iter 540, epoch 2.0)
score EV: 7.793333333333333. Score ES: 0.0
score EV: 6.99. Score ES: 0.0
=> saved checkpoint 'checkpoint_scores_CNN/mnist_VAE_s15Hmg4_v8_class_inv_grad_4_mon_loss_divL/last' (iter 540, epoch 2.0)
[Save Checkpoint] epoch: [2.0], Train set: total:-132974.62500, BCE:121292.29688, KLD:4621.42236, BCE_ES:0.00000, NLL_loss_EV:-19.04120, NLL_loss_ES:0.00000, Score_ES:0.00000, Score_EV:7.79333
[Save Checkpoint] epoch: [2.0], Test set: total:462671.31250, BCE:489506.75000, KLD:18434.49023, BCE_ES:0.00000, NLL_loss_EV:-77.58942, NLL_loss_ES:0.00000, Score_ES:0.00000, Score_EV:6.99000
=> saved checkpoint 'checkpoints_CNN/mnist_VAE_s15Hmg4_v8_class_inv_grad_4_mon_loss_divL/last' (iter 810, epoch 3.0)
score EV: 11.128333333333334. Score ES: 0.0
score EV: 9.75. Score ES: 0.0
=> saved checkpoint 'checkpoint_scores_CNN/mnist_VAE_s15Hmg4_v8_class_inv_grad_4_mon_loss_divL/last' (iter 810, epoch 3.0)
[Save Checkpoint] epoch: [3.0], Train set: total:-234228.15625, BCE:118712.61719, KLD:4414.92285, BCE_ES:0.00000, NLL_loss_EV:-26.28423, NLL_loss_ES:0.00000, Score_ES:0.00000, Score_EV:11.12833
[Save Checkpoint] epoch: [3.0], Test set: total:437049.34375, BCE:479466.34375, KLD:17608.74609, BCE_ES:0.00000, NLL_loss_EV:-104.47046, NLL_loss_ES:0.00000, Score_ES:0.00000, Score_EV:9.75000
=> saved checkpoint 'checkpoints_CNN/mnist_VAE_s15Hmg4_v8_class_inv_grad_4_mon_loss_divL/last' (iter 1080, epoch 4.0)
score EV: 23.43. Score ES: 0.0
score EV: 20.01. Score ES: 0.0
=> saved checkpoint 'checkpoint_scores_CNN/mnist_VAE_s15Hmg4_v8_class_inv_grad_4_mon_loss_divL/last' (iter 1080, epoch 4.0)
[Save Checkpoint] epoch: [4.0], Train set: total:-361733.68750, BCE:117371.41406, KLD:4128.46338, BCE_ES:0.00000, NLL_loss_EV:-35.69446, NLL_loss_ES:0.00000, Score_ES:0.00000, Score_EV:23.43000
[Save Checkpoint] epoch: [4.0], Test set: total:411644.59375, BCE:474736.06250, KLD:16424.68359, BCE_ES:0.00000, NLL_loss_EV:-142.32831, NLL_loss_ES:0.00000, Score_ES:0.00000, Score_EV:20.01000
=> saved checkpoint 'checkpoints_CNN/mnist_VAE_s15Hmg4_v8_class_inv_grad_4_mon_loss_divL/last' (iter 1350, epoch 5.0)
score EV: 15.911666666666667. Score ES: 0.0
score EV: 13.22. Score ES: 0.0
=> saved checkpoint 'checkpoint_scores_CNN/mnist_VAE_s15Hmg4_v8_class_inv_grad_4_mon_loss_divL/last' (iter 1350, epoch 5.0)
[Save Checkpoint] epoch: [5.0], Train set: total:-318704.62500, BCE:116640.50781, KLD:3960.02808, BCE_ES:0.00000, NLL_loss_EV:-32.43221, NLL_loss_ES:0.00000, Score_ES:0.00000, Score_EV:15.91167
[Save Checkpoint] epoch: [5.0], Test set: total:416949.40625, BCE:472072.25000, KLD:15765.68750, BCE_ES:0.00000, NLL_loss_EV:-129.04189, NLL_loss_ES:0.00000, Score_ES:0.00000, Score_EV:13.22000
=> saved checkpoint 'checkpoints_CNN/mnist_VAE_s15Hmg4_v8_class_inv_grad_4_mon_loss_divL/last' (iter 1620, epoch 6.0)
score EV: 10.943333333333333. Score ES: 0.0
score EV: 9.57. Score ES: 0.0
=> saved checkpoint 'checkpoint_scores_CNN/mnist_VAE_s15Hmg4_v8_class_inv_grad_4_mon_loss_divL/last' (iter 1620, epoch 6.0)
[Save Checkpoint] epoch: [6.0], Train set: total:-275963.15625, BCE:115205.75781, KLD:3946.62036, BCE_ES:0.00000, NLL_loss_EV:-29.19328, NLL_loss_ES:0.00000, Score_ES:0.00000, Score_EV:10.94333
[Save Checkpoint] epoch: [6.0], Test set: total:418057.34375, BCE:466820.15625, KLD:15719.06934, BCE_ES:0.00000, NLL_loss_EV:-117.15818, NLL_loss_ES:0.00000, Score_ES:0.00000, Score_EV:9.57000
=> saved checkpoint 'checkpoints_CNN/mnist_VAE_s15Hmg4_v8_class_inv_grad_4_mon_loss_divL/last' (iter 1890, epoch 7.0)
score EV: 7.483333333333333. Score ES: 0.0
score EV: 6.84. Score ES: 0.0
=> saved checkpoint 'checkpoint_scores_CNN/mnist_VAE_s15Hmg4_v8_class_inv_grad_4_mon_loss_divL/last' (iter 1890, epoch 7.0)
[Save Checkpoint] epoch: [7.0], Train set: total:-223015.31250, BCE:114870.18750, KLD:4003.32544, BCE_ES:0.00000, NLL_loss_EV:-25.21308, NLL_loss_ES:0.00000, Score_ES:0.00000, Score_EV:7.48333
[Save Checkpoint] epoch: [7.0], Test set: total:424881.71875, BCE:465772.46875, KLD:15916.33789, BCE_ES:0.00000, NLL_loss_EV:-102.33253, NLL_loss_ES:0.00000, Score_ES:0.00000, Score_EV:6.84000
=> saved checkpoint 'checkpoints_CNN/mnist_VAE_s15Hmg4_v8_class_inv_grad_4_mon_loss_divL/last' (iter 2160, epoch 8.0)
score EV: 6.016666666666667. Score ES: 0.0
score EV: 5.14. Score ES: 0.0
=> saved checkpoint 'checkpoint_scores_CNN/mnist_VAE_s15Hmg4_v8_class_inv_grad_4_mon_loss_divL/last' (iter 2160, epoch 8.0)
[Save Checkpoint] epoch: [8.0], Train set: total:-185736.85938, BCE:114399.53906, KLD:3985.30957, BCE_ES:0.00000, NLL_loss_EV:-22.45470, NLL_loss_ES:0.00000, Score_ES:0.00000, Score_EV:6.01667
[Save Checkpoint] epoch: [8.0], Test set: total:429459.90625, BCE:464209.81250, KLD:15826.82227, BCE_ES:0.00000, NLL_loss_EV:-90.47643, NLL_loss_ES:0.00000, Score_ES:0.00000, Score_EV:5.14000
=> saved checkpoint 'checkpoints_CNN/mnist_VAE_s15Hmg4_v8_class_inv_grad_4_mon_loss_divL/last' (iter 2430, epoch 9.0)
score EV: 6.266666666666667. Score ES: 0.0
score EV: 5.64. Score ES: 0.0
=> saved checkpoint 'checkpoint_scores_CNN/mnist_VAE_s15Hmg4_v8_class_inv_grad_4_mon_loss_divL/last' (iter 2430, epoch 9.0)
[Save Checkpoint] epoch: [9.0], Train set: total:-171957.15625, BCE:113234.08594, KLD:3948.01001, BCE_ES:0.00000, NLL_loss_EV:-21.35676, NLL_loss_ES:0.00000, Score_ES:0.00000, Score_EV:6.26667
[Save Checkpoint] epoch: [9.0], Test set: total:427784.40625, BCE:460110.40625, KLD:15622.86914, BCE_ES:0.00000, NLL_loss_EV:-85.93932, NLL_loss_ES:0.00000, Score_ES:0.00000, Score_EV:5.64000
=> saved checkpoint 'checkpoints_CNN/mnist_VAE_s15Hmg4_v8_class_inv_grad_4_mon_loss_divL/last' (iter 2700, epoch 10.0)
score EV: 5.843333333333334. Score ES: 0.0
score EV: 4.91. Score ES: 0.0
=> saved checkpoint 'checkpoint_scores_CNN/mnist_VAE_s15Hmg4_v8_class_inv_grad_4_mon_loss_divL/last' (iter 2700, epoch 10.0)
[Save Checkpoint] epoch: [10.0], Train set: total:-157011.85938, BCE:113134.54688, KLD:3924.37964, BCE_ES:0.00000, NLL_loss_EV:-20.25132, NLL_loss_ES:0.00000, Score_ES:0.00000, Score_EV:5.84333
[Save Checkpoint] epoch: [10.0], Test set: total:430578.56250, BCE:460121.56250, KLD:15533.39062, BCE_ES:0.00000, NLL_loss_EV:-81.02016, NLL_loss_ES:0.00000, Score_ES:0.00000, Score_EV:4.91000
=> saved checkpoint 'checkpoints_CNN/mnist_VAE_s15Hmg4_v8_class_inv_grad_4_mon_loss_divL/last' (iter 2970, epoch 11.0)
score EV: 6.476666666666667. Score ES: 0.0
score EV: 5.51. Score ES: 0.0
=> saved checkpoint 'checkpoint_scores_CNN/mnist_VAE_s15Hmg4_v8_class_inv_grad_4_mon_loss_divL/last' (iter 2970, epoch 11.0)
[Save Checkpoint] epoch: [11.0], Train set: total:-175779.43750, BCE:112581.32031, KLD:3989.52393, BCE_ES:0.00000, NLL_loss_EV:-21.57579, NLL_loss_ES:0.00000, Score_ES:0.00000, Score_EV:6.47667
[Save Checkpoint] epoch: [11.0], Test set: total:426377.40625, BCE:457947.31250, KLD:15784.99219, BCE_ES:0.00000, NLL_loss_EV:-86.15154, NLL_loss_ES:0.00000, Score_ES:0.00000, Score_EV:5.51000
=> saved checkpoint 'checkpoints_CNN/mnist_VAE_s15Hmg4_v8_class_inv_grad_4_mon_loss_divL/last' (iter 3240, epoch 12.0)
score EV: 6.6433333333333335. Score ES: 0.0
score EV: 5.93. Score ES: 0.0
=> saved checkpoint 'checkpoint_scores_CNN/mnist_VAE_s15Hmg4_v8_class_inv_grad_4_mon_loss_divL/last' (iter 3240, epoch 12.0)
[Save Checkpoint] epoch: [12.0], Train set: total:-173146.48438, BCE:112304.03125, KLD:3943.28198, BCE_ES:0.00000, NLL_loss_EV:-21.36128, NLL_loss_ES:0.00000, Score_ES:0.00000, Score_EV:6.64333
[Save Checkpoint] epoch: [12.0], Test set: total:425937.81250, BCE:457209.15625, KLD:15627.09277, BCE_ES:0.00000, NLL_loss_EV:-85.79956, NLL_loss_ES:0.00000, Score_ES:0.00000, Score_EV:5.93000
=> saved checkpoint 'checkpoints_CNN/mnist_VAE_s15Hmg4_v8_class_inv_grad_4_mon_loss_divL/last' (iter 3510, epoch 13.0)
score EV: 7.3966666666666665. Score ES: 0.0
score EV: 6.71. Score ES: 0.0
=> saved checkpoint 'checkpoint_scores_CNN/mnist_VAE_s15Hmg4_v8_class_inv_grad_4_mon_loss_divL/last' (iter 3510, epoch 13.0)
[Save Checkpoint] epoch: [13.0], Train set: total:-177719.43750, BCE:111866.35938, KLD:3957.76001, BCE_ES:0.00000, NLL_loss_EV:-21.67780, NLL_loss_ES:0.00000, Score_ES:0.00000, Score_EV:7.39667
[Save Checkpoint] epoch: [13.0], Test set: total:423326.06250, BCE:455580.00000, KLD:15670.48145, BCE_ES:0.00000, NLL_loss_EV:-87.19381, NLL_loss_ES:0.00000, Score_ES:0.00000, Score_EV:6.71000
=> saved checkpoint 'checkpoints_CNN/mnist_VAE_s15Hmg4_v8_class_inv_grad_4_mon_loss_divL/last' (iter 3780, epoch 14.0)
score EV: 8.238333333333333. Score ES: 0.0
score EV: 7.56. Score ES: 0.0
=> saved checkpoint 'checkpoint_scores_CNN/mnist_VAE_s15Hmg4_v8_class_inv_grad_4_mon_loss_divL/last' (iter 3780, epoch 14.0)
[Save Checkpoint] epoch: [14.0], Train set: total:-191554.93750, BCE:111704.64062, KLD:3960.73828, BCE_ES:0.00000, NLL_loss_EV:-22.68526, NLL_loss_ES:0.00000, Score_ES:0.00000, Score_EV:8.23833
[Save Checkpoint] epoch: [14.0], Test set: total:420117.31250, BCE:454887.56250, KLD:15692.35059, BCE_ES:0.00000, NLL_loss_EV:-91.55709, NLL_loss_ES:0.00000, Score_ES:0.00000, Score_EV:7.56000
=> saved checkpoint 'checkpoints_CNN/mnist_VAE_s15Hmg4_v8_class_inv_grad_4_mon_loss_divL/last' (iter 4050, epoch 15.0)
score EV: 8.886666666666667. Score ES: 0.0
score EV: 7.96. Score ES: 0.0
=> saved checkpoint 'checkpoint_scores_CNN/mnist_VAE_s15Hmg4_v8_class_inv_grad_4_mon_loss_divL/last' (iter 4050, epoch 15.0)
[Save Checkpoint] epoch: [15.0], Train set: total:-198861.28125, BCE:111287.71094, KLD:3896.44800, BCE_ES:0.00000, NLL_loss_EV:-23.20514, NLL_loss_ES:0.00000, Score_ES:0.00000, Score_EV:8.88667
[Save Checkpoint] epoch: [15.0], Test set: total:417633.46875, BCE:453583.56250, KLD:15430.24707, BCE_ES:0.00000, NLL_loss_EV:-93.35419, NLL_loss_ES:0.00000, Score_ES:0.00000, Score_EV:7.96000
=> saved checkpoint 'checkpoints_CNN/mnist_VAE_s15Hmg4_v8_class_inv_grad_4_mon_loss_divL/last' (iter 4320, epoch 16.0)
score EV: 9.243333333333334. Score ES: 0.0
score EV: 8.08. Score ES: 0.0
=> saved checkpoint 'checkpoint_scores_CNN/mnist_VAE_s15Hmg4_v8_class_inv_grad_4_mon_loss_divL/last' (iter 4320, epoch 16.0)
[Save Checkpoint] epoch: [16.0], Train set: total:-207598.95312, BCE:111005.71875, KLD:3925.92456, BCE_ES:0.00000, NLL_loss_EV:-23.81871, NLL_loss_ES:0.00000, Score_ES:0.00000, Score_EV:9.24333
[Save Checkpoint] epoch: [16.0], Test set: total:416003.09375, BCE:452535.06250, KLD:15528.76270, BCE_ES:0.00000, NLL_loss_EV:-95.22857, NLL_loss_ES:0.00000, Score_ES:0.00000, Score_EV:8.08000
=> saved checkpoint 'checkpoints_CNN/mnist_VAE_s15Hmg4_v8_class_inv_grad_4_mon_loss_divL/last' (iter 4590, epoch 17.0)
score EV: 8.898333333333333. Score ES: 0.0
score EV: 7.76. Score ES: 0.0
=> saved checkpoint 'checkpoint_scores_CNN/mnist_VAE_s15Hmg4_v8_class_inv_grad_4_mon_loss_divL/last' (iter 4590, epoch 17.0)
[Save Checkpoint] epoch: [17.0], Train set: total:-205575.21875, BCE:111062.23438, KLD:3983.91748, BCE_ES:0.00000, NLL_loss_EV:-23.66191, NLL_loss_ES:0.00000, Score_ES:0.00000, Score_EV:8.89833
[Save Checkpoint] epoch: [17.0], Test set: total:417782.46875, BCE:452844.75000, KLD:15772.58789, BCE_ES:0.00000, NLL_loss_EV:-93.50967, NLL_loss_ES:0.00000, Score_ES:0.00000, Score_EV:7.76000
=> saved checkpoint 'checkpoints_CNN/mnist_VAE_s15Hmg4_v8_class_inv_grad_4_mon_loss_divL/last' (iter 4860, epoch 18.0)
score EV: 9.656666666666666. Score ES: 0.0
score EV: 7.88. Score ES: 0.0
=> saved checkpoint 'checkpoint_scores_CNN/mnist_VAE_s15Hmg4_v8_class_inv_grad_4_mon_loss_divL/last' (iter 4860, epoch 18.0)
EarlyStopping counter: 1 out of 25
[Save Checkpoint] epoch: [18.0], Train set: total:-213548.21875, BCE:110841.40625, KLD:3943.44336, BCE_ES:0.00000, NLL_loss_EV:-24.19879, NLL_loss_ES:0.00000, Score_ES:0.00000, Score_EV:9.65667
[Save Checkpoint] epoch: [18.0], Test set: total:416292.09375, BCE:452165.40625, KLD:15640.61133, BCE_ES:0.00000, NLL_loss_EV:-94.64476, NLL_loss_ES:0.00000, Score_ES:0.00000, Score_EV:7.88000
=> saved checkpoint 'checkpoints_CNN/mnist_VAE_s15Hmg4_v8_class_inv_grad_4_mon_loss_divL/last' (iter 5130, epoch 19.0)
score EV: 9.83. Score ES: 0.0
score EV: 7.86. Score ES: 0.0
=> saved checkpoint 'checkpoint_scores_CNN/mnist_VAE_s15Hmg4_v8_class_inv_grad_4_mon_loss_divL/last' (iter 5130, epoch 19.0)
EarlyStopping counter: 2 out of 25
[Save Checkpoint] epoch: [19.0], Train set: total:-214256.65625, BCE:110713.67188, KLD:4032.47632, BCE_ES:0.00000, NLL_loss_EV:-24.25352, NLL_loss_ES:0.00000, Score_ES:0.00000, Score_EV:9.83000
[Save Checkpoint] epoch: [19.0], Test set: total:416089.00000, BCE:451765.09375, KLD:16001.26074, BCE_ES:0.00000, NLL_loss_EV:-94.60508, NLL_loss_ES:0.00000, Score_ES:0.00000, Score_EV:7.86000
=> saved checkpoint 'checkpoints_CNN/mnist_VAE_s15Hmg4_v8_class_inv_grad_4_mon_loss_divL/last' (iter 5400, epoch 20.0)
score EV: 9.131666666666666. Score ES: 0.0
score EV: 7.42. Score ES: 0.0
=> saved checkpoint 'checkpoint_scores_CNN/mnist_VAE_s15Hmg4_v8_class_inv_grad_4_mon_loss_divL/last' (iter 5400, epoch 20.0)
[Save Checkpoint] epoch: [20.0], Train set: total:-208166.03125, BCE:110433.48438, KLD:3982.62256, BCE_ES:0.00000, NLL_loss_EV:-23.78169, NLL_loss_ES:0.00000, Score_ES:0.00000, Score_EV:9.13167
[Save Checkpoint] epoch: [20.0], Test set: total:415740.59375, BCE:450793.65625, KLD:15795.42188, BCE_ES:0.00000, NLL_loss_EV:-92.97091, NLL_loss_ES:0.00000, Score_ES:0.00000, Score_EV:7.42000
=> saved checkpoint 'checkpoints_CNN/mnist_VAE_s15Hmg4_v8_class_inv_grad_4_mon_loss_divL/last' (iter 5670, epoch 21.0)
score EV: 8.745. Score ES: 0.0
score EV: 7.21. Score ES: 0.0
=> saved checkpoint 'checkpoint_scores_CNN/mnist_VAE_s15Hmg4_v8_class_inv_grad_4_mon_loss_divL/last' (iter 5670, epoch 21.0)
EarlyStopping counter: 1 out of 25
[Save Checkpoint] epoch: [21.0], Train set: total:-205484.90625, BCE:110461.10156, KLD:3984.15454, BCE_ES:0.00000, NLL_loss_EV:-23.57953, NLL_loss_ES:0.00000, Score_ES:0.00000, Score_EV:8.74500
[Save Checkpoint] epoch: [21.0], Test set: total:416353.56250, BCE:451141.15625, KLD:15808.23633, BCE_ES:0.00000, NLL_loss_EV:-92.38665, NLL_loss_ES:0.00000, Score_ES:0.00000, Score_EV:7.21000
=> saved checkpoint 'checkpoints_CNN/mnist_VAE_s15Hmg4_v8_class_inv_grad_4_mon_loss_divL/last' (iter 5940, epoch 22.0)
score EV: 8.84. Score ES: 0.0
score EV: 7.27. Score ES: 0.0
=> saved checkpoint 'checkpoint_scores_CNN/mnist_VAE_s15Hmg4_v8_class_inv_grad_4_mon_loss_divL/last' (iter 5940, epoch 22.0)
[Save Checkpoint] epoch: [22.0], Train set: total:-208207.09375, BCE:110381.63281, KLD:3968.18921, BCE_ES:0.00000, NLL_loss_EV:-23.78329, NLL_loss_ES:0.00000, Score_ES:0.00000, Score_EV:8.84000
[Save Checkpoint] epoch: [22.0], Test set: total:415494.12500, BCE:450905.71875, KLD:15729.94531, BCE_ES:0.00000, NLL_loss_EV:-93.43954, NLL_loss_ES:0.00000, Score_ES:0.00000, Score_EV:7.27000
=> saved checkpoint 'checkpoints_CNN/mnist_VAE_s15Hmg4_v8_class_inv_grad_4_mon_loss_divL/last' (iter 6210, epoch 23.0)
score EV: 9.231666666666667. Score ES: 0.0
score EV: 7.84. Score ES: 0.0
=> saved checkpoint 'checkpoint_scores_CNN/mnist_VAE_s15Hmg4_v8_class_inv_grad_4_mon_loss_divL/last' (iter 6210, epoch 23.0)
EarlyStopping counter: 1 out of 25
[Save Checkpoint] epoch: [23.0], Train set: total:-208371.65625, BCE:110336.32031, KLD:3939.55444, BCE_ES:0.00000, NLL_loss_EV:-23.79331, NLL_loss_ES:0.00000, Score_ES:0.00000, Score_EV:9.23167
[Save Checkpoint] epoch: [23.0], Test set: total:414790.00000, BCE:450685.34375, KLD:15616.86621, BCE_ES:0.00000, NLL_loss_EV:-93.80417, NLL_loss_ES:0.00000, Score_ES:0.00000, Score_EV:7.84000
=> saved checkpoint 'checkpoints_CNN/mnist_VAE_s15Hmg4_v8_class_inv_grad_4_mon_loss_divL/last' (iter 6480, epoch 24.0)
score EV: 9.308333333333334. Score ES: 0.0
score EV: 7.96. Score ES: 0.0
=> saved checkpoint 'checkpoint_scores_CNN/mnist_VAE_s15Hmg4_v8_class_inv_grad_4_mon_loss_divL/last' (iter 6480, epoch 24.0)
EarlyStopping counter: 2 out of 25
[Save Checkpoint] epoch: [24.0], Train set: total:-207239.96875, BCE:110762.19531, KLD:3927.49121, BCE_ES:0.00000, NLL_loss_EV:-23.74885, NLL_loss_ES:0.00000, Score_ES:0.00000, Score_EV:9.30833
[Save Checkpoint] epoch: [24.0], Test set: total:416810.46875, BCE:452682.59375, KLD:15558.71094, BCE_ES:0.00000, NLL_loss_EV:-93.56743, NLL_loss_ES:0.00000, Score_ES:0.00000, Score_EV:7.96000
=> saved checkpoint 'checkpoints_CNN/mnist_VAE_s15Hmg4_v8_class_inv_grad_4_mon_loss_divL/last' (iter 6750, epoch 25.0)
score EV: 9.45. Score ES: 0.0
score EV: 8.13. Score ES: 0.0
=> saved checkpoint 'checkpoint_scores_CNN/mnist_VAE_s15Hmg4_v8_class_inv_grad_4_mon_loss_divL/last' (iter 6750, epoch 25.0)
[Save Checkpoint] epoch: [25.0], Train set: total:-209876.14062, BCE:110159.87500, KLD:3929.41333, BCE_ES:0.00000, NLL_loss_EV:-23.89714, NLL_loss_ES:0.00000, Score_ES:0.00000, Score_EV:9.45000
[Save Checkpoint] epoch: [25.0], Test set: total:413811.25000, BCE:450263.31250, KLD:15563.43457, BCE_ES:0.00000, NLL_loss_EV:-94.83752, NLL_loss_ES:0.00000, Score_ES:0.00000, Score_EV:8.13000
=> saved checkpoint 'checkpoints_CNN/mnist_VAE_s15Hmg4_v8_class_inv_grad_4_mon_loss_divL/last' (iter 7020, epoch 26.0)
score EV: 9.88. Score ES: 0.0
score EV: 8.71. Score ES: 0.0
=> saved checkpoint 'checkpoint_scores_CNN/mnist_VAE_s15Hmg4_v8_class_inv_grad_4_mon_loss_divL/last' (iter 7020, epoch 26.0)
[Save Checkpoint] epoch: [26.0], Train set: total:-213043.73438, BCE:109963.86719, KLD:3957.04297, BCE_ES:0.00000, NLL_loss_EV:-24.12724, NLL_loss_ES:0.00000, Score_ES:0.00000, Score_EV:9.88000
[Save Checkpoint] epoch: [26.0], Test set: total:412495.50000, BCE:449507.59375, KLD:15665.99414, BCE_ES:0.00000, NLL_loss_EV:-95.92808, NLL_loss_ES:0.00000, Score_ES:0.00000, Score_EV:8.71000
=> saved checkpoint 'checkpoints_CNN/mnist_VAE_s15Hmg4_v8_class_inv_grad_4_mon_loss_divL/last' (iter 7290, epoch 27.0)
score EV: 9.928333333333333. Score ES: 0.0
score EV: 8.91. Score ES: 0.0
=> saved checkpoint 'checkpoint_scores_CNN/mnist_VAE_s15Hmg4_v8_class_inv_grad_4_mon_loss_divL/last' (iter 7290, epoch 27.0)
EarlyStopping counter: 1 out of 25
[Save Checkpoint] epoch: [27.0], Train set: total:-216100.34375, BCE:109753.91406, KLD:3978.88281, BCE_ES:0.00000, NLL_loss_EV:-24.34932, NLL_loss_ES:0.00000, Score_ES:0.00000, Score_EV:9.92833
[Save Checkpoint] epoch: [27.0], Test set: total:410874.65625, BCE:448773.71875, KLD:15743.55664, BCE_ES:0.00000, NLL_loss_EV:-97.54145, NLL_loss_ES:0.00000, Score_ES:0.00000, Score_EV:8.91000
=> saved checkpoint 'checkpoints_CNN/mnist_VAE_s15Hmg4_v8_class_inv_grad_4_mon_loss_divL/last' (iter 7560, epoch 28.0)
score EV: 9.793333333333333. Score ES: 0.0
score EV: 8.82. Score ES: 0.0
=> saved checkpoint 'checkpoint_scores_CNN/mnist_VAE_s15Hmg4_v8_class_inv_grad_4_mon_loss_divL/last' (iter 7560, epoch 28.0)
EarlyStopping counter: 2 out of 25
[Save Checkpoint] epoch: [28.0], Train set: total:-215793.06250, BCE:109906.33594, KLD:3938.50317, BCE_ES:0.00000, NLL_loss_EV:-24.33716, NLL_loss_ES:0.00000, Score_ES:0.00000, Score_EV:9.79333
[Save Checkpoint] epoch: [28.0], Test set: total:411088.84375, BCE:449402.21875, KLD:15589.40332, BCE_ES:0.00000, NLL_loss_EV:-97.97211, NLL_loss_ES:0.00000, Score_ES:0.00000, Score_EV:8.82000
=> saved checkpoint 'checkpoints_CNN/mnist_VAE_s15Hmg4_v8_class_inv_grad_4_mon_loss_divL/last' (iter 7830, epoch 29.0)
score EV: 9.748333333333333. Score ES: 0.0
score EV: 8.75. Score ES: 0.0
=> saved checkpoint 'checkpoint_scores_CNN/mnist_VAE_s15Hmg4_v8_class_inv_grad_4_mon_loss_divL/last' (iter 7830, epoch 29.0)
EarlyStopping counter: 3 out of 25
[Save Checkpoint] epoch: [29.0], Train set: total:-217636.15625, BCE:109895.32031, KLD:3957.05737, BCE_ES:0.00000, NLL_loss_EV:-24.49087, NLL_loss_ES:0.00000, Score_ES:0.00000, Score_EV:9.74833
[Save Checkpoint] epoch: [29.0], Test set: total:410622.71875, BCE:449601.46875, KLD:15645.87500, BCE_ES:0.00000, NLL_loss_EV:-99.13440, NLL_loss_ES:0.00000, Score_ES:0.00000, Score_EV:8.75000
=> saved checkpoint 'checkpoints_CNN/mnist_VAE_s15Hmg4_v8_class_inv_grad_4_mon_loss_divL/last' (iter 8100, epoch 30.0)
score EV: 9.481666666666667. Score ES: 0.0
score EV: 8.53. Score ES: 0.0
=> saved checkpoint 'checkpoint_scores_CNN/mnist_VAE_s15Hmg4_v8_class_inv_grad_4_mon_loss_divL/last' (iter 8100, epoch 30.0)
[Save Checkpoint] epoch: [30.0], Train set: total:-214240.23438, BCE:109863.67969, KLD:3945.87402, BCE_ES:0.00000, NLL_loss_EV:-24.24098, NLL_loss_ES:0.00000, Score_ES:0.00000, Score_EV:9.48167
[Save Checkpoint] epoch: [30.0], Test set: total:410464.37500, BCE:449424.90625, KLD:15593.65332, BCE_ES:0.00000, NLL_loss_EV:-98.70121, NLL_loss_ES:0.00000, Score_ES:0.00000, Score_EV:8.53000
=> saved checkpoint 'checkpoints_CNN/mnist_VAE_s15Hmg4_v8_class_inv_grad_4_mon_loss_divL/last' (iter 8370, epoch 31.0)
score EV: 9.711666666666666. Score ES: 0.0
score EV: 8.9. Score ES: 0.0
=> saved checkpoint 'checkpoint_scores_CNN/mnist_VAE_s15Hmg4_v8_class_inv_grad_4_mon_loss_divL/last' (iter 8370, epoch 31.0)
[Save Checkpoint] epoch: [31.0], Train set: total:-215874.93750, BCE:109748.00000, KLD:3901.33936, BCE_ES:0.00000, NLL_loss_EV:-24.33353, NLL_loss_ES:0.00000, Score_ES:0.00000, Score_EV:9.71167
[Save Checkpoint] epoch: [31.0], Test set: total:409705.59375, BCE:449129.09375, KLD:15409.72363, BCE_ES:0.00000, NLL_loss_EV:-99.12402, NLL_loss_ES:0.00000, Score_ES:0.00000, Score_EV:8.90000
=> saved checkpoint 'checkpoints_CNN/mnist_VAE_s15Hmg4_v8_class_inv_grad_4_mon_loss_divL/last' (iter 8640, epoch 32.0)
score EV: 10.088333333333333. Score ES: 0.0
score EV: 9.28. Score ES: 0.0
=> saved checkpoint 'checkpoint_scores_CNN/mnist_VAE_s15Hmg4_v8_class_inv_grad_4_mon_loss_divL/last' (iter 8640, epoch 32.0)
EarlyStopping counter: 1 out of 25
[Save Checkpoint] epoch: [32.0], Train set: total:-216319.71875, BCE:109465.39062, KLD:3956.48755, BCE_ES:0.00000, NLL_loss_EV:-24.34993, NLL_loss_ES:0.00000, Score_ES:0.00000, Score_EV:10.08833
[Save Checkpoint] epoch: [32.0], Test set: total:408873.96875, BCE:447947.09375, KLD:15640.50000, BCE_ES:0.00000, NLL_loss_EV:-99.25280, NLL_loss_ES:0.00000, Score_ES:0.00000, Score_EV:9.28000
=> saved checkpoint 'checkpoints_CNN/mnist_VAE_s15Hmg4_v8_class_inv_grad_4_mon_loss_divL/last' (iter 8910, epoch 33.0)
score EV: 10.241666666666667. Score ES: 0.0
score EV: 9.22. Score ES: 0.0
=> saved checkpoint 'checkpoint_scores_CNN/mnist_VAE_s15Hmg4_v8_class_inv_grad_4_mon_loss_divL/last' (iter 8910, epoch 33.0)
[Save Checkpoint] epoch: [33.0], Train set: total:-217217.45312, BCE:109729.07812, KLD:3935.23315, BCE_ES:0.00000, NLL_loss_EV:-24.43573, NLL_loss_ES:0.00000, Score_ES:0.00000, Score_EV:10.24167
[Save Checkpoint] epoch: [33.0], Test set: total:410352.34375, BCE:449365.59375, KLD:15535.82812, BCE_ES:0.00000, NLL_loss_EV:-99.30039, NLL_loss_ES:0.00000, Score_ES:0.00000, Score_EV:9.22000
=> saved checkpoint 'checkpoints_CNN/mnist_VAE_s15Hmg4_v8_class_inv_grad_4_mon_loss_divL/last' (iter 9180, epoch 34.0)
score EV: 10.045. Score ES: 0.0
score EV: 9.19. Score ES: 0.0
=> saved checkpoint 'checkpoint_scores_CNN/mnist_VAE_s15Hmg4_v8_class_inv_grad_4_mon_loss_divL/last' (iter 9180, epoch 34.0)
[Save Checkpoint] epoch: [34.0], Train set: total:-214675.57812, BCE:109839.79688, KLD:3923.10864, BCE_ES:0.00000, NLL_loss_EV:-24.24609, NLL_loss_ES:0.00000, Score_ES:0.00000, Score_EV:10.04500
[Save Checkpoint] epoch: [34.0], Test set: total:411180.25000, BCE:449782.81250, KLD:15504.45996, BCE_ES:0.00000, NLL_loss_EV:-98.51327, NLL_loss_ES:0.00000, Score_ES:0.00000, Score_EV:9.19000
=> saved checkpoint 'checkpoints_CNN/mnist_VAE_s15Hmg4_v8_class_inv_grad_4_mon_loss_divL/last' (iter 9450, epoch 35.0)
score EV: 10.135. Score ES: 0.0
score EV: 8.89. Score ES: 0.0
=> saved checkpoint 'checkpoint_scores_CNN/mnist_VAE_s15Hmg4_v8_class_inv_grad_4_mon_loss_divL/last' (iter 9450, epoch 35.0)
EarlyStopping counter: 1 out of 25
[Save Checkpoint] epoch: [35.0], Train set: total:-214998.70312, BCE:109311.60938, KLD:3986.48096, BCE_ES:0.00000, NLL_loss_EV:-24.24257, NLL_loss_ES:0.00000, Score_ES:0.00000, Score_EV:10.13500
[Save Checkpoint] epoch: [35.0], Test set: total:409949.21875, BCE:447926.21875, KLD:15749.97168, BCE_ES:0.00000, NLL_loss_EV:-98.05187, NLL_loss_ES:0.00000, Score_ES:0.00000, Score_EV:8.89000
=> saved checkpoint 'checkpoints_CNN/mnist_VAE_s15Hmg4_v8_class_inv_grad_4_mon_loss_divL/last' (iter 9720, epoch 36.0)
score EV: 9.825. Score ES: 0.0
score EV: 8.7. Score ES: 0.0
=> saved checkpoint 'checkpoint_scores_CNN/mnist_VAE_s15Hmg4_v8_class_inv_grad_4_mon_loss_divL/last' (iter 9720, epoch 36.0)
EarlyStopping counter: 2 out of 25
[Save Checkpoint] epoch: [36.0], Train set: total:-213263.28125, BCE:109363.64062, KLD:3965.64990, BCE_ES:0.00000, NLL_loss_EV:-24.10938, NLL_loss_ES:0.00000, Score_ES:0.00000, Score_EV:9.82500
[Save Checkpoint] epoch: [36.0], Test set: total:410508.21875, BCE:448178.21875, KLD:15663.07520, BCE_ES:0.00000, NLL_loss_EV:-97.33509, NLL_loss_ES:0.00000, Score_ES:0.00000, Score_EV:8.70000
=> saved checkpoint 'checkpoints_CNN/mnist_VAE_s15Hmg4_v8_class_inv_grad_4_mon_loss_divL/last' (iter 9990, epoch 37.0)
score EV: 10.053333333333333. Score ES: 0.0
score EV: 8.71. Score ES: 0.0
=> saved checkpoint 'checkpoint_scores_CNN/mnist_VAE_s15Hmg4_v8_class_inv_grad_4_mon_loss_divL/last' (iter 9990, epoch 37.0)
EarlyStopping counter: 3 out of 25
[Save Checkpoint] epoch: [37.0], Train set: total:-215096.40625, BCE:109288.17969, KLD:3965.87549, BCE_ES:0.00000, NLL_loss_EV:-24.24179, NLL_loss_ES:0.00000, Score_ES:0.00000, Score_EV:10.05333
[Save Checkpoint] epoch: [37.0], Test set: total:410173.12500, BCE:448004.09375, KLD:15656.95605, BCE_ES:0.00000, NLL_loss_EV:-97.68928, NLL_loss_ES:0.00000, Score_ES:0.00000, Score_EV:8.71000
=> saved checkpoint 'checkpoints_CNN/mnist_VAE_s15Hmg4_v8_class_inv_grad_4_mon_loss_divL/last' (iter 10260, epoch 38.0)
score EV: 9.878333333333334. Score ES: 0.0
score EV: 8.58. Score ES: 0.0
=> saved checkpoint 'checkpoint_scores_CNN/mnist_VAE_s15Hmg4_v8_class_inv_grad_4_mon_loss_divL/last' (iter 10260, epoch 38.0)
EarlyStopping counter: 4 out of 25
[Save Checkpoint] epoch: [38.0], Train set: total:-215799.98438, BCE:109263.25000, KLD:3968.75830, BCE_ES:0.00000, NLL_loss_EV:-24.28810, NLL_loss_ES:0.00000, Score_ES:0.00000, Score_EV:9.87833
[Save Checkpoint] epoch: [38.0], Test set: total:410063.75000, BCE:447805.31250, KLD:15697.17871, BCE_ES:0.00000, NLL_loss_EV:-97.70547, NLL_loss_ES:0.00000, Score_ES:0.00000, Score_EV:8.58000
Epoch    39: reducing learning rate of group 0 to 2.0000e-04.
=> saved checkpoint 'checkpoints_CNN/mnist_VAE_s15Hmg4_v8_class_inv_grad_4_mon_loss_divL/last' (iter 10530, epoch 39.0)
score EV: 9.616666666666667. Score ES: 0.0
score EV: 8.52. Score ES: 0.0
=> saved checkpoint 'checkpoint_scores_CNN/mnist_VAE_s15Hmg4_v8_class_inv_grad_4_mon_loss_divL/last' (iter 10530, epoch 39.0)
EarlyStopping counter: 5 out of 25
[Save Checkpoint] epoch: [39.0], Train set: total:-215839.01562, BCE:109112.87500, KLD:3982.12720, BCE_ES:0.00000, NLL_loss_EV:-24.28152, NLL_loss_ES:0.00000, Score_ES:0.00000, Score_EV:9.61667
[Save Checkpoint] epoch: [39.0], Test set: total:409805.21875, BCE:447367.06250, KLD:15732.41113, BCE_ES:0.00000, NLL_loss_EV:-97.56373, NLL_loss_ES:0.00000, Score_ES:0.00000, Score_EV:8.52000
=> saved checkpoint 'checkpoints_CNN/mnist_VAE_s15Hmg4_v8_class_inv_grad_4_mon_loss_divL/last' (iter 10800, epoch 40.0)
score EV: 9.685. Score ES: 0.0
score EV: 8.53. Score ES: 0.0
=> saved checkpoint 'checkpoint_scores_CNN/mnist_VAE_s15Hmg4_v8_class_inv_grad_4_mon_loss_divL/last' (iter 10800, epoch 40.0)
[Save Checkpoint] epoch: [40.0], Train set: total:-216778.68750, BCE:108726.92969, KLD:3937.90771, BCE_ES:0.00000, NLL_loss_EV:-24.31256, NLL_loss_ES:0.00000, Score_ES:0.00000, Score_EV:9.68500
[Save Checkpoint] epoch: [40.0], Test set: total:408138.37500, BCE:445891.56250, KLD:15562.53906, BCE_ES:0.00000, NLL_loss_EV:-97.66281, NLL_loss_ES:0.00000, Score_ES:0.00000, Score_EV:8.53000
=> saved checkpoint 'checkpoints_CNN/mnist_VAE_s15Hmg4_v8_class_inv_grad_4_mon_loss_divL/last' (iter 11070, epoch 41.0)
score EV: 9.708333333333334. Score ES: 0.0
score EV: 8.8. Score ES: 0.0
=> saved checkpoint 'checkpoint_scores_CNN/mnist_VAE_s15Hmg4_v8_class_inv_grad_4_mon_loss_divL/last' (iter 11070, epoch 41.0)
[Save Checkpoint] epoch: [41.0], Train set: total:-216849.21875, BCE:108704.06250, KLD:3929.55078, BCE_ES:0.00000, NLL_loss_EV:-24.30977, NLL_loss_ES:0.00000, Score_ES:0.00000, Score_EV:9.70833
[Save Checkpoint] epoch: [41.0], Test set: total:408176.00000, BCE:445901.25000, KLD:15531.64258, BCE_ES:0.00000, NLL_loss_EV:-97.51019, NLL_loss_ES:0.00000, Score_ES:0.00000, Score_EV:8.80000
=> saved checkpoint 'checkpoints_CNN/mnist_VAE_s15Hmg4_v8_class_inv_grad_4_mon_loss_divL/last' (iter 11340, epoch 42.0)
score EV: 9.751666666666667. Score ES: 0.0
score EV: 8.8. Score ES: 0.0
=> saved checkpoint 'checkpoint_scores_CNN/mnist_VAE_s15Hmg4_v8_class_inv_grad_4_mon_loss_divL/last' (iter 11340, epoch 42.0)
EarlyStopping counter: 1 out of 25
[Save Checkpoint] epoch: [42.0], Train set: total:-216418.31250, BCE:108675.62500, KLD:3941.07642, BCE_ES:0.00000, NLL_loss_EV:-24.28214, NLL_loss_ES:0.00000, Score_ES:0.00000, Score_EV:9.75167
[Save Checkpoint] epoch: [42.0], Test set: total:408239.40625, BCE:445939.00000, KLD:15576.04688, BCE_ES:0.00000, NLL_loss_EV:-97.46725, NLL_loss_ES:0.00000, Score_ES:0.00000, Score_EV:8.80000
=> saved checkpoint 'checkpoints_CNN/mnist_VAE_s15Hmg4_v8_class_inv_grad_4_mon_loss_divL/last' (iter 11610, epoch 43.0)
score EV: 9.976666666666667. Score ES: 0.0
score EV: 8.76. Score ES: 0.0
=> saved checkpoint 'checkpoint_scores_CNN/mnist_VAE_s15Hmg4_v8_class_inv_grad_4_mon_loss_divL/last' (iter 11610, epoch 43.0)
EarlyStopping counter: 2 out of 25
[Save Checkpoint] epoch: [43.0], Train set: total:-217666.46875, BCE:108693.25000, KLD:3927.55444, BCE_ES:0.00000, NLL_loss_EV:-24.37171, NLL_loss_ES:0.00000, Score_ES:0.00000, Score_EV:9.97667
[Save Checkpoint] epoch: [43.0], Test set: total:407983.06250, BCE:445895.06250, KLD:15522.93164, BCE_ES:0.00000, NLL_loss_EV:-97.82656, NLL_loss_ES:0.00000, Score_ES:0.00000, Score_EV:8.76000
=> saved checkpoint 'checkpoints_CNN/mnist_VAE_s15Hmg4_v8_class_inv_grad_4_mon_loss_divL/last' (iter 11880, epoch 44.0)
score EV: 9.958333333333334. Score ES: 0.0
score EV: 8.92. Score ES: 0.0
=> saved checkpoint 'checkpoint_scores_CNN/mnist_VAE_s15Hmg4_v8_class_inv_grad_4_mon_loss_divL/last' (iter 11880, epoch 44.0)
[Save Checkpoint] epoch: [44.0], Train set: total:-217951.15625, BCE:108648.59375, KLD:3939.79565, BCE_ES:0.00000, NLL_loss_EV:-24.38638, NLL_loss_ES:0.00000, Score_ES:0.00000, Score_EV:9.95833
[Save Checkpoint] epoch: [44.0], Test set: total:408015.34375, BCE:445885.71875, KLD:15571.30371, BCE_ES:0.00000, NLL_loss_EV:-97.85384, NLL_loss_ES:0.00000, Score_ES:0.00000, Score_EV:8.92000
=> saved checkpoint 'checkpoints_CNN/mnist_VAE_s15Hmg4_v8_class_inv_grad_4_mon_loss_divL/last' (iter 12150, epoch 45.0)
score EV: 9.978333333333333. Score ES: 0.0
score EV: 9.18. Score ES: 0.0
=> saved checkpoint 'checkpoint_scores_CNN/mnist_VAE_s15Hmg4_v8_class_inv_grad_4_mon_loss_divL/last' (iter 12150, epoch 45.0)
[Save Checkpoint] epoch: [45.0], Train set: total:-217291.96875, BCE:108717.26562, KLD:3936.25684, BCE_ES:0.00000, NLL_loss_EV:-24.34110, NLL_loss_ES:0.00000, Score_ES:0.00000, Score_EV:9.97833
[Save Checkpoint] epoch: [45.0], Test set: total:408262.34375, BCE:446080.84375, KLD:15556.06934, BCE_ES:0.00000, NLL_loss_EV:-97.74676, NLL_loss_ES:0.00000, Score_ES:0.00000, Score_EV:9.18000
=> saved checkpoint 'checkpoints_CNN/mnist_VAE_s15Hmg4_v8_class_inv_grad_4_mon_loss_divL/last' (iter 12420, epoch 46.0)
score EV: 10.266666666666667. Score ES: 0.0
score EV: 9.07. Score ES: 0.0
=> saved checkpoint 'checkpoint_scores_CNN/mnist_VAE_s15Hmg4_v8_class_inv_grad_4_mon_loss_divL/last' (iter 12420, epoch 46.0)
EarlyStopping counter: 1 out of 25
[Save Checkpoint] epoch: [46.0], Train set: total:-219568.03125, BCE:108638.60156, KLD:3958.49634, BCE_ES:0.00000, NLL_loss_EV:-24.50721, NLL_loss_ES:0.00000, Score_ES:0.00000, Score_EV:10.26667
[Save Checkpoint] epoch: [46.0], Test set: total:407881.09375, BCE:445904.46875, KLD:15642.48730, BCE_ES:0.00000, NLL_loss_EV:-98.32651, NLL_loss_ES:0.00000, Score_ES:0.00000, Score_EV:9.07000
=> saved checkpoint 'checkpoints_CNN/mnist_VAE_s15Hmg4_v8_class_inv_grad_4_mon_loss_divL/last' (iter 12690, epoch 47.0)
score EV: 10.406666666666666. Score ES: 0.0
score EV: 9.14. Score ES: 0.0
=> saved checkpoint 'checkpoint_scores_CNN/mnist_VAE_s15Hmg4_v8_class_inv_grad_4_mon_loss_divL/last' (iter 12690, epoch 47.0)
EarlyStopping counter: 2 out of 25
[Save Checkpoint] epoch: [47.0], Train set: total:-219444.35938, BCE:108594.68750, KLD:3949.62158, BCE_ES:0.00000, NLL_loss_EV:-24.49454, NLL_loss_ES:0.00000, Score_ES:0.00000, Score_EV:10.40667
[Save Checkpoint] epoch: [47.0], Test set: total:407750.43750, BCE:445759.06250, KLD:15612.42969, BCE_ES:0.00000, NLL_loss_EV:-98.23730, NLL_loss_ES:0.00000, Score_ES:0.00000, Score_EV:9.14000
=> saved checkpoint 'checkpoints_CNN/mnist_VAE_s15Hmg4_v8_class_inv_grad_4_mon_loss_divL/last' (iter 12960, epoch 48.0)
score EV: 10.438333333333333. Score ES: 0.0
score EV: 9.35. Score ES: 0.0
=> saved checkpoint 'checkpoint_scores_CNN/mnist_VAE_s15Hmg4_v8_class_inv_grad_4_mon_loss_divL/last' (iter 12960, epoch 48.0)
EarlyStopping counter: 3 out of 25
[Save Checkpoint] epoch: [48.0], Train set: total:-219985.67188, BCE:108522.97656, KLD:3970.65308, BCE_ES:0.00000, NLL_loss_EV:-24.52700, NLL_loss_ES:0.00000, Score_ES:0.00000, Score_EV:10.43833
[Save Checkpoint] epoch: [48.0], Test set: total:407517.50000, BCE:445521.06250, KLD:15694.70605, BCE_ES:0.00000, NLL_loss_EV:-98.36389, NLL_loss_ES:0.00000, Score_ES:0.00000, Score_EV:9.35000
=> saved checkpoint 'checkpoints_CNN/mnist_VAE_s15Hmg4_v8_class_inv_grad_4_mon_loss_divL/last' (iter 13230, epoch 49.0)
score EV: 10.501666666666667. Score ES: 0.0
score EV: 9.38. Score ES: 0.0
=> saved checkpoint 'checkpoint_scores_CNN/mnist_VAE_s15Hmg4_v8_class_inv_grad_4_mon_loss_divL/last' (iter 13230, epoch 49.0)
EarlyStopping counter: 4 out of 25
[Save Checkpoint] epoch: [49.0], Train set: total:-219898.71875, BCE:108623.50000, KLD:3951.40698, BCE_ES:0.00000, NLL_loss_EV:-24.52913, NLL_loss_ES:0.00000, Score_ES:0.00000, Score_EV:10.50167
[Save Checkpoint] epoch: [49.0], Test set: total:407836.68750, BCE:445933.09375, KLD:15620.93262, BCE_ES:0.00000, NLL_loss_EV:-98.38285, NLL_loss_ES:0.00000, Score_ES:0.00000, Score_EV:9.38000
Epoch    50: reducing learning rate of group 0 to 4.0000e-05.
=> saved checkpoint 'checkpoints_CNN/mnist_VAE_s15Hmg4_v8_class_inv_grad_4_mon_loss_divL/last' (iter 13500, epoch 50.0)
score EV: 10.575. Score ES: 0.0
score EV: 9.41. Score ES: 0.0
=> saved checkpoint 'checkpoint_scores_CNN/mnist_VAE_s15Hmg4_v8_class_inv_grad_4_mon_loss_divL/last' (iter 13500, epoch 50.0)
EarlyStopping counter: 5 out of 25
[Save Checkpoint] epoch: [50.0], Train set: total:-220813.87500, BCE:108513.80469, KLD:3958.67065, BCE_ES:0.00000, NLL_loss_EV:-24.58573, NLL_loss_ES:0.00000, Score_ES:0.00000, Score_EV:10.57500
[Save Checkpoint] epoch: [50.0], Test set: total:407451.34375, BCE:445591.00000, KLD:15639.34277, BCE_ES:0.00000, NLL_loss_EV:-98.56258, NLL_loss_ES:0.00000, Score_ES:0.00000, Score_EV:9.41000
=> saved checkpoint 'checkpoints_CNN/mnist_VAE_s15Hmg4_v8_class_inv_grad_4_mon_loss_divL/last' (iter 13770, epoch 51.0)
score EV: 10.648333333333333. Score ES: 0.0
score EV: 9.53. Score ES: 0.0
=> saved checkpoint 'checkpoint_scores_CNN/mnist_VAE_s15Hmg4_v8_class_inv_grad_4_mon_loss_divL/last' (iter 13770, epoch 51.0)
EarlyStopping counter: 6 out of 25
[Save Checkpoint] epoch: [51.0], Train set: total:-220812.95312, BCE:108396.57812, KLD:3935.50684, BCE_ES:0.00000, NLL_loss_EV:-24.57884, NLL_loss_ES:0.00000, Score_ES:0.00000, Score_EV:10.64833
[Save Checkpoint] epoch: [51.0], Test set: total:406920.71875, BCE:445206.90625, KLD:15553.24121, BCE_ES:0.00000, NLL_loss_EV:-98.60867, NLL_loss_ES:0.00000, Score_ES:0.00000, Score_EV:9.53000
=> saved checkpoint 'checkpoints_CNN/mnist_VAE_s15Hmg4_v8_class_inv_grad_4_mon_loss_divL/last' (iter 14040, epoch 52.0)
score EV: 10.701666666666666. Score ES: 0.0
score EV: 9.48. Score ES: 0.0
=> saved checkpoint 'checkpoint_scores_CNN/mnist_VAE_s15Hmg4_v8_class_inv_grad_4_mon_loss_divL/last' (iter 14040, epoch 52.0)
EarlyStopping counter: 7 out of 25
[Save Checkpoint] epoch: [52.0], Train set: total:-221080.26562, BCE:108384.42969, KLD:3935.44946, BCE_ES:0.00000, NLL_loss_EV:-24.59262, NLL_loss_ES:0.00000, Score_ES:0.00000, Score_EV:10.70167
[Save Checkpoint] epoch: [52.0], Test set: total:406960.25000, BCE:445295.75000, KLD:15553.07520, BCE_ES:0.00000, NLL_loss_EV:-98.72368, NLL_loss_ES:0.00000, Score_ES:0.00000, Score_EV:9.48000
=> saved checkpoint 'checkpoints_CNN/mnist_VAE_s15Hmg4_v8_class_inv_grad_4_mon_loss_divL/last' (iter 14310, epoch 53.0)
score EV: 10.745. Score ES: 0.0
score EV: 9.56. Score ES: 0.0
=> saved checkpoint 'checkpoint_scores_CNN/mnist_VAE_s15Hmg4_v8_class_inv_grad_4_mon_loss_divL/last' (iter 14310, epoch 53.0)
EarlyStopping counter: 8 out of 25
[Save Checkpoint] epoch: [53.0], Train set: total:-221205.53125, BCE:108383.67188, KLD:3937.63965, BCE_ES:0.00000, NLL_loss_EV:-24.60728, NLL_loss_ES:0.00000, Score_ES:0.00000, Score_EV:10.74500
[Save Checkpoint] epoch: [53.0], Test set: total:406842.21875, BCE:445189.06250, KLD:15562.89551, BCE_ES:0.00000, NLL_loss_EV:-98.72288, NLL_loss_ES:0.00000, Score_ES:0.00000, Score_EV:9.56000
=> saved checkpoint 'checkpoints_CNN/mnist_VAE_s15Hmg4_v8_class_inv_grad_4_mon_loss_divL/last' (iter 14580, epoch 54.0)
score EV: 10.726666666666667. Score ES: 0.0
score EV: 9.68. Score ES: 0.0
=> saved checkpoint 'checkpoint_scores_CNN/mnist_VAE_s15Hmg4_v8_class_inv_grad_4_mon_loss_divL/last' (iter 14580, epoch 54.0)
[Save Checkpoint] epoch: [54.0], Train set: total:-220842.85938, BCE:108376.63281, KLD:3934.57031, BCE_ES:0.00000, NLL_loss_EV:-24.58144, NLL_loss_ES:0.00000, Score_ES:0.00000, Score_EV:10.72667
[Save Checkpoint] epoch: [54.0], Test set: total:406919.43750, BCE:445285.34375, KLD:15547.75977, BCE_ES:0.00000, NLL_loss_EV:-98.70972, NLL_loss_ES:0.00000, Score_ES:0.00000, Score_EV:9.68000
=> saved checkpoint 'checkpoints_CNN/mnist_VAE_s15Hmg4_v8_class_inv_grad_4_mon_loss_divL/last' (iter 14850, epoch 55.0)
score EV: 10.698333333333334. Score ES: 0.0
score EV: 9.49. Score ES: 0.0
=> saved checkpoint 'checkpoint_scores_CNN/mnist_VAE_s15Hmg4_v8_class_inv_grad_4_mon_loss_divL/last' (iter 14850, epoch 55.0)
EarlyStopping counter: 1 out of 25
[Save Checkpoint] epoch: [55.0], Train set: total:-220860.34375, BCE:108372.14844, KLD:3942.79712, BCE_ES:0.00000, NLL_loss_EV:-24.57834, NLL_loss_ES:0.00000, Score_ES:0.00000, Score_EV:10.69833
[Save Checkpoint] epoch: [55.0], Test set: total:406928.12500, BCE:445212.90625, KLD:15584.09668, BCE_ES:0.00000, NLL_loss_EV:-98.68143, NLL_loss_ES:0.00000, Score_ES:0.00000, Score_EV:9.49000
=> saved checkpoint 'checkpoints_CNN/mnist_VAE_s15Hmg4_v8_class_inv_grad_4_mon_loss_divL/last' (iter 15120, epoch 56.0)
score EV: 10.796666666666667. Score ES: 0.0
score EV: 9.67. Score ES: 0.0
=> saved checkpoint 'checkpoint_scores_CNN/mnist_VAE_s15Hmg4_v8_class_inv_grad_4_mon_loss_divL/last' (iter 15120, epoch 56.0)
EarlyStopping counter: 2 out of 25
[Save Checkpoint] epoch: [56.0], Train set: total:-221108.18750, BCE:108356.83594, KLD:3948.31250, BCE_ES:0.00000, NLL_loss_EV:-24.60394, NLL_loss_ES:0.00000, Score_ES:0.00000, Score_EV:10.79667
[Save Checkpoint] epoch: [56.0], Test set: total:406931.00000, BCE:445226.40625, KLD:15606.28418, BCE_ES:0.00000, NLL_loss_EV:-98.73233, NLL_loss_ES:0.00000, Score_ES:0.00000, Score_EV:9.67000
=> saved checkpoint 'checkpoints_CNN/mnist_VAE_s15Hmg4_v8_class_inv_grad_4_mon_loss_divL/last' (iter 15390, epoch 57.0)
score EV: 10.823333333333334. Score ES: 0.0
score EV: 9.64. Score ES: 0.0
=> saved checkpoint 'checkpoint_scores_CNN/mnist_VAE_s15Hmg4_v8_class_inv_grad_4_mon_loss_divL/last' (iter 15390, epoch 57.0)
EarlyStopping counter: 3 out of 25
[Save Checkpoint] epoch: [57.0], Train set: total:-221328.00000, BCE:108333.32031, KLD:3954.25122, BCE_ES:0.00000, NLL_loss_EV:-24.60861, NLL_loss_ES:0.00000, Score_ES:0.00000, Score_EV:10.82333
[Save Checkpoint] epoch: [57.0], Test set: total:406854.84375, BCE:445171.46875, KLD:15629.95508, BCE_ES:0.00000, NLL_loss_EV:-98.79359, NLL_loss_ES:0.00000, Score_ES:0.00000, Score_EV:9.64000
=> saved checkpoint 'checkpoints_CNN/mnist_VAE_s15Hmg4_v8_class_inv_grad_4_mon_loss_divL/last' (iter 15660, epoch 58.0)
score EV: 10.8. Score ES: 0.0
score EV: 9.62. Score ES: 0.0
=> saved checkpoint 'checkpoint_scores_CNN/mnist_VAE_s15Hmg4_v8_class_inv_grad_4_mon_loss_divL/last' (iter 15660, epoch 58.0)
EarlyStopping counter: 4 out of 25
[Save Checkpoint] epoch: [58.0], Train set: total:-221115.65625, BCE:108347.51562, KLD:3946.11841, BCE_ES:0.00000, NLL_loss_EV:-24.59693, NLL_loss_ES:0.00000, Score_ES:0.00000, Score_EV:10.80000
[Save Checkpoint] epoch: [58.0], Test set: total:406905.40625, BCE:445216.00000, KLD:15597.28906, BCE_ES:0.00000, NLL_loss_EV:-98.73659, NLL_loss_ES:0.00000, Score_ES:0.00000, Score_EV:9.62000
Epoch    59: reducing learning rate of group 0 to 8.0000e-06.
=> saved checkpoint 'checkpoints_CNN/mnist_VAE_s15Hmg4_v8_class_inv_grad_4_mon_loss_divL/last' (iter 15930, epoch 59.0)
score EV: 10.803333333333333. Score ES: 0.0
score EV: 9.65. Score ES: 0.0
=> saved checkpoint 'checkpoint_scores_CNN/mnist_VAE_s15Hmg4_v8_class_inv_grad_4_mon_loss_divL/last' (iter 15930, epoch 59.0)
EarlyStopping counter: 5 out of 25
[Save Checkpoint] epoch: [59.0], Train set: total:-220896.85938, BCE:108334.94531, KLD:3942.02075, BCE_ES:0.00000, NLL_loss_EV:-24.57922, NLL_loss_ES:0.00000, Score_ES:0.00000, Score_EV:10.80333
[Save Checkpoint] epoch: [59.0], Test set: total:406872.75000, BCE:445188.65625, KLD:15580.85645, BCE_ES:0.00000, NLL_loss_EV:-98.72135, NLL_loss_ES:0.00000, Score_ES:0.00000, Score_EV:9.65000
=> saved checkpoint 'checkpoints_CNN/mnist_VAE_s15Hmg4_v8_class_inv_grad_4_mon_loss_divL/last' (iter 16200, epoch 60.0)
score EV: 10.775. Score ES: 0.0
score EV: 9.7. Score ES: 0.0
=> saved checkpoint 'checkpoint_scores_CNN/mnist_VAE_s15Hmg4_v8_class_inv_grad_4_mon_loss_divL/last' (iter 16200, epoch 60.0)
[Save Checkpoint] epoch: [60.0], Train set: total:-221329.96875, BCE:108313.50781, KLD:3942.74194, BCE_ES:0.00000, NLL_loss_EV:-24.61447, NLL_loss_ES:0.00000, Score_ES:0.00000, Score_EV:10.77500
[Save Checkpoint] epoch: [60.0], Test set: total:406645.09375, BCE:445022.06250, KLD:15583.37207, BCE_ES:0.00000, NLL_loss_EV:-98.82757, NLL_loss_ES:0.00000, Score_ES:0.00000, Score_EV:9.70000
=> saved checkpoint 'checkpoints_CNN/mnist_VAE_s15Hmg4_v8_class_inv_grad_4_mon_loss_divL/last' (iter 16470, epoch 61.0)
score EV: 10.871666666666666. Score ES: 0.0
score EV: 9.66. Score ES: 0.0
=> saved checkpoint 'checkpoint_scores_CNN/mnist_VAE_s15Hmg4_v8_class_inv_grad_4_mon_loss_divL/last' (iter 16470, epoch 61.0)
[Save Checkpoint] epoch: [61.0], Train set: total:-221363.51562, BCE:108315.17969, KLD:3941.38037, BCE_ES:0.00000, NLL_loss_EV:-24.61557, NLL_loss_ES:0.00000, Score_ES:0.00000, Score_EV:10.87167
[Save Checkpoint] epoch: [61.0], Test set: total:406613.96875, BCE:444964.90625, KLD:15577.80762, BCE_ES:0.00000, NLL_loss_EV:-98.79472, NLL_loss_ES:0.00000, Score_ES:0.00000, Score_EV:9.66000
=> saved checkpoint 'checkpoints_CNN/mnist_VAE_s15Hmg4_v8_class_inv_grad_4_mon_loss_divL/last' (iter 16740, epoch 62.0)
score EV: 10.883333333333333. Score ES: 0.0
score EV: 9.59. Score ES: 0.0
=> saved checkpoint 'checkpoint_scores_CNN/mnist_VAE_s15Hmg4_v8_class_inv_grad_4_mon_loss_divL/last' (iter 16740, epoch 62.0)
EarlyStopping counter: 1 out of 25
[Save Checkpoint] epoch: [62.0], Train set: total:-221523.53125, BCE:108320.81250, KLD:3942.99658, BCE_ES:0.00000, NLL_loss_EV:-24.62332, NLL_loss_ES:0.00000, Score_ES:0.00000, Score_EV:10.88333
[Save Checkpoint] epoch: [62.0], Test set: total:406646.93750, BCE:445014.00000, KLD:15584.48438, BCE_ES:0.00000, NLL_loss_EV:-98.80676, NLL_loss_ES:0.00000, Score_ES:0.00000, Score_EV:9.59000
=> saved checkpoint 'checkpoints_CNN/mnist_VAE_s15Hmg4_v8_class_inv_grad_4_mon_loss_divL/last' (iter 17010, epoch 63.0)
score EV: 10.795. Score ES: 0.0
score EV: 9.6. Score ES: 0.0
=> saved checkpoint 'checkpoint_scores_CNN/mnist_VAE_s15Hmg4_v8_class_inv_grad_4_mon_loss_divL/last' (iter 17010, epoch 63.0)
EarlyStopping counter: 2 out of 25
[Save Checkpoint] epoch: [63.0], Train set: total:-221549.70312, BCE:108305.50000, KLD:3944.90967, BCE_ES:0.00000, NLL_loss_EV:-24.62751, NLL_loss_ES:0.00000, Score_ES:0.00000, Score_EV:10.79500
[Save Checkpoint] epoch: [63.0], Test set: total:406617.84375, BCE:444963.81250, KLD:15592.57031, BCE_ES:0.00000, NLL_loss_EV:-98.77781, NLL_loss_ES:0.00000, Score_ES:0.00000, Score_EV:9.60000
=> saved checkpoint 'checkpoints_CNN/mnist_VAE_s15Hmg4_v8_class_inv_grad_4_mon_loss_divL/last' (iter 17280, epoch 64.0)
score EV: 10.843333333333334. Score ES: 0.0
score EV: 9.67. Score ES: 0.0
=> saved checkpoint 'checkpoint_scores_CNN/mnist_VAE_s15Hmg4_v8_class_inv_grad_4_mon_loss_divL/last' (iter 17280, epoch 64.0)
EarlyStopping counter: 3 out of 25
[Save Checkpoint] epoch: [64.0], Train set: total:-221498.32812, BCE:108300.19531, KLD:3941.28467, BCE_ES:0.00000, NLL_loss_EV:-24.61942, NLL_loss_ES:0.00000, Score_ES:0.00000, Score_EV:10.84333
[Save Checkpoint] epoch: [64.0], Test set: total:406729.03125, BCE:445082.21875, KLD:15578.32812, BCE_ES:0.00000, NLL_loss_EV:-98.74886, NLL_loss_ES:0.00000, Score_ES:0.00000, Score_EV:9.67000
=> saved checkpoint 'checkpoints_CNN/mnist_VAE_s15Hmg4_v8_class_inv_grad_4_mon_loss_divL/last' (iter 17550, epoch 65.0)
score EV: 10.816666666666666. Score ES: 0.0
score EV: 9.76. Score ES: 0.0
=> saved checkpoint 'checkpoint_scores_CNN/mnist_VAE_s15Hmg4_v8_class_inv_grad_4_mon_loss_divL/last' (iter 17550, epoch 65.0)
EarlyStopping counter: 4 out of 25
[Save Checkpoint] epoch: [65.0], Train set: total:-221499.40625, BCE:108294.51562, KLD:3945.43555, BCE_ES:0.00000, NLL_loss_EV:-24.62329, NLL_loss_ES:0.00000, Score_ES:0.00000, Score_EV:10.81667
[Save Checkpoint] epoch: [65.0], Test set: total:406600.40625, BCE:445014.15625, KLD:15594.28125, BCE_ES:0.00000, NLL_loss_EV:-98.87891, NLL_loss_ES:0.00000, Score_ES:0.00000, Score_EV:9.76000
Epoch    66: reducing learning rate of group 0 to 1.6000e-06.
=> saved checkpoint 'checkpoints_CNN/mnist_VAE_s15Hmg4_v8_class_inv_grad_4_mon_loss_divL/last' (iter 17820, epoch 66.0)
score EV: 10.898333333333333. Score ES: 0.0
score EV: 9.87. Score ES: 0.0
=> saved checkpoint 'checkpoint_scores_CNN/mnist_VAE_s15Hmg4_v8_class_inv_grad_4_mon_loss_divL/last' (iter 17820, epoch 66.0)
EarlyStopping counter: 5 out of 25
[Save Checkpoint] epoch: [66.0], Train set: total:-221680.53125, BCE:108287.06250, KLD:3947.92627, BCE_ES:0.00000, NLL_loss_EV:-24.63120, NLL_loss_ES:0.00000, Score_ES:0.00000, Score_EV:10.89833
[Save Checkpoint] epoch: [66.0], Test set: total:406593.81250, BCE:444982.96875, KLD:15604.07324, BCE_ES:0.00000, NLL_loss_EV:-98.88727, NLL_loss_ES:0.00000, Score_ES:0.00000, Score_EV:9.87000
=> saved checkpoint 'checkpoints_CNN/mnist_VAE_s15Hmg4_v8_class_inv_grad_4_mon_loss_divL/last' (iter 18090, epoch 67.0)
score EV: 10.896666666666667. Score ES: 0.0
score EV: 9.67. Score ES: 0.0
=> saved checkpoint 'checkpoint_scores_CNN/mnist_VAE_s15Hmg4_v8_class_inv_grad_4_mon_loss_divL/last' (iter 18090, epoch 67.0)
EarlyStopping counter: 6 out of 25
[Save Checkpoint] epoch: [67.0], Train set: total:-221685.48438, BCE:108296.18750, KLD:3948.47827, BCE_ES:0.00000, NLL_loss_EV:-24.63435, NLL_loss_ES:0.00000, Score_ES:0.00000, Score_EV:10.89667
[Save Checkpoint] epoch: [67.0], Test set: total:406641.75000, BCE:444977.25000, KLD:15606.90332, BCE_ES:0.00000, NLL_loss_EV:-98.79577, NLL_loss_ES:0.00000, Score_ES:0.00000, Score_EV:9.67000
=> saved checkpoint 'checkpoints_CNN/mnist_VAE_s15Hmg4_v8_class_inv_grad_4_mon_loss_divL/last' (iter 18360, epoch 68.0)
score EV: 10.838333333333333. Score ES: 0.0
score EV: 9.89. Score ES: 0.0
=> saved checkpoint 'checkpoint_scores_CNN/mnist_VAE_s15Hmg4_v8_class_inv_grad_4_mon_loss_divL/last' (iter 18360, epoch 68.0)
EarlyStopping counter: 7 out of 25
[Save Checkpoint] epoch: [68.0], Train set: total:-221651.26562, BCE:108289.30469, KLD:3948.93237, BCE_ES:0.00000, NLL_loss_EV:-24.63147, NLL_loss_ES:0.00000, Score_ES:0.00000, Score_EV:10.83833
[Save Checkpoint] epoch: [68.0], Test set: total:406506.43750, BCE:444898.65625, KLD:15608.65527, BCE_ES:0.00000, NLL_loss_EV:-98.87725, NLL_loss_ES:0.00000, Score_ES:0.00000, Score_EV:9.89000
=> saved checkpoint 'checkpoints_CNN/mnist_VAE_s15Hmg4_v8_class_inv_grad_4_mon_loss_divL/last' (iter 18630, epoch 69.0)
score EV: 10.883333333333333. Score ES: 0.0
score EV: 9.64. Score ES: 0.0
=> saved checkpoint 'checkpoint_scores_CNN/mnist_VAE_s15Hmg4_v8_class_inv_grad_4_mon_loss_divL/last' (iter 18630, epoch 69.0)
EarlyStopping counter: 8 out of 25
[Save Checkpoint] epoch: [69.0], Train set: total:-221623.04688, BCE:108289.30469, KLD:3948.74805, BCE_ES:0.00000, NLL_loss_EV:-24.63315, NLL_loss_ES:0.00000, Score_ES:0.00000, Score_EV:10.88333
[Save Checkpoint] epoch: [69.0], Test set: total:406642.34375, BCE:445006.81250, KLD:15607.80469, BCE_ES:0.00000, NLL_loss_EV:-98.89149, NLL_loss_ES:0.00000, Score_ES:0.00000, Score_EV:9.64000
=> saved checkpoint 'checkpoints_CNN/mnist_VAE_s15Hmg4_v8_class_inv_grad_4_mon_loss_divL/last' (iter 18900, epoch 70.0)
score EV: 10.966666666666667. Score ES: 0.0
score EV: 9.67. Score ES: 0.0
=> saved checkpoint 'checkpoint_scores_CNN/mnist_VAE_s15Hmg4_v8_class_inv_grad_4_mon_loss_divL/last' (iter 18900, epoch 70.0)
EarlyStopping counter: 9 out of 25
[Save Checkpoint] epoch: [70.0], Train set: total:-221819.20312, BCE:108306.02344, KLD:3945.74023, BCE_ES:0.00000, NLL_loss_EV:-24.64287, NLL_loss_ES:0.00000, Score_ES:0.00000, Score_EV:10.96667
[Save Checkpoint] epoch: [70.0], Test set: total:406556.84375, BCE:444943.21875, KLD:15595.68457, BCE_ES:0.00000, NLL_loss_EV:-98.87974, NLL_loss_ES:0.00000, Score_ES:0.00000, Score_EV:9.67000
=> saved checkpoint 'checkpoints_CNN/mnist_VAE_s15Hmg4_v8_class_inv_grad_4_mon_loss_divL/last' (iter 19170, epoch 71.0)
score EV: 10.886666666666667. Score ES: 0.0
score EV: 9.71. Score ES: 0.0
=> saved checkpoint 'checkpoint_scores_CNN/mnist_VAE_s15Hmg4_v8_class_inv_grad_4_mon_loss_divL/last' (iter 19170, epoch 71.0)
[Save Checkpoint] epoch: [71.0], Train set: total:-221644.75000, BCE:108302.33594, KLD:3945.76099, BCE_ES:0.00000, NLL_loss_EV:-24.63137, NLL_loss_ES:0.00000, Score_ES:0.00000, Score_EV:10.88667
[Save Checkpoint] epoch: [71.0], Test set: total:406746.09375, BCE:445113.21875, KLD:15595.86230, BCE_ES:0.00000, NLL_loss_EV:-98.87288, NLL_loss_ES:0.00000, Score_ES:0.00000, Score_EV:9.71000
=> saved checkpoint 'checkpoints_CNN/mnist_VAE_s15Hmg4_v8_class_inv_grad_4_mon_loss_divL/last' (iter 19440, epoch 72.0)
score EV: 10.823333333333334. Score ES: 0.0
score EV: 9.68. Score ES: 0.0
=> saved checkpoint 'checkpoint_scores_CNN/mnist_VAE_s15Hmg4_v8_class_inv_grad_4_mon_loss_divL/last' (iter 19440, epoch 72.0)
EarlyStopping counter: 1 out of 25
[Save Checkpoint] epoch: [72.0], Train set: total:-221633.03125, BCE:108294.42188, KLD:3945.32593, BCE_ES:0.00000, NLL_loss_EV:-24.63228, NLL_loss_ES:0.00000, Score_ES:0.00000, Score_EV:10.82333
[Save Checkpoint] epoch: [72.0], Test set: total:406608.65625, BCE:444958.34375, KLD:15593.91113, BCE_ES:0.00000, NLL_loss_EV:-98.81661, NLL_loss_ES:0.00000, Score_ES:0.00000, Score_EV:9.68000
=> saved checkpoint 'checkpoints_CNN/mnist_VAE_s15Hmg4_v8_class_inv_grad_4_mon_loss_divL/last' (iter 19710, epoch 73.0)
score EV: 10.891666666666667. Score ES: 0.0
score EV: 9.59. Score ES: 0.0
=> saved checkpoint 'checkpoint_scores_CNN/mnist_VAE_s15Hmg4_v8_class_inv_grad_4_mon_loss_divL/last' (iter 19710, epoch 73.0)
EarlyStopping counter: 2 out of 25
[Save Checkpoint] epoch: [73.0], Train set: total:-221715.71875, BCE:108299.28125, KLD:3946.94287, BCE_ES:0.00000, NLL_loss_EV:-24.63422, NLL_loss_ES:0.00000, Score_ES:0.00000, Score_EV:10.89167
[Save Checkpoint] epoch: [73.0], Test set: total:406583.06250, BCE:444963.81250, KLD:15600.19434, BCE_ES:0.00000, NLL_loss_EV:-98.83993, NLL_loss_ES:0.00000, Score_ES:0.00000, Score_EV:9.59000
=> saved checkpoint 'checkpoints_CNN/mnist_VAE_s15Hmg4_v8_class_inv_grad_4_mon_loss_divL/last' (iter 19980, epoch 74.0)
score EV: 10.91. Score ES: 0.0
score EV: 9.73. Score ES: 0.0
=> saved checkpoint 'checkpoint_scores_CNN/mnist_VAE_s15Hmg4_v8_class_inv_grad_4_mon_loss_divL/last' (iter 19980, epoch 74.0)
EarlyStopping counter: 3 out of 25
[Save Checkpoint] epoch: [74.0], Train set: total:-221630.06250, BCE:108294.32031, KLD:3945.83472, BCE_ES:0.00000, NLL_loss_EV:-24.63180, NLL_loss_ES:0.00000, Score_ES:0.00000, Score_EV:10.91000
[Save Checkpoint] epoch: [74.0], Test set: total:406589.78125, BCE:445031.00000, KLD:15595.87500, BCE_ES:0.00000, NLL_loss_EV:-98.93060, NLL_loss_ES:0.00000, Score_ES:0.00000, Score_EV:9.73000
=> saved checkpoint 'checkpoints_CNN/mnist_VAE_s15Hmg4_v8_class_inv_grad_4_mon_loss_divL/last' (iter 20250, epoch 75.0)
score EV: 10.846666666666666. Score ES: 0.0
score EV: 9.7. Score ES: 0.0
=> saved checkpoint 'checkpoint_scores_CNN/mnist_VAE_s15Hmg4_v8_class_inv_grad_4_mon_loss_divL/last' (iter 20250, epoch 75.0)
EarlyStopping counter: 4 out of 25
[Save Checkpoint] epoch: [75.0], Train set: total:-221622.92188, BCE:108296.86719, KLD:3947.57495, BCE_ES:0.00000, NLL_loss_EV:-24.63142, NLL_loss_ES:0.00000, Score_ES:0.00000, Score_EV:10.84667
[Save Checkpoint] epoch: [75.0], Test set: total:406639.25000, BCE:444998.09375, KLD:15602.89746, BCE_ES:0.00000, NLL_loss_EV:-98.86621, NLL_loss_ES:0.00000, Score_ES:0.00000, Score_EV:9.70000
Epoch    76: reducing learning rate of group 0 to 1.0000e-06.
=> saved checkpoint 'checkpoints_CNN/mnist_VAE_s15Hmg4_v8_class_inv_grad_4_mon_loss_divL/last' (iter 20520, epoch 76.0)
score EV: 10.938333333333333. Score ES: 0.0
score EV: 9.72. Score ES: 0.0
=> saved checkpoint 'checkpoint_scores_CNN/mnist_VAE_s15Hmg4_v8_class_inv_grad_4_mon_loss_divL/last' (iter 20520, epoch 76.0)
EarlyStopping counter: 5 out of 25
[Save Checkpoint] epoch: [76.0], Train set: total:-221614.01562, BCE:108295.87500, KLD:3947.32764, BCE_ES:0.00000, NLL_loss_EV:-24.63036, NLL_loss_ES:0.00000, Score_ES:0.00000, Score_EV:10.93833
[Save Checkpoint] epoch: [76.0], Test set: total:406709.87500, BCE:445058.09375, KLD:15601.88477, BCE_ES:0.00000, NLL_loss_EV:-98.85276, NLL_loss_ES:0.00000, Score_ES:0.00000, Score_EV:9.72000
=> saved checkpoint 'checkpoints_CNN/mnist_VAE_s15Hmg4_v8_class_inv_grad_4_mon_loss_divL/last' (iter 20790, epoch 77.0)
score EV: 10.895. Score ES: 0.0
score EV: 9.66. Score ES: 0.0
=> saved checkpoint 'checkpoint_scores_CNN/mnist_VAE_s15Hmg4_v8_class_inv_grad_4_mon_loss_divL/last' (iter 20790, epoch 77.0)
[Save Checkpoint] epoch: [77.0], Train set: total:-221685.64062, BCE:108289.05469, KLD:3946.75366, BCE_ES:0.00000, NLL_loss_EV:-24.63229, NLL_loss_ES:0.00000, Score_ES:0.00000, Score_EV:10.89500
[Save Checkpoint] epoch: [77.0], Test set: total:406683.34375, BCE:445033.34375, KLD:15599.81152, BCE_ES:0.00000, NLL_loss_EV:-98.82289, NLL_loss_ES:0.00000, Score_ES:0.00000, Score_EV:9.66000
=> saved checkpoint 'checkpoints_CNN/mnist_VAE_s15Hmg4_v8_class_inv_grad_4_mon_loss_divL/last' (iter 21060, epoch 78.0)
score EV: 10.89. Score ES: 0.0
score EV: 9.58. Score ES: 0.0
=> saved checkpoint 'checkpoint_scores_CNN/mnist_VAE_s15Hmg4_v8_class_inv_grad_4_mon_loss_divL/last' (iter 21060, epoch 78.0)
[Save Checkpoint] epoch: [78.0], Train set: total:-221663.78125, BCE:108297.05469, KLD:3945.57300, BCE_ES:0.00000, NLL_loss_EV:-24.63863, NLL_loss_ES:0.00000, Score_ES:0.00000, Score_EV:10.89000
[Save Checkpoint] epoch: [78.0], Test set: total:406570.34375, BCE:444939.81250, KLD:15594.89551, BCE_ES:0.00000, NLL_loss_EV:-98.84960, NLL_loss_ES:0.00000, Score_ES:0.00000, Score_EV:9.58000
=> saved checkpoint 'checkpoints_CNN/mnist_VAE_s15Hmg4_v8_class_inv_grad_4_mon_loss_divL/last' (iter 21330, epoch 79.0)
score EV: 10.85. Score ES: 0.0
score EV: 9.75. Score ES: 0.0
=> saved checkpoint 'checkpoint_scores_CNN/mnist_VAE_s15Hmg4_v8_class_inv_grad_4_mon_loss_divL/last' (iter 21330, epoch 79.0)
EarlyStopping counter: 1 out of 25
[Save Checkpoint] epoch: [79.0], Train set: total:-221522.67188, BCE:108298.49219, KLD:3945.06421, BCE_ES:0.00000, NLL_loss_EV:-24.62264, NLL_loss_ES:0.00000, Score_ES:0.00000, Score_EV:10.85000
[Save Checkpoint] epoch: [79.0], Test set: total:406568.34375, BCE:444946.81250, KLD:15593.09570, BCE_ES:0.00000, NLL_loss_EV:-98.87910, NLL_loss_ES:0.00000, Score_ES:0.00000, Score_EV:9.75000
=> saved checkpoint 'checkpoints_CNN/mnist_VAE_s15Hmg4_v8_class_inv_grad_4_mon_loss_divL/last' (iter 21600, epoch 80.0)
score EV: 10.888333333333334. Score ES: 0.0
score EV: 9.83. Score ES: 0.0
=> saved checkpoint 'checkpoint_scores_CNN/mnist_VAE_s15Hmg4_v8_class_inv_grad_4_mon_loss_divL/last' (iter 21600, epoch 80.0)
EarlyStopping counter: 2 out of 25
[Save Checkpoint] epoch: [80.0], Train set: total:-221675.51562, BCE:108294.73438, KLD:3945.08325, BCE_ES:0.00000, NLL_loss_EV:-24.63311, NLL_loss_ES:0.00000, Score_ES:0.00000, Score_EV:10.88833
[Save Checkpoint] epoch: [80.0], Test set: total:406614.37500, BCE:444987.25000, KLD:15593.24902, BCE_ES:0.00000, NLL_loss_EV:-98.85294, NLL_loss_ES:0.00000, Score_ES:0.00000, Score_EV:9.83000
=> saved checkpoint 'checkpoints_CNN/mnist_VAE_s15Hmg4_v8_class_inv_grad_4_mon_loss_divL/last' (iter 21870, epoch 81.0)
score EV: 10.896666666666667. Score ES: 0.0
score EV: 9.78. Score ES: 0.0
=> saved checkpoint 'checkpoint_scores_CNN/mnist_VAE_s15Hmg4_v8_class_inv_grad_4_mon_loss_divL/last' (iter 21870, epoch 81.0)
EarlyStopping counter: 3 out of 25
[Save Checkpoint] epoch: [81.0], Train set: total:-221645.95312, BCE:108295.85938, KLD:3944.63745, BCE_ES:0.00000, NLL_loss_EV:-24.63061, NLL_loss_ES:0.00000, Score_ES:0.00000, Score_EV:10.89667
[Save Checkpoint] epoch: [81.0], Test set: total:406740.56250, BCE:445062.84375, KLD:15591.55469, BCE_ES:0.00000, NLL_loss_EV:-98.75919, NLL_loss_ES:0.00000, Score_ES:0.00000, Score_EV:9.78000
=> saved checkpoint 'checkpoints_CNN/mnist_VAE_s15Hmg4_v8_class_inv_grad_4_mon_loss_divL/last' (iter 22140, epoch 82.0)
score EV: 10.861666666666666. Score ES: 0.0
score EV: 9.61. Score ES: 0.0
=> saved checkpoint 'checkpoint_scores_CNN/mnist_VAE_s15Hmg4_v8_class_inv_grad_4_mon_loss_divL/last' (iter 22140, epoch 82.0)
EarlyStopping counter: 4 out of 25
[Save Checkpoint] epoch: [82.0], Train set: total:-221592.71875, BCE:108298.46094, KLD:3946.46558, BCE_ES:0.00000, NLL_loss_EV:-24.63150, NLL_loss_ES:0.00000, Score_ES:0.00000, Score_EV:10.86167
[Save Checkpoint] epoch: [82.0], Test set: total:406560.84375, BCE:444914.25000, KLD:15598.50293, BCE_ES:0.00000, NLL_loss_EV:-98.78979, NLL_loss_ES:0.00000, Score_ES:0.00000, Score_EV:9.61000
=> saved checkpoint 'checkpoints_CNN/mnist_VAE_s15Hmg4_v8_class_inv_grad_4_mon_loss_divL/last' (iter 22410, epoch 83.0)
score EV: 10.881666666666666. Score ES: 0.0
score EV: 9.68. Score ES: 0.0
=> saved checkpoint 'checkpoint_scores_CNN/mnist_VAE_s15Hmg4_v8_class_inv_grad_4_mon_loss_divL/last' (iter 22410, epoch 83.0)
EarlyStopping counter: 5 out of 25
[Save Checkpoint] epoch: [83.0], Train set: total:-221659.01562, BCE:108286.18750, KLD:3946.13843, BCE_ES:0.00000, NLL_loss_EV:-24.62975, NLL_loss_ES:0.00000, Score_ES:0.00000, Score_EV:10.88167
[Save Checkpoint] epoch: [83.0], Test set: total:406561.78125, BCE:444938.21875, KLD:15597.46387, BCE_ES:0.00000, NLL_loss_EV:-98.86404, NLL_loss_ES:0.00000, Score_ES:0.00000, Score_EV:9.68000
=> saved checkpoint 'checkpoints_CNN/mnist_VAE_s15Hmg4_v8_class_inv_grad_4_mon_loss_divL/last' (iter 22680, epoch 84.0)
score EV: 10.911666666666667. Score ES: 0.0
score EV: 9.68. Score ES: 0.0
=> saved checkpoint 'checkpoint_scores_CNN/mnist_VAE_s15Hmg4_v8_class_inv_grad_4_mon_loss_divL/last' (iter 22680, epoch 84.0)
EarlyStopping counter: 6 out of 25
[Save Checkpoint] epoch: [84.0], Train set: total:-221679.64062, BCE:108296.85938, KLD:3945.92944, BCE_ES:0.00000, NLL_loss_EV:-24.63406, NLL_loss_ES:0.00000, Score_ES:0.00000, Score_EV:10.91167
[Save Checkpoint] epoch: [84.0], Test set: total:406622.50000, BCE:444992.90625, KLD:15596.60059, BCE_ES:0.00000, NLL_loss_EV:-98.84511, NLL_loss_ES:0.00000, Score_ES:0.00000, Score_EV:9.68000
=> saved checkpoint 'checkpoints_CNN/mnist_VAE_s15Hmg4_v8_class_inv_grad_4_mon_loss_divL/last' (iter 22950, epoch 85.0)
score EV: 10.848333333333333. Score ES: 0.0
score EV: 9.61. Score ES: 0.0
=> saved checkpoint 'checkpoint_scores_CNN/mnist_VAE_s15Hmg4_v8_class_inv_grad_4_mon_loss_divL/last' (iter 22950, epoch 85.0)
EarlyStopping counter: 7 out of 25
[Save Checkpoint] epoch: [85.0], Train set: total:-221498.67188, BCE:108292.99219, KLD:3946.51562, BCE_ES:0.00000, NLL_loss_EV:-24.62427, NLL_loss_ES:0.00000, Score_ES:0.00000, Score_EV:10.84833
[Save Checkpoint] epoch: [85.0], Test set: total:406605.53125, BCE:444990.00000, KLD:15598.81738, BCE_ES:0.00000, NLL_loss_EV:-98.88204, NLL_loss_ES:0.00000, Score_ES:0.00000, Score_EV:9.61000
=> saved checkpoint 'checkpoints_CNN/mnist_VAE_s15Hmg4_v8_class_inv_grad_4_mon_loss_divL/last' (iter 23220, epoch 86.0)
score EV: 10.933333333333334. Score ES: 0.0
score EV: 9.67. Score ES: 0.0
=> saved checkpoint 'checkpoint_scores_CNN/mnist_VAE_s15Hmg4_v8_class_inv_grad_4_mon_loss_divL/last' (iter 23220, epoch 86.0)
EarlyStopping counter: 8 out of 25
[Save Checkpoint] epoch: [86.0], Train set: total:-221553.10938, BCE:108286.96875, KLD:3945.57349, BCE_ES:0.00000, NLL_loss_EV:-24.62689, NLL_loss_ES:0.00000, Score_ES:0.00000, Score_EV:10.93333
[Save Checkpoint] epoch: [86.0], Test set: total:406431.59375, BCE:444881.90625, KLD:15595.13574, BCE_ES:0.00000, NLL_loss_EV:-98.95586, NLL_loss_ES:0.00000, Score_ES:0.00000, Score_EV:9.67000
=> saved checkpoint 'checkpoints_CNN/mnist_VAE_s15Hmg4_v8_class_inv_grad_4_mon_loss_divL/last' (iter 23490, epoch 87.0)
score EV: 10.905. Score ES: 0.0
score EV: 9.72. Score ES: 0.0
=> saved checkpoint 'checkpoint_scores_CNN/mnist_VAE_s15Hmg4_v8_class_inv_grad_4_mon_loss_divL/last' (iter 23490, epoch 87.0)
EarlyStopping counter: 9 out of 25
[Save Checkpoint] epoch: [87.0], Train set: total:-221791.03125, BCE:108286.39844, KLD:3945.26147, BCE_ES:0.00000, NLL_loss_EV:-24.63676, NLL_loss_ES:0.00000, Score_ES:0.00000, Score_EV:10.90500
[Save Checkpoint] epoch: [87.0], Test set: total:406488.50000, BCE:444925.75000, KLD:15593.47949, BCE_ES:0.00000, NLL_loss_EV:-98.92964, NLL_loss_ES:0.00000, Score_ES:0.00000, Score_EV:9.72000
=> saved checkpoint 'checkpoints_CNN/mnist_VAE_s15Hmg4_v8_class_inv_grad_4_mon_loss_divL/last' (iter 23760, epoch 88.0)
score EV: 10.953333333333333. Score ES: 0.0
score EV: 9.65. Score ES: 0.0
=> saved checkpoint 'checkpoint_scores_CNN/mnist_VAE_s15Hmg4_v8_class_inv_grad_4_mon_loss_divL/last' (iter 23760, epoch 88.0)
EarlyStopping counter: 10 out of 25
[Save Checkpoint] epoch: [88.0], Train set: total:-221712.32812, BCE:108290.28125, KLD:3945.64941, BCE_ES:0.00000, NLL_loss_EV:-24.63393, NLL_loss_ES:0.00000, Score_ES:0.00000, Score_EV:10.95333
[Save Checkpoint] epoch: [88.0], Test set: total:406601.56250, BCE:444994.81250, KLD:15594.92383, BCE_ES:0.00000, NLL_loss_EV:-98.89378, NLL_loss_ES:0.00000, Score_ES:0.00000, Score_EV:9.65000
=> saved checkpoint 'checkpoints_CNN/mnist_VAE_s15Hmg4_v8_class_inv_grad_4_mon_loss_divL/last' (iter 24030, epoch 89.0)
score EV: 10.873333333333333. Score ES: 0.0
score EV: 9.72. Score ES: 0.0
=> saved checkpoint 'checkpoint_scores_CNN/mnist_VAE_s15Hmg4_v8_class_inv_grad_4_mon_loss_divL/last' (iter 24030, epoch 89.0)
EarlyStopping counter: 11 out of 25
[Save Checkpoint] epoch: [89.0], Train set: total:-221642.01562, BCE:108294.30469, KLD:3944.03979, BCE_ES:0.00000, NLL_loss_EV:-24.63117, NLL_loss_ES:0.00000, Score_ES:0.00000, Score_EV:10.87333
[Save Checkpoint] epoch: [89.0], Test set: total:406582.43750, BCE:444962.71875, KLD:15588.67188, BCE_ES:0.00000, NLL_loss_EV:-98.84703, NLL_loss_ES:0.00000, Score_ES:0.00000, Score_EV:9.72000
=> saved checkpoint 'checkpoints_CNN/mnist_VAE_s15Hmg4_v8_class_inv_grad_4_mon_loss_divL/last' (iter 24300, epoch 90.0)
score EV: 10.91. Score ES: 0.0
score EV: 9.7. Score ES: 0.0
=> saved checkpoint 'checkpoint_scores_CNN/mnist_VAE_s15Hmg4_v8_class_inv_grad_4_mon_loss_divL/last' (iter 24300, epoch 90.0)
EarlyStopping counter: 12 out of 25
[Save Checkpoint] epoch: [90.0], Train set: total:-221751.06250, BCE:108292.17969, KLD:3947.16479, BCE_ES:0.00000, NLL_loss_EV:-24.63694, NLL_loss_ES:0.00000, Score_ES:0.00000, Score_EV:10.91000
[Save Checkpoint] epoch: [90.0], Test set: total:406573.09375, BCE:445002.50000, KLD:15600.77246, BCE_ES:0.00000, NLL_loss_EV:-98.94018, NLL_loss_ES:0.00000, Score_ES:0.00000, Score_EV:9.70000
=> saved checkpoint 'checkpoints_CNN/mnist_VAE_s15Hmg4_v8_class_inv_grad_4_mon_loss_divL/last' (iter 24570, epoch 91.0)
score EV: 10.903333333333334. Score ES: 0.0
score EV: 9.69. Score ES: 0.0
=> saved checkpoint 'checkpoint_scores_CNN/mnist_VAE_s15Hmg4_v8_class_inv_grad_4_mon_loss_divL/last' (iter 24570, epoch 91.0)
EarlyStopping counter: 13 out of 25
[Save Checkpoint] epoch: [91.0], Train set: total:-221611.95312, BCE:108294.80469, KLD:3944.05908, BCE_ES:0.00000, NLL_loss_EV:-24.62765, NLL_loss_ES:0.00000, Score_ES:0.00000, Score_EV:10.90333
[Save Checkpoint] epoch: [91.0], Test set: total:406567.46875, BCE:444962.31250, KLD:15588.69238, BCE_ES:0.00000, NLL_loss_EV:-98.87613, NLL_loss_ES:0.00000, Score_ES:0.00000, Score_EV:9.69000
=> saved checkpoint 'checkpoints_CNN/mnist_VAE_s15Hmg4_v8_class_inv_grad_4_mon_loss_divL/last' (iter 24840, epoch 92.0)
score EV: 10.926666666666666. Score ES: 0.0
score EV: 9.54. Score ES: 0.0
=> saved checkpoint 'checkpoint_scores_CNN/mnist_VAE_s15Hmg4_v8_class_inv_grad_4_mon_loss_divL/last' (iter 24840, epoch 92.0)
EarlyStopping counter: 14 out of 25
[Save Checkpoint] epoch: [92.0], Train set: total:-221574.56250, BCE:108300.37500, KLD:3944.77759, BCE_ES:0.00000, NLL_loss_EV:-24.62764, NLL_loss_ES:0.00000, Score_ES:0.00000, Score_EV:10.92667
[Save Checkpoint] epoch: [92.0], Test set: total:406529.84375, BCE:444927.15625, KLD:15591.45605, BCE_ES:0.00000, NLL_loss_EV:-98.90081, NLL_loss_ES:0.00000, Score_ES:0.00000, Score_EV:9.54000
=> saved checkpoint 'checkpoints_CNN/mnist_VAE_s15Hmg4_v8_class_inv_grad_4_mon_loss_divL/last' (iter 25110, epoch 93.0)
score EV: 10.861666666666666. Score ES: 0.0
score EV: 9.65. Score ES: 0.0
=> saved checkpoint 'checkpoint_scores_CNN/mnist_VAE_s15Hmg4_v8_class_inv_grad_4_mon_loss_divL/last' (iter 25110, epoch 93.0)
EarlyStopping counter: 15 out of 25
[Save Checkpoint] epoch: [93.0], Train set: total:-221638.40625, BCE:108297.36719, KLD:3944.98511, BCE_ES:0.00000, NLL_loss_EV:-24.63072, NLL_loss_ES:0.00000, Score_ES:0.00000, Score_EV:10.86167
[Save Checkpoint] epoch: [93.0], Test set: total:406628.96875, BCE:444972.75000, KLD:15592.25000, BCE_ES:0.00000, NLL_loss_EV:-98.83233, NLL_loss_ES:0.00000, Score_ES:0.00000, Score_EV:9.65000
=> saved checkpoint 'checkpoints_CNN/mnist_VAE_s15Hmg4_v8_class_inv_grad_4_mon_loss_divL/last' (iter 25380, epoch 94.0)
score EV: 10.863333333333333. Score ES: 0.0
score EV: 9.6. Score ES: 0.0
=> saved checkpoint 'checkpoint_scores_CNN/mnist_VAE_s15Hmg4_v8_class_inv_grad_4_mon_loss_divL/last' (iter 25380, epoch 94.0)
EarlyStopping counter: 16 out of 25
[Save Checkpoint] epoch: [94.0], Train set: total:-221700.89062, BCE:108292.92188, KLD:3944.80786, BCE_ES:0.00000, NLL_loss_EV:-24.63508, NLL_loss_ES:0.00000, Score_ES:0.00000, Score_EV:10.86333
[Save Checkpoint] epoch: [94.0], Test set: total:406647.09375, BCE:445050.15625, KLD:15591.38965, BCE_ES:0.00000, NLL_loss_EV:-98.90878, NLL_loss_ES:0.00000, Score_ES:0.00000, Score_EV:9.60000
=> saved checkpoint 'checkpoints_CNN/mnist_VAE_s15Hmg4_v8_class_inv_grad_4_mon_loss_divL/last' (iter 25650, epoch 95.0)
score EV: 10.891666666666667. Score ES: 0.0
score EV: 9.85. Score ES: 0.0
=> saved checkpoint 'checkpoint_scores_CNN/mnist_VAE_s15Hmg4_v8_class_inv_grad_4_mon_loss_divL/last' (iter 25650, epoch 95.0)
EarlyStopping counter: 17 out of 25
[Save Checkpoint] epoch: [95.0], Train set: total:-221703.04688, BCE:108292.32812, KLD:3945.46094, BCE_ES:0.00000, NLL_loss_EV:-24.63351, NLL_loss_ES:0.00000, Score_ES:0.00000, Score_EV:10.89167
[Save Checkpoint] epoch: [95.0], Test set: total:406517.09375, BCE:444911.40625, KLD:15594.36426, BCE_ES:0.00000, NLL_loss_EV:-98.92941, NLL_loss_ES:0.00000, Score_ES:0.00000, Score_EV:9.85000
=> saved checkpoint 'checkpoints_CNN/mnist_VAE_s15Hmg4_v8_class_inv_grad_4_mon_loss_divL/last' (iter 25920, epoch 96.0)
score EV: 10.838333333333333. Score ES: 0.0
score EV: 9.56. Score ES: 0.0
=> saved checkpoint 'checkpoint_scores_CNN/mnist_VAE_s15Hmg4_v8_class_inv_grad_4_mon_loss_divL/last' (iter 25920, epoch 96.0)
EarlyStopping counter: 18 out of 25
[Save Checkpoint] epoch: [96.0], Train set: total:-221631.85938, BCE:108285.22656, KLD:3945.42944, BCE_ES:0.00000, NLL_loss_EV:-24.63010, NLL_loss_ES:0.00000, Score_ES:0.00000, Score_EV:10.83833
[Save Checkpoint] epoch: [96.0], Test set: total:406667.65625, BCE:445033.75000, KLD:15594.23438, BCE_ES:0.00000, NLL_loss_EV:-98.85235, NLL_loss_ES:0.00000, Score_ES:0.00000, Score_EV:9.56000
=> saved checkpoint 'checkpoints_CNN/mnist_VAE_s15Hmg4_v8_class_inv_grad_4_mon_loss_divL/last' (iter 26190, epoch 97.0)
score EV: 10.818333333333333. Score ES: 0.0
score EV: 9.81. Score ES: 0.0
=> saved checkpoint 'checkpoint_scores_CNN/mnist_VAE_s15Hmg4_v8_class_inv_grad_4_mon_loss_divL/last' (iter 26190, epoch 97.0)
EarlyStopping counter: 19 out of 25
[Save Checkpoint] epoch: [97.0], Train set: total:-221588.60938, BCE:108293.72656, KLD:3947.22485, BCE_ES:0.00000, NLL_loss_EV:-24.62876, NLL_loss_ES:0.00000, Score_ES:0.00000, Score_EV:10.81833
[Save Checkpoint] epoch: [97.0], Test set: total:406603.81250, BCE:445007.56250, KLD:15601.47656, BCE_ES:0.00000, NLL_loss_EV:-98.89033, NLL_loss_ES:0.00000, Score_ES:0.00000, Score_EV:9.81000
=> saved checkpoint 'checkpoints_CNN/mnist_VAE_s15Hmg4_v8_class_inv_grad_4_mon_loss_divL/last' (iter 26460, epoch 98.0)
score EV: 10.901666666666667. Score ES: 0.0
score EV: 9.8. Score ES: 0.0
=> saved checkpoint 'checkpoint_scores_CNN/mnist_VAE_s15Hmg4_v8_class_inv_grad_4_mon_loss_divL/last' (iter 26460, epoch 98.0)
EarlyStopping counter: 20 out of 25
[Save Checkpoint] epoch: [98.0], Train set: total:-221883.81250, BCE:108292.41406, KLD:3946.15601, BCE_ES:0.00000, NLL_loss_EV:-24.64565, NLL_loss_ES:0.00000, Score_ES:0.00000, Score_EV:10.90167
[Save Checkpoint] epoch: [98.0], Test set: total:406522.00000, BCE:444915.59375, KLD:15597.22070, BCE_ES:0.00000, NLL_loss_EV:-98.88851, NLL_loss_ES:0.00000, Score_ES:0.00000, Score_EV:9.80000
=> saved checkpoint 'checkpoints_CNN/mnist_VAE_s15Hmg4_v8_class_inv_grad_4_mon_loss_divL/last' (iter 26730, epoch 99.0)
score EV: 10.86. Score ES: 0.0
score EV: 9.69. Score ES: 0.0
=> saved checkpoint 'checkpoint_scores_CNN/mnist_VAE_s15Hmg4_v8_class_inv_grad_4_mon_loss_divL/last' (iter 26730, epoch 99.0)
EarlyStopping counter: 21 out of 25
[Save Checkpoint] epoch: [99.0], Train set: total:-221682.12500, BCE:108290.92969, KLD:3945.02637, BCE_ES:0.00000, NLL_loss_EV:-24.63521, NLL_loss_ES:0.00000, Score_ES:0.00000, Score_EV:10.86000
[Save Checkpoint] epoch: [99.0], Test set: total:406492.03125, BCE:444907.09375, KLD:15592.64844, BCE_ES:0.00000, NLL_loss_EV:-98.93819, NLL_loss_ES:0.00000, Score_ES:0.00000, Score_EV:9.69000
=> saved checkpoint 'checkpoints_CNN/mnist_VAE_s15Hmg4_v8_class_inv_grad_4_mon_loss_divL/last' (iter 27000, epoch 100.0)
score EV: 10.903333333333334. Score ES: 0.0
score EV: 9.69. Score ES: 0.0
=> saved checkpoint 'checkpoint_scores_CNN/mnist_VAE_s15Hmg4_v8_class_inv_grad_4_mon_loss_divL/last' (iter 27000, epoch 100.0)
EarlyStopping counter: 22 out of 25
[Save Checkpoint] epoch: [100.0], Train set: total:-221672.50000, BCE:108294.03125, KLD:3944.59668, BCE_ES:0.00000, NLL_loss_EV:-24.63344, NLL_loss_ES:0.00000, Score_ES:0.00000, Score_EV:10.90333
[Save Checkpoint] epoch: [100.0], Test set: total:406609.09375, BCE:445026.75000, KLD:15590.93945, BCE_ES:0.00000, NLL_loss_EV:-98.88119, NLL_loss_ES:0.00000, Score_ES:0.00000, Score_EV:9.69000
[Training Finished]
All done !
