53
--gpu_devices 0 --max_iter 100 --batch_size 250 --use_scheduler True --lr 1e-3 --GMP True --z_struct_size 10 --is_VAE True --is_encoder_struct False --lambda_BCE 1 --beta 1 --big_kernel_size 8 --two_conv_layer True --three_conv_layer True --kernel_size_1 4 --kernel_size_2 4 --kernel_size_3 4 --BK_in_first_layer True --BK_in_second_layer False --BK_in_third_layer False --stride_size 1 --hidden_filters_layer1 64 --hidden_filters_layer2 64 --hidden_filters_layer3 64 --dataset_balanced True --binary_z True --binary_first_conv False --binary_second_conv False --binary_third_conv True --z_var_size 25 --z_struct_size 15 --use_small_lr_encoder_var False --encoder_var_name None --encoder_struct_name mnist_struct_baseline_scheduler_binary_15 --freeze_Encoder True --exp_name mnist_VAE_s15_v25_SE
Namespace(BK_in_first_layer=True, BK_in_second_layer=False, BK_in_third_layer=False, BN=False, C_max=25, C_stop_iter=100000.0, E1_AE=False, E1_VAE=False, E1_conv=False, E1_dense=False, E1_second_conv=False, E1_second_conv_adapt=False, GMP=True, Hmg_dst_loss=False, IPC=False, L1_norm_act=False, L1_norm_weights=False, L3_without_random=False, LOG_DIR='logs', adapt_lr=False, add_classification_layer=True, add_linear_after_GMP=True, add_z_struct_bottleneck=False, alpha=32, batch_size=250, beta=1.0, beta1=0.9, beta2=0.999, big_kernel=False, big_kernel_size=8, binary_chain=False, binary_first_conv=False, binary_second_conv=False, binary_third_conv=True, binary_z=True, ckpt_dir='checkpoints_CNN', ckpt_dir_scores='checkpoint_scores_CNN', classif_layer_size=30, contrastive_loss=False, cuda=True, dataset='mnist', dataset_balanced=True, decoder_first_dense=36, decoder_kernel_size_1=4, decoder_kernel_size_2=3, decoder_kernel_size_3=4, decoder_n_filter_1=64, decoder_n_filter_2=64, decoder_n_filter_3=64, decoder_stride_1=2, decoder_stride_2=2, decoder_stride_3=1, diff_var=False, display_step=10000, dset_dir='data', encoder_struct_name='mnist_struct_baseline_scheduler_binary_15', encoder_var_name='None', exp_name='mnist_VAE_s15_v25_SE', freeze_Encoder=True, gamma=1000, gpu_devices=[0], hidden_filters_layer1=64, hidden_filters_layer2=64, hidden_filters_layer3=64, image_size=64, intra_class_variance_loss=False, is_C=True, is_E1=False, is_VAE=True, is_VAE_var=False, is_binary_structural_latent=False, is_custom_model=False, is_custom_model_BK=False, is_default_model=False, is_encoder_struct=False, is_noise_stats=False, is_partial_rand_class=False, is_perturbed_score=False, is_zvar_sim_loss=False, just_train=False, kernel_size=4, kernel_size_1=4, kernel_size_2=4, kernel_size_3=4, lambda_BCE=1.0, lambda_Kl_struct=1, lambda_Kl_var=1, lambda_L1=0.01, lambda_VAE=1, lambda_class=1, lambda_contrastive_loss=1, lambda_distance_mean=1, lambda_hmg_dst=1, lambda_intra_class_var=1, lambda_partial_class=1, lambda_ratio_reg=1, lambda_recon_wt_rand=1, lambda_recons=1, lambda_uniq_code_dst=1, lambda_var_distance=1, lambda_var_inter=1, lambda_var_intra=1, lambda_zvar_sim=1, latent_spec_cont=None, latent_spec_cont_class=None, latent_spec_cont_var=None, latent_spec_disc=None, latent_spec_disc_class=None, latent_spec_disc_var=None, log_level='info', loss='Proxy_Anchor', loss_distance_mean=False, loss_min_distance_cl=False, lr=0.001, max_epoch_use_uniq_code_target=5, max_iter=100.0, model='CNN', mrg=0.1, nb_epochs_train_only_zvar=0, num_workers=2, old_weighted=False, optimizer='adamw', other_architecture=False, other_ratio=False, random_percentage=0.2, random_seed=10, randomness=True, ratio_reg=False, remark='', save_step=10000, second_layer_C=False, seed=1, stride_size=1, sz_embedding=5, three_conv_layer=True, train=True, train_var_struct_alternatively=False, two_conv_layer=True, two_encoder=False, uniq_code_dst_loss=False, use_VAE=False, use_decoder=False, use_early_stopping=True, use_scheduler=True, use_small_lr_encoder_var=False, use_structural_encoder=False, value_target_distance_mean=1, var_hidden_dim=256, var_hidden_filters_1=32, var_hidden_filters_2=32, var_hidden_filters_3=32, var_kernel_size_1=3, var_kernel_size_2=3, var_kernel_size_3=3, var_second_cnn_block=False, var_stride_size_1=1, var_stride_size_2=1, var_stride_size_3=1, var_third_cnn_block=False, var_three_conv_layer=False, warm=1, without_acc=False, z_struct_size=15, z_var_size=25, zeros_W_Classif=False, zvar_sim_change_zvar=False, zvar_sim_loss_for_all_model=False, zvar_sim_loss_only_for_encoder=False, zvar_sim_normal=False, zvar_sim_var_rand=False)
CUDA Visible devices !
[Using Seed: 10]
Balanced dataset loaded
=> no checkpoint found at 'checkpoints_CNN/mnist_VAE_s15_v25_SE/last'
VAE doesn't exist but encoder struct yes ! load struct encoder weighs !
use 1 gpu who named: Tesla V100-SXM2-32GB
Weighs loaded for struct encoder !
VAE(
  (encoder_struct): Sequential(
    (0): Conv2d(1, 64, kernel_size=(8, 8), stride=(1, 1))
    (1): BatchNorm2d(64, eps=1e-05, momentum=0.1, affine=True, track_running_stats=True)
    (2): ReLU(inplace=True)
    (3): Conv2d(64, 64, kernel_size=(4, 4), stride=(1, 1))
    (4): BatchNorm2d(64, eps=1e-05, momentum=0.1, affine=True, track_running_stats=True)
    (5): ReLU(inplace=True)
    (6): Conv2d(64, 15, kernel_size=(4, 4), stride=(1, 1))
    (7): DeterministicBinaryActivation(
      (act): Hardsigmoid(
        (act): Hardtanh(min_val=-1.0, max_val=1.0)
      )
    )
    (8): AdaptiveMaxPool2d(output_size=(1, 1))
    (9): View()
  )
  (encoder_var): Sequential(
    (0): Conv2d(1, 32, kernel_size=(3, 3), stride=(1, 1))
    (1): ReLU(inplace=True)
    (2): BatchNorm2d(32, eps=1e-05, momentum=0.1, affine=True, track_running_stats=True)
    (3): Conv2d(32, 32, kernel_size=(3, 3), stride=(1, 1))
    (4): ReLU(inplace=True)
    (5): BatchNorm2d(32, eps=1e-05, momentum=0.1, affine=True, track_running_stats=True)
    (6): Conv2d(32, 32, kernel_size=(5, 5), stride=(2, 2), padding=(2, 2))
    (7): ReLU(inplace=True)
    (8): BatchNorm2d(32, eps=1e-05, momentum=0.1, affine=True, track_running_stats=True)
    (9): Dropout(p=0.4, inplace=False)
    (10): View()
    (11): Linear(in_features=6272, out_features=50, bias=True)
  )
  (decoder): Sequential(
    (0): Linear(in_features=40, out_features=6272, bias=True)
    (1): ReLU(inplace=True)
    (2): View()
    (3): ConvTranspose2d(32, 32, kernel_size=(4, 4), stride=(2, 2), padding=(1, 1))
    (4): ReLU(inplace=True)
    (5): ConvTranspose2d(32, 32, kernel_size=(3, 3), stride=(1, 1))
    (6): ReLU(inplace=True)
    (7): ConvTranspose2d(32, 1, kernel_size=(3, 3), stride=(1, 1))
    (8): Sigmoid()
  )
)
The number of parameters of model is 717538
=> saved checkpoint 'checkpoints_CNN/mnist_VAE_s15_v25_SE/last' (iter 270, epoch 1.0)
=> saved checkpoint 'checkpoint_scores_CNN/mnist_VAE_s15_v25_SE/last' (iter 270, epoch 1.0)
[Save Checkpoint] epoch: [1.0], Train: total:127.14610, BCE:1.93161, KLD:125.21457,Test: total:518.26221, BCE:2.09188, KLD:516.17035
=> saved checkpoint 'checkpoints_CNN/mnist_VAE_s15_v25_SE/last' (iter 540, epoch 2.0)
=> saved checkpoint 'checkpoint_scores_CNN/mnist_VAE_s15_v25_SE/last' (iter 540, epoch 2.0)
[Save Checkpoint] epoch: [2.0], Train: total:31.06212, BCE:2.27618, KLD:28.78595,Test: total:125.30479, BCE:2.46034, KLD:122.84444
=> saved checkpoint 'checkpoints_CNN/mnist_VAE_s15_v25_SE/last' (iter 810, epoch 3.0)
=> saved checkpoint 'checkpoint_scores_CNN/mnist_VAE_s15_v25_SE/last' (iter 810, epoch 3.0)
[Save Checkpoint] epoch: [3.0], Train: total:39.86391, BCE:2.47734, KLD:37.38659,Test: total:164.75439, BCE:2.67139, KLD:162.08299
=> saved checkpoint 'checkpoints_CNN/mnist_VAE_s15_v25_SE/last' (iter 1080, epoch 4.0)
=> saved checkpoint 'checkpoint_scores_CNN/mnist_VAE_s15_v25_SE/last' (iter 1080, epoch 4.0)
[Save Checkpoint] epoch: [4.0], Train: total:16.38293, BCE:2.55624, KLD:13.82669,Test: total:61.16743, BCE:2.73925, KLD:58.42819
=> saved checkpoint 'checkpoints_CNN/mnist_VAE_s15_v25_SE/last' (iter 1350, epoch 5.0)
=> saved checkpoint 'checkpoint_scores_CNN/mnist_VAE_s15_v25_SE/last' (iter 1350, epoch 5.0)
[Save Checkpoint] epoch: [5.0], Train: total:6.42591, BCE:2.66238, KLD:3.76353,Test: total:18.77065, BCE:2.86350, KLD:15.90715
=> saved checkpoint 'checkpoints_CNN/mnist_VAE_s15_v25_SE/last' (iter 1620, epoch 6.0)
=> saved checkpoint 'checkpoint_scores_CNN/mnist_VAE_s15_v25_SE/last' (iter 1620, epoch 6.0)
[Save Checkpoint] epoch: [6.0], Train: total:6.18953, BCE:2.77648, KLD:3.41305,Test: total:17.67812, BCE:2.98948, KLD:14.68865
=> saved checkpoint 'checkpoints_CNN/mnist_VAE_s15_v25_SE/last' (iter 1890, epoch 7.0)
=> saved checkpoint 'checkpoint_scores_CNN/mnist_VAE_s15_v25_SE/last' (iter 1890, epoch 7.0)
EarlyStopping counter: 1 out of 25
[Save Checkpoint] epoch: [7.0], Train: total:8.22620, BCE:2.79708, KLD:5.42911,Test: total:25.75013, BCE:3.01628, KLD:22.73385
=> saved checkpoint 'checkpoints_CNN/mnist_VAE_s15_v25_SE/last' (iter 2160, epoch 8.0)
=> saved checkpoint 'checkpoint_scores_CNN/mnist_VAE_s15_v25_SE/last' (iter 2160, epoch 8.0)
EarlyStopping counter: 2 out of 25
[Save Checkpoint] epoch: [8.0], Train: total:7.18713, BCE:2.86901, KLD:4.31812,Test: total:21.84392, BCE:3.09310, KLD:18.75083
Epoch     9: reducing learning rate of group 0 to 2.0000e-04.
=> saved checkpoint 'checkpoints_CNN/mnist_VAE_s15_v25_SE/last' (iter 2430, epoch 9.0)
=> saved checkpoint 'checkpoint_scores_CNN/mnist_VAE_s15_v25_SE/last' (iter 2430, epoch 9.0)
EarlyStopping counter: 3 out of 25
[Save Checkpoint] epoch: [9.0], Train: total:11.97230, BCE:2.95981, KLD:9.01250,Test: total:41.56817, BCE:3.18002, KLD:38.38815
=> saved checkpoint 'checkpoints_CNN/mnist_VAE_s15_v25_SE/last' (iter 2700, epoch 10.0)
=> saved checkpoint 'checkpoint_scores_CNN/mnist_VAE_s15_v25_SE/last' (iter 2700, epoch 10.0)
[Save Checkpoint] epoch: [10.0], Train: total:3.17276, BCE:2.94957, KLD:0.22319,Test: total:4.25730, BCE:3.16800, KLD:1.08931
=> saved checkpoint 'checkpoints_CNN/mnist_VAE_s15_v25_SE/last' (iter 2970, epoch 11.0)
=> saved checkpoint 'checkpoint_scores_CNN/mnist_VAE_s15_v25_SE/last' (iter 2970, epoch 11.0)
[Save Checkpoint] epoch: [11.0], Train: total:3.11135, BCE:2.96318, KLD:0.14818,Test: total:3.92915, BCE:3.17209, KLD:0.75705
=> saved checkpoint 'checkpoints_CNN/mnist_VAE_s15_v25_SE/last' (iter 3240, epoch 12.0)
=> saved checkpoint 'checkpoint_scores_CNN/mnist_VAE_s15_v25_SE/last' (iter 3240, epoch 12.0)
[Save Checkpoint] epoch: [12.0], Train: total:3.09883, BCE:2.97100, KLD:0.12783,Test: total:3.86074, BCE:3.19706, KLD:0.66368
=> saved checkpoint 'checkpoints_CNN/mnist_VAE_s15_v25_SE/last' (iter 3510, epoch 13.0)
=> saved checkpoint 'checkpoint_scores_CNN/mnist_VAE_s15_v25_SE/last' (iter 3510, epoch 13.0)
[Save Checkpoint] epoch: [13.0], Train: total:3.11052, BCE:2.99455, KLD:0.11597,Test: total:3.80259, BCE:3.19916, KLD:0.60343
=> saved checkpoint 'checkpoints_CNN/mnist_VAE_s15_v25_SE/last' (iter 3780, epoch 14.0)
=> saved checkpoint 'checkpoint_scores_CNN/mnist_VAE_s15_v25_SE/last' (iter 3780, epoch 14.0)
[Save Checkpoint] epoch: [14.0], Train: total:3.12089, BCE:3.01066, KLD:0.11023,Test: total:3.79072, BCE:3.22373, KLD:0.56699
Epoch    15: reducing learning rate of group 0 to 4.0000e-05.
=> saved checkpoint 'checkpoints_CNN/mnist_VAE_s15_v25_SE/last' (iter 4050, epoch 15.0)
=> saved checkpoint 'checkpoint_scores_CNN/mnist_VAE_s15_v25_SE/last' (iter 4050, epoch 15.0)
[Save Checkpoint] epoch: [15.0], Train: total:3.14055, BCE:3.03015, KLD:0.11040,Test: total:3.80867, BCE:3.24567, KLD:0.56300
=> saved checkpoint 'checkpoints_CNN/mnist_VAE_s15_v25_SE/last' (iter 4320, epoch 16.0)
=> saved checkpoint 'checkpoint_scores_CNN/mnist_VAE_s15_v25_SE/last' (iter 4320, epoch 16.0)
[Save Checkpoint] epoch: [16.0], Train: total:3.09823, BCE:3.03257, KLD:0.06566,Test: total:3.62143, BCE:3.24687, KLD:0.37455
=> saved checkpoint 'checkpoints_CNN/mnist_VAE_s15_v25_SE/last' (iter 4590, epoch 17.0)
=> saved checkpoint 'checkpoint_scores_CNN/mnist_VAE_s15_v25_SE/last' (iter 4590, epoch 17.0)
[Save Checkpoint] epoch: [17.0], Train: total:3.10013, BCE:3.03702, KLD:0.06311,Test: total:3.62807, BCE:3.26552, KLD:0.36255
=> saved checkpoint 'checkpoints_CNN/mnist_VAE_s15_v25_SE/last' (iter 4860, epoch 18.0)
=> saved checkpoint 'checkpoint_scores_CNN/mnist_VAE_s15_v25_SE/last' (iter 4860, epoch 18.0)
[Save Checkpoint] epoch: [18.0], Train: total:3.11047, BCE:3.04794, KLD:0.06253,Test: total:3.61531, BCE:3.25773, KLD:0.35757
=> saved checkpoint 'checkpoints_CNN/mnist_VAE_s15_v25_SE/last' (iter 5130, epoch 19.0)
=> saved checkpoint 'checkpoint_scores_CNN/mnist_VAE_s15_v25_SE/last' (iter 5130, epoch 19.0)
[Save Checkpoint] epoch: [19.0], Train: total:3.11322, BCE:3.05136, KLD:0.06187,Test: total:3.62096, BCE:3.26607, KLD:0.35490
Epoch    20: reducing learning rate of group 0 to 8.0000e-06.
=> saved checkpoint 'checkpoints_CNN/mnist_VAE_s15_v25_SE/last' (iter 5400, epoch 20.0)
=> saved checkpoint 'checkpoint_scores_CNN/mnist_VAE_s15_v25_SE/last' (iter 5400, epoch 20.0)
[Save Checkpoint] epoch: [20.0], Train: total:3.11848, BCE:3.05852, KLD:0.05995,Test: total:3.62109, BCE:3.27571, KLD:0.34538
=> saved checkpoint 'checkpoints_CNN/mnist_VAE_s15_v25_SE/last' (iter 5670, epoch 21.0)
=> saved checkpoint 'checkpoint_scores_CNN/mnist_VAE_s15_v25_SE/last' (iter 5670, epoch 21.0)
[Save Checkpoint] epoch: [21.0], Train: total:3.10702, BCE:3.05610, KLD:0.05092,Test: total:3.60402, BCE:3.29796, KLD:0.30606
=> saved checkpoint 'checkpoints_CNN/mnist_VAE_s15_v25_SE/last' (iter 5940, epoch 22.0)
=> saved checkpoint 'checkpoint_scores_CNN/mnist_VAE_s15_v25_SE/last' (iter 5940, epoch 22.0)
EarlyStopping counter: 1 out of 25
[Save Checkpoint] epoch: [22.0], Train: total:3.11375, BCE:3.06345, KLD:0.05030,Test: total:3.58833, BCE:3.28555, KLD:0.30278
=> saved checkpoint 'checkpoints_CNN/mnist_VAE_s15_v25_SE/last' (iter 6210, epoch 23.0)
=> saved checkpoint 'checkpoint_scores_CNN/mnist_VAE_s15_v25_SE/last' (iter 6210, epoch 23.0)
[Save Checkpoint] epoch: [23.0], Train: total:3.11944, BCE:3.06928, KLD:0.05015,Test: total:3.58145, BCE:3.27924, KLD:0.30220
=> saved checkpoint 'checkpoints_CNN/mnist_VAE_s15_v25_SE/last' (iter 6480, epoch 24.0)
=> saved checkpoint 'checkpoint_scores_CNN/mnist_VAE_s15_v25_SE/last' (iter 6480, epoch 24.0)
[Save Checkpoint] epoch: [24.0], Train: total:3.11316, BCE:3.06354, KLD:0.04962,Test: total:3.57657, BCE:3.27741, KLD:0.29916
Epoch    25: reducing learning rate of group 0 to 1.6000e-06.
=> saved checkpoint 'checkpoints_CNN/mnist_VAE_s15_v25_SE/last' (iter 6750, epoch 25.0)
=> saved checkpoint 'checkpoint_scores_CNN/mnist_VAE_s15_v25_SE/last' (iter 6750, epoch 25.0)
EarlyStopping counter: 1 out of 25
[Save Checkpoint] epoch: [25.0], Train: total:3.11578, BCE:3.06633, KLD:0.04945,Test: total:3.57599, BCE:3.27846, KLD:0.29753
=> saved checkpoint 'checkpoints_CNN/mnist_VAE_s15_v25_SE/last' (iter 7020, epoch 26.0)
=> saved checkpoint 'checkpoint_scores_CNN/mnist_VAE_s15_v25_SE/last' (iter 7020, epoch 26.0)
EarlyStopping counter: 2 out of 25
[Save Checkpoint] epoch: [26.0], Train: total:3.11844, BCE:3.07158, KLD:0.04686,Test: total:3.58007, BCE:3.29321, KLD:0.28686
=> saved checkpoint 'checkpoints_CNN/mnist_VAE_s15_v25_SE/last' (iter 7290, epoch 27.0)
=> saved checkpoint 'checkpoint_scores_CNN/mnist_VAE_s15_v25_SE/last' (iter 7290, epoch 27.0)
EarlyStopping counter: 3 out of 25
[Save Checkpoint] epoch: [27.0], Train: total:3.11586, BCE:3.06939, KLD:0.04647,Test: total:3.57653, BCE:3.29128, KLD:0.28526
=> saved checkpoint 'checkpoints_CNN/mnist_VAE_s15_v25_SE/last' (iter 7560, epoch 28.0)
=> saved checkpoint 'checkpoint_scores_CNN/mnist_VAE_s15_v25_SE/last' (iter 7560, epoch 28.0)
[Save Checkpoint] epoch: [28.0], Train: total:3.12498, BCE:3.07874, KLD:0.04625,Test: total:3.57241, BCE:3.28800, KLD:0.28441
=> saved checkpoint 'checkpoints_CNN/mnist_VAE_s15_v25_SE/last' (iter 7830, epoch 29.0)
=> saved checkpoint 'checkpoint_scores_CNN/mnist_VAE_s15_v25_SE/last' (iter 7830, epoch 29.0)
[Save Checkpoint] epoch: [29.0], Train: total:3.11209, BCE:3.06610, KLD:0.04599,Test: total:3.58325, BCE:3.30013, KLD:0.28312
Epoch    30: reducing learning rate of group 0 to 1.0000e-06.
=> saved checkpoint 'checkpoints_CNN/mnist_VAE_s15_v25_SE/last' (iter 8100, epoch 30.0)
=> saved checkpoint 'checkpoint_scores_CNN/mnist_VAE_s15_v25_SE/last' (iter 8100, epoch 30.0)
EarlyStopping counter: 1 out of 25
[Save Checkpoint] epoch: [30.0], Train: total:3.12227, BCE:3.07636, KLD:0.04590,Test: total:3.58241, BCE:3.29982, KLD:0.28259
=> saved checkpoint 'checkpoints_CNN/mnist_VAE_s15_v25_SE/last' (iter 8370, epoch 31.0)
=> saved checkpoint 'checkpoint_scores_CNN/mnist_VAE_s15_v25_SE/last' (iter 8370, epoch 31.0)
EarlyStopping counter: 2 out of 25
[Save Checkpoint] epoch: [31.0], Train: total:3.11699, BCE:3.07148, KLD:0.04551,Test: total:3.56323, BCE:3.28296, KLD:0.28027
=> saved checkpoint 'checkpoints_CNN/mnist_VAE_s15_v25_SE/last' (iter 8640, epoch 32.0)
=> saved checkpoint 'checkpoint_scores_CNN/mnist_VAE_s15_v25_SE/last' (iter 8640, epoch 32.0)
EarlyStopping counter: 3 out of 25
[Save Checkpoint] epoch: [32.0], Train: total:3.11868, BCE:3.07336, KLD:0.04531,Test: total:3.56270, BCE:3.28310, KLD:0.27960
=> saved checkpoint 'checkpoints_CNN/mnist_VAE_s15_v25_SE/last' (iter 8910, epoch 33.0)
=> saved checkpoint 'checkpoint_scores_CNN/mnist_VAE_s15_v25_SE/last' (iter 8910, epoch 33.0)
[Save Checkpoint] epoch: [33.0], Train: total:3.11983, BCE:3.07473, KLD:0.04509,Test: total:3.57683, BCE:3.29887, KLD:0.27796
=> saved checkpoint 'checkpoints_CNN/mnist_VAE_s15_v25_SE/last' (iter 9180, epoch 34.0)
=> saved checkpoint 'checkpoint_scores_CNN/mnist_VAE_s15_v25_SE/last' (iter 9180, epoch 34.0)
EarlyStopping counter: 1 out of 25
[Save Checkpoint] epoch: [34.0], Train: total:3.12061, BCE:3.07570, KLD:0.04491,Test: total:3.56309, BCE:3.28608, KLD:0.27701
=> saved checkpoint 'checkpoints_CNN/mnist_VAE_s15_v25_SE/last' (iter 9450, epoch 35.0)
=> saved checkpoint 'checkpoint_scores_CNN/mnist_VAE_s15_v25_SE/last' (iter 9450, epoch 35.0)
[Save Checkpoint] epoch: [35.0], Train: total:3.12841, BCE:3.08378, KLD:0.04464,Test: total:3.58459, BCE:3.30904, KLD:0.27555
=> saved checkpoint 'checkpoints_CNN/mnist_VAE_s15_v25_SE/last' (iter 9720, epoch 36.0)
=> saved checkpoint 'checkpoint_scores_CNN/mnist_VAE_s15_v25_SE/last' (iter 9720, epoch 36.0)
[Save Checkpoint] epoch: [36.0], Train: total:3.12123, BCE:3.07679, KLD:0.04444,Test: total:3.57147, BCE:3.29712, KLD:0.27435
=> saved checkpoint 'checkpoints_CNN/mnist_VAE_s15_v25_SE/last' (iter 9990, epoch 37.0)
=> saved checkpoint 'checkpoint_scores_CNN/mnist_VAE_s15_v25_SE/last' (iter 9990, epoch 37.0)
EarlyStopping counter: 1 out of 25
[Save Checkpoint] epoch: [37.0], Train: total:3.12540, BCE:3.08126, KLD:0.04414,Test: total:3.57697, BCE:3.30397, KLD:0.27300
=> saved checkpoint 'checkpoints_CNN/mnist_VAE_s15_v25_SE/last' (iter 10260, epoch 38.0)
=> saved checkpoint 'checkpoint_scores_CNN/mnist_VAE_s15_v25_SE/last' (iter 10260, epoch 38.0)
[Save Checkpoint] epoch: [38.0], Train: total:3.11675, BCE:3.07299, KLD:0.04376,Test: total:3.57040, BCE:3.29959, KLD:0.27080
=> saved checkpoint 'checkpoints_CNN/mnist_VAE_s15_v25_SE/last' (iter 10530, epoch 39.0)
=> saved checkpoint 'checkpoint_scores_CNN/mnist_VAE_s15_v25_SE/last' (iter 10530, epoch 39.0)
[Save Checkpoint] epoch: [39.0], Train: total:3.12307, BCE:3.07957, KLD:0.04350,Test: total:3.56066, BCE:3.29112, KLD:0.26954
=> saved checkpoint 'checkpoints_CNN/mnist_VAE_s15_v25_SE/last' (iter 10800, epoch 40.0)
=> saved checkpoint 'checkpoint_scores_CNN/mnist_VAE_s15_v25_SE/last' (iter 10800, epoch 40.0)
[Save Checkpoint] epoch: [40.0], Train: total:3.12515, BCE:3.08202, KLD:0.04312,Test: total:3.57503, BCE:3.30749, KLD:0.26754
=> saved checkpoint 'checkpoints_CNN/mnist_VAE_s15_v25_SE/last' (iter 11070, epoch 41.0)
=> saved checkpoint 'checkpoint_scores_CNN/mnist_VAE_s15_v25_SE/last' (iter 11070, epoch 41.0)
EarlyStopping counter: 1 out of 25
[Save Checkpoint] epoch: [41.0], Train: total:3.13528, BCE:3.09246, KLD:0.04282,Test: total:3.56978, BCE:3.30422, KLD:0.26556
=> saved checkpoint 'checkpoints_CNN/mnist_VAE_s15_v25_SE/last' (iter 11340, epoch 42.0)
=> saved checkpoint 'checkpoint_scores_CNN/mnist_VAE_s15_v25_SE/last' (iter 11340, epoch 42.0)
EarlyStopping counter: 2 out of 25
[Save Checkpoint] epoch: [42.0], Train: total:3.13599, BCE:3.09374, KLD:0.04225,Test: total:3.56890, BCE:3.30550, KLD:0.26339
=> saved checkpoint 'checkpoints_CNN/mnist_VAE_s15_v25_SE/last' (iter 11610, epoch 43.0)
=> saved checkpoint 'checkpoint_scores_CNN/mnist_VAE_s15_v25_SE/last' (iter 11610, epoch 43.0)
EarlyStopping counter: 3 out of 25
[Save Checkpoint] epoch: [43.0], Train: total:3.13308, BCE:3.09120, KLD:0.04188,Test: total:3.58818, BCE:3.32675, KLD:0.26143
=> saved checkpoint 'checkpoints_CNN/mnist_VAE_s15_v25_SE/last' (iter 11880, epoch 44.0)
=> saved checkpoint 'checkpoint_scores_CNN/mnist_VAE_s15_v25_SE/last' (iter 11880, epoch 44.0)
EarlyStopping counter: 4 out of 25
[Save Checkpoint] epoch: [44.0], Train: total:3.13825, BCE:3.09685, KLD:0.04139,Test: total:3.56837, BCE:3.30928, KLD:0.25909
=> saved checkpoint 'checkpoints_CNN/mnist_VAE_s15_v25_SE/last' (iter 12150, epoch 45.0)
=> saved checkpoint 'checkpoint_scores_CNN/mnist_VAE_s15_v25_SE/last' (iter 12150, epoch 45.0)
EarlyStopping counter: 5 out of 25
[Save Checkpoint] epoch: [45.0], Train: total:3.14571, BCE:3.10510, KLD:0.04061,Test: total:3.56276, BCE:3.30723, KLD:0.25554
=> saved checkpoint 'checkpoints_CNN/mnist_VAE_s15_v25_SE/last' (iter 12420, epoch 46.0)
=> saved checkpoint 'checkpoint_scores_CNN/mnist_VAE_s15_v25_SE/last' (iter 12420, epoch 46.0)
EarlyStopping counter: 6 out of 25
[Save Checkpoint] epoch: [46.0], Train: total:3.14093, BCE:3.10079, KLD:0.04014,Test: total:3.58572, BCE:3.33300, KLD:0.25271
=> saved checkpoint 'checkpoints_CNN/mnist_VAE_s15_v25_SE/last' (iter 12690, epoch 47.0)
=> saved checkpoint 'checkpoint_scores_CNN/mnist_VAE_s15_v25_SE/last' (iter 12690, epoch 47.0)
EarlyStopping counter: 7 out of 25
[Save Checkpoint] epoch: [47.0], Train: total:3.15311, BCE:3.11384, KLD:0.03927,Test: total:3.59069, BCE:3.34262, KLD:0.24808
=> saved checkpoint 'checkpoints_CNN/mnist_VAE_s15_v25_SE/last' (iter 12960, epoch 48.0)
=> saved checkpoint 'checkpoint_scores_CNN/mnist_VAE_s15_v25_SE/last' (iter 12960, epoch 48.0)
EarlyStopping counter: 8 out of 25
[Save Checkpoint] epoch: [48.0], Train: total:3.15074, BCE:3.11204, KLD:0.03871,Test: total:3.59088, BCE:3.34510, KLD:0.24578
=> saved checkpoint 'checkpoints_CNN/mnist_VAE_s15_v25_SE/last' (iter 13230, epoch 49.0)
=> saved checkpoint 'checkpoint_scores_CNN/mnist_VAE_s15_v25_SE/last' (iter 13230, epoch 49.0)
EarlyStopping counter: 9 out of 25
[Save Checkpoint] epoch: [49.0], Train: total:3.15632, BCE:3.11818, KLD:0.03815,Test: total:3.58071, BCE:3.33798, KLD:0.24273
=> saved checkpoint 'checkpoints_CNN/mnist_VAE_s15_v25_SE/last' (iter 13500, epoch 50.0)
=> saved checkpoint 'checkpoint_scores_CNN/mnist_VAE_s15_v25_SE/last' (iter 13500, epoch 50.0)
EarlyStopping counter: 10 out of 25
[Save Checkpoint] epoch: [50.0], Train: total:3.16522, BCE:3.12800, KLD:0.03722,Test: total:3.59017, BCE:3.35165, KLD:0.23852
=> saved checkpoint 'checkpoints_CNN/mnist_VAE_s15_v25_SE/last' (iter 13770, epoch 51.0)
=> saved checkpoint 'checkpoint_scores_CNN/mnist_VAE_s15_v25_SE/last' (iter 13770, epoch 51.0)
EarlyStopping counter: 11 out of 25
[Save Checkpoint] epoch: [51.0], Train: total:3.17391, BCE:3.13740, KLD:0.03651,Test: total:3.60770, BCE:3.37255, KLD:0.23514
=> saved checkpoint 'checkpoints_CNN/mnist_VAE_s15_v25_SE/last' (iter 14040, epoch 52.0)
=> saved checkpoint 'checkpoint_scores_CNN/mnist_VAE_s15_v25_SE/last' (iter 14040, epoch 52.0)
[Save Checkpoint] epoch: [52.0], Train: total:3.18330, BCE:3.14766, KLD:0.03564,Test: total:3.59134, BCE:3.35969, KLD:0.23165
=> saved checkpoint 'checkpoints_CNN/mnist_VAE_s15_v25_SE/last' (iter 14310, epoch 53.0)
=> saved checkpoint 'checkpoint_scores_CNN/mnist_VAE_s15_v25_SE/last' (iter 14310, epoch 53.0)
EarlyStopping counter: 1 out of 25
[Save Checkpoint] epoch: [53.0], Train: total:3.19175, BCE:3.15674, KLD:0.03501,Test: total:3.59847, BCE:3.37049, KLD:0.22798
=> saved checkpoint 'checkpoints_CNN/mnist_VAE_s15_v25_SE/last' (iter 14580, epoch 54.0)
=> saved checkpoint 'checkpoint_scores_CNN/mnist_VAE_s15_v25_SE/last' (iter 14580, epoch 54.0)
EarlyStopping counter: 2 out of 25
[Save Checkpoint] epoch: [54.0], Train: total:3.19589, BCE:3.16175, KLD:0.03414,Test: total:3.61639, BCE:3.39256, KLD:0.22383
=> saved checkpoint 'checkpoints_CNN/mnist_VAE_s15_v25_SE/last' (iter 14850, epoch 55.0)
=> saved checkpoint 'checkpoint_scores_CNN/mnist_VAE_s15_v25_SE/last' (iter 14850, epoch 55.0)
[Save Checkpoint] epoch: [55.0], Train: total:3.20707, BCE:3.17361, KLD:0.03346,Test: total:3.62669, BCE:3.40653, KLD:0.22016
=> saved checkpoint 'checkpoints_CNN/mnist_VAE_s15_v25_SE/last' (iter 15120, epoch 56.0)
=> saved checkpoint 'checkpoint_scores_CNN/mnist_VAE_s15_v25_SE/last' (iter 15120, epoch 56.0)
[Save Checkpoint] epoch: [56.0], Train: total:3.21636, BCE:3.18366, KLD:0.03270,Test: total:3.64286, BCE:3.42721, KLD:0.21566
=> saved checkpoint 'checkpoints_CNN/mnist_VAE_s15_v25_SE/last' (iter 15390, epoch 57.0)
=> saved checkpoint 'checkpoint_scores_CNN/mnist_VAE_s15_v25_SE/last' (iter 15390, epoch 57.0)
[Save Checkpoint] epoch: [57.0], Train: total:3.22873, BCE:3.19680, KLD:0.03193,Test: total:3.64370, BCE:3.43153, KLD:0.21217
=> saved checkpoint 'checkpoints_CNN/mnist_VAE_s15_v25_SE/last' (iter 15660, epoch 58.0)
=> saved checkpoint 'checkpoint_scores_CNN/mnist_VAE_s15_v25_SE/last' (iter 15660, epoch 58.0)
EarlyStopping counter: 1 out of 25
[Save Checkpoint] epoch: [58.0], Train: total:3.24204, BCE:3.21084, KLD:0.03120,Test: total:3.65895, BCE:3.45044, KLD:0.20850
=> saved checkpoint 'checkpoints_CNN/mnist_VAE_s15_v25_SE/last' (iter 15930, epoch 59.0)
=> saved checkpoint 'checkpoint_scores_CNN/mnist_VAE_s15_v25_SE/last' (iter 15930, epoch 59.0)
[Save Checkpoint] epoch: [59.0], Train: total:3.25289, BCE:3.22235, KLD:0.03054,Test: total:3.66323, BCE:3.45829, KLD:0.20494
=> saved checkpoint 'checkpoints_CNN/mnist_VAE_s15_v25_SE/last' (iter 16200, epoch 60.0)
=> saved checkpoint 'checkpoint_scores_CNN/mnist_VAE_s15_v25_SE/last' (iter 16200, epoch 60.0)
EarlyStopping counter: 1 out of 25
[Save Checkpoint] epoch: [60.0], Train: total:3.27300, BCE:3.24325, KLD:0.02974,Test: total:3.67835, BCE:3.47756, KLD:0.20079
=> saved checkpoint 'checkpoints_CNN/mnist_VAE_s15_v25_SE/last' (iter 16470, epoch 61.0)
=> saved checkpoint 'checkpoint_scores_CNN/mnist_VAE_s15_v25_SE/last' (iter 16470, epoch 61.0)
[Save Checkpoint] epoch: [61.0], Train: total:3.28705, BCE:3.25799, KLD:0.02907,Test: total:3.69410, BCE:3.49669, KLD:0.19740
=> saved checkpoint 'checkpoints_CNN/mnist_VAE_s15_v25_SE/last' (iter 16740, epoch 62.0)
=> saved checkpoint 'checkpoint_scores_CNN/mnist_VAE_s15_v25_SE/last' (iter 16740, epoch 62.0)
[Save Checkpoint] epoch: [62.0], Train: total:3.31382, BCE:3.28551, KLD:0.02831,Test: total:3.69896, BCE:3.50499, KLD:0.19396
=> saved checkpoint 'checkpoints_CNN/mnist_VAE_s15_v25_SE/last' (iter 17010, epoch 63.0)
=> saved checkpoint 'checkpoint_scores_CNN/mnist_VAE_s15_v25_SE/last' (iter 17010, epoch 63.0)
[Save Checkpoint] epoch: [63.0], Train: total:3.31996, BCE:3.29223, KLD:0.02773,Test: total:3.72679, BCE:3.53497, KLD:0.19182
=> saved checkpoint 'checkpoints_CNN/mnist_VAE_s15_v25_SE/last' (iter 17280, epoch 64.0)
=> saved checkpoint 'checkpoint_scores_CNN/mnist_VAE_s15_v25_SE/last' (iter 17280, epoch 64.0)
[Save Checkpoint] epoch: [64.0], Train: total:3.34557, BCE:3.31860, KLD:0.02696,Test: total:3.74105, BCE:3.55362, KLD:0.18743
=> saved checkpoint 'checkpoints_CNN/mnist_VAE_s15_v25_SE/last' (iter 17550, epoch 65.0)
=> saved checkpoint 'checkpoint_scores_CNN/mnist_VAE_s15_v25_SE/last' (iter 17550, epoch 65.0)
[Save Checkpoint] epoch: [65.0], Train: total:3.36579, BCE:3.33946, KLD:0.02632,Test: total:3.74339, BCE:3.55933, KLD:0.18406
=> saved checkpoint 'checkpoints_CNN/mnist_VAE_s15_v25_SE/last' (iter 17820, epoch 66.0)
=> saved checkpoint 'checkpoint_scores_CNN/mnist_VAE_s15_v25_SE/last' (iter 17820, epoch 66.0)
[Save Checkpoint] epoch: [66.0], Train: total:3.38828, BCE:3.36258, KLD:0.02570,Test: total:3.77747, BCE:3.59670, KLD:0.18077
=> saved checkpoint 'checkpoints_CNN/mnist_VAE_s15_v25_SE/last' (iter 18090, epoch 67.0)
=> saved checkpoint 'checkpoint_scores_CNN/mnist_VAE_s15_v25_SE/last' (iter 18090, epoch 67.0)
[Save Checkpoint] epoch: [67.0], Train: total:3.40543, BCE:3.38027, KLD:0.02516,Test: total:3.80417, BCE:3.62592, KLD:0.17825
=> saved checkpoint 'checkpoints_CNN/mnist_VAE_s15_v25_SE/last' (iter 18360, epoch 68.0)
=> saved checkpoint 'checkpoint_scores_CNN/mnist_VAE_s15_v25_SE/last' (iter 18360, epoch 68.0)
EarlyStopping counter: 1 out of 25
[Save Checkpoint] epoch: [68.0], Train: total:3.43338, BCE:3.40884, KLD:0.02455,Test: total:3.81903, BCE:3.64334, KLD:0.17569
=> saved checkpoint 'checkpoints_CNN/mnist_VAE_s15_v25_SE/last' (iter 18630, epoch 69.0)
=> saved checkpoint 'checkpoint_scores_CNN/mnist_VAE_s15_v25_SE/last' (iter 18630, epoch 69.0)
[Save Checkpoint] epoch: [69.0], Train: total:3.46565, BCE:3.44164, KLD:0.02401,Test: total:3.83439, BCE:3.66207, KLD:0.17232
=> saved checkpoint 'checkpoints_CNN/mnist_VAE_s15_v25_SE/last' (iter 18900, epoch 70.0)
=> saved checkpoint 'checkpoint_scores_CNN/mnist_VAE_s15_v25_SE/last' (iter 18900, epoch 70.0)
EarlyStopping counter: 1 out of 25
[Save Checkpoint] epoch: [70.0], Train: total:3.48994, BCE:3.46658, KLD:0.02335,Test: total:3.87652, BCE:3.70720, KLD:0.16932
=> saved checkpoint 'checkpoints_CNN/mnist_VAE_s15_v25_SE/last' (iter 19170, epoch 71.0)
=> saved checkpoint 'checkpoint_scores_CNN/mnist_VAE_s15_v25_SE/last' (iter 19170, epoch 71.0)
[Save Checkpoint] epoch: [71.0], Train: total:3.52610, BCE:3.50320, KLD:0.02290,Test: total:3.89981, BCE:3.73299, KLD:0.16682
=> saved checkpoint 'checkpoints_CNN/mnist_VAE_s15_v25_SE/last' (iter 19440, epoch 72.0)
=> saved checkpoint 'checkpoint_scores_CNN/mnist_VAE_s15_v25_SE/last' (iter 19440, epoch 72.0)
[Save Checkpoint] epoch: [72.0], Train: total:3.55338, BCE:3.53109, KLD:0.02229,Test: total:3.94333, BCE:3.77947, KLD:0.16385
=> saved checkpoint 'checkpoints_CNN/mnist_VAE_s15_v25_SE/last' (iter 19710, epoch 73.0)
=> saved checkpoint 'checkpoint_scores_CNN/mnist_VAE_s15_v25_SE/last' (iter 19710, epoch 73.0)
[Save Checkpoint] epoch: [73.0], Train: total:3.57932, BCE:3.55745, KLD:0.02187,Test: total:3.96901, BCE:3.80761, KLD:0.16140
=> saved checkpoint 'checkpoints_CNN/mnist_VAE_s15_v25_SE/last' (iter 19980, epoch 74.0)
=> saved checkpoint 'checkpoint_scores_CNN/mnist_VAE_s15_v25_SE/last' (iter 19980, epoch 74.0)
EarlyStopping counter: 1 out of 25
[Save Checkpoint] epoch: [74.0], Train: total:3.61167, BCE:3.59025, KLD:0.02141,Test: total:3.99489, BCE:3.83540, KLD:0.15950
=> saved checkpoint 'checkpoints_CNN/mnist_VAE_s15_v25_SE/last' (iter 20250, epoch 75.0)
=> saved checkpoint 'checkpoint_scores_CNN/mnist_VAE_s15_v25_SE/last' (iter 20250, epoch 75.0)
EarlyStopping counter: 2 out of 25
[Save Checkpoint] epoch: [75.0], Train: total:3.64983, BCE:3.62895, KLD:0.02088,Test: total:4.01864, BCE:3.86191, KLD:0.15673
=> saved checkpoint 'checkpoints_CNN/mnist_VAE_s15_v25_SE/last' (iter 20520, epoch 76.0)
=> saved checkpoint 'checkpoint_scores_CNN/mnist_VAE_s15_v25_SE/last' (iter 20520, epoch 76.0)
[Save Checkpoint] epoch: [76.0], Train: total:3.68006, BCE:3.65963, KLD:0.02044,Test: total:4.06755, BCE:3.91317, KLD:0.15439
=> saved checkpoint 'checkpoints_CNN/mnist_VAE_s15_v25_SE/last' (iter 20790, epoch 77.0)
=> saved checkpoint 'checkpoint_scores_CNN/mnist_VAE_s15_v25_SE/last' (iter 20790, epoch 77.0)
[Save Checkpoint] epoch: [77.0], Train: total:3.71590, BCE:3.69588, KLD:0.02002,Test: total:4.11175, BCE:3.95987, KLD:0.15188
=> saved checkpoint 'checkpoints_CNN/mnist_VAE_s15_v25_SE/last' (iter 21060, epoch 78.0)
=> saved checkpoint 'checkpoint_scores_CNN/mnist_VAE_s15_v25_SE/last' (iter 21060, epoch 78.0)
[Save Checkpoint] epoch: [78.0], Train: total:3.75178, BCE:3.73216, KLD:0.01962,Test: total:4.13502, BCE:3.98517, KLD:0.14985
=> saved checkpoint 'checkpoints_CNN/mnist_VAE_s15_v25_SE/last' (iter 21330, epoch 79.0)
=> saved checkpoint 'checkpoint_scores_CNN/mnist_VAE_s15_v25_SE/last' (iter 21330, epoch 79.0)
[Save Checkpoint] epoch: [79.0], Train: total:3.78834, BCE:3.76922, KLD:0.01911,Test: total:4.15547, BCE:4.00780, KLD:0.14767
=> saved checkpoint 'checkpoints_CNN/mnist_VAE_s15_v25_SE/last' (iter 21600, epoch 80.0)
=> saved checkpoint 'checkpoint_scores_CNN/mnist_VAE_s15_v25_SE/last' (iter 21600, epoch 80.0)
[Save Checkpoint] epoch: [80.0], Train: total:3.82275, BCE:3.80408, KLD:0.01867,Test: total:4.20354, BCE:4.05812, KLD:0.14541
=> saved checkpoint 'checkpoints_CNN/mnist_VAE_s15_v25_SE/last' (iter 21870, epoch 81.0)
=> saved checkpoint 'checkpoint_scores_CNN/mnist_VAE_s15_v25_SE/last' (iter 21870, epoch 81.0)
[Save Checkpoint] epoch: [81.0], Train: total:3.87235, BCE:3.85401, KLD:0.01835,Test: total:4.25710, BCE:4.11330, KLD:0.14381
=> saved checkpoint 'checkpoints_CNN/mnist_VAE_s15_v25_SE/last' (iter 22140, epoch 82.0)
=> saved checkpoint 'checkpoint_scores_CNN/mnist_VAE_s15_v25_SE/last' (iter 22140, epoch 82.0)
[Save Checkpoint] epoch: [82.0], Train: total:3.91310, BCE:3.89510, KLD:0.01801,Test: total:4.28250, BCE:4.14113, KLD:0.14137
=> saved checkpoint 'checkpoints_CNN/mnist_VAE_s15_v25_SE/last' (iter 22410, epoch 83.0)
=> saved checkpoint 'checkpoint_scores_CNN/mnist_VAE_s15_v25_SE/last' (iter 22410, epoch 83.0)
[Save Checkpoint] epoch: [83.0], Train: total:3.95042, BCE:3.93286, KLD:0.01756,Test: total:4.33777, BCE:4.19842, KLD:0.13935
=> saved checkpoint 'checkpoints_CNN/mnist_VAE_s15_v25_SE/last' (iter 22680, epoch 84.0)
=> saved checkpoint 'checkpoint_scores_CNN/mnist_VAE_s15_v25_SE/last' (iter 22680, epoch 84.0)
EarlyStopping counter: 1 out of 25
[Save Checkpoint] epoch: [84.0], Train: total:3.99504, BCE:3.97778, KLD:0.01727,Test: total:4.36663, BCE:4.22890, KLD:0.13773
=> saved checkpoint 'checkpoints_CNN/mnist_VAE_s15_v25_SE/last' (iter 22950, epoch 85.0)
=> saved checkpoint 'checkpoint_scores_CNN/mnist_VAE_s15_v25_SE/last' (iter 22950, epoch 85.0)
EarlyStopping counter: 2 out of 25
[Save Checkpoint] epoch: [85.0], Train: total:4.03834, BCE:4.02150, KLD:0.01684,Test: total:4.40399, BCE:4.26830, KLD:0.13569
=> saved checkpoint 'checkpoints_CNN/mnist_VAE_s15_v25_SE/last' (iter 23220, epoch 86.0)
=> saved checkpoint 'checkpoint_scores_CNN/mnist_VAE_s15_v25_SE/last' (iter 23220, epoch 86.0)
[Save Checkpoint] epoch: [86.0], Train: total:4.07285, BCE:4.05635, KLD:0.01651,Test: total:4.45719, BCE:4.32384, KLD:0.13335
=> saved checkpoint 'checkpoints_CNN/mnist_VAE_s15_v25_SE/last' (iter 23490, epoch 87.0)
=> saved checkpoint 'checkpoint_scores_CNN/mnist_VAE_s15_v25_SE/last' (iter 23490, epoch 87.0)
[Save Checkpoint] epoch: [87.0], Train: total:4.12424, BCE:4.10804, KLD:0.01619,Test: total:4.50308, BCE:4.37124, KLD:0.13184
=> saved checkpoint 'checkpoints_CNN/mnist_VAE_s15_v25_SE/last' (iter 23760, epoch 88.0)
=> saved checkpoint 'checkpoint_scores_CNN/mnist_VAE_s15_v25_SE/last' (iter 23760, epoch 88.0)
EarlyStopping counter: 1 out of 25
[Save Checkpoint] epoch: [88.0], Train: total:4.16457, BCE:4.14878, KLD:0.01579,Test: total:4.57264, BCE:4.44242, KLD:0.13022
=> saved checkpoint 'checkpoints_CNN/mnist_VAE_s15_v25_SE/last' (iter 24030, epoch 89.0)
=> saved checkpoint 'checkpoint_scores_CNN/mnist_VAE_s15_v25_SE/last' (iter 24030, epoch 89.0)
EarlyStopping counter: 2 out of 25
[Save Checkpoint] epoch: [89.0], Train: total:4.21106, BCE:4.19556, KLD:0.01550,Test: total:4.58219, BCE:4.45374, KLD:0.12845
=> saved checkpoint 'checkpoints_CNN/mnist_VAE_s15_v25_SE/last' (iter 24300, epoch 90.0)
=> saved checkpoint 'checkpoint_scores_CNN/mnist_VAE_s15_v25_SE/last' (iter 24300, epoch 90.0)
[Save Checkpoint] epoch: [90.0], Train: total:4.25671, BCE:4.24159, KLD:0.01512,Test: total:4.64466, BCE:4.51795, KLD:0.12671
=> saved checkpoint 'checkpoints_CNN/mnist_VAE_s15_v25_SE/last' (iter 24570, epoch 91.0)
=> saved checkpoint 'checkpoint_scores_CNN/mnist_VAE_s15_v25_SE/last' (iter 24570, epoch 91.0)
EarlyStopping counter: 1 out of 25
[Save Checkpoint] epoch: [91.0], Train: total:4.29932, BCE:4.28439, KLD:0.01493,Test: total:4.70013, BCE:4.57451, KLD:0.12562
=> saved checkpoint 'checkpoints_CNN/mnist_VAE_s15_v25_SE/last' (iter 24840, epoch 92.0)
=> saved checkpoint 'checkpoint_scores_CNN/mnist_VAE_s15_v25_SE/last' (iter 24840, epoch 92.0)
EarlyStopping counter: 2 out of 25
[Save Checkpoint] epoch: [92.0], Train: total:4.34356, BCE:4.32898, KLD:0.01458,Test: total:4.73288, BCE:4.60895, KLD:0.12394
=> saved checkpoint 'checkpoints_CNN/mnist_VAE_s15_v25_SE/last' (iter 25110, epoch 93.0)
=> saved checkpoint 'checkpoint_scores_CNN/mnist_VAE_s15_v25_SE/last' (iter 25110, epoch 93.0)
[Save Checkpoint] epoch: [93.0], Train: total:4.39040, BCE:4.37618, KLD:0.01422,Test: total:4.77439, BCE:4.65219, KLD:0.12220
=> saved checkpoint 'checkpoints_CNN/mnist_VAE_s15_v25_SE/last' (iter 25380, epoch 94.0)
=> saved checkpoint 'checkpoint_scores_CNN/mnist_VAE_s15_v25_SE/last' (iter 25380, epoch 94.0)
[Save Checkpoint] epoch: [94.0], Train: total:4.43817, BCE:4.42418, KLD:0.01399,Test: total:4.81720, BCE:4.69629, KLD:0.12091
=> saved checkpoint 'checkpoints_CNN/mnist_VAE_s15_v25_SE/last' (iter 25650, epoch 95.0)
=> saved checkpoint 'checkpoint_scores_CNN/mnist_VAE_s15_v25_SE/last' (iter 25650, epoch 95.0)
[Save Checkpoint] epoch: [95.0], Train: total:4.48071, BCE:4.46703, KLD:0.01368,Test: total:4.85458, BCE:4.73523, KLD:0.11934
=> saved checkpoint 'checkpoints_CNN/mnist_VAE_s15_v25_SE/last' (iter 25920, epoch 96.0)
=> saved checkpoint 'checkpoint_scores_CNN/mnist_VAE_s15_v25_SE/last' (iter 25920, epoch 96.0)
[Save Checkpoint] epoch: [96.0], Train: total:4.52844, BCE:4.51504, KLD:0.01340,Test: total:4.90854, BCE:4.79047, KLD:0.11807
=> saved checkpoint 'checkpoints_CNN/mnist_VAE_s15_v25_SE/last' (iter 26190, epoch 97.0)
=> saved checkpoint 'checkpoint_scores_CNN/mnist_VAE_s15_v25_SE/last' (iter 26190, epoch 97.0)
[Save Checkpoint] epoch: [97.0], Train: total:4.56918, BCE:4.55596, KLD:0.01322,Test: total:4.94316, BCE:4.82649, KLD:0.11667
=> saved checkpoint 'checkpoints_CNN/mnist_VAE_s15_v25_SE/last' (iter 26460, epoch 98.0)
=> saved checkpoint 'checkpoint_scores_CNN/mnist_VAE_s15_v25_SE/last' (iter 26460, epoch 98.0)
[Save Checkpoint] epoch: [98.0], Train: total:4.61463, BCE:4.60167, KLD:0.01296,Test: total:4.99208, BCE:4.87667, KLD:0.11540
=> saved checkpoint 'checkpoints_CNN/mnist_VAE_s15_v25_SE/last' (iter 26730, epoch 99.0)
=> saved checkpoint 'checkpoint_scores_CNN/mnist_VAE_s15_v25_SE/last' (iter 26730, epoch 99.0)
[Save Checkpoint] epoch: [99.0], Train: total:4.65570, BCE:4.64307, KLD:0.01263,Test: total:5.05379, BCE:4.94013, KLD:0.11366
=> saved checkpoint 'checkpoints_CNN/mnist_VAE_s15_v25_SE/last' (iter 27000, epoch 100.0)
=> saved checkpoint 'checkpoint_scores_CNN/mnist_VAE_s15_v25_SE/last' (iter 27000, epoch 100.0)
[Save Checkpoint] epoch: [100.0], Train: total:4.69839, BCE:4.68605, KLD:0.01234,Test: total:5.10014, BCE:4.98729, KLD:0.11285
[Training Finished]
All done !
