27
--gpu_devices 0 --max_iter 100 --batch_size 250 --use_scheduler True --lr 1e-3 --GMP True --z_struct_size 10 --is_VAE True --is_encoder_struct False --lambda_BCE 1 --beta 1 --big_kernel_size 8 --two_conv_layer True --three_conv_layer True --kernel_size_1 4 --kernel_size_2 4 --kernel_size_3 4 --BK_in_first_layer True --BK_in_second_layer False --BK_in_third_layer False --stride_size 1 --hidden_filters_layer1 64 --hidden_filters_layer2 64 --hidden_filters_layer3 64 --dataset_balanced True --binary_z True --binary_first_conv False --binary_second_conv False --binary_third_conv True --z_var_size 30 --z_struct_size 10 --use_small_lr_encoder_var True --encoder_var_name mnist_vae_var_2cb_30 --encoder_struct_name mnist_struct_baseline_scheduler_binary_10 --both_decoders_freeze True --freeze_Encoder True --exp_name mnist_VAE_s10_v30_BF
Namespace(BK_in_first_layer=True, BK_in_second_layer=False, BK_in_third_layer=False, BN=False, C_max=25, C_stop_iter=100000.0, E1_AE=False, E1_VAE=False, E1_conv=False, E1_dense=False, E1_second_conv=False, E1_second_conv_adapt=False, GMP=True, Hmg_dst_loss=False, IPC=False, L1_norm_act=False, L1_norm_weights=False, L3_without_random=False, LOG_DIR='logs', adapt_lr=False, add_classification_layer=True, add_linear_after_GMP=True, add_z_struct_bottleneck=False, alpha=32, batch_size=250, beta=1.0, beta1=0.9, beta2=0.999, big_kernel=False, big_kernel_size=8, binary_chain=False, binary_first_conv=False, binary_second_conv=False, binary_third_conv=True, binary_z=True, both_decoders_freeze=True, ckpt_dir='checkpoints_CNN', ckpt_dir_scores='checkpoint_scores_CNN', classif_layer_size=30, contrastive_loss=False, cuda=True, dataset='mnist', dataset_balanced=True, decoder_first_dense=36, decoder_kernel_size_1=4, decoder_kernel_size_2=3, decoder_kernel_size_3=4, decoder_n_filter_1=64, decoder_n_filter_2=64, decoder_n_filter_3=64, decoder_stride_1=2, decoder_stride_2=2, decoder_stride_3=1, diff_var=False, display_step=10000, dset_dir='data', encoder_struct_name='mnist_struct_baseline_scheduler_binary_10', encoder_var_name='mnist_vae_var_2cb_30', exp_name='mnist_VAE_s10_v30_BF', freeze_Encoder=True, gamma=1000, gpu_devices=[0], hidden_filters_layer1=64, hidden_filters_layer2=64, hidden_filters_layer3=64, image_size=64, intra_class_variance_loss=False, is_C=True, is_E1=False, is_VAE=True, is_VAE_var=False, is_binary_structural_latent=False, is_custom_model=False, is_custom_model_BK=False, is_default_model=False, is_encoder_struct=False, is_noise_stats=False, is_partial_rand_class=False, is_perturbed_score=False, is_zvar_sim_loss=False, just_train=False, kernel_size=4, kernel_size_1=4, kernel_size_2=4, kernel_size_3=4, lambda_BCE=1.0, lambda_Kl_struct=1, lambda_Kl_var=1, lambda_L1=0.01, lambda_VAE=1, lambda_class=1, lambda_contrastive_loss=1, lambda_distance_mean=1, lambda_hmg_dst=1, lambda_intra_class_var=1, lambda_partial_class=1, lambda_ratio_reg=1, lambda_recon_wt_rand=1, lambda_recons=1, lambda_uniq_code_dst=1, lambda_var_distance=1, lambda_var_inter=1, lambda_var_intra=1, lambda_zvar_sim=1, latent_spec_cont=None, latent_spec_cont_class=None, latent_spec_cont_var=None, latent_spec_disc=None, latent_spec_disc_class=None, latent_spec_disc_var=None, log_level='info', loss='Proxy_Anchor', loss_distance_mean=False, loss_min_distance_cl=False, lr=0.001, max_epoch_use_uniq_code_target=5, max_iter=100.0, model='CNN', mrg=0.1, nb_epochs_train_only_zvar=0, num_workers=2, old_weighted=False, optimizer='adamw', other_architecture=False, other_ratio=False, random_percentage=0.2, random_seed=10, randomness=True, ratio_reg=False, remark='', save_step=10000, second_layer_C=False, seed=1, stride_size=1, sz_embedding=5, three_conv_layer=True, train=True, train_var_struct_alternatively=False, two_conv_layer=True, two_encoder=False, uniq_code_dst_loss=False, use_VAE=False, use_decoder=False, use_early_stopping=True, use_scheduler=True, use_small_lr_encoder_var=True, use_structural_encoder=False, value_target_distance_mean=1, var_hidden_dim=256, var_hidden_filters_1=32, var_hidden_filters_2=32, var_hidden_filters_3=32, var_kernel_size_1=3, var_kernel_size_2=3, var_kernel_size_3=3, var_second_cnn_block=True, var_stride_size_1=1, var_stride_size_2=1, var_stride_size_3=1, var_third_cnn_block=False, var_three_conv_layer=False, warm=1, without_acc=False, z_struct_size=10, z_var_size=30, zeros_W_Classif=False, zvar_sim_change_zvar=False, zvar_sim_loss_for_all_model=False, zvar_sim_loss_only_for_encoder=False, zvar_sim_normal=False, zvar_sim_var_rand=False)
CUDA Visible devices !
[Using Seed: 10]
Balanced dataset loaded
VAE doesn't exist but encoder var yes ! load var encoder weighs !
=> loaded checkpoint 'checkpoints_CNN/mnist_vae_var_2cb_30/last (iter 69375)'
Weighs loaded for var encoder !
VAE doesn't exist but encoder struct yes ! load struct encoder weighs !
=> loaded checkpoint 'checkpoints_CNN/mnist_struct_baseline_scheduler_binary_10/last (iter 20790)'
Weighs loaded for struct encoder !
use 1 gpu who named: Tesla V100-SXM2-32GB
VAE(
  (encoder_struct): Sequential(
    (0): Conv2d(1, 64, kernel_size=(8, 8), stride=(1, 1))
    (1): BatchNorm2d(64, eps=1e-05, momentum=0.1, affine=True, track_running_stats=True)
    (2): ReLU(inplace=True)
    (3): Conv2d(64, 64, kernel_size=(4, 4), stride=(1, 1))
    (4): BatchNorm2d(64, eps=1e-05, momentum=0.1, affine=True, track_running_stats=True)
    (5): ReLU(inplace=True)
    (6): Conv2d(64, 10, kernel_size=(4, 4), stride=(1, 1))
    (7): DeterministicBinaryActivation(
      (act): Hardsigmoid(
        (act): Hardtanh(min_val=-1.0, max_val=1.0)
      )
    )
    (8): AdaptiveMaxPool2d(output_size=(1, 1))
    (9): View()
  )
  (encoder_var): Sequential(
    (0): Conv2d(1, 32, kernel_size=(3, 3), stride=(1, 1))
    (1): ReLU(inplace=True)
    (2): BatchNorm2d(32, eps=1e-05, momentum=0.1, affine=True, track_running_stats=True)
    (3): Conv2d(32, 32, kernel_size=(3, 3), stride=(1, 1))
    (4): ReLU(inplace=True)
    (5): BatchNorm2d(32, eps=1e-05, momentum=0.1, affine=True, track_running_stats=True)
    (6): Conv2d(32, 32, kernel_size=(5, 5), stride=(2, 2), padding=(2, 2))
    (7): ReLU(inplace=True)
    (8): BatchNorm2d(32, eps=1e-05, momentum=0.1, affine=True, track_running_stats=True)
    (9): Dropout(p=0.4, inplace=False)
    (10): Conv2d(32, 64, kernel_size=(3, 3), stride=(1, 1))
    (11): ReLU(inplace=True)
    (12): BatchNorm2d(64, eps=1e-05, momentum=0.1, affine=True, track_running_stats=True)
    (13): Conv2d(64, 64, kernel_size=(3, 3), stride=(1, 1))
    (14): ReLU(inplace=True)
    (15): BatchNorm2d(64, eps=1e-05, momentum=0.1, affine=True, track_running_stats=True)
    (16): Conv2d(64, 64, kernel_size=(5, 5), stride=(2, 2), padding=(2, 2))
    (17): ReLU(inplace=True)
    (18): BatchNorm2d(64, eps=1e-05, momentum=0.1, affine=True, track_running_stats=True)
    (19): Dropout(p=0.4, inplace=False)
    (20): View()
    (21): Linear(in_features=1600, out_features=60, bias=True)
  )
  (decoder): Sequential(
    (0): Linear(in_features=40, out_features=1600, bias=True)
    (1): ReLU(inplace=True)
    (2): View()
    (3): ConvTranspose2d(64, 64, kernel_size=(4, 4), stride=(2, 2), padding=(1, 1))
    (4): ReLU(inplace=True)
    (5): ConvTranspose2d(64, 64, kernel_size=(3, 3), stride=(1, 1))
    (6): ReLU(inplace=True)
    (7): ConvTranspose2d(64, 32, kernel_size=(3, 3), stride=(1, 1))
    (8): ReLU(inplace=True)
    (9): ConvTranspose2d(32, 32, kernel_size=(4, 4), stride=(2, 2), padding=(1, 1))
    (10): ReLU(inplace=True)
    (11): ConvTranspose2d(32, 32, kernel_size=(3, 3), stride=(1, 1))
    (12): ReLU(inplace=True)
    (13): ConvTranspose2d(32, 1, kernel_size=(3, 3), stride=(1, 1))
    (14): Sigmoid()
  )
)
The number of parameters of model is 582535
use smaller lr for encoder var !
=> saved checkpoint 'checkpoints_CNN/mnist_VAE_s10_v30_BF/last' (iter 270, epoch 1.0)
=> saved checkpoint 'checkpoint_scores_CNN/mnist_VAE_s10_v30_BF/last' (iter 270, epoch 1.0)
[Save Checkpoint] epoch: [1.0], Train: total:7466.06543, BCE:-18.45810, KLD:7484.52539,Test: total:29582.87500, BCE:-18.54840, KLD:29601.41992
=> saved checkpoint 'checkpoints_CNN/mnist_VAE_s10_v30_BF/last' (iter 540, epoch 2.0)
=> saved checkpoint 'checkpoint_scores_CNN/mnist_VAE_s10_v30_BF/last' (iter 540, epoch 2.0)
[Save Checkpoint] epoch: [2.0], Train: total:7465.45312, BCE:-19.06570, KLD:7484.51416,Test: total:29582.24023, BCE:-19.14141, KLD:29601.38477
=> saved checkpoint 'checkpoints_CNN/mnist_VAE_s10_v30_BF/last' (iter 810, epoch 3.0)
=> saved checkpoint 'checkpoint_scores_CNN/mnist_VAE_s10_v30_BF/last' (iter 810, epoch 3.0)
[Save Checkpoint] epoch: [3.0], Train: total:7468.70654, BCE:-17.93679, KLD:7486.64453,Test: total:29591.75000, BCE:-18.03369, KLD:29609.78516
=> saved checkpoint 'checkpoints_CNN/mnist_VAE_s10_v30_BF/last' (iter 1080, epoch 4.0)
=> saved checkpoint 'checkpoint_scores_CNN/mnist_VAE_s10_v30_BF/last' (iter 1080, epoch 4.0)
[Save Checkpoint] epoch: [4.0], Train: total:7467.10889, BCE:-18.48360, KLD:7485.58887,Test: total:29586.98438, BCE:-18.62301, KLD:29605.60742
=> saved checkpoint 'checkpoints_CNN/mnist_VAE_s10_v30_BF/last' (iter 1350, epoch 5.0)
=> saved checkpoint 'checkpoint_scores_CNN/mnist_VAE_s10_v30_BF/last' (iter 1350, epoch 5.0)
[Save Checkpoint] epoch: [5.0], Train: total:7467.38379, BCE:-18.27579, KLD:7485.66260,Test: total:29587.33203, BCE:-18.42955, KLD:29605.76367
=> saved checkpoint 'checkpoints_CNN/mnist_VAE_s10_v30_BF/last' (iter 1620, epoch 6.0)
=> saved checkpoint 'checkpoint_scores_CNN/mnist_VAE_s10_v30_BF/last' (iter 1620, epoch 6.0)
[Save Checkpoint] epoch: [6.0], Train: total:7467.26953, BCE:-17.87271, KLD:7485.14209,Test: total:29585.73828, BCE:-18.03587, KLD:29603.77539
=> saved checkpoint 'checkpoints_CNN/mnist_VAE_s10_v30_BF/last' (iter 1890, epoch 7.0)
=> saved checkpoint 'checkpoint_scores_CNN/mnist_VAE_s10_v30_BF/last' (iter 1890, epoch 7.0)
[Save Checkpoint] epoch: [7.0], Train: total:7466.44141, BCE:-17.66665, KLD:7484.10547,Test: total:29581.87891, BCE:-17.89624, KLD:29599.77930
=> saved checkpoint 'checkpoints_CNN/mnist_VAE_s10_v30_BF/last' (iter 2160, epoch 8.0)
=> saved checkpoint 'checkpoint_scores_CNN/mnist_VAE_s10_v30_BF/last' (iter 2160, epoch 8.0)
[Save Checkpoint] epoch: [8.0], Train: total:7466.42041, BCE:-17.67474, KLD:7484.09326,Test: total:29581.70703, BCE:-17.93656, KLD:29599.64062
=> saved checkpoint 'checkpoints_CNN/mnist_VAE_s10_v30_BF/last' (iter 2430, epoch 9.0)
=> saved checkpoint 'checkpoint_scores_CNN/mnist_VAE_s10_v30_BF/last' (iter 2430, epoch 9.0)
[Save Checkpoint] epoch: [9.0], Train: total:7468.65674, BCE:-17.03804, KLD:7485.69580,Test: total:29588.63086, BCE:-17.31408, KLD:29605.94336
=> saved checkpoint 'checkpoints_CNN/mnist_VAE_s10_v30_BF/last' (iter 2700, epoch 10.0)
=> saved checkpoint 'checkpoint_scores_CNN/mnist_VAE_s10_v30_BF/last' (iter 2700, epoch 10.0)
[Save Checkpoint] epoch: [10.0], Train: total:7465.98828, BCE:-17.71995, KLD:7483.70703,Test: total:29580.09961, BCE:-18.01582, KLD:29598.11328
=> saved checkpoint 'checkpoints_CNN/mnist_VAE_s10_v30_BF/last' (iter 2970, epoch 11.0)
=> saved checkpoint 'checkpoint_scores_CNN/mnist_VAE_s10_v30_BF/last' (iter 2970, epoch 11.0)
[Save Checkpoint] epoch: [11.0], Train: total:7467.66602, BCE:-17.53175, KLD:7485.19873,Test: total:29586.14648, BCE:-17.82676, KLD:29603.97852
=> saved checkpoint 'checkpoints_CNN/mnist_VAE_s10_v30_BF/last' (iter 3240, epoch 12.0)
=> saved checkpoint 'checkpoint_scores_CNN/mnist_VAE_s10_v30_BF/last' (iter 3240, epoch 12.0)
[Save Checkpoint] epoch: [12.0], Train: total:7469.81104, BCE:-17.38320, KLD:7487.19434,Test: total:29594.14453, BCE:-17.75886, KLD:29611.90039
=> saved checkpoint 'checkpoints_CNN/mnist_VAE_s10_v30_BF/last' (iter 3510, epoch 13.0)
=> saved checkpoint 'checkpoint_scores_CNN/mnist_VAE_s10_v30_BF/last' (iter 3510, epoch 13.0)
EarlyStopping counter: 1 out of 25
[Save Checkpoint] epoch: [13.0], Train: total:7465.43066, BCE:-17.53632, KLD:7482.96875,Test: total:29577.32617, BCE:-17.90190, KLD:29595.22852
=> saved checkpoint 'checkpoints_CNN/mnist_VAE_s10_v30_BF/last' (iter 3780, epoch 14.0)
=> saved checkpoint 'checkpoint_scores_CNN/mnist_VAE_s10_v30_BF/last' (iter 3780, epoch 14.0)
[Save Checkpoint] epoch: [14.0], Train: total:7467.88574, BCE:-17.53838, KLD:7485.42773,Test: total:29586.94336, BCE:-17.92978, KLD:29604.87305
=> saved checkpoint 'checkpoints_CNN/mnist_VAE_s10_v30_BF/last' (iter 4050, epoch 15.0)
=> saved checkpoint 'checkpoint_scores_CNN/mnist_VAE_s10_v30_BF/last' (iter 4050, epoch 15.0)
EarlyStopping counter: 1 out of 25
[Save Checkpoint] epoch: [15.0], Train: total:7468.29443, BCE:-17.56294, KLD:7485.85596,Test: total:29588.66602, BCE:-17.96064, KLD:29606.63086
=> saved checkpoint 'checkpoints_CNN/mnist_VAE_s10_v30_BF/last' (iter 4320, epoch 16.0)
=> saved checkpoint 'checkpoint_scores_CNN/mnist_VAE_s10_v30_BF/last' (iter 4320, epoch 16.0)
EarlyStopping counter: 2 out of 25
[Save Checkpoint] epoch: [16.0], Train: total:7467.46680, BCE:-18.47396, KLD:7485.94287,Test: total:29588.10938, BCE:-18.89623, KLD:29607.00586
=> saved checkpoint 'checkpoints_CNN/mnist_VAE_s10_v30_BF/last' (iter 4590, epoch 17.0)
=> saved checkpoint 'checkpoint_scores_CNN/mnist_VAE_s10_v30_BF/last' (iter 4590, epoch 17.0)
[Save Checkpoint] epoch: [17.0], Train: total:7466.48926, BCE:-18.68153, KLD:7485.16895,Test: total:29584.91016, BCE:-19.13700, KLD:29604.04688
=> saved checkpoint 'checkpoints_CNN/mnist_VAE_s10_v30_BF/last' (iter 4860, epoch 18.0)
=> saved checkpoint 'checkpoint_scores_CNN/mnist_VAE_s10_v30_BF/last' (iter 4860, epoch 18.0)
[Save Checkpoint] epoch: [18.0], Train: total:7465.30273, BCE:-18.24717, KLD:7483.55078,Test: total:29578.86523, BCE:-18.71102, KLD:29597.57812
=> saved checkpoint 'checkpoints_CNN/mnist_VAE_s10_v30_BF/last' (iter 5130, epoch 19.0)
=> saved checkpoint 'checkpoint_scores_CNN/mnist_VAE_s10_v30_BF/last' (iter 5130, epoch 19.0)
[Save Checkpoint] epoch: [19.0], Train: total:7467.74463, BCE:-18.62558, KLD:7486.37256,Test: total:29589.62891, BCE:-19.08743, KLD:29608.71875
=> saved checkpoint 'checkpoints_CNN/mnist_VAE_s10_v30_BF/last' (iter 5400, epoch 20.0)
=> saved checkpoint 'checkpoint_scores_CNN/mnist_VAE_s10_v30_BF/last' (iter 5400, epoch 20.0)
EarlyStopping counter: 1 out of 25
[Save Checkpoint] epoch: [20.0], Train: total:7466.47754, BCE:-18.73821, KLD:7485.21582,Test: total:29585.00391, BCE:-19.17102, KLD:29604.17773
=> saved checkpoint 'checkpoints_CNN/mnist_VAE_s10_v30_BF/last' (iter 5670, epoch 21.0)
=> saved checkpoint 'checkpoint_scores_CNN/mnist_VAE_s10_v30_BF/last' (iter 5670, epoch 21.0)
[Save Checkpoint] epoch: [21.0], Train: total:7466.64941, BCE:-19.55128, KLD:7486.19971,Test: total:29587.96875, BCE:-20.01373, KLD:29607.98438
=> saved checkpoint 'checkpoints_CNN/mnist_VAE_s10_v30_BF/last' (iter 5940, epoch 22.0)
=> saved checkpoint 'checkpoint_scores_CNN/mnist_VAE_s10_v30_BF/last' (iter 5940, epoch 22.0)
[Save Checkpoint] epoch: [22.0], Train: total:7465.29932, BCE:-19.75714, KLD:7485.05518,Test: total:29583.37500, BCE:-20.20266, KLD:29603.57617
=> saved checkpoint 'checkpoints_CNN/mnist_VAE_s10_v30_BF/last' (iter 6210, epoch 23.0)
=> saved checkpoint 'checkpoint_scores_CNN/mnist_VAE_s10_v30_BF/last' (iter 6210, epoch 23.0)
[Save Checkpoint] epoch: [23.0], Train: total:7466.98389, BCE:-19.96904, KLD:7486.95312,Test: total:29590.47266, BCE:-20.46751, KLD:29610.93750
=> saved checkpoint 'checkpoints_CNN/mnist_VAE_s10_v30_BF/last' (iter 6480, epoch 24.0)
=> saved checkpoint 'checkpoint_scores_CNN/mnist_VAE_s10_v30_BF/last' (iter 6480, epoch 24.0)
EarlyStopping counter: 1 out of 25
[Save Checkpoint] epoch: [24.0], Train: total:7464.60547, BCE:-19.78074, KLD:7484.38379,Test: total:29580.61914, BCE:-20.26603, KLD:29600.88477
=> saved checkpoint 'checkpoints_CNN/mnist_VAE_s10_v30_BF/last' (iter 6750, epoch 25.0)
=> saved checkpoint 'checkpoint_scores_CNN/mnist_VAE_s10_v30_BF/last' (iter 6750, epoch 25.0)
EarlyStopping counter: 2 out of 25
[Save Checkpoint] epoch: [25.0], Train: total:7464.20459, BCE:-20.80037, KLD:7485.00684,Test: total:29581.91016, BCE:-21.30236, KLD:29603.21289
=> saved checkpoint 'checkpoints_CNN/mnist_VAE_s10_v30_BF/last' (iter 7020, epoch 26.0)
=> saved checkpoint 'checkpoint_scores_CNN/mnist_VAE_s10_v30_BF/last' (iter 7020, epoch 26.0)
EarlyStopping counter: 3 out of 25
[Save Checkpoint] epoch: [26.0], Train: total:7463.16504, BCE:-20.78853, KLD:7483.95557,Test: total:29577.83203, BCE:-21.29282, KLD:29599.12500
=> saved checkpoint 'checkpoints_CNN/mnist_VAE_s10_v30_BF/last' (iter 7290, epoch 27.0)
=> saved checkpoint 'checkpoint_scores_CNN/mnist_VAE_s10_v30_BF/last' (iter 7290, epoch 27.0)
EarlyStopping counter: 4 out of 25
[Save Checkpoint] epoch: [27.0], Train: total:7462.99854, BCE:-21.36543, KLD:7484.36572,Test: total:29578.98438, BCE:-21.85587, KLD:29600.84180
=> saved checkpoint 'checkpoints_CNN/mnist_VAE_s10_v30_BF/last' (iter 7560, epoch 28.0)
=> saved checkpoint 'checkpoint_scores_CNN/mnist_VAE_s10_v30_BF/last' (iter 7560, epoch 28.0)
[Save Checkpoint] epoch: [28.0], Train: total:7465.14941, BCE:-21.11399, KLD:7486.25977,Test: total:29586.68164, BCE:-21.61301, KLD:29608.29492
=> saved checkpoint 'checkpoints_CNN/mnist_VAE_s10_v30_BF/last' (iter 7830, epoch 29.0)
=> saved checkpoint 'checkpoint_scores_CNN/mnist_VAE_s10_v30_BF/last' (iter 7830, epoch 29.0)
EarlyStopping counter: 1 out of 25
[Save Checkpoint] epoch: [29.0], Train: total:7464.24463, BCE:-21.13694, KLD:7485.38232,Test: total:29583.08789, BCE:-21.62968, KLD:29604.71680
=> saved checkpoint 'checkpoints_CNN/mnist_VAE_s10_v30_BF/last' (iter 8100, epoch 30.0)
=> saved checkpoint 'checkpoint_scores_CNN/mnist_VAE_s10_v30_BF/last' (iter 8100, epoch 30.0)
EarlyStopping counter: 2 out of 25
[Save Checkpoint] epoch: [30.0], Train: total:7461.42432, BCE:-21.60855, KLD:7483.03418,Test: total:29573.44336, BCE:-22.09947, KLD:29595.54492
=> saved checkpoint 'checkpoints_CNN/mnist_VAE_s10_v30_BF/last' (iter 8370, epoch 31.0)
=> saved checkpoint 'checkpoint_scores_CNN/mnist_VAE_s10_v30_BF/last' (iter 8370, epoch 31.0)
[Save Checkpoint] epoch: [31.0], Train: total:7463.14502, BCE:-22.05377, KLD:7485.19873,Test: total:29581.52930, BCE:-22.52444, KLD:29604.04688
=> saved checkpoint 'checkpoints_CNN/mnist_VAE_s10_v30_BF/last' (iter 8640, epoch 32.0)
=> saved checkpoint 'checkpoint_scores_CNN/mnist_VAE_s10_v30_BF/last' (iter 8640, epoch 32.0)
EarlyStopping counter: 1 out of 25
[Save Checkpoint] epoch: [32.0], Train: total:7461.89648, BCE:-22.60691, KLD:7484.50146,Test: total:29578.09180, BCE:-23.13250, KLD:29601.22461
=> saved checkpoint 'checkpoints_CNN/mnist_VAE_s10_v30_BF/last' (iter 8910, epoch 33.0)
=> saved checkpoint 'checkpoint_scores_CNN/mnist_VAE_s10_v30_BF/last' (iter 8910, epoch 33.0)
EarlyStopping counter: 2 out of 25
[Save Checkpoint] epoch: [33.0], Train: total:7461.45508, BCE:-22.56629, KLD:7484.02246,Test: total:29576.30273, BCE:-23.12243, KLD:29599.42188
=> saved checkpoint 'checkpoints_CNN/mnist_VAE_s10_v30_BF/last' (iter 9180, epoch 34.0)
=> saved checkpoint 'checkpoint_scores_CNN/mnist_VAE_s10_v30_BF/last' (iter 9180, epoch 34.0)
EarlyStopping counter: 3 out of 25
[Save Checkpoint] epoch: [34.0], Train: total:7462.41211, BCE:-22.80647, KLD:7485.21631,Test: total:29580.82227, BCE:-23.31906, KLD:29604.14453
=> saved checkpoint 'checkpoints_CNN/mnist_VAE_s10_v30_BF/last' (iter 9450, epoch 35.0)
=> saved checkpoint 'checkpoint_scores_CNN/mnist_VAE_s10_v30_BF/last' (iter 9450, epoch 35.0)
[Save Checkpoint] epoch: [35.0], Train: total:7460.60693, BCE:-24.04402, KLD:7484.65137,Test: total:29577.31836, BCE:-24.54828, KLD:29601.86914
=> saved checkpoint 'checkpoints_CNN/mnist_VAE_s10_v30_BF/last' (iter 9720, epoch 36.0)
=> saved checkpoint 'checkpoint_scores_CNN/mnist_VAE_s10_v30_BF/last' (iter 9720, epoch 36.0)
EarlyStopping counter: 1 out of 25
[Save Checkpoint] epoch: [36.0], Train: total:7459.67969, BCE:-24.38372, KLD:7484.06494,Test: total:29574.71289, BCE:-24.88164, KLD:29599.59766
=> saved checkpoint 'checkpoints_CNN/mnist_VAE_s10_v30_BF/last' (iter 9990, epoch 37.0)
=> saved checkpoint 'checkpoint_scores_CNN/mnist_VAE_s10_v30_BF/last' (iter 9990, epoch 37.0)
EarlyStopping counter: 2 out of 25
[Save Checkpoint] epoch: [37.0], Train: total:7461.55176, BCE:-24.68849, KLD:7486.23633,Test: total:29582.90625, BCE:-25.21168, KLD:29608.11914
=> saved checkpoint 'checkpoints_CNN/mnist_VAE_s10_v30_BF/last' (iter 10260, epoch 38.0)
=> saved checkpoint 'checkpoint_scores_CNN/mnist_VAE_s10_v30_BF/last' (iter 10260, epoch 38.0)
EarlyStopping counter: 3 out of 25
[Save Checkpoint] epoch: [38.0], Train: total:7462.41016, BCE:-24.54370, KLD:7486.95605,Test: total:29585.84961, BCE:-25.05589, KLD:29610.90430
=> saved checkpoint 'checkpoints_CNN/mnist_VAE_s10_v30_BF/last' (iter 10530, epoch 39.0)
=> saved checkpoint 'checkpoint_scores_CNN/mnist_VAE_s10_v30_BF/last' (iter 10530, epoch 39.0)
EarlyStopping counter: 4 out of 25
[Save Checkpoint] epoch: [39.0], Train: total:7461.09180, BCE:-24.63519, KLD:7485.72803,Test: total:29580.96680, BCE:-25.12595, KLD:29606.09375
Epoch    40: reducing learning rate of group 0 to 2.0000e-04.
Epoch    40: reducing learning rate of group 1 to 2.0000e-06.
=> saved checkpoint 'checkpoints_CNN/mnist_VAE_s10_v30_BF/last' (iter 10800, epoch 40.0)
=> saved checkpoint 'checkpoint_scores_CNN/mnist_VAE_s10_v30_BF/last' (iter 10800, epoch 40.0)
EarlyStopping counter: 5 out of 25
[Save Checkpoint] epoch: [40.0], Train: total:7459.25928, BCE:-25.62091, KLD:7484.87695,Test: total:29576.72461, BCE:-26.11432, KLD:29602.83789
=> saved checkpoint 'checkpoints_CNN/mnist_VAE_s10_v30_BF/last' (iter 11070, epoch 41.0)
=> saved checkpoint 'checkpoint_scores_CNN/mnist_VAE_s10_v30_BF/last' (iter 11070, epoch 41.0)
EarlyStopping counter: 6 out of 25
[Save Checkpoint] epoch: [41.0], Train: total:7459.12305, BCE:-25.63972, KLD:7484.76514,Test: total:29576.17578, BCE:-26.15533, KLD:29602.33398
=> saved checkpoint 'checkpoints_CNN/mnist_VAE_s10_v30_BF/last' (iter 11340, epoch 42.0)
=> saved checkpoint 'checkpoint_scores_CNN/mnist_VAE_s10_v30_BF/last' (iter 11340, epoch 42.0)
EarlyStopping counter: 7 out of 25
[Save Checkpoint] epoch: [42.0], Train: total:7459.90283, BCE:-25.61845, KLD:7485.52197,Test: total:29579.11914, BCE:-26.13946, KLD:29605.25391
=> saved checkpoint 'checkpoints_CNN/mnist_VAE_s10_v30_BF/last' (iter 11610, epoch 43.0)
=> saved checkpoint 'checkpoint_scores_CNN/mnist_VAE_s10_v30_BF/last' (iter 11610, epoch 43.0)
[Save Checkpoint] epoch: [43.0], Train: total:7461.43799, BCE:-25.53707, KLD:7486.97461,Test: total:29584.96875, BCE:-26.05178, KLD:29611.01953
=> saved checkpoint 'checkpoints_CNN/mnist_VAE_s10_v30_BF/last' (iter 11880, epoch 44.0)
=> saved checkpoint 'checkpoint_scores_CNN/mnist_VAE_s10_v30_BF/last' (iter 11880, epoch 44.0)
EarlyStopping counter: 1 out of 25
[Save Checkpoint] epoch: [44.0], Train: total:7460.78760, BCE:-25.81678, KLD:7486.60254,Test: total:29583.27148, BCE:-26.33673, KLD:29609.60938
Epoch    45: reducing learning rate of group 0 to 4.0000e-05.
Epoch    45: reducing learning rate of group 1 to 1.0000e-06.
=> saved checkpoint 'checkpoints_CNN/mnist_VAE_s10_v30_BF/last' (iter 12150, epoch 45.0)
=> saved checkpoint 'checkpoint_scores_CNN/mnist_VAE_s10_v30_BF/last' (iter 12150, epoch 45.0)
EarlyStopping counter: 2 out of 25
[Save Checkpoint] epoch: [45.0], Train: total:7457.22363, BCE:-25.88186, KLD:7483.10889,Test: total:29569.46289, BCE:-26.39884, KLD:29595.85938
=> saved checkpoint 'checkpoints_CNN/mnist_VAE_s10_v30_BF/last' (iter 12420, epoch 46.0)
=> saved checkpoint 'checkpoint_scores_CNN/mnist_VAE_s10_v30_BF/last' (iter 12420, epoch 46.0)
[Save Checkpoint] epoch: [46.0], Train: total:7459.76562, BCE:-26.00033, KLD:7485.76807,Test: total:29579.91602, BCE:-26.50418, KLD:29606.42188
=> saved checkpoint 'checkpoints_CNN/mnist_VAE_s10_v30_BF/last' (iter 12690, epoch 47.0)
=> saved checkpoint 'checkpoint_scores_CNN/mnist_VAE_s10_v30_BF/last' (iter 12690, epoch 47.0)
[Save Checkpoint] epoch: [47.0], Train: total:7457.72119, BCE:-26.08240, KLD:7483.80371,Test: total:29571.96680, BCE:-26.59029, KLD:29598.55664
=> saved checkpoint 'checkpoints_CNN/mnist_VAE_s10_v30_BF/last' (iter 12960, epoch 48.0)
=> saved checkpoint 'checkpoint_scores_CNN/mnist_VAE_s10_v30_BF/last' (iter 12960, epoch 48.0)
[Save Checkpoint] epoch: [48.0], Train: total:7460.09326, BCE:-25.98591, KLD:7486.08154,Test: total:29580.98828, BCE:-26.49788, KLD:29607.48438
=> saved checkpoint 'checkpoints_CNN/mnist_VAE_s10_v30_BF/last' (iter 13230, epoch 49.0)
=> saved checkpoint 'checkpoint_scores_CNN/mnist_VAE_s10_v30_BF/last' (iter 13230, epoch 49.0)
EarlyStopping counter: 1 out of 25
[Save Checkpoint] epoch: [49.0], Train: total:7458.23145, BCE:-26.15741, KLD:7484.39111,Test: total:29574.16992, BCE:-26.68728, KLD:29600.85742
=> saved checkpoint 'checkpoints_CNN/mnist_VAE_s10_v30_BF/last' (iter 13500, epoch 50.0)
=> saved checkpoint 'checkpoint_scores_CNN/mnist_VAE_s10_v30_BF/last' (iter 13500, epoch 50.0)
EarlyStopping counter: 2 out of 25
[Save Checkpoint] epoch: [50.0], Train: total:7459.54102, BCE:-26.15987, KLD:7485.70361,Test: total:29579.31641, BCE:-26.67322, KLD:29605.98828
=> saved checkpoint 'checkpoints_CNN/mnist_VAE_s10_v30_BF/last' (iter 13770, epoch 51.0)
=> saved checkpoint 'checkpoint_scores_CNN/mnist_VAE_s10_v30_BF/last' (iter 13770, epoch 51.0)
EarlyStopping counter: 3 out of 25
[Save Checkpoint] epoch: [51.0], Train: total:7459.63672, BCE:-26.12409, KLD:7485.76074,Test: total:29579.60742, BCE:-26.63768, KLD:29606.24805
=> saved checkpoint 'checkpoints_CNN/mnist_VAE_s10_v30_BF/last' (iter 14040, epoch 52.0)
=> saved checkpoint 'checkpoint_scores_CNN/mnist_VAE_s10_v30_BF/last' (iter 14040, epoch 52.0)
EarlyStopping counter: 4 out of 25
[Save Checkpoint] epoch: [52.0], Train: total:7458.36328, BCE:-26.22111, KLD:7484.58301,Test: total:29574.86914, BCE:-26.75509, KLD:29601.62305
Epoch    53: reducing learning rate of group 0 to 8.0000e-06.
=> saved checkpoint 'checkpoints_CNN/mnist_VAE_s10_v30_BF/last' (iter 14310, epoch 53.0)
=> saved checkpoint 'checkpoint_scores_CNN/mnist_VAE_s10_v30_BF/last' (iter 14310, epoch 53.0)
EarlyStopping counter: 5 out of 25
[Save Checkpoint] epoch: [53.0], Train: total:7458.32715, BCE:-26.29399, KLD:7484.62207,Test: total:29575.06055, BCE:-26.80538, KLD:29601.86328
=> saved checkpoint 'checkpoints_CNN/mnist_VAE_s10_v30_BF/last' (iter 14580, epoch 54.0)
=> saved checkpoint 'checkpoint_scores_CNN/mnist_VAE_s10_v30_BF/last' (iter 14580, epoch 54.0)
EarlyStopping counter: 6 out of 25
[Save Checkpoint] epoch: [54.0], Train: total:7459.45996, BCE:-26.16885, KLD:7485.63232,Test: total:29579.17773, BCE:-26.66246, KLD:29605.84180
=> saved checkpoint 'checkpoints_CNN/mnist_VAE_s10_v30_BF/last' (iter 14850, epoch 55.0)
=> saved checkpoint 'checkpoint_scores_CNN/mnist_VAE_s10_v30_BF/last' (iter 14850, epoch 55.0)
EarlyStopping counter: 7 out of 25
[Save Checkpoint] epoch: [55.0], Train: total:7459.65771, BCE:-26.18999, KLD:7485.84668,Test: total:29579.86523, BCE:-26.69832, KLD:29606.56641
=> saved checkpoint 'checkpoints_CNN/mnist_VAE_s10_v30_BF/last' (iter 15120, epoch 56.0)
=> saved checkpoint 'checkpoint_scores_CNN/mnist_VAE_s10_v30_BF/last' (iter 15120, epoch 56.0)
EarlyStopping counter: 8 out of 25
[Save Checkpoint] epoch: [56.0], Train: total:7458.82812, BCE:-26.25918, KLD:7485.08643,Test: total:29576.92578, BCE:-26.77065, KLD:29603.70117
=> saved checkpoint 'checkpoints_CNN/mnist_VAE_s10_v30_BF/last' (iter 15390, epoch 57.0)
=> saved checkpoint 'checkpoint_scores_CNN/mnist_VAE_s10_v30_BF/last' (iter 15390, epoch 57.0)
EarlyStopping counter: 9 out of 25
[Save Checkpoint] epoch: [57.0], Train: total:7459.83350, BCE:-26.26166, KLD:7486.09229,Test: total:29580.79492, BCE:-26.80852, KLD:29607.59961
Epoch    58: reducing learning rate of group 0 to 1.6000e-06.
=> saved checkpoint 'checkpoints_CNN/mnist_VAE_s10_v30_BF/last' (iter 15660, epoch 58.0)
=> saved checkpoint 'checkpoint_scores_CNN/mnist_VAE_s10_v30_BF/last' (iter 15660, epoch 58.0)
EarlyStopping counter: 10 out of 25
[Save Checkpoint] epoch: [58.0], Train: total:7457.29248, BCE:-26.26706, KLD:7483.56445,Test: total:29570.80078, BCE:-26.80965, KLD:29597.61328
=> saved checkpoint 'checkpoints_CNN/mnist_VAE_s10_v30_BF/last' (iter 15930, epoch 59.0)
=> saved checkpoint 'checkpoint_scores_CNN/mnist_VAE_s10_v30_BF/last' (iter 15930, epoch 59.0)
EarlyStopping counter: 11 out of 25
[Save Checkpoint] epoch: [59.0], Train: total:7458.42627, BCE:-26.25391, KLD:7484.67627,Test: total:29575.20703, BCE:-26.75280, KLD:29601.95703
=> saved checkpoint 'checkpoints_CNN/mnist_VAE_s10_v30_BF/last' (iter 16200, epoch 60.0)
=> saved checkpoint 'checkpoint_scores_CNN/mnist_VAE_s10_v30_BF/last' (iter 16200, epoch 60.0)
EarlyStopping counter: 12 out of 25
[Save Checkpoint] epoch: [60.0], Train: total:7461.10010, BCE:-26.26454, KLD:7487.36621,Test: total:29585.79688, BCE:-26.76936, KLD:29612.56836
=> saved checkpoint 'checkpoints_CNN/mnist_VAE_s10_v30_BF/last' (iter 16470, epoch 61.0)
=> saved checkpoint 'checkpoint_scores_CNN/mnist_VAE_s10_v30_BF/last' (iter 16470, epoch 61.0)
EarlyStopping counter: 13 out of 25
[Save Checkpoint] epoch: [61.0], Train: total:7459.60010, BCE:-26.26542, KLD:7485.86621,Test: total:29579.86523, BCE:-26.79002, KLD:29606.65625
=> saved checkpoint 'checkpoints_CNN/mnist_VAE_s10_v30_BF/last' (iter 16740, epoch 62.0)
=> saved checkpoint 'checkpoint_scores_CNN/mnist_VAE_s10_v30_BF/last' (iter 16740, epoch 62.0)
EarlyStopping counter: 14 out of 25
[Save Checkpoint] epoch: [62.0], Train: total:7459.26416, BCE:-26.25041, KLD:7485.51562,Test: total:29578.55664, BCE:-26.78631, KLD:29605.34180
Epoch    63: reducing learning rate of group 0 to 1.0000e-06.
=> saved checkpoint 'checkpoints_CNN/mnist_VAE_s10_v30_BF/last' (iter 17010, epoch 63.0)
=> saved checkpoint 'checkpoint_scores_CNN/mnist_VAE_s10_v30_BF/last' (iter 17010, epoch 63.0)
EarlyStopping counter: 15 out of 25
[Save Checkpoint] epoch: [63.0], Train: total:7458.26660, BCE:-26.26710, KLD:7484.53027,Test: total:29574.62305, BCE:-26.79008, KLD:29601.41211
=> saved checkpoint 'checkpoints_CNN/mnist_VAE_s10_v30_BF/last' (iter 17280, epoch 64.0)
=> saved checkpoint 'checkpoint_scores_CNN/mnist_VAE_s10_v30_BF/last' (iter 17280, epoch 64.0)
EarlyStopping counter: 16 out of 25
[Save Checkpoint] epoch: [64.0], Train: total:7459.35498, BCE:-26.28337, KLD:7485.63672,Test: total:29578.97461, BCE:-26.80789, KLD:29605.78125
=> saved checkpoint 'checkpoints_CNN/mnist_VAE_s10_v30_BF/last' (iter 17550, epoch 65.0)
=> saved checkpoint 'checkpoint_scores_CNN/mnist_VAE_s10_v30_BF/last' (iter 17550, epoch 65.0)
EarlyStopping counter: 17 out of 25
[Save Checkpoint] epoch: [65.0], Train: total:7457.36475, BCE:-26.27727, KLD:7483.64014,Test: total:29571.02539, BCE:-26.80713, KLD:29597.83203
=> saved checkpoint 'checkpoints_CNN/mnist_VAE_s10_v30_BF/last' (iter 17820, epoch 66.0)
=> saved checkpoint 'checkpoint_scores_CNN/mnist_VAE_s10_v30_BF/last' (iter 17820, epoch 66.0)
EarlyStopping counter: 18 out of 25
[Save Checkpoint] epoch: [66.0], Train: total:7458.56982, BCE:-26.30235, KLD:7484.86963,Test: total:29575.97461, BCE:-26.80280, KLD:29602.77930
=> saved checkpoint 'checkpoints_CNN/mnist_VAE_s10_v30_BF/last' (iter 18090, epoch 67.0)
=> saved checkpoint 'checkpoint_scores_CNN/mnist_VAE_s10_v30_BF/last' (iter 18090, epoch 67.0)
EarlyStopping counter: 19 out of 25
[Save Checkpoint] epoch: [67.0], Train: total:7460.12109, BCE:-26.29556, KLD:7486.41699,Test: total:29582.13867, BCE:-26.80260, KLD:29608.94141
=> saved checkpoint 'checkpoints_CNN/mnist_VAE_s10_v30_BF/last' (iter 18360, epoch 68.0)
=> saved checkpoint 'checkpoint_scores_CNN/mnist_VAE_s10_v30_BF/last' (iter 18360, epoch 68.0)
EarlyStopping counter: 20 out of 25
[Save Checkpoint] epoch: [68.0], Train: total:7457.73438, BCE:-26.28801, KLD:7484.02393,Test: total:29572.55664, BCE:-26.82303, KLD:29599.38086
=> saved checkpoint 'checkpoints_CNN/mnist_VAE_s10_v30_BF/last' (iter 18630, epoch 69.0)
=> saved checkpoint 'checkpoint_scores_CNN/mnist_VAE_s10_v30_BF/last' (iter 18630, epoch 69.0)
EarlyStopping counter: 21 out of 25
[Save Checkpoint] epoch: [69.0], Train: total:7460.00586, BCE:-26.28918, KLD:7486.29297,Test: total:29581.49414, BCE:-26.79606, KLD:29608.29102
=> saved checkpoint 'checkpoints_CNN/mnist_VAE_s10_v30_BF/last' (iter 18900, epoch 70.0)
=> saved checkpoint 'checkpoint_scores_CNN/mnist_VAE_s10_v30_BF/last' (iter 18900, epoch 70.0)
EarlyStopping counter: 22 out of 25
[Save Checkpoint] epoch: [70.0], Train: total:7458.47461, BCE:-26.30130, KLD:7484.77930,Test: total:29575.58789, BCE:-26.82736, KLD:29602.41602
=> saved checkpoint 'checkpoints_CNN/mnist_VAE_s10_v30_BF/last' (iter 19170, epoch 71.0)
=> saved checkpoint 'checkpoint_scores_CNN/mnist_VAE_s10_v30_BF/last' (iter 19170, epoch 71.0)
EarlyStopping counter: 23 out of 25
[Save Checkpoint] epoch: [71.0], Train: total:7458.54395, BCE:-26.28818, KLD:7484.83154,Test: total:29575.79102, BCE:-26.78960, KLD:29602.58203
=> saved checkpoint 'checkpoints_CNN/mnist_VAE_s10_v30_BF/last' (iter 19440, epoch 72.0)
=> saved checkpoint 'checkpoint_scores_CNN/mnist_VAE_s10_v30_BF/last' (iter 19440, epoch 72.0)
EarlyStopping counter: 24 out of 25
[Save Checkpoint] epoch: [72.0], Train: total:7459.19482, BCE:-26.29778, KLD:7485.49072,Test: total:29578.43555, BCE:-26.82580, KLD:29605.25586
=> saved checkpoint 'checkpoints_CNN/mnist_VAE_s10_v30_BF/last' (iter 19710, epoch 73.0)
=> saved checkpoint 'checkpoint_scores_CNN/mnist_VAE_s10_v30_BF/last' (iter 19710, epoch 73.0)
EarlyStopping counter: 25 out of 25
[Save Checkpoint] epoch: [73.0], Train: total:7459.20996, BCE:-26.30315, KLD:7485.51270,Test: total:29578.45117, BCE:-26.81316, KLD:29605.26367
Early stopping
[Training Finished]
All done !
