97
--gpu_devices 0 --max_iter 100 --batch_size 250 --use_scheduler True --lr 1e-3 --GMP True --z_struct_size 10 --is_VAE True --is_encoder_struct False --lambda_BCE 1 --beta 1 --big_kernel_size 8 --two_conv_layer True --three_conv_layer True --kernel_size_1 4 --kernel_size_2 4 --kernel_size_3 4 --BK_in_first_layer True --BK_in_second_layer False --BK_in_third_layer False --stride_size 1 --hidden_filters_layer1 64 --hidden_filters_layer2 64 --hidden_filters_layer3 64 --dataset_balanced True --binary_z True --binary_first_conv False --binary_second_conv False --binary_third_conv True --z_var_size 10 --z_struct_size 10 --use_small_lr_encoder_var False --encoder_var_name None --encoder_struct_name None --freeze_Encoder False --exp_name mnist_VAE_s10_v10_FS
Namespace(BK_in_first_layer=True, BK_in_second_layer=False, BK_in_third_layer=False, BN=False, C_max=25, C_stop_iter=100000.0, E1_AE=False, E1_VAE=False, E1_conv=False, E1_dense=False, E1_second_conv=False, E1_second_conv_adapt=False, GMP=True, Hmg_dst_loss=False, IPC=False, L1_norm_act=False, L1_norm_weights=False, L3_without_random=False, LOG_DIR='logs', adapt_lr=False, add_classification_layer=True, add_linear_after_GMP=True, add_z_struct_bottleneck=False, alpha=32, batch_size=250, beta=1.0, beta1=0.9, beta2=0.999, big_kernel=False, big_kernel_size=8, binary_chain=False, binary_first_conv=False, binary_second_conv=False, binary_third_conv=True, binary_z=True, both_decoders_freeze=False, ckpt_dir='checkpoints_CNN', ckpt_dir_scores='checkpoint_scores_CNN', classif_layer_size=30, contrastive_loss=False, cuda=True, dataset='mnist', dataset_balanced=True, decoder_first_dense=36, decoder_kernel_size_1=4, decoder_kernel_size_2=3, decoder_kernel_size_3=4, decoder_n_filter_1=64, decoder_n_filter_2=64, decoder_n_filter_3=64, decoder_stride_1=2, decoder_stride_2=2, decoder_stride_3=1, diff_var=False, display_step=10000, dset_dir='data', encoder_struct_name='None', encoder_var_name='None', exp_name='mnist_VAE_s10_v10_FS', freeze_Encoder=False, gamma=1000, gpu_devices=[0], hidden_filters_layer1=64, hidden_filters_layer2=64, hidden_filters_layer3=64, image_size=64, intra_class_variance_loss=False, is_C=True, is_E1=False, is_VAE=True, is_VAE_var=False, is_binary_structural_latent=False, is_custom_model=False, is_custom_model_BK=False, is_default_model=False, is_encoder_struct=False, is_noise_stats=False, is_partial_rand_class=False, is_perturbed_score=False, is_zvar_sim_loss=False, just_train=False, kernel_size=4, kernel_size_1=4, kernel_size_2=4, kernel_size_3=4, lambda_BCE=1.0, lambda_Kl_struct=1, lambda_Kl_var=1, lambda_L1=0.01, lambda_VAE=1, lambda_class=1, lambda_contrastive_loss=1, lambda_distance_mean=1, lambda_hmg_dst=1, lambda_intra_class_var=1, lambda_partial_class=1, lambda_ratio_reg=1, lambda_recon_wt_rand=1, lambda_recons=1, lambda_uniq_code_dst=1, lambda_var_distance=1, lambda_var_inter=1, lambda_var_intra=1, lambda_zvar_sim=1, latent_spec_cont=None, latent_spec_cont_class=None, latent_spec_cont_var=None, latent_spec_disc=None, latent_spec_disc_class=None, latent_spec_disc_var=None, log_level='info', loss='Proxy_Anchor', loss_distance_mean=False, loss_min_distance_cl=False, lr=0.001, max_epoch_use_uniq_code_target=5, max_iter=100.0, model='CNN', mrg=0.1, nb_epochs_train_only_zvar=0, num_workers=2, old_weighted=False, optimizer='adamw', other_architecture=False, other_ratio=False, random_percentage=0.2, random_seed=10, randomness=True, ratio_reg=False, remark='', save_step=10000, second_layer_C=False, seed=1, stride_size=1, sz_embedding=5, three_conv_layer=True, train=True, train_var_struct_alternatively=False, two_conv_layer=True, two_encoder=False, uniq_code_dst_loss=False, use_VAE=False, use_decoder=False, use_early_stopping=True, use_scheduler=True, use_small_lr_encoder_var=False, use_structural_encoder=False, value_target_distance_mean=1, var_hidden_dim=256, var_hidden_filters_1=32, var_hidden_filters_2=32, var_hidden_filters_3=32, var_kernel_size_1=3, var_kernel_size_2=3, var_kernel_size_3=3, var_second_cnn_block=True, var_stride_size_1=1, var_stride_size_2=1, var_stride_size_3=1, var_third_cnn_block=False, var_three_conv_layer=False, warm=1, without_acc=False, z_struct_size=10, z_var_size=10, zeros_W_Classif=False, zvar_sim_change_zvar=False, zvar_sim_loss_for_all_model=False, zvar_sim_loss_only_for_encoder=False, zvar_sim_normal=False, zvar_sim_var_rand=False)
CUDA Visible devices !
[Using Seed: 10]
Balanced dataset loaded
VAE doesn't exist, create VAE and train it from scratch ! good luck !
use 1 gpu who named: Tesla V100-SXM2-32GB
VAE(
  (encoder_struct): Sequential(
    (0): Conv2d(1, 64, kernel_size=(8, 8), stride=(1, 1))
    (1): BatchNorm2d(64, eps=1e-05, momentum=0.1, affine=True, track_running_stats=True)
    (2): ReLU(inplace=True)
    (3): Conv2d(64, 64, kernel_size=(4, 4), stride=(1, 1))
    (4): BatchNorm2d(64, eps=1e-05, momentum=0.1, affine=True, track_running_stats=True)
    (5): ReLU(inplace=True)
    (6): Conv2d(64, 10, kernel_size=(4, 4), stride=(1, 1))
    (7): BatchNorm2d(10, eps=1e-05, momentum=0.1, affine=True, track_running_stats=True)
    (8): DeterministicBinaryActivation(
      (act): Hardsigmoid(
        (act): Hardtanh(min_val=-1.0, max_val=1.0)
      )
    )
    (9): AdaptiveMaxPool2d(output_size=(1, 1))
    (10): View()
  )
  (encoder_var): Sequential(
    (0): Conv2d(1, 32, kernel_size=(3, 3), stride=(1, 1))
    (1): ReLU(inplace=True)
    (2): BatchNorm2d(32, eps=1e-05, momentum=0.1, affine=True, track_running_stats=True)
    (3): Conv2d(32, 32, kernel_size=(3, 3), stride=(1, 1))
    (4): ReLU(inplace=True)
    (5): BatchNorm2d(32, eps=1e-05, momentum=0.1, affine=True, track_running_stats=True)
    (6): Conv2d(32, 32, kernel_size=(5, 5), stride=(2, 2), padding=(2, 2))
    (7): ReLU(inplace=True)
    (8): BatchNorm2d(32, eps=1e-05, momentum=0.1, affine=True, track_running_stats=True)
    (9): Dropout(p=0.4, inplace=False)
    (10): Conv2d(32, 64, kernel_size=(3, 3), stride=(1, 1))
    (11): ReLU(inplace=True)
    (12): BatchNorm2d(64, eps=1e-05, momentum=0.1, affine=True, track_running_stats=True)
    (13): Conv2d(64, 64, kernel_size=(3, 3), stride=(1, 1))
    (14): ReLU(inplace=True)
    (15): BatchNorm2d(64, eps=1e-05, momentum=0.1, affine=True, track_running_stats=True)
    (16): Conv2d(64, 64, kernel_size=(5, 5), stride=(2, 2), padding=(2, 2))
    (17): ReLU(inplace=True)
    (18): BatchNorm2d(64, eps=1e-05, momentum=0.1, affine=True, track_running_stats=True)
    (19): Dropout(p=0.4, inplace=False)
    (20): View()
    (21): Linear(in_features=1600, out_features=20, bias=True)
  )
  (decoder): Sequential(
    (0): Linear(in_features=20, out_features=1600, bias=True)
    (1): ReLU(inplace=True)
    (2): View()
    (3): ConvTranspose2d(64, 64, kernel_size=(4, 4), stride=(2, 2), padding=(1, 1))
    (4): ReLU(inplace=True)
    (5): ConvTranspose2d(64, 64, kernel_size=(3, 3), stride=(1, 1))
    (6): ReLU(inplace=True)
    (7): ConvTranspose2d(64, 32, kernel_size=(3, 3), stride=(1, 1))
    (8): ReLU(inplace=True)
    (9): ConvTranspose2d(32, 32, kernel_size=(4, 4), stride=(2, 2), padding=(1, 1))
    (10): ReLU(inplace=True)
    (11): ConvTranspose2d(32, 32, kernel_size=(3, 3), stride=(1, 1))
    (12): ReLU(inplace=True)
    (13): ConvTranspose2d(32, 1, kernel_size=(3, 3), stride=(1, 1))
    (14): Sigmoid()
  )
)
The number of parameters of model is 486515
=> saved checkpoint 'checkpoints_CNN/mnist_VAE_s10_v10_FS/last' (iter 270, epoch 1.0)
=> saved checkpoint 'checkpoint_scores_CNN/mnist_VAE_s10_v10_FS/last' (iter 270, epoch 1.0)
[Save Checkpoint] epoch: [1.0], Train: total:5905.96143, BCE:-15.02578, KLD:5920.99072,Test: total:23642.09570, BCE:-15.15110, KLD:23657.24805
=> saved checkpoint 'checkpoints_CNN/mnist_VAE_s10_v10_FS/last' (iter 540, epoch 2.0)
=> saved checkpoint 'checkpoint_scores_CNN/mnist_VAE_s10_v10_FS/last' (iter 540, epoch 2.0)
[Save Checkpoint] epoch: [2.0], Train: total:5419.82910, BCE:-17.71042, KLD:5437.53809,Test: total:21679.47461, BCE:-17.81648, KLD:21697.28906
=> saved checkpoint 'checkpoints_CNN/mnist_VAE_s10_v10_FS/last' (iter 810, epoch 3.0)
=> saved checkpoint 'checkpoint_scores_CNN/mnist_VAE_s10_v10_FS/last' (iter 810, epoch 3.0)
[Save Checkpoint] epoch: [3.0], Train: total:5237.60254, BCE:-18.04019, KLD:5255.64355,Test: total:20897.67188, BCE:-18.09185, KLD:20915.76758
=> saved checkpoint 'checkpoints_CNN/mnist_VAE_s10_v10_FS/last' (iter 1080, epoch 4.0)
=> saved checkpoint 'checkpoint_scores_CNN/mnist_VAE_s10_v10_FS/last' (iter 1080, epoch 4.0)
[Save Checkpoint] epoch: [4.0], Train: total:5218.23096, BCE:-18.42709, KLD:5236.65771,Test: total:20825.36719, BCE:-18.49494, KLD:20843.86133
=> saved checkpoint 'checkpoints_CNN/mnist_VAE_s10_v10_FS/last' (iter 1350, epoch 5.0)
=> saved checkpoint 'checkpoint_scores_CNN/mnist_VAE_s10_v10_FS/last' (iter 1350, epoch 5.0)
[Save Checkpoint] epoch: [5.0], Train: total:5246.36328, BCE:-18.36758, KLD:5264.73291,Test: total:20940.88867, BCE:-18.41922, KLD:20959.31055
=> saved checkpoint 'checkpoints_CNN/mnist_VAE_s10_v10_FS/last' (iter 1620, epoch 6.0)
=> saved checkpoint 'checkpoint_scores_CNN/mnist_VAE_s10_v10_FS/last' (iter 1620, epoch 6.0)
[Save Checkpoint] epoch: [6.0], Train: total:5223.18604, BCE:-16.53013, KLD:5239.71289,Test: total:20826.22852, BCE:-16.52640, KLD:20842.75781
=> saved checkpoint 'checkpoints_CNN/mnist_VAE_s10_v10_FS/last' (iter 1890, epoch 7.0)
=> saved checkpoint 'checkpoint_scores_CNN/mnist_VAE_s10_v10_FS/last' (iter 1890, epoch 7.0)
[Save Checkpoint] epoch: [7.0], Train: total:5243.91406, BCE:-16.97809, KLD:5260.89307,Test: total:20917.41211, BCE:-16.97703, KLD:20934.38867
=> saved checkpoint 'checkpoints_CNN/mnist_VAE_s10_v10_FS/last' (iter 2160, epoch 8.0)
=> saved checkpoint 'checkpoint_scores_CNN/mnist_VAE_s10_v10_FS/last' (iter 2160, epoch 8.0)
[Save Checkpoint] epoch: [8.0], Train: total:5315.80957, BCE:-16.69724, KLD:5332.50586,Test: total:21209.28320, BCE:-16.70227, KLD:21225.98633
=> saved checkpoint 'checkpoints_CNN/mnist_VAE_s10_v10_FS/last' (iter 2430, epoch 9.0)
=> saved checkpoint 'checkpoint_scores_CNN/mnist_VAE_s10_v10_FS/last' (iter 2430, epoch 9.0)
[Save Checkpoint] epoch: [9.0], Train: total:5356.40869, BCE:-17.30559, KLD:5373.71289,Test: total:21356.05664, BCE:-17.32319, KLD:21373.37891
=> saved checkpoint 'checkpoints_CNN/mnist_VAE_s10_v10_FS/last' (iter 2700, epoch 10.0)
=> saved checkpoint 'checkpoint_scores_CNN/mnist_VAE_s10_v10_FS/last' (iter 2700, epoch 10.0)
[Save Checkpoint] epoch: [10.0], Train: total:5366.82422, BCE:-17.12925, KLD:5383.95801,Test: total:21396.02148, BCE:-17.15404, KLD:21413.17383
=> saved checkpoint 'checkpoints_CNN/mnist_VAE_s10_v10_FS/last' (iter 2970, epoch 11.0)
=> saved checkpoint 'checkpoint_scores_CNN/mnist_VAE_s10_v10_FS/last' (iter 2970, epoch 11.0)
EarlyStopping counter: 1 out of 25
[Save Checkpoint] epoch: [11.0], Train: total:5267.76709, BCE:-18.15894, KLD:5285.93066,Test: total:21019.28320, BCE:-18.21685, KLD:21037.50195
=> saved checkpoint 'checkpoints_CNN/mnist_VAE_s10_v10_FS/last' (iter 3240, epoch 12.0)
=> saved checkpoint 'checkpoint_scores_CNN/mnist_VAE_s10_v10_FS/last' (iter 3240, epoch 12.0)
[Save Checkpoint] epoch: [12.0], Train: total:5280.31396, BCE:-17.90146, KLD:5298.21826,Test: total:21049.46875, BCE:-17.95266, KLD:21067.42188
=> saved checkpoint 'checkpoints_CNN/mnist_VAE_s10_v10_FS/last' (iter 3510, epoch 13.0)
=> saved checkpoint 'checkpoint_scores_CNN/mnist_VAE_s10_v10_FS/last' (iter 3510, epoch 13.0)
[Save Checkpoint] epoch: [13.0], Train: total:5319.10986, BCE:-17.80661, KLD:5336.91797,Test: total:21192.01172, BCE:-17.87245, KLD:21209.88281
=> saved checkpoint 'checkpoints_CNN/mnist_VAE_s10_v10_FS/last' (iter 3780, epoch 14.0)
=> saved checkpoint 'checkpoint_scores_CNN/mnist_VAE_s10_v10_FS/last' (iter 3780, epoch 14.0)
[Save Checkpoint] epoch: [14.0], Train: total:5193.88232, BCE:-17.96904, KLD:5211.85449,Test: total:20684.82812, BCE:-18.03862, KLD:20702.86523
=> saved checkpoint 'checkpoints_CNN/mnist_VAE_s10_v10_FS/last' (iter 4050, epoch 15.0)
=> saved checkpoint 'checkpoint_scores_CNN/mnist_VAE_s10_v10_FS/last' (iter 4050, epoch 15.0)
[Save Checkpoint] epoch: [15.0], Train: total:5274.88672, BCE:-17.99600, KLD:5292.87891,Test: total:21017.82812, BCE:-18.06392, KLD:21035.89062
=> saved checkpoint 'checkpoints_CNN/mnist_VAE_s10_v10_FS/last' (iter 4320, epoch 16.0)
=> saved checkpoint 'checkpoint_scores_CNN/mnist_VAE_s10_v10_FS/last' (iter 4320, epoch 16.0)
[Save Checkpoint] epoch: [16.0], Train: total:5367.88672, BCE:-18.24144, KLD:5386.12842,Test: total:21406.83008, BCE:-18.36091, KLD:21425.19141
=> saved checkpoint 'checkpoints_CNN/mnist_VAE_s10_v10_FS/last' (iter 4590, epoch 17.0)
=> saved checkpoint 'checkpoint_scores_CNN/mnist_VAE_s10_v10_FS/last' (iter 4590, epoch 17.0)
[Save Checkpoint] epoch: [17.0], Train: total:5248.79980, BCE:-17.66151, KLD:5266.46289,Test: total:20926.42969, BCE:-17.78669, KLD:20944.21875
=> saved checkpoint 'checkpoints_CNN/mnist_VAE_s10_v10_FS/last' (iter 4860, epoch 18.0)
=> saved checkpoint 'checkpoint_scores_CNN/mnist_VAE_s10_v10_FS/last' (iter 4860, epoch 18.0)
[Save Checkpoint] epoch: [18.0], Train: total:5183.05371, BCE:-18.00448, KLD:5201.05615,Test: total:20648.33008, BCE:-18.12881, KLD:20666.45703
=> saved checkpoint 'checkpoints_CNN/mnist_VAE_s10_v10_FS/last' (iter 5130, epoch 19.0)
=> saved checkpoint 'checkpoint_scores_CNN/mnist_VAE_s10_v10_FS/last' (iter 5130, epoch 19.0)
EarlyStopping counter: 1 out of 25
[Save Checkpoint] epoch: [19.0], Train: total:5239.97949, BCE:-18.14427, KLD:5258.12598,Test: total:20883.39062, BCE:-18.30292, KLD:20901.69336
=> saved checkpoint 'checkpoints_CNN/mnist_VAE_s10_v10_FS/last' (iter 5400, epoch 20.0)
=> saved checkpoint 'checkpoint_scores_CNN/mnist_VAE_s10_v10_FS/last' (iter 5400, epoch 20.0)
EarlyStopping counter: 2 out of 25
[Save Checkpoint] epoch: [20.0], Train: total:5258.52441, BCE:-18.39046, KLD:5276.91602,Test: total:20964.71289, BCE:-18.56407, KLD:20983.27539
=> saved checkpoint 'checkpoints_CNN/mnist_VAE_s10_v10_FS/last' (iter 5670, epoch 21.0)
=> saved checkpoint 'checkpoint_scores_CNN/mnist_VAE_s10_v10_FS/last' (iter 5670, epoch 21.0)
[Save Checkpoint] epoch: [21.0], Train: total:5244.46631, BCE:-19.02324, KLD:5263.49121,Test: total:20883.16211, BCE:-19.22764, KLD:20902.38867
=> saved checkpoint 'checkpoints_CNN/mnist_VAE_s10_v10_FS/last' (iter 5940, epoch 22.0)
=> saved checkpoint 'checkpoint_scores_CNN/mnist_VAE_s10_v10_FS/last' (iter 5940, epoch 22.0)
[Save Checkpoint] epoch: [22.0], Train: total:5264.81592, BCE:-18.78940, KLD:5283.60547,Test: total:20983.00781, BCE:-18.99143, KLD:21002.00000
=> saved checkpoint 'checkpoints_CNN/mnist_VAE_s10_v10_FS/last' (iter 6210, epoch 23.0)
=> saved checkpoint 'checkpoint_scores_CNN/mnist_VAE_s10_v10_FS/last' (iter 6210, epoch 23.0)
[Save Checkpoint] epoch: [23.0], Train: total:5241.59521, BCE:-18.97713, KLD:5260.57129,Test: total:20884.40430, BCE:-19.18858, KLD:20903.59180
=> saved checkpoint 'checkpoints_CNN/mnist_VAE_s10_v10_FS/last' (iter 6480, epoch 24.0)
=> saved checkpoint 'checkpoint_scores_CNN/mnist_VAE_s10_v10_FS/last' (iter 6480, epoch 24.0)
[Save Checkpoint] epoch: [24.0], Train: total:5271.78662, BCE:-19.83790, KLD:5291.62744,Test: total:21019.20703, BCE:-20.09780, KLD:21039.30273
=> saved checkpoint 'checkpoints_CNN/mnist_VAE_s10_v10_FS/last' (iter 6750, epoch 25.0)
=> saved checkpoint 'checkpoint_scores_CNN/mnist_VAE_s10_v10_FS/last' (iter 6750, epoch 25.0)
[Save Checkpoint] epoch: [25.0], Train: total:5248.11377, BCE:-19.83797, KLD:5267.95117,Test: total:20918.66016, BCE:-20.10013, KLD:20938.75977
=> saved checkpoint 'checkpoints_CNN/mnist_VAE_s10_v10_FS/last' (iter 7020, epoch 26.0)
=> saved checkpoint 'checkpoint_scores_CNN/mnist_VAE_s10_v10_FS/last' (iter 7020, epoch 26.0)
EarlyStopping counter: 1 out of 25
[Save Checkpoint] epoch: [26.0], Train: total:5177.57080, BCE:-20.71048, KLD:5198.27979,Test: total:20635.29102, BCE:-20.97425, KLD:20656.26562
=> saved checkpoint 'checkpoints_CNN/mnist_VAE_s10_v10_FS/last' (iter 7290, epoch 27.0)
=> saved checkpoint 'checkpoint_scores_CNN/mnist_VAE_s10_v10_FS/last' (iter 7290, epoch 27.0)
EarlyStopping counter: 2 out of 25
[Save Checkpoint] epoch: [27.0], Train: total:5235.00293, BCE:-20.59174, KLD:5255.59814,Test: total:20870.73047, BCE:-20.87445, KLD:20891.60547
=> saved checkpoint 'checkpoints_CNN/mnist_VAE_s10_v10_FS/last' (iter 7560, epoch 28.0)
=> saved checkpoint 'checkpoint_scores_CNN/mnist_VAE_s10_v10_FS/last' (iter 7560, epoch 28.0)
[Save Checkpoint] epoch: [28.0], Train: total:5153.80322, BCE:-19.68110, KLD:5173.48340,Test: total:20515.48828, BCE:-19.96180, KLD:20535.44727
=> saved checkpoint 'checkpoints_CNN/mnist_VAE_s10_v10_FS/last' (iter 7830, epoch 29.0)
=> saved checkpoint 'checkpoint_scores_CNN/mnist_VAE_s10_v10_FS/last' (iter 7830, epoch 29.0)
EarlyStopping counter: 1 out of 25
[Save Checkpoint] epoch: [29.0], Train: total:5192.78271, BCE:-20.57896, KLD:5213.36230,Test: total:20689.44727, BCE:-20.85581, KLD:20710.30273
=> saved checkpoint 'checkpoints_CNN/mnist_VAE_s10_v10_FS/last' (iter 8100, epoch 30.0)
=> saved checkpoint 'checkpoint_scores_CNN/mnist_VAE_s10_v10_FS/last' (iter 8100, epoch 30.0)
EarlyStopping counter: 2 out of 25
[Save Checkpoint] epoch: [30.0], Train: total:5265.16064, BCE:-21.17172, KLD:5286.33398,Test: total:20985.44336, BCE:-21.47017, KLD:21006.91406
=> saved checkpoint 'checkpoints_CNN/mnist_VAE_s10_v10_FS/last' (iter 8370, epoch 31.0)
=> saved checkpoint 'checkpoint_scores_CNN/mnist_VAE_s10_v10_FS/last' (iter 8370, epoch 31.0)
EarlyStopping counter: 3 out of 25
[Save Checkpoint] epoch: [31.0], Train: total:5207.55859, BCE:-21.67550, KLD:5229.23096,Test: total:20755.04297, BCE:-21.96634, KLD:20777.00977
=> saved checkpoint 'checkpoints_CNN/mnist_VAE_s10_v10_FS/last' (iter 8640, epoch 32.0)
=> saved checkpoint 'checkpoint_scores_CNN/mnist_VAE_s10_v10_FS/last' (iter 8640, epoch 32.0)
[Save Checkpoint] epoch: [32.0], Train: total:5152.70654, BCE:-21.94119, KLD:5174.64746,Test: total:20528.27148, BCE:-22.23076, KLD:20550.50195
=> saved checkpoint 'checkpoints_CNN/mnist_VAE_s10_v10_FS/last' (iter 8910, epoch 33.0)
=> saved checkpoint 'checkpoint_scores_CNN/mnist_VAE_s10_v10_FS/last' (iter 8910, epoch 33.0)
EarlyStopping counter: 1 out of 25
[Save Checkpoint] epoch: [33.0], Train: total:5195.39746, BCE:-22.45355, KLD:5217.85254,Test: total:20693.55273, BCE:-22.74635, KLD:20716.29688
=> saved checkpoint 'checkpoints_CNN/mnist_VAE_s10_v10_FS/last' (iter 9180, epoch 34.0)
=> saved checkpoint 'checkpoint_scores_CNN/mnist_VAE_s10_v10_FS/last' (iter 9180, epoch 34.0)
EarlyStopping counter: 2 out of 25
[Save Checkpoint] epoch: [34.0], Train: total:5215.72705, BCE:-22.66991, KLD:5238.39746,Test: total:20786.48438, BCE:-22.95468, KLD:20809.43945
=> saved checkpoint 'checkpoints_CNN/mnist_VAE_s10_v10_FS/last' (iter 9450, epoch 35.0)
=> saved checkpoint 'checkpoint_scores_CNN/mnist_VAE_s10_v10_FS/last' (iter 9450, epoch 35.0)
[Save Checkpoint] epoch: [35.0], Train: total:5245.21484, BCE:-22.33640, KLD:5267.55078,Test: total:20895.30078, BCE:-22.63819, KLD:20917.93750
=> saved checkpoint 'checkpoints_CNN/mnist_VAE_s10_v10_FS/last' (iter 9720, epoch 36.0)
=> saved checkpoint 'checkpoint_scores_CNN/mnist_VAE_s10_v10_FS/last' (iter 9720, epoch 36.0)
[Save Checkpoint] epoch: [36.0], Train: total:5210.41309, BCE:-22.78848, KLD:5233.19922,Test: total:20760.73828, BCE:-23.07340, KLD:20783.81055
=> saved checkpoint 'checkpoints_CNN/mnist_VAE_s10_v10_FS/last' (iter 9990, epoch 37.0)
=> saved checkpoint 'checkpoint_scores_CNN/mnist_VAE_s10_v10_FS/last' (iter 9990, epoch 37.0)
EarlyStopping counter: 1 out of 25
[Save Checkpoint] epoch: [37.0], Train: total:5199.52490, BCE:-22.52453, KLD:5222.05371,Test: total:20699.04492, BCE:-22.80651, KLD:20721.85156
=> saved checkpoint 'checkpoints_CNN/mnist_VAE_s10_v10_FS/last' (iter 10260, epoch 38.0)
=> saved checkpoint 'checkpoint_scores_CNN/mnist_VAE_s10_v10_FS/last' (iter 10260, epoch 38.0)
EarlyStopping counter: 2 out of 25
[Save Checkpoint] epoch: [38.0], Train: total:5163.81885, BCE:-23.00389, KLD:5186.81982,Test: total:20560.82617, BCE:-23.28135, KLD:20584.10547
=> saved checkpoint 'checkpoints_CNN/mnist_VAE_s10_v10_FS/last' (iter 10530, epoch 39.0)
=> saved checkpoint 'checkpoint_scores_CNN/mnist_VAE_s10_v10_FS/last' (iter 10530, epoch 39.0)
EarlyStopping counter: 3 out of 25
[Save Checkpoint] epoch: [39.0], Train: total:5118.07422, BCE:-22.82951, KLD:5140.90381,Test: total:20381.10156, BCE:-23.11530, KLD:20404.21484
=> saved checkpoint 'checkpoints_CNN/mnist_VAE_s10_v10_FS/last' (iter 10800, epoch 40.0)
=> saved checkpoint 'checkpoint_scores_CNN/mnist_VAE_s10_v10_FS/last' (iter 10800, epoch 40.0)
[Save Checkpoint] epoch: [40.0], Train: total:5174.12451, BCE:-22.05980, KLD:5196.18506,Test: total:20618.39453, BCE:-22.34764, KLD:20640.74219
=> saved checkpoint 'checkpoints_CNN/mnist_VAE_s10_v10_FS/last' (iter 11070, epoch 41.0)
=> saved checkpoint 'checkpoint_scores_CNN/mnist_VAE_s10_v10_FS/last' (iter 11070, epoch 41.0)
[Save Checkpoint] epoch: [41.0], Train: total:5197.96143, BCE:-21.75446, KLD:5219.71680,Test: total:20705.62109, BCE:-22.02207, KLD:20727.64258
=> saved checkpoint 'checkpoints_CNN/mnist_VAE_s10_v10_FS/last' (iter 11340, epoch 42.0)
=> saved checkpoint 'checkpoint_scores_CNN/mnist_VAE_s10_v10_FS/last' (iter 11340, epoch 42.0)
[Save Checkpoint] epoch: [42.0], Train: total:5232.95459, BCE:-22.20502, KLD:5255.15527,Test: total:20830.64062, BCE:-22.45152, KLD:20853.09180
=> saved checkpoint 'checkpoints_CNN/mnist_VAE_s10_v10_FS/last' (iter 11610, epoch 43.0)
=> saved checkpoint 'checkpoint_scores_CNN/mnist_VAE_s10_v10_FS/last' (iter 11610, epoch 43.0)
[Save Checkpoint] epoch: [43.0], Train: total:5250.46289, BCE:-22.19990, KLD:5272.66357,Test: total:20906.18945, BCE:-22.45467, KLD:20928.64258
=> saved checkpoint 'checkpoints_CNN/mnist_VAE_s10_v10_FS/last' (iter 11880, epoch 44.0)
=> saved checkpoint 'checkpoint_scores_CNN/mnist_VAE_s10_v10_FS/last' (iter 11880, epoch 44.0)
EarlyStopping counter: 1 out of 25
[Save Checkpoint] epoch: [44.0], Train: total:5136.80908, BCE:-22.40194, KLD:5159.20898,Test: total:20455.96680, BCE:-22.65605, KLD:20478.62305
=> saved checkpoint 'checkpoints_CNN/mnist_VAE_s10_v10_FS/last' (iter 12150, epoch 45.0)
=> saved checkpoint 'checkpoint_scores_CNN/mnist_VAE_s10_v10_FS/last' (iter 12150, epoch 45.0)
[Save Checkpoint] epoch: [45.0], Train: total:5102.67578, BCE:-22.37221, KLD:5125.05127,Test: total:20324.51172, BCE:-22.64831, KLD:20347.16016
=> saved checkpoint 'checkpoints_CNN/mnist_VAE_s10_v10_FS/last' (iter 12420, epoch 46.0)
=> saved checkpoint 'checkpoint_scores_CNN/mnist_VAE_s10_v10_FS/last' (iter 12420, epoch 46.0)
EarlyStopping counter: 1 out of 25
[Save Checkpoint] epoch: [46.0], Train: total:5221.73486, BCE:-23.06990, KLD:5244.80371,Test: total:20803.14648, BCE:-23.31748, KLD:20826.46289
=> saved checkpoint 'checkpoints_CNN/mnist_VAE_s10_v10_FS/last' (iter 12690, epoch 47.0)
=> saved checkpoint 'checkpoint_scores_CNN/mnist_VAE_s10_v10_FS/last' (iter 12690, epoch 47.0)
EarlyStopping counter: 2 out of 25
[Save Checkpoint] epoch: [47.0], Train: total:5231.76709, BCE:-23.32872, KLD:5255.09521,Test: total:20835.60742, BCE:-23.57476, KLD:20859.17773
=> saved checkpoint 'checkpoints_CNN/mnist_VAE_s10_v10_FS/last' (iter 12960, epoch 48.0)
=> saved checkpoint 'checkpoint_scores_CNN/mnist_VAE_s10_v10_FS/last' (iter 12960, epoch 48.0)
EarlyStopping counter: 3 out of 25
[Save Checkpoint] epoch: [48.0], Train: total:5149.67041, BCE:-23.39855, KLD:5173.06738,Test: total:20509.45117, BCE:-23.64918, KLD:20533.10352
=> saved checkpoint 'checkpoints_CNN/mnist_VAE_s10_v10_FS/last' (iter 13230, epoch 49.0)
=> saved checkpoint 'checkpoint_scores_CNN/mnist_VAE_s10_v10_FS/last' (iter 13230, epoch 49.0)
EarlyStopping counter: 4 out of 25
[Save Checkpoint] epoch: [49.0], Train: total:5129.61768, BCE:-23.19072, KLD:5152.80811,Test: total:20417.48242, BCE:-23.42530, KLD:20440.90820
Epoch    50: reducing learning rate of group 0 to 2.0000e-04.
=> saved checkpoint 'checkpoints_CNN/mnist_VAE_s10_v10_FS/last' (iter 13500, epoch 50.0)
=> saved checkpoint 'checkpoint_scores_CNN/mnist_VAE_s10_v10_FS/last' (iter 13500, epoch 50.0)
EarlyStopping counter: 5 out of 25
[Save Checkpoint] epoch: [50.0], Train: total:5191.56445, BCE:-23.95626, KLD:5215.51953,Test: total:20673.97852, BCE:-24.18762, KLD:20698.16406
=> saved checkpoint 'checkpoints_CNN/mnist_VAE_s10_v10_FS/last' (iter 13770, epoch 51.0)
=> saved checkpoint 'checkpoint_scores_CNN/mnist_VAE_s10_v10_FS/last' (iter 13770, epoch 51.0)
[Save Checkpoint] epoch: [51.0], Train: total:5162.07764, BCE:-24.20235, KLD:5186.27930,Test: total:20556.63672, BCE:-24.42542, KLD:20581.06055
=> saved checkpoint 'checkpoints_CNN/mnist_VAE_s10_v10_FS/last' (iter 14040, epoch 52.0)
=> saved checkpoint 'checkpoint_scores_CNN/mnist_VAE_s10_v10_FS/last' (iter 14040, epoch 52.0)
[Save Checkpoint] epoch: [52.0], Train: total:5188.77148, BCE:-24.19203, KLD:5212.96387,Test: total:20667.25000, BCE:-24.41647, KLD:20691.66602
=> saved checkpoint 'checkpoints_CNN/mnist_VAE_s10_v10_FS/last' (iter 14310, epoch 53.0)
=> saved checkpoint 'checkpoint_scores_CNN/mnist_VAE_s10_v10_FS/last' (iter 14310, epoch 53.0)
EarlyStopping counter: 1 out of 25
[Save Checkpoint] epoch: [53.0], Train: total:5176.72510, BCE:-24.32001, KLD:5201.04395,Test: total:20615.24023, BCE:-24.54534, KLD:20639.78711
=> saved checkpoint 'checkpoints_CNN/mnist_VAE_s10_v10_FS/last' (iter 14580, epoch 54.0)
=> saved checkpoint 'checkpoint_scores_CNN/mnist_VAE_s10_v10_FS/last' (iter 14580, epoch 54.0)
[Save Checkpoint] epoch: [54.0], Train: total:5171.57666, BCE:-24.17437, KLD:5195.75195,Test: total:20593.09180, BCE:-24.41025, KLD:20617.49805
=> saved checkpoint 'checkpoints_CNN/mnist_VAE_s10_v10_FS/last' (iter 14850, epoch 55.0)
=> saved checkpoint 'checkpoint_scores_CNN/mnist_VAE_s10_v10_FS/last' (iter 14850, epoch 55.0)
[Save Checkpoint] epoch: [55.0], Train: total:5179.01123, BCE:-24.18906, KLD:5203.20215,Test: total:20627.02539, BCE:-24.41445, KLD:20651.44141
=> saved checkpoint 'checkpoints_CNN/mnist_VAE_s10_v10_FS/last' (iter 15120, epoch 56.0)
=> saved checkpoint 'checkpoint_scores_CNN/mnist_VAE_s10_v10_FS/last' (iter 15120, epoch 56.0)
EarlyStopping counter: 1 out of 25
[Save Checkpoint] epoch: [56.0], Train: total:5208.79346, BCE:-24.38943, KLD:5233.17871,Test: total:20746.17383, BCE:-24.61225, KLD:20770.78711
=> saved checkpoint 'checkpoints_CNN/mnist_VAE_s10_v10_FS/last' (iter 15390, epoch 57.0)
=> saved checkpoint 'checkpoint_scores_CNN/mnist_VAE_s10_v10_FS/last' (iter 15390, epoch 57.0)
EarlyStopping counter: 2 out of 25
[Save Checkpoint] epoch: [57.0], Train: total:5171.52002, BCE:-24.16649, KLD:5195.68457,Test: total:20589.97461, BCE:-24.38667, KLD:20614.36133
=> saved checkpoint 'checkpoints_CNN/mnist_VAE_s10_v10_FS/last' (iter 15660, epoch 58.0)
=> saved checkpoint 'checkpoint_scores_CNN/mnist_VAE_s10_v10_FS/last' (iter 15660, epoch 58.0)
[Save Checkpoint] epoch: [58.0], Train: total:5180.75977, BCE:-24.40244, KLD:5205.16113,Test: total:20631.26367, BCE:-24.62681, KLD:20655.89062
=> saved checkpoint 'checkpoints_CNN/mnist_VAE_s10_v10_FS/last' (iter 15930, epoch 59.0)
=> saved checkpoint 'checkpoint_scores_CNN/mnist_VAE_s10_v10_FS/last' (iter 15930, epoch 59.0)
EarlyStopping counter: 1 out of 25
[Save Checkpoint] epoch: [59.0], Train: total:5155.24219, BCE:-24.49454, KLD:5179.73584,Test: total:20528.73828, BCE:-24.71308, KLD:20553.45117
=> saved checkpoint 'checkpoints_CNN/mnist_VAE_s10_v10_FS/last' (iter 16200, epoch 60.0)
=> saved checkpoint 'checkpoint_scores_CNN/mnist_VAE_s10_v10_FS/last' (iter 16200, epoch 60.0)
EarlyStopping counter: 2 out of 25
[Save Checkpoint] epoch: [60.0], Train: total:5176.45312, BCE:-24.36337, KLD:5200.81641,Test: total:20614.64648, BCE:-24.57557, KLD:20639.22070
=> saved checkpoint 'checkpoints_CNN/mnist_VAE_s10_v10_FS/last' (iter 16470, epoch 61.0)
=> saved checkpoint 'checkpoint_scores_CNN/mnist_VAE_s10_v10_FS/last' (iter 16470, epoch 61.0)
EarlyStopping counter: 3 out of 25
[Save Checkpoint] epoch: [61.0], Train: total:5164.14697, BCE:-24.46444, KLD:5188.61475,Test: total:20563.97461, BCE:-24.68964, KLD:20588.66602
=> saved checkpoint 'checkpoints_CNN/mnist_VAE_s10_v10_FS/last' (iter 16740, epoch 62.0)
=> saved checkpoint 'checkpoint_scores_CNN/mnist_VAE_s10_v10_FS/last' (iter 16740, epoch 62.0)
[Save Checkpoint] epoch: [62.0], Train: total:5189.19971, BCE:-24.41475, KLD:5213.61523,Test: total:20660.68945, BCE:-24.62311, KLD:20685.31445
=> saved checkpoint 'checkpoints_CNN/mnist_VAE_s10_v10_FS/last' (iter 17010, epoch 63.0)
=> saved checkpoint 'checkpoint_scores_CNN/mnist_VAE_s10_v10_FS/last' (iter 17010, epoch 63.0)
EarlyStopping counter: 1 out of 25
[Save Checkpoint] epoch: [63.0], Train: total:5177.18750, BCE:-24.27637, KLD:5201.45801,Test: total:20613.82617, BCE:-24.51006, KLD:20638.33594
=> saved checkpoint 'checkpoints_CNN/mnist_VAE_s10_v10_FS/last' (iter 17280, epoch 64.0)
=> saved checkpoint 'checkpoint_scores_CNN/mnist_VAE_s10_v10_FS/last' (iter 17280, epoch 64.0)
[Save Checkpoint] epoch: [64.0], Train: total:5163.67773, BCE:-24.47558, KLD:5188.15430,Test: total:20558.22070, BCE:-24.68558, KLD:20582.90625
=> saved checkpoint 'checkpoints_CNN/mnist_VAE_s10_v10_FS/last' (iter 17550, epoch 65.0)
=> saved checkpoint 'checkpoint_scores_CNN/mnist_VAE_s10_v10_FS/last' (iter 17550, epoch 65.0)
EarlyStopping counter: 1 out of 25
[Save Checkpoint] epoch: [65.0], Train: total:5179.37744, BCE:-24.49688, KLD:5203.87500,Test: total:20618.26953, BCE:-24.71150, KLD:20642.98242
=> saved checkpoint 'checkpoints_CNN/mnist_VAE_s10_v10_FS/last' (iter 17820, epoch 66.0)
=> saved checkpoint 'checkpoint_scores_CNN/mnist_VAE_s10_v10_FS/last' (iter 17820, epoch 66.0)
EarlyStopping counter: 2 out of 25
[Save Checkpoint] epoch: [66.0], Train: total:5174.02490, BCE:-24.56425, KLD:5198.59033,Test: total:20600.15430, BCE:-24.77544, KLD:20624.92969
=> saved checkpoint 'checkpoints_CNN/mnist_VAE_s10_v10_FS/last' (iter 18090, epoch 67.0)
=> saved checkpoint 'checkpoint_scores_CNN/mnist_VAE_s10_v10_FS/last' (iter 18090, epoch 67.0)
EarlyStopping counter: 3 out of 25
[Save Checkpoint] epoch: [67.0], Train: total:5182.99658, BCE:-24.36083, KLD:5207.35742,Test: total:20636.94336, BCE:-24.57229, KLD:20661.51367
=> saved checkpoint 'checkpoints_CNN/mnist_VAE_s10_v10_FS/last' (iter 18360, epoch 68.0)
=> saved checkpoint 'checkpoint_scores_CNN/mnist_VAE_s10_v10_FS/last' (iter 18360, epoch 68.0)
[Save Checkpoint] epoch: [68.0], Train: total:5171.94385, BCE:-24.34513, KLD:5196.28906,Test: total:20587.05664, BCE:-24.56775, KLD:20611.62305
=> saved checkpoint 'checkpoints_CNN/mnist_VAE_s10_v10_FS/last' (iter 18630, epoch 69.0)
=> saved checkpoint 'checkpoint_scores_CNN/mnist_VAE_s10_v10_FS/last' (iter 18630, epoch 69.0)
EarlyStopping counter: 1 out of 25
[Save Checkpoint] epoch: [69.0], Train: total:5158.91162, BCE:-24.45891, KLD:5183.37207,Test: total:20532.86914, BCE:-24.67739, KLD:20557.54492
=> saved checkpoint 'checkpoints_CNN/mnist_VAE_s10_v10_FS/last' (iter 18900, epoch 70.0)
=> saved checkpoint 'checkpoint_scores_CNN/mnist_VAE_s10_v10_FS/last' (iter 18900, epoch 70.0)
EarlyStopping counter: 2 out of 25
[Save Checkpoint] epoch: [70.0], Train: total:5162.76270, BCE:-24.40419, KLD:5187.16846,Test: total:20554.43164, BCE:-24.61724, KLD:20579.04688
=> saved checkpoint 'checkpoints_CNN/mnist_VAE_s10_v10_FS/last' (iter 19170, epoch 71.0)
=> saved checkpoint 'checkpoint_scores_CNN/mnist_VAE_s10_v10_FS/last' (iter 19170, epoch 71.0)
EarlyStopping counter: 3 out of 25
[Save Checkpoint] epoch: [71.0], Train: total:5190.64893, BCE:-24.48093, KLD:5215.13184,Test: total:20666.20898, BCE:-24.69362, KLD:20690.90039
=> saved checkpoint 'checkpoints_CNN/mnist_VAE_s10_v10_FS/last' (iter 19440, epoch 72.0)
=> saved checkpoint 'checkpoint_scores_CNN/mnist_VAE_s10_v10_FS/last' (iter 19440, epoch 72.0)
EarlyStopping counter: 4 out of 25
[Save Checkpoint] epoch: [72.0], Train: total:5182.46143, BCE:-24.52679, KLD:5206.98779,Test: total:20634.73438, BCE:-24.73677, KLD:20659.47266
Epoch    73: reducing learning rate of group 0 to 4.0000e-05.
=> saved checkpoint 'checkpoints_CNN/mnist_VAE_s10_v10_FS/last' (iter 19710, epoch 73.0)
=> saved checkpoint 'checkpoint_scores_CNN/mnist_VAE_s10_v10_FS/last' (iter 19710, epoch 73.0)
EarlyStopping counter: 5 out of 25
[Save Checkpoint] epoch: [73.0], Train: total:5182.05518, BCE:-24.54001, KLD:5206.59131,Test: total:20634.09375, BCE:-24.75712, KLD:20658.84961
=> saved checkpoint 'checkpoints_CNN/mnist_VAE_s10_v10_FS/last' (iter 19980, epoch 74.0)
=> saved checkpoint 'checkpoint_scores_CNN/mnist_VAE_s10_v10_FS/last' (iter 19980, epoch 74.0)
EarlyStopping counter: 6 out of 25
[Save Checkpoint] epoch: [74.0], Train: total:5169.41943, BCE:-24.31098, KLD:5193.72949,Test: total:20583.10742, BCE:-24.53292, KLD:20607.63867
=> saved checkpoint 'checkpoints_CNN/mnist_VAE_s10_v10_FS/last' (iter 20250, epoch 75.0)
=> saved checkpoint 'checkpoint_scores_CNN/mnist_VAE_s10_v10_FS/last' (iter 20250, epoch 75.0)
[Save Checkpoint] epoch: [75.0], Train: total:5167.00830, BCE:-24.32546, KLD:5191.33203,Test: total:20574.40430, BCE:-24.53620, KLD:20598.94141
=> saved checkpoint 'checkpoints_CNN/mnist_VAE_s10_v10_FS/last' (iter 20520, epoch 76.0)
=> saved checkpoint 'checkpoint_scores_CNN/mnist_VAE_s10_v10_FS/last' (iter 20520, epoch 76.0)
[Save Checkpoint] epoch: [76.0], Train: total:5164.64648, BCE:-24.32237, KLD:5188.96729,Test: total:20563.58984, BCE:-24.53990, KLD:20588.12695
=> saved checkpoint 'checkpoints_CNN/mnist_VAE_s10_v10_FS/last' (iter 20790, epoch 77.0)
=> saved checkpoint 'checkpoint_scores_CNN/mnist_VAE_s10_v10_FS/last' (iter 20790, epoch 77.0)
EarlyStopping counter: 1 out of 25
[Save Checkpoint] epoch: [77.0], Train: total:5165.99609, BCE:-24.32454, KLD:5190.32275,Test: total:20567.13281, BCE:-24.54624, KLD:20591.67773
=> saved checkpoint 'checkpoints_CNN/mnist_VAE_s10_v10_FS/last' (iter 21060, epoch 78.0)
=> saved checkpoint 'checkpoint_scores_CNN/mnist_VAE_s10_v10_FS/last' (iter 21060, epoch 78.0)
EarlyStopping counter: 2 out of 25
[Save Checkpoint] epoch: [78.0], Train: total:5165.34473, BCE:-24.29362, KLD:5189.63672,Test: total:20564.00586, BCE:-24.51324, KLD:20588.51953
=> saved checkpoint 'checkpoints_CNN/mnist_VAE_s10_v10_FS/last' (iter 21330, epoch 79.0)
=> saved checkpoint 'checkpoint_scores_CNN/mnist_VAE_s10_v10_FS/last' (iter 21330, epoch 79.0)
EarlyStopping counter: 3 out of 25
[Save Checkpoint] epoch: [79.0], Train: total:5162.37402, BCE:-24.37803, KLD:5186.74854,Test: total:20554.73047, BCE:-24.58417, KLD:20579.31641
=> saved checkpoint 'checkpoints_CNN/mnist_VAE_s10_v10_FS/last' (iter 21600, epoch 80.0)
=> saved checkpoint 'checkpoint_scores_CNN/mnist_VAE_s10_v10_FS/last' (iter 21600, epoch 80.0)
EarlyStopping counter: 4 out of 25
[Save Checkpoint] epoch: [80.0], Train: total:5168.03857, BCE:-24.45392, KLD:5192.49219,Test: total:20574.94922, BCE:-24.67040, KLD:20599.62109
Epoch    81: reducing learning rate of group 0 to 8.0000e-06.
=> saved checkpoint 'checkpoints_CNN/mnist_VAE_s10_v10_FS/last' (iter 21870, epoch 81.0)
=> saved checkpoint 'checkpoint_scores_CNN/mnist_VAE_s10_v10_FS/last' (iter 21870, epoch 81.0)
EarlyStopping counter: 5 out of 25
[Save Checkpoint] epoch: [81.0], Train: total:5171.33301, BCE:-24.44840, KLD:5195.77930,Test: total:20591.21289, BCE:-24.66066, KLD:20615.87500
=> saved checkpoint 'checkpoints_CNN/mnist_VAE_s10_v10_FS/last' (iter 22140, epoch 82.0)
=> saved checkpoint 'checkpoint_scores_CNN/mnist_VAE_s10_v10_FS/last' (iter 22140, epoch 82.0)
EarlyStopping counter: 6 out of 25
[Save Checkpoint] epoch: [82.0], Train: total:5170.29736, BCE:-24.37633, KLD:5194.67578,Test: total:20586.08398, BCE:-24.59020, KLD:20610.67773
=> saved checkpoint 'checkpoints_CNN/mnist_VAE_s10_v10_FS/last' (iter 22410, epoch 83.0)
=> saved checkpoint 'checkpoint_scores_CNN/mnist_VAE_s10_v10_FS/last' (iter 22410, epoch 83.0)
EarlyStopping counter: 7 out of 25
[Save Checkpoint] epoch: [83.0], Train: total:5167.36377, BCE:-24.36847, KLD:5191.73584,Test: total:20573.19531, BCE:-24.58360, KLD:20597.77734
=> saved checkpoint 'checkpoints_CNN/mnist_VAE_s10_v10_FS/last' (iter 22680, epoch 84.0)
=> saved checkpoint 'checkpoint_scores_CNN/mnist_VAE_s10_v10_FS/last' (iter 22680, epoch 84.0)
EarlyStopping counter: 8 out of 25
[Save Checkpoint] epoch: [84.0], Train: total:5166.91943, BCE:-24.37863, KLD:5191.29785,Test: total:20571.74414, BCE:-24.58640, KLD:20596.33008
=> saved checkpoint 'checkpoints_CNN/mnist_VAE_s10_v10_FS/last' (iter 22950, epoch 85.0)
=> saved checkpoint 'checkpoint_scores_CNN/mnist_VAE_s10_v10_FS/last' (iter 22950, epoch 85.0)
EarlyStopping counter: 9 out of 25
[Save Checkpoint] epoch: [85.0], Train: total:5166.07764, BCE:-24.38084, KLD:5190.45996,Test: total:20568.86914, BCE:-24.59534, KLD:20593.46680
Epoch    86: reducing learning rate of group 0 to 1.6000e-06.
=> saved checkpoint 'checkpoints_CNN/mnist_VAE_s10_v10_FS/last' (iter 23220, epoch 86.0)
=> saved checkpoint 'checkpoint_scores_CNN/mnist_VAE_s10_v10_FS/last' (iter 23220, epoch 86.0)
EarlyStopping counter: 10 out of 25
[Save Checkpoint] epoch: [86.0], Train: total:5171.84424, BCE:-24.35694, KLD:5196.19873,Test: total:20592.19727, BCE:-24.58428, KLD:20616.77930
=> saved checkpoint 'checkpoints_CNN/mnist_VAE_s10_v10_FS/last' (iter 23490, epoch 87.0)
=> saved checkpoint 'checkpoint_scores_CNN/mnist_VAE_s10_v10_FS/last' (iter 23490, epoch 87.0)
EarlyStopping counter: 11 out of 25
[Save Checkpoint] epoch: [87.0], Train: total:5169.45801, BCE:-24.41582, KLD:5193.87158,Test: total:20583.14648, BCE:-24.62444, KLD:20607.77148
=> saved checkpoint 'checkpoints_CNN/mnist_VAE_s10_v10_FS/last' (iter 23760, epoch 88.0)
=> saved checkpoint 'checkpoint_scores_CNN/mnist_VAE_s10_v10_FS/last' (iter 23760, epoch 88.0)
EarlyStopping counter: 12 out of 25
[Save Checkpoint] epoch: [88.0], Train: total:5169.65430, BCE:-24.41865, KLD:5194.06982,Test: total:20583.87695, BCE:-24.63579, KLD:20608.51367
=> saved checkpoint 'checkpoints_CNN/mnist_VAE_s10_v10_FS/last' (iter 24030, epoch 89.0)
=> saved checkpoint 'checkpoint_scores_CNN/mnist_VAE_s10_v10_FS/last' (iter 24030, epoch 89.0)
EarlyStopping counter: 13 out of 25
[Save Checkpoint] epoch: [89.0], Train: total:5167.21240, BCE:-24.40299, KLD:5191.61133,Test: total:20574.23828, BCE:-24.61932, KLD:20598.85742
=> saved checkpoint 'checkpoints_CNN/mnist_VAE_s10_v10_FS/last' (iter 24300, epoch 90.0)
=> saved checkpoint 'checkpoint_scores_CNN/mnist_VAE_s10_v10_FS/last' (iter 24300, epoch 90.0)
EarlyStopping counter: 14 out of 25
[Save Checkpoint] epoch: [90.0], Train: total:5168.05908, BCE:-24.41193, KLD:5192.47217,Test: total:20577.65039, BCE:-24.62711, KLD:20602.27734
Epoch    91: reducing learning rate of group 0 to 1.0000e-06.
=> saved checkpoint 'checkpoints_CNN/mnist_VAE_s10_v10_FS/last' (iter 24570, epoch 91.0)
=> saved checkpoint 'checkpoint_scores_CNN/mnist_VAE_s10_v10_FS/last' (iter 24570, epoch 91.0)
EarlyStopping counter: 15 out of 25
[Save Checkpoint] epoch: [91.0], Train: total:5169.11914, BCE:-24.42426, KLD:5193.54395,Test: total:20581.55273, BCE:-24.63496, KLD:20606.18750
=> saved checkpoint 'checkpoints_CNN/mnist_VAE_s10_v10_FS/last' (iter 24840, epoch 92.0)
=> saved checkpoint 'checkpoint_scores_CNN/mnist_VAE_s10_v10_FS/last' (iter 24840, epoch 92.0)
EarlyStopping counter: 16 out of 25
[Save Checkpoint] epoch: [92.0], Train: total:5169.47705, BCE:-24.42746, KLD:5193.90283,Test: total:20582.94727, BCE:-24.63360, KLD:20607.58008
=> saved checkpoint 'checkpoints_CNN/mnist_VAE_s10_v10_FS/last' (iter 25110, epoch 93.0)
=> saved checkpoint 'checkpoint_scores_CNN/mnist_VAE_s10_v10_FS/last' (iter 25110, epoch 93.0)
EarlyStopping counter: 17 out of 25
[Save Checkpoint] epoch: [93.0], Train: total:5167.86182, BCE:-24.42859, KLD:5192.29053,Test: total:20576.31836, BCE:-24.64399, KLD:20600.95898
=> saved checkpoint 'checkpoints_CNN/mnist_VAE_s10_v10_FS/last' (iter 25380, epoch 94.0)
=> saved checkpoint 'checkpoint_scores_CNN/mnist_VAE_s10_v10_FS/last' (iter 25380, epoch 94.0)
EarlyStopping counter: 18 out of 25
[Save Checkpoint] epoch: [94.0], Train: total:5167.97266, BCE:-24.42768, KLD:5192.40332,Test: total:20576.94727, BCE:-24.64731, KLD:20601.59180
=> saved checkpoint 'checkpoints_CNN/mnist_VAE_s10_v10_FS/last' (iter 25650, epoch 95.0)
=> saved checkpoint 'checkpoint_scores_CNN/mnist_VAE_s10_v10_FS/last' (iter 25650, epoch 95.0)
EarlyStopping counter: 19 out of 25
[Save Checkpoint] epoch: [95.0], Train: total:5168.99951, BCE:-24.43274, KLD:5193.43164,Test: total:20581.17578, BCE:-24.63926, KLD:20605.81250
=> saved checkpoint 'checkpoints_CNN/mnist_VAE_s10_v10_FS/last' (iter 25920, epoch 96.0)
=> saved checkpoint 'checkpoint_scores_CNN/mnist_VAE_s10_v10_FS/last' (iter 25920, epoch 96.0)
EarlyStopping counter: 20 out of 25
[Save Checkpoint] epoch: [96.0], Train: total:5167.06543, BCE:-24.42647, KLD:5191.49414,Test: total:20573.20898, BCE:-24.63088, KLD:20597.84180
=> saved checkpoint 'checkpoints_CNN/mnist_VAE_s10_v10_FS/last' (iter 26190, epoch 97.0)
=> saved checkpoint 'checkpoint_scores_CNN/mnist_VAE_s10_v10_FS/last' (iter 26190, epoch 97.0)
EarlyStopping counter: 21 out of 25
[Save Checkpoint] epoch: [97.0], Train: total:5169.29639, BCE:-24.43901, KLD:5193.73193,Test: total:20582.35352, BCE:-24.64730, KLD:20607.00195
=> saved checkpoint 'checkpoints_CNN/mnist_VAE_s10_v10_FS/last' (iter 26460, epoch 98.0)
=> saved checkpoint 'checkpoint_scores_CNN/mnist_VAE_s10_v10_FS/last' (iter 26460, epoch 98.0)
EarlyStopping counter: 22 out of 25
[Save Checkpoint] epoch: [98.0], Train: total:5167.79834, BCE:-24.42772, KLD:5192.22803,Test: total:20576.22852, BCE:-24.64210, KLD:20600.87109
=> saved checkpoint 'checkpoints_CNN/mnist_VAE_s10_v10_FS/last' (iter 26730, epoch 99.0)
=> saved checkpoint 'checkpoint_scores_CNN/mnist_VAE_s10_v10_FS/last' (iter 26730, epoch 99.0)
EarlyStopping counter: 23 out of 25
[Save Checkpoint] epoch: [99.0], Train: total:5167.58740, BCE:-24.43727, KLD:5192.02783,Test: total:20575.32227, BCE:-24.65315, KLD:20599.97461
=> saved checkpoint 'checkpoints_CNN/mnist_VAE_s10_v10_FS/last' (iter 27000, epoch 100.0)
=> saved checkpoint 'checkpoint_scores_CNN/mnist_VAE_s10_v10_FS/last' (iter 27000, epoch 100.0)
EarlyStopping counter: 24 out of 25
[Save Checkpoint] epoch: [100.0], Train: total:5168.14062, BCE:-24.43880, KLD:5192.57666,Test: total:20577.63867, BCE:-24.64849, KLD:20602.28516
[Training Finished]
All done !
