60
--gpu_devices 0 --max_iter 100 --batch_size 250 --use_scheduler True --lr 1e-3 --GMP True --z_struct_size 10 --is_VAE True --is_encoder_struct False --lambda_BCE 1 --beta 1 --big_kernel_size 8 --two_conv_layer True --three_conv_layer True --kernel_size_1 4 --kernel_size_2 4 --kernel_size_3 4 --BK_in_first_layer True --BK_in_second_layer False --BK_in_third_layer False --stride_size 1 --hidden_filters_layer1 64 --hidden_filters_layer2 64 --hidden_filters_layer3 64 --dataset_balanced True --binary_z True --binary_first_conv False --binary_second_conv False --binary_third_conv True --z_var_size 30 --z_struct_size 25 --use_small_lr_encoder_var True --encoder_var_name mnist_vae_var_2cb_30 --encoder_struct_name mnist_struct_baseline_scheduler_binary_25 --freeze_Encoder True --exp_name mnist_VAE_s25_v30_PT
Namespace(BK_in_first_layer=True, BK_in_second_layer=False, BK_in_third_layer=False, BN=False, C_max=25, C_stop_iter=100000.0, E1_AE=False, E1_VAE=False, E1_conv=False, E1_dense=False, E1_second_conv=False, E1_second_conv_adapt=False, GMP=True, Hmg_dst_loss=False, IPC=False, L1_norm_act=False, L1_norm_weights=False, L3_without_random=False, LOG_DIR='logs', adapt_lr=False, add_classification_layer=True, add_linear_after_GMP=True, add_z_struct_bottleneck=False, alpha=32, batch_size=250, beta=1.0, beta1=0.9, beta2=0.999, big_kernel=False, big_kernel_size=8, binary_chain=False, binary_first_conv=False, binary_second_conv=False, binary_third_conv=True, binary_z=True, both_decoders_freeze=False, ckpt_dir='checkpoints_CNN', ckpt_dir_scores='checkpoint_scores_CNN', classif_layer_size=30, contrastive_loss=False, cuda=True, dataset='mnist', dataset_balanced=True, decoder_first_dense=36, decoder_kernel_size_1=4, decoder_kernel_size_2=3, decoder_kernel_size_3=4, decoder_n_filter_1=64, decoder_n_filter_2=64, decoder_n_filter_3=64, decoder_stride_1=2, decoder_stride_2=2, decoder_stride_3=1, diff_var=False, display_step=10000, dset_dir='data', encoder_struct_name='mnist_struct_baseline_scheduler_binary_25', encoder_var_name='mnist_vae_var_2cb_30', exp_name='mnist_VAE_s25_v30_PT', freeze_Encoder=True, gamma=1000, gpu_devices=[0], hidden_filters_layer1=64, hidden_filters_layer2=64, hidden_filters_layer3=64, image_size=64, intra_class_variance_loss=False, is_C=True, is_E1=False, is_VAE=True, is_VAE_var=False, is_binary_structural_latent=False, is_custom_model=False, is_custom_model_BK=False, is_default_model=False, is_encoder_struct=False, is_noise_stats=False, is_partial_rand_class=False, is_perturbed_score=False, is_zvar_sim_loss=False, just_train=False, kernel_size=4, kernel_size_1=4, kernel_size_2=4, kernel_size_3=4, lambda_BCE=1.0, lambda_Kl_struct=1, lambda_Kl_var=1, lambda_L1=0.01, lambda_VAE=1, lambda_class=1, lambda_contrastive_loss=1, lambda_distance_mean=1, lambda_hmg_dst=1, lambda_intra_class_var=1, lambda_partial_class=1, lambda_ratio_reg=1, lambda_recon_wt_rand=1, lambda_recons=1, lambda_uniq_code_dst=1, lambda_var_distance=1, lambda_var_inter=1, lambda_var_intra=1, lambda_zvar_sim=1, latent_spec_cont=None, latent_spec_cont_class=None, latent_spec_cont_var=None, latent_spec_disc=None, latent_spec_disc_class=None, latent_spec_disc_var=None, log_level='info', loss='Proxy_Anchor', loss_distance_mean=False, loss_min_distance_cl=False, lr=0.001, max_epoch_use_uniq_code_target=5, max_iter=100.0, model='CNN', mrg=0.1, nb_epochs_train_only_zvar=0, num_workers=2, old_weighted=False, optimizer='adamw', other_architecture=False, other_ratio=False, random_percentage=0.2, random_seed=10, randomness=True, ratio_reg=False, remark='', save_step=10000, second_layer_C=False, seed=1, stride_size=1, sz_embedding=5, three_conv_layer=True, train=True, train_var_struct_alternatively=False, two_conv_layer=True, two_encoder=False, uniq_code_dst_loss=False, use_VAE=False, use_decoder=False, use_early_stopping=True, use_scheduler=True, use_small_lr_encoder_var=True, use_structural_encoder=False, value_target_distance_mean=1, var_hidden_dim=256, var_hidden_filters_1=32, var_hidden_filters_2=32, var_hidden_filters_3=32, var_kernel_size_1=3, var_kernel_size_2=3, var_kernel_size_3=3, var_second_cnn_block=True, var_stride_size_1=1, var_stride_size_2=1, var_stride_size_3=1, var_third_cnn_block=False, var_three_conv_layer=False, warm=1, without_acc=False, z_struct_size=25, z_var_size=30, zeros_W_Classif=False, zvar_sim_change_zvar=False, zvar_sim_loss_for_all_model=False, zvar_sim_loss_only_for_encoder=False, zvar_sim_normal=False, zvar_sim_var_rand=False)
CUDA Visible devices !
[Using Seed: 10]
Balanced dataset loaded
VAE doesn't exist but encoder var yes ! load var encoder weighs !
=> loaded checkpoint 'checkpoints_CNN/mnist_vae_var_2cb_30/last (iter 69375)'
Weighs loaded for var encoder !
VAE doesn't exist but encoder struct yes ! load struct encoder weighs !
=> loaded checkpoint 'checkpoints_CNN/mnist_struct_baseline_scheduler_binary_25/last (iter 20250)'
Weighs loaded for struct encoder !
use 1 gpu who named: Tesla V100-SXM2-32GB
VAE(
  (encoder_struct): Sequential(
    (0): Conv2d(1, 64, kernel_size=(8, 8), stride=(1, 1))
    (1): BatchNorm2d(64, eps=1e-05, momentum=0.1, affine=True, track_running_stats=True)
    (2): ReLU(inplace=True)
    (3): Conv2d(64, 64, kernel_size=(4, 4), stride=(1, 1))
    (4): BatchNorm2d(64, eps=1e-05, momentum=0.1, affine=True, track_running_stats=True)
    (5): ReLU(inplace=True)
    (6): Conv2d(64, 25, kernel_size=(4, 4), stride=(1, 1))
    (7): BatchNorm2d(25, eps=1e-05, momentum=0.1, affine=True, track_running_stats=True)
    (8): DeterministicBinaryActivation(
      (act): Hardsigmoid(
        (act): Hardtanh(min_val=-1.0, max_val=1.0)
      )
    )
    (9): AdaptiveMaxPool2d(output_size=(1, 1))
    (10): View()
  )
  (encoder_var): Sequential(
    (0): Conv2d(1, 32, kernel_size=(3, 3), stride=(1, 1))
    (1): ReLU(inplace=True)
    (2): BatchNorm2d(32, eps=1e-05, momentum=0.1, affine=True, track_running_stats=True)
    (3): Conv2d(32, 32, kernel_size=(3, 3), stride=(1, 1))
    (4): ReLU(inplace=True)
    (5): BatchNorm2d(32, eps=1e-05, momentum=0.1, affine=True, track_running_stats=True)
    (6): Conv2d(32, 32, kernel_size=(5, 5), stride=(2, 2), padding=(2, 2))
    (7): ReLU(inplace=True)
    (8): BatchNorm2d(32, eps=1e-05, momentum=0.1, affine=True, track_running_stats=True)
    (9): Dropout(p=0.4, inplace=False)
    (10): Conv2d(32, 64, kernel_size=(3, 3), stride=(1, 1))
    (11): ReLU(inplace=True)
    (12): BatchNorm2d(64, eps=1e-05, momentum=0.1, affine=True, track_running_stats=True)
    (13): Conv2d(64, 64, kernel_size=(3, 3), stride=(1, 1))
    (14): ReLU(inplace=True)
    (15): BatchNorm2d(64, eps=1e-05, momentum=0.1, affine=True, track_running_stats=True)
    (16): Conv2d(64, 64, kernel_size=(5, 5), stride=(2, 2), padding=(2, 2))
    (17): ReLU(inplace=True)
    (18): BatchNorm2d(64, eps=1e-05, momentum=0.1, affine=True, track_running_stats=True)
    (19): Dropout(p=0.4, inplace=False)
    (20): View()
    (21): Linear(in_features=1600, out_features=60, bias=True)
  )
  (decoder): Sequential(
    (0): Linear(in_features=55, out_features=1600, bias=True)
    (1): ReLU(inplace=True)
    (2): View()
    (3): ConvTranspose2d(64, 64, kernel_size=(4, 4), stride=(2, 2), padding=(1, 1))
    (4): ReLU(inplace=True)
    (5): ConvTranspose2d(64, 64, kernel_size=(3, 3), stride=(1, 1))
    (6): ReLU(inplace=True)
    (7): ConvTranspose2d(64, 32, kernel_size=(3, 3), stride=(1, 1))
    (8): ReLU(inplace=True)
    (9): ConvTranspose2d(32, 32, kernel_size=(4, 4), stride=(2, 2), padding=(1, 1))
    (10): ReLU(inplace=True)
    (11): ConvTranspose2d(32, 32, kernel_size=(3, 3), stride=(1, 1))
    (12): ReLU(inplace=True)
    (13): ConvTranspose2d(32, 1, kernel_size=(3, 3), stride=(1, 1))
    (14): Sigmoid()
  )
)
The number of parameters of model is 621960
use smaller lr for encoder var !
=> saved checkpoint 'checkpoints_CNN/mnist_VAE_s25_v30_PT/last' (iter 270, epoch 1.0)
=> saved checkpoint 'checkpoint_scores_CNN/mnist_VAE_s25_v30_PT/last' (iter 270, epoch 1.0)
[Save Checkpoint] epoch: [1.0], Train: total:7185.27881, BCE:-15.30821, KLD:7200.58447,Test: total:28480.19141, BCE:-15.38463, KLD:28495.57812
=> saved checkpoint 'checkpoints_CNN/mnist_VAE_s25_v30_PT/last' (iter 540, epoch 2.0)
=> saved checkpoint 'checkpoint_scores_CNN/mnist_VAE_s25_v30_PT/last' (iter 540, epoch 2.0)
[Save Checkpoint] epoch: [2.0], Train: total:7453.89209, BCE:-17.48369, KLD:7471.37256,Test: total:29556.68555, BCE:-17.57430, KLD:29574.25977
=> saved checkpoint 'checkpoints_CNN/mnist_VAE_s25_v30_PT/last' (iter 810, epoch 3.0)
=> saved checkpoint 'checkpoint_scores_CNN/mnist_VAE_s25_v30_PT/last' (iter 810, epoch 3.0)
[Save Checkpoint] epoch: [3.0], Train: total:7456.36621, BCE:-17.33517, KLD:7473.70068,Test: total:29564.48438, BCE:-17.44703, KLD:29581.93555
=> saved checkpoint 'checkpoints_CNN/mnist_VAE_s25_v30_PT/last' (iter 1080, epoch 4.0)
=> saved checkpoint 'checkpoint_scores_CNN/mnist_VAE_s25_v30_PT/last' (iter 1080, epoch 4.0)
[Save Checkpoint] epoch: [4.0], Train: total:7409.78223, BCE:-17.03578, KLD:7426.81592,Test: total:29375.71289, BCE:-17.17686, KLD:29392.89062
=> saved checkpoint 'checkpoints_CNN/mnist_VAE_s25_v30_PT/last' (iter 1350, epoch 5.0)
=> saved checkpoint 'checkpoint_scores_CNN/mnist_VAE_s25_v30_PT/last' (iter 1350, epoch 5.0)
[Save Checkpoint] epoch: [5.0], Train: total:7379.17871, BCE:-17.36646, KLD:7396.54004,Test: total:29251.80273, BCE:-17.53393, KLD:29269.33398
=> saved checkpoint 'checkpoints_CNN/mnist_VAE_s25_v30_PT/last' (iter 1620, epoch 6.0)
=> saved checkpoint 'checkpoint_scores_CNN/mnist_VAE_s25_v30_PT/last' (iter 1620, epoch 6.0)
[Save Checkpoint] epoch: [6.0], Train: total:7334.00537, BCE:-17.30717, KLD:7351.31152,Test: total:29069.22461, BCE:-17.49013, KLD:29086.71289
=> saved checkpoint 'checkpoints_CNN/mnist_VAE_s25_v30_PT/last' (iter 1890, epoch 7.0)
=> saved checkpoint 'checkpoint_scores_CNN/mnist_VAE_s25_v30_PT/last' (iter 1890, epoch 7.0)
[Save Checkpoint] epoch: [7.0], Train: total:7340.39453, BCE:-16.46144, KLD:7356.85791,Test: total:29090.20312, BCE:-16.69132, KLD:29106.89453
=> saved checkpoint 'checkpoints_CNN/mnist_VAE_s25_v30_PT/last' (iter 2160, epoch 8.0)
=> saved checkpoint 'checkpoint_scores_CNN/mnist_VAE_s25_v30_PT/last' (iter 2160, epoch 8.0)
[Save Checkpoint] epoch: [8.0], Train: total:7322.80713, BCE:-16.19553, KLD:7339.00391,Test: total:29018.38086, BCE:-16.45826, KLD:29034.83398
=> saved checkpoint 'checkpoints_CNN/mnist_VAE_s25_v30_PT/last' (iter 2430, epoch 9.0)
=> saved checkpoint 'checkpoint_scores_CNN/mnist_VAE_s25_v30_PT/last' (iter 2430, epoch 9.0)
EarlyStopping counter: 1 out of 25
[Save Checkpoint] epoch: [9.0], Train: total:7310.89697, BCE:-16.14840, KLD:7327.04443,Test: total:28969.59375, BCE:-16.41194, KLD:28986.00586
=> saved checkpoint 'checkpoints_CNN/mnist_VAE_s25_v30_PT/last' (iter 2700, epoch 10.0)
=> saved checkpoint 'checkpoint_scores_CNN/mnist_VAE_s25_v30_PT/last' (iter 2700, epoch 10.0)
[Save Checkpoint] epoch: [10.0], Train: total:7297.30518, BCE:-16.71107, KLD:7314.01172,Test: total:28917.31641, BCE:-17.01819, KLD:28934.33398
=> saved checkpoint 'checkpoints_CNN/mnist_VAE_s25_v30_PT/last' (iter 2970, epoch 11.0)
=> saved checkpoint 'checkpoint_scores_CNN/mnist_VAE_s25_v30_PT/last' (iter 2970, epoch 11.0)
[Save Checkpoint] epoch: [11.0], Train: total:7311.66455, BCE:-15.82276, KLD:7327.48682,Test: total:28968.64453, BCE:-16.10525, KLD:28984.74805
=> saved checkpoint 'checkpoints_CNN/mnist_VAE_s25_v30_PT/last' (iter 3240, epoch 12.0)
=> saved checkpoint 'checkpoint_scores_CNN/mnist_VAE_s25_v30_PT/last' (iter 3240, epoch 12.0)
[Save Checkpoint] epoch: [12.0], Train: total:7306.83691, BCE:-16.25487, KLD:7323.09082,Test: total:28948.50391, BCE:-16.61857, KLD:28965.12305
=> saved checkpoint 'checkpoints_CNN/mnist_VAE_s25_v30_PT/last' (iter 3510, epoch 13.0)
=> saved checkpoint 'checkpoint_scores_CNN/mnist_VAE_s25_v30_PT/last' (iter 3510, epoch 13.0)
EarlyStopping counter: 1 out of 25
[Save Checkpoint] epoch: [13.0], Train: total:7287.66504, BCE:-16.29313, KLD:7303.95947,Test: total:28870.20117, BCE:-16.65191, KLD:28886.84961
=> saved checkpoint 'checkpoints_CNN/mnist_VAE_s25_v30_PT/last' (iter 3780, epoch 14.0)
=> saved checkpoint 'checkpoint_scores_CNN/mnist_VAE_s25_v30_PT/last' (iter 3780, epoch 14.0)
[Save Checkpoint] epoch: [14.0], Train: total:7263.53467, BCE:-16.31753, KLD:7279.85449,Test: total:28772.41602, BCE:-16.69744, KLD:28789.11328
=> saved checkpoint 'checkpoints_CNN/mnist_VAE_s25_v30_PT/last' (iter 4050, epoch 15.0)
=> saved checkpoint 'checkpoint_scores_CNN/mnist_VAE_s25_v30_PT/last' (iter 4050, epoch 15.0)
[Save Checkpoint] epoch: [15.0], Train: total:7263.55566, BCE:-16.52859, KLD:7280.08203,Test: total:28771.69727, BCE:-16.90024, KLD:28788.59961
=> saved checkpoint 'checkpoints_CNN/mnist_VAE_s25_v30_PT/last' (iter 4320, epoch 16.0)
=> saved checkpoint 'checkpoint_scores_CNN/mnist_VAE_s25_v30_PT/last' (iter 4320, epoch 16.0)
EarlyStopping counter: 1 out of 25
[Save Checkpoint] epoch: [16.0], Train: total:7237.17188, BCE:-16.56392, KLD:7253.73828,Test: total:28665.56250, BCE:-16.95444, KLD:28682.51562
=> saved checkpoint 'checkpoints_CNN/mnist_VAE_s25_v30_PT/last' (iter 4590, epoch 17.0)
=> saved checkpoint 'checkpoint_scores_CNN/mnist_VAE_s25_v30_PT/last' (iter 4590, epoch 17.0)
[Save Checkpoint] epoch: [17.0], Train: total:7225.31006, BCE:-16.93594, KLD:7242.24658,Test: total:28619.01953, BCE:-17.37841, KLD:28636.39648
=> saved checkpoint 'checkpoints_CNN/mnist_VAE_s25_v30_PT/last' (iter 4860, epoch 18.0)
=> saved checkpoint 'checkpoint_scores_CNN/mnist_VAE_s25_v30_PT/last' (iter 4860, epoch 18.0)
[Save Checkpoint] epoch: [18.0], Train: total:7196.66064, BCE:-16.98882, KLD:7213.64893,Test: total:28503.60742, BCE:-17.44340, KLD:28521.05078
=> saved checkpoint 'checkpoints_CNN/mnist_VAE_s25_v30_PT/last' (iter 5130, epoch 19.0)
=> saved checkpoint 'checkpoint_scores_CNN/mnist_VAE_s25_v30_PT/last' (iter 5130, epoch 19.0)
[Save Checkpoint] epoch: [19.0], Train: total:7189.70752, BCE:-17.87735, KLD:7207.58447,Test: total:28477.34961, BCE:-18.32924, KLD:28495.68164
=> saved checkpoint 'checkpoints_CNN/mnist_VAE_s25_v30_PT/last' (iter 5400, epoch 20.0)
=> saved checkpoint 'checkpoint_scores_CNN/mnist_VAE_s25_v30_PT/last' (iter 5400, epoch 20.0)
[Save Checkpoint] epoch: [20.0], Train: total:7202.54443, BCE:-17.11426, KLD:7219.65723,Test: total:28525.61328, BCE:-17.53914, KLD:28543.15430
=> saved checkpoint 'checkpoints_CNN/mnist_VAE_s25_v30_PT/last' (iter 5670, epoch 21.0)
=> saved checkpoint 'checkpoint_scores_CNN/mnist_VAE_s25_v30_PT/last' (iter 5670, epoch 21.0)
[Save Checkpoint] epoch: [21.0], Train: total:7204.09033, BCE:-17.64690, KLD:7221.73633,Test: total:28531.24414, BCE:-18.09182, KLD:28549.33398
=> saved checkpoint 'checkpoints_CNN/mnist_VAE_s25_v30_PT/last' (iter 5940, epoch 22.0)
=> saved checkpoint 'checkpoint_scores_CNN/mnist_VAE_s25_v30_PT/last' (iter 5940, epoch 22.0)
[Save Checkpoint] epoch: [22.0], Train: total:7210.51855, BCE:-18.09463, KLD:7228.61279,Test: total:28555.27539, BCE:-18.52499, KLD:28573.80078
=> saved checkpoint 'checkpoints_CNN/mnist_VAE_s25_v30_PT/last' (iter 6210, epoch 23.0)
=> saved checkpoint 'checkpoint_scores_CNN/mnist_VAE_s25_v30_PT/last' (iter 6210, epoch 23.0)
[Save Checkpoint] epoch: [23.0], Train: total:7209.70312, BCE:-19.23654, KLD:7228.93945,Test: total:28553.20117, BCE:-19.72761, KLD:28572.93164
=> saved checkpoint 'checkpoints_CNN/mnist_VAE_s25_v30_PT/last' (iter 6480, epoch 24.0)
=> saved checkpoint 'checkpoint_scores_CNN/mnist_VAE_s25_v30_PT/last' (iter 6480, epoch 24.0)
EarlyStopping counter: 1 out of 25
[Save Checkpoint] epoch: [24.0], Train: total:7183.07568, BCE:-18.90854, KLD:7201.98438,Test: total:28445.31250, BCE:-19.35659, KLD:28464.66992
=> saved checkpoint 'checkpoints_CNN/mnist_VAE_s25_v30_PT/last' (iter 6750, epoch 25.0)
=> saved checkpoint 'checkpoint_scores_CNN/mnist_VAE_s25_v30_PT/last' (iter 6750, epoch 25.0)
EarlyStopping counter: 2 out of 25
[Save Checkpoint] epoch: [25.0], Train: total:7184.19775, BCE:-19.28550, KLD:7203.48096,Test: total:28449.61914, BCE:-19.76267, KLD:28469.38086
=> saved checkpoint 'checkpoints_CNN/mnist_VAE_s25_v30_PT/last' (iter 7020, epoch 26.0)
=> saved checkpoint 'checkpoint_scores_CNN/mnist_VAE_s25_v30_PT/last' (iter 7020, epoch 26.0)
EarlyStopping counter: 3 out of 25
[Save Checkpoint] epoch: [26.0], Train: total:7185.89844, BCE:-19.81382, KLD:7205.71484,Test: total:28457.39062, BCE:-20.28823, KLD:28477.68164
=> saved checkpoint 'checkpoints_CNN/mnist_VAE_s25_v30_PT/last' (iter 7290, epoch 27.0)
=> saved checkpoint 'checkpoint_scores_CNN/mnist_VAE_s25_v30_PT/last' (iter 7290, epoch 27.0)
EarlyStopping counter: 4 out of 25
[Save Checkpoint] epoch: [27.0], Train: total:7154.91846, BCE:-20.68309, KLD:7175.60205,Test: total:28336.46680, BCE:-21.14779, KLD:28357.61523
=> saved checkpoint 'checkpoints_CNN/mnist_VAE_s25_v30_PT/last' (iter 7560, epoch 28.0)
=> saved checkpoint 'checkpoint_scores_CNN/mnist_VAE_s25_v30_PT/last' (iter 7560, epoch 28.0)
[Save Checkpoint] epoch: [28.0], Train: total:7145.88574, BCE:-20.40955, KLD:7166.29688,Test: total:28299.14453, BCE:-20.88046, KLD:28320.02148
=> saved checkpoint 'checkpoints_CNN/mnist_VAE_s25_v30_PT/last' (iter 7830, epoch 29.0)
=> saved checkpoint 'checkpoint_scores_CNN/mnist_VAE_s25_v30_PT/last' (iter 7830, epoch 29.0)
EarlyStopping counter: 1 out of 25
[Save Checkpoint] epoch: [29.0], Train: total:7136.93115, BCE:-20.61385, KLD:7157.54492,Test: total:28262.77148, BCE:-21.09659, KLD:28283.86523
=> saved checkpoint 'checkpoints_CNN/mnist_VAE_s25_v30_PT/last' (iter 8100, epoch 30.0)
=> saved checkpoint 'checkpoint_scores_CNN/mnist_VAE_s25_v30_PT/last' (iter 8100, epoch 30.0)
EarlyStopping counter: 2 out of 25
[Save Checkpoint] epoch: [30.0], Train: total:7138.98877, BCE:-21.26393, KLD:7160.25244,Test: total:28271.33203, BCE:-21.70962, KLD:28293.04102
=> saved checkpoint 'checkpoints_CNN/mnist_VAE_s25_v30_PT/last' (iter 8370, epoch 31.0)
=> saved checkpoint 'checkpoint_scores_CNN/mnist_VAE_s25_v30_PT/last' (iter 8370, epoch 31.0)
[Save Checkpoint] epoch: [31.0], Train: total:7125.57373, BCE:-21.78146, KLD:7147.35400,Test: total:28218.01953, BCE:-22.21863, KLD:28240.23828
=> saved checkpoint 'checkpoints_CNN/mnist_VAE_s25_v30_PT/last' (iter 8640, epoch 32.0)
=> saved checkpoint 'checkpoint_scores_CNN/mnist_VAE_s25_v30_PT/last' (iter 8640, epoch 32.0)
EarlyStopping counter: 1 out of 25
[Save Checkpoint] epoch: [32.0], Train: total:7121.95850, BCE:-22.26071, KLD:7144.22363,Test: total:28204.40430, BCE:-22.73108, KLD:28227.13086
=> saved checkpoint 'checkpoints_CNN/mnist_VAE_s25_v30_PT/last' (iter 8910, epoch 33.0)
=> saved checkpoint 'checkpoint_scores_CNN/mnist_VAE_s25_v30_PT/last' (iter 8910, epoch 33.0)
EarlyStopping counter: 2 out of 25
[Save Checkpoint] epoch: [33.0], Train: total:7113.07617, BCE:-22.05973, KLD:7135.13721,Test: total:28168.16016, BCE:-22.54093, KLD:28190.70117
=> saved checkpoint 'checkpoints_CNN/mnist_VAE_s25_v30_PT/last' (iter 9180, epoch 34.0)
=> saved checkpoint 'checkpoint_scores_CNN/mnist_VAE_s25_v30_PT/last' (iter 9180, epoch 34.0)
[Save Checkpoint] epoch: [34.0], Train: total:7117.68359, BCE:-22.58657, KLD:7140.27002,Test: total:28187.20703, BCE:-23.04714, KLD:28210.25391
=> saved checkpoint 'checkpoints_CNN/mnist_VAE_s25_v30_PT/last' (iter 9450, epoch 35.0)
=> saved checkpoint 'checkpoint_scores_CNN/mnist_VAE_s25_v30_PT/last' (iter 9450, epoch 35.0)
[Save Checkpoint] epoch: [35.0], Train: total:7099.02881, BCE:-23.23211, KLD:7122.26123,Test: total:28115.00391, BCE:-23.68570, KLD:28138.68750
=> saved checkpoint 'checkpoints_CNN/mnist_VAE_s25_v30_PT/last' (iter 9720, epoch 36.0)
=> saved checkpoint 'checkpoint_scores_CNN/mnist_VAE_s25_v30_PT/last' (iter 9720, epoch 36.0)
EarlyStopping counter: 1 out of 25
[Save Checkpoint] epoch: [36.0], Train: total:7097.82617, BCE:-24.06081, KLD:7121.88818,Test: total:28111.88867, BCE:-24.50451, KLD:28136.39453
=> saved checkpoint 'checkpoints_CNN/mnist_VAE_s25_v30_PT/last' (iter 9990, epoch 37.0)
=> saved checkpoint 'checkpoint_scores_CNN/mnist_VAE_s25_v30_PT/last' (iter 9990, epoch 37.0)
EarlyStopping counter: 2 out of 25
[Save Checkpoint] epoch: [37.0], Train: total:7083.22021, BCE:-24.38130, KLD:7107.60010,Test: total:28053.76562, BCE:-24.85151, KLD:28078.61523
=> saved checkpoint 'checkpoints_CNN/mnist_VAE_s25_v30_PT/last' (iter 10260, epoch 38.0)
=> saved checkpoint 'checkpoint_scores_CNN/mnist_VAE_s25_v30_PT/last' (iter 10260, epoch 38.0)
EarlyStopping counter: 3 out of 25
[Save Checkpoint] epoch: [38.0], Train: total:7100.78320, BCE:-23.98269, KLD:7124.76855,Test: total:28122.46289, BCE:-24.42731, KLD:28146.88867
=> saved checkpoint 'checkpoints_CNN/mnist_VAE_s25_v30_PT/last' (iter 10530, epoch 39.0)
=> saved checkpoint 'checkpoint_scores_CNN/mnist_VAE_s25_v30_PT/last' (iter 10530, epoch 39.0)
EarlyStopping counter: 4 out of 25
[Save Checkpoint] epoch: [39.0], Train: total:7085.91260, BCE:-24.52826, KLD:7110.44238,Test: total:28063.50391, BCE:-24.95592, KLD:28088.46289
Epoch    40: reducing learning rate of group 0 to 2.0000e-04.
Epoch    40: reducing learning rate of group 1 to 2.0000e-06.
=> saved checkpoint 'checkpoints_CNN/mnist_VAE_s25_v30_PT/last' (iter 10800, epoch 40.0)
=> saved checkpoint 'checkpoint_scores_CNN/mnist_VAE_s25_v30_PT/last' (iter 10800, epoch 40.0)
EarlyStopping counter: 5 out of 25
[Save Checkpoint] epoch: [40.0], Train: total:7081.25049, BCE:-24.97196, KLD:7106.22217,Test: total:28046.00977, BCE:-25.40853, KLD:28071.41992
=> saved checkpoint 'checkpoints_CNN/mnist_VAE_s25_v30_PT/last' (iter 11070, epoch 41.0)
=> saved checkpoint 'checkpoint_scores_CNN/mnist_VAE_s25_v30_PT/last' (iter 11070, epoch 41.0)
EarlyStopping counter: 6 out of 25
[Save Checkpoint] epoch: [41.0], Train: total:7073.36523, BCE:-25.17503, KLD:7098.53809,Test: total:28015.12500, BCE:-25.61263, KLD:28040.73438
=> saved checkpoint 'checkpoints_CNN/mnist_VAE_s25_v30_PT/last' (iter 11340, epoch 42.0)
=> saved checkpoint 'checkpoint_scores_CNN/mnist_VAE_s25_v30_PT/last' (iter 11340, epoch 42.0)
EarlyStopping counter: 7 out of 25
[Save Checkpoint] epoch: [42.0], Train: total:7063.23926, BCE:-25.41202, KLD:7088.65381,Test: total:27975.61523, BCE:-25.86543, KLD:28001.48242
=> saved checkpoint 'checkpoints_CNN/mnist_VAE_s25_v30_PT/last' (iter 11610, epoch 43.0)
=> saved checkpoint 'checkpoint_scores_CNN/mnist_VAE_s25_v30_PT/last' (iter 11610, epoch 43.0)
EarlyStopping counter: 8 out of 25
[Save Checkpoint] epoch: [43.0], Train: total:7063.12695, BCE:-25.47817, KLD:7088.60254,Test: total:27975.39648, BCE:-25.91907, KLD:28001.31641
=> saved checkpoint 'checkpoints_CNN/mnist_VAE_s25_v30_PT/last' (iter 11880, epoch 44.0)
=> saved checkpoint 'checkpoint_scores_CNN/mnist_VAE_s25_v30_PT/last' (iter 11880, epoch 44.0)
EarlyStopping counter: 9 out of 25
[Save Checkpoint] epoch: [44.0], Train: total:7061.45605, BCE:-25.57000, KLD:7087.03076,Test: total:27968.95312, BCE:-26.03081, KLD:27994.98242
Epoch    45: reducing learning rate of group 0 to 4.0000e-05.
Epoch    45: reducing learning rate of group 1 to 1.0000e-06.
=> saved checkpoint 'checkpoints_CNN/mnist_VAE_s25_v30_PT/last' (iter 12150, epoch 45.0)
=> saved checkpoint 'checkpoint_scores_CNN/mnist_VAE_s25_v30_PT/last' (iter 12150, epoch 45.0)
EarlyStopping counter: 10 out of 25
[Save Checkpoint] epoch: [45.0], Train: total:7058.32275, BCE:-25.91412, KLD:7084.23535,Test: total:27957.71289, BCE:-26.36852, KLD:27984.08203
=> saved checkpoint 'checkpoints_CNN/mnist_VAE_s25_v30_PT/last' (iter 12420, epoch 46.0)
=> saved checkpoint 'checkpoint_scores_CNN/mnist_VAE_s25_v30_PT/last' (iter 12420, epoch 46.0)
EarlyStopping counter: 11 out of 25
[Save Checkpoint] epoch: [46.0], Train: total:7063.05176, BCE:-25.91598, KLD:7088.96387,Test: total:27976.57812, BCE:-26.34936, KLD:28002.92773
=> saved checkpoint 'checkpoints_CNN/mnist_VAE_s25_v30_PT/last' (iter 12690, epoch 47.0)
=> saved checkpoint 'checkpoint_scores_CNN/mnist_VAE_s25_v30_PT/last' (iter 12690, epoch 47.0)
[Save Checkpoint] epoch: [47.0], Train: total:7058.68213, BCE:-25.93672, KLD:7084.61816,Test: total:27959.19727, BCE:-26.37435, KLD:27985.56836
=> saved checkpoint 'checkpoints_CNN/mnist_VAE_s25_v30_PT/last' (iter 12960, epoch 48.0)
=> saved checkpoint 'checkpoint_scores_CNN/mnist_VAE_s25_v30_PT/last' (iter 12960, epoch 48.0)
EarlyStopping counter: 1 out of 25
[Save Checkpoint] epoch: [48.0], Train: total:7061.36377, BCE:-26.06287, KLD:7087.42676,Test: total:27970.05664, BCE:-26.50133, KLD:27996.55664
=> saved checkpoint 'checkpoints_CNN/mnist_VAE_s25_v30_PT/last' (iter 13230, epoch 49.0)
=> saved checkpoint 'checkpoint_scores_CNN/mnist_VAE_s25_v30_PT/last' (iter 13230, epoch 49.0)
EarlyStopping counter: 2 out of 25
[Save Checkpoint] epoch: [49.0], Train: total:7055.88867, BCE:-26.12747, KLD:7082.01855,Test: total:27948.64453, BCE:-26.57519, KLD:27975.21875
=> saved checkpoint 'checkpoints_CNN/mnist_VAE_s25_v30_PT/last' (iter 13500, epoch 50.0)
=> saved checkpoint 'checkpoint_scores_CNN/mnist_VAE_s25_v30_PT/last' (iter 13500, epoch 50.0)
EarlyStopping counter: 3 out of 25
[Save Checkpoint] epoch: [50.0], Train: total:7055.64160, BCE:-26.14644, KLD:7081.79102,Test: total:27947.59375, BCE:-26.59121, KLD:27974.18555
=> saved checkpoint 'checkpoints_CNN/mnist_VAE_s25_v30_PT/last' (iter 13770, epoch 51.0)
=> saved checkpoint 'checkpoint_scores_CNN/mnist_VAE_s25_v30_PT/last' (iter 13770, epoch 51.0)
EarlyStopping counter: 4 out of 25
[Save Checkpoint] epoch: [51.0], Train: total:7056.91016, BCE:-26.13047, KLD:7083.04248,Test: total:27952.53125, BCE:-26.57963, KLD:27979.10938
Epoch    52: reducing learning rate of group 0 to 8.0000e-06.
=> saved checkpoint 'checkpoints_CNN/mnist_VAE_s25_v30_PT/last' (iter 14040, epoch 52.0)
=> saved checkpoint 'checkpoint_scores_CNN/mnist_VAE_s25_v30_PT/last' (iter 14040, epoch 52.0)
EarlyStopping counter: 5 out of 25
[Save Checkpoint] epoch: [52.0], Train: total:7058.22705, BCE:-26.06857, KLD:7084.29785,Test: total:27957.47461, BCE:-26.53055, KLD:27984.00586
=> saved checkpoint 'checkpoints_CNN/mnist_VAE_s25_v30_PT/last' (iter 14310, epoch 53.0)
=> saved checkpoint 'checkpoint_scores_CNN/mnist_VAE_s25_v30_PT/last' (iter 14310, epoch 53.0)
EarlyStopping counter: 6 out of 25
[Save Checkpoint] epoch: [53.0], Train: total:7057.31494, BCE:-26.02872, KLD:7083.34473,Test: total:27953.78711, BCE:-26.46655, KLD:27980.25586
=> saved checkpoint 'checkpoints_CNN/mnist_VAE_s25_v30_PT/last' (iter 14580, epoch 54.0)
=> saved checkpoint 'checkpoint_scores_CNN/mnist_VAE_s25_v30_PT/last' (iter 14580, epoch 54.0)
EarlyStopping counter: 7 out of 25
[Save Checkpoint] epoch: [54.0], Train: total:7057.17773, BCE:-26.05736, KLD:7083.23242,Test: total:27953.06836, BCE:-26.49142, KLD:27979.56055
=> saved checkpoint 'checkpoints_CNN/mnist_VAE_s25_v30_PT/last' (iter 14850, epoch 55.0)
=> saved checkpoint 'checkpoint_scores_CNN/mnist_VAE_s25_v30_PT/last' (iter 14850, epoch 55.0)
EarlyStopping counter: 8 out of 25
[Save Checkpoint] epoch: [55.0], Train: total:7058.82520, BCE:-26.01073, KLD:7084.83594,Test: total:27959.42578, BCE:-26.45909, KLD:27985.88867
=> saved checkpoint 'checkpoints_CNN/mnist_VAE_s25_v30_PT/last' (iter 15120, epoch 56.0)
=> saved checkpoint 'checkpoint_scores_CNN/mnist_VAE_s25_v30_PT/last' (iter 15120, epoch 56.0)
EarlyStopping counter: 9 out of 25
[Save Checkpoint] epoch: [56.0], Train: total:7059.50049, BCE:-26.08124, KLD:7085.58301,Test: total:27962.58789, BCE:-26.51940, KLD:27989.10938
Epoch    57: reducing learning rate of group 0 to 1.6000e-06.
=> saved checkpoint 'checkpoints_CNN/mnist_VAE_s25_v30_PT/last' (iter 15390, epoch 57.0)
=> saved checkpoint 'checkpoint_scores_CNN/mnist_VAE_s25_v30_PT/last' (iter 15390, epoch 57.0)
EarlyStopping counter: 10 out of 25
[Save Checkpoint] epoch: [57.0], Train: total:7058.39209, BCE:-26.04915, KLD:7084.43799,Test: total:27957.78125, BCE:-26.51741, KLD:27984.29688
=> saved checkpoint 'checkpoints_CNN/mnist_VAE_s25_v30_PT/last' (iter 15660, epoch 58.0)
=> saved checkpoint 'checkpoint_scores_CNN/mnist_VAE_s25_v30_PT/last' (iter 15660, epoch 58.0)
EarlyStopping counter: 11 out of 25
[Save Checkpoint] epoch: [58.0], Train: total:7055.39209, BCE:-26.07665, KLD:7081.46729,Test: total:27946.12891, BCE:-26.54984, KLD:27972.67773
=> saved checkpoint 'checkpoints_CNN/mnist_VAE_s25_v30_PT/last' (iter 15930, epoch 59.0)
=> saved checkpoint 'checkpoint_scores_CNN/mnist_VAE_s25_v30_PT/last' (iter 15930, epoch 59.0)
EarlyStopping counter: 12 out of 25
[Save Checkpoint] epoch: [59.0], Train: total:7058.61133, BCE:-26.09488, KLD:7084.71045,Test: total:27958.79102, BCE:-26.53615, KLD:27985.32617
=> saved checkpoint 'checkpoints_CNN/mnist_VAE_s25_v30_PT/last' (iter 16200, epoch 60.0)
=> saved checkpoint 'checkpoint_scores_CNN/mnist_VAE_s25_v30_PT/last' (iter 16200, epoch 60.0)
EarlyStopping counter: 13 out of 25
[Save Checkpoint] epoch: [60.0], Train: total:7059.26416, BCE:-26.10306, KLD:7085.36475,Test: total:27961.35352, BCE:-26.53565, KLD:27987.88867
=> saved checkpoint 'checkpoints_CNN/mnist_VAE_s25_v30_PT/last' (iter 16470, epoch 61.0)
=> saved checkpoint 'checkpoint_scores_CNN/mnist_VAE_s25_v30_PT/last' (iter 16470, epoch 61.0)
EarlyStopping counter: 14 out of 25
[Save Checkpoint] epoch: [61.0], Train: total:7056.75830, BCE:-26.10716, KLD:7082.86084,Test: total:27951.42188, BCE:-26.56037, KLD:27977.98242
=> saved checkpoint 'checkpoints_CNN/mnist_VAE_s25_v30_PT/last' (iter 16740, epoch 62.0)
=> saved checkpoint 'checkpoint_scores_CNN/mnist_VAE_s25_v30_PT/last' (iter 16740, epoch 62.0)
[Save Checkpoint] epoch: [62.0], Train: total:7055.19385, BCE:-26.09260, KLD:7081.28809,Test: total:27945.02148, BCE:-26.55703, KLD:27971.57812
=> saved checkpoint 'checkpoints_CNN/mnist_VAE_s25_v30_PT/last' (iter 17010, epoch 63.0)
=> saved checkpoint 'checkpoint_scores_CNN/mnist_VAE_s25_v30_PT/last' (iter 17010, epoch 63.0)
EarlyStopping counter: 1 out of 25
[Save Checkpoint] epoch: [63.0], Train: total:7054.97852, BCE:-26.09856, KLD:7081.07715,Test: total:27944.19727, BCE:-26.54471, KLD:27970.74414
=> saved checkpoint 'checkpoints_CNN/mnist_VAE_s25_v30_PT/last' (iter 17280, epoch 64.0)
=> saved checkpoint 'checkpoint_scores_CNN/mnist_VAE_s25_v30_PT/last' (iter 17280, epoch 64.0)
EarlyStopping counter: 2 out of 25
[Save Checkpoint] epoch: [64.0], Train: total:7055.99316, BCE:-26.08922, KLD:7082.08105,Test: total:27947.88867, BCE:-26.54400, KLD:27974.43164
=> saved checkpoint 'checkpoints_CNN/mnist_VAE_s25_v30_PT/last' (iter 17550, epoch 65.0)
=> saved checkpoint 'checkpoint_scores_CNN/mnist_VAE_s25_v30_PT/last' (iter 17550, epoch 65.0)
EarlyStopping counter: 3 out of 25
[Save Checkpoint] epoch: [65.0], Train: total:7053.67383, BCE:-26.10228, KLD:7079.77734,Test: total:27938.77539, BCE:-26.55472, KLD:27965.33203
=> saved checkpoint 'checkpoints_CNN/mnist_VAE_s25_v30_PT/last' (iter 17820, epoch 66.0)
=> saved checkpoint 'checkpoint_scores_CNN/mnist_VAE_s25_v30_PT/last' (iter 17820, epoch 66.0)
EarlyStopping counter: 4 out of 25
[Save Checkpoint] epoch: [66.0], Train: total:7053.53857, BCE:-26.13409, KLD:7079.67627,Test: total:27938.23242, BCE:-26.57348, KLD:27964.80664
Epoch    67: reducing learning rate of group 0 to 1.0000e-06.
=> saved checkpoint 'checkpoints_CNN/mnist_VAE_s25_v30_PT/last' (iter 18090, epoch 67.0)
=> saved checkpoint 'checkpoint_scores_CNN/mnist_VAE_s25_v30_PT/last' (iter 18090, epoch 67.0)
EarlyStopping counter: 5 out of 25
[Save Checkpoint] epoch: [67.0], Train: total:7055.99561, BCE:-26.12463, KLD:7082.11963,Test: total:27948.00977, BCE:-26.55961, KLD:27974.56836
=> saved checkpoint 'checkpoints_CNN/mnist_VAE_s25_v30_PT/last' (iter 18360, epoch 68.0)
=> saved checkpoint 'checkpoint_scores_CNN/mnist_VAE_s25_v30_PT/last' (iter 18360, epoch 68.0)
[Save Checkpoint] epoch: [68.0], Train: total:7057.31445, BCE:-26.12587, KLD:7083.43994,Test: total:27953.20312, BCE:-26.58067, KLD:27979.78516
=> saved checkpoint 'checkpoints_CNN/mnist_VAE_s25_v30_PT/last' (iter 18630, epoch 69.0)
=> saved checkpoint 'checkpoint_scores_CNN/mnist_VAE_s25_v30_PT/last' (iter 18630, epoch 69.0)
EarlyStopping counter: 1 out of 25
[Save Checkpoint] epoch: [69.0], Train: total:7059.41895, BCE:-26.11896, KLD:7085.53809,Test: total:27961.34961, BCE:-26.56039, KLD:27987.90625
=> saved checkpoint 'checkpoints_CNN/mnist_VAE_s25_v30_PT/last' (iter 18900, epoch 70.0)
=> saved checkpoint 'checkpoint_scores_CNN/mnist_VAE_s25_v30_PT/last' (iter 18900, epoch 70.0)
EarlyStopping counter: 2 out of 25
[Save Checkpoint] epoch: [70.0], Train: total:7055.69287, BCE:-26.12713, KLD:7081.82324,Test: total:27946.74805, BCE:-26.58778, KLD:27973.33398
=> saved checkpoint 'checkpoints_CNN/mnist_VAE_s25_v30_PT/last' (iter 19170, epoch 71.0)
=> saved checkpoint 'checkpoint_scores_CNN/mnist_VAE_s25_v30_PT/last' (iter 19170, epoch 71.0)
EarlyStopping counter: 3 out of 25
[Save Checkpoint] epoch: [71.0], Train: total:7056.88135, BCE:-26.11356, KLD:7082.99170,Test: total:27951.50586, BCE:-26.55485, KLD:27978.05664
=> saved checkpoint 'checkpoints_CNN/mnist_VAE_s25_v30_PT/last' (iter 19440, epoch 72.0)
=> saved checkpoint 'checkpoint_scores_CNN/mnist_VAE_s25_v30_PT/last' (iter 19440, epoch 72.0)
[Save Checkpoint] epoch: [72.0], Train: total:7054.23779, BCE:-26.12457, KLD:7080.36426,Test: total:27940.83203, BCE:-26.59090, KLD:27967.42188
=> saved checkpoint 'checkpoints_CNN/mnist_VAE_s25_v30_PT/last' (iter 19710, epoch 73.0)
=> saved checkpoint 'checkpoint_scores_CNN/mnist_VAE_s25_v30_PT/last' (iter 19710, epoch 73.0)
EarlyStopping counter: 1 out of 25
[Save Checkpoint] epoch: [73.0], Train: total:7054.60645, BCE:-26.13074, KLD:7080.73682,Test: total:27942.53125, BCE:-26.57994, KLD:27969.11328
=> saved checkpoint 'checkpoints_CNN/mnist_VAE_s25_v30_PT/last' (iter 19980, epoch 74.0)
=> saved checkpoint 'checkpoint_scores_CNN/mnist_VAE_s25_v30_PT/last' (iter 19980, epoch 74.0)
EarlyStopping counter: 2 out of 25
[Save Checkpoint] epoch: [74.0], Train: total:7053.78809, BCE:-26.12412, KLD:7079.91357,Test: total:27939.20117, BCE:-26.57772, KLD:27965.77539
=> saved checkpoint 'checkpoints_CNN/mnist_VAE_s25_v30_PT/last' (iter 20250, epoch 75.0)
=> saved checkpoint 'checkpoint_scores_CNN/mnist_VAE_s25_v30_PT/last' (iter 20250, epoch 75.0)
EarlyStopping counter: 3 out of 25
[Save Checkpoint] epoch: [75.0], Train: total:7055.98682, BCE:-26.14772, KLD:7082.13379,Test: total:27947.98438, BCE:-26.58254, KLD:27974.56836
=> saved checkpoint 'checkpoints_CNN/mnist_VAE_s25_v30_PT/last' (iter 20520, epoch 76.0)
=> saved checkpoint 'checkpoint_scores_CNN/mnist_VAE_s25_v30_PT/last' (iter 20520, epoch 76.0)
EarlyStopping counter: 4 out of 25
[Save Checkpoint] epoch: [76.0], Train: total:7055.73389, BCE:-26.12307, KLD:7081.85352,Test: total:27946.82227, BCE:-26.58593, KLD:27973.41016
=> saved checkpoint 'checkpoints_CNN/mnist_VAE_s25_v30_PT/last' (iter 20790, epoch 77.0)
=> saved checkpoint 'checkpoint_scores_CNN/mnist_VAE_s25_v30_PT/last' (iter 20790, epoch 77.0)
EarlyStopping counter: 5 out of 25
[Save Checkpoint] epoch: [77.0], Train: total:7056.66895, BCE:-26.13414, KLD:7082.79834,Test: total:27950.83203, BCE:-26.58566, KLD:27977.41992
=> saved checkpoint 'checkpoints_CNN/mnist_VAE_s25_v30_PT/last' (iter 21060, epoch 78.0)
=> saved checkpoint 'checkpoint_scores_CNN/mnist_VAE_s25_v30_PT/last' (iter 21060, epoch 78.0)
EarlyStopping counter: 6 out of 25
[Save Checkpoint] epoch: [78.0], Train: total:7054.68945, BCE:-26.13202, KLD:7080.82373,Test: total:27942.71875, BCE:-26.55778, KLD:27969.27539
=> saved checkpoint 'checkpoints_CNN/mnist_VAE_s25_v30_PT/last' (iter 21330, epoch 79.0)
=> saved checkpoint 'checkpoint_scores_CNN/mnist_VAE_s25_v30_PT/last' (iter 21330, epoch 79.0)
EarlyStopping counter: 7 out of 25
[Save Checkpoint] epoch: [79.0], Train: total:7051.02246, BCE:-26.13944, KLD:7077.16211,Test: total:27928.31641, BCE:-26.57039, KLD:27954.89062
=> saved checkpoint 'checkpoints_CNN/mnist_VAE_s25_v30_PT/last' (iter 21600, epoch 80.0)
=> saved checkpoint 'checkpoint_scores_CNN/mnist_VAE_s25_v30_PT/last' (iter 21600, epoch 80.0)
EarlyStopping counter: 8 out of 25
[Save Checkpoint] epoch: [80.0], Train: total:7053.80420, BCE:-26.13522, KLD:7079.94043,Test: total:27938.97266, BCE:-26.58231, KLD:27965.55664
=> saved checkpoint 'checkpoints_CNN/mnist_VAE_s25_v30_PT/last' (iter 21870, epoch 81.0)
=> saved checkpoint 'checkpoint_scores_CNN/mnist_VAE_s25_v30_PT/last' (iter 21870, epoch 81.0)
EarlyStopping counter: 9 out of 25
[Save Checkpoint] epoch: [81.0], Train: total:7052.86426, BCE:-26.15630, KLD:7079.01855,Test: total:27935.34961, BCE:-26.58952, KLD:27961.94141
=> saved checkpoint 'checkpoints_CNN/mnist_VAE_s25_v30_PT/last' (iter 22140, epoch 82.0)
=> saved checkpoint 'checkpoint_scores_CNN/mnist_VAE_s25_v30_PT/last' (iter 22140, epoch 82.0)
EarlyStopping counter: 10 out of 25
[Save Checkpoint] epoch: [82.0], Train: total:7054.86914, BCE:-26.15952, KLD:7081.02979,Test: total:27943.76953, BCE:-26.58454, KLD:27970.35742
=> saved checkpoint 'checkpoints_CNN/mnist_VAE_s25_v30_PT/last' (iter 22410, epoch 83.0)
=> saved checkpoint 'checkpoint_scores_CNN/mnist_VAE_s25_v30_PT/last' (iter 22410, epoch 83.0)
EarlyStopping counter: 11 out of 25
[Save Checkpoint] epoch: [83.0], Train: total:7055.71045, BCE:-26.15847, KLD:7081.87012,Test: total:27946.78125, BCE:-26.60939, KLD:27973.38867
=> saved checkpoint 'checkpoints_CNN/mnist_VAE_s25_v30_PT/last' (iter 22680, epoch 84.0)
=> saved checkpoint 'checkpoint_scores_CNN/mnist_VAE_s25_v30_PT/last' (iter 22680, epoch 84.0)
EarlyStopping counter: 12 out of 25
[Save Checkpoint] epoch: [84.0], Train: total:7052.89697, BCE:-26.13142, KLD:7079.02979,Test: total:27935.35742, BCE:-26.59926, KLD:27961.95312
=> saved checkpoint 'checkpoints_CNN/mnist_VAE_s25_v30_PT/last' (iter 22950, epoch 85.0)
=> saved checkpoint 'checkpoint_scores_CNN/mnist_VAE_s25_v30_PT/last' (iter 22950, epoch 85.0)
EarlyStopping counter: 13 out of 25
[Save Checkpoint] epoch: [85.0], Train: total:7052.53613, BCE:-26.13978, KLD:7078.68262,Test: total:27933.92188, BCE:-26.57318, KLD:27960.49414
=> saved checkpoint 'checkpoints_CNN/mnist_VAE_s25_v30_PT/last' (iter 23220, epoch 86.0)
=> saved checkpoint 'checkpoint_scores_CNN/mnist_VAE_s25_v30_PT/last' (iter 23220, epoch 86.0)
EarlyStopping counter: 14 out of 25
[Save Checkpoint] epoch: [86.0], Train: total:7053.59180, BCE:-26.14534, KLD:7079.73633,Test: total:27938.00977, BCE:-26.59780, KLD:27964.60742
=> saved checkpoint 'checkpoints_CNN/mnist_VAE_s25_v30_PT/last' (iter 23490, epoch 87.0)
=> saved checkpoint 'checkpoint_scores_CNN/mnist_VAE_s25_v30_PT/last' (iter 23490, epoch 87.0)
EarlyStopping counter: 15 out of 25
[Save Checkpoint] epoch: [87.0], Train: total:7051.54736, BCE:-26.13714, KLD:7077.68164,Test: total:27929.67188, BCE:-26.59267, KLD:27956.25977
=> saved checkpoint 'checkpoints_CNN/mnist_VAE_s25_v30_PT/last' (iter 23760, epoch 88.0)
=> saved checkpoint 'checkpoint_scores_CNN/mnist_VAE_s25_v30_PT/last' (iter 23760, epoch 88.0)
EarlyStopping counter: 16 out of 25
[Save Checkpoint] epoch: [88.0], Train: total:7051.01270, BCE:-26.13963, KLD:7077.15576,Test: total:27927.44336, BCE:-26.58246, KLD:27954.02930
=> saved checkpoint 'checkpoints_CNN/mnist_VAE_s25_v30_PT/last' (iter 24030, epoch 89.0)
=> saved checkpoint 'checkpoint_scores_CNN/mnist_VAE_s25_v30_PT/last' (iter 24030, epoch 89.0)
EarlyStopping counter: 17 out of 25
[Save Checkpoint] epoch: [89.0], Train: total:7052.23340, BCE:-26.14017, KLD:7078.37598,Test: total:27932.33789, BCE:-26.59069, KLD:27958.92578
=> saved checkpoint 'checkpoints_CNN/mnist_VAE_s25_v30_PT/last' (iter 24300, epoch 90.0)
=> saved checkpoint 'checkpoint_scores_CNN/mnist_VAE_s25_v30_PT/last' (iter 24300, epoch 90.0)
EarlyStopping counter: 18 out of 25
[Save Checkpoint] epoch: [90.0], Train: total:7054.44922, BCE:-26.15357, KLD:7080.60010,Test: total:27941.13086, BCE:-26.61638, KLD:27967.75000
=> saved checkpoint 'checkpoints_CNN/mnist_VAE_s25_v30_PT/last' (iter 24570, epoch 91.0)
=> saved checkpoint 'checkpoint_scores_CNN/mnist_VAE_s25_v30_PT/last' (iter 24570, epoch 91.0)
EarlyStopping counter: 19 out of 25
[Save Checkpoint] epoch: [91.0], Train: total:7054.89160, BCE:-26.14556, KLD:7081.03857,Test: total:27942.69336, BCE:-26.57026, KLD:27969.26367
=> saved checkpoint 'checkpoints_CNN/mnist_VAE_s25_v30_PT/last' (iter 24840, epoch 92.0)
=> saved checkpoint 'checkpoint_scores_CNN/mnist_VAE_s25_v30_PT/last' (iter 24840, epoch 92.0)
EarlyStopping counter: 20 out of 25
[Save Checkpoint] epoch: [92.0], Train: total:7054.37549, BCE:-26.15411, KLD:7080.53271,Test: total:27940.98242, BCE:-26.59195, KLD:27967.57617
=> saved checkpoint 'checkpoints_CNN/mnist_VAE_s25_v30_PT/last' (iter 25110, epoch 93.0)
=> saved checkpoint 'checkpoint_scores_CNN/mnist_VAE_s25_v30_PT/last' (iter 25110, epoch 93.0)
EarlyStopping counter: 21 out of 25
[Save Checkpoint] epoch: [93.0], Train: total:7052.13525, BCE:-26.15265, KLD:7078.28809,Test: total:27931.64062, BCE:-26.60365, KLD:27958.24414
=> saved checkpoint 'checkpoints_CNN/mnist_VAE_s25_v30_PT/last' (iter 25380, epoch 94.0)
=> saved checkpoint 'checkpoint_scores_CNN/mnist_VAE_s25_v30_PT/last' (iter 25380, epoch 94.0)
EarlyStopping counter: 22 out of 25
[Save Checkpoint] epoch: [94.0], Train: total:7055.34375, BCE:-26.15539, KLD:7081.49561,Test: total:27944.72852, BCE:-26.60313, KLD:27971.32812
=> saved checkpoint 'checkpoints_CNN/mnist_VAE_s25_v30_PT/last' (iter 25650, epoch 95.0)
=> saved checkpoint 'checkpoint_scores_CNN/mnist_VAE_s25_v30_PT/last' (iter 25650, epoch 95.0)
EarlyStopping counter: 23 out of 25
[Save Checkpoint] epoch: [95.0], Train: total:7054.26953, BCE:-26.16243, KLD:7080.43262,Test: total:27940.43750, BCE:-26.58697, KLD:27967.02539
=> saved checkpoint 'checkpoints_CNN/mnist_VAE_s25_v30_PT/last' (iter 25920, epoch 96.0)
=> saved checkpoint 'checkpoint_scores_CNN/mnist_VAE_s25_v30_PT/last' (iter 25920, epoch 96.0)
EarlyStopping counter: 24 out of 25
[Save Checkpoint] epoch: [96.0], Train: total:7048.35986, BCE:-26.14616, KLD:7074.50732,Test: total:27917.21289, BCE:-26.57240, KLD:27943.78125
=> saved checkpoint 'checkpoints_CNN/mnist_VAE_s25_v30_PT/last' (iter 26190, epoch 97.0)
=> saved checkpoint 'checkpoint_scores_CNN/mnist_VAE_s25_v30_PT/last' (iter 26190, epoch 97.0)
EarlyStopping counter: 25 out of 25
[Save Checkpoint] epoch: [97.0], Train: total:7050.38184, BCE:-26.16175, KLD:7076.54004,Test: total:27924.90625, BCE:-26.60580, KLD:27951.51367
Early stopping
[Training Finished]
All done !
