24
--gpu_devices 0 --max_iter 100 --batch_size 250 --use_scheduler True --lr 1e-3 --GMP True --z_struct_size 10 --is_VAE True --is_encoder_struct False --lambda_BCE 1 --beta 3 --big_kernel_size 8 --two_conv_layer True --three_conv_layer True --kernel_size_1 4 --kernel_size_2 4 --kernel_size_3 4 --BK_in_first_layer True --BK_in_second_layer False --BK_in_third_layer False --stride_size 1 --hidden_filters_layer1 64 --hidden_filters_layer2 64 --hidden_filters_layer3 64 --dataset_balanced True --binary_z True --binary_first_conv False --binary_second_conv False --binary_third_conv True --z_var_size 15 --z_struct_size 30 --use_small_lr_encoder_var False --encoder_var_name None --encoder_struct_name mnist_struct_baseline_scheduler_binary_30 --freeze_Encoder True --exp_name mnist_VAE_s30_v15_SE_beta_3
Namespace(BK_in_first_layer=True, BK_in_second_layer=False, BK_in_third_layer=False, BN=False, C_max=25, C_stop_iter=100000.0, E1_AE=False, E1_VAE=False, E1_conv=False, E1_dense=False, E1_second_conv=False, E1_second_conv_adapt=False, ES_reconstruction=False, EV_classifier=False, GMP=True, Hmg_dst_loss=False, IPC=False, L1_norm_act=False, L1_norm_weights=False, L3_without_random=False, LOG_DIR='logs', adapt_lr=False, add_classification_layer=True, add_linear_after_GMP=True, add_z_struct_bottleneck=False, alpha=32, batch_size=250, beta=3.0, beta1=0.9, beta2=0.999, big_kernel=False, big_kernel_size=8, binary_chain=False, binary_first_conv=False, binary_second_conv=False, binary_third_conv=True, binary_z=True, both_decoders_freeze=False, ckpt_dir='checkpoints_CNN', ckpt_dir_scores='checkpoint_scores_CNN', classif_layer_size=30, contrastive_loss=False, cuda=True, dataset='mnist', dataset_balanced=True, decoder_first_dense=36, decoder_kernel_size_1=4, decoder_kernel_size_2=3, decoder_kernel_size_3=4, decoder_n_filter_1=64, decoder_n_filter_2=64, decoder_n_filter_3=64, decoder_stride_1=2, decoder_stride_2=2, decoder_stride_3=1, diff_var=False, display_step=10000, dset_dir='data', encoder_struct_name='mnist_struct_baseline_scheduler_binary_30', encoder_var_name='None', exp_name='mnist_VAE_s30_v15_SE_beta_3', freeze_Encoder=True, gamma=1000, gpu_devices=[0], hidden_filters_layer1=64, hidden_filters_layer2=64, hidden_filters_layer3=64, image_size=64, intra_class_variance_loss=False, is_C=True, is_E1=False, is_VAE=True, is_VAE_var=False, is_binary_structural_latent=False, is_custom_model=False, is_custom_model_BK=False, is_default_model=False, is_encoder_struct=False, is_noise_stats=False, is_partial_rand_class=False, is_perturbed_score=False, is_zvar_sim_loss=False, just_train=False, kernel_size=4, kernel_size_1=4, kernel_size_2=4, kernel_size_3=4, lambda_BCE=1.0, lambda_Kl_struct=1, lambda_Kl_var=1, lambda_L1=0.01, lambda_VAE=1, lambda_class=1, lambda_contrastive_loss=1, lambda_distance_mean=1, lambda_hmg_dst=1, lambda_intra_class_var=1, lambda_partial_class=1, lambda_ratio_reg=1, lambda_recon_wt_rand=1, lambda_recons=1, lambda_uniq_code_dst=1, lambda_var_distance=1, lambda_var_inter=1, lambda_var_intra=1, lambda_zvar_sim=1, latent_spec_cont=None, latent_spec_cont_class=None, latent_spec_cont_var=None, latent_spec_disc=None, latent_spec_disc_class=None, latent_spec_disc_var=None, log_level='info', loss='Proxy_Anchor', loss_distance_mean=False, loss_min_distance_cl=False, lr=0.001, max_epoch_use_uniq_code_target=5, max_iter=100.0, model='CNN', mrg=0.1, nb_epochs_train_only_zvar=0, num_workers=2, old_weighted=False, optimizer='adamw', other_architecture=False, other_ratio=False, random_percentage=0.2, random_seed=10, randomness=True, ratio_reg=False, remark='', save_step=10000, second_layer_C=False, seed=1, stride_size=1, sz_embedding=5, three_conv_layer=True, train=True, train_var_struct_alternatively=False, two_conv_layer=True, two_encoder=False, uniq_code_dst_loss=False, use_VAE=False, use_decoder=False, use_early_stopping=True, use_scheduler=True, use_small_lr_encoder_var=False, use_structural_encoder=False, value_target_distance_mean=1, var_hidden_dim=256, var_hidden_filters_1=32, var_hidden_filters_2=32, var_hidden_filters_3=32, var_kernel_size_1=3, var_kernel_size_2=3, var_kernel_size_3=3, var_second_cnn_block=True, var_stride_size_1=1, var_stride_size_2=1, var_stride_size_3=1, var_third_cnn_block=False, var_three_conv_layer=False, warm=1, without_acc=False, z_struct_size=30, z_var_size=15, zeros_W_Classif=False, zvar_sim_change_zvar=False, zvar_sim_loss_for_all_model=False, zvar_sim_loss_only_for_encoder=False, zvar_sim_normal=False, zvar_sim_var_rand=False)
CUDA Visible devices !
[Using Seed: 10]
Balanced dataset loaded
VAE doesn't exist but encoder struct yes ! load struct encoder weighs !
=> loaded checkpoint 'checkpoints_CNN/mnist_struct_baseline_scheduler_binary_30/last (iter 22680)'
Weighs loaded for struct encoder !
use 1 gpu who named: Tesla V100-SXM2-32GB
VAE(
  (encoder_struct): Sequential(
    (0): Conv2d(1, 64, kernel_size=(8, 8), stride=(1, 1))
    (1): BatchNorm2d(64, eps=1e-05, momentum=0.1, affine=True, track_running_stats=True)
    (2): ReLU(inplace=True)
    (3): Conv2d(64, 64, kernel_size=(4, 4), stride=(1, 1))
    (4): BatchNorm2d(64, eps=1e-05, momentum=0.1, affine=True, track_running_stats=True)
    (5): ReLU(inplace=True)
    (6): Conv2d(64, 30, kernel_size=(4, 4), stride=(1, 1))
    (7): BatchNorm2d(30, eps=1e-05, momentum=0.1, affine=True, track_running_stats=True)
    (8): DeterministicBinaryActivation(
      (act): Hardsigmoid(
        (act): Hardtanh(min_val=-1.0, max_val=1.0)
      )
    )
    (9): AdaptiveMaxPool2d(output_size=(1, 1))
    (10): View()
  )
  (encoder_var): Sequential(
    (0): Conv2d(1, 32, kernel_size=(3, 3), stride=(1, 1))
    (1): ReLU(inplace=True)
    (2): BatchNorm2d(32, eps=1e-05, momentum=0.1, affine=True, track_running_stats=True)
    (3): Conv2d(32, 32, kernel_size=(3, 3), stride=(1, 1))
    (4): ReLU(inplace=True)
    (5): BatchNorm2d(32, eps=1e-05, momentum=0.1, affine=True, track_running_stats=True)
    (6): Conv2d(32, 32, kernel_size=(5, 5), stride=(2, 2), padding=(2, 2))
    (7): ReLU(inplace=True)
    (8): BatchNorm2d(32, eps=1e-05, momentum=0.1, affine=True, track_running_stats=True)
    (9): Dropout(p=0.4, inplace=False)
    (10): Conv2d(32, 64, kernel_size=(3, 3), stride=(1, 1))
    (11): ReLU(inplace=True)
    (12): BatchNorm2d(64, eps=1e-05, momentum=0.1, affine=True, track_running_stats=True)
    (13): Conv2d(64, 64, kernel_size=(3, 3), stride=(1, 1))
    (14): ReLU(inplace=True)
    (15): BatchNorm2d(64, eps=1e-05, momentum=0.1, affine=True, track_running_stats=True)
    (16): Conv2d(64, 64, kernel_size=(5, 5), stride=(2, 2), padding=(2, 2))
    (17): ReLU(inplace=True)
    (18): BatchNorm2d(64, eps=1e-05, momentum=0.1, affine=True, track_running_stats=True)
    (19): Dropout(p=0.4, inplace=False)
    (20): View()
    (21): Linear(in_features=1600, out_features=30, bias=True)
  )
  (decoder): Sequential(
    (0): Linear(in_features=45, out_features=1600, bias=True)
    (1): ReLU(inplace=True)
    (2): View()
    (3): ConvTranspose2d(64, 64, kernel_size=(4, 4), stride=(2, 2), padding=(1, 1))
    (4): ReLU(inplace=True)
    (5): ConvTranspose2d(64, 64, kernel_size=(3, 3), stride=(1, 1))
    (6): ReLU(inplace=True)
    (7): ConvTranspose2d(64, 32, kernel_size=(3, 3), stride=(1, 1))
    (8): ReLU(inplace=True)
    (9): ConvTranspose2d(32, 32, kernel_size=(4, 4), stride=(2, 2), padding=(1, 1))
    (10): ReLU(inplace=True)
    (11): ConvTranspose2d(32, 32, kernel_size=(3, 3), stride=(1, 1))
    (12): ReLU(inplace=True)
    (13): ConvTranspose2d(32, 1, kernel_size=(3, 3), stride=(1, 1))
    (14): Sigmoid()
  )
)
The number of parameters of model is 563065
=> saved checkpoint 'checkpoints_CNN/mnist_VAE_s30_v15_SE_beta_3/last' (iter 270, epoch 1.0)
score:  0.0
score:  0.0
=> saved checkpoint 'checkpoint_scores_CNN/mnist_VAE_s30_v15_SE_beta_3/last' (iter 270, epoch 1.0)
[Save Checkpoint] epoch: [1.0], Train: total:8948.51660, BCE:-12.69650, KLD:2987.07153,Test: total:35692.10547, BCE:-12.74752, KLD:11901.61719
=> saved checkpoint 'checkpoints_CNN/mnist_VAE_s30_v15_SE_beta_3/last' (iter 540, epoch 2.0)
score:  0.0
score:  0.0
=> saved checkpoint 'checkpoint_scores_CNN/mnist_VAE_s30_v15_SE_beta_3/last' (iter 540, epoch 2.0)
[Save Checkpoint] epoch: [2.0], Train: total:9670.73242, BCE:-12.68966, KLD:3227.80591,Test: total:38522.28516, BCE:-12.73768, KLD:12845.00879
=> saved checkpoint 'checkpoints_CNN/mnist_VAE_s30_v15_SE_beta_3/last' (iter 810, epoch 3.0)
score:  0.0
score:  0.0
=> saved checkpoint 'checkpoint_scores_CNN/mnist_VAE_s30_v15_SE_beta_3/last' (iter 810, epoch 3.0)
[Save Checkpoint] epoch: [3.0], Train: total:10010.36523, BCE:-12.62736, KLD:3340.99731,Test: total:39840.43750, BCE:-12.69751, KLD:13284.37695
=> saved checkpoint 'checkpoints_CNN/mnist_VAE_s30_v15_SE_beta_3/last' (iter 1080, epoch 4.0)
score:  0.0
score:  0.0
=> saved checkpoint 'checkpoint_scores_CNN/mnist_VAE_s30_v15_SE_beta_3/last' (iter 1080, epoch 4.0)
[Save Checkpoint] epoch: [4.0], Train: total:10218.50684, BCE:-12.07975, KLD:3410.19385,Test: total:40574.65625, BCE:-12.17048, KLD:13528.94238
=> saved checkpoint 'checkpoints_CNN/mnist_VAE_s30_v15_SE_beta_3/last' (iter 1350, epoch 5.0)
score:  0.0
score:  0.0
=> saved checkpoint 'checkpoint_scores_CNN/mnist_VAE_s30_v15_SE_beta_3/last' (iter 1350, epoch 5.0)
[Save Checkpoint] epoch: [5.0], Train: total:10309.50098, BCE:-11.33519, KLD:3440.27856,Test: total:40893.75781, BCE:-11.42138, KLD:13635.05957
=> saved checkpoint 'checkpoints_CNN/mnist_VAE_s30_v15_SE_beta_3/last' (iter 1620, epoch 6.0)
score:  0.0
score:  0.0
=> saved checkpoint 'checkpoint_scores_CNN/mnist_VAE_s30_v15_SE_beta_3/last' (iter 1620, epoch 6.0)
[Save Checkpoint] epoch: [6.0], Train: total:10334.06738, BCE:-11.28196, KLD:3448.44995,Test: total:41010.94531, BCE:-11.43397, KLD:13674.12695
=> saved checkpoint 'checkpoints_CNN/mnist_VAE_s30_v15_SE_beta_3/last' (iter 1890, epoch 7.0)
score:  0.0
score:  0.0
=> saved checkpoint 'checkpoint_scores_CNN/mnist_VAE_s30_v15_SE_beta_3/last' (iter 1890, epoch 7.0)
[Save Checkpoint] epoch: [7.0], Train: total:10389.57910, BCE:-12.21113, KLD:3467.26440,Test: total:41184.85156, BCE:-12.36090, KLD:13732.40332
=> saved checkpoint 'checkpoints_CNN/mnist_VAE_s30_v15_SE_beta_3/last' (iter 2160, epoch 8.0)
score:  0.0
score:  0.0
=> saved checkpoint 'checkpoint_scores_CNN/mnist_VAE_s30_v15_SE_beta_3/last' (iter 2160, epoch 8.0)
[Save Checkpoint] epoch: [8.0], Train: total:10186.55469, BCE:-12.39025, KLD:3399.64722,Test: total:40330.08984, BCE:-12.58218, KLD:13447.55664
=> saved checkpoint 'checkpoints_CNN/mnist_VAE_s30_v15_SE_beta_3/last' (iter 2430, epoch 9.0)
score:  0.0
score:  0.0
=> saved checkpoint 'checkpoint_scores_CNN/mnist_VAE_s30_v15_SE_beta_3/last' (iter 2430, epoch 9.0)
[Save Checkpoint] epoch: [9.0], Train: total:10226.89844, BCE:-13.12065, KLD:3413.34058,Test: total:40529.76172, BCE:-13.29827, KLD:13514.35449
=> saved checkpoint 'checkpoints_CNN/mnist_VAE_s30_v15_SE_beta_3/last' (iter 2700, epoch 10.0)
score:  0.0
score:  0.0
=> saved checkpoint 'checkpoint_scores_CNN/mnist_VAE_s30_v15_SE_beta_3/last' (iter 2700, epoch 10.0)
[Save Checkpoint] epoch: [10.0], Train: total:10029.66602, BCE:-13.12783, KLD:3347.59863,Test: total:39719.86328, BCE:-13.31095, KLD:13244.39062
=> saved checkpoint 'checkpoints_CNN/mnist_VAE_s30_v15_SE_beta_3/last' (iter 2970, epoch 11.0)
score:  0.0
score:  0.0
=> saved checkpoint 'checkpoint_scores_CNN/mnist_VAE_s30_v15_SE_beta_3/last' (iter 2970, epoch 11.0)
[Save Checkpoint] epoch: [11.0], Train: total:10118.82031, BCE:-13.55766, KLD:3377.45923,Test: total:40086.57422, BCE:-13.73762, KLD:13366.76855
=> saved checkpoint 'checkpoints_CNN/mnist_VAE_s30_v15_SE_beta_3/last' (iter 3240, epoch 12.0)
score:  0.0
score:  0.0
=> saved checkpoint 'checkpoint_scores_CNN/mnist_VAE_s30_v15_SE_beta_3/last' (iter 3240, epoch 12.0)
[Save Checkpoint] epoch: [12.0], Train: total:9889.35449, BCE:-14.40151, KLD:3301.25122,Test: total:39136.95703, BCE:-14.56897, KLD:13050.50781
=> saved checkpoint 'checkpoints_CNN/mnist_VAE_s30_v15_SE_beta_3/last' (iter 3510, epoch 13.0)
score:  0.0
score:  0.0
=> saved checkpoint 'checkpoint_scores_CNN/mnist_VAE_s30_v15_SE_beta_3/last' (iter 3510, epoch 13.0)
EarlyStopping counter: 1 out of 25
[Save Checkpoint] epoch: [13.0], Train: total:9753.93457, BCE:-14.61331, KLD:3256.18213,Test: total:38544.69922, BCE:-14.79096, KLD:12853.16309
=> saved checkpoint 'checkpoints_CNN/mnist_VAE_s30_v15_SE_beta_3/last' (iter 3780, epoch 14.0)
score:  0.0
score:  0.0
=> saved checkpoint 'checkpoint_scores_CNN/mnist_VAE_s30_v15_SE_beta_3/last' (iter 3780, epoch 14.0)
[Save Checkpoint] epoch: [14.0], Train: total:9936.87695, BCE:-15.10303, KLD:3317.32568,Test: total:39297.08984, BCE:-15.31117, KLD:13104.13379
=> saved checkpoint 'checkpoints_CNN/mnist_VAE_s30_v15_SE_beta_3/last' (iter 4050, epoch 15.0)
score:  0.0
score:  0.0
=> saved checkpoint 'checkpoint_scores_CNN/mnist_VAE_s30_v15_SE_beta_3/last' (iter 4050, epoch 15.0)
EarlyStopping counter: 1 out of 25
[Save Checkpoint] epoch: [15.0], Train: total:9765.15039, BCE:-14.91580, KLD:3260.02002,Test: total:38608.83984, BCE:-15.12022, KLD:12874.65430
=> saved checkpoint 'checkpoints_CNN/mnist_VAE_s30_v15_SE_beta_3/last' (iter 4320, epoch 16.0)
score:  0.0
score:  0.0
=> saved checkpoint 'checkpoint_scores_CNN/mnist_VAE_s30_v15_SE_beta_3/last' (iter 4320, epoch 16.0)
EarlyStopping counter: 2 out of 25
[Save Checkpoint] epoch: [16.0], Train: total:10030.56836, BCE:-14.85305, KLD:3348.47437,Test: total:39712.74609, BCE:-15.04275, KLD:13242.59570
=> saved checkpoint 'checkpoints_CNN/mnist_VAE_s30_v15_SE_beta_3/last' (iter 4590, epoch 17.0)
score:  0.0
score:  0.0
=> saved checkpoint 'checkpoint_scores_CNN/mnist_VAE_s30_v15_SE_beta_3/last' (iter 4590, epoch 17.0)
[Save Checkpoint] epoch: [17.0], Train: total:9829.13574, BCE:-15.22035, KLD:3281.45215,Test: total:38843.40234, BCE:-15.43886, KLD:12952.94727
=> saved checkpoint 'checkpoints_CNN/mnist_VAE_s30_v15_SE_beta_3/last' (iter 4860, epoch 18.0)
score:  0.0
score:  0.0
=> saved checkpoint 'checkpoint_scores_CNN/mnist_VAE_s30_v15_SE_beta_3/last' (iter 4860, epoch 18.0)
EarlyStopping counter: 1 out of 25
[Save Checkpoint] epoch: [18.0], Train: total:9550.39844, BCE:-15.70732, KLD:3188.70288,Test: total:37720.10547, BCE:-15.92704, KLD:12578.67871
=> saved checkpoint 'checkpoints_CNN/mnist_VAE_s30_v15_SE_beta_3/last' (iter 5130, epoch 19.0)
score:  0.0
score:  0.0
=> saved checkpoint 'checkpoint_scores_CNN/mnist_VAE_s30_v15_SE_beta_3/last' (iter 5130, epoch 19.0)
[Save Checkpoint] epoch: [19.0], Train: total:9800.81641, BCE:-16.83504, KLD:3272.54907,Test: total:38704.78125, BCE:-17.03248, KLD:12907.27051
=> saved checkpoint 'checkpoints_CNN/mnist_VAE_s30_v15_SE_beta_3/last' (iter 5400, epoch 20.0)
score:  0.0
score:  0.0
=> saved checkpoint 'checkpoint_scores_CNN/mnist_VAE_s30_v15_SE_beta_3/last' (iter 5400, epoch 20.0)
[Save Checkpoint] epoch: [20.0], Train: total:9651.80176, BCE:-16.34856, KLD:3222.71777,Test: total:38072.72656, BCE:-16.55037, KLD:12696.42578
=> saved checkpoint 'checkpoints_CNN/mnist_VAE_s30_v15_SE_beta_3/last' (iter 5670, epoch 21.0)
score:  0.0
score:  0.0
=> saved checkpoint 'checkpoint_scores_CNN/mnist_VAE_s30_v15_SE_beta_3/last' (iter 5670, epoch 21.0)
EarlyStopping counter: 1 out of 25
[Save Checkpoint] epoch: [21.0], Train: total:9621.03613, BCE:-18.16166, KLD:3213.06445,Test: total:37986.53516, BCE:-18.36238, KLD:12668.29980
=> saved checkpoint 'checkpoints_CNN/mnist_VAE_s30_v15_SE_beta_3/last' (iter 5940, epoch 22.0)
score:  0.0
score:  0.0
=> saved checkpoint 'checkpoint_scores_CNN/mnist_VAE_s30_v15_SE_beta_3/last' (iter 5940, epoch 22.0)
[Save Checkpoint] epoch: [22.0], Train: total:9491.87109, BCE:-17.54698, KLD:3169.80615,Test: total:37475.51172, BCE:-17.76658, KLD:12497.75977
=> saved checkpoint 'checkpoints_CNN/mnist_VAE_s30_v15_SE_beta_3/last' (iter 6210, epoch 23.0)
score:  0.0
score:  0.0
=> saved checkpoint 'checkpoint_scores_CNN/mnist_VAE_s30_v15_SE_beta_3/last' (iter 6210, epoch 23.0)
EarlyStopping counter: 1 out of 25
[Save Checkpoint] epoch: [23.0], Train: total:9507.73145, BCE:-18.09341, KLD:3175.27466,Test: total:37553.65625, BCE:-18.27841, KLD:12523.97754
=> saved checkpoint 'checkpoints_CNN/mnist_VAE_s30_v15_SE_beta_3/last' (iter 6480, epoch 24.0)
score:  0.0
score:  0.0
=> saved checkpoint 'checkpoint_scores_CNN/mnist_VAE_s30_v15_SE_beta_3/last' (iter 6480, epoch 24.0)
[Save Checkpoint] epoch: [24.0], Train: total:9357.11816, BCE:-18.20101, KLD:3125.10596,Test: total:36922.81250, BCE:-18.36992, KLD:12313.72852
=> saved checkpoint 'checkpoints_CNN/mnist_VAE_s30_v15_SE_beta_3/last' (iter 6750, epoch 25.0)
score:  0.0
score:  0.0
=> saved checkpoint 'checkpoint_scores_CNN/mnist_VAE_s30_v15_SE_beta_3/last' (iter 6750, epoch 25.0)
EarlyStopping counter: 1 out of 25
[Save Checkpoint] epoch: [25.0], Train: total:9394.79492, BCE:-18.76387, KLD:3137.85205,Test: total:37044.88672, BCE:-18.94307, KLD:12354.60938
=> saved checkpoint 'checkpoints_CNN/mnist_VAE_s30_v15_SE_beta_3/last' (iter 7020, epoch 26.0)
score:  0.0
score:  0.0
=> saved checkpoint 'checkpoint_scores_CNN/mnist_VAE_s30_v15_SE_beta_3/last' (iter 7020, epoch 26.0)
EarlyStopping counter: 2 out of 25
[Save Checkpoint] epoch: [26.0], Train: total:9406.14844, BCE:-20.19822, KLD:3142.11792,Test: total:37126.40234, BCE:-20.39136, KLD:12382.26465
=> saved checkpoint 'checkpoints_CNN/mnist_VAE_s30_v15_SE_beta_3/last' (iter 7290, epoch 27.0)
score:  0.0
score:  0.0
=> saved checkpoint 'checkpoint_scores_CNN/mnist_VAE_s30_v15_SE_beta_3/last' (iter 7290, epoch 27.0)
EarlyStopping counter: 3 out of 25
[Save Checkpoint] epoch: [27.0], Train: total:9569.31934, BCE:-19.93212, KLD:3196.41650,Test: total:37776.62109, BCE:-20.09984, KLD:12598.90820
=> saved checkpoint 'checkpoints_CNN/mnist_VAE_s30_v15_SE_beta_3/last' (iter 7560, epoch 28.0)
score:  0.0
score:  0.0
=> saved checkpoint 'checkpoint_scores_CNN/mnist_VAE_s30_v15_SE_beta_3/last' (iter 7560, epoch 28.0)
EarlyStopping counter: 4 out of 25
[Save Checkpoint] epoch: [28.0], Train: total:9187.70898, BCE:-19.66123, KLD:3069.12451,Test: total:36249.08203, BCE:-19.85391, KLD:12089.64648
=> saved checkpoint 'checkpoints_CNN/mnist_VAE_s30_v15_SE_beta_3/last' (iter 7830, epoch 29.0)
score:  0.0
score:  0.0
=> saved checkpoint 'checkpoint_scores_CNN/mnist_VAE_s30_v15_SE_beta_3/last' (iter 7830, epoch 29.0)
[Save Checkpoint] epoch: [29.0], Train: total:9424.68262, BCE:-20.41336, KLD:3148.36597,Test: total:37174.25781, BCE:-20.60326, KLD:12398.28613
=> saved checkpoint 'checkpoints_CNN/mnist_VAE_s30_v15_SE_beta_3/last' (iter 8100, epoch 30.0)
score:  0.0
score:  0.0
=> saved checkpoint 'checkpoint_scores_CNN/mnist_VAE_s30_v15_SE_beta_3/last' (iter 8100, epoch 30.0)
EarlyStopping counter: 1 out of 25
[Save Checkpoint] epoch: [30.0], Train: total:9375.76562, BCE:-21.02986, KLD:3132.26636,Test: total:37012.41016, BCE:-21.18248, KLD:12344.53223
=> saved checkpoint 'checkpoints_CNN/mnist_VAE_s30_v15_SE_beta_3/last' (iter 8370, epoch 31.0)
score:  0.0
score:  0.0
=> saved checkpoint 'checkpoint_scores_CNN/mnist_VAE_s30_v15_SE_beta_3/last' (iter 8370, epoch 31.0)
[Save Checkpoint] epoch: [31.0], Train: total:9250.21387, BCE:-21.12636, KLD:3090.44580,Test: total:36492.42188, BCE:-21.25696, KLD:12171.22656
=> saved checkpoint 'checkpoints_CNN/mnist_VAE_s30_v15_SE_beta_3/last' (iter 8640, epoch 32.0)
score:  0.0
score:  0.0
=> saved checkpoint 'checkpoint_scores_CNN/mnist_VAE_s30_v15_SE_beta_3/last' (iter 8640, epoch 32.0)
EarlyStopping counter: 1 out of 25
[Save Checkpoint] epoch: [32.0], Train: total:9248.79102, BCE:-21.18833, KLD:3089.99219,Test: total:36505.13281, BCE:-21.38042, KLD:12175.50293
=> saved checkpoint 'checkpoints_CNN/mnist_VAE_s30_v15_SE_beta_3/last' (iter 8910, epoch 33.0)
score:  0.0
score:  0.0
=> saved checkpoint 'checkpoint_scores_CNN/mnist_VAE_s30_v15_SE_beta_3/last' (iter 8910, epoch 33.0)
EarlyStopping counter: 2 out of 25
[Save Checkpoint] epoch: [33.0], Train: total:9276.58496, BCE:-21.28217, KLD:3099.29126,Test: total:36591.25000, BCE:-21.45773, KLD:12204.23633
=> saved checkpoint 'checkpoints_CNN/mnist_VAE_s30_v15_SE_beta_3/last' (iter 9180, epoch 34.0)
score:  0.0
score:  0.0
=> saved checkpoint 'checkpoint_scores_CNN/mnist_VAE_s30_v15_SE_beta_3/last' (iter 9180, epoch 34.0)
EarlyStopping counter: 3 out of 25
[Save Checkpoint] epoch: [34.0], Train: total:9273.89551, BCE:-21.48014, KLD:3098.45776,Test: total:36556.72266, BCE:-21.57359, KLD:12192.76465
=> saved checkpoint 'checkpoints_CNN/mnist_VAE_s30_v15_SE_beta_3/last' (iter 9450, epoch 35.0)
score:  0.0
score:  0.0
=> saved checkpoint 'checkpoint_scores_CNN/mnist_VAE_s30_v15_SE_beta_3/last' (iter 9450, epoch 35.0)
[Save Checkpoint] epoch: [35.0], Train: total:9323.42383, BCE:-22.31599, KLD:3115.24585,Test: total:36743.46484, BCE:-22.47998, KLD:12255.31445
=> saved checkpoint 'checkpoints_CNN/mnist_VAE_s30_v15_SE_beta_3/last' (iter 9720, epoch 36.0)
score:  0.0
score:  0.0
=> saved checkpoint 'checkpoint_scores_CNN/mnist_VAE_s30_v15_SE_beta_3/last' (iter 9720, epoch 36.0)
EarlyStopping counter: 1 out of 25
[Save Checkpoint] epoch: [36.0], Train: total:9184.77344, BCE:-22.15864, KLD:3068.97559,Test: total:36183.19922, BCE:-22.27572, KLD:12068.49121
=> saved checkpoint 'checkpoints_CNN/mnist_VAE_s30_v15_SE_beta_3/last' (iter 9990, epoch 37.0)
score:  0.0
score:  0.0
=> saved checkpoint 'checkpoint_scores_CNN/mnist_VAE_s30_v15_SE_beta_3/last' (iter 9990, epoch 37.0)
EarlyStopping counter: 2 out of 25
[Save Checkpoint] epoch: [37.0], Train: total:9063.41992, BCE:-22.29125, KLD:3028.57129,Test: total:35750.61328, BCE:-22.38892, KLD:11924.33496
=> saved checkpoint 'checkpoints_CNN/mnist_VAE_s30_v15_SE_beta_3/last' (iter 10260, epoch 38.0)
score:  0.0
score:  0.0
=> saved checkpoint 'checkpoint_scores_CNN/mnist_VAE_s30_v15_SE_beta_3/last' (iter 10260, epoch 38.0)
EarlyStopping counter: 3 out of 25
[Save Checkpoint] epoch: [38.0], Train: total:9175.44434, BCE:-23.16594, KLD:3066.20361,Test: total:36160.96484, BCE:-23.27367, KLD:12061.41309
=> saved checkpoint 'checkpoints_CNN/mnist_VAE_s30_v15_SE_beta_3/last' (iter 10530, epoch 39.0)
score:  0.0
score:  0.0
=> saved checkpoint 'checkpoint_scores_CNN/mnist_VAE_s30_v15_SE_beta_3/last' (iter 10530, epoch 39.0)
EarlyStopping counter: 4 out of 25
[Save Checkpoint] epoch: [39.0], Train: total:9036.91113, BCE:-22.67904, KLD:3019.86353,Test: total:35574.50391, BCE:-22.75054, KLD:11865.74902
Epoch    40: reducing learning rate of group 0 to 2.0000e-04.
=> saved checkpoint 'checkpoints_CNN/mnist_VAE_s30_v15_SE_beta_3/last' (iter 10800, epoch 40.0)
score:  0.0
score:  0.0
=> saved checkpoint 'checkpoint_scores_CNN/mnist_VAE_s30_v15_SE_beta_3/last' (iter 10800, epoch 40.0)
EarlyStopping counter: 5 out of 25
[Save Checkpoint] epoch: [40.0], Train: total:9055.47559, BCE:-22.68601, KLD:3026.05396,Test: total:35690.60547, BCE:-22.80344, KLD:11904.47070
=> saved checkpoint 'checkpoints_CNN/mnist_VAE_s30_v15_SE_beta_3/last' (iter 11070, epoch 41.0)
score:  0.0
score:  0.0
=> saved checkpoint 'checkpoint_scores_CNN/mnist_VAE_s30_v15_SE_beta_3/last' (iter 11070, epoch 41.0)
[Save Checkpoint] epoch: [41.0], Train: total:9047.36719, BCE:-22.56444, KLD:3023.31128,Test: total:35628.73047, BCE:-22.62963, KLD:11883.78613
=> saved checkpoint 'checkpoints_CNN/mnist_VAE_s30_v15_SE_beta_3/last' (iter 11340, epoch 42.0)
score:  0.0
score:  0.0
=> saved checkpoint 'checkpoint_scores_CNN/mnist_VAE_s30_v15_SE_beta_3/last' (iter 11340, epoch 42.0)
[Save Checkpoint] epoch: [42.0], Train: total:9150.46094, BCE:-22.78266, KLD:3057.74927,Test: total:36048.71875, BCE:-22.86337, KLD:12023.86133
=> saved checkpoint 'checkpoints_CNN/mnist_VAE_s30_v15_SE_beta_3/last' (iter 11610, epoch 43.0)
score:  0.0
score:  0.0
=> saved checkpoint 'checkpoint_scores_CNN/mnist_VAE_s30_v15_SE_beta_3/last' (iter 11610, epoch 43.0)
EarlyStopping counter: 1 out of 25
[Save Checkpoint] epoch: [43.0], Train: total:9074.87109, BCE:-22.97527, KLD:3032.61499,Test: total:35735.83984, BCE:-23.08135, KLD:11919.63965
=> saved checkpoint 'checkpoints_CNN/mnist_VAE_s30_v15_SE_beta_3/last' (iter 11880, epoch 44.0)
score:  0.0
score:  0.0
=> saved checkpoint 'checkpoint_scores_CNN/mnist_VAE_s30_v15_SE_beta_3/last' (iter 11880, epoch 44.0)
EarlyStopping counter: 2 out of 25
[Save Checkpoint] epoch: [44.0], Train: total:9049.16309, BCE:-22.96887, KLD:3024.04639,Test: total:35631.72266, BCE:-23.03840, KLD:11884.92090
=> saved checkpoint 'checkpoints_CNN/mnist_VAE_s30_v15_SE_beta_3/last' (iter 12150, epoch 45.0)
score:  0.0
score:  0.0
=> saved checkpoint 'checkpoint_scores_CNN/mnist_VAE_s30_v15_SE_beta_3/last' (iter 12150, epoch 45.0)
[Save Checkpoint] epoch: [45.0], Train: total:9045.62207, BCE:-23.01911, KLD:3022.88086,Test: total:35639.44922, BCE:-23.07285, KLD:11887.50684
=> saved checkpoint 'checkpoints_CNN/mnist_VAE_s30_v15_SE_beta_3/last' (iter 12420, epoch 46.0)
score:  0.0
score:  0.0
=> saved checkpoint 'checkpoint_scores_CNN/mnist_VAE_s30_v15_SE_beta_3/last' (iter 12420, epoch 46.0)
EarlyStopping counter: 1 out of 25
[Save Checkpoint] epoch: [46.0], Train: total:9062.70703, BCE:-23.03667, KLD:3028.58081,Test: total:35703.94922, BCE:-23.13000, KLD:11909.02832
=> saved checkpoint 'checkpoints_CNN/mnist_VAE_s30_v15_SE_beta_3/last' (iter 12690, epoch 47.0)
score:  0.0
score:  0.0
=> saved checkpoint 'checkpoint_scores_CNN/mnist_VAE_s30_v15_SE_beta_3/last' (iter 12690, epoch 47.0)
[Save Checkpoint] epoch: [47.0], Train: total:9046.84863, BCE:-23.11906, KLD:3023.32178,Test: total:35621.41797, BCE:-23.20578, KLD:11881.54199
=> saved checkpoint 'checkpoints_CNN/mnist_VAE_s30_v15_SE_beta_3/last' (iter 12960, epoch 48.0)
score:  0.0
score:  0.0
=> saved checkpoint 'checkpoint_scores_CNN/mnist_VAE_s30_v15_SE_beta_3/last' (iter 12960, epoch 48.0)
[Save Checkpoint] epoch: [48.0], Train: total:9063.34961, BCE:-23.12224, KLD:3028.82471,Test: total:35719.57031, BCE:-23.20386, KLD:11914.25781
=> saved checkpoint 'checkpoints_CNN/mnist_VAE_s30_v15_SE_beta_3/last' (iter 13230, epoch 49.0)
score:  0.0
score:  0.0
=> saved checkpoint 'checkpoint_scores_CNN/mnist_VAE_s30_v15_SE_beta_3/last' (iter 13230, epoch 49.0)
EarlyStopping counter: 1 out of 25
[Save Checkpoint] epoch: [49.0], Train: total:9028.62500, BCE:-23.31466, KLD:3017.31348,Test: total:35567.47656, BCE:-23.39779, KLD:11863.62598
=> saved checkpoint 'checkpoints_CNN/mnist_VAE_s30_v15_SE_beta_3/last' (iter 13500, epoch 50.0)
score:  0.0
score:  0.0
=> saved checkpoint 'checkpoint_scores_CNN/mnist_VAE_s30_v15_SE_beta_3/last' (iter 13500, epoch 50.0)
EarlyStopping counter: 2 out of 25
[Save Checkpoint] epoch: [50.0], Train: total:9047.50000, BCE:-23.09219, KLD:3023.52930,Test: total:35639.21875, BCE:-23.13556, KLD:11887.45020
=> saved checkpoint 'checkpoints_CNN/mnist_VAE_s30_v15_SE_beta_3/last' (iter 13770, epoch 51.0)
score:  0.0
score:  0.0
=> saved checkpoint 'checkpoint_scores_CNN/mnist_VAE_s30_v15_SE_beta_3/last' (iter 13770, epoch 51.0)
EarlyStopping counter: 3 out of 25
[Save Checkpoint] epoch: [51.0], Train: total:9083.92383, BCE:-23.00160, KLD:3035.64282,Test: total:35784.18750, BCE:-23.09949, KLD:11935.76367
Epoch    52: reducing learning rate of group 0 to 4.0000e-05.
=> saved checkpoint 'checkpoints_CNN/mnist_VAE_s30_v15_SE_beta_3/last' (iter 14040, epoch 52.0)
score:  0.0
score:  0.0
=> saved checkpoint 'checkpoint_scores_CNN/mnist_VAE_s30_v15_SE_beta_3/last' (iter 14040, epoch 52.0)
EarlyStopping counter: 4 out of 25
[Save Checkpoint] epoch: [52.0], Train: total:9067.04004, BCE:-23.11054, KLD:3030.04980,Test: total:35729.91406, BCE:-23.18114, KLD:11917.69824
=> saved checkpoint 'checkpoints_CNN/mnist_VAE_s30_v15_SE_beta_3/last' (iter 14310, epoch 53.0)
score:  0.0
score:  0.0
=> saved checkpoint 'checkpoint_scores_CNN/mnist_VAE_s30_v15_SE_beta_3/last' (iter 14310, epoch 53.0)
EarlyStopping counter: 5 out of 25
[Save Checkpoint] epoch: [53.0], Train: total:9076.30469, BCE:-23.00784, KLD:3033.10474,Test: total:35758.05078, BCE:-23.10005, KLD:11927.04980
=> saved checkpoint 'checkpoints_CNN/mnist_VAE_s30_v15_SE_beta_3/last' (iter 14580, epoch 54.0)
score:  0.0
score:  0.0
=> saved checkpoint 'checkpoint_scores_CNN/mnist_VAE_s30_v15_SE_beta_3/last' (iter 14580, epoch 54.0)
EarlyStopping counter: 6 out of 25
[Save Checkpoint] epoch: [54.0], Train: total:9054.30176, BCE:-23.02915, KLD:3025.77832,Test: total:35677.96094, BCE:-23.12114, KLD:11900.35938
=> saved checkpoint 'checkpoints_CNN/mnist_VAE_s30_v15_SE_beta_3/last' (iter 14850, epoch 55.0)
score:  0.0
score:  0.0
=> saved checkpoint 'checkpoint_scores_CNN/mnist_VAE_s30_v15_SE_beta_3/last' (iter 14850, epoch 55.0)
EarlyStopping counter: 7 out of 25
[Save Checkpoint] epoch: [55.0], Train: total:9080.50977, BCE:-23.08934, KLD:3034.53662,Test: total:35778.67188, BCE:-23.16663, KLD:11933.94727
=> saved checkpoint 'checkpoints_CNN/mnist_VAE_s30_v15_SE_beta_3/last' (iter 15120, epoch 56.0)
score:  0.0
score:  0.0
=> saved checkpoint 'checkpoint_scores_CNN/mnist_VAE_s30_v15_SE_beta_3/last' (iter 15120, epoch 56.0)
EarlyStopping counter: 8 out of 25
[Save Checkpoint] epoch: [56.0], Train: total:9050.38086, BCE:-23.13176, KLD:3024.50464,Test: total:35656.46484, BCE:-23.20575, KLD:11893.22559
Epoch    57: reducing learning rate of group 0 to 8.0000e-06.
=> saved checkpoint 'checkpoints_CNN/mnist_VAE_s30_v15_SE_beta_3/last' (iter 15390, epoch 57.0)
score:  0.0
score:  0.0
=> saved checkpoint 'checkpoint_scores_CNN/mnist_VAE_s30_v15_SE_beta_3/last' (iter 15390, epoch 57.0)
EarlyStopping counter: 9 out of 25
[Save Checkpoint] epoch: [57.0], Train: total:9064.92285, BCE:-23.13915, KLD:3029.35547,Test: total:35718.25000, BCE:-23.25419, KLD:11913.83398
=> saved checkpoint 'checkpoints_CNN/mnist_VAE_s30_v15_SE_beta_3/last' (iter 15660, epoch 58.0)
score:  0.0
score:  0.0
=> saved checkpoint 'checkpoint_scores_CNN/mnist_VAE_s30_v15_SE_beta_3/last' (iter 15660, epoch 58.0)
EarlyStopping counter: 10 out of 25
[Save Checkpoint] epoch: [58.0], Train: total:9053.24023, BCE:-23.18612, KLD:3025.47510,Test: total:35671.35547, BCE:-23.24370, KLD:11898.20020
=> saved checkpoint 'checkpoints_CNN/mnist_VAE_s30_v15_SE_beta_3/last' (iter 15930, epoch 59.0)
score:  0.0
score:  0.0
=> saved checkpoint 'checkpoint_scores_CNN/mnist_VAE_s30_v15_SE_beta_3/last' (iter 15930, epoch 59.0)
EarlyStopping counter: 11 out of 25
[Save Checkpoint] epoch: [59.0], Train: total:9043.20215, BCE:-23.15451, KLD:3022.11768,Test: total:35630.50781, BCE:-23.19755, KLD:11884.56934
=> saved checkpoint 'checkpoints_CNN/mnist_VAE_s30_v15_SE_beta_3/last' (iter 16200, epoch 60.0)
score:  0.0
score:  0.0
=> saved checkpoint 'checkpoint_scores_CNN/mnist_VAE_s30_v15_SE_beta_3/last' (iter 16200, epoch 60.0)
EarlyStopping counter: 12 out of 25
[Save Checkpoint] epoch: [60.0], Train: total:9032.44336, BCE:-23.16056, KLD:3018.53589,Test: total:35587.46484, BCE:-23.20773, KLD:11870.22559
=> saved checkpoint 'checkpoints_CNN/mnist_VAE_s30_v15_SE_beta_3/last' (iter 16470, epoch 61.0)
score:  0.0
score:  0.0
=> saved checkpoint 'checkpoint_scores_CNN/mnist_VAE_s30_v15_SE_beta_3/last' (iter 16470, epoch 61.0)
[Save Checkpoint] epoch: [61.0], Train: total:9041.76074, BCE:-23.16681, KLD:3021.64087,Test: total:35624.85938, BCE:-23.24948, KLD:11882.70312
=> saved checkpoint 'checkpoints_CNN/mnist_VAE_s30_v15_SE_beta_3/last' (iter 16740, epoch 62.0)
score:  0.0
score:  0.0
=> saved checkpoint 'checkpoint_scores_CNN/mnist_VAE_s30_v15_SE_beta_3/last' (iter 16740, epoch 62.0)
EarlyStopping counter: 1 out of 25
[Save Checkpoint] epoch: [62.0], Train: total:9029.98047, BCE:-23.16968, KLD:3017.71802,Test: total:35579.79297, BCE:-23.23787, KLD:11867.67676
=> saved checkpoint 'checkpoints_CNN/mnist_VAE_s30_v15_SE_beta_3/last' (iter 17010, epoch 63.0)
score:  0.0
score:  0.0
=> saved checkpoint 'checkpoint_scores_CNN/mnist_VAE_s30_v15_SE_beta_3/last' (iter 17010, epoch 63.0)
EarlyStopping counter: 2 out of 25
[Save Checkpoint] epoch: [63.0], Train: total:9031.86328, BCE:-23.17288, KLD:3018.34546,Test: total:35586.55859, BCE:-23.24298, KLD:11869.93555
=> saved checkpoint 'checkpoints_CNN/mnist_VAE_s30_v15_SE_beta_3/last' (iter 17280, epoch 64.0)
score:  0.0
score:  0.0
=> saved checkpoint 'checkpoint_scores_CNN/mnist_VAE_s30_v15_SE_beta_3/last' (iter 17280, epoch 64.0)
EarlyStopping counter: 3 out of 25
[Save Checkpoint] epoch: [64.0], Train: total:9049.52344, BCE:-23.21373, KLD:3024.24658,Test: total:35654.55078, BCE:-23.27284, KLD:11892.60840
=> saved checkpoint 'checkpoints_CNN/mnist_VAE_s30_v15_SE_beta_3/last' (iter 17550, epoch 65.0)
score:  0.0
score:  0.0
=> saved checkpoint 'checkpoint_scores_CNN/mnist_VAE_s30_v15_SE_beta_3/last' (iter 17550, epoch 65.0)
EarlyStopping counter: 4 out of 25
[Save Checkpoint] epoch: [65.0], Train: total:9038.80469, BCE:-23.21523, KLD:3020.67285,Test: total:35612.18750, BCE:-23.30816, KLD:11878.49902
Epoch    66: reducing learning rate of group 0 to 1.6000e-06.
=> saved checkpoint 'checkpoints_CNN/mnist_VAE_s30_v15_SE_beta_3/last' (iter 17820, epoch 66.0)
score:  0.0
score:  0.0
=> saved checkpoint 'checkpoint_scores_CNN/mnist_VAE_s30_v15_SE_beta_3/last' (iter 17820, epoch 66.0)
EarlyStopping counter: 5 out of 25
[Save Checkpoint] epoch: [66.0], Train: total:9038.53125, BCE:-23.18177, KLD:3020.57031,Test: total:35613.43359, BCE:-23.24248, KLD:11878.89062
=> saved checkpoint 'checkpoints_CNN/mnist_VAE_s30_v15_SE_beta_3/last' (iter 18090, epoch 67.0)
score:  0.0
score:  0.0
=> saved checkpoint 'checkpoint_scores_CNN/mnist_VAE_s30_v15_SE_beta_3/last' (iter 18090, epoch 67.0)
EarlyStopping counter: 6 out of 25
[Save Checkpoint] epoch: [67.0], Train: total:9042.65527, BCE:-23.22346, KLD:3021.95776,Test: total:35630.74609, BCE:-23.29878, KLD:11884.68262
=> saved checkpoint 'checkpoints_CNN/mnist_VAE_s30_v15_SE_beta_3/last' (iter 18360, epoch 68.0)
score:  0.0
score:  0.0
=> saved checkpoint 'checkpoint_scores_CNN/mnist_VAE_s30_v15_SE_beta_3/last' (iter 18360, epoch 68.0)
EarlyStopping counter: 7 out of 25
[Save Checkpoint] epoch: [68.0], Train: total:9051.69336, BCE:-23.24556, KLD:3024.97949,Test: total:35665.78125, BCE:-23.33668, KLD:11896.37402
=> saved checkpoint 'checkpoints_CNN/mnist_VAE_s30_v15_SE_beta_3/last' (iter 18630, epoch 69.0)
score:  0.0
score:  0.0
=> saved checkpoint 'checkpoint_scores_CNN/mnist_VAE_s30_v15_SE_beta_3/last' (iter 18630, epoch 69.0)
EarlyStopping counter: 8 out of 25
[Save Checkpoint] epoch: [69.0], Train: total:9051.76270, BCE:-23.24779, KLD:3025.00342,Test: total:35665.41797, BCE:-23.34048, KLD:11896.25293
=> saved checkpoint 'checkpoints_CNN/mnist_VAE_s30_v15_SE_beta_3/last' (iter 18900, epoch 70.0)
score:  0.0
score:  0.0
=> saved checkpoint 'checkpoint_scores_CNN/mnist_VAE_s30_v15_SE_beta_3/last' (iter 18900, epoch 70.0)
EarlyStopping counter: 9 out of 25
[Save Checkpoint] epoch: [70.0], Train: total:9053.44824, BCE:-23.23654, KLD:3025.55933,Test: total:35672.71484, BCE:-23.29030, KLD:11898.66992
Epoch    71: reducing learning rate of group 0 to 1.0000e-06.
=> saved checkpoint 'checkpoints_CNN/mnist_VAE_s30_v15_SE_beta_3/last' (iter 19170, epoch 71.0)
score:  0.0
score:  0.0
=> saved checkpoint 'checkpoint_scores_CNN/mnist_VAE_s30_v15_SE_beta_3/last' (iter 19170, epoch 71.0)
EarlyStopping counter: 10 out of 25
[Save Checkpoint] epoch: [71.0], Train: total:9052.46094, BCE:-23.23855, KLD:3025.23438,Test: total:35668.34375, BCE:-23.31188, KLD:11897.21777
=> saved checkpoint 'checkpoints_CNN/mnist_VAE_s30_v15_SE_beta_3/last' (iter 19440, epoch 72.0)
score:  0.0
score:  0.0
=> saved checkpoint 'checkpoint_scores_CNN/mnist_VAE_s30_v15_SE_beta_3/last' (iter 19440, epoch 72.0)
EarlyStopping counter: 11 out of 25
[Save Checkpoint] epoch: [72.0], Train: total:9054.18945, BCE:-23.24971, KLD:3025.81226,Test: total:35675.44922, BCE:-23.31023, KLD:11899.58496
=> saved checkpoint 'checkpoints_CNN/mnist_VAE_s30_v15_SE_beta_3/last' (iter 19710, epoch 73.0)
score:  0.0
score:  0.0
=> saved checkpoint 'checkpoint_scores_CNN/mnist_VAE_s30_v15_SE_beta_3/last' (iter 19710, epoch 73.0)
EarlyStopping counter: 12 out of 25
[Save Checkpoint] epoch: [73.0], Train: total:9055.51172, BCE:-23.25753, KLD:3026.25684,Test: total:35679.93359, BCE:-23.30188, KLD:11901.08008
=> saved checkpoint 'checkpoints_CNN/mnist_VAE_s30_v15_SE_beta_3/last' (iter 19980, epoch 74.0)
score:  0.0
score:  0.0
=> saved checkpoint 'checkpoint_scores_CNN/mnist_VAE_s30_v15_SE_beta_3/last' (iter 19980, epoch 74.0)
EarlyStopping counter: 13 out of 25
[Save Checkpoint] epoch: [74.0], Train: total:9056.30371, BCE:-23.25520, KLD:3026.52026,Test: total:35683.17969, BCE:-23.31352, KLD:11902.16504
=> saved checkpoint 'checkpoints_CNN/mnist_VAE_s30_v15_SE_beta_3/last' (iter 20250, epoch 75.0)
score:  0.0
score:  0.0
=> saved checkpoint 'checkpoint_scores_CNN/mnist_VAE_s30_v15_SE_beta_3/last' (iter 20250, epoch 75.0)
EarlyStopping counter: 14 out of 25
[Save Checkpoint] epoch: [75.0], Train: total:9057.53711, BCE:-23.25269, KLD:3026.93091,Test: total:35687.96484, BCE:-23.37023, KLD:11903.77930
=> saved checkpoint 'checkpoints_CNN/mnist_VAE_s30_v15_SE_beta_3/last' (iter 20520, epoch 76.0)
score:  0.0
score:  0.0
=> saved checkpoint 'checkpoint_scores_CNN/mnist_VAE_s30_v15_SE_beta_3/last' (iter 20520, epoch 76.0)
EarlyStopping counter: 15 out of 25
[Save Checkpoint] epoch: [76.0], Train: total:9063.83398, BCE:-23.25165, KLD:3029.02856,Test: total:35712.72266, BCE:-23.30564, KLD:11912.01074
=> saved checkpoint 'checkpoints_CNN/mnist_VAE_s30_v15_SE_beta_3/last' (iter 20790, epoch 77.0)
score:  0.0
score:  0.0
=> saved checkpoint 'checkpoint_scores_CNN/mnist_VAE_s30_v15_SE_beta_3/last' (iter 20790, epoch 77.0)
EarlyStopping counter: 16 out of 25
[Save Checkpoint] epoch: [77.0], Train: total:9057.06152, BCE:-23.25614, KLD:3026.77051,Test: total:35686.52734, BCE:-23.30140, KLD:11903.27637
=> saved checkpoint 'checkpoints_CNN/mnist_VAE_s30_v15_SE_beta_3/last' (iter 21060, epoch 78.0)
score:  0.0
score:  0.0
=> saved checkpoint 'checkpoint_scores_CNN/mnist_VAE_s30_v15_SE_beta_3/last' (iter 21060, epoch 78.0)
EarlyStopping counter: 17 out of 25
[Save Checkpoint] epoch: [78.0], Train: total:9057.05078, BCE:-23.27243, KLD:3026.77563,Test: total:35686.24609, BCE:-23.30102, KLD:11903.18262
=> saved checkpoint 'checkpoints_CNN/mnist_VAE_s30_v15_SE_beta_3/last' (iter 21330, epoch 79.0)
score:  0.0
score:  0.0
=> saved checkpoint 'checkpoint_scores_CNN/mnist_VAE_s30_v15_SE_beta_3/last' (iter 21330, epoch 79.0)
EarlyStopping counter: 18 out of 25
[Save Checkpoint] epoch: [79.0], Train: total:9054.45996, BCE:-23.27547, KLD:3025.91309,Test: total:35676.34766, BCE:-23.35608, KLD:11899.90137
=> saved checkpoint 'checkpoints_CNN/mnist_VAE_s30_v15_SE_beta_3/last' (iter 21600, epoch 80.0)
score:  0.0
score:  0.0
=> saved checkpoint 'checkpoint_scores_CNN/mnist_VAE_s30_v15_SE_beta_3/last' (iter 21600, epoch 80.0)
EarlyStopping counter: 19 out of 25
[Save Checkpoint] epoch: [80.0], Train: total:9056.29199, BCE:-23.25447, KLD:3026.51538,Test: total:35683.55078, BCE:-23.32990, KLD:11902.29297
=> saved checkpoint 'checkpoints_CNN/mnist_VAE_s30_v15_SE_beta_3/last' (iter 21870, epoch 81.0)
score:  0.0
score:  0.0
=> saved checkpoint 'checkpoint_scores_CNN/mnist_VAE_s30_v15_SE_beta_3/last' (iter 21870, epoch 81.0)
EarlyStopping counter: 20 out of 25
[Save Checkpoint] epoch: [81.0], Train: total:9058.44043, BCE:-23.25118, KLD:3027.22827,Test: total:35692.02734, BCE:-23.31976, KLD:11905.11426
=> saved checkpoint 'checkpoints_CNN/mnist_VAE_s30_v15_SE_beta_3/last' (iter 22140, epoch 82.0)
score:  0.0
score:  0.0
=> saved checkpoint 'checkpoint_scores_CNN/mnist_VAE_s30_v15_SE_beta_3/last' (iter 22140, epoch 82.0)
EarlyStopping counter: 21 out of 25
[Save Checkpoint] epoch: [82.0], Train: total:9053.89453, BCE:-23.24293, KLD:3025.71143,Test: total:35673.93750, BCE:-23.31310, KLD:11899.08301
=> saved checkpoint 'checkpoints_CNN/mnist_VAE_s30_v15_SE_beta_3/last' (iter 22410, epoch 83.0)
score:  0.0
score:  0.0
=> saved checkpoint 'checkpoint_scores_CNN/mnist_VAE_s30_v15_SE_beta_3/last' (iter 22410, epoch 83.0)
EarlyStopping counter: 22 out of 25
[Save Checkpoint] epoch: [83.0], Train: total:9056.41992, BCE:-23.25000, KLD:3026.55615,Test: total:35683.54297, BCE:-23.33111, KLD:11902.29102
=> saved checkpoint 'checkpoints_CNN/mnist_VAE_s30_v15_SE_beta_3/last' (iter 22680, epoch 84.0)
score:  0.0
score:  0.0
=> saved checkpoint 'checkpoint_scores_CNN/mnist_VAE_s30_v15_SE_beta_3/last' (iter 22680, epoch 84.0)
EarlyStopping counter: 23 out of 25
[Save Checkpoint] epoch: [84.0], Train: total:9053.77344, BCE:-23.23582, KLD:3025.66968,Test: total:35673.39062, BCE:-23.31122, KLD:11898.90039
=> saved checkpoint 'checkpoints_CNN/mnist_VAE_s30_v15_SE_beta_3/last' (iter 22950, epoch 85.0)
score:  0.0
score:  0.0
=> saved checkpoint 'checkpoint_scores_CNN/mnist_VAE_s30_v15_SE_beta_3/last' (iter 22950, epoch 85.0)
[Save Checkpoint] epoch: [85.0], Train: total:9055.94434, BCE:-23.24909, KLD:3026.39697,Test: total:35682.10547, BCE:-23.35078, KLD:11901.81836
=> saved checkpoint 'checkpoints_CNN/mnist_VAE_s30_v15_SE_beta_3/last' (iter 23220, epoch 86.0)
score:  0.0
score:  0.0
=> saved checkpoint 'checkpoint_scores_CNN/mnist_VAE_s30_v15_SE_beta_3/last' (iter 23220, epoch 86.0)
EarlyStopping counter: 1 out of 25
[Save Checkpoint] epoch: [86.0], Train: total:9058.55371, BCE:-23.26309, KLD:3027.27344,Test: total:35692.67578, BCE:-23.32718, KLD:11905.33496
=> saved checkpoint 'checkpoints_CNN/mnist_VAE_s30_v15_SE_beta_3/last' (iter 23490, epoch 87.0)
score:  0.0
score:  0.0
=> saved checkpoint 'checkpoint_scores_CNN/mnist_VAE_s30_v15_SE_beta_3/last' (iter 23490, epoch 87.0)
EarlyStopping counter: 2 out of 25
[Save Checkpoint] epoch: [87.0], Train: total:9059.40137, BCE:-23.25917, KLD:3027.55396,Test: total:35695.41797, BCE:-23.31970, KLD:11906.24707
=> saved checkpoint 'checkpoints_CNN/mnist_VAE_s30_v15_SE_beta_3/last' (iter 23760, epoch 88.0)
score:  0.0
score:  0.0
=> saved checkpoint 'checkpoint_scores_CNN/mnist_VAE_s30_v15_SE_beta_3/last' (iter 23760, epoch 88.0)
EarlyStopping counter: 3 out of 25
[Save Checkpoint] epoch: [88.0], Train: total:9057.69727, BCE:-23.26189, KLD:3026.98511,Test: total:35689.08203, BCE:-23.33346, KLD:11904.13965
=> saved checkpoint 'checkpoints_CNN/mnist_VAE_s30_v15_SE_beta_3/last' (iter 24030, epoch 89.0)
score:  0.0
score:  0.0
=> saved checkpoint 'checkpoint_scores_CNN/mnist_VAE_s30_v15_SE_beta_3/last' (iter 24030, epoch 89.0)
EarlyStopping counter: 4 out of 25
[Save Checkpoint] epoch: [89.0], Train: total:9055.15723, BCE:-23.24730, KLD:3026.13379,Test: total:35678.28516, BCE:-23.34975, KLD:11900.54492
=> saved checkpoint 'checkpoints_CNN/mnist_VAE_s30_v15_SE_beta_3/last' (iter 24300, epoch 90.0)
score:  0.0
score:  0.0
=> saved checkpoint 'checkpoint_scores_CNN/mnist_VAE_s30_v15_SE_beta_3/last' (iter 24300, epoch 90.0)
EarlyStopping counter: 5 out of 25
[Save Checkpoint] epoch: [90.0], Train: total:9059.18652, BCE:-23.25364, KLD:3027.48022,Test: total:35693.96094, BCE:-23.32536, KLD:11905.76270
=> saved checkpoint 'checkpoints_CNN/mnist_VAE_s30_v15_SE_beta_3/last' (iter 24570, epoch 91.0)
score:  0.0
score:  0.0
=> saved checkpoint 'checkpoint_scores_CNN/mnist_VAE_s30_v15_SE_beta_3/last' (iter 24570, epoch 91.0)
EarlyStopping counter: 6 out of 25
[Save Checkpoint] epoch: [91.0], Train: total:9057.33496, BCE:-23.26792, KLD:3026.86865,Test: total:35686.55859, BCE:-23.32476, KLD:11903.29590
=> saved checkpoint 'checkpoints_CNN/mnist_VAE_s30_v15_SE_beta_3/last' (iter 24840, epoch 92.0)
score:  0.0
score:  0.0
=> saved checkpoint 'checkpoint_scores_CNN/mnist_VAE_s30_v15_SE_beta_3/last' (iter 24840, epoch 92.0)
EarlyStopping counter: 7 out of 25
[Save Checkpoint] epoch: [92.0], Train: total:9058.14062, BCE:-23.26432, KLD:3027.13550,Test: total:35689.98047, BCE:-23.32088, KLD:11904.43457
=> saved checkpoint 'checkpoints_CNN/mnist_VAE_s30_v15_SE_beta_3/last' (iter 25110, epoch 93.0)
score:  0.0
score:  0.0
=> saved checkpoint 'checkpoint_scores_CNN/mnist_VAE_s30_v15_SE_beta_3/last' (iter 25110, epoch 93.0)
EarlyStopping counter: 8 out of 25
[Save Checkpoint] epoch: [93.0], Train: total:9062.66895, BCE:-23.27119, KLD:3028.64648,Test: total:35707.18359, BCE:-23.34487, KLD:11910.17578
=> saved checkpoint 'checkpoints_CNN/mnist_VAE_s30_v15_SE_beta_3/last' (iter 25380, epoch 94.0)
score:  0.0
score:  0.0
=> saved checkpoint 'checkpoint_scores_CNN/mnist_VAE_s30_v15_SE_beta_3/last' (iter 25380, epoch 94.0)
EarlyStopping counter: 9 out of 25
[Save Checkpoint] epoch: [94.0], Train: total:9058.22852, BCE:-23.27185, KLD:3027.16626,Test: total:35690.18750, BCE:-23.32300, KLD:11904.50488
=> saved checkpoint 'checkpoints_CNN/mnist_VAE_s30_v15_SE_beta_3/last' (iter 25650, epoch 95.0)
score:  0.0
score:  0.0
=> saved checkpoint 'checkpoint_scores_CNN/mnist_VAE_s30_v15_SE_beta_3/last' (iter 25650, epoch 95.0)
EarlyStopping counter: 10 out of 25
[Save Checkpoint] epoch: [95.0], Train: total:9061.69141, BCE:-23.27329, KLD:3028.32129,Test: total:35703.30078, BCE:-23.34682, KLD:11908.88184
=> saved checkpoint 'checkpoints_CNN/mnist_VAE_s30_v15_SE_beta_3/last' (iter 25920, epoch 96.0)
score:  0.0
score:  0.0
=> saved checkpoint 'checkpoint_scores_CNN/mnist_VAE_s30_v15_SE_beta_3/last' (iter 25920, epoch 96.0)
EarlyStopping counter: 11 out of 25
[Save Checkpoint] epoch: [96.0], Train: total:9057.20898, BCE:-23.26601, KLD:3026.82373,Test: total:35685.54297, BCE:-23.34896, KLD:11902.96387
=> saved checkpoint 'checkpoints_CNN/mnist_VAE_s30_v15_SE_beta_3/last' (iter 26190, epoch 97.0)
score:  0.0
score:  0.0
=> saved checkpoint 'checkpoint_scores_CNN/mnist_VAE_s30_v15_SE_beta_3/last' (iter 26190, epoch 97.0)
EarlyStopping counter: 12 out of 25
[Save Checkpoint] epoch: [97.0], Train: total:9058.22656, BCE:-23.27481, KLD:3027.16553,Test: total:35689.68359, BCE:-23.34384, KLD:11904.34082
=> saved checkpoint 'checkpoints_CNN/mnist_VAE_s30_v15_SE_beta_3/last' (iter 26460, epoch 98.0)
score:  0.0
score:  0.0
=> saved checkpoint 'checkpoint_scores_CNN/mnist_VAE_s30_v15_SE_beta_3/last' (iter 26460, epoch 98.0)
EarlyStopping counter: 13 out of 25
[Save Checkpoint] epoch: [98.0], Train: total:9057.13184, BCE:-23.27388, KLD:3026.80200,Test: total:35685.65625, BCE:-23.34324, KLD:11903.00000
=> saved checkpoint 'checkpoints_CNN/mnist_VAE_s30_v15_SE_beta_3/last' (iter 26730, epoch 99.0)
score:  0.0
score:  0.0
=> saved checkpoint 'checkpoint_scores_CNN/mnist_VAE_s30_v15_SE_beta_3/last' (iter 26730, epoch 99.0)
EarlyStopping counter: 14 out of 25
[Save Checkpoint] epoch: [99.0], Train: total:9056.85059, BCE:-23.27539, KLD:3026.71069,Test: total:35684.38672, BCE:-23.31330, KLD:11902.56641
=> saved checkpoint 'checkpoints_CNN/mnist_VAE_s30_v15_SE_beta_3/last' (iter 27000, epoch 100.0)
score:  0.0
score:  0.0
=> saved checkpoint 'checkpoint_scores_CNN/mnist_VAE_s30_v15_SE_beta_3/last' (iter 27000, epoch 100.0)
EarlyStopping counter: 15 out of 25
[Save Checkpoint] epoch: [100.0], Train: total:9053.59375, BCE:-23.27105, KLD:3025.62158,Test: total:35672.16406, BCE:-23.32953, KLD:11898.49902
[Training Finished]
All done !
