80
--gpu_devices 0 --max_iter 100 --batch_size 250 --use_scheduler True --lr 1e-3 --GMP True --z_struct_size 25 --is_encoder_struct True --big_kernel_size 8 --two_conv_layer True --three_conv_layer True --kernel_size_1 4 --kernel_size_2 4 --kernel_size_3 4 --BK_in_first_layer True --BK_in_second_layer False --BK_in_third_layer False --stride_size 1 --hidden_filters_layer1 128 --hidden_filters_layer2 128 --hidden_filters_layer3 128 --lambda_class 1 --ratio_reg False --lambda_ratio_reg 1 --loss_min_distance_cl False --lambda_var_distance 1 --loss_distance_mean False --lambda_distance_mean 1 --Hmg_dst_loss True --lambda_hmg_dst 10 --dataset_balanced True --binary_z True --binary_first_conv False --binary_second_conv False --binary_third_conv True --exp_name mnist_struct_baseline_scheduler_binary_1_10_Hamming_dst_4
Namespace(BK_in_first_layer=True, BK_in_second_layer=False, BK_in_third_layer=False, BN=False, C_max=25, C_stop_iter=100000.0, E1_AE=False, E1_VAE=False, E1_conv=False, E1_dense=False, E1_second_conv=False, E1_second_conv_adapt=False, GMP=True, Hmg_dst_loss=True, IPC=False, L1_norm_act=False, L1_norm_weights=False, L3_without_random=False, LOG_DIR='logs', adapt_lr=False, add_classification_layer=True, add_linear_after_GMP=True, add_z_struct_bottleneck=False, alpha=32, batch_size=250, beta=1, beta1=0.9, beta2=0.999, big_kernel=False, big_kernel_size=8, binary_chain=False, binary_first_conv=False, binary_second_conv=False, binary_third_conv=True, binary_z=True, ckpt_dir='checkpoints_CNN', ckpt_dir_scores='checkpoint_scores_CNN', classif_layer_size=30, contrastive_loss=False, cuda=True, dataset='mnist', dataset_balanced=True, decoder_first_dense=36, decoder_kernel_size_1=4, decoder_kernel_size_2=3, decoder_kernel_size_3=4, decoder_n_filter_1=64, decoder_n_filter_2=64, decoder_n_filter_3=64, decoder_stride_1=2, decoder_stride_2=2, decoder_stride_3=1, diff_var=False, display_step=10000, dset_dir='data', exp_name='mnist_struct_baseline_scheduler_binary_1_10_Hamming_dst_4', freeze_Encoder=True, gamma=1000, gpu_devices=[0], hidden_filters_layer1=128, hidden_filters_layer2=128, hidden_filters_layer3=128, image_size=64, intra_class_variance_loss=False, is_C=True, is_E1=False, is_VAE_var=False, is_binary_structural_latent=False, is_custom_model=False, is_custom_model_BK=False, is_default_model=False, is_encoder_struct=True, is_noise_stats=False, is_partial_rand_class=False, is_perturbed_score=False, is_zvar_sim_loss=False, just_train=False, kernel_size=4, kernel_size_1=4, kernel_size_2=4, kernel_size_3=4, lambda_BCE=1, lambda_Kl_struct=1, lambda_Kl_var=1, lambda_L1=0.01, lambda_VAE=1, lambda_class=1.0, lambda_contrastive_loss=1, lambda_distance_mean=1.0, lambda_hmg_dst=10.0, lambda_intra_class_var=1, lambda_partial_class=1, lambda_ratio_reg=1.0, lambda_recon_wt_rand=1, lambda_recons=1, lambda_uniq_code_dst=1, lambda_var_distance=1.0, lambda_var_inter=1, lambda_var_intra=1, lambda_zvar_sim=1, latent_spec_cont=None, latent_spec_cont_class=None, latent_spec_cont_var=None, latent_spec_disc=None, latent_spec_disc_class=None, latent_spec_disc_var=None, log_level='info', loss='Proxy_Anchor', loss_distance_mean=False, loss_min_distance_cl=False, lr=0.001, max_iter=100.0, model='CNN', mrg=0.1, nb_epochs_train_only_zvar=0, num_workers=2, old_weighted=False, optimizer='adamw', other_architecture=False, other_ratio=False, random_percentage=0.2, random_seed=10, randomness=True, ratio_reg=False, remark='', save_step=10000, second_layer_C=False, seed=1, stride_size=1, sz_embedding=5, three_conv_layer=True, train=True, train_var_struct_alternatively=False, two_conv_layer=True, two_encoder=False, uniq_code_dst_loss=False, use_VAE=False, use_decoder=False, use_early_stopping=True, use_scheduler=True, use_structural_encoder=False, value_target_distance_mean=1, var_hidden_dim=256, var_hidden_filters_1=32, var_hidden_filters_2=32, var_hidden_filters_3=32, var_kernel_size_1=3, var_kernel_size_2=3, var_kernel_size_3=3, var_second_cnn_block=False, var_stride_size_1=1, var_stride_size_2=1, var_stride_size_3=1, var_third_cnn_block=False, var_three_conv_layer=False, warm=1, without_acc=False, z_struct_size=25, z_var_size=5, zeros_W_Classif=False, zvar_sim_change_zvar=False, zvar_sim_loss_for_all_model=False, zvar_sim_loss_only_for_encoder=False, zvar_sim_normal=False, zvar_sim_var_rand=False)
CUDA Visible devices !
[Using Seed: 10]
Balanced dataset loaded
use 1 gpu who named: Tesla V100-SXM2-32GB
=> loaded sample_scores and losses
USe encoder struct with Hamming distance with pre trained encoder, load it !
=> loaded checkpoint 'checkpoints_CNN/mnist_struct_baseline_scheduler_binary_1_10/last (iter 19440)'
Encoder_struct(
  (encoder_struct): Sequential(
    (0): Conv2d(1, 128, kernel_size=(8, 8), stride=(1, 1))
    (1): BatchNorm2d(128, eps=1e-05, momentum=0.1, affine=True, track_running_stats=True)
    (2): ReLU(inplace=True)
    (3): Conv2d(128, 128, kernel_size=(4, 4), stride=(1, 1))
    (4): BatchNorm2d(128, eps=1e-05, momentum=0.1, affine=True, track_running_stats=True)
    (5): ReLU(inplace=True)
    (6): Conv2d(128, 25, kernel_size=(4, 4), stride=(1, 1))
    (7): BatchNorm2d(25, eps=1e-05, momentum=0.1, affine=True, track_running_stats=True)
    (8): DeterministicBinaryActivation(
      (act): Hardsigmoid(
        (act): Hardtanh(min_val=-1.0, max_val=1.0)
      )
    )
    (9): AdaptiveMaxPool2d(output_size=(1, 1))
    (10): View()
    (11): Linear(in_features=25, out_features=10, bias=True)
  )
)
The number of parameters of model is 322639
