10
--gpu_devices 0 --max_iter 100 --batch_size 32 --lr 1e-3 --use_scheduler False --is_default_model False --is_custom_model_BK True --use_VAE True --z_struct_size 8 --hidden_filters_layer2 8 --z_var_size 5 --lambda_BCE 1 --beta 3 --var_hidden_filters_1 32 --var_hidden_filters_2 32 --var_hidden_filters_3 32 --var_kernel_size_1 4 --var_kernel_size_2 4 --var_kernel_size_3 5 --var_stride_size_1 2 --var_stride_size_2 1 --var_stride_size_3 1 --var_hidden_dim 256 --var_three_conv_layer True --exp_name mnist_balanced_dataset_encoder_ratio_min_and_mean_1_2_1_1_z_struct_8_VAE_3c_32_5_2
Namespace(BK_in_first_layer=True, BK_in_second_layer=False, BK_in_third_layer=False, BN=False, C_max=25, C_stop_iter=100000.0, E1_AE=False, E1_VAE=False, E1_conv=False, E1_dense=False, E1_second_conv=False, E1_second_conv_adapt=False, GMP=True, IPC=False, L1_norm_act=False, L1_norm_weights=False, L3_without_random=False, LOG_DIR='logs', adapt_lr=False, add_classification_layer=True, add_linear_after_GMP=True, add_z_struct_bottleneck=False, alpha=32, batch_size=32, beta=3.0, beta1=0.9, beta2=0.999, big_kernel=False, big_kernel_size=8, binary_chain=False, binary_z=False, ckpt_dir='checkpoints_CNN', ckpt_dir_scores='checkpoint_scores_CNN', classif_layer_size=30, contrastive_loss=False, cuda=True, dataset='mnist', dataset_balanced=False, decoder_first_dense=36, decoder_kernel_size_1=4, decoder_kernel_size_2=3, decoder_kernel_size_3=4, decoder_n_filter_1=64, decoder_n_filter_2=64, decoder_n_filter_3=64, decoder_stride_1=2, decoder_stride_2=2, decoder_stride_3=1, diff_var=False, display_step=10000, dset_dir='data', exp_name='mnist_balanced_dataset_encoder_ratio_min_and_mean_1_2_1_1_z_struct_8_VAE_3c_32_5_2', freeze_Encoder=True, gamma=1000, gpu_devices=[0], hidden_filters_layer1=32, hidden_filters_layer2=8, hidden_filters_layer3=32, image_size=64, intra_class_variance_loss=False, is_C=True, is_E1=False, is_binary_structural_latent=False, is_custom_model=False, is_custom_model_BK=True, is_default_model=False, is_noise_stats=False, is_partial_rand_class=False, is_perturbed_score=False, is_zvar_sim_loss=False, just_train=False, kernel_size=4, lambda_BCE=1.0, lambda_Kl_struct=1, lambda_Kl_var=1, lambda_L1=0.01, lambda_VAE=1, lambda_class=1, lambda_contrastive_loss=1, lambda_distance_mean=1, lambda_intra_class_var=1, lambda_partial_class=1, lambda_ratio_reg=1, lambda_recon_wt_rand=1, lambda_recons=1, lambda_var_distance=1, lambda_var_inter=1, lambda_var_intra=1, lambda_zvar_sim=1, latent_spec_cont=None, latent_spec_cont_class=None, latent_spec_cont_var=None, latent_spec_disc=None, latent_spec_disc_class=None, latent_spec_disc_var=None, log_level='info', loss='Proxy_Anchor', loss_distance_mean=False, loss_min_distance_cl=False, lr=0.001, max_iter=100.0, model='CNN', mrg=0.1, num_workers=2, old_weighted=False, optimizer='adamw', other_architecture=False, other_ratio=False, random_percentage=0.2, random_seed=10, randomness=True, ratio_reg=False, remark='', save_step=10000, second_layer_C=False, seed=1, stride_size=1, sz_embedding=5, three_conv_layer=False, train=True, two_conv_layer=True, two_encoder=False, use_VAE=True, use_decoder=False, use_early_stopping=True, use_scheduler=False, value_target_distance_mean=1, var_hidden_dim=256, var_hidden_filters_1=32, var_hidden_filters_2=32, var_hidden_filters_3=32, var_kernel_size_1=4, var_kernel_size_2=4, var_kernel_size_3=5, var_stride_size_1=2, var_stride_size_2=1, var_stride_size_3=1, var_three_conv_layer=True, warm=1, without_acc=False, z_struct_size=8, z_var_size=5, zeros_W_Classif=False, zvar_sim_change_zvar=False, zvar_sim_loss_for_all_model=False, zvar_sim_loss_only_for_encoder=False, zvar_sim_normal=False, zvar_sim_var_rand=False)
CUDA Visible devices !
[Using Seed: 10]
Load Encoder struct weights for VAE
use 1 gpu who named: Tesla V100-SXM2-32GB
=> loaded sample_scores and losses
=> loaded checkpoint 'checkpoints_CNN/mnist_balanced_dataset_encoder_ratio_min_and_mean_1_2_1_1_z_struct_8/last (iter 13500)'
VAE var doesn't exist load struct encoder weighs !
use 1 gpu who named: Tesla V100-SXM2-32GB
Weighs loaded for encoder_struct !
VAE(
  (encoder_struct): Sequential(
    (0): Conv2d(1, 32, kernel_size=(8, 8), stride=(1, 1))
    (1): BatchNorm2d(32, eps=1e-05, momentum=0.1, affine=True, track_running_stats=True)
    (2): ReLU(inplace=True)
    (3): Conv2d(32, 8, kernel_size=(4, 4), stride=(1, 1))
    (4): BatchNorm2d(8, eps=1e-05, momentum=0.1, affine=True, track_running_stats=True)
    (5): ReLU(inplace=True)
    (6): AdaptiveMaxPool2d(output_size=(1, 1))
    (7): View()
    (8): Sigmoid()
  )
  (encoder_var): Sequential(
    (0): Conv2d(1, 32, kernel_size=(4, 4), stride=(2, 2))
    (1): BatchNorm2d(32, eps=1e-05, momentum=0.1, affine=True, track_running_stats=True)
    (2): ReLU(inplace=True)
    (3): Conv2d(32, 32, kernel_size=(4, 4), stride=(1, 1))
    (4): BatchNorm2d(32, eps=1e-05, momentum=0.1, affine=True, track_running_stats=True)
    (5): ReLU(inplace=True)
    (6): Conv2d(32, 32, kernel_size=(5, 5), stride=(1, 1))
    (7): BatchNorm2d(32, eps=1e-05, momentum=0.1, affine=True, track_running_stats=True)
    (8): ReLU(inplace=True)
    (9): View()
    (10): Linear(in_features=2048, out_features=256, bias=True)
    (11): BatchNorm1d(256, eps=1e-05, momentum=0.1, affine=True, track_running_stats=True)
    (12): ReLU(inplace=True)
    (13): Dropout(p=0.4, inplace=False)
    (14): Linear(in_features=256, out_features=10, bias=True)
  )
  (decoder): Sequential(
    (0): Linear(in_features=13, out_features=256, bias=True)
    (1): ReLU(inplace=True)
    (2): Linear(in_features=256, out_features=2048, bias=True)
    (3): ReLU(inplace=True)
    (4): View()
    (5): ConvTranspose2d(32, 32, kernel_size=(5, 5), stride=(1, 1))
    (6): ReLU(inplace=True)
    (7): ConvTranspose2d(32, 32, kernel_size=(4, 4), stride=(1, 1))
    (8): ReLU(inplace=True)
    (9): ConvTranspose2d(32, 1, kernel_size=(4, 4), stride=(2, 2))
    (10): Sigmoid()
  )
)
The number of parameters of model is 1149155
=> saved checkpoint 'checkpoints_CNN/mnist_balanced_dataset_encoder_ratio_min_and_mean_1_2_1_1_z_struct_8_VAE_3c_32_5_2/last' (iter 1875, epoch 1.0)
=> saved checkpoint 'checkpoint_scores_CNN/mnist_balanced_dataset_encoder_ratio_min_and_mean_1_2_1_1_z_struct_8_VAE_3c_32_5_2/last' (iter 1875, epoch 1.0)
[Save Checkpoint] epoch: [1.0], Train: total:-15.17122, BCE:-15.19304, KLD:0.00727,Test: total:-14.71919, BCE:-15.39263, KLD:0.22448
=> saved checkpoint 'checkpoints_CNN/mnist_balanced_dataset_encoder_ratio_min_and_mean_1_2_1_1_z_struct_8_VAE_3c_32_5_2/last' (iter 3750, epoch 2.0)
=> saved checkpoint 'checkpoint_scores_CNN/mnist_balanced_dataset_encoder_ratio_min_and_mean_1_2_1_1_z_struct_8_VAE_3c_32_5_2/last' (iter 3750, epoch 2.0)
[Save Checkpoint] epoch: [2.0], Train: total:-18.03272, BCE:-18.03471, KLD:0.00066,Test: total:-18.36905, BCE:-18.42983, KLD:0.02026
=> saved checkpoint 'checkpoints_CNN/mnist_balanced_dataset_encoder_ratio_min_and_mean_1_2_1_1_z_struct_8_VAE_3c_32_5_2/last' (iter 5625, epoch 3.0)
=> saved checkpoint 'checkpoint_scores_CNN/mnist_balanced_dataset_encoder_ratio_min_and_mean_1_2_1_1_z_struct_8_VAE_3c_32_5_2/last' (iter 5625, epoch 3.0)
[Save Checkpoint] epoch: [3.0], Train: total:-20.88575, BCE:-20.88712, KLD:0.00045,Test: total:-21.30736, BCE:-21.34943, KLD:0.01402
=> saved checkpoint 'checkpoints_CNN/mnist_balanced_dataset_encoder_ratio_min_and_mean_1_2_1_1_z_struct_8_VAE_3c_32_5_2/last' (iter 7500, epoch 4.0)
=> saved checkpoint 'checkpoint_scores_CNN/mnist_balanced_dataset_encoder_ratio_min_and_mean_1_2_1_1_z_struct_8_VAE_3c_32_5_2/last' (iter 7500, epoch 4.0)
[Save Checkpoint] epoch: [4.0], Train: total:-23.26810, BCE:-23.27396, KLD:0.00195,Test: total:-23.58288, BCE:-23.80339, KLD:0.07350
=> saved checkpoint 'checkpoints_CNN/mnist_balanced_dataset_encoder_ratio_min_and_mean_1_2_1_1_z_struct_8_VAE_3c_32_5_2/last' (iter 9375, epoch 5.0)
=> saved checkpoint 'checkpoint_scores_CNN/mnist_balanced_dataset_encoder_ratio_min_and_mean_1_2_1_1_z_struct_8_VAE_3c_32_5_2/last' (iter 9375, epoch 5.0)
EarlyStopping counter: 1 out of 15
[Save Checkpoint] epoch: [5.0], Train: total:-23.31988, BCE:-23.32284, KLD:0.00098,Test: total:-23.76994, BCE:-23.86947, KLD:0.03318
=> saved checkpoint 'checkpoints_CNN/mnist_balanced_dataset_encoder_ratio_min_and_mean_1_2_1_1_z_struct_8_VAE_3c_32_5_2/last' (iter 11250, epoch 6.0)
=> saved checkpoint 'checkpoint_scores_CNN/mnist_balanced_dataset_encoder_ratio_min_and_mean_1_2_1_1_z_struct_8_VAE_3c_32_5_2/last' (iter 11250, epoch 6.0)
[Save Checkpoint] epoch: [6.0], Train: total:-24.50319, BCE:-24.50365, KLD:0.00014,Test: total:-25.05153, BCE:-25.06800, KLD:0.00549
=> saved checkpoint 'checkpoints_CNN/mnist_balanced_dataset_encoder_ratio_min_and_mean_1_2_1_1_z_struct_8_VAE_3c_32_5_2/last' (iter 13125, epoch 7.0)
=> saved checkpoint 'checkpoint_scores_CNN/mnist_balanced_dataset_encoder_ratio_min_and_mean_1_2_1_1_z_struct_8_VAE_3c_32_5_2/last' (iter 13125, epoch 7.0)
EarlyStopping counter: 1 out of 15
[Save Checkpoint] epoch: [7.0], Train: total:-25.02223, BCE:-25.02398, KLD:0.00058,Test: total:-25.52177, BCE:-25.58791, KLD:0.02205
=> saved checkpoint 'checkpoints_CNN/mnist_balanced_dataset_encoder_ratio_min_and_mean_1_2_1_1_z_struct_8_VAE_3c_32_5_2/last' (iter 15000, epoch 8.0)
=> saved checkpoint 'checkpoint_scores_CNN/mnist_balanced_dataset_encoder_ratio_min_and_mean_1_2_1_1_z_struct_8_VAE_3c_32_5_2/last' (iter 15000, epoch 8.0)
[Save Checkpoint] epoch: [8.0], Train: total:-25.46812, BCE:-25.46820, KLD:0.00003,Test: total:-26.04318, BCE:-26.04613, KLD:0.00098
=> saved checkpoint 'checkpoints_CNN/mnist_balanced_dataset_encoder_ratio_min_and_mean_1_2_1_1_z_struct_8_VAE_3c_32_5_2/last' (iter 16875, epoch 9.0)
=> saved checkpoint 'checkpoint_scores_CNN/mnist_balanced_dataset_encoder_ratio_min_and_mean_1_2_1_1_z_struct_8_VAE_3c_32_5_2/last' (iter 16875, epoch 9.0)
EarlyStopping counter: 1 out of 15
[Save Checkpoint] epoch: [9.0], Train: total:-25.54560, BCE:-25.54561, KLD:0.00000,Test: total:-26.12195, BCE:-26.12221, KLD:0.00009
=> saved checkpoint 'checkpoints_CNN/mnist_balanced_dataset_encoder_ratio_min_and_mean_1_2_1_1_z_struct_8_VAE_3c_32_5_2/last' (iter 18750, epoch 10.0)
=> saved checkpoint 'checkpoint_scores_CNN/mnist_balanced_dataset_encoder_ratio_min_and_mean_1_2_1_1_z_struct_8_VAE_3c_32_5_2/last' (iter 18750, epoch 10.0)
EarlyStopping counter: 2 out of 15
[Save Checkpoint] epoch: [10.0], Train: total:-25.79394, BCE:-25.79396, KLD:0.00001,Test: total:-26.37492, BCE:-26.37574, KLD:0.00027
=> saved checkpoint 'checkpoints_CNN/mnist_balanced_dataset_encoder_ratio_min_and_mean_1_2_1_1_z_struct_8_VAE_3c_32_5_2/last' (iter 20625, epoch 11.0)
=> saved checkpoint 'checkpoint_scores_CNN/mnist_balanced_dataset_encoder_ratio_min_and_mean_1_2_1_1_z_struct_8_VAE_3c_32_5_2/last' (iter 20625, epoch 11.0)
EarlyStopping counter: 3 out of 15
[Save Checkpoint] epoch: [11.0], Train: total:-25.91617, BCE:-25.91625, KLD:0.00003,Test: total:-26.49989, BCE:-26.50254, KLD:0.00088
=> saved checkpoint 'checkpoints_CNN/mnist_balanced_dataset_encoder_ratio_min_and_mean_1_2_1_1_z_struct_8_VAE_3c_32_5_2/last' (iter 22500, epoch 12.0)
=> saved checkpoint 'checkpoint_scores_CNN/mnist_balanced_dataset_encoder_ratio_min_and_mean_1_2_1_1_z_struct_8_VAE_3c_32_5_2/last' (iter 22500, epoch 12.0)
EarlyStopping counter: 4 out of 15
[Save Checkpoint] epoch: [12.0], Train: total:-25.84087, BCE:-25.84092, KLD:0.00001,Test: total:-26.47134, BCE:-26.47243, KLD:0.00036
=> saved checkpoint 'checkpoints_CNN/mnist_balanced_dataset_encoder_ratio_min_and_mean_1_2_1_1_z_struct_8_VAE_3c_32_5_2/last' (iter 24375, epoch 13.0)
=> saved checkpoint 'checkpoint_scores_CNN/mnist_balanced_dataset_encoder_ratio_min_and_mean_1_2_1_1_z_struct_8_VAE_3c_32_5_2/last' (iter 24375, epoch 13.0)
EarlyStopping counter: 5 out of 15
[Save Checkpoint] epoch: [13.0], Train: total:-26.07601, BCE:-26.07604, KLD:0.00001,Test: total:-26.63407, BCE:-26.63506, KLD:0.00033
=> saved checkpoint 'checkpoints_CNN/mnist_balanced_dataset_encoder_ratio_min_and_mean_1_2_1_1_z_struct_8_VAE_3c_32_5_2/last' (iter 26250, epoch 14.0)
=> saved checkpoint 'checkpoint_scores_CNN/mnist_balanced_dataset_encoder_ratio_min_and_mean_1_2_1_1_z_struct_8_VAE_3c_32_5_2/last' (iter 26250, epoch 14.0)
EarlyStopping counter: 6 out of 15
[Save Checkpoint] epoch: [14.0], Train: total:-26.29762, BCE:-26.29765, KLD:0.00001,Test: total:-26.92201, BCE:-26.92300, KLD:0.00033
=> saved checkpoint 'checkpoints_CNN/mnist_balanced_dataset_encoder_ratio_min_and_mean_1_2_1_1_z_struct_8_VAE_3c_32_5_2/last' (iter 28125, epoch 15.0)
=> saved checkpoint 'checkpoint_scores_CNN/mnist_balanced_dataset_encoder_ratio_min_and_mean_1_2_1_1_z_struct_8_VAE_3c_32_5_2/last' (iter 28125, epoch 15.0)
EarlyStopping counter: 7 out of 15
[Save Checkpoint] epoch: [15.0], Train: total:-26.30115, BCE:-26.30132, KLD:0.00007,Test: total:-26.87239, BCE:-26.87867, KLD:0.00209
=> saved checkpoint 'checkpoints_CNN/mnist_balanced_dataset_encoder_ratio_min_and_mean_1_2_1_1_z_struct_8_VAE_3c_32_5_2/last' (iter 30000, epoch 16.0)
=> saved checkpoint 'checkpoint_scores_CNN/mnist_balanced_dataset_encoder_ratio_min_and_mean_1_2_1_1_z_struct_8_VAE_3c_32_5_2/last' (iter 30000, epoch 16.0)
EarlyStopping counter: 8 out of 15
[Save Checkpoint] epoch: [16.0], Train: total:-26.45327, BCE:-26.45330, KLD:0.00001,Test: total:-27.02170, BCE:-27.02242, KLD:0.00024
=> saved checkpoint 'checkpoints_CNN/mnist_balanced_dataset_encoder_ratio_min_and_mean_1_2_1_1_z_struct_8_VAE_3c_32_5_2/last' (iter 31875, epoch 17.0)
=> saved checkpoint 'checkpoint_scores_CNN/mnist_balanced_dataset_encoder_ratio_min_and_mean_1_2_1_1_z_struct_8_VAE_3c_32_5_2/last' (iter 31875, epoch 17.0)
EarlyStopping counter: 9 out of 15
[Save Checkpoint] epoch: [17.0], Train: total:-26.60192, BCE:-26.60198, KLD:0.00002,Test: total:-27.18666, BCE:-27.18836, KLD:0.00057
=> saved checkpoint 'checkpoints_CNN/mnist_balanced_dataset_encoder_ratio_min_and_mean_1_2_1_1_z_struct_8_VAE_3c_32_5_2/last' (iter 33750, epoch 18.0)
=> saved checkpoint 'checkpoint_scores_CNN/mnist_balanced_dataset_encoder_ratio_min_and_mean_1_2_1_1_z_struct_8_VAE_3c_32_5_2/last' (iter 33750, epoch 18.0)
[Save Checkpoint] epoch: [18.0], Train: total:-26.66719, BCE:-26.66738, KLD:0.00007,Test: total:-27.23658, BCE:-27.24356, KLD:0.00233
=> saved checkpoint 'checkpoints_CNN/mnist_balanced_dataset_encoder_ratio_min_and_mean_1_2_1_1_z_struct_8_VAE_3c_32_5_2/last' (iter 35625, epoch 19.0)
=> saved checkpoint 'checkpoint_scores_CNN/mnist_balanced_dataset_encoder_ratio_min_and_mean_1_2_1_1_z_struct_8_VAE_3c_32_5_2/last' (iter 35625, epoch 19.0)
EarlyStopping counter: 1 out of 15
[Save Checkpoint] epoch: [19.0], Train: total:-26.53768, BCE:-26.53783, KLD:0.00005,Test: total:-27.08829, BCE:-27.09268, KLD:0.00146
=> saved checkpoint 'checkpoints_CNN/mnist_balanced_dataset_encoder_ratio_min_and_mean_1_2_1_1_z_struct_8_VAE_3c_32_5_2/last' (iter 37500, epoch 20.0)
=> saved checkpoint 'checkpoint_scores_CNN/mnist_balanced_dataset_encoder_ratio_min_and_mean_1_2_1_1_z_struct_8_VAE_3c_32_5_2/last' (iter 37500, epoch 20.0)
[Save Checkpoint] epoch: [20.0], Train: total:-27.10184, BCE:-27.10188, KLD:0.00002,Test: total:-27.67700, BCE:-27.67845, KLD:0.00048
=> saved checkpoint 'checkpoints_CNN/mnist_balanced_dataset_encoder_ratio_min_and_mean_1_2_1_1_z_struct_8_VAE_3c_32_5_2/last' (iter 39375, epoch 21.0)
=> saved checkpoint 'checkpoint_scores_CNN/mnist_balanced_dataset_encoder_ratio_min_and_mean_1_2_1_1_z_struct_8_VAE_3c_32_5_2/last' (iter 39375, epoch 21.0)
EarlyStopping counter: 1 out of 15
[Save Checkpoint] epoch: [21.0], Train: total:-27.18240, BCE:-27.18252, KLD:0.00004,Test: total:-27.77855, BCE:-27.78231, KLD:0.00125
=> saved checkpoint 'checkpoints_CNN/mnist_balanced_dataset_encoder_ratio_min_and_mean_1_2_1_1_z_struct_8_VAE_3c_32_5_2/last' (iter 41250, epoch 22.0)
=> saved checkpoint 'checkpoint_scores_CNN/mnist_balanced_dataset_encoder_ratio_min_and_mean_1_2_1_1_z_struct_8_VAE_3c_32_5_2/last' (iter 41250, epoch 22.0)
EarlyStopping counter: 2 out of 15
[Save Checkpoint] epoch: [22.0], Train: total:-27.54150, BCE:-27.54154, KLD:0.00001,Test: total:-28.10570, BCE:-28.10695, KLD:0.00042
=> saved checkpoint 'checkpoints_CNN/mnist_balanced_dataset_encoder_ratio_min_and_mean_1_2_1_1_z_struct_8_VAE_3c_32_5_2/last' (iter 43125, epoch 23.0)
=> saved checkpoint 'checkpoint_scores_CNN/mnist_balanced_dataset_encoder_ratio_min_and_mean_1_2_1_1_z_struct_8_VAE_3c_32_5_2/last' (iter 43125, epoch 23.0)
EarlyStopping counter: 3 out of 15
[Save Checkpoint] epoch: [23.0], Train: total:-27.59688, BCE:-27.59694, KLD:0.00002,Test: total:-28.16934, BCE:-28.17150, KLD:0.00072
=> saved checkpoint 'checkpoints_CNN/mnist_balanced_dataset_encoder_ratio_min_and_mean_1_2_1_1_z_struct_8_VAE_3c_32_5_2/last' (iter 45000, epoch 24.0)
=> saved checkpoint 'checkpoint_scores_CNN/mnist_balanced_dataset_encoder_ratio_min_and_mean_1_2_1_1_z_struct_8_VAE_3c_32_5_2/last' (iter 45000, epoch 24.0)
[Save Checkpoint] epoch: [24.0], Train: total:-27.95583, BCE:-27.95581, KLD:-0.00000,Test: total:-28.53809, BCE:-28.53776, KLD:-0.00011
=> saved checkpoint 'checkpoints_CNN/mnist_balanced_dataset_encoder_ratio_min_and_mean_1_2_1_1_z_struct_8_VAE_3c_32_5_2/last' (iter 46875, epoch 25.0)
=> saved checkpoint 'checkpoint_scores_CNN/mnist_balanced_dataset_encoder_ratio_min_and_mean_1_2_1_1_z_struct_8_VAE_3c_32_5_2/last' (iter 46875, epoch 25.0)
EarlyStopping counter: 1 out of 15
[Save Checkpoint] epoch: [25.0], Train: total:-27.39290, BCE:-27.39297, KLD:0.00002,Test: total:-27.99370, BCE:-27.99584, KLD:0.00072
=> saved checkpoint 'checkpoints_CNN/mnist_balanced_dataset_encoder_ratio_min_and_mean_1_2_1_1_z_struct_8_VAE_3c_32_5_2/last' (iter 48750, epoch 26.0)
=> saved checkpoint 'checkpoint_scores_CNN/mnist_balanced_dataset_encoder_ratio_min_and_mean_1_2_1_1_z_struct_8_VAE_3c_32_5_2/last' (iter 48750, epoch 26.0)
EarlyStopping counter: 2 out of 15
[Save Checkpoint] epoch: [26.0], Train: total:-27.32834, BCE:-27.32839, KLD:0.00002,Test: total:-27.88860, BCE:-27.89023, KLD:0.00054
=> saved checkpoint 'checkpoints_CNN/mnist_balanced_dataset_encoder_ratio_min_and_mean_1_2_1_1_z_struct_8_VAE_3c_32_5_2/last' (iter 50625, epoch 27.0)
=> saved checkpoint 'checkpoint_scores_CNN/mnist_balanced_dataset_encoder_ratio_min_and_mean_1_2_1_1_z_struct_8_VAE_3c_32_5_2/last' (iter 50625, epoch 27.0)
EarlyStopping counter: 3 out of 15
[Save Checkpoint] epoch: [27.0], Train: total:-28.13279, BCE:-28.13284, KLD:0.00002,Test: total:-28.68972, BCE:-28.69126, KLD:0.00051
=> saved checkpoint 'checkpoints_CNN/mnist_balanced_dataset_encoder_ratio_min_and_mean_1_2_1_1_z_struct_8_VAE_3c_32_5_2/last' (iter 52500, epoch 28.0)
=> saved checkpoint 'checkpoint_scores_CNN/mnist_balanced_dataset_encoder_ratio_min_and_mean_1_2_1_1_z_struct_8_VAE_3c_32_5_2/last' (iter 52500, epoch 28.0)
EarlyStopping counter: 4 out of 15
[Save Checkpoint] epoch: [28.0], Train: total:-28.39936, BCE:-28.39944, KLD:0.00002,Test: total:-28.91502, BCE:-28.91733, KLD:0.00077
=> saved checkpoint 'checkpoints_CNN/mnist_balanced_dataset_encoder_ratio_min_and_mean_1_2_1_1_z_struct_8_VAE_3c_32_5_2/last' (iter 54375, epoch 29.0)
=> saved checkpoint 'checkpoint_scores_CNN/mnist_balanced_dataset_encoder_ratio_min_and_mean_1_2_1_1_z_struct_8_VAE_3c_32_5_2/last' (iter 54375, epoch 29.0)
EarlyStopping counter: 5 out of 15
[Save Checkpoint] epoch: [29.0], Train: total:-27.59888, BCE:-27.59899, KLD:0.00003,Test: total:-28.14139, BCE:-28.14462, KLD:0.00108
=> saved checkpoint 'checkpoints_CNN/mnist_balanced_dataset_encoder_ratio_min_and_mean_1_2_1_1_z_struct_8_VAE_3c_32_5_2/last' (iter 56250, epoch 30.0)
=> saved checkpoint 'checkpoint_scores_CNN/mnist_balanced_dataset_encoder_ratio_min_and_mean_1_2_1_1_z_struct_8_VAE_3c_32_5_2/last' (iter 56250, epoch 30.0)
EarlyStopping counter: 6 out of 15
[Save Checkpoint] epoch: [30.0], Train: total:-28.52221, BCE:-28.52237, KLD:0.00005,Test: total:-29.10969, BCE:-29.11411, KLD:0.00148
=> saved checkpoint 'checkpoints_CNN/mnist_balanced_dataset_encoder_ratio_min_and_mean_1_2_1_1_z_struct_8_VAE_3c_32_5_2/last' (iter 58125, epoch 31.0)
=> saved checkpoint 'checkpoint_scores_CNN/mnist_balanced_dataset_encoder_ratio_min_and_mean_1_2_1_1_z_struct_8_VAE_3c_32_5_2/last' (iter 58125, epoch 31.0)
EarlyStopping counter: 7 out of 15
[Save Checkpoint] epoch: [31.0], Train: total:-28.42051, BCE:-28.42062, KLD:0.00004,Test: total:-28.94490, BCE:-28.94839, KLD:0.00116
=> saved checkpoint 'checkpoints_CNN/mnist_balanced_dataset_encoder_ratio_min_and_mean_1_2_1_1_z_struct_8_VAE_3c_32_5_2/last' (iter 60000, epoch 32.0)
=> saved checkpoint 'checkpoint_scores_CNN/mnist_balanced_dataset_encoder_ratio_min_and_mean_1_2_1_1_z_struct_8_VAE_3c_32_5_2/last' (iter 60000, epoch 32.0)
EarlyStopping counter: 8 out of 15
[Save Checkpoint] epoch: [32.0], Train: total:-28.80488, BCE:-28.80499, KLD:0.00004,Test: total:-29.39099, BCE:-29.39444, KLD:0.00115
=> saved checkpoint 'checkpoints_CNN/mnist_balanced_dataset_encoder_ratio_min_and_mean_1_2_1_1_z_struct_8_VAE_3c_32_5_2/last' (iter 61875, epoch 33.0)
=> saved checkpoint 'checkpoint_scores_CNN/mnist_balanced_dataset_encoder_ratio_min_and_mean_1_2_1_1_z_struct_8_VAE_3c_32_5_2/last' (iter 61875, epoch 33.0)
[Save Checkpoint] epoch: [33.0], Train: total:-29.02294, BCE:-29.02316, KLD:0.00008,Test: total:-29.55100, BCE:-29.55842, KLD:0.00247
=> saved checkpoint 'checkpoints_CNN/mnist_balanced_dataset_encoder_ratio_min_and_mean_1_2_1_1_z_struct_8_VAE_3c_32_5_2/last' (iter 63750, epoch 34.0)
=> saved checkpoint 'checkpoint_scores_CNN/mnist_balanced_dataset_encoder_ratio_min_and_mean_1_2_1_1_z_struct_8_VAE_3c_32_5_2/last' (iter 63750, epoch 34.0)
EarlyStopping counter: 1 out of 15
[Save Checkpoint] epoch: [34.0], Train: total:-28.80687, BCE:-28.80705, KLD:0.00006,Test: total:-29.32783, BCE:-29.33356, KLD:0.00191
=> saved checkpoint 'checkpoints_CNN/mnist_balanced_dataset_encoder_ratio_min_and_mean_1_2_1_1_z_struct_8_VAE_3c_32_5_2/last' (iter 65625, epoch 35.0)
=> saved checkpoint 'checkpoint_scores_CNN/mnist_balanced_dataset_encoder_ratio_min_and_mean_1_2_1_1_z_struct_8_VAE_3c_32_5_2/last' (iter 65625, epoch 35.0)
EarlyStopping counter: 2 out of 15
[Save Checkpoint] epoch: [35.0], Train: total:-28.37613, BCE:-28.37635, KLD:0.00007,Test: total:-28.98380, BCE:-28.99072, KLD:0.00231
=> saved checkpoint 'checkpoints_CNN/mnist_balanced_dataset_encoder_ratio_min_and_mean_1_2_1_1_z_struct_8_VAE_3c_32_5_2/last' (iter 67500, epoch 36.0)
=> saved checkpoint 'checkpoint_scores_CNN/mnist_balanced_dataset_encoder_ratio_min_and_mean_1_2_1_1_z_struct_8_VAE_3c_32_5_2/last' (iter 67500, epoch 36.0)
EarlyStopping counter: 3 out of 15
[Save Checkpoint] epoch: [36.0], Train: total:-28.82554, BCE:-28.82558, KLD:0.00002,Test: total:-29.36454, BCE:-29.36607, KLD:0.00051
=> saved checkpoint 'checkpoints_CNN/mnist_balanced_dataset_encoder_ratio_min_and_mean_1_2_1_1_z_struct_8_VAE_3c_32_5_2/last' (iter 69375, epoch 37.0)
=> saved checkpoint 'checkpoint_scores_CNN/mnist_balanced_dataset_encoder_ratio_min_and_mean_1_2_1_1_z_struct_8_VAE_3c_32_5_2/last' (iter 69375, epoch 37.0)
[Save Checkpoint] epoch: [37.0], Train: total:-29.23952, BCE:-29.23956, KLD:0.00002,Test: total:-29.76794, BCE:-29.76947, KLD:0.00051
=> saved checkpoint 'checkpoints_CNN/mnist_balanced_dataset_encoder_ratio_min_and_mean_1_2_1_1_z_struct_8_VAE_3c_32_5_2/last' (iter 71250, epoch 38.0)
=> saved checkpoint 'checkpoint_scores_CNN/mnist_balanced_dataset_encoder_ratio_min_and_mean_1_2_1_1_z_struct_8_VAE_3c_32_5_2/last' (iter 71250, epoch 38.0)
EarlyStopping counter: 1 out of 15
[Save Checkpoint] epoch: [38.0], Train: total:-29.34336, BCE:-29.34350, KLD:0.00004,Test: total:-29.86982, BCE:-29.87402, KLD:0.00140
=> saved checkpoint 'checkpoints_CNN/mnist_balanced_dataset_encoder_ratio_min_and_mean_1_2_1_1_z_struct_8_VAE_3c_32_5_2/last' (iter 73125, epoch 39.0)
=> saved checkpoint 'checkpoint_scores_CNN/mnist_balanced_dataset_encoder_ratio_min_and_mean_1_2_1_1_z_struct_8_VAE_3c_32_5_2/last' (iter 73125, epoch 39.0)
EarlyStopping counter: 2 out of 15
[Save Checkpoint] epoch: [39.0], Train: total:-29.22621, BCE:-29.22627, KLD:0.00003,Test: total:-29.74996, BCE:-29.75275, KLD:0.00093
=> saved checkpoint 'checkpoints_CNN/mnist_balanced_dataset_encoder_ratio_min_and_mean_1_2_1_1_z_struct_8_VAE_3c_32_5_2/last' (iter 75000, epoch 40.0)
=> saved checkpoint 'checkpoint_scores_CNN/mnist_balanced_dataset_encoder_ratio_min_and_mean_1_2_1_1_z_struct_8_VAE_3c_32_5_2/last' (iter 75000, epoch 40.0)
EarlyStopping counter: 3 out of 15
[Save Checkpoint] epoch: [40.0], Train: total:-29.27844, BCE:-29.27861, KLD:0.00005,Test: total:-29.85303, BCE:-29.85786, KLD:0.00161
=> saved checkpoint 'checkpoints_CNN/mnist_balanced_dataset_encoder_ratio_min_and_mean_1_2_1_1_z_struct_8_VAE_3c_32_5_2/last' (iter 76875, epoch 41.0)
=> saved checkpoint 'checkpoint_scores_CNN/mnist_balanced_dataset_encoder_ratio_min_and_mean_1_2_1_1_z_struct_8_VAE_3c_32_5_2/last' (iter 76875, epoch 41.0)
EarlyStopping counter: 4 out of 15
[Save Checkpoint] epoch: [41.0], Train: total:-29.26584, BCE:-29.26590, KLD:0.00002,Test: total:-29.83448, BCE:-29.83639, KLD:0.00063
=> saved checkpoint 'checkpoints_CNN/mnist_balanced_dataset_encoder_ratio_min_and_mean_1_2_1_1_z_struct_8_VAE_3c_32_5_2/last' (iter 78750, epoch 42.0)
=> saved checkpoint 'checkpoint_scores_CNN/mnist_balanced_dataset_encoder_ratio_min_and_mean_1_2_1_1_z_struct_8_VAE_3c_32_5_2/last' (iter 78750, epoch 42.0)
EarlyStopping counter: 5 out of 15
[Save Checkpoint] epoch: [42.0], Train: total:-28.49293, BCE:-28.49343, KLD:0.00016,Test: total:-29.03657, BCE:-29.05195, KLD:0.00513
=> saved checkpoint 'checkpoints_CNN/mnist_balanced_dataset_encoder_ratio_min_and_mean_1_2_1_1_z_struct_8_VAE_3c_32_5_2/last' (iter 80625, epoch 43.0)
=> saved checkpoint 'checkpoint_scores_CNN/mnist_balanced_dataset_encoder_ratio_min_and_mean_1_2_1_1_z_struct_8_VAE_3c_32_5_2/last' (iter 80625, epoch 43.0)
EarlyStopping counter: 6 out of 15
[Save Checkpoint] epoch: [43.0], Train: total:-29.48386, BCE:-29.48402, KLD:0.00005,Test: total:-30.03725, BCE:-30.04228, KLD:0.00168
=> saved checkpoint 'checkpoints_CNN/mnist_balanced_dataset_encoder_ratio_min_and_mean_1_2_1_1_z_struct_8_VAE_3c_32_5_2/last' (iter 82500, epoch 44.0)
=> saved checkpoint 'checkpoint_scores_CNN/mnist_balanced_dataset_encoder_ratio_min_and_mean_1_2_1_1_z_struct_8_VAE_3c_32_5_2/last' (iter 82500, epoch 44.0)
EarlyStopping counter: 7 out of 15
[Save Checkpoint] epoch: [44.0], Train: total:-29.65134, BCE:-29.65164, KLD:0.00010,Test: total:-30.23342, BCE:-30.24249, KLD:0.00303
=> saved checkpoint 'checkpoints_CNN/mnist_balanced_dataset_encoder_ratio_min_and_mean_1_2_1_1_z_struct_8_VAE_3c_32_5_2/last' (iter 84375, epoch 45.0)
=> saved checkpoint 'checkpoint_scores_CNN/mnist_balanced_dataset_encoder_ratio_min_and_mean_1_2_1_1_z_struct_8_VAE_3c_32_5_2/last' (iter 84375, epoch 45.0)
[Save Checkpoint] epoch: [45.0], Train: total:-29.89221, BCE:-29.89233, KLD:0.00004,Test: total:-30.45518, BCE:-30.45858, KLD:0.00113
=> saved checkpoint 'checkpoints_CNN/mnist_balanced_dataset_encoder_ratio_min_and_mean_1_2_1_1_z_struct_8_VAE_3c_32_5_2/last' (iter 86250, epoch 46.0)
=> saved checkpoint 'checkpoint_scores_CNN/mnist_balanced_dataset_encoder_ratio_min_and_mean_1_2_1_1_z_struct_8_VAE_3c_32_5_2/last' (iter 86250, epoch 46.0)
EarlyStopping counter: 1 out of 15
[Save Checkpoint] epoch: [46.0], Train: total:-29.67406, BCE:-29.67416, KLD:0.00003,Test: total:-30.22368, BCE:-30.22629, KLD:0.00087
=> saved checkpoint 'checkpoints_CNN/mnist_balanced_dataset_encoder_ratio_min_and_mean_1_2_1_1_z_struct_8_VAE_3c_32_5_2/last' (iter 88125, epoch 47.0)
=> saved checkpoint 'checkpoint_scores_CNN/mnist_balanced_dataset_encoder_ratio_min_and_mean_1_2_1_1_z_struct_8_VAE_3c_32_5_2/last' (iter 88125, epoch 47.0)
EarlyStopping counter: 2 out of 15
[Save Checkpoint] epoch: [47.0], Train: total:-29.59737, BCE:-29.59745, KLD:0.00003,Test: total:-30.16395, BCE:-30.16654, KLD:0.00087
=> saved checkpoint 'checkpoints_CNN/mnist_balanced_dataset_encoder_ratio_min_and_mean_1_2_1_1_z_struct_8_VAE_3c_32_5_2/last' (iter 90000, epoch 48.0)
=> saved checkpoint 'checkpoint_scores_CNN/mnist_balanced_dataset_encoder_ratio_min_and_mean_1_2_1_1_z_struct_8_VAE_3c_32_5_2/last' (iter 90000, epoch 48.0)
[Save Checkpoint] epoch: [48.0], Train: total:-29.55931, BCE:-29.55943, KLD:0.00004,Test: total:-30.13407, BCE:-30.13782, KLD:0.00125
=> saved checkpoint 'checkpoints_CNN/mnist_balanced_dataset_encoder_ratio_min_and_mean_1_2_1_1_z_struct_8_VAE_3c_32_5_2/last' (iter 91875, epoch 49.0)
=> saved checkpoint 'checkpoint_scores_CNN/mnist_balanced_dataset_encoder_ratio_min_and_mean_1_2_1_1_z_struct_8_VAE_3c_32_5_2/last' (iter 91875, epoch 49.0)
EarlyStopping counter: 1 out of 15
[Save Checkpoint] epoch: [49.0], Train: total:-29.60987, BCE:-29.60989, KLD:0.00001,Test: total:-30.17386, BCE:-30.17511, KLD:0.00042
=> saved checkpoint 'checkpoints_CNN/mnist_balanced_dataset_encoder_ratio_min_and_mean_1_2_1_1_z_struct_8_VAE_3c_32_5_2/last' (iter 93750, epoch 50.0)
=> saved checkpoint 'checkpoint_scores_CNN/mnist_balanced_dataset_encoder_ratio_min_and_mean_1_2_1_1_z_struct_8_VAE_3c_32_5_2/last' (iter 93750, epoch 50.0)
EarlyStopping counter: 2 out of 15
[Save Checkpoint] epoch: [50.0], Train: total:-29.56438, BCE:-29.56447, KLD:0.00003,Test: total:-30.12365, BCE:-30.12643, KLD:0.00093
=> saved checkpoint 'checkpoints_CNN/mnist_balanced_dataset_encoder_ratio_min_and_mean_1_2_1_1_z_struct_8_VAE_3c_32_5_2/last' (iter 95625, epoch 51.0)
=> saved checkpoint 'checkpoint_scores_CNN/mnist_balanced_dataset_encoder_ratio_min_and_mean_1_2_1_1_z_struct_8_VAE_3c_32_5_2/last' (iter 95625, epoch 51.0)
EarlyStopping counter: 3 out of 15
[Save Checkpoint] epoch: [51.0], Train: total:-29.66096, BCE:-29.66121, KLD:0.00008,Test: total:-30.25309, BCE:-30.26096, KLD:0.00262
=> saved checkpoint 'checkpoints_CNN/mnist_balanced_dataset_encoder_ratio_min_and_mean_1_2_1_1_z_struct_8_VAE_3c_32_5_2/last' (iter 97500, epoch 52.0)
=> saved checkpoint 'checkpoint_scores_CNN/mnist_balanced_dataset_encoder_ratio_min_and_mean_1_2_1_1_z_struct_8_VAE_3c_32_5_2/last' (iter 97500, epoch 52.0)
EarlyStopping counter: 4 out of 15
[Save Checkpoint] epoch: [52.0], Train: total:-30.06044, BCE:-30.06055, KLD:0.00004,Test: total:-30.66688, BCE:-30.67109, KLD:0.00141
=> saved checkpoint 'checkpoints_CNN/mnist_balanced_dataset_encoder_ratio_min_and_mean_1_2_1_1_z_struct_8_VAE_3c_32_5_2/last' (iter 99375, epoch 53.0)
=> saved checkpoint 'checkpoint_scores_CNN/mnist_balanced_dataset_encoder_ratio_min_and_mean_1_2_1_1_z_struct_8_VAE_3c_32_5_2/last' (iter 99375, epoch 53.0)
EarlyStopping counter: 5 out of 15
[Save Checkpoint] epoch: [53.0], Train: total:-29.75021, BCE:-29.75040, KLD:0.00006,Test: total:-30.23114, BCE:-30.23661, KLD:0.00182
=> saved checkpoint 'checkpoints_CNN/mnist_balanced_dataset_encoder_ratio_min_and_mean_1_2_1_1_z_struct_8_VAE_3c_32_5_2/last' (iter 101250, epoch 54.0)
=> saved checkpoint 'checkpoint_scores_CNN/mnist_balanced_dataset_encoder_ratio_min_and_mean_1_2_1_1_z_struct_8_VAE_3c_32_5_2/last' (iter 101250, epoch 54.0)
EarlyStopping counter: 6 out of 15
[Save Checkpoint] epoch: [54.0], Train: total:-30.18842, BCE:-30.18870, KLD:0.00009,Test: total:-30.71669, BCE:-30.72528, KLD:0.00286
=> saved checkpoint 'checkpoints_CNN/mnist_balanced_dataset_encoder_ratio_min_and_mean_1_2_1_1_z_struct_8_VAE_3c_32_5_2/last' (iter 103125, epoch 55.0)
