50
--gpu_devices 0 --max_iter 100 --batch_size 250 --use_scheduler True --lr 1e-3 --GMP True --z_struct_size 10 --is_VAE True --is_encoder_struct False --lambda_BCE 1 --beta 1 --big_kernel_size 8 --two_conv_layer True --three_conv_layer True --kernel_size_1 4 --kernel_size_2 4 --kernel_size_3 4 --BK_in_first_layer True --BK_in_second_layer False --BK_in_third_layer False --stride_size 1 --hidden_filters_layer1 64 --hidden_filters_layer2 64 --hidden_filters_layer3 64 --dataset_balanced True --binary_z True --binary_first_conv False --binary_second_conv False --binary_third_conv True --z_var_size 20 --z_struct_size 25 --use_small_lr_encoder_var True --encoder_var_name mnist_vae_var_2cb_20 --encoder_struct_name mnist_struct_baseline_scheduler_binary_25 --freeze_Encoder True --exp_name mnist_VAE_s25_v20_PT
Namespace(BK_in_first_layer=True, BK_in_second_layer=False, BK_in_third_layer=False, BN=False, C_max=25, C_stop_iter=100000.0, E1_AE=False, E1_VAE=False, E1_conv=False, E1_dense=False, E1_second_conv=False, E1_second_conv_adapt=False, GMP=True, Hmg_dst_loss=False, IPC=False, L1_norm_act=False, L1_norm_weights=False, L3_without_random=False, LOG_DIR='logs', adapt_lr=False, add_classification_layer=True, add_linear_after_GMP=True, add_z_struct_bottleneck=False, alpha=32, batch_size=250, beta=1.0, beta1=0.9, beta2=0.999, big_kernel=False, big_kernel_size=8, binary_chain=False, binary_first_conv=False, binary_second_conv=False, binary_third_conv=True, binary_z=True, both_decoders_freeze=False, ckpt_dir='checkpoints_CNN', ckpt_dir_scores='checkpoint_scores_CNN', classif_layer_size=30, contrastive_loss=False, cuda=True, dataset='mnist', dataset_balanced=True, decoder_first_dense=36, decoder_kernel_size_1=4, decoder_kernel_size_2=3, decoder_kernel_size_3=4, decoder_n_filter_1=64, decoder_n_filter_2=64, decoder_n_filter_3=64, decoder_stride_1=2, decoder_stride_2=2, decoder_stride_3=1, diff_var=False, display_step=10000, dset_dir='data', encoder_struct_name='mnist_struct_baseline_scheduler_binary_25', encoder_var_name='mnist_vae_var_2cb_20', exp_name='mnist_VAE_s25_v20_PT', freeze_Encoder=True, gamma=1000, gpu_devices=[0], hidden_filters_layer1=64, hidden_filters_layer2=64, hidden_filters_layer3=64, image_size=64, intra_class_variance_loss=False, is_C=True, is_E1=False, is_VAE=True, is_VAE_var=False, is_binary_structural_latent=False, is_custom_model=False, is_custom_model_BK=False, is_default_model=False, is_encoder_struct=False, is_noise_stats=False, is_partial_rand_class=False, is_perturbed_score=False, is_zvar_sim_loss=False, just_train=False, kernel_size=4, kernel_size_1=4, kernel_size_2=4, kernel_size_3=4, lambda_BCE=1.0, lambda_Kl_struct=1, lambda_Kl_var=1, lambda_L1=0.01, lambda_VAE=1, lambda_class=1, lambda_contrastive_loss=1, lambda_distance_mean=1, lambda_hmg_dst=1, lambda_intra_class_var=1, lambda_partial_class=1, lambda_ratio_reg=1, lambda_recon_wt_rand=1, lambda_recons=1, lambda_uniq_code_dst=1, lambda_var_distance=1, lambda_var_inter=1, lambda_var_intra=1, lambda_zvar_sim=1, latent_spec_cont=None, latent_spec_cont_class=None, latent_spec_cont_var=None, latent_spec_disc=None, latent_spec_disc_class=None, latent_spec_disc_var=None, log_level='info', loss='Proxy_Anchor', loss_distance_mean=False, loss_min_distance_cl=False, lr=0.001, max_epoch_use_uniq_code_target=5, max_iter=100.0, model='CNN', mrg=0.1, nb_epochs_train_only_zvar=0, num_workers=2, old_weighted=False, optimizer='adamw', other_architecture=False, other_ratio=False, random_percentage=0.2, random_seed=10, randomness=True, ratio_reg=False, remark='', save_step=10000, second_layer_C=False, seed=1, stride_size=1, sz_embedding=5, three_conv_layer=True, train=True, train_var_struct_alternatively=False, two_conv_layer=True, two_encoder=False, uniq_code_dst_loss=False, use_VAE=False, use_decoder=False, use_early_stopping=True, use_scheduler=True, use_small_lr_encoder_var=True, use_structural_encoder=False, value_target_distance_mean=1, var_hidden_dim=256, var_hidden_filters_1=32, var_hidden_filters_2=32, var_hidden_filters_3=32, var_kernel_size_1=3, var_kernel_size_2=3, var_kernel_size_3=3, var_second_cnn_block=True, var_stride_size_1=1, var_stride_size_2=1, var_stride_size_3=1, var_third_cnn_block=False, var_three_conv_layer=False, warm=1, without_acc=False, z_struct_size=25, z_var_size=20, zeros_W_Classif=False, zvar_sim_change_zvar=False, zvar_sim_loss_for_all_model=False, zvar_sim_loss_only_for_encoder=False, zvar_sim_normal=False, zvar_sim_var_rand=False)
CUDA Visible devices !
[Using Seed: 10]
Balanced dataset loaded
VAE doesn't exist but encoder var yes ! load var encoder weighs !
=> loaded checkpoint 'checkpoints_CNN/mnist_vae_var_2cb_20/last (iter 97500)'
Weighs loaded for var encoder !
VAE doesn't exist but encoder struct yes ! load struct encoder weighs !
=> loaded checkpoint 'checkpoints_CNN/mnist_struct_baseline_scheduler_binary_25/last (iter 20250)'
Weighs loaded for struct encoder !
use 1 gpu who named: Tesla V100-SXM2-32GB
VAE(
  (encoder_struct): Sequential(
    (0): Conv2d(1, 64, kernel_size=(8, 8), stride=(1, 1))
    (1): BatchNorm2d(64, eps=1e-05, momentum=0.1, affine=True, track_running_stats=True)
    (2): ReLU(inplace=True)
    (3): Conv2d(64, 64, kernel_size=(4, 4), stride=(1, 1))
    (4): BatchNorm2d(64, eps=1e-05, momentum=0.1, affine=True, track_running_stats=True)
    (5): ReLU(inplace=True)
    (6): Conv2d(64, 25, kernel_size=(4, 4), stride=(1, 1))
    (7): BatchNorm2d(25, eps=1e-05, momentum=0.1, affine=True, track_running_stats=True)
    (8): DeterministicBinaryActivation(
      (act): Hardsigmoid(
        (act): Hardtanh(min_val=-1.0, max_val=1.0)
      )
    )
    (9): AdaptiveMaxPool2d(output_size=(1, 1))
    (10): View()
  )
  (encoder_var): Sequential(
    (0): Conv2d(1, 32, kernel_size=(3, 3), stride=(1, 1))
    (1): ReLU(inplace=True)
    (2): BatchNorm2d(32, eps=1e-05, momentum=0.1, affine=True, track_running_stats=True)
    (3): Conv2d(32, 32, kernel_size=(3, 3), stride=(1, 1))
    (4): ReLU(inplace=True)
    (5): BatchNorm2d(32, eps=1e-05, momentum=0.1, affine=True, track_running_stats=True)
    (6): Conv2d(32, 32, kernel_size=(5, 5), stride=(2, 2), padding=(2, 2))
    (7): ReLU(inplace=True)
    (8): BatchNorm2d(32, eps=1e-05, momentum=0.1, affine=True, track_running_stats=True)
    (9): Dropout(p=0.4, inplace=False)
    (10): Conv2d(32, 64, kernel_size=(3, 3), stride=(1, 1))
    (11): ReLU(inplace=True)
    (12): BatchNorm2d(64, eps=1e-05, momentum=0.1, affine=True, track_running_stats=True)
    (13): Conv2d(64, 64, kernel_size=(3, 3), stride=(1, 1))
    (14): ReLU(inplace=True)
    (15): BatchNorm2d(64, eps=1e-05, momentum=0.1, affine=True, track_running_stats=True)
    (16): Conv2d(64, 64, kernel_size=(5, 5), stride=(2, 2), padding=(2, 2))
    (17): ReLU(inplace=True)
    (18): BatchNorm2d(64, eps=1e-05, momentum=0.1, affine=True, track_running_stats=True)
    (19): Dropout(p=0.4, inplace=False)
    (20): View()
    (21): Linear(in_features=1600, out_features=40, bias=True)
  )
  (decoder): Sequential(
    (0): Linear(in_features=45, out_features=1600, bias=True)
    (1): ReLU(inplace=True)
    (2): View()
    (3): ConvTranspose2d(64, 64, kernel_size=(4, 4), stride=(2, 2), padding=(1, 1))
    (4): ReLU(inplace=True)
    (5): ConvTranspose2d(64, 64, kernel_size=(3, 3), stride=(1, 1))
    (6): ReLU(inplace=True)
    (7): ConvTranspose2d(64, 32, kernel_size=(3, 3), stride=(1, 1))
    (8): ReLU(inplace=True)
    (9): ConvTranspose2d(32, 32, kernel_size=(4, 4), stride=(2, 2), padding=(1, 1))
    (10): ReLU(inplace=True)
    (11): ConvTranspose2d(32, 32, kernel_size=(3, 3), stride=(1, 1))
    (12): ReLU(inplace=True)
    (13): ConvTranspose2d(32, 1, kernel_size=(3, 3), stride=(1, 1))
    (14): Sigmoid()
  )
)
The number of parameters of model is 573940
use smaller lr for encoder var !
=> saved checkpoint 'checkpoints_CNN/mnist_VAE_s25_v20_PT/last' (iter 270, epoch 1.0)
=> saved checkpoint 'checkpoint_scores_CNN/mnist_VAE_s25_v20_PT/last' (iter 270, epoch 1.0)
[Save Checkpoint] epoch: [1.0], Train: total:6837.37256, BCE:-15.50774, KLD:6852.87842,Test: total:27157.09961, BCE:-15.67055, KLD:27172.77148
=> saved checkpoint 'checkpoints_CNN/mnist_VAE_s25_v20_PT/last' (iter 540, epoch 2.0)
=> saved checkpoint 'checkpoint_scores_CNN/mnist_VAE_s25_v20_PT/last' (iter 540, epoch 2.0)
[Save Checkpoint] epoch: [2.0], Train: total:6958.75244, BCE:-14.94796, KLD:6973.70020,Test: total:27650.00000, BCE:-15.04066, KLD:27665.04102
=> saved checkpoint 'checkpoints_CNN/mnist_VAE_s25_v20_PT/last' (iter 810, epoch 3.0)
=> saved checkpoint 'checkpoint_scores_CNN/mnist_VAE_s25_v20_PT/last' (iter 810, epoch 3.0)
[Save Checkpoint] epoch: [3.0], Train: total:6969.91992, BCE:-14.83676, KLD:6984.75781,Test: total:27698.46875, BCE:-14.89295, KLD:27713.36328
=> saved checkpoint 'checkpoints_CNN/mnist_VAE_s25_v20_PT/last' (iter 1080, epoch 4.0)
=> saved checkpoint 'checkpoint_scores_CNN/mnist_VAE_s25_v20_PT/last' (iter 1080, epoch 4.0)
[Save Checkpoint] epoch: [4.0], Train: total:7015.67627, BCE:-14.09722, KLD:7029.76855,Test: total:27877.25977, BCE:-14.17516, KLD:27891.43555
=> saved checkpoint 'checkpoints_CNN/mnist_VAE_s25_v20_PT/last' (iter 1350, epoch 5.0)
=> saved checkpoint 'checkpoint_scores_CNN/mnist_VAE_s25_v20_PT/last' (iter 1350, epoch 5.0)
[Save Checkpoint] epoch: [5.0], Train: total:7022.43262, BCE:-14.20099, KLD:7036.63037,Test: total:27901.16016, BCE:-14.30663, KLD:27915.46680
=> saved checkpoint 'checkpoints_CNN/mnist_VAE_s25_v20_PT/last' (iter 1620, epoch 6.0)
=> saved checkpoint 'checkpoint_scores_CNN/mnist_VAE_s25_v20_PT/last' (iter 1620, epoch 6.0)
[Save Checkpoint] epoch: [6.0], Train: total:7009.63672, BCE:-14.44215, KLD:7024.07715,Test: total:27846.48828, BCE:-14.57430, KLD:27861.06250
=> saved checkpoint 'checkpoints_CNN/mnist_VAE_s25_v20_PT/last' (iter 1890, epoch 7.0)
=> saved checkpoint 'checkpoint_scores_CNN/mnist_VAE_s25_v20_PT/last' (iter 1890, epoch 7.0)
[Save Checkpoint] epoch: [7.0], Train: total:7000.93066, BCE:-14.14665, KLD:7015.07812,Test: total:27808.35938, BCE:-14.28324, KLD:27822.64062
=> saved checkpoint 'checkpoints_CNN/mnist_VAE_s25_v20_PT/last' (iter 2160, epoch 8.0)
=> saved checkpoint 'checkpoint_scores_CNN/mnist_VAE_s25_v20_PT/last' (iter 2160, epoch 8.0)
[Save Checkpoint] epoch: [8.0], Train: total:6984.88086, BCE:-15.11558, KLD:6999.99658,Test: total:27743.22461, BCE:-15.33502, KLD:27758.56055
=> saved checkpoint 'checkpoints_CNN/mnist_VAE_s25_v20_PT/last' (iter 2430, epoch 9.0)
=> saved checkpoint 'checkpoint_scores_CNN/mnist_VAE_s25_v20_PT/last' (iter 2430, epoch 9.0)
[Save Checkpoint] epoch: [9.0], Train: total:6986.50391, BCE:-14.92128, KLD:7001.42627,Test: total:27746.63867, BCE:-15.18416, KLD:27761.82617
=> saved checkpoint 'checkpoints_CNN/mnist_VAE_s25_v20_PT/last' (iter 2700, epoch 10.0)
=> saved checkpoint 'checkpoint_scores_CNN/mnist_VAE_s25_v20_PT/last' (iter 2700, epoch 10.0)
[Save Checkpoint] epoch: [10.0], Train: total:6988.38672, BCE:-15.40887, KLD:7003.79541,Test: total:27753.00586, BCE:-15.66156, KLD:27768.67188
=> saved checkpoint 'checkpoints_CNN/mnist_VAE_s25_v20_PT/last' (iter 2970, epoch 11.0)
=> saved checkpoint 'checkpoint_scores_CNN/mnist_VAE_s25_v20_PT/last' (iter 2970, epoch 11.0)
EarlyStopping counter: 1 out of 25
[Save Checkpoint] epoch: [11.0], Train: total:6970.39014, BCE:-15.50249, KLD:6985.89307,Test: total:27678.73242, BCE:-15.77849, KLD:27694.51367
=> saved checkpoint 'checkpoints_CNN/mnist_VAE_s25_v20_PT/last' (iter 3240, epoch 12.0)
=> saved checkpoint 'checkpoint_scores_CNN/mnist_VAE_s25_v20_PT/last' (iter 3240, epoch 12.0)
[Save Checkpoint] epoch: [12.0], Train: total:6975.68066, BCE:-15.34423, KLD:6991.02393,Test: total:27695.64062, BCE:-15.62348, KLD:27711.26562
=> saved checkpoint 'checkpoints_CNN/mnist_VAE_s25_v20_PT/last' (iter 3510, epoch 13.0)
=> saved checkpoint 'checkpoint_scores_CNN/mnist_VAE_s25_v20_PT/last' (iter 3510, epoch 13.0)
EarlyStopping counter: 1 out of 25
[Save Checkpoint] epoch: [13.0], Train: total:6968.77344, BCE:-15.98425, KLD:6984.75586,Test: total:27665.63867, BCE:-16.29151, KLD:27681.93164
=> saved checkpoint 'checkpoints_CNN/mnist_VAE_s25_v20_PT/last' (iter 3780, epoch 14.0)
=> saved checkpoint 'checkpoint_scores_CNN/mnist_VAE_s25_v20_PT/last' (iter 3780, epoch 14.0)
[Save Checkpoint] epoch: [14.0], Train: total:6953.14648, BCE:-16.84851, KLD:6969.99609,Test: total:27603.19727, BCE:-17.20509, KLD:27620.40430
=> saved checkpoint 'checkpoints_CNN/mnist_VAE_s25_v20_PT/last' (iter 4050, epoch 15.0)
=> saved checkpoint 'checkpoint_scores_CNN/mnist_VAE_s25_v20_PT/last' (iter 4050, epoch 15.0)
[Save Checkpoint] epoch: [15.0], Train: total:6950.99805, BCE:-16.58315, KLD:6967.57812,Test: total:27591.89453, BCE:-16.92142, KLD:27608.81641
=> saved checkpoint 'checkpoints_CNN/mnist_VAE_s25_v20_PT/last' (iter 4320, epoch 16.0)
=> saved checkpoint 'checkpoint_scores_CNN/mnist_VAE_s25_v20_PT/last' (iter 4320, epoch 16.0)
[Save Checkpoint] epoch: [16.0], Train: total:6948.45557, BCE:-17.01873, KLD:6965.47168,Test: total:27582.14648, BCE:-17.36340, KLD:27599.50977
=> saved checkpoint 'checkpoints_CNN/mnist_VAE_s25_v20_PT/last' (iter 4590, epoch 17.0)
=> saved checkpoint 'checkpoint_scores_CNN/mnist_VAE_s25_v20_PT/last' (iter 4590, epoch 17.0)
EarlyStopping counter: 1 out of 25
[Save Checkpoint] epoch: [17.0], Train: total:6934.92920, BCE:-17.30762, KLD:6952.23779,Test: total:27527.59961, BCE:-17.66231, KLD:27545.26367
=> saved checkpoint 'checkpoints_CNN/mnist_VAE_s25_v20_PT/last' (iter 4860, epoch 18.0)
=> saved checkpoint 'checkpoint_scores_CNN/mnist_VAE_s25_v20_PT/last' (iter 4860, epoch 18.0)
EarlyStopping counter: 2 out of 25
[Save Checkpoint] epoch: [18.0], Train: total:6916.55762, BCE:-17.61995, KLD:6934.17334,Test: total:27452.41016, BCE:-17.97043, KLD:27470.38086
=> saved checkpoint 'checkpoints_CNN/mnist_VAE_s25_v20_PT/last' (iter 5130, epoch 19.0)
=> saved checkpoint 'checkpoint_scores_CNN/mnist_VAE_s25_v20_PT/last' (iter 5130, epoch 19.0)
[Save Checkpoint] epoch: [19.0], Train: total:6919.05322, BCE:-18.31469, KLD:6937.37158,Test: total:27463.22266, BCE:-18.69543, KLD:27481.91602
=> saved checkpoint 'checkpoints_CNN/mnist_VAE_s25_v20_PT/last' (iter 5400, epoch 20.0)
=> saved checkpoint 'checkpoint_scores_CNN/mnist_VAE_s25_v20_PT/last' (iter 5400, epoch 20.0)
[Save Checkpoint] epoch: [20.0], Train: total:6923.23975, BCE:-18.30193, KLD:6941.54395,Test: total:27477.47266, BCE:-18.70403, KLD:27496.17578
=> saved checkpoint 'checkpoints_CNN/mnist_VAE_s25_v20_PT/last' (iter 5670, epoch 21.0)
=> saved checkpoint 'checkpoint_scores_CNN/mnist_VAE_s25_v20_PT/last' (iter 5670, epoch 21.0)
EarlyStopping counter: 1 out of 25
[Save Checkpoint] epoch: [21.0], Train: total:6900.95410, BCE:-18.45094, KLD:6919.40430,Test: total:27387.93164, BCE:-18.84185, KLD:27406.77148
=> saved checkpoint 'checkpoints_CNN/mnist_VAE_s25_v20_PT/last' (iter 5940, epoch 22.0)
=> saved checkpoint 'checkpoint_scores_CNN/mnist_VAE_s25_v20_PT/last' (iter 5940, epoch 22.0)
[Save Checkpoint] epoch: [22.0], Train: total:6901.56982, BCE:-18.84115, KLD:6920.40674,Test: total:27390.51953, BCE:-19.20331, KLD:27409.71875
=> saved checkpoint 'checkpoints_CNN/mnist_VAE_s25_v20_PT/last' (iter 6210, epoch 23.0)
=> saved checkpoint 'checkpoint_scores_CNN/mnist_VAE_s25_v20_PT/last' (iter 6210, epoch 23.0)
EarlyStopping counter: 1 out of 25
[Save Checkpoint] epoch: [23.0], Train: total:6906.51465, BCE:-19.05600, KLD:6925.56982,Test: total:27409.53125, BCE:-19.43847, KLD:27428.96875
=> saved checkpoint 'checkpoints_CNN/mnist_VAE_s25_v20_PT/last' (iter 6480, epoch 24.0)
=> saved checkpoint 'checkpoint_scores_CNN/mnist_VAE_s25_v20_PT/last' (iter 6480, epoch 24.0)
EarlyStopping counter: 2 out of 25
[Save Checkpoint] epoch: [24.0], Train: total:6886.43164, BCE:-19.82195, KLD:6906.24951,Test: total:27331.49023, BCE:-20.23498, KLD:27351.72461
=> saved checkpoint 'checkpoints_CNN/mnist_VAE_s25_v20_PT/last' (iter 6750, epoch 25.0)
=> saved checkpoint 'checkpoint_scores_CNN/mnist_VAE_s25_v20_PT/last' (iter 6750, epoch 25.0)
[Save Checkpoint] epoch: [25.0], Train: total:6898.14404, BCE:-20.01221, KLD:6918.15723,Test: total:27378.48828, BCE:-20.36807, KLD:27398.85742
=> saved checkpoint 'checkpoints_CNN/mnist_VAE_s25_v20_PT/last' (iter 7020, epoch 26.0)
=> saved checkpoint 'checkpoint_scores_CNN/mnist_VAE_s25_v20_PT/last' (iter 7020, epoch 26.0)
[Save Checkpoint] epoch: [26.0], Train: total:6891.06299, BCE:-20.37058, KLD:6911.42920,Test: total:27350.44336, BCE:-20.74903, KLD:27371.19141
=> saved checkpoint 'checkpoints_CNN/mnist_VAE_s25_v20_PT/last' (iter 7290, epoch 27.0)
=> saved checkpoint 'checkpoint_scores_CNN/mnist_VAE_s25_v20_PT/last' (iter 7290, epoch 27.0)
[Save Checkpoint] epoch: [27.0], Train: total:6870.46680, BCE:-20.11098, KLD:6890.57715,Test: total:27266.11523, BCE:-20.52316, KLD:27286.63867
=> saved checkpoint 'checkpoints_CNN/mnist_VAE_s25_v20_PT/last' (iter 7560, epoch 28.0)
=> saved checkpoint 'checkpoint_scores_CNN/mnist_VAE_s25_v20_PT/last' (iter 7560, epoch 28.0)
EarlyStopping counter: 1 out of 25
[Save Checkpoint] epoch: [28.0], Train: total:6871.07373, BCE:-20.68646, KLD:6891.75928,Test: total:27268.94336, BCE:-21.09204, KLD:27290.03516
=> saved checkpoint 'checkpoints_CNN/mnist_VAE_s25_v20_PT/last' (iter 7830, epoch 29.0)
=> saved checkpoint 'checkpoint_scores_CNN/mnist_VAE_s25_v20_PT/last' (iter 7830, epoch 29.0)
EarlyStopping counter: 2 out of 25
[Save Checkpoint] epoch: [29.0], Train: total:6853.86133, BCE:-20.81730, KLD:6874.67773,Test: total:27199.07617, BCE:-21.24925, KLD:27220.32617
=> saved checkpoint 'checkpoints_CNN/mnist_VAE_s25_v20_PT/last' (iter 8100, epoch 30.0)
=> saved checkpoint 'checkpoint_scores_CNN/mnist_VAE_s25_v20_PT/last' (iter 8100, epoch 30.0)
EarlyStopping counter: 3 out of 25
[Save Checkpoint] epoch: [30.0], Train: total:6869.00488, BCE:-21.02365, KLD:6890.02783,Test: total:27259.82227, BCE:-21.39948, KLD:27281.21875
=> saved checkpoint 'checkpoints_CNN/mnist_VAE_s25_v20_PT/last' (iter 8370, epoch 31.0)
=> saved checkpoint 'checkpoint_scores_CNN/mnist_VAE_s25_v20_PT/last' (iter 8370, epoch 31.0)
EarlyStopping counter: 4 out of 25
[Save Checkpoint] epoch: [31.0], Train: total:6867.83447, BCE:-21.28840, KLD:6889.12646,Test: total:27255.05664, BCE:-21.68206, KLD:27276.74023
Epoch    32: reducing learning rate of group 0 to 2.0000e-04.
Epoch    32: reducing learning rate of group 1 to 2.0000e-06.
=> saved checkpoint 'checkpoints_CNN/mnist_VAE_s25_v20_PT/last' (iter 8640, epoch 32.0)
=> saved checkpoint 'checkpoint_scores_CNN/mnist_VAE_s25_v20_PT/last' (iter 8640, epoch 32.0)
[Save Checkpoint] epoch: [32.0], Train: total:6844.05469, BCE:-21.65866, KLD:6865.71924,Test: total:27160.24023, BCE:-22.04744, KLD:27182.28711
=> saved checkpoint 'checkpoints_CNN/mnist_VAE_s25_v20_PT/last' (iter 8910, epoch 33.0)
=> saved checkpoint 'checkpoint_scores_CNN/mnist_VAE_s25_v20_PT/last' (iter 8910, epoch 33.0)
[Save Checkpoint] epoch: [33.0], Train: total:6845.22168, BCE:-21.83149, KLD:6867.05371,Test: total:27165.11914, BCE:-22.22829, KLD:27187.34766
=> saved checkpoint 'checkpoints_CNN/mnist_VAE_s25_v20_PT/last' (iter 9180, epoch 34.0)
=> saved checkpoint 'checkpoint_scores_CNN/mnist_VAE_s25_v20_PT/last' (iter 9180, epoch 34.0)
[Save Checkpoint] epoch: [34.0], Train: total:6846.30566, BCE:-21.80535, KLD:6868.11523,Test: total:27169.28516, BCE:-22.22034, KLD:27191.50000
=> saved checkpoint 'checkpoints_CNN/mnist_VAE_s25_v20_PT/last' (iter 9450, epoch 35.0)
=> saved checkpoint 'checkpoint_scores_CNN/mnist_VAE_s25_v20_PT/last' (iter 9450, epoch 35.0)
[Save Checkpoint] epoch: [35.0], Train: total:6850.97998, BCE:-22.12917, KLD:6873.11670,Test: total:27188.80664, BCE:-22.52262, KLD:27211.32617
=> saved checkpoint 'checkpoints_CNN/mnist_VAE_s25_v20_PT/last' (iter 9720, epoch 36.0)
=> saved checkpoint 'checkpoint_scores_CNN/mnist_VAE_s25_v20_PT/last' (iter 9720, epoch 36.0)
EarlyStopping counter: 1 out of 25
[Save Checkpoint] epoch: [36.0], Train: total:6848.79980, BCE:-22.07815, KLD:6870.87695,Test: total:27179.59375, BCE:-22.46604, KLD:27202.06055
=> saved checkpoint 'checkpoints_CNN/mnist_VAE_s25_v20_PT/last' (iter 9990, epoch 37.0)
=> saved checkpoint 'checkpoint_scores_CNN/mnist_VAE_s25_v20_PT/last' (iter 9990, epoch 37.0)
EarlyStopping counter: 2 out of 25
[Save Checkpoint] epoch: [37.0], Train: total:6851.83691, BCE:-22.15027, KLD:6873.98438,Test: total:27191.51953, BCE:-22.54683, KLD:27214.06250
=> saved checkpoint 'checkpoints_CNN/mnist_VAE_s25_v20_PT/last' (iter 10260, epoch 38.0)
=> saved checkpoint 'checkpoint_scores_CNN/mnist_VAE_s25_v20_PT/last' (iter 10260, epoch 38.0)
EarlyStopping counter: 3 out of 25
[Save Checkpoint] epoch: [38.0], Train: total:6852.49609, BCE:-22.29092, KLD:6874.78613,Test: total:27194.03711, BCE:-22.68323, KLD:27216.72266
=> saved checkpoint 'checkpoints_CNN/mnist_VAE_s25_v20_PT/last' (iter 10530, epoch 39.0)
=> saved checkpoint 'checkpoint_scores_CNN/mnist_VAE_s25_v20_PT/last' (iter 10530, epoch 39.0)
[Save Checkpoint] epoch: [39.0], Train: total:6850.92822, BCE:-22.53981, KLD:6873.46240,Test: total:27188.39648, BCE:-22.92109, KLD:27211.31836
=> saved checkpoint 'checkpoints_CNN/mnist_VAE_s25_v20_PT/last' (iter 10800, epoch 40.0)
=> saved checkpoint 'checkpoint_scores_CNN/mnist_VAE_s25_v20_PT/last' (iter 10800, epoch 40.0)
EarlyStopping counter: 1 out of 25
[Save Checkpoint] epoch: [40.0], Train: total:6845.14502, BCE:-22.56053, KLD:6867.70703,Test: total:27165.33789, BCE:-22.95060, KLD:27188.28711
=> saved checkpoint 'checkpoints_CNN/mnist_VAE_s25_v20_PT/last' (iter 11070, epoch 41.0)
=> saved checkpoint 'checkpoint_scores_CNN/mnist_VAE_s25_v20_PT/last' (iter 11070, epoch 41.0)
EarlyStopping counter: 2 out of 25
[Save Checkpoint] epoch: [41.0], Train: total:6846.48633, BCE:-22.52753, KLD:6869.01465,Test: total:27170.14648, BCE:-22.89369, KLD:27193.03516
=> saved checkpoint 'checkpoints_CNN/mnist_VAE_s25_v20_PT/last' (iter 11340, epoch 42.0)
=> saved checkpoint 'checkpoint_scores_CNN/mnist_VAE_s25_v20_PT/last' (iter 11340, epoch 42.0)
EarlyStopping counter: 3 out of 25
[Save Checkpoint] epoch: [42.0], Train: total:6843.91943, BCE:-22.69442, KLD:6866.61475,Test: total:27160.05664, BCE:-23.10233, KLD:27183.16016
=> saved checkpoint 'checkpoints_CNN/mnist_VAE_s25_v20_PT/last' (iter 11610, epoch 43.0)
=> saved checkpoint 'checkpoint_scores_CNN/mnist_VAE_s25_v20_PT/last' (iter 11610, epoch 43.0)
EarlyStopping counter: 4 out of 25
[Save Checkpoint] epoch: [43.0], Train: total:6845.46289, BCE:-22.71554, KLD:6868.18066,Test: total:27165.99023, BCE:-23.10616, KLD:27189.09766
Epoch    44: reducing learning rate of group 0 to 4.0000e-05.
Epoch    44: reducing learning rate of group 1 to 1.0000e-06.
=> saved checkpoint 'checkpoints_CNN/mnist_VAE_s25_v20_PT/last' (iter 11880, epoch 44.0)
=> saved checkpoint 'checkpoint_scores_CNN/mnist_VAE_s25_v20_PT/last' (iter 11880, epoch 44.0)
EarlyStopping counter: 5 out of 25
[Save Checkpoint] epoch: [44.0], Train: total:6847.52002, BCE:-22.77485, KLD:6870.29346,Test: total:27173.78125, BCE:-23.18166, KLD:27196.96289
=> saved checkpoint 'checkpoints_CNN/mnist_VAE_s25_v20_PT/last' (iter 12150, epoch 45.0)
=> saved checkpoint 'checkpoint_scores_CNN/mnist_VAE_s25_v20_PT/last' (iter 12150, epoch 45.0)
EarlyStopping counter: 6 out of 25
[Save Checkpoint] epoch: [45.0], Train: total:6845.73438, BCE:-22.81108, KLD:6868.54346,Test: total:27166.54102, BCE:-23.23405, KLD:27189.77539
=> saved checkpoint 'checkpoints_CNN/mnist_VAE_s25_v20_PT/last' (iter 12420, epoch 46.0)
=> saved checkpoint 'checkpoint_scores_CNN/mnist_VAE_s25_v20_PT/last' (iter 12420, epoch 46.0)
EarlyStopping counter: 7 out of 25
[Save Checkpoint] epoch: [46.0], Train: total:6843.77100, BCE:-22.97281, KLD:6866.73975,Test: total:27158.99414, BCE:-23.38113, KLD:27182.37500
=> saved checkpoint 'checkpoints_CNN/mnist_VAE_s25_v20_PT/last' (iter 12690, epoch 47.0)
=> saved checkpoint 'checkpoint_scores_CNN/mnist_VAE_s25_v20_PT/last' (iter 12690, epoch 47.0)
EarlyStopping counter: 8 out of 25
[Save Checkpoint] epoch: [47.0], Train: total:6840.18359, BCE:-22.97307, KLD:6863.15137,Test: total:27144.51562, BCE:-23.36699, KLD:27167.88086
=> saved checkpoint 'checkpoints_CNN/mnist_VAE_s25_v20_PT/last' (iter 12960, epoch 48.0)
=> saved checkpoint 'checkpoint_scores_CNN/mnist_VAE_s25_v20_PT/last' (iter 12960, epoch 48.0)
EarlyStopping counter: 9 out of 25
[Save Checkpoint] epoch: [48.0], Train: total:6842.63623, BCE:-23.01862, KLD:6865.65479,Test: total:27154.18750, BCE:-23.41342, KLD:27177.59961
Epoch    49: reducing learning rate of group 0 to 8.0000e-06.
=> saved checkpoint 'checkpoints_CNN/mnist_VAE_s25_v20_PT/last' (iter 13230, epoch 49.0)
=> saved checkpoint 'checkpoint_scores_CNN/mnist_VAE_s25_v20_PT/last' (iter 13230, epoch 49.0)
EarlyStopping counter: 10 out of 25
[Save Checkpoint] epoch: [49.0], Train: total:6845.29053, BCE:-23.00459, KLD:6868.29834,Test: total:27164.55078, BCE:-23.38658, KLD:27187.93750
=> saved checkpoint 'checkpoints_CNN/mnist_VAE_s25_v20_PT/last' (iter 13500, epoch 50.0)
=> saved checkpoint 'checkpoint_scores_CNN/mnist_VAE_s25_v20_PT/last' (iter 13500, epoch 50.0)
[Save Checkpoint] epoch: [50.0], Train: total:6843.37842, BCE:-22.85777, KLD:6866.23535,Test: total:27156.16602, BCE:-23.27980, KLD:27179.44727
=> saved checkpoint 'checkpoints_CNN/mnist_VAE_s25_v20_PT/last' (iter 13770, epoch 51.0)
=> saved checkpoint 'checkpoint_scores_CNN/mnist_VAE_s25_v20_PT/last' (iter 13770, epoch 51.0)
EarlyStopping counter: 1 out of 25
[Save Checkpoint] epoch: [51.0], Train: total:6844.47314, BCE:-22.86268, KLD:6867.33398,Test: total:27160.33398, BCE:-23.24949, KLD:27183.58203
=> saved checkpoint 'checkpoints_CNN/mnist_VAE_s25_v20_PT/last' (iter 14040, epoch 52.0)
=> saved checkpoint 'checkpoint_scores_CNN/mnist_VAE_s25_v20_PT/last' (iter 14040, epoch 52.0)
EarlyStopping counter: 2 out of 25
[Save Checkpoint] epoch: [52.0], Train: total:6842.56641, BCE:-22.87360, KLD:6865.43896,Test: total:27152.81836, BCE:-23.28617, KLD:27176.10352
=> saved checkpoint 'checkpoints_CNN/mnist_VAE_s25_v20_PT/last' (iter 14310, epoch 53.0)
=> saved checkpoint 'checkpoint_scores_CNN/mnist_VAE_s25_v20_PT/last' (iter 14310, epoch 53.0)
EarlyStopping counter: 3 out of 25
[Save Checkpoint] epoch: [53.0], Train: total:6847.05176, BCE:-22.92521, KLD:6869.97607,Test: total:27170.82227, BCE:-23.32055, KLD:27194.14062
=> saved checkpoint 'checkpoints_CNN/mnist_VAE_s25_v20_PT/last' (iter 14580, epoch 54.0)
=> saved checkpoint 'checkpoint_scores_CNN/mnist_VAE_s25_v20_PT/last' (iter 14580, epoch 54.0)
EarlyStopping counter: 4 out of 25
[Save Checkpoint] epoch: [54.0], Train: total:6844.90625, BCE:-22.90227, KLD:6867.80908,Test: total:27161.97461, BCE:-23.30143, KLD:27185.27930
Epoch    55: reducing learning rate of group 0 to 1.6000e-06.
=> saved checkpoint 'checkpoints_CNN/mnist_VAE_s25_v20_PT/last' (iter 14850, epoch 55.0)
=> saved checkpoint 'checkpoint_scores_CNN/mnist_VAE_s25_v20_PT/last' (iter 14850, epoch 55.0)
EarlyStopping counter: 5 out of 25
[Save Checkpoint] epoch: [55.0], Train: total:6846.71338, BCE:-22.92887, KLD:6869.64258,Test: total:27168.98438, BCE:-23.32379, KLD:27192.30664
=> saved checkpoint 'checkpoints_CNN/mnist_VAE_s25_v20_PT/last' (iter 15120, epoch 56.0)
=> saved checkpoint 'checkpoint_scores_CNN/mnist_VAE_s25_v20_PT/last' (iter 15120, epoch 56.0)
EarlyStopping counter: 6 out of 25
[Save Checkpoint] epoch: [56.0], Train: total:6841.29834, BCE:-22.95128, KLD:6864.24951,Test: total:27147.53516, BCE:-23.32998, KLD:27170.86523
=> saved checkpoint 'checkpoints_CNN/mnist_VAE_s25_v20_PT/last' (iter 15390, epoch 57.0)
=> saved checkpoint 'checkpoint_scores_CNN/mnist_VAE_s25_v20_PT/last' (iter 15390, epoch 57.0)
EarlyStopping counter: 7 out of 25
[Save Checkpoint] epoch: [57.0], Train: total:6839.24951, BCE:-22.94950, KLD:6862.19824,Test: total:27139.31641, BCE:-23.33333, KLD:27162.64648
=> saved checkpoint 'checkpoints_CNN/mnist_VAE_s25_v20_PT/last' (iter 15660, epoch 58.0)
=> saved checkpoint 'checkpoint_scores_CNN/mnist_VAE_s25_v20_PT/last' (iter 15660, epoch 58.0)
EarlyStopping counter: 8 out of 25
[Save Checkpoint] epoch: [58.0], Train: total:6843.08838, BCE:-22.94006, KLD:6866.02881,Test: total:27154.42188, BCE:-23.33075, KLD:27177.75391
=> saved checkpoint 'checkpoints_CNN/mnist_VAE_s25_v20_PT/last' (iter 15930, epoch 59.0)
=> saved checkpoint 'checkpoint_scores_CNN/mnist_VAE_s25_v20_PT/last' (iter 15930, epoch 59.0)
EarlyStopping counter: 9 out of 25
[Save Checkpoint] epoch: [59.0], Train: total:6843.94922, BCE:-22.95783, KLD:6866.90576,Test: total:27157.70312, BCE:-23.34222, KLD:27181.04492
=> saved checkpoint 'checkpoints_CNN/mnist_VAE_s25_v20_PT/last' (iter 16200, epoch 60.0)
=> saved checkpoint 'checkpoint_scores_CNN/mnist_VAE_s25_v20_PT/last' (iter 16200, epoch 60.0)
[Save Checkpoint] epoch: [60.0], Train: total:6841.46826, BCE:-22.95544, KLD:6864.42578,Test: total:27147.66992, BCE:-23.37070, KLD:27171.03711
=> saved checkpoint 'checkpoints_CNN/mnist_VAE_s25_v20_PT/last' (iter 16470, epoch 61.0)
=> saved checkpoint 'checkpoint_scores_CNN/mnist_VAE_s25_v20_PT/last' (iter 16470, epoch 61.0)
EarlyStopping counter: 1 out of 25
[Save Checkpoint] epoch: [61.0], Train: total:6843.41895, BCE:-22.95634, KLD:6866.37500,Test: total:27155.66211, BCE:-23.34847, KLD:27179.00977
=> saved checkpoint 'checkpoints_CNN/mnist_VAE_s25_v20_PT/last' (iter 16740, epoch 62.0)
=> saved checkpoint 'checkpoint_scores_CNN/mnist_VAE_s25_v20_PT/last' (iter 16740, epoch 62.0)
EarlyStopping counter: 2 out of 25
[Save Checkpoint] epoch: [62.0], Train: total:6840.05127, BCE:-22.95176, KLD:6863.00391,Test: total:27142.21875, BCE:-23.35553, KLD:27165.57227
=> saved checkpoint 'checkpoints_CNN/mnist_VAE_s25_v20_PT/last' (iter 17010, epoch 63.0)
=> saved checkpoint 'checkpoint_scores_CNN/mnist_VAE_s25_v20_PT/last' (iter 17010, epoch 63.0)
EarlyStopping counter: 3 out of 25
[Save Checkpoint] epoch: [63.0], Train: total:6838.09521, BCE:-22.95541, KLD:6861.05127,Test: total:27134.13086, BCE:-23.34337, KLD:27157.47461
=> saved checkpoint 'checkpoints_CNN/mnist_VAE_s25_v20_PT/last' (iter 17280, epoch 64.0)
=> saved checkpoint 'checkpoint_scores_CNN/mnist_VAE_s25_v20_PT/last' (iter 17280, epoch 64.0)
EarlyStopping counter: 4 out of 25
[Save Checkpoint] epoch: [64.0], Train: total:6841.60547, BCE:-22.96060, KLD:6864.56836,Test: total:27148.13477, BCE:-23.39248, KLD:27171.52930
Epoch    65: reducing learning rate of group 0 to 1.0000e-06.
=> saved checkpoint 'checkpoints_CNN/mnist_VAE_s25_v20_PT/last' (iter 17550, epoch 65.0)
=> saved checkpoint 'checkpoint_scores_CNN/mnist_VAE_s25_v20_PT/last' (iter 17550, epoch 65.0)
EarlyStopping counter: 5 out of 25
[Save Checkpoint] epoch: [65.0], Train: total:6838.75977, BCE:-22.95275, KLD:6861.71191,Test: total:27136.85352, BCE:-23.34626, KLD:27160.20117
=> saved checkpoint 'checkpoints_CNN/mnist_VAE_s25_v20_PT/last' (iter 17820, epoch 66.0)
=> saved checkpoint 'checkpoint_scores_CNN/mnist_VAE_s25_v20_PT/last' (iter 17820, epoch 66.0)
EarlyStopping counter: 6 out of 25
[Save Checkpoint] epoch: [66.0], Train: total:6840.46924, BCE:-22.95130, KLD:6863.42627,Test: total:27143.57812, BCE:-23.36943, KLD:27166.94727
=> saved checkpoint 'checkpoints_CNN/mnist_VAE_s25_v20_PT/last' (iter 18090, epoch 67.0)
=> saved checkpoint 'checkpoint_scores_CNN/mnist_VAE_s25_v20_PT/last' (iter 18090, epoch 67.0)
EarlyStopping counter: 7 out of 25
[Save Checkpoint] epoch: [67.0], Train: total:6841.61523, BCE:-22.95709, KLD:6864.57471,Test: total:27147.93164, BCE:-23.35729, KLD:27171.28711
=> saved checkpoint 'checkpoints_CNN/mnist_VAE_s25_v20_PT/last' (iter 18360, epoch 68.0)
=> saved checkpoint 'checkpoint_scores_CNN/mnist_VAE_s25_v20_PT/last' (iter 18360, epoch 68.0)
EarlyStopping counter: 8 out of 25
[Save Checkpoint] epoch: [68.0], Train: total:6843.11963, BCE:-22.96135, KLD:6866.08105,Test: total:27153.93750, BCE:-23.37307, KLD:27177.31055
=> saved checkpoint 'checkpoints_CNN/mnist_VAE_s25_v20_PT/last' (iter 18630, epoch 69.0)
=> saved checkpoint 'checkpoint_scores_CNN/mnist_VAE_s25_v20_PT/last' (iter 18630, epoch 69.0)
EarlyStopping counter: 9 out of 25
[Save Checkpoint] epoch: [69.0], Train: total:6839.88037, BCE:-22.94075, KLD:6862.82080,Test: total:27140.57617, BCE:-23.33477, KLD:27163.91211
=> saved checkpoint 'checkpoints_CNN/mnist_VAE_s25_v20_PT/last' (iter 18900, epoch 70.0)
=> saved checkpoint 'checkpoint_scores_CNN/mnist_VAE_s25_v20_PT/last' (iter 18900, epoch 70.0)
EarlyStopping counter: 10 out of 25
[Save Checkpoint] epoch: [70.0], Train: total:6841.30859, BCE:-22.93818, KLD:6864.24951,Test: total:27146.07812, BCE:-23.33851, KLD:27169.41602
=> saved checkpoint 'checkpoints_CNN/mnist_VAE_s25_v20_PT/last' (iter 19170, epoch 71.0)
=> saved checkpoint 'checkpoint_scores_CNN/mnist_VAE_s25_v20_PT/last' (iter 19170, epoch 71.0)
EarlyStopping counter: 11 out of 25
[Save Checkpoint] epoch: [71.0], Train: total:6840.41504, BCE:-22.96782, KLD:6863.38232,Test: total:27142.67578, BCE:-23.36631, KLD:27166.04102
=> saved checkpoint 'checkpoints_CNN/mnist_VAE_s25_v20_PT/last' (iter 19440, epoch 72.0)
=> saved checkpoint 'checkpoint_scores_CNN/mnist_VAE_s25_v20_PT/last' (iter 19440, epoch 72.0)
EarlyStopping counter: 12 out of 25
[Save Checkpoint] epoch: [72.0], Train: total:6840.92529, BCE:-22.97076, KLD:6863.89697,Test: total:27144.43750, BCE:-23.37243, KLD:27167.81055
=> saved checkpoint 'checkpoints_CNN/mnist_VAE_s25_v20_PT/last' (iter 19710, epoch 73.0)
=> saved checkpoint 'checkpoint_scores_CNN/mnist_VAE_s25_v20_PT/last' (iter 19710, epoch 73.0)
EarlyStopping counter: 13 out of 25
[Save Checkpoint] epoch: [73.0], Train: total:6841.51758, BCE:-22.97099, KLD:6864.49121,Test: total:27147.04102, BCE:-23.38202, KLD:27170.42578
=> saved checkpoint 'checkpoints_CNN/mnist_VAE_s25_v20_PT/last' (iter 19980, epoch 74.0)
=> saved checkpoint 'checkpoint_scores_CNN/mnist_VAE_s25_v20_PT/last' (iter 19980, epoch 74.0)
EarlyStopping counter: 14 out of 25
[Save Checkpoint] epoch: [74.0], Train: total:6838.08691, BCE:-22.95791, KLD:6861.04443,Test: total:27133.57227, BCE:-23.34508, KLD:27156.91602
=> saved checkpoint 'checkpoints_CNN/mnist_VAE_s25_v20_PT/last' (iter 20250, epoch 75.0)
=> saved checkpoint 'checkpoint_scores_CNN/mnist_VAE_s25_v20_PT/last' (iter 20250, epoch 75.0)
EarlyStopping counter: 15 out of 25
[Save Checkpoint] epoch: [75.0], Train: total:6841.34766, BCE:-22.96618, KLD:6864.31787,Test: total:27146.49414, BCE:-23.37052, KLD:27169.86328
=> saved checkpoint 'checkpoints_CNN/mnist_VAE_s25_v20_PT/last' (iter 20520, epoch 76.0)
=> saved checkpoint 'checkpoint_scores_CNN/mnist_VAE_s25_v20_PT/last' (iter 20520, epoch 76.0)
EarlyStopping counter: 16 out of 25
[Save Checkpoint] epoch: [76.0], Train: total:6843.52930, BCE:-22.96772, KLD:6866.49414,Test: total:27155.26953, BCE:-23.35923, KLD:27178.62891
=> saved checkpoint 'checkpoints_CNN/mnist_VAE_s25_v20_PT/last' (iter 20790, epoch 77.0)
=> saved checkpoint 'checkpoint_scores_CNN/mnist_VAE_s25_v20_PT/last' (iter 20790, epoch 77.0)
EarlyStopping counter: 17 out of 25
[Save Checkpoint] epoch: [77.0], Train: total:6840.97070, BCE:-22.97896, KLD:6863.94775,Test: total:27144.91992, BCE:-23.37723, KLD:27168.30078
=> saved checkpoint 'checkpoints_CNN/mnist_VAE_s25_v20_PT/last' (iter 21060, epoch 78.0)
=> saved checkpoint 'checkpoint_scores_CNN/mnist_VAE_s25_v20_PT/last' (iter 21060, epoch 78.0)
EarlyStopping counter: 18 out of 25
[Save Checkpoint] epoch: [78.0], Train: total:6839.35498, BCE:-22.95774, KLD:6862.31299,Test: total:27137.93750, BCE:-23.35016, KLD:27161.28711
=> saved checkpoint 'checkpoints_CNN/mnist_VAE_s25_v20_PT/last' (iter 21330, epoch 79.0)
=> saved checkpoint 'checkpoint_scores_CNN/mnist_VAE_s25_v20_PT/last' (iter 21330, epoch 79.0)
EarlyStopping counter: 19 out of 25
[Save Checkpoint] epoch: [79.0], Train: total:6836.76221, BCE:-22.95941, KLD:6859.71826,Test: total:27127.84961, BCE:-23.34120, KLD:27151.19141
=> saved checkpoint 'checkpoints_CNN/mnist_VAE_s25_v20_PT/last' (iter 21600, epoch 80.0)
=> saved checkpoint 'checkpoint_scores_CNN/mnist_VAE_s25_v20_PT/last' (iter 21600, epoch 80.0)
EarlyStopping counter: 20 out of 25
[Save Checkpoint] epoch: [80.0], Train: total:6839.61572, BCE:-22.97174, KLD:6862.58594,Test: total:27139.15039, BCE:-23.36695, KLD:27162.51562
=> saved checkpoint 'checkpoints_CNN/mnist_VAE_s25_v20_PT/last' (iter 21870, epoch 81.0)
=> saved checkpoint 'checkpoint_scores_CNN/mnist_VAE_s25_v20_PT/last' (iter 21870, epoch 81.0)
EarlyStopping counter: 21 out of 25
[Save Checkpoint] epoch: [81.0], Train: total:6838.54639, BCE:-22.96880, KLD:6861.51562,Test: total:27134.59375, BCE:-23.37822, KLD:27157.97266
=> saved checkpoint 'checkpoints_CNN/mnist_VAE_s25_v20_PT/last' (iter 22140, epoch 82.0)
=> saved checkpoint 'checkpoint_scores_CNN/mnist_VAE_s25_v20_PT/last' (iter 22140, epoch 82.0)
EarlyStopping counter: 22 out of 25
[Save Checkpoint] epoch: [82.0], Train: total:6836.11816, BCE:-22.96215, KLD:6859.08545,Test: total:27125.23438, BCE:-23.36594, KLD:27148.60352
=> saved checkpoint 'checkpoints_CNN/mnist_VAE_s25_v20_PT/last' (iter 22410, epoch 83.0)
=> saved checkpoint 'checkpoint_scores_CNN/mnist_VAE_s25_v20_PT/last' (iter 22410, epoch 83.0)
EarlyStopping counter: 23 out of 25
[Save Checkpoint] epoch: [83.0], Train: total:6838.15723, BCE:-22.97165, KLD:6861.12695,Test: total:27133.28516, BCE:-23.36440, KLD:27156.64648
=> saved checkpoint 'checkpoints_CNN/mnist_VAE_s25_v20_PT/last' (iter 22680, epoch 84.0)
=> saved checkpoint 'checkpoint_scores_CNN/mnist_VAE_s25_v20_PT/last' (iter 22680, epoch 84.0)
EarlyStopping counter: 24 out of 25
[Save Checkpoint] epoch: [84.0], Train: total:6837.41553, BCE:-22.97507, KLD:6860.39453,Test: total:27130.22852, BCE:-23.39726, KLD:27153.62305
=> saved checkpoint 'checkpoints_CNN/mnist_VAE_s25_v20_PT/last' (iter 22950, epoch 85.0)
=> saved checkpoint 'checkpoint_scores_CNN/mnist_VAE_s25_v20_PT/last' (iter 22950, epoch 85.0)
EarlyStopping counter: 25 out of 25
[Save Checkpoint] epoch: [85.0], Train: total:6839.85596, BCE:-22.98035, KLD:6862.83594,Test: total:27139.83789, BCE:-23.39666, KLD:27163.23242
Early stopping
[Training Finished]
All done !
