46
--gpu_devices 0 --max_iter 100 --batch_size 250 --use_scheduler True --lr 1e-3 --GMP True --z_struct_size 15 --z_var_size 10 --is_VAE True --is_encoder_struct False --lambda_BCE 1 --beta 1 --big_kernel_size 8 --two_conv_layer True --three_conv_layer True --kernel_size_1 4 --kernel_size_2 4 --kernel_size_3 4 --BK_in_first_layer True --BK_in_second_layer False --BK_in_third_layer False --stride_size 1 --hidden_filters_layer1 64 --hidden_filters_layer2 64 --hidden_filters_layer3 64 --dataset_balanced True --binary_z True --binary_first_conv False --binary_second_conv False --binary_third_conv True --use_small_lr_encoder_var False --encoder_var_name None --encoder_struct_name mnist_ES_binary_15_Hmg_dst_4_2nd_test --freeze_Encoder True --size_average True --exp_name mnist_VAE_s15Hmg4_v10_size_avg
Namespace(BK_in_first_layer=True, BK_in_second_layer=False, BK_in_third_layer=False, BN=False, C_max=25, C_stop_iter=100000.0, E1_AE=False, E1_VAE=False, E1_conv=False, E1_dense=False, E1_second_conv=False, E1_second_conv_adapt=False, ES_reconstruction=False, EV_classifier=False, GMP=True, Hmg_dst_loss=False, IPC=False, L1_norm_act=False, L1_norm_weights=False, L2_dst_loss=False, L3_without_random=False, LOG_DIR='logs', PT_model=False, PT_model_EV_classifier=False, adapt_lr=False, add_classification_layer=True, add_dl_class=False, add_linear_after_GMP=True, add_z_struct_bottleneck=False, alpha=32, batch_size=250, beta=1.0, beta1=0.9, beta2=0.999, big_kernel=False, big_kernel_size=8, bin_after_GMP=False, binary_chain=False, binary_first_conv=False, binary_second_conv=False, binary_third_conv=True, binary_z=True, both_decoders_freeze=False, ckpt_dir='checkpoints_CNN', ckpt_dir_scores='checkpoint_scores_CNN', classif_layer_size=30, contrastive_loss=False, cuda=True, dataset='mnist', dataset_balanced=True, decoder_first_dense=36, decoder_kernel_size_1=4, decoder_kernel_size_2=3, decoder_kernel_size_3=4, decoder_n_filter_1=64, decoder_n_filter_2=64, decoder_n_filter_3=64, decoder_name='None', decoder_stride_1=2, decoder_stride_2=2, decoder_stride_3=1, diff_var=False, display_step=10000, dset_dir='data', encoder_struct_name='mnist_ES_binary_15_Hmg_dst_4_2nd_test', encoder_var_name='None', exp_name='mnist_VAE_s15Hmg4_v10_size_avg', fine_tune_decoder=False, freeze_Encoder=True, gamma=1000, gpu_devices=[0], grad_inv=False, hidden_dim=20, hidden_filters_layer1=64, hidden_filters_layer2=64, hidden_filters_layer3=64, image_size=64, intra_class_variance_loss=False, is_C=True, is_E1=False, is_VAE=True, is_VAE_var=False, is_binary_structural_latent=False, is_custom_model=False, is_custom_model_BK=False, is_default_model=False, is_encoder_struct=False, is_noise_stats=False, is_partial_rand_class=False, is_perturbed_score=False, is_zvar_sim_loss=False, just_train=False, kernel_size=4, kernel_size_1=4, kernel_size_2=4, kernel_size_3=4, lambda_BCE=1.0, lambda_EV_class=1, lambda_Kl_struct=1, lambda_Kl_var=1, lambda_L1=0.01, lambda_L2_dst=1, lambda_VAE=1, lambda_class=1, lambda_contrastive_loss=1, lambda_distance_mean=1, lambda_hmg_dst=1, lambda_intra_class_var=1, lambda_partial_class=1, lambda_ratio_reg=1, lambda_recon_wt_rand=1, lambda_recons=1, lambda_struct_recons_class=1, lambda_uniq_code_dst=1, lambda_var_distance=1, lambda_var_inter=1, lambda_var_intra=1, lambda_zvar_sim=1, latent_spec_cont=None, latent_spec_cont_class=None, latent_spec_cont_var=None, latent_spec_disc=None, latent_spec_disc_class=None, latent_spec_disc_var=None, log_level='info', loss='Proxy_Anchor', loss_ES_reconstruction=False, loss_distance_mean=False, loss_min_distance_cl=False, loss_struct_recons_class=False, lr=0.001, max_epoch_use_uniq_code_target=5, max_iter=100.0, model='CNN', mrg=0.1, nb_epochs_train_only_zvar=0, num_workers=2, old_weighted=False, optimizer='adamw', other_architecture=False, other_ratio=False, random_percentage=0.2, random_seed=10, randomness=True, ratio_reg=False, remark='', save_step=10000, second_layer_C=False, seed=1, size_average=True, stride_size=1, sz_embedding=5, three_conv_layer=True, train=True, train_var_struct_alternatively=False, two_conv_layer=True, two_encoder=False, uniq_code_dst_loss=False, use_VAE=False, use_decoder=False, use_early_stopping=True, use_scheduler=True, use_small_lr_encoder_var=False, use_structural_encoder=False, value_target_distance_mean=1, var_hidden_dim=256, var_hidden_filters_1=32, var_hidden_filters_2=32, var_hidden_filters_3=32, var_kernel_size_1=3, var_kernel_size_2=3, var_kernel_size_3=3, var_second_cnn_block=True, var_stride_size_1=1, var_stride_size_2=1, var_stride_size_3=1, var_third_cnn_block=False, var_three_conv_layer=False, warm=1, without_acc=False, z_struct_size=15, z_var_size=10, zeros_W_Classif=False, zvar_sim_change_zvar=False, zvar_sim_loss_for_all_model=False, zvar_sim_loss_only_for_encoder=False, zvar_sim_normal=False, zvar_sim_var_rand=False)
CUDA Visible devices !
[Using Seed: 10]
Balanced dataset loaded
VAE doesn't exist but encoder struct yes ! load struct encoder weighs !
=> loaded checkpoint 'checkpoints_CNN/mnist_ES_binary_15_Hmg_dst_4_2nd_test/last (iter 7020)'
Weighs loaded for struct encoder !
use 1 gpu who named: Tesla V100-SXM2-32GB
VAE(
  (encoder_struct): Sequential(
    (0): Conv2d(1, 64, kernel_size=(8, 8), stride=(1, 1))
    (1): BatchNorm2d(64, eps=1e-05, momentum=0.1, affine=True, track_running_stats=True)
    (2): ReLU(inplace=True)
    (3): Conv2d(64, 64, kernel_size=(4, 4), stride=(1, 1))
    (4): BatchNorm2d(64, eps=1e-05, momentum=0.1, affine=True, track_running_stats=True)
    (5): ReLU(inplace=True)
    (6): Conv2d(64, 15, kernel_size=(4, 4), stride=(1, 1))
    (7): BatchNorm2d(15, eps=1e-05, momentum=0.1, affine=True, track_running_stats=True)
    (8): ReLU(inplace=True)
    (9): AdaptiveMaxPool2d(output_size=(1, 1))
    (10): View()
    (11): DeterministicBinaryActivation(
      (act): Hardsigmoid(
        (act): Hardtanh(min_val=-1.0, max_val=1.0)
      )
    )
  )
  (decoder): Sequential(
    (0): Linear(in_features=25, out_features=1600, bias=True)
    (1): ReLU(inplace=True)
    (2): View()
    (3): ConvTranspose2d(64, 64, kernel_size=(4, 4), stride=(2, 2), padding=(1, 1))
    (4): ReLU(inplace=True)
    (5): ConvTranspose2d(64, 64, kernel_size=(3, 3), stride=(1, 1))
    (6): ReLU(inplace=True)
    (7): ConvTranspose2d(64, 32, kernel_size=(3, 3), stride=(1, 1))
    (8): ReLU(inplace=True)
    (9): ConvTranspose2d(32, 32, kernel_size=(4, 4), stride=(2, 2), padding=(1, 1))
    (10): ReLU(inplace=True)
    (11): ConvTranspose2d(32, 32, kernel_size=(3, 3), stride=(1, 1))
    (12): ReLU(inplace=True)
    (13): ConvTranspose2d(32, 1, kernel_size=(3, 3), stride=(1, 1))
    (14): Sigmoid()
  )
  (encoder_var): Sequential(
    (0): Conv2d(1, 32, kernel_size=(3, 3), stride=(1, 1))
    (1): ReLU(inplace=True)
    (2): BatchNorm2d(32, eps=1e-05, momentum=0.1, affine=True, track_running_stats=True)
    (3): Conv2d(32, 32, kernel_size=(3, 3), stride=(1, 1))
    (4): ReLU(inplace=True)
    (5): BatchNorm2d(32, eps=1e-05, momentum=0.1, affine=True, track_running_stats=True)
    (6): Conv2d(32, 32, kernel_size=(5, 5), stride=(2, 2), padding=(2, 2))
    (7): ReLU(inplace=True)
    (8): BatchNorm2d(32, eps=1e-05, momentum=0.1, affine=True, track_running_stats=True)
    (9): Dropout(p=0.4, inplace=False)
    (10): Conv2d(32, 64, kernel_size=(3, 3), stride=(1, 1))
    (11): ReLU(inplace=True)
    (12): BatchNorm2d(64, eps=1e-05, momentum=0.1, affine=True, track_running_stats=True)
    (13): Conv2d(64, 64, kernel_size=(3, 3), stride=(1, 1))
    (14): ReLU(inplace=True)
    (15): BatchNorm2d(64, eps=1e-05, momentum=0.1, affine=True, track_running_stats=True)
    (16): Conv2d(64, 64, kernel_size=(5, 5), stride=(2, 2), padding=(2, 2))
    (17): ReLU(inplace=True)
    (18): BatchNorm2d(64, eps=1e-05, momentum=0.1, affine=True, track_running_stats=True)
    (19): Dropout(p=0.4, inplace=False)
    (20): View()
    (21): Linear(in_features=1600, out_features=20, bias=True)
  )
)
The number of parameters of model is 499650
=> saved checkpoint 'checkpoints_CNN/mnist_VAE_s15Hmg4_v10_size_avg/last' (iter 270, epoch 1.0)
score:  0.0
score:  0.0
=> saved checkpoint 'checkpoint_scores_CNN/mnist_VAE_s15Hmg4_v10_size_avg/last' (iter 270, epoch 1.0)
[Save Checkpoint] epoch: [1.0], Train: total:6.16319, BCE:-12.88815, KLD:19.05133,Test: total:66.21593, BCE:-13.00626, KLD:79.22218
=> saved checkpoint 'checkpoints_CNN/mnist_VAE_s15Hmg4_v10_size_avg/last' (iter 540, epoch 2.0)
score:  0.0
score:  0.0
=> saved checkpoint 'checkpoint_scores_CNN/mnist_VAE_s15Hmg4_v10_size_avg/last' (iter 540, epoch 2.0)
[Save Checkpoint] epoch: [2.0], Train: total:-6.88033, BCE:-9.52914, KLD:2.64881,Test: total:1.51561, BCE:-9.58896, KLD:11.10457
=> saved checkpoint 'checkpoints_CNN/mnist_VAE_s15Hmg4_v10_size_avg/last' (iter 810, epoch 3.0)
score:  0.0
score:  0.0
=> saved checkpoint 'checkpoint_scores_CNN/mnist_VAE_s15Hmg4_v10_size_avg/last' (iter 810, epoch 3.0)
[Save Checkpoint] epoch: [3.0], Train: total:-8.73542, BCE:-9.88654, KLD:1.15113,Test: total:-5.08595, BCE:-9.94867, KLD:4.86272
=> saved checkpoint 'checkpoints_CNN/mnist_VAE_s15Hmg4_v10_size_avg/last' (iter 1080, epoch 4.0)
score:  0.0
score:  0.0
=> saved checkpoint 'checkpoint_scores_CNN/mnist_VAE_s15Hmg4_v10_size_avg/last' (iter 1080, epoch 4.0)
[Save Checkpoint] epoch: [4.0], Train: total:-7.27667, BCE:-7.83409, KLD:0.55742,Test: total:-5.58676, BCE:-7.89747, KLD:2.31071
=> saved checkpoint 'checkpoints_CNN/mnist_VAE_s15Hmg4_v10_size_avg/last' (iter 1350, epoch 5.0)
score:  0.0
score:  0.0
=> saved checkpoint 'checkpoint_scores_CNN/mnist_VAE_s15Hmg4_v10_size_avg/last' (iter 1350, epoch 5.0)
[Save Checkpoint] epoch: [5.0], Train: total:-6.83624, BCE:-7.55923, KLD:0.72299,Test: total:-4.50179, BCE:-7.62684, KLD:3.12505
=> saved checkpoint 'checkpoints_CNN/mnist_VAE_s15Hmg4_v10_size_avg/last' (iter 1620, epoch 6.0)
score:  0.0
score:  0.0
=> saved checkpoint 'checkpoint_scores_CNN/mnist_VAE_s15Hmg4_v10_size_avg/last' (iter 1620, epoch 6.0)
[Save Checkpoint] epoch: [6.0], Train: total:-7.21803, BCE:-7.85132, KLD:0.63328,Test: total:-5.21885, BCE:-7.92532, KLD:2.70647
=> saved checkpoint 'checkpoints_CNN/mnist_VAE_s15Hmg4_v10_size_avg/last' (iter 1890, epoch 7.0)
score:  0.0
score:  0.0
=> saved checkpoint 'checkpoint_scores_CNN/mnist_VAE_s15Hmg4_v10_size_avg/last' (iter 1890, epoch 7.0)
[Save Checkpoint] epoch: [7.0], Train: total:-7.31012, BCE:-8.05693, KLD:0.74681,Test: total:-4.92820, BCE:-8.12963, KLD:3.20143
=> saved checkpoint 'checkpoints_CNN/mnist_VAE_s15Hmg4_v10_size_avg/last' (iter 2160, epoch 8.0)
score:  0.0
score:  0.0
=> saved checkpoint 'checkpoint_scores_CNN/mnist_VAE_s15Hmg4_v10_size_avg/last' (iter 2160, epoch 8.0)
[Save Checkpoint] epoch: [8.0], Train: total:-6.66712, BCE:-8.03313, KLD:1.36601,Test: total:-2.40039, BCE:-8.10969, KLD:5.70930
=> saved checkpoint 'checkpoints_CNN/mnist_VAE_s15Hmg4_v10_size_avg/last' (iter 2430, epoch 9.0)
score:  0.0
score:  0.0
=> saved checkpoint 'checkpoint_scores_CNN/mnist_VAE_s15Hmg4_v10_size_avg/last' (iter 2430, epoch 9.0)
[Save Checkpoint] epoch: [9.0], Train: total:-7.02113, BCE:-7.63057, KLD:0.60943,Test: total:-5.20837, BCE:-7.71419, KLD:2.50582
=> saved checkpoint 'checkpoints_CNN/mnist_VAE_s15Hmg4_v10_size_avg/last' (iter 2700, epoch 10.0)
score:  0.0
score:  0.0
=> saved checkpoint 'checkpoint_scores_CNN/mnist_VAE_s15Hmg4_v10_size_avg/last' (iter 2700, epoch 10.0)
[Save Checkpoint] epoch: [10.0], Train: total:-7.12691, BCE:-7.87106, KLD:0.74415,Test: total:-4.83738, BCE:-7.95509, KLD:3.11771
=> saved checkpoint 'checkpoints_CNN/mnist_VAE_s15Hmg4_v10_size_avg/last' (iter 2970, epoch 11.0)
score:  0.0
score:  0.0
=> saved checkpoint 'checkpoint_scores_CNN/mnist_VAE_s15Hmg4_v10_size_avg/last' (iter 2970, epoch 11.0)
EarlyStopping counter: 1 out of 25
[Save Checkpoint] epoch: [11.0], Train: total:-6.97944, BCE:-8.02678, KLD:1.04733,Test: total:-3.76789, BCE:-8.12063, KLD:4.35275
=> saved checkpoint 'checkpoints_CNN/mnist_VAE_s15Hmg4_v10_size_avg/last' (iter 3240, epoch 12.0)
score:  0.0
score:  0.0
=> saved checkpoint 'checkpoint_scores_CNN/mnist_VAE_s15Hmg4_v10_size_avg/last' (iter 3240, epoch 12.0)
[Save Checkpoint] epoch: [12.0], Train: total:-7.07436, BCE:-8.21516, KLD:1.14081,Test: total:-3.65062, BCE:-8.32167, KLD:4.67105
=> saved checkpoint 'checkpoints_CNN/mnist_VAE_s15Hmg4_v10_size_avg/last' (iter 3510, epoch 13.0)
score:  0.0
score:  0.0
=> saved checkpoint 'checkpoint_scores_CNN/mnist_VAE_s15Hmg4_v10_size_avg/last' (iter 3510, epoch 13.0)
[Save Checkpoint] epoch: [13.0], Train: total:-7.92423, BCE:-8.56975, KLD:0.64551,Test: total:-5.97877, BCE:-8.69277, KLD:2.71400
=> saved checkpoint 'checkpoints_CNN/mnist_VAE_s15Hmg4_v10_size_avg/last' (iter 3780, epoch 14.0)
score:  0.0
score:  0.0
=> saved checkpoint 'checkpoint_scores_CNN/mnist_VAE_s15Hmg4_v10_size_avg/last' (iter 3780, epoch 14.0)
[Save Checkpoint] epoch: [14.0], Train: total:-8.54250, BCE:-8.95952, KLD:0.41702,Test: total:-7.33526, BCE:-9.09673, KLD:1.76147
=> saved checkpoint 'checkpoints_CNN/mnist_VAE_s15Hmg4_v10_size_avg/last' (iter 4050, epoch 15.0)
score:  0.0
score:  0.0
=> saved checkpoint 'checkpoint_scores_CNN/mnist_VAE_s15Hmg4_v10_size_avg/last' (iter 4050, epoch 15.0)
[Save Checkpoint] epoch: [15.0], Train: total:-8.82473, BCE:-9.33228, KLD:0.50755,Test: total:-7.25012, BCE:-9.47795, KLD:2.22783
=> saved checkpoint 'checkpoints_CNN/mnist_VAE_s15Hmg4_v10_size_avg/last' (iter 4320, epoch 16.0)
score:  0.0
score:  0.0
=> saved checkpoint 'checkpoint_scores_CNN/mnist_VAE_s15Hmg4_v10_size_avg/last' (iter 4320, epoch 16.0)
[Save Checkpoint] epoch: [16.0], Train: total:-9.25127, BCE:-9.81189, KLD:0.56062,Test: total:-7.60078, BCE:-9.95828, KLD:2.35750
=> saved checkpoint 'checkpoints_CNN/mnist_VAE_s15Hmg4_v10_size_avg/last' (iter 4590, epoch 17.0)
score:  0.0
score:  0.0
=> saved checkpoint 'checkpoint_scores_CNN/mnist_VAE_s15Hmg4_v10_size_avg/last' (iter 4590, epoch 17.0)
EarlyStopping counter: 1 out of 25
[Save Checkpoint] epoch: [17.0], Train: total:-9.87917, BCE:-10.28765, KLD:0.40849,Test: total:-8.73797, BCE:-10.44196, KLD:1.70399
=> saved checkpoint 'checkpoints_CNN/mnist_VAE_s15Hmg4_v10_size_avg/last' (iter 4860, epoch 18.0)
score:  0.0
score:  0.0
=> saved checkpoint 'checkpoint_scores_CNN/mnist_VAE_s15Hmg4_v10_size_avg/last' (iter 4860, epoch 18.0)
[Save Checkpoint] epoch: [18.0], Train: total:-10.26026, BCE:-10.50467, KLD:0.24442,Test: total:-9.63323, BCE:-10.66934, KLD:1.03611
=> saved checkpoint 'checkpoints_CNN/mnist_VAE_s15Hmg4_v10_size_avg/last' (iter 5130, epoch 19.0)
score:  0.0
score:  0.0
=> saved checkpoint 'checkpoint_scores_CNN/mnist_VAE_s15Hmg4_v10_size_avg/last' (iter 5130, epoch 19.0)
EarlyStopping counter: 1 out of 25
[Save Checkpoint] epoch: [19.0], Train: total:-10.10361, BCE:-10.45868, KLD:0.35507,Test: total:-9.13811, BCE:-10.63192, KLD:1.49380
=> saved checkpoint 'checkpoints_CNN/mnist_VAE_s15Hmg4_v10_size_avg/last' (iter 5400, epoch 20.0)
score:  0.0
score:  0.0
=> saved checkpoint 'checkpoint_scores_CNN/mnist_VAE_s15Hmg4_v10_size_avg/last' (iter 5400, epoch 20.0)
EarlyStopping counter: 2 out of 25
[Save Checkpoint] epoch: [20.0], Train: total:-10.42049, BCE:-11.11555, KLD:0.69506,Test: total:-8.38471, BCE:-11.30583, KLD:2.92111
=> saved checkpoint 'checkpoints_CNN/mnist_VAE_s15Hmg4_v10_size_avg/last' (iter 5670, epoch 21.0)
score:  0.0
score:  0.0
=> saved checkpoint 'checkpoint_scores_CNN/mnist_VAE_s15Hmg4_v10_size_avg/last' (iter 5670, epoch 21.0)
EarlyStopping counter: 3 out of 25
[Save Checkpoint] epoch: [21.0], Train: total:-11.17298, BCE:-11.38256, KLD:0.20958,Test: total:-10.71196, BCE:-11.57138, KLD:0.85942
=> saved checkpoint 'checkpoints_CNN/mnist_VAE_s15Hmg4_v10_size_avg/last' (iter 5940, epoch 22.0)
score:  0.0
score:  0.0
=> saved checkpoint 'checkpoint_scores_CNN/mnist_VAE_s15Hmg4_v10_size_avg/last' (iter 5940, epoch 22.0)
[Save Checkpoint] epoch: [22.0], Train: total:-11.00248, BCE:-11.46156, KLD:0.45908,Test: total:-9.87826, BCE:-11.67403, KLD:1.79578
=> saved checkpoint 'checkpoints_CNN/mnist_VAE_s15Hmg4_v10_size_avg/last' (iter 6210, epoch 23.0)
score:  0.0
score:  0.0
=> saved checkpoint 'checkpoint_scores_CNN/mnist_VAE_s15Hmg4_v10_size_avg/last' (iter 6210, epoch 23.0)
EarlyStopping counter: 1 out of 25
[Save Checkpoint] epoch: [23.0], Train: total:-11.82254, BCE:-11.96125, KLD:0.13870,Test: total:-11.59787, BCE:-12.16662, KLD:0.56875
=> saved checkpoint 'checkpoints_CNN/mnist_VAE_s15Hmg4_v10_size_avg/last' (iter 6480, epoch 24.0)
score:  0.0
score:  0.0
=> saved checkpoint 'checkpoint_scores_CNN/mnist_VAE_s15Hmg4_v10_size_avg/last' (iter 6480, epoch 24.0)
[Save Checkpoint] epoch: [24.0], Train: total:-12.02151, BCE:-12.13003, KLD:0.10852,Test: total:-11.91557, BCE:-12.34486, KLD:0.42929
=> saved checkpoint 'checkpoints_CNN/mnist_VAE_s15Hmg4_v10_size_avg/last' (iter 6750, epoch 25.0)
score:  0.0
score:  0.0
=> saved checkpoint 'checkpoint_scores_CNN/mnist_VAE_s15Hmg4_v10_size_avg/last' (iter 6750, epoch 25.0)
EarlyStopping counter: 1 out of 25
[Save Checkpoint] epoch: [25.0], Train: total:-12.05489, BCE:-12.29200, KLD:0.23711,Test: total:-11.57715, BCE:-12.51486, KLD:0.93772
=> saved checkpoint 'checkpoints_CNN/mnist_VAE_s15Hmg4_v10_size_avg/last' (iter 7020, epoch 26.0)
score:  0.0
score:  0.0
=> saved checkpoint 'checkpoint_scores_CNN/mnist_VAE_s15Hmg4_v10_size_avg/last' (iter 7020, epoch 26.0)
EarlyStopping counter: 2 out of 25
[Save Checkpoint] epoch: [26.0], Train: total:-12.05175, BCE:-12.24436, KLD:0.19260,Test: total:-11.65807, BCE:-12.46126, KLD:0.80319
=> saved checkpoint 'checkpoints_CNN/mnist_VAE_s15Hmg4_v10_size_avg/last' (iter 7290, epoch 27.0)
score:  0.0
score:  0.0
=> saved checkpoint 'checkpoint_scores_CNN/mnist_VAE_s15Hmg4_v10_size_avg/last' (iter 7290, epoch 27.0)
[Save Checkpoint] epoch: [27.0], Train: total:-12.22505, BCE:-12.37357, KLD:0.14853,Test: total:-11.99720, BCE:-12.59900, KLD:0.60180
=> saved checkpoint 'checkpoints_CNN/mnist_VAE_s15Hmg4_v10_size_avg/last' (iter 7560, epoch 28.0)
score:  0.0
score:  0.0
=> saved checkpoint 'checkpoint_scores_CNN/mnist_VAE_s15Hmg4_v10_size_avg/last' (iter 7560, epoch 28.0)
EarlyStopping counter: 1 out of 25
[Save Checkpoint] epoch: [28.0], Train: total:-12.12369, BCE:-12.28959, KLD:0.16591,Test: total:-11.84944, BCE:-12.51388, KLD:0.66444
=> saved checkpoint 'checkpoints_CNN/mnist_VAE_s15Hmg4_v10_size_avg/last' (iter 7830, epoch 29.0)
score:  0.0
score:  0.0
=> saved checkpoint 'checkpoint_scores_CNN/mnist_VAE_s15Hmg4_v10_size_avg/last' (iter 7830, epoch 29.0)
EarlyStopping counter: 2 out of 25
[Save Checkpoint] epoch: [29.0], Train: total:-12.15858, BCE:-12.54605, KLD:0.38747,Test: total:-11.20323, BCE:-12.77451, KLD:1.57128
=> saved checkpoint 'checkpoints_CNN/mnist_VAE_s15Hmg4_v10_size_avg/last' (iter 8100, epoch 30.0)
score:  0.0
score:  0.0
=> saved checkpoint 'checkpoint_scores_CNN/mnist_VAE_s15Hmg4_v10_size_avg/last' (iter 8100, epoch 30.0)
[Save Checkpoint] epoch: [30.0], Train: total:-12.53508, BCE:-12.62783, KLD:0.09275,Test: total:-12.47323, BCE:-12.84807, KLD:0.37484
=> saved checkpoint 'checkpoints_CNN/mnist_VAE_s15Hmg4_v10_size_avg/last' (iter 8370, epoch 31.0)
score:  0.0
score:  0.0
=> saved checkpoint 'checkpoint_scores_CNN/mnist_VAE_s15Hmg4_v10_size_avg/last' (iter 8370, epoch 31.0)
EarlyStopping counter: 1 out of 25
[Save Checkpoint] epoch: [31.0], Train: total:-12.43670, BCE:-12.67866, KLD:0.24196,Test: total:-11.92470, BCE:-12.90160, KLD:0.97690
=> saved checkpoint 'checkpoints_CNN/mnist_VAE_s15Hmg4_v10_size_avg/last' (iter 8640, epoch 32.0)
score:  0.0
score:  0.0
=> saved checkpoint 'checkpoint_scores_CNN/mnist_VAE_s15Hmg4_v10_size_avg/last' (iter 8640, epoch 32.0)
[Save Checkpoint] epoch: [32.0], Train: total:-12.77514, BCE:-12.88290, KLD:0.10776,Test: total:-12.66026, BCE:-13.10268, KLD:0.44243
=> saved checkpoint 'checkpoints_CNN/mnist_VAE_s15Hmg4_v10_size_avg/last' (iter 8910, epoch 33.0)
score:  0.0
score:  0.0
=> saved checkpoint 'checkpoint_scores_CNN/mnist_VAE_s15Hmg4_v10_size_avg/last' (iter 8910, epoch 33.0)
[Save Checkpoint] epoch: [33.0], Train: total:-13.13996, BCE:-13.20149, KLD:0.06153,Test: total:-13.17169, BCE:-13.42623, KLD:0.25454
=> saved checkpoint 'checkpoints_CNN/mnist_VAE_s15Hmg4_v10_size_avg/last' (iter 9180, epoch 34.0)
score:  0.0
score:  0.0
=> saved checkpoint 'checkpoint_scores_CNN/mnist_VAE_s15Hmg4_v10_size_avg/last' (iter 9180, epoch 34.0)
EarlyStopping counter: 1 out of 25
[Save Checkpoint] epoch: [34.0], Train: total:-12.83403, BCE:-12.94553, KLD:0.11151,Test: total:-12.71980, BCE:-13.16463, KLD:0.44483
=> saved checkpoint 'checkpoints_CNN/mnist_VAE_s15Hmg4_v10_size_avg/last' (iter 9450, epoch 35.0)
score:  0.0
score:  0.0
=> saved checkpoint 'checkpoint_scores_CNN/mnist_VAE_s15Hmg4_v10_size_avg/last' (iter 9450, epoch 35.0)
[Save Checkpoint] epoch: [35.0], Train: total:-12.63840, BCE:-12.71985, KLD:0.08145,Test: total:-12.60578, BCE:-12.93660, KLD:0.33082
=> saved checkpoint 'checkpoints_CNN/mnist_VAE_s15Hmg4_v10_size_avg/last' (iter 9720, epoch 36.0)
score:  0.0
score:  0.0
=> saved checkpoint 'checkpoint_scores_CNN/mnist_VAE_s15Hmg4_v10_size_avg/last' (iter 9720, epoch 36.0)
[Save Checkpoint] epoch: [36.0], Train: total:-12.70157, BCE:-12.73850, KLD:0.03694,Test: total:-12.80583, BCE:-12.95646, KLD:0.15063
=> saved checkpoint 'checkpoints_CNN/mnist_VAE_s15Hmg4_v10_size_avg/last' (iter 9990, epoch 37.0)
score:  0.0
score:  0.0
=> saved checkpoint 'checkpoint_scores_CNN/mnist_VAE_s15Hmg4_v10_size_avg/last' (iter 9990, epoch 37.0)
EarlyStopping counter: 1 out of 25
[Save Checkpoint] epoch: [37.0], Train: total:-13.00173, BCE:-13.03246, KLD:0.03073,Test: total:-13.13273, BCE:-13.25293, KLD:0.12020
=> saved checkpoint 'checkpoints_CNN/mnist_VAE_s15Hmg4_v10_size_avg/last' (iter 10260, epoch 38.0)
score:  0.0
score:  0.0
=> saved checkpoint 'checkpoint_scores_CNN/mnist_VAE_s15Hmg4_v10_size_avg/last' (iter 10260, epoch 38.0)
[Save Checkpoint] epoch: [38.0], Train: total:-12.74994, BCE:-12.79187, KLD:0.04193,Test: total:-12.83212, BCE:-13.00439, KLD:0.17227
=> saved checkpoint 'checkpoints_CNN/mnist_VAE_s15Hmg4_v10_size_avg/last' (iter 10530, epoch 39.0)
score:  0.0
score:  0.0
=> saved checkpoint 'checkpoint_scores_CNN/mnist_VAE_s15Hmg4_v10_size_avg/last' (iter 10530, epoch 39.0)
EarlyStopping counter: 1 out of 25
[Save Checkpoint] epoch: [39.0], Train: total:-13.26745, BCE:-13.30371, KLD:0.03627,Test: total:-13.37956, BCE:-13.52303, KLD:0.14347
=> saved checkpoint 'checkpoints_CNN/mnist_VAE_s15Hmg4_v10_size_avg/last' (iter 10800, epoch 40.0)
score:  0.0
score:  0.0
=> saved checkpoint 'checkpoint_scores_CNN/mnist_VAE_s15Hmg4_v10_size_avg/last' (iter 10800, epoch 40.0)
EarlyStopping counter: 2 out of 25
[Save Checkpoint] epoch: [40.0], Train: total:-13.10205, BCE:-13.17477, KLD:0.07272,Test: total:-13.08045, BCE:-13.38350, KLD:0.30305
=> saved checkpoint 'checkpoints_CNN/mnist_VAE_s15Hmg4_v10_size_avg/last' (iter 11070, epoch 41.0)
score:  0.0
score:  0.0
=> saved checkpoint 'checkpoint_scores_CNN/mnist_VAE_s15Hmg4_v10_size_avg/last' (iter 11070, epoch 41.0)
EarlyStopping counter: 3 out of 25
[Save Checkpoint] epoch: [41.0], Train: total:-11.88439, BCE:-13.34543, KLD:1.46104,Test: total:-7.52509, BCE:-13.56089, KLD:6.03579
=> saved checkpoint 'checkpoints_CNN/mnist_VAE_s15Hmg4_v10_size_avg/last' (iter 11340, epoch 42.0)
score:  0.0
score:  0.0
=> saved checkpoint 'checkpoint_scores_CNN/mnist_VAE_s15Hmg4_v10_size_avg/last' (iter 11340, epoch 42.0)
EarlyStopping counter: 4 out of 25
[Save Checkpoint] epoch: [42.0], Train: total:-13.42210, BCE:-13.43535, KLD:0.01324,Test: total:-13.60541, BCE:-13.64427, KLD:0.03887
Epoch    43: reducing learning rate of group 0 to 2.0000e-04.
=> saved checkpoint 'checkpoints_CNN/mnist_VAE_s15Hmg4_v10_size_avg/last' (iter 11610, epoch 43.0)
score:  0.0
score:  0.0
=> saved checkpoint 'checkpoint_scores_CNN/mnist_VAE_s15Hmg4_v10_size_avg/last' (iter 11610, epoch 43.0)
EarlyStopping counter: 5 out of 25
[Save Checkpoint] epoch: [43.0], Train: total:-13.64244, BCE:-13.64853, KLD:0.00609,Test: total:-13.83048, BCE:-13.85310, KLD:0.02261
=> saved checkpoint 'checkpoints_CNN/mnist_VAE_s15Hmg4_v10_size_avg/last' (iter 11880, epoch 44.0)
score:  0.0
score:  0.0
=> saved checkpoint 'checkpoint_scores_CNN/mnist_VAE_s15Hmg4_v10_size_avg/last' (iter 11880, epoch 44.0)
EarlyStopping counter: 6 out of 25
[Save Checkpoint] epoch: [44.0], Train: total:-13.38504, BCE:-13.38628, KLD:0.00124,Test: total:-13.59906, BCE:-13.60257, KLD:0.00351
=> saved checkpoint 'checkpoints_CNN/mnist_VAE_s15Hmg4_v10_size_avg/last' (iter 12150, epoch 45.0)
score:  0.0
score:  0.0
=> saved checkpoint 'checkpoint_scores_CNN/mnist_VAE_s15Hmg4_v10_size_avg/last' (iter 12150, epoch 45.0)
EarlyStopping counter: 7 out of 25
[Save Checkpoint] epoch: [45.0], Train: total:-13.31629, BCE:-13.31728, KLD:0.00099,Test: total:-13.53554, BCE:-13.53823, KLD:0.00268
=> saved checkpoint 'checkpoints_CNN/mnist_VAE_s15Hmg4_v10_size_avg/last' (iter 12420, epoch 46.0)
score:  0.0
score:  0.0
=> saved checkpoint 'checkpoint_scores_CNN/mnist_VAE_s15Hmg4_v10_size_avg/last' (iter 12420, epoch 46.0)
EarlyStopping counter: 8 out of 25
[Save Checkpoint] epoch: [46.0], Train: total:-13.29195, BCE:-13.29298, KLD:0.00103,Test: total:-13.50279, BCE:-13.50539, KLD:0.00261
=> saved checkpoint 'checkpoints_CNN/mnist_VAE_s15Hmg4_v10_size_avg/last' (iter 12690, epoch 47.0)
score:  0.0
score:  0.0
=> saved checkpoint 'checkpoint_scores_CNN/mnist_VAE_s15Hmg4_v10_size_avg/last' (iter 12690, epoch 47.0)
EarlyStopping counter: 9 out of 25
[Save Checkpoint] epoch: [47.0], Train: total:-13.35238, BCE:-13.35363, KLD:0.00125,Test: total:-13.56423, BCE:-13.56800, KLD:0.00377
Epoch    48: reducing learning rate of group 0 to 4.0000e-05.
=> saved checkpoint 'checkpoints_CNN/mnist_VAE_s15Hmg4_v10_size_avg/last' (iter 12960, epoch 48.0)
score:  0.0
score:  0.0
=> saved checkpoint 'checkpoint_scores_CNN/mnist_VAE_s15Hmg4_v10_size_avg/last' (iter 12960, epoch 48.0)
EarlyStopping counter: 10 out of 25
[Save Checkpoint] epoch: [48.0], Train: total:-13.35762, BCE:-13.35930, KLD:0.00168,Test: total:-13.56481, BCE:-13.57047, KLD:0.00566
=> saved checkpoint 'checkpoints_CNN/mnist_VAE_s15Hmg4_v10_size_avg/last' (iter 13230, epoch 49.0)
score:  0.0
score:  0.0
=> saved checkpoint 'checkpoint_scores_CNN/mnist_VAE_s15Hmg4_v10_size_avg/last' (iter 13230, epoch 49.0)
EarlyStopping counter: 11 out of 25
[Save Checkpoint] epoch: [49.0], Train: total:-13.42612, BCE:-13.42659, KLD:0.00048,Test: total:-13.63277, BCE:-13.63368, KLD:0.00091
=> saved checkpoint 'checkpoints_CNN/mnist_VAE_s15Hmg4_v10_size_avg/last' (iter 13500, epoch 50.0)
score:  0.0
score:  0.0
=> saved checkpoint 'checkpoint_scores_CNN/mnist_VAE_s15Hmg4_v10_size_avg/last' (iter 13500, epoch 50.0)
EarlyStopping counter: 12 out of 25
[Save Checkpoint] epoch: [50.0], Train: total:-13.41210, BCE:-13.41273, KLD:0.00063,Test: total:-13.62231, BCE:-13.62297, KLD:0.00066
=> saved checkpoint 'checkpoints_CNN/mnist_VAE_s15Hmg4_v10_size_avg/last' (iter 13770, epoch 51.0)
score:  0.0
score:  0.0
=> saved checkpoint 'checkpoint_scores_CNN/mnist_VAE_s15Hmg4_v10_size_avg/last' (iter 13770, epoch 51.0)
EarlyStopping counter: 13 out of 25
[Save Checkpoint] epoch: [51.0], Train: total:-13.39071, BCE:-13.39097, KLD:0.00026,Test: total:-13.60362, BCE:-13.60443, KLD:0.00082
=> saved checkpoint 'checkpoints_CNN/mnist_VAE_s15Hmg4_v10_size_avg/last' (iter 14040, epoch 52.0)
score:  0.0
score:  0.0
=> saved checkpoint 'checkpoint_scores_CNN/mnist_VAE_s15Hmg4_v10_size_avg/last' (iter 14040, epoch 52.0)
EarlyStopping counter: 14 out of 25
[Save Checkpoint] epoch: [52.0], Train: total:-13.36412, BCE:-13.36435, KLD:0.00022,Test: total:-13.57669, BCE:-13.57734, KLD:0.00065
Epoch    53: reducing learning rate of group 0 to 8.0000e-06.
=> saved checkpoint 'checkpoints_CNN/mnist_VAE_s15Hmg4_v10_size_avg/last' (iter 14310, epoch 53.0)
score:  0.0
score:  0.0
=> saved checkpoint 'checkpoint_scores_CNN/mnist_VAE_s15Hmg4_v10_size_avg/last' (iter 14310, epoch 53.0)
EarlyStopping counter: 15 out of 25
[Save Checkpoint] epoch: [53.0], Train: total:-13.39823, BCE:-13.39847, KLD:0.00024,Test: total:-13.60914, BCE:-13.60992, KLD:0.00078
=> saved checkpoint 'checkpoints_CNN/mnist_VAE_s15Hmg4_v10_size_avg/last' (iter 14580, epoch 54.0)
score:  0.0
score:  0.0
=> saved checkpoint 'checkpoint_scores_CNN/mnist_VAE_s15Hmg4_v10_size_avg/last' (iter 14580, epoch 54.0)
EarlyStopping counter: 16 out of 25
[Save Checkpoint] epoch: [54.0], Train: total:-13.36295, BCE:-13.36311, KLD:0.00016,Test: total:-13.57978, BCE:-13.58020, KLD:0.00042
=> saved checkpoint 'checkpoints_CNN/mnist_VAE_s15Hmg4_v10_size_avg/last' (iter 14850, epoch 55.0)
score:  0.0
score:  0.0
=> saved checkpoint 'checkpoint_scores_CNN/mnist_VAE_s15Hmg4_v10_size_avg/last' (iter 14850, epoch 55.0)
EarlyStopping counter: 17 out of 25
[Save Checkpoint] epoch: [55.0], Train: total:-13.35730, BCE:-13.35747, KLD:0.00018,Test: total:-13.56503, BCE:-13.56552, KLD:0.00050
=> saved checkpoint 'checkpoints_CNN/mnist_VAE_s15Hmg4_v10_size_avg/last' (iter 15120, epoch 56.0)
score:  0.0
score:  0.0
=> saved checkpoint 'checkpoint_scores_CNN/mnist_VAE_s15Hmg4_v10_size_avg/last' (iter 15120, epoch 56.0)
[Save Checkpoint] epoch: [56.0], Train: total:-13.35077, BCE:-13.35093, KLD:0.00016,Test: total:-13.55878, BCE:-13.55920, KLD:0.00042
=> saved checkpoint 'checkpoints_CNN/mnist_VAE_s15Hmg4_v10_size_avg/last' (iter 15390, epoch 57.0)
score:  0.0
score:  0.0
=> saved checkpoint 'checkpoint_scores_CNN/mnist_VAE_s15Hmg4_v10_size_avg/last' (iter 15390, epoch 57.0)
EarlyStopping counter: 1 out of 25
[Save Checkpoint] epoch: [57.0], Train: total:-13.35499, BCE:-13.35514, KLD:0.00015,Test: total:-13.56579, BCE:-13.56620, KLD:0.00041
Epoch    58: reducing learning rate of group 0 to 1.6000e-06.
=> saved checkpoint 'checkpoints_CNN/mnist_VAE_s15Hmg4_v10_size_avg/last' (iter 15660, epoch 58.0)
score:  0.0
score:  0.0
=> saved checkpoint 'checkpoint_scores_CNN/mnist_VAE_s15Hmg4_v10_size_avg/last' (iter 15660, epoch 58.0)
[Save Checkpoint] epoch: [58.0], Train: total:-13.35198, BCE:-13.35214, KLD:0.00016,Test: total:-13.56469, BCE:-13.56514, KLD:0.00045
=> saved checkpoint 'checkpoints_CNN/mnist_VAE_s15Hmg4_v10_size_avg/last' (iter 15930, epoch 59.0)
score:  0.0
score:  0.0
=> saved checkpoint 'checkpoint_scores_CNN/mnist_VAE_s15Hmg4_v10_size_avg/last' (iter 15930, epoch 59.0)
EarlyStopping counter: 1 out of 25
[Save Checkpoint] epoch: [59.0], Train: total:-13.35110, BCE:-13.35122, KLD:0.00012,Test: total:-13.55768, BCE:-13.55794, KLD:0.00026
=> saved checkpoint 'checkpoints_CNN/mnist_VAE_s15Hmg4_v10_size_avg/last' (iter 16200, epoch 60.0)
score:  0.0
score:  0.0
=> saved checkpoint 'checkpoint_scores_CNN/mnist_VAE_s15Hmg4_v10_size_avg/last' (iter 16200, epoch 60.0)
EarlyStopping counter: 2 out of 25
[Save Checkpoint] epoch: [60.0], Train: total:-13.35057, BCE:-13.35069, KLD:0.00012,Test: total:-13.56213, BCE:-13.56241, KLD:0.00028
=> saved checkpoint 'checkpoints_CNN/mnist_VAE_s15Hmg4_v10_size_avg/last' (iter 16470, epoch 61.0)
score:  0.0
score:  0.0
=> saved checkpoint 'checkpoint_scores_CNN/mnist_VAE_s15Hmg4_v10_size_avg/last' (iter 16470, epoch 61.0)
[Save Checkpoint] epoch: [61.0], Train: total:-13.35148, BCE:-13.35160, KLD:0.00012,Test: total:-13.56149, BCE:-13.56177, KLD:0.00027
=> saved checkpoint 'checkpoints_CNN/mnist_VAE_s15Hmg4_v10_size_avg/last' (iter 16740, epoch 62.0)
score:  0.0
score:  0.0
=> saved checkpoint 'checkpoint_scores_CNN/mnist_VAE_s15Hmg4_v10_size_avg/last' (iter 16740, epoch 62.0)
[Save Checkpoint] epoch: [62.0], Train: total:-13.34968, BCE:-13.34981, KLD:0.00013,Test: total:-13.55538, BCE:-13.55572, KLD:0.00034
=> saved checkpoint 'checkpoints_CNN/mnist_VAE_s15Hmg4_v10_size_avg/last' (iter 17010, epoch 63.0)
score:  0.0
score:  0.0
=> saved checkpoint 'checkpoint_scores_CNN/mnist_VAE_s15Hmg4_v10_size_avg/last' (iter 17010, epoch 63.0)
EarlyStopping counter: 1 out of 25
[Save Checkpoint] epoch: [63.0], Train: total:-13.35039, BCE:-13.35050, KLD:0.00013,Test: total:-13.56530, BCE:-13.56560, KLD:0.00030
=> saved checkpoint 'checkpoints_CNN/mnist_VAE_s15Hmg4_v10_size_avg/last' (iter 17280, epoch 64.0)
score:  0.0
score:  0.0
=> saved checkpoint 'checkpoint_scores_CNN/mnist_VAE_s15Hmg4_v10_size_avg/last' (iter 17280, epoch 64.0)
EarlyStopping counter: 2 out of 25
[Save Checkpoint] epoch: [64.0], Train: total:-13.35019, BCE:-13.35033, KLD:0.00014,Test: total:-13.55746, BCE:-13.55781, KLD:0.00035
=> saved checkpoint 'checkpoints_CNN/mnist_VAE_s15Hmg4_v10_size_avg/last' (iter 17550, epoch 65.0)
score:  0.0
score:  0.0
=> saved checkpoint 'checkpoint_scores_CNN/mnist_VAE_s15Hmg4_v10_size_avg/last' (iter 17550, epoch 65.0)
EarlyStopping counter: 3 out of 25
[Save Checkpoint] epoch: [65.0], Train: total:-13.34851, BCE:-13.34866, KLD:0.00014,Test: total:-13.56183, BCE:-13.56218, KLD:0.00035
=> saved checkpoint 'checkpoints_CNN/mnist_VAE_s15Hmg4_v10_size_avg/last' (iter 17820, epoch 66.0)
score:  0.0
score:  0.0
=> saved checkpoint 'checkpoint_scores_CNN/mnist_VAE_s15Hmg4_v10_size_avg/last' (iter 17820, epoch 66.0)
EarlyStopping counter: 4 out of 25
[Save Checkpoint] epoch: [66.0], Train: total:-13.34961, BCE:-13.34975, KLD:0.00014,Test: total:-13.55532, BCE:-13.55567, KLD:0.00035
Epoch    67: reducing learning rate of group 0 to 1.0000e-06.
=> saved checkpoint 'checkpoints_CNN/mnist_VAE_s15Hmg4_v10_size_avg/last' (iter 18090, epoch 67.0)
score:  0.0
score:  0.0
=> saved checkpoint 'checkpoint_scores_CNN/mnist_VAE_s15Hmg4_v10_size_avg/last' (iter 18090, epoch 67.0)
EarlyStopping counter: 5 out of 25
[Save Checkpoint] epoch: [67.0], Train: total:-13.34638, BCE:-13.34651, KLD:0.00013,Test: total:-13.55552, BCE:-13.55586, KLD:0.00034
=> saved checkpoint 'checkpoints_CNN/mnist_VAE_s15Hmg4_v10_size_avg/last' (iter 18360, epoch 68.0)
score:  0.0
score:  0.0
=> saved checkpoint 'checkpoint_scores_CNN/mnist_VAE_s15Hmg4_v10_size_avg/last' (iter 18360, epoch 68.0)
EarlyStopping counter: 6 out of 25
[Save Checkpoint] epoch: [68.0], Train: total:-13.34365, BCE:-13.34378, KLD:0.00013,Test: total:-13.55559, BCE:-13.55591, KLD:0.00032
=> saved checkpoint 'checkpoints_CNN/mnist_VAE_s15Hmg4_v10_size_avg/last' (iter 18630, epoch 69.0)
score:  0.0
score:  0.0
=> saved checkpoint 'checkpoint_scores_CNN/mnist_VAE_s15Hmg4_v10_size_avg/last' (iter 18630, epoch 69.0)
EarlyStopping counter: 7 out of 25
[Save Checkpoint] epoch: [69.0], Train: total:-13.34248, BCE:-13.34260, KLD:0.00012,Test: total:-13.55630, BCE:-13.55658, KLD:0.00028
=> saved checkpoint 'checkpoints_CNN/mnist_VAE_s15Hmg4_v10_size_avg/last' (iter 18900, epoch 70.0)
score:  0.0
score:  0.0
=> saved checkpoint 'checkpoint_scores_CNN/mnist_VAE_s15Hmg4_v10_size_avg/last' (iter 18900, epoch 70.0)
EarlyStopping counter: 8 out of 25
[Save Checkpoint] epoch: [70.0], Train: total:-13.34414, BCE:-13.34426, KLD:0.00012,Test: total:-13.55098, BCE:-13.55127, KLD:0.00029
=> saved checkpoint 'checkpoints_CNN/mnist_VAE_s15Hmg4_v10_size_avg/last' (iter 19170, epoch 71.0)
score:  0.0
score:  0.0
=> saved checkpoint 'checkpoint_scores_CNN/mnist_VAE_s15Hmg4_v10_size_avg/last' (iter 19170, epoch 71.0)
EarlyStopping counter: 9 out of 25
[Save Checkpoint] epoch: [71.0], Train: total:-13.34649, BCE:-13.34661, KLD:0.00012,Test: total:-13.55258, BCE:-13.55286, KLD:0.00029
=> saved checkpoint 'checkpoints_CNN/mnist_VAE_s15Hmg4_v10_size_avg/last' (iter 19440, epoch 72.0)
score:  0.0
score:  0.0
=> saved checkpoint 'checkpoint_scores_CNN/mnist_VAE_s15Hmg4_v10_size_avg/last' (iter 19440, epoch 72.0)
[Save Checkpoint] epoch: [72.0], Train: total:-13.34430, BCE:-13.34442, KLD:0.00012,Test: total:-13.55859, BCE:-13.55887, KLD:0.00029
=> saved checkpoint 'checkpoints_CNN/mnist_VAE_s15Hmg4_v10_size_avg/last' (iter 19710, epoch 73.0)
score:  0.0
score:  0.0
=> saved checkpoint 'checkpoint_scores_CNN/mnist_VAE_s15Hmg4_v10_size_avg/last' (iter 19710, epoch 73.0)
EarlyStopping counter: 1 out of 25
[Save Checkpoint] epoch: [73.0], Train: total:-13.34292, BCE:-13.34304, KLD:0.00011,Test: total:-13.55170, BCE:-13.55196, KLD:0.00026
=> saved checkpoint 'checkpoints_CNN/mnist_VAE_s15Hmg4_v10_size_avg/last' (iter 19980, epoch 74.0)
score:  0.0
score:  0.0
=> saved checkpoint 'checkpoint_scores_CNN/mnist_VAE_s15Hmg4_v10_size_avg/last' (iter 19980, epoch 74.0)
EarlyStopping counter: 2 out of 25
[Save Checkpoint] epoch: [74.0], Train: total:-13.34201, BCE:-13.34212, KLD:0.00011,Test: total:-13.55026, BCE:-13.55052, KLD:0.00026
=> saved checkpoint 'checkpoints_CNN/mnist_VAE_s15Hmg4_v10_size_avg/last' (iter 20250, epoch 75.0)
score:  0.0
score:  0.0
=> saved checkpoint 'checkpoint_scores_CNN/mnist_VAE_s15Hmg4_v10_size_avg/last' (iter 20250, epoch 75.0)
EarlyStopping counter: 3 out of 25
[Save Checkpoint] epoch: [75.0], Train: total:-13.34294, BCE:-13.34305, KLD:0.00011,Test: total:-13.55456, BCE:-13.55482, KLD:0.00026
=> saved checkpoint 'checkpoints_CNN/mnist_VAE_s15Hmg4_v10_size_avg/last' (iter 20520, epoch 76.0)
score:  0.0
score:  0.0
=> saved checkpoint 'checkpoint_scores_CNN/mnist_VAE_s15Hmg4_v10_size_avg/last' (iter 20520, epoch 76.0)
EarlyStopping counter: 4 out of 25
[Save Checkpoint] epoch: [76.0], Train: total:-13.34189, BCE:-13.34200, KLD:0.00011,Test: total:-13.55785, BCE:-13.55812, KLD:0.00028
=> saved checkpoint 'checkpoints_CNN/mnist_VAE_s15Hmg4_v10_size_avg/last' (iter 20790, epoch 77.0)
score:  0.0
score:  0.0
=> saved checkpoint 'checkpoint_scores_CNN/mnist_VAE_s15Hmg4_v10_size_avg/last' (iter 20790, epoch 77.0)
EarlyStopping counter: 5 out of 25
[Save Checkpoint] epoch: [77.0], Train: total:-13.34144, BCE:-13.34155, KLD:0.00011,Test: total:-13.55201, BCE:-13.55229, KLD:0.00028
=> saved checkpoint 'checkpoints_CNN/mnist_VAE_s15Hmg4_v10_size_avg/last' (iter 21060, epoch 78.0)
score:  0.0
score:  0.0
=> saved checkpoint 'checkpoint_scores_CNN/mnist_VAE_s15Hmg4_v10_size_avg/last' (iter 21060, epoch 78.0)
EarlyStopping counter: 6 out of 25
[Save Checkpoint] epoch: [78.0], Train: total:-13.34354, BCE:-13.34366, KLD:0.00012,Test: total:-13.55565, BCE:-13.55593, KLD:0.00029
=> saved checkpoint 'checkpoints_CNN/mnist_VAE_s15Hmg4_v10_size_avg/last' (iter 21330, epoch 79.0)
score:  0.0
score:  0.0
=> saved checkpoint 'checkpoint_scores_CNN/mnist_VAE_s15Hmg4_v10_size_avg/last' (iter 21330, epoch 79.0)
EarlyStopping counter: 7 out of 25
[Save Checkpoint] epoch: [79.0], Train: total:-13.34405, BCE:-13.34417, KLD:0.00012,Test: total:-13.54523, BCE:-13.54552, KLD:0.00029
=> saved checkpoint 'checkpoints_CNN/mnist_VAE_s15Hmg4_v10_size_avg/last' (iter 21600, epoch 80.0)
score:  0.0
score:  0.0
=> saved checkpoint 'checkpoint_scores_CNN/mnist_VAE_s15Hmg4_v10_size_avg/last' (iter 21600, epoch 80.0)
EarlyStopping counter: 8 out of 25
[Save Checkpoint] epoch: [80.0], Train: total:-13.34505, BCE:-13.34516, KLD:0.00011,Test: total:-13.54924, BCE:-13.54953, KLD:0.00029
=> saved checkpoint 'checkpoints_CNN/mnist_VAE_s15Hmg4_v10_size_avg/last' (iter 21870, epoch 81.0)
score:  0.0
score:  0.0
=> saved checkpoint 'checkpoint_scores_CNN/mnist_VAE_s15Hmg4_v10_size_avg/last' (iter 21870, epoch 81.0)
EarlyStopping counter: 9 out of 25
[Save Checkpoint] epoch: [81.0], Train: total:-13.34357, BCE:-13.34367, KLD:0.00010,Test: total:-13.55830, BCE:-13.55854, KLD:0.00024
=> saved checkpoint 'checkpoints_CNN/mnist_VAE_s15Hmg4_v10_size_avg/last' (iter 22140, epoch 82.0)
score:  0.0
score:  0.0
=> saved checkpoint 'checkpoint_scores_CNN/mnist_VAE_s15Hmg4_v10_size_avg/last' (iter 22140, epoch 82.0)
EarlyStopping counter: 10 out of 25
[Save Checkpoint] epoch: [82.0], Train: total:-13.34531, BCE:-13.34541, KLD:0.00010,Test: total:-13.54914, BCE:-13.54937, KLD:0.00024
=> saved checkpoint 'checkpoints_CNN/mnist_VAE_s15Hmg4_v10_size_avg/last' (iter 22410, epoch 83.0)
score:  0.0
score:  0.0
=> saved checkpoint 'checkpoint_scores_CNN/mnist_VAE_s15Hmg4_v10_size_avg/last' (iter 22410, epoch 83.0)
EarlyStopping counter: 11 out of 25
[Save Checkpoint] epoch: [83.0], Train: total:-13.34426, BCE:-13.34435, KLD:0.00009,Test: total:-13.55643, BCE:-13.55666, KLD:0.00022
=> saved checkpoint 'checkpoints_CNN/mnist_VAE_s15Hmg4_v10_size_avg/last' (iter 22680, epoch 84.0)
score:  0.0
score:  0.0
=> saved checkpoint 'checkpoint_scores_CNN/mnist_VAE_s15Hmg4_v10_size_avg/last' (iter 22680, epoch 84.0)
EarlyStopping counter: 12 out of 25
[Save Checkpoint] epoch: [84.0], Train: total:-13.34166, BCE:-13.34176, KLD:0.00010,Test: total:-13.55002, BCE:-13.55027, KLD:0.00025
=> saved checkpoint 'checkpoints_CNN/mnist_VAE_s15Hmg4_v10_size_avg/last' (iter 22950, epoch 85.0)
score:  0.0
score:  0.0
=> saved checkpoint 'checkpoint_scores_CNN/mnist_VAE_s15Hmg4_v10_size_avg/last' (iter 22950, epoch 85.0)
EarlyStopping counter: 13 out of 25
[Save Checkpoint] epoch: [85.0], Train: total:-13.34128, BCE:-13.34138, KLD:0.00009,Test: total:-13.55657, BCE:-13.55680, KLD:0.00023
=> saved checkpoint 'checkpoints_CNN/mnist_VAE_s15Hmg4_v10_size_avg/last' (iter 23220, epoch 86.0)
score:  0.0
score:  0.0
=> saved checkpoint 'checkpoint_scores_CNN/mnist_VAE_s15Hmg4_v10_size_avg/last' (iter 23220, epoch 86.0)
EarlyStopping counter: 14 out of 25
[Save Checkpoint] epoch: [86.0], Train: total:-13.34200, BCE:-13.34209, KLD:0.00009,Test: total:-13.55279, BCE:-13.55302, KLD:0.00023
=> saved checkpoint 'checkpoints_CNN/mnist_VAE_s15Hmg4_v10_size_avg/last' (iter 23490, epoch 87.0)
score:  0.0
score:  0.0
=> saved checkpoint 'checkpoint_scores_CNN/mnist_VAE_s15Hmg4_v10_size_avg/last' (iter 23490, epoch 87.0)
EarlyStopping counter: 15 out of 25
[Save Checkpoint] epoch: [87.0], Train: total:-13.33938, BCE:-13.33947, KLD:0.00008,Test: total:-13.54832, BCE:-13.54852, KLD:0.00020
=> saved checkpoint 'checkpoints_CNN/mnist_VAE_s15Hmg4_v10_size_avg/last' (iter 23760, epoch 88.0)
score:  0.0
score:  0.0
=> saved checkpoint 'checkpoint_scores_CNN/mnist_VAE_s15Hmg4_v10_size_avg/last' (iter 23760, epoch 88.0)
EarlyStopping counter: 16 out of 25
[Save Checkpoint] epoch: [88.0], Train: total:-13.34068, BCE:-13.34076, KLD:0.00008,Test: total:-13.55787, BCE:-13.55805, KLD:0.00019
=> saved checkpoint 'checkpoints_CNN/mnist_VAE_s15Hmg4_v10_size_avg/last' (iter 24030, epoch 89.0)
score:  0.0
score:  0.0
=> saved checkpoint 'checkpoint_scores_CNN/mnist_VAE_s15Hmg4_v10_size_avg/last' (iter 24030, epoch 89.0)
EarlyStopping counter: 17 out of 25
[Save Checkpoint] epoch: [89.0], Train: total:-13.33928, BCE:-13.33937, KLD:0.00009,Test: total:-13.55394, BCE:-13.55417, KLD:0.00023
=> saved checkpoint 'checkpoints_CNN/mnist_VAE_s15Hmg4_v10_size_avg/last' (iter 24300, epoch 90.0)
score:  0.0
score:  0.0
=> saved checkpoint 'checkpoint_scores_CNN/mnist_VAE_s15Hmg4_v10_size_avg/last' (iter 24300, epoch 90.0)
EarlyStopping counter: 18 out of 25
[Save Checkpoint] epoch: [90.0], Train: total:-13.33688, BCE:-13.33698, KLD:0.00009,Test: total:-13.54995, BCE:-13.55018, KLD:0.00022
=> saved checkpoint 'checkpoints_CNN/mnist_VAE_s15Hmg4_v10_size_avg/last' (iter 24570, epoch 91.0)
score:  0.0
score:  0.0
=> saved checkpoint 'checkpoint_scores_CNN/mnist_VAE_s15Hmg4_v10_size_avg/last' (iter 24570, epoch 91.0)
EarlyStopping counter: 19 out of 25
[Save Checkpoint] epoch: [91.0], Train: total:-13.33877, BCE:-13.33884, KLD:0.00008,Test: total:-13.54822, BCE:-13.54840, KLD:0.00018
=> saved checkpoint 'checkpoints_CNN/mnist_VAE_s15Hmg4_v10_size_avg/last' (iter 24840, epoch 92.0)
score:  0.0
score:  0.0
=> saved checkpoint 'checkpoint_scores_CNN/mnist_VAE_s15Hmg4_v10_size_avg/last' (iter 24840, epoch 92.0)
EarlyStopping counter: 20 out of 25
[Save Checkpoint] epoch: [92.0], Train: total:-13.33910, BCE:-13.33917, KLD:0.00007,Test: total:-13.54930, BCE:-13.54945, KLD:0.00015
=> saved checkpoint 'checkpoints_CNN/mnist_VAE_s15Hmg4_v10_size_avg/last' (iter 25110, epoch 93.0)
score:  0.0
score:  0.0
=> saved checkpoint 'checkpoint_scores_CNN/mnist_VAE_s15Hmg4_v10_size_avg/last' (iter 25110, epoch 93.0)
EarlyStopping counter: 21 out of 25
[Save Checkpoint] epoch: [93.0], Train: total:-13.33942, BCE:-13.33950, KLD:0.00009,Test: total:-13.55114, BCE:-13.55137, KLD:0.00023
=> saved checkpoint 'checkpoints_CNN/mnist_VAE_s15Hmg4_v10_size_avg/last' (iter 25380, epoch 94.0)
score:  0.0
score:  0.0
=> saved checkpoint 'checkpoint_scores_CNN/mnist_VAE_s15Hmg4_v10_size_avg/last' (iter 25380, epoch 94.0)
EarlyStopping counter: 22 out of 25
[Save Checkpoint] epoch: [94.0], Train: total:-13.34100, BCE:-13.34108, KLD:0.00007,Test: total:-13.54849, BCE:-13.54867, KLD:0.00017
=> saved checkpoint 'checkpoints_CNN/mnist_VAE_s15Hmg4_v10_size_avg/last' (iter 25650, epoch 95.0)
score:  0.0
score:  0.0
=> saved checkpoint 'checkpoint_scores_CNN/mnist_VAE_s15Hmg4_v10_size_avg/last' (iter 25650, epoch 95.0)
EarlyStopping counter: 23 out of 25
[Save Checkpoint] epoch: [95.0], Train: total:-13.34052, BCE:-13.34060, KLD:0.00007,Test: total:-13.54820, BCE:-13.54839, KLD:0.00019
=> saved checkpoint 'checkpoints_CNN/mnist_VAE_s15Hmg4_v10_size_avg/last' (iter 25920, epoch 96.0)
score:  0.0
score:  0.0
=> saved checkpoint 'checkpoint_scores_CNN/mnist_VAE_s15Hmg4_v10_size_avg/last' (iter 25920, epoch 96.0)
EarlyStopping counter: 24 out of 25
[Save Checkpoint] epoch: [96.0], Train: total:-13.34356, BCE:-13.34363, KLD:0.00006,Test: total:-13.55086, BCE:-13.55100, KLD:0.00014
=> saved checkpoint 'checkpoints_CNN/mnist_VAE_s15Hmg4_v10_size_avg/last' (iter 26190, epoch 97.0)
score:  0.0
score:  0.0
=> saved checkpoint 'checkpoint_scores_CNN/mnist_VAE_s15Hmg4_v10_size_avg/last' (iter 26190, epoch 97.0)
EarlyStopping counter: 25 out of 25
[Save Checkpoint] epoch: [97.0], Train: total:-13.33856, BCE:-13.33863, KLD:0.00007,Test: total:-13.55461, BCE:-13.55479, KLD:0.00019
Early stopping
[Training Finished]
All done !
