82
--gpu_devices 0 --max_iter 100 --batch_size 250 --use_scheduler True --lr 1e-3 --GMP True --z_struct_size 10 --is_VAE True --is_encoder_struct False --lambda_BCE 1 --beta 1 --big_kernel_size 8 --two_conv_layer True --three_conv_layer True --kernel_size_1 4 --kernel_size_2 4 --kernel_size_3 4 --BK_in_first_layer True --BK_in_second_layer False --BK_in_third_layer False --stride_size 1 --hidden_filters_layer1 64 --hidden_filters_layer2 64 --hidden_filters_layer3 64 --dataset_balanced True --binary_z True --binary_first_conv False --binary_second_conv False --binary_third_conv True --z_var_size 25 --z_struct_size 10 --use_small_lr_encoder_var False --encoder_var_name None --encoder_struct_name mnist_struct_baseline_scheduler_binary_10 --freeze_Encoder True --exp_name mnist_VAE_s10_v25_SE
Namespace(BK_in_first_layer=True, BK_in_second_layer=False, BK_in_third_layer=False, BN=False, C_max=25, C_stop_iter=100000.0, E1_AE=False, E1_VAE=False, E1_conv=False, E1_dense=False, E1_second_conv=False, E1_second_conv_adapt=False, GMP=True, Hmg_dst_loss=False, IPC=False, L1_norm_act=False, L1_norm_weights=False, L3_without_random=False, LOG_DIR='logs', adapt_lr=False, add_classification_layer=True, add_linear_after_GMP=True, add_z_struct_bottleneck=False, alpha=32, batch_size=250, beta=1.0, beta1=0.9, beta2=0.999, big_kernel=False, big_kernel_size=8, binary_chain=False, binary_first_conv=False, binary_second_conv=False, binary_third_conv=True, binary_z=True, both_decoders_freeze=False, ckpt_dir='checkpoints_CNN', ckpt_dir_scores='checkpoint_scores_CNN', classif_layer_size=30, contrastive_loss=False, cuda=True, dataset='mnist', dataset_balanced=True, decoder_first_dense=36, decoder_kernel_size_1=4, decoder_kernel_size_2=3, decoder_kernel_size_3=4, decoder_n_filter_1=64, decoder_n_filter_2=64, decoder_n_filter_3=64, decoder_stride_1=2, decoder_stride_2=2, decoder_stride_3=1, diff_var=False, display_step=10000, dset_dir='data', encoder_struct_name='mnist_struct_baseline_scheduler_binary_10', encoder_var_name='None', exp_name='mnist_VAE_s10_v25_SE', freeze_Encoder=True, gamma=1000, gpu_devices=[0], hidden_filters_layer1=64, hidden_filters_layer2=64, hidden_filters_layer3=64, image_size=64, intra_class_variance_loss=False, is_C=True, is_E1=False, is_VAE=True, is_VAE_var=False, is_binary_structural_latent=False, is_custom_model=False, is_custom_model_BK=False, is_default_model=False, is_encoder_struct=False, is_noise_stats=False, is_partial_rand_class=False, is_perturbed_score=False, is_zvar_sim_loss=False, just_train=False, kernel_size=4, kernel_size_1=4, kernel_size_2=4, kernel_size_3=4, lambda_BCE=1.0, lambda_Kl_struct=1, lambda_Kl_var=1, lambda_L1=0.01, lambda_VAE=1, lambda_class=1, lambda_contrastive_loss=1, lambda_distance_mean=1, lambda_hmg_dst=1, lambda_intra_class_var=1, lambda_partial_class=1, lambda_ratio_reg=1, lambda_recon_wt_rand=1, lambda_recons=1, lambda_uniq_code_dst=1, lambda_var_distance=1, lambda_var_inter=1, lambda_var_intra=1, lambda_zvar_sim=1, latent_spec_cont=None, latent_spec_cont_class=None, latent_spec_cont_var=None, latent_spec_disc=None, latent_spec_disc_class=None, latent_spec_disc_var=None, log_level='info', loss='Proxy_Anchor', loss_distance_mean=False, loss_min_distance_cl=False, lr=0.001, max_epoch_use_uniq_code_target=5, max_iter=100.0, model='CNN', mrg=0.1, nb_epochs_train_only_zvar=0, num_workers=2, old_weighted=False, optimizer='adamw', other_architecture=False, other_ratio=False, random_percentage=0.2, random_seed=10, randomness=True, ratio_reg=False, remark='', save_step=10000, second_layer_C=False, seed=1, stride_size=1, sz_embedding=5, three_conv_layer=True, train=True, train_var_struct_alternatively=False, two_conv_layer=True, two_encoder=False, uniq_code_dst_loss=False, use_VAE=False, use_decoder=False, use_early_stopping=True, use_scheduler=True, use_small_lr_encoder_var=False, use_structural_encoder=False, value_target_distance_mean=1, var_hidden_dim=256, var_hidden_filters_1=32, var_hidden_filters_2=32, var_hidden_filters_3=32, var_kernel_size_1=3, var_kernel_size_2=3, var_kernel_size_3=3, var_second_cnn_block=True, var_stride_size_1=1, var_stride_size_2=1, var_stride_size_3=1, var_third_cnn_block=False, var_three_conv_layer=False, warm=1, without_acc=False, z_struct_size=10, z_var_size=25, zeros_W_Classif=False, zvar_sim_change_zvar=False, zvar_sim_loss_for_all_model=False, zvar_sim_loss_only_for_encoder=False, zvar_sim_normal=False, zvar_sim_var_rand=False)
CUDA Visible devices !
[Using Seed: 10]
Balanced dataset loaded
VAE doesn't exist but encoder struct yes ! load struct encoder weighs !
=> loaded checkpoint 'checkpoints_CNN/mnist_struct_baseline_scheduler_binary_10/last (iter 20790)'
Weighs loaded for struct encoder !
use 1 gpu who named: Tesla V100-SXM2-32GB
VAE(
  (encoder_struct): Sequential(
    (0): Conv2d(1, 64, kernel_size=(8, 8), stride=(1, 1))
    (1): BatchNorm2d(64, eps=1e-05, momentum=0.1, affine=True, track_running_stats=True)
    (2): ReLU(inplace=True)
    (3): Conv2d(64, 64, kernel_size=(4, 4), stride=(1, 1))
    (4): BatchNorm2d(64, eps=1e-05, momentum=0.1, affine=True, track_running_stats=True)
    (5): ReLU(inplace=True)
    (6): Conv2d(64, 10, kernel_size=(4, 4), stride=(1, 1))
    (7): DeterministicBinaryActivation(
      (act): Hardsigmoid(
        (act): Hardtanh(min_val=-1.0, max_val=1.0)
      )
    )
    (8): AdaptiveMaxPool2d(output_size=(1, 1))
    (9): View()
  )
  (encoder_var): Sequential(
    (0): Conv2d(1, 32, kernel_size=(3, 3), stride=(1, 1))
    (1): ReLU(inplace=True)
    (2): BatchNorm2d(32, eps=1e-05, momentum=0.1, affine=True, track_running_stats=True)
    (3): Conv2d(32, 32, kernel_size=(3, 3), stride=(1, 1))
    (4): ReLU(inplace=True)
    (5): BatchNorm2d(32, eps=1e-05, momentum=0.1, affine=True, track_running_stats=True)
    (6): Conv2d(32, 32, kernel_size=(5, 5), stride=(2, 2), padding=(2, 2))
    (7): ReLU(inplace=True)
    (8): BatchNorm2d(32, eps=1e-05, momentum=0.1, affine=True, track_running_stats=True)
    (9): Dropout(p=0.4, inplace=False)
    (10): Conv2d(32, 64, kernel_size=(3, 3), stride=(1, 1))
    (11): ReLU(inplace=True)
    (12): BatchNorm2d(64, eps=1e-05, momentum=0.1, affine=True, track_running_stats=True)
    (13): Conv2d(64, 64, kernel_size=(3, 3), stride=(1, 1))
    (14): ReLU(inplace=True)
    (15): BatchNorm2d(64, eps=1e-05, momentum=0.1, affine=True, track_running_stats=True)
    (16): Conv2d(64, 64, kernel_size=(5, 5), stride=(2, 2), padding=(2, 2))
    (17): ReLU(inplace=True)
    (18): BatchNorm2d(64, eps=1e-05, momentum=0.1, affine=True, track_running_stats=True)
    (19): Dropout(p=0.4, inplace=False)
    (20): View()
    (21): Linear(in_features=1600, out_features=50, bias=True)
  )
  (decoder): Sequential(
    (0): Linear(in_features=35, out_features=1600, bias=True)
    (1): ReLU(inplace=True)
    (2): View()
    (3): ConvTranspose2d(64, 64, kernel_size=(4, 4), stride=(2, 2), padding=(1, 1))
    (4): ReLU(inplace=True)
    (5): ConvTranspose2d(64, 64, kernel_size=(3, 3), stride=(1, 1))
    (6): ReLU(inplace=True)
    (7): ConvTranspose2d(64, 32, kernel_size=(3, 3), stride=(1, 1))
    (8): ReLU(inplace=True)
    (9): ConvTranspose2d(32, 32, kernel_size=(4, 4), stride=(2, 2), padding=(1, 1))
    (10): ReLU(inplace=True)
    (11): ConvTranspose2d(32, 32, kernel_size=(3, 3), stride=(1, 1))
    (12): ReLU(inplace=True)
    (13): ConvTranspose2d(32, 1, kernel_size=(3, 3), stride=(1, 1))
    (14): Sigmoid()
  )
)
The number of parameters of model is 558525
=> saved checkpoint 'checkpoints_CNN/mnist_VAE_s10_v25_SE/last' (iter 270, epoch 1.0)
=> saved checkpoint 'checkpoint_scores_CNN/mnist_VAE_s10_v25_SE/last' (iter 270, epoch 1.0)
[Save Checkpoint] epoch: [1.0], Train: total:8203.48828, BCE:-12.01108, KLD:8215.49707,Test: total:33021.28125, BCE:-12.15118, KLD:33033.43750
=> saved checkpoint 'checkpoints_CNN/mnist_VAE_s10_v25_SE/last' (iter 540, epoch 2.0)
=> saved checkpoint 'checkpoint_scores_CNN/mnist_VAE_s10_v25_SE/last' (iter 540, epoch 2.0)
[Save Checkpoint] epoch: [2.0], Train: total:7900.60449, BCE:-13.40906, KLD:7914.01270,Test: total:31596.70703, BCE:-13.53154, KLD:31610.23828
=> saved checkpoint 'checkpoints_CNN/mnist_VAE_s10_v25_SE/last' (iter 810, epoch 3.0)
=> saved checkpoint 'checkpoint_scores_CNN/mnist_VAE_s10_v25_SE/last' (iter 810, epoch 3.0)
[Save Checkpoint] epoch: [3.0], Train: total:7775.27295, BCE:-13.98347, KLD:7789.25635,Test: total:31035.31250, BCE:-14.07845, KLD:31049.39453
=> saved checkpoint 'checkpoints_CNN/mnist_VAE_s10_v25_SE/last' (iter 1080, epoch 4.0)
=> saved checkpoint 'checkpoint_scores_CNN/mnist_VAE_s10_v25_SE/last' (iter 1080, epoch 4.0)
[Save Checkpoint] epoch: [4.0], Train: total:7808.24072, BCE:-14.03367, KLD:7822.27588,Test: total:31108.38086, BCE:-14.12887, KLD:31122.51562
=> saved checkpoint 'checkpoints_CNN/mnist_VAE_s10_v25_SE/last' (iter 1350, epoch 5.0)
=> saved checkpoint 'checkpoint_scores_CNN/mnist_VAE_s10_v25_SE/last' (iter 1350, epoch 5.0)
[Save Checkpoint] epoch: [5.0], Train: total:7859.14990, BCE:-13.68703, KLD:7872.83301,Test: total:31313.99023, BCE:-13.78584, KLD:31327.77930
=> saved checkpoint 'checkpoints_CNN/mnist_VAE_s10_v25_SE/last' (iter 1620, epoch 6.0)
=> saved checkpoint 'checkpoint_scores_CNN/mnist_VAE_s10_v25_SE/last' (iter 1620, epoch 6.0)
[Save Checkpoint] epoch: [6.0], Train: total:7738.18213, BCE:-13.85119, KLD:7752.03369,Test: total:30847.87891, BCE:-14.00306, KLD:30861.88477
=> saved checkpoint 'checkpoints_CNN/mnist_VAE_s10_v25_SE/last' (iter 1890, epoch 7.0)
=> saved checkpoint 'checkpoint_scores_CNN/mnist_VAE_s10_v25_SE/last' (iter 1890, epoch 7.0)
[Save Checkpoint] epoch: [7.0], Train: total:7621.47168, BCE:-13.57402, KLD:7635.04492,Test: total:30355.75391, BCE:-13.72737, KLD:30369.48438
=> saved checkpoint 'checkpoints_CNN/mnist_VAE_s10_v25_SE/last' (iter 2160, epoch 8.0)
=> saved checkpoint 'checkpoint_scores_CNN/mnist_VAE_s10_v25_SE/last' (iter 2160, epoch 8.0)
[Save Checkpoint] epoch: [8.0], Train: total:7523.05371, BCE:-13.62812, KLD:7536.68359,Test: total:29966.21289, BCE:-13.81707, KLD:29980.02539
=> saved checkpoint 'checkpoints_CNN/mnist_VAE_s10_v25_SE/last' (iter 2430, epoch 9.0)
=> saved checkpoint 'checkpoint_scores_CNN/mnist_VAE_s10_v25_SE/last' (iter 2430, epoch 9.0)
[Save Checkpoint] epoch: [9.0], Train: total:7671.11133, BCE:-14.15843, KLD:7685.26855,Test: total:30558.37305, BCE:-14.38271, KLD:30572.75586
=> saved checkpoint 'checkpoints_CNN/mnist_VAE_s10_v25_SE/last' (iter 2700, epoch 10.0)
=> saved checkpoint 'checkpoint_scores_CNN/mnist_VAE_s10_v25_SE/last' (iter 2700, epoch 10.0)
[Save Checkpoint] epoch: [10.0], Train: total:7490.33154, BCE:-14.43008, KLD:7504.76367,Test: total:29833.16602, BCE:-14.71160, KLD:29847.88086
=> saved checkpoint 'checkpoints_CNN/mnist_VAE_s10_v25_SE/last' (iter 2970, epoch 11.0)
=> saved checkpoint 'checkpoint_scores_CNN/mnist_VAE_s10_v25_SE/last' (iter 2970, epoch 11.0)
EarlyStopping counter: 1 out of 25
[Save Checkpoint] epoch: [11.0], Train: total:7579.12402, BCE:-14.32928, KLD:7593.45361,Test: total:30141.31836, BCE:-14.58575, KLD:30155.90039
=> saved checkpoint 'checkpoints_CNN/mnist_VAE_s10_v25_SE/last' (iter 3240, epoch 12.0)
=> saved checkpoint 'checkpoint_scores_CNN/mnist_VAE_s10_v25_SE/last' (iter 3240, epoch 12.0)
[Save Checkpoint] epoch: [12.0], Train: total:7467.94385, BCE:-14.58492, KLD:7482.52734,Test: total:29714.46289, BCE:-14.88400, KLD:29729.34375
=> saved checkpoint 'checkpoints_CNN/mnist_VAE_s10_v25_SE/last' (iter 3510, epoch 13.0)
=> saved checkpoint 'checkpoint_scores_CNN/mnist_VAE_s10_v25_SE/last' (iter 3510, epoch 13.0)
[Save Checkpoint] epoch: [13.0], Train: total:7340.99365, BCE:-15.12841, KLD:7356.12305,Test: total:29208.15430, BCE:-15.45321, KLD:29223.60742
=> saved checkpoint 'checkpoints_CNN/mnist_VAE_s10_v25_SE/last' (iter 3780, epoch 14.0)
=> saved checkpoint 'checkpoint_scores_CNN/mnist_VAE_s10_v25_SE/last' (iter 3780, epoch 14.0)
EarlyStopping counter: 1 out of 25
[Save Checkpoint] epoch: [14.0], Train: total:7454.77002, BCE:-15.15089, KLD:7469.91992,Test: total:29665.84766, BCE:-15.47700, KLD:29681.31836
=> saved checkpoint 'checkpoints_CNN/mnist_VAE_s10_v25_SE/last' (iter 4050, epoch 15.0)
=> saved checkpoint 'checkpoint_scores_CNN/mnist_VAE_s10_v25_SE/last' (iter 4050, epoch 15.0)
[Save Checkpoint] epoch: [15.0], Train: total:7250.25293, BCE:-15.55246, KLD:7265.80713,Test: total:28840.59766, BCE:-15.91508, KLD:28856.50977
=> saved checkpoint 'checkpoints_CNN/mnist_VAE_s10_v25_SE/last' (iter 4320, epoch 16.0)
=> saved checkpoint 'checkpoint_scores_CNN/mnist_VAE_s10_v25_SE/last' (iter 4320, epoch 16.0)
EarlyStopping counter: 1 out of 25
[Save Checkpoint] epoch: [16.0], Train: total:7359.97168, BCE:-16.01294, KLD:7375.98389,Test: total:29290.64453, BCE:-16.39404, KLD:29307.03711
=> saved checkpoint 'checkpoints_CNN/mnist_VAE_s10_v25_SE/last' (iter 4590, epoch 17.0)
=> saved checkpoint 'checkpoint_scores_CNN/mnist_VAE_s10_v25_SE/last' (iter 4590, epoch 17.0)
[Save Checkpoint] epoch: [17.0], Train: total:7281.59717, BCE:-17.08383, KLD:7298.67969,Test: total:28947.29102, BCE:-17.49754, KLD:28964.78711
=> saved checkpoint 'checkpoints_CNN/mnist_VAE_s10_v25_SE/last' (iter 4860, epoch 18.0)
=> saved checkpoint 'checkpoint_scores_CNN/mnist_VAE_s10_v25_SE/last' (iter 4860, epoch 18.0)
[Save Checkpoint] epoch: [18.0], Train: total:7244.29199, BCE:-17.43744, KLD:7261.72559,Test: total:28789.25977, BCE:-17.86029, KLD:28807.12305
=> saved checkpoint 'checkpoints_CNN/mnist_VAE_s10_v25_SE/last' (iter 5130, epoch 19.0)
=> saved checkpoint 'checkpoint_scores_CNN/mnist_VAE_s10_v25_SE/last' (iter 5130, epoch 19.0)
[Save Checkpoint] epoch: [19.0], Train: total:7295.82715, BCE:-18.92213, KLD:7314.74707,Test: total:28984.66016, BCE:-19.34514, KLD:29004.00586
=> saved checkpoint 'checkpoints_CNN/mnist_VAE_s10_v25_SE/last' (iter 5400, epoch 20.0)
=> saved checkpoint 'checkpoint_scores_CNN/mnist_VAE_s10_v25_SE/last' (iter 5400, epoch 20.0)
[Save Checkpoint] epoch: [20.0], Train: total:7368.68750, BCE:-18.99439, KLD:7387.67822,Test: total:29307.99023, BCE:-19.44630, KLD:29327.43555
=> saved checkpoint 'checkpoints_CNN/mnist_VAE_s10_v25_SE/last' (iter 5670, epoch 21.0)
=> saved checkpoint 'checkpoint_scores_CNN/mnist_VAE_s10_v25_SE/last' (iter 5670, epoch 21.0)
[Save Checkpoint] epoch: [21.0], Train: total:7371.01514, BCE:-20.58462, KLD:7391.59375,Test: total:29296.95312, BCE:-21.02348, KLD:29317.97852
=> saved checkpoint 'checkpoints_CNN/mnist_VAE_s10_v25_SE/last' (iter 5940, epoch 22.0)
=> saved checkpoint 'checkpoint_scores_CNN/mnist_VAE_s10_v25_SE/last' (iter 5940, epoch 22.0)
[Save Checkpoint] epoch: [22.0], Train: total:7273.08887, BCE:-20.92371, KLD:7294.00928,Test: total:28916.91016, BCE:-21.38983, KLD:28938.30078
=> saved checkpoint 'checkpoints_CNN/mnist_VAE_s10_v25_SE/last' (iter 6210, epoch 23.0)
=> saved checkpoint 'checkpoint_scores_CNN/mnist_VAE_s10_v25_SE/last' (iter 6210, epoch 23.0)
EarlyStopping counter: 1 out of 25
[Save Checkpoint] epoch: [23.0], Train: total:7360.60693, BCE:-21.48467, KLD:7382.08984,Test: total:29262.63477, BCE:-21.94139, KLD:29284.57812
=> saved checkpoint 'checkpoints_CNN/mnist_VAE_s10_v25_SE/last' (iter 6480, epoch 24.0)
=> saved checkpoint 'checkpoint_scores_CNN/mnist_VAE_s10_v25_SE/last' (iter 6480, epoch 24.0)
EarlyStopping counter: 2 out of 25
[Save Checkpoint] epoch: [24.0], Train: total:7277.30029, BCE:-22.11750, KLD:7299.41650,Test: total:28934.64648, BCE:-22.57495, KLD:28957.22461
=> saved checkpoint 'checkpoints_CNN/mnist_VAE_s10_v25_SE/last' (iter 6750, epoch 25.0)
=> saved checkpoint 'checkpoint_scores_CNN/mnist_VAE_s10_v25_SE/last' (iter 6750, epoch 25.0)
[Save Checkpoint] epoch: [25.0], Train: total:7191.49805, BCE:-22.60764, KLD:7214.10547,Test: total:28566.57617, BCE:-23.04048, KLD:28589.61914
=> saved checkpoint 'checkpoints_CNN/mnist_VAE_s10_v25_SE/last' (iter 7020, epoch 26.0)
=> saved checkpoint 'checkpoint_scores_CNN/mnist_VAE_s10_v25_SE/last' (iter 7020, epoch 26.0)
EarlyStopping counter: 1 out of 25
[Save Checkpoint] epoch: [26.0], Train: total:7165.11816, BCE:-23.46554, KLD:7188.58447,Test: total:28453.17578, BCE:-23.92000, KLD:28477.09766
=> saved checkpoint 'checkpoints_CNN/mnist_VAE_s10_v25_SE/last' (iter 7290, epoch 27.0)
=> saved checkpoint 'checkpoint_scores_CNN/mnist_VAE_s10_v25_SE/last' (iter 7290, epoch 27.0)
[Save Checkpoint] epoch: [27.0], Train: total:7333.11719, BCE:-23.62092, KLD:7356.73682,Test: total:29131.93750, BCE:-24.06787, KLD:29156.00586
=> saved checkpoint 'checkpoints_CNN/mnist_VAE_s10_v25_SE/last' (iter 7560, epoch 28.0)
=> saved checkpoint 'checkpoint_scores_CNN/mnist_VAE_s10_v25_SE/last' (iter 7560, epoch 28.0)
EarlyStopping counter: 1 out of 25
[Save Checkpoint] epoch: [28.0], Train: total:7244.03613, BCE:-23.79681, KLD:7267.83301,Test: total:28791.76953, BCE:-24.27041, KLD:28816.03711
=> saved checkpoint 'checkpoints_CNN/mnist_VAE_s10_v25_SE/last' (iter 7830, epoch 29.0)
=> saved checkpoint 'checkpoint_scores_CNN/mnist_VAE_s10_v25_SE/last' (iter 7830, epoch 29.0)
EarlyStopping counter: 2 out of 25
[Save Checkpoint] epoch: [29.0], Train: total:7278.62402, BCE:-24.65087, KLD:7303.27637,Test: total:28910.45898, BCE:-25.08665, KLD:28935.54688
=> saved checkpoint 'checkpoints_CNN/mnist_VAE_s10_v25_SE/last' (iter 8100, epoch 30.0)
=> saved checkpoint 'checkpoint_scores_CNN/mnist_VAE_s10_v25_SE/last' (iter 8100, epoch 30.0)
EarlyStopping counter: 3 out of 25
[Save Checkpoint] epoch: [30.0], Train: total:7297.61816, BCE:-24.91819, KLD:7322.53760,Test: total:29016.22266, BCE:-25.35839, KLD:29041.58203
=> saved checkpoint 'checkpoints_CNN/mnist_VAE_s10_v25_SE/last' (iter 8370, epoch 31.0)
=> saved checkpoint 'checkpoint_scores_CNN/mnist_VAE_s10_v25_SE/last' (iter 8370, epoch 31.0)
[Save Checkpoint] epoch: [31.0], Train: total:7195.90576, BCE:-25.16337, KLD:7221.07178,Test: total:28597.45898, BCE:-25.59741, KLD:28623.05664
=> saved checkpoint 'checkpoints_CNN/mnist_VAE_s10_v25_SE/last' (iter 8640, epoch 32.0)
=> saved checkpoint 'checkpoint_scores_CNN/mnist_VAE_s10_v25_SE/last' (iter 8640, epoch 32.0)
EarlyStopping counter: 1 out of 25
[Save Checkpoint] epoch: [32.0], Train: total:7146.87744, BCE:-25.41590, KLD:7172.29346,Test: total:28391.08789, BCE:-25.83762, KLD:28416.92773
=> saved checkpoint 'checkpoints_CNN/mnist_VAE_s10_v25_SE/last' (iter 8910, epoch 33.0)
=> saved checkpoint 'checkpoint_scores_CNN/mnist_VAE_s10_v25_SE/last' (iter 8910, epoch 33.0)
[Save Checkpoint] epoch: [33.0], Train: total:7198.37988, BCE:-24.53531, KLD:7222.91797,Test: total:28592.24414, BCE:-24.96138, KLD:28617.20703
=> saved checkpoint 'checkpoints_CNN/mnist_VAE_s10_v25_SE/last' (iter 9180, epoch 34.0)
=> saved checkpoint 'checkpoint_scores_CNN/mnist_VAE_s10_v25_SE/last' (iter 9180, epoch 34.0)
[Save Checkpoint] epoch: [34.0], Train: total:7191.31885, BCE:-24.47784, KLD:7215.79541,Test: total:28545.82227, BCE:-24.90241, KLD:28570.72461
=> saved checkpoint 'checkpoints_CNN/mnist_VAE_s10_v25_SE/last' (iter 9450, epoch 35.0)
=> saved checkpoint 'checkpoint_scores_CNN/mnist_VAE_s10_v25_SE/last' (iter 9450, epoch 35.0)
EarlyStopping counter: 1 out of 25
[Save Checkpoint] epoch: [35.0], Train: total:7194.24219, BCE:-25.09755, KLD:7219.33643,Test: total:28569.10352, BCE:-25.50783, KLD:28594.61328
=> saved checkpoint 'checkpoints_CNN/mnist_VAE_s10_v25_SE/last' (iter 9720, epoch 36.0)
=> saved checkpoint 'checkpoint_scores_CNN/mnist_VAE_s10_v25_SE/last' (iter 9720, epoch 36.0)
EarlyStopping counter: 2 out of 25
[Save Checkpoint] epoch: [36.0], Train: total:7161.66260, BCE:-25.13617, KLD:7186.79639,Test: total:28426.97461, BCE:-25.57506, KLD:28452.55078
=> saved checkpoint 'checkpoints_CNN/mnist_VAE_s10_v25_SE/last' (iter 9990, epoch 37.0)
=> saved checkpoint 'checkpoint_scores_CNN/mnist_VAE_s10_v25_SE/last' (iter 9990, epoch 37.0)
[Save Checkpoint] epoch: [37.0], Train: total:7083.86279, BCE:-25.61156, KLD:7109.47559,Test: total:28134.54102, BCE:-26.02977, KLD:28160.56836
=> saved checkpoint 'checkpoints_CNN/mnist_VAE_s10_v25_SE/last' (iter 10260, epoch 38.0)
=> saved checkpoint 'checkpoint_scores_CNN/mnist_VAE_s10_v25_SE/last' (iter 10260, epoch 38.0)
EarlyStopping counter: 1 out of 25
[Save Checkpoint] epoch: [38.0], Train: total:7201.30078, BCE:-25.90411, KLD:7227.20166,Test: total:28598.86523, BCE:-26.33094, KLD:28625.19727
=> saved checkpoint 'checkpoints_CNN/mnist_VAE_s10_v25_SE/last' (iter 10530, epoch 39.0)
=> saved checkpoint 'checkpoint_scores_CNN/mnist_VAE_s10_v25_SE/last' (iter 10530, epoch 39.0)
EarlyStopping counter: 2 out of 25
[Save Checkpoint] epoch: [39.0], Train: total:7164.00293, BCE:-26.17050, KLD:7190.17480,Test: total:28439.76953, BCE:-26.59940, KLD:28466.36914
=> saved checkpoint 'checkpoints_CNN/mnist_VAE_s10_v25_SE/last' (iter 10800, epoch 40.0)
=> saved checkpoint 'checkpoint_scores_CNN/mnist_VAE_s10_v25_SE/last' (iter 10800, epoch 40.0)
[Save Checkpoint] epoch: [40.0], Train: total:7192.41113, BCE:-26.79924, KLD:7219.21094,Test: total:28526.92578, BCE:-27.20786, KLD:28554.13086
=> saved checkpoint 'checkpoints_CNN/mnist_VAE_s10_v25_SE/last' (iter 11070, epoch 41.0)
=> saved checkpoint 'checkpoint_scores_CNN/mnist_VAE_s10_v25_SE/last' (iter 11070, epoch 41.0)
[Save Checkpoint] epoch: [41.0], Train: total:7274.99512, BCE:-26.84269, KLD:7301.83691,Test: total:28847.22266, BCE:-27.24895, KLD:28874.46875
=> saved checkpoint 'checkpoints_CNN/mnist_VAE_s10_v25_SE/last' (iter 11340, epoch 42.0)
=> saved checkpoint 'checkpoint_scores_CNN/mnist_VAE_s10_v25_SE/last' (iter 11340, epoch 42.0)
EarlyStopping counter: 1 out of 25
[Save Checkpoint] epoch: [42.0], Train: total:7063.39551, BCE:-26.72720, KLD:7090.12744,Test: total:28018.68555, BCE:-27.14454, KLD:28045.83203
=> saved checkpoint 'checkpoints_CNN/mnist_VAE_s10_v25_SE/last' (iter 11610, epoch 43.0)
=> saved checkpoint 'checkpoint_scores_CNN/mnist_VAE_s10_v25_SE/last' (iter 11610, epoch 43.0)
EarlyStopping counter: 2 out of 25
[Save Checkpoint] epoch: [43.0], Train: total:7105.38721, BCE:-26.84177, KLD:7132.22803,Test: total:28199.41992, BCE:-27.24037, KLD:28226.66016
=> saved checkpoint 'checkpoints_CNN/mnist_VAE_s10_v25_SE/last' (iter 11880, epoch 44.0)
=> saved checkpoint 'checkpoint_scores_CNN/mnist_VAE_s10_v25_SE/last' (iter 11880, epoch 44.0)
EarlyStopping counter: 3 out of 25
[Save Checkpoint] epoch: [44.0], Train: total:7072.13086, BCE:-27.29853, KLD:7099.42920,Test: total:28060.92578, BCE:-27.70058, KLD:28088.62305
=> saved checkpoint 'checkpoints_CNN/mnist_VAE_s10_v25_SE/last' (iter 12150, epoch 45.0)
=> saved checkpoint 'checkpoint_scores_CNN/mnist_VAE_s10_v25_SE/last' (iter 12150, epoch 45.0)
EarlyStopping counter: 4 out of 25
[Save Checkpoint] epoch: [45.0], Train: total:7248.32471, BCE:-27.92466, KLD:7276.25098,Test: total:28779.35938, BCE:-28.33926, KLD:28807.70117
=> saved checkpoint 'checkpoints_CNN/mnist_VAE_s10_v25_SE/last' (iter 12420, epoch 46.0)
=> saved checkpoint 'checkpoint_scores_CNN/mnist_VAE_s10_v25_SE/last' (iter 12420, epoch 46.0)
[Save Checkpoint] epoch: [46.0], Train: total:7156.31836, BCE:-27.39189, KLD:7183.70459,Test: total:28400.42773, BCE:-27.81784, KLD:28428.24805
=> saved checkpoint 'checkpoints_CNN/mnist_VAE_s10_v25_SE/last' (iter 12690, epoch 47.0)
=> saved checkpoint 'checkpoint_scores_CNN/mnist_VAE_s10_v25_SE/last' (iter 12690, epoch 47.0)
EarlyStopping counter: 1 out of 25
[Save Checkpoint] epoch: [47.0], Train: total:7096.67578, BCE:-27.82471, KLD:7124.50146,Test: total:28156.64648, BCE:-28.23301, KLD:28184.87891
=> saved checkpoint 'checkpoints_CNN/mnist_VAE_s10_v25_SE/last' (iter 12960, epoch 48.0)
=> saved checkpoint 'checkpoint_scores_CNN/mnist_VAE_s10_v25_SE/last' (iter 12960, epoch 48.0)
EarlyStopping counter: 2 out of 25
[Save Checkpoint] epoch: [48.0], Train: total:7151.27393, BCE:-28.12619, KLD:7179.39990,Test: total:28373.57617, BCE:-28.53065, KLD:28402.10938
=> saved checkpoint 'checkpoints_CNN/mnist_VAE_s10_v25_SE/last' (iter 13230, epoch 49.0)
=> saved checkpoint 'checkpoint_scores_CNN/mnist_VAE_s10_v25_SE/last' (iter 13230, epoch 49.0)
EarlyStopping counter: 3 out of 25
[Save Checkpoint] epoch: [49.0], Train: total:7100.89697, BCE:-28.00844, KLD:7128.90283,Test: total:28183.89062, BCE:-28.42183, KLD:28212.31055
=> saved checkpoint 'checkpoints_CNN/mnist_VAE_s10_v25_SE/last' (iter 13500, epoch 50.0)
=> saved checkpoint 'checkpoint_scores_CNN/mnist_VAE_s10_v25_SE/last' (iter 13500, epoch 50.0)
EarlyStopping counter: 4 out of 25
[Save Checkpoint] epoch: [50.0], Train: total:7074.65088, BCE:-27.92306, KLD:7102.57373,Test: total:28074.24023, BCE:-28.34027, KLD:28102.58203
Epoch    51: reducing learning rate of group 0 to 2.0000e-04.
=> saved checkpoint 'checkpoints_CNN/mnist_VAE_s10_v25_SE/last' (iter 13770, epoch 51.0)
=> saved checkpoint 'checkpoint_scores_CNN/mnist_VAE_s10_v25_SE/last' (iter 13770, epoch 51.0)
[Save Checkpoint] epoch: [51.0], Train: total:7101.16699, BCE:-28.19417, KLD:7129.35986,Test: total:28156.03711, BCE:-28.59974, KLD:28184.63867
=> saved checkpoint 'checkpoints_CNN/mnist_VAE_s10_v25_SE/last' (iter 14040, epoch 52.0)
=> saved checkpoint 'checkpoint_scores_CNN/mnist_VAE_s10_v25_SE/last' (iter 14040, epoch 52.0)
EarlyStopping counter: 1 out of 25
[Save Checkpoint] epoch: [52.0], Train: total:7069.54639, BCE:-28.42813, KLD:7097.97363,Test: total:28040.24805, BCE:-28.86274, KLD:28069.10938
=> saved checkpoint 'checkpoints_CNN/mnist_VAE_s10_v25_SE/last' (iter 14310, epoch 53.0)
=> saved checkpoint 'checkpoint_scores_CNN/mnist_VAE_s10_v25_SE/last' (iter 14310, epoch 53.0)
[Save Checkpoint] epoch: [53.0], Train: total:7064.31250, BCE:-28.72259, KLD:7093.03760,Test: total:28021.06641, BCE:-29.13502, KLD:28050.20312
=> saved checkpoint 'checkpoints_CNN/mnist_VAE_s10_v25_SE/last' (iter 14580, epoch 54.0)
=> saved checkpoint 'checkpoint_scores_CNN/mnist_VAE_s10_v25_SE/last' (iter 14580, epoch 54.0)
EarlyStopping counter: 1 out of 25
[Save Checkpoint] epoch: [54.0], Train: total:7072.92236, BCE:-28.63781, KLD:7101.56299,Test: total:28059.64062, BCE:-29.04929, KLD:28088.69141
=> saved checkpoint 'checkpoints_CNN/mnist_VAE_s10_v25_SE/last' (iter 14850, epoch 55.0)
=> saved checkpoint 'checkpoint_scores_CNN/mnist_VAE_s10_v25_SE/last' (iter 14850, epoch 55.0)
EarlyStopping counter: 2 out of 25
[Save Checkpoint] epoch: [55.0], Train: total:7067.17334, BCE:-28.85252, KLD:7096.02637,Test: total:28030.19727, BCE:-29.26946, KLD:28059.46680
=> saved checkpoint 'checkpoints_CNN/mnist_VAE_s10_v25_SE/last' (iter 15120, epoch 56.0)
=> saved checkpoint 'checkpoint_scores_CNN/mnist_VAE_s10_v25_SE/last' (iter 15120, epoch 56.0)
[Save Checkpoint] epoch: [56.0], Train: total:7070.19434, BCE:-28.91498, KLD:7099.10791,Test: total:28053.97266, BCE:-29.32047, KLD:28083.29492
=> saved checkpoint 'checkpoints_CNN/mnist_VAE_s10_v25_SE/last' (iter 15390, epoch 57.0)
=> saved checkpoint 'checkpoint_scores_CNN/mnist_VAE_s10_v25_SE/last' (iter 15390, epoch 57.0)
EarlyStopping counter: 1 out of 25
[Save Checkpoint] epoch: [57.0], Train: total:7112.23779, BCE:-29.10811, KLD:7141.34375,Test: total:28204.55078, BCE:-29.53807, KLD:28234.08789
=> saved checkpoint 'checkpoints_CNN/mnist_VAE_s10_v25_SE/last' (iter 15660, epoch 58.0)
=> saved checkpoint 'checkpoint_scores_CNN/mnist_VAE_s10_v25_SE/last' (iter 15660, epoch 58.0)
EarlyStopping counter: 2 out of 25
[Save Checkpoint] epoch: [58.0], Train: total:6982.52393, BCE:-28.75413, KLD:7011.27734,Test: total:27685.84961, BCE:-29.16760, KLD:27715.01953
=> saved checkpoint 'checkpoints_CNN/mnist_VAE_s10_v25_SE/last' (iter 15930, epoch 59.0)
=> saved checkpoint 'checkpoint_scores_CNN/mnist_VAE_s10_v25_SE/last' (iter 15930, epoch 59.0)
EarlyStopping counter: 3 out of 25
[Save Checkpoint] epoch: [59.0], Train: total:7020.59717, BCE:-28.93794, KLD:7049.53857,Test: total:27845.30273, BCE:-29.34606, KLD:27874.64648
=> saved checkpoint 'checkpoints_CNN/mnist_VAE_s10_v25_SE/last' (iter 16200, epoch 60.0)
=> saved checkpoint 'checkpoint_scores_CNN/mnist_VAE_s10_v25_SE/last' (iter 16200, epoch 60.0)
EarlyStopping counter: 4 out of 25
[Save Checkpoint] epoch: [60.0], Train: total:7053.04541, BCE:-29.12424, KLD:7082.17334,Test: total:27964.62500, BCE:-29.52239, KLD:27994.14648
Epoch    61: reducing learning rate of group 0 to 4.0000e-05.
=> saved checkpoint 'checkpoints_CNN/mnist_VAE_s10_v25_SE/last' (iter 16470, epoch 61.0)
=> saved checkpoint 'checkpoint_scores_CNN/mnist_VAE_s10_v25_SE/last' (iter 16470, epoch 61.0)
EarlyStopping counter: 5 out of 25
[Save Checkpoint] epoch: [61.0], Train: total:7038.65479, BCE:-28.96435, KLD:7067.62012,Test: total:27922.58203, BCE:-29.38489, KLD:27951.96875
=> saved checkpoint 'checkpoints_CNN/mnist_VAE_s10_v25_SE/last' (iter 16740, epoch 62.0)
=> saved checkpoint 'checkpoint_scores_CNN/mnist_VAE_s10_v25_SE/last' (iter 16740, epoch 62.0)
[Save Checkpoint] epoch: [62.0], Train: total:7006.04004, BCE:-29.11258, KLD:7035.15088,Test: total:27783.18164, BCE:-29.53711, KLD:27812.71875
=> saved checkpoint 'checkpoints_CNN/mnist_VAE_s10_v25_SE/last' (iter 17010, epoch 63.0)
=> saved checkpoint 'checkpoint_scores_CNN/mnist_VAE_s10_v25_SE/last' (iter 17010, epoch 63.0)
EarlyStopping counter: 1 out of 25
[Save Checkpoint] epoch: [63.0], Train: total:7025.61670, BCE:-29.21543, KLD:7054.83203,Test: total:27862.66992, BCE:-29.63673, KLD:27892.30273
=> saved checkpoint 'checkpoints_CNN/mnist_VAE_s10_v25_SE/last' (iter 17280, epoch 64.0)
=> saved checkpoint 'checkpoint_scores_CNN/mnist_VAE_s10_v25_SE/last' (iter 17280, epoch 64.0)
EarlyStopping counter: 2 out of 25
[Save Checkpoint] epoch: [64.0], Train: total:7011.90625, BCE:-29.22859, KLD:7041.13818,Test: total:27808.28125, BCE:-29.63795, KLD:27837.91992
=> saved checkpoint 'checkpoints_CNN/mnist_VAE_s10_v25_SE/last' (iter 17550, epoch 65.0)
=> saved checkpoint 'checkpoint_scores_CNN/mnist_VAE_s10_v25_SE/last' (iter 17550, epoch 65.0)
EarlyStopping counter: 3 out of 25
[Save Checkpoint] epoch: [65.0], Train: total:7025.45410, BCE:-29.22240, KLD:7054.67773,Test: total:27863.60742, BCE:-29.64908, KLD:27893.25977
=> saved checkpoint 'checkpoints_CNN/mnist_VAE_s10_v25_SE/last' (iter 17820, epoch 66.0)
=> saved checkpoint 'checkpoint_scores_CNN/mnist_VAE_s10_v25_SE/last' (iter 17820, epoch 66.0)
EarlyStopping counter: 4 out of 25
[Save Checkpoint] epoch: [66.0], Train: total:7024.18457, BCE:-29.27312, KLD:7053.45605,Test: total:27853.91602, BCE:-29.69309, KLD:27883.60938
Epoch    67: reducing learning rate of group 0 to 8.0000e-06.
=> saved checkpoint 'checkpoints_CNN/mnist_VAE_s10_v25_SE/last' (iter 18090, epoch 67.0)
=> saved checkpoint 'checkpoint_scores_CNN/mnist_VAE_s10_v25_SE/last' (iter 18090, epoch 67.0)
EarlyStopping counter: 5 out of 25
[Save Checkpoint] epoch: [67.0], Train: total:6998.17139, BCE:-29.22223, KLD:7027.39258,Test: total:27753.02148, BCE:-29.65529, KLD:27782.67773
=> saved checkpoint 'checkpoints_CNN/mnist_VAE_s10_v25_SE/last' (iter 18360, epoch 68.0)
=> saved checkpoint 'checkpoint_scores_CNN/mnist_VAE_s10_v25_SE/last' (iter 18360, epoch 68.0)
EarlyStopping counter: 6 out of 25
[Save Checkpoint] epoch: [68.0], Train: total:7016.34570, BCE:-29.29161, KLD:7045.63428,Test: total:27824.95117, BCE:-29.71553, KLD:27854.66602
=> saved checkpoint 'checkpoints_CNN/mnist_VAE_s10_v25_SE/last' (iter 18630, epoch 69.0)
=> saved checkpoint 'checkpoint_scores_CNN/mnist_VAE_s10_v25_SE/last' (iter 18630, epoch 69.0)
EarlyStopping counter: 7 out of 25
[Save Checkpoint] epoch: [69.0], Train: total:7027.58691, BCE:-29.28719, KLD:7056.87451,Test: total:27870.59961, BCE:-29.71242, KLD:27900.31055
=> saved checkpoint 'checkpoints_CNN/mnist_VAE_s10_v25_SE/last' (iter 18900, epoch 70.0)
=> saved checkpoint 'checkpoint_scores_CNN/mnist_VAE_s10_v25_SE/last' (iter 18900, epoch 70.0)
EarlyStopping counter: 8 out of 25
[Save Checkpoint] epoch: [70.0], Train: total:7030.02686, BCE:-29.29906, KLD:7059.32129,Test: total:27880.04492, BCE:-29.71638, KLD:27909.76367
=> saved checkpoint 'checkpoints_CNN/mnist_VAE_s10_v25_SE/last' (iter 19170, epoch 71.0)
=> saved checkpoint 'checkpoint_scores_CNN/mnist_VAE_s10_v25_SE/last' (iter 19170, epoch 71.0)
EarlyStopping counter: 9 out of 25
[Save Checkpoint] epoch: [71.0], Train: total:7039.95459, BCE:-29.33768, KLD:7069.29639,Test: total:27919.80078, BCE:-29.75541, KLD:27949.55273
Epoch    72: reducing learning rate of group 0 to 1.6000e-06.
=> saved checkpoint 'checkpoints_CNN/mnist_VAE_s10_v25_SE/last' (iter 19440, epoch 72.0)
=> saved checkpoint 'checkpoint_scores_CNN/mnist_VAE_s10_v25_SE/last' (iter 19440, epoch 72.0)
EarlyStopping counter: 10 out of 25
[Save Checkpoint] epoch: [72.0], Train: total:7023.14795, BCE:-29.31423, KLD:7052.46240,Test: total:27851.22266, BCE:-29.73682, KLD:27880.95898
=> saved checkpoint 'checkpoints_CNN/mnist_VAE_s10_v25_SE/last' (iter 19710, epoch 73.0)
=> saved checkpoint 'checkpoint_scores_CNN/mnist_VAE_s10_v25_SE/last' (iter 19710, epoch 73.0)
[Save Checkpoint] epoch: [73.0], Train: total:7022.78027, BCE:-29.33575, KLD:7052.11572,Test: total:27850.39062, BCE:-29.74920, KLD:27880.13867
=> saved checkpoint 'checkpoints_CNN/mnist_VAE_s10_v25_SE/last' (iter 19980, epoch 74.0)
=> saved checkpoint 'checkpoint_scores_CNN/mnist_VAE_s10_v25_SE/last' (iter 19980, epoch 74.0)
EarlyStopping counter: 1 out of 25
[Save Checkpoint] epoch: [74.0], Train: total:7022.82568, BCE:-29.36135, KLD:7052.18457,Test: total:27850.85742, BCE:-29.76138, KLD:27880.61914
=> saved checkpoint 'checkpoints_CNN/mnist_VAE_s10_v25_SE/last' (iter 20250, epoch 75.0)
=> saved checkpoint 'checkpoint_scores_CNN/mnist_VAE_s10_v25_SE/last' (iter 20250, epoch 75.0)
EarlyStopping counter: 2 out of 25
[Save Checkpoint] epoch: [75.0], Train: total:7023.62744, BCE:-29.37039, KLD:7052.99707,Test: total:27854.18164, BCE:-29.78338, KLD:27883.96289
=> saved checkpoint 'checkpoints_CNN/mnist_VAE_s10_v25_SE/last' (iter 20520, epoch 76.0)
=> saved checkpoint 'checkpoint_scores_CNN/mnist_VAE_s10_v25_SE/last' (iter 20520, epoch 76.0)
EarlyStopping counter: 3 out of 25
[Save Checkpoint] epoch: [76.0], Train: total:7026.07373, BCE:-29.36942, KLD:7055.44775,Test: total:27864.21680, BCE:-29.76501, KLD:27893.98242
=> saved checkpoint 'checkpoints_CNN/mnist_VAE_s10_v25_SE/last' (iter 20790, epoch 77.0)
=> saved checkpoint 'checkpoint_scores_CNN/mnist_VAE_s10_v25_SE/last' (iter 20790, epoch 77.0)
EarlyStopping counter: 4 out of 25
[Save Checkpoint] epoch: [77.0], Train: total:7030.52930, BCE:-29.37244, KLD:7059.90088,Test: total:27882.19141, BCE:-29.79548, KLD:27911.98242
Epoch    78: reducing learning rate of group 0 to 1.0000e-06.
=> saved checkpoint 'checkpoints_CNN/mnist_VAE_s10_v25_SE/last' (iter 21060, epoch 78.0)
=> saved checkpoint 'checkpoint_scores_CNN/mnist_VAE_s10_v25_SE/last' (iter 21060, epoch 78.0)
EarlyStopping counter: 5 out of 25
[Save Checkpoint] epoch: [78.0], Train: total:7025.58203, BCE:-29.37586, KLD:7054.96191,Test: total:27862.82617, BCE:-29.79146, KLD:27892.61523
=> saved checkpoint 'checkpoints_CNN/mnist_VAE_s10_v25_SE/last' (iter 21330, epoch 79.0)
=> saved checkpoint 'checkpoint_scores_CNN/mnist_VAE_s10_v25_SE/last' (iter 21330, epoch 79.0)
EarlyStopping counter: 6 out of 25
[Save Checkpoint] epoch: [79.0], Train: total:7026.84131, BCE:-29.38254, KLD:7056.22510,Test: total:27867.86914, BCE:-29.79191, KLD:27897.66211
=> saved checkpoint 'checkpoints_CNN/mnist_VAE_s10_v25_SE/last' (iter 21600, epoch 80.0)
=> saved checkpoint 'checkpoint_scores_CNN/mnist_VAE_s10_v25_SE/last' (iter 21600, epoch 80.0)
EarlyStopping counter: 7 out of 25
[Save Checkpoint] epoch: [80.0], Train: total:7029.25586, BCE:-29.38601, KLD:7058.63818,Test: total:27877.57812, BCE:-29.81206, KLD:27907.39453
=> saved checkpoint 'checkpoints_CNN/mnist_VAE_s10_v25_SE/last' (iter 21870, epoch 81.0)
=> saved checkpoint 'checkpoint_scores_CNN/mnist_VAE_s10_v25_SE/last' (iter 21870, epoch 81.0)
EarlyStopping counter: 8 out of 25
[Save Checkpoint] epoch: [81.0], Train: total:7027.95166, BCE:-29.39389, KLD:7057.34717,Test: total:27872.34375, BCE:-29.79740, KLD:27902.14062
=> saved checkpoint 'checkpoints_CNN/mnist_VAE_s10_v25_SE/last' (iter 22140, epoch 82.0)
=> saved checkpoint 'checkpoint_scores_CNN/mnist_VAE_s10_v25_SE/last' (iter 22140, epoch 82.0)
EarlyStopping counter: 9 out of 25
[Save Checkpoint] epoch: [82.0], Train: total:7026.83301, BCE:-29.39458, KLD:7056.22461,Test: total:27868.03125, BCE:-29.82093, KLD:27897.85352
=> saved checkpoint 'checkpoints_CNN/mnist_VAE_s10_v25_SE/last' (iter 22410, epoch 83.0)
=> saved checkpoint 'checkpoint_scores_CNN/mnist_VAE_s10_v25_SE/last' (iter 22410, epoch 83.0)
EarlyStopping counter: 10 out of 25
[Save Checkpoint] epoch: [83.0], Train: total:7028.42773, BCE:-29.39977, KLD:7057.83105,Test: total:27874.55664, BCE:-29.81272, KLD:27904.37305
=> saved checkpoint 'checkpoints_CNN/mnist_VAE_s10_v25_SE/last' (iter 22680, epoch 84.0)
=> saved checkpoint 'checkpoint_scores_CNN/mnist_VAE_s10_v25_SE/last' (iter 22680, epoch 84.0)
EarlyStopping counter: 11 out of 25
[Save Checkpoint] epoch: [84.0], Train: total:7025.34766, BCE:-29.39557, KLD:7054.74463,Test: total:27862.26953, BCE:-29.80966, KLD:27892.07812
=> saved checkpoint 'checkpoints_CNN/mnist_VAE_s10_v25_SE/last' (iter 22950, epoch 85.0)
=> saved checkpoint 'checkpoint_scores_CNN/mnist_VAE_s10_v25_SE/last' (iter 22950, epoch 85.0)
EarlyStopping counter: 12 out of 25
[Save Checkpoint] epoch: [85.0], Train: total:7026.77490, BCE:-29.39750, KLD:7056.17139,Test: total:27867.78516, BCE:-29.81518, KLD:27897.59961
=> saved checkpoint 'checkpoints_CNN/mnist_VAE_s10_v25_SE/last' (iter 23220, epoch 86.0)
=> saved checkpoint 'checkpoint_scores_CNN/mnist_VAE_s10_v25_SE/last' (iter 23220, epoch 86.0)
[Save Checkpoint] epoch: [86.0], Train: total:7027.79688, BCE:-29.40458, KLD:7057.19971,Test: total:27871.95703, BCE:-29.82064, KLD:27901.77539
=> saved checkpoint 'checkpoints_CNN/mnist_VAE_s10_v25_SE/last' (iter 23490, epoch 87.0)
=> saved checkpoint 'checkpoint_scores_CNN/mnist_VAE_s10_v25_SE/last' (iter 23490, epoch 87.0)
EarlyStopping counter: 1 out of 25
[Save Checkpoint] epoch: [87.0], Train: total:7029.87500, BCE:-29.40911, KLD:7059.28516,Test: total:27879.97266, BCE:-29.80973, KLD:27909.78516
=> saved checkpoint 'checkpoints_CNN/mnist_VAE_s10_v25_SE/last' (iter 23760, epoch 88.0)
=> saved checkpoint 'checkpoint_scores_CNN/mnist_VAE_s10_v25_SE/last' (iter 23760, epoch 88.0)
EarlyStopping counter: 2 out of 25
[Save Checkpoint] epoch: [88.0], Train: total:7025.77832, BCE:-29.40059, KLD:7055.17725,Test: total:27863.70703, BCE:-29.82636, KLD:27893.52930
=> saved checkpoint 'checkpoints_CNN/mnist_VAE_s10_v25_SE/last' (iter 24030, epoch 89.0)
=> saved checkpoint 'checkpoint_scores_CNN/mnist_VAE_s10_v25_SE/last' (iter 24030, epoch 89.0)
EarlyStopping counter: 3 out of 25
[Save Checkpoint] epoch: [89.0], Train: total:7027.80615, BCE:-29.40313, KLD:7057.21045,Test: total:27871.99805, BCE:-29.80782, KLD:27901.80273
=> saved checkpoint 'checkpoints_CNN/mnist_VAE_s10_v25_SE/last' (iter 24300, epoch 90.0)
=> saved checkpoint 'checkpoint_scores_CNN/mnist_VAE_s10_v25_SE/last' (iter 24300, epoch 90.0)
EarlyStopping counter: 4 out of 25
[Save Checkpoint] epoch: [90.0], Train: total:7026.61768, BCE:-29.40500, KLD:7056.02148,Test: total:27867.22266, BCE:-29.83558, KLD:27897.05664
=> saved checkpoint 'checkpoints_CNN/mnist_VAE_s10_v25_SE/last' (iter 24570, epoch 91.0)
=> saved checkpoint 'checkpoint_scores_CNN/mnist_VAE_s10_v25_SE/last' (iter 24570, epoch 91.0)
EarlyStopping counter: 5 out of 25
[Save Checkpoint] epoch: [91.0], Train: total:7028.79834, BCE:-29.40371, KLD:7058.20166,Test: total:27875.84961, BCE:-29.81332, KLD:27905.66211
=> saved checkpoint 'checkpoints_CNN/mnist_VAE_s10_v25_SE/last' (iter 24840, epoch 92.0)
=> saved checkpoint 'checkpoint_scores_CNN/mnist_VAE_s10_v25_SE/last' (iter 24840, epoch 92.0)
EarlyStopping counter: 6 out of 25
[Save Checkpoint] epoch: [92.0], Train: total:7025.31348, BCE:-29.40441, KLD:7054.72070,Test: total:27862.09180, BCE:-29.83576, KLD:27891.92773
=> saved checkpoint 'checkpoints_CNN/mnist_VAE_s10_v25_SE/last' (iter 25110, epoch 93.0)
=> saved checkpoint 'checkpoint_scores_CNN/mnist_VAE_s10_v25_SE/last' (iter 25110, epoch 93.0)
EarlyStopping counter: 7 out of 25
[Save Checkpoint] epoch: [93.0], Train: total:7024.01611, BCE:-29.40265, KLD:7053.42383,Test: total:27856.59961, BCE:-29.84880, KLD:27886.45117
=> saved checkpoint 'checkpoints_CNN/mnist_VAE_s10_v25_SE/last' (iter 25380, epoch 94.0)
=> saved checkpoint 'checkpoint_scores_CNN/mnist_VAE_s10_v25_SE/last' (iter 25380, epoch 94.0)
EarlyStopping counter: 8 out of 25
[Save Checkpoint] epoch: [94.0], Train: total:7025.31104, BCE:-29.40759, KLD:7054.71973,Test: total:27861.75391, BCE:-29.81483, KLD:27891.56641
=> saved checkpoint 'checkpoints_CNN/mnist_VAE_s10_v25_SE/last' (iter 25650, epoch 95.0)
=> saved checkpoint 'checkpoint_scores_CNN/mnist_VAE_s10_v25_SE/last' (iter 25650, epoch 95.0)
EarlyStopping counter: 9 out of 25
[Save Checkpoint] epoch: [95.0], Train: total:7024.82373, BCE:-29.40539, KLD:7054.22754,Test: total:27859.72852, BCE:-29.85553, KLD:27889.58203
=> saved checkpoint 'checkpoints_CNN/mnist_VAE_s10_v25_SE/last' (iter 25920, epoch 96.0)
=> saved checkpoint 'checkpoint_scores_CNN/mnist_VAE_s10_v25_SE/last' (iter 25920, epoch 96.0)
EarlyStopping counter: 10 out of 25
[Save Checkpoint] epoch: [96.0], Train: total:7021.38428, BCE:-29.40996, KLD:7050.79395,Test: total:27846.44336, BCE:-29.82590, KLD:27876.26953
=> saved checkpoint 'checkpoints_CNN/mnist_VAE_s10_v25_SE/last' (iter 26190, epoch 97.0)
=> saved checkpoint 'checkpoint_scores_CNN/mnist_VAE_s10_v25_SE/last' (iter 26190, epoch 97.0)
EarlyStopping counter: 11 out of 25
[Save Checkpoint] epoch: [97.0], Train: total:7023.92432, BCE:-29.40269, KLD:7053.32715,Test: total:27856.14453, BCE:-29.83582, KLD:27885.98242
=> saved checkpoint 'checkpoints_CNN/mnist_VAE_s10_v25_SE/last' (iter 26460, epoch 98.0)
=> saved checkpoint 'checkpoint_scores_CNN/mnist_VAE_s10_v25_SE/last' (iter 26460, epoch 98.0)
EarlyStopping counter: 12 out of 25
[Save Checkpoint] epoch: [98.0], Train: total:7025.35498, BCE:-29.40881, KLD:7054.76025,Test: total:27861.49805, BCE:-29.83175, KLD:27891.32812
=> saved checkpoint 'checkpoints_CNN/mnist_VAE_s10_v25_SE/last' (iter 26730, epoch 99.0)
=> saved checkpoint 'checkpoint_scores_CNN/mnist_VAE_s10_v25_SE/last' (iter 26730, epoch 99.0)
EarlyStopping counter: 13 out of 25
[Save Checkpoint] epoch: [99.0], Train: total:7024.58496, BCE:-29.41208, KLD:7053.99609,Test: total:27858.54102, BCE:-29.85260, KLD:27888.39062
=> saved checkpoint 'checkpoints_CNN/mnist_VAE_s10_v25_SE/last' (iter 27000, epoch 100.0)
=> saved checkpoint 'checkpoint_scores_CNN/mnist_VAE_s10_v25_SE/last' (iter 27000, epoch 100.0)
EarlyStopping counter: 14 out of 25
[Save Checkpoint] epoch: [100.0], Train: total:7024.45068, BCE:-29.40446, KLD:7053.85596,Test: total:27857.95117, BCE:-29.82355, KLD:27887.77539
[Training Finished]
All done !
