31
--gpu_devices 0 --max_iter 100 --batch_size 250 --use_scheduler True --lr 1e-3 --GMP True --z_struct_size 10 --is_VAE True --is_encoder_struct False --lambda_BCE 1 --beta 1 --big_kernel_size 8 --two_conv_layer True --three_conv_layer True --kernel_size_1 4 --kernel_size_2 4 --kernel_size_3 4 --BK_in_first_layer True --BK_in_second_layer False --BK_in_third_layer False --stride_size 1 --hidden_filters_layer1 64 --hidden_filters_layer2 64 --hidden_filters_layer3 64 --dataset_balanced True --binary_z True --binary_first_conv False --binary_second_conv False --binary_third_conv True --z_var_size 30 --z_struct_size 30 --use_small_lr_encoder_var True --encoder_var_name mnist_vae_var_2cb_30 --encoder_struct_name mnist_struct_baseline_scheduler_binary_30 --both_decoders_freeze True --freeze_Encoder True --exp_name mnist_VAE_s30_v30_BF
Namespace(BK_in_first_layer=True, BK_in_second_layer=False, BK_in_third_layer=False, BN=False, C_max=25, C_stop_iter=100000.0, E1_AE=False, E1_VAE=False, E1_conv=False, E1_dense=False, E1_second_conv=False, E1_second_conv_adapt=False, GMP=True, Hmg_dst_loss=False, IPC=False, L1_norm_act=False, L1_norm_weights=False, L3_without_random=False, LOG_DIR='logs', adapt_lr=False, add_classification_layer=True, add_linear_after_GMP=True, add_z_struct_bottleneck=False, alpha=32, batch_size=250, beta=1.0, beta1=0.9, beta2=0.999, big_kernel=False, big_kernel_size=8, binary_chain=False, binary_first_conv=False, binary_second_conv=False, binary_third_conv=True, binary_z=True, both_decoders_freeze=True, ckpt_dir='checkpoints_CNN', ckpt_dir_scores='checkpoint_scores_CNN', classif_layer_size=30, contrastive_loss=False, cuda=True, dataset='mnist', dataset_balanced=True, decoder_first_dense=36, decoder_kernel_size_1=4, decoder_kernel_size_2=3, decoder_kernel_size_3=4, decoder_n_filter_1=64, decoder_n_filter_2=64, decoder_n_filter_3=64, decoder_stride_1=2, decoder_stride_2=2, decoder_stride_3=1, diff_var=False, display_step=10000, dset_dir='data', encoder_struct_name='mnist_struct_baseline_scheduler_binary_30', encoder_var_name='mnist_vae_var_2cb_30', exp_name='mnist_VAE_s30_v30_BF', freeze_Encoder=True, gamma=1000, gpu_devices=[0], hidden_filters_layer1=64, hidden_filters_layer2=64, hidden_filters_layer3=64, image_size=64, intra_class_variance_loss=False, is_C=True, is_E1=False, is_VAE=True, is_VAE_var=False, is_binary_structural_latent=False, is_custom_model=False, is_custom_model_BK=False, is_default_model=False, is_encoder_struct=False, is_noise_stats=False, is_partial_rand_class=False, is_perturbed_score=False, is_zvar_sim_loss=False, just_train=False, kernel_size=4, kernel_size_1=4, kernel_size_2=4, kernel_size_3=4, lambda_BCE=1.0, lambda_Kl_struct=1, lambda_Kl_var=1, lambda_L1=0.01, lambda_VAE=1, lambda_class=1, lambda_contrastive_loss=1, lambda_distance_mean=1, lambda_hmg_dst=1, lambda_intra_class_var=1, lambda_partial_class=1, lambda_ratio_reg=1, lambda_recon_wt_rand=1, lambda_recons=1, lambda_uniq_code_dst=1, lambda_var_distance=1, lambda_var_inter=1, lambda_var_intra=1, lambda_zvar_sim=1, latent_spec_cont=None, latent_spec_cont_class=None, latent_spec_cont_var=None, latent_spec_disc=None, latent_spec_disc_class=None, latent_spec_disc_var=None, log_level='info', loss='Proxy_Anchor', loss_distance_mean=False, loss_min_distance_cl=False, lr=0.001, max_epoch_use_uniq_code_target=5, max_iter=100.0, model='CNN', mrg=0.1, nb_epochs_train_only_zvar=0, num_workers=2, old_weighted=False, optimizer='adamw', other_architecture=False, other_ratio=False, random_percentage=0.2, random_seed=10, randomness=True, ratio_reg=False, remark='', save_step=10000, second_layer_C=False, seed=1, stride_size=1, sz_embedding=5, three_conv_layer=True, train=True, train_var_struct_alternatively=False, two_conv_layer=True, two_encoder=False, uniq_code_dst_loss=False, use_VAE=False, use_decoder=False, use_early_stopping=True, use_scheduler=True, use_small_lr_encoder_var=True, use_structural_encoder=False, value_target_distance_mean=1, var_hidden_dim=256, var_hidden_filters_1=32, var_hidden_filters_2=32, var_hidden_filters_3=32, var_kernel_size_1=3, var_kernel_size_2=3, var_kernel_size_3=3, var_second_cnn_block=False, var_stride_size_1=1, var_stride_size_2=1, var_stride_size_3=1, var_third_cnn_block=False, var_three_conv_layer=False, warm=1, without_acc=False, z_struct_size=30, z_var_size=30, zeros_W_Classif=False, zvar_sim_change_zvar=False, zvar_sim_loss_for_all_model=False, zvar_sim_loss_only_for_encoder=False, zvar_sim_normal=False, zvar_sim_var_rand=False)
CUDA Visible devices !
[Using Seed: 10]
Balanced dataset loaded
=> no checkpoint found at 'checkpoints_CNN/mnist_VAE_s30_v30_BF/last'
VAE doesn't exist but encoder var yes ! load var encoder weighs !
use 1 gpu who named: Tesla V100-SXM2-32GB
Weighs loaded for var encoder !
VAE doesn't exist but encoder struct yes ! load struct encoder weighs !
use 1 gpu who named: Tesla V100-SXM2-32GB
Weighs loaded for struct encoder !
VAE(
  (encoder_struct): Sequential(
    (0): Conv2d(1, 64, kernel_size=(8, 8), stride=(1, 1))
    (1): BatchNorm2d(64, eps=1e-05, momentum=0.1, affine=True, track_running_stats=True)
    (2): ReLU(inplace=True)
    (3): Conv2d(64, 64, kernel_size=(4, 4), stride=(1, 1))
    (4): BatchNorm2d(64, eps=1e-05, momentum=0.1, affine=True, track_running_stats=True)
    (5): ReLU(inplace=True)
    (6): Conv2d(64, 30, kernel_size=(4, 4), stride=(1, 1))
    (7): DeterministicBinaryActivation(
      (act): Hardsigmoid(
        (act): Hardtanh(min_val=-1.0, max_val=1.0)
      )
    )
    (8): AdaptiveMaxPool2d(output_size=(1, 1))
    (9): View()
  )
  (encoder_var): Sequential(
    (0): Conv2d(1, 32, kernel_size=(3, 3), stride=(1, 1))
    (1): ReLU(inplace=True)
    (2): BatchNorm2d(32, eps=1e-05, momentum=0.1, affine=True, track_running_stats=True)
    (3): Conv2d(32, 32, kernel_size=(3, 3), stride=(1, 1))
    (4): ReLU(inplace=True)
    (5): BatchNorm2d(32, eps=1e-05, momentum=0.1, affine=True, track_running_stats=True)
    (6): Conv2d(32, 32, kernel_size=(5, 5), stride=(2, 2), padding=(2, 2))
    (7): ReLU(inplace=True)
    (8): BatchNorm2d(32, eps=1e-05, momentum=0.1, affine=True, track_running_stats=True)
    (9): Dropout(p=0.4, inplace=False)
    (10): View()
    (11): Linear(in_features=6272, out_features=60, bias=True)
  )
  (decoder): Sequential(
    (0): Linear(in_features=60, out_features=6272, bias=True)
    (1): ReLU(inplace=True)
    (2): View()
    (3): ConvTranspose2d(32, 32, kernel_size=(4, 4), stride=(2, 2), padding=(1, 1))
    (4): ReLU(inplace=True)
    (5): ConvTranspose2d(32, 32, kernel_size=(3, 3), stride=(1, 1))
    (6): ReLU(inplace=True)
    (7): ConvTranspose2d(32, 1, kernel_size=(3, 3), stride=(1, 1))
    (8): Sigmoid()
  )
)
The number of parameters of model is 921083
use smaller lr for encoder var !
=> saved checkpoint 'checkpoints_CNN/mnist_VAE_s30_v30_BF/last' (iter 270, epoch 1.0)
=> saved checkpoint 'checkpoint_scores_CNN/mnist_VAE_s30_v30_BF/last' (iter 270, epoch 1.0)
[Save Checkpoint] epoch: [1.0], Train: total:13787.61328, BCE:0.13992, KLD:13787.46875,Test: total:54780.65625, BCE:0.27790, KLD:54780.38281
=> saved checkpoint 'checkpoints_CNN/mnist_VAE_s30_v30_BF/last' (iter 540, epoch 2.0)
=> saved checkpoint 'checkpoint_scores_CNN/mnist_VAE_s30_v30_BF/last' (iter 540, epoch 2.0)
EarlyStopping counter: 1 out of 25
[Save Checkpoint] epoch: [2.0], Train: total:13787.45703, BCE:-0.01729, KLD:13787.46875,Test: total:54780.50000, BCE:0.12222, KLD:54780.38281
=> saved checkpoint 'checkpoints_CNN/mnist_VAE_s30_v30_BF/last' (iter 810, epoch 3.0)
=> saved checkpoint 'checkpoint_scores_CNN/mnist_VAE_s30_v30_BF/last' (iter 810, epoch 3.0)
[Save Checkpoint] epoch: [3.0], Train: total:13787.38379, BCE:-0.09583, KLD:13787.46875,Test: total:54780.41406, BCE:0.03622, KLD:54780.38281
=> saved checkpoint 'checkpoints_CNN/mnist_VAE_s30_v30_BF/last' (iter 1080, epoch 4.0)
=> saved checkpoint 'checkpoint_scores_CNN/mnist_VAE_s30_v30_BF/last' (iter 1080, epoch 4.0)
EarlyStopping counter: 1 out of 25
[Save Checkpoint] epoch: [4.0], Train: total:13787.32227, BCE:-0.15329, KLD:13787.46875,Test: total:54780.37109, BCE:-0.01186, KLD:54780.38281
=> saved checkpoint 'checkpoints_CNN/mnist_VAE_s30_v30_BF/last' (iter 1350, epoch 5.0)
=> saved checkpoint 'checkpoint_scores_CNN/mnist_VAE_s30_v30_BF/last' (iter 1350, epoch 5.0)
[Save Checkpoint] epoch: [5.0], Train: total:13787.28711, BCE:-0.19023, KLD:13787.46875,Test: total:54780.32422, BCE:-0.05785, KLD:54780.38281
=> saved checkpoint 'checkpoints_CNN/mnist_VAE_s30_v30_BF/last' (iter 1620, epoch 6.0)
=> saved checkpoint 'checkpoint_scores_CNN/mnist_VAE_s30_v30_BF/last' (iter 1620, epoch 6.0)
EarlyStopping counter: 1 out of 25
[Save Checkpoint] epoch: [6.0], Train: total:13787.25488, BCE:-0.22317, KLD:13787.46875,Test: total:54780.30078, BCE:-0.07877, KLD:54780.38281
=> saved checkpoint 'checkpoints_CNN/mnist_VAE_s30_v30_BF/last' (iter 1890, epoch 7.0)
=> saved checkpoint 'checkpoint_scores_CNN/mnist_VAE_s30_v30_BF/last' (iter 1890, epoch 7.0)
[Save Checkpoint] epoch: [7.0], Train: total:13787.22168, BCE:-0.25320, KLD:13787.46875,Test: total:54780.28125, BCE:-0.09372, KLD:54780.38281
=> saved checkpoint 'checkpoints_CNN/mnist_VAE_s30_v30_BF/last' (iter 2160, epoch 8.0)
=> saved checkpoint 'checkpoint_scores_CNN/mnist_VAE_s30_v30_BF/last' (iter 2160, epoch 8.0)
EarlyStopping counter: 1 out of 25
[Save Checkpoint] epoch: [8.0], Train: total:13787.19238, BCE:-0.28061, KLD:13787.46875,Test: total:54780.23047, BCE:-0.13984, KLD:54780.38281
=> saved checkpoint 'checkpoints_CNN/mnist_VAE_s30_v30_BF/last' (iter 2430, epoch 9.0)
=> saved checkpoint 'checkpoint_scores_CNN/mnist_VAE_s30_v30_BF/last' (iter 2430, epoch 9.0)
EarlyStopping counter: 2 out of 25
[Save Checkpoint] epoch: [9.0], Train: total:13787.17676, BCE:-0.29513, KLD:13787.46875,Test: total:54780.22656, BCE:-0.15296, KLD:54780.38281
=> saved checkpoint 'checkpoints_CNN/mnist_VAE_s30_v30_BF/last' (iter 2700, epoch 10.0)
=> saved checkpoint 'checkpoint_scores_CNN/mnist_VAE_s30_v30_BF/last' (iter 2700, epoch 10.0)
EarlyStopping counter: 3 out of 25
[Save Checkpoint] epoch: [10.0], Train: total:13787.15918, BCE:-0.31557, KLD:13787.46875,Test: total:54780.18750, BCE:-0.18688, KLD:54780.38281
=> saved checkpoint 'checkpoints_CNN/mnist_VAE_s30_v30_BF/last' (iter 2970, epoch 11.0)
=> saved checkpoint 'checkpoint_scores_CNN/mnist_VAE_s30_v30_BF/last' (iter 2970, epoch 11.0)
EarlyStopping counter: 4 out of 25
[Save Checkpoint] epoch: [11.0], Train: total:13787.14160, BCE:-0.33083, KLD:13787.46875,Test: total:54780.19922, BCE:-0.17554, KLD:54780.38281
Epoch    12: reducing learning rate of group 0 to 2.0000e-04.
Epoch    12: reducing learning rate of group 1 to 2.0000e-06.
=> saved checkpoint 'checkpoints_CNN/mnist_VAE_s30_v30_BF/last' (iter 3240, epoch 12.0)
=> saved checkpoint 'checkpoint_scores_CNN/mnist_VAE_s30_v30_BF/last' (iter 3240, epoch 12.0)
EarlyStopping counter: 5 out of 25
[Save Checkpoint] epoch: [12.0], Train: total:13787.11914, BCE:-0.35461, KLD:13787.46875,Test: total:54780.18359, BCE:-0.19923, KLD:54780.38281
=> saved checkpoint 'checkpoints_CNN/mnist_VAE_s30_v30_BF/last' (iter 3510, epoch 13.0)
=> saved checkpoint 'checkpoint_scores_CNN/mnist_VAE_s30_v30_BF/last' (iter 3510, epoch 13.0)
EarlyStopping counter: 6 out of 25
[Save Checkpoint] epoch: [13.0], Train: total:13787.12012, BCE:-0.35237, KLD:13787.46875,Test: total:54780.16797, BCE:-0.21125, KLD:54780.38281
=> saved checkpoint 'checkpoints_CNN/mnist_VAE_s30_v30_BF/last' (iter 3780, epoch 14.0)
=> saved checkpoint 'checkpoint_scores_CNN/mnist_VAE_s30_v30_BF/last' (iter 3780, epoch 14.0)
EarlyStopping counter: 7 out of 25
[Save Checkpoint] epoch: [14.0], Train: total:13787.12207, BCE:-0.35261, KLD:13787.46875,Test: total:54780.15625, BCE:-0.21938, KLD:54780.38281
=> saved checkpoint 'checkpoints_CNN/mnist_VAE_s30_v30_BF/last' (iter 4050, epoch 15.0)
=> saved checkpoint 'checkpoint_scores_CNN/mnist_VAE_s30_v30_BF/last' (iter 4050, epoch 15.0)
EarlyStopping counter: 8 out of 25
[Save Checkpoint] epoch: [15.0], Train: total:13787.11328, BCE:-0.35903, KLD:13787.46875,Test: total:54780.18359, BCE:-0.20061, KLD:54780.38281
=> saved checkpoint 'checkpoints_CNN/mnist_VAE_s30_v30_BF/last' (iter 4320, epoch 16.0)
=> saved checkpoint 'checkpoint_scores_CNN/mnist_VAE_s30_v30_BF/last' (iter 4320, epoch 16.0)
EarlyStopping counter: 9 out of 25
[Save Checkpoint] epoch: [16.0], Train: total:13787.10840, BCE:-0.36606, KLD:13787.46875,Test: total:54780.16406, BCE:-0.21256, KLD:54780.38281
Epoch    17: reducing learning rate of group 0 to 4.0000e-05.
Epoch    17: reducing learning rate of group 1 to 1.0000e-06.
=> saved checkpoint 'checkpoints_CNN/mnist_VAE_s30_v30_BF/last' (iter 4590, epoch 17.0)
=> saved checkpoint 'checkpoint_scores_CNN/mnist_VAE_s30_v30_BF/last' (iter 4590, epoch 17.0)
EarlyStopping counter: 10 out of 25
[Save Checkpoint] epoch: [17.0], Train: total:13787.11133, BCE:-0.36947, KLD:13787.46875,Test: total:54780.17578, BCE:-0.20498, KLD:54780.38281
=> saved checkpoint 'checkpoints_CNN/mnist_VAE_s30_v30_BF/last' (iter 4860, epoch 18.0)
=> saved checkpoint 'checkpoint_scores_CNN/mnist_VAE_s30_v30_BF/last' (iter 4860, epoch 18.0)
EarlyStopping counter: 11 out of 25
[Save Checkpoint] epoch: [18.0], Train: total:13787.10449, BCE:-0.36990, KLD:13787.46875,Test: total:54780.15234, BCE:-0.22557, KLD:54780.38281
=> saved checkpoint 'checkpoints_CNN/mnist_VAE_s30_v30_BF/last' (iter 5130, epoch 19.0)
=> saved checkpoint 'checkpoint_scores_CNN/mnist_VAE_s30_v30_BF/last' (iter 5130, epoch 19.0)
EarlyStopping counter: 12 out of 25
[Save Checkpoint] epoch: [19.0], Train: total:13787.11230, BCE:-0.36766, KLD:13787.46875,Test: total:54780.16406, BCE:-0.21229, KLD:54780.38281
=> saved checkpoint 'checkpoints_CNN/mnist_VAE_s30_v30_BF/last' (iter 5400, epoch 20.0)
=> saved checkpoint 'checkpoint_scores_CNN/mnist_VAE_s30_v30_BF/last' (iter 5400, epoch 20.0)
EarlyStopping counter: 13 out of 25
[Save Checkpoint] epoch: [20.0], Train: total:13787.09668, BCE:-0.37391, KLD:13787.46875,Test: total:54780.15234, BCE:-0.23133, KLD:54780.38281
=> saved checkpoint 'checkpoints_CNN/mnist_VAE_s30_v30_BF/last' (iter 5670, epoch 21.0)
=> saved checkpoint 'checkpoint_scores_CNN/mnist_VAE_s30_v30_BF/last' (iter 5670, epoch 21.0)
EarlyStopping counter: 14 out of 25
[Save Checkpoint] epoch: [21.0], Train: total:13787.09863, BCE:-0.37353, KLD:13787.46875,Test: total:54780.15234, BCE:-0.22671, KLD:54780.38281
Epoch    22: reducing learning rate of group 0 to 8.0000e-06.
=> saved checkpoint 'checkpoints_CNN/mnist_VAE_s30_v30_BF/last' (iter 5940, epoch 22.0)
=> saved checkpoint 'checkpoint_scores_CNN/mnist_VAE_s30_v30_BF/last' (iter 5940, epoch 22.0)
EarlyStopping counter: 15 out of 25
[Save Checkpoint] epoch: [22.0], Train: total:13787.10352, BCE:-0.37427, KLD:13787.46875,Test: total:54780.15234, BCE:-0.22767, KLD:54780.38281
=> saved checkpoint 'checkpoints_CNN/mnist_VAE_s30_v30_BF/last' (iter 6210, epoch 23.0)
=> saved checkpoint 'checkpoint_scores_CNN/mnist_VAE_s30_v30_BF/last' (iter 6210, epoch 23.0)
EarlyStopping counter: 16 out of 25
[Save Checkpoint] epoch: [23.0], Train: total:13787.09961, BCE:-0.37281, KLD:13787.46875,Test: total:54780.15234, BCE:-0.23004, KLD:54780.38281
=> saved checkpoint 'checkpoints_CNN/mnist_VAE_s30_v30_BF/last' (iter 6480, epoch 24.0)
=> saved checkpoint 'checkpoint_scores_CNN/mnist_VAE_s30_v30_BF/last' (iter 6480, epoch 24.0)
EarlyStopping counter: 17 out of 25
[Save Checkpoint] epoch: [24.0], Train: total:13787.09570, BCE:-0.37848, KLD:13787.46875,Test: total:54780.14453, BCE:-0.23370, KLD:54780.38281
=> saved checkpoint 'checkpoints_CNN/mnist_VAE_s30_v30_BF/last' (iter 6750, epoch 25.0)
=> saved checkpoint 'checkpoint_scores_CNN/mnist_VAE_s30_v30_BF/last' (iter 6750, epoch 25.0)
EarlyStopping counter: 18 out of 25
[Save Checkpoint] epoch: [25.0], Train: total:13787.10156, BCE:-0.37449, KLD:13787.46875,Test: total:54780.15234, BCE:-0.22528, KLD:54780.38281
=> saved checkpoint 'checkpoints_CNN/mnist_VAE_s30_v30_BF/last' (iter 7020, epoch 26.0)
=> saved checkpoint 'checkpoint_scores_CNN/mnist_VAE_s30_v30_BF/last' (iter 7020, epoch 26.0)
EarlyStopping counter: 19 out of 25
[Save Checkpoint] epoch: [26.0], Train: total:13787.11035, BCE:-0.36709, KLD:13787.46875,Test: total:54780.14453, BCE:-0.23651, KLD:54780.38281
Epoch    27: reducing learning rate of group 0 to 1.6000e-06.
=> saved checkpoint 'checkpoints_CNN/mnist_VAE_s30_v30_BF/last' (iter 7290, epoch 27.0)
=> saved checkpoint 'checkpoint_scores_CNN/mnist_VAE_s30_v30_BF/last' (iter 7290, epoch 27.0)
EarlyStopping counter: 20 out of 25
[Save Checkpoint] epoch: [27.0], Train: total:13787.09863, BCE:-0.37783, KLD:13787.46875,Test: total:54780.15234, BCE:-0.22913, KLD:54780.38281
=> saved checkpoint 'checkpoints_CNN/mnist_VAE_s30_v30_BF/last' (iter 7560, epoch 28.0)
=> saved checkpoint 'checkpoint_scores_CNN/mnist_VAE_s30_v30_BF/last' (iter 7560, epoch 28.0)
EarlyStopping counter: 21 out of 25
[Save Checkpoint] epoch: [28.0], Train: total:13787.09766, BCE:-0.37745, KLD:13787.46875,Test: total:54780.13672, BCE:-0.24256, KLD:54780.38281
=> saved checkpoint 'checkpoints_CNN/mnist_VAE_s30_v30_BF/last' (iter 7830, epoch 29.0)
=> saved checkpoint 'checkpoint_scores_CNN/mnist_VAE_s30_v30_BF/last' (iter 7830, epoch 29.0)
EarlyStopping counter: 22 out of 25
[Save Checkpoint] epoch: [29.0], Train: total:13787.10742, BCE:-0.36888, KLD:13787.46875,Test: total:54780.17578, BCE:-0.20767, KLD:54780.38281
=> saved checkpoint 'checkpoints_CNN/mnist_VAE_s30_v30_BF/last' (iter 8100, epoch 30.0)
=> saved checkpoint 'checkpoint_scores_CNN/mnist_VAE_s30_v30_BF/last' (iter 8100, epoch 30.0)
EarlyStopping counter: 23 out of 25
[Save Checkpoint] epoch: [30.0], Train: total:13787.10059, BCE:-0.37406, KLD:13787.46875,Test: total:54780.16406, BCE:-0.21281, KLD:54780.38281
=> saved checkpoint 'checkpoints_CNN/mnist_VAE_s30_v30_BF/last' (iter 8370, epoch 31.0)
=> saved checkpoint 'checkpoint_scores_CNN/mnist_VAE_s30_v30_BF/last' (iter 8370, epoch 31.0)
EarlyStopping counter: 24 out of 25
[Save Checkpoint] epoch: [31.0], Train: total:13787.09766, BCE:-0.37966, KLD:13787.46875,Test: total:54780.15625, BCE:-0.22498, KLD:54780.38281
Epoch    32: reducing learning rate of group 0 to 1.0000e-06.
=> saved checkpoint 'checkpoints_CNN/mnist_VAE_s30_v30_BF/last' (iter 8640, epoch 32.0)
=> saved checkpoint 'checkpoint_scores_CNN/mnist_VAE_s30_v30_BF/last' (iter 8640, epoch 32.0)
EarlyStopping counter: 25 out of 25
[Save Checkpoint] epoch: [32.0], Train: total:13787.10449, BCE:-0.37193, KLD:13787.46875,Test: total:54780.15234, BCE:-0.23349, KLD:54780.38281
Early stopping
[Training Finished]
All done !
