9
--gpu_devices 0 --max_iter 100 --batch_size 32 --lr 1e-3 --use_scheduler True --use_VAE True --is_VAE_var True --z_var_size 5 --lambda_BCE 1 --beta 1 --var_second_cnn_block True --var_third_cnn_block True --exp_name mnist_vae_var_deeper_3cb_1
Namespace(BK_in_first_layer=True, BK_in_second_layer=False, BK_in_third_layer=False, BN=False, C_max=25, C_stop_iter=100000.0, E1_AE=False, E1_VAE=False, E1_conv=False, E1_dense=False, E1_second_conv=False, E1_second_conv_adapt=False, GMP=True, Hmg_dst_loss=False, IPC=False, L1_norm_act=False, L1_norm_weights=False, L3_without_random=False, LOG_DIR='logs', adapt_lr=False, add_classification_layer=True, add_linear_after_GMP=True, add_z_struct_bottleneck=False, alpha=32, batch_size=32, beta=1.0, beta1=0.9, beta2=0.999, big_kernel=False, big_kernel_size=8, binary_chain=False, binary_first_conv=False, binary_second_conv=False, binary_third_conv=False, binary_z=False, ckpt_dir='checkpoints_CNN', ckpt_dir_scores='checkpoint_scores_CNN', classif_layer_size=30, contrastive_loss=False, cuda=True, dataset='mnist', dataset_balanced=False, decoder_first_dense=36, decoder_kernel_size_1=4, decoder_kernel_size_2=3, decoder_kernel_size_3=4, decoder_n_filter_1=64, decoder_n_filter_2=64, decoder_n_filter_3=64, decoder_stride_1=2, decoder_stride_2=2, decoder_stride_3=1, diff_var=False, display_step=10000, dset_dir='data', exp_name='mnist_vae_var_deeper_3cb_1', freeze_Encoder=True, gamma=1000, gpu_devices=[0], hidden_filters_layer1=32, hidden_filters_layer2=32, hidden_filters_layer3=32, image_size=64, intra_class_variance_loss=False, is_C=True, is_E1=False, is_VAE_var=True, is_binary_structural_latent=False, is_custom_model=False, is_custom_model_BK=False, is_default_model=False, is_encoder_struct=False, is_noise_stats=False, is_partial_rand_class=False, is_perturbed_score=False, is_zvar_sim_loss=False, just_train=False, kernel_size=4, kernel_size_1=4, kernel_size_2=4, kernel_size_3=4, lambda_BCE=1.0, lambda_Kl_struct=1, lambda_Kl_var=1, lambda_L1=0.01, lambda_VAE=1, lambda_class=1, lambda_contrastive_loss=1, lambda_distance_mean=1, lambda_hmg_dst=1, lambda_intra_class_var=1, lambda_partial_class=1, lambda_ratio_reg=1, lambda_recon_wt_rand=1, lambda_recons=1, lambda_var_distance=1, lambda_var_inter=1, lambda_var_intra=1, lambda_zvar_sim=1, latent_spec_cont=None, latent_spec_cont_class=None, latent_spec_cont_var=None, latent_spec_disc=None, latent_spec_disc_class=None, latent_spec_disc_var=None, log_level='info', loss='Proxy_Anchor', loss_distance_mean=False, loss_min_distance_cl=False, lr=0.001, max_iter=100.0, model='CNN', mrg=0.1, nb_epochs_train_only_zvar=0, num_workers=2, old_weighted=False, optimizer='adamw', other_architecture=False, other_ratio=False, random_percentage=0.2, random_seed=10, randomness=True, ratio_reg=False, remark='', save_step=10000, second_layer_C=False, seed=1, stride_size=1, sz_embedding=5, three_conv_layer=False, train=True, train_var_struct_alternatively=False, two_conv_layer=True, two_encoder=False, use_VAE=True, use_decoder=False, use_early_stopping=True, use_scheduler=True, use_structural_encoder=False, value_target_distance_mean=1, var_hidden_dim=256, var_hidden_filters_1=32, var_hidden_filters_2=32, var_hidden_filters_3=32, var_kernel_size_1=3, var_kernel_size_2=3, var_kernel_size_3=3, var_second_cnn_block=True, var_stride_size_1=1, var_stride_size_2=1, var_stride_size_3=1, var_third_cnn_block=True, var_three_conv_layer=False, warm=1, without_acc=False, z_struct_size=32, z_var_size=5, zeros_W_Classif=False, zvar_sim_change_zvar=False, zvar_sim_loss_for_all_model=False, zvar_sim_loss_only_for_encoder=False, zvar_sim_normal=False, zvar_sim_var_rand=False)
CUDA Visible devices !
[Using Seed: 10]
Load Encoder struct weights for VAE
use 1 gpu who named: Tesla V100-SXM2-32GB
=> loaded sample_scores and losses
=> no checkpoint found at 'checkpoints_CNN/mnist_vae_var_deeper_3cb_1/last'
VAE_var(
  (encoder_var): Sequential(
    (0): Conv2d(1, 32, kernel_size=(3, 3), stride=(1, 1))
    (1): ReLU(inplace=True)
    (2): BatchNorm2d(32, eps=1e-05, momentum=0.1, affine=True, track_running_stats=True)
    (3): Conv2d(32, 32, kernel_size=(3, 3), stride=(1, 1))
    (4): ReLU(inplace=True)
    (5): BatchNorm2d(32, eps=1e-05, momentum=0.1, affine=True, track_running_stats=True)
    (6): Conv2d(32, 32, kernel_size=(5, 5), stride=(2, 2), padding=(2, 2))
    (7): ReLU(inplace=True)
    (8): BatchNorm2d(32, eps=1e-05, momentum=0.1, affine=True, track_running_stats=True)
    (9): Dropout(p=0.4, inplace=False)
    (10): Conv2d(32, 64, kernel_size=(3, 3), stride=(1, 1))
    (11): ReLU(inplace=True)
    (12): BatchNorm2d(64, eps=1e-05, momentum=0.1, affine=True, track_running_stats=True)
    (13): Conv2d(64, 64, kernel_size=(3, 3), stride=(1, 1))
    (14): ReLU(inplace=True)
    (15): BatchNorm2d(64, eps=1e-05, momentum=0.1, affine=True, track_running_stats=True)
    (16): Conv2d(64, 64, kernel_size=(5, 5), stride=(2, 2), padding=(2, 2))
    (17): ReLU(inplace=True)
    (18): BatchNorm2d(64, eps=1e-05, momentum=0.1, affine=True, track_running_stats=True)
    (19): Dropout(p=0.4, inplace=False)
    (20): Conv2d(64, 128, kernel_size=(4, 4), stride=(1, 1))
    (21): ReLU(inplace=True)
    (22): BatchNorm2d(128, eps=1e-05, momentum=0.1, affine=True, track_running_stats=True)
    (23): View()
    (24): Dropout(p=0.4, inplace=False)
    (25): Linear(in_features=512, out_features=10, bias=True)
  )
  (decoder_var): Sequential(
    (0): Linear(in_features=5, out_features=512, bias=True)
    (1): ReLU(inplace=True)
    (2): View()
    (3): ConvTranspose2d(128, 64, kernel_size=(4, 4), stride=(1, 1))
    (4): ReLU(inplace=True)
    (5): ConvTranspose2d(64, 64, kernel_size=(4, 4), stride=(2, 2), padding=(1, 1))
    (6): ReLU(inplace=True)
    (7): ConvTranspose2d(64, 64, kernel_size=(3, 3), stride=(1, 1))
    (8): ReLU(inplace=True)
    (9): ConvTranspose2d(64, 32, kernel_size=(3, 3), stride=(1, 1))
    (10): ReLU(inplace=True)
    (11): ConvTranspose2d(32, 32, kernel_size=(4, 4), stride=(2, 2), padding=(1, 1))
    (12): ReLU(inplace=True)
    (13): ConvTranspose2d(32, 32, kernel_size=(3, 3), stride=(1, 1))
    (14): ReLU(inplace=True)
    (15): ConvTranspose2d(32, 1, kernel_size=(3, 3), stride=(1, 1))
    (16): ReLU(inplace=True)
    (17): Sigmoid()
  )
)
The number of parameters of model is 611403
=> saved checkpoint 'checkpoints_CNN/mnist_vae_var_deeper_3cb_1/last' (iter 1875, epoch 1.0)
=> saved checkpoint 'checkpoint_scores_CNN/mnist_vae_var_deeper_3cb_1/last' (iter 1875, epoch 1.0)
[Save Checkpoint] epoch: [1.0], Train: total:0.74255, BCE:0.69315, KLD:0.04940,Test: total:2.24845, BCE:0.69315, KLD:1.55530
=> saved checkpoint 'checkpoints_CNN/mnist_vae_var_deeper_3cb_1/last' (iter 3750, epoch 2.0)
=> saved checkpoint 'checkpoint_scores_CNN/mnist_vae_var_deeper_3cb_1/last' (iter 3750, epoch 2.0)
[Save Checkpoint] epoch: [2.0], Train: total:0.69842, BCE:0.69315, KLD:0.00527,Test: total:0.85743, BCE:0.69315, KLD:0.16428
=> saved checkpoint 'checkpoints_CNN/mnist_vae_var_deeper_3cb_1/last' (iter 5625, epoch 3.0)
=> saved checkpoint 'checkpoint_scores_CNN/mnist_vae_var_deeper_3cb_1/last' (iter 5625, epoch 3.0)
EarlyStopping counter: 1 out of 20
[Save Checkpoint] epoch: [3.0], Train: total:0.76476, BCE:0.69315, KLD:0.07162,Test: total:2.99014, BCE:0.69315, KLD:2.29699
=> saved checkpoint 'checkpoints_CNN/mnist_vae_var_deeper_3cb_1/last' (iter 7500, epoch 4.0)
=> saved checkpoint 'checkpoint_scores_CNN/mnist_vae_var_deeper_3cb_1/last' (iter 7500, epoch 4.0)
EarlyStopping counter: 2 out of 20
[Save Checkpoint] epoch: [4.0], Train: total:0.71523, BCE:0.69315, KLD:0.02208,Test: total:1.38831, BCE:0.69315, KLD:0.69517
=> saved checkpoint 'checkpoints_CNN/mnist_vae_var_deeper_3cb_1/last' (iter 9375, epoch 5.0)
=> saved checkpoint 'checkpoint_scores_CNN/mnist_vae_var_deeper_3cb_1/last' (iter 9375, epoch 5.0)
EarlyStopping counter: 3 out of 20
[Save Checkpoint] epoch: [5.0], Train: total:0.74004, BCE:0.69315, KLD:0.04689,Test: total:2.13069, BCE:0.69315, KLD:1.43755
=> saved checkpoint 'checkpoints_CNN/mnist_vae_var_deeper_3cb_1/last' (iter 11250, epoch 6.0)
=> saved checkpoint 'checkpoint_scores_CNN/mnist_vae_var_deeper_3cb_1/last' (iter 11250, epoch 6.0)
EarlyStopping counter: 4 out of 20
[Save Checkpoint] epoch: [6.0], Train: total:0.71850, BCE:0.69315, KLD:0.02535,Test: total:1.47227, BCE:0.69315, KLD:0.77912
Epoch     7: reducing learning rate of group 0 to 2.0000e-04.
=> saved checkpoint 'checkpoints_CNN/mnist_vae_var_deeper_3cb_1/last' (iter 13125, epoch 7.0)
=> saved checkpoint 'checkpoint_scores_CNN/mnist_vae_var_deeper_3cb_1/last' (iter 13125, epoch 7.0)
EarlyStopping counter: 5 out of 20
[Save Checkpoint] epoch: [7.0], Train: total:0.69527, BCE:0.69315, KLD:0.00213,Test: total:0.78917, BCE:0.69315, KLD:0.09602
=> saved checkpoint 'checkpoints_CNN/mnist_vae_var_deeper_3cb_1/last' (iter 15000, epoch 8.0)
=> saved checkpoint 'checkpoint_scores_CNN/mnist_vae_var_deeper_3cb_1/last' (iter 15000, epoch 8.0)
EarlyStopping counter: 6 out of 20
[Save Checkpoint] epoch: [8.0], Train: total:0.69316, BCE:0.69315, KLD:0.00002,Test: total:0.69563, BCE:0.69315, KLD:0.00248
=> saved checkpoint 'checkpoints_CNN/mnist_vae_var_deeper_3cb_1/last' (iter 16875, epoch 9.0)
=> saved checkpoint 'checkpoint_scores_CNN/mnist_vae_var_deeper_3cb_1/last' (iter 16875, epoch 9.0)
EarlyStopping counter: 7 out of 20
[Save Checkpoint] epoch: [9.0], Train: total:0.69367, BCE:0.69315, KLD:0.00052,Test: total:0.71124, BCE:0.69315, KLD:0.01809
=> saved checkpoint 'checkpoints_CNN/mnist_vae_var_deeper_3cb_1/last' (iter 18750, epoch 10.0)
=> saved checkpoint 'checkpoint_scores_CNN/mnist_vae_var_deeper_3cb_1/last' (iter 18750, epoch 10.0)
EarlyStopping counter: 8 out of 20
[Save Checkpoint] epoch: [10.0], Train: total:0.69355, BCE:0.69315, KLD:0.00040,Test: total:0.71755, BCE:0.69315, KLD:0.02441
=> saved checkpoint 'checkpoints_CNN/mnist_vae_var_deeper_3cb_1/last' (iter 20625, epoch 11.0)
=> saved checkpoint 'checkpoint_scores_CNN/mnist_vae_var_deeper_3cb_1/last' (iter 20625, epoch 11.0)
EarlyStopping counter: 9 out of 20
[Save Checkpoint] epoch: [11.0], Train: total:0.69419, BCE:0.69315, KLD:0.00104,Test: total:0.72110, BCE:0.69315, KLD:0.02796
Epoch    12: reducing learning rate of group 0 to 4.0000e-05.
=> saved checkpoint 'checkpoints_CNN/mnist_vae_var_deeper_3cb_1/last' (iter 22500, epoch 12.0)
=> saved checkpoint 'checkpoint_scores_CNN/mnist_vae_var_deeper_3cb_1/last' (iter 22500, epoch 12.0)
EarlyStopping counter: 10 out of 20
[Save Checkpoint] epoch: [12.0], Train: total:0.69362, BCE:0.69315, KLD:0.00047,Test: total:0.81273, BCE:0.69315, KLD:0.11958
=> saved checkpoint 'checkpoints_CNN/mnist_vae_var_deeper_3cb_1/last' (iter 24375, epoch 13.0)
=> saved checkpoint 'checkpoint_scores_CNN/mnist_vae_var_deeper_3cb_1/last' (iter 24375, epoch 13.0)
EarlyStopping counter: 11 out of 20
[Save Checkpoint] epoch: [13.0], Train: total:0.69316, BCE:0.69315, KLD:0.00001,Test: total:0.69381, BCE:0.69315, KLD:0.00066
=> saved checkpoint 'checkpoints_CNN/mnist_vae_var_deeper_3cb_1/last' (iter 26250, epoch 14.0)
=> saved checkpoint 'checkpoint_scores_CNN/mnist_vae_var_deeper_3cb_1/last' (iter 26250, epoch 14.0)
EarlyStopping counter: 12 out of 20
[Save Checkpoint] epoch: [14.0], Train: total:0.69316, BCE:0.69315, KLD:0.00001,Test: total:0.69360, BCE:0.69315, KLD:0.00046
=> saved checkpoint 'checkpoints_CNN/mnist_vae_var_deeper_3cb_1/last' (iter 28125, epoch 15.0)
=> saved checkpoint 'checkpoint_scores_CNN/mnist_vae_var_deeper_3cb_1/last' (iter 28125, epoch 15.0)
EarlyStopping counter: 13 out of 20
[Save Checkpoint] epoch: [15.0], Train: total:0.69315, BCE:0.69315, KLD:0.00000,Test: total:0.69324, BCE:0.69315, KLD:0.00009
=> saved checkpoint 'checkpoints_CNN/mnist_vae_var_deeper_3cb_1/last' (iter 30000, epoch 16.0)
=> saved checkpoint 'checkpoint_scores_CNN/mnist_vae_var_deeper_3cb_1/last' (iter 30000, epoch 16.0)
EarlyStopping counter: 14 out of 20
[Save Checkpoint] epoch: [16.0], Train: total:0.69316, BCE:0.69315, KLD:0.00001,Test: total:0.69320, BCE:0.69315, KLD:0.00005
Epoch    17: reducing learning rate of group 0 to 8.0000e-06.
=> saved checkpoint 'checkpoints_CNN/mnist_vae_var_deeper_3cb_1/last' (iter 31875, epoch 17.0)
=> saved checkpoint 'checkpoint_scores_CNN/mnist_vae_var_deeper_3cb_1/last' (iter 31875, epoch 17.0)
EarlyStopping counter: 15 out of 20
[Save Checkpoint] epoch: [17.0], Train: total:0.69315, BCE:0.69315, KLD:0.00000,Test: total:0.69322, BCE:0.69315, KLD:0.00007
=> saved checkpoint 'checkpoints_CNN/mnist_vae_var_deeper_3cb_1/last' (iter 33750, epoch 18.0)
=> saved checkpoint 'checkpoint_scores_CNN/mnist_vae_var_deeper_3cb_1/last' (iter 33750, epoch 18.0)
EarlyStopping counter: 16 out of 20
[Save Checkpoint] epoch: [18.0], Train: total:0.69315, BCE:0.69315, KLD:0.00000,Test: total:0.69314, BCE:0.69315, KLD:-0.00001
=> saved checkpoint 'checkpoints_CNN/mnist_vae_var_deeper_3cb_1/last' (iter 35625, epoch 19.0)
=> saved checkpoint 'checkpoint_scores_CNN/mnist_vae_var_deeper_3cb_1/last' (iter 35625, epoch 19.0)
EarlyStopping counter: 17 out of 20
[Save Checkpoint] epoch: [19.0], Train: total:0.69315, BCE:0.69315, KLD:0.00000,Test: total:0.69316, BCE:0.69315, KLD:0.00001
=> saved checkpoint 'checkpoints_CNN/mnist_vae_var_deeper_3cb_1/last' (iter 37500, epoch 20.0)
=> saved checkpoint 'checkpoint_scores_CNN/mnist_vae_var_deeper_3cb_1/last' (iter 37500, epoch 20.0)
EarlyStopping counter: 18 out of 20
[Save Checkpoint] epoch: [20.0], Train: total:0.69315, BCE:0.69315, KLD:0.00000,Test: total:0.69316, BCE:0.69315, KLD:0.00002
=> saved checkpoint 'checkpoints_CNN/mnist_vae_var_deeper_3cb_1/last' (iter 39375, epoch 21.0)
=> saved checkpoint 'checkpoint_scores_CNN/mnist_vae_var_deeper_3cb_1/last' (iter 39375, epoch 21.0)
EarlyStopping counter: 19 out of 20
[Save Checkpoint] epoch: [21.0], Train: total:0.69315, BCE:0.69315, KLD:0.00000,Test: total:0.69316, BCE:0.69315, KLD:0.00001
Epoch    22: reducing learning rate of group 0 to 1.6000e-06.
=> saved checkpoint 'checkpoints_CNN/mnist_vae_var_deeper_3cb_1/last' (iter 41250, epoch 22.0)
=> saved checkpoint 'checkpoint_scores_CNN/mnist_vae_var_deeper_3cb_1/last' (iter 41250, epoch 22.0)
EarlyStopping counter: 20 out of 20
[Save Checkpoint] epoch: [22.0], Train: total:0.69315, BCE:0.69315, KLD:0.00000,Test: total:0.69316, BCE:0.69315, KLD:0.00001
Early stopping
[Training Finished]
All done !
