112
--gpu_devices 0 --max_iter 100 --batch_size 250 --use_scheduler True --lr 1e-3 --GMP True --z_struct_size 10 --is_VAE True --is_encoder_struct False --lambda_BCE 1 --beta 1 --big_kernel_size 8 --two_conv_layer True --three_conv_layer True --kernel_size_1 4 --kernel_size_2 4 --kernel_size_3 4 --BK_in_first_layer True --BK_in_second_layer False --BK_in_third_layer False --stride_size 1 --hidden_filters_layer1 64 --hidden_filters_layer2 64 --hidden_filters_layer3 64 --dataset_balanced True --binary_z True --binary_first_conv False --binary_second_conv False --binary_third_conv True --z_var_size 25 --z_struct_size 10 --use_small_lr_encoder_var False --encoder_var_name None --encoder_struct_name None --freeze_Encoder False --exp_name mnist_VAE_s10_v25_FS
Namespace(BK_in_first_layer=True, BK_in_second_layer=False, BK_in_third_layer=False, BN=False, C_max=25, C_stop_iter=100000.0, E1_AE=False, E1_VAE=False, E1_conv=False, E1_dense=False, E1_second_conv=False, E1_second_conv_adapt=False, GMP=True, Hmg_dst_loss=False, IPC=False, L1_norm_act=False, L1_norm_weights=False, L3_without_random=False, LOG_DIR='logs', adapt_lr=False, add_classification_layer=True, add_linear_after_GMP=True, add_z_struct_bottleneck=False, alpha=32, batch_size=250, beta=1.0, beta1=0.9, beta2=0.999, big_kernel=False, big_kernel_size=8, binary_chain=False, binary_first_conv=False, binary_second_conv=False, binary_third_conv=True, binary_z=True, both_decoders_freeze=False, ckpt_dir='checkpoints_CNN', ckpt_dir_scores='checkpoint_scores_CNN', classif_layer_size=30, contrastive_loss=False, cuda=True, dataset='mnist', dataset_balanced=True, decoder_first_dense=36, decoder_kernel_size_1=4, decoder_kernel_size_2=3, decoder_kernel_size_3=4, decoder_n_filter_1=64, decoder_n_filter_2=64, decoder_n_filter_3=64, decoder_stride_1=2, decoder_stride_2=2, decoder_stride_3=1, diff_var=False, display_step=10000, dset_dir='data', encoder_struct_name='None', encoder_var_name='None', exp_name='mnist_VAE_s10_v25_FS', freeze_Encoder=False, gamma=1000, gpu_devices=[0], hidden_filters_layer1=64, hidden_filters_layer2=64, hidden_filters_layer3=64, image_size=64, intra_class_variance_loss=False, is_C=True, is_E1=False, is_VAE=True, is_VAE_var=False, is_binary_structural_latent=False, is_custom_model=False, is_custom_model_BK=False, is_default_model=False, is_encoder_struct=False, is_noise_stats=False, is_partial_rand_class=False, is_perturbed_score=False, is_zvar_sim_loss=False, just_train=False, kernel_size=4, kernel_size_1=4, kernel_size_2=4, kernel_size_3=4, lambda_BCE=1.0, lambda_Kl_struct=1, lambda_Kl_var=1, lambda_L1=0.01, lambda_VAE=1, lambda_class=1, lambda_contrastive_loss=1, lambda_distance_mean=1, lambda_hmg_dst=1, lambda_intra_class_var=1, lambda_partial_class=1, lambda_ratio_reg=1, lambda_recon_wt_rand=1, lambda_recons=1, lambda_uniq_code_dst=1, lambda_var_distance=1, lambda_var_inter=1, lambda_var_intra=1, lambda_zvar_sim=1, latent_spec_cont=None, latent_spec_cont_class=None, latent_spec_cont_var=None, latent_spec_disc=None, latent_spec_disc_class=None, latent_spec_disc_var=None, log_level='info', loss='Proxy_Anchor', loss_distance_mean=False, loss_min_distance_cl=False, lr=0.001, max_epoch_use_uniq_code_target=5, max_iter=100.0, model='CNN', mrg=0.1, nb_epochs_train_only_zvar=0, num_workers=2, old_weighted=False, optimizer='adamw', other_architecture=False, other_ratio=False, random_percentage=0.2, random_seed=10, randomness=True, ratio_reg=False, remark='', save_step=10000, second_layer_C=False, seed=1, stride_size=1, sz_embedding=5, three_conv_layer=True, train=True, train_var_struct_alternatively=False, two_conv_layer=True, two_encoder=False, uniq_code_dst_loss=False, use_VAE=False, use_decoder=False, use_early_stopping=True, use_scheduler=True, use_small_lr_encoder_var=False, use_structural_encoder=False, value_target_distance_mean=1, var_hidden_dim=256, var_hidden_filters_1=32, var_hidden_filters_2=32, var_hidden_filters_3=32, var_kernel_size_1=3, var_kernel_size_2=3, var_kernel_size_3=3, var_second_cnn_block=True, var_stride_size_1=1, var_stride_size_2=1, var_stride_size_3=1, var_third_cnn_block=False, var_three_conv_layer=False, warm=1, without_acc=False, z_struct_size=10, z_var_size=25, zeros_W_Classif=False, zvar_sim_change_zvar=False, zvar_sim_loss_for_all_model=False, zvar_sim_loss_only_for_encoder=False, zvar_sim_normal=False, zvar_sim_var_rand=False)
CUDA Visible devices !
[Using Seed: 10]
Balanced dataset loaded
VAE doesn't exist, create VAE and train it from scratch ! good luck !
use 1 gpu who named: Tesla V100-SXM2-32GB
VAE(
  (encoder_struct): Sequential(
    (0): Conv2d(1, 64, kernel_size=(8, 8), stride=(1, 1))
    (1): BatchNorm2d(64, eps=1e-05, momentum=0.1, affine=True, track_running_stats=True)
    (2): ReLU(inplace=True)
    (3): Conv2d(64, 64, kernel_size=(4, 4), stride=(1, 1))
    (4): BatchNorm2d(64, eps=1e-05, momentum=0.1, affine=True, track_running_stats=True)
    (5): ReLU(inplace=True)
    (6): Conv2d(64, 10, kernel_size=(4, 4), stride=(1, 1))
    (7): DeterministicBinaryActivation(
      (act): Hardsigmoid(
        (act): Hardtanh(min_val=-1.0, max_val=1.0)
      )
    )
    (8): AdaptiveMaxPool2d(output_size=(1, 1))
    (9): View()
  )
  (encoder_var): Sequential(
    (0): Conv2d(1, 32, kernel_size=(3, 3), stride=(1, 1))
    (1): ReLU(inplace=True)
    (2): BatchNorm2d(32, eps=1e-05, momentum=0.1, affine=True, track_running_stats=True)
    (3): Conv2d(32, 32, kernel_size=(3, 3), stride=(1, 1))
    (4): ReLU(inplace=True)
    (5): BatchNorm2d(32, eps=1e-05, momentum=0.1, affine=True, track_running_stats=True)
    (6): Conv2d(32, 32, kernel_size=(5, 5), stride=(2, 2), padding=(2, 2))
    (7): ReLU(inplace=True)
    (8): BatchNorm2d(32, eps=1e-05, momentum=0.1, affine=True, track_running_stats=True)
    (9): Dropout(p=0.4, inplace=False)
    (10): Conv2d(32, 64, kernel_size=(3, 3), stride=(1, 1))
    (11): ReLU(inplace=True)
    (12): BatchNorm2d(64, eps=1e-05, momentum=0.1, affine=True, track_running_stats=True)
    (13): Conv2d(64, 64, kernel_size=(3, 3), stride=(1, 1))
    (14): ReLU(inplace=True)
    (15): BatchNorm2d(64, eps=1e-05, momentum=0.1, affine=True, track_running_stats=True)
    (16): Conv2d(64, 64, kernel_size=(5, 5), stride=(2, 2), padding=(2, 2))
    (17): ReLU(inplace=True)
    (18): BatchNorm2d(64, eps=1e-05, momentum=0.1, affine=True, track_running_stats=True)
    (19): Dropout(p=0.4, inplace=False)
    (20): View()
    (21): Linear(in_features=1600, out_features=50, bias=True)
  )
  (decoder): Sequential(
    (0): Linear(in_features=35, out_features=1600, bias=True)
    (1): ReLU(inplace=True)
    (2): View()
    (3): ConvTranspose2d(64, 64, kernel_size=(4, 4), stride=(2, 2), padding=(1, 1))
    (4): ReLU(inplace=True)
    (5): ConvTranspose2d(64, 64, kernel_size=(3, 3), stride=(1, 1))
    (6): ReLU(inplace=True)
    (7): ConvTranspose2d(64, 32, kernel_size=(3, 3), stride=(1, 1))
    (8): ReLU(inplace=True)
    (9): ConvTranspose2d(32, 32, kernel_size=(4, 4), stride=(2, 2), padding=(1, 1))
    (10): ReLU(inplace=True)
    (11): ConvTranspose2d(32, 32, kernel_size=(3, 3), stride=(1, 1))
    (12): ReLU(inplace=True)
    (13): ConvTranspose2d(32, 1, kernel_size=(3, 3), stride=(1, 1))
    (14): Sigmoid()
  )
)
The number of parameters of model is 558525
=> saved checkpoint 'checkpoints_CNN/mnist_VAE_s10_v25_FS/last' (iter 270, epoch 1.0)
=> saved checkpoint 'checkpoint_scores_CNN/mnist_VAE_s10_v25_FS/last' (iter 270, epoch 1.0)
[Save Checkpoint] epoch: [1.0], Train: total:8164.84521, BCE:-12.25336, KLD:8177.09912,Test: total:32809.12891, BCE:-12.38343, KLD:32821.51172
=> saved checkpoint 'checkpoints_CNN/mnist_VAE_s10_v25_FS/last' (iter 540, epoch 2.0)
=> saved checkpoint 'checkpoint_scores_CNN/mnist_VAE_s10_v25_FS/last' (iter 540, epoch 2.0)
[Save Checkpoint] epoch: [2.0], Train: total:7957.53027, BCE:-12.71734, KLD:7970.24707,Test: total:31836.79492, BCE:-12.81775, KLD:31849.60938
=> saved checkpoint 'checkpoints_CNN/mnist_VAE_s10_v25_FS/last' (iter 810, epoch 3.0)
=> saved checkpoint 'checkpoint_scores_CNN/mnist_VAE_s10_v25_FS/last' (iter 810, epoch 3.0)
[Save Checkpoint] epoch: [3.0], Train: total:7887.38672, BCE:-12.77682, KLD:7900.16553,Test: total:31506.79688, BCE:-12.86761, KLD:31519.66211
=> saved checkpoint 'checkpoints_CNN/mnist_VAE_s10_v25_FS/last' (iter 1080, epoch 4.0)
=> saved checkpoint 'checkpoint_scores_CNN/mnist_VAE_s10_v25_FS/last' (iter 1080, epoch 4.0)
[Save Checkpoint] epoch: [4.0], Train: total:7939.02197, BCE:-12.79798, KLD:7951.81934,Test: total:31652.55078, BCE:-12.89471, KLD:31665.44336
=> saved checkpoint 'checkpoints_CNN/mnist_VAE_s10_v25_FS/last' (iter 1350, epoch 5.0)
=> saved checkpoint 'checkpoint_scores_CNN/mnist_VAE_s10_v25_FS/last' (iter 1350, epoch 5.0)
[Save Checkpoint] epoch: [5.0], Train: total:7856.81006, BCE:-13.46380, KLD:7870.27393,Test: total:31280.98242, BCE:-13.57522, KLD:31294.55664
=> saved checkpoint 'checkpoints_CNN/mnist_VAE_s10_v25_FS/last' (iter 1620, epoch 6.0)
=> saved checkpoint 'checkpoint_scores_CNN/mnist_VAE_s10_v25_FS/last' (iter 1620, epoch 6.0)
[Save Checkpoint] epoch: [6.0], Train: total:7695.06348, BCE:-14.18879, KLD:7709.25244,Test: total:30647.15625, BCE:-14.36256, KLD:30661.52148
=> saved checkpoint 'checkpoints_CNN/mnist_VAE_s10_v25_FS/last' (iter 1890, epoch 7.0)
=> saved checkpoint 'checkpoint_scores_CNN/mnist_VAE_s10_v25_FS/last' (iter 1890, epoch 7.0)
[Save Checkpoint] epoch: [7.0], Train: total:7659.86621, BCE:-13.95735, KLD:7673.82666,Test: total:30483.91602, BCE:-14.14782, KLD:30498.06250
=> saved checkpoint 'checkpoints_CNN/mnist_VAE_s10_v25_FS/last' (iter 2160, epoch 8.0)
=> saved checkpoint 'checkpoint_scores_CNN/mnist_VAE_s10_v25_FS/last' (iter 2160, epoch 8.0)
[Save Checkpoint] epoch: [8.0], Train: total:7547.90430, BCE:-14.22581, KLD:7562.13184,Test: total:30049.31836, BCE:-14.47184, KLD:30063.78711
=> saved checkpoint 'checkpoints_CNN/mnist_VAE_s10_v25_FS/last' (iter 2430, epoch 9.0)
=> saved checkpoint 'checkpoint_scores_CNN/mnist_VAE_s10_v25_FS/last' (iter 2430, epoch 9.0)
[Save Checkpoint] epoch: [9.0], Train: total:7620.27881, BCE:-14.84123, KLD:7635.12158,Test: total:30336.64648, BCE:-15.12366, KLD:30351.77148
=> saved checkpoint 'checkpoints_CNN/mnist_VAE_s10_v25_FS/last' (iter 2700, epoch 10.0)
=> saved checkpoint 'checkpoint_scores_CNN/mnist_VAE_s10_v25_FS/last' (iter 2700, epoch 10.0)
[Save Checkpoint] epoch: [10.0], Train: total:7648.28516, BCE:-15.10150, KLD:7663.38330,Test: total:30456.97461, BCE:-15.44537, KLD:30472.41992
=> saved checkpoint 'checkpoints_CNN/mnist_VAE_s10_v25_FS/last' (iter 2970, epoch 11.0)
=> saved checkpoint 'checkpoint_scores_CNN/mnist_VAE_s10_v25_FS/last' (iter 2970, epoch 11.0)
EarlyStopping counter: 1 out of 25
[Save Checkpoint] epoch: [11.0], Train: total:7626.33789, BCE:-14.79596, KLD:7641.13428,Test: total:30303.01367, BCE:-15.10119, KLD:30318.11523
=> saved checkpoint 'checkpoints_CNN/mnist_VAE_s10_v25_FS/last' (iter 3240, epoch 12.0)
=> saved checkpoint 'checkpoint_scores_CNN/mnist_VAE_s10_v25_FS/last' (iter 3240, epoch 12.0)
[Save Checkpoint] epoch: [12.0], Train: total:7555.87744, BCE:-16.16611, KLD:7572.04199,Test: total:30046.52539, BCE:-16.55198, KLD:30063.07812
=> saved checkpoint 'checkpoints_CNN/mnist_VAE_s10_v25_FS/last' (iter 3510, epoch 13.0)
=> saved checkpoint 'checkpoint_scores_CNN/mnist_VAE_s10_v25_FS/last' (iter 3510, epoch 13.0)
[Save Checkpoint] epoch: [13.0], Train: total:7431.21875, BCE:-16.45659, KLD:7447.67139,Test: total:29533.73438, BCE:-16.83510, KLD:29550.56836
=> saved checkpoint 'checkpoints_CNN/mnist_VAE_s10_v25_FS/last' (iter 3780, epoch 14.0)
=> saved checkpoint 'checkpoint_scores_CNN/mnist_VAE_s10_v25_FS/last' (iter 3780, epoch 14.0)
EarlyStopping counter: 1 out of 25
[Save Checkpoint] epoch: [14.0], Train: total:7603.17725, BCE:-16.93913, KLD:7620.12012,Test: total:30259.62500, BCE:-17.31789, KLD:30276.93750
=> saved checkpoint 'checkpoints_CNN/mnist_VAE_s10_v25_FS/last' (iter 4050, epoch 15.0)
=> saved checkpoint 'checkpoint_scores_CNN/mnist_VAE_s10_v25_FS/last' (iter 4050, epoch 15.0)
[Save Checkpoint] epoch: [15.0], Train: total:7399.81543, BCE:-17.76418, KLD:7417.57764,Test: total:29418.65039, BCE:-18.16053, KLD:29436.81055
=> saved checkpoint 'checkpoints_CNN/mnist_VAE_s10_v25_FS/last' (iter 4320, epoch 16.0)
=> saved checkpoint 'checkpoint_scores_CNN/mnist_VAE_s10_v25_FS/last' (iter 4320, epoch 16.0)
[Save Checkpoint] epoch: [16.0], Train: total:7474.08350, BCE:-18.21035, KLD:7492.29004,Test: total:29712.80664, BCE:-18.62662, KLD:29731.43555
=> saved checkpoint 'checkpoints_CNN/mnist_VAE_s10_v25_FS/last' (iter 4590, epoch 17.0)
=> saved checkpoint 'checkpoint_scores_CNN/mnist_VAE_s10_v25_FS/last' (iter 4590, epoch 17.0)
[Save Checkpoint] epoch: [17.0], Train: total:7393.72949, BCE:-18.67604, KLD:7412.40723,Test: total:29376.98242, BCE:-19.11498, KLD:29396.09961
=> saved checkpoint 'checkpoints_CNN/mnist_VAE_s10_v25_FS/last' (iter 4860, epoch 18.0)
=> saved checkpoint 'checkpoint_scores_CNN/mnist_VAE_s10_v25_FS/last' (iter 4860, epoch 18.0)
[Save Checkpoint] epoch: [18.0], Train: total:7374.18018, BCE:-19.09369, KLD:7393.27100,Test: total:29309.03516, BCE:-19.51732, KLD:29328.55078
=> saved checkpoint 'checkpoints_CNN/mnist_VAE_s10_v25_FS/last' (iter 5130, epoch 19.0)
=> saved checkpoint 'checkpoint_scores_CNN/mnist_VAE_s10_v25_FS/last' (iter 5130, epoch 19.0)
[Save Checkpoint] epoch: [19.0], Train: total:7375.42480, BCE:-19.56403, KLD:7394.98975,Test: total:29287.23828, BCE:-19.97305, KLD:29307.21289
=> saved checkpoint 'checkpoints_CNN/mnist_VAE_s10_v25_FS/last' (iter 5400, epoch 20.0)
=> saved checkpoint 'checkpoint_scores_CNN/mnist_VAE_s10_v25_FS/last' (iter 5400, epoch 20.0)
EarlyStopping counter: 1 out of 25
[Save Checkpoint] epoch: [20.0], Train: total:7411.02734, BCE:-19.68824, KLD:7430.71826,Test: total:29468.51367, BCE:-20.13656, KLD:29488.64648
=> saved checkpoint 'checkpoints_CNN/mnist_VAE_s10_v25_FS/last' (iter 5670, epoch 21.0)
=> saved checkpoint 'checkpoint_scores_CNN/mnist_VAE_s10_v25_FS/last' (iter 5670, epoch 21.0)
[Save Checkpoint] epoch: [21.0], Train: total:7460.14697, BCE:-20.93974, KLD:7481.08496,Test: total:29645.15039, BCE:-21.37023, KLD:29666.51953
=> saved checkpoint 'checkpoints_CNN/mnist_VAE_s10_v25_FS/last' (iter 5940, epoch 22.0)
=> saved checkpoint 'checkpoint_scores_CNN/mnist_VAE_s10_v25_FS/last' (iter 5940, epoch 22.0)
[Save Checkpoint] epoch: [22.0], Train: total:7387.96045, BCE:-20.76051, KLD:7408.72412,Test: total:29371.25000, BCE:-21.23379, KLD:29392.48438
=> saved checkpoint 'checkpoints_CNN/mnist_VAE_s10_v25_FS/last' (iter 6210, epoch 23.0)
=> saved checkpoint 'checkpoint_scores_CNN/mnist_VAE_s10_v25_FS/last' (iter 6210, epoch 23.0)
[Save Checkpoint] epoch: [23.0], Train: total:7403.28174, BCE:-20.40074, KLD:7423.68311,Test: total:29423.32812, BCE:-20.85872, KLD:29444.18750
=> saved checkpoint 'checkpoints_CNN/mnist_VAE_s10_v25_FS/last' (iter 6480, epoch 24.0)
=> saved checkpoint 'checkpoint_scores_CNN/mnist_VAE_s10_v25_FS/last' (iter 6480, epoch 24.0)
EarlyStopping counter: 1 out of 25
[Save Checkpoint] epoch: [24.0], Train: total:7433.34912, BCE:-20.90263, KLD:7454.25146,Test: total:29527.14453, BCE:-21.33132, KLD:29548.47461
=> saved checkpoint 'checkpoints_CNN/mnist_VAE_s10_v25_FS/last' (iter 6750, epoch 25.0)
=> saved checkpoint 'checkpoint_scores_CNN/mnist_VAE_s10_v25_FS/last' (iter 6750, epoch 25.0)
[Save Checkpoint] epoch: [25.0], Train: total:7304.46484, BCE:-21.63241, KLD:7326.09619,Test: total:28992.03711, BCE:-22.05036, KLD:29014.08789
=> saved checkpoint 'checkpoints_CNN/mnist_VAE_s10_v25_FS/last' (iter 7020, epoch 26.0)
=> saved checkpoint 'checkpoint_scores_CNN/mnist_VAE_s10_v25_FS/last' (iter 7020, epoch 26.0)
[Save Checkpoint] epoch: [26.0], Train: total:7232.96826, BCE:-23.18756, KLD:7256.15527,Test: total:28732.24414, BCE:-23.64608, KLD:28755.88867
=> saved checkpoint 'checkpoints_CNN/mnist_VAE_s10_v25_FS/last' (iter 7290, epoch 27.0)
=> saved checkpoint 'checkpoint_scores_CNN/mnist_VAE_s10_v25_FS/last' (iter 7290, epoch 27.0)
[Save Checkpoint] epoch: [27.0], Train: total:7326.90625, BCE:-23.01232, KLD:7349.91846,Test: total:29085.10938, BCE:-23.45663, KLD:29108.56641
=> saved checkpoint 'checkpoints_CNN/mnist_VAE_s10_v25_FS/last' (iter 7560, epoch 28.0)
=> saved checkpoint 'checkpoint_scores_CNN/mnist_VAE_s10_v25_FS/last' (iter 7560, epoch 28.0)
EarlyStopping counter: 1 out of 25
[Save Checkpoint] epoch: [28.0], Train: total:7267.04395, BCE:-22.99987, KLD:7290.04102,Test: total:28866.15039, BCE:-23.48948, KLD:28889.64062
=> saved checkpoint 'checkpoints_CNN/mnist_VAE_s10_v25_FS/last' (iter 7830, epoch 29.0)
=> saved checkpoint 'checkpoint_scores_CNN/mnist_VAE_s10_v25_FS/last' (iter 7830, epoch 29.0)
EarlyStopping counter: 2 out of 25
[Save Checkpoint] epoch: [29.0], Train: total:7298.70703, BCE:-23.76506, KLD:7322.47168,Test: total:28971.45312, BCE:-24.20450, KLD:28995.65625
=> saved checkpoint 'checkpoints_CNN/mnist_VAE_s10_v25_FS/last' (iter 8100, epoch 30.0)
=> saved checkpoint 'checkpoint_scores_CNN/mnist_VAE_s10_v25_FS/last' (iter 8100, epoch 30.0)
[Save Checkpoint] epoch: [30.0], Train: total:7312.19922, BCE:-24.41179, KLD:7336.60986,Test: total:29055.31055, BCE:-24.87899, KLD:29080.18750
=> saved checkpoint 'checkpoints_CNN/mnist_VAE_s10_v25_FS/last' (iter 8370, epoch 31.0)
=> saved checkpoint 'checkpoint_scores_CNN/mnist_VAE_s10_v25_FS/last' (iter 8370, epoch 31.0)
EarlyStopping counter: 1 out of 25
[Save Checkpoint] epoch: [31.0], Train: total:7206.32324, BCE:-24.18375, KLD:7230.50537,Test: total:28614.98242, BCE:-24.63450, KLD:28639.61914
=> saved checkpoint 'checkpoints_CNN/mnist_VAE_s10_v25_FS/last' (iter 8640, epoch 32.0)
=> saved checkpoint 'checkpoint_scores_CNN/mnist_VAE_s10_v25_FS/last' (iter 8640, epoch 32.0)
EarlyStopping counter: 2 out of 25
[Save Checkpoint] epoch: [32.0], Train: total:7117.68555, BCE:-25.42004, KLD:7143.10400,Test: total:28264.57812, BCE:-25.88607, KLD:28290.46680
=> saved checkpoint 'checkpoints_CNN/mnist_VAE_s10_v25_FS/last' (iter 8910, epoch 33.0)
=> saved checkpoint 'checkpoint_scores_CNN/mnist_VAE_s10_v25_FS/last' (iter 8910, epoch 33.0)
EarlyStopping counter: 3 out of 25
[Save Checkpoint] epoch: [33.0], Train: total:7286.33398, BCE:-25.79050, KLD:7312.12598,Test: total:28932.26367, BCE:-26.24194, KLD:28958.50391
=> saved checkpoint 'checkpoints_CNN/mnist_VAE_s10_v25_FS/last' (iter 9180, epoch 34.0)
=> saved checkpoint 'checkpoint_scores_CNN/mnist_VAE_s10_v25_FS/last' (iter 9180, epoch 34.0)
[Save Checkpoint] epoch: [34.0], Train: total:7156.38770, BCE:-25.94215, KLD:7182.32959,Test: total:28409.94727, BCE:-26.41427, KLD:28436.36328
=> saved checkpoint 'checkpoints_CNN/mnist_VAE_s10_v25_FS/last' (iter 9450, epoch 35.0)
=> saved checkpoint 'checkpoint_scores_CNN/mnist_VAE_s10_v25_FS/last' (iter 9450, epoch 35.0)
EarlyStopping counter: 1 out of 25
[Save Checkpoint] epoch: [35.0], Train: total:7315.96436, BCE:-26.36147, KLD:7342.32324,Test: total:29064.89062, BCE:-26.83040, KLD:29091.72461
=> saved checkpoint 'checkpoints_CNN/mnist_VAE_s10_v25_FS/last' (iter 9720, epoch 36.0)
=> saved checkpoint 'checkpoint_scores_CNN/mnist_VAE_s10_v25_FS/last' (iter 9720, epoch 36.0)
EarlyStopping counter: 2 out of 25
[Save Checkpoint] epoch: [36.0], Train: total:7208.52490, BCE:-26.11530, KLD:7234.63818,Test: total:28624.81836, BCE:-26.58679, KLD:28651.40430
=> saved checkpoint 'checkpoints_CNN/mnist_VAE_s10_v25_FS/last' (iter 9990, epoch 37.0)
=> saved checkpoint 'checkpoint_scores_CNN/mnist_VAE_s10_v25_FS/last' (iter 9990, epoch 37.0)
EarlyStopping counter: 3 out of 25
[Save Checkpoint] epoch: [37.0], Train: total:7156.45654, BCE:-27.01843, KLD:7183.47119,Test: total:28429.41016, BCE:-27.49354, KLD:28456.90430
=> saved checkpoint 'checkpoints_CNN/mnist_VAE_s10_v25_FS/last' (iter 10260, epoch 38.0)
=> saved checkpoint 'checkpoint_scores_CNN/mnist_VAE_s10_v25_FS/last' (iter 10260, epoch 38.0)
EarlyStopping counter: 4 out of 25
[Save Checkpoint] epoch: [38.0], Train: total:7200.64893, BCE:-27.74421, KLD:7228.39404,Test: total:28588.41602, BCE:-28.20294, KLD:28616.61523
Epoch    39: reducing learning rate of group 0 to 2.0000e-04.
=> saved checkpoint 'checkpoints_CNN/mnist_VAE_s10_v25_FS/last' (iter 10530, epoch 39.0)
=> saved checkpoint 'checkpoint_scores_CNN/mnist_VAE_s10_v25_FS/last' (iter 10530, epoch 39.0)
[Save Checkpoint] epoch: [39.0], Train: total:7141.37842, BCE:-27.56270, KLD:7168.93994,Test: total:28341.95312, BCE:-28.03642, KLD:28369.98828
=> saved checkpoint 'checkpoints_CNN/mnist_VAE_s10_v25_FS/last' (iter 10800, epoch 40.0)
=> saved checkpoint 'checkpoint_scores_CNN/mnist_VAE_s10_v25_FS/last' (iter 10800, epoch 40.0)
[Save Checkpoint] epoch: [40.0], Train: total:7095.96191, BCE:-28.08276, KLD:7124.04443,Test: total:28158.49414, BCE:-28.55493, KLD:28187.05078
=> saved checkpoint 'checkpoints_CNN/mnist_VAE_s10_v25_FS/last' (iter 11070, epoch 41.0)
=> saved checkpoint 'checkpoint_scores_CNN/mnist_VAE_s10_v25_FS/last' (iter 11070, epoch 41.0)
EarlyStopping counter: 1 out of 25
[Save Checkpoint] epoch: [41.0], Train: total:7244.86035, BCE:-27.89100, KLD:7272.75342,Test: total:28745.44727, BCE:-28.36482, KLD:28773.81250
=> saved checkpoint 'checkpoints_CNN/mnist_VAE_s10_v25_FS/last' (iter 11340, epoch 42.0)
=> saved checkpoint 'checkpoint_scores_CNN/mnist_VAE_s10_v25_FS/last' (iter 11340, epoch 42.0)
EarlyStopping counter: 2 out of 25
[Save Checkpoint] epoch: [42.0], Train: total:7167.39111, BCE:-27.81936, KLD:7195.21045,Test: total:28431.83203, BCE:-28.28886, KLD:28460.12500
=> saved checkpoint 'checkpoints_CNN/mnist_VAE_s10_v25_FS/last' (iter 11610, epoch 43.0)
=> saved checkpoint 'checkpoint_scores_CNN/mnist_VAE_s10_v25_FS/last' (iter 11610, epoch 43.0)
EarlyStopping counter: 3 out of 25
[Save Checkpoint] epoch: [43.0], Train: total:7235.80518, BCE:-28.47673, KLD:7264.28223,Test: total:28715.59961, BCE:-28.91772, KLD:28744.51953
=> saved checkpoint 'checkpoints_CNN/mnist_VAE_s10_v25_FS/last' (iter 11880, epoch 44.0)
=> saved checkpoint 'checkpoint_scores_CNN/mnist_VAE_s10_v25_FS/last' (iter 11880, epoch 44.0)
[Save Checkpoint] epoch: [44.0], Train: total:7217.11377, BCE:-28.45172, KLD:7245.56445,Test: total:28641.09766, BCE:-28.91263, KLD:28670.01367
=> saved checkpoint 'checkpoints_CNN/mnist_VAE_s10_v25_FS/last' (iter 12150, epoch 45.0)
=> saved checkpoint 'checkpoint_scores_CNN/mnist_VAE_s10_v25_FS/last' (iter 12150, epoch 45.0)
EarlyStopping counter: 1 out of 25
[Save Checkpoint] epoch: [45.0], Train: total:7153.67188, BCE:-28.34211, KLD:7182.01270,Test: total:28383.71680, BCE:-28.81809, KLD:28412.53125
=> saved checkpoint 'checkpoints_CNN/mnist_VAE_s10_v25_FS/last' (iter 12420, epoch 46.0)
=> saved checkpoint 'checkpoint_scores_CNN/mnist_VAE_s10_v25_FS/last' (iter 12420, epoch 46.0)
EarlyStopping counter: 2 out of 25
[Save Checkpoint] epoch: [46.0], Train: total:7235.27734, BCE:-28.93134, KLD:7264.20850,Test: total:28715.81055, BCE:-29.40696, KLD:28745.21680
=> saved checkpoint 'checkpoints_CNN/mnist_VAE_s10_v25_FS/last' (iter 12690, epoch 47.0)
=> saved checkpoint 'checkpoint_scores_CNN/mnist_VAE_s10_v25_FS/last' (iter 12690, epoch 47.0)
[Save Checkpoint] epoch: [47.0], Train: total:7143.10010, BCE:-28.93200, KLD:7172.03076,Test: total:28345.97266, BCE:-29.40311, KLD:28375.37500
=> saved checkpoint 'checkpoints_CNN/mnist_VAE_s10_v25_FS/last' (iter 12960, epoch 48.0)
=> saved checkpoint 'checkpoint_scores_CNN/mnist_VAE_s10_v25_FS/last' (iter 12960, epoch 48.0)
EarlyStopping counter: 1 out of 25
[Save Checkpoint] epoch: [48.0], Train: total:7187.63379, BCE:-28.78237, KLD:7216.41357,Test: total:28519.76562, BCE:-29.23197, KLD:28549.00000
=> saved checkpoint 'checkpoints_CNN/mnist_VAE_s10_v25_FS/last' (iter 13230, epoch 49.0)
=> saved checkpoint 'checkpoint_scores_CNN/mnist_VAE_s10_v25_FS/last' (iter 13230, epoch 49.0)
[Save Checkpoint] epoch: [49.0], Train: total:7170.35889, BCE:-28.88175, KLD:7199.24023,Test: total:28443.17773, BCE:-29.33018, KLD:28472.50977
=> saved checkpoint 'checkpoints_CNN/mnist_VAE_s10_v25_FS/last' (iter 13500, epoch 50.0)
=> saved checkpoint 'checkpoint_scores_CNN/mnist_VAE_s10_v25_FS/last' (iter 13500, epoch 50.0)
EarlyStopping counter: 1 out of 25
[Save Checkpoint] epoch: [50.0], Train: total:7183.26953, BCE:-28.94612, KLD:7212.21582,Test: total:28497.49023, BCE:-29.43520, KLD:28526.92578
=> saved checkpoint 'checkpoints_CNN/mnist_VAE_s10_v25_FS/last' (iter 13770, epoch 51.0)
=> saved checkpoint 'checkpoint_scores_CNN/mnist_VAE_s10_v25_FS/last' (iter 13770, epoch 51.0)
EarlyStopping counter: 2 out of 25
[Save Checkpoint] epoch: [51.0], Train: total:7147.03760, BCE:-28.83056, KLD:7175.86865,Test: total:28353.04102, BCE:-29.26514, KLD:28382.30664
=> saved checkpoint 'checkpoints_CNN/mnist_VAE_s10_v25_FS/last' (iter 14040, epoch 52.0)
=> saved checkpoint 'checkpoint_scores_CNN/mnist_VAE_s10_v25_FS/last' (iter 14040, epoch 52.0)
EarlyStopping counter: 3 out of 25
[Save Checkpoint] epoch: [52.0], Train: total:7176.58643, BCE:-28.93846, KLD:7205.52295,Test: total:28476.29492, BCE:-29.39934, KLD:28505.69141
=> saved checkpoint 'checkpoints_CNN/mnist_VAE_s10_v25_FS/last' (iter 14310, epoch 53.0)
=> saved checkpoint 'checkpoint_scores_CNN/mnist_VAE_s10_v25_FS/last' (iter 14310, epoch 53.0)
[Save Checkpoint] epoch: [53.0], Train: total:7182.08691, BCE:-28.94950, KLD:7211.03564,Test: total:28498.78125, BCE:-29.39318, KLD:28528.17188
=> saved checkpoint 'checkpoints_CNN/mnist_VAE_s10_v25_FS/last' (iter 14580, epoch 54.0)
=> saved checkpoint 'checkpoint_scores_CNN/mnist_VAE_s10_v25_FS/last' (iter 14580, epoch 54.0)
[Save Checkpoint] epoch: [54.0], Train: total:7189.60596, BCE:-29.11440, KLD:7218.71973,Test: total:28532.76367, BCE:-29.57285, KLD:28562.33398
=> saved checkpoint 'checkpoints_CNN/mnist_VAE_s10_v25_FS/last' (iter 14850, epoch 55.0)
=> saved checkpoint 'checkpoint_scores_CNN/mnist_VAE_s10_v25_FS/last' (iter 14850, epoch 55.0)
EarlyStopping counter: 1 out of 25
[Save Checkpoint] epoch: [55.0], Train: total:7144.36572, BCE:-28.87645, KLD:7173.24121,Test: total:28353.92578, BCE:-29.33228, KLD:28383.25586
=> saved checkpoint 'checkpoints_CNN/mnist_VAE_s10_v25_FS/last' (iter 15120, epoch 56.0)
=> saved checkpoint 'checkpoint_scores_CNN/mnist_VAE_s10_v25_FS/last' (iter 15120, epoch 56.0)
EarlyStopping counter: 2 out of 25
[Save Checkpoint] epoch: [56.0], Train: total:7152.64111, BCE:-29.28749, KLD:7181.92822,Test: total:28393.45703, BCE:-29.71752, KLD:28423.17578
=> saved checkpoint 'checkpoints_CNN/mnist_VAE_s10_v25_FS/last' (iter 15390, epoch 57.0)
=> saved checkpoint 'checkpoint_scores_CNN/mnist_VAE_s10_v25_FS/last' (iter 15390, epoch 57.0)
[Save Checkpoint] epoch: [57.0], Train: total:7186.11621, BCE:-29.15498, KLD:7215.27393,Test: total:28506.14453, BCE:-29.65040, KLD:28535.79688
=> saved checkpoint 'checkpoints_CNN/mnist_VAE_s10_v25_FS/last' (iter 15660, epoch 58.0)
=> saved checkpoint 'checkpoint_scores_CNN/mnist_VAE_s10_v25_FS/last' (iter 15660, epoch 58.0)
EarlyStopping counter: 1 out of 25
[Save Checkpoint] epoch: [58.0], Train: total:7091.49658, BCE:-28.85129, KLD:7120.34473,Test: total:28138.04492, BCE:-29.31734, KLD:28167.35938
=> saved checkpoint 'checkpoints_CNN/mnist_VAE_s10_v25_FS/last' (iter 15930, epoch 59.0)
=> saved checkpoint 'checkpoint_scores_CNN/mnist_VAE_s10_v25_FS/last' (iter 15930, epoch 59.0)
EarlyStopping counter: 2 out of 25
[Save Checkpoint] epoch: [59.0], Train: total:7101.00635, BCE:-29.34231, KLD:7130.35059,Test: total:28174.58789, BCE:-29.79815, KLD:28204.38086
=> saved checkpoint 'checkpoints_CNN/mnist_VAE_s10_v25_FS/last' (iter 16200, epoch 60.0)
=> saved checkpoint 'checkpoint_scores_CNN/mnist_VAE_s10_v25_FS/last' (iter 16200, epoch 60.0)
EarlyStopping counter: 3 out of 25
[Save Checkpoint] epoch: [60.0], Train: total:7137.98926, BCE:-29.47803, KLD:7167.46631,Test: total:28313.48828, BCE:-29.90696, KLD:28343.39453
=> saved checkpoint 'checkpoints_CNN/mnist_VAE_s10_v25_FS/last' (iter 16470, epoch 61.0)
=> saved checkpoint 'checkpoint_scores_CNN/mnist_VAE_s10_v25_FS/last' (iter 16470, epoch 61.0)
EarlyStopping counter: 4 out of 25
[Save Checkpoint] epoch: [61.0], Train: total:7126.95166, BCE:-29.24667, KLD:7156.19678,Test: total:28286.44141, BCE:-29.70172, KLD:28316.14062
=> saved checkpoint 'checkpoints_CNN/mnist_VAE_s10_v25_FS/last' (iter 16740, epoch 62.0)
=> saved checkpoint 'checkpoint_scores_CNN/mnist_VAE_s10_v25_FS/last' (iter 16740, epoch 62.0)
[Save Checkpoint] epoch: [62.0], Train: total:7135.25439, BCE:-29.36914, KLD:7164.62158,Test: total:28302.14648, BCE:-29.82194, KLD:28331.97266
=> saved checkpoint 'checkpoints_CNN/mnist_VAE_s10_v25_FS/last' (iter 17010, epoch 63.0)
=> saved checkpoint 'checkpoint_scores_CNN/mnist_VAE_s10_v25_FS/last' (iter 17010, epoch 63.0)
EarlyStopping counter: 1 out of 25
[Save Checkpoint] epoch: [63.0], Train: total:7110.42920, BCE:-29.40444, KLD:7139.83203,Test: total:28210.04688, BCE:-29.85954, KLD:28239.91016
=> saved checkpoint 'checkpoints_CNN/mnist_VAE_s10_v25_FS/last' (iter 17280, epoch 64.0)
=> saved checkpoint 'checkpoint_scores_CNN/mnist_VAE_s10_v25_FS/last' (iter 17280, epoch 64.0)
EarlyStopping counter: 2 out of 25
[Save Checkpoint] epoch: [64.0], Train: total:7129.08154, BCE:-29.22966, KLD:7158.31104,Test: total:28287.43750, BCE:-29.67192, KLD:28317.10938
=> saved checkpoint 'checkpoints_CNN/mnist_VAE_s10_v25_FS/last' (iter 17550, epoch 65.0)
=> saved checkpoint 'checkpoint_scores_CNN/mnist_VAE_s10_v25_FS/last' (iter 17550, epoch 65.0)
EarlyStopping counter: 3 out of 25
[Save Checkpoint] epoch: [65.0], Train: total:7113.12988, BCE:-29.82203, KLD:7142.95166,Test: total:28216.30078, BCE:-30.26578, KLD:28246.56641
=> saved checkpoint 'checkpoints_CNN/mnist_VAE_s10_v25_FS/last' (iter 17820, epoch 66.0)
=> saved checkpoint 'checkpoint_scores_CNN/mnist_VAE_s10_v25_FS/last' (iter 17820, epoch 66.0)
EarlyStopping counter: 4 out of 25
[Save Checkpoint] epoch: [66.0], Train: total:7118.72803, BCE:-29.70984, KLD:7148.43945,Test: total:28231.08203, BCE:-30.15754, KLD:28261.23828
Epoch    67: reducing learning rate of group 0 to 4.0000e-05.
=> saved checkpoint 'checkpoints_CNN/mnist_VAE_s10_v25_FS/last' (iter 18090, epoch 67.0)
=> saved checkpoint 'checkpoint_scores_CNN/mnist_VAE_s10_v25_FS/last' (iter 18090, epoch 67.0)
EarlyStopping counter: 5 out of 25
[Save Checkpoint] epoch: [67.0], Train: total:7109.53271, BCE:-29.55530, KLD:7139.08398,Test: total:28210.43750, BCE:-30.00043, KLD:28240.43555
=> saved checkpoint 'checkpoints_CNN/mnist_VAE_s10_v25_FS/last' (iter 18360, epoch 68.0)
=> saved checkpoint 'checkpoint_scores_CNN/mnist_VAE_s10_v25_FS/last' (iter 18360, epoch 68.0)
EarlyStopping counter: 6 out of 25
[Save Checkpoint] epoch: [68.0], Train: total:7077.77295, BCE:-29.72967, KLD:7107.49854,Test: total:28085.03516, BCE:-30.19529, KLD:28115.22852
=> saved checkpoint 'checkpoints_CNN/mnist_VAE_s10_v25_FS/last' (iter 18630, epoch 69.0)
=> saved checkpoint 'checkpoint_scores_CNN/mnist_VAE_s10_v25_FS/last' (iter 18630, epoch 69.0)
EarlyStopping counter: 7 out of 25
[Save Checkpoint] epoch: [69.0], Train: total:7096.41650, BCE:-29.93235, KLD:7126.35156,Test: total:28162.09375, BCE:-30.40778, KLD:28192.50391
=> saved checkpoint 'checkpoints_CNN/mnist_VAE_s10_v25_FS/last' (iter 18900, epoch 70.0)
=> saved checkpoint 'checkpoint_scores_CNN/mnist_VAE_s10_v25_FS/last' (iter 18900, epoch 70.0)
EarlyStopping counter: 8 out of 25
[Save Checkpoint] epoch: [70.0], Train: total:7102.25000, BCE:-29.87220, KLD:7132.12158,Test: total:28185.52148, BCE:-30.35612, KLD:28215.87500
=> saved checkpoint 'checkpoints_CNN/mnist_VAE_s10_v25_FS/last' (iter 19170, epoch 71.0)
=> saved checkpoint 'checkpoint_scores_CNN/mnist_VAE_s10_v25_FS/last' (iter 19170, epoch 71.0)
EarlyStopping counter: 9 out of 25
[Save Checkpoint] epoch: [71.0], Train: total:7100.69531, BCE:-30.08268, KLD:7130.77588,Test: total:28179.20117, BCE:-30.54334, KLD:28209.74414
Epoch    72: reducing learning rate of group 0 to 8.0000e-06.
=> saved checkpoint 'checkpoints_CNN/mnist_VAE_s10_v25_FS/last' (iter 19440, epoch 72.0)
=> saved checkpoint 'checkpoint_scores_CNN/mnist_VAE_s10_v25_FS/last' (iter 19440, epoch 72.0)
EarlyStopping counter: 10 out of 25
[Save Checkpoint] epoch: [72.0], Train: total:7102.44922, BCE:-29.85975, KLD:7132.30762,Test: total:28180.16992, BCE:-30.32438, KLD:28210.49414
=> saved checkpoint 'checkpoints_CNN/mnist_VAE_s10_v25_FS/last' (iter 19710, epoch 73.0)
=> saved checkpoint 'checkpoint_scores_CNN/mnist_VAE_s10_v25_FS/last' (iter 19710, epoch 73.0)
EarlyStopping counter: 11 out of 25
[Save Checkpoint] epoch: [73.0], Train: total:7106.17334, BCE:-29.93414, KLD:7136.10400,Test: total:28195.42578, BCE:-30.39543, KLD:28225.81836
=> saved checkpoint 'checkpoints_CNN/mnist_VAE_s10_v25_FS/last' (iter 19980, epoch 74.0)
=> saved checkpoint 'checkpoint_scores_CNN/mnist_VAE_s10_v25_FS/last' (iter 19980, epoch 74.0)
EarlyStopping counter: 12 out of 25
[Save Checkpoint] epoch: [74.0], Train: total:7107.81104, BCE:-29.99002, KLD:7137.80078,Test: total:28203.08398, BCE:-30.42851, KLD:28233.51367
=> saved checkpoint 'checkpoints_CNN/mnist_VAE_s10_v25_FS/last' (iter 20250, epoch 75.0)
=> saved checkpoint 'checkpoint_scores_CNN/mnist_VAE_s10_v25_FS/last' (iter 20250, epoch 75.0)
EarlyStopping counter: 13 out of 25
[Save Checkpoint] epoch: [75.0], Train: total:7102.57666, BCE:-29.99598, KLD:7132.57324,Test: total:28182.30078, BCE:-30.44106, KLD:28212.74023
=> saved checkpoint 'checkpoints_CNN/mnist_VAE_s10_v25_FS/last' (iter 20520, epoch 76.0)
=> saved checkpoint 'checkpoint_scores_CNN/mnist_VAE_s10_v25_FS/last' (iter 20520, epoch 76.0)
EarlyStopping counter: 14 out of 25
[Save Checkpoint] epoch: [76.0], Train: total:7113.96143, BCE:-30.01515, KLD:7143.97363,Test: total:28228.56641, BCE:-30.46417, KLD:28259.03125
Epoch    77: reducing learning rate of group 0 to 1.6000e-06.
=> saved checkpoint 'checkpoints_CNN/mnist_VAE_s10_v25_FS/last' (iter 20790, epoch 77.0)
=> saved checkpoint 'checkpoint_scores_CNN/mnist_VAE_s10_v25_FS/last' (iter 20790, epoch 77.0)
EarlyStopping counter: 15 out of 25
[Save Checkpoint] epoch: [77.0], Train: total:7107.01367, BCE:-30.01306, KLD:7137.02783,Test: total:28201.15039, BCE:-30.47705, KLD:28231.62500
=> saved checkpoint 'checkpoints_CNN/mnist_VAE_s10_v25_FS/last' (iter 21060, epoch 78.0)
=> saved checkpoint 'checkpoint_scores_CNN/mnist_VAE_s10_v25_FS/last' (iter 21060, epoch 78.0)
EarlyStopping counter: 16 out of 25
[Save Checkpoint] epoch: [78.0], Train: total:7100.57812, BCE:-30.01581, KLD:7130.59717,Test: total:28176.06641, BCE:-30.47015, KLD:28206.53516
=> saved checkpoint 'checkpoints_CNN/mnist_VAE_s10_v25_FS/last' (iter 21330, epoch 79.0)
=> saved checkpoint 'checkpoint_scores_CNN/mnist_VAE_s10_v25_FS/last' (iter 21330, epoch 79.0)
EarlyStopping counter: 17 out of 25
[Save Checkpoint] epoch: [79.0], Train: total:7103.51562, BCE:-30.01724, KLD:7133.53320,Test: total:28187.13477, BCE:-30.45382, KLD:28217.58789
=> saved checkpoint 'checkpoints_CNN/mnist_VAE_s10_v25_FS/last' (iter 21600, epoch 80.0)
=> saved checkpoint 'checkpoint_scores_CNN/mnist_VAE_s10_v25_FS/last' (iter 21600, epoch 80.0)
EarlyStopping counter: 18 out of 25
[Save Checkpoint] epoch: [80.0], Train: total:7106.19141, BCE:-30.02172, KLD:7136.20752,Test: total:28198.03516, BCE:-30.48174, KLD:28228.51953
=> saved checkpoint 'checkpoints_CNN/mnist_VAE_s10_v25_FS/last' (iter 21870, epoch 81.0)
=> saved checkpoint 'checkpoint_scores_CNN/mnist_VAE_s10_v25_FS/last' (iter 21870, epoch 81.0)
EarlyStopping counter: 19 out of 25
[Save Checkpoint] epoch: [81.0], Train: total:7107.24561, BCE:-30.02569, KLD:7137.26807,Test: total:28202.03125, BCE:-30.47149, KLD:28232.50391
Epoch    82: reducing learning rate of group 0 to 1.0000e-06.
=> saved checkpoint 'checkpoints_CNN/mnist_VAE_s10_v25_FS/last' (iter 22140, epoch 82.0)
=> saved checkpoint 'checkpoint_scores_CNN/mnist_VAE_s10_v25_FS/last' (iter 22140, epoch 82.0)
EarlyStopping counter: 20 out of 25
[Save Checkpoint] epoch: [82.0], Train: total:7106.63232, BCE:-30.03111, KLD:7136.66162,Test: total:28199.48242, BCE:-30.51848, KLD:28229.99805
=> saved checkpoint 'checkpoints_CNN/mnist_VAE_s10_v25_FS/last' (iter 22410, epoch 83.0)
=> saved checkpoint 'checkpoint_scores_CNN/mnist_VAE_s10_v25_FS/last' (iter 22410, epoch 83.0)
EarlyStopping counter: 21 out of 25
[Save Checkpoint] epoch: [83.0], Train: total:7107.40381, BCE:-30.05424, KLD:7137.45996,Test: total:28203.11523, BCE:-30.49718, KLD:28233.61328
=> saved checkpoint 'checkpoints_CNN/mnist_VAE_s10_v25_FS/last' (iter 22680, epoch 84.0)
=> saved checkpoint 'checkpoint_scores_CNN/mnist_VAE_s10_v25_FS/last' (iter 22680, epoch 84.0)
EarlyStopping counter: 22 out of 25
[Save Checkpoint] epoch: [84.0], Train: total:7104.56592, BCE:-30.06062, KLD:7134.62939,Test: total:28191.91211, BCE:-30.51101, KLD:28222.42188
=> saved checkpoint 'checkpoints_CNN/mnist_VAE_s10_v25_FS/last' (iter 22950, epoch 85.0)
=> saved checkpoint 'checkpoint_scores_CNN/mnist_VAE_s10_v25_FS/last' (iter 22950, epoch 85.0)
EarlyStopping counter: 23 out of 25
[Save Checkpoint] epoch: [85.0], Train: total:7104.66748, BCE:-30.06415, KLD:7134.73682,Test: total:28191.95898, BCE:-30.50640, KLD:28222.46680
=> saved checkpoint 'checkpoints_CNN/mnist_VAE_s10_v25_FS/last' (iter 23220, epoch 86.0)
=> saved checkpoint 'checkpoint_scores_CNN/mnist_VAE_s10_v25_FS/last' (iter 23220, epoch 86.0)
[Save Checkpoint] epoch: [86.0], Train: total:7108.39600, BCE:-30.06690, KLD:7138.46289,Test: total:28206.77930, BCE:-30.53020, KLD:28237.30664
=> saved checkpoint 'checkpoints_CNN/mnist_VAE_s10_v25_FS/last' (iter 23490, epoch 87.0)
=> saved checkpoint 'checkpoint_scores_CNN/mnist_VAE_s10_v25_FS/last' (iter 23490, epoch 87.0)
EarlyStopping counter: 1 out of 25
[Save Checkpoint] epoch: [87.0], Train: total:7108.42822, BCE:-30.08035, KLD:7138.50488,Test: total:28206.83398, BCE:-30.50579, KLD:28237.33789
=> saved checkpoint 'checkpoints_CNN/mnist_VAE_s10_v25_FS/last' (iter 23760, epoch 88.0)
=> saved checkpoint 'checkpoint_scores_CNN/mnist_VAE_s10_v25_FS/last' (iter 23760, epoch 88.0)
EarlyStopping counter: 2 out of 25
[Save Checkpoint] epoch: [88.0], Train: total:7103.85352, BCE:-30.07883, KLD:7133.93066,Test: total:28188.50586, BCE:-30.55588, KLD:28219.06250
=> saved checkpoint 'checkpoints_CNN/mnist_VAE_s10_v25_FS/last' (iter 24030, epoch 89.0)
=> saved checkpoint 'checkpoint_scores_CNN/mnist_VAE_s10_v25_FS/last' (iter 24030, epoch 89.0)
EarlyStopping counter: 3 out of 25
[Save Checkpoint] epoch: [89.0], Train: total:7104.10254, BCE:-30.06967, KLD:7134.17188,Test: total:28189.88086, BCE:-30.50178, KLD:28220.38086
=> saved checkpoint 'checkpoints_CNN/mnist_VAE_s10_v25_FS/last' (iter 24300, epoch 90.0)
=> saved checkpoint 'checkpoint_scores_CNN/mnist_VAE_s10_v25_FS/last' (iter 24300, epoch 90.0)
EarlyStopping counter: 4 out of 25
[Save Checkpoint] epoch: [90.0], Train: total:7106.56494, BCE:-30.07604, KLD:7136.64453,Test: total:28199.24805, BCE:-30.54375, KLD:28229.79102
=> saved checkpoint 'checkpoints_CNN/mnist_VAE_s10_v25_FS/last' (iter 24570, epoch 91.0)
=> saved checkpoint 'checkpoint_scores_CNN/mnist_VAE_s10_v25_FS/last' (iter 24570, epoch 91.0)
EarlyStopping counter: 5 out of 25
[Save Checkpoint] epoch: [91.0], Train: total:7108.74121, BCE:-30.07153, KLD:7138.81445,Test: total:28207.74414, BCE:-30.51074, KLD:28238.25391
=> saved checkpoint 'checkpoints_CNN/mnist_VAE_s10_v25_FS/last' (iter 24840, epoch 92.0)
=> saved checkpoint 'checkpoint_scores_CNN/mnist_VAE_s10_v25_FS/last' (iter 24840, epoch 92.0)
EarlyStopping counter: 6 out of 25
[Save Checkpoint] epoch: [92.0], Train: total:7106.04395, BCE:-30.07690, KLD:7136.11963,Test: total:28197.31836, BCE:-30.53439, KLD:28227.85742
=> saved checkpoint 'checkpoints_CNN/mnist_VAE_s10_v25_FS/last' (iter 25110, epoch 93.0)
=> saved checkpoint 'checkpoint_scores_CNN/mnist_VAE_s10_v25_FS/last' (iter 25110, epoch 93.0)
EarlyStopping counter: 7 out of 25
[Save Checkpoint] epoch: [93.0], Train: total:7105.54492, BCE:-30.07005, KLD:7135.61670,Test: total:28194.62891, BCE:-30.53632, KLD:28225.16211
=> saved checkpoint 'checkpoints_CNN/mnist_VAE_s10_v25_FS/last' (iter 25380, epoch 94.0)
=> saved checkpoint 'checkpoint_scores_CNN/mnist_VAE_s10_v25_FS/last' (iter 25380, epoch 94.0)
EarlyStopping counter: 8 out of 25
[Save Checkpoint] epoch: [94.0], Train: total:7107.29590, BCE:-30.08488, KLD:7137.37842,Test: total:28201.64453, BCE:-30.52861, KLD:28232.17578
=> saved checkpoint 'checkpoints_CNN/mnist_VAE_s10_v25_FS/last' (iter 25650, epoch 95.0)
=> saved checkpoint 'checkpoint_scores_CNN/mnist_VAE_s10_v25_FS/last' (iter 25650, epoch 95.0)
EarlyStopping counter: 9 out of 25
[Save Checkpoint] epoch: [95.0], Train: total:7105.94141, BCE:-30.08505, KLD:7136.02539,Test: total:28196.28516, BCE:-30.57881, KLD:28226.86523
=> saved checkpoint 'checkpoints_CNN/mnist_VAE_s10_v25_FS/last' (iter 25920, epoch 96.0)
=> saved checkpoint 'checkpoint_scores_CNN/mnist_VAE_s10_v25_FS/last' (iter 25920, epoch 96.0)
EarlyStopping counter: 10 out of 25
[Save Checkpoint] epoch: [96.0], Train: total:7104.09766, BCE:-30.08090, KLD:7134.17969,Test: total:28189.12891, BCE:-30.52215, KLD:28219.65039
=> saved checkpoint 'checkpoints_CNN/mnist_VAE_s10_v25_FS/last' (iter 26190, epoch 97.0)
=> saved checkpoint 'checkpoint_scores_CNN/mnist_VAE_s10_v25_FS/last' (iter 26190, epoch 97.0)
EarlyStopping counter: 11 out of 25
[Save Checkpoint] epoch: [97.0], Train: total:7105.52002, BCE:-30.07830, KLD:7135.59863,Test: total:28194.43750, BCE:-30.55968, KLD:28224.99805
=> saved checkpoint 'checkpoints_CNN/mnist_VAE_s10_v25_FS/last' (iter 26460, epoch 98.0)
=> saved checkpoint 'checkpoint_scores_CNN/mnist_VAE_s10_v25_FS/last' (iter 26460, epoch 98.0)
EarlyStopping counter: 12 out of 25
[Save Checkpoint] epoch: [98.0], Train: total:7105.72266, BCE:-30.07839, KLD:7135.80078,Test: total:28194.93164, BCE:-30.53259, KLD:28225.46289
=> saved checkpoint 'checkpoints_CNN/mnist_VAE_s10_v25_FS/last' (iter 26730, epoch 99.0)
=> saved checkpoint 'checkpoint_scores_CNN/mnist_VAE_s10_v25_FS/last' (iter 26730, epoch 99.0)
EarlyStopping counter: 13 out of 25
[Save Checkpoint] epoch: [99.0], Train: total:7107.70654, BCE:-30.09801, KLD:7137.80615,Test: total:28203.12500, BCE:-30.58365, KLD:28233.70703
=> saved checkpoint 'checkpoints_CNN/mnist_VAE_s10_v25_FS/last' (iter 27000, epoch 100.0)
=> saved checkpoint 'checkpoint_scores_CNN/mnist_VAE_s10_v25_FS/last' (iter 27000, epoch 100.0)
EarlyStopping counter: 14 out of 25
[Save Checkpoint] epoch: [100.0], Train: total:7107.59961, BCE:-30.09414, KLD:7137.69043,Test: total:28202.90430, BCE:-30.54515, KLD:28233.44727
[Training Finished]
All done !
