82
--dataset mnist --model CNN --gpu_devices 0 1 --max_iter 50 --batch_size 250 --ckpt_dir checkpoints_CNN --ckpt_dir_scores checkpoint_scores_CNN --use_scheduler True --GMP True --lr 1e-3 --z_struct_size 32 --add_classification_layer True --classif_layer_size 30 --is_default_model False --is_custom_model False --is_custom_model_BK True --big_kernel_size 8 --two_conv_layer True --three_conv_layer False --BK_in_first_layer True --BK_in_second_layer False --BK_in_third_layer False --stride_size 1 --hidden_filters_layer1 32 --hidden_filters_layer2 32 --hidden_filters_layer3 32 --ratio_reg False --lambda_ratio_reg 1 --lambda_class 1 --other_ratio False --loss_min_distance_cl True --lambda_var_distance 1 --intra_class_variance_loss False --lambda_intra_class_var 1 --contrastive_loss False --lambda_contrastive_loss 1 --alpha 32 --loss Proxy_Anchor --optimizer adamw --mrg 0.1 --IPC False --warm 1 --sz_embedding 32 --dataset_balanced True --loss_distance_mean False --lambda_distance_mean 1 --value_target_distance_mean 10 --diff_var True --lambda_var_intra 1 --lambda_var_inter 0.01 --exp_name mnist_balanced_dataset_encoder_diff_var_min_1_1_3
Namespace(BK_in_first_layer=True, BK_in_second_layer=False, BK_in_third_layer=False, BN=False, C_max=25, C_stop_iter=100000.0, E1_AE=False, E1_VAE=False, E1_conv=False, E1_dense=False, E1_second_conv=False, E1_second_conv_adapt=False, GMP=True, IPC=False, L1_norm_act=False, L1_norm_weights=False, L3_without_random=False, LOG_DIR='logs', adapt_lr=False, add_classification_layer=True, add_linear_after_GMP=True, add_z_struct_bottleneck=False, alpha=32.0, batch_size=250, beta=1, beta1=0.9, beta2=0.999, big_kernel=False, big_kernel_size=[8], binary_chain=False, binary_z=False, ckpt_dir='checkpoints_CNN', ckpt_dir_scores='checkpoint_scores_CNN', classif_layer_size=30, contrastive_loss=False, cuda=True, dataset='mnist', dataset_balanced=True, diff_var=True, display_step=10000, dset_dir='data', exp_name='mnist_balanced_dataset_encoder_diff_var_min_1_1_3', freeze_Encoder=True, gamma=1000, gpu_devices=[0, 1], hidden_filters_layer1=32, hidden_filters_layer2=32, hidden_filters_layer3=32, image_size=64, intra_class_variance_loss=False, is_C=True, is_E1=False, is_binary_structural_latent=False, is_custom_model=False, is_custom_model_BK=True, is_default_model=False, is_noise_stats=False, is_partial_rand_class=False, is_perturbed_score=False, is_zvar_sim_loss=False, just_train=False, kernel_size=4, lambda_Kl_struct=1, lambda_Kl_var=1, lambda_L1=0.01, lambda_VAE=1, lambda_class=1.0, lambda_contrastive_loss=1.0, lambda_distance_mean=1.0, lambda_intra_class_var=1.0, lambda_partial_class=1, lambda_ratio_reg=1.0, lambda_recon_wt_rand=1, lambda_recons=1, lambda_var_distance=1.0, lambda_var_inter=0.01, lambda_var_intra=1.0, lambda_zvar_sim=1, latent_spec_cont=None, latent_spec_cont_class=None, latent_spec_cont_var=None, latent_spec_disc=None, latent_spec_disc_class=None, latent_spec_disc_var=None, log_level='info', loss='Proxy_Anchor', loss_distance_mean=False, loss_min_distance_cl=True, lr=0.001, max_iter=50.0, model='CNN', mrg=0.1, num_workers=2, old_weighted=False, optimizer='adamw', other_ratio=False, random_percentage=0.2, random_seed=10, randomness=True, ratio_reg=False, remark='', save_step=10000, second_layer_C=False, seed=1, stride_size=1, sz_embedding=32, three_conv_layer=False, train=True, two_conv_layer=True, two_encoder=False, use_decoder=False, use_early_stopping=True, use_scheduler=True, value_target_distance_mean=10.0, warm=1, without_acc=False, z_struct_size=32, zeros_W_Classif=False, zvar_sim_change_zvar=False, zvar_sim_loss_for_all_model=False, zvar_sim_loss_only_for_encoder=False, zvar_sim_normal=False, zvar_sim_var_rand=False)
CUDA Visible devices !
[Using Seed: 10]
Balanced dataset loaded
use 1 gpu who named: Tesla V100-SXM2-32GB
=> loaded sample_scores and losses
=> no checkpoint found at 'checkpoints_CNN/mnist_balanced_dataset_encoder_diff_var_min_1_1_3/last'
Custom_CNN_BK(
  (net): Sequential(
    (0): Conv2d(1, 32, kernel_size=(8, 8), stride=(1, 1))
    (1): BatchNorm2d(32, eps=1e-05, momentum=0.1, affine=True, track_running_stats=True)
    (2): ReLU(inplace=True)
    (3): Conv2d(32, 32, kernel_size=(4, 4), stride=(1, 1))
    (4): BatchNorm2d(32, eps=1e-05, momentum=0.1, affine=True, track_running_stats=True)
    (5): ReLU(inplace=True)
    (6): AdaptiveMaxPool2d(output_size=(1, 1))
    (7): View()
    (8): Linear(in_features=32, out_features=32, bias=True)
    (9): BatchNorm1d(32, eps=1e-05, momentum=0.1, affine=True, track_running_stats=True)
    (10): ReLU(inplace=True)
    (11): Dropout(p=0.4, inplace=False)
    (12): Linear(in_features=32, out_features=30, bias=True)
    (13): BatchNorm1d(30, eps=1e-05, momentum=0.1, affine=True, track_running_stats=True)
    (14): ReLU(inplace=True)
    (15): Dropout(p=0.4, inplace=False)
    (16): Linear(in_features=30, out_features=10, bias=True)
    (17): Softmax(dim=None)
  )
)
The number of parameters of model is 21104
=> saved checkpoint 'checkpoints_CNN/mnist_balanced_dataset_encoder_diff_var_min_1_1_3/last' (iter 270, epoch 1.0)
=> saved checkpoint 'checkpoint_scores_CNN/mnist_balanced_dataset_encoder_diff_var_min_1_1_3/last' (iter 270, epoch 1.0)
[Save Checkpoint] epoch: [1.0], Train score:82.43667, Test score:73.97000, train loss:-0.80007, test loss:-0.80768, ratio_train_loss:0.00000,ratio_test_loss:0.00000, var distance inter class train:0.01298,var distance inter class test:0.00993
=> saved checkpoint 'checkpoints_CNN/mnist_balanced_dataset_encoder_diff_var_min_1_1_3/last' (iter 540, epoch 2.0)
=> saved checkpoint 'checkpoint_scores_CNN/mnist_balanced_dataset_encoder_diff_var_min_1_1_3/last' (iter 540, epoch 2.0)
[Save Checkpoint] epoch: [2.0], Train score:100.96667, Test score:89.41000, train loss:-0.97954, test loss:-0.98022, ratio_train_loss:0.00000,ratio_test_loss:0.00000, var distance inter class train:0.00802,var distance inter class test:0.00551
=> saved checkpoint 'checkpoints_CNN/mnist_balanced_dataset_encoder_diff_var_min_1_1_3/last' (iter 810, epoch 3.0)
=> saved checkpoint 'checkpoint_scores_CNN/mnist_balanced_dataset_encoder_diff_var_min_1_1_3/last' (iter 810, epoch 3.0)
[Save Checkpoint] epoch: [3.0], Train score:107.85000, Test score:95.49000, train loss:-1.05656, test loss:-1.05372, ratio_train_loss:0.00000,ratio_test_loss:0.00000, var distance inter class train:0.00750,var distance inter class test:0.00621
=> saved checkpoint 'checkpoints_CNN/mnist_balanced_dataset_encoder_diff_var_min_1_1_3/last' (iter 1080, epoch 4.0)
=> saved checkpoint 'checkpoint_scores_CNN/mnist_balanced_dataset_encoder_diff_var_min_1_1_3/last' (iter 1080, epoch 4.0)
[Save Checkpoint] epoch: [4.0], Train score:108.64167, Test score:96.25000, train loss:-1.06699, test loss:-1.06407, ratio_train_loss:0.00000,ratio_test_loss:0.00000, var distance inter class train:0.00551,var distance inter class test:0.00448
=> saved checkpoint 'checkpoints_CNN/mnist_balanced_dataset_encoder_diff_var_min_1_1_3/last' (iter 1350, epoch 5.0)
=> saved checkpoint 'checkpoint_scores_CNN/mnist_balanced_dataset_encoder_diff_var_min_1_1_3/last' (iter 1350, epoch 5.0)
[Save Checkpoint] epoch: [5.0], Train score:108.77667, Test score:96.34000, train loss:-1.06925, test loss:-1.06602, ratio_train_loss:0.00000,ratio_test_loss:0.00000, var distance inter class train:0.00497,var distance inter class test:0.00398
=> saved checkpoint 'checkpoints_CNN/mnist_balanced_dataset_encoder_diff_var_min_1_1_3/last' (iter 1620, epoch 6.0)
=> saved checkpoint 'checkpoint_scores_CNN/mnist_balanced_dataset_encoder_diff_var_min_1_1_3/last' (iter 1620, epoch 6.0)
[Save Checkpoint] epoch: [6.0], Train score:109.00333, Test score:96.73000, train loss:-1.07301, test loss:-1.07065, ratio_train_loss:0.00000,ratio_test_loss:0.00000, var distance inter class train:0.00424,var distance inter class test:0.00356
=> saved checkpoint 'checkpoints_CNN/mnist_balanced_dataset_encoder_diff_var_min_1_1_3/last' (iter 1890, epoch 7.0)
=> saved checkpoint 'checkpoint_scores_CNN/mnist_balanced_dataset_encoder_diff_var_min_1_1_3/last' (iter 1890, epoch 7.0)
[Save Checkpoint] epoch: [7.0], Train score:109.58500, Test score:97.10000, train loss:-1.07734, test loss:-1.07435, ratio_train_loss:0.00000,ratio_test_loss:0.00000, var distance inter class train:0.00488,var distance inter class test:0.00409
=> saved checkpoint 'checkpoints_CNN/mnist_balanced_dataset_encoder_diff_var_min_1_1_3/last' (iter 2160, epoch 8.0)
=> saved checkpoint 'checkpoint_scores_CNN/mnist_balanced_dataset_encoder_diff_var_min_1_1_3/last' (iter 2160, epoch 8.0)
EarlyStopping counter: 1 out of 10
[Save Checkpoint] epoch: [8.0], Train score:109.73333, Test score:97.32000, train loss:-1.07951, test loss:-1.07658, ratio_train_loss:0.00000,ratio_test_loss:0.00000, var distance inter class train:0.00369,var distance inter class test:0.00312
=> saved checkpoint 'checkpoints_CNN/mnist_balanced_dataset_encoder_diff_var_min_1_1_3/last' (iter 2430, epoch 9.0)
=> saved checkpoint 'checkpoint_scores_CNN/mnist_balanced_dataset_encoder_diff_var_min_1_1_3/last' (iter 2430, epoch 9.0)
EarlyStopping counter: 2 out of 10
[Save Checkpoint] epoch: [9.0], Train score:109.67167, Test score:97.10000, train loss:-1.07911, test loss:-1.07511, ratio_train_loss:0.00000,ratio_test_loss:0.00000, var distance inter class train:0.00318,var distance inter class test:0.00243
=> saved checkpoint 'checkpoints_CNN/mnist_balanced_dataset_encoder_diff_var_min_1_1_3/last' (iter 2700, epoch 10.0)
=> saved checkpoint 'checkpoint_scores_CNN/mnist_balanced_dataset_encoder_diff_var_min_1_1_3/last' (iter 2700, epoch 10.0)
EarlyStopping counter: 3 out of 10
[Save Checkpoint] epoch: [10.0], Train score:110.04167, Test score:97.38000, train loss:-1.08280, test loss:-1.07801, ratio_train_loss:0.00000,ratio_test_loss:0.00000, var distance inter class train:0.00369,var distance inter class test:0.00311
=> saved checkpoint 'checkpoints_CNN/mnist_balanced_dataset_encoder_diff_var_min_1_1_3/last' (iter 2970, epoch 11.0)
=> saved checkpoint 'checkpoint_scores_CNN/mnist_balanced_dataset_encoder_diff_var_min_1_1_3/last' (iter 2970, epoch 11.0)
EarlyStopping counter: 4 out of 10
[Save Checkpoint] epoch: [11.0], Train score:110.10500, Test score:97.48000, train loss:-1.08326, test loss:-1.07862, ratio_train_loss:0.00000,ratio_test_loss:0.00000, var distance inter class train:0.00306,var distance inter class test:0.00250
=> saved checkpoint 'checkpoints_CNN/mnist_balanced_dataset_encoder_diff_var_min_1_1_3/last' (iter 3240, epoch 12.0)
=> saved checkpoint 'checkpoint_scores_CNN/mnist_balanced_dataset_encoder_diff_var_min_1_1_3/last' (iter 3240, epoch 12.0)
EarlyStopping counter: 5 out of 10
[Save Checkpoint] epoch: [12.0], Train score:109.98167, Test score:97.41000, train loss:-1.08222, test loss:-1.07752, ratio_train_loss:0.00000,ratio_test_loss:0.00000, var distance inter class train:0.00316,var distance inter class test:0.00270
=> saved checkpoint 'checkpoints_CNN/mnist_balanced_dataset_encoder_diff_var_min_1_1_3/last' (iter 3510, epoch 13.0)
=> saved checkpoint 'checkpoint_scores_CNN/mnist_balanced_dataset_encoder_diff_var_min_1_1_3/last' (iter 3510, epoch 13.0)
[Save Checkpoint] epoch: [13.0], Train score:110.23000, Test score:97.71000, train loss:-1.08484, test loss:-1.08130, ratio_train_loss:0.00000,ratio_test_loss:0.00000, var distance inter class train:0.00259,var distance inter class test:0.00205
=> saved checkpoint 'checkpoints_CNN/mnist_balanced_dataset_encoder_diff_var_min_1_1_3/last' (iter 3780, epoch 14.0)
=> saved checkpoint 'checkpoint_scores_CNN/mnist_balanced_dataset_encoder_diff_var_min_1_1_3/last' (iter 3780, epoch 14.0)
[Save Checkpoint] epoch: [14.0], Train score:110.30000, Test score:97.69000, train loss:-1.08544, test loss:-1.08112, ratio_train_loss:0.00000,ratio_test_loss:0.00000, var distance inter class train:0.00248,var distance inter class test:0.00193
=> saved checkpoint 'checkpoints_CNN/mnist_balanced_dataset_encoder_diff_var_min_1_1_3/last' (iter 4050, epoch 15.0)
=> saved checkpoint 'checkpoint_scores_CNN/mnist_balanced_dataset_encoder_diff_var_min_1_1_3/last' (iter 4050, epoch 15.0)
[Save Checkpoint] epoch: [15.0], Train score:110.33667, Test score:97.58000, train loss:-1.08554, test loss:-1.07947, ratio_train_loss:0.00000,ratio_test_loss:0.00000, var distance inter class train:0.00258,var distance inter class test:0.00205
=> saved checkpoint 'checkpoints_CNN/mnist_balanced_dataset_encoder_diff_var_min_1_1_3/last' (iter 4320, epoch 16.0)
=> saved checkpoint 'checkpoint_scores_CNN/mnist_balanced_dataset_encoder_diff_var_min_1_1_3/last' (iter 4320, epoch 16.0)
EarlyStopping counter: 1 out of 10
[Save Checkpoint] epoch: [16.0], Train score:110.49167, Test score:97.84000, train loss:-1.08690, test loss:-1.08213, ratio_train_loss:0.00000,ratio_test_loss:0.00000, var distance inter class train:0.00255,var distance inter class test:0.00213
=> saved checkpoint 'checkpoints_CNN/mnist_balanced_dataset_encoder_diff_var_min_1_1_3/last' (iter 4590, epoch 17.0)
=> saved checkpoint 'checkpoint_scores_CNN/mnist_balanced_dataset_encoder_diff_var_min_1_1_3/last' (iter 4590, epoch 17.0)
EarlyStopping counter: 2 out of 10
[Save Checkpoint] epoch: [17.0], Train score:110.45500, Test score:97.79000, train loss:-1.08698, test loss:-1.08167, ratio_train_loss:0.00000,ratio_test_loss:0.00000, var distance inter class train:0.00237,var distance inter class test:0.00193
=> saved checkpoint 'checkpoints_CNN/mnist_balanced_dataset_encoder_diff_var_min_1_1_3/last' (iter 4860, epoch 18.0)
=> saved checkpoint 'checkpoint_scores_CNN/mnist_balanced_dataset_encoder_diff_var_min_1_1_3/last' (iter 4860, epoch 18.0)
EarlyStopping counter: 3 out of 10
[Save Checkpoint] epoch: [18.0], Train score:110.47667, Test score:97.58000, train loss:-1.08652, test loss:-1.07945, ratio_train_loss:0.00000,ratio_test_loss:0.00000, var distance inter class train:0.00248,var distance inter class test:0.00206
=> saved checkpoint 'checkpoints_CNN/mnist_balanced_dataset_encoder_diff_var_min_1_1_3/last' (iter 5130, epoch 19.0)
=> saved checkpoint 'checkpoint_scores_CNN/mnist_balanced_dataset_encoder_diff_var_min_1_1_3/last' (iter 5130, epoch 19.0)
EarlyStopping counter: 4 out of 10
[Save Checkpoint] epoch: [19.0], Train score:110.25500, Test score:97.69000, train loss:-1.08445, test loss:-1.08048, ratio_train_loss:0.00000,ratio_test_loss:0.00000, var distance inter class train:0.00261,var distance inter class test:0.00209
=> saved checkpoint 'checkpoints_CNN/mnist_balanced_dataset_encoder_diff_var_min_1_1_3/last' (iter 5400, epoch 20.0)
=> saved checkpoint 'checkpoint_scores_CNN/mnist_balanced_dataset_encoder_diff_var_min_1_1_3/last' (iter 5400, epoch 20.0)
EarlyStopping counter: 5 out of 10
[Save Checkpoint] epoch: [20.0], Train score:110.51333, Test score:97.80000, train loss:-1.08713, test loss:-1.08189, ratio_train_loss:0.00000,ratio_test_loss:0.00000, var distance inter class train:0.00245,var distance inter class test:0.00199
=> saved checkpoint 'checkpoints_CNN/mnist_balanced_dataset_encoder_diff_var_min_1_1_3/last' (iter 5670, epoch 21.0)
=> saved checkpoint 'checkpoint_scores_CNN/mnist_balanced_dataset_encoder_diff_var_min_1_1_3/last' (iter 5670, epoch 21.0)
[Save Checkpoint] epoch: [21.0], Train score:110.54833, Test score:97.82000, train loss:-1.08755, test loss:-1.08222, ratio_train_loss:0.00000,ratio_test_loss:0.00000, var distance inter class train:0.00206,var distance inter class test:0.00175
=> saved checkpoint 'checkpoints_CNN/mnist_balanced_dataset_encoder_diff_var_min_1_1_3/last' (iter 5940, epoch 22.0)
=> saved checkpoint 'checkpoint_scores_CNN/mnist_balanced_dataset_encoder_diff_var_min_1_1_3/last' (iter 5940, epoch 22.0)
EarlyStopping counter: 1 out of 10
[Save Checkpoint] epoch: [22.0], Train score:110.53500, Test score:97.96000, train loss:-1.08770, test loss:-1.08409, ratio_train_loss:0.00000,ratio_test_loss:0.00000, var distance inter class train:0.00211,var distance inter class test:0.00170
=> saved checkpoint 'checkpoints_CNN/mnist_balanced_dataset_encoder_diff_var_min_1_1_3/last' (iter 6210, epoch 23.0)
=> saved checkpoint 'checkpoint_scores_CNN/mnist_balanced_dataset_encoder_diff_var_min_1_1_3/last' (iter 6210, epoch 23.0)
EarlyStopping counter: 2 out of 10
[Save Checkpoint] epoch: [23.0], Train score:110.68000, Test score:98.09000, train loss:-1.08877, test loss:-1.08490, ratio_train_loss:0.00000,ratio_test_loss:0.00000, var distance inter class train:0.00202,var distance inter class test:0.00161
=> saved checkpoint 'checkpoints_CNN/mnist_balanced_dataset_encoder_diff_var_min_1_1_3/last' (iter 6480, epoch 24.0)
=> saved checkpoint 'checkpoint_scores_CNN/mnist_balanced_dataset_encoder_diff_var_min_1_1_3/last' (iter 6480, epoch 24.0)
EarlyStopping counter: 3 out of 10
[Save Checkpoint] epoch: [24.0], Train score:110.71333, Test score:97.85000, train loss:-1.08901, test loss:-1.08282, ratio_train_loss:0.00000,ratio_test_loss:0.00000, var distance inter class train:0.00190,var distance inter class test:0.00144
=> saved checkpoint 'checkpoints_CNN/mnist_balanced_dataset_encoder_diff_var_min_1_1_3/last' (iter 6750, epoch 25.0)
=> saved checkpoint 'checkpoint_scores_CNN/mnist_balanced_dataset_encoder_diff_var_min_1_1_3/last' (iter 6750, epoch 25.0)
EarlyStopping counter: 4 out of 10
[Save Checkpoint] epoch: [25.0], Train score:110.73500, Test score:98.03000, train loss:-1.08911, test loss:-1.08411, ratio_train_loss:0.00000,ratio_test_loss:0.00000, var distance inter class train:0.00205,var distance inter class test:0.00163
=> saved checkpoint 'checkpoints_CNN/mnist_balanced_dataset_encoder_diff_var_min_1_1_3/last' (iter 7020, epoch 26.0)
=> saved checkpoint 'checkpoint_scores_CNN/mnist_balanced_dataset_encoder_diff_var_min_1_1_3/last' (iter 7020, epoch 26.0)
EarlyStopping counter: 5 out of 10
[Save Checkpoint] epoch: [26.0], Train score:110.46500, Test score:98.01000, train loss:-1.08672, test loss:-1.08394, ratio_train_loss:0.00000,ratio_test_loss:0.00000, var distance inter class train:0.00218,var distance inter class test:0.00179
=> saved checkpoint 'checkpoints_CNN/mnist_balanced_dataset_encoder_diff_var_min_1_1_3/last' (iter 7290, epoch 27.0)
=> saved checkpoint 'checkpoint_scores_CNN/mnist_balanced_dataset_encoder_diff_var_min_1_1_3/last' (iter 7290, epoch 27.0)
EarlyStopping counter: 6 out of 10
[Save Checkpoint] epoch: [27.0], Train score:110.57333, Test score:97.96000, train loss:-1.08696, test loss:-1.08297, ratio_train_loss:0.00000,ratio_test_loss:0.00000, var distance inter class train:0.00247,var distance inter class test:0.00203
=> saved checkpoint 'checkpoints_CNN/mnist_balanced_dataset_encoder_diff_var_min_1_1_3/last' (iter 7560, epoch 28.0)
=> saved checkpoint 'checkpoint_scores_CNN/mnist_balanced_dataset_encoder_diff_var_min_1_1_3/last' (iter 7560, epoch 28.0)
EarlyStopping counter: 7 out of 10
[Save Checkpoint] epoch: [28.0], Train score:110.83167, Test score:98.00000, train loss:-1.09023, test loss:-1.08446, ratio_train_loss:0.00000,ratio_test_loss:0.00000, var distance inter class train:0.00183,var distance inter class test:0.00145
=> saved checkpoint 'checkpoints_CNN/mnist_balanced_dataset_encoder_diff_var_min_1_1_3/last' (iter 7830, epoch 29.0)
=> saved checkpoint 'checkpoint_scores_CNN/mnist_balanced_dataset_encoder_diff_var_min_1_1_3/last' (iter 7830, epoch 29.0)
EarlyStopping counter: 8 out of 10
[Save Checkpoint] epoch: [29.0], Train score:110.90833, Test score:98.20000, train loss:-1.09077, test loss:-1.08607, ratio_train_loss:0.00000,ratio_test_loss:0.00000, var distance inter class train:0.00181,var distance inter class test:0.00145
=> saved checkpoint 'checkpoints_CNN/mnist_balanced_dataset_encoder_diff_var_min_1_1_3/last' (iter 8100, epoch 30.0)
=> saved checkpoint 'checkpoint_scores_CNN/mnist_balanced_dataset_encoder_diff_var_min_1_1_3/last' (iter 8100, epoch 30.0)
EarlyStopping counter: 9 out of 10
[Save Checkpoint] epoch: [30.0], Train score:110.60000, Test score:97.83000, train loss:-1.08781, test loss:-1.08206, ratio_train_loss:0.00000,ratio_test_loss:0.00000, var distance inter class train:0.00199,var distance inter class test:0.00163
=> saved checkpoint 'checkpoints_CNN/mnist_balanced_dataset_encoder_diff_var_min_1_1_3/last' (iter 8370, epoch 31.0)
=> saved checkpoint 'checkpoint_scores_CNN/mnist_balanced_dataset_encoder_diff_var_min_1_1_3/last' (iter 8370, epoch 31.0)
[Save Checkpoint] epoch: [31.0], Train score:110.79167, Test score:98.01000, train loss:-1.08946, test loss:-1.08422, ratio_train_loss:0.00000,ratio_test_loss:0.00000, var distance inter class train:0.00182,var distance inter class test:0.00139
=> saved checkpoint 'checkpoints_CNN/mnist_balanced_dataset_encoder_diff_var_min_1_1_3/last' (iter 8640, epoch 32.0)
=> saved checkpoint 'checkpoint_scores_CNN/mnist_balanced_dataset_encoder_diff_var_min_1_1_3/last' (iter 8640, epoch 32.0)
EarlyStopping counter: 1 out of 10
[Save Checkpoint] epoch: [32.0], Train score:110.92000, Test score:98.26000, train loss:-1.09099, test loss:-1.08698, ratio_train_loss:0.00000,ratio_test_loss:0.00000, var distance inter class train:0.00164,var distance inter class test:0.00128
=> saved checkpoint 'checkpoints_CNN/mnist_balanced_dataset_encoder_diff_var_min_1_1_3/last' (iter 8910, epoch 33.0)
=> saved checkpoint 'checkpoint_scores_CNN/mnist_balanced_dataset_encoder_diff_var_min_1_1_3/last' (iter 8910, epoch 33.0)
EarlyStopping counter: 2 out of 10
[Save Checkpoint] epoch: [33.0], Train score:110.78667, Test score:98.12000, train loss:-1.08940, test loss:-1.08491, ratio_train_loss:0.00000,ratio_test_loss:0.00000, var distance inter class train:0.00144,var distance inter class test:0.00110
=> saved checkpoint 'checkpoints_CNN/mnist_balanced_dataset_encoder_diff_var_min_1_1_3/last' (iter 9180, epoch 34.0)
=> saved checkpoint 'checkpoint_scores_CNN/mnist_balanced_dataset_encoder_diff_var_min_1_1_3/last' (iter 9180, epoch 34.0)
EarlyStopping counter: 3 out of 10
[Save Checkpoint] epoch: [34.0], Train score:110.86500, Test score:98.05000, train loss:-1.09014, test loss:-1.08450, ratio_train_loss:0.00000,ratio_test_loss:0.00000, var distance inter class train:0.00167,var distance inter class test:0.00125
=> saved checkpoint 'checkpoints_CNN/mnist_balanced_dataset_encoder_diff_var_min_1_1_3/last' (iter 9450, epoch 35.0)
=> saved checkpoint 'checkpoint_scores_CNN/mnist_balanced_dataset_encoder_diff_var_min_1_1_3/last' (iter 9450, epoch 35.0)
EarlyStopping counter: 4 out of 10
[Save Checkpoint] epoch: [35.0], Train score:110.88333, Test score:98.20000, train loss:-1.09030, test loss:-1.08565, ratio_train_loss:0.00000,ratio_test_loss:0.00000, var distance inter class train:0.00167,var distance inter class test:0.00129
=> saved checkpoint 'checkpoints_CNN/mnist_balanced_dataset_encoder_diff_var_min_1_1_3/last' (iter 9720, epoch 36.0)
=> saved checkpoint 'checkpoint_scores_CNN/mnist_balanced_dataset_encoder_diff_var_min_1_1_3/last' (iter 9720, epoch 36.0)
EarlyStopping counter: 5 out of 10
[Save Checkpoint] epoch: [36.0], Train score:110.94167, Test score:98.14000, train loss:-1.09083, test loss:-1.08553, ratio_train_loss:0.00000,ratio_test_loss:0.00000, var distance inter class train:0.00164,var distance inter class test:0.00131
=> saved checkpoint 'checkpoints_CNN/mnist_balanced_dataset_encoder_diff_var_min_1_1_3/last' (iter 9990, epoch 37.0)
=> saved checkpoint 'checkpoint_scores_CNN/mnist_balanced_dataset_encoder_diff_var_min_1_1_3/last' (iter 9990, epoch 37.0)
EarlyStopping counter: 6 out of 10
[Save Checkpoint] epoch: [37.0], Train score:111.01833, Test score:98.20000, train loss:-1.09160, test loss:-1.08612, ratio_train_loss:0.00000,ratio_test_loss:0.00000, var distance inter class train:0.00166,var distance inter class test:0.00126
=> saved checkpoint 'checkpoints_CNN/mnist_balanced_dataset_encoder_diff_var_min_1_1_3/last' (iter 10260, epoch 38.0)
=> saved checkpoint 'checkpoint_scores_CNN/mnist_balanced_dataset_encoder_diff_var_min_1_1_3/last' (iter 10260, epoch 38.0)
EarlyStopping counter: 7 out of 10
[Save Checkpoint] epoch: [38.0], Train score:110.63333, Test score:97.95000, train loss:-1.08807, test loss:-1.08330, ratio_train_loss:0.00000,ratio_test_loss:0.00000, var distance inter class train:0.00165,var distance inter class test:0.00122
=> saved checkpoint 'checkpoints_CNN/mnist_balanced_dataset_encoder_diff_var_min_1_1_3/last' (iter 10530, epoch 39.0)
=> saved checkpoint 'checkpoint_scores_CNN/mnist_balanced_dataset_encoder_diff_var_min_1_1_3/last' (iter 10530, epoch 39.0)
EarlyStopping counter: 8 out of 10
[Save Checkpoint] epoch: [39.0], Train score:110.95667, Test score:98.23000, train loss:-1.09095, test loss:-1.08585, ratio_train_loss:0.00000,ratio_test_loss:0.00000, var distance inter class train:0.00145,var distance inter class test:0.00107
=> saved checkpoint 'checkpoints_CNN/mnist_balanced_dataset_encoder_diff_var_min_1_1_3/last' (iter 10800, epoch 40.0)
=> saved checkpoint 'checkpoint_scores_CNN/mnist_balanced_dataset_encoder_diff_var_min_1_1_3/last' (iter 10800, epoch 40.0)
EarlyStopping counter: 9 out of 10
[Save Checkpoint] epoch: [40.0], Train score:111.08833, Test score:98.35000, train loss:-1.09224, test loss:-1.08716, ratio_train_loss:0.00000,ratio_test_loss:0.00000, var distance inter class train:0.00127,var distance inter class test:0.00091
=> saved checkpoint 'checkpoints_CNN/mnist_balanced_dataset_encoder_diff_var_min_1_1_3/last' (iter 11070, epoch 41.0)
=> saved checkpoint 'checkpoint_scores_CNN/mnist_balanced_dataset_encoder_diff_var_min_1_1_3/last' (iter 11070, epoch 41.0)
EarlyStopping counter: 10 out of 10
[Save Checkpoint] epoch: [41.0], Train score:111.04000, Test score:98.27000, train loss:-1.09171, test loss:-1.08646, ratio_train_loss:0.00000,ratio_test_loss:0.00000, var distance inter class train:0.00145,var distance inter class test:0.00114
Early stopping
[Training Finished]
All done !
