12
--gpu_devices 0 --max_iter 100 --batch_size 250 --use_scheduler True --lr 1e-3 --GMP True --z_struct_size 30 --is_encoder_struct True --big_kernel_size 8 --two_conv_layer True --three_conv_layer True --kernel_size_1 4 --kernel_size_2 4 --kernel_size_3 4 --BK_in_first_layer True --BK_in_second_layer False --BK_in_third_layer False --stride_size 1 --hidden_filters_layer1 64 --hidden_filters_layer2 64 --hidden_filters_layer3 64 --lambda_class 1 --ratio_reg False --lambda_ratio_reg 1 --loss_min_distance_cl False --lambda_var_distance 1 --loss_distance_mean True --lambda_distance_mean 1 --dataset_balanced True --binary_z True --binary_first_conv False --binary_second_conv False --binary_third_conv True --exp_name mnist_struct_mean_scheduler_binary_1_11
Namespace(BK_in_first_layer=True, BK_in_second_layer=False, BK_in_third_layer=False, BN=False, C_max=25, C_stop_iter=100000.0, E1_AE=False, E1_VAE=False, E1_conv=False, E1_dense=False, E1_second_conv=False, E1_second_conv_adapt=False, GMP=True, IPC=False, L1_norm_act=False, L1_norm_weights=False, L3_without_random=False, LOG_DIR='logs', adapt_lr=False, add_classification_layer=True, add_linear_after_GMP=True, add_z_struct_bottleneck=False, alpha=32, batch_size=250, beta=1, beta1=0.9, beta2=0.999, big_kernel=False, big_kernel_size=8, binary_chain=False, binary_first_conv=False, binary_second_conv=False, binary_third_conv=True, binary_z=True, ckpt_dir='checkpoints_CNN', ckpt_dir_scores='checkpoint_scores_CNN', classif_layer_size=30, contrastive_loss=False, cuda=True, dataset='mnist', dataset_balanced=True, decoder_first_dense=36, decoder_kernel_size_1=4, decoder_kernel_size_2=3, decoder_kernel_size_3=4, decoder_n_filter_1=64, decoder_n_filter_2=64, decoder_n_filter_3=64, decoder_stride_1=2, decoder_stride_2=2, decoder_stride_3=1, diff_var=False, display_step=10000, dset_dir='data', exp_name='mnist_struct_mean_scheduler_binary_1_11', freeze_Encoder=True, gamma=1000, gpu_devices=[0], hidden_filters_layer1=64, hidden_filters_layer2=64, hidden_filters_layer3=64, image_size=64, intra_class_variance_loss=False, is_C=True, is_E1=False, is_binary_structural_latent=False, is_custom_model=False, is_custom_model_BK=False, is_default_model=False, is_encoder_struct=True, is_noise_stats=False, is_partial_rand_class=False, is_perturbed_score=False, is_zvar_sim_loss=False, just_train=False, kernel_size=4, kernel_size_1=4, kernel_size_2=4, kernel_size_3=4, lambda_BCE=1, lambda_Kl_struct=1, lambda_Kl_var=1, lambda_L1=0.01, lambda_VAE=1, lambda_class=1.0, lambda_contrastive_loss=1, lambda_distance_mean=1.0, lambda_intra_class_var=1, lambda_partial_class=1, lambda_ratio_reg=1.0, lambda_recon_wt_rand=1, lambda_recons=1, lambda_var_distance=1.0, lambda_var_inter=1, lambda_var_intra=1, lambda_zvar_sim=1, latent_spec_cont=None, latent_spec_cont_class=None, latent_spec_cont_var=None, latent_spec_disc=None, latent_spec_disc_class=None, latent_spec_disc_var=None, log_level='info', loss='Proxy_Anchor', loss_distance_mean=True, loss_min_distance_cl=False, lr=0.001, max_iter=100.0, model='CNN', mrg=0.1, nb_epochs_train_only_zvar=0, num_workers=2, old_weighted=False, optimizer='adamw', other_architecture=False, other_ratio=False, random_percentage=0.2, random_seed=10, randomness=True, ratio_reg=False, remark='', save_step=10000, second_layer_C=False, seed=1, stride_size=1, sz_embedding=5, three_conv_layer=True, train=True, train_var_struct_alternatively=False, two_conv_layer=True, two_encoder=False, use_VAE=False, use_decoder=False, use_early_stopping=True, use_scheduler=True, use_structural_encoder=False, value_target_distance_mean=1, var_hidden_dim=256, var_hidden_filters_1=32, var_hidden_filters_2=32, var_hidden_filters_3=32, var_kernel_size_1=3, var_kernel_size_2=3, var_kernel_size_3=3, var_stride_size_1=1, var_stride_size_2=1, var_stride_size_3=1, var_three_conv_layer=False, warm=1, without_acc=False, z_struct_size=30, z_var_size=5, zeros_W_Classif=False, zvar_sim_change_zvar=False, zvar_sim_loss_for_all_model=False, zvar_sim_loss_only_for_encoder=False, zvar_sim_normal=False, zvar_sim_var_rand=False)
CUDA Visible devices !
[Using Seed: 10]
Balanced dataset loaded
use 1 gpu who named: Tesla V100-SXM2-32GB
=> loaded sample_scores and losses
=> no checkpoint found at 'checkpoints_CNN/mnist_struct_mean_scheduler_binary_1_11/last'
Encoder_struct(
  (encoder_struct): Sequential(
    (0): Conv2d(1, 64, kernel_size=(8, 8), stride=(1, 1))
    (1): BatchNorm2d(64, eps=1e-05, momentum=0.1, affine=True, track_running_stats=True)
    (2): ReLU(inplace=True)
    (3): Conv2d(64, 64, kernel_size=(4, 4), stride=(1, 1))
    (4): BatchNorm2d(64, eps=1e-05, momentum=0.1, affine=True, track_running_stats=True)
    (5): ReLU(inplace=True)
    (6): Conv2d(64, 30, kernel_size=(4, 4), stride=(1, 1))
    (7): BatchNorm2d(30, eps=1e-05, momentum=0.1, affine=True, track_running_stats=True)
    (8): DeterministicBinaryActivation(
      (act): Hardsigmoid(
        (act): Hardtanh(min_val=-1.0, max_val=1.0)
      )
    )
    (9): AdaptiveMaxPool2d(output_size=(1, 1))
    (10): View()
    (11): Linear(in_features=30, out_features=10, bias=True)
    (12): Softmax(dim=None)
  )
)
The number of parameters of model is 101136
=> saved checkpoint 'checkpoints_CNN/mnist_struct_mean_scheduler_binary_1_11/last' (iter 270, epoch 1.0)
=> saved checkpoint 'checkpoint_scores_CNN/mnist_struct_mean_scheduler_binary_1_11/last' (iter 270, epoch 1.0)
[Save Checkpoint] epoch: [1.0], Train score:29.39167, Test score:27.50000, train loss:2.12428, test loss:2.11306, ratio_train_loss:0.00000,ratio_test_loss:0.00000, var distance inter class train:0.00000,var distance inter class test:0.00000
=> saved checkpoint 'checkpoints_CNN/mnist_struct_mean_scheduler_binary_1_11/last' (iter 540, epoch 2.0)
=> saved checkpoint 'checkpoint_scores_CNN/mnist_struct_mean_scheduler_binary_1_11/last' (iter 540, epoch 2.0)
[Save Checkpoint] epoch: [2.0], Train score:46.15667, Test score:41.70000, train loss:1.97879, test loss:1.97100, ratio_train_loss:0.00000,ratio_test_loss:0.00000, var distance inter class train:0.00000,var distance inter class test:0.00000
=> saved checkpoint 'checkpoints_CNN/mnist_struct_mean_scheduler_binary_1_11/last' (iter 810, epoch 3.0)
=> saved checkpoint 'checkpoint_scores_CNN/mnist_struct_mean_scheduler_binary_1_11/last' (iter 810, epoch 3.0)
[Save Checkpoint] epoch: [3.0], Train score:54.01167, Test score:48.86000, train loss:1.91216, test loss:1.90611, ratio_train_loss:0.00000,ratio_test_loss:0.00000, var distance inter class train:0.00000,var distance inter class test:0.00000
=> saved checkpoint 'checkpoints_CNN/mnist_struct_mean_scheduler_binary_1_11/last' (iter 1080, epoch 4.0)
=> saved checkpoint 'checkpoint_scores_CNN/mnist_struct_mean_scheduler_binary_1_11/last' (iter 1080, epoch 4.0)
[Save Checkpoint] epoch: [4.0], Train score:61.02500, Test score:54.89000, train loss:1.84459, test loss:1.84021, ratio_train_loss:0.00000,ratio_test_loss:0.00000, var distance inter class train:0.00000,var distance inter class test:0.00000
=> saved checkpoint 'checkpoints_CNN/mnist_struct_mean_scheduler_binary_1_11/last' (iter 1350, epoch 5.0)
=> saved checkpoint 'checkpoint_scores_CNN/mnist_struct_mean_scheduler_binary_1_11/last' (iter 1350, epoch 5.0)
[Save Checkpoint] epoch: [5.0], Train score:63.04333, Test score:56.58000, train loss:1.80995, test loss:1.80736, ratio_train_loss:0.00000,ratio_test_loss:0.00000, var distance inter class train:0.00000,var distance inter class test:0.00000
=> saved checkpoint 'checkpoints_CNN/mnist_struct_mean_scheduler_binary_1_11/last' (iter 1620, epoch 6.0)
=> saved checkpoint 'checkpoint_scores_CNN/mnist_struct_mean_scheduler_binary_1_11/last' (iter 1620, epoch 6.0)
EarlyStopping counter: 1 out of 20
[Save Checkpoint] epoch: [6.0], Train score:67.30833, Test score:60.22000, train loss:1.79544, test loss:1.79418, ratio_train_loss:0.00000,ratio_test_loss:0.00000, var distance inter class train:0.00000,var distance inter class test:0.00000
=> saved checkpoint 'checkpoints_CNN/mnist_struct_mean_scheduler_binary_1_11/last' (iter 1890, epoch 7.0)
=> saved checkpoint 'checkpoint_scores_CNN/mnist_struct_mean_scheduler_binary_1_11/last' (iter 1890, epoch 7.0)
[Save Checkpoint] epoch: [7.0], Train score:70.68167, Test score:63.46000, train loss:1.75729, test loss:1.75286, ratio_train_loss:0.00000,ratio_test_loss:0.00000, var distance inter class train:0.00000,var distance inter class test:0.00000
=> saved checkpoint 'checkpoints_CNN/mnist_struct_mean_scheduler_binary_1_11/last' (iter 2160, epoch 8.0)
=> saved checkpoint 'checkpoint_scores_CNN/mnist_struct_mean_scheduler_binary_1_11/last' (iter 2160, epoch 8.0)
[Save Checkpoint] epoch: [8.0], Train score:71.45667, Test score:64.28000, train loss:1.74223, test loss:1.73642, ratio_train_loss:0.00000,ratio_test_loss:0.00000, var distance inter class train:0.00000,var distance inter class test:0.00000
=> saved checkpoint 'checkpoints_CNN/mnist_struct_mean_scheduler_binary_1_11/last' (iter 2430, epoch 9.0)
=> saved checkpoint 'checkpoint_scores_CNN/mnist_struct_mean_scheduler_binary_1_11/last' (iter 2430, epoch 9.0)
[Save Checkpoint] epoch: [9.0], Train score:72.71000, Test score:65.42000, train loss:1.73036, test loss:1.72432, ratio_train_loss:0.00000,ratio_test_loss:0.00000, var distance inter class train:0.00000,var distance inter class test:0.00000
=> saved checkpoint 'checkpoints_CNN/mnist_struct_mean_scheduler_binary_1_11/last' (iter 2700, epoch 10.0)
=> saved checkpoint 'checkpoint_scores_CNN/mnist_struct_mean_scheduler_binary_1_11/last' (iter 2700, epoch 10.0)
EarlyStopping counter: 1 out of 20
[Save Checkpoint] epoch: [10.0], Train score:72.83500, Test score:65.56000, train loss:1.72256, test loss:1.71535, ratio_train_loss:0.00000,ratio_test_loss:0.00000, var distance inter class train:0.00000,var distance inter class test:0.00000
=> saved checkpoint 'checkpoints_CNN/mnist_struct_mean_scheduler_binary_1_11/last' (iter 2970, epoch 11.0)
=> saved checkpoint 'checkpoint_scores_CNN/mnist_struct_mean_scheduler_binary_1_11/last' (iter 2970, epoch 11.0)
[Save Checkpoint] epoch: [11.0], Train score:74.06167, Test score:66.55000, train loss:1.70958, test loss:1.70502, ratio_train_loss:0.00000,ratio_test_loss:0.00000, var distance inter class train:0.00000,var distance inter class test:0.00000
=> saved checkpoint 'checkpoints_CNN/mnist_struct_mean_scheduler_binary_1_11/last' (iter 3240, epoch 12.0)
=> saved checkpoint 'checkpoint_scores_CNN/mnist_struct_mean_scheduler_binary_1_11/last' (iter 3240, epoch 12.0)
[Save Checkpoint] epoch: [12.0], Train score:74.52333, Test score:67.05000, train loss:1.70022, test loss:1.69426, ratio_train_loss:0.00000,ratio_test_loss:0.00000, var distance inter class train:0.00000,var distance inter class test:0.00000
=> saved checkpoint 'checkpoints_CNN/mnist_struct_mean_scheduler_binary_1_11/last' (iter 3510, epoch 13.0)
=> saved checkpoint 'checkpoint_scores_CNN/mnist_struct_mean_scheduler_binary_1_11/last' (iter 3510, epoch 13.0)
EarlyStopping counter: 1 out of 20
[Save Checkpoint] epoch: [13.0], Train score:74.48167, Test score:66.63000, train loss:1.70183, test loss:1.69773, ratio_train_loss:0.00000,ratio_test_loss:0.00000, var distance inter class train:0.00000,var distance inter class test:0.00000
=> saved checkpoint 'checkpoints_CNN/mnist_struct_mean_scheduler_binary_1_11/last' (iter 3780, epoch 14.0)
=> saved checkpoint 'checkpoint_scores_CNN/mnist_struct_mean_scheduler_binary_1_11/last' (iter 3780, epoch 14.0)
[Save Checkpoint] epoch: [14.0], Train score:74.88000, Test score:67.14000, train loss:1.69733, test loss:1.69343, ratio_train_loss:0.00000,ratio_test_loss:0.00000, var distance inter class train:0.00000,var distance inter class test:0.00000
=> saved checkpoint 'checkpoints_CNN/mnist_struct_mean_scheduler_binary_1_11/last' (iter 4050, epoch 15.0)
=> saved checkpoint 'checkpoint_scores_CNN/mnist_struct_mean_scheduler_binary_1_11/last' (iter 4050, epoch 15.0)
[Save Checkpoint] epoch: [15.0], Train score:79.79167, Test score:70.75000, train loss:1.67353, test loss:1.67201, ratio_train_loss:0.00000,ratio_test_loss:0.00000, var distance inter class train:0.00000,var distance inter class test:0.00000
=> saved checkpoint 'checkpoints_CNN/mnist_struct_mean_scheduler_binary_1_11/last' (iter 4320, epoch 16.0)
=> saved checkpoint 'checkpoint_scores_CNN/mnist_struct_mean_scheduler_binary_1_11/last' (iter 4320, epoch 16.0)
[Save Checkpoint] epoch: [16.0], Train score:82.97500, Test score:73.90000, train loss:1.63704, test loss:1.63737, ratio_train_loss:0.00000,ratio_test_loss:0.00000, var distance inter class train:0.00000,var distance inter class test:0.00000
=> saved checkpoint 'checkpoints_CNN/mnist_struct_mean_scheduler_binary_1_11/last' (iter 4590, epoch 17.0)
=> saved checkpoint 'checkpoint_scores_CNN/mnist_struct_mean_scheduler_binary_1_11/last' (iter 4590, epoch 17.0)
[Save Checkpoint] epoch: [17.0], Train score:83.44167, Test score:74.41000, train loss:1.63168, test loss:1.63174, ratio_train_loss:0.00000,ratio_test_loss:0.00000, var distance inter class train:0.00000,var distance inter class test:0.00000
=> saved checkpoint 'checkpoints_CNN/mnist_struct_mean_scheduler_binary_1_11/last' (iter 4860, epoch 18.0)
=> saved checkpoint 'checkpoint_scores_CNN/mnist_struct_mean_scheduler_binary_1_11/last' (iter 4860, epoch 18.0)
[Save Checkpoint] epoch: [18.0], Train score:83.95167, Test score:74.56000, train loss:1.62334, test loss:1.62406, ratio_train_loss:0.00000,ratio_test_loss:0.00000, var distance inter class train:0.00000,var distance inter class test:0.00000
=> saved checkpoint 'checkpoints_CNN/mnist_struct_mean_scheduler_binary_1_11/last' (iter 5130, epoch 19.0)
=> saved checkpoint 'checkpoint_scores_CNN/mnist_struct_mean_scheduler_binary_1_11/last' (iter 5130, epoch 19.0)
[Save Checkpoint] epoch: [19.0], Train score:89.71667, Test score:79.61000, train loss:1.59403, test loss:1.59342, ratio_train_loss:0.00000,ratio_test_loss:0.00000, var distance inter class train:0.00000,var distance inter class test:0.00000
=> saved checkpoint 'checkpoints_CNN/mnist_struct_mean_scheduler_binary_1_11/last' (iter 5400, epoch 20.0)
=> saved checkpoint 'checkpoint_scores_CNN/mnist_struct_mean_scheduler_binary_1_11/last' (iter 5400, epoch 20.0)
EarlyStopping counter: 1 out of 20
[Save Checkpoint] epoch: [20.0], Train score:91.73167, Test score:81.87000, train loss:1.56681, test loss:1.56565, ratio_train_loss:0.00000,ratio_test_loss:0.00000, var distance inter class train:0.00000,var distance inter class test:0.00000
=> saved checkpoint 'checkpoints_CNN/mnist_struct_mean_scheduler_binary_1_11/last' (iter 5670, epoch 21.0)
=> saved checkpoint 'checkpoint_scores_CNN/mnist_struct_mean_scheduler_binary_1_11/last' (iter 5670, epoch 21.0)
EarlyStopping counter: 2 out of 20
[Save Checkpoint] epoch: [21.0], Train score:91.93833, Test score:81.92000, train loss:1.56464, test loss:1.56366, ratio_train_loss:0.00000,ratio_test_loss:0.00000, var distance inter class train:0.00000,var distance inter class test:0.00000
=> saved checkpoint 'checkpoints_CNN/mnist_struct_mean_scheduler_binary_1_11/last' (iter 5940, epoch 22.0)
=> saved checkpoint 'checkpoint_scores_CNN/mnist_struct_mean_scheduler_binary_1_11/last' (iter 5940, epoch 22.0)
EarlyStopping counter: 3 out of 20
[Save Checkpoint] epoch: [22.0], Train score:92.17833, Test score:81.84000, train loss:1.55930, test loss:1.55914, ratio_train_loss:0.00000,ratio_test_loss:0.00000, var distance inter class train:0.00000,var distance inter class test:0.00000
=> saved checkpoint 'checkpoints_CNN/mnist_struct_mean_scheduler_binary_1_11/last' (iter 6210, epoch 23.0)
=> saved checkpoint 'checkpoint_scores_CNN/mnist_struct_mean_scheduler_binary_1_11/last' (iter 6210, epoch 23.0)
[Save Checkpoint] epoch: [23.0], Train score:94.01500, Test score:83.67000, train loss:1.53871, test loss:1.53940, ratio_train_loss:0.00000,ratio_test_loss:0.00000, var distance inter class train:0.00000,var distance inter class test:0.00000
=> saved checkpoint 'checkpoints_CNN/mnist_struct_mean_scheduler_binary_1_11/last' (iter 6480, epoch 24.0)
=> saved checkpoint 'checkpoint_scores_CNN/mnist_struct_mean_scheduler_binary_1_11/last' (iter 6480, epoch 24.0)
[Save Checkpoint] epoch: [24.0], Train score:94.26500, Test score:83.95000, train loss:1.53419, test loss:1.53441, ratio_train_loss:0.00000,ratio_test_loss:0.00000, var distance inter class train:0.00000,var distance inter class test:0.00000
=> saved checkpoint 'checkpoints_CNN/mnist_struct_mean_scheduler_binary_1_11/last' (iter 6750, epoch 25.0)
=> saved checkpoint 'checkpoint_scores_CNN/mnist_struct_mean_scheduler_binary_1_11/last' (iter 6750, epoch 25.0)
EarlyStopping counter: 1 out of 20
[Save Checkpoint] epoch: [25.0], Train score:94.37333, Test score:84.19000, train loss:1.53209, test loss:1.53139, ratio_train_loss:0.00000,ratio_test_loss:0.00000, var distance inter class train:0.00000,var distance inter class test:0.00000
=> saved checkpoint 'checkpoints_CNN/mnist_struct_mean_scheduler_binary_1_11/last' (iter 7020, epoch 26.0)
=> saved checkpoint 'checkpoint_scores_CNN/mnist_struct_mean_scheduler_binary_1_11/last' (iter 7020, epoch 26.0)
EarlyStopping counter: 2 out of 20
[Save Checkpoint] epoch: [26.0], Train score:94.62667, Test score:84.12000, train loss:1.52893, test loss:1.52913, ratio_train_loss:0.00000,ratio_test_loss:0.00000, var distance inter class train:0.00000,var distance inter class test:0.00000
=> saved checkpoint 'checkpoints_CNN/mnist_struct_mean_scheduler_binary_1_11/last' (iter 7290, epoch 27.0)
=> saved checkpoint 'checkpoint_scores_CNN/mnist_struct_mean_scheduler_binary_1_11/last' (iter 7290, epoch 27.0)
EarlyStopping counter: 3 out of 20
[Save Checkpoint] epoch: [27.0], Train score:94.59000, Test score:84.04000, train loss:1.52920, test loss:1.53026, ratio_train_loss:0.00000,ratio_test_loss:0.00000, var distance inter class train:0.00000,var distance inter class test:0.00000
=> saved checkpoint 'checkpoints_CNN/mnist_struct_mean_scheduler_binary_1_11/last' (iter 7560, epoch 28.0)
=> saved checkpoint 'checkpoint_scores_CNN/mnist_struct_mean_scheduler_binary_1_11/last' (iter 7560, epoch 28.0)
EarlyStopping counter: 4 out of 20
[Save Checkpoint] epoch: [28.0], Train score:94.58833, Test score:83.88000, train loss:1.52667, test loss:1.52929, ratio_train_loss:0.00000,ratio_test_loss:0.00000, var distance inter class train:0.00000,var distance inter class test:0.00000
=> saved checkpoint 'checkpoints_CNN/mnist_struct_mean_scheduler_binary_1_11/last' (iter 7830, epoch 29.0)
=> saved checkpoint 'checkpoint_scores_CNN/mnist_struct_mean_scheduler_binary_1_11/last' (iter 7830, epoch 29.0)
[Save Checkpoint] epoch: [29.0], Train score:100.46333, Test score:88.14000, train loss:1.49694, test loss:1.50566, ratio_train_loss:0.00000,ratio_test_loss:0.00000, var distance inter class train:0.00000,var distance inter class test:0.00000
=> saved checkpoint 'checkpoints_CNN/mnist_struct_mean_scheduler_binary_1_11/last' (iter 8100, epoch 30.0)
=> saved checkpoint 'checkpoint_scores_CNN/mnist_struct_mean_scheduler_binary_1_11/last' (iter 8100, epoch 30.0)
EarlyStopping counter: 1 out of 20
[Save Checkpoint] epoch: [30.0], Train score:100.20833, Test score:88.28000, train loss:1.49902, test loss:1.50655, ratio_train_loss:0.00000,ratio_test_loss:0.00000, var distance inter class train:0.00000,var distance inter class test:0.00000
=> saved checkpoint 'checkpoints_CNN/mnist_struct_mean_scheduler_binary_1_11/last' (iter 8370, epoch 31.0)
=> saved checkpoint 'checkpoint_scores_CNN/mnist_struct_mean_scheduler_binary_1_11/last' (iter 8370, epoch 31.0)
[Save Checkpoint] epoch: [31.0], Train score:102.48000, Test score:90.04000, train loss:1.47196, test loss:1.48079, ratio_train_loss:0.00000,ratio_test_loss:0.00000, var distance inter class train:0.00000,var distance inter class test:0.00000
=> saved checkpoint 'checkpoints_CNN/mnist_struct_mean_scheduler_binary_1_11/last' (iter 8640, epoch 32.0)
=> saved checkpoint 'checkpoint_scores_CNN/mnist_struct_mean_scheduler_binary_1_11/last' (iter 8640, epoch 32.0)
[Save Checkpoint] epoch: [32.0], Train score:102.10833, Test score:90.32000, train loss:1.47121, test loss:1.47883, ratio_train_loss:0.00000,ratio_test_loss:0.00000, var distance inter class train:0.00000,var distance inter class test:0.00000
=> saved checkpoint 'checkpoints_CNN/mnist_struct_mean_scheduler_binary_1_11/last' (iter 8910, epoch 33.0)
=> saved checkpoint 'checkpoint_scores_CNN/mnist_struct_mean_scheduler_binary_1_11/last' (iter 8910, epoch 33.0)
[Save Checkpoint] epoch: [33.0], Train score:103.59333, Test score:91.26000, train loss:1.45320, test loss:1.46272, ratio_train_loss:0.00000,ratio_test_loss:0.00000, var distance inter class train:0.00000,var distance inter class test:0.00000
=> saved checkpoint 'checkpoints_CNN/mnist_struct_mean_scheduler_binary_1_11/last' (iter 9180, epoch 34.0)
=> saved checkpoint 'checkpoint_scores_CNN/mnist_struct_mean_scheduler_binary_1_11/last' (iter 9180, epoch 34.0)
[Save Checkpoint] epoch: [34.0], Train score:103.45333, Test score:90.77000, train loss:1.45205, test loss:1.46431, ratio_train_loss:0.00000,ratio_test_loss:0.00000, var distance inter class train:0.00000,var distance inter class test:0.00000
=> saved checkpoint 'checkpoints_CNN/mnist_struct_mean_scheduler_binary_1_11/last' (iter 9450, epoch 35.0)
=> saved checkpoint 'checkpoint_scores_CNN/mnist_struct_mean_scheduler_binary_1_11/last' (iter 9450, epoch 35.0)
[Save Checkpoint] epoch: [35.0], Train score:105.25833, Test score:92.27000, train loss:1.43485, test loss:1.44729, ratio_train_loss:0.00000,ratio_test_loss:0.00000, var distance inter class train:0.00000,var distance inter class test:0.00000
=> saved checkpoint 'checkpoints_CNN/mnist_struct_mean_scheduler_binary_1_11/last' (iter 9720, epoch 36.0)
=> saved checkpoint 'checkpoint_scores_CNN/mnist_struct_mean_scheduler_binary_1_11/last' (iter 9720, epoch 36.0)
[Save Checkpoint] epoch: [36.0], Train score:104.63833, Test score:91.96000, train loss:1.44135, test loss:1.45146, ratio_train_loss:0.00000,ratio_test_loss:0.00000, var distance inter class train:0.00000,var distance inter class test:0.00000
=> saved checkpoint 'checkpoints_CNN/mnist_struct_mean_scheduler_binary_1_11/last' (iter 9990, epoch 37.0)
=> saved checkpoint 'checkpoint_scores_CNN/mnist_struct_mean_scheduler_binary_1_11/last' (iter 9990, epoch 37.0)
EarlyStopping counter: 1 out of 20
[Save Checkpoint] epoch: [37.0], Train score:105.86833, Test score:92.58000, train loss:1.42868, test loss:1.44357, ratio_train_loss:0.00000,ratio_test_loss:0.00000, var distance inter class train:0.00000,var distance inter class test:0.00000
=> saved checkpoint 'checkpoints_CNN/mnist_struct_mean_scheduler_binary_1_11/last' (iter 10260, epoch 38.0)
=> saved checkpoint 'checkpoint_scores_CNN/mnist_struct_mean_scheduler_binary_1_11/last' (iter 10260, epoch 38.0)
EarlyStopping counter: 2 out of 20
[Save Checkpoint] epoch: [38.0], Train score:105.40833, Test score:92.31000, train loss:1.43404, test loss:1.44751, ratio_train_loss:0.00000,ratio_test_loss:0.00000, var distance inter class train:0.00000,var distance inter class test:0.00000
=> saved checkpoint 'checkpoints_CNN/mnist_struct_mean_scheduler_binary_1_11/last' (iter 10530, epoch 39.0)
=> saved checkpoint 'checkpoint_scores_CNN/mnist_struct_mean_scheduler_binary_1_11/last' (iter 10530, epoch 39.0)
[Save Checkpoint] epoch: [39.0], Train score:106.09667, Test score:92.17000, train loss:1.42756, test loss:1.44633, ratio_train_loss:0.00000,ratio_test_loss:0.00000, var distance inter class train:0.00000,var distance inter class test:0.00000
=> saved checkpoint 'checkpoints_CNN/mnist_struct_mean_scheduler_binary_1_11/last' (iter 10800, epoch 40.0)
=> saved checkpoint 'checkpoint_scores_CNN/mnist_struct_mean_scheduler_binary_1_11/last' (iter 10800, epoch 40.0)
[Save Checkpoint] epoch: [40.0], Train score:106.65500, Test score:93.34000, train loss:1.42005, test loss:1.43470, ratio_train_loss:0.00000,ratio_test_loss:0.00000, var distance inter class train:0.00000,var distance inter class test:0.00000
=> saved checkpoint 'checkpoints_CNN/mnist_struct_mean_scheduler_binary_1_11/last' (iter 11070, epoch 41.0)
=> saved checkpoint 'checkpoint_scores_CNN/mnist_struct_mean_scheduler_binary_1_11/last' (iter 11070, epoch 41.0)
[Save Checkpoint] epoch: [41.0], Train score:106.50500, Test score:93.18000, train loss:1.42332, test loss:1.43907, ratio_train_loss:0.00000,ratio_test_loss:0.00000, var distance inter class train:0.00000,var distance inter class test:0.00000
=> saved checkpoint 'checkpoints_CNN/mnist_struct_mean_scheduler_binary_1_11/last' (iter 11340, epoch 42.0)
=> saved checkpoint 'checkpoint_scores_CNN/mnist_struct_mean_scheduler_binary_1_11/last' (iter 11340, epoch 42.0)
[Save Checkpoint] epoch: [42.0], Train score:107.10667, Test score:93.63000, train loss:1.41600, test loss:1.43229, ratio_train_loss:0.00000,ratio_test_loss:0.00000, var distance inter class train:0.00000,var distance inter class test:0.00000
=> saved checkpoint 'checkpoints_CNN/mnist_struct_mean_scheduler_binary_1_11/last' (iter 11610, epoch 43.0)
=> saved checkpoint 'checkpoint_scores_CNN/mnist_struct_mean_scheduler_binary_1_11/last' (iter 11610, epoch 43.0)
EarlyStopping counter: 1 out of 20
[Save Checkpoint] epoch: [43.0], Train score:106.62000, Test score:93.12000, train loss:1.42112, test loss:1.43782, ratio_train_loss:0.00000,ratio_test_loss:0.00000, var distance inter class train:0.00000,var distance inter class test:0.00000
=> saved checkpoint 'checkpoints_CNN/mnist_struct_mean_scheduler_binary_1_11/last' (iter 11880, epoch 44.0)
=> saved checkpoint 'checkpoint_scores_CNN/mnist_struct_mean_scheduler_binary_1_11/last' (iter 11880, epoch 44.0)
EarlyStopping counter: 2 out of 20
[Save Checkpoint] epoch: [44.0], Train score:107.33500, Test score:93.74000, train loss:1.41478, test loss:1.43148, ratio_train_loss:0.00000,ratio_test_loss:0.00000, var distance inter class train:0.00000,var distance inter class test:0.00000
=> saved checkpoint 'checkpoints_CNN/mnist_struct_mean_scheduler_binary_1_11/last' (iter 12150, epoch 45.0)
=> saved checkpoint 'checkpoint_scores_CNN/mnist_struct_mean_scheduler_binary_1_11/last' (iter 12150, epoch 45.0)
EarlyStopping counter: 3 out of 20
[Save Checkpoint] epoch: [45.0], Train score:106.27500, Test score:92.57000, train loss:1.42542, test loss:1.44358, ratio_train_loss:0.00000,ratio_test_loss:0.00000, var distance inter class train:0.00000,var distance inter class test:0.00000
=> saved checkpoint 'checkpoints_CNN/mnist_struct_mean_scheduler_binary_1_11/last' (iter 12420, epoch 46.0)
=> saved checkpoint 'checkpoint_scores_CNN/mnist_struct_mean_scheduler_binary_1_11/last' (iter 12420, epoch 46.0)
[Save Checkpoint] epoch: [46.0], Train score:108.04833, Test score:94.35000, train loss:1.40627, test loss:1.42437, ratio_train_loss:0.00000,ratio_test_loss:0.00000, var distance inter class train:0.00000,var distance inter class test:0.00000
=> saved checkpoint 'checkpoints_CNN/mnist_struct_mean_scheduler_binary_1_11/last' (iter 12690, epoch 47.0)
=> saved checkpoint 'checkpoint_scores_CNN/mnist_struct_mean_scheduler_binary_1_11/last' (iter 12690, epoch 47.0)
EarlyStopping counter: 1 out of 20
[Save Checkpoint] epoch: [47.0], Train score:107.64500, Test score:94.04000, train loss:1.40974, test loss:1.42712, ratio_train_loss:0.00000,ratio_test_loss:0.00000, var distance inter class train:0.00000,var distance inter class test:0.00000
=> saved checkpoint 'checkpoints_CNN/mnist_struct_mean_scheduler_binary_1_11/last' (iter 12960, epoch 48.0)
=> saved checkpoint 'checkpoint_scores_CNN/mnist_struct_mean_scheduler_binary_1_11/last' (iter 12960, epoch 48.0)
EarlyStopping counter: 2 out of 20
[Save Checkpoint] epoch: [48.0], Train score:107.37333, Test score:93.87000, train loss:1.41248, test loss:1.43027, ratio_train_loss:0.00000,ratio_test_loss:0.00000, var distance inter class train:0.00000,var distance inter class test:0.00000
=> saved checkpoint 'checkpoints_CNN/mnist_struct_mean_scheduler_binary_1_11/last' (iter 13230, epoch 49.0)
=> saved checkpoint 'checkpoint_scores_CNN/mnist_struct_mean_scheduler_binary_1_11/last' (iter 13230, epoch 49.0)
[Save Checkpoint] epoch: [49.0], Train score:108.05167, Test score:94.44000, train loss:1.40574, test loss:1.42511, ratio_train_loss:0.00000,ratio_test_loss:0.00000, var distance inter class train:0.00000,var distance inter class test:0.00000
=> saved checkpoint 'checkpoints_CNN/mnist_struct_mean_scheduler_binary_1_11/last' (iter 13500, epoch 50.0)
=> saved checkpoint 'checkpoint_scores_CNN/mnist_struct_mean_scheduler_binary_1_11/last' (iter 13500, epoch 50.0)
EarlyStopping counter: 1 out of 20
[Save Checkpoint] epoch: [50.0], Train score:108.10000, Test score:94.61000, train loss:1.40485, test loss:1.42164, ratio_train_loss:0.00000,ratio_test_loss:0.00000, var distance inter class train:0.00000,var distance inter class test:0.00000
=> saved checkpoint 'checkpoints_CNN/mnist_struct_mean_scheduler_binary_1_11/last' (iter 13770, epoch 51.0)
=> saved checkpoint 'checkpoint_scores_CNN/mnist_struct_mean_scheduler_binary_1_11/last' (iter 13770, epoch 51.0)
EarlyStopping counter: 2 out of 20
[Save Checkpoint] epoch: [51.0], Train score:107.77667, Test score:93.64000, train loss:1.40756, test loss:1.42897, ratio_train_loss:0.00000,ratio_test_loss:0.00000, var distance inter class train:0.00000,var distance inter class test:0.00000
=> saved checkpoint 'checkpoints_CNN/mnist_struct_mean_scheduler_binary_1_11/last' (iter 14040, epoch 52.0)
=> saved checkpoint 'checkpoint_scores_CNN/mnist_struct_mean_scheduler_binary_1_11/last' (iter 14040, epoch 52.0)
EarlyStopping counter: 3 out of 20
[Save Checkpoint] epoch: [52.0], Train score:108.34667, Test score:94.13000, train loss:1.40218, test loss:1.42321, ratio_train_loss:0.00000,ratio_test_loss:0.00000, var distance inter class train:0.00000,var distance inter class test:0.00000
=> saved checkpoint 'checkpoints_CNN/mnist_struct_mean_scheduler_binary_1_11/last' (iter 14310, epoch 53.0)
=> saved checkpoint 'checkpoint_scores_CNN/mnist_struct_mean_scheduler_binary_1_11/last' (iter 14310, epoch 53.0)
EarlyStopping counter: 4 out of 20
[Save Checkpoint] epoch: [53.0], Train score:107.72333, Test score:93.79000, train loss:1.40879, test loss:1.42955, ratio_train_loss:0.00000,ratio_test_loss:0.00000, var distance inter class train:0.00000,var distance inter class test:0.00000
Epoch    54: reducing learning rate of group 0 to 2.0000e-04.
=> saved checkpoint 'checkpoints_CNN/mnist_struct_mean_scheduler_binary_1_11/last' (iter 14580, epoch 54.0)
=> saved checkpoint 'checkpoint_scores_CNN/mnist_struct_mean_scheduler_binary_1_11/last' (iter 14580, epoch 54.0)
EarlyStopping counter: 5 out of 20
[Save Checkpoint] epoch: [54.0], Train score:108.11000, Test score:94.17000, train loss:1.40409, test loss:1.42486, ratio_train_loss:0.00000,ratio_test_loss:0.00000, var distance inter class train:0.00000,var distance inter class test:0.00000
=> saved checkpoint 'checkpoints_CNN/mnist_struct_mean_scheduler_binary_1_11/last' (iter 14850, epoch 55.0)
=> saved checkpoint 'checkpoint_scores_CNN/mnist_struct_mean_scheduler_binary_1_11/last' (iter 14850, epoch 55.0)
EarlyStopping counter: 6 out of 20
[Save Checkpoint] epoch: [55.0], Train score:109.01833, Test score:94.82000, train loss:1.39580, test loss:1.41826, ratio_train_loss:0.00000,ratio_test_loss:0.00000, var distance inter class train:0.00000,var distance inter class test:0.00000
=> saved checkpoint 'checkpoints_CNN/mnist_struct_mean_scheduler_binary_1_11/last' (iter 15120, epoch 56.0)
=> saved checkpoint 'checkpoint_scores_CNN/mnist_struct_mean_scheduler_binary_1_11/last' (iter 15120, epoch 56.0)
[Save Checkpoint] epoch: [56.0], Train score:109.05667, Test score:94.63000, train loss:1.39571, test loss:1.41885, ratio_train_loss:0.00000,ratio_test_loss:0.00000, var distance inter class train:0.00000,var distance inter class test:0.00000
=> saved checkpoint 'checkpoints_CNN/mnist_struct_mean_scheduler_binary_1_11/last' (iter 15390, epoch 57.0)
=> saved checkpoint 'checkpoint_scores_CNN/mnist_struct_mean_scheduler_binary_1_11/last' (iter 15390, epoch 57.0)
EarlyStopping counter: 1 out of 20
[Save Checkpoint] epoch: [57.0], Train score:109.02167, Test score:94.59000, train loss:1.39640, test loss:1.42017, ratio_train_loss:0.00000,ratio_test_loss:0.00000, var distance inter class train:0.00000,var distance inter class test:0.00000
=> saved checkpoint 'checkpoints_CNN/mnist_struct_mean_scheduler_binary_1_11/last' (iter 15660, epoch 58.0)
=> saved checkpoint 'checkpoint_scores_CNN/mnist_struct_mean_scheduler_binary_1_11/last' (iter 15660, epoch 58.0)
EarlyStopping counter: 2 out of 20
[Save Checkpoint] epoch: [58.0], Train score:109.00167, Test score:94.37000, train loss:1.39621, test loss:1.42281, ratio_train_loss:0.00000,ratio_test_loss:0.00000, var distance inter class train:0.00000,var distance inter class test:0.00000
=> saved checkpoint 'checkpoints_CNN/mnist_struct_mean_scheduler_binary_1_11/last' (iter 15930, epoch 59.0)
=> saved checkpoint 'checkpoint_scores_CNN/mnist_struct_mean_scheduler_binary_1_11/last' (iter 15930, epoch 59.0)
[Save Checkpoint] epoch: [59.0], Train score:109.25833, Test score:94.66000, train loss:1.39388, test loss:1.41987, ratio_train_loss:0.00000,ratio_test_loss:0.00000, var distance inter class train:0.00000,var distance inter class test:0.00000
=> saved checkpoint 'checkpoints_CNN/mnist_struct_mean_scheduler_binary_1_11/last' (iter 16200, epoch 60.0)
=> saved checkpoint 'checkpoint_scores_CNN/mnist_struct_mean_scheduler_binary_1_11/last' (iter 16200, epoch 60.0)
[Save Checkpoint] epoch: [60.0], Train score:109.25833, Test score:94.43000, train loss:1.39381, test loss:1.42142, ratio_train_loss:0.00000,ratio_test_loss:0.00000, var distance inter class train:0.00000,var distance inter class test:0.00000
=> saved checkpoint 'checkpoints_CNN/mnist_struct_mean_scheduler_binary_1_11/last' (iter 16470, epoch 61.0)
=> saved checkpoint 'checkpoint_scores_CNN/mnist_struct_mean_scheduler_binary_1_11/last' (iter 16470, epoch 61.0)
EarlyStopping counter: 1 out of 20
[Save Checkpoint] epoch: [61.0], Train score:109.41000, Test score:94.86000, train loss:1.39252, test loss:1.41868, ratio_train_loss:0.00000,ratio_test_loss:0.00000, var distance inter class train:0.00000,var distance inter class test:0.00000
=> saved checkpoint 'checkpoints_CNN/mnist_struct_mean_scheduler_binary_1_11/last' (iter 16740, epoch 62.0)
=> saved checkpoint 'checkpoint_scores_CNN/mnist_struct_mean_scheduler_binary_1_11/last' (iter 16740, epoch 62.0)
EarlyStopping counter: 2 out of 20
[Save Checkpoint] epoch: [62.0], Train score:109.31000, Test score:94.71000, train loss:1.39349, test loss:1.42070, ratio_train_loss:0.00000,ratio_test_loss:0.00000, var distance inter class train:0.00000,var distance inter class test:0.00000
=> saved checkpoint 'checkpoints_CNN/mnist_struct_mean_scheduler_binary_1_11/last' (iter 17010, epoch 63.0)
=> saved checkpoint 'checkpoint_scores_CNN/mnist_struct_mean_scheduler_binary_1_11/last' (iter 17010, epoch 63.0)
EarlyStopping counter: 3 out of 20
[Save Checkpoint] epoch: [63.0], Train score:109.44167, Test score:94.39000, train loss:1.39226, test loss:1.42168, ratio_train_loss:0.00000,ratio_test_loss:0.00000, var distance inter class train:0.00000,var distance inter class test:0.00000
=> saved checkpoint 'checkpoints_CNN/mnist_struct_mean_scheduler_binary_1_11/last' (iter 17280, epoch 64.0)
=> saved checkpoint 'checkpoint_scores_CNN/mnist_struct_mean_scheduler_binary_1_11/last' (iter 17280, epoch 64.0)
EarlyStopping counter: 4 out of 20
[Save Checkpoint] epoch: [64.0], Train score:109.36333, Test score:94.42000, train loss:1.39304, test loss:1.42200, ratio_train_loss:0.00000,ratio_test_loss:0.00000, var distance inter class train:0.00000,var distance inter class test:0.00000
=> saved checkpoint 'checkpoints_CNN/mnist_struct_mean_scheduler_binary_1_11/last' (iter 17550, epoch 65.0)
=> saved checkpoint 'checkpoint_scores_CNN/mnist_struct_mean_scheduler_binary_1_11/last' (iter 17550, epoch 65.0)
[Save Checkpoint] epoch: [65.0], Train score:109.36000, Test score:94.42000, train loss:1.39266, test loss:1.42157, ratio_train_loss:0.00000,ratio_test_loss:0.00000, var distance inter class train:0.00000,var distance inter class test:0.00000
=> saved checkpoint 'checkpoints_CNN/mnist_struct_mean_scheduler_binary_1_11/last' (iter 17820, epoch 66.0)
=> saved checkpoint 'checkpoint_scores_CNN/mnist_struct_mean_scheduler_binary_1_11/last' (iter 17820, epoch 66.0)
EarlyStopping counter: 1 out of 20
[Save Checkpoint] epoch: [66.0], Train score:109.42667, Test score:94.56000, train loss:1.39254, test loss:1.42047, ratio_train_loss:0.00000,ratio_test_loss:0.00000, var distance inter class train:0.00000,var distance inter class test:0.00000
=> saved checkpoint 'checkpoints_CNN/mnist_struct_mean_scheduler_binary_1_11/last' (iter 18090, epoch 67.0)
=> saved checkpoint 'checkpoint_scores_CNN/mnist_struct_mean_scheduler_binary_1_11/last' (iter 18090, epoch 67.0)
EarlyStopping counter: 2 out of 20
[Save Checkpoint] epoch: [67.0], Train score:109.49500, Test score:94.37000, train loss:1.39169, test loss:1.42163, ratio_train_loss:0.00000,ratio_test_loss:0.00000, var distance inter class train:0.00000,var distance inter class test:0.00000
=> saved checkpoint 'checkpoints_CNN/mnist_struct_mean_scheduler_binary_1_11/last' (iter 18360, epoch 68.0)
=> saved checkpoint 'checkpoint_scores_CNN/mnist_struct_mean_scheduler_binary_1_11/last' (iter 18360, epoch 68.0)
EarlyStopping counter: 3 out of 20
[Save Checkpoint] epoch: [68.0], Train score:109.29833, Test score:94.27000, train loss:1.39408, test loss:1.42291, ratio_train_loss:0.00000,ratio_test_loss:0.00000, var distance inter class train:0.00000,var distance inter class test:0.00000
=> saved checkpoint 'checkpoints_CNN/mnist_struct_mean_scheduler_binary_1_11/last' (iter 18630, epoch 69.0)
=> saved checkpoint 'checkpoint_scores_CNN/mnist_struct_mean_scheduler_binary_1_11/last' (iter 18630, epoch 69.0)
EarlyStopping counter: 4 out of 20
[Save Checkpoint] epoch: [69.0], Train score:109.59500, Test score:94.46000, train loss:1.39021, test loss:1.42004, ratio_train_loss:0.00000,ratio_test_loss:0.00000, var distance inter class train:0.00000,var distance inter class test:0.00000
Epoch    70: reducing learning rate of group 0 to 4.0000e-05.
=> saved checkpoint 'checkpoints_CNN/mnist_struct_mean_scheduler_binary_1_11/last' (iter 18900, epoch 70.0)
=> saved checkpoint 'checkpoint_scores_CNN/mnist_struct_mean_scheduler_binary_1_11/last' (iter 18900, epoch 70.0)
EarlyStopping counter: 5 out of 20
[Save Checkpoint] epoch: [70.0], Train score:109.47667, Test score:94.35000, train loss:1.39157, test loss:1.42319, ratio_train_loss:0.00000,ratio_test_loss:0.00000, var distance inter class train:0.00000,var distance inter class test:0.00000
=> saved checkpoint 'checkpoints_CNN/mnist_struct_mean_scheduler_binary_1_11/last' (iter 19170, epoch 71.0)
=> saved checkpoint 'checkpoint_scores_CNN/mnist_struct_mean_scheduler_binary_1_11/last' (iter 19170, epoch 71.0)
[Save Checkpoint] epoch: [71.0], Train score:109.86500, Test score:94.58000, train loss:1.38767, test loss:1.41964, ratio_train_loss:0.00000,ratio_test_loss:0.00000, var distance inter class train:0.00000,var distance inter class test:0.00000
=> saved checkpoint 'checkpoints_CNN/mnist_struct_mean_scheduler_binary_1_11/last' (iter 19440, epoch 72.0)
=> saved checkpoint 'checkpoint_scores_CNN/mnist_struct_mean_scheduler_binary_1_11/last' (iter 19440, epoch 72.0)
EarlyStopping counter: 1 out of 20
[Save Checkpoint] epoch: [72.0], Train score:109.89667, Test score:94.70000, train loss:1.38755, test loss:1.41916, ratio_train_loss:0.00000,ratio_test_loss:0.00000, var distance inter class train:0.00000,var distance inter class test:0.00000
=> saved checkpoint 'checkpoints_CNN/mnist_struct_mean_scheduler_binary_1_11/last' (iter 19710, epoch 73.0)
=> saved checkpoint 'checkpoint_scores_CNN/mnist_struct_mean_scheduler_binary_1_11/last' (iter 19710, epoch 73.0)
[Save Checkpoint] epoch: [73.0], Train score:109.86000, Test score:94.69000, train loss:1.38759, test loss:1.41959, ratio_train_loss:0.00000,ratio_test_loss:0.00000, var distance inter class train:0.00000,var distance inter class test:0.00000
=> saved checkpoint 'checkpoints_CNN/mnist_struct_mean_scheduler_binary_1_11/last' (iter 19980, epoch 74.0)
=> saved checkpoint 'checkpoint_scores_CNN/mnist_struct_mean_scheduler_binary_1_11/last' (iter 19980, epoch 74.0)
[Save Checkpoint] epoch: [74.0], Train score:109.88333, Test score:94.65000, train loss:1.38751, test loss:1.41972, ratio_train_loss:0.00000,ratio_test_loss:0.00000, var distance inter class train:0.00000,var distance inter class test:0.00000
=> saved checkpoint 'checkpoints_CNN/mnist_struct_mean_scheduler_binary_1_11/last' (iter 20250, epoch 75.0)
=> saved checkpoint 'checkpoint_scores_CNN/mnist_struct_mean_scheduler_binary_1_11/last' (iter 20250, epoch 75.0)
[Save Checkpoint] epoch: [75.0], Train score:109.88167, Test score:94.69000, train loss:1.38753, test loss:1.41917, ratio_train_loss:0.00000,ratio_test_loss:0.00000, var distance inter class train:0.00000,var distance inter class test:0.00000
=> saved checkpoint 'checkpoints_CNN/mnist_struct_mean_scheduler_binary_1_11/last' (iter 20520, epoch 76.0)
=> saved checkpoint 'checkpoint_scores_CNN/mnist_struct_mean_scheduler_binary_1_11/last' (iter 20520, epoch 76.0)
EarlyStopping counter: 1 out of 20
[Save Checkpoint] epoch: [76.0], Train score:109.88333, Test score:94.64000, train loss:1.38761, test loss:1.41978, ratio_train_loss:0.00000,ratio_test_loss:0.00000, var distance inter class train:0.00000,var distance inter class test:0.00000
=> saved checkpoint 'checkpoints_CNN/mnist_struct_mean_scheduler_binary_1_11/last' (iter 20790, epoch 77.0)
=> saved checkpoint 'checkpoint_scores_CNN/mnist_struct_mean_scheduler_binary_1_11/last' (iter 20790, epoch 77.0)
EarlyStopping counter: 2 out of 20
[Save Checkpoint] epoch: [77.0], Train score:109.92500, Test score:94.63000, train loss:1.38734, test loss:1.41924, ratio_train_loss:0.00000,ratio_test_loss:0.00000, var distance inter class train:0.00000,var distance inter class test:0.00000
