9
--gpu_devices 0 --max_iter 100 --batch_size 250 --use_scheduler True --lr 1e-3 --GMP True --z_struct_size 10 --is_VAE True --is_encoder_struct False --lambda_BCE 1 --beta 1 --big_kernel_size 8 --two_conv_layer True --three_conv_layer True --kernel_size_1 4 --kernel_size_2 4 --kernel_size_3 4 --BK_in_first_layer True --BK_in_second_layer False --BK_in_third_layer False --stride_size 1 --hidden_filters_layer1 64 --hidden_filters_layer2 64 --hidden_filters_layer3 64 --dataset_balanced True --binary_z True --binary_first_conv False --binary_second_conv False --binary_third_conv True --z_var_size 10 --z_struct_size 20 --use_small_lr_encoder_var True --encoder_var_name mnist_vae_var_2cb_10 --encoder_struct_name mnist_struct_baseline_scheduler_binary_20 --freeze_Encoder True --exp_name mnist_VAE_s20_v10_PT
Namespace(BK_in_first_layer=True, BK_in_second_layer=False, BK_in_third_layer=False, BN=False, C_max=25, C_stop_iter=100000.0, E1_AE=False, E1_VAE=False, E1_conv=False, E1_dense=False, E1_second_conv=False, E1_second_conv_adapt=False, GMP=True, Hmg_dst_loss=False, IPC=False, L1_norm_act=False, L1_norm_weights=False, L3_without_random=False, LOG_DIR='logs', adapt_lr=False, add_classification_layer=True, add_linear_after_GMP=True, add_z_struct_bottleneck=False, alpha=32, batch_size=250, beta=1.0, beta1=0.9, beta2=0.999, big_kernel=False, big_kernel_size=8, binary_chain=False, binary_first_conv=False, binary_second_conv=False, binary_third_conv=True, binary_z=True, ckpt_dir='checkpoints_CNN', ckpt_dir_scores='checkpoint_scores_CNN', classif_layer_size=30, contrastive_loss=False, cuda=True, dataset='mnist', dataset_balanced=True, decoder_first_dense=36, decoder_kernel_size_1=4, decoder_kernel_size_2=3, decoder_kernel_size_3=4, decoder_n_filter_1=64, decoder_n_filter_2=64, decoder_n_filter_3=64, decoder_stride_1=2, decoder_stride_2=2, decoder_stride_3=1, diff_var=False, display_step=10000, dset_dir='data', encoder_struct_name='mnist_struct_baseline_scheduler_binary_20', encoder_var_name='mnist_vae_var_2cb_10', exp_name='mnist_VAE_s20_v10_PT', freeze_Encoder=True, gamma=1000, gpu_devices=[0], hidden_filters_layer1=64, hidden_filters_layer2=64, hidden_filters_layer3=64, image_size=64, intra_class_variance_loss=False, is_C=True, is_E1=False, is_VAE=True, is_VAE_var=False, is_binary_structural_latent=False, is_custom_model=False, is_custom_model_BK=False, is_default_model=False, is_encoder_struct=False, is_noise_stats=False, is_partial_rand_class=False, is_perturbed_score=False, is_zvar_sim_loss=False, just_train=False, kernel_size=4, kernel_size_1=4, kernel_size_2=4, kernel_size_3=4, lambda_BCE=1.0, lambda_Kl_struct=1, lambda_Kl_var=1, lambda_L1=0.01, lambda_VAE=1, lambda_class=1, lambda_contrastive_loss=1, lambda_distance_mean=1, lambda_hmg_dst=1, lambda_intra_class_var=1, lambda_partial_class=1, lambda_ratio_reg=1, lambda_recon_wt_rand=1, lambda_recons=1, lambda_uniq_code_dst=1, lambda_var_distance=1, lambda_var_inter=1, lambda_var_intra=1, lambda_zvar_sim=1, latent_spec_cont=None, latent_spec_cont_class=None, latent_spec_cont_var=None, latent_spec_disc=None, latent_spec_disc_class=None, latent_spec_disc_var=None, log_level='info', loss='Proxy_Anchor', loss_distance_mean=False, loss_min_distance_cl=False, lr=0.001, max_epoch_use_uniq_code_target=5, max_iter=100.0, model='CNN', mrg=0.1, nb_epochs_train_only_zvar=0, num_workers=2, old_weighted=False, optimizer='adamw', other_architecture=False, other_ratio=False, random_percentage=0.2, random_seed=10, randomness=True, ratio_reg=False, remark='', save_step=10000, second_layer_C=False, seed=1, stride_size=1, sz_embedding=5, three_conv_layer=True, train=True, train_var_struct_alternatively=False, two_conv_layer=True, two_encoder=False, uniq_code_dst_loss=False, use_VAE=False, use_decoder=False, use_early_stopping=True, use_scheduler=True, use_small_lr_encoder_var=True, use_structural_encoder=False, value_target_distance_mean=1, var_hidden_dim=256, var_hidden_filters_1=32, var_hidden_filters_2=32, var_hidden_filters_3=32, var_kernel_size_1=3, var_kernel_size_2=3, var_kernel_size_3=3, var_second_cnn_block=False, var_stride_size_1=1, var_stride_size_2=1, var_stride_size_3=1, var_third_cnn_block=False, var_three_conv_layer=False, warm=1, without_acc=False, z_struct_size=20, z_var_size=10, zeros_W_Classif=False, zvar_sim_change_zvar=False, zvar_sim_loss_for_all_model=False, zvar_sim_loss_only_for_encoder=False, zvar_sim_normal=False, zvar_sim_var_rand=False)
CUDA Visible devices !
[Using Seed: 10]
Balanced dataset loaded
=> no checkpoint found at 'checkpoints_CNN/mnist_VAE_s20_v10_PT/last'
VAE doesn't exist but encoder var yes ! load var encoder weighs !
use 1 gpu who named: Tesla V100-SXM2-32GB
Weighs loaded for var encoder !
VAE doesn't exist but encoder struct yes ! load struct encoder weighs !
use 1 gpu who named: Tesla V100-SXM2-32GB
Weighs loaded for struct encoder !
VAE(
  (encoder_struct): Sequential(
    (0): Conv2d(1, 64, kernel_size=(8, 8), stride=(1, 1))
    (1): BatchNorm2d(64, eps=1e-05, momentum=0.1, affine=True, track_running_stats=True)
    (2): ReLU(inplace=True)
    (3): Conv2d(64, 64, kernel_size=(4, 4), stride=(1, 1))
    (4): BatchNorm2d(64, eps=1e-05, momentum=0.1, affine=True, track_running_stats=True)
    (5): ReLU(inplace=True)
    (6): Conv2d(64, 20, kernel_size=(4, 4), stride=(1, 1))
    (7): DeterministicBinaryActivation(
      (act): Hardsigmoid(
        (act): Hardtanh(min_val=-1.0, max_val=1.0)
      )
    )
    (8): AdaptiveMaxPool2d(output_size=(1, 1))
    (9): View()
  )
  (encoder_var): Sequential(
    (0): Conv2d(1, 32, kernel_size=(3, 3), stride=(1, 1))
    (1): ReLU(inplace=True)
    (2): BatchNorm2d(32, eps=1e-05, momentum=0.1, affine=True, track_running_stats=True)
    (3): Conv2d(32, 32, kernel_size=(3, 3), stride=(1, 1))
    (4): ReLU(inplace=True)
    (5): BatchNorm2d(32, eps=1e-05, momentum=0.1, affine=True, track_running_stats=True)
    (6): Conv2d(32, 32, kernel_size=(5, 5), stride=(2, 2), padding=(2, 2))
    (7): ReLU(inplace=True)
    (8): BatchNorm2d(32, eps=1e-05, momentum=0.1, affine=True, track_running_stats=True)
    (9): Dropout(p=0.4, inplace=False)
    (10): View()
    (11): Linear(in_features=6272, out_features=20, bias=True)
  )
  (decoder): Sequential(
    (0): Linear(in_features=30, out_features=6272, bias=True)
    (1): ReLU(inplace=True)
    (2): View()
    (3): ConvTranspose2d(32, 32, kernel_size=(4, 4), stride=(2, 2), padding=(1, 1))
    (4): ReLU(inplace=True)
    (5): ConvTranspose2d(32, 32, kernel_size=(3, 3), stride=(1, 1))
    (6): ReLU(inplace=True)
    (7): ConvTranspose2d(32, 1, kernel_size=(3, 3), stride=(1, 1))
    (8): Sigmoid()
  )
)
The number of parameters of model is 471753
use smaller lr for encoder var !
=> saved checkpoint 'checkpoints_CNN/mnist_VAE_s20_v10_PT/last' (iter 270, epoch 1.0)
=> saved checkpoint 'checkpoint_scores_CNN/mnist_VAE_s20_v10_PT/last' (iter 270, epoch 1.0)
[Save Checkpoint] epoch: [1.0], Train: total:2063.67944, BCE:3.35407, KLD:2060.32642,Test: total:8206.61914, BCE:3.56503, KLD:8203.05371
=> saved checkpoint 'checkpoints_CNN/mnist_VAE_s20_v10_PT/last' (iter 540, epoch 2.0)
=> saved checkpoint 'checkpoint_scores_CNN/mnist_VAE_s20_v10_PT/last' (iter 540, epoch 2.0)
[Save Checkpoint] epoch: [2.0], Train: total:1609.46167, BCE:3.19213, KLD:1606.26904,Test: total:6397.74561, BCE:3.40775, KLD:6394.33740
=> saved checkpoint 'checkpoints_CNN/mnist_VAE_s20_v10_PT/last' (iter 810, epoch 3.0)
=> saved checkpoint 'checkpoint_scores_CNN/mnist_VAE_s20_v10_PT/last' (iter 810, epoch 3.0)
[Save Checkpoint] epoch: [3.0], Train: total:1269.62292, BCE:3.12769, KLD:1266.49463,Test: total:5042.00781, BCE:3.34823, KLD:5038.65967
=> saved checkpoint 'checkpoints_CNN/mnist_VAE_s20_v10_PT/last' (iter 1080, epoch 4.0)
=> saved checkpoint 'checkpoint_scores_CNN/mnist_VAE_s20_v10_PT/last' (iter 1080, epoch 4.0)
[Save Checkpoint] epoch: [4.0], Train: total:1019.93030, BCE:3.06388, KLD:1016.86639,Test: total:4047.15894, BCE:3.28322, KLD:4043.87622
=> saved checkpoint 'checkpoints_CNN/mnist_VAE_s20_v10_PT/last' (iter 1350, epoch 5.0)
=> saved checkpoint 'checkpoint_scores_CNN/mnist_VAE_s20_v10_PT/last' (iter 1350, epoch 5.0)
[Save Checkpoint] epoch: [5.0], Train: total:842.36816, BCE:3.01650, KLD:839.35168,Test: total:3338.47729, BCE:3.23857, KLD:3335.23901
=> saved checkpoint 'checkpoints_CNN/mnist_VAE_s20_v10_PT/last' (iter 1620, epoch 6.0)
=> saved checkpoint 'checkpoint_scores_CNN/mnist_VAE_s20_v10_PT/last' (iter 1620, epoch 6.0)
[Save Checkpoint] epoch: [6.0], Train: total:709.97308, BCE:2.98375, KLD:706.98895,Test: total:2817.04077, BCE:3.20593, KLD:2813.83496
=> saved checkpoint 'checkpoints_CNN/mnist_VAE_s20_v10_PT/last' (iter 1890, epoch 7.0)
=> saved checkpoint 'checkpoint_scores_CNN/mnist_VAE_s20_v10_PT/last' (iter 1890, epoch 7.0)
[Save Checkpoint] epoch: [7.0], Train: total:598.83313, BCE:2.95509, KLD:595.87793,Test: total:2378.26782, BCE:3.17891, KLD:2375.08862
=> saved checkpoint 'checkpoints_CNN/mnist_VAE_s20_v10_PT/last' (iter 2160, epoch 8.0)
=> saved checkpoint 'checkpoint_scores_CNN/mnist_VAE_s20_v10_PT/last' (iter 2160, epoch 8.0)
[Save Checkpoint] epoch: [8.0], Train: total:510.73251, BCE:2.93812, KLD:507.79416,Test: total:2030.26013, BCE:3.16303, KLD:2027.09729
=> saved checkpoint 'checkpoints_CNN/mnist_VAE_s20_v10_PT/last' (iter 2430, epoch 9.0)
=> saved checkpoint 'checkpoint_scores_CNN/mnist_VAE_s20_v10_PT/last' (iter 2430, epoch 9.0)
[Save Checkpoint] epoch: [9.0], Train: total:456.12064, BCE:2.90703, KLD:453.21344,Test: total:1817.97168, BCE:3.13766, KLD:1814.83423
=> saved checkpoint 'checkpoints_CNN/mnist_VAE_s20_v10_PT/last' (iter 2700, epoch 10.0)
=> saved checkpoint 'checkpoint_scores_CNN/mnist_VAE_s20_v10_PT/last' (iter 2700, epoch 10.0)
EarlyStopping counter: 1 out of 25
[Save Checkpoint] epoch: [10.0], Train: total:394.05450, BCE:2.89834, KLD:391.15616,Test: total:1574.15735, BCE:3.12355, KLD:1571.03381
=> saved checkpoint 'checkpoints_CNN/mnist_VAE_s20_v10_PT/last' (iter 2970, epoch 11.0)
=> saved checkpoint 'checkpoint_scores_CNN/mnist_VAE_s20_v10_PT/last' (iter 2970, epoch 11.0)
[Save Checkpoint] epoch: [11.0], Train: total:368.06946, BCE:2.87581, KLD:365.19357,Test: total:1473.70251, BCE:3.10428, KLD:1470.59814
=> saved checkpoint 'checkpoints_CNN/mnist_VAE_s20_v10_PT/last' (iter 3240, epoch 12.0)
=> saved checkpoint 'checkpoint_scores_CNN/mnist_VAE_s20_v10_PT/last' (iter 3240, epoch 12.0)
[Save Checkpoint] epoch: [12.0], Train: total:328.16318, BCE:2.87299, KLD:325.29028,Test: total:1317.40649, BCE:3.09965, KLD:1314.30664
=> saved checkpoint 'checkpoints_CNN/mnist_VAE_s20_v10_PT/last' (iter 3510, epoch 13.0)
=> saved checkpoint 'checkpoint_scores_CNN/mnist_VAE_s20_v10_PT/last' (iter 3510, epoch 13.0)
[Save Checkpoint] epoch: [13.0], Train: total:294.91348, BCE:2.86925, KLD:292.04422,Test: total:1184.97131, BCE:3.09821, KLD:1181.87317
=> saved checkpoint 'checkpoints_CNN/mnist_VAE_s20_v10_PT/last' (iter 3780, epoch 14.0)
=> saved checkpoint 'checkpoint_scores_CNN/mnist_VAE_s20_v10_PT/last' (iter 3780, epoch 14.0)
[Save Checkpoint] epoch: [14.0], Train: total:270.95251, BCE:2.86223, KLD:268.09024,Test: total:1090.86902, BCE:3.09535, KLD:1087.77380
=> saved checkpoint 'checkpoints_CNN/mnist_VAE_s20_v10_PT/last' (iter 4050, epoch 15.0)
=> saved checkpoint 'checkpoint_scores_CNN/mnist_VAE_s20_v10_PT/last' (iter 4050, epoch 15.0)
[Save Checkpoint] epoch: [15.0], Train: total:250.58714, BCE:2.86640, KLD:247.72092,Test: total:1010.66669, BCE:3.09445, KLD:1007.57220
=> saved checkpoint 'checkpoints_CNN/mnist_VAE_s20_v10_PT/last' (iter 4320, epoch 16.0)
=> saved checkpoint 'checkpoint_scores_CNN/mnist_VAE_s20_v10_PT/last' (iter 4320, epoch 16.0)
[Save Checkpoint] epoch: [16.0], Train: total:223.98135, BCE:2.86716, KLD:221.11407,Test: total:904.70618, BCE:3.09626, KLD:901.60999
=> saved checkpoint 'checkpoints_CNN/mnist_VAE_s20_v10_PT/last' (iter 4590, epoch 17.0)
=> saved checkpoint 'checkpoint_scores_CNN/mnist_VAE_s20_v10_PT/last' (iter 4590, epoch 17.0)
[Save Checkpoint] epoch: [17.0], Train: total:206.65144, BCE:2.85824, KLD:203.79323,Test: total:835.42755, BCE:3.08985, KLD:832.33771
=> saved checkpoint 'checkpoints_CNN/mnist_VAE_s20_v10_PT/last' (iter 4860, epoch 18.0)
=> saved checkpoint 'checkpoint_scores_CNN/mnist_VAE_s20_v10_PT/last' (iter 4860, epoch 18.0)
[Save Checkpoint] epoch: [18.0], Train: total:201.01459, BCE:2.86167, KLD:198.15298,Test: total:815.49548, BCE:3.09619, KLD:812.39929
=> saved checkpoint 'checkpoints_CNN/mnist_VAE_s20_v10_PT/last' (iter 5130, epoch 19.0)
=> saved checkpoint 'checkpoint_scores_CNN/mnist_VAE_s20_v10_PT/last' (iter 5130, epoch 19.0)
[Save Checkpoint] epoch: [19.0], Train: total:177.02614, BCE:2.86912, KLD:174.15714,Test: total:715.64807, BCE:3.10305, KLD:712.54504
=> saved checkpoint 'checkpoints_CNN/mnist_VAE_s20_v10_PT/last' (iter 5400, epoch 20.0)
=> saved checkpoint 'checkpoint_scores_CNN/mnist_VAE_s20_v10_PT/last' (iter 5400, epoch 20.0)
EarlyStopping counter: 1 out of 25
[Save Checkpoint] epoch: [20.0], Train: total:169.12129, BCE:2.86690, KLD:166.25433,Test: total:685.15106, BCE:3.10496, KLD:682.04602
=> saved checkpoint 'checkpoints_CNN/mnist_VAE_s20_v10_PT/last' (iter 5670, epoch 21.0)
=> saved checkpoint 'checkpoint_scores_CNN/mnist_VAE_s20_v10_PT/last' (iter 5670, epoch 21.0)
[Save Checkpoint] epoch: [21.0], Train: total:149.39738, BCE:2.87553, KLD:146.52185,Test: total:605.37598, BCE:3.10750, KLD:602.26849
=> saved checkpoint 'checkpoints_CNN/mnist_VAE_s20_v10_PT/last' (iter 5940, epoch 22.0)
=> saved checkpoint 'checkpoint_scores_CNN/mnist_VAE_s20_v10_PT/last' (iter 5940, epoch 22.0)
[Save Checkpoint] epoch: [22.0], Train: total:140.09914, BCE:2.86909, KLD:137.23001,Test: total:567.50366, BCE:3.10925, KLD:564.39447
=> saved checkpoint 'checkpoints_CNN/mnist_VAE_s20_v10_PT/last' (iter 6210, epoch 23.0)
=> saved checkpoint 'checkpoint_scores_CNN/mnist_VAE_s20_v10_PT/last' (iter 6210, epoch 23.0)
[Save Checkpoint] epoch: [23.0], Train: total:128.69922, BCE:2.87452, KLD:125.82471,Test: total:522.05701, BCE:3.10545, KLD:518.95154
=> saved checkpoint 'checkpoints_CNN/mnist_VAE_s20_v10_PT/last' (iter 6480, epoch 24.0)
=> saved checkpoint 'checkpoint_scores_CNN/mnist_VAE_s20_v10_PT/last' (iter 6480, epoch 24.0)
[Save Checkpoint] epoch: [24.0], Train: total:118.78711, BCE:2.89280, KLD:115.89429,Test: total:481.36343, BCE:3.13136, KLD:478.23203
=> saved checkpoint 'checkpoints_CNN/mnist_VAE_s20_v10_PT/last' (iter 6750, epoch 25.0)
=> saved checkpoint 'checkpoint_scores_CNN/mnist_VAE_s20_v10_PT/last' (iter 6750, epoch 25.0)
[Save Checkpoint] epoch: [25.0], Train: total:113.59015, BCE:2.89199, KLD:110.69810,Test: total:460.13770, BCE:3.12943, KLD:457.00830
=> saved checkpoint 'checkpoints_CNN/mnist_VAE_s20_v10_PT/last' (iter 7020, epoch 26.0)
=> saved checkpoint 'checkpoint_scores_CNN/mnist_VAE_s20_v10_PT/last' (iter 7020, epoch 26.0)
[Save Checkpoint] epoch: [26.0], Train: total:103.84125, BCE:2.89607, KLD:100.94519,Test: total:420.62842, BCE:3.13685, KLD:417.49161
=> saved checkpoint 'checkpoints_CNN/mnist_VAE_s20_v10_PT/last' (iter 7290, epoch 27.0)
=> saved checkpoint 'checkpoint_scores_CNN/mnist_VAE_s20_v10_PT/last' (iter 7290, epoch 27.0)
[Save Checkpoint] epoch: [27.0], Train: total:99.15097, BCE:2.90175, KLD:96.24920,Test: total:402.07120, BCE:3.14015, KLD:398.93106
=> saved checkpoint 'checkpoints_CNN/mnist_VAE_s20_v10_PT/last' (iter 7560, epoch 28.0)
=> saved checkpoint 'checkpoint_scores_CNN/mnist_VAE_s20_v10_PT/last' (iter 7560, epoch 28.0)
[Save Checkpoint] epoch: [28.0], Train: total:92.27818, BCE:2.91312, KLD:89.36505,Test: total:374.88126, BCE:3.15055, KLD:371.73071
=> saved checkpoint 'checkpoints_CNN/mnist_VAE_s20_v10_PT/last' (iter 7830, epoch 29.0)
=> saved checkpoint 'checkpoint_scores_CNN/mnist_VAE_s20_v10_PT/last' (iter 7830, epoch 29.0)
[Save Checkpoint] epoch: [29.0], Train: total:84.23830, BCE:2.92954, KLD:81.30870,Test: total:340.99261, BCE:3.16746, KLD:337.82510
=> saved checkpoint 'checkpoints_CNN/mnist_VAE_s20_v10_PT/last' (iter 8100, epoch 30.0)
=> saved checkpoint 'checkpoint_scores_CNN/mnist_VAE_s20_v10_PT/last' (iter 8100, epoch 30.0)
[Save Checkpoint] epoch: [30.0], Train: total:80.29343, BCE:2.93589, KLD:77.35755,Test: total:324.87509, BCE:3.17436, KLD:321.70078
=> saved checkpoint 'checkpoints_CNN/mnist_VAE_s20_v10_PT/last' (iter 8370, epoch 31.0)
=> saved checkpoint 'checkpoint_scores_CNN/mnist_VAE_s20_v10_PT/last' (iter 8370, epoch 31.0)
[Save Checkpoint] epoch: [31.0], Train: total:72.23553, BCE:2.94657, KLD:69.28896,Test: total:290.78088, BCE:3.18819, KLD:287.59268
=> saved checkpoint 'checkpoints_CNN/mnist_VAE_s20_v10_PT/last' (iter 8640, epoch 32.0)
=> saved checkpoint 'checkpoint_scores_CNN/mnist_VAE_s20_v10_PT/last' (iter 8640, epoch 32.0)
[Save Checkpoint] epoch: [32.0], Train: total:68.75510, BCE:2.94976, KLD:65.80531,Test: total:277.77286, BCE:3.18843, KLD:274.58444
=> saved checkpoint 'checkpoints_CNN/mnist_VAE_s20_v10_PT/last' (iter 8910, epoch 33.0)
=> saved checkpoint 'checkpoint_scores_CNN/mnist_VAE_s20_v10_PT/last' (iter 8910, epoch 33.0)
[Save Checkpoint] epoch: [33.0], Train: total:65.16100, BCE:2.96877, KLD:62.19221,Test: total:263.28888, BCE:3.20946, KLD:260.07941
=> saved checkpoint 'checkpoints_CNN/mnist_VAE_s20_v10_PT/last' (iter 9180, epoch 34.0)
=> saved checkpoint 'checkpoint_scores_CNN/mnist_VAE_s20_v10_PT/last' (iter 9180, epoch 34.0)
[Save Checkpoint] epoch: [34.0], Train: total:58.11637, BCE:2.97804, KLD:55.13834,Test: total:233.73868, BCE:3.22470, KLD:230.51396
=> saved checkpoint 'checkpoints_CNN/mnist_VAE_s20_v10_PT/last' (iter 9450, epoch 35.0)
=> saved checkpoint 'checkpoint_scores_CNN/mnist_VAE_s20_v10_PT/last' (iter 9450, epoch 35.0)
[Save Checkpoint] epoch: [35.0], Train: total:54.36109, BCE:2.98307, KLD:51.37801,Test: total:218.58939, BCE:3.22905, KLD:215.36034
=> saved checkpoint 'checkpoints_CNN/mnist_VAE_s20_v10_PT/last' (iter 9720, epoch 36.0)
=> saved checkpoint 'checkpoint_scores_CNN/mnist_VAE_s20_v10_PT/last' (iter 9720, epoch 36.0)
[Save Checkpoint] epoch: [36.0], Train: total:50.94931, BCE:2.99767, KLD:47.95163,Test: total:204.13492, BCE:3.24469, KLD:200.89023
=> saved checkpoint 'checkpoints_CNN/mnist_VAE_s20_v10_PT/last' (iter 9990, epoch 37.0)
=> saved checkpoint 'checkpoint_scores_CNN/mnist_VAE_s20_v10_PT/last' (iter 9990, epoch 37.0)
[Save Checkpoint] epoch: [37.0], Train: total:48.55901, BCE:3.01397, KLD:45.54501,Test: total:194.68018, BCE:3.25947, KLD:191.42072
=> saved checkpoint 'checkpoints_CNN/mnist_VAE_s20_v10_PT/last' (iter 10260, epoch 38.0)
=> saved checkpoint 'checkpoint_scores_CNN/mnist_VAE_s20_v10_PT/last' (iter 10260, epoch 38.0)
[Save Checkpoint] epoch: [38.0], Train: total:45.55106, BCE:3.02890, KLD:42.52219,Test: total:181.76628, BCE:3.27662, KLD:178.48969
=> saved checkpoint 'checkpoints_CNN/mnist_VAE_s20_v10_PT/last' (iter 10530, epoch 39.0)
=> saved checkpoint 'checkpoint_scores_CNN/mnist_VAE_s20_v10_PT/last' (iter 10530, epoch 39.0)
[Save Checkpoint] epoch: [39.0], Train: total:44.99443, BCE:3.04333, KLD:41.95108,Test: total:180.44446, BCE:3.28815, KLD:177.15633
=> saved checkpoint 'checkpoints_CNN/mnist_VAE_s20_v10_PT/last' (iter 10800, epoch 40.0)
=> saved checkpoint 'checkpoint_scores_CNN/mnist_VAE_s20_v10_PT/last' (iter 10800, epoch 40.0)
[Save Checkpoint] epoch: [40.0], Train: total:40.42068, BCE:3.05659, KLD:37.36409,Test: total:161.79507, BCE:3.30867, KLD:158.48640
=> saved checkpoint 'checkpoints_CNN/mnist_VAE_s20_v10_PT/last' (iter 11070, epoch 41.0)
=> saved checkpoint 'checkpoint_scores_CNN/mnist_VAE_s20_v10_PT/last' (iter 11070, epoch 41.0)
EarlyStopping counter: 1 out of 25
[Save Checkpoint] epoch: [41.0], Train: total:39.22098, BCE:3.07680, KLD:36.14416,Test: total:157.71031, BCE:3.32926, KLD:154.38103
=> saved checkpoint 'checkpoints_CNN/mnist_VAE_s20_v10_PT/last' (iter 11340, epoch 42.0)
=> saved checkpoint 'checkpoint_scores_CNN/mnist_VAE_s20_v10_PT/last' (iter 11340, epoch 42.0)
[Save Checkpoint] epoch: [42.0], Train: total:39.01792, BCE:3.09052, KLD:35.92739,Test: total:157.42513, BCE:3.34057, KLD:154.08458
=> saved checkpoint 'checkpoints_CNN/mnist_VAE_s20_v10_PT/last' (iter 11610, epoch 43.0)
=> saved checkpoint 'checkpoint_scores_CNN/mnist_VAE_s20_v10_PT/last' (iter 11610, epoch 43.0)
[Save Checkpoint] epoch: [43.0], Train: total:37.30528, BCE:3.10579, KLD:34.19950,Test: total:150.23094, BCE:3.35573, KLD:146.87520
=> saved checkpoint 'checkpoints_CNN/mnist_VAE_s20_v10_PT/last' (iter 11880, epoch 44.0)
=> saved checkpoint 'checkpoint_scores_CNN/mnist_VAE_s20_v10_PT/last' (iter 11880, epoch 44.0)
[Save Checkpoint] epoch: [44.0], Train: total:35.76709, BCE:3.12808, KLD:32.63901,Test: total:144.89098, BCE:3.37516, KLD:141.51582
=> saved checkpoint 'checkpoints_CNN/mnist_VAE_s20_v10_PT/last' (iter 12150, epoch 45.0)
=> saved checkpoint 'checkpoint_scores_CNN/mnist_VAE_s20_v10_PT/last' (iter 12150, epoch 45.0)
EarlyStopping counter: 1 out of 25
[Save Checkpoint] epoch: [45.0], Train: total:34.96507, BCE:3.14091, KLD:31.82416,Test: total:142.23293, BCE:3.39281, KLD:138.84010
=> saved checkpoint 'checkpoints_CNN/mnist_VAE_s20_v10_PT/last' (iter 12420, epoch 46.0)
=> saved checkpoint 'checkpoint_scores_CNN/mnist_VAE_s20_v10_PT/last' (iter 12420, epoch 46.0)
[Save Checkpoint] epoch: [46.0], Train: total:32.89444, BCE:3.16387, KLD:29.73058,Test: total:133.97997, BCE:3.41811, KLD:130.56183
=> saved checkpoint 'checkpoints_CNN/mnist_VAE_s20_v10_PT/last' (iter 12690, epoch 47.0)
=> saved checkpoint 'checkpoint_scores_CNN/mnist_VAE_s20_v10_PT/last' (iter 12690, epoch 47.0)
[Save Checkpoint] epoch: [47.0], Train: total:31.45064, BCE:3.18241, KLD:28.26823,Test: total:128.25905, BCE:3.43916, KLD:124.81988
=> saved checkpoint 'checkpoints_CNN/mnist_VAE_s20_v10_PT/last' (iter 12960, epoch 48.0)
=> saved checkpoint 'checkpoint_scores_CNN/mnist_VAE_s20_v10_PT/last' (iter 12960, epoch 48.0)
EarlyStopping counter: 1 out of 25
[Save Checkpoint] epoch: [48.0], Train: total:33.82109, BCE:3.19580, KLD:30.62528,Test: total:139.99091, BCE:3.45103, KLD:136.53987
=> saved checkpoint 'checkpoints_CNN/mnist_VAE_s20_v10_PT/last' (iter 13230, epoch 49.0)
=> saved checkpoint 'checkpoint_scores_CNN/mnist_VAE_s20_v10_PT/last' (iter 13230, epoch 49.0)
[Save Checkpoint] epoch: [49.0], Train: total:28.12823, BCE:3.21260, KLD:24.91563,Test: total:114.17649, BCE:3.47670, KLD:110.69979
=> saved checkpoint 'checkpoints_CNN/mnist_VAE_s20_v10_PT/last' (iter 13500, epoch 50.0)
=> saved checkpoint 'checkpoint_scores_CNN/mnist_VAE_s20_v10_PT/last' (iter 13500, epoch 50.0)
EarlyStopping counter: 1 out of 25
[Save Checkpoint] epoch: [50.0], Train: total:27.84358, BCE:3.22465, KLD:24.61893,Test: total:113.77462, BCE:3.48611, KLD:110.28851
=> saved checkpoint 'checkpoints_CNN/mnist_VAE_s20_v10_PT/last' (iter 13770, epoch 51.0)
=> saved checkpoint 'checkpoint_scores_CNN/mnist_VAE_s20_v10_PT/last' (iter 13770, epoch 51.0)
[Save Checkpoint] epoch: [51.0], Train: total:25.15695, BCE:3.24537, KLD:21.91156,Test: total:101.31316, BCE:3.51165, KLD:97.80152
=> saved checkpoint 'checkpoints_CNN/mnist_VAE_s20_v10_PT/last' (iter 14040, epoch 52.0)
=> saved checkpoint 'checkpoint_scores_CNN/mnist_VAE_s20_v10_PT/last' (iter 14040, epoch 52.0)
EarlyStopping counter: 1 out of 25
[Save Checkpoint] epoch: [52.0], Train: total:24.32594, BCE:3.25994, KLD:21.06600,Test: total:97.89511, BCE:3.51999, KLD:94.37512
=> saved checkpoint 'checkpoints_CNN/mnist_VAE_s20_v10_PT/last' (iter 14310, epoch 53.0)
=> saved checkpoint 'checkpoint_scores_CNN/mnist_VAE_s20_v10_PT/last' (iter 14310, epoch 53.0)
[Save Checkpoint] epoch: [53.0], Train: total:25.35544, BCE:3.27507, KLD:22.08037,Test: total:103.48030, BCE:3.53656, KLD:99.94375
=> saved checkpoint 'checkpoints_CNN/mnist_VAE_s20_v10_PT/last' (iter 14580, epoch 54.0)
=> saved checkpoint 'checkpoint_scores_CNN/mnist_VAE_s20_v10_PT/last' (iter 14580, epoch 54.0)
[Save Checkpoint] epoch: [54.0], Train: total:20.94094, BCE:3.29448, KLD:17.64647,Test: total:82.98800, BCE:3.56184, KLD:79.42616
=> saved checkpoint 'checkpoints_CNN/mnist_VAE_s20_v10_PT/last' (iter 14850, epoch 55.0)
=> saved checkpoint 'checkpoint_scores_CNN/mnist_VAE_s20_v10_PT/last' (iter 14850, epoch 55.0)
[Save Checkpoint] epoch: [55.0], Train: total:21.00154, BCE:3.30964, KLD:17.69190,Test: total:83.15720, BCE:3.58420, KLD:79.57300
=> saved checkpoint 'checkpoints_CNN/mnist_VAE_s20_v10_PT/last' (iter 15120, epoch 56.0)
=> saved checkpoint 'checkpoint_scores_CNN/mnist_VAE_s20_v10_PT/last' (iter 15120, epoch 56.0)
[Save Checkpoint] epoch: [56.0], Train: total:20.05984, BCE:3.32591, KLD:16.73393,Test: total:79.30853, BCE:3.59613, KLD:75.71240
=> saved checkpoint 'checkpoints_CNN/mnist_VAE_s20_v10_PT/last' (iter 15390, epoch 57.0)
=> saved checkpoint 'checkpoint_scores_CNN/mnist_VAE_s20_v10_PT/last' (iter 15390, epoch 57.0)
EarlyStopping counter: 1 out of 25
[Save Checkpoint] epoch: [57.0], Train: total:20.67445, BCE:3.34502, KLD:17.32943,Test: total:82.65969, BCE:3.62347, KLD:79.03622
=> saved checkpoint 'checkpoints_CNN/mnist_VAE_s20_v10_PT/last' (iter 15660, epoch 58.0)
=> saved checkpoint 'checkpoint_scores_CNN/mnist_VAE_s20_v10_PT/last' (iter 15660, epoch 58.0)
[Save Checkpoint] epoch: [58.0], Train: total:17.50357, BCE:3.36170, KLD:14.14188,Test: total:67.55457, BCE:3.63650, KLD:63.91807
=> saved checkpoint 'checkpoints_CNN/mnist_VAE_s20_v10_PT/last' (iter 15930, epoch 59.0)
=> saved checkpoint 'checkpoint_scores_CNN/mnist_VAE_s20_v10_PT/last' (iter 15930, epoch 59.0)
[Save Checkpoint] epoch: [59.0], Train: total:17.71810, BCE:3.38031, KLD:14.33779,Test: total:68.45287, BCE:3.65759, KLD:64.79528
=> saved checkpoint 'checkpoints_CNN/mnist_VAE_s20_v10_PT/last' (iter 16200, epoch 60.0)
=> saved checkpoint 'checkpoint_scores_CNN/mnist_VAE_s20_v10_PT/last' (iter 16200, epoch 60.0)
EarlyStopping counter: 1 out of 25
[Save Checkpoint] epoch: [60.0], Train: total:20.22129, BCE:3.39124, KLD:16.83006,Test: total:80.89682, BCE:3.66857, KLD:77.22825
=> saved checkpoint 'checkpoints_CNN/mnist_VAE_s20_v10_PT/last' (iter 16470, epoch 61.0)
=> saved checkpoint 'checkpoint_scores_CNN/mnist_VAE_s20_v10_PT/last' (iter 16470, epoch 61.0)
[Save Checkpoint] epoch: [61.0], Train: total:17.12736, BCE:3.40617, KLD:13.72119,Test: total:66.03630, BCE:3.68657, KLD:62.34973
=> saved checkpoint 'checkpoints_CNN/mnist_VAE_s20_v10_PT/last' (iter 16740, epoch 62.0)
=> saved checkpoint 'checkpoint_scores_CNN/mnist_VAE_s20_v10_PT/last' (iter 16740, epoch 62.0)
[Save Checkpoint] epoch: [62.0], Train: total:14.67272, BCE:3.43607, KLD:11.23666,Test: total:54.79346, BCE:3.71395, KLD:51.07951
=> saved checkpoint 'checkpoints_CNN/mnist_VAE_s20_v10_PT/last' (iter 17010, epoch 63.0)
=> saved checkpoint 'checkpoint_scores_CNN/mnist_VAE_s20_v10_PT/last' (iter 17010, epoch 63.0)
EarlyStopping counter: 1 out of 25
[Save Checkpoint] epoch: [63.0], Train: total:16.86329, BCE:3.44803, KLD:13.41527,Test: total:65.21066, BCE:3.72716, KLD:61.48350
=> saved checkpoint 'checkpoints_CNN/mnist_VAE_s20_v10_PT/last' (iter 17280, epoch 64.0)
=> saved checkpoint 'checkpoint_scores_CNN/mnist_VAE_s20_v10_PT/last' (iter 17280, epoch 64.0)
[Save Checkpoint] epoch: [64.0], Train: total:14.33357, BCE:3.46558, KLD:10.86799,Test: total:53.16333, BCE:3.74621, KLD:49.41713
=> saved checkpoint 'checkpoints_CNN/mnist_VAE_s20_v10_PT/last' (iter 17550, epoch 65.0)
=> saved checkpoint 'checkpoint_scores_CNN/mnist_VAE_s20_v10_PT/last' (iter 17550, epoch 65.0)
EarlyStopping counter: 1 out of 25
[Save Checkpoint] epoch: [65.0], Train: total:13.55846, BCE:3.48747, KLD:10.07097,Test: total:49.51259, BCE:3.77009, KLD:45.74250
=> saved checkpoint 'checkpoints_CNN/mnist_VAE_s20_v10_PT/last' (iter 17820, epoch 66.0)
=> saved checkpoint 'checkpoint_scores_CNN/mnist_VAE_s20_v10_PT/last' (iter 17820, epoch 66.0)
[Save Checkpoint] epoch: [66.0], Train: total:13.32472, BCE:3.50048, KLD:9.82424,Test: total:48.02158, BCE:3.78328, KLD:44.23831
Epoch    67: reducing learning rate of group 0 to 2.0000e-04.
Epoch    67: reducing learning rate of group 1 to 2.0000e-06.
=> saved checkpoint 'checkpoints_CNN/mnist_VAE_s20_v10_PT/last' (iter 18090, epoch 67.0)
=> saved checkpoint 'checkpoint_scores_CNN/mnist_VAE_s20_v10_PT/last' (iter 18090, epoch 67.0)
[Save Checkpoint] epoch: [67.0], Train: total:11.87196, BCE:3.51651, KLD:8.35544,Test: total:41.49624, BCE:3.81146, KLD:37.68479
=> saved checkpoint 'checkpoints_CNN/mnist_VAE_s20_v10_PT/last' (iter 18360, epoch 68.0)
=> saved checkpoint 'checkpoint_scores_CNN/mnist_VAE_s20_v10_PT/last' (iter 18360, epoch 68.0)
EarlyStopping counter: 1 out of 25
[Save Checkpoint] epoch: [68.0], Train: total:12.29955, BCE:3.52289, KLD:8.77666,Test: total:43.51727, BCE:3.80556, KLD:39.71171
=> saved checkpoint 'checkpoints_CNN/mnist_VAE_s20_v10_PT/last' (iter 18630, epoch 69.0)
=> saved checkpoint 'checkpoint_scores_CNN/mnist_VAE_s20_v10_PT/last' (iter 18630, epoch 69.0)
EarlyStopping counter: 2 out of 25
[Save Checkpoint] epoch: [69.0], Train: total:12.34760, BCE:3.52361, KLD:8.82400,Test: total:43.77677, BCE:3.81652, KLD:39.96025
=> saved checkpoint 'checkpoints_CNN/mnist_VAE_s20_v10_PT/last' (iter 18900, epoch 70.0)
=> saved checkpoint 'checkpoint_scores_CNN/mnist_VAE_s20_v10_PT/last' (iter 18900, epoch 70.0)
[Save Checkpoint] epoch: [70.0], Train: total:11.59103, BCE:3.53097, KLD:8.06005,Test: total:40.15802, BCE:3.81822, KLD:36.33979
=> saved checkpoint 'checkpoints_CNN/mnist_VAE_s20_v10_PT/last' (iter 19170, epoch 71.0)
=> saved checkpoint 'checkpoint_scores_CNN/mnist_VAE_s20_v10_PT/last' (iter 19170, epoch 71.0)
EarlyStopping counter: 1 out of 25
[Save Checkpoint] epoch: [71.0], Train: total:11.82820, BCE:3.53806, KLD:8.29014,Test: total:41.27200, BCE:3.82418, KLD:37.44781
Epoch    72: reducing learning rate of group 0 to 4.0000e-05.
Epoch    72: reducing learning rate of group 1 to 1.0000e-06.
=> saved checkpoint 'checkpoints_CNN/mnist_VAE_s20_v10_PT/last' (iter 19440, epoch 72.0)
=> saved checkpoint 'checkpoint_scores_CNN/mnist_VAE_s20_v10_PT/last' (iter 19440, epoch 72.0)
EarlyStopping counter: 2 out of 25
[Save Checkpoint] epoch: [72.0], Train: total:12.07322, BCE:3.54077, KLD:8.53245,Test: total:42.50334, BCE:3.82975, KLD:38.67359
=> saved checkpoint 'checkpoints_CNN/mnist_VAE_s20_v10_PT/last' (iter 19710, epoch 73.0)
=> saved checkpoint 'checkpoint_scores_CNN/mnist_VAE_s20_v10_PT/last' (iter 19710, epoch 73.0)
EarlyStopping counter: 3 out of 25
[Save Checkpoint] epoch: [73.0], Train: total:11.96118, BCE:3.54288, KLD:8.41830,Test: total:41.96311, BCE:3.83141, KLD:38.13169
=> saved checkpoint 'checkpoints_CNN/mnist_VAE_s20_v10_PT/last' (iter 19980, epoch 74.0)
=> saved checkpoint 'checkpoint_scores_CNN/mnist_VAE_s20_v10_PT/last' (iter 19980, epoch 74.0)
EarlyStopping counter: 4 out of 25
[Save Checkpoint] epoch: [74.0], Train: total:11.91439, BCE:3.54391, KLD:8.37048,Test: total:41.76863, BCE:3.82828, KLD:37.94035
=> saved checkpoint 'checkpoints_CNN/mnist_VAE_s20_v10_PT/last' (iter 20250, epoch 75.0)
=> saved checkpoint 'checkpoint_scores_CNN/mnist_VAE_s20_v10_PT/last' (iter 20250, epoch 75.0)
[Save Checkpoint] epoch: [75.0], Train: total:11.53981, BCE:3.54592, KLD:7.99388,Test: total:40.04820, BCE:3.82393, KLD:36.22427
=> saved checkpoint 'checkpoints_CNN/mnist_VAE_s20_v10_PT/last' (iter 20520, epoch 76.0)
=> saved checkpoint 'checkpoint_scores_CNN/mnist_VAE_s20_v10_PT/last' (iter 20520, epoch 76.0)
EarlyStopping counter: 1 out of 25
[Save Checkpoint] epoch: [76.0], Train: total:11.57336, BCE:3.54998, KLD:8.02337,Test: total:40.21784, BCE:3.83416, KLD:36.38367
Epoch    77: reducing learning rate of group 0 to 8.0000e-06.
=> saved checkpoint 'checkpoints_CNN/mnist_VAE_s20_v10_PT/last' (iter 20790, epoch 77.0)
=> saved checkpoint 'checkpoint_scores_CNN/mnist_VAE_s20_v10_PT/last' (iter 20790, epoch 77.0)
EarlyStopping counter: 2 out of 25
[Save Checkpoint] epoch: [77.0], Train: total:11.19022, BCE:3.54916, KLD:7.64107,Test: total:38.36666, BCE:3.84126, KLD:34.52540
=> saved checkpoint 'checkpoints_CNN/mnist_VAE_s20_v10_PT/last' (iter 21060, epoch 78.0)
=> saved checkpoint 'checkpoint_scores_CNN/mnist_VAE_s20_v10_PT/last' (iter 21060, epoch 78.0)
EarlyStopping counter: 3 out of 25
[Save Checkpoint] epoch: [78.0], Train: total:11.62428, BCE:3.55064, KLD:8.07364,Test: total:40.47946, BCE:3.83567, KLD:36.64379
=> saved checkpoint 'checkpoints_CNN/mnist_VAE_s20_v10_PT/last' (iter 21330, epoch 79.0)
=> saved checkpoint 'checkpoint_scores_CNN/mnist_VAE_s20_v10_PT/last' (iter 21330, epoch 79.0)
EarlyStopping counter: 4 out of 25
[Save Checkpoint] epoch: [79.0], Train: total:11.35792, BCE:3.55068, KLD:7.80724,Test: total:39.19287, BCE:3.83603, KLD:35.35683
=> saved checkpoint 'checkpoints_CNN/mnist_VAE_s20_v10_PT/last' (iter 21600, epoch 80.0)
=> saved checkpoint 'checkpoint_scores_CNN/mnist_VAE_s20_v10_PT/last' (iter 21600, epoch 80.0)
[Save Checkpoint] epoch: [80.0], Train: total:10.97530, BCE:3.55288, KLD:7.42242,Test: total:37.42093, BCE:3.83873, KLD:33.58220
=> saved checkpoint 'checkpoints_CNN/mnist_VAE_s20_v10_PT/last' (iter 21870, epoch 81.0)
=> saved checkpoint 'checkpoint_scores_CNN/mnist_VAE_s20_v10_PT/last' (iter 21870, epoch 81.0)
EarlyStopping counter: 1 out of 25
[Save Checkpoint] epoch: [81.0], Train: total:11.18788, BCE:3.55300, KLD:7.63487,Test: total:38.48473, BCE:3.84177, KLD:34.64296
Epoch    82: reducing learning rate of group 0 to 1.6000e-06.
=> saved checkpoint 'checkpoints_CNN/mnist_VAE_s20_v10_PT/last' (iter 22140, epoch 82.0)
=> saved checkpoint 'checkpoint_scores_CNN/mnist_VAE_s20_v10_PT/last' (iter 22140, epoch 82.0)
EarlyStopping counter: 2 out of 25
[Save Checkpoint] epoch: [82.0], Train: total:11.28704, BCE:3.55485, KLD:7.73219,Test: total:38.90335, BCE:3.84739, KLD:35.05596
=> saved checkpoint 'checkpoints_CNN/mnist_VAE_s20_v10_PT/last' (iter 22410, epoch 83.0)
=> saved checkpoint 'checkpoint_scores_CNN/mnist_VAE_s20_v10_PT/last' (iter 22410, epoch 83.0)
EarlyStopping counter: 3 out of 25
[Save Checkpoint] epoch: [83.0], Train: total:10.72257, BCE:3.55759, KLD:7.16498,Test: total:36.24972, BCE:3.84163, KLD:32.40809
=> saved checkpoint 'checkpoints_CNN/mnist_VAE_s20_v10_PT/last' (iter 22680, epoch 84.0)
=> saved checkpoint 'checkpoint_scores_CNN/mnist_VAE_s20_v10_PT/last' (iter 22680, epoch 84.0)
EarlyStopping counter: 4 out of 25
[Save Checkpoint] epoch: [84.0], Train: total:11.08225, BCE:3.55443, KLD:7.52782,Test: total:37.98502, BCE:3.84316, KLD:34.14186
=> saved checkpoint 'checkpoints_CNN/mnist_VAE_s20_v10_PT/last' (iter 22950, epoch 85.0)
=> saved checkpoint 'checkpoint_scores_CNN/mnist_VAE_s20_v10_PT/last' (iter 22950, epoch 85.0)
EarlyStopping counter: 5 out of 25
[Save Checkpoint] epoch: [85.0], Train: total:10.86928, BCE:3.55593, KLD:7.31334,Test: total:37.04165, BCE:3.84207, KLD:33.19958
=> saved checkpoint 'checkpoints_CNN/mnist_VAE_s20_v10_PT/last' (iter 23220, epoch 86.0)
=> saved checkpoint 'checkpoint_scores_CNN/mnist_VAE_s20_v10_PT/last' (iter 23220, epoch 86.0)
EarlyStopping counter: 6 out of 25
[Save Checkpoint] epoch: [86.0], Train: total:10.60018, BCE:3.55404, KLD:7.04615,Test: total:35.79974, BCE:3.84353, KLD:31.95622
Epoch    87: reducing learning rate of group 0 to 1.0000e-06.
=> saved checkpoint 'checkpoints_CNN/mnist_VAE_s20_v10_PT/last' (iter 23490, epoch 87.0)
=> saved checkpoint 'checkpoint_scores_CNN/mnist_VAE_s20_v10_PT/last' (iter 23490, epoch 87.0)
EarlyStopping counter: 7 out of 25
[Save Checkpoint] epoch: [87.0], Train: total:10.87237, BCE:3.55327, KLD:7.31910,Test: total:37.10068, BCE:3.83952, KLD:33.26117
=> saved checkpoint 'checkpoints_CNN/mnist_VAE_s20_v10_PT/last' (iter 23760, epoch 88.0)
=> saved checkpoint 'checkpoint_scores_CNN/mnist_VAE_s20_v10_PT/last' (iter 23760, epoch 88.0)
[Save Checkpoint] epoch: [88.0], Train: total:10.97236, BCE:3.55417, KLD:7.41820,Test: total:37.53727, BCE:3.84607, KLD:33.69120
=> saved checkpoint 'checkpoints_CNN/mnist_VAE_s20_v10_PT/last' (iter 24030, epoch 89.0)
=> saved checkpoint 'checkpoint_scores_CNN/mnist_VAE_s20_v10_PT/last' (iter 24030, epoch 89.0)
EarlyStopping counter: 1 out of 25
[Save Checkpoint] epoch: [89.0], Train: total:10.95509, BCE:3.55816, KLD:7.39693,Test: total:37.50677, BCE:3.84402, KLD:33.66276
=> saved checkpoint 'checkpoints_CNN/mnist_VAE_s20_v10_PT/last' (iter 24300, epoch 90.0)
=> saved checkpoint 'checkpoint_scores_CNN/mnist_VAE_s20_v10_PT/last' (iter 24300, epoch 90.0)
EarlyStopping counter: 2 out of 25
[Save Checkpoint] epoch: [90.0], Train: total:10.73723, BCE:3.55606, KLD:7.18117,Test: total:36.49943, BCE:3.84641, KLD:32.65303
=> saved checkpoint 'checkpoints_CNN/mnist_VAE_s20_v10_PT/last' (iter 24570, epoch 91.0)
=> saved checkpoint 'checkpoint_scores_CNN/mnist_VAE_s20_v10_PT/last' (iter 24570, epoch 91.0)
EarlyStopping counter: 3 out of 25
[Save Checkpoint] epoch: [91.0], Train: total:10.51505, BCE:3.55938, KLD:6.95567,Test: total:35.42147, BCE:3.84236, KLD:31.57911
=> saved checkpoint 'checkpoints_CNN/mnist_VAE_s20_v10_PT/last' (iter 24840, epoch 92.0)
=> saved checkpoint 'checkpoint_scores_CNN/mnist_VAE_s20_v10_PT/last' (iter 24840, epoch 92.0)
[Save Checkpoint] epoch: [92.0], Train: total:10.35829, BCE:3.55902, KLD:6.79928,Test: total:34.67011, BCE:3.83885, KLD:30.83126
=> saved checkpoint 'checkpoints_CNN/mnist_VAE_s20_v10_PT/last' (iter 25110, epoch 93.0)
=> saved checkpoint 'checkpoint_scores_CNN/mnist_VAE_s20_v10_PT/last' (iter 25110, epoch 93.0)
EarlyStopping counter: 1 out of 25
[Save Checkpoint] epoch: [93.0], Train: total:10.32796, BCE:3.55623, KLD:6.77172,Test: total:34.53333, BCE:3.84952, KLD:30.68381
=> saved checkpoint 'checkpoints_CNN/mnist_VAE_s20_v10_PT/last' (iter 25380, epoch 94.0)
=> saved checkpoint 'checkpoint_scores_CNN/mnist_VAE_s20_v10_PT/last' (iter 25380, epoch 94.0)
EarlyStopping counter: 2 out of 25
[Save Checkpoint] epoch: [94.0], Train: total:10.11490, BCE:3.55707, KLD:6.55783,Test: total:33.48321, BCE:3.84858, KLD:29.63462
=> saved checkpoint 'checkpoints_CNN/mnist_VAE_s20_v10_PT/last' (iter 25650, epoch 95.0)
=> saved checkpoint 'checkpoint_scores_CNN/mnist_VAE_s20_v10_PT/last' (iter 25650, epoch 95.0)
EarlyStopping counter: 3 out of 25
[Save Checkpoint] epoch: [95.0], Train: total:10.41263, BCE:3.55646, KLD:6.85618,Test: total:34.87885, BCE:3.84603, KLD:31.03282
=> saved checkpoint 'checkpoints_CNN/mnist_VAE_s20_v10_PT/last' (iter 25920, epoch 96.0)
=> saved checkpoint 'checkpoint_scores_CNN/mnist_VAE_s20_v10_PT/last' (iter 25920, epoch 96.0)
EarlyStopping counter: 4 out of 25
[Save Checkpoint] epoch: [96.0], Train: total:10.37210, BCE:3.55726, KLD:6.81484,Test: total:34.78187, BCE:3.84896, KLD:30.93291
=> saved checkpoint 'checkpoints_CNN/mnist_VAE_s20_v10_PT/last' (iter 26190, epoch 97.0)
=> saved checkpoint 'checkpoint_scores_CNN/mnist_VAE_s20_v10_PT/last' (iter 26190, epoch 97.0)
EarlyStopping counter: 5 out of 25
[Save Checkpoint] epoch: [97.0], Train: total:10.42145, BCE:3.55989, KLD:6.86156,Test: total:34.98480, BCE:3.85147, KLD:31.13333
=> saved checkpoint 'checkpoints_CNN/mnist_VAE_s20_v10_PT/last' (iter 26460, epoch 98.0)
=> saved checkpoint 'checkpoint_scores_CNN/mnist_VAE_s20_v10_PT/last' (iter 26460, epoch 98.0)
[Save Checkpoint] epoch: [98.0], Train: total:10.06604, BCE:3.56271, KLD:6.50333,Test: total:33.31745, BCE:3.84983, KLD:29.46762
=> saved checkpoint 'checkpoints_CNN/mnist_VAE_s20_v10_PT/last' (iter 26730, epoch 99.0)
=> saved checkpoint 'checkpoint_scores_CNN/mnist_VAE_s20_v10_PT/last' (iter 26730, epoch 99.0)
EarlyStopping counter: 1 out of 25
[Save Checkpoint] epoch: [99.0], Train: total:10.28999, BCE:3.56162, KLD:6.72836,Test: total:34.38727, BCE:3.85022, KLD:30.53705
=> saved checkpoint 'checkpoints_CNN/mnist_VAE_s20_v10_PT/last' (iter 27000, epoch 100.0)
=> saved checkpoint 'checkpoint_scores_CNN/mnist_VAE_s20_v10_PT/last' (iter 27000, epoch 100.0)
EarlyStopping counter: 2 out of 25
[Save Checkpoint] epoch: [100.0], Train: total:10.10167, BCE:3.56490, KLD:6.53677,Test: total:33.43533, BCE:3.84811, KLD:29.58722
[Training Finished]
All done !
