57
--dataset mnist --model CNN --gpu_devices 0 1 --max_iter 50 --batch_size 512 --ckpt_dir checkpoints_CNN --ckpt_dir_scores checkpoint_scores_CNN --use_scheduler True --GMP True --lr 1e-3 --z_struct_size 20 --add_classification_layer True --classif_layer_size 30 --is_default_model False --is_custom_model False --is_custom_model_BK True --big_kernel_size 8 --two_conv_layer True --three_conv_layer False --BK_in_first_layer True --BK_in_second_layer False --BK_in_third_layer False --stride_size 1 --hidden_filters_layer1 32 --hidden_filters_layer2 32 --hidden_filters_layer3 32 --ratio_reg True --lambda_ratio_reg 100 --lambda_class 1 --other_ratio True --exp_name CNN_mnist_custom_BK_2layer_bk1_20_other_ratio_bs_512_8
Namespace(BK_in_first_layer=True, BK_in_second_layer=False, BK_in_third_layer=False, BN=False, C_max=25, C_stop_iter=100000.0, E1_AE=False, E1_VAE=False, E1_conv=False, E1_dense=False, E1_second_conv=False, E1_second_conv_adapt=False, GMP=True, L1_norm_act=False, L1_norm_weights=False, L3_without_random=False, adapt_lr=False, add_classification_layer=True, add_linear_after_GMP=True, add_z_struct_bottleneck=False, batch_size=512, beta=1, beta1=0.9, beta2=0.999, big_kernel=False, big_kernel_size=[8], binary_z=False, ckpt_dir='checkpoints_CNN', ckpt_dir_scores='checkpoint_scores_CNN', classif_layer_size=30, cuda=True, dataset='mnist', display_step=10000, dset_dir='data', exp_name='CNN_mnist_custom_BK_2layer_bk1_20_other_ratio_bs_512_8', gamma=1000, gpu_devices=[0, 1], hidden_filters_layer1=32, hidden_filters_layer2=32, hidden_filters_layer3=32, image_size=64, is_C=True, is_E1=False, is_binary_structural_latent=False, is_custom_model=False, is_custom_model_BK=True, is_default_model=False, is_noise_stats=False, is_partial_rand_class=False, is_perturbed_score=False, is_zvar_sim_loss=False, just_train=False, kernel_size=4, lambda_Kl_struct=1, lambda_Kl_var=1, lambda_L1=0.01, lambda_VAE=1, lambda_class=1.0, lambda_partial_class=1, lambda_ratio_reg=100.0, lambda_recon_wt_rand=1, lambda_recons=1, lambda_zvar_sim=1, latent_spec_cont=None, latent_spec_cont_class=None, latent_spec_cont_var=None, latent_spec_disc=None, latent_spec_disc_class=None, latent_spec_disc_var=None, log_level='info', lr=0.001, max_iter=50.0, model='CNN', num_workers=2, old_weighted=False, other_ratio=True, random_percentage=0.2, ratio_reg=True, save_step=10000, second_layer_C=False, seed=1, stride_size=1, three_conv_layer=False, train=True, two_conv_layer=True, two_encoder=False, use_early_stopping=False, use_scheduler=True, z_struct_size=20, zeros_W_Classif=False, zvar_sim_change_zvar=False, zvar_sim_loss_for_all_model=False, zvar_sim_loss_only_for_encoder=False, zvar_sim_normal=False, zvar_sim_var_rand=False)
CUDA Visible devices !
Custom_CNN_BK(
  (net): Sequential(
    (0): Conv2d(1, 32, kernel_size=(8, 8), stride=(1, 1))
    (1): BatchNorm2d(32, eps=1e-05, momentum=0.1, affine=True, track_running_stats=True)
    (2): ReLU(inplace=True)
    (3): Conv2d(32, 32, kernel_size=(4, 4), stride=(1, 1))
    (4): BatchNorm2d(32, eps=1e-05, momentum=0.1, affine=True, track_running_stats=True)
    (5): ReLU(inplace=True)
    (6): AdaptiveMaxPool2d(output_size=(1, 1))
    (7): View()
    (8): Linear(in_features=32, out_features=20, bias=True)
    (9): BatchNorm1d(20, eps=1e-05, momentum=0.1, affine=True, track_running_stats=True)
    (10): ReLU(inplace=True)
    (11): Dropout(p=0.4, inplace=False)
    (12): Linear(in_features=20, out_features=30, bias=True)
    (13): BatchNorm1d(30, eps=1e-05, momentum=0.1, affine=True, track_running_stats=True)
    (14): ReLU(inplace=True)
    (15): Dropout(p=0.4, inplace=False)
    (16): Linear(in_features=30, out_features=10, bias=True)
    (17): Softmax(dim=None)
  )
)
The number of parameters of model is 20324
use 1 gpu who named: Tesla V100-SXM2-32GB
=> loaded sample_scores and losses
=> loaded checkpoint 'checkpoints_CNN/CNN_mnist_custom_BK_2layer_bk1_20_other_ratio_bs_512_8/last (iter 11800)'
=> saved checkpoint 'checkpoints_CNN/CNN_mnist_custom_BK_2layer_bk1_20_other_ratio_bs_512_8/last' (iter 118, epoch 1.0)
=> saved checkpoint 'checkpoint_scores_CNN/CNN_mnist_custom_BK_2layer_bk1_20_other_ratio_bs_512_8/last' (iter 118, epoch 1.0)
[Save Checkpoint] epoch: [1.0], Train score:98.88000, Test score:98.60000, train loss:-0.98869, test loss:-0.98515, ratio_train_loss:2.28339,ratio_test_loss:0.80639, total_loss_train:1.29470,total_loss_test:-0.17877, 
=> saved checkpoint 'checkpoints_CNN/CNN_mnist_custom_BK_2layer_bk1_20_other_ratio_bs_512_8/last' (iter 236, epoch 2.0)
=> saved checkpoint 'checkpoint_scores_CNN/CNN_mnist_custom_BK_2layer_bk1_20_other_ratio_bs_512_8/last' (iter 236, epoch 2.0)
[Save Checkpoint] epoch: [2.0], Train score:99.05500, Test score:98.73000, train loss:-0.99044, test loss:-0.98674, ratio_train_loss:2.39450,ratio_test_loss:0.79352, total_loss_train:1.40405,total_loss_test:-0.19322, 
=> saved checkpoint 'checkpoints_CNN/CNN_mnist_custom_BK_2layer_bk1_20_other_ratio_bs_512_8/last' (iter 354, epoch 3.0)
=> saved checkpoint 'checkpoint_scores_CNN/CNN_mnist_custom_BK_2layer_bk1_20_other_ratio_bs_512_8/last' (iter 354, epoch 3.0)
[Save Checkpoint] epoch: [3.0], Train score:98.92000, Test score:98.52000, train loss:-0.98900, test loss:-0.98489, ratio_train_loss:2.36277,ratio_test_loss:0.79612, total_loss_train:1.37377,total_loss_test:-0.18877, 
=> saved checkpoint 'checkpoints_CNN/CNN_mnist_custom_BK_2layer_bk1_20_other_ratio_bs_512_8/last' (iter 472, epoch 4.0)
=> saved checkpoint 'checkpoint_scores_CNN/CNN_mnist_custom_BK_2layer_bk1_20_other_ratio_bs_512_8/last' (iter 472, epoch 4.0)
[Save Checkpoint] epoch: [4.0], Train score:98.94333, Test score:98.57000, train loss:-0.98929, test loss:-0.98536, ratio_train_loss:2.45229,ratio_test_loss:0.83307, total_loss_train:1.46300,total_loss_test:-0.15229, 
=> saved checkpoint 'checkpoints_CNN/CNN_mnist_custom_BK_2layer_bk1_20_other_ratio_bs_512_8/last' (iter 590, epoch 5.0)
=> saved checkpoint 'checkpoint_scores_CNN/CNN_mnist_custom_BK_2layer_bk1_20_other_ratio_bs_512_8/last' (iter 590, epoch 5.0)
[Save Checkpoint] epoch: [5.0], Train score:98.83833, Test score:98.51000, train loss:-0.98842, test loss:-0.98501, ratio_train_loss:2.46321,ratio_test_loss:0.85098, total_loss_train:1.47479,total_loss_test:-0.13403, 
=> saved checkpoint 'checkpoints_CNN/CNN_mnist_custom_BK_2layer_bk1_20_other_ratio_bs_512_8/last' (iter 708, epoch 6.0)
=> saved checkpoint 'checkpoint_scores_CNN/CNN_mnist_custom_BK_2layer_bk1_20_other_ratio_bs_512_8/last' (iter 708, epoch 6.0)
[Save Checkpoint] epoch: [6.0], Train score:98.93333, Test score:98.49000, train loss:-0.98936, test loss:-0.98475, ratio_train_loss:2.38966,ratio_test_loss:0.93342, total_loss_train:1.40029,total_loss_test:-0.05134, 
=> saved checkpoint 'checkpoints_CNN/CNN_mnist_custom_BK_2layer_bk1_20_other_ratio_bs_512_8/last' (iter 826, epoch 7.0)
=> saved checkpoint 'checkpoint_scores_CNN/CNN_mnist_custom_BK_2layer_bk1_20_other_ratio_bs_512_8/last' (iter 826, epoch 7.0)
[Save Checkpoint] epoch: [7.0], Train score:98.99667, Test score:98.56000, train loss:-0.98985, test loss:-0.98547, ratio_train_loss:2.32776,ratio_test_loss:0.80559, total_loss_train:1.33791,total_loss_test:-0.17989, 
=> saved checkpoint 'checkpoints_CNN/CNN_mnist_custom_BK_2layer_bk1_20_other_ratio_bs_512_8/last' (iter 944, epoch 8.0)
=> saved checkpoint 'checkpoint_scores_CNN/CNN_mnist_custom_BK_2layer_bk1_20_other_ratio_bs_512_8/last' (iter 944, epoch 8.0)
[Save Checkpoint] epoch: [8.0], Train score:98.94833, Test score:98.49000, train loss:-0.98930, test loss:-0.98485, ratio_train_loss:2.34599,ratio_test_loss:0.79048, total_loss_train:1.35669,total_loss_test:-0.19437, 
=> saved checkpoint 'checkpoints_CNN/CNN_mnist_custom_BK_2layer_bk1_20_other_ratio_bs_512_8/last' (iter 1062, epoch 9.0)
=> saved checkpoint 'checkpoint_scores_CNN/CNN_mnist_custom_BK_2layer_bk1_20_other_ratio_bs_512_8/last' (iter 1062, epoch 9.0)
[Save Checkpoint] epoch: [9.0], Train score:98.93833, Test score:98.42000, train loss:-0.98920, test loss:-0.98406, ratio_train_loss:2.43995,ratio_test_loss:0.72307, total_loss_train:1.45075,total_loss_test:-0.26099, 
=> saved checkpoint 'checkpoints_CNN/CNN_mnist_custom_BK_2layer_bk1_20_other_ratio_bs_512_8/last' (iter 1180, epoch 10.0)
=> saved checkpoint 'checkpoint_scores_CNN/CNN_mnist_custom_BK_2layer_bk1_20_other_ratio_bs_512_8/last' (iter 1180, epoch 10.0)
[Save Checkpoint] epoch: [10.0], Train score:98.99000, Test score:98.45000, train loss:-0.98954, test loss:-0.98448, ratio_train_loss:2.27301,ratio_test_loss:0.74394, total_loss_train:1.28347,total_loss_test:-0.24053, 
=> saved checkpoint 'checkpoints_CNN/CNN_mnist_custom_BK_2layer_bk1_20_other_ratio_bs_512_8/last' (iter 1298, epoch 11.0)
=> saved checkpoint 'checkpoint_scores_CNN/CNN_mnist_custom_BK_2layer_bk1_20_other_ratio_bs_512_8/last' (iter 1298, epoch 11.0)
[Save Checkpoint] epoch: [11.0], Train score:98.93833, Test score:98.49000, train loss:-0.98937, test loss:-0.98481, ratio_train_loss:2.27998,ratio_test_loss:0.81771, total_loss_train:1.29060,total_loss_test:-0.16710, 
=> saved checkpoint 'checkpoints_CNN/CNN_mnist_custom_BK_2layer_bk1_20_other_ratio_bs_512_8/last' (iter 1416, epoch 12.0)
=> saved checkpoint 'checkpoint_scores_CNN/CNN_mnist_custom_BK_2layer_bk1_20_other_ratio_bs_512_8/last' (iter 1416, epoch 12.0)
[Save Checkpoint] epoch: [12.0], Train score:98.99000, Test score:98.40000, train loss:-0.98973, test loss:-0.98389, ratio_train_loss:2.14083,ratio_test_loss:0.82310, total_loss_train:1.15111,total_loss_test:-0.16079, 
=> saved checkpoint 'checkpoints_CNN/CNN_mnist_custom_BK_2layer_bk1_20_other_ratio_bs_512_8/last' (iter 1534, epoch 13.0)
=> saved checkpoint 'checkpoint_scores_CNN/CNN_mnist_custom_BK_2layer_bk1_20_other_ratio_bs_512_8/last' (iter 1534, epoch 13.0)
[Save Checkpoint] epoch: [13.0], Train score:98.94167, Test score:98.64000, train loss:-0.98936, test loss:-0.98599, ratio_train_loss:2.27381,ratio_test_loss:0.78876, total_loss_train:1.28446,total_loss_test:-0.19723, 
=> saved checkpoint 'checkpoints_CNN/CNN_mnist_custom_BK_2layer_bk1_20_other_ratio_bs_512_8/last' (iter 1652, epoch 14.0)
=> saved checkpoint 'checkpoint_scores_CNN/CNN_mnist_custom_BK_2layer_bk1_20_other_ratio_bs_512_8/last' (iter 1652, epoch 14.0)
[Save Checkpoint] epoch: [14.0], Train score:98.97167, Test score:98.58000, train loss:-0.98964, test loss:-0.98560, ratio_train_loss:2.35704,ratio_test_loss:0.75718, total_loss_train:1.36740,total_loss_test:-0.22842, 
=> saved checkpoint 'checkpoints_CNN/CNN_mnist_custom_BK_2layer_bk1_20_other_ratio_bs_512_8/last' (iter 1770, epoch 15.0)
=> saved checkpoint 'checkpoint_scores_CNN/CNN_mnist_custom_BK_2layer_bk1_20_other_ratio_bs_512_8/last' (iter 1770, epoch 15.0)
[Save Checkpoint] epoch: [15.0], Train score:98.81500, Test score:98.34000, train loss:-0.98789, test loss:-0.98325, ratio_train_loss:2.50263,ratio_test_loss:0.74671, total_loss_train:1.51473,total_loss_test:-0.23655, 
=> saved checkpoint 'checkpoints_CNN/CNN_mnist_custom_BK_2layer_bk1_20_other_ratio_bs_512_8/last' (iter 1888, epoch 16.0)
=> saved checkpoint 'checkpoint_scores_CNN/CNN_mnist_custom_BK_2layer_bk1_20_other_ratio_bs_512_8/last' (iter 1888, epoch 16.0)
[Save Checkpoint] epoch: [16.0], Train score:98.96000, Test score:98.61000, train loss:-0.98927, test loss:-0.98578, ratio_train_loss:2.41056,ratio_test_loss:0.69398, total_loss_train:1.42129,total_loss_test:-0.29180, 
=> saved checkpoint 'checkpoints_CNN/CNN_mnist_custom_BK_2layer_bk1_20_other_ratio_bs_512_8/last' (iter 2006, epoch 17.0)
=> saved checkpoint 'checkpoint_scores_CNN/CNN_mnist_custom_BK_2layer_bk1_20_other_ratio_bs_512_8/last' (iter 2006, epoch 17.0)
[Save Checkpoint] epoch: [17.0], Train score:98.97500, Test score:98.69000, train loss:-0.98966, test loss:-0.98666, ratio_train_loss:2.35762,ratio_test_loss:0.81176, total_loss_train:1.36796,total_loss_test:-0.17490, 
=> saved checkpoint 'checkpoints_CNN/CNN_mnist_custom_BK_2layer_bk1_20_other_ratio_bs_512_8/last' (iter 2124, epoch 18.0)
=> saved checkpoint 'checkpoint_scores_CNN/CNN_mnist_custom_BK_2layer_bk1_20_other_ratio_bs_512_8/last' (iter 2124, epoch 18.0)
[Save Checkpoint] epoch: [18.0], Train score:98.95167, Test score:98.39000, train loss:-0.98938, test loss:-0.98349, ratio_train_loss:2.32397,ratio_test_loss:0.87204, total_loss_train:1.33459,total_loss_test:-0.11145, 
=> saved checkpoint 'checkpoints_CNN/CNN_mnist_custom_BK_2layer_bk1_20_other_ratio_bs_512_8/last' (iter 2242, epoch 19.0)
=> saved checkpoint 'checkpoint_scores_CNN/CNN_mnist_custom_BK_2layer_bk1_20_other_ratio_bs_512_8/last' (iter 2242, epoch 19.0)
[Save Checkpoint] epoch: [19.0], Train score:98.95500, Test score:98.51000, train loss:-0.98948, test loss:-0.98502, ratio_train_loss:2.36265,ratio_test_loss:0.86979, total_loss_train:1.37318,total_loss_test:-0.11524, 
=> saved checkpoint 'checkpoints_CNN/CNN_mnist_custom_BK_2layer_bk1_20_other_ratio_bs_512_8/last' (iter 2360, epoch 20.0)
=> saved checkpoint 'checkpoint_scores_CNN/CNN_mnist_custom_BK_2layer_bk1_20_other_ratio_bs_512_8/last' (iter 2360, epoch 20.0)
[Save Checkpoint] epoch: [20.0], Train score:98.92833, Test score:98.49000, train loss:-0.98920, test loss:-0.98471, ratio_train_loss:2.35912,ratio_test_loss:0.99938, total_loss_train:1.36992,total_loss_test:0.01467, 
=> saved checkpoint 'checkpoints_CNN/CNN_mnist_custom_BK_2layer_bk1_20_other_ratio_bs_512_8/last' (iter 2478, epoch 21.0)
=> saved checkpoint 'checkpoint_scores_CNN/CNN_mnist_custom_BK_2layer_bk1_20_other_ratio_bs_512_8/last' (iter 2478, epoch 21.0)
[Save Checkpoint] epoch: [21.0], Train score:98.94333, Test score:98.53000, train loss:-0.98915, test loss:-0.98514, ratio_train_loss:2.34769,ratio_test_loss:0.94959, total_loss_train:1.35854,total_loss_test:-0.03555, 
=> saved checkpoint 'checkpoints_CNN/CNN_mnist_custom_BK_2layer_bk1_20_other_ratio_bs_512_8/last' (iter 2596, epoch 22.0)
=> saved checkpoint 'checkpoint_scores_CNN/CNN_mnist_custom_BK_2layer_bk1_20_other_ratio_bs_512_8/last' (iter 2596, epoch 22.0)
[Save Checkpoint] epoch: [22.0], Train score:99.02167, Test score:98.61000, train loss:-0.99007, test loss:-0.98588, ratio_train_loss:2.31731,ratio_test_loss:0.87411, total_loss_train:1.32724,total_loss_test:-0.11177, 
=> saved checkpoint 'checkpoints_CNN/CNN_mnist_custom_BK_2layer_bk1_20_other_ratio_bs_512_8/last' (iter 2714, epoch 23.0)
=> saved checkpoint 'checkpoint_scores_CNN/CNN_mnist_custom_BK_2layer_bk1_20_other_ratio_bs_512_8/last' (iter 2714, epoch 23.0)
[Save Checkpoint] epoch: [23.0], Train score:99.01500, Test score:98.58000, train loss:-0.99005, test loss:-0.98548, ratio_train_loss:2.34793,ratio_test_loss:0.96890, total_loss_train:1.35788,total_loss_test:-0.01658, 
=> saved checkpoint 'checkpoints_CNN/CNN_mnist_custom_BK_2layer_bk1_20_other_ratio_bs_512_8/last' (iter 2832, epoch 24.0)
=> saved checkpoint 'checkpoint_scores_CNN/CNN_mnist_custom_BK_2layer_bk1_20_other_ratio_bs_512_8/last' (iter 2832, epoch 24.0)
[Save Checkpoint] epoch: [24.0], Train score:98.99000, Test score:98.66000, train loss:-0.98962, test loss:-0.98621, ratio_train_loss:2.33201,ratio_test_loss:0.83321, total_loss_train:1.34239,total_loss_test:-0.15300, 
=> saved checkpoint 'checkpoints_CNN/CNN_mnist_custom_BK_2layer_bk1_20_other_ratio_bs_512_8/last' (iter 2950, epoch 25.0)
=> saved checkpoint 'checkpoint_scores_CNN/CNN_mnist_custom_BK_2layer_bk1_20_other_ratio_bs_512_8/last' (iter 2950, epoch 25.0)
[Save Checkpoint] epoch: [25.0], Train score:99.01667, Test score:98.56000, train loss:-0.99002, test loss:-0.98532, ratio_train_loss:2.41575,ratio_test_loss:0.79969, total_loss_train:1.42573,total_loss_test:-0.18563, 
=> saved checkpoint 'checkpoints_CNN/CNN_mnist_custom_BK_2layer_bk1_20_other_ratio_bs_512_8/last' (iter 3068, epoch 26.0)
=> saved checkpoint 'checkpoint_scores_CNN/CNN_mnist_custom_BK_2layer_bk1_20_other_ratio_bs_512_8/last' (iter 3068, epoch 26.0)
[Save Checkpoint] epoch: [26.0], Train score:99.03000, Test score:98.52000, train loss:-0.99012, test loss:-0.98510, ratio_train_loss:2.37782,ratio_test_loss:0.83091, total_loss_train:1.38770,total_loss_test:-0.15419, 
=> saved checkpoint 'checkpoints_CNN/CNN_mnist_custom_BK_2layer_bk1_20_other_ratio_bs_512_8/last' (iter 3186, epoch 27.0)
=> saved checkpoint 'checkpoint_scores_CNN/CNN_mnist_custom_BK_2layer_bk1_20_other_ratio_bs_512_8/last' (iter 3186, epoch 27.0)
[Save Checkpoint] epoch: [27.0], Train score:98.96833, Test score:98.67000, train loss:-0.98949, test loss:-0.98639, ratio_train_loss:2.29791,ratio_test_loss:0.84043, total_loss_train:1.30842,total_loss_test:-0.14596, 
=> saved checkpoint 'checkpoints_CNN/CNN_mnist_custom_BK_2layer_bk1_20_other_ratio_bs_512_8/last' (iter 3304, epoch 28.0)
=> saved checkpoint 'checkpoint_scores_CNN/CNN_mnist_custom_BK_2layer_bk1_20_other_ratio_bs_512_8/last' (iter 3304, epoch 28.0)
[Save Checkpoint] epoch: [28.0], Train score:99.01500, Test score:98.58000, train loss:-0.99004, test loss:-0.98570, ratio_train_loss:2.37118,ratio_test_loss:0.97074, total_loss_train:1.38115,total_loss_test:-0.01495, 
=> saved checkpoint 'checkpoints_CNN/CNN_mnist_custom_BK_2layer_bk1_20_other_ratio_bs_512_8/last' (iter 3422, epoch 29.0)
=> saved checkpoint 'checkpoint_scores_CNN/CNN_mnist_custom_BK_2layer_bk1_20_other_ratio_bs_512_8/last' (iter 3422, epoch 29.0)
[Save Checkpoint] epoch: [29.0], Train score:98.98167, Test score:98.54000, train loss:-0.98980, test loss:-0.98515, ratio_train_loss:2.32510,ratio_test_loss:0.81193, total_loss_train:1.33530,total_loss_test:-0.17322, 
=> saved checkpoint 'checkpoints_CNN/CNN_mnist_custom_BK_2layer_bk1_20_other_ratio_bs_512_8/last' (iter 3540, epoch 30.0)
=> saved checkpoint 'checkpoint_scores_CNN/CNN_mnist_custom_BK_2layer_bk1_20_other_ratio_bs_512_8/last' (iter 3540, epoch 30.0)
[Save Checkpoint] epoch: [30.0], Train score:98.96833, Test score:98.60000, train loss:-0.98973, test loss:-0.98612, ratio_train_loss:2.40028,ratio_test_loss:0.79668, total_loss_train:1.41055,total_loss_test:-0.18944, 
=> saved checkpoint 'checkpoints_CNN/CNN_mnist_custom_BK_2layer_bk1_20_other_ratio_bs_512_8/last' (iter 3658, epoch 31.0)
=> saved checkpoint 'checkpoint_scores_CNN/CNN_mnist_custom_BK_2layer_bk1_20_other_ratio_bs_512_8/last' (iter 3658, epoch 31.0)
[Save Checkpoint] epoch: [31.0], Train score:99.00833, Test score:98.63000, train loss:-0.99004, test loss:-0.98595, ratio_train_loss:2.40758,ratio_test_loss:0.79265, total_loss_train:1.41754,total_loss_test:-0.19330, 
=> saved checkpoint 'checkpoints_CNN/CNN_mnist_custom_BK_2layer_bk1_20_other_ratio_bs_512_8/last' (iter 3776, epoch 32.0)
=> saved checkpoint 'checkpoint_scores_CNN/CNN_mnist_custom_BK_2layer_bk1_20_other_ratio_bs_512_8/last' (iter 3776, epoch 32.0)
[Save Checkpoint] epoch: [32.0], Train score:98.86500, Test score:98.53000, train loss:-0.98846, test loss:-0.98525, ratio_train_loss:2.43267,ratio_test_loss:0.79741, total_loss_train:1.44422,total_loss_test:-0.18784, 
=> saved checkpoint 'checkpoints_CNN/CNN_mnist_custom_BK_2layer_bk1_20_other_ratio_bs_512_8/last' (iter 3894, epoch 33.0)
=> saved checkpoint 'checkpoint_scores_CNN/CNN_mnist_custom_BK_2layer_bk1_20_other_ratio_bs_512_8/last' (iter 3894, epoch 33.0)
[Save Checkpoint] epoch: [33.0], Train score:99.02500, Test score:98.66000, train loss:-0.99021, test loss:-0.98626, ratio_train_loss:2.48186,ratio_test_loss:0.79663, total_loss_train:1.49164,total_loss_test:-0.18963, 
=> saved checkpoint 'checkpoints_CNN/CNN_mnist_custom_BK_2layer_bk1_20_other_ratio_bs_512_8/last' (iter 4012, epoch 34.0)
=> saved checkpoint 'checkpoint_scores_CNN/CNN_mnist_custom_BK_2layer_bk1_20_other_ratio_bs_512_8/last' (iter 4012, epoch 34.0)
[Save Checkpoint] epoch: [34.0], Train score:99.06167, Test score:98.62000, train loss:-0.99051, test loss:-0.98600, ratio_train_loss:2.37117,ratio_test_loss:0.79067, total_loss_train:1.38066,total_loss_test:-0.19532, 
=> saved checkpoint 'checkpoints_CNN/CNN_mnist_custom_BK_2layer_bk1_20_other_ratio_bs_512_8/last' (iter 4130, epoch 35.0)
=> saved checkpoint 'checkpoint_scores_CNN/CNN_mnist_custom_BK_2layer_bk1_20_other_ratio_bs_512_8/last' (iter 4130, epoch 35.0)
[Save Checkpoint] epoch: [35.0], Train score:99.00500, Test score:98.53000, train loss:-0.98998, test loss:-0.98550, ratio_train_loss:2.26778,ratio_test_loss:0.79935, total_loss_train:1.27780,total_loss_test:-0.18615, 
=> saved checkpoint 'checkpoints_CNN/CNN_mnist_custom_BK_2layer_bk1_20_other_ratio_bs_512_8/last' (iter 4248, epoch 36.0)
=> saved checkpoint 'checkpoint_scores_CNN/CNN_mnist_custom_BK_2layer_bk1_20_other_ratio_bs_512_8/last' (iter 4248, epoch 36.0)
[Save Checkpoint] epoch: [36.0], Train score:98.90833, Test score:98.32000, train loss:-0.98902, test loss:-0.98296, ratio_train_loss:2.39592,ratio_test_loss:0.80730, total_loss_train:1.40689,total_loss_test:-0.17566, 
=> saved checkpoint 'checkpoints_CNN/CNN_mnist_custom_BK_2layer_bk1_20_other_ratio_bs_512_8/last' (iter 4366, epoch 37.0)
=> saved checkpoint 'checkpoint_scores_CNN/CNN_mnist_custom_BK_2layer_bk1_20_other_ratio_bs_512_8/last' (iter 4366, epoch 37.0)
[Save Checkpoint] epoch: [37.0], Train score:98.92833, Test score:98.20000, train loss:-0.98897, test loss:-0.98200, ratio_train_loss:2.45442,ratio_test_loss:0.80296, total_loss_train:1.46545,total_loss_test:-0.17904, 
=> saved checkpoint 'checkpoints_CNN/CNN_mnist_custom_BK_2layer_bk1_20_other_ratio_bs_512_8/last' (iter 4484, epoch 38.0)
=> saved checkpoint 'checkpoint_scores_CNN/CNN_mnist_custom_BK_2layer_bk1_20_other_ratio_bs_512_8/last' (iter 4484, epoch 38.0)
[Save Checkpoint] epoch: [38.0], Train score:98.96667, Test score:98.46000, train loss:-0.98965, test loss:-0.98439, ratio_train_loss:2.47613,ratio_test_loss:0.79167, total_loss_train:1.48648,total_loss_test:-0.19271, 
=> saved checkpoint 'checkpoints_CNN/CNN_mnist_custom_BK_2layer_bk1_20_other_ratio_bs_512_8/last' (iter 4602, epoch 39.0)
=> saved checkpoint 'checkpoint_scores_CNN/CNN_mnist_custom_BK_2layer_bk1_20_other_ratio_bs_512_8/last' (iter 4602, epoch 39.0)
[Save Checkpoint] epoch: [39.0], Train score:99.00500, Test score:98.64000, train loss:-0.99004, test loss:-0.98596, ratio_train_loss:2.34843,ratio_test_loss:0.86179, total_loss_train:1.35839,total_loss_test:-0.12417, 
=> saved checkpoint 'checkpoints_CNN/CNN_mnist_custom_BK_2layer_bk1_20_other_ratio_bs_512_8/last' (iter 4720, epoch 40.0)
=> saved checkpoint 'checkpoint_scores_CNN/CNN_mnist_custom_BK_2layer_bk1_20_other_ratio_bs_512_8/last' (iter 4720, epoch 40.0)
[Save Checkpoint] epoch: [40.0], Train score:98.91167, Test score:98.49000, train loss:-0.98903, test loss:-0.98466, ratio_train_loss:2.45194,ratio_test_loss:0.79194, total_loss_train:1.46292,total_loss_test:-0.19272, 
=> saved checkpoint 'checkpoints_CNN/CNN_mnist_custom_BK_2layer_bk1_20_other_ratio_bs_512_8/last' (iter 4838, epoch 41.0)
=> saved checkpoint 'checkpoint_scores_CNN/CNN_mnist_custom_BK_2layer_bk1_20_other_ratio_bs_512_8/last' (iter 4838, epoch 41.0)
[Save Checkpoint] epoch: [41.0], Train score:99.06167, Test score:98.58000, train loss:-0.99052, test loss:-0.98543, ratio_train_loss:2.33383,ratio_test_loss:0.78870, total_loss_train:1.34330,total_loss_test:-0.19673, 
=> saved checkpoint 'checkpoints_CNN/CNN_mnist_custom_BK_2layer_bk1_20_other_ratio_bs_512_8/last' (iter 4956, epoch 42.0)
=> saved checkpoint 'checkpoint_scores_CNN/CNN_mnist_custom_BK_2layer_bk1_20_other_ratio_bs_512_8/last' (iter 4956, epoch 42.0)
[Save Checkpoint] epoch: [42.0], Train score:99.06667, Test score:98.64000, train loss:-0.99054, test loss:-0.98644, ratio_train_loss:2.42839,ratio_test_loss:0.84311, total_loss_train:1.43785,total_loss_test:-0.14334, 
=> saved checkpoint 'checkpoints_CNN/CNN_mnist_custom_BK_2layer_bk1_20_other_ratio_bs_512_8/last' (iter 5074, epoch 43.0)
=> saved checkpoint 'checkpoint_scores_CNN/CNN_mnist_custom_BK_2layer_bk1_20_other_ratio_bs_512_8/last' (iter 5074, epoch 43.0)
[Save Checkpoint] epoch: [43.0], Train score:99.10833, Test score:98.66000, train loss:-0.99087, test loss:-0.98628, ratio_train_loss:2.32835,ratio_test_loss:0.90765, total_loss_train:1.33748,total_loss_test:-0.07863, 
=> saved checkpoint 'checkpoints_CNN/CNN_mnist_custom_BK_2layer_bk1_20_other_ratio_bs_512_8/last' (iter 5192, epoch 44.0)
=> saved checkpoint 'checkpoint_scores_CNN/CNN_mnist_custom_BK_2layer_bk1_20_other_ratio_bs_512_8/last' (iter 5192, epoch 44.0)
[Save Checkpoint] epoch: [44.0], Train score:98.96333, Test score:98.45000, train loss:-0.98937, test loss:-0.98403, ratio_train_loss:2.29756,ratio_test_loss:0.83428, total_loss_train:1.30819,total_loss_test:-0.14976, 
=> saved checkpoint 'checkpoints_CNN/CNN_mnist_custom_BK_2layer_bk1_20_other_ratio_bs_512_8/last' (iter 5310, epoch 45.0)
=> saved checkpoint 'checkpoint_scores_CNN/CNN_mnist_custom_BK_2layer_bk1_20_other_ratio_bs_512_8/last' (iter 5310, epoch 45.0)
[Save Checkpoint] epoch: [45.0], Train score:98.94167, Test score:98.64000, train loss:-0.98926, test loss:-0.98585, ratio_train_loss:2.34515,ratio_test_loss:0.81048, total_loss_train:1.35589,total_loss_test:-0.17537, 
=> saved checkpoint 'checkpoints_CNN/CNN_mnist_custom_BK_2layer_bk1_20_other_ratio_bs_512_8/last' (iter 5428, epoch 46.0)
=> saved checkpoint 'checkpoint_scores_CNN/CNN_mnist_custom_BK_2layer_bk1_20_other_ratio_bs_512_8/last' (iter 5428, epoch 46.0)
[Save Checkpoint] epoch: [46.0], Train score:99.05667, Test score:98.60000, train loss:-0.99054, test loss:-0.98601, ratio_train_loss:2.38647,ratio_test_loss:0.75871, total_loss_train:1.39593,total_loss_test:-0.22730, 
=> saved checkpoint 'checkpoints_CNN/CNN_mnist_custom_BK_2layer_bk1_20_other_ratio_bs_512_8/last' (iter 5546, epoch 47.0)
=> saved checkpoint 'checkpoint_scores_CNN/CNN_mnist_custom_BK_2layer_bk1_20_other_ratio_bs_512_8/last' (iter 5546, epoch 47.0)
[Save Checkpoint] epoch: [47.0], Train score:99.01000, Test score:98.67000, train loss:-0.98990, test loss:-0.98642, ratio_train_loss:2.27671,ratio_test_loss:0.80530, total_loss_train:1.28681,total_loss_test:-0.18111, 
=> saved checkpoint 'checkpoints_CNN/CNN_mnist_custom_BK_2layer_bk1_20_other_ratio_bs_512_8/last' (iter 5664, epoch 48.0)
=> saved checkpoint 'checkpoint_scores_CNN/CNN_mnist_custom_BK_2layer_bk1_20_other_ratio_bs_512_8/last' (iter 5664, epoch 48.0)
[Save Checkpoint] epoch: [48.0], Train score:99.05333, Test score:98.58000, train loss:-0.99057, test loss:-0.98566, ratio_train_loss:2.37409,ratio_test_loss:0.84227, total_loss_train:1.38352,total_loss_test:-0.14339, 
=> saved checkpoint 'checkpoints_CNN/CNN_mnist_custom_BK_2layer_bk1_20_other_ratio_bs_512_8/last' (iter 5782, epoch 49.0)
=> saved checkpoint 'checkpoint_scores_CNN/CNN_mnist_custom_BK_2layer_bk1_20_other_ratio_bs_512_8/last' (iter 5782, epoch 49.0)
[Save Checkpoint] epoch: [49.0], Train score:99.05000, Test score:98.52000, train loss:-0.99031, test loss:-0.98521, ratio_train_loss:2.40707,ratio_test_loss:0.85511, total_loss_train:1.41676,total_loss_test:-0.13010, 
=> saved checkpoint 'checkpoints_CNN/CNN_mnist_custom_BK_2layer_bk1_20_other_ratio_bs_512_8/last' (iter 5900, epoch 50.0)
=> saved checkpoint 'checkpoint_scores_CNN/CNN_mnist_custom_BK_2layer_bk1_20_other_ratio_bs_512_8/last' (iter 5900, epoch 50.0)
[Save Checkpoint] epoch: [50.0], Train score:99.04833, Test score:98.62000, train loss:-0.99038, test loss:-0.98594, ratio_train_loss:2.32645,ratio_test_loss:0.79171, total_loss_train:1.33607,total_loss_test:-0.19423, 
[Training Finished]
All Done!
