25
--gpu_devices 0 --max_iter 100 --batch_size 250 --use_scheduler True --lr 1e-3 --GMP True --z_struct_size 15 --z_var_size 8 --is_VAE True --is_encoder_struct False --lambda_BCE 1 --beta 1 --lambda_recons 1 --lambda_EV_class 1 --big_kernel_size 8 --two_conv_layer True --three_conv_layer True --kernel_size_1 4 --kernel_size_2 4 --kernel_size_3 4 --BK_in_first_layer True --BK_in_second_layer False --BK_in_third_layer False --stride_size 1 --hidden_filters_layer1 64 --hidden_filters_layer2 64 --hidden_filters_layer3 64 --dataset_balanced True --binary_z True --binary_first_conv False --binary_second_conv False --binary_third_conv True --use_small_lr_encoder_var False --encoder_var_name None --encoder_struct_name mnist_ES_binary_15_Hmg_dst_4_2nd_test --freeze_Encoder True --EV_classifier True --freeze_Encoder True --grad_inv True --size_average False --div_loss_per_batch True --exp_name mnist_VAE_s15Hmg4_v8_class_inv_grad_2_mon_loss_divL
Namespace(BK_in_first_layer=True, BK_in_second_layer=False, BK_in_third_layer=False, BN=False, C_max=25, C_stop_iter=100000.0, E1_AE=False, E1_VAE=False, E1_conv=False, E1_dense=False, E1_second_conv=False, E1_second_conv_adapt=False, ES_reconstruction=False, EV_classifier=True, GMP=True, Hmg_dst_loss=False, IPC=False, L1_norm_act=False, L1_norm_weights=False, L2_dst_loss=False, L3_without_random=False, LOG_DIR='logs', PT_model=False, PT_model_EV_classifier=False, adapt_lr=False, add_classification_layer=True, add_dl_class=False, add_linear_after_GMP=True, add_z_struct_bottleneck=False, alpha=32, batch_size=250, beta=1.0, beta1=0.9, beta2=0.999, big_kernel=False, big_kernel_size=8, bin_after_GMP=False, binary_chain=False, binary_first_conv=False, binary_second_conv=False, binary_third_conv=True, binary_z=True, both_decoders_freeze=False, ckpt_dir='checkpoints_CNN', ckpt_dir_scores='checkpoint_scores_CNN', classif_layer_size=30, contrastive_loss=False, cuda=True, dataset='mnist', dataset_balanced=True, decoder_first_dense=36, decoder_kernel_size_1=4, decoder_kernel_size_2=3, decoder_kernel_size_3=4, decoder_n_filter_1=64, decoder_n_filter_2=64, decoder_n_filter_3=64, decoder_name='None', decoder_stride_1=2, decoder_stride_2=2, decoder_stride_3=1, diff_var=False, display_step=10000, div_loss_per_batch=True, dset_dir='data', encoder_struct_name='mnist_ES_binary_15_Hmg_dst_4_2nd_test', encoder_var_name='None', exp_name='mnist_VAE_s15Hmg4_v8_class_inv_grad_2_mon_loss_divL', fine_tune_decoder=False, freeze_Encoder=True, gamma=1000, gpu_devices=[0], grad_inv=True, hidden_dim=20, hidden_filters_layer1=64, hidden_filters_layer2=64, hidden_filters_layer3=64, image_size=64, intra_class_variance_loss=False, is_C=True, is_E1=False, is_VAE=True, is_VAE_var=False, is_binary_structural_latent=False, is_custom_model=False, is_custom_model_BK=False, is_default_model=False, is_encoder_struct=False, is_noise_stats=False, is_partial_rand_class=False, is_perturbed_score=False, is_zvar_sim_loss=False, just_train=False, kernel_size=4, kernel_size_1=4, kernel_size_2=4, kernel_size_3=4, lambda_BCE=1.0, lambda_EV_class=1.0, lambda_Kl_struct=1, lambda_Kl_var=1, lambda_L1=0.01, lambda_L2_dst=1, lambda_VAE=1, lambda_class=1, lambda_contrastive_loss=1, lambda_distance_mean=1, lambda_hmg_dst=1, lambda_intra_class_var=1, lambda_partial_class=1, lambda_ratio_reg=1, lambda_recon_wt_rand=1, lambda_recons=1.0, lambda_struct_recons_class=1, lambda_uniq_code_dst=1, lambda_var_distance=1, lambda_var_inter=1, lambda_var_intra=1, lambda_zvar_sim=1, latent_spec_cont=None, latent_spec_cont_class=None, latent_spec_cont_var=None, latent_spec_disc=None, latent_spec_disc_class=None, latent_spec_disc_var=None, log_level='info', loss='Proxy_Anchor', loss_ES_reconstruction=False, loss_distance_mean=False, loss_min_distance_cl=False, loss_struct_recons_class=False, lr=0.001, max_epoch_use_uniq_code_target=5, max_iter=100.0, model='CNN', mrg=0.1, n_samples=1, nb_epochs_train_only_zvar=0, num_workers=2, old_weighted=False, optimizer='adamw', other_architecture=False, other_ratio=False, random_percentage=0.2, random_seed=10, randomness=True, ratio_reg=False, remark='', save_step=10000, second_layer_C=False, seed=1, size_average=False, stride_size=1, sz_embedding=5, three_conv_layer=True, train=True, train_var_struct_alternatively=False, transforms=False, two_conv_layer=True, two_encoder=False, uniq_code_dst_loss=False, uniq_data_dataset=False, use_VAE=False, use_decoder=False, use_early_stopping=True, use_scheduler=True, use_small_lr_encoder_var=False, use_structural_encoder=False, value_target_distance_mean=1, var_hidden_dim=256, var_hidden_filters_1=32, var_hidden_filters_2=32, var_hidden_filters_3=32, var_kernel_size_1=3, var_kernel_size_2=3, var_kernel_size_3=3, var_second_cnn_block=True, var_stride_size_1=1, var_stride_size_2=1, var_stride_size_3=1, var_third_cnn_block=False, var_three_conv_layer=False, warm=1, without_acc=False, z_struct_size=15, z_var_size=8, zeros_W_Classif=False, zvar_sim_change_zvar=False, zvar_sim_loss_for_all_model=False, zvar_sim_loss_only_for_encoder=False, zvar_sim_normal=False, zvar_sim_var_rand=False)
CUDA Visible devices !
[Using Seed: 10]
Balanced dataset loaded
VAE doesn't exist but encoder struct yes ! load struct encoder weighs !
=> loaded checkpoint 'checkpoints_CNN/mnist_ES_binary_15_Hmg_dst_4_2nd_test/last (iter 7020)'
Weighs loaded for struct encoder !
use 1 gpu who named: Tesla V100-SXM2-32GB
VAE(
  (encoder_struct): Sequential(
    (0): Conv2d(1, 64, kernel_size=(8, 8), stride=(1, 1))
    (1): BatchNorm2d(64, eps=1e-05, momentum=0.1, affine=True, track_running_stats=True)
    (2): ReLU(inplace=True)
    (3): Conv2d(64, 64, kernel_size=(4, 4), stride=(1, 1))
    (4): BatchNorm2d(64, eps=1e-05, momentum=0.1, affine=True, track_running_stats=True)
    (5): ReLU(inplace=True)
    (6): Conv2d(64, 15, kernel_size=(4, 4), stride=(1, 1))
    (7): BatchNorm2d(15, eps=1e-05, momentum=0.1, affine=True, track_running_stats=True)
    (8): ReLU(inplace=True)
    (9): AdaptiveMaxPool2d(output_size=(1, 1))
    (10): View()
    (11): DeterministicBinaryActivation(
      (act): Hardsigmoid(
        (act): Hardtanh(min_val=-1.0, max_val=1.0)
      )
    )
  )
  (decoder): Sequential(
    (0): Linear(in_features=23, out_features=1600, bias=True)
    (1): ReLU(inplace=True)
    (2): View()
    (3): ConvTranspose2d(64, 64, kernel_size=(4, 4), stride=(2, 2), padding=(1, 1))
    (4): ReLU(inplace=True)
    (5): ConvTranspose2d(64, 64, kernel_size=(3, 3), stride=(1, 1))
    (6): ReLU(inplace=True)
    (7): ConvTranspose2d(64, 32, kernel_size=(3, 3), stride=(1, 1))
    (8): ReLU(inplace=True)
    (9): ConvTranspose2d(32, 32, kernel_size=(4, 4), stride=(2, 2), padding=(1, 1))
    (10): ReLU(inplace=True)
    (11): ConvTranspose2d(32, 32, kernel_size=(3, 3), stride=(1, 1))
    (12): ReLU(inplace=True)
    (13): ConvTranspose2d(32, 1, kernel_size=(3, 3), stride=(1, 1))
    (14): Sigmoid()
  )
  (encoder_var): Sequential(
    (0): Conv2d(1, 32, kernel_size=(3, 3), stride=(1, 1))
    (1): ReLU(inplace=True)
    (2): BatchNorm2d(32, eps=1e-05, momentum=0.1, affine=True, track_running_stats=True)
    (3): Conv2d(32, 32, kernel_size=(3, 3), stride=(1, 1))
    (4): ReLU(inplace=True)
    (5): BatchNorm2d(32, eps=1e-05, momentum=0.1, affine=True, track_running_stats=True)
    (6): Conv2d(32, 32, kernel_size=(5, 5), stride=(2, 2), padding=(2, 2))
    (7): ReLU(inplace=True)
    (8): BatchNorm2d(32, eps=1e-05, momentum=0.1, affine=True, track_running_stats=True)
    (9): Dropout(p=0.4, inplace=False)
    (10): Conv2d(32, 64, kernel_size=(3, 3), stride=(1, 1))
    (11): ReLU(inplace=True)
    (12): BatchNorm2d(64, eps=1e-05, momentum=0.1, affine=True, track_running_stats=True)
    (13): Conv2d(64, 64, kernel_size=(3, 3), stride=(1, 1))
    (14): ReLU(inplace=True)
    (15): BatchNorm2d(64, eps=1e-05, momentum=0.1, affine=True, track_running_stats=True)
    (16): Conv2d(64, 64, kernel_size=(5, 5), stride=(2, 2), padding=(2, 2))
    (17): ReLU(inplace=True)
    (18): BatchNorm2d(64, eps=1e-05, momentum=0.1, affine=True, track_running_stats=True)
    (19): Dropout(p=0.4, inplace=False)
    (20): View()
    (21): Linear(in_features=1600, out_features=16, bias=True)
  )
  (var_classifier): Sequential(
    (0): RevGrad()
    (1): Linear(in_features=8, out_features=10, bias=True)
  )
)
The number of parameters of model is 490136
=> saved checkpoint 'checkpoints_CNN/mnist_VAE_s15Hmg4_v8_class_inv_grad_2_mon_loss_divL/last' (iter 270, epoch 1.0)
score EV: 24.69333333333333. Score ES: 0.0
score EV: 23.97. Score ES: 0.0
=> saved checkpoint 'checkpoint_scores_CNN/mnist_VAE_s15Hmg4_v8_class_inv_grad_2_mon_loss_divL/last' (iter 270, epoch 1.0)
[Save Checkpoint] epoch: [1.0], Train set: total:131531.62500, BCE:133334.31250, KLD:4616.66748, BCE_ES:0.00000, NLL_loss_EV:-47.73997, NLL_loss_ES:0.00000, Score_ES:0.00000, Score_EV:24.69333
[Save Checkpoint] epoch: [1.0], Test set: total:553267.31250, BCE:535877.18750, KLD:18531.63477, BCE_ES:0.00000, NLL_loss_EV:-206.28148, NLL_loss_ES:0.00000, Score_ES:0.00000, Score_EV:23.97000
=> saved checkpoint 'checkpoints_CNN/mnist_VAE_s15Hmg4_v8_class_inv_grad_2_mon_loss_divL/last' (iter 540, epoch 2.0)
score EV: 40.83. Score ES: 0.0
score EV: 39.02. Score ES: 0.0
=> saved checkpoint 'checkpoint_scores_CNN/mnist_VAE_s15Hmg4_v8_class_inv_grad_2_mon_loss_divL/last' (iter 540, epoch 2.0)
[Save Checkpoint] epoch: [2.0], Train set: total:118854.76562, BCE:125059.86719, KLD:4234.66211, BCE_ES:0.00000, NLL_loss_EV:-77.53263, NLL_loss_ES:0.00000, Score_ES:0.00000, Score_EV:40.83000
[Save Checkpoint] epoch: [2.0], Test set: total:519372.59375, BCE:504306.21875, KLD:16900.85156, BCE_ES:0.00000, NLL_loss_EV:-330.55734, NLL_loss_ES:0.00000, Score_ES:0.00000, Score_EV:39.02000
=> saved checkpoint 'checkpoints_CNN/mnist_VAE_s15Hmg4_v8_class_inv_grad_2_mon_loss_divL/last' (iter 810, epoch 3.0)
score EV: 55.205. Score ES: 0.0
score EV: 51.22. Score ES: 0.0
=> saved checkpoint 'checkpoint_scores_CNN/mnist_VAE_s15Hmg4_v8_class_inv_grad_2_mon_loss_divL/last' (iter 810, epoch 3.0)
[Save Checkpoint] epoch: [3.0], Train set: total:109129.62500, BCE:118403.14062, KLD:4258.83252, BCE_ES:0.00000, NLL_loss_EV:-100.29301, NLL_loss_ES:0.00000, Score_ES:0.00000, Score_EV:55.20500
[Save Checkpoint] epoch: [3.0], Test set: total:493002.56250, BCE:478335.81250, KLD:16978.48438, BCE_ES:0.00000, NLL_loss_EV:-419.98541, NLL_loss_ES:0.00000, Score_ES:0.00000, Score_EV:51.22000
=> saved checkpoint 'checkpoints_CNN/mnist_VAE_s15Hmg4_v8_class_inv_grad_2_mon_loss_divL/last' (iter 1080, epoch 4.0)
score EV: 64.585. Score ES: 0.0
score EV: 59.63. Score ES: 0.0
=> saved checkpoint 'checkpoint_scores_CNN/mnist_VAE_s15Hmg4_v8_class_inv_grad_2_mon_loss_divL/last' (iter 1080, epoch 4.0)
[Save Checkpoint] epoch: [4.0], Train set: total:103576.75000, BCE:115096.46875, KLD:4426.59570, BCE_ES:0.00000, NLL_loss_EV:-118.19015, NLL_loss_ES:0.00000, Score_ES:0.00000, Score_EV:64.58500
[Save Checkpoint] epoch: [4.0], Test set: total:480436.06250, BCE:465480.00000, KLD:17628.41406, BCE_ES:0.00000, NLL_loss_EV:-491.11905, NLL_loss_ES:0.00000, Score_ES:0.00000, Score_EV:59.63000
=> saved checkpoint 'checkpoints_CNN/mnist_VAE_s15Hmg4_v8_class_inv_grad_2_mon_loss_divL/last' (iter 1350, epoch 5.0)
score EV: 68.14. Score ES: 0.0
score EV: 62.29. Score ES: 0.0
=> saved checkpoint 'checkpoint_scores_CNN/mnist_VAE_s15Hmg4_v8_class_inv_grad_2_mon_loss_divL/last' (iter 1350, epoch 5.0)
[Save Checkpoint] epoch: [5.0], Train set: total:101263.88281, BCE:114289.86719, KLD:4290.96289, BCE_ES:0.00000, NLL_loss_EV:-128.26393, NLL_loss_ES:0.00000, Score_ES:0.00000, Score_EV:68.14000
[Save Checkpoint] epoch: [5.0], Test set: total:476776.06250, BCE:462522.81250, KLD:17130.56641, BCE_ES:0.00000, NLL_loss_EV:-530.22296, NLL_loss_ES:0.00000, Score_ES:0.00000, Score_EV:62.29000
=> saved checkpoint 'checkpoints_CNN/mnist_VAE_s15Hmg4_v8_class_inv_grad_2_mon_loss_divL/last' (iter 1620, epoch 6.0)
score EV: 69.655. Score ES: 0.0
score EV: 63.66. Score ES: 0.0
=> saved checkpoint 'checkpoint_scores_CNN/mnist_VAE_s15Hmg4_v8_class_inv_grad_2_mon_loss_divL/last' (iter 1620, epoch 6.0)
[Save Checkpoint] epoch: [6.0], Train set: total:100260.75000, BCE:113789.75000, KLD:4357.41211, BCE_ES:0.00000, NLL_loss_EV:-132.49074, NLL_loss_ES:0.00000, Score_ES:0.00000, Score_EV:69.65500
[Save Checkpoint] epoch: [6.0], Test set: total:475038.59375, BCE:460635.15625, KLD:17357.41602, BCE_ES:0.00000, NLL_loss_EV:-546.86340, NLL_loss_ES:0.00000, Score_ES:0.00000, Score_EV:63.66000
=> saved checkpoint 'checkpoints_CNN/mnist_VAE_s15Hmg4_v8_class_inv_grad_2_mon_loss_divL/last' (iter 1890, epoch 7.0)
score EV: 70.89166666666667. Score ES: 0.0
score EV: 64.89. Score ES: 0.0
=> saved checkpoint 'checkpoint_scores_CNN/mnist_VAE_s15Hmg4_v8_class_inv_grad_2_mon_loss_divL/last' (iter 1890, epoch 7.0)
[Save Checkpoint] epoch: [7.0], Train set: total:99058.10938, BCE:113209.03125, KLD:4333.83252, BCE_ES:0.00000, NLL_loss_EV:-136.96581, NLL_loss_ES:0.00000, Score_ES:0.00000, Score_EV:70.89167
[Save Checkpoint] epoch: [7.0], Test set: total:472680.96875, BCE:458439.46875, KLD:17268.57422, BCE_ES:0.00000, NLL_loss_EV:-562.23633, NLL_loss_ES:0.00000, Score_ES:0.00000, Score_EV:64.89000
=> saved checkpoint 'checkpoints_CNN/mnist_VAE_s15Hmg4_v8_class_inv_grad_2_mon_loss_divL/last' (iter 2160, epoch 8.0)
score EV: 71.05333333333333. Score ES: 0.0
score EV: 65.36. Score ES: 0.0
=> saved checkpoint 'checkpoint_scores_CNN/mnist_VAE_s15Hmg4_v8_class_inv_grad_2_mon_loss_divL/last' (iter 2160, epoch 8.0)
[Save Checkpoint] epoch: [8.0], Train set: total:97669.79688, BCE:112031.29688, KLD:4422.14062, BCE_ES:0.00000, NLL_loss_EV:-139.12831, NLL_loss_ES:0.00000, Score_ES:0.00000, Score_EV:71.05333
[Save Checkpoint] epoch: [8.0], Test set: total:468655.15625, BCE:454129.00000, KLD:17608.89844, BCE_ES:0.00000, NLL_loss_EV:-572.23822, NLL_loss_ES:0.00000, Score_ES:0.00000, Score_EV:65.36000
=> saved checkpoint 'checkpoints_CNN/mnist_VAE_s15Hmg4_v8_class_inv_grad_2_mon_loss_divL/last' (iter 2430, epoch 9.0)
score EV: 72.27833333333334. Score ES: 0.0
score EV: 66.22. Score ES: 0.0
=> saved checkpoint 'checkpoint_scores_CNN/mnist_VAE_s15Hmg4_v8_class_inv_grad_2_mon_loss_divL/last' (iter 2430, epoch 9.0)
[Save Checkpoint] epoch: [9.0], Train set: total:96926.60938, BCE:111688.00000, KLD:4364.91064, BCE_ES:0.00000, NLL_loss_EV:-141.70526, NLL_loss_ES:0.00000, Score_ES:0.00000, Score_EV:72.27833
[Save Checkpoint] epoch: [9.0], Test set: total:467246.06250, BCE:453003.96875, KLD:17377.12109, BCE_ES:0.00000, NLL_loss_EV:-582.49146, NLL_loss_ES:0.00000, Score_ES:0.00000, Score_EV:66.22000
=> saved checkpoint 'checkpoints_CNN/mnist_VAE_s15Hmg4_v8_class_inv_grad_2_mon_loss_divL/last' (iter 2700, epoch 10.0)
score EV: 72.50833333333334. Score ES: 0.0
score EV: 66.51. Score ES: 0.0
=> saved checkpoint 'checkpoint_scores_CNN/mnist_VAE_s15Hmg4_v8_class_inv_grad_2_mon_loss_divL/last' (iter 2700, epoch 10.0)
[Save Checkpoint] epoch: [10.0], Train set: total:96308.80469, BCE:111200.48438, KLD:4417.43555, BCE_ES:0.00000, NLL_loss_EV:-143.06303, NLL_loss_ES:0.00000, Score_ES:0.00000, Score_EV:72.50833
[Save Checkpoint] epoch: [10.0], Test set: total:465615.59375, BCE:451182.09375, KLD:17595.31641, BCE_ES:0.00000, NLL_loss_EV:-588.32867, NLL_loss_ES:0.00000, Score_ES:0.00000, Score_EV:66.51000
=> saved checkpoint 'checkpoints_CNN/mnist_VAE_s15Hmg4_v8_class_inv_grad_2_mon_loss_divL/last' (iter 2970, epoch 11.0)
score EV: 72.30666666666667. Score ES: 0.0
score EV: 66.34. Score ES: 0.0
=> saved checkpoint 'checkpoint_scores_CNN/mnist_VAE_s15Hmg4_v8_class_inv_grad_2_mon_loss_divL/last' (iter 2970, epoch 11.0)
EarlyStopping counter: 1 out of 25
[Save Checkpoint] epoch: [11.0], Train set: total:95962.53906, BCE:110975.95312, KLD:4407.11084, BCE_ES:0.00000, NLL_loss_EV:-143.87971, NLL_loss_ES:0.00000, Score_ES:0.00000, Score_EV:72.30667
[Save Checkpoint] epoch: [11.0], Test set: total:464845.21875, BCE:450486.09375, KLD:17547.01953, BCE_ES:0.00000, NLL_loss_EV:-593.09296, NLL_loss_ES:0.00000, Score_ES:0.00000, Score_EV:66.34000
=> saved checkpoint 'checkpoints_CNN/mnist_VAE_s15Hmg4_v8_class_inv_grad_2_mon_loss_divL/last' (iter 3240, epoch 12.0)
score EV: 72.63833333333334. Score ES: 0.0
score EV: 66.36. Score ES: 0.0
=> saved checkpoint 'checkpoint_scores_CNN/mnist_VAE_s15Hmg4_v8_class_inv_grad_2_mon_loss_divL/last' (iter 3240, epoch 12.0)
EarlyStopping counter: 2 out of 25
[Save Checkpoint] epoch: [12.0], Train set: total:95577.87500, BCE:110735.04688, KLD:4455.60010, BCE_ES:0.00000, NLL_loss_EV:-145.36511, NLL_loss_ES:0.00000, Score_ES:0.00000, Score_EV:72.63833
[Save Checkpoint] epoch: [12.0], Test set: total:464199.59375, BCE:449687.96875, KLD:17731.41211, BCE_ES:0.00000, NLL_loss_EV:-598.26801, NLL_loss_ES:0.00000, Score_ES:0.00000, Score_EV:66.36000
=> saved checkpoint 'checkpoints_CNN/mnist_VAE_s15Hmg4_v8_class_inv_grad_2_mon_loss_divL/last' (iter 3510, epoch 13.0)
score EV: 72.17. Score ES: 0.0
score EV: 66.28. Score ES: 0.0
=> saved checkpoint 'checkpoint_scores_CNN/mnist_VAE_s15Hmg4_v8_class_inv_grad_2_mon_loss_divL/last' (iter 3510, epoch 13.0)
[Save Checkpoint] epoch: [13.0], Train set: total:95351.36719, BCE:110543.13281, KLD:4412.62939, BCE_ES:0.00000, NLL_loss_EV:-145.28825, NLL_loss_ES:0.00000, Score_ES:0.00000, Score_EV:72.17000
[Save Checkpoint] epoch: [13.0], Test set: total:463463.31250, BCE:449116.06250, KLD:17555.28906, BCE_ES:0.00000, NLL_loss_EV:-597.48059, NLL_loss_ES:0.00000, Score_ES:0.00000, Score_EV:66.28000
=> saved checkpoint 'checkpoints_CNN/mnist_VAE_s15Hmg4_v8_class_inv_grad_2_mon_loss_divL/last' (iter 3780, epoch 14.0)
score EV: 72.03833333333333. Score ES: 0.0
score EV: 65.98. Score ES: 0.0
=> saved checkpoint 'checkpoint_scores_CNN/mnist_VAE_s15Hmg4_v8_class_inv_grad_2_mon_loss_divL/last' (iter 3780, epoch 14.0)
EarlyStopping counter: 1 out of 25
[Save Checkpoint] epoch: [14.0], Train set: total:95159.04688, BCE:110453.21875, KLD:4407.51904, BCE_ES:0.00000, NLL_loss_EV:-146.05135, NLL_loss_ES:0.00000, Score_ES:0.00000, Score_EV:72.03833
[Save Checkpoint] epoch: [14.0], Test set: total:463240.65625, BCE:448943.15625, KLD:17535.07227, BCE_ES:0.00000, NLL_loss_EV:-603.05280, NLL_loss_ES:0.00000, Score_ES:0.00000, Score_EV:65.98000
=> saved checkpoint 'checkpoints_CNN/mnist_VAE_s15Hmg4_v8_class_inv_grad_2_mon_loss_divL/last' (iter 4050, epoch 15.0)
score EV: 71.75. Score ES: 0.0
score EV: 65.73. Score ES: 0.0
=> saved checkpoint 'checkpoint_scores_CNN/mnist_VAE_s15Hmg4_v8_class_inv_grad_2_mon_loss_divL/last' (iter 4050, epoch 15.0)
[Save Checkpoint] epoch: [15.0], Train set: total:95171.18750, BCE:110414.14062, KLD:4428.82178, BCE_ES:0.00000, NLL_loss_EV:-145.82523, NLL_loss_ES:0.00000, Score_ES:0.00000, Score_EV:71.75000
[Save Checkpoint] epoch: [15.0], Test set: total:463276.84375, BCE:448881.71875, KLD:17617.74023, BCE_ES:0.00000, NLL_loss_EV:-600.98016, NLL_loss_ES:0.00000, Score_ES:0.00000, Score_EV:65.73000
=> saved checkpoint 'checkpoints_CNN/mnist_VAE_s15Hmg4_v8_class_inv_grad_2_mon_loss_divL/last' (iter 4320, epoch 16.0)
score EV: 72.28166666666667. Score ES: 0.0
score EV: 66.26. Score ES: 0.0
=> saved checkpoint 'checkpoint_scores_CNN/mnist_VAE_s15Hmg4_v8_class_inv_grad_2_mon_loss_divL/last' (iter 4320, epoch 16.0)
[Save Checkpoint] epoch: [16.0], Train set: total:94747.07031, BCE:110216.71875, KLD:4415.05469, BCE_ES:0.00000, NLL_loss_EV:-147.40396, NLL_loss_ES:0.00000, Score_ES:0.00000, Score_EV:72.28167
[Save Checkpoint] epoch: [16.0], Test set: total:462442.00000, BCE:448148.15625, KLD:17555.34766, BCE_ES:0.00000, NLL_loss_EV:-607.74817, NLL_loss_ES:0.00000, Score_ES:0.00000, Score_EV:66.26000
=> saved checkpoint 'checkpoints_CNN/mnist_VAE_s15Hmg4_v8_class_inv_grad_2_mon_loss_divL/last' (iter 4590, epoch 17.0)
score EV: 71.62666666666667. Score ES: 0.0
score EV: 65.41. Score ES: 0.0
=> saved checkpoint 'checkpoint_scores_CNN/mnist_VAE_s15Hmg4_v8_class_inv_grad_2_mon_loss_divL/last' (iter 4590, epoch 17.0)
EarlyStopping counter: 1 out of 25
[Save Checkpoint] epoch: [17.0], Train set: total:94697.98438, BCE:110063.85156, KLD:4412.77051, BCE_ES:0.00000, NLL_loss_EV:-146.60324, NLL_loss_ES:0.00000, Score_ES:0.00000, Score_EV:71.62667
[Save Checkpoint] epoch: [17.0], Test set: total:461926.31250, BCE:447602.09375, KLD:17560.66992, BCE_ES:0.00000, NLL_loss_EV:-603.20514, NLL_loss_ES:0.00000, Score_ES:0.00000, Score_EV:65.41000
=> saved checkpoint 'checkpoints_CNN/mnist_VAE_s15Hmg4_v8_class_inv_grad_2_mon_loss_divL/last' (iter 4860, epoch 18.0)
score EV: 71.60166666666667. Score ES: 0.0
score EV: 65.69. Score ES: 0.0
=> saved checkpoint 'checkpoint_scores_CNN/mnist_VAE_s15Hmg4_v8_class_inv_grad_2_mon_loss_divL/last' (iter 4860, epoch 18.0)
[Save Checkpoint] epoch: [18.0], Train set: total:94560.25781, BCE:109983.10156, KLD:4354.26660, BCE_ES:0.00000, NLL_loss_EV:-146.64774, NLL_loss_ES:0.00000, Score_ES:0.00000, Score_EV:71.60167
[Save Checkpoint] epoch: [18.0], Test set: total:461511.81250, BCE:447450.15625, KLD:17309.13867, BCE_ES:0.00000, NLL_loss_EV:-604.35364, NLL_loss_ES:0.00000, Score_ES:0.00000, Score_EV:65.69000
=> saved checkpoint 'checkpoints_CNN/mnist_VAE_s15Hmg4_v8_class_inv_grad_2_mon_loss_divL/last' (iter 5130, epoch 19.0)
score EV: 71.57166666666667. Score ES: 0.0
score EV: 65.48. Score ES: 0.0
=> saved checkpoint 'checkpoint_scores_CNN/mnist_VAE_s15Hmg4_v8_class_inv_grad_2_mon_loss_divL/last' (iter 5130, epoch 19.0)
EarlyStopping counter: 1 out of 25
[Save Checkpoint] epoch: [19.0], Train set: total:94416.07031, BCE:109927.53125, KLD:4426.33594, BCE_ES:0.00000, NLL_loss_EV:-147.86143, NLL_loss_ES:0.00000, Score_ES:0.00000, Score_EV:71.57167
[Save Checkpoint] epoch: [19.0], Test set: total:461504.90625, BCE:447175.90625, KLD:17599.76172, BCE_ES:0.00000, NLL_loss_EV:-609.65668, NLL_loss_ES:0.00000, Score_ES:0.00000, Score_EV:65.48000
=> saved checkpoint 'checkpoints_CNN/mnist_VAE_s15Hmg4_v8_class_inv_grad_2_mon_loss_divL/last' (iter 5400, epoch 20.0)
score EV: 71.25166666666667. Score ES: 0.0
score EV: 65.35. Score ES: 0.0
=> saved checkpoint 'checkpoint_scores_CNN/mnist_VAE_s15Hmg4_v8_class_inv_grad_2_mon_loss_divL/last' (iter 5400, epoch 20.0)
EarlyStopping counter: 2 out of 25
[Save Checkpoint] epoch: [20.0], Train set: total:94298.74219, BCE:109749.19531, KLD:4395.62842, BCE_ES:0.00000, NLL_loss_EV:-147.16203, NLL_loss_ES:0.00000, Score_ES:0.00000, Score_EV:71.25167
[Save Checkpoint] epoch: [20.0], Test set: total:460823.40625, BCE:446610.34375, KLD:17479.08594, BCE_ES:0.00000, NLL_loss_EV:-608.31390, NLL_loss_ES:0.00000, Score_ES:0.00000, Score_EV:65.35000
=> saved checkpoint 'checkpoints_CNN/mnist_VAE_s15Hmg4_v8_class_inv_grad_2_mon_loss_divL/last' (iter 5670, epoch 21.0)
score EV: 71.13166666666666. Score ES: 0.0
score EV: 65.0. Score ES: 0.0
=> saved checkpoint 'checkpoint_scores_CNN/mnist_VAE_s15Hmg4_v8_class_inv_grad_2_mon_loss_divL/last' (iter 5670, epoch 21.0)
EarlyStopping counter: 3 out of 25
[Save Checkpoint] epoch: [21.0], Train set: total:94100.83594, BCE:109567.33594, KLD:4413.23486, BCE_ES:0.00000, NLL_loss_EV:-147.33836, NLL_loss_ES:0.00000, Score_ES:0.00000, Score_EV:71.13167
[Save Checkpoint] epoch: [21.0], Test set: total:460364.15625, BCE:446091.06250, KLD:17532.65039, BCE_ES:0.00000, NLL_loss_EV:-606.45673, NLL_loss_ES:0.00000, Score_ES:0.00000, Score_EV:65.00000
=> saved checkpoint 'checkpoints_CNN/mnist_VAE_s15Hmg4_v8_class_inv_grad_2_mon_loss_divL/last' (iter 5940, epoch 22.0)
score EV: 70.68. Score ES: 0.0
score EV: 64.57. Score ES: 0.0
=> saved checkpoint 'checkpoint_scores_CNN/mnist_VAE_s15Hmg4_v8_class_inv_grad_2_mon_loss_divL/last' (iter 5940, epoch 22.0)
[Save Checkpoint] epoch: [22.0], Train set: total:93982.64062, BCE:109329.89062, KLD:4397.81787, BCE_ES:0.00000, NLL_loss_EV:-146.41890, NLL_loss_ES:0.00000, Score_ES:0.00000, Score_EV:70.68000
[Save Checkpoint] epoch: [22.0], Test set: total:459515.81250, BCE:445259.40625, KLD:17491.26953, BCE_ES:0.00000, NLL_loss_EV:-602.14764, NLL_loss_ES:0.00000, Score_ES:0.00000, Score_EV:64.57000
=> saved checkpoint 'checkpoints_CNN/mnist_VAE_s15Hmg4_v8_class_inv_grad_2_mon_loss_divL/last' (iter 6210, epoch 23.0)
score EV: 70.39166666666667. Score ES: 0.0
score EV: 64.29. Score ES: 0.0
=> saved checkpoint 'checkpoint_scores_CNN/mnist_VAE_s15Hmg4_v8_class_inv_grad_2_mon_loss_divL/last' (iter 6210, epoch 23.0)
[Save Checkpoint] epoch: [23.0], Train set: total:93956.64062, BCE:109330.14844, KLD:4389.75000, BCE_ES:0.00000, NLL_loss_EV:-146.57529, NLL_loss_ES:0.00000, Score_ES:0.00000, Score_EV:70.39167
[Save Checkpoint] epoch: [23.0], Test set: total:459488.46875, BCE:445269.06250, KLD:17450.82617, BCE_ES:0.00000, NLL_loss_EV:-602.45618, NLL_loss_ES:0.00000, Score_ES:0.00000, Score_EV:64.29000
=> saved checkpoint 'checkpoints_CNN/mnist_VAE_s15Hmg4_v8_class_inv_grad_2_mon_loss_divL/last' (iter 6480, epoch 24.0)
score EV: 70.31166666666667. Score ES: 0.0
score EV: 63.87. Score ES: 0.0
=> saved checkpoint 'checkpoint_scores_CNN/mnist_VAE_s15Hmg4_v8_class_inv_grad_2_mon_loss_divL/last' (iter 6480, epoch 24.0)
[Save Checkpoint] epoch: [24.0], Train set: total:93938.10156, BCE:109309.70312, KLD:4412.33691, BCE_ES:0.00000, NLL_loss_EV:-146.69778, NLL_loss_ES:0.00000, Score_ES:0.00000, Score_EV:70.31167
[Save Checkpoint] epoch: [24.0], Test set: total:459742.90625, BCE:445451.81250, KLD:17521.48242, BCE_ES:0.00000, NLL_loss_EV:-602.06549, NLL_loss_ES:0.00000, Score_ES:0.00000, Score_EV:63.87000
=> saved checkpoint 'checkpoints_CNN/mnist_VAE_s15Hmg4_v8_class_inv_grad_2_mon_loss_divL/last' (iter 6750, epoch 25.0)
score EV: 70.055. Score ES: 0.0
score EV: 64.31. Score ES: 0.0
=> saved checkpoint 'checkpoint_scores_CNN/mnist_VAE_s15Hmg4_v8_class_inv_grad_2_mon_loss_divL/last' (iter 6750, epoch 25.0)
EarlyStopping counter: 1 out of 25
[Save Checkpoint] epoch: [25.0], Train set: total:93870.34375, BCE:109224.64062, KLD:4337.39795, BCE_ES:0.00000, NLL_loss_EV:-145.97333, NLL_loss_ES:0.00000, Score_ES:0.00000, Score_EV:70.05500
[Save Checkpoint] epoch: [25.0], Test set: total:459216.75000, BCE:445218.34375, KLD:17225.31445, BCE_ES:0.00000, NLL_loss_EV:-601.84143, NLL_loss_ES:0.00000, Score_ES:0.00000, Score_EV:64.31000
=> saved checkpoint 'checkpoints_CNN/mnist_VAE_s15Hmg4_v8_class_inv_grad_2_mon_loss_divL/last' (iter 7020, epoch 26.0)
score EV: 69.765. Score ES: 0.0
score EV: 64.24. Score ES: 0.0
=> saved checkpoint 'checkpoint_scores_CNN/mnist_VAE_s15Hmg4_v8_class_inv_grad_2_mon_loss_divL/last' (iter 7020, epoch 26.0)
[Save Checkpoint] epoch: [26.0], Train set: total:93869.42188, BCE:109205.84375, KLD:4322.17041, BCE_ES:0.00000, NLL_loss_EV:-145.80080, NLL_loss_ES:0.00000, Score_ES:0.00000, Score_EV:69.76500
[Save Checkpoint] epoch: [26.0], Test set: total:459095.34375, BCE:445167.06250, KLD:17159.75586, BCE_ES:0.00000, NLL_loss_EV:-602.58160, NLL_loss_ES:0.00000, Score_ES:0.00000, Score_EV:64.24000
=> saved checkpoint 'checkpoints_CNN/mnist_VAE_s15Hmg4_v8_class_inv_grad_2_mon_loss_divL/last' (iter 7290, epoch 27.0)
score EV: 69.89166666666667. Score ES: 0.0
score EV: 64.28. Score ES: 0.0
=> saved checkpoint 'checkpoint_scores_CNN/mnist_VAE_s15Hmg4_v8_class_inv_grad_2_mon_loss_divL/last' (iter 7290, epoch 27.0)
[Save Checkpoint] epoch: [27.0], Train set: total:93727.80469, BCE:109086.78125, KLD:4372.37402, BCE_ES:0.00000, NLL_loss_EV:-146.33028, NLL_loss_ES:0.00000, Score_ES:0.00000, Score_EV:69.89167
[Save Checkpoint] epoch: [27.0], Test set: total:458819.34375, BCE:444696.34375, KLD:17369.38672, BCE_ES:0.00000, NLL_loss_EV:-604.71252, NLL_loss_ES:0.00000, Score_ES:0.00000, Score_EV:64.28000
=> saved checkpoint 'checkpoints_CNN/mnist_VAE_s15Hmg4_v8_class_inv_grad_2_mon_loss_divL/last' (iter 7560, epoch 28.0)
score EV: 69.45. Score ES: 0.0
score EV: 63.52. Score ES: 0.0
=> saved checkpoint 'checkpoint_scores_CNN/mnist_VAE_s15Hmg4_v8_class_inv_grad_2_mon_loss_divL/last' (iter 7560, epoch 28.0)
[Save Checkpoint] epoch: [28.0], Train set: total:93767.97656, BCE:109058.70312, KLD:4316.42773, BCE_ES:0.00000, NLL_loss_EV:-145.40483, NLL_loss_ES:0.00000, Score_ES:0.00000, Score_EV:69.45000
[Save Checkpoint] epoch: [28.0], Test set: total:458723.31250, BCE:444798.90625, KLD:17141.91211, BCE_ES:0.00000, NLL_loss_EV:-599.43463, NLL_loss_ES:0.00000, Score_ES:0.00000, Score_EV:63.52000
=> saved checkpoint 'checkpoints_CNN/mnist_VAE_s15Hmg4_v8_class_inv_grad_2_mon_loss_divL/last' (iter 7830, epoch 29.0)
score EV: 69.18333333333334. Score ES: 0.0
score EV: 63.15. Score ES: 0.0
=> saved checkpoint 'checkpoint_scores_CNN/mnist_VAE_s15Hmg4_v8_class_inv_grad_2_mon_loss_divL/last' (iter 7830, epoch 29.0)
EarlyStopping counter: 1 out of 25
[Save Checkpoint] epoch: [29.0], Train set: total:93944.85156, BCE:109191.17969, KLD:4341.82520, BCE_ES:0.00000, NLL_loss_EV:-145.31505, NLL_loss_ES:0.00000, Score_ES:0.00000, Score_EV:69.18333
[Save Checkpoint] epoch: [29.0], Test set: total:459274.46875, BCE:445242.71875, KLD:17243.06055, BCE_ES:0.00000, NLL_loss_EV:-598.32458, NLL_loss_ES:0.00000, Score_ES:0.00000, Score_EV:63.15000
=> saved checkpoint 'checkpoints_CNN/mnist_VAE_s15Hmg4_v8_class_inv_grad_2_mon_loss_divL/last' (iter 8100, epoch 30.0)
score EV: 68.56333333333333. Score ES: 0.0
score EV: 63.17. Score ES: 0.0
=> saved checkpoint 'checkpoint_scores_CNN/mnist_VAE_s15Hmg4_v8_class_inv_grad_2_mon_loss_divL/last' (iter 8100, epoch 30.0)
EarlyStopping counter: 2 out of 25
[Save Checkpoint] epoch: [30.0], Train set: total:93860.47656, BCE:108913.00781, KLD:4357.27539, BCE_ES:0.00000, NLL_loss_EV:-144.04535, NLL_loss_ES:0.00000, Score_ES:0.00000, Score_EV:68.56333
[Save Checkpoint] epoch: [30.0], Test set: total:458470.40625, BCE:444337.59375, KLD:17318.20117, BCE_ES:0.00000, NLL_loss_EV:-594.05341, NLL_loss_ES:0.00000, Score_ES:0.00000, Score_EV:63.17000
=> saved checkpoint 'checkpoints_CNN/mnist_VAE_s15Hmg4_v8_class_inv_grad_2_mon_loss_divL/last' (iter 8370, epoch 31.0)
score EV: 68.73833333333333. Score ES: 0.0
score EV: 63.07. Score ES: 0.0
=> saved checkpoint 'checkpoint_scores_CNN/mnist_VAE_s15Hmg4_v8_class_inv_grad_2_mon_loss_divL/last' (iter 8370, epoch 31.0)
[Save Checkpoint] epoch: [31.0], Train set: total:93813.82031, BCE:108957.17969, KLD:4333.08691, BCE_ES:0.00000, NLL_loss_EV:-144.50021, NLL_loss_ES:0.00000, Score_ES:0.00000, Score_EV:68.73833
[Save Checkpoint] epoch: [31.0], Test set: total:458658.06250, BCE:444637.40625, KLD:17204.40430, BCE_ES:0.00000, NLL_loss_EV:-594.35608, NLL_loss_ES:0.00000, Score_ES:0.00000, Score_EV:63.07000
=> saved checkpoint 'checkpoints_CNN/mnist_VAE_s15Hmg4_v8_class_inv_grad_2_mon_loss_divL/last' (iter 8640, epoch 32.0)
score EV: 68.02833333333334. Score ES: 0.0
score EV: 62.62. Score ES: 0.0
=> saved checkpoint 'checkpoint_scores_CNN/mnist_VAE_s15Hmg4_v8_class_inv_grad_2_mon_loss_divL/last' (iter 8640, epoch 32.0)
EarlyStopping counter: 1 out of 25
[Save Checkpoint] epoch: [32.0], Train set: total:93866.17969, BCE:108878.58594, KLD:4328.46973, BCE_ES:0.00000, NLL_loss_EV:-143.52916, NLL_loss_ES:0.00000, Score_ES:0.00000, Score_EV:68.02833
[Save Checkpoint] epoch: [32.0], Test set: total:458350.96875, BCE:444345.90625, KLD:17184.71680, BCE_ES:0.00000, NLL_loss_EV:-592.98431, NLL_loss_ES:0.00000, Score_ES:0.00000, Score_EV:62.62000
=> saved checkpoint 'checkpoints_CNN/mnist_VAE_s15Hmg4_v8_class_inv_grad_2_mon_loss_divL/last' (iter 8910, epoch 33.0)
score EV: 68.135. Score ES: 0.0
score EV: 62.61. Score ES: 0.0
=> saved checkpoint 'checkpoint_scores_CNN/mnist_VAE_s15Hmg4_v8_class_inv_grad_2_mon_loss_divL/last' (iter 8910, epoch 33.0)
EarlyStopping counter: 2 out of 25
[Save Checkpoint] epoch: [33.0], Train set: total:93838.93750, BCE:108913.17188, KLD:4325.83936, BCE_ES:0.00000, NLL_loss_EV:-143.94807, NLL_loss_ES:0.00000, Score_ES:0.00000, Score_EV:68.13500
[Save Checkpoint] epoch: [33.0], Test set: total:458362.50000, BCE:444369.40625, KLD:17177.05664, BCE_ES:0.00000, NLL_loss_EV:-593.83698, NLL_loss_ES:0.00000, Score_ES:0.00000, Score_EV:62.61000
=> saved checkpoint 'checkpoints_CNN/mnist_VAE_s15Hmg4_v8_class_inv_grad_2_mon_loss_divL/last' (iter 9180, epoch 34.0)
score EV: 67.69833333333334. Score ES: 0.0
score EV: 62.67. Score ES: 0.0
=> saved checkpoint 'checkpoint_scores_CNN/mnist_VAE_s15Hmg4_v8_class_inv_grad_2_mon_loss_divL/last' (iter 9180, epoch 34.0)
[Save Checkpoint] epoch: [34.0], Train set: total:93896.69531, BCE:108854.00781, KLD:4357.87842, BCE_ES:0.00000, NLL_loss_EV:-143.31807, NLL_loss_ES:0.00000, Score_ES:0.00000, Score_EV:67.69833
[Save Checkpoint] epoch: [34.0], Test set: total:458617.15625, BCE:444493.71875, KLD:17306.28711, BCE_ES:0.00000, NLL_loss_EV:-594.27032, NLL_loss_ES:0.00000, Score_ES:0.00000, Score_EV:62.67000
=> saved checkpoint 'checkpoints_CNN/mnist_VAE_s15Hmg4_v8_class_inv_grad_2_mon_loss_divL/last' (iter 9450, epoch 35.0)
score EV: 67.67666666666666. Score ES: 0.0
score EV: 62.13. Score ES: 0.0
=> saved checkpoint 'checkpoint_scores_CNN/mnist_VAE_s15Hmg4_v8_class_inv_grad_2_mon_loss_divL/last' (iter 9450, epoch 35.0)
EarlyStopping counter: 1 out of 25
[Save Checkpoint] epoch: [35.0], Train set: total:93731.50781, BCE:108715.46875, KLD:4360.74951, BCE_ES:0.00000, NLL_loss_EV:-143.54041, NLL_loss_ES:0.00000, Score_ES:0.00000, Score_EV:67.67667
[Save Checkpoint] epoch: [35.0], Test set: total:458006.84375, BCE:443858.84375, KLD:17311.83398, BCE_ES:0.00000, NLL_loss_EV:-591.30206, NLL_loss_ES:0.00000, Score_ES:0.00000, Score_EV:62.13000
=> saved checkpoint 'checkpoints_CNN/mnist_VAE_s15Hmg4_v8_class_inv_grad_2_mon_loss_divL/last' (iter 9720, epoch 36.0)
score EV: 67.69166666666666. Score ES: 0.0
score EV: 61.73. Score ES: 0.0
=> saved checkpoint 'checkpoint_scores_CNN/mnist_VAE_s15Hmg4_v8_class_inv_grad_2_mon_loss_divL/last' (iter 9720, epoch 36.0)
EarlyStopping counter: 2 out of 25
[Save Checkpoint] epoch: [36.0], Train set: total:93886.32031, BCE:108861.37500, KLD:4344.10889, BCE_ES:0.00000, NLL_loss_EV:-143.35422, NLL_loss_ES:0.00000, Score_ES:0.00000, Score_EV:67.69167
[Save Checkpoint] epoch: [36.0], Test set: total:458624.84375, BCE:444549.59375, KLD:17236.20117, BCE_ES:0.00000, NLL_loss_EV:-589.86395, NLL_loss_ES:0.00000, Score_ES:0.00000, Score_EV:61.73000
=> saved checkpoint 'checkpoints_CNN/mnist_VAE_s15Hmg4_v8_class_inv_grad_2_mon_loss_divL/last' (iter 9990, epoch 37.0)
score EV: 67.08833333333334. Score ES: 0.0
score EV: 61.74. Score ES: 0.0
=> saved checkpoint 'checkpoint_scores_CNN/mnist_VAE_s15Hmg4_v8_class_inv_grad_2_mon_loss_divL/last' (iter 9990, epoch 37.0)
[Save Checkpoint] epoch: [37.0], Train set: total:94011.96094, BCE:108793.32031, KLD:4406.47998, BCE_ES:0.00000, NLL_loss_EV:-142.36609, NLL_loss_ES:0.00000, Score_ES:0.00000, Score_EV:67.08833
[Save Checkpoint] epoch: [37.0], Test set: total:458670.00000, BCE:444322.21875, KLD:17497.46680, BCE_ES:0.00000, NLL_loss_EV:-586.99646, NLL_loss_ES:0.00000, Score_ES:0.00000, Score_EV:61.74000
=> saved checkpoint 'checkpoints_CNN/mnist_VAE_s15Hmg4_v8_class_inv_grad_2_mon_loss_divL/last' (iter 10260, epoch 38.0)
score EV: 67.01833333333333. Score ES: 0.0
score EV: 61.63. Score ES: 0.0
=> saved checkpoint 'checkpoint_scores_CNN/mnist_VAE_s15Hmg4_v8_class_inv_grad_2_mon_loss_divL/last' (iter 10260, epoch 38.0)
[Save Checkpoint] epoch: [38.0], Train set: total:93916.03906, BCE:108694.46094, KLD:4389.68945, BCE_ES:0.00000, NLL_loss_EV:-142.20741, NLL_loss_ES:0.00000, Score_ES:0.00000, Score_EV:67.01833
[Save Checkpoint] epoch: [38.0], Test set: total:458424.84375, BCE:444146.40625, KLD:17424.41602, BCE_ES:0.00000, NLL_loss_EV:-587.36804, NLL_loss_ES:0.00000, Score_ES:0.00000, Score_EV:61.63000
=> saved checkpoint 'checkpoints_CNN/mnist_VAE_s15Hmg4_v8_class_inv_grad_2_mon_loss_divL/last' (iter 10530, epoch 39.0)
score EV: 66.68333333333334. Score ES: 0.0
score EV: 61.13. Score ES: 0.0
=> saved checkpoint 'checkpoint_scores_CNN/mnist_VAE_s15Hmg4_v8_class_inv_grad_2_mon_loss_divL/last' (iter 10530, epoch 39.0)
EarlyStopping counter: 1 out of 25
[Save Checkpoint] epoch: [39.0], Train set: total:94141.17969, BCE:108838.00000, KLD:4367.88477, BCE_ES:0.00000, NLL_loss_EV:-141.47623, NLL_loss_ES:0.00000, Score_ES:0.00000, Score_EV:66.68333
[Save Checkpoint] epoch: [39.0], Test set: total:458773.65625, BCE:444562.21875, KLD:17336.34375, BCE_ES:0.00000, NLL_loss_EV:-583.24188, NLL_loss_ES:0.00000, Score_ES:0.00000, Score_EV:61.13000
=> saved checkpoint 'checkpoints_CNN/mnist_VAE_s15Hmg4_v8_class_inv_grad_2_mon_loss_divL/last' (iter 10800, epoch 40.0)
score EV: 66.62833333333333. Score ES: 0.0
score EV: 61.3. Score ES: 0.0
=> saved checkpoint 'checkpoint_scores_CNN/mnist_VAE_s15Hmg4_v8_class_inv_grad_2_mon_loss_divL/last' (iter 10800, epoch 40.0)
[Save Checkpoint] epoch: [40.0], Train set: total:94123.17969, BCE:108826.30469, KLD:4314.81494, BCE_ES:0.00000, NLL_loss_EV:-141.12796, NLL_loss_ES:0.00000, Score_ES:0.00000, Score_EV:66.62833
[Save Checkpoint] epoch: [40.0], Test set: total:458566.50000, BCE:444568.96875, KLD:17133.74023, BCE_ES:0.00000, NLL_loss_EV:-584.36072, NLL_loss_ES:0.00000, Score_ES:0.00000, Score_EV:61.30000
=> saved checkpoint 'checkpoints_CNN/mnist_VAE_s15Hmg4_v8_class_inv_grad_2_mon_loss_divL/last' (iter 11070, epoch 41.0)
score EV: 66.74833333333333. Score ES: 0.0
score EV: 61.51. Score ES: 0.0
=> saved checkpoint 'checkpoint_scores_CNN/mnist_VAE_s15Hmg4_v8_class_inv_grad_2_mon_loss_divL/last' (iter 11070, epoch 41.0)
EarlyStopping counter: 1 out of 25
[Save Checkpoint] epoch: [41.0], Train set: total:93973.32031, BCE:108713.21875, KLD:4392.72070, BCE_ES:0.00000, NLL_loss_EV:-142.01843, NLL_loss_ES:0.00000, Score_ES:0.00000, Score_EV:66.74833
[Save Checkpoint] epoch: [41.0], Test set: total:458646.96875, BCE:444361.75000, KLD:17426.11719, BCE_ES:0.00000, NLL_loss_EV:-586.43256, NLL_loss_ES:0.00000, Score_ES:0.00000, Score_EV:61.51000
=> saved checkpoint 'checkpoints_CNN/mnist_VAE_s15Hmg4_v8_class_inv_grad_2_mon_loss_divL/last' (iter 11340, epoch 42.0)
score EV: 66.34833333333333. Score ES: 0.0
score EV: 61.1. Score ES: 0.0
=> saved checkpoint 'checkpoint_scores_CNN/mnist_VAE_s15Hmg4_v8_class_inv_grad_2_mon_loss_divL/last' (iter 11340, epoch 42.0)
EarlyStopping counter: 2 out of 25
[Save Checkpoint] epoch: [42.0], Train set: total:93838.90625, BCE:108474.02344, KLD:4355.64307, BCE_ES:0.00000, NLL_loss_EV:-140.99785, NLL_loss_ES:0.00000, Score_ES:0.00000, Score_EV:66.34833
[Save Checkpoint] epoch: [42.0], Test set: total:457608.06250, BCE:443448.25000, KLD:17285.07812, BCE_ES:0.00000, NLL_loss_EV:-583.19397, NLL_loss_ES:0.00000, Score_ES:0.00000, Score_EV:61.10000
=> saved checkpoint 'checkpoints_CNN/mnist_VAE_s15Hmg4_v8_class_inv_grad_2_mon_loss_divL/last' (iter 11610, epoch 43.0)
score EV: 66.16166666666666. Score ES: 0.0
score EV: 60.54. Score ES: 0.0
=> saved checkpoint 'checkpoint_scores_CNN/mnist_VAE_s15Hmg4_v8_class_inv_grad_2_mon_loss_divL/last' (iter 11610, epoch 43.0)
EarlyStopping counter: 3 out of 25
[Save Checkpoint] epoch: [43.0], Train set: total:94203.03906, BCE:108790.17969, KLD:4332.10107, BCE_ES:0.00000, NLL_loss_EV:-140.43111, NLL_loss_ES:0.00000, Score_ES:0.00000, Score_EV:66.16167
[Save Checkpoint] epoch: [43.0], Test set: total:458862.00000, BCE:444769.50000, KLD:17187.15430, BCE_ES:0.00000, NLL_loss_EV:-578.56738, NLL_loss_ES:0.00000, Score_ES:0.00000, Score_EV:60.54000
=> saved checkpoint 'checkpoints_CNN/mnist_VAE_s15Hmg4_v8_class_inv_grad_2_mon_loss_divL/last' (iter 11880, epoch 44.0)
score EV: 65.575. Score ES: 0.0
score EV: 60.3. Score ES: 0.0
=> saved checkpoint 'checkpoint_scores_CNN/mnist_VAE_s15Hmg4_v8_class_inv_grad_2_mon_loss_divL/last' (iter 11880, epoch 44.0)
EarlyStopping counter: 4 out of 25
[Save Checkpoint] epoch: [44.0], Train set: total:94039.03906, BCE:108497.11719, KLD:4322.24951, BCE_ES:0.00000, NLL_loss_EV:-139.47791, NLL_loss_ES:0.00000, Score_ES:0.00000, Score_EV:65.57500
[Save Checkpoint] epoch: [44.0], Test set: total:457722.21875, BCE:443652.75000, KLD:17151.18359, BCE_ES:0.00000, NLL_loss_EV:-575.67432, NLL_loss_ES:0.00000, Score_ES:0.00000, Score_EV:60.30000
Epoch    45: reducing learning rate of group 0 to 2.0000e-04.
=> saved checkpoint 'checkpoints_CNN/mnist_VAE_s15Hmg4_v8_class_inv_grad_2_mon_loss_divL/last' (iter 12150, epoch 45.0)
score EV: 65.19. Score ES: 0.0
score EV: 59.95. Score ES: 0.0
=> saved checkpoint 'checkpoint_scores_CNN/mnist_VAE_s15Hmg4_v8_class_inv_grad_2_mon_loss_divL/last' (iter 12150, epoch 45.0)
EarlyStopping counter: 5 out of 25
[Save Checkpoint] epoch: [45.0], Train set: total:94381.85156, BCE:108790.34375, KLD:4326.94385, BCE_ES:0.00000, NLL_loss_EV:-139.10448, NLL_loss_ES:0.00000, Score_ES:0.00000, Score_EV:65.19000
[Save Checkpoint] epoch: [45.0], Test set: total:459031.75000, BCE:444937.59375, KLD:17173.49609, BCE_ES:0.00000, NLL_loss_EV:-574.43280, NLL_loss_ES:0.00000, Score_ES:0.00000, Score_EV:59.95000
=> saved checkpoint 'checkpoints_CNN/mnist_VAE_s15Hmg4_v8_class_inv_grad_2_mon_loss_divL/last' (iter 12420, epoch 46.0)
score EV: 65.70333333333333. Score ES: 0.0
score EV: 60.36. Score ES: 0.0
=> saved checkpoint 'checkpoint_scores_CNN/mnist_VAE_s15Hmg4_v8_class_inv_grad_2_mon_loss_divL/last' (iter 12420, epoch 46.0)
[Save Checkpoint] epoch: [46.0], Train set: total:93653.39844, BCE:108163.75000, KLD:4332.56787, BCE_ES:0.00000, NLL_loss_EV:-139.90997, NLL_loss_ES:0.00000, Score_ES:0.00000, Score_EV:65.70333
[Save Checkpoint] epoch: [46.0], Test set: total:456561.56250, BCE:442459.31250, KLD:17194.60742, BCE_ES:0.00000, NLL_loss_EV:-578.23383, NLL_loss_ES:0.00000, Score_ES:0.00000, Score_EV:60.36000
=> saved checkpoint 'checkpoints_CNN/mnist_VAE_s15Hmg4_v8_class_inv_grad_2_mon_loss_divL/last' (iter 12690, epoch 47.0)
score EV: 65.55. Score ES: 0.0
score EV: 60.31. Score ES: 0.0
=> saved checkpoint 'checkpoint_scores_CNN/mnist_VAE_s15Hmg4_v8_class_inv_grad_2_mon_loss_divL/last' (iter 12690, epoch 47.0)
[Save Checkpoint] epoch: [47.0], Train set: total:93707.42188, BCE:108164.27344, KLD:4319.65479, BCE_ES:0.00000, NLL_loss_EV:-139.35742, NLL_loss_ES:0.00000, Score_ES:0.00000, Score_EV:65.55000
[Save Checkpoint] epoch: [47.0], Test set: total:456492.40625, BCE:442429.09375, KLD:17145.33203, BCE_ES:0.00000, NLL_loss_EV:-575.21826, NLL_loss_ES:0.00000, Score_ES:0.00000, Score_EV:60.31000
=> saved checkpoint 'checkpoints_CNN/mnist_VAE_s15Hmg4_v8_class_inv_grad_2_mon_loss_divL/last' (iter 12960, epoch 48.0)
score EV: 65.26166666666667. Score ES: 0.0
score EV: 59.8. Score ES: 0.0
=> saved checkpoint 'checkpoint_scores_CNN/mnist_VAE_s15Hmg4_v8_class_inv_grad_2_mon_loss_divL/last' (iter 12960, epoch 48.0)
[Save Checkpoint] epoch: [48.0], Train set: total:93722.67969, BCE:108104.45312, KLD:4329.46240, BCE_ES:0.00000, NLL_loss_EV:-138.90550, NLL_loss_ES:0.00000, Score_ES:0.00000, Score_EV:65.26167
[Save Checkpoint] epoch: [48.0], Test set: total:456400.50000, BCE:442293.96875, KLD:17177.67773, BCE_ES:0.00000, NLL_loss_EV:-572.84045, NLL_loss_ES:0.00000, Score_ES:0.00000, Score_EV:59.80000
=> saved checkpoint 'checkpoints_CNN/mnist_VAE_s15Hmg4_v8_class_inv_grad_2_mon_loss_divL/last' (iter 13230, epoch 49.0)
score EV: 65.08. Score ES: 0.0
score EV: 59.83. Score ES: 0.0
=> saved checkpoint 'checkpoint_scores_CNN/mnist_VAE_s15Hmg4_v8_class_inv_grad_2_mon_loss_divL/last' (iter 13230, epoch 49.0)
EarlyStopping counter: 1 out of 25
[Save Checkpoint] epoch: [49.0], Train set: total:93796.85938, BCE:108167.19531, KLD:4303.46631, BCE_ES:0.00000, NLL_loss_EV:-138.65285, NLL_loss_ES:0.00000, Score_ES:0.00000, Score_EV:65.08000
[Save Checkpoint] epoch: [49.0], Test set: total:456604.50000, BCE:442594.15625, KLD:17076.34375, BCE_ES:0.00000, NLL_loss_EV:-572.01044, NLL_loss_ES:0.00000, Score_ES:0.00000, Score_EV:59.83000
=> saved checkpoint 'checkpoints_CNN/mnist_VAE_s15Hmg4_v8_class_inv_grad_2_mon_loss_divL/last' (iter 13500, epoch 50.0)
score EV: 65.26. Score ES: 0.0
score EV: 59.52. Score ES: 0.0
=> saved checkpoint 'checkpoint_scores_CNN/mnist_VAE_s15Hmg4_v8_class_inv_grad_2_mon_loss_divL/last' (iter 13500, epoch 50.0)
EarlyStopping counter: 2 out of 25
[Save Checkpoint] epoch: [50.0], Train set: total:93725.22656, BCE:108099.67188, KLD:4339.45166, BCE_ES:0.00000, NLL_loss_EV:-138.90802, NLL_loss_ES:0.00000, Score_ES:0.00000, Score_EV:65.26000
[Save Checkpoint] epoch: [50.0], Test set: total:456504.06250, BCE:442353.21875, KLD:17215.55273, BCE_ES:0.00000, NLL_loss_EV:-573.17346, NLL_loss_ES:0.00000, Score_ES:0.00000, Score_EV:59.52000
=> saved checkpoint 'checkpoints_CNN/mnist_VAE_s15Hmg4_v8_class_inv_grad_2_mon_loss_divL/last' (iter 13770, epoch 51.0)
score EV: 64.91833333333334. Score ES: 0.0
score EV: 59.83. Score ES: 0.0
=> saved checkpoint 'checkpoint_scores_CNN/mnist_VAE_s15Hmg4_v8_class_inv_grad_2_mon_loss_divL/last' (iter 13770, epoch 51.0)
EarlyStopping counter: 3 out of 25
[Save Checkpoint] epoch: [51.0], Train set: total:93850.02344, BCE:108175.46875, KLD:4305.08398, BCE_ES:0.00000, NLL_loss_EV:-138.30551, NLL_loss_ES:0.00000, Score_ES:0.00000, Score_EV:64.91833
[Save Checkpoint] epoch: [51.0], Test set: total:456710.21875, BCE:442688.21875, KLD:17081.88281, BCE_ES:0.00000, NLL_loss_EV:-571.54700, NLL_loss_ES:0.00000, Score_ES:0.00000, Score_EV:59.83000
=> saved checkpoint 'checkpoints_CNN/mnist_VAE_s15Hmg4_v8_class_inv_grad_2_mon_loss_divL/last' (iter 14040, epoch 52.0)
score EV: 64.86166666666666. Score ES: 0.0
score EV: 59.48. Score ES: 0.0
=> saved checkpoint 'checkpoint_scores_CNN/mnist_VAE_s15Hmg4_v8_class_inv_grad_2_mon_loss_divL/last' (iter 14040, epoch 52.0)
EarlyStopping counter: 4 out of 25
[Save Checkpoint] epoch: [52.0], Train set: total:93794.03125, BCE:108132.39844, KLD:4315.77051, BCE_ES:0.00000, NLL_loss_EV:-138.39795, NLL_loss_ES:0.00000, Score_ES:0.00000, Score_EV:64.86167
[Save Checkpoint] epoch: [52.0], Test set: total:456696.71875, BCE:442626.96875, KLD:17125.10547, BCE_ES:0.00000, NLL_loss_EV:-570.94562, NLL_loss_ES:0.00000, Score_ES:0.00000, Score_EV:59.48000
Epoch    53: reducing learning rate of group 0 to 4.0000e-05.
=> saved checkpoint 'checkpoints_CNN/mnist_VAE_s15Hmg4_v8_class_inv_grad_2_mon_loss_divL/last' (iter 14310, epoch 53.0)
score EV: 65.01333333333334. Score ES: 0.0
score EV: 59.67. Score ES: 0.0
=> saved checkpoint 'checkpoint_scores_CNN/mnist_VAE_s15Hmg4_v8_class_inv_grad_2_mon_loss_divL/last' (iter 14310, epoch 53.0)
EarlyStopping counter: 5 out of 25
[Save Checkpoint] epoch: [53.0], Train set: total:93715.70312, BCE:108067.12500, KLD:4337.21387, BCE_ES:0.00000, NLL_loss_EV:-138.77771, NLL_loss_ES:0.00000, Score_ES:0.00000, Score_EV:65.01333
[Save Checkpoint] epoch: [53.0], Test set: total:456513.31250, BCE:442375.90625, KLD:17210.95703, BCE_ES:0.00000, NLL_loss_EV:-571.86365, NLL_loss_ES:0.00000, Score_ES:0.00000, Score_EV:59.67000
=> saved checkpoint 'checkpoints_CNN/mnist_VAE_s15Hmg4_v8_class_inv_grad_2_mon_loss_divL/last' (iter 14580, epoch 54.0)
score EV: 64.87333333333333. Score ES: 0.0
score EV: 59.87. Score ES: 0.0
=> saved checkpoint 'checkpoint_scores_CNN/mnist_VAE_s15Hmg4_v8_class_inv_grad_2_mon_loss_divL/last' (iter 14580, epoch 54.0)
[Save Checkpoint] epoch: [54.0], Train set: total:93596.48438, BCE:107912.51562, KLD:4307.18506, BCE_ES:0.00000, NLL_loss_EV:-138.22221, NLL_loss_ES:0.00000, Score_ES:0.00000, Score_EV:64.87333
[Save Checkpoint] epoch: [54.0], Test set: total:455910.90625, BCE:441885.81250, KLD:17088.50586, BCE_ES:0.00000, NLL_loss_EV:-572.28357, NLL_loss_ES:0.00000, Score_ES:0.00000, Score_EV:59.87000
=> saved checkpoint 'checkpoints_CNN/mnist_VAE_s15Hmg4_v8_class_inv_grad_2_mon_loss_divL/last' (iter 14850, epoch 55.0)
score EV: 64.895. Score ES: 0.0
score EV: 59.58. Score ES: 0.0
=> saved checkpoint 'checkpoint_scores_CNN/mnist_VAE_s15Hmg4_v8_class_inv_grad_2_mon_loss_divL/last' (iter 14850, epoch 55.0)
[Save Checkpoint] epoch: [55.0], Train set: total:93619.46094, BCE:107909.19531, KLD:4309.91504, BCE_ES:0.00000, NLL_loss_EV:-138.07204, NLL_loss_ES:0.00000, Score_ES:0.00000, Score_EV:64.89500
[Save Checkpoint] epoch: [55.0], Test set: total:455985.06250, BCE:441948.46875, KLD:17099.12305, BCE_ES:0.00000, NLL_loss_EV:-570.66095, NLL_loss_ES:0.00000, Score_ES:0.00000, Score_EV:59.58000
=> saved checkpoint 'checkpoints_CNN/mnist_VAE_s15Hmg4_v8_class_inv_grad_2_mon_loss_divL/last' (iter 15120, epoch 56.0)
score EV: 64.81666666666666. Score ES: 0.0
score EV: 59.24. Score ES: 0.0
=> saved checkpoint 'checkpoint_scores_CNN/mnist_VAE_s15Hmg4_v8_class_inv_grad_2_mon_loss_divL/last' (iter 15120, epoch 56.0)
[Save Checkpoint] epoch: [56.0], Train set: total:93636.87500, BCE:107894.34375, KLD:4314.92822, BCE_ES:0.00000, NLL_loss_EV:-137.91968, NLL_loss_ES:0.00000, Score_ES:0.00000, Score_EV:64.81667
[Save Checkpoint] epoch: [56.0], Test set: total:455956.90625, BCE:441883.81250, KLD:17121.52930, BCE_ES:0.00000, NLL_loss_EV:-569.40039, NLL_loss_ES:0.00000, Score_ES:0.00000, Score_EV:59.24000
=> saved checkpoint 'checkpoints_CNN/mnist_VAE_s15Hmg4_v8_class_inv_grad_2_mon_loss_divL/last' (iter 15390, epoch 57.0)
score EV: 64.65166666666667. Score ES: 0.0
score EV: 59.17. Score ES: 0.0
=> saved checkpoint 'checkpoint_scores_CNN/mnist_VAE_s15Hmg4_v8_class_inv_grad_2_mon_loss_divL/last' (iter 15390, epoch 57.0)
[Save Checkpoint] epoch: [57.0], Train set: total:93631.55469, BCE:107877.43750, KLD:4320.49414, BCE_ES:0.00000, NLL_loss_EV:-137.88301, NLL_loss_ES:0.00000, Score_ES:0.00000, Score_EV:64.65167
[Save Checkpoint] epoch: [57.0], Test set: total:455960.59375, BCE:441860.50000, KLD:17143.21484, BCE_ES:0.00000, NLL_loss_EV:-567.42206, NLL_loss_ES:0.00000, Score_ES:0.00000, Score_EV:59.17000
=> saved checkpoint 'checkpoints_CNN/mnist_VAE_s15Hmg4_v8_class_inv_grad_2_mon_loss_divL/last' (iter 15660, epoch 58.0)
score EV: 64.63666666666667. Score ES: 0.0
score EV: 59.7. Score ES: 0.0
=> saved checkpoint 'checkpoint_scores_CNN/mnist_VAE_s15Hmg4_v8_class_inv_grad_2_mon_loss_divL/last' (iter 15660, epoch 58.0)
EarlyStopping counter: 1 out of 25
[Save Checkpoint] epoch: [58.0], Train set: total:93640.82031, BCE:107884.04688, KLD:4314.06152, BCE_ES:0.00000, NLL_loss_EV:-137.77895, NLL_loss_ES:0.00000, Score_ES:0.00000, Score_EV:64.63667
[Save Checkpoint] epoch: [58.0], Test set: total:455917.65625, BCE:441858.56250, KLD:17117.76953, BCE_ES:0.00000, NLL_loss_EV:-569.79340, NLL_loss_ES:0.00000, Score_ES:0.00000, Score_EV:59.70000
=> saved checkpoint 'checkpoints_CNN/mnist_VAE_s15Hmg4_v8_class_inv_grad_2_mon_loss_divL/last' (iter 15930, epoch 59.0)
score EV: 64.74. Score ES: 0.0
score EV: 59.55. Score ES: 0.0
=> saved checkpoint 'checkpoint_scores_CNN/mnist_VAE_s15Hmg4_v8_class_inv_grad_2_mon_loss_divL/last' (iter 15930, epoch 59.0)
[Save Checkpoint] epoch: [59.0], Train set: total:93609.60938, BCE:107883.72656, KLD:4310.94482, BCE_ES:0.00000, NLL_loss_EV:-137.96361, NLL_loss_ES:0.00000, Score_ES:0.00000, Score_EV:64.74000
[Save Checkpoint] epoch: [59.0], Test set: total:455879.25000, BCE:441824.75000, KLD:17105.46289, BCE_ES:0.00000, NLL_loss_EV:-569.45941, NLL_loss_ES:0.00000, Score_ES:0.00000, Score_EV:59.55000
=> saved checkpoint 'checkpoints_CNN/mnist_VAE_s15Hmg4_v8_class_inv_grad_2_mon_loss_divL/last' (iter 16200, epoch 60.0)
score EV: 64.72333333333333. Score ES: 0.0
score EV: 59.54. Score ES: 0.0
=> saved checkpoint 'checkpoint_scores_CNN/mnist_VAE_s15Hmg4_v8_class_inv_grad_2_mon_loss_divL/last' (iter 16200, epoch 60.0)
EarlyStopping counter: 1 out of 25
[Save Checkpoint] epoch: [60.0], Train set: total:93604.17969, BCE:107868.75000, KLD:4314.12598, BCE_ES:0.00000, NLL_loss_EV:-137.88622, NLL_loss_ES:0.00000, Score_ES:0.00000, Score_EV:64.72333
[Save Checkpoint] epoch: [60.0], Test set: total:455846.56250, BCE:441774.06250, KLD:17115.21484, BCE_ES:0.00000, NLL_loss_EV:-568.69147, NLL_loss_ES:0.00000, Score_ES:0.00000, Score_EV:59.54000
=> saved checkpoint 'checkpoints_CNN/mnist_VAE_s15Hmg4_v8_class_inv_grad_2_mon_loss_divL/last' (iter 16470, epoch 61.0)
score EV: 64.725. Score ES: 0.0
score EV: 59.53. Score ES: 0.0
=> saved checkpoint 'checkpoint_scores_CNN/mnist_VAE_s15Hmg4_v8_class_inv_grad_2_mon_loss_divL/last' (iter 16470, epoch 61.0)
EarlyStopping counter: 2 out of 25
[Save Checkpoint] epoch: [61.0], Train set: total:93590.72656, BCE:107868.57031, KLD:4310.33252, BCE_ES:0.00000, NLL_loss_EV:-137.98235, NLL_loss_ES:0.00000, Score_ES:0.00000, Score_EV:64.72500
[Save Checkpoint] epoch: [61.0], Test set: total:455733.31250, BCE:441686.25000, KLD:17103.63867, BCE_ES:0.00000, NLL_loss_EV:-569.76117, NLL_loss_ES:0.00000, Score_ES:0.00000, Score_EV:59.53000
=> saved checkpoint 'checkpoints_CNN/mnist_VAE_s15Hmg4_v8_class_inv_grad_2_mon_loss_divL/last' (iter 16740, epoch 62.0)
score EV: 64.69833333333334. Score ES: 0.0
score EV: 59.19. Score ES: 0.0
=> saved checkpoint 'checkpoint_scores_CNN/mnist_VAE_s15Hmg4_v8_class_inv_grad_2_mon_loss_divL/last' (iter 16740, epoch 62.0)
EarlyStopping counter: 3 out of 25
[Save Checkpoint] epoch: [62.0], Train set: total:93601.78906, BCE:107862.04688, KLD:4309.22510, BCE_ES:0.00000, NLL_loss_EV:-137.80577, NLL_loss_ES:0.00000, Score_ES:0.00000, Score_EV:64.69833
[Save Checkpoint] epoch: [62.0], Test set: total:455911.75000, BCE:441851.06250, KLD:17097.69336, BCE_ES:0.00000, NLL_loss_EV:-566.79688, NLL_loss_ES:0.00000, Score_ES:0.00000, Score_EV:59.19000
=> saved checkpoint 'checkpoints_CNN/mnist_VAE_s15Hmg4_v8_class_inv_grad_2_mon_loss_divL/last' (iter 17010, epoch 63.0)
score EV: 64.74666666666667. Score ES: 0.0
score EV: 58.99. Score ES: 0.0
=> saved checkpoint 'checkpoint_scores_CNN/mnist_VAE_s15Hmg4_v8_class_inv_grad_2_mon_loss_divL/last' (iter 17010, epoch 63.0)
EarlyStopping counter: 4 out of 25
[Save Checkpoint] epoch: [63.0], Train set: total:93611.21094, BCE:107860.30469, KLD:4314.28223, BCE_ES:0.00000, NLL_loss_EV:-137.91045, NLL_loss_ES:0.00000, Score_ES:0.00000, Score_EV:64.74667
[Save Checkpoint] epoch: [63.0], Test set: total:455869.21875, BCE:441788.21875, KLD:17119.81641, BCE_ES:0.00000, NLL_loss_EV:-568.20929, NLL_loss_ES:0.00000, Score_ES:0.00000, Score_EV:58.99000
Epoch    64: reducing learning rate of group 0 to 8.0000e-06.
=> saved checkpoint 'checkpoints_CNN/mnist_VAE_s15Hmg4_v8_class_inv_grad_2_mon_loss_divL/last' (iter 17280, epoch 64.0)
score EV: 64.63166666666666. Score ES: 0.0
score EV: 59.52. Score ES: 0.0
=> saved checkpoint 'checkpoint_scores_CNN/mnist_VAE_s15Hmg4_v8_class_inv_grad_2_mon_loss_divL/last' (iter 17280, epoch 64.0)
EarlyStopping counter: 5 out of 25
[Save Checkpoint] epoch: [64.0], Train set: total:93604.01562, BCE:107859.04688, KLD:4302.83057, BCE_ES:0.00000, NLL_loss_EV:-137.73668, NLL_loss_ES:0.00000, Score_ES:0.00000, Score_EV:64.63167
[Save Checkpoint] epoch: [64.0], Test set: total:455810.65625, BCE:441778.40625, KLD:17073.38086, BCE_ES:0.00000, NLL_loss_EV:-567.41754, NLL_loss_ES:0.00000, Score_ES:0.00000, Score_EV:59.52000
=> saved checkpoint 'checkpoints_CNN/mnist_VAE_s15Hmg4_v8_class_inv_grad_2_mon_loss_divL/last' (iter 17550, epoch 65.0)
score EV: 64.625. Score ES: 0.0
score EV: 59.55. Score ES: 0.0
=> saved checkpoint 'checkpoint_scores_CNN/mnist_VAE_s15Hmg4_v8_class_inv_grad_2_mon_loss_divL/last' (iter 17550, epoch 65.0)
EarlyStopping counter: 6 out of 25
[Save Checkpoint] epoch: [65.0], Train set: total:93610.35938, BCE:107846.04688, KLD:4303.80518, BCE_ES:0.00000, NLL_loss_EV:-137.67087, NLL_loss_ES:0.00000, Score_ES:0.00000, Score_EV:64.62500
[Save Checkpoint] epoch: [65.0], Test set: total:455754.31250, BCE:441730.06250, KLD:17076.31250, BCE_ES:0.00000, NLL_loss_EV:-569.44891, NLL_loss_ES:0.00000, Score_ES:0.00000, Score_EV:59.55000
=> saved checkpoint 'checkpoints_CNN/mnist_VAE_s15Hmg4_v8_class_inv_grad_2_mon_loss_divL/last' (iter 17820, epoch 66.0)
score EV: 64.74. Score ES: 0.0
score EV: 59.08. Score ES: 0.0
=> saved checkpoint 'checkpoint_scores_CNN/mnist_VAE_s15Hmg4_v8_class_inv_grad_2_mon_loss_divL/last' (iter 17820, epoch 66.0)
EarlyStopping counter: 7 out of 25
[Save Checkpoint] epoch: [66.0], Train set: total:93601.59375, BCE:107838.49219, KLD:4306.90137, BCE_ES:0.00000, NLL_loss_EV:-137.77733, NLL_loss_ES:0.00000, Score_ES:0.00000, Score_EV:64.74000
[Save Checkpoint] epoch: [66.0], Test set: total:455832.84375, BCE:441782.90625, KLD:17089.00977, BCE_ES:0.00000, NLL_loss_EV:-567.26514, NLL_loss_ES:0.00000, Score_ES:0.00000, Score_EV:59.08000
=> saved checkpoint 'checkpoints_CNN/mnist_VAE_s15Hmg4_v8_class_inv_grad_2_mon_loss_divL/last' (iter 18090, epoch 67.0)
score EV: 64.63. Score ES: 0.0
score EV: 59.25. Score ES: 0.0
=> saved checkpoint 'checkpoint_scores_CNN/mnist_VAE_s15Hmg4_v8_class_inv_grad_2_mon_loss_divL/last' (iter 18090, epoch 67.0)
EarlyStopping counter: 8 out of 25
[Save Checkpoint] epoch: [67.0], Train set: total:93607.44531, BCE:107843.46875, KLD:4309.82422, BCE_ES:0.00000, NLL_loss_EV:-137.68312, NLL_loss_ES:0.00000, Score_ES:0.00000, Score_EV:64.63000
[Save Checkpoint] epoch: [67.0], Test set: total:455716.40625, BCE:441657.40625, KLD:17100.64453, BCE_ES:0.00000, NLL_loss_EV:-568.14307, NLL_loss_ES:0.00000, Score_ES:0.00000, Score_EV:59.25000
=> saved checkpoint 'checkpoints_CNN/mnist_VAE_s15Hmg4_v8_class_inv_grad_2_mon_loss_divL/last' (iter 18360, epoch 68.0)
score EV: 64.66333333333333. Score ES: 0.0
score EV: 59.36. Score ES: 0.0
=> saved checkpoint 'checkpoint_scores_CNN/mnist_VAE_s15Hmg4_v8_class_inv_grad_2_mon_loss_divL/last' (iter 18360, epoch 68.0)
EarlyStopping counter: 9 out of 25
[Save Checkpoint] epoch: [68.0], Train set: total:93610.67188, BCE:107834.96875, KLD:4310.78857, BCE_ES:0.00000, NLL_loss_EV:-137.69710, NLL_loss_ES:0.00000, Score_ES:0.00000, Score_EV:64.66333
[Save Checkpoint] epoch: [68.0], Test set: total:455778.21875, BCE:441716.96875, KLD:17103.40039, BCE_ES:0.00000, NLL_loss_EV:-568.23236, NLL_loss_ES:0.00000, Score_ES:0.00000, Score_EV:59.36000
Epoch    69: reducing learning rate of group 0 to 1.6000e-06.
=> saved checkpoint 'checkpoints_CNN/mnist_VAE_s15Hmg4_v8_class_inv_grad_2_mon_loss_divL/last' (iter 18630, epoch 69.0)
score EV: 64.60166666666667. Score ES: 0.0
score EV: 59.55. Score ES: 0.0
=> saved checkpoint 'checkpoint_scores_CNN/mnist_VAE_s15Hmg4_v8_class_inv_grad_2_mon_loss_divL/last' (iter 18630, epoch 69.0)
EarlyStopping counter: 10 out of 25
[Save Checkpoint] epoch: [69.0], Train set: total:93608.05469, BCE:107833.25000, KLD:4313.34277, BCE_ES:0.00000, NLL_loss_EV:-137.71390, NLL_loss_ES:0.00000, Score_ES:0.00000, Score_EV:64.60167
[Save Checkpoint] epoch: [69.0], Test set: total:455680.25000, BCE:441611.15625, KLD:17113.32617, BCE_ES:0.00000, NLL_loss_EV:-568.18219, NLL_loss_ES:0.00000, Score_ES:0.00000, Score_EV:59.55000
=> saved checkpoint 'checkpoints_CNN/mnist_VAE_s15Hmg4_v8_class_inv_grad_2_mon_loss_divL/last' (iter 18900, epoch 70.0)
score EV: 64.62. Score ES: 0.0
score EV: 59.42. Score ES: 0.0
=> saved checkpoint 'checkpoint_scores_CNN/mnist_VAE_s15Hmg4_v8_class_inv_grad_2_mon_loss_divL/last' (iter 18900, epoch 70.0)
EarlyStopping counter: 11 out of 25
[Save Checkpoint] epoch: [70.0], Train set: total:93582.62500, BCE:107837.85938, KLD:4310.88818, BCE_ES:0.00000, NLL_loss_EV:-137.74443, NLL_loss_ES:0.00000, Score_ES:0.00000, Score_EV:64.62000
[Save Checkpoint] epoch: [70.0], Test set: total:455720.84375, BCE:441660.06250, KLD:17103.88867, BCE_ES:0.00000, NLL_loss_EV:-567.54767, NLL_loss_ES:0.00000, Score_ES:0.00000, Score_EV:59.42000
=> saved checkpoint 'checkpoints_CNN/mnist_VAE_s15Hmg4_v8_class_inv_grad_2_mon_loss_divL/last' (iter 19170, epoch 71.0)
score EV: 64.735. Score ES: 0.0
score EV: 59.49. Score ES: 0.0
=> saved checkpoint 'checkpoint_scores_CNN/mnist_VAE_s15Hmg4_v8_class_inv_grad_2_mon_loss_divL/last' (iter 19170, epoch 71.0)
EarlyStopping counter: 12 out of 25
[Save Checkpoint] epoch: [71.0], Train set: total:93604.30469, BCE:107835.75000, KLD:4310.98486, BCE_ES:0.00000, NLL_loss_EV:-137.69141, NLL_loss_ES:0.00000, Score_ES:0.00000, Score_EV:64.73500
[Save Checkpoint] epoch: [71.0], Test set: total:455770.09375, BCE:441711.71875, KLD:17104.48438, BCE_ES:0.00000, NLL_loss_EV:-568.21625, NLL_loss_ES:0.00000, Score_ES:0.00000, Score_EV:59.49000
=> saved checkpoint 'checkpoints_CNN/mnist_VAE_s15Hmg4_v8_class_inv_grad_2_mon_loss_divL/last' (iter 19440, epoch 72.0)
score EV: 64.67166666666667. Score ES: 0.0
score EV: 59.32. Score ES: 0.0
=> saved checkpoint 'checkpoint_scores_CNN/mnist_VAE_s15Hmg4_v8_class_inv_grad_2_mon_loss_divL/last' (iter 19440, epoch 72.0)
EarlyStopping counter: 13 out of 25
[Save Checkpoint] epoch: [72.0], Train set: total:93623.78125, BCE:107825.83594, KLD:4311.97217, BCE_ES:0.00000, NLL_loss_EV:-137.55104, NLL_loss_ES:0.00000, Score_ES:0.00000, Score_EV:64.67167
[Save Checkpoint] epoch: [72.0], Test set: total:455739.84375, BCE:441676.50000, KLD:17108.27930, BCE_ES:0.00000, NLL_loss_EV:-568.09161, NLL_loss_ES:0.00000, Score_ES:0.00000, Score_EV:59.32000
=> saved checkpoint 'checkpoints_CNN/mnist_VAE_s15Hmg4_v8_class_inv_grad_2_mon_loss_divL/last' (iter 19710, epoch 73.0)
score EV: 64.56333333333333. Score ES: 0.0
score EV: 59.73. Score ES: 0.0
=> saved checkpoint 'checkpoint_scores_CNN/mnist_VAE_s15Hmg4_v8_class_inv_grad_2_mon_loss_divL/last' (iter 19710, epoch 73.0)
EarlyStopping counter: 14 out of 25
[Save Checkpoint] epoch: [73.0], Train set: total:93588.49219, BCE:107835.64062, KLD:4311.42920, BCE_ES:0.00000, NLL_loss_EV:-137.67775, NLL_loss_ES:0.00000, Score_ES:0.00000, Score_EV:64.56333
[Save Checkpoint] epoch: [73.0], Test set: total:455695.59375, BCE:441639.00000, KLD:17106.34961, BCE_ES:0.00000, NLL_loss_EV:-569.54150, NLL_loss_ES:0.00000, Score_ES:0.00000, Score_EV:59.73000
Epoch    74: reducing learning rate of group 0 to 1.0000e-06.
=> saved checkpoint 'checkpoints_CNN/mnist_VAE_s15Hmg4_v8_class_inv_grad_2_mon_loss_divL/last' (iter 19980, epoch 74.0)
score EV: 64.465. Score ES: 0.0
score EV: 59.38. Score ES: 0.0
=> saved checkpoint 'checkpoint_scores_CNN/mnist_VAE_s15Hmg4_v8_class_inv_grad_2_mon_loss_divL/last' (iter 19980, epoch 74.0)
EarlyStopping counter: 15 out of 25
[Save Checkpoint] epoch: [74.0], Train set: total:93621.61719, BCE:107839.67969, KLD:4310.60645, BCE_ES:0.00000, NLL_loss_EV:-137.54836, NLL_loss_ES:0.00000, Score_ES:0.00000, Score_EV:64.46500
[Save Checkpoint] epoch: [74.0], Test set: total:455750.90625, BCE:441686.21875, KLD:17103.29492, BCE_ES:0.00000, NLL_loss_EV:-567.58514, NLL_loss_ES:0.00000, Score_ES:0.00000, Score_EV:59.38000
=> saved checkpoint 'checkpoints_CNN/mnist_VAE_s15Hmg4_v8_class_inv_grad_2_mon_loss_divL/last' (iter 20250, epoch 75.0)
score EV: 64.82833333333333. Score ES: 0.0
score EV: 59.52. Score ES: 0.0
=> saved checkpoint 'checkpoint_scores_CNN/mnist_VAE_s15Hmg4_v8_class_inv_grad_2_mon_loss_divL/last' (iter 20250, epoch 75.0)
EarlyStopping counter: 16 out of 25
[Save Checkpoint] epoch: [75.0], Train set: total:93567.71094, BCE:107829.42188, KLD:4312.69336, BCE_ES:0.00000, NLL_loss_EV:-137.86195, NLL_loss_ES:0.00000, Score_ES:0.00000, Score_EV:64.82833
[Save Checkpoint] epoch: [75.0], Test set: total:455689.59375, BCE:441620.75000, KLD:17111.55273, BCE_ES:0.00000, NLL_loss_EV:-568.10065, NLL_loss_ES:0.00000, Score_ES:0.00000, Score_EV:59.52000
=> saved checkpoint 'checkpoints_CNN/mnist_VAE_s15Hmg4_v8_class_inv_grad_2_mon_loss_divL/last' (iter 20520, epoch 76.0)
score EV: 64.60666666666667. Score ES: 0.0
score EV: 59.43. Score ES: 0.0
=> saved checkpoint 'checkpoint_scores_CNN/mnist_VAE_s15Hmg4_v8_class_inv_grad_2_mon_loss_divL/last' (iter 20520, epoch 76.0)
[Save Checkpoint] epoch: [76.0], Train set: total:93600.07031, BCE:107830.51562, KLD:4311.52490, BCE_ES:0.00000, NLL_loss_EV:-137.61778, NLL_loss_ES:0.00000, Score_ES:0.00000, Score_EV:64.60667
[Save Checkpoint] epoch: [76.0], Test set: total:455776.06250, BCE:441708.06250, KLD:17107.03125, BCE_ES:0.00000, NLL_loss_EV:-568.23566, NLL_loss_ES:0.00000, Score_ES:0.00000, Score_EV:59.43000
=> saved checkpoint 'checkpoints_CNN/mnist_VAE_s15Hmg4_v8_class_inv_grad_2_mon_loss_divL/last' (iter 20790, epoch 77.0)
score EV: 64.51333333333334. Score ES: 0.0
score EV: 59.2. Score ES: 0.0
=> saved checkpoint 'checkpoint_scores_CNN/mnist_VAE_s15Hmg4_v8_class_inv_grad_2_mon_loss_divL/last' (iter 20790, epoch 77.0)
EarlyStopping counter: 1 out of 25
[Save Checkpoint] epoch: [77.0], Train set: total:93613.25000, BCE:107831.57812, KLD:4311.50293, BCE_ES:0.00000, NLL_loss_EV:-137.53378, NLL_loss_ES:0.00000, Score_ES:0.00000, Score_EV:64.51333
[Save Checkpoint] epoch: [77.0], Test set: total:455727.59375, BCE:441663.31250, KLD:17106.95117, BCE_ES:0.00000, NLL_loss_EV:-568.09222, NLL_loss_ES:0.00000, Score_ES:0.00000, Score_EV:59.20000
=> saved checkpoint 'checkpoints_CNN/mnist_VAE_s15Hmg4_v8_class_inv_grad_2_mon_loss_divL/last' (iter 21060, epoch 78.0)
score EV: 64.61. Score ES: 0.0
score EV: 59.75. Score ES: 0.0
=> saved checkpoint 'checkpoint_scores_CNN/mnist_VAE_s15Hmg4_v8_class_inv_grad_2_mon_loss_divL/last' (iter 21060, epoch 78.0)
EarlyStopping counter: 2 out of 25
[Save Checkpoint] epoch: [78.0], Train set: total:93604.77344, BCE:107835.95312, KLD:4310.71289, BCE_ES:0.00000, NLL_loss_EV:-137.65004, NLL_loss_ES:0.00000, Score_ES:0.00000, Score_EV:64.61000
[Save Checkpoint] epoch: [78.0], Test set: total:455680.84375, BCE:441635.71875, KLD:17103.78711, BCE_ES:0.00000, NLL_loss_EV:-570.18256, NLL_loss_ES:0.00000, Score_ES:0.00000, Score_EV:59.75000
=> saved checkpoint 'checkpoints_CNN/mnist_VAE_s15Hmg4_v8_class_inv_grad_2_mon_loss_divL/last' (iter 21330, epoch 79.0)
score EV: 64.52333333333333. Score ES: 0.0
score EV: 59.38. Score ES: 0.0
=> saved checkpoint 'checkpoint_scores_CNN/mnist_VAE_s15Hmg4_v8_class_inv_grad_2_mon_loss_divL/last' (iter 21330, epoch 79.0)
EarlyStopping counter: 3 out of 25
[Save Checkpoint] epoch: [79.0], Train set: total:93620.92188, BCE:107834.26562, KLD:4310.17285, BCE_ES:0.00000, NLL_loss_EV:-137.50108, NLL_loss_ES:0.00000, Score_ES:0.00000, Score_EV:64.52333
[Save Checkpoint] epoch: [79.0], Test set: total:455672.71875, BCE:441604.56250, KLD:17101.68750, BCE_ES:0.00000, NLL_loss_EV:-567.32819, NLL_loss_ES:0.00000, Score_ES:0.00000, Score_EV:59.38000
=> saved checkpoint 'checkpoints_CNN/mnist_VAE_s15Hmg4_v8_class_inv_grad_2_mon_loss_divL/last' (iter 21600, epoch 80.0)
score EV: 64.71. Score ES: 0.0
score EV: 59.45. Score ES: 0.0
=> saved checkpoint 'checkpoint_scores_CNN/mnist_VAE_s15Hmg4_v8_class_inv_grad_2_mon_loss_divL/last' (iter 21600, epoch 80.0)
EarlyStopping counter: 4 out of 25
[Save Checkpoint] epoch: [80.0], Train set: total:93591.63281, BCE:107834.96094, KLD:4309.34912, BCE_ES:0.00000, NLL_loss_EV:-137.68062, NLL_loss_ES:0.00000, Score_ES:0.00000, Score_EV:64.71000
[Save Checkpoint] epoch: [80.0], Test set: total:455675.50000, BCE:441622.25000, KLD:17098.40430, BCE_ES:0.00000, NLL_loss_EV:-568.39935, NLL_loss_ES:0.00000, Score_ES:0.00000, Score_EV:59.45000
=> saved checkpoint 'checkpoints_CNN/mnist_VAE_s15Hmg4_v8_class_inv_grad_2_mon_loss_divL/last' (iter 21870, epoch 81.0)
score EV: 64.67. Score ES: 0.0
score EV: 59.24. Score ES: 0.0
=> saved checkpoint 'checkpoint_scores_CNN/mnist_VAE_s15Hmg4_v8_class_inv_grad_2_mon_loss_divL/last' (iter 21870, epoch 81.0)
EarlyStopping counter: 5 out of 25
[Save Checkpoint] epoch: [81.0], Train set: total:93595.09375, BCE:107831.67969, KLD:4310.63574, BCE_ES:0.00000, NLL_loss_EV:-137.65154, NLL_loss_ES:0.00000, Score_ES:0.00000, Score_EV:64.67000
[Save Checkpoint] epoch: [81.0], Test set: total:455781.81250, BCE:441725.25000, KLD:17103.22852, BCE_ES:0.00000, NLL_loss_EV:-568.18164, NLL_loss_ES:0.00000, Score_ES:0.00000, Score_EV:59.24000
=> saved checkpoint 'checkpoints_CNN/mnist_VAE_s15Hmg4_v8_class_inv_grad_2_mon_loss_divL/last' (iter 22140, epoch 82.0)
score EV: 64.60833333333333. Score ES: 0.0
score EV: 59.25. Score ES: 0.0
=> saved checkpoint 'checkpoint_scores_CNN/mnist_VAE_s15Hmg4_v8_class_inv_grad_2_mon_loss_divL/last' (iter 22140, epoch 82.0)
EarlyStopping counter: 6 out of 25
[Save Checkpoint] epoch: [82.0], Train set: total:93611.95312, BCE:107837.14844, KLD:4309.79199, BCE_ES:0.00000, NLL_loss_EV:-137.67525, NLL_loss_ES:0.00000, Score_ES:0.00000, Score_EV:64.60833
[Save Checkpoint] epoch: [82.0], Test set: total:455724.71875, BCE:441670.00000, KLD:17099.96875, BCE_ES:0.00000, NLL_loss_EV:-567.06757, NLL_loss_ES:0.00000, Score_ES:0.00000, Score_EV:59.25000
=> saved checkpoint 'checkpoints_CNN/mnist_VAE_s15Hmg4_v8_class_inv_grad_2_mon_loss_divL/last' (iter 22410, epoch 83.0)
score EV: 64.72833333333334. Score ES: 0.0
score EV: 59.35. Score ES: 0.0
=> saved checkpoint 'checkpoint_scores_CNN/mnist_VAE_s15Hmg4_v8_class_inv_grad_2_mon_loss_divL/last' (iter 22410, epoch 83.0)
EarlyStopping counter: 7 out of 25
[Save Checkpoint] epoch: [83.0], Train set: total:93607.41406, BCE:107830.65625, KLD:4310.65869, BCE_ES:0.00000, NLL_loss_EV:-137.68311, NLL_loss_ES:0.00000, Score_ES:0.00000, Score_EV:64.72833
[Save Checkpoint] epoch: [83.0], Test set: total:455704.25000, BCE:441637.00000, KLD:17103.38867, BCE_ES:0.00000, NLL_loss_EV:-566.64203, NLL_loss_ES:0.00000, Score_ES:0.00000, Score_EV:59.35000
=> saved checkpoint 'checkpoints_CNN/mnist_VAE_s15Hmg4_v8_class_inv_grad_2_mon_loss_divL/last' (iter 22680, epoch 84.0)
score EV: 64.54166666666667. Score ES: 0.0
score EV: 59.52. Score ES: 0.0
=> saved checkpoint 'checkpoint_scores_CNN/mnist_VAE_s15Hmg4_v8_class_inv_grad_2_mon_loss_divL/last' (iter 22680, epoch 84.0)
EarlyStopping counter: 8 out of 25
[Save Checkpoint] epoch: [84.0], Train set: total:93610.32031, BCE:107838.60938, KLD:4310.05371, BCE_ES:0.00000, NLL_loss_EV:-137.59554, NLL_loss_ES:0.00000, Score_ES:0.00000, Score_EV:64.54167
[Save Checkpoint] epoch: [84.0], Test set: total:455732.65625, BCE:441681.06250, KLD:17100.95898, BCE_ES:0.00000, NLL_loss_EV:-569.08252, NLL_loss_ES:0.00000, Score_ES:0.00000, Score_EV:59.52000
=> saved checkpoint 'checkpoints_CNN/mnist_VAE_s15Hmg4_v8_class_inv_grad_2_mon_loss_divL/last' (iter 22950, epoch 85.0)
score EV: 64.59333333333333. Score ES: 0.0
score EV: 59.42. Score ES: 0.0
=> saved checkpoint 'checkpoint_scores_CNN/mnist_VAE_s15Hmg4_v8_class_inv_grad_2_mon_loss_divL/last' (iter 22950, epoch 85.0)
EarlyStopping counter: 9 out of 25
[Save Checkpoint] epoch: [85.0], Train set: total:93614.35156, BCE:107836.84375, KLD:4310.06152, BCE_ES:0.00000, NLL_loss_EV:-137.65126, NLL_loss_ES:0.00000, Score_ES:0.00000, Score_EV:64.59333
[Save Checkpoint] epoch: [85.0], Test set: total:455634.15625, BCE:441578.65625, KLD:17100.97461, BCE_ES:0.00000, NLL_loss_EV:-568.10266, NLL_loss_ES:0.00000, Score_ES:0.00000, Score_EV:59.42000
=> saved checkpoint 'checkpoints_CNN/mnist_VAE_s15Hmg4_v8_class_inv_grad_2_mon_loss_divL/last' (iter 23220, epoch 86.0)
score EV: 64.63833333333334. Score ES: 0.0
score EV: 59.27. Score ES: 0.0
=> saved checkpoint 'checkpoint_scores_CNN/mnist_VAE_s15Hmg4_v8_class_inv_grad_2_mon_loss_divL/last' (iter 23220, epoch 86.0)
EarlyStopping counter: 10 out of 25
[Save Checkpoint] epoch: [86.0], Train set: total:93592.03906, BCE:107825.75781, KLD:4310.44189, BCE_ES:0.00000, NLL_loss_EV:-137.60432, NLL_loss_ES:0.00000, Score_ES:0.00000, Score_EV:64.63833
[Save Checkpoint] epoch: [86.0], Test set: total:455645.56250, BCE:441579.96875, KLD:17102.60547, BCE_ES:0.00000, NLL_loss_EV:-567.69073, NLL_loss_ES:0.00000, Score_ES:0.00000, Score_EV:59.27000
=> saved checkpoint 'checkpoints_CNN/mnist_VAE_s15Hmg4_v8_class_inv_grad_2_mon_loss_divL/last' (iter 23490, epoch 87.0)
score EV: 64.59666666666666. Score ES: 0.0
score EV: 59.61. Score ES: 0.0
=> saved checkpoint 'checkpoint_scores_CNN/mnist_VAE_s15Hmg4_v8_class_inv_grad_2_mon_loss_divL/last' (iter 23490, epoch 87.0)
EarlyStopping counter: 11 out of 25
[Save Checkpoint] epoch: [87.0], Train set: total:93595.75781, BCE:107827.55469, KLD:4308.97754, BCE_ES:0.00000, NLL_loss_EV:-137.69672, NLL_loss_ES:0.00000, Score_ES:0.00000, Score_EV:64.59667
[Save Checkpoint] epoch: [87.0], Test set: total:455700.00000, BCE:441647.31250, KLD:17096.90039, BCE_ES:0.00000, NLL_loss_EV:-568.66229, NLL_loss_ES:0.00000, Score_ES:0.00000, Score_EV:59.61000
=> saved checkpoint 'checkpoints_CNN/mnist_VAE_s15Hmg4_v8_class_inv_grad_2_mon_loss_divL/last' (iter 23760, epoch 88.0)
score EV: 64.54833333333333. Score ES: 0.0
score EV: 59.48. Score ES: 0.0
=> saved checkpoint 'checkpoint_scores_CNN/mnist_VAE_s15Hmg4_v8_class_inv_grad_2_mon_loss_divL/last' (iter 23760, epoch 88.0)
EarlyStopping counter: 12 out of 25
[Save Checkpoint] epoch: [88.0], Train set: total:93619.35938, BCE:107832.12500, KLD:4309.17676, BCE_ES:0.00000, NLL_loss_EV:-137.53415, NLL_loss_ES:0.00000, Score_ES:0.00000, Score_EV:64.54833
[Save Checkpoint] epoch: [88.0], Test set: total:455754.56250, BCE:441700.84375, KLD:17097.56250, BCE_ES:0.00000, NLL_loss_EV:-568.34222, NLL_loss_ES:0.00000, Score_ES:0.00000, Score_EV:59.48000
=> saved checkpoint 'checkpoints_CNN/mnist_VAE_s15Hmg4_v8_class_inv_grad_2_mon_loss_divL/last' (iter 24030, epoch 89.0)
score EV: 64.695. Score ES: 0.0
score EV: 59.81. Score ES: 0.0
=> saved checkpoint 'checkpoint_scores_CNN/mnist_VAE_s15Hmg4_v8_class_inv_grad_2_mon_loss_divL/last' (iter 24030, epoch 89.0)
EarlyStopping counter: 13 out of 25
[Save Checkpoint] epoch: [89.0], Train set: total:93594.06250, BCE:107837.01562, KLD:4309.63916, BCE_ES:0.00000, NLL_loss_EV:-137.68234, NLL_loss_ES:0.00000, Score_ES:0.00000, Score_EV:64.69500
[Save Checkpoint] epoch: [89.0], Test set: total:455631.40625, BCE:441586.50000, KLD:17099.36719, BCE_ES:0.00000, NLL_loss_EV:-570.33685, NLL_loss_ES:0.00000, Score_ES:0.00000, Score_EV:59.81000
=> saved checkpoint 'checkpoints_CNN/mnist_VAE_s15Hmg4_v8_class_inv_grad_2_mon_loss_divL/last' (iter 24300, epoch 90.0)
score EV: 64.585. Score ES: 0.0
score EV: 59.35. Score ES: 0.0
=> saved checkpoint 'checkpoint_scores_CNN/mnist_VAE_s15Hmg4_v8_class_inv_grad_2_mon_loss_divL/last' (iter 24300, epoch 90.0)
EarlyStopping counter: 14 out of 25
[Save Checkpoint] epoch: [90.0], Train set: total:93603.03125, BCE:107833.55469, KLD:4311.85303, BCE_ES:0.00000, NLL_loss_EV:-137.65260, NLL_loss_ES:0.00000, Score_ES:0.00000, Score_EV:64.58500
[Save Checkpoint] epoch: [90.0], Test set: total:455738.84375, BCE:441683.90625, KLD:17108.16016, BCE_ES:0.00000, NLL_loss_EV:-569.40942, NLL_loss_ES:0.00000, Score_ES:0.00000, Score_EV:59.35000
=> saved checkpoint 'checkpoints_CNN/mnist_VAE_s15Hmg4_v8_class_inv_grad_2_mon_loss_divL/last' (iter 24570, epoch 91.0)
score EV: 64.52. Score ES: 0.0
score EV: 59.61. Score ES: 0.0
=> saved checkpoint 'checkpoint_scores_CNN/mnist_VAE_s15Hmg4_v8_class_inv_grad_2_mon_loss_divL/last' (iter 24570, epoch 91.0)
EarlyStopping counter: 15 out of 25
[Save Checkpoint] epoch: [91.0], Train set: total:93607.92969, BCE:107831.84375, KLD:4310.07080, BCE_ES:0.00000, NLL_loss_EV:-137.57294, NLL_loss_ES:0.00000, Score_ES:0.00000, Score_EV:64.52000
[Save Checkpoint] epoch: [91.0], Test set: total:455674.09375, BCE:441614.81250, KLD:17101.09180, BCE_ES:0.00000, NLL_loss_EV:-567.77972, NLL_loss_ES:0.00000, Score_ES:0.00000, Score_EV:59.61000
=> saved checkpoint 'checkpoints_CNN/mnist_VAE_s15Hmg4_v8_class_inv_grad_2_mon_loss_divL/last' (iter 24840, epoch 92.0)
score EV: 64.66. Score ES: 0.0
score EV: 59.47. Score ES: 0.0
=> saved checkpoint 'checkpoint_scores_CNN/mnist_VAE_s15Hmg4_v8_class_inv_grad_2_mon_loss_divL/last' (iter 24840, epoch 92.0)
EarlyStopping counter: 16 out of 25
[Save Checkpoint] epoch: [92.0], Train set: total:93590.88281, BCE:107841.19531, KLD:4309.76221, BCE_ES:0.00000, NLL_loss_EV:-137.74905, NLL_loss_ES:0.00000, Score_ES:0.00000, Score_EV:64.66000
[Save Checkpoint] epoch: [92.0], Test set: total:455728.81250, BCE:441681.34375, KLD:17099.73828, BCE_ES:0.00000, NLL_loss_EV:-569.25110, NLL_loss_ES:0.00000, Score_ES:0.00000, Score_EV:59.47000
=> saved checkpoint 'checkpoints_CNN/mnist_VAE_s15Hmg4_v8_class_inv_grad_2_mon_loss_divL/last' (iter 25110, epoch 93.0)
score EV: 64.68. Score ES: 0.0
score EV: 59.46. Score ES: 0.0
=> saved checkpoint 'checkpoint_scores_CNN/mnist_VAE_s15Hmg4_v8_class_inv_grad_2_mon_loss_divL/last' (iter 25110, epoch 93.0)
EarlyStopping counter: 17 out of 25
[Save Checkpoint] epoch: [93.0], Train set: total:93581.89844, BCE:107830.58594, KLD:4310.45264, BCE_ES:0.00000, NLL_loss_EV:-137.76239, NLL_loss_ES:0.00000, Score_ES:0.00000, Score_EV:64.68000
[Save Checkpoint] epoch: [93.0], Test set: total:455734.75000, BCE:441676.90625, KLD:17102.36523, BCE_ES:0.00000, NLL_loss_EV:-568.66156, NLL_loss_ES:0.00000, Score_ES:0.00000, Score_EV:59.46000
=> saved checkpoint 'checkpoints_CNN/mnist_VAE_s15Hmg4_v8_class_inv_grad_2_mon_loss_divL/last' (iter 25380, epoch 94.0)
score EV: 64.72166666666666. Score ES: 0.0
score EV: 59.65. Score ES: 0.0
=> saved checkpoint 'checkpoint_scores_CNN/mnist_VAE_s15Hmg4_v8_class_inv_grad_2_mon_loss_divL/last' (iter 25380, epoch 94.0)
EarlyStopping counter: 18 out of 25
[Save Checkpoint] epoch: [94.0], Train set: total:93572.07031, BCE:107830.05469, KLD:4310.14258, BCE_ES:0.00000, NLL_loss_EV:-137.78659, NLL_loss_ES:0.00000, Score_ES:0.00000, Score_EV:64.72167
[Save Checkpoint] epoch: [94.0], Test set: total:455806.09375, BCE:441748.84375, KLD:17101.18555, BCE_ES:0.00000, NLL_loss_EV:-568.24500, NLL_loss_ES:0.00000, Score_ES:0.00000, Score_EV:59.65000
=> saved checkpoint 'checkpoints_CNN/mnist_VAE_s15Hmg4_v8_class_inv_grad_2_mon_loss_divL/last' (iter 25650, epoch 95.0)
score EV: 64.55. Score ES: 0.0
score EV: 59.58. Score ES: 0.0
=> saved checkpoint 'checkpoint_scores_CNN/mnist_VAE_s15Hmg4_v8_class_inv_grad_2_mon_loss_divL/last' (iter 25650, epoch 95.0)
EarlyStopping counter: 19 out of 25
[Save Checkpoint] epoch: [95.0], Train set: total:93600.64062, BCE:107832.51562, KLD:4310.69043, BCE_ES:0.00000, NLL_loss_EV:-137.62300, NLL_loss_ES:0.00000, Score_ES:0.00000, Score_EV:64.55000
[Save Checkpoint] epoch: [95.0], Test set: total:455739.15625, BCE:441679.15625, KLD:17103.52148, BCE_ES:0.00000, NLL_loss_EV:-569.19781, NLL_loss_ES:0.00000, Score_ES:0.00000, Score_EV:59.58000
=> saved checkpoint 'checkpoints_CNN/mnist_VAE_s15Hmg4_v8_class_inv_grad_2_mon_loss_divL/last' (iter 25920, epoch 96.0)
score EV: 64.74. Score ES: 0.0
score EV: 59.28. Score ES: 0.0
=> saved checkpoint 'checkpoint_scores_CNN/mnist_VAE_s15Hmg4_v8_class_inv_grad_2_mon_loss_divL/last' (iter 25920, epoch 96.0)
EarlyStopping counter: 20 out of 25
[Save Checkpoint] epoch: [96.0], Train set: total:93581.00781, BCE:107820.81250, KLD:4310.98535, BCE_ES:0.00000, NLL_loss_EV:-137.76576, NLL_loss_ES:0.00000, Score_ES:0.00000, Score_EV:64.74000
[Save Checkpoint] epoch: [96.0], Test set: total:455796.31250, BCE:441738.00000, KLD:17104.30273, BCE_ES:0.00000, NLL_loss_EV:-568.02759, NLL_loss_ES:0.00000, Score_ES:0.00000, Score_EV:59.28000
=> saved checkpoint 'checkpoints_CNN/mnist_VAE_s15Hmg4_v8_class_inv_grad_2_mon_loss_divL/last' (iter 26190, epoch 97.0)
score EV: 64.68166666666667. Score ES: 0.0
score EV: 59.28. Score ES: 0.0
=> saved checkpoint 'checkpoint_scores_CNN/mnist_VAE_s15Hmg4_v8_class_inv_grad_2_mon_loss_divL/last' (iter 26190, epoch 97.0)
EarlyStopping counter: 21 out of 25
[Save Checkpoint] epoch: [97.0], Train set: total:93588.50781, BCE:107831.80469, KLD:4310.27100, BCE_ES:0.00000, NLL_loss_EV:-137.78819, NLL_loss_ES:0.00000, Score_ES:0.00000, Score_EV:64.68167
[Save Checkpoint] epoch: [97.0], Test set: total:455738.59375, BCE:441679.34375, KLD:17101.79688, BCE_ES:0.00000, NLL_loss_EV:-567.61591, NLL_loss_ES:0.00000, Score_ES:0.00000, Score_EV:59.28000
=> saved checkpoint 'checkpoints_CNN/mnist_VAE_s15Hmg4_v8_class_inv_grad_2_mon_loss_divL/last' (iter 26460, epoch 98.0)
score EV: 64.725. Score ES: 0.0
score EV: 59.6. Score ES: 0.0
=> saved checkpoint 'checkpoint_scores_CNN/mnist_VAE_s15Hmg4_v8_class_inv_grad_2_mon_loss_divL/last' (iter 26460, epoch 98.0)
EarlyStopping counter: 22 out of 25
[Save Checkpoint] epoch: [98.0], Train set: total:93577.75000, BCE:107830.39062, KLD:4311.42285, BCE_ES:0.00000, NLL_loss_EV:-137.82188, NLL_loss_ES:0.00000, Score_ES:0.00000, Score_EV:64.72500
[Save Checkpoint] epoch: [98.0], Test set: total:455682.71875, BCE:441635.21875, KLD:17106.12695, BCE_ES:0.00000, NLL_loss_EV:-570.65277, NLL_loss_ES:0.00000, Score_ES:0.00000, Score_EV:59.60000
=> saved checkpoint 'checkpoints_CNN/mnist_VAE_s15Hmg4_v8_class_inv_grad_2_mon_loss_divL/last' (iter 26730, epoch 99.0)
score EV: 64.79. Score ES: 0.0
score EV: 59.41. Score ES: 0.0
=> saved checkpoint 'checkpoint_scores_CNN/mnist_VAE_s15Hmg4_v8_class_inv_grad_2_mon_loss_divL/last' (iter 26730, epoch 99.0)
EarlyStopping counter: 23 out of 25
[Save Checkpoint] epoch: [99.0], Train set: total:93569.28906, BCE:107832.81250, KLD:4309.92285, BCE_ES:0.00000, NLL_loss_EV:-137.81194, NLL_loss_ES:0.00000, Score_ES:0.00000, Score_EV:64.79000
[Save Checkpoint] epoch: [99.0], Test set: total:455658.75000, BCE:441600.56250, KLD:17100.45312, BCE_ES:0.00000, NLL_loss_EV:-567.63861, NLL_loss_ES:0.00000, Score_ES:0.00000, Score_EV:59.41000
=> saved checkpoint 'checkpoints_CNN/mnist_VAE_s15Hmg4_v8_class_inv_grad_2_mon_loss_divL/last' (iter 27000, epoch 100.0)
score EV: 64.675. Score ES: 0.0
score EV: 59.37. Score ES: 0.0
=> saved checkpoint 'checkpoint_scores_CNN/mnist_VAE_s15Hmg4_v8_class_inv_grad_2_mon_loss_divL/last' (iter 27000, epoch 100.0)
EarlyStopping counter: 24 out of 25
[Save Checkpoint] epoch: [100.0], Train set: total:93592.39844, BCE:107838.84375, KLD:4310.47168, BCE_ES:0.00000, NLL_loss_EV:-137.71912, NLL_loss_ES:0.00000, Score_ES:0.00000, Score_EV:64.67500
[Save Checkpoint] epoch: [100.0], Test set: total:455639.50000, BCE:441588.50000, KLD:17102.60742, BCE_ES:0.00000, NLL_loss_EV:-568.90234, NLL_loss_ES:0.00000, Score_ES:0.00000, Score_EV:59.37000
[Training Finished]
All done !
