5
--gpu_devices 0 --max_iter 100 --batch_size 250 --use_scheduler True --lr 1e-3 --GMP True --z_struct_size 15 --z_var_size 10 --is_VAE True --is_encoder_struct False --lambda_BCE 1 --beta 1 --lambda_recons 10 --lambda_EV_class 0.1 --big_kernel_size 8 --two_conv_layer True --three_conv_layer True --kernel_size_1 4 --kernel_size_2 4 --kernel_size_3 4 --BK_in_first_layer True --BK_in_second_layer False --BK_in_third_layer False --stride_size 1 --hidden_filters_layer1 64 --hidden_filters_layer2 64 --hidden_filters_layer3 64 --dataset_balanced True --binary_z True --binary_first_conv False --binary_second_conv False --binary_third_conv True --use_small_lr_encoder_var False --encoder_var_name None --encoder_struct_name mnist_ES_binary_15 --freeze_Encoder True --EV_classifier True --freeze_Encoder True --grad_inv True --exp_name mnist_VAE_s15_v10_class_inv_grad_3
Namespace(BK_in_first_layer=True, BK_in_second_layer=False, BK_in_third_layer=False, BN=False, C_max=25, C_stop_iter=100000.0, E1_AE=False, E1_VAE=False, E1_conv=False, E1_dense=False, E1_second_conv=False, E1_second_conv_adapt=False, ES_reconstruction=False, EV_classifier=True, GMP=True, Hmg_dst_loss=False, IPC=False, L1_norm_act=False, L1_norm_weights=False, L2_dst_loss=False, L3_without_random=False, LOG_DIR='logs', PT_model=False, PT_model_EV_classifier=False, adapt_lr=False, add_classification_layer=True, add_dl_class=False, add_linear_after_GMP=True, add_z_struct_bottleneck=False, alpha=32, batch_size=250, beta=1.0, beta1=0.9, beta2=0.999, big_kernel=False, big_kernel_size=8, bin_after_GMP=False, binary_chain=False, binary_first_conv=False, binary_second_conv=False, binary_third_conv=True, binary_z=True, both_decoders_freeze=False, ckpt_dir='checkpoints_CNN', ckpt_dir_scores='checkpoint_scores_CNN', classif_layer_size=30, contrastive_loss=False, cuda=True, dataset='mnist', dataset_balanced=True, decoder_first_dense=36, decoder_kernel_size_1=4, decoder_kernel_size_2=3, decoder_kernel_size_3=4, decoder_n_filter_1=64, decoder_n_filter_2=64, decoder_n_filter_3=64, decoder_stride_1=2, decoder_stride_2=2, decoder_stride_3=1, diff_var=False, display_step=10000, dset_dir='data', encoder_struct_name='mnist_ES_binary_15', encoder_var_name='None', exp_name='mnist_VAE_s15_v10_class_inv_grad_3', freeze_Encoder=True, gamma=1000, gpu_devices=[0], grad_inv=True, hidden_dim=20, hidden_filters_layer1=64, hidden_filters_layer2=64, hidden_filters_layer3=64, image_size=64, intra_class_variance_loss=False, is_C=True, is_E1=False, is_VAE=True, is_VAE_var=False, is_binary_structural_latent=False, is_custom_model=False, is_custom_model_BK=False, is_default_model=False, is_encoder_struct=False, is_noise_stats=False, is_partial_rand_class=False, is_perturbed_score=False, is_zvar_sim_loss=False, just_train=False, kernel_size=4, kernel_size_1=4, kernel_size_2=4, kernel_size_3=4, lambda_BCE=1.0, lambda_EV_class=0.1, lambda_Kl_struct=1, lambda_Kl_var=1, lambda_L1=0.01, lambda_L2_dst=1, lambda_VAE=1, lambda_class=1, lambda_contrastive_loss=1, lambda_distance_mean=1, lambda_hmg_dst=1, lambda_intra_class_var=1, lambda_partial_class=1, lambda_ratio_reg=1, lambda_recon_wt_rand=1, lambda_recons=10.0, lambda_uniq_code_dst=1, lambda_var_distance=1, lambda_var_inter=1, lambda_var_intra=1, lambda_zvar_sim=1, latent_spec_cont=None, latent_spec_cont_class=None, latent_spec_cont_var=None, latent_spec_disc=None, latent_spec_disc_class=None, latent_spec_disc_var=None, log_level='info', loss='Proxy_Anchor', loss_distance_mean=False, loss_min_distance_cl=False, lr=0.001, max_epoch_use_uniq_code_target=5, max_iter=100.0, model='CNN', mrg=0.1, nb_epochs_train_only_zvar=0, num_workers=2, old_weighted=False, optimizer='adamw', other_architecture=False, other_ratio=False, random_percentage=0.2, random_seed=10, randomness=True, ratio_reg=False, remark='', save_step=10000, second_layer_C=False, seed=1, stride_size=1, sz_embedding=5, three_conv_layer=True, train=True, train_var_struct_alternatively=False, two_conv_layer=True, two_encoder=False, uniq_code_dst_loss=False, use_VAE=False, use_decoder=False, use_early_stopping=True, use_scheduler=True, use_small_lr_encoder_var=False, use_structural_encoder=False, value_target_distance_mean=1, var_hidden_dim=256, var_hidden_filters_1=32, var_hidden_filters_2=32, var_hidden_filters_3=32, var_kernel_size_1=3, var_kernel_size_2=3, var_kernel_size_3=3, var_second_cnn_block=True, var_stride_size_1=1, var_stride_size_2=1, var_stride_size_3=1, var_third_cnn_block=False, var_three_conv_layer=False, warm=1, without_acc=False, z_struct_size=15, z_var_size=10, zeros_W_Classif=False, zvar_sim_change_zvar=False, zvar_sim_loss_for_all_model=False, zvar_sim_loss_only_for_encoder=False, zvar_sim_normal=False, zvar_sim_var_rand=False)
CUDA Visible devices !
[Using Seed: 10]
Balanced dataset loaded
VAE doesn't exist but encoder struct yes ! load struct encoder weighs !
=> loaded checkpoint 'checkpoints_CNN/mnist_ES_binary_15/last (iter 22410)'
Weighs loaded for struct encoder !
use 1 gpu who named: Tesla V100-SXM2-32GB
VAE(
  (encoder_struct): Sequential(
    (0): Conv2d(1, 64, kernel_size=(8, 8), stride=(1, 1))
    (1): BatchNorm2d(64, eps=1e-05, momentum=0.1, affine=True, track_running_stats=True)
    (2): ReLU(inplace=True)
    (3): Conv2d(64, 64, kernel_size=(4, 4), stride=(1, 1))
    (4): BatchNorm2d(64, eps=1e-05, momentum=0.1, affine=True, track_running_stats=True)
    (5): ReLU(inplace=True)
    (6): Conv2d(64, 15, kernel_size=(4, 4), stride=(1, 1))
    (7): BatchNorm2d(15, eps=1e-05, momentum=0.1, affine=True, track_running_stats=True)
    (8): ReLU(inplace=True)
    (9): AdaptiveMaxPool2d(output_size=(1, 1))
    (10): View()
    (11): DeterministicBinaryActivation(
      (act): Hardsigmoid(
        (act): Hardtanh(min_val=-1.0, max_val=1.0)
      )
    )
  )
  (decoder): Sequential(
    (0): Linear(in_features=25, out_features=1600, bias=True)
    (1): ReLU(inplace=True)
    (2): View()
    (3): ConvTranspose2d(64, 64, kernel_size=(4, 4), stride=(2, 2), padding=(1, 1))
    (4): ReLU(inplace=True)
    (5): ConvTranspose2d(64, 64, kernel_size=(3, 3), stride=(1, 1))
    (6): ReLU(inplace=True)
    (7): ConvTranspose2d(64, 32, kernel_size=(3, 3), stride=(1, 1))
    (8): ReLU(inplace=True)
    (9): ConvTranspose2d(32, 32, kernel_size=(4, 4), stride=(2, 2), padding=(1, 1))
    (10): ReLU(inplace=True)
    (11): ConvTranspose2d(32, 32, kernel_size=(3, 3), stride=(1, 1))
    (12): ReLU(inplace=True)
    (13): ConvTranspose2d(32, 1, kernel_size=(3, 3), stride=(1, 1))
    (14): Sigmoid()
  )
  (encoder_var): Sequential(
    (0): Conv2d(1, 32, kernel_size=(3, 3), stride=(1, 1))
    (1): ReLU(inplace=True)
    (2): BatchNorm2d(32, eps=1e-05, momentum=0.1, affine=True, track_running_stats=True)
    (3): Conv2d(32, 32, kernel_size=(3, 3), stride=(1, 1))
    (4): ReLU(inplace=True)
    (5): BatchNorm2d(32, eps=1e-05, momentum=0.1, affine=True, track_running_stats=True)
    (6): Conv2d(32, 32, kernel_size=(5, 5), stride=(2, 2), padding=(2, 2))
    (7): ReLU(inplace=True)
    (8): BatchNorm2d(32, eps=1e-05, momentum=0.1, affine=True, track_running_stats=True)
    (9): Dropout(p=0.4, inplace=False)
    (10): Conv2d(32, 64, kernel_size=(3, 3), stride=(1, 1))
    (11): ReLU(inplace=True)
    (12): BatchNorm2d(64, eps=1e-05, momentum=0.1, affine=True, track_running_stats=True)
    (13): Conv2d(64, 64, kernel_size=(3, 3), stride=(1, 1))
    (14): ReLU(inplace=True)
    (15): BatchNorm2d(64, eps=1e-05, momentum=0.1, affine=True, track_running_stats=True)
    (16): Conv2d(64, 64, kernel_size=(5, 5), stride=(2, 2), padding=(2, 2))
    (17): ReLU(inplace=True)
    (18): BatchNorm2d(64, eps=1e-05, momentum=0.1, affine=True, track_running_stats=True)
    (19): Dropout(p=0.4, inplace=False)
    (20): View()
    (21): Linear(in_features=1600, out_features=20, bias=True)
  )
  (var_classifier): Sequential(
    (0): RevGrad()
    (1): Linear(in_features=10, out_features=10, bias=True)
  )
)
The number of parameters of model is 499760
=> saved checkpoint 'checkpoints_CNN/mnist_VAE_s15_v10_class_inv_grad_3/last' (iter 270, epoch 1.0)
score:  38.93666666666667
score:  36.66
=> saved checkpoint 'checkpoint_scores_CNN/mnist_VAE_s15_v10_class_inv_grad_3/last' (iter 270, epoch 1.0)
[Save Checkpoint] epoch: [1.0], Train: total:5121.70508, BCE:-16.51629, KLD:5138.21875,Test: total:20579.15234, BCE:-16.60614, KLD:20595.75781
=> saved checkpoint 'checkpoints_CNN/mnist_VAE_s15_v10_class_inv_grad_3/last' (iter 540, epoch 2.0)
score:  53.516666666666666
score:  49.38
=> saved checkpoint 'checkpoint_scores_CNN/mnist_VAE_s15_v10_class_inv_grad_3/last' (iter 540, epoch 2.0)
[Save Checkpoint] epoch: [2.0], Train: total:4780.21289, BCE:-19.18005, KLD:4799.39502,Test: total:19150.91211, BCE:-19.24881, KLD:19170.16211
=> saved checkpoint 'checkpoints_CNN/mnist_VAE_s15_v10_class_inv_grad_3/last' (iter 810, epoch 3.0)
score:  64.635
score:  59.06
=> saved checkpoint 'checkpoint_scores_CNN/mnist_VAE_s15_v10_class_inv_grad_3/last' (iter 810, epoch 3.0)
[Save Checkpoint] epoch: [3.0], Train: total:4894.74609, BCE:-16.28529, KLD:4911.03369,Test: total:19585.85156, BCE:-16.33449, KLD:19602.18555
=> saved checkpoint 'checkpoints_CNN/mnist_VAE_s15_v10_class_inv_grad_3/last' (iter 1080, epoch 4.0)
score:  70.12166666666667
score:  63.76
=> saved checkpoint 'checkpoint_scores_CNN/mnist_VAE_s15_v10_class_inv_grad_3/last' (iter 1080, epoch 4.0)
[Save Checkpoint] epoch: [4.0], Train: total:4873.40088, BCE:-17.54094, KLD:4890.94238,Test: total:19484.28516, BCE:-17.58301, KLD:19501.86914
=> saved checkpoint 'checkpoints_CNN/mnist_VAE_s15_v10_class_inv_grad_3/last' (iter 1350, epoch 5.0)
score:  72.50166666666667
score:  66.3
=> saved checkpoint 'checkpoint_scores_CNN/mnist_VAE_s15_v10_class_inv_grad_3/last' (iter 1350, epoch 5.0)
[Save Checkpoint] epoch: [5.0], Train: total:5042.47607, BCE:-16.62254, KLD:5059.09814,Test: total:20119.11133, BCE:-16.70370, KLD:20135.81445
=> saved checkpoint 'checkpoints_CNN/mnist_VAE_s15_v10_class_inv_grad_3/last' (iter 1620, epoch 6.0)
score:  74.50666666666666
score:  67.86
=> saved checkpoint 'checkpoint_scores_CNN/mnist_VAE_s15_v10_class_inv_grad_3/last' (iter 1620, epoch 6.0)
[Save Checkpoint] epoch: [6.0], Train: total:5064.53906, BCE:-16.60955, KLD:5081.14941,Test: total:20198.33203, BCE:-16.66068, KLD:20214.99023
=> saved checkpoint 'checkpoints_CNN/mnist_VAE_s15_v10_class_inv_grad_3/last' (iter 1890, epoch 7.0)
score:  76.22
score:  69.4
=> saved checkpoint 'checkpoint_scores_CNN/mnist_VAE_s15_v10_class_inv_grad_3/last' (iter 1890, epoch 7.0)
[Save Checkpoint] epoch: [7.0], Train: total:4983.25635, BCE:-16.28614, KLD:4999.54443,Test: total:19879.32422, BCE:-16.36759, KLD:19895.69141
=> saved checkpoint 'checkpoints_CNN/mnist_VAE_s15_v10_class_inv_grad_3/last' (iter 2160, epoch 8.0)
score:  76.84666666666666
score:  69.69
=> saved checkpoint 'checkpoint_scores_CNN/mnist_VAE_s15_v10_class_inv_grad_3/last' (iter 2160, epoch 8.0)
[Save Checkpoint] epoch: [8.0], Train: total:5015.49707, BCE:-16.54670, KLD:5032.04395,Test: total:20005.45703, BCE:-16.64557, KLD:20022.10156
=> saved checkpoint 'checkpoints_CNN/mnist_VAE_s15_v10_class_inv_grad_3/last' (iter 2430, epoch 9.0)
score:  78.04333333333334
score:  71.0
=> saved checkpoint 'checkpoint_scores_CNN/mnist_VAE_s15_v10_class_inv_grad_3/last' (iter 2430, epoch 9.0)
[Save Checkpoint] epoch: [9.0], Train: total:5088.46338, BCE:-16.46297, KLD:5104.92480,Test: total:20307.75195, BCE:-16.61855, KLD:20324.37109
=> saved checkpoint 'checkpoints_CNN/mnist_VAE_s15_v10_class_inv_grad_3/last' (iter 2700, epoch 10.0)
score:  78.38666666666667
score:  71.35
=> saved checkpoint 'checkpoint_scores_CNN/mnist_VAE_s15_v10_class_inv_grad_3/last' (iter 2700, epoch 10.0)
[Save Checkpoint] epoch: [10.0], Train: total:5019.92578, BCE:-14.98102, KLD:5034.90723,Test: total:20009.76367, BCE:-15.12241, KLD:20024.88867
=> saved checkpoint 'checkpoints_CNN/mnist_VAE_s15_v10_class_inv_grad_3/last' (iter 2970, epoch 11.0)
score:  78.505
score:  70.9
=> saved checkpoint 'checkpoint_scores_CNN/mnist_VAE_s15_v10_class_inv_grad_3/last' (iter 2970, epoch 11.0)
[Save Checkpoint] epoch: [11.0], Train: total:5056.85107, BCE:-15.44152, KLD:5072.29297,Test: total:20151.80273, BCE:-15.59879, KLD:20167.40430
=> saved checkpoint 'checkpoints_CNN/mnist_VAE_s15_v10_class_inv_grad_3/last' (iter 3240, epoch 12.0)
score:  78.795
score:  71.52
=> saved checkpoint 'checkpoint_scores_CNN/mnist_VAE_s15_v10_class_inv_grad_3/last' (iter 3240, epoch 12.0)
[Save Checkpoint] epoch: [12.0], Train: total:5140.59570, BCE:-16.29561, KLD:5156.89111,Test: total:20493.17188, BCE:-16.50926, KLD:20509.68359
=> saved checkpoint 'checkpoints_CNN/mnist_VAE_s15_v10_class_inv_grad_3/last' (iter 3510, epoch 13.0)
score:  78.81666666666666
score:  71.47
=> saved checkpoint 'checkpoint_scores_CNN/mnist_VAE_s15_v10_class_inv_grad_3/last' (iter 3510, epoch 13.0)
EarlyStopping counter: 1 out of 25
[Save Checkpoint] epoch: [13.0], Train: total:5056.97021, BCE:-16.16329, KLD:5073.13379,Test: total:20122.11523, BCE:-16.34308, KLD:20138.45898
=> saved checkpoint 'checkpoints_CNN/mnist_VAE_s15_v10_class_inv_grad_3/last' (iter 3780, epoch 14.0)
score:  78.57333333333334
score:  71.03
=> saved checkpoint 'checkpoint_scores_CNN/mnist_VAE_s15_v10_class_inv_grad_3/last' (iter 3780, epoch 14.0)
[Save Checkpoint] epoch: [14.0], Train: total:4999.50879, BCE:-16.31025, KLD:5015.81689,Test: total:19925.77148, BCE:-16.52605, KLD:19942.29688
=> saved checkpoint 'checkpoints_CNN/mnist_VAE_s15_v10_class_inv_grad_3/last' (iter 4050, epoch 15.0)
score:  78.38166666666666
score:  70.79
=> saved checkpoint 'checkpoint_scores_CNN/mnist_VAE_s15_v10_class_inv_grad_3/last' (iter 4050, epoch 15.0)
EarlyStopping counter: 1 out of 25
[Save Checkpoint] epoch: [15.0], Train: total:4931.59424, BCE:-16.64067, KLD:4948.23389,Test: total:19639.88867, BCE:-16.84848, KLD:19656.73438
=> saved checkpoint 'checkpoints_CNN/mnist_VAE_s15_v10_class_inv_grad_3/last' (iter 4320, epoch 16.0)
score:  78.195
score:  70.77
=> saved checkpoint 'checkpoint_scores_CNN/mnist_VAE_s15_v10_class_inv_grad_3/last' (iter 4320, epoch 16.0)
[Save Checkpoint] epoch: [16.0], Train: total:5017.20996, BCE:-16.88036, KLD:5034.09131,Test: total:19968.21680, BCE:-17.11336, KLD:19985.33203
=> saved checkpoint 'checkpoints_CNN/mnist_VAE_s15_v10_class_inv_grad_3/last' (iter 4590, epoch 17.0)
score:  78.335
score:  71.34
=> saved checkpoint 'checkpoint_scores_CNN/mnist_VAE_s15_v10_class_inv_grad_3/last' (iter 4590, epoch 17.0)
EarlyStopping counter: 1 out of 25
[Save Checkpoint] epoch: [17.0], Train: total:5014.82764, BCE:-17.36014, KLD:5032.18848,Test: total:19972.82422, BCE:-17.61807, KLD:19990.44336
=> saved checkpoint 'checkpoints_CNN/mnist_VAE_s15_v10_class_inv_grad_3/last' (iter 4860, epoch 18.0)
score:  78.29833333333333
score:  71.03
=> saved checkpoint 'checkpoint_scores_CNN/mnist_VAE_s15_v10_class_inv_grad_3/last' (iter 4860, epoch 18.0)
EarlyStopping counter: 2 out of 25
[Save Checkpoint] epoch: [18.0], Train: total:4989.61084, BCE:-17.96436, KLD:5007.57422,Test: total:19875.70312, BCE:-18.24388, KLD:19893.95117
=> saved checkpoint 'checkpoints_CNN/mnist_VAE_s15_v10_class_inv_grad_3/last' (iter 5130, epoch 19.0)
score:  78.24166666666666
score:  70.84
=> saved checkpoint 'checkpoint_scores_CNN/mnist_VAE_s15_v10_class_inv_grad_3/last' (iter 5130, epoch 19.0)
[Save Checkpoint] epoch: [19.0], Train: total:4986.33545, BCE:-17.73388, KLD:5004.06738,Test: total:19861.80469, BCE:-18.01412, KLD:19879.81836
=> saved checkpoint 'checkpoints_CNN/mnist_VAE_s15_v10_class_inv_grad_3/last' (iter 5400, epoch 20.0)
score:  77.67666666666666
score:  70.42
=> saved checkpoint 'checkpoint_scores_CNN/mnist_VAE_s15_v10_class_inv_grad_3/last' (iter 5400, epoch 20.0)
EarlyStopping counter: 1 out of 25
[Save Checkpoint] epoch: [20.0], Train: total:4955.34668, BCE:-18.00603, KLD:4973.35205,Test: total:19729.10742, BCE:-18.24900, KLD:19747.35352
=> saved checkpoint 'checkpoints_CNN/mnist_VAE_s15_v10_class_inv_grad_3/last' (iter 5670, epoch 21.0)
score:  77.60666666666667
score:  69.75
=> saved checkpoint 'checkpoint_scores_CNN/mnist_VAE_s15_v10_class_inv_grad_3/last' (iter 5670, epoch 21.0)
[Save Checkpoint] epoch: [21.0], Train: total:4972.15771, BCE:-17.08764, KLD:4989.24609,Test: total:19777.81641, BCE:-17.34483, KLD:19795.15820
=> saved checkpoint 'checkpoints_CNN/mnist_VAE_s15_v10_class_inv_grad_3/last' (iter 5940, epoch 22.0)
score:  77.52
score:  69.71
=> saved checkpoint 'checkpoint_scores_CNN/mnist_VAE_s15_v10_class_inv_grad_3/last' (iter 5940, epoch 22.0)
[Save Checkpoint] epoch: [22.0], Train: total:4974.14893, BCE:-18.29457, KLD:4992.44434,Test: total:19791.89648, BCE:-18.57152, KLD:19810.46875
=> saved checkpoint 'checkpoints_CNN/mnist_VAE_s15_v10_class_inv_grad_3/last' (iter 6210, epoch 23.0)
score:  77.475
score:  70.01
=> saved checkpoint 'checkpoint_scores_CNN/mnist_VAE_s15_v10_class_inv_grad_3/last' (iter 6210, epoch 23.0)
EarlyStopping counter: 1 out of 25
[Save Checkpoint] epoch: [23.0], Train: total:4946.29443, BCE:-18.15008, KLD:4964.44824,Test: total:19672.52930, BCE:-18.42092, KLD:19690.95117
=> saved checkpoint 'checkpoints_CNN/mnist_VAE_s15_v10_class_inv_grad_3/last' (iter 6480, epoch 24.0)
score:  77.17166666666667
score:  69.57
=> saved checkpoint 'checkpoint_scores_CNN/mnist_VAE_s15_v10_class_inv_grad_3/last' (iter 6480, epoch 24.0)
[Save Checkpoint] epoch: [24.0], Train: total:5000.43555, BCE:-18.76556, KLD:5019.20264,Test: total:19912.33203, BCE:-19.05844, KLD:19931.38867
=> saved checkpoint 'checkpoints_CNN/mnist_VAE_s15_v10_class_inv_grad_3/last' (iter 6750, epoch 25.0)
score:  76.83
score:  69.35
=> saved checkpoint 'checkpoint_scores_CNN/mnist_VAE_s15_v10_class_inv_grad_3/last' (iter 6750, epoch 25.0)
EarlyStopping counter: 1 out of 25
[Save Checkpoint] epoch: [25.0], Train: total:4963.75098, BCE:-19.13687, KLD:4982.88867,Test: total:19751.47461, BCE:-19.40560, KLD:19770.87695
=> saved checkpoint 'checkpoints_CNN/mnist_VAE_s15_v10_class_inv_grad_3/last' (iter 7020, epoch 26.0)
score:  77.03
score:  69.48
=> saved checkpoint 'checkpoint_scores_CNN/mnist_VAE_s15_v10_class_inv_grad_3/last' (iter 7020, epoch 26.0)
[Save Checkpoint] epoch: [26.0], Train: total:4935.20215, BCE:-20.08466, KLD:4955.28564,Test: total:19630.08203, BCE:-20.38452, KLD:19650.46680
=> saved checkpoint 'checkpoints_CNN/mnist_VAE_s15_v10_class_inv_grad_3/last' (iter 7290, epoch 27.0)
score:  76.63833333333334
score:  68.99
=> saved checkpoint 'checkpoint_scores_CNN/mnist_VAE_s15_v10_class_inv_grad_3/last' (iter 7290, epoch 27.0)
[Save Checkpoint] epoch: [27.0], Train: total:4982.97266, BCE:-19.99289, KLD:5002.96484,Test: total:19807.45508, BCE:-20.27187, KLD:19827.72852
=> saved checkpoint 'checkpoints_CNN/mnist_VAE_s15_v10_class_inv_grad_3/last' (iter 7560, epoch 28.0)
score:  76.505
score:  69.32
=> saved checkpoint 'checkpoint_scores_CNN/mnist_VAE_s15_v10_class_inv_grad_3/last' (iter 7560, epoch 28.0)
EarlyStopping counter: 1 out of 25
[Save Checkpoint] epoch: [28.0], Train: total:4898.79102, BCE:-20.20195, KLD:4918.99365,Test: total:19468.40234, BCE:-20.48675, KLD:19488.89062
=> saved checkpoint 'checkpoints_CNN/mnist_VAE_s15_v10_class_inv_grad_3/last' (iter 7830, epoch 29.0)
score:  76.06
score:  69.06
=> saved checkpoint 'checkpoint_scores_CNN/mnist_VAE_s15_v10_class_inv_grad_3/last' (iter 7830, epoch 29.0)
[Save Checkpoint] epoch: [29.0], Train: total:4977.49805, BCE:-21.49638, KLD:4998.99268,Test: total:19792.04688, BCE:-21.78050, KLD:19813.82812
=> saved checkpoint 'checkpoints_CNN/mnist_VAE_s15_v10_class_inv_grad_3/last' (iter 8100, epoch 30.0)
score:  75.68333333333334
score:  68.43
=> saved checkpoint 'checkpoint_scores_CNN/mnist_VAE_s15_v10_class_inv_grad_3/last' (iter 8100, epoch 30.0)
[Save Checkpoint] epoch: [30.0], Train: total:4916.30176, BCE:-21.76158, KLD:4938.06299,Test: total:19563.14062, BCE:-22.04114, KLD:19585.18359
=> saved checkpoint 'checkpoints_CNN/mnist_VAE_s15_v10_class_inv_grad_3/last' (iter 8370, epoch 31.0)
score:  75.56166666666667
score:  68.66
=> saved checkpoint 'checkpoint_scores_CNN/mnist_VAE_s15_v10_class_inv_grad_3/last' (iter 8370, epoch 31.0)
[Save Checkpoint] epoch: [31.0], Train: total:4923.75537, BCE:-21.89565, KLD:4945.64941,Test: total:19595.86914, BCE:-22.15794, KLD:19618.02930
=> saved checkpoint 'checkpoints_CNN/mnist_VAE_s15_v10_class_inv_grad_3/last' (iter 8640, epoch 32.0)
score:  75.49833333333333
score:  68.09
=> saved checkpoint 'checkpoint_scores_CNN/mnist_VAE_s15_v10_class_inv_grad_3/last' (iter 8640, epoch 32.0)
EarlyStopping counter: 1 out of 25
[Save Checkpoint] epoch: [32.0], Train: total:4871.70508, BCE:-21.07598, KLD:4892.77979,Test: total:19368.24023, BCE:-21.33948, KLD:19389.57812
=> saved checkpoint 'checkpoints_CNN/mnist_VAE_s15_v10_class_inv_grad_3/last' (iter 8910, epoch 33.0)
score:  75.235
score:  67.83
=> saved checkpoint 'checkpoint_scores_CNN/mnist_VAE_s15_v10_class_inv_grad_3/last' (iter 8910, epoch 33.0)
[Save Checkpoint] epoch: [33.0], Train: total:4963.66748, BCE:-21.64250, KLD:4985.30908,Test: total:19731.61328, BCE:-21.86802, KLD:19753.48242
=> saved checkpoint 'checkpoints_CNN/mnist_VAE_s15_v10_class_inv_grad_3/last' (iter 9180, epoch 34.0)
score:  75.42666666666666
score:  68.07
=> saved checkpoint 'checkpoint_scores_CNN/mnist_VAE_s15_v10_class_inv_grad_3/last' (iter 9180, epoch 34.0)
[Save Checkpoint] epoch: [34.0], Train: total:4937.94043, BCE:-21.68002, KLD:4959.62061,Test: total:19634.41016, BCE:-21.91804, KLD:19656.32617
=> saved checkpoint 'checkpoints_CNN/mnist_VAE_s15_v10_class_inv_grad_3/last' (iter 9450, epoch 35.0)
score:  75.22333333333333
score:  67.45
=> saved checkpoint 'checkpoint_scores_CNN/mnist_VAE_s15_v10_class_inv_grad_3/last' (iter 9450, epoch 35.0)
EarlyStopping counter: 1 out of 25
[Save Checkpoint] epoch: [35.0], Train: total:4918.10254, BCE:-22.19586, KLD:4940.29980,Test: total:19558.91016, BCE:-22.44031, KLD:19581.34961
=> saved checkpoint 'checkpoints_CNN/mnist_VAE_s15_v10_class_inv_grad_3/last' (iter 9720, epoch 36.0)
score:  74.81166666666667
score:  67.72
=> saved checkpoint 'checkpoint_scores_CNN/mnist_VAE_s15_v10_class_inv_grad_3/last' (iter 9720, epoch 36.0)
EarlyStopping counter: 2 out of 25
[Save Checkpoint] epoch: [36.0], Train: total:4947.41309, BCE:-22.93345, KLD:4970.34619,Test: total:19669.02148, BCE:-23.15218, KLD:19692.17773
=> saved checkpoint 'checkpoints_CNN/mnist_VAE_s15_v10_class_inv_grad_3/last' (iter 9990, epoch 37.0)
score:  74.60833333333333
score:  67.53
=> saved checkpoint 'checkpoint_scores_CNN/mnist_VAE_s15_v10_class_inv_grad_3/last' (iter 9990, epoch 37.0)
[Save Checkpoint] epoch: [37.0], Train: total:4906.69092, BCE:-22.87079, KLD:4929.56348,Test: total:19504.30664, BCE:-23.07809, KLD:19527.38477
=> saved checkpoint 'checkpoints_CNN/mnist_VAE_s15_v10_class_inv_grad_3/last' (iter 10260, epoch 38.0)
score:  74.24
score:  66.74
=> saved checkpoint 'checkpoint_scores_CNN/mnist_VAE_s15_v10_class_inv_grad_3/last' (iter 10260, epoch 38.0)
[Save Checkpoint] epoch: [38.0], Train: total:4955.14014, BCE:-23.37391, KLD:4978.51416,Test: total:19711.24023, BCE:-23.58820, KLD:19734.82812
=> saved checkpoint 'checkpoints_CNN/mnist_VAE_s15_v10_class_inv_grad_3/last' (iter 10530, epoch 39.0)
score:  74.56833333333333
score:  67.55
=> saved checkpoint 'checkpoint_scores_CNN/mnist_VAE_s15_v10_class_inv_grad_3/last' (iter 10530, epoch 39.0)
[Save Checkpoint] epoch: [39.0], Train: total:4921.71973, BCE:-23.04840, KLD:4944.76758,Test: total:19567.78125, BCE:-23.25567, KLD:19591.03711
=> saved checkpoint 'checkpoints_CNN/mnist_VAE_s15_v10_class_inv_grad_3/last' (iter 10800, epoch 40.0)
score:  74.19
score:  67.16
=> saved checkpoint 'checkpoint_scores_CNN/mnist_VAE_s15_v10_class_inv_grad_3/last' (iter 10800, epoch 40.0)
EarlyStopping counter: 1 out of 25
[Save Checkpoint] epoch: [40.0], Train: total:4918.48486, BCE:-22.86235, KLD:4941.34863,Test: total:19554.44727, BCE:-23.06818, KLD:19577.51367
=> saved checkpoint 'checkpoints_CNN/mnist_VAE_s15_v10_class_inv_grad_3/last' (iter 11070, epoch 41.0)
score:  74.58
score:  67.34
=> saved checkpoint 'checkpoint_scores_CNN/mnist_VAE_s15_v10_class_inv_grad_3/last' (iter 11070, epoch 41.0)
EarlyStopping counter: 2 out of 25
[Save Checkpoint] epoch: [41.0], Train: total:4943.41650, BCE:-22.75868, KLD:4966.17432,Test: total:19649.69727, BCE:-22.94014, KLD:19672.63672
=> saved checkpoint 'checkpoints_CNN/mnist_VAE_s15_v10_class_inv_grad_3/last' (iter 11340, epoch 42.0)
score:  73.85166666666667
score:  66.95
=> saved checkpoint 'checkpoint_scores_CNN/mnist_VAE_s15_v10_class_inv_grad_3/last' (iter 11340, epoch 42.0)
[Save Checkpoint] epoch: [42.0], Train: total:4922.68555, BCE:-22.99413, KLD:4945.67822,Test: total:19552.70117, BCE:-23.19701, KLD:19575.89844
=> saved checkpoint 'checkpoints_CNN/mnist_VAE_s15_v10_class_inv_grad_3/last' (iter 11610, epoch 43.0)
score:  73.74
score:  66.89
=> saved checkpoint 'checkpoint_scores_CNN/mnist_VAE_s15_v10_class_inv_grad_3/last' (iter 11610, epoch 43.0)
EarlyStopping counter: 1 out of 25
[Save Checkpoint] epoch: [43.0], Train: total:4939.69287, BCE:-23.37980, KLD:4963.07178,Test: total:19639.29102, BCE:-23.57110, KLD:19662.86523
=> saved checkpoint 'checkpoints_CNN/mnist_VAE_s15_v10_class_inv_grad_3/last' (iter 11880, epoch 44.0)
score:  73.295
score:  66.21
=> saved checkpoint 'checkpoint_scores_CNN/mnist_VAE_s15_v10_class_inv_grad_3/last' (iter 11880, epoch 44.0)
[Save Checkpoint] epoch: [44.0], Train: total:4891.16455, BCE:-23.05677, KLD:4914.21729,Test: total:19442.78711, BCE:-23.22546, KLD:19466.01172
=> saved checkpoint 'checkpoints_CNN/mnist_VAE_s15_v10_class_inv_grad_3/last' (iter 12150, epoch 45.0)
score:  72.96833333333333
score:  66.19
=> saved checkpoint 'checkpoint_scores_CNN/mnist_VAE_s15_v10_class_inv_grad_3/last' (iter 12150, epoch 45.0)
EarlyStopping counter: 1 out of 25
[Save Checkpoint] epoch: [45.0], Train: total:4855.81934, BCE:-23.34057, KLD:4879.16162,Test: total:19294.13867, BCE:-23.52909, KLD:19317.66602
=> saved checkpoint 'checkpoints_CNN/mnist_VAE_s15_v10_class_inv_grad_3/last' (iter 12420, epoch 46.0)
score:  73.00666666666666
score:  65.56
=> saved checkpoint 'checkpoint_scores_CNN/mnist_VAE_s15_v10_class_inv_grad_3/last' (iter 12420, epoch 46.0)
[Save Checkpoint] epoch: [46.0], Train: total:4906.40869, BCE:-23.29559, KLD:4929.70068,Test: total:19502.41992, BCE:-23.48393, KLD:19525.90430
=> saved checkpoint 'checkpoints_CNN/mnist_VAE_s15_v10_class_inv_grad_3/last' (iter 12690, epoch 47.0)
score:  72.64
score:  65.93
=> saved checkpoint 'checkpoint_scores_CNN/mnist_VAE_s15_v10_class_inv_grad_3/last' (iter 12690, epoch 47.0)
[Save Checkpoint] epoch: [47.0], Train: total:4938.95459, BCE:-23.30908, KLD:4962.26416,Test: total:19627.56055, BCE:-23.48971, KLD:19651.05273
=> saved checkpoint 'checkpoints_CNN/mnist_VAE_s15_v10_class_inv_grad_3/last' (iter 12960, epoch 48.0)
score:  72.61
score:  65.8
=> saved checkpoint 'checkpoint_scores_CNN/mnist_VAE_s15_v10_class_inv_grad_3/last' (iter 12960, epoch 48.0)
EarlyStopping counter: 1 out of 25
[Save Checkpoint] epoch: [48.0], Train: total:4878.44043, BCE:-23.37572, KLD:4901.81543,Test: total:19389.99023, BCE:-23.55128, KLD:19413.54102
=> saved checkpoint 'checkpoints_CNN/mnist_VAE_s15_v10_class_inv_grad_3/last' (iter 13230, epoch 49.0)
score:  72.955
score:  66.04
=> saved checkpoint 'checkpoint_scores_CNN/mnist_VAE_s15_v10_class_inv_grad_3/last' (iter 13230, epoch 49.0)
EarlyStopping counter: 2 out of 25
[Save Checkpoint] epoch: [49.0], Train: total:4936.37500, BCE:-23.79013, KLD:4960.16504,Test: total:19616.67969, BCE:-23.95309, KLD:19640.63281
=> saved checkpoint 'checkpoints_CNN/mnist_VAE_s15_v10_class_inv_grad_3/last' (iter 13500, epoch 50.0)
score:  72.65833333333333
score:  65.32
=> saved checkpoint 'checkpoint_scores_CNN/mnist_VAE_s15_v10_class_inv_grad_3/last' (iter 13500, epoch 50.0)
EarlyStopping counter: 3 out of 25
[Save Checkpoint] epoch: [50.0], Train: total:4933.74805, BCE:-23.93538, KLD:4957.68018,Test: total:19614.52344, BCE:-24.10242, KLD:19638.62500
=> saved checkpoint 'checkpoints_CNN/mnist_VAE_s15_v10_class_inv_grad_3/last' (iter 13770, epoch 51.0)
score:  72.51833333333333
score:  65.75
=> saved checkpoint 'checkpoint_scores_CNN/mnist_VAE_s15_v10_class_inv_grad_3/last' (iter 13770, epoch 51.0)
EarlyStopping counter: 4 out of 25
[Save Checkpoint] epoch: [51.0], Train: total:4871.36816, BCE:-23.80003, KLD:4895.17236,Test: total:19343.26562, BCE:-23.98435, KLD:19367.25000
=> saved checkpoint 'checkpoints_CNN/mnist_VAE_s15_v10_class_inv_grad_3/last' (iter 14040, epoch 52.0)
score:  72.095
score:  65.05
=> saved checkpoint 'checkpoint_scores_CNN/mnist_VAE_s15_v10_class_inv_grad_3/last' (iter 14040, epoch 52.0)
[Save Checkpoint] epoch: [52.0], Train: total:4875.79346, BCE:-23.89932, KLD:4899.69092,Test: total:19377.99805, BCE:-24.04256, KLD:19402.04102
=> saved checkpoint 'checkpoints_CNN/mnist_VAE_s15_v10_class_inv_grad_3/last' (iter 14310, epoch 53.0)
score:  71.80833333333334
score:  64.39
=> saved checkpoint 'checkpoint_scores_CNN/mnist_VAE_s15_v10_class_inv_grad_3/last' (iter 14310, epoch 53.0)
EarlyStopping counter: 1 out of 25
[Save Checkpoint] epoch: [53.0], Train: total:4852.19775, BCE:-23.90785, KLD:4876.10156,Test: total:19289.56055, BCE:-24.05874, KLD:19313.61914
=> saved checkpoint 'checkpoints_CNN/mnist_VAE_s15_v10_class_inv_grad_3/last' (iter 14580, epoch 54.0)
score:  71.64666666666666
score:  64.87
=> saved checkpoint 'checkpoint_scores_CNN/mnist_VAE_s15_v10_class_inv_grad_3/last' (iter 14580, epoch 54.0)
EarlyStopping counter: 2 out of 25
[Save Checkpoint] epoch: [54.0], Train: total:4899.55957, BCE:-24.12418, KLD:4923.68506,Test: total:19476.63477, BCE:-24.28920, KLD:19500.92578
=> saved checkpoint 'checkpoints_CNN/mnist_VAE_s15_v10_class_inv_grad_3/last' (iter 14850, epoch 55.0)
score:  71.64166666666667
score:  64.52
=> saved checkpoint 'checkpoint_scores_CNN/mnist_VAE_s15_v10_class_inv_grad_3/last' (iter 14850, epoch 55.0)
[Save Checkpoint] epoch: [55.0], Train: total:4897.03369, BCE:-23.97414, KLD:4921.01025,Test: total:19455.70117, BCE:-24.09735, KLD:19479.80078
=> saved checkpoint 'checkpoints_CNN/mnist_VAE_s15_v10_class_inv_grad_3/last' (iter 15120, epoch 56.0)
score:  71.47833333333334
score:  64.34
=> saved checkpoint 'checkpoint_scores_CNN/mnist_VAE_s15_v10_class_inv_grad_3/last' (iter 15120, epoch 56.0)
EarlyStopping counter: 1 out of 25
[Save Checkpoint] epoch: [56.0], Train: total:4852.63184, BCE:-24.20209, KLD:4876.83301,Test: total:19278.94336, BCE:-24.34225, KLD:19303.28320
=> saved checkpoint 'checkpoints_CNN/mnist_VAE_s15_v10_class_inv_grad_3/last' (iter 15390, epoch 57.0)
score:  71.35666666666667
score:  64.77
=> saved checkpoint 'checkpoint_scores_CNN/mnist_VAE_s15_v10_class_inv_grad_3/last' (iter 15390, epoch 57.0)
EarlyStopping counter: 2 out of 25
[Save Checkpoint] epoch: [57.0], Train: total:4958.28076, BCE:-24.37387, KLD:4982.65674,Test: total:19695.54688, BCE:-24.52124, KLD:19720.06836
=> saved checkpoint 'checkpoints_CNN/mnist_VAE_s15_v10_class_inv_grad_3/last' (iter 15660, epoch 58.0)
score:  70.92
score:  64.41
=> saved checkpoint 'checkpoint_scores_CNN/mnist_VAE_s15_v10_class_inv_grad_3/last' (iter 15660, epoch 58.0)
EarlyStopping counter: 3 out of 25
[Save Checkpoint] epoch: [58.0], Train: total:4844.78271, BCE:-24.49119, KLD:4869.27344,Test: total:19253.65039, BCE:-24.63438, KLD:19278.28516
=> saved checkpoint 'checkpoints_CNN/mnist_VAE_s15_v10_class_inv_grad_3/last' (iter 15930, epoch 59.0)
score:  71.675
score:  64.84
=> saved checkpoint 'checkpoint_scores_CNN/mnist_VAE_s15_v10_class_inv_grad_3/last' (iter 15930, epoch 59.0)
[Save Checkpoint] epoch: [59.0], Train: total:4884.66455, BCE:-24.47883, KLD:4909.14160,Test: total:19417.26758, BCE:-24.61302, KLD:19441.88281
=> saved checkpoint 'checkpoints_CNN/mnist_VAE_s15_v10_class_inv_grad_3/last' (iter 16200, epoch 60.0)
score:  70.975
score:  64.29
=> saved checkpoint 'checkpoint_scores_CNN/mnist_VAE_s15_v10_class_inv_grad_3/last' (iter 16200, epoch 60.0)
EarlyStopping counter: 1 out of 25
[Save Checkpoint] epoch: [60.0], Train: total:4864.54785, BCE:-24.67721, KLD:4889.22559,Test: total:19327.02930, BCE:-24.79168, KLD:19351.82227
=> saved checkpoint 'checkpoints_CNN/mnist_VAE_s15_v10_class_inv_grad_3/last' (iter 16470, epoch 61.0)
score:  70.765
score:  63.48
=> saved checkpoint 'checkpoint_scores_CNN/mnist_VAE_s15_v10_class_inv_grad_3/last' (iter 16470, epoch 61.0)
EarlyStopping counter: 2 out of 25
[Save Checkpoint] epoch: [61.0], Train: total:4885.08691, BCE:-24.96922, KLD:4910.05615,Test: total:19404.07617, BCE:-25.08134, KLD:19429.15820
=> saved checkpoint 'checkpoints_CNN/mnist_VAE_s15_v10_class_inv_grad_3/last' (iter 16740, epoch 62.0)
score:  70.72333333333333
score:  63.82
=> saved checkpoint 'checkpoint_scores_CNN/mnist_VAE_s15_v10_class_inv_grad_3/last' (iter 16740, epoch 62.0)
EarlyStopping counter: 3 out of 25
[Save Checkpoint] epoch: [62.0], Train: total:4896.17383, BCE:-24.74311, KLD:4920.91504,Test: total:19458.45508, BCE:-24.86782, KLD:19483.32227
=> saved checkpoint 'checkpoints_CNN/mnist_VAE_s15_v10_class_inv_grad_3/last' (iter 17010, epoch 63.0)
score:  70.59333333333333
score:  63.83
=> saved checkpoint 'checkpoint_scores_CNN/mnist_VAE_s15_v10_class_inv_grad_3/last' (iter 17010, epoch 63.0)
EarlyStopping counter: 4 out of 25
[Save Checkpoint] epoch: [63.0], Train: total:4864.41504, BCE:-24.69812, KLD:4889.11572,Test: total:19318.68750, BCE:-24.81955, KLD:19343.50586
=> saved checkpoint 'checkpoints_CNN/mnist_VAE_s15_v10_class_inv_grad_3/last' (iter 17280, epoch 64.0)
score:  70.76333333333334
score:  63.97
=> saved checkpoint 'checkpoint_scores_CNN/mnist_VAE_s15_v10_class_inv_grad_3/last' (iter 17280, epoch 64.0)
[Save Checkpoint] epoch: [64.0], Train: total:4862.05029, BCE:-24.35707, KLD:4886.40771,Test: total:19300.24805, BCE:-24.47064, KLD:19324.71680
=> saved checkpoint 'checkpoints_CNN/mnist_VAE_s15_v10_class_inv_grad_3/last' (iter 17550, epoch 65.0)
score:  70.60166666666667
score:  63.81
=> saved checkpoint 'checkpoint_scores_CNN/mnist_VAE_s15_v10_class_inv_grad_3/last' (iter 17550, epoch 65.0)
EarlyStopping counter: 1 out of 25
[Save Checkpoint] epoch: [65.0], Train: total:4839.72852, BCE:-24.46303, KLD:4864.19287,Test: total:19219.59961, BCE:-24.57195, KLD:19244.17188
=> saved checkpoint 'checkpoints_CNN/mnist_VAE_s15_v10_class_inv_grad_3/last' (iter 17820, epoch 66.0)
score:  69.875
score:  63.51
=> saved checkpoint 'checkpoint_scores_CNN/mnist_VAE_s15_v10_class_inv_grad_3/last' (iter 17820, epoch 66.0)
EarlyStopping counter: 2 out of 25
[Save Checkpoint] epoch: [66.0], Train: total:4847.63672, BCE:-24.80775, KLD:4872.44727,Test: total:19265.70117, BCE:-24.92401, KLD:19290.62500
=> saved checkpoint 'checkpoints_CNN/mnist_VAE_s15_v10_class_inv_grad_3/last' (iter 18090, epoch 67.0)
score:  69.93333333333334
score:  63.21
=> saved checkpoint 'checkpoint_scores_CNN/mnist_VAE_s15_v10_class_inv_grad_3/last' (iter 18090, epoch 67.0)
EarlyStopping counter: 3 out of 25
[Save Checkpoint] epoch: [67.0], Train: total:4905.40186, BCE:-25.07619, KLD:4930.47705,Test: total:19479.80078, BCE:-25.19712, KLD:19504.99805
=> saved checkpoint 'checkpoints_CNN/mnist_VAE_s15_v10_class_inv_grad_3/last' (iter 18360, epoch 68.0)
score:  69.43166666666667
score:  62.97
=> saved checkpoint 'checkpoint_scores_CNN/mnist_VAE_s15_v10_class_inv_grad_3/last' (iter 18360, epoch 68.0)
EarlyStopping counter: 4 out of 25
[Save Checkpoint] epoch: [68.0], Train: total:4892.92285, BCE:-25.49900, KLD:4918.42236,Test: total:19439.31836, BCE:-25.58520, KLD:19464.90430
=> saved checkpoint 'checkpoints_CNN/mnist_VAE_s15_v10_class_inv_grad_3/last' (iter 18630, epoch 69.0)
score:  69.41666666666667
score:  63.21
=> saved checkpoint 'checkpoint_scores_CNN/mnist_VAE_s15_v10_class_inv_grad_3/last' (iter 18630, epoch 69.0)
[Save Checkpoint] epoch: [69.0], Train: total:4858.25830, BCE:-25.41513, KLD:4883.67383,Test: total:19294.01367, BCE:-25.51969, KLD:19319.53516
=> saved checkpoint 'checkpoints_CNN/mnist_VAE_s15_v10_class_inv_grad_3/last' (iter 18900, epoch 70.0)
score:  69.33666666666667
score:  62.26
=> saved checkpoint 'checkpoint_scores_CNN/mnist_VAE_s15_v10_class_inv_grad_3/last' (iter 18900, epoch 70.0)
EarlyStopping counter: 1 out of 25
[Save Checkpoint] epoch: [70.0], Train: total:4835.80762, BCE:-25.53450, KLD:4861.34229,Test: total:19210.95312, BCE:-25.63087, KLD:19236.58203
=> saved checkpoint 'checkpoints_CNN/mnist_VAE_s15_v10_class_inv_grad_3/last' (iter 19170, epoch 71.0)
score:  69.885
score:  63.5
=> saved checkpoint 'checkpoint_scores_CNN/mnist_VAE_s15_v10_class_inv_grad_3/last' (iter 19170, epoch 71.0)
EarlyStopping counter: 2 out of 25
[Save Checkpoint] epoch: [71.0], Train: total:4899.37500, BCE:-25.37021, KLD:4924.74365,Test: total:19464.83398, BCE:-25.46977, KLD:19490.30273
=> saved checkpoint 'checkpoints_CNN/mnist_VAE_s15_v10_class_inv_grad_3/last' (iter 19440, epoch 72.0)
score:  69.23333333333333
score:  62.67
=> saved checkpoint 'checkpoint_scores_CNN/mnist_VAE_s15_v10_class_inv_grad_3/last' (iter 19440, epoch 72.0)
EarlyStopping counter: 3 out of 25
[Save Checkpoint] epoch: [72.0], Train: total:4873.60352, BCE:-25.48586, KLD:4899.08740,Test: total:19349.75977, BCE:-25.58480, KLD:19375.34766
=> saved checkpoint 'checkpoints_CNN/mnist_VAE_s15_v10_class_inv_grad_3/last' (iter 19710, epoch 73.0)
score:  69.20833333333333
score:  62.24
=> saved checkpoint 'checkpoint_scores_CNN/mnist_VAE_s15_v10_class_inv_grad_3/last' (iter 19710, epoch 73.0)
EarlyStopping counter: 4 out of 25
[Save Checkpoint] epoch: [73.0], Train: total:4859.76416, BCE:-25.29985, KLD:4885.06592,Test: total:19305.01172, BCE:-25.39593, KLD:19330.40625
Epoch    74: reducing learning rate of group 0 to 2.0000e-04.
=> saved checkpoint 'checkpoints_CNN/mnist_VAE_s15_v10_class_inv_grad_3/last' (iter 19980, epoch 74.0)
score:  68.97666666666667
score:  62.52
=> saved checkpoint 'checkpoint_scores_CNN/mnist_VAE_s15_v10_class_inv_grad_3/last' (iter 19980, epoch 74.0)
EarlyStopping counter: 5 out of 25
[Save Checkpoint] epoch: [74.0], Train: total:4839.23633, BCE:-25.05100, KLD:4864.28857,Test: total:19210.54688, BCE:-25.11067, KLD:19235.65430
=> saved checkpoint 'checkpoints_CNN/mnist_VAE_s15_v10_class_inv_grad_3/last' (iter 20250, epoch 75.0)
score:  68.795
score:  62.38
=> saved checkpoint 'checkpoint_scores_CNN/mnist_VAE_s15_v10_class_inv_grad_3/last' (iter 20250, epoch 75.0)
[Save Checkpoint] epoch: [75.0], Train: total:4848.54248, BCE:-25.07211, KLD:4873.61426,Test: total:19259.58398, BCE:-25.15503, KLD:19284.73828
=> saved checkpoint 'checkpoints_CNN/mnist_VAE_s15_v10_class_inv_grad_3/last' (iter 20520, epoch 76.0)
score:  68.80833333333334
score:  62.42
=> saved checkpoint 'checkpoint_scores_CNN/mnist_VAE_s15_v10_class_inv_grad_3/last' (iter 20520, epoch 76.0)
EarlyStopping counter: 1 out of 25
[Save Checkpoint] epoch: [76.0], Train: total:4868.13574, BCE:-25.01501, KLD:4893.14893,Test: total:19333.58789, BCE:-25.09039, KLD:19358.67969
=> saved checkpoint 'checkpoints_CNN/mnist_VAE_s15_v10_class_inv_grad_3/last' (iter 20790, epoch 77.0)
score:  68.71833333333333
score:  61.74
=> saved checkpoint 'checkpoint_scores_CNN/mnist_VAE_s15_v10_class_inv_grad_3/last' (iter 20790, epoch 77.0)
[Save Checkpoint] epoch: [77.0], Train: total:4855.40039, BCE:-25.07480, KLD:4880.47607,Test: total:19279.66406, BCE:-25.15965, KLD:19304.82031
=> saved checkpoint 'checkpoints_CNN/mnist_VAE_s15_v10_class_inv_grad_3/last' (iter 21060, epoch 78.0)
score:  68.93833333333333
score:  62.74
=> saved checkpoint 'checkpoint_scores_CNN/mnist_VAE_s15_v10_class_inv_grad_3/last' (iter 21060, epoch 78.0)
EarlyStopping counter: 1 out of 25
[Save Checkpoint] epoch: [78.0], Train: total:4842.95654, BCE:-25.20503, KLD:4868.15967,Test: total:19232.38867, BCE:-25.27444, KLD:19257.66211
=> saved checkpoint 'checkpoints_CNN/mnist_VAE_s15_v10_class_inv_grad_3/last' (iter 21330, epoch 79.0)
score:  68.79666666666667
score:  62.32
=> saved checkpoint 'checkpoint_scores_CNN/mnist_VAE_s15_v10_class_inv_grad_3/last' (iter 21330, epoch 79.0)
EarlyStopping counter: 2 out of 25
[Save Checkpoint] epoch: [79.0], Train: total:4840.55127, BCE:-25.04054, KLD:4865.58936,Test: total:19222.91992, BCE:-25.12321, KLD:19248.04492
=> saved checkpoint 'checkpoints_CNN/mnist_VAE_s15_v10_class_inv_grad_3/last' (iter 21600, epoch 80.0)
score:  68.43833333333333
score:  61.85
=> saved checkpoint 'checkpoint_scores_CNN/mnist_VAE_s15_v10_class_inv_grad_3/last' (iter 21600, epoch 80.0)
EarlyStopping counter: 3 out of 25
[Save Checkpoint] epoch: [80.0], Train: total:4857.86426, BCE:-25.09745, KLD:4882.96191,Test: total:19291.70312, BCE:-25.16772, KLD:19316.86914
=> saved checkpoint 'checkpoints_CNN/mnist_VAE_s15_v10_class_inv_grad_3/last' (iter 21870, epoch 81.0)
score:  68.31166666666667
score:  62.0
=> saved checkpoint 'checkpoint_scores_CNN/mnist_VAE_s15_v10_class_inv_grad_3/last' (iter 21870, epoch 81.0)
[Save Checkpoint] epoch: [81.0], Train: total:4838.20068, BCE:-25.15602, KLD:4863.35400,Test: total:19212.88281, BCE:-25.22608, KLD:19238.10938
=> saved checkpoint 'checkpoints_CNN/mnist_VAE_s15_v10_class_inv_grad_3/last' (iter 22140, epoch 82.0)
score:  68.725
score:  61.82
=> saved checkpoint 'checkpoint_scores_CNN/mnist_VAE_s15_v10_class_inv_grad_3/last' (iter 22140, epoch 82.0)
EarlyStopping counter: 1 out of 25
[Save Checkpoint] epoch: [82.0], Train: total:4848.59326, BCE:-25.15349, KLD:4873.74561,Test: total:19257.24219, BCE:-25.22514, KLD:19282.46680
=> saved checkpoint 'checkpoints_CNN/mnist_VAE_s15_v10_class_inv_grad_3/last' (iter 22410, epoch 83.0)
score:  68.12833333333333
score:  61.89
=> saved checkpoint 'checkpoint_scores_CNN/mnist_VAE_s15_v10_class_inv_grad_3/last' (iter 22410, epoch 83.0)
EarlyStopping counter: 2 out of 25
[Save Checkpoint] epoch: [83.0], Train: total:4824.71338, BCE:-25.27461, KLD:4849.98779,Test: total:19160.66992, BCE:-25.34272, KLD:19186.01367
=> saved checkpoint 'checkpoints_CNN/mnist_VAE_s15_v10_class_inv_grad_3/last' (iter 22680, epoch 84.0)
score:  68.5
score:  61.98
=> saved checkpoint 'checkpoint_scores_CNN/mnist_VAE_s15_v10_class_inv_grad_3/last' (iter 22680, epoch 84.0)
[Save Checkpoint] epoch: [84.0], Train: total:4864.69971, BCE:-25.14908, KLD:4889.85059,Test: total:19317.93555, BCE:-25.20922, KLD:19343.14453
=> saved checkpoint 'checkpoints_CNN/mnist_VAE_s15_v10_class_inv_grad_3/last' (iter 22950, epoch 85.0)
score:  68.32833333333333
score:  61.47
=> saved checkpoint 'checkpoint_scores_CNN/mnist_VAE_s15_v10_class_inv_grad_3/last' (iter 22950, epoch 85.0)
EarlyStopping counter: 1 out of 25
[Save Checkpoint] epoch: [85.0], Train: total:4854.13770, BCE:-25.12407, KLD:4879.26221,Test: total:19276.58203, BCE:-25.20606, KLD:19301.79102
=> saved checkpoint 'checkpoints_CNN/mnist_VAE_s15_v10_class_inv_grad_3/last' (iter 23220, epoch 86.0)
score:  68.41
score:  61.58
=> saved checkpoint 'checkpoint_scores_CNN/mnist_VAE_s15_v10_class_inv_grad_3/last' (iter 23220, epoch 86.0)
EarlyStopping counter: 2 out of 25
[Save Checkpoint] epoch: [86.0], Train: total:4859.48242, BCE:-25.22545, KLD:4884.70703,Test: total:19298.72852, BCE:-25.28721, KLD:19324.01367
=> saved checkpoint 'checkpoints_CNN/mnist_VAE_s15_v10_class_inv_grad_3/last' (iter 23490, epoch 87.0)
score:  68.255
score:  61.63
=> saved checkpoint 'checkpoint_scores_CNN/mnist_VAE_s15_v10_class_inv_grad_3/last' (iter 23490, epoch 87.0)
EarlyStopping counter: 3 out of 25
[Save Checkpoint] epoch: [87.0], Train: total:4845.08496, BCE:-25.00719, KLD:4870.09229,Test: total:19237.91602, BCE:-25.07920, KLD:19262.99609
=> saved checkpoint 'checkpoints_CNN/mnist_VAE_s15_v10_class_inv_grad_3/last' (iter 23760, epoch 88.0)
score:  68.29166666666667
score:  61.68
=> saved checkpoint 'checkpoint_scores_CNN/mnist_VAE_s15_v10_class_inv_grad_3/last' (iter 23760, epoch 88.0)
EarlyStopping counter: 4 out of 25
[Save Checkpoint] epoch: [88.0], Train: total:4841.93604, BCE:-25.13955, KLD:4867.07422,Test: total:19224.17188, BCE:-25.19585, KLD:19249.36523
Epoch    89: reducing learning rate of group 0 to 4.0000e-05.
=> saved checkpoint 'checkpoints_CNN/mnist_VAE_s15_v10_class_inv_grad_3/last' (iter 24030, epoch 89.0)
score:  68.38333333333334
score:  61.76
=> saved checkpoint 'checkpoint_scores_CNN/mnist_VAE_s15_v10_class_inv_grad_3/last' (iter 24030, epoch 89.0)
EarlyStopping counter: 5 out of 25
[Save Checkpoint] epoch: [89.0], Train: total:4860.88086, BCE:-25.05306, KLD:4885.93408,Test: total:19300.71484, BCE:-25.11384, KLD:19325.82617
=> saved checkpoint 'checkpoints_CNN/mnist_VAE_s15_v10_class_inv_grad_3/last' (iter 24300, epoch 90.0)
score:  68.36333333333333
score:  61.92
=> saved checkpoint 'checkpoint_scores_CNN/mnist_VAE_s15_v10_class_inv_grad_3/last' (iter 24300, epoch 90.0)
EarlyStopping counter: 6 out of 25
[Save Checkpoint] epoch: [90.0], Train: total:4824.44629, BCE:-24.91759, KLD:4849.36621,Test: total:19156.59766, BCE:-24.99738, KLD:19181.59375
=> saved checkpoint 'checkpoints_CNN/mnist_VAE_s15_v10_class_inv_grad_3/last' (iter 24570, epoch 91.0)
score:  68.28666666666666
score:  61.19
=> saved checkpoint 'checkpoint_scores_CNN/mnist_VAE_s15_v10_class_inv_grad_3/last' (iter 24570, epoch 91.0)
EarlyStopping counter: 7 out of 25
[Save Checkpoint] epoch: [91.0], Train: total:4836.80713, BCE:-24.92719, KLD:4861.73486,Test: total:19205.52930, BCE:-25.01680, KLD:19230.54688
=> saved checkpoint 'checkpoints_CNN/mnist_VAE_s15_v10_class_inv_grad_3/last' (iter 24840, epoch 92.0)
score:  68.28833333333333
score:  61.91
=> saved checkpoint 'checkpoint_scores_CNN/mnist_VAE_s15_v10_class_inv_grad_3/last' (iter 24840, epoch 92.0)
EarlyStopping counter: 8 out of 25
[Save Checkpoint] epoch: [92.0], Train: total:4831.39551, BCE:-24.94135, KLD:4856.33984,Test: total:19183.36719, BCE:-25.02455, KLD:19208.39258
=> saved checkpoint 'checkpoints_CNN/mnist_VAE_s15_v10_class_inv_grad_3/last' (iter 25110, epoch 93.0)
score:  68.39166666666667
score:  62.15
=> saved checkpoint 'checkpoint_scores_CNN/mnist_VAE_s15_v10_class_inv_grad_3/last' (iter 25110, epoch 93.0)
EarlyStopping counter: 9 out of 25
[Save Checkpoint] epoch: [93.0], Train: total:4840.11572, BCE:-24.90668, KLD:4865.02148,Test: total:19219.16016, BCE:-24.98304, KLD:19244.14062
Epoch    94: reducing learning rate of group 0 to 8.0000e-06.
=> saved checkpoint 'checkpoints_CNN/mnist_VAE_s15_v10_class_inv_grad_3/last' (iter 25380, epoch 94.0)
score:  68.38666666666667
score:  61.77
=> saved checkpoint 'checkpoint_scores_CNN/mnist_VAE_s15_v10_class_inv_grad_3/last' (iter 25380, epoch 94.0)
EarlyStopping counter: 10 out of 25
[Save Checkpoint] epoch: [94.0], Train: total:4845.42773, BCE:-24.83507, KLD:4870.25830,Test: total:19239.06055, BCE:-24.91609, KLD:19263.97461
=> saved checkpoint 'checkpoints_CNN/mnist_VAE_s15_v10_class_inv_grad_3/last' (iter 25650, epoch 95.0)
score:  68.04
score:  61.26
=> saved checkpoint 'checkpoint_scores_CNN/mnist_VAE_s15_v10_class_inv_grad_3/last' (iter 25650, epoch 95.0)
EarlyStopping counter: 11 out of 25
[Save Checkpoint] epoch: [95.0], Train: total:4836.26758, BCE:-24.86658, KLD:4861.13770,Test: total:19203.25391, BCE:-24.93639, KLD:19228.19141
=> saved checkpoint 'checkpoints_CNN/mnist_VAE_s15_v10_class_inv_grad_3/last' (iter 25920, epoch 96.0)
score:  68.24166666666666
score:  62.16
=> saved checkpoint 'checkpoint_scores_CNN/mnist_VAE_s15_v10_class_inv_grad_3/last' (iter 25920, epoch 96.0)
EarlyStopping counter: 12 out of 25
[Save Checkpoint] epoch: [96.0], Train: total:4830.76660, BCE:-24.88854, KLD:4855.65479,Test: total:19180.57617, BCE:-24.96333, KLD:19205.54102
=> saved checkpoint 'checkpoints_CNN/mnist_VAE_s15_v10_class_inv_grad_3/last' (iter 26190, epoch 97.0)
score:  68.10666666666667
score:  61.84
=> saved checkpoint 'checkpoint_scores_CNN/mnist_VAE_s15_v10_class_inv_grad_3/last' (iter 26190, epoch 97.0)
EarlyStopping counter: 13 out of 25
[Save Checkpoint] epoch: [97.0], Train: total:4828.66895, BCE:-24.90038, KLD:4853.57178,Test: total:19172.51367, BCE:-24.97569, KLD:19197.49023
=> saved checkpoint 'checkpoints_CNN/mnist_VAE_s15_v10_class_inv_grad_3/last' (iter 26460, epoch 98.0)
score:  68.115
score:  61.43
=> saved checkpoint 'checkpoint_scores_CNN/mnist_VAE_s15_v10_class_inv_grad_3/last' (iter 26460, epoch 98.0)
EarlyStopping counter: 14 out of 25
[Save Checkpoint] epoch: [98.0], Train: total:4829.51367, BCE:-24.86540, KLD:4854.37598,Test: total:19176.24805, BCE:-24.95710, KLD:19201.20117
Epoch    99: reducing learning rate of group 0 to 1.6000e-06.
=> saved checkpoint 'checkpoints_CNN/mnist_VAE_s15_v10_class_inv_grad_3/last' (iter 26730, epoch 99.0)
score:  68.19666666666667
score:  61.5
=> saved checkpoint 'checkpoint_scores_CNN/mnist_VAE_s15_v10_class_inv_grad_3/last' (iter 26730, epoch 99.0)
EarlyStopping counter: 15 out of 25
[Save Checkpoint] epoch: [99.0], Train: total:4822.56641, BCE:-24.87917, KLD:4847.44727,Test: total:19148.59961, BCE:-24.95405, KLD:19173.55859
=> saved checkpoint 'checkpoints_CNN/mnist_VAE_s15_v10_class_inv_grad_3/last' (iter 27000, epoch 100.0)
score:  68.25
score:  61.87
=> saved checkpoint 'checkpoint_scores_CNN/mnist_VAE_s15_v10_class_inv_grad_3/last' (iter 27000, epoch 100.0)
EarlyStopping counter: 16 out of 25
[Save Checkpoint] epoch: [100.0], Train: total:4828.47998, BCE:-24.91869, KLD:4853.40332,Test: total:19172.41602, BCE:-25.00972, KLD:19197.42578
[Training Finished]
All done !
