28
--gpu_devices 0 --max_iter 100 --batch_size 250 --use_scheduler True --lr 1e-3 --GMP True --z_struct_size 25 --is_VAE True --lambda_BCE 1 --beta 1 --big_kernel_size 8 --two_conv_layer True --three_conv_layer True --kernel_size_1 4 --kernel_size_2 4 --kernel_size_3 4 --BK_in_first_layer True --BK_in_second_layer False --BK_in_third_layer False --stride_size 1 --hidden_filters_layer1 64 --hidden_filters_layer2 64 --hidden_filters_layer3 64 --dataset_balanced True --binary_z True --binary_first_conv False --binary_second_conv False --binary_third_conv True --encoder_struct_name mnist_ES_binary_25 --freeze_Encoder True --ES_reconstruction True --exp_name mnist_ES_reconstruction_s25_PT
Namespace(BK_in_first_layer=True, BK_in_second_layer=False, BK_in_third_layer=False, BN=False, C_max=25, C_stop_iter=100000.0, E1_AE=False, E1_VAE=False, E1_conv=False, E1_dense=False, E1_second_conv=False, E1_second_conv_adapt=False, ES_reconstruction=True, EV_classifier=False, GMP=True, Hmg_dst_loss=False, IPC=False, L1_norm_act=False, L1_norm_weights=False, L2_dst_loss=False, L3_without_random=False, LOG_DIR='logs', PT_model=False, PT_model_EV_classifier=False, adapt_lr=False, add_classification_layer=True, add_dl_class=False, add_linear_after_GMP=True, add_z_struct_bottleneck=False, alpha=32, batch_size=250, beta=1.0, beta1=0.9, beta2=0.999, big_kernel=False, big_kernel_size=8, bin_after_GMP=False, binary_chain=False, binary_first_conv=False, binary_second_conv=False, binary_third_conv=True, binary_z=True, both_decoders_freeze=False, ckpt_dir='checkpoints_CNN', ckpt_dir_scores='checkpoint_scores_CNN', classif_layer_size=30, contrastive_loss=False, cuda=True, dataset='mnist', dataset_balanced=True, decoder_first_dense=36, decoder_kernel_size_1=4, decoder_kernel_size_2=3, decoder_kernel_size_3=4, decoder_n_filter_1=64, decoder_n_filter_2=64, decoder_n_filter_3=64, decoder_stride_1=2, decoder_stride_2=2, decoder_stride_3=1, diff_var=False, display_step=10000, dset_dir='data', encoder_struct_name='mnist_ES_binary_25', encoder_var_name='mnist_vae_var_deeper_2cb_1_1', exp_name='mnist_ES_reconstruction_s25_PT', freeze_Encoder=True, gamma=1000, gpu_devices=[0], grad_inv=False, hidden_dim=20, hidden_filters_layer1=64, hidden_filters_layer2=64, hidden_filters_layer3=64, image_size=64, intra_class_variance_loss=False, is_C=True, is_E1=False, is_VAE=True, is_VAE_var=False, is_binary_structural_latent=False, is_custom_model=False, is_custom_model_BK=False, is_default_model=False, is_encoder_struct=False, is_noise_stats=False, is_partial_rand_class=False, is_perturbed_score=False, is_zvar_sim_loss=False, just_train=False, kernel_size=4, kernel_size_1=4, kernel_size_2=4, kernel_size_3=4, lambda_BCE=1.0, lambda_Kl_struct=1, lambda_Kl_var=1, lambda_L1=0.01, lambda_L2_dst=1, lambda_VAE=1, lambda_class=1, lambda_contrastive_loss=1, lambda_distance_mean=1, lambda_hmg_dst=1, lambda_intra_class_var=1, lambda_partial_class=1, lambda_ratio_reg=1, lambda_recon_wt_rand=1, lambda_recons=1, lambda_uniq_code_dst=1, lambda_var_distance=1, lambda_var_inter=1, lambda_var_intra=1, lambda_zvar_sim=1, latent_spec_cont=None, latent_spec_cont_class=None, latent_spec_cont_var=None, latent_spec_disc=None, latent_spec_disc_class=None, latent_spec_disc_var=None, log_level='info', loss='Proxy_Anchor', loss_distance_mean=False, loss_min_distance_cl=False, lr=0.001, max_epoch_use_uniq_code_target=5, max_iter=100.0, model='CNN', mrg=0.1, nb_epochs_train_only_zvar=0, num_workers=2, old_weighted=False, optimizer='adamw', other_architecture=False, other_ratio=False, random_percentage=0.2, random_seed=10, randomness=True, ratio_reg=False, remark='', save_step=10000, second_layer_C=False, seed=1, stride_size=1, sz_embedding=5, three_conv_layer=True, train=True, train_var_struct_alternatively=False, two_conv_layer=True, two_encoder=False, uniq_code_dst_loss=False, use_VAE=False, use_decoder=False, use_early_stopping=True, use_scheduler=True, use_small_lr_encoder_var=False, use_structural_encoder=False, value_target_distance_mean=1, var_hidden_dim=256, var_hidden_filters_1=32, var_hidden_filters_2=32, var_hidden_filters_3=32, var_kernel_size_1=3, var_kernel_size_2=3, var_kernel_size_3=3, var_second_cnn_block=True, var_stride_size_1=1, var_stride_size_2=1, var_stride_size_3=1, var_third_cnn_block=False, var_three_conv_layer=False, warm=1, without_acc=False, z_struct_size=25, z_var_size=5, zeros_W_Classif=False, zvar_sim_change_zvar=False, zvar_sim_loss_for_all_model=False, zvar_sim_loss_only_for_encoder=False, zvar_sim_normal=False, zvar_sim_var_rand=False)
CUDA Visible devices !
[Using Seed: 10]
Balanced dataset loaded
VAE doesn't exist but encoder struct yes ! load struct encoder weighs !
=> loaded checkpoint 'checkpoints_CNN/mnist_ES_binary_25/last (iter 22680)'
Weighs loaded for struct encoder !
use 1 gpu who named: Tesla V100-SXM2-32GB
VAE(
  (encoder_struct): Sequential(
    (0): Conv2d(1, 64, kernel_size=(8, 8), stride=(1, 1))
    (1): BatchNorm2d(64, eps=1e-05, momentum=0.1, affine=True, track_running_stats=True)
    (2): ReLU(inplace=True)
    (3): Conv2d(64, 64, kernel_size=(4, 4), stride=(1, 1))
    (4): BatchNorm2d(64, eps=1e-05, momentum=0.1, affine=True, track_running_stats=True)
    (5): ReLU(inplace=True)
    (6): Conv2d(64, 25, kernel_size=(4, 4), stride=(1, 1))
    (7): BatchNorm2d(25, eps=1e-05, momentum=0.1, affine=True, track_running_stats=True)
    (8): ReLU(inplace=True)
    (9): AdaptiveMaxPool2d(output_size=(1, 1))
    (10): View()
    (11): DeterministicBinaryActivation(
      (act): Hardsigmoid(
        (act): Hardtanh(min_val=-1.0, max_val=1.0)
      )
    )
  )
  (decoder): Sequential(
    (0): Linear(in_features=25, out_features=1600, bias=True)
    (1): ReLU(inplace=True)
    (2): View()
    (3): ConvTranspose2d(64, 64, kernel_size=(4, 4), stride=(2, 2), padding=(1, 1))
    (4): ReLU(inplace=True)
    (5): ConvTranspose2d(64, 64, kernel_size=(3, 3), stride=(1, 1))
    (6): ReLU(inplace=True)
    (7): ConvTranspose2d(64, 32, kernel_size=(3, 3), stride=(1, 1))
    (8): ReLU(inplace=True)
    (9): ConvTranspose2d(32, 32, kernel_size=(4, 4), stride=(2, 2), padding=(1, 1))
    (10): ReLU(inplace=True)
    (11): ConvTranspose2d(32, 32, kernel_size=(3, 3), stride=(1, 1))
    (12): ReLU(inplace=True)
    (13): ConvTranspose2d(32, 1, kernel_size=(3, 3), stride=(1, 1))
    (14): Sigmoid()
  )
)
The number of parameters of model is 284236
=> saved checkpoint 'checkpoints_CNN/mnist_ES_reconstruction_s25_PT/last' (iter 270, epoch 1.0)
score:  0.0
score:  0.0
=> saved checkpoint 'checkpoint_scores_CNN/mnist_ES_reconstruction_s25_PT/last' (iter 270, epoch 1.0)
[Save Checkpoint] epoch: [1.0], Train: total:-1336.79578, BCE:-9.87354, KLD:0.00000,Test: total:-54.89414, BCE:-10.01788, KLD:0.00000
=> saved checkpoint 'checkpoints_CNN/mnist_ES_reconstruction_s25_PT/last' (iter 540, epoch 2.0)
score:  0.0
score:  0.0
=> saved checkpoint 'checkpoint_scores_CNN/mnist_ES_reconstruction_s25_PT/last' (iter 540, epoch 2.0)
[Save Checkpoint] epoch: [2.0], Train: total:-905.93585, BCE:-6.68744, KLD:0.00000,Test: total:-36.96024, BCE:-6.77952, KLD:0.00000
=> saved checkpoint 'checkpoints_CNN/mnist_ES_reconstruction_s25_PT/last' (iter 810, epoch 3.0)
score:  0.0
score:  0.0
=> saved checkpoint 'checkpoint_scores_CNN/mnist_ES_reconstruction_s25_PT/last' (iter 810, epoch 3.0)
[Save Checkpoint] epoch: [3.0], Train: total:-891.74390, BCE:-6.58140, KLD:0.00000,Test: total:-36.28288, BCE:-6.66815, KLD:0.00000
=> saved checkpoint 'checkpoints_CNN/mnist_ES_reconstruction_s25_PT/last' (iter 1080, epoch 4.0)
score:  0.0
score:  0.0
=> saved checkpoint 'checkpoint_scores_CNN/mnist_ES_reconstruction_s25_PT/last' (iter 1080, epoch 4.0)
[Save Checkpoint] epoch: [4.0], Train: total:-916.15106, BCE:-6.76170, KLD:0.00000,Test: total:-37.23661, BCE:-6.84762, KLD:0.00000
=> saved checkpoint 'checkpoints_CNN/mnist_ES_reconstruction_s25_PT/last' (iter 1350, epoch 5.0)
score:  0.0
score:  0.0
=> saved checkpoint 'checkpoint_scores_CNN/mnist_ES_reconstruction_s25_PT/last' (iter 1350, epoch 5.0)
[Save Checkpoint] epoch: [5.0], Train: total:-959.03235, BCE:-7.07860, KLD:0.00000,Test: total:-38.95735, BCE:-7.16338, KLD:0.00000
=> saved checkpoint 'checkpoints_CNN/mnist_ES_reconstruction_s25_PT/last' (iter 1620, epoch 6.0)
score:  0.0
score:  0.0
=> saved checkpoint 'checkpoint_scores_CNN/mnist_ES_reconstruction_s25_PT/last' (iter 1620, epoch 6.0)
[Save Checkpoint] epoch: [6.0], Train: total:-982.19916, BCE:-7.24935, KLD:0.00000,Test: total:-39.85789, BCE:-7.33518, KLD:0.00000
=> saved checkpoint 'checkpoints_CNN/mnist_ES_reconstruction_s25_PT/last' (iter 1890, epoch 7.0)
score:  0.0
score:  0.0
=> saved checkpoint 'checkpoint_scores_CNN/mnist_ES_reconstruction_s25_PT/last' (iter 1890, epoch 7.0)
[Save Checkpoint] epoch: [7.0], Train: total:-1008.77856, BCE:-7.44456, KLD:0.00000,Test: total:-40.92996, BCE:-7.54250, KLD:0.00000
=> saved checkpoint 'checkpoints_CNN/mnist_ES_reconstruction_s25_PT/last' (iter 2160, epoch 8.0)
score:  0.0
score:  0.0
=> saved checkpoint 'checkpoint_scores_CNN/mnist_ES_reconstruction_s25_PT/last' (iter 2160, epoch 8.0)
[Save Checkpoint] epoch: [8.0], Train: total:-997.70715, BCE:-7.36050, KLD:0.00000,Test: total:-40.42569, BCE:-7.47232, KLD:0.00000
=> saved checkpoint 'checkpoints_CNN/mnist_ES_reconstruction_s25_PT/last' (iter 2430, epoch 9.0)
score:  0.0
score:  0.0
=> saved checkpoint 'checkpoint_scores_CNN/mnist_ES_reconstruction_s25_PT/last' (iter 2430, epoch 9.0)
[Save Checkpoint] epoch: [9.0], Train: total:-1025.67725, BCE:-7.56432, KLD:0.00000,Test: total:-41.42163, BCE:-7.68045, KLD:0.00000
=> saved checkpoint 'checkpoints_CNN/mnist_ES_reconstruction_s25_PT/last' (iter 2700, epoch 10.0)
score:  0.0
score:  0.0
=> saved checkpoint 'checkpoint_scores_CNN/mnist_ES_reconstruction_s25_PT/last' (iter 2700, epoch 10.0)
[Save Checkpoint] epoch: [10.0], Train: total:-1065.30310, BCE:-7.85481, KLD:0.00000,Test: total:-42.92995, BCE:-7.98159, KLD:0.00000
=> saved checkpoint 'checkpoints_CNN/mnist_ES_reconstruction_s25_PT/last' (iter 2970, epoch 11.0)
score:  0.0
score:  0.0
=> saved checkpoint 'checkpoint_scores_CNN/mnist_ES_reconstruction_s25_PT/last' (iter 2970, epoch 11.0)
[Save Checkpoint] epoch: [11.0], Train: total:-1113.62073, BCE:-8.20963, KLD:0.00000,Test: total:-44.78437, BCE:-8.34732, KLD:0.00000
=> saved checkpoint 'checkpoints_CNN/mnist_ES_reconstruction_s25_PT/last' (iter 3240, epoch 12.0)
score:  0.0
score:  0.0
=> saved checkpoint 'checkpoint_scores_CNN/mnist_ES_reconstruction_s25_PT/last' (iter 3240, epoch 12.0)
[Save Checkpoint] epoch: [12.0], Train: total:-1152.91260, BCE:-8.49931, KLD:0.00000,Test: total:-46.30607, BCE:-8.64009, KLD:0.00000
=> saved checkpoint 'checkpoints_CNN/mnist_ES_reconstruction_s25_PT/last' (iter 3510, epoch 13.0)
score:  0.0
score:  0.0
=> saved checkpoint 'checkpoint_scores_CNN/mnist_ES_reconstruction_s25_PT/last' (iter 3510, epoch 13.0)
[Save Checkpoint] epoch: [13.0], Train: total:-1200.34082, BCE:-8.84887, KLD:0.00000,Test: total:-48.14119, BCE:-8.99054, KLD:0.00000
=> saved checkpoint 'checkpoints_CNN/mnist_ES_reconstruction_s25_PT/last' (iter 3780, epoch 14.0)
score:  0.0
score:  0.0
=> saved checkpoint 'checkpoint_scores_CNN/mnist_ES_reconstruction_s25_PT/last' (iter 3780, epoch 14.0)
[Save Checkpoint] epoch: [14.0], Train: total:-1231.79797, BCE:-9.08143, KLD:0.00000,Test: total:-49.35901, BCE:-9.22579, KLD:0.00000
=> saved checkpoint 'checkpoints_CNN/mnist_ES_reconstruction_s25_PT/last' (iter 4050, epoch 15.0)
score:  0.0
score:  0.0
=> saved checkpoint 'checkpoint_scores_CNN/mnist_ES_reconstruction_s25_PT/last' (iter 4050, epoch 15.0)
[Save Checkpoint] epoch: [15.0], Train: total:-1250.30469, BCE:-9.21850, KLD:0.00000,Test: total:-50.06232, BCE:-9.35890, KLD:0.00000
=> saved checkpoint 'checkpoints_CNN/mnist_ES_reconstruction_s25_PT/last' (iter 4320, epoch 16.0)
score:  0.0
score:  0.0
=> saved checkpoint 'checkpoint_scores_CNN/mnist_ES_reconstruction_s25_PT/last' (iter 4320, epoch 16.0)
[Save Checkpoint] epoch: [16.0], Train: total:-1294.58875, BCE:-9.54544, KLD:0.00000,Test: total:-51.77023, BCE:-9.68413, KLD:0.00000
=> saved checkpoint 'checkpoints_CNN/mnist_ES_reconstruction_s25_PT/last' (iter 4590, epoch 17.0)
score:  0.0
score:  0.0
=> saved checkpoint 'checkpoint_scores_CNN/mnist_ES_reconstruction_s25_PT/last' (iter 4590, epoch 17.0)
[Save Checkpoint] epoch: [17.0], Train: total:-1308.66187, BCE:-9.64949, KLD:0.00000,Test: total:-52.36255, BCE:-9.78648, KLD:0.00000
=> saved checkpoint 'checkpoints_CNN/mnist_ES_reconstruction_s25_PT/last' (iter 4860, epoch 18.0)
score:  0.0
score:  0.0
=> saved checkpoint 'checkpoint_scores_CNN/mnist_ES_reconstruction_s25_PT/last' (iter 4860, epoch 18.0)
[Save Checkpoint] epoch: [18.0], Train: total:-1329.91406, BCE:-9.80768, KLD:0.00000,Test: total:-53.17873, BCE:-9.93835, KLD:0.00000
=> saved checkpoint 'checkpoints_CNN/mnist_ES_reconstruction_s25_PT/last' (iter 5130, epoch 19.0)
score:  0.0
score:  0.0
=> saved checkpoint 'checkpoint_scores_CNN/mnist_ES_reconstruction_s25_PT/last' (iter 5130, epoch 19.0)
[Save Checkpoint] epoch: [19.0], Train: total:-1367.95422, BCE:-10.08938, KLD:0.00000,Test: total:-54.68160, BCE:-10.22086, KLD:0.00000
=> saved checkpoint 'checkpoints_CNN/mnist_ES_reconstruction_s25_PT/last' (iter 5400, epoch 20.0)
score:  0.0
score:  0.0
=> saved checkpoint 'checkpoint_scores_CNN/mnist_ES_reconstruction_s25_PT/last' (iter 5400, epoch 20.0)
[Save Checkpoint] epoch: [20.0], Train: total:-1387.41516, BCE:-10.23335, KLD:0.00000,Test: total:-55.46049, BCE:-10.36081, KLD:0.00000
=> saved checkpoint 'checkpoints_CNN/mnist_ES_reconstruction_s25_PT/last' (iter 5670, epoch 21.0)
score:  0.0
score:  0.0
=> saved checkpoint 'checkpoint_scores_CNN/mnist_ES_reconstruction_s25_PT/last' (iter 5670, epoch 21.0)
[Save Checkpoint] epoch: [21.0], Train: total:-1408.97803, BCE:-10.39311, KLD:0.00000,Test: total:-56.35216, BCE:-10.51991, KLD:0.00000
=> saved checkpoint 'checkpoints_CNN/mnist_ES_reconstruction_s25_PT/last' (iter 5940, epoch 22.0)
score:  0.0
score:  0.0
=> saved checkpoint 'checkpoint_scores_CNN/mnist_ES_reconstruction_s25_PT/last' (iter 5940, epoch 22.0)
[Save Checkpoint] epoch: [22.0], Train: total:-1423.02515, BCE:-10.49809, KLD:0.00000,Test: total:-56.93690, BCE:-10.62662, KLD:0.00000
=> saved checkpoint 'checkpoints_CNN/mnist_ES_reconstruction_s25_PT/last' (iter 6210, epoch 23.0)
score:  0.0
score:  0.0
=> saved checkpoint 'checkpoint_scores_CNN/mnist_ES_reconstruction_s25_PT/last' (iter 6210, epoch 23.0)
[Save Checkpoint] epoch: [23.0], Train: total:-1417.88354, BCE:-10.46077, KLD:0.00000,Test: total:-56.67883, BCE:-10.57727, KLD:0.00000
=> saved checkpoint 'checkpoints_CNN/mnist_ES_reconstruction_s25_PT/last' (iter 6480, epoch 24.0)
score:  0.0
score:  0.0
=> saved checkpoint 'checkpoint_scores_CNN/mnist_ES_reconstruction_s25_PT/last' (iter 6480, epoch 24.0)
[Save Checkpoint] epoch: [24.0], Train: total:-1473.42920, BCE:-10.87092, KLD:0.00000,Test: total:-58.81452, BCE:-10.99462, KLD:0.00000
=> saved checkpoint 'checkpoints_CNN/mnist_ES_reconstruction_s25_PT/last' (iter 6750, epoch 25.0)
score:  0.0
score:  0.0
=> saved checkpoint 'checkpoint_scores_CNN/mnist_ES_reconstruction_s25_PT/last' (iter 6750, epoch 25.0)
[Save Checkpoint] epoch: [25.0], Train: total:-1472.93823, BCE:-10.86799, KLD:0.00000,Test: total:-58.78875, BCE:-10.98746, KLD:0.00000
=> saved checkpoint 'checkpoints_CNN/mnist_ES_reconstruction_s25_PT/last' (iter 7020, epoch 26.0)
score:  0.0
score:  0.0
=> saved checkpoint 'checkpoint_scores_CNN/mnist_ES_reconstruction_s25_PT/last' (iter 7020, epoch 26.0)
[Save Checkpoint] epoch: [26.0], Train: total:-1490.23267, BCE:-10.99589, KLD:0.00000,Test: total:-59.36817, BCE:-11.10595, KLD:0.00000
=> saved checkpoint 'checkpoints_CNN/mnist_ES_reconstruction_s25_PT/last' (iter 7290, epoch 27.0)
score:  0.0
score:  0.0
=> saved checkpoint 'checkpoint_scores_CNN/mnist_ES_reconstruction_s25_PT/last' (iter 7290, epoch 27.0)
[Save Checkpoint] epoch: [27.0], Train: total:-1538.11597, BCE:-11.34974, KLD:0.00000,Test: total:-61.15783, BCE:-11.45677, KLD:0.00000
=> saved checkpoint 'checkpoints_CNN/mnist_ES_reconstruction_s25_PT/last' (iter 7560, epoch 28.0)
score:  0.0
score:  0.0
=> saved checkpoint 'checkpoint_scores_CNN/mnist_ES_reconstruction_s25_PT/last' (iter 7560, epoch 28.0)
[Save Checkpoint] epoch: [28.0], Train: total:-1587.30823, BCE:-11.71210, KLD:0.00000,Test: total:-62.99263, BCE:-11.81992, KLD:0.00000
=> saved checkpoint 'checkpoints_CNN/mnist_ES_reconstruction_s25_PT/last' (iter 7830, epoch 29.0)
score:  0.0
score:  0.0
=> saved checkpoint 'checkpoint_scores_CNN/mnist_ES_reconstruction_s25_PT/last' (iter 7830, epoch 29.0)
[Save Checkpoint] epoch: [29.0], Train: total:-1626.65491, BCE:-12.00340, KLD:0.00000,Test: total:-64.49217, BCE:-12.10614, KLD:0.00000
=> saved checkpoint 'checkpoints_CNN/mnist_ES_reconstruction_s25_PT/last' (iter 8100, epoch 30.0)
score:  0.0
score:  0.0
=> saved checkpoint 'checkpoint_scores_CNN/mnist_ES_reconstruction_s25_PT/last' (iter 8100, epoch 30.0)
[Save Checkpoint] epoch: [30.0], Train: total:-1685.39941, BCE:-12.43665, KLD:0.00000,Test: total:-66.77416, BCE:-12.53999, KLD:0.00000
=> saved checkpoint 'checkpoints_CNN/mnist_ES_reconstruction_s25_PT/last' (iter 8370, epoch 31.0)
score:  0.0
score:  0.0
=> saved checkpoint 'checkpoint_scores_CNN/mnist_ES_reconstruction_s25_PT/last' (iter 8370, epoch 31.0)
[Save Checkpoint] epoch: [31.0], Train: total:-1731.48181, BCE:-12.77705, KLD:0.00000,Test: total:-68.60483, BCE:-12.89030, KLD:0.00000
=> saved checkpoint 'checkpoints_CNN/mnist_ES_reconstruction_s25_PT/last' (iter 8640, epoch 32.0)
score:  0.0
score:  0.0
=> saved checkpoint 'checkpoint_scores_CNN/mnist_ES_reconstruction_s25_PT/last' (iter 8640, epoch 32.0)
[Save Checkpoint] epoch: [32.0], Train: total:-1725.25940, BCE:-12.73217, KLD:0.00000,Test: total:-68.39742, BCE:-12.83204, KLD:0.00000
=> saved checkpoint 'checkpoints_CNN/mnist_ES_reconstruction_s25_PT/last' (iter 8910, epoch 33.0)
score:  0.0
score:  0.0
=> saved checkpoint 'checkpoint_scores_CNN/mnist_ES_reconstruction_s25_PT/last' (iter 8910, epoch 33.0)
[Save Checkpoint] epoch: [33.0], Train: total:-1747.37292, BCE:-12.89667, KLD:0.00000,Test: total:-69.27854, BCE:-12.99587, KLD:0.00000
=> saved checkpoint 'checkpoints_CNN/mnist_ES_reconstruction_s25_PT/last' (iter 9180, epoch 34.0)
score:  0.0
score:  0.0
=> saved checkpoint 'checkpoint_scores_CNN/mnist_ES_reconstruction_s25_PT/last' (iter 9180, epoch 34.0)
EarlyStopping counter: 1 out of 25
[Save Checkpoint] epoch: [34.0], Train: total:-1714.87195, BCE:-12.65629, KLD:0.00000,Test: total:-67.72805, BCE:-12.74941, KLD:0.00000
=> saved checkpoint 'checkpoints_CNN/mnist_ES_reconstruction_s25_PT/last' (iter 9450, epoch 35.0)
score:  0.0
score:  0.0
=> saved checkpoint 'checkpoint_scores_CNN/mnist_ES_reconstruction_s25_PT/last' (iter 9450, epoch 35.0)
EarlyStopping counter: 2 out of 25
[Save Checkpoint] epoch: [35.0], Train: total:-1684.41113, BCE:-12.43092, KLD:0.00000,Test: total:-66.22591, BCE:-12.53060, KLD:0.00000
=> saved checkpoint 'checkpoints_CNN/mnist_ES_reconstruction_s25_PT/last' (iter 9720, epoch 36.0)
score:  0.0
score:  0.0
=> saved checkpoint 'checkpoint_scores_CNN/mnist_ES_reconstruction_s25_PT/last' (iter 9720, epoch 36.0)
EarlyStopping counter: 3 out of 25
[Save Checkpoint] epoch: [36.0], Train: total:-1664.90063, BCE:-12.28579, KLD:0.00000,Test: total:-65.42258, BCE:-12.38028, KLD:0.00000
=> saved checkpoint 'checkpoints_CNN/mnist_ES_reconstruction_s25_PT/last' (iter 9990, epoch 37.0)
score:  0.0
score:  0.0
=> saved checkpoint 'checkpoint_scores_CNN/mnist_ES_reconstruction_s25_PT/last' (iter 9990, epoch 37.0)
[Save Checkpoint] epoch: [37.0], Train: total:-1655.85132, BCE:-12.21877, KLD:0.00000,Test: total:-65.15696, BCE:-12.30905, KLD:0.00000
=> saved checkpoint 'checkpoints_CNN/mnist_ES_reconstruction_s25_PT/last' (iter 10260, epoch 38.0)
score:  0.0
score:  0.0
=> saved checkpoint 'checkpoint_scores_CNN/mnist_ES_reconstruction_s25_PT/last' (iter 10260, epoch 38.0)
[Save Checkpoint] epoch: [38.0], Train: total:-1676.93542, BCE:-12.37477, KLD:0.00000,Test: total:-66.15267, BCE:-12.44170, KLD:0.00000
=> saved checkpoint 'checkpoints_CNN/mnist_ES_reconstruction_s25_PT/last' (iter 10530, epoch 39.0)
score:  0.0
score:  0.0
=> saved checkpoint 'checkpoint_scores_CNN/mnist_ES_reconstruction_s25_PT/last' (iter 10530, epoch 39.0)
EarlyStopping counter: 1 out of 25
[Save Checkpoint] epoch: [39.0], Train: total:-1707.30359, BCE:-12.59771, KLD:0.00000,Test: total:-67.30901, BCE:-12.66660, KLD:0.00000
=> saved checkpoint 'checkpoints_CNN/mnist_ES_reconstruction_s25_PT/last' (iter 10800, epoch 40.0)
score:  0.0
score:  0.0
=> saved checkpoint 'checkpoint_scores_CNN/mnist_ES_reconstruction_s25_PT/last' (iter 10800, epoch 40.0)
[Save Checkpoint] epoch: [40.0], Train: total:-1701.52002, BCE:-12.55686, KLD:0.00000,Test: total:-67.11732, BCE:-12.61684, KLD:0.00000
=> saved checkpoint 'checkpoints_CNN/mnist_ES_reconstruction_s25_PT/last' (iter 11070, epoch 41.0)
score:  0.0
score:  0.0
=> saved checkpoint 'checkpoint_scores_CNN/mnist_ES_reconstruction_s25_PT/last' (iter 11070, epoch 41.0)
[Save Checkpoint] epoch: [41.0], Train: total:-1738.71997, BCE:-12.83333, KLD:0.00000,Test: total:-68.63423, BCE:-12.88588, KLD:0.00000
=> saved checkpoint 'checkpoints_CNN/mnist_ES_reconstruction_s25_PT/last' (iter 11340, epoch 42.0)
score:  0.0
score:  0.0
=> saved checkpoint 'checkpoint_scores_CNN/mnist_ES_reconstruction_s25_PT/last' (iter 11340, epoch 42.0)
[Save Checkpoint] epoch: [42.0], Train: total:-1767.38757, BCE:-13.04711, KLD:0.00000,Test: total:-69.73967, BCE:-13.09085, KLD:0.00000
=> saved checkpoint 'checkpoints_CNN/mnist_ES_reconstruction_s25_PT/last' (iter 11610, epoch 43.0)
score:  0.0
score:  0.0
=> saved checkpoint 'checkpoint_scores_CNN/mnist_ES_reconstruction_s25_PT/last' (iter 11610, epoch 43.0)
[Save Checkpoint] epoch: [43.0], Train: total:-1758.72656, BCE:-12.98361, KLD:0.00000,Test: total:-69.44279, BCE:-13.03434, KLD:0.00000
=> saved checkpoint 'checkpoints_CNN/mnist_ES_reconstruction_s25_PT/last' (iter 11880, epoch 44.0)
score:  0.0
score:  0.0
=> saved checkpoint 'checkpoint_scores_CNN/mnist_ES_reconstruction_s25_PT/last' (iter 11880, epoch 44.0)
[Save Checkpoint] epoch: [44.0], Train: total:-1776.64771, BCE:-13.11530, KLD:0.00000,Test: total:-70.02972, BCE:-13.15030, KLD:0.00000
=> saved checkpoint 'checkpoints_CNN/mnist_ES_reconstruction_s25_PT/last' (iter 12150, epoch 45.0)
score:  0.0
score:  0.0
=> saved checkpoint 'checkpoint_scores_CNN/mnist_ES_reconstruction_s25_PT/last' (iter 12150, epoch 45.0)
EarlyStopping counter: 1 out of 25
[Save Checkpoint] epoch: [45.0], Train: total:-1729.61401, BCE:-12.76782, KLD:0.00000,Test: total:-68.11790, BCE:-12.80283, KLD:0.00000
=> saved checkpoint 'checkpoints_CNN/mnist_ES_reconstruction_s25_PT/last' (iter 12420, epoch 46.0)
score:  0.0
score:  0.0
=> saved checkpoint 'checkpoint_scores_CNN/mnist_ES_reconstruction_s25_PT/last' (iter 12420, epoch 46.0)
EarlyStopping counter: 2 out of 25
[Save Checkpoint] epoch: [46.0], Train: total:-1753.58057, BCE:-12.94779, KLD:0.00000,Test: total:-69.04399, BCE:-12.98554, KLD:0.00000
=> saved checkpoint 'checkpoints_CNN/mnist_ES_reconstruction_s25_PT/last' (iter 12690, epoch 47.0)
score:  0.0
score:  0.0
=> saved checkpoint 'checkpoint_scores_CNN/mnist_ES_reconstruction_s25_PT/last' (iter 12690, epoch 47.0)
[Save Checkpoint] epoch: [47.0], Train: total:-1794.98230, BCE:-13.25240, KLD:0.00000,Test: total:-70.59210, BCE:-13.28624, KLD:0.00000
=> saved checkpoint 'checkpoints_CNN/mnist_ES_reconstruction_s25_PT/last' (iter 12960, epoch 48.0)
score:  0.0
score:  0.0
=> saved checkpoint 'checkpoint_scores_CNN/mnist_ES_reconstruction_s25_PT/last' (iter 12960, epoch 48.0)
[Save Checkpoint] epoch: [48.0], Train: total:-1786.92297, BCE:-13.19322, KLD:0.00000,Test: total:-70.28405, BCE:-13.22599, KLD:0.00000
=> saved checkpoint 'checkpoints_CNN/mnist_ES_reconstruction_s25_PT/last' (iter 13230, epoch 49.0)
score:  0.0
score:  0.0
=> saved checkpoint 'checkpoint_scores_CNN/mnist_ES_reconstruction_s25_PT/last' (iter 13230, epoch 49.0)
EarlyStopping counter: 1 out of 25
[Save Checkpoint] epoch: [49.0], Train: total:-1773.12976, BCE:-13.09178, KLD:0.00000,Test: total:-69.78926, BCE:-13.11349, KLD:0.00000
=> saved checkpoint 'checkpoints_CNN/mnist_ES_reconstruction_s25_PT/last' (iter 13500, epoch 50.0)
score:  0.0
score:  0.0
=> saved checkpoint 'checkpoint_scores_CNN/mnist_ES_reconstruction_s25_PT/last' (iter 13500, epoch 50.0)
[Save Checkpoint] epoch: [50.0], Train: total:-1778.10095, BCE:-13.12817, KLD:0.00000,Test: total:-70.12377, BCE:-13.14505, KLD:0.00000
=> saved checkpoint 'checkpoints_CNN/mnist_ES_reconstruction_s25_PT/last' (iter 13770, epoch 51.0)
score:  0.0
score:  0.0
=> saved checkpoint 'checkpoint_scores_CNN/mnist_ES_reconstruction_s25_PT/last' (iter 13770, epoch 51.0)
[Save Checkpoint] epoch: [51.0], Train: total:-1821.15759, BCE:-13.44718, KLD:0.00000,Test: total:-71.76267, BCE:-13.46044, KLD:0.00000
=> saved checkpoint 'checkpoints_CNN/mnist_ES_reconstruction_s25_PT/last' (iter 14040, epoch 52.0)
score:  0.0
score:  0.0
=> saved checkpoint 'checkpoint_scores_CNN/mnist_ES_reconstruction_s25_PT/last' (iter 14040, epoch 52.0)
[Save Checkpoint] epoch: [52.0], Train: total:-1842.40234, BCE:-13.60276, KLD:0.00000,Test: total:-72.46264, BCE:-13.60763, KLD:0.00000
=> saved checkpoint 'checkpoints_CNN/mnist_ES_reconstruction_s25_PT/last' (iter 14310, epoch 53.0)
score:  0.0
score:  0.0
=> saved checkpoint 'checkpoint_scores_CNN/mnist_ES_reconstruction_s25_PT/last' (iter 14310, epoch 53.0)
[Save Checkpoint] epoch: [53.0], Train: total:-1850.88367, BCE:-13.66645, KLD:0.00000,Test: total:-72.75289, BCE:-13.67278, KLD:0.00000
=> saved checkpoint 'checkpoints_CNN/mnist_ES_reconstruction_s25_PT/last' (iter 14580, epoch 54.0)
score:  0.0
score:  0.0
=> saved checkpoint 'checkpoint_scores_CNN/mnist_ES_reconstruction_s25_PT/last' (iter 14580, epoch 54.0)
EarlyStopping counter: 1 out of 25
[Save Checkpoint] epoch: [54.0], Train: total:-1903.67517, BCE:-14.05715, KLD:0.00000,Test: total:-74.78400, BCE:-14.06795, KLD:0.00000
=> saved checkpoint 'checkpoints_CNN/mnist_ES_reconstruction_s25_PT/last' (iter 14850, epoch 55.0)
score:  0.0
score:  0.0
=> saved checkpoint 'checkpoint_scores_CNN/mnist_ES_reconstruction_s25_PT/last' (iter 14850, epoch 55.0)
[Save Checkpoint] epoch: [55.0], Train: total:-1878.76392, BCE:-13.87402, KLD:0.00000,Test: total:-73.65973, BCE:-13.87847, KLD:0.00000
=> saved checkpoint 'checkpoints_CNN/mnist_ES_reconstruction_s25_PT/last' (iter 15120, epoch 56.0)
score:  0.0
score:  0.0
=> saved checkpoint 'checkpoint_scores_CNN/mnist_ES_reconstruction_s25_PT/last' (iter 15120, epoch 56.0)
[Save Checkpoint] epoch: [56.0], Train: total:-1909.97571, BCE:-14.10337, KLD:0.00000,Test: total:-74.99968, BCE:-14.11140, KLD:0.00000
=> saved checkpoint 'checkpoints_CNN/mnist_ES_reconstruction_s25_PT/last' (iter 15390, epoch 57.0)
score:  0.0
score:  0.0
=> saved checkpoint 'checkpoint_scores_CNN/mnist_ES_reconstruction_s25_PT/last' (iter 15390, epoch 57.0)
EarlyStopping counter: 1 out of 25
[Save Checkpoint] epoch: [57.0], Train: total:-1949.55249, BCE:-14.39784, KLD:0.00000,Test: total:-76.62580, BCE:-14.39947, KLD:0.00000
=> saved checkpoint 'checkpoints_CNN/mnist_ES_reconstruction_s25_PT/last' (iter 15660, epoch 58.0)
score:  0.0
score:  0.0
=> saved checkpoint 'checkpoint_scores_CNN/mnist_ES_reconstruction_s25_PT/last' (iter 15660, epoch 58.0)
EarlyStopping counter: 2 out of 25
[Save Checkpoint] epoch: [58.0], Train: total:-1975.06433, BCE:-14.58743, KLD:0.00000,Test: total:-77.48840, BCE:-14.57591, KLD:0.00000
=> saved checkpoint 'checkpoints_CNN/mnist_ES_reconstruction_s25_PT/last' (iter 15930, epoch 59.0)
score:  0.0
score:  0.0
=> saved checkpoint 'checkpoint_scores_CNN/mnist_ES_reconstruction_s25_PT/last' (iter 15930, epoch 59.0)
EarlyStopping counter: 3 out of 25
[Save Checkpoint] epoch: [59.0], Train: total:-2017.61987, BCE:-14.90225, KLD:0.00000,Test: total:-79.10616, BCE:-14.87796, KLD:0.00000
=> saved checkpoint 'checkpoints_CNN/mnist_ES_reconstruction_s25_PT/last' (iter 16200, epoch 60.0)
score:  0.0
score:  0.0
=> saved checkpoint 'checkpoint_scores_CNN/mnist_ES_reconstruction_s25_PT/last' (iter 16200, epoch 60.0)
[Save Checkpoint] epoch: [60.0], Train: total:-2020.71802, BCE:-14.92409, KLD:0.00000,Test: total:-79.28996, BCE:-14.90922, KLD:0.00000
=> saved checkpoint 'checkpoints_CNN/mnist_ES_reconstruction_s25_PT/last' (iter 16470, epoch 61.0)
score:  0.0
score:  0.0
=> saved checkpoint 'checkpoint_scores_CNN/mnist_ES_reconstruction_s25_PT/last' (iter 16470, epoch 61.0)
[Save Checkpoint] epoch: [61.0], Train: total:-2042.98511, BCE:-15.08903, KLD:0.00000,Test: total:-80.26197, BCE:-15.08416, KLD:0.00000
=> saved checkpoint 'checkpoints_CNN/mnist_ES_reconstruction_s25_PT/last' (iter 16740, epoch 62.0)
score:  0.0
score:  0.0
=> saved checkpoint 'checkpoint_scores_CNN/mnist_ES_reconstruction_s25_PT/last' (iter 16740, epoch 62.0)
EarlyStopping counter: 1 out of 25
[Save Checkpoint] epoch: [62.0], Train: total:-2058.66284, BCE:-15.20399, KLD:0.00000,Test: total:-80.69169, BCE:-15.18365, KLD:0.00000
=> saved checkpoint 'checkpoints_CNN/mnist_ES_reconstruction_s25_PT/last' (iter 17010, epoch 63.0)
score:  0.0
score:  0.0
=> saved checkpoint 'checkpoint_scores_CNN/mnist_ES_reconstruction_s25_PT/last' (iter 17010, epoch 63.0)
EarlyStopping counter: 2 out of 25
[Save Checkpoint] epoch: [63.0], Train: total:-2066.29028, BCE:-15.26025, KLD:0.00000,Test: total:-81.01624, BCE:-15.23565, KLD:0.00000
=> saved checkpoint 'checkpoints_CNN/mnist_ES_reconstruction_s25_PT/last' (iter 17280, epoch 64.0)
score:  0.0
score:  0.0
=> saved checkpoint 'checkpoint_scores_CNN/mnist_ES_reconstruction_s25_PT/last' (iter 17280, epoch 64.0)
EarlyStopping counter: 3 out of 25
[Save Checkpoint] epoch: [64.0], Train: total:-2086.24756, BCE:-15.40945, KLD:0.00000,Test: total:-81.84632, BCE:-15.38529, KLD:0.00000
=> saved checkpoint 'checkpoints_CNN/mnist_ES_reconstruction_s25_PT/last' (iter 17550, epoch 65.0)
score:  0.0
score:  0.0
=> saved checkpoint 'checkpoint_scores_CNN/mnist_ES_reconstruction_s25_PT/last' (iter 17550, epoch 65.0)
EarlyStopping counter: 4 out of 25
[Save Checkpoint] epoch: [65.0], Train: total:-2108.71704, BCE:-15.57658, KLD:0.00000,Test: total:-82.62694, BCE:-15.55033, KLD:0.00000
Epoch    66: reducing learning rate of group 0 to 2.0000e-04.
=> saved checkpoint 'checkpoints_CNN/mnist_ES_reconstruction_s25_PT/last' (iter 17820, epoch 66.0)
score:  0.0
score:  0.0
=> saved checkpoint 'checkpoint_scores_CNN/mnist_ES_reconstruction_s25_PT/last' (iter 17820, epoch 66.0)
EarlyStopping counter: 5 out of 25
[Save Checkpoint] epoch: [66.0], Train: total:-2098.83374, BCE:-15.50267, KLD:0.00000,Test: total:-82.28306, BCE:-15.48257, KLD:0.00000
=> saved checkpoint 'checkpoints_CNN/mnist_ES_reconstruction_s25_PT/last' (iter 18090, epoch 67.0)
score:  0.0
score:  0.0
=> saved checkpoint 'checkpoint_scores_CNN/mnist_ES_reconstruction_s25_PT/last' (iter 18090, epoch 67.0)
EarlyStopping counter: 6 out of 25
[Save Checkpoint] epoch: [67.0], Train: total:-2055.44702, BCE:-15.18512, KLD:0.00000,Test: total:-80.90222, BCE:-15.17571, KLD:0.00000
=> saved checkpoint 'checkpoints_CNN/mnist_ES_reconstruction_s25_PT/last' (iter 18360, epoch 68.0)
score:  0.0
score:  0.0
=> saved checkpoint 'checkpoint_scores_CNN/mnist_ES_reconstruction_s25_PT/last' (iter 18360, epoch 68.0)
EarlyStopping counter: 7 out of 25
[Save Checkpoint] epoch: [68.0], Train: total:-2043.69812, BCE:-15.09653, KLD:0.00000,Test: total:-80.41872, BCE:-15.08253, KLD:0.00000
=> saved checkpoint 'checkpoints_CNN/mnist_ES_reconstruction_s25_PT/last' (iter 18630, epoch 69.0)
score:  0.0
score:  0.0
=> saved checkpoint 'checkpoint_scores_CNN/mnist_ES_reconstruction_s25_PT/last' (iter 18630, epoch 69.0)
EarlyStopping counter: 8 out of 25
[Save Checkpoint] epoch: [69.0], Train: total:-2037.67236, BCE:-15.05064, KLD:0.00000,Test: total:-80.15133, BCE:-15.03234, KLD:0.00000
=> saved checkpoint 'checkpoints_CNN/mnist_ES_reconstruction_s25_PT/last' (iter 18900, epoch 70.0)
score:  0.0
score:  0.0
=> saved checkpoint 'checkpoint_scores_CNN/mnist_ES_reconstruction_s25_PT/last' (iter 18900, epoch 70.0)
[Save Checkpoint] epoch: [70.0], Train: total:-2046.88074, BCE:-15.11777, KLD:0.00000,Test: total:-80.50529, BCE:-15.09610, KLD:0.00000
=> saved checkpoint 'checkpoints_CNN/mnist_ES_reconstruction_s25_PT/last' (iter 19170, epoch 71.0)
score:  0.0
score:  0.0
=> saved checkpoint 'checkpoint_scores_CNN/mnist_ES_reconstruction_s25_PT/last' (iter 19170, epoch 71.0)
[Save Checkpoint] epoch: [71.0], Train: total:-2048.55347, BCE:-15.13001, KLD:0.00000,Test: total:-80.57273, BCE:-15.10501, KLD:0.00000
=> saved checkpoint 'checkpoints_CNN/mnist_ES_reconstruction_s25_PT/last' (iter 19440, epoch 72.0)
score:  0.0
score:  0.0
=> saved checkpoint 'checkpoint_scores_CNN/mnist_ES_reconstruction_s25_PT/last' (iter 19440, epoch 72.0)
[Save Checkpoint] epoch: [72.0], Train: total:-2053.28320, BCE:-15.16487, KLD:0.00000,Test: total:-80.73940, BCE:-15.13523, KLD:0.00000
=> saved checkpoint 'checkpoints_CNN/mnist_ES_reconstruction_s25_PT/last' (iter 19710, epoch 73.0)
score:  0.0
score:  0.0
=> saved checkpoint 'checkpoint_scores_CNN/mnist_ES_reconstruction_s25_PT/last' (iter 19710, epoch 73.0)
[Save Checkpoint] epoch: [73.0], Train: total:-2057.17090, BCE:-15.19371, KLD:0.00000,Test: total:-80.89406, BCE:-15.16047, KLD:0.00000
=> saved checkpoint 'checkpoints_CNN/mnist_ES_reconstruction_s25_PT/last' (iter 19980, epoch 74.0)
score:  0.0
score:  0.0
=> saved checkpoint 'checkpoint_scores_CNN/mnist_ES_reconstruction_s25_PT/last' (iter 19980, epoch 74.0)
[Save Checkpoint] epoch: [74.0], Train: total:-2060.06714, BCE:-15.21505, KLD:0.00000,Test: total:-80.99300, BCE:-15.17854, KLD:0.00000
=> saved checkpoint 'checkpoints_CNN/mnist_ES_reconstruction_s25_PT/last' (iter 20250, epoch 75.0)
score:  0.0
score:  0.0
=> saved checkpoint 'checkpoint_scores_CNN/mnist_ES_reconstruction_s25_PT/last' (iter 20250, epoch 75.0)
[Save Checkpoint] epoch: [75.0], Train: total:-2065.21484, BCE:-15.25322, KLD:0.00000,Test: total:-81.17666, BCE:-15.21185, KLD:0.00000
=> saved checkpoint 'checkpoints_CNN/mnist_ES_reconstruction_s25_PT/last' (iter 20520, epoch 76.0)
score:  0.0
score:  0.0
=> saved checkpoint 'checkpoint_scores_CNN/mnist_ES_reconstruction_s25_PT/last' (iter 20520, epoch 76.0)
[Save Checkpoint] epoch: [76.0], Train: total:-2070.33472, BCE:-15.29116, KLD:0.00000,Test: total:-81.37814, BCE:-15.24756, KLD:0.00000
=> saved checkpoint 'checkpoints_CNN/mnist_ES_reconstruction_s25_PT/last' (iter 20790, epoch 77.0)
score:  0.0
score:  0.0
=> saved checkpoint 'checkpoint_scores_CNN/mnist_ES_reconstruction_s25_PT/last' (iter 20790, epoch 77.0)
[Save Checkpoint] epoch: [77.0], Train: total:-2077.49243, BCE:-15.34370, KLD:0.00000,Test: total:-81.65191, BCE:-15.29531, KLD:0.00000
=> saved checkpoint 'checkpoints_CNN/mnist_ES_reconstruction_s25_PT/last' (iter 21060, epoch 78.0)
score:  0.0
score:  0.0
=> saved checkpoint 'checkpoint_scores_CNN/mnist_ES_reconstruction_s25_PT/last' (iter 21060, epoch 78.0)
[Save Checkpoint] epoch: [78.0], Train: total:-2082.73511, BCE:-15.38236, KLD:0.00000,Test: total:-81.83929, BCE:-15.32960, KLD:0.00000
=> saved checkpoint 'checkpoints_CNN/mnist_ES_reconstruction_s25_PT/last' (iter 21330, epoch 79.0)
score:  0.0
score:  0.0
=> saved checkpoint 'checkpoint_scores_CNN/mnist_ES_reconstruction_s25_PT/last' (iter 21330, epoch 79.0)
[Save Checkpoint] epoch: [79.0], Train: total:-2091.24219, BCE:-15.44569, KLD:0.00000,Test: total:-82.17726, BCE:-15.38974, KLD:0.00000
=> saved checkpoint 'checkpoints_CNN/mnist_ES_reconstruction_s25_PT/last' (iter 21600, epoch 80.0)
score:  0.0
score:  0.0
=> saved checkpoint 'checkpoint_scores_CNN/mnist_ES_reconstruction_s25_PT/last' (iter 21600, epoch 80.0)
[Save Checkpoint] epoch: [80.0], Train: total:-2100.30566, BCE:-15.51290, KLD:0.00000,Test: total:-82.53246, BCE:-15.45490, KLD:0.00000
=> saved checkpoint 'checkpoints_CNN/mnist_ES_reconstruction_s25_PT/last' (iter 21870, epoch 81.0)
score:  0.0
score:  0.0
=> saved checkpoint 'checkpoint_scores_CNN/mnist_ES_reconstruction_s25_PT/last' (iter 21870, epoch 81.0)
[Save Checkpoint] epoch: [81.0], Train: total:-2106.75342, BCE:-15.56037, KLD:0.00000,Test: total:-82.78880, BCE:-15.50053, KLD:0.00000
=> saved checkpoint 'checkpoints_CNN/mnist_ES_reconstruction_s25_PT/last' (iter 22140, epoch 82.0)
score:  0.0
score:  0.0
=> saved checkpoint 'checkpoint_scores_CNN/mnist_ES_reconstruction_s25_PT/last' (iter 22140, epoch 82.0)
[Save Checkpoint] epoch: [82.0], Train: total:-2112.69019, BCE:-15.60476, KLD:0.00000,Test: total:-82.99190, BCE:-15.53961, KLD:0.00000
=> saved checkpoint 'checkpoints_CNN/mnist_ES_reconstruction_s25_PT/last' (iter 22410, epoch 83.0)
score:  0.0
score:  0.0
=> saved checkpoint 'checkpoint_scores_CNN/mnist_ES_reconstruction_s25_PT/last' (iter 22410, epoch 83.0)
[Save Checkpoint] epoch: [83.0], Train: total:-2117.49414, BCE:-15.64009, KLD:0.00000,Test: total:-83.16895, BCE:-15.57310, KLD:0.00000
=> saved checkpoint 'checkpoints_CNN/mnist_ES_reconstruction_s25_PT/last' (iter 22680, epoch 84.0)
score:  0.0
score:  0.0
=> saved checkpoint 'checkpoint_scores_CNN/mnist_ES_reconstruction_s25_PT/last' (iter 22680, epoch 84.0)
EarlyStopping counter: 1 out of 25
[Save Checkpoint] epoch: [84.0], Train: total:-2126.42041, BCE:-15.70628, KLD:0.00000,Test: total:-83.52760, BCE:-15.63796, KLD:0.00000
=> saved checkpoint 'checkpoints_CNN/mnist_ES_reconstruction_s25_PT/last' (iter 22950, epoch 85.0)
score:  0.0
score:  0.0
=> saved checkpoint 'checkpoint_scores_CNN/mnist_ES_reconstruction_s25_PT/last' (iter 22950, epoch 85.0)
EarlyStopping counter: 2 out of 25
[Save Checkpoint] epoch: [85.0], Train: total:-2130.97412, BCE:-15.73980, KLD:0.00000,Test: total:-83.70307, BCE:-15.66986, KLD:0.00000
=> saved checkpoint 'checkpoints_CNN/mnist_ES_reconstruction_s25_PT/last' (iter 23220, epoch 86.0)
score:  0.0
score:  0.0
=> saved checkpoint 'checkpoint_scores_CNN/mnist_ES_reconstruction_s25_PT/last' (iter 23220, epoch 86.0)
[Save Checkpoint] epoch: [86.0], Train: total:-2136.47656, BCE:-15.78063, KLD:0.00000,Test: total:-83.90940, BCE:-15.70786, KLD:0.00000
=> saved checkpoint 'checkpoints_CNN/mnist_ES_reconstruction_s25_PT/last' (iter 23490, epoch 87.0)
score:  0.0
score:  0.0
=> saved checkpoint 'checkpoint_scores_CNN/mnist_ES_reconstruction_s25_PT/last' (iter 23490, epoch 87.0)
EarlyStopping counter: 1 out of 25
[Save Checkpoint] epoch: [87.0], Train: total:-2140.94458, BCE:-15.81404, KLD:0.00000,Test: total:-84.07755, BCE:-15.73841, KLD:0.00000
=> saved checkpoint 'checkpoints_CNN/mnist_ES_reconstruction_s25_PT/last' (iter 23760, epoch 88.0)
score:  0.0
score:  0.0
=> saved checkpoint 'checkpoint_scores_CNN/mnist_ES_reconstruction_s25_PT/last' (iter 23760, epoch 88.0)
[Save Checkpoint] epoch: [88.0], Train: total:-2148.73657, BCE:-15.87164, KLD:0.00000,Test: total:-84.37811, BCE:-15.79344, KLD:0.00000
=> saved checkpoint 'checkpoints_CNN/mnist_ES_reconstruction_s25_PT/last' (iter 24030, epoch 89.0)
score:  0.0
score:  0.0
=> saved checkpoint 'checkpoint_scores_CNN/mnist_ES_reconstruction_s25_PT/last' (iter 24030, epoch 89.0)
EarlyStopping counter: 1 out of 25
[Save Checkpoint] epoch: [89.0], Train: total:-2151.67554, BCE:-15.89332, KLD:0.00000,Test: total:-84.50104, BCE:-15.81435, KLD:0.00000
=> saved checkpoint 'checkpoints_CNN/mnist_ES_reconstruction_s25_PT/last' (iter 24300, epoch 90.0)
score:  0.0
score:  0.0
=> saved checkpoint 'checkpoint_scores_CNN/mnist_ES_reconstruction_s25_PT/last' (iter 24300, epoch 90.0)
EarlyStopping counter: 2 out of 25
[Save Checkpoint] epoch: [90.0], Train: total:-2161.03223, BCE:-15.96258, KLD:0.00000,Test: total:-84.85578, BCE:-15.88054, KLD:0.00000
=> saved checkpoint 'checkpoints_CNN/mnist_ES_reconstruction_s25_PT/last' (iter 24570, epoch 91.0)
score:  0.0
score:  0.0
=> saved checkpoint 'checkpoint_scores_CNN/mnist_ES_reconstruction_s25_PT/last' (iter 24570, epoch 91.0)
[Save Checkpoint] epoch: [91.0], Train: total:-2162.91211, BCE:-15.97662, KLD:0.00000,Test: total:-84.94781, BCE:-15.89437, KLD:0.00000
=> saved checkpoint 'checkpoints_CNN/mnist_ES_reconstruction_s25_PT/last' (iter 24840, epoch 92.0)
score:  0.0
score:  0.0
=> saved checkpoint 'checkpoint_scores_CNN/mnist_ES_reconstruction_s25_PT/last' (iter 24840, epoch 92.0)
[Save Checkpoint] epoch: [92.0], Train: total:-2170.99072, BCE:-16.03579, KLD:0.00000,Test: total:-85.24458, BCE:-15.95081, KLD:0.00000
=> saved checkpoint 'checkpoints_CNN/mnist_ES_reconstruction_s25_PT/last' (iter 25110, epoch 93.0)
score:  0.0
score:  0.0
=> saved checkpoint 'checkpoint_scores_CNN/mnist_ES_reconstruction_s25_PT/last' (iter 25110, epoch 93.0)
[Save Checkpoint] epoch: [93.0], Train: total:-2182.66211, BCE:-16.12239, KLD:0.00000,Test: total:-85.68058, BCE:-16.03393, KLD:0.00000
=> saved checkpoint 'checkpoints_CNN/mnist_ES_reconstruction_s25_PT/last' (iter 25380, epoch 94.0)
score:  0.0
score:  0.0
=> saved checkpoint 'checkpoint_scores_CNN/mnist_ES_reconstruction_s25_PT/last' (iter 25380, epoch 94.0)
[Save Checkpoint] epoch: [94.0], Train: total:-2181.91821, BCE:-16.11723, KLD:0.00000,Test: total:-85.64591, BCE:-16.02759, KLD:0.00000
=> saved checkpoint 'checkpoints_CNN/mnist_ES_reconstruction_s25_PT/last' (iter 25650, epoch 95.0)
score:  0.0
score:  0.0
=> saved checkpoint 'checkpoint_scores_CNN/mnist_ES_reconstruction_s25_PT/last' (iter 25650, epoch 95.0)
EarlyStopping counter: 1 out of 25
[Save Checkpoint] epoch: [95.0], Train: total:-2183.80908, BCE:-16.13126, KLD:0.00000,Test: total:-85.71075, BCE:-16.03986, KLD:0.00000
=> saved checkpoint 'checkpoints_CNN/mnist_ES_reconstruction_s25_PT/last' (iter 25920, epoch 96.0)
score:  0.0
score:  0.0
=> saved checkpoint 'checkpoint_scores_CNN/mnist_ES_reconstruction_s25_PT/last' (iter 25920, epoch 96.0)
EarlyStopping counter: 2 out of 25
[Save Checkpoint] epoch: [96.0], Train: total:-2188.95410, BCE:-16.16960, KLD:0.00000,Test: total:-85.95626, BCE:-16.07900, KLD:0.00000
=> saved checkpoint 'checkpoints_CNN/mnist_ES_reconstruction_s25_PT/last' (iter 26190, epoch 97.0)
score:  0.0
score:  0.0
=> saved checkpoint 'checkpoint_scores_CNN/mnist_ES_reconstruction_s25_PT/last' (iter 26190, epoch 97.0)
EarlyStopping counter: 3 out of 25
[Save Checkpoint] epoch: [97.0], Train: total:-2194.04517, BCE:-16.20707, KLD:0.00000,Test: total:-86.21077, BCE:-16.12138, KLD:0.00000
=> saved checkpoint 'checkpoints_CNN/mnist_ES_reconstruction_s25_PT/last' (iter 26460, epoch 98.0)
score:  0.0
score:  0.0
=> saved checkpoint 'checkpoint_scores_CNN/mnist_ES_reconstruction_s25_PT/last' (iter 26460, epoch 98.0)
EarlyStopping counter: 4 out of 25
[Save Checkpoint] epoch: [98.0], Train: total:-2193.69043, BCE:-16.20456, KLD:0.00000,Test: total:-86.23180, BCE:-16.11844, KLD:0.00000
Epoch    99: reducing learning rate of group 0 to 4.0000e-05.
=> saved checkpoint 'checkpoints_CNN/mnist_ES_reconstruction_s25_PT/last' (iter 26730, epoch 99.0)
score:  0.0
score:  0.0
=> saved checkpoint 'checkpoint_scores_CNN/mnist_ES_reconstruction_s25_PT/last' (iter 26730, epoch 99.0)
EarlyStopping counter: 5 out of 25
[Save Checkpoint] epoch: [99.0], Train: total:-2196.77197, BCE:-16.22705, KLD:0.00000,Test: total:-86.36767, BCE:-16.14075, KLD:0.00000
=> saved checkpoint 'checkpoints_CNN/mnist_ES_reconstruction_s25_PT/last' (iter 27000, epoch 100.0)
score:  0.0
score:  0.0
=> saved checkpoint 'checkpoint_scores_CNN/mnist_ES_reconstruction_s25_PT/last' (iter 27000, epoch 100.0)
EarlyStopping counter: 6 out of 25
[Save Checkpoint] epoch: [100.0], Train: total:-2206.40771, BCE:-16.29454, KLD:0.00000,Test: total:-86.77644, BCE:-16.22953, KLD:0.00000
[Training Finished]
All done !
