84
--gpu_devices 0 --max_iter 100 --batch_size 250 --use_scheduler True --lr 1e-3 --GMP True --z_struct_size 10 --is_VAE True --is_encoder_struct False --lambda_BCE 1 --beta 1 --big_kernel_size 8 --two_conv_layer True --three_conv_layer True --kernel_size_1 4 --kernel_size_2 4 --kernel_size_3 4 --BK_in_first_layer True --BK_in_second_layer False --BK_in_third_layer False --stride_size 1 --hidden_filters_layer1 64 --hidden_filters_layer2 64 --hidden_filters_layer3 64 --dataset_balanced True --binary_z True --binary_first_conv False --binary_second_conv False --binary_third_conv True --z_var_size 25 --z_struct_size 20 --use_small_lr_encoder_var False --encoder_var_name None --encoder_struct_name mnist_struct_baseline_scheduler_binary_20 --freeze_Encoder True --exp_name mnist_VAE_s20_v25_SE
Namespace(BK_in_first_layer=True, BK_in_second_layer=False, BK_in_third_layer=False, BN=False, C_max=25, C_stop_iter=100000.0, E1_AE=False, E1_VAE=False, E1_conv=False, E1_dense=False, E1_second_conv=False, E1_second_conv_adapt=False, GMP=True, Hmg_dst_loss=False, IPC=False, L1_norm_act=False, L1_norm_weights=False, L3_without_random=False, LOG_DIR='logs', adapt_lr=False, add_classification_layer=True, add_linear_after_GMP=True, add_z_struct_bottleneck=False, alpha=32, batch_size=250, beta=1.0, beta1=0.9, beta2=0.999, big_kernel=False, big_kernel_size=8, binary_chain=False, binary_first_conv=False, binary_second_conv=False, binary_third_conv=True, binary_z=True, both_decoders_freeze=False, ckpt_dir='checkpoints_CNN', ckpt_dir_scores='checkpoint_scores_CNN', classif_layer_size=30, contrastive_loss=False, cuda=True, dataset='mnist', dataset_balanced=True, decoder_first_dense=36, decoder_kernel_size_1=4, decoder_kernel_size_2=3, decoder_kernel_size_3=4, decoder_n_filter_1=64, decoder_n_filter_2=64, decoder_n_filter_3=64, decoder_stride_1=2, decoder_stride_2=2, decoder_stride_3=1, diff_var=False, display_step=10000, dset_dir='data', encoder_struct_name='mnist_struct_baseline_scheduler_binary_20', encoder_var_name='None', exp_name='mnist_VAE_s20_v25_SE', freeze_Encoder=True, gamma=1000, gpu_devices=[0], hidden_filters_layer1=64, hidden_filters_layer2=64, hidden_filters_layer3=64, image_size=64, intra_class_variance_loss=False, is_C=True, is_E1=False, is_VAE=True, is_VAE_var=False, is_binary_structural_latent=False, is_custom_model=False, is_custom_model_BK=False, is_default_model=False, is_encoder_struct=False, is_noise_stats=False, is_partial_rand_class=False, is_perturbed_score=False, is_zvar_sim_loss=False, just_train=False, kernel_size=4, kernel_size_1=4, kernel_size_2=4, kernel_size_3=4, lambda_BCE=1.0, lambda_Kl_struct=1, lambda_Kl_var=1, lambda_L1=0.01, lambda_VAE=1, lambda_class=1, lambda_contrastive_loss=1, lambda_distance_mean=1, lambda_hmg_dst=1, lambda_intra_class_var=1, lambda_partial_class=1, lambda_ratio_reg=1, lambda_recon_wt_rand=1, lambda_recons=1, lambda_uniq_code_dst=1, lambda_var_distance=1, lambda_var_inter=1, lambda_var_intra=1, lambda_zvar_sim=1, latent_spec_cont=None, latent_spec_cont_class=None, latent_spec_cont_var=None, latent_spec_disc=None, latent_spec_disc_class=None, latent_spec_disc_var=None, log_level='info', loss='Proxy_Anchor', loss_distance_mean=False, loss_min_distance_cl=False, lr=0.001, max_epoch_use_uniq_code_target=5, max_iter=100.0, model='CNN', mrg=0.1, nb_epochs_train_only_zvar=0, num_workers=2, old_weighted=False, optimizer='adamw', other_architecture=False, other_ratio=False, random_percentage=0.2, random_seed=10, randomness=True, ratio_reg=False, remark='', save_step=10000, second_layer_C=False, seed=1, stride_size=1, sz_embedding=5, three_conv_layer=True, train=True, train_var_struct_alternatively=False, two_conv_layer=True, two_encoder=False, uniq_code_dst_loss=False, use_VAE=False, use_decoder=False, use_early_stopping=True, use_scheduler=True, use_small_lr_encoder_var=False, use_structural_encoder=False, value_target_distance_mean=1, var_hidden_dim=256, var_hidden_filters_1=32, var_hidden_filters_2=32, var_hidden_filters_3=32, var_kernel_size_1=3, var_kernel_size_2=3, var_kernel_size_3=3, var_second_cnn_block=True, var_stride_size_1=1, var_stride_size_2=1, var_stride_size_3=1, var_third_cnn_block=False, var_three_conv_layer=False, warm=1, without_acc=False, z_struct_size=20, z_var_size=25, zeros_W_Classif=False, zvar_sim_change_zvar=False, zvar_sim_loss_for_all_model=False, zvar_sim_loss_only_for_encoder=False, zvar_sim_normal=False, zvar_sim_var_rand=False)
CUDA Visible devices !
[Using Seed: 10]
Balanced dataset loaded
VAE doesn't exist but encoder struct yes ! load struct encoder weighs !
=> loaded checkpoint 'checkpoints_CNN/mnist_struct_baseline_scheduler_binary_20/last (iter 17280)'
Weighs loaded for struct encoder !
use 1 gpu who named: Tesla V100-SXM2-32GB
VAE(
  (encoder_struct): Sequential(
    (0): Conv2d(1, 64, kernel_size=(8, 8), stride=(1, 1))
    (1): BatchNorm2d(64, eps=1e-05, momentum=0.1, affine=True, track_running_stats=True)
    (2): ReLU(inplace=True)
    (3): Conv2d(64, 64, kernel_size=(4, 4), stride=(1, 1))
    (4): BatchNorm2d(64, eps=1e-05, momentum=0.1, affine=True, track_running_stats=True)
    (5): ReLU(inplace=True)
    (6): Conv2d(64, 20, kernel_size=(4, 4), stride=(1, 1))
    (7): BatchNorm2d(20, eps=1e-05, momentum=0.1, affine=True, track_running_stats=True)
    (8): DeterministicBinaryActivation(
      (act): Hardsigmoid(
        (act): Hardtanh(min_val=-1.0, max_val=1.0)
      )
    )
    (9): AdaptiveMaxPool2d(output_size=(1, 1))
    (10): View()
  )
  (encoder_var): Sequential(
    (0): Conv2d(1, 32, kernel_size=(3, 3), stride=(1, 1))
    (1): ReLU(inplace=True)
    (2): BatchNorm2d(32, eps=1e-05, momentum=0.1, affine=True, track_running_stats=True)
    (3): Conv2d(32, 32, kernel_size=(3, 3), stride=(1, 1))
    (4): ReLU(inplace=True)
    (5): BatchNorm2d(32, eps=1e-05, momentum=0.1, affine=True, track_running_stats=True)
    (6): Conv2d(32, 32, kernel_size=(5, 5), stride=(2, 2), padding=(2, 2))
    (7): ReLU(inplace=True)
    (8): BatchNorm2d(32, eps=1e-05, momentum=0.1, affine=True, track_running_stats=True)
    (9): Dropout(p=0.4, inplace=False)
    (10): Conv2d(32, 64, kernel_size=(3, 3), stride=(1, 1))
    (11): ReLU(inplace=True)
    (12): BatchNorm2d(64, eps=1e-05, momentum=0.1, affine=True, track_running_stats=True)
    (13): Conv2d(64, 64, kernel_size=(3, 3), stride=(1, 1))
    (14): ReLU(inplace=True)
    (15): BatchNorm2d(64, eps=1e-05, momentum=0.1, affine=True, track_running_stats=True)
    (16): Conv2d(64, 64, kernel_size=(5, 5), stride=(2, 2), padding=(2, 2))
    (17): ReLU(inplace=True)
    (18): BatchNorm2d(64, eps=1e-05, momentum=0.1, affine=True, track_running_stats=True)
    (19): Dropout(p=0.4, inplace=False)
    (20): View()
    (21): Linear(in_features=1600, out_features=50, bias=True)
  )
  (decoder): Sequential(
    (0): Linear(in_features=45, out_features=1600, bias=True)
    (1): ReLU(inplace=True)
    (2): View()
    (3): ConvTranspose2d(64, 64, kernel_size=(4, 4), stride=(2, 2), padding=(1, 1))
    (4): ReLU(inplace=True)
    (5): ConvTranspose2d(64, 64, kernel_size=(3, 3), stride=(1, 1))
    (6): ReLU(inplace=True)
    (7): ConvTranspose2d(64, 32, kernel_size=(3, 3), stride=(1, 1))
    (8): ReLU(inplace=True)
    (9): ConvTranspose2d(32, 32, kernel_size=(4, 4), stride=(2, 2), padding=(1, 1))
    (10): ReLU(inplace=True)
    (11): ConvTranspose2d(32, 32, kernel_size=(3, 3), stride=(1, 1))
    (12): ReLU(inplace=True)
    (13): ConvTranspose2d(32, 1, kernel_size=(3, 3), stride=(1, 1))
    (14): Sigmoid()
  )
)
The number of parameters of model is 584815
=> saved checkpoint 'checkpoints_CNN/mnist_VAE_s20_v25_SE/last' (iter 270, epoch 1.0)
=> saved checkpoint 'checkpoint_scores_CNN/mnist_VAE_s20_v25_SE/last' (iter 270, epoch 1.0)
[Save Checkpoint] epoch: [1.0], Train: total:7693.54492, BCE:-15.70562, KLD:7709.25439,Test: total:30837.67578, BCE:-15.77313, KLD:30853.44727
=> saved checkpoint 'checkpoints_CNN/mnist_VAE_s20_v25_SE/last' (iter 540, epoch 2.0)
=> saved checkpoint 'checkpoint_scores_CNN/mnist_VAE_s20_v25_SE/last' (iter 540, epoch 2.0)
[Save Checkpoint] epoch: [2.0], Train: total:7288.04541, BCE:-16.73734, KLD:7304.78271,Test: total:29081.69336, BCE:-16.82359, KLD:29098.51953
=> saved checkpoint 'checkpoints_CNN/mnist_VAE_s20_v25_SE/last' (iter 810, epoch 3.0)
=> saved checkpoint 'checkpoint_scores_CNN/mnist_VAE_s20_v25_SE/last' (iter 810, epoch 3.0)
[Save Checkpoint] epoch: [3.0], Train: total:7345.44629, BCE:-15.22687, KLD:7360.67236,Test: total:29279.62500, BCE:-15.28871, KLD:29294.91211
=> saved checkpoint 'checkpoints_CNN/mnist_VAE_s20_v25_SE/last' (iter 1080, epoch 4.0)
=> saved checkpoint 'checkpoint_scores_CNN/mnist_VAE_s20_v25_SE/last' (iter 1080, epoch 4.0)
[Save Checkpoint] epoch: [4.0], Train: total:7452.88086, BCE:-14.45446, KLD:7467.33350,Test: total:29720.03711, BCE:-14.57165, KLD:29734.60742
=> saved checkpoint 'checkpoints_CNN/mnist_VAE_s20_v25_SE/last' (iter 1350, epoch 5.0)
=> saved checkpoint 'checkpoint_scores_CNN/mnist_VAE_s20_v25_SE/last' (iter 1350, epoch 5.0)
[Save Checkpoint] epoch: [5.0], Train: total:7338.15381, BCE:-14.62461, KLD:7352.78076,Test: total:29189.20117, BCE:-14.74974, KLD:29203.95117
=> saved checkpoint 'checkpoints_CNN/mnist_VAE_s20_v25_SE/last' (iter 1620, epoch 6.0)
=> saved checkpoint 'checkpoint_scores_CNN/mnist_VAE_s20_v25_SE/last' (iter 1620, epoch 6.0)
[Save Checkpoint] epoch: [6.0], Train: total:7287.69287, BCE:-14.69791, KLD:7302.39404,Test: total:29010.96289, BCE:-14.86317, KLD:29025.82617
=> saved checkpoint 'checkpoints_CNN/mnist_VAE_s20_v25_SE/last' (iter 1890, epoch 7.0)
=> saved checkpoint 'checkpoint_scores_CNN/mnist_VAE_s20_v25_SE/last' (iter 1890, epoch 7.0)
[Save Checkpoint] epoch: [7.0], Train: total:7227.62061, BCE:-15.71544, KLD:7243.33203,Test: total:28757.47266, BCE:-15.93988, KLD:28773.41016
=> saved checkpoint 'checkpoints_CNN/mnist_VAE_s20_v25_SE/last' (iter 2160, epoch 8.0)
=> saved checkpoint 'checkpoint_scores_CNN/mnist_VAE_s20_v25_SE/last' (iter 2160, epoch 8.0)
[Save Checkpoint] epoch: [8.0], Train: total:7181.65771, BCE:-15.47517, KLD:7197.13135,Test: total:28543.82617, BCE:-15.71910, KLD:28559.54688
=> saved checkpoint 'checkpoints_CNN/mnist_VAE_s20_v25_SE/last' (iter 2430, epoch 9.0)
=> saved checkpoint 'checkpoint_scores_CNN/mnist_VAE_s20_v25_SE/last' (iter 2430, epoch 9.0)
[Save Checkpoint] epoch: [9.0], Train: total:7227.53271, BCE:-15.48500, KLD:7243.01367,Test: total:28757.13867, BCE:-15.69803, KLD:28772.83398
=> saved checkpoint 'checkpoints_CNN/mnist_VAE_s20_v25_SE/last' (iter 2700, epoch 10.0)
=> saved checkpoint 'checkpoint_scores_CNN/mnist_VAE_s20_v25_SE/last' (iter 2700, epoch 10.0)
[Save Checkpoint] epoch: [10.0], Train: total:7176.66602, BCE:-16.17712, KLD:7192.84229,Test: total:28525.06641, BCE:-16.44183, KLD:28541.50977
=> saved checkpoint 'checkpoints_CNN/mnist_VAE_s20_v25_SE/last' (iter 2970, epoch 11.0)
=> saved checkpoint 'checkpoint_scores_CNN/mnist_VAE_s20_v25_SE/last' (iter 2970, epoch 11.0)
EarlyStopping counter: 1 out of 25
[Save Checkpoint] epoch: [11.0], Train: total:7212.78320, BCE:-16.86473, KLD:7229.64648,Test: total:28626.48828, BCE:-17.15008, KLD:28643.63867
=> saved checkpoint 'checkpoints_CNN/mnist_VAE_s20_v25_SE/last' (iter 3240, epoch 12.0)
=> saved checkpoint 'checkpoint_scores_CNN/mnist_VAE_s20_v25_SE/last' (iter 3240, epoch 12.0)
[Save Checkpoint] epoch: [12.0], Train: total:7199.93066, BCE:-17.37193, KLD:7217.30371,Test: total:28593.18750, BCE:-17.68059, KLD:28610.86914
=> saved checkpoint 'checkpoints_CNN/mnist_VAE_s20_v25_SE/last' (iter 3510, epoch 13.0)
=> saved checkpoint 'checkpoint_scores_CNN/mnist_VAE_s20_v25_SE/last' (iter 3510, epoch 13.0)
EarlyStopping counter: 1 out of 25
[Save Checkpoint] epoch: [13.0], Train: total:6973.74463, BCE:-17.85423, KLD:6991.60010,Test: total:27676.39453, BCE:-18.18803, KLD:27694.58203
=> saved checkpoint 'checkpoints_CNN/mnist_VAE_s20_v25_SE/last' (iter 3780, epoch 14.0)
=> saved checkpoint 'checkpoint_scores_CNN/mnist_VAE_s20_v25_SE/last' (iter 3780, epoch 14.0)
[Save Checkpoint] epoch: [14.0], Train: total:7089.33984, BCE:-17.94989, KLD:7107.28857,Test: total:28141.52148, BCE:-18.27759, KLD:28159.80273
=> saved checkpoint 'checkpoints_CNN/mnist_VAE_s20_v25_SE/last' (iter 4050, epoch 15.0)
=> saved checkpoint 'checkpoint_scores_CNN/mnist_VAE_s20_v25_SE/last' (iter 4050, epoch 15.0)
[Save Checkpoint] epoch: [15.0], Train: total:6958.90332, BCE:-18.30056, KLD:6977.20410,Test: total:27634.09961, BCE:-18.64746, KLD:27652.74805
=> saved checkpoint 'checkpoints_CNN/mnist_VAE_s20_v25_SE/last' (iter 4320, epoch 16.0)
=> saved checkpoint 'checkpoint_scores_CNN/mnist_VAE_s20_v25_SE/last' (iter 4320, epoch 16.0)
[Save Checkpoint] epoch: [16.0], Train: total:7108.12354, BCE:-19.44835, KLD:7127.57129,Test: total:28209.48242, BCE:-19.79012, KLD:28229.26953
=> saved checkpoint 'checkpoints_CNN/mnist_VAE_s20_v25_SE/last' (iter 4590, epoch 17.0)
=> saved checkpoint 'checkpoint_scores_CNN/mnist_VAE_s20_v25_SE/last' (iter 4590, epoch 17.0)
EarlyStopping counter: 1 out of 25
[Save Checkpoint] epoch: [17.0], Train: total:6903.26416, BCE:-19.64881, KLD:6922.91162,Test: total:27403.16211, BCE:-20.02356, KLD:27423.18164
=> saved checkpoint 'checkpoints_CNN/mnist_VAE_s20_v25_SE/last' (iter 4860, epoch 18.0)
=> saved checkpoint 'checkpoint_scores_CNN/mnist_VAE_s20_v25_SE/last' (iter 4860, epoch 18.0)
EarlyStopping counter: 2 out of 25
[Save Checkpoint] epoch: [18.0], Train: total:6885.52734, BCE:-19.65136, KLD:6905.17822,Test: total:27328.42773, BCE:-20.02847, KLD:27348.45703
=> saved checkpoint 'checkpoints_CNN/mnist_VAE_s20_v25_SE/last' (iter 5130, epoch 19.0)
=> saved checkpoint 'checkpoint_scores_CNN/mnist_VAE_s20_v25_SE/last' (iter 5130, epoch 19.0)
[Save Checkpoint] epoch: [19.0], Train: total:7026.07031, BCE:-18.41601, KLD:7044.48486,Test: total:27873.85938, BCE:-18.75834, KLD:27892.61914
=> saved checkpoint 'checkpoints_CNN/mnist_VAE_s20_v25_SE/last' (iter 5400, epoch 20.0)
=> saved checkpoint 'checkpoint_scores_CNN/mnist_VAE_s20_v25_SE/last' (iter 5400, epoch 20.0)
EarlyStopping counter: 1 out of 25
[Save Checkpoint] epoch: [20.0], Train: total:6925.31982, BCE:-19.98951, KLD:6945.30762,Test: total:27477.41992, BCE:-20.37845, KLD:27497.79688
=> saved checkpoint 'checkpoints_CNN/mnist_VAE_s20_v25_SE/last' (iter 5670, epoch 21.0)
=> saved checkpoint 'checkpoint_scores_CNN/mnist_VAE_s20_v25_SE/last' (iter 5670, epoch 21.0)
[Save Checkpoint] epoch: [21.0], Train: total:6963.45801, BCE:-19.73041, KLD:6983.18604,Test: total:27596.29688, BCE:-20.13562, KLD:27616.43555
=> saved checkpoint 'checkpoints_CNN/mnist_VAE_s20_v25_SE/last' (iter 5940, epoch 22.0)
=> saved checkpoint 'checkpoint_scores_CNN/mnist_VAE_s20_v25_SE/last' (iter 5940, epoch 22.0)
[Save Checkpoint] epoch: [22.0], Train: total:6962.20312, BCE:-20.22667, KLD:6982.43506,Test: total:27610.34375, BCE:-20.65423, KLD:27630.99805
=> saved checkpoint 'checkpoints_CNN/mnist_VAE_s20_v25_SE/last' (iter 6210, epoch 23.0)
=> saved checkpoint 'checkpoint_scores_CNN/mnist_VAE_s20_v25_SE/last' (iter 6210, epoch 23.0)
[Save Checkpoint] epoch: [23.0], Train: total:6844.53369, BCE:-20.84628, KLD:6865.37939,Test: total:27131.47461, BCE:-21.25472, KLD:27152.73242
=> saved checkpoint 'checkpoints_CNN/mnist_VAE_s20_v25_SE/last' (iter 6480, epoch 24.0)
=> saved checkpoint 'checkpoint_scores_CNN/mnist_VAE_s20_v25_SE/last' (iter 6480, epoch 24.0)
EarlyStopping counter: 1 out of 25
[Save Checkpoint] epoch: [24.0], Train: total:6769.74902, BCE:-21.31879, KLD:6791.07031,Test: total:26826.93750, BCE:-21.71800, KLD:26848.65625
=> saved checkpoint 'checkpoints_CNN/mnist_VAE_s20_v25_SE/last' (iter 6750, epoch 25.0)
=> saved checkpoint 'checkpoint_scores_CNN/mnist_VAE_s20_v25_SE/last' (iter 6750, epoch 25.0)
[Save Checkpoint] epoch: [25.0], Train: total:6744.50586, BCE:-21.70222, KLD:6766.20557,Test: total:26711.48242, BCE:-22.13145, KLD:26733.61328
=> saved checkpoint 'checkpoints_CNN/mnist_VAE_s20_v25_SE/last' (iter 7020, epoch 26.0)
=> saved checkpoint 'checkpoint_scores_CNN/mnist_VAE_s20_v25_SE/last' (iter 7020, epoch 26.0)
[Save Checkpoint] epoch: [26.0], Train: total:6765.33105, BCE:-22.88732, KLD:6788.21436,Test: total:26820.43164, BCE:-23.32758, KLD:26843.76367
=> saved checkpoint 'checkpoints_CNN/mnist_VAE_s20_v25_SE/last' (iter 7290, epoch 27.0)
=> saved checkpoint 'checkpoint_scores_CNN/mnist_VAE_s20_v25_SE/last' (iter 7290, epoch 27.0)
EarlyStopping counter: 1 out of 25
[Save Checkpoint] epoch: [27.0], Train: total:6774.70996, BCE:-22.38631, KLD:6797.09521,Test: total:26856.70117, BCE:-22.79087, KLD:26879.49023
=> saved checkpoint 'checkpoints_CNN/mnist_VAE_s20_v25_SE/last' (iter 7560, epoch 28.0)
=> saved checkpoint 'checkpoint_scores_CNN/mnist_VAE_s20_v25_SE/last' (iter 7560, epoch 28.0)
EarlyStopping counter: 2 out of 25
[Save Checkpoint] epoch: [28.0], Train: total:6698.79150, BCE:-23.11878, KLD:6721.91113,Test: total:26545.53711, BCE:-23.54138, KLD:26569.08203
=> saved checkpoint 'checkpoints_CNN/mnist_VAE_s20_v25_SE/last' (iter 7830, epoch 29.0)
=> saved checkpoint 'checkpoint_scores_CNN/mnist_VAE_s20_v25_SE/last' (iter 7830, epoch 29.0)
[Save Checkpoint] epoch: [29.0], Train: total:6647.60059, BCE:-23.63177, KLD:6671.22754,Test: total:26343.97266, BCE:-24.07139, KLD:26368.04492
=> saved checkpoint 'checkpoints_CNN/mnist_VAE_s20_v25_SE/last' (iter 8100, epoch 30.0)
=> saved checkpoint 'checkpoint_scores_CNN/mnist_VAE_s20_v25_SE/last' (iter 8100, epoch 30.0)
EarlyStopping counter: 1 out of 25
[Save Checkpoint] epoch: [30.0], Train: total:6854.60645, BCE:-24.36280, KLD:6878.96631,Test: total:27183.76953, BCE:-24.80597, KLD:27208.57227
=> saved checkpoint 'checkpoints_CNN/mnist_VAE_s20_v25_SE/last' (iter 8370, epoch 31.0)
=> saved checkpoint 'checkpoint_scores_CNN/mnist_VAE_s20_v25_SE/last' (iter 8370, epoch 31.0)
[Save Checkpoint] epoch: [31.0], Train: total:6654.76367, BCE:-24.28184, KLD:6679.04639,Test: total:26370.68750, BCE:-24.69120, KLD:26395.37891
=> saved checkpoint 'checkpoints_CNN/mnist_VAE_s20_v25_SE/last' (iter 8640, epoch 32.0)
=> saved checkpoint 'checkpoint_scores_CNN/mnist_VAE_s20_v25_SE/last' (iter 8640, epoch 32.0)
EarlyStopping counter: 1 out of 25
[Save Checkpoint] epoch: [32.0], Train: total:6631.16748, BCE:-24.67402, KLD:6655.83936,Test: total:26271.15625, BCE:-25.11836, KLD:26296.27930
=> saved checkpoint 'checkpoints_CNN/mnist_VAE_s20_v25_SE/last' (iter 8910, epoch 33.0)
=> saved checkpoint 'checkpoint_scores_CNN/mnist_VAE_s20_v25_SE/last' (iter 8910, epoch 33.0)
EarlyStopping counter: 2 out of 25
[Save Checkpoint] epoch: [33.0], Train: total:6683.03369, BCE:-25.73449, KLD:6708.76416,Test: total:26482.10938, BCE:-26.17176, KLD:26508.28125
=> saved checkpoint 'checkpoints_CNN/mnist_VAE_s20_v25_SE/last' (iter 9180, epoch 34.0)
=> saved checkpoint 'checkpoint_scores_CNN/mnist_VAE_s20_v25_SE/last' (iter 9180, epoch 34.0)
EarlyStopping counter: 3 out of 25
[Save Checkpoint] epoch: [34.0], Train: total:6799.39746, BCE:-26.00871, KLD:6825.40576,Test: total:26929.75000, BCE:-26.42675, KLD:26956.17578
=> saved checkpoint 'checkpoints_CNN/mnist_VAE_s20_v25_SE/last' (iter 9450, epoch 35.0)
=> saved checkpoint 'checkpoint_scores_CNN/mnist_VAE_s20_v25_SE/last' (iter 9450, epoch 35.0)
[Save Checkpoint] epoch: [35.0], Train: total:6642.67188, BCE:-26.71305, KLD:6669.38330,Test: total:26318.19727, BCE:-27.12913, KLD:26345.32617
=> saved checkpoint 'checkpoints_CNN/mnist_VAE_s20_v25_SE/last' (iter 9720, epoch 36.0)
=> saved checkpoint 'checkpoint_scores_CNN/mnist_VAE_s20_v25_SE/last' (iter 9720, epoch 36.0)
EarlyStopping counter: 1 out of 25
[Save Checkpoint] epoch: [36.0], Train: total:6689.11035, BCE:-27.32465, KLD:6716.43848,Test: total:26493.87305, BCE:-27.72506, KLD:26521.59375
=> saved checkpoint 'checkpoints_CNN/mnist_VAE_s20_v25_SE/last' (iter 9990, epoch 37.0)
=> saved checkpoint 'checkpoint_scores_CNN/mnist_VAE_s20_v25_SE/last' (iter 9990, epoch 37.0)
[Save Checkpoint] epoch: [37.0], Train: total:6673.42334, BCE:-27.28673, KLD:6700.70947,Test: total:26449.38477, BCE:-27.67464, KLD:26477.06250
=> saved checkpoint 'checkpoints_CNN/mnist_VAE_s20_v25_SE/last' (iter 10260, epoch 38.0)
=> saved checkpoint 'checkpoint_scores_CNN/mnist_VAE_s20_v25_SE/last' (iter 10260, epoch 38.0)
EarlyStopping counter: 1 out of 25
[Save Checkpoint] epoch: [38.0], Train: total:6650.74854, BCE:-27.45855, KLD:6678.20752,Test: total:26351.81641, BCE:-27.87330, KLD:26379.68750
=> saved checkpoint 'checkpoints_CNN/mnist_VAE_s20_v25_SE/last' (iter 10530, epoch 39.0)
=> saved checkpoint 'checkpoint_scores_CNN/mnist_VAE_s20_v25_SE/last' (iter 10530, epoch 39.0)
EarlyStopping counter: 2 out of 25
[Save Checkpoint] epoch: [39.0], Train: total:6689.97314, BCE:-27.76785, KLD:6717.73682,Test: total:26500.84180, BCE:-28.17512, KLD:26529.01562
=> saved checkpoint 'checkpoints_CNN/mnist_VAE_s20_v25_SE/last' (iter 10800, epoch 40.0)
=> saved checkpoint 'checkpoint_scores_CNN/mnist_VAE_s20_v25_SE/last' (iter 10800, epoch 40.0)
EarlyStopping counter: 3 out of 25
[Save Checkpoint] epoch: [40.0], Train: total:6669.74951, BCE:-27.90408, KLD:6697.65234,Test: total:26420.80664, BCE:-28.30709, KLD:26449.11328
=> saved checkpoint 'checkpoints_CNN/mnist_VAE_s20_v25_SE/last' (iter 11070, epoch 41.0)
=> saved checkpoint 'checkpoint_scores_CNN/mnist_VAE_s20_v25_SE/last' (iter 11070, epoch 41.0)
EarlyStopping counter: 4 out of 25
[Save Checkpoint] epoch: [41.0], Train: total:6690.45801, BCE:-28.24466, KLD:6718.70020,Test: total:26517.54102, BCE:-28.64256, KLD:26546.18164
Epoch    42: reducing learning rate of group 0 to 2.0000e-04.
=> saved checkpoint 'checkpoints_CNN/mnist_VAE_s20_v25_SE/last' (iter 11340, epoch 42.0)
=> saved checkpoint 'checkpoint_scores_CNN/mnist_VAE_s20_v25_SE/last' (iter 11340, epoch 42.0)
EarlyStopping counter: 5 out of 25
[Save Checkpoint] epoch: [42.0], Train: total:6562.28125, BCE:-28.77052, KLD:6591.05273,Test: total:25985.21875, BCE:-29.18473, KLD:26014.40625
=> saved checkpoint 'checkpoints_CNN/mnist_VAE_s20_v25_SE/last' (iter 11610, epoch 43.0)
=> saved checkpoint 'checkpoint_scores_CNN/mnist_VAE_s20_v25_SE/last' (iter 11610, epoch 43.0)
[Save Checkpoint] epoch: [43.0], Train: total:6568.92383, BCE:-28.24209, KLD:6597.16406,Test: total:26013.64648, BCE:-28.62803, KLD:26042.27148
=> saved checkpoint 'checkpoints_CNN/mnist_VAE_s20_v25_SE/last' (iter 11880, epoch 44.0)
=> saved checkpoint 'checkpoint_scores_CNN/mnist_VAE_s20_v25_SE/last' (iter 11880, epoch 44.0)
[Save Checkpoint] epoch: [44.0], Train: total:6524.10840, BCE:-28.37586, KLD:6552.48535,Test: total:25827.22461, BCE:-28.76451, KLD:25855.98828
=> saved checkpoint 'checkpoints_CNN/mnist_VAE_s20_v25_SE/last' (iter 12150, epoch 45.0)
=> saved checkpoint 'checkpoint_scores_CNN/mnist_VAE_s20_v25_SE/last' (iter 12150, epoch 45.0)
[Save Checkpoint] epoch: [45.0], Train: total:6526.96484, BCE:-28.46967, KLD:6555.43750,Test: total:25844.28320, BCE:-28.87514, KLD:25873.15625
=> saved checkpoint 'checkpoints_CNN/mnist_VAE_s20_v25_SE/last' (iter 12420, epoch 46.0)
=> saved checkpoint 'checkpoint_scores_CNN/mnist_VAE_s20_v25_SE/last' (iter 12420, epoch 46.0)
[Save Checkpoint] epoch: [46.0], Train: total:6552.55127, BCE:-28.66324, KLD:6581.21533,Test: total:25943.77148, BCE:-29.07259, KLD:25972.84766
=> saved checkpoint 'checkpoints_CNN/mnist_VAE_s20_v25_SE/last' (iter 12690, epoch 47.0)
=> saved checkpoint 'checkpoint_scores_CNN/mnist_VAE_s20_v25_SE/last' (iter 12690, epoch 47.0)
EarlyStopping counter: 1 out of 25
[Save Checkpoint] epoch: [47.0], Train: total:6538.95947, BCE:-28.59676, KLD:6567.55322,Test: total:25887.39648, BCE:-28.98657, KLD:25916.38477
=> saved checkpoint 'checkpoints_CNN/mnist_VAE_s20_v25_SE/last' (iter 12960, epoch 48.0)
=> saved checkpoint 'checkpoint_scores_CNN/mnist_VAE_s20_v25_SE/last' (iter 12960, epoch 48.0)
[Save Checkpoint] epoch: [48.0], Train: total:6518.13330, BCE:-28.45209, KLD:6546.58643,Test: total:25803.62500, BCE:-28.83401, KLD:25832.45898
=> saved checkpoint 'checkpoints_CNN/mnist_VAE_s20_v25_SE/last' (iter 13230, epoch 49.0)
=> saved checkpoint 'checkpoint_scores_CNN/mnist_VAE_s20_v25_SE/last' (iter 13230, epoch 49.0)
EarlyStopping counter: 1 out of 25
[Save Checkpoint] epoch: [49.0], Train: total:6512.59668, BCE:-28.57923, KLD:6541.17578,Test: total:25779.83594, BCE:-28.95848, KLD:25808.79688
=> saved checkpoint 'checkpoints_CNN/mnist_VAE_s20_v25_SE/last' (iter 13500, epoch 50.0)
=> saved checkpoint 'checkpoint_scores_CNN/mnist_VAE_s20_v25_SE/last' (iter 13500, epoch 50.0)
EarlyStopping counter: 2 out of 25
[Save Checkpoint] epoch: [50.0], Train: total:6499.74902, BCE:-28.93682, KLD:6528.68604,Test: total:25729.31055, BCE:-29.31227, KLD:25758.62305
=> saved checkpoint 'checkpoints_CNN/mnist_VAE_s20_v25_SE/last' (iter 13770, epoch 51.0)
=> saved checkpoint 'checkpoint_scores_CNN/mnist_VAE_s20_v25_SE/last' (iter 13770, epoch 51.0)
EarlyStopping counter: 3 out of 25
[Save Checkpoint] epoch: [51.0], Train: total:6521.55762, BCE:-28.81335, KLD:6550.36865,Test: total:25825.19336, BCE:-29.20867, KLD:25854.40039
=> saved checkpoint 'checkpoints_CNN/mnist_VAE_s20_v25_SE/last' (iter 14040, epoch 52.0)
=> saved checkpoint 'checkpoint_scores_CNN/mnist_VAE_s20_v25_SE/last' (iter 14040, epoch 52.0)
[Save Checkpoint] epoch: [52.0], Train: total:6495.22754, BCE:-28.80894, KLD:6524.03857,Test: total:25712.44141, BCE:-29.19116, KLD:25741.63086
=> saved checkpoint 'checkpoints_CNN/mnist_VAE_s20_v25_SE/last' (iter 14310, epoch 53.0)
=> saved checkpoint 'checkpoint_scores_CNN/mnist_VAE_s20_v25_SE/last' (iter 14310, epoch 53.0)
EarlyStopping counter: 1 out of 25
[Save Checkpoint] epoch: [53.0], Train: total:6499.74365, BCE:-28.99955, KLD:6528.74316,Test: total:25734.25586, BCE:-29.39403, KLD:25763.65039
=> saved checkpoint 'checkpoints_CNN/mnist_VAE_s20_v25_SE/last' (iter 14580, epoch 54.0)
=> saved checkpoint 'checkpoint_scores_CNN/mnist_VAE_s20_v25_SE/last' (iter 14580, epoch 54.0)
EarlyStopping counter: 2 out of 25
[Save Checkpoint] epoch: [54.0], Train: total:6568.62549, BCE:-29.02641, KLD:6597.64990,Test: total:26006.38867, BCE:-29.42716, KLD:26035.81055
=> saved checkpoint 'checkpoints_CNN/mnist_VAE_s20_v25_SE/last' (iter 14850, epoch 55.0)
=> saved checkpoint 'checkpoint_scores_CNN/mnist_VAE_s20_v25_SE/last' (iter 14850, epoch 55.0)
[Save Checkpoint] epoch: [55.0], Train: total:6543.54346, BCE:-28.90106, KLD:6572.44531,Test: total:25908.11914, BCE:-29.31133, KLD:25937.42773
=> saved checkpoint 'checkpoints_CNN/mnist_VAE_s20_v25_SE/last' (iter 15120, epoch 56.0)
=> saved checkpoint 'checkpoint_scores_CNN/mnist_VAE_s20_v25_SE/last' (iter 15120, epoch 56.0)
EarlyStopping counter: 1 out of 25
[Save Checkpoint] epoch: [56.0], Train: total:6538.73096, BCE:-29.12687, KLD:6567.85498,Test: total:25893.76367, BCE:-29.50793, KLD:25923.27148
=> saved checkpoint 'checkpoints_CNN/mnist_VAE_s20_v25_SE/last' (iter 15390, epoch 57.0)
=> saved checkpoint 'checkpoint_scores_CNN/mnist_VAE_s20_v25_SE/last' (iter 15390, epoch 57.0)
[Save Checkpoint] epoch: [57.0], Train: total:6505.88672, BCE:-29.07759, KLD:6534.96289,Test: total:25754.93555, BCE:-29.45389, KLD:25784.39062
=> saved checkpoint 'checkpoints_CNN/mnist_VAE_s20_v25_SE/last' (iter 15660, epoch 58.0)
=> saved checkpoint 'checkpoint_scores_CNN/mnist_VAE_s20_v25_SE/last' (iter 15660, epoch 58.0)
EarlyStopping counter: 1 out of 25
[Save Checkpoint] epoch: [58.0], Train: total:6520.09473, BCE:-29.23918, KLD:6549.33398,Test: total:25814.26172, BCE:-29.62047, KLD:25843.88086
=> saved checkpoint 'checkpoints_CNN/mnist_VAE_s20_v25_SE/last' (iter 15930, epoch 59.0)
=> saved checkpoint 'checkpoint_scores_CNN/mnist_VAE_s20_v25_SE/last' (iter 15930, epoch 59.0)
EarlyStopping counter: 2 out of 25
[Save Checkpoint] epoch: [59.0], Train: total:6499.09375, BCE:-29.21793, KLD:6528.31006,Test: total:25719.66602, BCE:-29.58599, KLD:25749.25000
=> saved checkpoint 'checkpoints_CNN/mnist_VAE_s20_v25_SE/last' (iter 16200, epoch 60.0)
=> saved checkpoint 'checkpoint_scores_CNN/mnist_VAE_s20_v25_SE/last' (iter 16200, epoch 60.0)
[Save Checkpoint] epoch: [60.0], Train: total:6500.51709, BCE:-29.30482, KLD:6529.82373,Test: total:25733.00195, BCE:-29.67817, KLD:25762.67773
=> saved checkpoint 'checkpoints_CNN/mnist_VAE_s20_v25_SE/last' (iter 16470, epoch 61.0)
=> saved checkpoint 'checkpoint_scores_CNN/mnist_VAE_s20_v25_SE/last' (iter 16470, epoch 61.0)
EarlyStopping counter: 1 out of 25
[Save Checkpoint] epoch: [61.0], Train: total:6536.30371, BCE:-29.21199, KLD:6565.51318,Test: total:25877.44922, BCE:-29.59296, KLD:25907.04297
=> saved checkpoint 'checkpoints_CNN/mnist_VAE_s20_v25_SE/last' (iter 16740, epoch 62.0)
=> saved checkpoint 'checkpoint_scores_CNN/mnist_VAE_s20_v25_SE/last' (iter 16740, epoch 62.0)
[Save Checkpoint] epoch: [62.0], Train: total:6480.96191, BCE:-29.19090, KLD:6510.15039,Test: total:25651.86133, BCE:-29.56562, KLD:25681.42773
=> saved checkpoint 'checkpoints_CNN/mnist_VAE_s20_v25_SE/last' (iter 17010, epoch 63.0)
=> saved checkpoint 'checkpoint_scores_CNN/mnist_VAE_s20_v25_SE/last' (iter 17010, epoch 63.0)
EarlyStopping counter: 1 out of 25
[Save Checkpoint] epoch: [63.0], Train: total:6496.39648, BCE:-29.10959, KLD:6525.50586,Test: total:25721.37891, BCE:-29.50096, KLD:25750.88086
=> saved checkpoint 'checkpoints_CNN/mnist_VAE_s20_v25_SE/last' (iter 17280, epoch 64.0)
=> saved checkpoint 'checkpoint_scores_CNN/mnist_VAE_s20_v25_SE/last' (iter 17280, epoch 64.0)
EarlyStopping counter: 2 out of 25
[Save Checkpoint] epoch: [64.0], Train: total:6528.07031, BCE:-29.24004, KLD:6557.31299,Test: total:25841.14453, BCE:-29.61733, KLD:25870.75781
=> saved checkpoint 'checkpoints_CNN/mnist_VAE_s20_v25_SE/last' (iter 17550, epoch 65.0)
=> saved checkpoint 'checkpoint_scores_CNN/mnist_VAE_s20_v25_SE/last' (iter 17550, epoch 65.0)
EarlyStopping counter: 3 out of 25
[Save Checkpoint] epoch: [65.0], Train: total:6498.16309, BCE:-29.50941, KLD:6527.67188,Test: total:25725.03906, BCE:-29.87576, KLD:25754.91602
=> saved checkpoint 'checkpoints_CNN/mnist_VAE_s20_v25_SE/last' (iter 17820, epoch 66.0)
=> saved checkpoint 'checkpoint_scores_CNN/mnist_VAE_s20_v25_SE/last' (iter 17820, epoch 66.0)
EarlyStopping counter: 4 out of 25
[Save Checkpoint] epoch: [66.0], Train: total:6486.36816, BCE:-29.47688, KLD:6515.84814,Test: total:25672.15039, BCE:-29.86267, KLD:25702.01172
Epoch    67: reducing learning rate of group 0 to 4.0000e-05.
=> saved checkpoint 'checkpoints_CNN/mnist_VAE_s20_v25_SE/last' (iter 18090, epoch 67.0)
=> saved checkpoint 'checkpoint_scores_CNN/mnist_VAE_s20_v25_SE/last' (iter 18090, epoch 67.0)
EarlyStopping counter: 5 out of 25
[Save Checkpoint] epoch: [67.0], Train: total:6502.10938, BCE:-29.55316, KLD:6531.66211,Test: total:25738.78711, BCE:-29.91099, KLD:25768.70117
=> saved checkpoint 'checkpoints_CNN/mnist_VAE_s20_v25_SE/last' (iter 18360, epoch 68.0)
=> saved checkpoint 'checkpoint_scores_CNN/mnist_VAE_s20_v25_SE/last' (iter 18360, epoch 68.0)
EarlyStopping counter: 6 out of 25
[Save Checkpoint] epoch: [68.0], Train: total:6472.82861, BCE:-29.47573, KLD:6502.30420,Test: total:25624.92578, BCE:-29.84413, KLD:25654.76953
=> saved checkpoint 'checkpoints_CNN/mnist_VAE_s20_v25_SE/last' (iter 18630, epoch 69.0)
=> saved checkpoint 'checkpoint_scores_CNN/mnist_VAE_s20_v25_SE/last' (iter 18630, epoch 69.0)
EarlyStopping counter: 7 out of 25
[Save Checkpoint] epoch: [69.0], Train: total:6477.28125, BCE:-29.52857, KLD:6506.81055,Test: total:25645.57031, BCE:-29.92100, KLD:25675.49219
=> saved checkpoint 'checkpoints_CNN/mnist_VAE_s20_v25_SE/last' (iter 18900, epoch 70.0)
=> saved checkpoint 'checkpoint_scores_CNN/mnist_VAE_s20_v25_SE/last' (iter 18900, epoch 70.0)
EarlyStopping counter: 8 out of 25
[Save Checkpoint] epoch: [70.0], Train: total:6481.29395, BCE:-29.59052, KLD:6510.88232,Test: total:25665.05078, BCE:-29.97305, KLD:25695.02344
=> saved checkpoint 'checkpoints_CNN/mnist_VAE_s20_v25_SE/last' (iter 19170, epoch 71.0)
=> saved checkpoint 'checkpoint_scores_CNN/mnist_VAE_s20_v25_SE/last' (iter 19170, epoch 71.0)
EarlyStopping counter: 9 out of 25
[Save Checkpoint] epoch: [71.0], Train: total:6492.17725, BCE:-29.64368, KLD:6521.82324,Test: total:25700.58594, BCE:-30.03980, KLD:25730.62695
Epoch    72: reducing learning rate of group 0 to 8.0000e-06.
=> saved checkpoint 'checkpoints_CNN/mnist_VAE_s20_v25_SE/last' (iter 19440, epoch 72.0)
=> saved checkpoint 'checkpoint_scores_CNN/mnist_VAE_s20_v25_SE/last' (iter 19440, epoch 72.0)
EarlyStopping counter: 10 out of 25
[Save Checkpoint] epoch: [72.0], Train: total:6480.03955, BCE:-29.62176, KLD:6509.66455,Test: total:25655.69141, BCE:-30.01370, KLD:25685.70312
=> saved checkpoint 'checkpoints_CNN/mnist_VAE_s20_v25_SE/last' (iter 19710, epoch 73.0)
=> saved checkpoint 'checkpoint_scores_CNN/mnist_VAE_s20_v25_SE/last' (iter 19710, epoch 73.0)
EarlyStopping counter: 11 out of 25
[Save Checkpoint] epoch: [73.0], Train: total:6497.57666, BCE:-29.64816, KLD:6527.22559,Test: total:25724.73828, BCE:-30.00886, KLD:25754.74805
=> saved checkpoint 'checkpoints_CNN/mnist_VAE_s20_v25_SE/last' (iter 19980, epoch 74.0)
=> saved checkpoint 'checkpoint_scores_CNN/mnist_VAE_s20_v25_SE/last' (iter 19980, epoch 74.0)
EarlyStopping counter: 12 out of 25
[Save Checkpoint] epoch: [74.0], Train: total:6502.53418, BCE:-29.64360, KLD:6532.17920,Test: total:25743.34961, BCE:-30.01981, KLD:25773.36719
=> saved checkpoint 'checkpoints_CNN/mnist_VAE_s20_v25_SE/last' (iter 20250, epoch 75.0)
=> saved checkpoint 'checkpoint_scores_CNN/mnist_VAE_s20_v25_SE/last' (iter 20250, epoch 75.0)
EarlyStopping counter: 13 out of 25
[Save Checkpoint] epoch: [75.0], Train: total:6494.61914, BCE:-29.68059, KLD:6524.30176,Test: total:25710.67773, BCE:-30.06406, KLD:25740.74023
=> saved checkpoint 'checkpoints_CNN/mnist_VAE_s20_v25_SE/last' (iter 20520, epoch 76.0)
=> saved checkpoint 'checkpoint_scores_CNN/mnist_VAE_s20_v25_SE/last' (iter 20520, epoch 76.0)
EarlyStopping counter: 14 out of 25
[Save Checkpoint] epoch: [76.0], Train: total:6503.24512, BCE:-29.69644, KLD:6532.94238,Test: total:25745.50586, BCE:-30.06579, KLD:25775.57227
Epoch    77: reducing learning rate of group 0 to 1.6000e-06.
=> saved checkpoint 'checkpoints_CNN/mnist_VAE_s20_v25_SE/last' (iter 20790, epoch 77.0)
=> saved checkpoint 'checkpoint_scores_CNN/mnist_VAE_s20_v25_SE/last' (iter 20790, epoch 77.0)
EarlyStopping counter: 15 out of 25
[Save Checkpoint] epoch: [77.0], Train: total:6494.66504, BCE:-29.74485, KLD:6524.40869,Test: total:25712.01367, BCE:-30.10339, KLD:25742.11719
=> saved checkpoint 'checkpoints_CNN/mnist_VAE_s20_v25_SE/last' (iter 21060, epoch 78.0)
=> saved checkpoint 'checkpoint_scores_CNN/mnist_VAE_s20_v25_SE/last' (iter 21060, epoch 78.0)
EarlyStopping counter: 16 out of 25
[Save Checkpoint] epoch: [78.0], Train: total:6494.93652, BCE:-29.74836, KLD:6524.68457,Test: total:25713.56445, BCE:-30.12284, KLD:25743.68164
=> saved checkpoint 'checkpoints_CNN/mnist_VAE_s20_v25_SE/last' (iter 21330, epoch 79.0)
=> saved checkpoint 'checkpoint_scores_CNN/mnist_VAE_s20_v25_SE/last' (iter 21330, epoch 79.0)
EarlyStopping counter: 17 out of 25
[Save Checkpoint] epoch: [79.0], Train: total:6496.42285, BCE:-29.73429, KLD:6526.15869,Test: total:25718.71680, BCE:-30.09546, KLD:25748.81445
=> saved checkpoint 'checkpoints_CNN/mnist_VAE_s20_v25_SE/last' (iter 21600, epoch 80.0)
=> saved checkpoint 'checkpoint_scores_CNN/mnist_VAE_s20_v25_SE/last' (iter 21600, epoch 80.0)
EarlyStopping counter: 18 out of 25
[Save Checkpoint] epoch: [80.0], Train: total:6496.61523, BCE:-29.73540, KLD:6526.35107,Test: total:25719.40430, BCE:-30.11964, KLD:25749.52148
=> saved checkpoint 'checkpoints_CNN/mnist_VAE_s20_v25_SE/last' (iter 21870, epoch 81.0)
=> saved checkpoint 'checkpoint_scores_CNN/mnist_VAE_s20_v25_SE/last' (iter 21870, epoch 81.0)
EarlyStopping counter: 19 out of 25
[Save Checkpoint] epoch: [81.0], Train: total:6498.21484, BCE:-29.74544, KLD:6527.96045,Test: total:25725.74805, BCE:-30.12406, KLD:25755.87109
Epoch    82: reducing learning rate of group 0 to 1.0000e-06.
=> saved checkpoint 'checkpoints_CNN/mnist_VAE_s20_v25_SE/last' (iter 22140, epoch 82.0)
=> saved checkpoint 'checkpoint_scores_CNN/mnist_VAE_s20_v25_SE/last' (iter 22140, epoch 82.0)
EarlyStopping counter: 20 out of 25
[Save Checkpoint] epoch: [82.0], Train: total:6497.35742, BCE:-29.75592, KLD:6527.11328,Test: total:25722.27930, BCE:-30.13482, KLD:25752.41211
=> saved checkpoint 'checkpoints_CNN/mnist_VAE_s20_v25_SE/last' (iter 22410, epoch 83.0)
=> saved checkpoint 'checkpoint_scores_CNN/mnist_VAE_s20_v25_SE/last' (iter 22410, epoch 83.0)
EarlyStopping counter: 21 out of 25
[Save Checkpoint] epoch: [83.0], Train: total:6500.91602, BCE:-29.76056, KLD:6530.67432,Test: total:25736.55859, BCE:-30.12986, KLD:25766.68945
=> saved checkpoint 'checkpoints_CNN/mnist_VAE_s20_v25_SE/last' (iter 22680, epoch 84.0)
=> saved checkpoint 'checkpoint_scores_CNN/mnist_VAE_s20_v25_SE/last' (iter 22680, epoch 84.0)
EarlyStopping counter: 22 out of 25
[Save Checkpoint] epoch: [84.0], Train: total:6494.89697, BCE:-29.73936, KLD:6524.63525,Test: total:25712.78516, BCE:-30.11812, KLD:25742.90430
=> saved checkpoint 'checkpoints_CNN/mnist_VAE_s20_v25_SE/last' (iter 22950, epoch 85.0)
=> saved checkpoint 'checkpoint_scores_CNN/mnist_VAE_s20_v25_SE/last' (iter 22950, epoch 85.0)
EarlyStopping counter: 23 out of 25
[Save Checkpoint] epoch: [85.0], Train: total:6494.45605, BCE:-29.75094, KLD:6524.20410,Test: total:25710.87891, BCE:-30.15043, KLD:25741.02734
=> saved checkpoint 'checkpoints_CNN/mnist_VAE_s20_v25_SE/last' (iter 23220, epoch 86.0)
=> saved checkpoint 'checkpoint_scores_CNN/mnist_VAE_s20_v25_SE/last' (iter 23220, epoch 86.0)
EarlyStopping counter: 24 out of 25
[Save Checkpoint] epoch: [86.0], Train: total:6495.76514, BCE:-29.76234, KLD:6525.52490,Test: total:25716.20312, BCE:-30.14225, KLD:25746.34961
=> saved checkpoint 'checkpoints_CNN/mnist_VAE_s20_v25_SE/last' (iter 23490, epoch 87.0)
=> saved checkpoint 'checkpoint_scores_CNN/mnist_VAE_s20_v25_SE/last' (iter 23490, epoch 87.0)
EarlyStopping counter: 25 out of 25
[Save Checkpoint] epoch: [87.0], Train: total:6496.78906, BCE:-29.76137, KLD:6526.55322,Test: total:25720.00000, BCE:-30.15677, KLD:25750.15625
Early stopping
[Training Finished]
All done !
