89
--gpu_devices 0 --max_iter 100 --batch_size 250 --use_scheduler True --lr 1e-3 --GMP True --z_struct_size 10 --is_VAE True --is_encoder_struct False --lambda_BCE 1 --beta 1 --big_kernel_size 8 --two_conv_layer True --three_conv_layer True --kernel_size_1 4 --kernel_size_2 4 --kernel_size_3 4 --BK_in_first_layer True --BK_in_second_layer False --BK_in_third_layer False --stride_size 1 --hidden_filters_layer1 64 --hidden_filters_layer2 64 --hidden_filters_layer3 64 --dataset_balanced True --binary_z True --binary_first_conv False --binary_second_conv False --binary_third_conv True --z_var_size 30 --z_struct_size 20 --use_small_lr_encoder_var False --encoder_var_name None --encoder_struct_name mnist_struct_baseline_scheduler_binary_20 --freeze_Encoder True --exp_name mnist_VAE_s20_v30_SE
Namespace(BK_in_first_layer=True, BK_in_second_layer=False, BK_in_third_layer=False, BN=False, C_max=25, C_stop_iter=100000.0, E1_AE=False, E1_VAE=False, E1_conv=False, E1_dense=False, E1_second_conv=False, E1_second_conv_adapt=False, GMP=True, Hmg_dst_loss=False, IPC=False, L1_norm_act=False, L1_norm_weights=False, L3_without_random=False, LOG_DIR='logs', adapt_lr=False, add_classification_layer=True, add_linear_after_GMP=True, add_z_struct_bottleneck=False, alpha=32, batch_size=250, beta=1.0, beta1=0.9, beta2=0.999, big_kernel=False, big_kernel_size=8, binary_chain=False, binary_first_conv=False, binary_second_conv=False, binary_third_conv=True, binary_z=True, both_decoders_freeze=False, ckpt_dir='checkpoints_CNN', ckpt_dir_scores='checkpoint_scores_CNN', classif_layer_size=30, contrastive_loss=False, cuda=True, dataset='mnist', dataset_balanced=True, decoder_first_dense=36, decoder_kernel_size_1=4, decoder_kernel_size_2=3, decoder_kernel_size_3=4, decoder_n_filter_1=64, decoder_n_filter_2=64, decoder_n_filter_3=64, decoder_stride_1=2, decoder_stride_2=2, decoder_stride_3=1, diff_var=False, display_step=10000, dset_dir='data', encoder_struct_name='mnist_struct_baseline_scheduler_binary_20', encoder_var_name='None', exp_name='mnist_VAE_s20_v30_SE', freeze_Encoder=True, gamma=1000, gpu_devices=[0], hidden_filters_layer1=64, hidden_filters_layer2=64, hidden_filters_layer3=64, image_size=64, intra_class_variance_loss=False, is_C=True, is_E1=False, is_VAE=True, is_VAE_var=False, is_binary_structural_latent=False, is_custom_model=False, is_custom_model_BK=False, is_default_model=False, is_encoder_struct=False, is_noise_stats=False, is_partial_rand_class=False, is_perturbed_score=False, is_zvar_sim_loss=False, just_train=False, kernel_size=4, kernel_size_1=4, kernel_size_2=4, kernel_size_3=4, lambda_BCE=1.0, lambda_Kl_struct=1, lambda_Kl_var=1, lambda_L1=0.01, lambda_VAE=1, lambda_class=1, lambda_contrastive_loss=1, lambda_distance_mean=1, lambda_hmg_dst=1, lambda_intra_class_var=1, lambda_partial_class=1, lambda_ratio_reg=1, lambda_recon_wt_rand=1, lambda_recons=1, lambda_uniq_code_dst=1, lambda_var_distance=1, lambda_var_inter=1, lambda_var_intra=1, lambda_zvar_sim=1, latent_spec_cont=None, latent_spec_cont_class=None, latent_spec_cont_var=None, latent_spec_disc=None, latent_spec_disc_class=None, latent_spec_disc_var=None, log_level='info', loss='Proxy_Anchor', loss_distance_mean=False, loss_min_distance_cl=False, lr=0.001, max_epoch_use_uniq_code_target=5, max_iter=100.0, model='CNN', mrg=0.1, nb_epochs_train_only_zvar=0, num_workers=2, old_weighted=False, optimizer='adamw', other_architecture=False, other_ratio=False, random_percentage=0.2, random_seed=10, randomness=True, ratio_reg=False, remark='', save_step=10000, second_layer_C=False, seed=1, stride_size=1, sz_embedding=5, three_conv_layer=True, train=True, train_var_struct_alternatively=False, two_conv_layer=True, two_encoder=False, uniq_code_dst_loss=False, use_VAE=False, use_decoder=False, use_early_stopping=True, use_scheduler=True, use_small_lr_encoder_var=False, use_structural_encoder=False, value_target_distance_mean=1, var_hidden_dim=256, var_hidden_filters_1=32, var_hidden_filters_2=32, var_hidden_filters_3=32, var_kernel_size_1=3, var_kernel_size_2=3, var_kernel_size_3=3, var_second_cnn_block=True, var_stride_size_1=1, var_stride_size_2=1, var_stride_size_3=1, var_third_cnn_block=False, var_three_conv_layer=False, warm=1, without_acc=False, z_struct_size=20, z_var_size=30, zeros_W_Classif=False, zvar_sim_change_zvar=False, zvar_sim_loss_for_all_model=False, zvar_sim_loss_only_for_encoder=False, zvar_sim_normal=False, zvar_sim_var_rand=False)
CUDA Visible devices !
[Using Seed: 10]
Balanced dataset loaded
VAE doesn't exist but encoder struct yes ! load struct encoder weighs !
=> loaded checkpoint 'checkpoints_CNN/mnist_struct_baseline_scheduler_binary_20/last (iter 17280)'
Weighs loaded for struct encoder !
use 1 gpu who named: Tesla V100-SXM2-32GB
VAE(
  (encoder_struct): Sequential(
    (0): Conv2d(1, 64, kernel_size=(8, 8), stride=(1, 1))
    (1): BatchNorm2d(64, eps=1e-05, momentum=0.1, affine=True, track_running_stats=True)
    (2): ReLU(inplace=True)
    (3): Conv2d(64, 64, kernel_size=(4, 4), stride=(1, 1))
    (4): BatchNorm2d(64, eps=1e-05, momentum=0.1, affine=True, track_running_stats=True)
    (5): ReLU(inplace=True)
    (6): Conv2d(64, 20, kernel_size=(4, 4), stride=(1, 1))
    (7): BatchNorm2d(20, eps=1e-05, momentum=0.1, affine=True, track_running_stats=True)
    (8): DeterministicBinaryActivation(
      (act): Hardsigmoid(
        (act): Hardtanh(min_val=-1.0, max_val=1.0)
      )
    )
    (9): AdaptiveMaxPool2d(output_size=(1, 1))
    (10): View()
  )
  (encoder_var): Sequential(
    (0): Conv2d(1, 32, kernel_size=(3, 3), stride=(1, 1))
    (1): ReLU(inplace=True)
    (2): BatchNorm2d(32, eps=1e-05, momentum=0.1, affine=True, track_running_stats=True)
    (3): Conv2d(32, 32, kernel_size=(3, 3), stride=(1, 1))
    (4): ReLU(inplace=True)
    (5): BatchNorm2d(32, eps=1e-05, momentum=0.1, affine=True, track_running_stats=True)
    (6): Conv2d(32, 32, kernel_size=(5, 5), stride=(2, 2), padding=(2, 2))
    (7): ReLU(inplace=True)
    (8): BatchNorm2d(32, eps=1e-05, momentum=0.1, affine=True, track_running_stats=True)
    (9): Dropout(p=0.4, inplace=False)
    (10): Conv2d(32, 64, kernel_size=(3, 3), stride=(1, 1))
    (11): ReLU(inplace=True)
    (12): BatchNorm2d(64, eps=1e-05, momentum=0.1, affine=True, track_running_stats=True)
    (13): Conv2d(64, 64, kernel_size=(3, 3), stride=(1, 1))
    (14): ReLU(inplace=True)
    (15): BatchNorm2d(64, eps=1e-05, momentum=0.1, affine=True, track_running_stats=True)
    (16): Conv2d(64, 64, kernel_size=(5, 5), stride=(2, 2), padding=(2, 2))
    (17): ReLU(inplace=True)
    (18): BatchNorm2d(64, eps=1e-05, momentum=0.1, affine=True, track_running_stats=True)
    (19): Dropout(p=0.4, inplace=False)
    (20): View()
    (21): Linear(in_features=1600, out_features=60, bias=True)
  )
  (decoder): Sequential(
    (0): Linear(in_features=50, out_features=1600, bias=True)
    (1): ReLU(inplace=True)
    (2): View()
    (3): ConvTranspose2d(64, 64, kernel_size=(4, 4), stride=(2, 2), padding=(1, 1))
    (4): ReLU(inplace=True)
    (5): ConvTranspose2d(64, 64, kernel_size=(3, 3), stride=(1, 1))
    (6): ReLU(inplace=True)
    (7): ConvTranspose2d(64, 32, kernel_size=(3, 3), stride=(1, 1))
    (8): ReLU(inplace=True)
    (9): ConvTranspose2d(32, 32, kernel_size=(4, 4), stride=(2, 2), padding=(1, 1))
    (10): ReLU(inplace=True)
    (11): ConvTranspose2d(32, 32, kernel_size=(3, 3), stride=(1, 1))
    (12): ReLU(inplace=True)
    (13): ConvTranspose2d(32, 1, kernel_size=(3, 3), stride=(1, 1))
    (14): Sigmoid()
  )
)
The number of parameters of model is 608825
=> saved checkpoint 'checkpoints_CNN/mnist_VAE_s20_v30_SE/last' (iter 270, epoch 1.0)
=> saved checkpoint 'checkpoint_scores_CNN/mnist_VAE_s20_v30_SE/last' (iter 270, epoch 1.0)
[Save Checkpoint] epoch: [1.0], Train: total:7547.08740, BCE:-15.22124, KLD:7562.30811,Test: total:30135.54688, BCE:-15.36575, KLD:30150.91211
=> saved checkpoint 'checkpoints_CNN/mnist_VAE_s20_v30_SE/last' (iter 540, epoch 2.0)
=> saved checkpoint 'checkpoint_scores_CNN/mnist_VAE_s20_v30_SE/last' (iter 540, epoch 2.0)
[Save Checkpoint] epoch: [2.0], Train: total:7617.71094, BCE:-17.21973, KLD:7634.92822,Test: total:30412.20703, BCE:-17.37158, KLD:30429.57812
=> saved checkpoint 'checkpoints_CNN/mnist_VAE_s20_v30_SE/last' (iter 810, epoch 3.0)
=> saved checkpoint 'checkpoint_scores_CNN/mnist_VAE_s20_v30_SE/last' (iter 810, epoch 3.0)
[Save Checkpoint] epoch: [3.0], Train: total:7792.09131, BCE:-15.96545, KLD:7808.05469,Test: total:31063.88477, BCE:-16.12717, KLD:31080.00586
=> saved checkpoint 'checkpoints_CNN/mnist_VAE_s20_v30_SE/last' (iter 1080, epoch 4.0)
=> saved checkpoint 'checkpoint_scores_CNN/mnist_VAE_s20_v30_SE/last' (iter 1080, epoch 4.0)
[Save Checkpoint] epoch: [4.0], Train: total:7531.49219, BCE:-16.22423, KLD:7547.71387,Test: total:29998.33398, BCE:-16.41313, KLD:30014.74805
=> saved checkpoint 'checkpoints_CNN/mnist_VAE_s20_v30_SE/last' (iter 1350, epoch 5.0)
=> saved checkpoint 'checkpoint_scores_CNN/mnist_VAE_s20_v30_SE/last' (iter 1350, epoch 5.0)
[Save Checkpoint] epoch: [5.0], Train: total:7723.54443, BCE:-15.15418, KLD:7738.69775,Test: total:30687.97266, BCE:-15.31119, KLD:30703.28125
=> saved checkpoint 'checkpoints_CNN/mnist_VAE_s20_v30_SE/last' (iter 1620, epoch 6.0)
=> saved checkpoint 'checkpoint_scores_CNN/mnist_VAE_s20_v30_SE/last' (iter 1620, epoch 6.0)
[Save Checkpoint] epoch: [6.0], Train: total:7597.05859, BCE:-15.86539, KLD:7612.92285,Test: total:30186.28125, BCE:-16.10737, KLD:30202.38867
=> saved checkpoint 'checkpoints_CNN/mnist_VAE_s20_v30_SE/last' (iter 1890, epoch 7.0)
=> saved checkpoint 'checkpoint_scores_CNN/mnist_VAE_s20_v30_SE/last' (iter 1890, epoch 7.0)
[Save Checkpoint] epoch: [7.0], Train: total:7574.86377, BCE:-16.11769, KLD:7590.97803,Test: total:30097.95898, BCE:-16.37844, KLD:30114.33789
=> saved checkpoint 'checkpoints_CNN/mnist_VAE_s20_v30_SE/last' (iter 2160, epoch 8.0)
=> saved checkpoint 'checkpoint_scores_CNN/mnist_VAE_s20_v30_SE/last' (iter 2160, epoch 8.0)
[Save Checkpoint] epoch: [8.0], Train: total:7475.58008, BCE:-16.66733, KLD:7492.24902,Test: total:29723.20117, BCE:-16.96030, KLD:29740.15625
=> saved checkpoint 'checkpoints_CNN/mnist_VAE_s20_v30_SE/last' (iter 2430, epoch 9.0)
=> saved checkpoint 'checkpoint_scores_CNN/mnist_VAE_s20_v30_SE/last' (iter 2430, epoch 9.0)
[Save Checkpoint] epoch: [9.0], Train: total:7539.18408, BCE:-16.80754, KLD:7555.98828,Test: total:29953.06836, BCE:-17.11366, KLD:29970.17773
=> saved checkpoint 'checkpoints_CNN/mnist_VAE_s20_v30_SE/last' (iter 2700, epoch 10.0)
=> saved checkpoint 'checkpoint_scores_CNN/mnist_VAE_s20_v30_SE/last' (iter 2700, epoch 10.0)
[Save Checkpoint] epoch: [10.0], Train: total:7512.48242, BCE:-17.82856, KLD:7530.30957,Test: total:29831.88086, BCE:-18.17770, KLD:29850.06055
=> saved checkpoint 'checkpoints_CNN/mnist_VAE_s20_v30_SE/last' (iter 2970, epoch 11.0)
=> saved checkpoint 'checkpoint_scores_CNN/mnist_VAE_s20_v30_SE/last' (iter 2970, epoch 11.0)
[Save Checkpoint] epoch: [11.0], Train: total:7486.88477, BCE:-17.62285, KLD:7504.51123,Test: total:29760.52930, BCE:-17.96798, KLD:29778.49805
=> saved checkpoint 'checkpoints_CNN/mnist_VAE_s20_v30_SE/last' (iter 3240, epoch 12.0)
=> saved checkpoint 'checkpoint_scores_CNN/mnist_VAE_s20_v30_SE/last' (iter 3240, epoch 12.0)
[Save Checkpoint] epoch: [12.0], Train: total:7201.02832, BCE:-17.74911, KLD:7218.77783,Test: total:28590.06250, BCE:-18.07203, KLD:28608.13477
=> saved checkpoint 'checkpoints_CNN/mnist_VAE_s20_v30_SE/last' (iter 3510, epoch 13.0)
=> saved checkpoint 'checkpoint_scores_CNN/mnist_VAE_s20_v30_SE/last' (iter 3510, epoch 13.0)
EarlyStopping counter: 1 out of 25
[Save Checkpoint] epoch: [13.0], Train: total:7210.13086, BCE:-18.84052, KLD:7228.96729,Test: total:28645.59180, BCE:-19.25703, KLD:28664.84766
=> saved checkpoint 'checkpoints_CNN/mnist_VAE_s20_v30_SE/last' (iter 3780, epoch 14.0)
=> saved checkpoint 'checkpoint_scores_CNN/mnist_VAE_s20_v30_SE/last' (iter 3780, epoch 14.0)
[Save Checkpoint] epoch: [14.0], Train: total:7182.84180, BCE:-18.51684, KLD:7201.35791,Test: total:28512.07617, BCE:-18.89974, KLD:28530.97266
=> saved checkpoint 'checkpoints_CNN/mnist_VAE_s20_v30_SE/last' (iter 4050, epoch 15.0)
=> saved checkpoint 'checkpoint_scores_CNN/mnist_VAE_s20_v30_SE/last' (iter 4050, epoch 15.0)
[Save Checkpoint] epoch: [15.0], Train: total:7063.68115, BCE:-18.68860, KLD:7082.37207,Test: total:28057.43750, BCE:-19.10563, KLD:28076.54492
=> saved checkpoint 'checkpoints_CNN/mnist_VAE_s20_v30_SE/last' (iter 4320, epoch 16.0)
=> saved checkpoint 'checkpoint_scores_CNN/mnist_VAE_s20_v30_SE/last' (iter 4320, epoch 16.0)
[Save Checkpoint] epoch: [16.0], Train: total:7156.44727, BCE:-18.65110, KLD:7175.09619,Test: total:28433.07812, BCE:-19.04473, KLD:28452.12305
=> saved checkpoint 'checkpoints_CNN/mnist_VAE_s20_v30_SE/last' (iter 4590, epoch 17.0)
=> saved checkpoint 'checkpoint_scores_CNN/mnist_VAE_s20_v30_SE/last' (iter 4590, epoch 17.0)
EarlyStopping counter: 1 out of 25
[Save Checkpoint] epoch: [17.0], Train: total:7049.09766, BCE:-19.20425, KLD:7068.30127,Test: total:27946.70312, BCE:-19.58068, KLD:27966.28516
=> saved checkpoint 'checkpoints_CNN/mnist_VAE_s20_v30_SE/last' (iter 4860, epoch 18.0)
=> saved checkpoint 'checkpoint_scores_CNN/mnist_VAE_s20_v30_SE/last' (iter 4860, epoch 18.0)
[Save Checkpoint] epoch: [18.0], Train: total:7028.40088, BCE:-19.46561, KLD:7047.86377,Test: total:27918.60352, BCE:-19.89997, KLD:27938.50391
=> saved checkpoint 'checkpoints_CNN/mnist_VAE_s20_v30_SE/last' (iter 5130, epoch 19.0)
=> saved checkpoint 'checkpoint_scores_CNN/mnist_VAE_s20_v30_SE/last' (iter 5130, epoch 19.0)
[Save Checkpoint] epoch: [19.0], Train: total:7159.38721, BCE:-20.04016, KLD:7179.42578,Test: total:28400.79102, BCE:-20.46798, KLD:28421.25977
=> saved checkpoint 'checkpoints_CNN/mnist_VAE_s20_v30_SE/last' (iter 5400, epoch 20.0)
=> saved checkpoint 'checkpoint_scores_CNN/mnist_VAE_s20_v30_SE/last' (iter 5400, epoch 20.0)
EarlyStopping counter: 1 out of 25
[Save Checkpoint] epoch: [20.0], Train: total:7030.16895, BCE:-20.67392, KLD:7050.84326,Test: total:27880.86914, BCE:-21.10292, KLD:27901.96875
=> saved checkpoint 'checkpoints_CNN/mnist_VAE_s20_v30_SE/last' (iter 5670, epoch 21.0)
=> saved checkpoint 'checkpoint_scores_CNN/mnist_VAE_s20_v30_SE/last' (iter 5670, epoch 21.0)
[Save Checkpoint] epoch: [21.0], Train: total:7178.12207, BCE:-19.78037, KLD:7197.90430,Test: total:28488.59180, BCE:-20.21359, KLD:28508.80664
=> saved checkpoint 'checkpoints_CNN/mnist_VAE_s20_v30_SE/last' (iter 5940, epoch 22.0)
=> saved checkpoint 'checkpoint_scores_CNN/mnist_VAE_s20_v30_SE/last' (iter 5940, epoch 22.0)
[Save Checkpoint] epoch: [22.0], Train: total:7108.61328, BCE:-20.87320, KLD:7129.48584,Test: total:28204.50391, BCE:-21.33003, KLD:28225.83398
=> saved checkpoint 'checkpoints_CNN/mnist_VAE_s20_v30_SE/last' (iter 6210, epoch 23.0)
=> saved checkpoint 'checkpoint_scores_CNN/mnist_VAE_s20_v30_SE/last' (iter 6210, epoch 23.0)
[Save Checkpoint] epoch: [23.0], Train: total:7012.35791, BCE:-20.88492, KLD:7033.24463,Test: total:27808.64453, BCE:-21.32162, KLD:27829.96289
=> saved checkpoint 'checkpoints_CNN/mnist_VAE_s20_v30_SE/last' (iter 6480, epoch 24.0)
=> saved checkpoint 'checkpoint_scores_CNN/mnist_VAE_s20_v30_SE/last' (iter 6480, epoch 24.0)
[Save Checkpoint] epoch: [24.0], Train: total:7023.12500, BCE:-20.88507, KLD:7044.01123,Test: total:27863.46875, BCE:-21.28753, KLD:27884.75977
=> saved checkpoint 'checkpoints_CNN/mnist_VAE_s20_v30_SE/last' (iter 6750, epoch 25.0)
=> saved checkpoint 'checkpoint_scores_CNN/mnist_VAE_s20_v30_SE/last' (iter 6750, epoch 25.0)
EarlyStopping counter: 1 out of 25
[Save Checkpoint] epoch: [25.0], Train: total:6820.81494, BCE:-21.00008, KLD:6841.81836,Test: total:27036.58398, BCE:-21.45971, KLD:27058.04492
=> saved checkpoint 'checkpoints_CNN/mnist_VAE_s20_v30_SE/last' (iter 7020, epoch 26.0)
=> saved checkpoint 'checkpoint_scores_CNN/mnist_VAE_s20_v30_SE/last' (iter 7020, epoch 26.0)
EarlyStopping counter: 2 out of 25
[Save Checkpoint] epoch: [26.0], Train: total:6969.69482, BCE:-21.55106, KLD:6991.24609,Test: total:27649.40625, BCE:-21.96875, KLD:27671.37500
=> saved checkpoint 'checkpoints_CNN/mnist_VAE_s20_v30_SE/last' (iter 7290, epoch 27.0)
=> saved checkpoint 'checkpoint_scores_CNN/mnist_VAE_s20_v30_SE/last' (iter 7290, epoch 27.0)
[Save Checkpoint] epoch: [27.0], Train: total:6977.25830, BCE:-21.87914, KLD:6999.13770,Test: total:27679.56641, BCE:-22.29600, KLD:27701.86523
=> saved checkpoint 'checkpoints_CNN/mnist_VAE_s20_v30_SE/last' (iter 7560, epoch 28.0)
=> saved checkpoint 'checkpoint_scores_CNN/mnist_VAE_s20_v30_SE/last' (iter 7560, epoch 28.0)
[Save Checkpoint] epoch: [28.0], Train: total:6869.78906, BCE:-22.27685, KLD:6892.06738,Test: total:27238.44727, BCE:-22.71608, KLD:27261.16211
=> saved checkpoint 'checkpoints_CNN/mnist_VAE_s20_v30_SE/last' (iter 7830, epoch 29.0)
=> saved checkpoint 'checkpoint_scores_CNN/mnist_VAE_s20_v30_SE/last' (iter 7830, epoch 29.0)
[Save Checkpoint] epoch: [29.0], Train: total:6797.70703, BCE:-22.30277, KLD:6820.00635,Test: total:26943.04102, BCE:-22.75088, KLD:26965.79492
=> saved checkpoint 'checkpoints_CNN/mnist_VAE_s20_v30_SE/last' (iter 8100, epoch 30.0)
=> saved checkpoint 'checkpoint_scores_CNN/mnist_VAE_s20_v30_SE/last' (iter 8100, epoch 30.0)
EarlyStopping counter: 1 out of 25
[Save Checkpoint] epoch: [30.0], Train: total:6868.27637, BCE:-22.17820, KLD:6890.45605,Test: total:27202.54492, BCE:-22.62101, KLD:27225.16602
=> saved checkpoint 'checkpoints_CNN/mnist_VAE_s20_v30_SE/last' (iter 8370, epoch 31.0)
=> saved checkpoint 'checkpoint_scores_CNN/mnist_VAE_s20_v30_SE/last' (iter 8370, epoch 31.0)
EarlyStopping counter: 2 out of 25
[Save Checkpoint] epoch: [31.0], Train: total:6829.06543, BCE:-23.02892, KLD:6852.09424,Test: total:27056.56641, BCE:-23.50572, KLD:27080.07227
=> saved checkpoint 'checkpoints_CNN/mnist_VAE_s20_v30_SE/last' (iter 8640, epoch 32.0)
=> saved checkpoint 'checkpoint_scores_CNN/mnist_VAE_s20_v30_SE/last' (iter 8640, epoch 32.0)
[Save Checkpoint] epoch: [32.0], Train: total:6861.44092, BCE:-23.31671, KLD:6884.75537,Test: total:27194.85352, BCE:-23.75282, KLD:27218.60742
=> saved checkpoint 'checkpoints_CNN/mnist_VAE_s20_v30_SE/last' (iter 8910, epoch 33.0)
=> saved checkpoint 'checkpoint_scores_CNN/mnist_VAE_s20_v30_SE/last' (iter 8910, epoch 33.0)
EarlyStopping counter: 1 out of 25
[Save Checkpoint] epoch: [33.0], Train: total:6821.31738, BCE:-23.23043, KLD:6844.54883,Test: total:27050.84766, BCE:-23.66553, KLD:27074.51367
=> saved checkpoint 'checkpoints_CNN/mnist_VAE_s20_v30_SE/last' (iter 9180, epoch 34.0)
=> saved checkpoint 'checkpoint_scores_CNN/mnist_VAE_s20_v30_SE/last' (iter 9180, epoch 34.0)
EarlyStopping counter: 2 out of 25
[Save Checkpoint] epoch: [34.0], Train: total:6810.79004, BCE:-22.97658, KLD:6833.76514,Test: total:27004.84180, BCE:-23.42437, KLD:27028.26367
=> saved checkpoint 'checkpoints_CNN/mnist_VAE_s20_v30_SE/last' (iter 9450, epoch 35.0)
=> saved checkpoint 'checkpoint_scores_CNN/mnist_VAE_s20_v30_SE/last' (iter 9450, epoch 35.0)
EarlyStopping counter: 3 out of 25
[Save Checkpoint] epoch: [35.0], Train: total:6754.55615, BCE:-23.64572, KLD:6778.19873,Test: total:26792.95312, BCE:-24.08564, KLD:26817.03711
=> saved checkpoint 'checkpoints_CNN/mnist_VAE_s20_v30_SE/last' (iter 9720, epoch 36.0)
=> saved checkpoint 'checkpoint_scores_CNN/mnist_VAE_s20_v30_SE/last' (iter 9720, epoch 36.0)
EarlyStopping counter: 4 out of 25
[Save Checkpoint] epoch: [36.0], Train: total:6861.98730, BCE:-23.90535, KLD:6885.89502,Test: total:27177.17773, BCE:-24.36033, KLD:27201.53711
=> saved checkpoint 'checkpoints_CNN/mnist_VAE_s20_v30_SE/last' (iter 9990, epoch 37.0)
=> saved checkpoint 'checkpoint_scores_CNN/mnist_VAE_s20_v30_SE/last' (iter 9990, epoch 37.0)
[Save Checkpoint] epoch: [37.0], Train: total:6705.36914, BCE:-24.03769, KLD:6729.40527,Test: total:26563.88477, BCE:-24.51207, KLD:26588.39453
=> saved checkpoint 'checkpoints_CNN/mnist_VAE_s20_v30_SE/last' (iter 10260, epoch 38.0)
=> saved checkpoint 'checkpoint_scores_CNN/mnist_VAE_s20_v30_SE/last' (iter 10260, epoch 38.0)
EarlyStopping counter: 1 out of 25
[Save Checkpoint] epoch: [38.0], Train: total:6702.70850, BCE:-23.64884, KLD:6726.35938,Test: total:26577.66211, BCE:-24.09766, KLD:26601.75977
=> saved checkpoint 'checkpoints_CNN/mnist_VAE_s20_v30_SE/last' (iter 10530, epoch 39.0)
=> saved checkpoint 'checkpoint_scores_CNN/mnist_VAE_s20_v30_SE/last' (iter 10530, epoch 39.0)
[Save Checkpoint] epoch: [39.0], Train: total:6858.66260, BCE:-24.32119, KLD:6882.98438,Test: total:27174.59180, BCE:-24.75088, KLD:27199.34375
=> saved checkpoint 'checkpoints_CNN/mnist_VAE_s20_v30_SE/last' (iter 10800, epoch 40.0)
=> saved checkpoint 'checkpoint_scores_CNN/mnist_VAE_s20_v30_SE/last' (iter 10800, epoch 40.0)
EarlyStopping counter: 1 out of 25
[Save Checkpoint] epoch: [40.0], Train: total:6672.52881, BCE:-24.57293, KLD:6697.09912,Test: total:26435.97266, BCE:-24.99958, KLD:26460.97266
=> saved checkpoint 'checkpoints_CNN/mnist_VAE_s20_v30_SE/last' (iter 11070, epoch 41.0)
=> saved checkpoint 'checkpoint_scores_CNN/mnist_VAE_s20_v30_SE/last' (iter 11070, epoch 41.0)
[Save Checkpoint] epoch: [41.0], Train: total:6777.98047, BCE:-24.59628, KLD:6802.57666,Test: total:26868.11328, BCE:-24.99507, KLD:26893.10938
=> saved checkpoint 'checkpoints_CNN/mnist_VAE_s20_v30_SE/last' (iter 11340, epoch 42.0)
=> saved checkpoint 'checkpoint_scores_CNN/mnist_VAE_s20_v30_SE/last' (iter 11340, epoch 42.0)
[Save Checkpoint] epoch: [42.0], Train: total:6797.87695, BCE:-25.36810, KLD:6823.24609,Test: total:26967.61328, BCE:-25.79829, KLD:26993.41016
=> saved checkpoint 'checkpoints_CNN/mnist_VAE_s20_v30_SE/last' (iter 11610, epoch 43.0)
=> saved checkpoint 'checkpoint_scores_CNN/mnist_VAE_s20_v30_SE/last' (iter 11610, epoch 43.0)
EarlyStopping counter: 1 out of 25
[Save Checkpoint] epoch: [43.0], Train: total:6751.38721, BCE:-25.36243, KLD:6776.75195,Test: total:26757.46680, BCE:-25.80194, KLD:26783.26953
=> saved checkpoint 'checkpoints_CNN/mnist_VAE_s20_v30_SE/last' (iter 11880, epoch 44.0)
=> saved checkpoint 'checkpoint_scores_CNN/mnist_VAE_s20_v30_SE/last' (iter 11880, epoch 44.0)
EarlyStopping counter: 2 out of 25
[Save Checkpoint] epoch: [44.0], Train: total:6675.32568, BCE:-25.73553, KLD:6701.06055,Test: total:26468.41211, BCE:-26.16212, KLD:26494.57617
=> saved checkpoint 'checkpoints_CNN/mnist_VAE_s20_v30_SE/last' (iter 12150, epoch 45.0)
=> saved checkpoint 'checkpoint_scores_CNN/mnist_VAE_s20_v30_SE/last' (iter 12150, epoch 45.0)
[Save Checkpoint] epoch: [45.0], Train: total:6747.21436, BCE:-25.69664, KLD:6772.90967,Test: total:26750.28711, BCE:-26.12665, KLD:26776.41602
=> saved checkpoint 'checkpoints_CNN/mnist_VAE_s20_v30_SE/last' (iter 12420, epoch 46.0)
=> saved checkpoint 'checkpoint_scores_CNN/mnist_VAE_s20_v30_SE/last' (iter 12420, epoch 46.0)
[Save Checkpoint] epoch: [46.0], Train: total:6679.96680, BCE:-26.43196, KLD:6706.39648,Test: total:26475.76953, BCE:-26.85808, KLD:26502.62891
=> saved checkpoint 'checkpoints_CNN/mnist_VAE_s20_v30_SE/last' (iter 12690, epoch 47.0)
=> saved checkpoint 'checkpoint_scores_CNN/mnist_VAE_s20_v30_SE/last' (iter 12690, epoch 47.0)
EarlyStopping counter: 1 out of 25
[Save Checkpoint] epoch: [47.0], Train: total:6674.21143, BCE:-26.22797, KLD:6700.43701,Test: total:26459.83789, BCE:-26.61285, KLD:26486.45117
=> saved checkpoint 'checkpoints_CNN/mnist_VAE_s20_v30_SE/last' (iter 12960, epoch 48.0)
=> saved checkpoint 'checkpoint_scores_CNN/mnist_VAE_s20_v30_SE/last' (iter 12960, epoch 48.0)
EarlyStopping counter: 2 out of 25
[Save Checkpoint] epoch: [48.0], Train: total:6692.42529, BCE:-25.75881, KLD:6718.18457,Test: total:26508.85742, BCE:-26.17070, KLD:26535.02539
=> saved checkpoint 'checkpoints_CNN/mnist_VAE_s20_v30_SE/last' (iter 13230, epoch 49.0)
=> saved checkpoint 'checkpoint_scores_CNN/mnist_VAE_s20_v30_SE/last' (iter 13230, epoch 49.0)
[Save Checkpoint] epoch: [49.0], Train: total:6645.45264, BCE:-24.96396, KLD:6670.41504,Test: total:26321.14648, BCE:-25.40832, KLD:26346.55664
=> saved checkpoint 'checkpoints_CNN/mnist_VAE_s20_v30_SE/last' (iter 13500, epoch 50.0)
=> saved checkpoint 'checkpoint_scores_CNN/mnist_VAE_s20_v30_SE/last' (iter 13500, epoch 50.0)
EarlyStopping counter: 1 out of 25
[Save Checkpoint] epoch: [50.0], Train: total:6635.06543, BCE:-26.27962, KLD:6661.34961,Test: total:26268.20703, BCE:-26.70966, KLD:26294.91602
=> saved checkpoint 'checkpoints_CNN/mnist_VAE_s20_v30_SE/last' (iter 13770, epoch 51.0)
=> saved checkpoint 'checkpoint_scores_CNN/mnist_VAE_s20_v30_SE/last' (iter 13770, epoch 51.0)
EarlyStopping counter: 2 out of 25
[Save Checkpoint] epoch: [51.0], Train: total:6605.72168, BCE:-26.00446, KLD:6631.72461,Test: total:26170.27344, BCE:-26.41433, KLD:26196.68945
=> saved checkpoint 'checkpoints_CNN/mnist_VAE_s20_v30_SE/last' (iter 14040, epoch 52.0)
=> saved checkpoint 'checkpoint_scores_CNN/mnist_VAE_s20_v30_SE/last' (iter 14040, epoch 52.0)
[Save Checkpoint] epoch: [52.0], Train: total:6633.60791, BCE:-25.94264, KLD:6659.55566,Test: total:26284.04492, BCE:-26.33415, KLD:26310.37891
=> saved checkpoint 'checkpoints_CNN/mnist_VAE_s20_v30_SE/last' (iter 14310, epoch 53.0)
=> saved checkpoint 'checkpoint_scores_CNN/mnist_VAE_s20_v30_SE/last' (iter 14310, epoch 53.0)
EarlyStopping counter: 1 out of 25
[Save Checkpoint] epoch: [53.0], Train: total:6637.20508, BCE:-26.99150, KLD:6664.19873,Test: total:26290.33203, BCE:-27.39838, KLD:26317.73242
=> saved checkpoint 'checkpoints_CNN/mnist_VAE_s20_v30_SE/last' (iter 14580, epoch 54.0)
=> saved checkpoint 'checkpoint_scores_CNN/mnist_VAE_s20_v30_SE/last' (iter 14580, epoch 54.0)
EarlyStopping counter: 2 out of 25
[Save Checkpoint] epoch: [54.0], Train: total:6626.45361, BCE:-26.69113, KLD:6653.14600,Test: total:26240.30273, BCE:-27.08288, KLD:26267.38867
=> saved checkpoint 'checkpoints_CNN/mnist_VAE_s20_v30_SE/last' (iter 14850, epoch 55.0)
=> saved checkpoint 'checkpoint_scores_CNN/mnist_VAE_s20_v30_SE/last' (iter 14850, epoch 55.0)
EarlyStopping counter: 3 out of 25
[Save Checkpoint] epoch: [55.0], Train: total:6483.82812, BCE:-26.83515, KLD:6510.66162,Test: total:25690.46289, BCE:-27.24160, KLD:25717.70703
=> saved checkpoint 'checkpoints_CNN/mnist_VAE_s20_v30_SE/last' (iter 15120, epoch 56.0)
=> saved checkpoint 'checkpoint_scores_CNN/mnist_VAE_s20_v30_SE/last' (iter 15120, epoch 56.0)
EarlyStopping counter: 4 out of 25
[Save Checkpoint] epoch: [56.0], Train: total:6555.90186, BCE:-26.54422, KLD:6582.44629,Test: total:25981.27539, BCE:-26.95325, KLD:26008.22852
=> saved checkpoint 'checkpoints_CNN/mnist_VAE_s20_v30_SE/last' (iter 15390, epoch 57.0)
=> saved checkpoint 'checkpoint_scores_CNN/mnist_VAE_s20_v30_SE/last' (iter 15390, epoch 57.0)
[Save Checkpoint] epoch: [57.0], Train: total:6522.98730, BCE:-27.11798, KLD:6550.10693,Test: total:25859.76758, BCE:-27.49728, KLD:25887.26367
=> saved checkpoint 'checkpoints_CNN/mnist_VAE_s20_v30_SE/last' (iter 15660, epoch 58.0)
=> saved checkpoint 'checkpoint_scores_CNN/mnist_VAE_s20_v30_SE/last' (iter 15660, epoch 58.0)
EarlyStopping counter: 1 out of 25
[Save Checkpoint] epoch: [58.0], Train: total:6427.85254, BCE:-27.18215, KLD:6455.03857,Test: total:25445.22070, BCE:-27.54757, KLD:25472.76758
=> saved checkpoint 'checkpoints_CNN/mnist_VAE_s20_v30_SE/last' (iter 15930, epoch 59.0)
=> saved checkpoint 'checkpoint_scores_CNN/mnist_VAE_s20_v30_SE/last' (iter 15930, epoch 59.0)
EarlyStopping counter: 2 out of 25
[Save Checkpoint] epoch: [59.0], Train: total:6543.45557, BCE:-27.38537, KLD:6570.84375,Test: total:25911.73242, BCE:-27.77577, KLD:25939.50977
=> saved checkpoint 'checkpoints_CNN/mnist_VAE_s20_v30_SE/last' (iter 16200, epoch 60.0)
=> saved checkpoint 'checkpoint_scores_CNN/mnist_VAE_s20_v30_SE/last' (iter 16200, epoch 60.0)
EarlyStopping counter: 3 out of 25
[Save Checkpoint] epoch: [60.0], Train: total:6446.96143, BCE:-27.57062, KLD:6474.53076,Test: total:25536.55664, BCE:-27.94471, KLD:25564.50391
=> saved checkpoint 'checkpoints_CNN/mnist_VAE_s20_v30_SE/last' (iter 16470, epoch 61.0)
=> saved checkpoint 'checkpoint_scores_CNN/mnist_VAE_s20_v30_SE/last' (iter 16470, epoch 61.0)
[Save Checkpoint] epoch: [61.0], Train: total:6582.54004, BCE:-27.63569, KLD:6610.17627,Test: total:26090.31836, BCE:-28.01913, KLD:26118.33789
=> saved checkpoint 'checkpoints_CNN/mnist_VAE_s20_v30_SE/last' (iter 16740, epoch 62.0)
=> saved checkpoint 'checkpoint_scores_CNN/mnist_VAE_s20_v30_SE/last' (iter 16740, epoch 62.0)
[Save Checkpoint] epoch: [62.0], Train: total:6556.54639, BCE:-27.94095, KLD:6584.48389,Test: total:25992.46680, BCE:-28.30773, KLD:26020.77148
=> saved checkpoint 'checkpoints_CNN/mnist_VAE_s20_v30_SE/last' (iter 17010, epoch 63.0)
=> saved checkpoint 'checkpoint_scores_CNN/mnist_VAE_s20_v30_SE/last' (iter 17010, epoch 63.0)
EarlyStopping counter: 1 out of 25
[Save Checkpoint] epoch: [63.0], Train: total:6404.31250, BCE:-27.78998, KLD:6432.10400,Test: total:25371.95508, BCE:-28.15665, KLD:25400.11328
=> saved checkpoint 'checkpoints_CNN/mnist_VAE_s20_v30_SE/last' (iter 17280, epoch 64.0)
=> saved checkpoint 'checkpoint_scores_CNN/mnist_VAE_s20_v30_SE/last' (iter 17280, epoch 64.0)
EarlyStopping counter: 2 out of 25
[Save Checkpoint] epoch: [64.0], Train: total:6338.30713, BCE:-28.25743, KLD:6366.56494,Test: total:25101.98242, BCE:-28.61376, KLD:25130.59375
=> saved checkpoint 'checkpoints_CNN/mnist_VAE_s20_v30_SE/last' (iter 17550, epoch 65.0)
=> saved checkpoint 'checkpoint_scores_CNN/mnist_VAE_s20_v30_SE/last' (iter 17550, epoch 65.0)
EarlyStopping counter: 3 out of 25
[Save Checkpoint] epoch: [65.0], Train: total:6316.47559, BCE:-28.03029, KLD:6344.50342,Test: total:25010.57227, BCE:-28.37711, KLD:25038.95117
=> saved checkpoint 'checkpoints_CNN/mnist_VAE_s20_v30_SE/last' (iter 17820, epoch 66.0)
=> saved checkpoint 'checkpoint_scores_CNN/mnist_VAE_s20_v30_SE/last' (iter 17820, epoch 66.0)
EarlyStopping counter: 4 out of 25
[Save Checkpoint] epoch: [66.0], Train: total:6371.18408, BCE:-27.92306, KLD:6399.10938,Test: total:25223.63477, BCE:-28.26966, KLD:25251.90430
Epoch    67: reducing learning rate of group 0 to 2.0000e-04.
=> saved checkpoint 'checkpoints_CNN/mnist_VAE_s20_v30_SE/last' (iter 18090, epoch 67.0)
=> saved checkpoint 'checkpoint_scores_CNN/mnist_VAE_s20_v30_SE/last' (iter 18090, epoch 67.0)
EarlyStopping counter: 5 out of 25
[Save Checkpoint] epoch: [67.0], Train: total:6357.27100, BCE:-28.50144, KLD:6385.77295,Test: total:25178.56836, BCE:-28.84315, KLD:25207.41211
=> saved checkpoint 'checkpoints_CNN/mnist_VAE_s20_v30_SE/last' (iter 18360, epoch 68.0)
=> saved checkpoint 'checkpoint_scores_CNN/mnist_VAE_s20_v30_SE/last' (iter 18360, epoch 68.0)
[Save Checkpoint] epoch: [68.0], Train: total:6460.22021, BCE:-28.28953, KLD:6488.50635,Test: total:25587.95312, BCE:-28.64649, KLD:25616.59961
=> saved checkpoint 'checkpoints_CNN/mnist_VAE_s20_v30_SE/last' (iter 18630, epoch 69.0)
=> saved checkpoint 'checkpoint_scores_CNN/mnist_VAE_s20_v30_SE/last' (iter 18630, epoch 69.0)
EarlyStopping counter: 1 out of 25
[Save Checkpoint] epoch: [69.0], Train: total:6406.96094, BCE:-28.34938, KLD:6435.31104,Test: total:25372.43555, BCE:-28.70931, KLD:25401.14062
=> saved checkpoint 'checkpoints_CNN/mnist_VAE_s20_v30_SE/last' (iter 18900, epoch 70.0)
=> saved checkpoint 'checkpoint_scores_CNN/mnist_VAE_s20_v30_SE/last' (iter 18900, epoch 70.0)
[Save Checkpoint] epoch: [70.0], Train: total:6428.47803, BCE:-28.47695, KLD:6456.95752,Test: total:25452.22070, BCE:-28.84036, KLD:25481.06055
=> saved checkpoint 'checkpoints_CNN/mnist_VAE_s20_v30_SE/last' (iter 19170, epoch 71.0)
=> saved checkpoint 'checkpoint_scores_CNN/mnist_VAE_s20_v30_SE/last' (iter 19170, epoch 71.0)
[Save Checkpoint] epoch: [71.0], Train: total:6408.44531, BCE:-28.21664, KLD:6436.66162,Test: total:25373.65625, BCE:-28.59088, KLD:25402.24805
=> saved checkpoint 'checkpoints_CNN/mnist_VAE_s20_v30_SE/last' (iter 19440, epoch 72.0)
=> saved checkpoint 'checkpoint_scores_CNN/mnist_VAE_s20_v30_SE/last' (iter 19440, epoch 72.0)
EarlyStopping counter: 1 out of 25
[Save Checkpoint] epoch: [72.0], Train: total:6426.25879, BCE:-28.52678, KLD:6454.78662,Test: total:25449.87305, BCE:-28.89326, KLD:25478.76953
=> saved checkpoint 'checkpoints_CNN/mnist_VAE_s20_v30_SE/last' (iter 19710, epoch 73.0)
=> saved checkpoint 'checkpoint_scores_CNN/mnist_VAE_s20_v30_SE/last' (iter 19710, epoch 73.0)
EarlyStopping counter: 2 out of 25
[Save Checkpoint] epoch: [73.0], Train: total:6403.91846, BCE:-28.45707, KLD:6432.37402,Test: total:25358.41406, BCE:-28.81705, KLD:25387.23047
=> saved checkpoint 'checkpoints_CNN/mnist_VAE_s20_v30_SE/last' (iter 19980, epoch 74.0)
=> saved checkpoint 'checkpoint_scores_CNN/mnist_VAE_s20_v30_SE/last' (iter 19980, epoch 74.0)
EarlyStopping counter: 3 out of 25
[Save Checkpoint] epoch: [74.0], Train: total:6384.05566, BCE:-28.42073, KLD:6412.47607,Test: total:25272.58398, BCE:-28.76998, KLD:25301.35547
=> saved checkpoint 'checkpoints_CNN/mnist_VAE_s20_v30_SE/last' (iter 20250, epoch 75.0)
=> saved checkpoint 'checkpoint_scores_CNN/mnist_VAE_s20_v30_SE/last' (iter 20250, epoch 75.0)
EarlyStopping counter: 4 out of 25
[Save Checkpoint] epoch: [75.0], Train: total:6358.69678, BCE:-28.52358, KLD:6387.22119,Test: total:25177.50586, BCE:-28.87796, KLD:25206.38281
Epoch    76: reducing learning rate of group 0 to 4.0000e-05.
=> saved checkpoint 'checkpoints_CNN/mnist_VAE_s20_v30_SE/last' (iter 20520, epoch 76.0)
=> saved checkpoint 'checkpoint_scores_CNN/mnist_VAE_s20_v30_SE/last' (iter 20520, epoch 76.0)
EarlyStopping counter: 5 out of 25
[Save Checkpoint] epoch: [76.0], Train: total:6415.45361, BCE:-28.64204, KLD:6444.09424,Test: total:25402.77148, BCE:-28.98956, KLD:25431.75977
=> saved checkpoint 'checkpoints_CNN/mnist_VAE_s20_v30_SE/last' (iter 20790, epoch 77.0)
=> saved checkpoint 'checkpoint_scores_CNN/mnist_VAE_s20_v30_SE/last' (iter 20790, epoch 77.0)
EarlyStopping counter: 6 out of 25
[Save Checkpoint] epoch: [77.0], Train: total:6393.95410, BCE:-28.51946, KLD:6422.47314,Test: total:25319.82617, BCE:-28.88655, KLD:25348.70898
=> saved checkpoint 'checkpoints_CNN/mnist_VAE_s20_v30_SE/last' (iter 21060, epoch 78.0)
=> saved checkpoint 'checkpoint_scores_CNN/mnist_VAE_s20_v30_SE/last' (iter 21060, epoch 78.0)
EarlyStopping counter: 7 out of 25
[Save Checkpoint] epoch: [78.0], Train: total:6372.35938, BCE:-28.49019, KLD:6400.85059,Test: total:25233.68555, BCE:-28.82364, KLD:25262.51172
=> saved checkpoint 'checkpoints_CNN/mnist_VAE_s20_v30_SE/last' (iter 21330, epoch 79.0)
=> saved checkpoint 'checkpoint_scores_CNN/mnist_VAE_s20_v30_SE/last' (iter 21330, epoch 79.0)
EarlyStopping counter: 8 out of 25
[Save Checkpoint] epoch: [79.0], Train: total:6396.40039, BCE:-28.57771, KLD:6424.98145,Test: total:25326.61523, BCE:-28.93418, KLD:25355.54688
=> saved checkpoint 'checkpoints_CNN/mnist_VAE_s20_v30_SE/last' (iter 21600, epoch 80.0)
=> saved checkpoint 'checkpoint_scores_CNN/mnist_VAE_s20_v30_SE/last' (iter 21600, epoch 80.0)
EarlyStopping counter: 9 out of 25
[Save Checkpoint] epoch: [80.0], Train: total:6384.85205, BCE:-28.54774, KLD:6413.39990,Test: total:25281.74414, BCE:-28.90819, KLD:25310.65430
Epoch    81: reducing learning rate of group 0 to 8.0000e-06.
=> saved checkpoint 'checkpoints_CNN/mnist_VAE_s20_v30_SE/last' (iter 21870, epoch 81.0)
=> saved checkpoint 'checkpoint_scores_CNN/mnist_VAE_s20_v30_SE/last' (iter 21870, epoch 81.0)
EarlyStopping counter: 10 out of 25
[Save Checkpoint] epoch: [81.0], Train: total:6395.02100, BCE:-28.56362, KLD:6423.58398,Test: total:25323.97656, BCE:-28.91922, KLD:25352.89648
=> saved checkpoint 'checkpoints_CNN/mnist_VAE_s20_v30_SE/last' (iter 22140, epoch 82.0)
=> saved checkpoint 'checkpoint_scores_CNN/mnist_VAE_s20_v30_SE/last' (iter 22140, epoch 82.0)
[Save Checkpoint] epoch: [82.0], Train: total:6389.31641, BCE:-28.59201, KLD:6417.90479,Test: total:25300.36523, BCE:-28.94741, KLD:25329.31055
=> saved checkpoint 'checkpoints_CNN/mnist_VAE_s20_v30_SE/last' (iter 22410, epoch 83.0)
=> saved checkpoint 'checkpoint_scores_CNN/mnist_VAE_s20_v30_SE/last' (iter 22410, epoch 83.0)
EarlyStopping counter: 1 out of 25
[Save Checkpoint] epoch: [83.0], Train: total:6394.22998, BCE:-28.58759, KLD:6422.82080,Test: total:25318.23633, BCE:-28.95198, KLD:25347.18945
=> saved checkpoint 'checkpoints_CNN/mnist_VAE_s20_v30_SE/last' (iter 22680, epoch 84.0)
=> saved checkpoint 'checkpoint_scores_CNN/mnist_VAE_s20_v30_SE/last' (iter 22680, epoch 84.0)
EarlyStopping counter: 2 out of 25
[Save Checkpoint] epoch: [84.0], Train: total:6386.96729, BCE:-28.57506, KLD:6415.54346,Test: total:25288.88477, BCE:-28.92440, KLD:25317.81055
=> saved checkpoint 'checkpoints_CNN/mnist_VAE_s20_v30_SE/last' (iter 22950, epoch 85.0)
=> saved checkpoint 'checkpoint_scores_CNN/mnist_VAE_s20_v30_SE/last' (iter 22950, epoch 85.0)
EarlyStopping counter: 3 out of 25
[Save Checkpoint] epoch: [85.0], Train: total:6393.44336, BCE:-28.63044, KLD:6422.07373,Test: total:25314.65039, BCE:-28.99321, KLD:25343.64062
=> saved checkpoint 'checkpoints_CNN/mnist_VAE_s20_v30_SE/last' (iter 23220, epoch 86.0)
=> saved checkpoint 'checkpoint_scores_CNN/mnist_VAE_s20_v30_SE/last' (iter 23220, epoch 86.0)
EarlyStopping counter: 4 out of 25
[Save Checkpoint] epoch: [86.0], Train: total:6391.88525, BCE:-28.60711, KLD:6420.49414,Test: total:25308.77930, BCE:-28.94867, KLD:25337.72656
Epoch    87: reducing learning rate of group 0 to 1.6000e-06.
=> saved checkpoint 'checkpoints_CNN/mnist_VAE_s20_v30_SE/last' (iter 23490, epoch 87.0)
=> saved checkpoint 'checkpoint_scores_CNN/mnist_VAE_s20_v30_SE/last' (iter 23490, epoch 87.0)
EarlyStopping counter: 5 out of 25
[Save Checkpoint] epoch: [87.0], Train: total:6395.75977, BCE:-28.62612, KLD:6424.38525,Test: total:25322.88672, BCE:-28.96080, KLD:25351.84961
=> saved checkpoint 'checkpoints_CNN/mnist_VAE_s20_v30_SE/last' (iter 23760, epoch 88.0)
=> saved checkpoint 'checkpoint_scores_CNN/mnist_VAE_s20_v30_SE/last' (iter 23760, epoch 88.0)
EarlyStopping counter: 6 out of 25
[Save Checkpoint] epoch: [88.0], Train: total:6396.40576, BCE:-28.66296, KLD:6425.06982,Test: total:25325.90820, BCE:-29.01935, KLD:25354.92773
=> saved checkpoint 'checkpoints_CNN/mnist_VAE_s20_v30_SE/last' (iter 24030, epoch 89.0)
=> saved checkpoint 'checkpoint_scores_CNN/mnist_VAE_s20_v30_SE/last' (iter 24030, epoch 89.0)
EarlyStopping counter: 7 out of 25
[Save Checkpoint] epoch: [89.0], Train: total:6393.32275, BCE:-28.67237, KLD:6421.99512,Test: total:25313.79492, BCE:-29.03087, KLD:25342.82617
=> saved checkpoint 'checkpoints_CNN/mnist_VAE_s20_v30_SE/last' (iter 24300, epoch 90.0)
=> saved checkpoint 'checkpoint_scores_CNN/mnist_VAE_s20_v30_SE/last' (iter 24300, epoch 90.0)
EarlyStopping counter: 8 out of 25
[Save Checkpoint] epoch: [90.0], Train: total:6393.28418, BCE:-28.67934, KLD:6421.96240,Test: total:25313.92969, BCE:-29.01298, KLD:25342.94141
=> saved checkpoint 'checkpoints_CNN/mnist_VAE_s20_v30_SE/last' (iter 24570, epoch 91.0)
=> saved checkpoint 'checkpoint_scores_CNN/mnist_VAE_s20_v30_SE/last' (iter 24570, epoch 91.0)
EarlyStopping counter: 9 out of 25
[Save Checkpoint] epoch: [91.0], Train: total:6392.65381, BCE:-28.67076, KLD:6421.32617,Test: total:25311.39648, BCE:-29.01063, KLD:25340.40430
Epoch    92: reducing learning rate of group 0 to 1.0000e-06.
=> saved checkpoint 'checkpoints_CNN/mnist_VAE_s20_v30_SE/last' (iter 24840, epoch 92.0)
=> saved checkpoint 'checkpoint_scores_CNN/mnist_VAE_s20_v30_SE/last' (iter 24840, epoch 92.0)
EarlyStopping counter: 10 out of 25
[Save Checkpoint] epoch: [92.0], Train: total:6393.74854, BCE:-28.65566, KLD:6422.40430,Test: total:25315.91602, BCE:-29.03341, KLD:25344.94727
=> saved checkpoint 'checkpoints_CNN/mnist_VAE_s20_v30_SE/last' (iter 25110, epoch 93.0)
=> saved checkpoint 'checkpoint_scores_CNN/mnist_VAE_s20_v30_SE/last' (iter 25110, epoch 93.0)
EarlyStopping counter: 11 out of 25
[Save Checkpoint] epoch: [93.0], Train: total:6396.01514, BCE:-28.68153, KLD:6424.69580,Test: total:25324.72461, BCE:-29.01840, KLD:25353.74023
=> saved checkpoint 'checkpoints_CNN/mnist_VAE_s20_v30_SE/last' (iter 25380, epoch 94.0)
=> saved checkpoint 'checkpoint_scores_CNN/mnist_VAE_s20_v30_SE/last' (iter 25380, epoch 94.0)
EarlyStopping counter: 12 out of 25
[Save Checkpoint] epoch: [94.0], Train: total:6395.44922, BCE:-28.67615, KLD:6424.12549,Test: total:25322.45898, BCE:-29.00854, KLD:25351.46875
=> saved checkpoint 'checkpoints_CNN/mnist_VAE_s20_v30_SE/last' (iter 25650, epoch 95.0)
=> saved checkpoint 'checkpoint_scores_CNN/mnist_VAE_s20_v30_SE/last' (iter 25650, epoch 95.0)
EarlyStopping counter: 13 out of 25
[Save Checkpoint] epoch: [95.0], Train: total:6394.96436, BCE:-28.68523, KLD:6423.64648,Test: total:25320.51172, BCE:-29.03879, KLD:25349.55078
=> saved checkpoint 'checkpoints_CNN/mnist_VAE_s20_v30_SE/last' (iter 25920, epoch 96.0)
=> saved checkpoint 'checkpoint_scores_CNN/mnist_VAE_s20_v30_SE/last' (iter 25920, epoch 96.0)
EarlyStopping counter: 14 out of 25
[Save Checkpoint] epoch: [96.0], Train: total:6393.51367, BCE:-28.69350, KLD:6422.20215,Test: total:25314.74414, BCE:-29.03573, KLD:25343.77930
=> saved checkpoint 'checkpoints_CNN/mnist_VAE_s20_v30_SE/last' (iter 26190, epoch 97.0)
=> saved checkpoint 'checkpoint_scores_CNN/mnist_VAE_s20_v30_SE/last' (iter 26190, epoch 97.0)
EarlyStopping counter: 15 out of 25
[Save Checkpoint] epoch: [97.0], Train: total:6392.38428, BCE:-28.67700, KLD:6421.06104,Test: total:25310.47852, BCE:-29.02785, KLD:25339.50586
=> saved checkpoint 'checkpoints_CNN/mnist_VAE_s20_v30_SE/last' (iter 26460, epoch 98.0)
=> saved checkpoint 'checkpoint_scores_CNN/mnist_VAE_s20_v30_SE/last' (iter 26460, epoch 98.0)
EarlyStopping counter: 16 out of 25
[Save Checkpoint] epoch: [98.0], Train: total:6392.64648, BCE:-28.69437, KLD:6421.34375,Test: total:25311.61133, BCE:-29.01604, KLD:25340.62891
=> saved checkpoint 'checkpoints_CNN/mnist_VAE_s20_v30_SE/last' (iter 26730, epoch 99.0)
=> saved checkpoint 'checkpoint_scores_CNN/mnist_VAE_s20_v30_SE/last' (iter 26730, epoch 99.0)
EarlyStopping counter: 17 out of 25
[Save Checkpoint] epoch: [99.0], Train: total:6392.50195, BCE:-28.68007, KLD:6421.18066,Test: total:25310.91797, BCE:-29.04291, KLD:25339.95898
=> saved checkpoint 'checkpoints_CNN/mnist_VAE_s20_v30_SE/last' (iter 27000, epoch 100.0)
=> saved checkpoint 'checkpoint_scores_CNN/mnist_VAE_s20_v30_SE/last' (iter 27000, epoch 100.0)
EarlyStopping counter: 18 out of 25
[Save Checkpoint] epoch: [100.0], Train: total:6392.08740, BCE:-28.67043, KLD:6420.75684,Test: total:25309.24023, BCE:-29.03099, KLD:25338.27148
[Training Finished]
All done !
