3
--gpu_devices 0 --max_iter 100 --batch_size 32 --lr 1e-4 --use_scheduler True --is_default_model False --is_custom_model_BK True --use_VAE True --z_var_size 5 --lambda_BCE 1 --beta 1 --var_hidden_filters_1 32 --var_hidden_filters_2 32 --var_hidden_filters_3 32 --var_kernel_size_1 4 --var_kernel_size_2 4 --var_kernel_size_3 4 --var_stride_size_1 2 --var_stride_size_2 1 --var_stride_size_3 1 --var_hidden_dim 256 --var_three_conv_layer True --exp_name mnist_balanced_dataset_encoder_ratio_min_and_mean_1_2_1_1_VAE_2
Namespace(BK_in_first_layer=True, BK_in_second_layer=False, BK_in_third_layer=False, BN=False, C_max=25, C_stop_iter=100000.0, E1_AE=False, E1_VAE=False, E1_conv=False, E1_dense=False, E1_second_conv=False, E1_second_conv_adapt=False, GMP=True, IPC=False, L1_norm_act=False, L1_norm_weights=False, L3_without_random=False, LOG_DIR='logs', adapt_lr=False, add_classification_layer=True, add_linear_after_GMP=True, add_z_struct_bottleneck=False, alpha=32, batch_size=32, beta=1.0, beta1=0.9, beta2=0.999, big_kernel=False, big_kernel_size=8, binary_chain=False, binary_z=False, ckpt_dir='checkpoints_CNN', ckpt_dir_scores='checkpoint_scores_CNN', classif_layer_size=30, contrastive_loss=False, cuda=True, dataset='mnist', dataset_balanced=False, decoder_first_dense=36, decoder_kernel_size_1=4, decoder_kernel_size_2=3, decoder_kernel_size_3=4, decoder_n_filter_1=64, decoder_n_filter_2=64, decoder_stride_1=2, decoder_stride_2=2, decoder_stride_3=1, diff_var=False, display_step=10000, dset_dir='data', exp_name='mnist_balanced_dataset_encoder_ratio_min_and_mean_1_2_1_1_VAE_2', freeze_Encoder=True, gamma=1000, gpu_devices=[0], hidden_filters_layer1=32, hidden_filters_layer2=32, hidden_filters_layer3=32, image_size=64, intra_class_variance_loss=False, is_C=True, is_E1=False, is_binary_structural_latent=False, is_custom_model=False, is_custom_model_BK=True, is_default_model=False, is_noise_stats=False, is_partial_rand_class=False, is_perturbed_score=False, is_zvar_sim_loss=False, just_train=False, kernel_size=4, lambda_BCE=1.0, lambda_Kl_struct=1, lambda_Kl_var=1, lambda_L1=0.01, lambda_VAE=1, lambda_class=1, lambda_contrastive_loss=1, lambda_distance_mean=1, lambda_intra_class_var=1, lambda_partial_class=1, lambda_ratio_reg=1, lambda_recon_wt_rand=1, lambda_recons=1, lambda_var_distance=1, lambda_var_inter=1, lambda_var_intra=1, lambda_zvar_sim=1, latent_spec_cont=None, latent_spec_cont_class=None, latent_spec_cont_var=None, latent_spec_disc=None, latent_spec_disc_class=None, latent_spec_disc_var=None, log_level='info', loss='Proxy_Anchor', loss_distance_mean=False, loss_min_distance_cl=False, lr=0.0001, max_iter=100.0, model='CNN', mrg=0.1, num_workers=2, old_weighted=False, optimizer='adamw', other_ratio=False, random_percentage=0.2, random_seed=10, randomness=True, ratio_reg=False, remark='', save_step=10000, second_layer_C=False, seed=1, stride_size=1, sz_embedding=5, three_conv_layer=False, train=True, two_conv_layer=True, two_encoder=False, use_VAE=True, use_decoder=False, use_early_stopping=True, use_scheduler=True, value_target_distance_mean=1, var_hidden_dim=256, var_hidden_filters_1=32, var_hidden_filters_2=32, var_hidden_filters_3=32, var_kernel_size_1=4, var_kernel_size_2=4, var_kernel_size_3=4, var_stride_size_1=2, var_stride_size_2=1, var_stride_size_3=1, var_three_conv_layer=True, warm=1, without_acc=False, z_struct_size=32, z_var_size=5, zeros_W_Classif=False, zvar_sim_change_zvar=False, zvar_sim_loss_for_all_model=False, zvar_sim_loss_only_for_encoder=False, zvar_sim_normal=False, zvar_sim_var_rand=False)
CUDA Visible devices !
[Using Seed: 10]
Load Encoder struct weights for VAE
use 1 gpu who named: Tesla V100-SXM2-32GB
=> loaded sample_scores and losses
=> loaded checkpoint 'checkpoints_CNN/mnist_balanced_dataset_encoder_ratio_min_and_mean_1_2_1_1/last (iter 13500)'
VAE var doesn't exist load struct encoder weighs !
use 1 gpu who named: Tesla V100-SXM2-32GB
Weighs loaded for encoder_struct !
VAE(
  (encoder_struct): Sequential(
    (0): Conv2d(1, 32, kernel_size=(8, 8), stride=(1, 1))
    (1): BatchNorm2d(32, eps=1e-05, momentum=0.1, affine=True, track_running_stats=True)
    (2): ReLU(inplace=True)
    (3): Conv2d(32, 32, kernel_size=(4, 4), stride=(1, 1))
    (4): BatchNorm2d(32, eps=1e-05, momentum=0.1, affine=True, track_running_stats=True)
    (5): ReLU(inplace=True)
    (6): AdaptiveMaxPool2d(output_size=(1, 1))
    (7): View()
  )
  (encoder_var): Sequential(
    (0): Conv2d(1, 32, kernel_size=(4, 4), stride=(2, 2))
    (1): BatchNorm2d(32, eps=1e-05, momentum=0.1, affine=True, track_running_stats=True)
    (2): ReLU(inplace=True)
    (3): Conv2d(32, 32, kernel_size=(4, 4), stride=(1, 1))
    (4): BatchNorm2d(32, eps=1e-05, momentum=0.1, affine=True, track_running_stats=True)
    (5): ReLU(inplace=True)
    (6): Conv2d(32, 32, kernel_size=(4, 4), stride=(1, 1))
    (7): BatchNorm2d(32, eps=1e-05, momentum=0.1, affine=True, track_running_stats=True)
    (8): ReLU(inplace=True)
    (9): View()
    (10): Linear(in_features=2592, out_features=256, bias=True)
    (11): BatchNorm1d(256, eps=1e-05, momentum=0.1, affine=True, track_running_stats=True)
    (12): ReLU(inplace=True)
    (13): Dropout(p=0.4, inplace=False)
    (14): Linear(in_features=256, out_features=10, bias=True)
  )
  (decoder): Sequential(
    (0): Linear(in_features=37, out_features=256, bias=True)
    (1): ReLU(inplace=True)
    (2): Linear(in_features=256, out_features=2592, bias=True)
    (3): ReLU(inplace=True)
    (4): View()
    (5): ConvTranspose2d(32, 32, kernel_size=(4, 4), stride=(1, 1))
    (6): ReLU(inplace=True)
    (7): ConvTranspose2d(32, 32, kernel_size=(4, 4), stride=(1, 1))
    (8): ReLU(inplace=True)
    (9): ConvTranspose2d(32, 1, kernel_size=(4, 4), stride=(2, 2))
    (10): Sigmoid()
  )
)
The number of parameters of model is 1428299
Epoch     7: reducing learning rate of group 0 to 2.0000e-05.
Epoch    15: reducing learning rate of group 0 to 4.0000e-06.
Epoch    21: reducing learning rate of group 0 to 1.0000e-06.
=> saved checkpoint 'checkpoints_CNN/mnist_balanced_dataset_encoder_ratio_min_and_mean_1_2_1_1_VAE_2/last' (iter 1875, epoch 1.0)
=> saved checkpoint 'checkpoint_scores_CNN/mnist_balanced_dataset_encoder_ratio_min_and_mean_1_2_1_1_VAE_2/last' (iter 1875, epoch 1.0)
[Save Checkpoint] epoch: [1.0], Train: total:0.07199, BCE:0.72739, KLD:142.89330,Test: total:434.06543, BCE:0.72739, KLD:4550.00732
=> saved checkpoint 'checkpoints_CNN/mnist_balanced_dataset_encoder_ratio_min_and_mean_1_2_1_1_VAE_2/last' (iter 3750, epoch 2.0)
=> saved checkpoint 'checkpoint_scores_CNN/mnist_balanced_dataset_encoder_ratio_min_and_mean_1_2_1_1_VAE_2/last' (iter 3750, epoch 2.0)
EarlyStopping counter: 1 out of 15
[Save Checkpoint] epoch: [2.0], Train: total:0.08141, BCE:0.72747, KLD:143.16994,Test: total:438.87695, BCE:0.72752, KLD:4556.20850
=> saved checkpoint 'checkpoints_CNN/mnist_balanced_dataset_encoder_ratio_min_and_mean_1_2_1_1_VAE_2/last' (iter 5625, epoch 3.0)
=> saved checkpoint 'checkpoint_scores_CNN/mnist_balanced_dataset_encoder_ratio_min_and_mean_1_2_1_1_VAE_2/last' (iter 5625, epoch 3.0)
EarlyStopping counter: 2 out of 15
[Save Checkpoint] epoch: [3.0], Train: total:0.07950, BCE:0.72757, KLD:140.79129,Test: total:431.33038, BCE:0.72747, KLD:4477.49170
=> saved checkpoint 'checkpoints_CNN/mnist_balanced_dataset_encoder_ratio_min_and_mean_1_2_1_1_VAE_2/last' (iter 7500, epoch 4.0)
=> saved checkpoint 'checkpoint_scores_CNN/mnist_balanced_dataset_encoder_ratio_min_and_mean_1_2_1_1_VAE_2/last' (iter 7500, epoch 4.0)
[Save Checkpoint] epoch: [4.0], Train: total:0.08687, BCE:0.72748, KLD:141.21146,Test: total:431.43588, BCE:0.72764, KLD:4494.08740
=> saved checkpoint 'checkpoints_CNN/mnist_balanced_dataset_encoder_ratio_min_and_mean_1_2_1_1_VAE_2/last' (iter 9375, epoch 5.0)
=> saved checkpoint 'checkpoint_scores_CNN/mnist_balanced_dataset_encoder_ratio_min_and_mean_1_2_1_1_VAE_2/last' (iter 9375, epoch 5.0)
EarlyStopping counter: 1 out of 15
[Save Checkpoint] epoch: [5.0], Train: total:0.08675, BCE:0.72741, KLD:144.81572,Test: total:442.17929, BCE:0.72748, KLD:4608.29199
=> saved checkpoint 'checkpoints_CNN/mnist_balanced_dataset_encoder_ratio_min_and_mean_1_2_1_1_VAE_2/last' (iter 11250, epoch 6.0)
=> saved checkpoint 'checkpoint_scores_CNN/mnist_balanced_dataset_encoder_ratio_min_and_mean_1_2_1_1_VAE_2/last' (iter 11250, epoch 6.0)
EarlyStopping counter: 2 out of 15
[Save Checkpoint] epoch: [6.0], Train: total:0.09106, BCE:0.72743, KLD:144.37041,Test: total:440.00186, BCE:0.72735, KLD:4587.52588
=> saved checkpoint 'checkpoints_CNN/mnist_balanced_dataset_encoder_ratio_min_and_mean_1_2_1_1_VAE_2/last' (iter 13125, epoch 7.0)
=> saved checkpoint 'checkpoint_scores_CNN/mnist_balanced_dataset_encoder_ratio_min_and_mean_1_2_1_1_VAE_2/last' (iter 13125, epoch 7.0)
EarlyStopping counter: 3 out of 15
[Save Checkpoint] epoch: [7.0], Train: total:0.06559, BCE:0.72740, KLD:145.95250,Test: total:444.93747, BCE:0.72740, KLD:4647.68164
=> saved checkpoint 'checkpoints_CNN/mnist_balanced_dataset_encoder_ratio_min_and_mean_1_2_1_1_VAE_2/last' (iter 15000, epoch 8.0)
=> saved checkpoint 'checkpoint_scores_CNN/mnist_balanced_dataset_encoder_ratio_min_and_mean_1_2_1_1_VAE_2/last' (iter 15000, epoch 8.0)
[Save Checkpoint] epoch: [8.0], Train: total:0.08676, BCE:0.72736, KLD:144.68242,Test: total:440.21921, BCE:0.72729, KLD:4601.11279
=> saved checkpoint 'checkpoints_CNN/mnist_balanced_dataset_encoder_ratio_min_and_mean_1_2_1_1_VAE_2/last' (iter 16875, epoch 9.0)
=> saved checkpoint 'checkpoint_scores_CNN/mnist_balanced_dataset_encoder_ratio_min_and_mean_1_2_1_1_VAE_2/last' (iter 16875, epoch 9.0)
[Save Checkpoint] epoch: [9.0], Train: total:0.08951, BCE:0.72756, KLD:138.86107,Test: total:420.59152, BCE:0.72763, KLD:4419.13428
=> saved checkpoint 'checkpoints_CNN/mnist_balanced_dataset_encoder_ratio_min_and_mean_1_2_1_1_VAE_2/last' (iter 18750, epoch 10.0)
=> saved checkpoint 'checkpoint_scores_CNN/mnist_balanced_dataset_encoder_ratio_min_and_mean_1_2_1_1_VAE_2/last' (iter 18750, epoch 10.0)
EarlyStopping counter: 1 out of 15
[Save Checkpoint] epoch: [10.0], Train: total:0.06312, BCE:0.72734, KLD:141.88437,Test: total:430.14435, BCE:0.72736, KLD:4515.61914
=> saved checkpoint 'checkpoints_CNN/mnist_balanced_dataset_encoder_ratio_min_and_mean_1_2_1_1_VAE_2/last' (iter 20625, epoch 11.0)
=> saved checkpoint 'checkpoint_scores_CNN/mnist_balanced_dataset_encoder_ratio_min_and_mean_1_2_1_1_VAE_2/last' (iter 20625, epoch 11.0)
[Save Checkpoint] epoch: [11.0], Train: total:0.06561, BCE:0.72759, KLD:139.49127,Test: total:423.39078, BCE:0.72748, KLD:4438.19385
=> saved checkpoint 'checkpoints_CNN/mnist_balanced_dataset_encoder_ratio_min_and_mean_1_2_1_1_VAE_2/last' (iter 22500, epoch 12.0)
=> saved checkpoint 'checkpoint_scores_CNN/mnist_balanced_dataset_encoder_ratio_min_and_mean_1_2_1_1_VAE_2/last' (iter 22500, epoch 12.0)
EarlyStopping counter: 1 out of 15
[Save Checkpoint] epoch: [12.0], Train: total:0.06837, BCE:0.72753, KLD:140.88342,Test: total:428.91837, BCE:0.72753, KLD:4479.60107
=> saved checkpoint 'checkpoints_CNN/mnist_balanced_dataset_encoder_ratio_min_and_mean_1_2_1_1_VAE_2/last' (iter 24375, epoch 13.0)
=> saved checkpoint 'checkpoint_scores_CNN/mnist_balanced_dataset_encoder_ratio_min_and_mean_1_2_1_1_VAE_2/last' (iter 24375, epoch 13.0)
EarlyStopping counter: 2 out of 15
[Save Checkpoint] epoch: [13.0], Train: total:0.07055, BCE:0.72763, KLD:138.31656,Test: total:420.22461, BCE:0.72763, KLD:4401.90625
=> saved checkpoint 'checkpoints_CNN/mnist_balanced_dataset_encoder_ratio_min_and_mean_1_2_1_1_VAE_2/last' (iter 26250, epoch 14.0)
=> saved checkpoint 'checkpoint_scores_CNN/mnist_balanced_dataset_encoder_ratio_min_and_mean_1_2_1_1_VAE_2/last' (iter 26250, epoch 14.0)
EarlyStopping counter: 3 out of 15
[Save Checkpoint] epoch: [14.0], Train: total:0.06966, BCE:0.72748, KLD:139.02657,Test: total:424.76764, BCE:0.72745, KLD:4428.41748
=> saved checkpoint 'checkpoints_CNN/mnist_balanced_dataset_encoder_ratio_min_and_mean_1_2_1_1_VAE_2/last' (iter 28125, epoch 15.0)
=> saved checkpoint 'checkpoint_scores_CNN/mnist_balanced_dataset_encoder_ratio_min_and_mean_1_2_1_1_VAE_2/last' (iter 28125, epoch 15.0)
EarlyStopping counter: 4 out of 15
[Save Checkpoint] epoch: [15.0], Train: total:0.07554, BCE:0.72742, KLD:147.18762,Test: total:451.33127, BCE:0.72730, KLD:4686.27979
=> saved checkpoint 'checkpoints_CNN/mnist_balanced_dataset_encoder_ratio_min_and_mean_1_2_1_1_VAE_2/last' (iter 30000, epoch 16.0)
=> saved checkpoint 'checkpoint_scores_CNN/mnist_balanced_dataset_encoder_ratio_min_and_mean_1_2_1_1_VAE_2/last' (iter 30000, epoch 16.0)
EarlyStopping counter: 5 out of 15
[Save Checkpoint] epoch: [16.0], Train: total:0.07176, BCE:0.72745, KLD:144.36774,Test: total:440.95752, BCE:0.72742, KLD:4595.36621
=> saved checkpoint 'checkpoints_CNN/mnist_balanced_dataset_encoder_ratio_min_and_mean_1_2_1_1_VAE_2/last' (iter 31875, epoch 17.0)
=> saved checkpoint 'checkpoint_scores_CNN/mnist_balanced_dataset_encoder_ratio_min_and_mean_1_2_1_1_VAE_2/last' (iter 31875, epoch 17.0)
EarlyStopping counter: 6 out of 15
[Save Checkpoint] epoch: [17.0], Train: total:0.08815, BCE:0.72734, KLD:146.96667,Test: total:447.61255, BCE:0.72721, KLD:4674.95020
=> saved checkpoint 'checkpoints_CNN/mnist_balanced_dataset_encoder_ratio_min_and_mean_1_2_1_1_VAE_2/last' (iter 33750, epoch 18.0)
=> saved checkpoint 'checkpoint_scores_CNN/mnist_balanced_dataset_encoder_ratio_min_and_mean_1_2_1_1_VAE_2/last' (iter 33750, epoch 18.0)
EarlyStopping counter: 7 out of 15
[Save Checkpoint] epoch: [18.0], Train: total:0.07214, BCE:0.72736, KLD:145.99283,Test: total:445.09958, BCE:0.72744, KLD:4653.46191
=> saved checkpoint 'checkpoints_CNN/mnist_balanced_dataset_encoder_ratio_min_and_mean_1_2_1_1_VAE_2/last' (iter 35625, epoch 19.0)
=> saved checkpoint 'checkpoint_scores_CNN/mnist_balanced_dataset_encoder_ratio_min_and_mean_1_2_1_1_VAE_2/last' (iter 35625, epoch 19.0)
EarlyStopping counter: 8 out of 15
[Save Checkpoint] epoch: [19.0], Train: total:0.06808, BCE:0.72752, KLD:139.85924,Test: total:423.02765, BCE:0.72753, KLD:4447.40186
=> saved checkpoint 'checkpoints_CNN/mnist_balanced_dataset_encoder_ratio_min_and_mean_1_2_1_1_VAE_2/last' (iter 37500, epoch 20.0)
=> saved checkpoint 'checkpoint_scores_CNN/mnist_balanced_dataset_encoder_ratio_min_and_mean_1_2_1_1_VAE_2/last' (iter 37500, epoch 20.0)
EarlyStopping counter: 9 out of 15
[Save Checkpoint] epoch: [20.0], Train: total:0.07697, BCE:0.72728, KLD:146.08638,Test: total:447.09384, BCE:0.72735, KLD:4649.77637
=> saved checkpoint 'checkpoints_CNN/mnist_balanced_dataset_encoder_ratio_min_and_mean_1_2_1_1_VAE_2/last' (iter 39375, epoch 21.0)
=> saved checkpoint 'checkpoint_scores_CNN/mnist_balanced_dataset_encoder_ratio_min_and_mean_1_2_1_1_VAE_2/last' (iter 39375, epoch 21.0)
EarlyStopping counter: 10 out of 15
[Save Checkpoint] epoch: [21.0], Train: total:0.06662, BCE:0.72748, KLD:143.57095,Test: total:441.93723, BCE:0.72740, KLD:4570.45312
=> saved checkpoint 'checkpoints_CNN/mnist_balanced_dataset_encoder_ratio_min_and_mean_1_2_1_1_VAE_2/last' (iter 41250, epoch 22.0)
=> saved checkpoint 'checkpoint_scores_CNN/mnist_balanced_dataset_encoder_ratio_min_and_mean_1_2_1_1_VAE_2/last' (iter 41250, epoch 22.0)
EarlyStopping counter: 11 out of 15
[Save Checkpoint] epoch: [22.0], Train: total:0.06826, BCE:0.72740, KLD:144.14934,Test: total:437.90533, BCE:0.72733, KLD:4589.37646
=> saved checkpoint 'checkpoints_CNN/mnist_balanced_dataset_encoder_ratio_min_and_mean_1_2_1_1_VAE_2/last' (iter 43125, epoch 23.0)
=> saved checkpoint 'checkpoint_scores_CNN/mnist_balanced_dataset_encoder_ratio_min_and_mean_1_2_1_1_VAE_2/last' (iter 43125, epoch 23.0)
EarlyStopping counter: 12 out of 15
[Save Checkpoint] epoch: [23.0], Train: total:0.07473, BCE:0.72766, KLD:138.11119,Test: total:420.15054, BCE:0.72754, KLD:4395.67529
=> saved checkpoint 'checkpoints_CNN/mnist_balanced_dataset_encoder_ratio_min_and_mean_1_2_1_1_VAE_2/last' (iter 45000, epoch 24.0)
=> saved checkpoint 'checkpoint_scores_CNN/mnist_balanced_dataset_encoder_ratio_min_and_mean_1_2_1_1_VAE_2/last' (iter 45000, epoch 24.0)
EarlyStopping counter: 13 out of 15
[Save Checkpoint] epoch: [24.0], Train: total:0.07404, BCE:0.72747, KLD:142.62573,Test: total:435.13156, BCE:0.72749, KLD:4538.65479
=> saved checkpoint 'checkpoints_CNN/mnist_balanced_dataset_encoder_ratio_min_and_mean_1_2_1_1_VAE_2/last' (iter 46875, epoch 25.0)
=> saved checkpoint 'checkpoint_scores_CNN/mnist_balanced_dataset_encoder_ratio_min_and_mean_1_2_1_1_VAE_2/last' (iter 46875, epoch 25.0)
EarlyStopping counter: 14 out of 15
[Save Checkpoint] epoch: [25.0], Train: total:0.08115, BCE:0.72741, KLD:144.49216,Test: total:440.04834, BCE:0.72733, KLD:4595.28857
=> saved checkpoint 'checkpoints_CNN/mnist_balanced_dataset_encoder_ratio_min_and_mean_1_2_1_1_VAE_2/last' (iter 48750, epoch 26.0)
=> saved checkpoint 'checkpoint_scores_CNN/mnist_balanced_dataset_encoder_ratio_min_and_mean_1_2_1_1_VAE_2/last' (iter 48750, epoch 26.0)
EarlyStopping counter: 15 out of 15
[Save Checkpoint] epoch: [26.0], Train: total:0.08566, BCE:0.72753, KLD:138.43843,Test: total:421.06149, BCE:0.72751, KLD:4401.43701
Early stopping
[Training Finished]
All done !
