115
--gpu_devices 0 --max_iter 100 --batch_size 250 --use_scheduler True --lr 1e-3 --GMP True --z_struct_size 10 --is_VAE True --is_encoder_struct False --lambda_BCE 1 --beta 1 --big_kernel_size 8 --two_conv_layer True --three_conv_layer True --kernel_size_1 4 --kernel_size_2 4 --kernel_size_3 4 --BK_in_first_layer True --BK_in_second_layer False --BK_in_third_layer False --stride_size 1 --hidden_filters_layer1 64 --hidden_filters_layer2 64 --hidden_filters_layer3 64 --dataset_balanced True --binary_z True --binary_first_conv False --binary_second_conv False --binary_third_conv True --z_var_size 25 --z_struct_size 25 --use_small_lr_encoder_var False --encoder_var_name None --encoder_struct_name None --freeze_Encoder False --exp_name mnist_VAE_s25_v25_FS
Namespace(BK_in_first_layer=True, BK_in_second_layer=False, BK_in_third_layer=False, BN=False, C_max=25, C_stop_iter=100000.0, E1_AE=False, E1_VAE=False, E1_conv=False, E1_dense=False, E1_second_conv=False, E1_second_conv_adapt=False, GMP=True, Hmg_dst_loss=False, IPC=False, L1_norm_act=False, L1_norm_weights=False, L3_without_random=False, LOG_DIR='logs', adapt_lr=False, add_classification_layer=True, add_linear_after_GMP=True, add_z_struct_bottleneck=False, alpha=32, batch_size=250, beta=1.0, beta1=0.9, beta2=0.999, big_kernel=False, big_kernel_size=8, binary_chain=False, binary_first_conv=False, binary_second_conv=False, binary_third_conv=True, binary_z=True, both_decoders_freeze=False, ckpt_dir='checkpoints_CNN', ckpt_dir_scores='checkpoint_scores_CNN', classif_layer_size=30, contrastive_loss=False, cuda=True, dataset='mnist', dataset_balanced=True, decoder_first_dense=36, decoder_kernel_size_1=4, decoder_kernel_size_2=3, decoder_kernel_size_3=4, decoder_n_filter_1=64, decoder_n_filter_2=64, decoder_n_filter_3=64, decoder_stride_1=2, decoder_stride_2=2, decoder_stride_3=1, diff_var=False, display_step=10000, dset_dir='data', encoder_struct_name='None', encoder_var_name='None', exp_name='mnist_VAE_s25_v25_FS', freeze_Encoder=False, gamma=1000, gpu_devices=[0], hidden_filters_layer1=64, hidden_filters_layer2=64, hidden_filters_layer3=64, image_size=64, intra_class_variance_loss=False, is_C=True, is_E1=False, is_VAE=True, is_VAE_var=False, is_binary_structural_latent=False, is_custom_model=False, is_custom_model_BK=False, is_default_model=False, is_encoder_struct=False, is_noise_stats=False, is_partial_rand_class=False, is_perturbed_score=False, is_zvar_sim_loss=False, just_train=False, kernel_size=4, kernel_size_1=4, kernel_size_2=4, kernel_size_3=4, lambda_BCE=1.0, lambda_Kl_struct=1, lambda_Kl_var=1, lambda_L1=0.01, lambda_VAE=1, lambda_class=1, lambda_contrastive_loss=1, lambda_distance_mean=1, lambda_hmg_dst=1, lambda_intra_class_var=1, lambda_partial_class=1, lambda_ratio_reg=1, lambda_recon_wt_rand=1, lambda_recons=1, lambda_uniq_code_dst=1, lambda_var_distance=1, lambda_var_inter=1, lambda_var_intra=1, lambda_zvar_sim=1, latent_spec_cont=None, latent_spec_cont_class=None, latent_spec_cont_var=None, latent_spec_disc=None, latent_spec_disc_class=None, latent_spec_disc_var=None, log_level='info', loss='Proxy_Anchor', loss_distance_mean=False, loss_min_distance_cl=False, lr=0.001, max_epoch_use_uniq_code_target=5, max_iter=100.0, model='CNN', mrg=0.1, nb_epochs_train_only_zvar=0, num_workers=2, old_weighted=False, optimizer='adamw', other_architecture=False, other_ratio=False, random_percentage=0.2, random_seed=10, randomness=True, ratio_reg=False, remark='', save_step=10000, second_layer_C=False, seed=1, stride_size=1, sz_embedding=5, three_conv_layer=True, train=True, train_var_struct_alternatively=False, two_conv_layer=True, two_encoder=False, uniq_code_dst_loss=False, use_VAE=False, use_decoder=False, use_early_stopping=True, use_scheduler=True, use_small_lr_encoder_var=False, use_structural_encoder=False, value_target_distance_mean=1, var_hidden_dim=256, var_hidden_filters_1=32, var_hidden_filters_2=32, var_hidden_filters_3=32, var_kernel_size_1=3, var_kernel_size_2=3, var_kernel_size_3=3, var_second_cnn_block=True, var_stride_size_1=1, var_stride_size_2=1, var_stride_size_3=1, var_third_cnn_block=False, var_three_conv_layer=False, warm=1, without_acc=False, z_struct_size=25, z_var_size=25, zeros_W_Classif=False, zvar_sim_change_zvar=False, zvar_sim_loss_for_all_model=False, zvar_sim_loss_only_for_encoder=False, zvar_sim_normal=False, zvar_sim_var_rand=False)
CUDA Visible devices !
[Using Seed: 10]
Balanced dataset loaded
VAE doesn't exist, create VAE and train it from scratch ! good luck !
use 1 gpu who named: Tesla V100-SXM2-32GB
VAE(
  (encoder_struct): Sequential(
    (0): Conv2d(1, 64, kernel_size=(8, 8), stride=(1, 1))
    (1): BatchNorm2d(64, eps=1e-05, momentum=0.1, affine=True, track_running_stats=True)
    (2): ReLU(inplace=True)
    (3): Conv2d(64, 64, kernel_size=(4, 4), stride=(1, 1))
    (4): BatchNorm2d(64, eps=1e-05, momentum=0.1, affine=True, track_running_stats=True)
    (5): ReLU(inplace=True)
    (6): Conv2d(64, 25, kernel_size=(4, 4), stride=(1, 1))
    (7): DeterministicBinaryActivation(
      (act): Hardsigmoid(
        (act): Hardtanh(min_val=-1.0, max_val=1.0)
      )
    )
    (8): AdaptiveMaxPool2d(output_size=(1, 1))
    (9): View()
  )
  (encoder_var): Sequential(
    (0): Conv2d(1, 32, kernel_size=(3, 3), stride=(1, 1))
    (1): ReLU(inplace=True)
    (2): BatchNorm2d(32, eps=1e-05, momentum=0.1, affine=True, track_running_stats=True)
    (3): Conv2d(32, 32, kernel_size=(3, 3), stride=(1, 1))
    (4): ReLU(inplace=True)
    (5): BatchNorm2d(32, eps=1e-05, momentum=0.1, affine=True, track_running_stats=True)
    (6): Conv2d(32, 32, kernel_size=(5, 5), stride=(2, 2), padding=(2, 2))
    (7): ReLU(inplace=True)
    (8): BatchNorm2d(32, eps=1e-05, momentum=0.1, affine=True, track_running_stats=True)
    (9): Dropout(p=0.4, inplace=False)
    (10): Conv2d(32, 64, kernel_size=(3, 3), stride=(1, 1))
    (11): ReLU(inplace=True)
    (12): BatchNorm2d(64, eps=1e-05, momentum=0.1, affine=True, track_running_stats=True)
    (13): Conv2d(64, 64, kernel_size=(3, 3), stride=(1, 1))
    (14): ReLU(inplace=True)
    (15): BatchNorm2d(64, eps=1e-05, momentum=0.1, affine=True, track_running_stats=True)
    (16): Conv2d(64, 64, kernel_size=(5, 5), stride=(2, 2), padding=(2, 2))
    (17): ReLU(inplace=True)
    (18): BatchNorm2d(64, eps=1e-05, momentum=0.1, affine=True, track_running_stats=True)
    (19): Dropout(p=0.4, inplace=False)
    (20): View()
    (21): Linear(in_features=1600, out_features=50, bias=True)
  )
  (decoder): Sequential(
    (0): Linear(in_features=50, out_features=1600, bias=True)
    (1): ReLU(inplace=True)
    (2): View()
    (3): ConvTranspose2d(64, 64, kernel_size=(4, 4), stride=(2, 2), padding=(1, 1))
    (4): ReLU(inplace=True)
    (5): ConvTranspose2d(64, 64, kernel_size=(3, 3), stride=(1, 1))
    (6): ReLU(inplace=True)
    (7): ConvTranspose2d(64, 32, kernel_size=(3, 3), stride=(1, 1))
    (8): ReLU(inplace=True)
    (9): ConvTranspose2d(32, 32, kernel_size=(4, 4), stride=(2, 2), padding=(1, 1))
    (10): ReLU(inplace=True)
    (11): ConvTranspose2d(32, 32, kernel_size=(3, 3), stride=(1, 1))
    (12): ReLU(inplace=True)
    (13): ConvTranspose2d(32, 1, kernel_size=(3, 3), stride=(1, 1))
    (14): Sigmoid()
  )
)
The number of parameters of model is 597900
=> saved checkpoint 'checkpoints_CNN/mnist_VAE_s25_v25_FS/last' (iter 270, epoch 1.0)
=> saved checkpoint 'checkpoint_scores_CNN/mnist_VAE_s25_v25_FS/last' (iter 270, epoch 1.0)
[Save Checkpoint] epoch: [1.0], Train: total:7692.86914, BCE:-15.64816, KLD:7708.51855,Test: total:30823.61523, BCE:-15.73683, KLD:30839.35352
=> saved checkpoint 'checkpoints_CNN/mnist_VAE_s25_v25_FS/last' (iter 540, epoch 2.0)
=> saved checkpoint 'checkpoint_scores_CNN/mnist_VAE_s25_v25_FS/last' (iter 540, epoch 2.0)
[Save Checkpoint] epoch: [2.0], Train: total:7560.11035, BCE:-16.12882, KLD:7576.23926,Test: total:30171.24414, BCE:-16.19868, KLD:30187.44336
=> saved checkpoint 'checkpoints_CNN/mnist_VAE_s25_v25_FS/last' (iter 810, epoch 3.0)
=> saved checkpoint 'checkpoint_scores_CNN/mnist_VAE_s25_v25_FS/last' (iter 810, epoch 3.0)
[Save Checkpoint] epoch: [3.0], Train: total:7513.20459, BCE:-15.54654, KLD:7528.75391,Test: total:29923.55664, BCE:-15.61023, KLD:29939.16992
=> saved checkpoint 'checkpoints_CNN/mnist_VAE_s25_v25_FS/last' (iter 1080, epoch 4.0)
=> saved checkpoint 'checkpoint_scores_CNN/mnist_VAE_s25_v25_FS/last' (iter 1080, epoch 4.0)
[Save Checkpoint] epoch: [4.0], Train: total:7530.85449, BCE:-15.39250, KLD:7546.25000,Test: total:29969.32227, BCE:-15.47908, KLD:29984.80273
=> saved checkpoint 'checkpoints_CNN/mnist_VAE_s25_v25_FS/last' (iter 1350, epoch 5.0)
=> saved checkpoint 'checkpoint_scores_CNN/mnist_VAE_s25_v25_FS/last' (iter 1350, epoch 5.0)
[Save Checkpoint] epoch: [5.0], Train: total:7571.47803, BCE:-14.81535, KLD:7586.29639,Test: total:30097.67188, BCE:-14.92757, KLD:30112.59766
=> saved checkpoint 'checkpoints_CNN/mnist_VAE_s25_v25_FS/last' (iter 1620, epoch 6.0)
=> saved checkpoint 'checkpoint_scores_CNN/mnist_VAE_s25_v25_FS/last' (iter 1620, epoch 6.0)
[Save Checkpoint] epoch: [6.0], Train: total:7468.79004, BCE:-15.70633, KLD:7484.49268,Test: total:29713.08203, BCE:-15.87260, KLD:29728.95312
=> saved checkpoint 'checkpoints_CNN/mnist_VAE_s25_v25_FS/last' (iter 1890, epoch 7.0)
=> saved checkpoint 'checkpoint_scores_CNN/mnist_VAE_s25_v25_FS/last' (iter 1890, epoch 7.0)
[Save Checkpoint] epoch: [7.0], Train: total:7550.90576, BCE:-15.55873, KLD:7566.46533,Test: total:30052.47461, BCE:-15.76281, KLD:30068.23828
=> saved checkpoint 'checkpoints_CNN/mnist_VAE_s25_v25_FS/last' (iter 2160, epoch 8.0)
=> saved checkpoint 'checkpoint_scores_CNN/mnist_VAE_s25_v25_FS/last' (iter 2160, epoch 8.0)
[Save Checkpoint] epoch: [8.0], Train: total:7491.41602, BCE:-16.06568, KLD:7507.48291,Test: total:29776.18555, BCE:-16.31290, KLD:29792.49805
=> saved checkpoint 'checkpoints_CNN/mnist_VAE_s25_v25_FS/last' (iter 2430, epoch 9.0)
=> saved checkpoint 'checkpoint_scores_CNN/mnist_VAE_s25_v25_FS/last' (iter 2430, epoch 9.0)
[Save Checkpoint] epoch: [9.0], Train: total:7426.40527, BCE:-15.93408, KLD:7442.33838,Test: total:29514.46289, BCE:-16.21027, KLD:29530.67578
=> saved checkpoint 'checkpoints_CNN/mnist_VAE_s25_v25_FS/last' (iter 2700, epoch 10.0)
=> saved checkpoint 'checkpoint_scores_CNN/mnist_VAE_s25_v25_FS/last' (iter 2700, epoch 10.0)
[Save Checkpoint] epoch: [10.0], Train: total:7608.51172, BCE:-16.04091, KLD:7624.56006,Test: total:30230.83789, BCE:-16.36931, KLD:30247.20703
=> saved checkpoint 'checkpoints_CNN/mnist_VAE_s25_v25_FS/last' (iter 2970, epoch 11.0)
=> saved checkpoint 'checkpoint_scores_CNN/mnist_VAE_s25_v25_FS/last' (iter 2970, epoch 11.0)
[Save Checkpoint] epoch: [11.0], Train: total:7540.53906, BCE:-16.30738, KLD:7556.84814,Test: total:29973.37891, BCE:-16.62737, KLD:29990.00977
=> saved checkpoint 'checkpoints_CNN/mnist_VAE_s25_v25_FS/last' (iter 3240, epoch 12.0)
=> saved checkpoint 'checkpoint_scores_CNN/mnist_VAE_s25_v25_FS/last' (iter 3240, epoch 12.0)
[Save Checkpoint] epoch: [12.0], Train: total:7659.73047, BCE:-17.74022, KLD:7677.46729,Test: total:30453.05078, BCE:-18.12658, KLD:30471.17578
=> saved checkpoint 'checkpoints_CNN/mnist_VAE_s25_v25_FS/last' (iter 3510, epoch 13.0)
=> saved checkpoint 'checkpoint_scores_CNN/mnist_VAE_s25_v25_FS/last' (iter 3510, epoch 13.0)
[Save Checkpoint] epoch: [13.0], Train: total:7547.56689, BCE:-17.35705, KLD:7564.92285,Test: total:29985.88867, BCE:-17.73012, KLD:30003.61914
=> saved checkpoint 'checkpoints_CNN/mnist_VAE_s25_v25_FS/last' (iter 3780, epoch 14.0)
=> saved checkpoint 'checkpoint_scores_CNN/mnist_VAE_s25_v25_FS/last' (iter 3780, epoch 14.0)
[Save Checkpoint] epoch: [14.0], Train: total:7606.47119, BCE:-18.04779, KLD:7624.52295,Test: total:30243.38086, BCE:-18.44845, KLD:30261.83203
=> saved checkpoint 'checkpoints_CNN/mnist_VAE_s25_v25_FS/last' (iter 4050, epoch 15.0)
=> saved checkpoint 'checkpoint_scores_CNN/mnist_VAE_s25_v25_FS/last' (iter 4050, epoch 15.0)
[Save Checkpoint] epoch: [15.0], Train: total:7505.83887, BCE:-19.01083, KLD:7524.85010,Test: total:29835.16016, BCE:-19.47002, KLD:29854.62500
=> saved checkpoint 'checkpoints_CNN/mnist_VAE_s25_v25_FS/last' (iter 4320, epoch 16.0)
=> saved checkpoint 'checkpoint_scores_CNN/mnist_VAE_s25_v25_FS/last' (iter 4320, epoch 16.0)
EarlyStopping counter: 1 out of 25
[Save Checkpoint] epoch: [16.0], Train: total:7474.78711, BCE:-19.00860, KLD:7493.79590,Test: total:29707.75000, BCE:-19.46639, KLD:29727.21680
=> saved checkpoint 'checkpoints_CNN/mnist_VAE_s25_v25_FS/last' (iter 4590, epoch 17.0)
=> saved checkpoint 'checkpoint_scores_CNN/mnist_VAE_s25_v25_FS/last' (iter 4590, epoch 17.0)
[Save Checkpoint] epoch: [17.0], Train: total:7428.32715, BCE:-19.41399, KLD:7447.74463,Test: total:29512.59766, BCE:-19.83697, KLD:29532.43555
=> saved checkpoint 'checkpoints_CNN/mnist_VAE_s25_v25_FS/last' (iter 4860, epoch 18.0)
=> saved checkpoint 'checkpoint_scores_CNN/mnist_VAE_s25_v25_FS/last' (iter 4860, epoch 18.0)
EarlyStopping counter: 1 out of 25
[Save Checkpoint] epoch: [18.0], Train: total:7513.10547, BCE:-19.65389, KLD:7532.75879,Test: total:29852.50977, BCE:-20.08396, KLD:29872.59180
=> saved checkpoint 'checkpoints_CNN/mnist_VAE_s25_v25_FS/last' (iter 5130, epoch 19.0)
=> saved checkpoint 'checkpoint_scores_CNN/mnist_VAE_s25_v25_FS/last' (iter 5130, epoch 19.0)
EarlyStopping counter: 2 out of 25
[Save Checkpoint] epoch: [19.0], Train: total:7388.16846, BCE:-20.86979, KLD:7409.03760,Test: total:29356.63477, BCE:-21.30312, KLD:29377.93750
=> saved checkpoint 'checkpoints_CNN/mnist_VAE_s25_v25_FS/last' (iter 5400, epoch 20.0)
=> saved checkpoint 'checkpoint_scores_CNN/mnist_VAE_s25_v25_FS/last' (iter 5400, epoch 20.0)
[Save Checkpoint] epoch: [20.0], Train: total:7430.02930, BCE:-20.89405, KLD:7450.92773,Test: total:29524.24414, BCE:-21.36062, KLD:29545.60352
=> saved checkpoint 'checkpoints_CNN/mnist_VAE_s25_v25_FS/last' (iter 5670, epoch 21.0)
=> saved checkpoint 'checkpoint_scores_CNN/mnist_VAE_s25_v25_FS/last' (iter 5670, epoch 21.0)
[Save Checkpoint] epoch: [21.0], Train: total:7414.51904, BCE:-21.56235, KLD:7436.08252,Test: total:29465.28711, BCE:-22.02376, KLD:29487.31250
=> saved checkpoint 'checkpoints_CNN/mnist_VAE_s25_v25_FS/last' (iter 5940, epoch 22.0)
=> saved checkpoint 'checkpoint_scores_CNN/mnist_VAE_s25_v25_FS/last' (iter 5940, epoch 22.0)
[Save Checkpoint] epoch: [22.0], Train: total:7447.87744, BCE:-22.42118, KLD:7470.29883,Test: total:29584.95703, BCE:-22.87500, KLD:29607.83203
=> saved checkpoint 'checkpoints_CNN/mnist_VAE_s25_v25_FS/last' (iter 6210, epoch 23.0)
=> saved checkpoint 'checkpoint_scores_CNN/mnist_VAE_s25_v25_FS/last' (iter 6210, epoch 23.0)
EarlyStopping counter: 1 out of 25
[Save Checkpoint] epoch: [23.0], Train: total:7327.47070, BCE:-22.67020, KLD:7350.14160,Test: total:29101.58398, BCE:-23.15608, KLD:29124.74023
=> saved checkpoint 'checkpoints_CNN/mnist_VAE_s25_v25_FS/last' (iter 6480, epoch 24.0)
=> saved checkpoint 'checkpoint_scores_CNN/mnist_VAE_s25_v25_FS/last' (iter 6480, epoch 24.0)
EarlyStopping counter: 2 out of 25
[Save Checkpoint] epoch: [24.0], Train: total:7417.16260, BCE:-22.96347, KLD:7440.12646,Test: total:29472.31250, BCE:-23.44438, KLD:29495.75977
=> saved checkpoint 'checkpoints_CNN/mnist_VAE_s25_v25_FS/last' (iter 6750, epoch 25.0)
=> saved checkpoint 'checkpoint_scores_CNN/mnist_VAE_s25_v25_FS/last' (iter 6750, epoch 25.0)
[Save Checkpoint] epoch: [25.0], Train: total:7150.97070, BCE:-22.92408, KLD:7173.89746,Test: total:28384.60938, BCE:-23.38048, KLD:28407.99023
=> saved checkpoint 'checkpoints_CNN/mnist_VAE_s25_v25_FS/last' (iter 7020, epoch 26.0)
=> saved checkpoint 'checkpoint_scores_CNN/mnist_VAE_s25_v25_FS/last' (iter 7020, epoch 26.0)
[Save Checkpoint] epoch: [26.0], Train: total:7300.54785, BCE:-23.56878, KLD:7324.11426,Test: total:29002.28125, BCE:-24.05529, KLD:29026.33789
=> saved checkpoint 'checkpoints_CNN/mnist_VAE_s25_v25_FS/last' (iter 7290, epoch 27.0)
=> saved checkpoint 'checkpoint_scores_CNN/mnist_VAE_s25_v25_FS/last' (iter 7290, epoch 27.0)
EarlyStopping counter: 1 out of 25
[Save Checkpoint] epoch: [27.0], Train: total:7186.47070, BCE:-24.01006, KLD:7210.47900,Test: total:28539.45898, BCE:-24.48441, KLD:28563.94141
=> saved checkpoint 'checkpoints_CNN/mnist_VAE_s25_v25_FS/last' (iter 7560, epoch 28.0)
=> saved checkpoint 'checkpoint_scores_CNN/mnist_VAE_s25_v25_FS/last' (iter 7560, epoch 28.0)
EarlyStopping counter: 2 out of 25
[Save Checkpoint] epoch: [28.0], Train: total:7271.97314, BCE:-23.96498, KLD:7295.93701,Test: total:28886.34766, BCE:-24.44739, KLD:28910.79492
=> saved checkpoint 'checkpoints_CNN/mnist_VAE_s25_v25_FS/last' (iter 7830, epoch 29.0)
=> saved checkpoint 'checkpoint_scores_CNN/mnist_VAE_s25_v25_FS/last' (iter 7830, epoch 29.0)
EarlyStopping counter: 3 out of 25
[Save Checkpoint] epoch: [29.0], Train: total:7239.64062, BCE:-25.43142, KLD:7265.07080,Test: total:28745.84766, BCE:-25.90680, KLD:28771.75586
=> saved checkpoint 'checkpoints_CNN/mnist_VAE_s25_v25_FS/last' (iter 8100, epoch 30.0)
=> saved checkpoint 'checkpoint_scores_CNN/mnist_VAE_s25_v25_FS/last' (iter 8100, epoch 30.0)
EarlyStopping counter: 4 out of 25
[Save Checkpoint] epoch: [30.0], Train: total:7304.14209, BCE:-25.62720, KLD:7329.77100,Test: total:29001.33203, BCE:-26.09102, KLD:29027.41992
=> saved checkpoint 'checkpoints_CNN/mnist_VAE_s25_v25_FS/last' (iter 8370, epoch 31.0)
=> saved checkpoint 'checkpoint_scores_CNN/mnist_VAE_s25_v25_FS/last' (iter 8370, epoch 31.0)
[Save Checkpoint] epoch: [31.0], Train: total:7354.80176, BCE:-25.50156, KLD:7380.30225,Test: total:29199.48242, BCE:-26.01058, KLD:29225.49414
=> saved checkpoint 'checkpoints_CNN/mnist_VAE_s25_v25_FS/last' (iter 8640, epoch 32.0)
=> saved checkpoint 'checkpoint_scores_CNN/mnist_VAE_s25_v25_FS/last' (iter 8640, epoch 32.0)
EarlyStopping counter: 1 out of 25
[Save Checkpoint] epoch: [32.0], Train: total:7135.58252, BCE:-26.21567, KLD:7161.79688,Test: total:28343.01562, BCE:-26.70584, KLD:28369.72461
=> saved checkpoint 'checkpoints_CNN/mnist_VAE_s25_v25_FS/last' (iter 8910, epoch 33.0)
=> saved checkpoint 'checkpoint_scores_CNN/mnist_VAE_s25_v25_FS/last' (iter 8910, epoch 33.0)
[Save Checkpoint] epoch: [33.0], Train: total:7211.29688, BCE:-25.87023, KLD:7237.16650,Test: total:28619.09961, BCE:-26.33751, KLD:28645.43750
=> saved checkpoint 'checkpoints_CNN/mnist_VAE_s25_v25_FS/last' (iter 9180, epoch 34.0)
=> saved checkpoint 'checkpoint_scores_CNN/mnist_VAE_s25_v25_FS/last' (iter 9180, epoch 34.0)
[Save Checkpoint] epoch: [34.0], Train: total:7338.33154, BCE:-26.42745, KLD:7364.75781,Test: total:29128.95117, BCE:-26.88018, KLD:29155.83203
=> saved checkpoint 'checkpoints_CNN/mnist_VAE_s25_v25_FS/last' (iter 9450, epoch 35.0)
=> saved checkpoint 'checkpoint_scores_CNN/mnist_VAE_s25_v25_FS/last' (iter 9450, epoch 35.0)
[Save Checkpoint] epoch: [35.0], Train: total:7251.92285, BCE:-26.41749, KLD:7278.34033,Test: total:28774.68750, BCE:-26.87675, KLD:28801.56250
=> saved checkpoint 'checkpoints_CNN/mnist_VAE_s25_v25_FS/last' (iter 9720, epoch 36.0)
=> saved checkpoint 'checkpoint_scores_CNN/mnist_VAE_s25_v25_FS/last' (iter 9720, epoch 36.0)
EarlyStopping counter: 1 out of 25
[Save Checkpoint] epoch: [36.0], Train: total:7266.49072, BCE:-26.67176, KLD:7293.15820,Test: total:28866.59180, BCE:-27.13628, KLD:28893.72461
=> saved checkpoint 'checkpoints_CNN/mnist_VAE_s25_v25_FS/last' (iter 9990, epoch 37.0)
=> saved checkpoint 'checkpoint_scores_CNN/mnist_VAE_s25_v25_FS/last' (iter 9990, epoch 37.0)
EarlyStopping counter: 2 out of 25
[Save Checkpoint] epoch: [37.0], Train: total:7195.32373, BCE:-27.26962, KLD:7222.59473,Test: total:28586.74805, BCE:-27.73333, KLD:28614.48242
=> saved checkpoint 'checkpoints_CNN/mnist_VAE_s25_v25_FS/last' (iter 10260, epoch 38.0)
=> saved checkpoint 'checkpoint_scores_CNN/mnist_VAE_s25_v25_FS/last' (iter 10260, epoch 38.0)
EarlyStopping counter: 3 out of 25
[Save Checkpoint] epoch: [38.0], Train: total:7143.02539, BCE:-26.54515, KLD:7169.57227,Test: total:28356.51562, BCE:-27.01791, KLD:28383.53125
=> saved checkpoint 'checkpoints_CNN/mnist_VAE_s25_v25_FS/last' (iter 10530, epoch 39.0)
=> saved checkpoint 'checkpoint_scores_CNN/mnist_VAE_s25_v25_FS/last' (iter 10530, epoch 39.0)
EarlyStopping counter: 4 out of 25
[Save Checkpoint] epoch: [39.0], Train: total:7291.00781, BCE:-27.54532, KLD:7318.55420,Test: total:28921.40625, BCE:-27.98147, KLD:28949.38867
=> saved checkpoint 'checkpoints_CNN/mnist_VAE_s25_v25_FS/last' (iter 10800, epoch 40.0)
=> saved checkpoint 'checkpoint_scores_CNN/mnist_VAE_s25_v25_FS/last' (iter 10800, epoch 40.0)
[Save Checkpoint] epoch: [40.0], Train: total:7205.60254, BCE:-27.68750, KLD:7233.28857,Test: total:28628.68555, BCE:-28.14135, KLD:28656.83203
=> saved checkpoint 'checkpoints_CNN/mnist_VAE_s25_v25_FS/last' (iter 11070, epoch 41.0)
=> saved checkpoint 'checkpoint_scores_CNN/mnist_VAE_s25_v25_FS/last' (iter 11070, epoch 41.0)
[Save Checkpoint] epoch: [41.0], Train: total:7236.56445, BCE:-27.83340, KLD:7264.39844,Test: total:28718.65430, BCE:-28.28048, KLD:28746.93750
=> saved checkpoint 'checkpoints_CNN/mnist_VAE_s25_v25_FS/last' (iter 11340, epoch 42.0)
=> saved checkpoint 'checkpoint_scores_CNN/mnist_VAE_s25_v25_FS/last' (iter 11340, epoch 42.0)
EarlyStopping counter: 1 out of 25
[Save Checkpoint] epoch: [42.0], Train: total:7220.84424, BCE:-28.61409, KLD:7249.45996,Test: total:28643.81055, BCE:-29.06518, KLD:28672.87500
=> saved checkpoint 'checkpoints_CNN/mnist_VAE_s25_v25_FS/last' (iter 11610, epoch 43.0)
=> saved checkpoint 'checkpoint_scores_CNN/mnist_VAE_s25_v25_FS/last' (iter 11610, epoch 43.0)
EarlyStopping counter: 2 out of 25
[Save Checkpoint] epoch: [43.0], Train: total:7250.61768, BCE:-28.97140, KLD:7279.58789,Test: total:28796.99023, BCE:-29.41433, KLD:28826.40625
=> saved checkpoint 'checkpoints_CNN/mnist_VAE_s25_v25_FS/last' (iter 11880, epoch 44.0)
=> saved checkpoint 'checkpoint_scores_CNN/mnist_VAE_s25_v25_FS/last' (iter 11880, epoch 44.0)
EarlyStopping counter: 3 out of 25
[Save Checkpoint] epoch: [44.0], Train: total:7069.20117, BCE:-29.18570, KLD:7098.38916,Test: total:28061.53125, BCE:-29.61794, KLD:28091.15430
=> saved checkpoint 'checkpoints_CNN/mnist_VAE_s25_v25_FS/last' (iter 12150, epoch 45.0)
=> saved checkpoint 'checkpoint_scores_CNN/mnist_VAE_s25_v25_FS/last' (iter 12150, epoch 45.0)
[Save Checkpoint] epoch: [45.0], Train: total:7119.93066, BCE:-29.02083, KLD:7148.95068,Test: total:28259.82227, BCE:-29.44193, KLD:28289.26562
=> saved checkpoint 'checkpoints_CNN/mnist_VAE_s25_v25_FS/last' (iter 12420, epoch 46.0)
=> saved checkpoint 'checkpoint_scores_CNN/mnist_VAE_s25_v25_FS/last' (iter 12420, epoch 46.0)
EarlyStopping counter: 1 out of 25
[Save Checkpoint] epoch: [46.0], Train: total:7079.54102, BCE:-29.23680, KLD:7108.77979,Test: total:28104.55078, BCE:-29.70235, KLD:28134.25391
=> saved checkpoint 'checkpoints_CNN/mnist_VAE_s25_v25_FS/last' (iter 12690, epoch 47.0)
=> saved checkpoint 'checkpoint_scores_CNN/mnist_VAE_s25_v25_FS/last' (iter 12690, epoch 47.0)
[Save Checkpoint] epoch: [47.0], Train: total:7145.02148, BCE:-29.42357, KLD:7174.44629,Test: total:28374.77930, BCE:-29.84028, KLD:28404.61914
=> saved checkpoint 'checkpoints_CNN/mnist_VAE_s25_v25_FS/last' (iter 12960, epoch 48.0)
=> saved checkpoint 'checkpoint_scores_CNN/mnist_VAE_s25_v25_FS/last' (iter 12960, epoch 48.0)
EarlyStopping counter: 1 out of 25
[Save Checkpoint] epoch: [48.0], Train: total:7207.02539, BCE:-29.87935, KLD:7236.90527,Test: total:28623.64648, BCE:-30.30960, KLD:28653.95703
=> saved checkpoint 'checkpoints_CNN/mnist_VAE_s25_v25_FS/last' (iter 13230, epoch 49.0)
=> saved checkpoint 'checkpoint_scores_CNN/mnist_VAE_s25_v25_FS/last' (iter 13230, epoch 49.0)
EarlyStopping counter: 2 out of 25
[Save Checkpoint] epoch: [49.0], Train: total:7122.56006, BCE:-30.02410, KLD:7152.58350,Test: total:28277.31641, BCE:-30.45325, KLD:28307.76562
=> saved checkpoint 'checkpoints_CNN/mnist_VAE_s25_v25_FS/last' (iter 13500, epoch 50.0)
=> saved checkpoint 'checkpoint_scores_CNN/mnist_VAE_s25_v25_FS/last' (iter 13500, epoch 50.0)
[Save Checkpoint] epoch: [50.0], Train: total:7105.35449, BCE:-29.92537, KLD:7135.27832,Test: total:28188.80273, BCE:-30.37287, KLD:28219.17578
=> saved checkpoint 'checkpoints_CNN/mnist_VAE_s25_v25_FS/last' (iter 13770, epoch 51.0)
=> saved checkpoint 'checkpoint_scores_CNN/mnist_VAE_s25_v25_FS/last' (iter 13770, epoch 51.0)
[Save Checkpoint] epoch: [51.0], Train: total:7249.39502, BCE:-30.13147, KLD:7279.52539,Test: total:28784.18750, BCE:-30.56105, KLD:28814.75000
=> saved checkpoint 'checkpoints_CNN/mnist_VAE_s25_v25_FS/last' (iter 14040, epoch 52.0)
=> saved checkpoint 'checkpoint_scores_CNN/mnist_VAE_s25_v25_FS/last' (iter 14040, epoch 52.0)
EarlyStopping counter: 1 out of 25
[Save Checkpoint] epoch: [52.0], Train: total:7121.82861, BCE:-30.74051, KLD:7152.56543,Test: total:28283.41016, BCE:-31.16538, KLD:28314.57617
=> saved checkpoint 'checkpoints_CNN/mnist_VAE_s25_v25_FS/last' (iter 14310, epoch 53.0)
=> saved checkpoint 'checkpoint_scores_CNN/mnist_VAE_s25_v25_FS/last' (iter 14310, epoch 53.0)
EarlyStopping counter: 2 out of 25
[Save Checkpoint] epoch: [53.0], Train: total:7075.65527, BCE:-30.12804, KLD:7105.78076,Test: total:28080.26953, BCE:-30.54962, KLD:28110.81836
=> saved checkpoint 'checkpoints_CNN/mnist_VAE_s25_v25_FS/last' (iter 14580, epoch 54.0)
=> saved checkpoint 'checkpoint_scores_CNN/mnist_VAE_s25_v25_FS/last' (iter 14580, epoch 54.0)
EarlyStopping counter: 3 out of 25
[Save Checkpoint] epoch: [54.0], Train: total:7085.19141, BCE:-30.31009, KLD:7115.50391,Test: total:28109.08789, BCE:-30.74333, KLD:28139.83203
=> saved checkpoint 'checkpoints_CNN/mnist_VAE_s25_v25_FS/last' (iter 14850, epoch 55.0)
=> saved checkpoint 'checkpoint_scores_CNN/mnist_VAE_s25_v25_FS/last' (iter 14850, epoch 55.0)
EarlyStopping counter: 4 out of 25
[Save Checkpoint] epoch: [55.0], Train: total:7239.52490, BCE:-30.88561, KLD:7270.40918,Test: total:28733.84766, BCE:-31.33054, KLD:28765.17773
Epoch    56: reducing learning rate of group 0 to 2.0000e-04.
=> saved checkpoint 'checkpoints_CNN/mnist_VAE_s25_v25_FS/last' (iter 15120, epoch 56.0)
=> saved checkpoint 'checkpoint_scores_CNN/mnist_VAE_s25_v25_FS/last' (iter 15120, epoch 56.0)
EarlyStopping counter: 5 out of 25
[Save Checkpoint] epoch: [56.0], Train: total:7083.73584, BCE:-30.73341, KLD:7114.47168,Test: total:28110.20898, BCE:-31.15268, KLD:28141.35938
=> saved checkpoint 'checkpoints_CNN/mnist_VAE_s25_v25_FS/last' (iter 15390, epoch 57.0)
=> saved checkpoint 'checkpoint_scores_CNN/mnist_VAE_s25_v25_FS/last' (iter 15390, epoch 57.0)
[Save Checkpoint] epoch: [57.0], Train: total:7080.48730, BCE:-30.73635, KLD:7111.22266,Test: total:28104.45117, BCE:-31.19070, KLD:28135.64453
=> saved checkpoint 'checkpoints_CNN/mnist_VAE_s25_v25_FS/last' (iter 15660, epoch 58.0)
=> saved checkpoint 'checkpoint_scores_CNN/mnist_VAE_s25_v25_FS/last' (iter 15660, epoch 58.0)
[Save Checkpoint] epoch: [58.0], Train: total:7054.26123, BCE:-30.76773, KLD:7085.02246,Test: total:27995.02930, BCE:-31.19942, KLD:28026.22461
=> saved checkpoint 'checkpoints_CNN/mnist_VAE_s25_v25_FS/last' (iter 15930, epoch 59.0)
=> saved checkpoint 'checkpoint_scores_CNN/mnist_VAE_s25_v25_FS/last' (iter 15930, epoch 59.0)
EarlyStopping counter: 1 out of 25
[Save Checkpoint] epoch: [59.0], Train: total:7083.84229, BCE:-30.95584, KLD:7114.79883,Test: total:28112.07812, BCE:-31.38154, KLD:28143.45898
=> saved checkpoint 'checkpoints_CNN/mnist_VAE_s25_v25_FS/last' (iter 16200, epoch 60.0)
=> saved checkpoint 'checkpoint_scores_CNN/mnist_VAE_s25_v25_FS/last' (iter 16200, epoch 60.0)
EarlyStopping counter: 2 out of 25
[Save Checkpoint] epoch: [60.0], Train: total:7040.63525, BCE:-30.86809, KLD:7071.50000,Test: total:27935.02930, BCE:-31.31313, KLD:27966.34180
=> saved checkpoint 'checkpoints_CNN/mnist_VAE_s25_v25_FS/last' (iter 16470, epoch 61.0)
=> saved checkpoint 'checkpoint_scores_CNN/mnist_VAE_s25_v25_FS/last' (iter 16470, epoch 61.0)
EarlyStopping counter: 3 out of 25
[Save Checkpoint] epoch: [61.0], Train: total:7088.33350, BCE:-30.92870, KLD:7119.26318,Test: total:28122.62891, BCE:-31.37721, KLD:28154.00000
=> saved checkpoint 'checkpoints_CNN/mnist_VAE_s25_v25_FS/last' (iter 16740, epoch 62.0)
=> saved checkpoint 'checkpoint_scores_CNN/mnist_VAE_s25_v25_FS/last' (iter 16740, epoch 62.0)
EarlyStopping counter: 4 out of 25
[Save Checkpoint] epoch: [62.0], Train: total:7036.15234, BCE:-31.10806, KLD:7067.26221,Test: total:27907.29492, BCE:-31.54027, KLD:27938.83789
Epoch    63: reducing learning rate of group 0 to 4.0000e-05.
=> saved checkpoint 'checkpoints_CNN/mnist_VAE_s25_v25_FS/last' (iter 17010, epoch 63.0)
=> saved checkpoint 'checkpoint_scores_CNN/mnist_VAE_s25_v25_FS/last' (iter 17010, epoch 63.0)
EarlyStopping counter: 5 out of 25
[Save Checkpoint] epoch: [63.0], Train: total:7078.09717, BCE:-31.04304, KLD:7109.13818,Test: total:28081.20312, BCE:-31.50077, KLD:28112.70312
=> saved checkpoint 'checkpoints_CNN/mnist_VAE_s25_v25_FS/last' (iter 17280, epoch 64.0)
=> saved checkpoint 'checkpoint_scores_CNN/mnist_VAE_s25_v25_FS/last' (iter 17280, epoch 64.0)
EarlyStopping counter: 6 out of 25
[Save Checkpoint] epoch: [64.0], Train: total:7043.76416, BCE:-31.14068, KLD:7074.90430,Test: total:27943.59375, BCE:-31.57451, KLD:27975.16992
=> saved checkpoint 'checkpoints_CNN/mnist_VAE_s25_v25_FS/last' (iter 17550, epoch 65.0)
=> saved checkpoint 'checkpoint_scores_CNN/mnist_VAE_s25_v25_FS/last' (iter 17550, epoch 65.0)
EarlyStopping counter: 7 out of 25
[Save Checkpoint] epoch: [65.0], Train: total:7019.38574, BCE:-31.10596, KLD:7050.49121,Test: total:27845.05664, BCE:-31.56056, KLD:27876.61523
=> saved checkpoint 'checkpoints_CNN/mnist_VAE_s25_v25_FS/last' (iter 17820, epoch 66.0)
=> saved checkpoint 'checkpoint_scores_CNN/mnist_VAE_s25_v25_FS/last' (iter 17820, epoch 66.0)
EarlyStopping counter: 8 out of 25
[Save Checkpoint] epoch: [66.0], Train: total:7030.89453, BCE:-31.13006, KLD:7062.02539,Test: total:27892.09180, BCE:-31.56900, KLD:27923.66211
=> saved checkpoint 'checkpoints_CNN/mnist_VAE_s25_v25_FS/last' (iter 18090, epoch 67.0)
=> saved checkpoint 'checkpoint_scores_CNN/mnist_VAE_s25_v25_FS/last' (iter 18090, epoch 67.0)
[Save Checkpoint] epoch: [67.0], Train: total:7026.29297, BCE:-31.15335, KLD:7057.44531,Test: total:27876.54492, BCE:-31.58950, KLD:27908.13867
=> saved checkpoint 'checkpoints_CNN/mnist_VAE_s25_v25_FS/last' (iter 18360, epoch 68.0)
=> saved checkpoint 'checkpoint_scores_CNN/mnist_VAE_s25_v25_FS/last' (iter 18360, epoch 68.0)
EarlyStopping counter: 1 out of 25
[Save Checkpoint] epoch: [68.0], Train: total:7053.76758, BCE:-31.19724, KLD:7084.96631,Test: total:27983.85742, BCE:-31.63760, KLD:28015.49414
=> saved checkpoint 'checkpoints_CNN/mnist_VAE_s25_v25_FS/last' (iter 18630, epoch 69.0)
=> saved checkpoint 'checkpoint_scores_CNN/mnist_VAE_s25_v25_FS/last' (iter 18630, epoch 69.0)
EarlyStopping counter: 2 out of 25
[Save Checkpoint] epoch: [69.0], Train: total:7030.92139, BCE:-31.19359, KLD:7062.11719,Test: total:27896.82812, BCE:-31.62172, KLD:27928.45117
=> saved checkpoint 'checkpoints_CNN/mnist_VAE_s25_v25_FS/last' (iter 18900, epoch 70.0)
=> saved checkpoint 'checkpoint_scores_CNN/mnist_VAE_s25_v25_FS/last' (iter 18900, epoch 70.0)
EarlyStopping counter: 3 out of 25
[Save Checkpoint] epoch: [70.0], Train: total:7033.69385, BCE:-31.13317, KLD:7064.82471,Test: total:27907.64453, BCE:-31.57749, KLD:27939.22266
=> saved checkpoint 'checkpoints_CNN/mnist_VAE_s25_v25_FS/last' (iter 19170, epoch 71.0)
=> saved checkpoint 'checkpoint_scores_CNN/mnist_VAE_s25_v25_FS/last' (iter 19170, epoch 71.0)
EarlyStopping counter: 4 out of 25
[Save Checkpoint] epoch: [71.0], Train: total:7035.56787, BCE:-31.18708, KLD:7066.75537,Test: total:27913.85742, BCE:-31.61046, KLD:27945.46289
=> saved checkpoint 'checkpoints_CNN/mnist_VAE_s25_v25_FS/last' (iter 19440, epoch 72.0)
=> saved checkpoint 'checkpoint_scores_CNN/mnist_VAE_s25_v25_FS/last' (iter 19440, epoch 72.0)
[Save Checkpoint] epoch: [72.0], Train: total:7035.08203, BCE:-31.23040, KLD:7066.31396,Test: total:27910.06055, BCE:-31.67986, KLD:27941.74414
=> saved checkpoint 'checkpoints_CNN/mnist_VAE_s25_v25_FS/last' (iter 19710, epoch 73.0)
=> saved checkpoint 'checkpoint_scores_CNN/mnist_VAE_s25_v25_FS/last' (iter 19710, epoch 73.0)
[Save Checkpoint] epoch: [73.0], Train: total:7042.87451, BCE:-31.24584, KLD:7074.12061,Test: total:27942.66602, BCE:-31.72017, KLD:27974.38477
=> saved checkpoint 'checkpoints_CNN/mnist_VAE_s25_v25_FS/last' (iter 19980, epoch 74.0)
=> saved checkpoint 'checkpoint_scores_CNN/mnist_VAE_s25_v25_FS/last' (iter 19980, epoch 74.0)
EarlyStopping counter: 1 out of 25
[Save Checkpoint] epoch: [74.0], Train: total:7042.91895, BCE:-31.28746, KLD:7074.20557,Test: total:27942.15430, BCE:-31.73188, KLD:27973.88477
=> saved checkpoint 'checkpoints_CNN/mnist_VAE_s25_v25_FS/last' (iter 20250, epoch 75.0)
=> saved checkpoint 'checkpoint_scores_CNN/mnist_VAE_s25_v25_FS/last' (iter 20250, epoch 75.0)
EarlyStopping counter: 2 out of 25
[Save Checkpoint] epoch: [75.0], Train: total:7002.53760, BCE:-31.23866, KLD:7033.77197,Test: total:27783.19141, BCE:-31.68760, KLD:27814.87500
=> saved checkpoint 'checkpoints_CNN/mnist_VAE_s25_v25_FS/last' (iter 20520, epoch 76.0)
=> saved checkpoint 'checkpoint_scores_CNN/mnist_VAE_s25_v25_FS/last' (iter 20520, epoch 76.0)
EarlyStopping counter: 3 out of 25
[Save Checkpoint] epoch: [76.0], Train: total:7057.67676, BCE:-31.31238, KLD:7088.99609,Test: total:27999.73438, BCE:-31.77730, KLD:28031.50977
=> saved checkpoint 'checkpoints_CNN/mnist_VAE_s25_v25_FS/last' (iter 20790, epoch 77.0)
=> saved checkpoint 'checkpoint_scores_CNN/mnist_VAE_s25_v25_FS/last' (iter 20790, epoch 77.0)
EarlyStopping counter: 4 out of 25
[Save Checkpoint] epoch: [77.0], Train: total:7030.25244, BCE:-31.26486, KLD:7061.51709,Test: total:27889.14062, BCE:-31.69680, KLD:27920.83789
Epoch    78: reducing learning rate of group 0 to 8.0000e-06.
=> saved checkpoint 'checkpoints_CNN/mnist_VAE_s25_v25_FS/last' (iter 21060, epoch 78.0)
=> saved checkpoint 'checkpoint_scores_CNN/mnist_VAE_s25_v25_FS/last' (iter 21060, epoch 78.0)
EarlyStopping counter: 5 out of 25
[Save Checkpoint] epoch: [78.0], Train: total:7021.31055, BCE:-31.19713, KLD:7052.50928,Test: total:27855.09961, BCE:-31.64767, KLD:27886.75000
=> saved checkpoint 'checkpoints_CNN/mnist_VAE_s25_v25_FS/last' (iter 21330, epoch 79.0)
=> saved checkpoint 'checkpoint_scores_CNN/mnist_VAE_s25_v25_FS/last' (iter 21330, epoch 79.0)
EarlyStopping counter: 6 out of 25
[Save Checkpoint] epoch: [79.0], Train: total:7039.01318, BCE:-31.23647, KLD:7070.25049,Test: total:27925.52148, BCE:-31.66008, KLD:27957.18555
=> saved checkpoint 'checkpoints_CNN/mnist_VAE_s25_v25_FS/last' (iter 21600, epoch 80.0)
=> saved checkpoint 'checkpoint_scores_CNN/mnist_VAE_s25_v25_FS/last' (iter 21600, epoch 80.0)
EarlyStopping counter: 7 out of 25
[Save Checkpoint] epoch: [80.0], Train: total:7041.58105, BCE:-31.22651, KLD:7072.80566,Test: total:27935.09180, BCE:-31.68146, KLD:27966.77148
=> saved checkpoint 'checkpoints_CNN/mnist_VAE_s25_v25_FS/last' (iter 21870, epoch 81.0)
=> saved checkpoint 'checkpoint_scores_CNN/mnist_VAE_s25_v25_FS/last' (iter 21870, epoch 81.0)
EarlyStopping counter: 8 out of 25
[Save Checkpoint] epoch: [81.0], Train: total:7036.27881, BCE:-31.26772, KLD:7067.54443,Test: total:27913.94727, BCE:-31.69861, KLD:27945.64453
=> saved checkpoint 'checkpoints_CNN/mnist_VAE_s25_v25_FS/last' (iter 22140, epoch 82.0)
=> saved checkpoint 'checkpoint_scores_CNN/mnist_VAE_s25_v25_FS/last' (iter 22140, epoch 82.0)
EarlyStopping counter: 9 out of 25
[Save Checkpoint] epoch: [82.0], Train: total:7041.83252, BCE:-31.27174, KLD:7073.10547,Test: total:27936.03516, BCE:-31.72266, KLD:27967.75977
Epoch    83: reducing learning rate of group 0 to 1.6000e-06.
=> saved checkpoint 'checkpoints_CNN/mnist_VAE_s25_v25_FS/last' (iter 22410, epoch 83.0)
=> saved checkpoint 'checkpoint_scores_CNN/mnist_VAE_s25_v25_FS/last' (iter 22410, epoch 83.0)
EarlyStopping counter: 10 out of 25
[Save Checkpoint] epoch: [83.0], Train: total:7043.43555, BCE:-31.26993, KLD:7074.70361,Test: total:27941.72852, BCE:-31.71537, KLD:27973.44336
=> saved checkpoint 'checkpoints_CNN/mnist_VAE_s25_v25_FS/last' (iter 22680, epoch 84.0)
=> saved checkpoint 'checkpoint_scores_CNN/mnist_VAE_s25_v25_FS/last' (iter 22680, epoch 84.0)
EarlyStopping counter: 11 out of 25
[Save Checkpoint] epoch: [84.0], Train: total:7038.09766, BCE:-31.27511, KLD:7069.37012,Test: total:27920.96875, BCE:-31.70338, KLD:27952.67578
=> saved checkpoint 'checkpoints_CNN/mnist_VAE_s25_v25_FS/last' (iter 22950, epoch 85.0)
=> saved checkpoint 'checkpoint_scores_CNN/mnist_VAE_s25_v25_FS/last' (iter 22950, epoch 85.0)
EarlyStopping counter: 12 out of 25
[Save Checkpoint] epoch: [85.0], Train: total:7039.24512, BCE:-31.27606, KLD:7070.52051,Test: total:27925.40430, BCE:-31.70823, KLD:27957.11328
=> saved checkpoint 'checkpoints_CNN/mnist_VAE_s25_v25_FS/last' (iter 23220, epoch 86.0)
=> saved checkpoint 'checkpoint_scores_CNN/mnist_VAE_s25_v25_FS/last' (iter 23220, epoch 86.0)
EarlyStopping counter: 13 out of 25
[Save Checkpoint] epoch: [86.0], Train: total:7038.56787, BCE:-31.27417, KLD:7069.84961,Test: total:27922.69727, BCE:-31.71753, KLD:27954.41602
=> saved checkpoint 'checkpoints_CNN/mnist_VAE_s25_v25_FS/last' (iter 23490, epoch 87.0)
=> saved checkpoint 'checkpoint_scores_CNN/mnist_VAE_s25_v25_FS/last' (iter 23490, epoch 87.0)
EarlyStopping counter: 14 out of 25
[Save Checkpoint] epoch: [87.0], Train: total:7038.37891, BCE:-31.26840, KLD:7069.64551,Test: total:27921.98438, BCE:-31.71511, KLD:27953.70117
Epoch    88: reducing learning rate of group 0 to 1.0000e-06.
=> saved checkpoint 'checkpoints_CNN/mnist_VAE_s25_v25_FS/last' (iter 23760, epoch 88.0)
=> saved checkpoint 'checkpoint_scores_CNN/mnist_VAE_s25_v25_FS/last' (iter 23760, epoch 88.0)
EarlyStopping counter: 15 out of 25
[Save Checkpoint] epoch: [88.0], Train: total:7038.51758, BCE:-31.27842, KLD:7069.79590,Test: total:27922.95117, BCE:-31.71861, KLD:27954.67188
=> saved checkpoint 'checkpoints_CNN/mnist_VAE_s25_v25_FS/last' (iter 24030, epoch 89.0)
=> saved checkpoint 'checkpoint_scores_CNN/mnist_VAE_s25_v25_FS/last' (iter 24030, epoch 89.0)
EarlyStopping counter: 16 out of 25
[Save Checkpoint] epoch: [89.0], Train: total:7040.04346, BCE:-31.29487, KLD:7071.33984,Test: total:27929.26367, BCE:-31.73571, KLD:27960.99805
=> saved checkpoint 'checkpoints_CNN/mnist_VAE_s25_v25_FS/last' (iter 24300, epoch 90.0)
=> saved checkpoint 'checkpoint_scores_CNN/mnist_VAE_s25_v25_FS/last' (iter 24300, epoch 90.0)
EarlyStopping counter: 17 out of 25
[Save Checkpoint] epoch: [90.0], Train: total:7035.99805, BCE:-31.29403, KLD:7067.29297,Test: total:27913.00977, BCE:-31.73234, KLD:27944.74414
=> saved checkpoint 'checkpoints_CNN/mnist_VAE_s25_v25_FS/last' (iter 24570, epoch 91.0)
=> saved checkpoint 'checkpoint_scores_CNN/mnist_VAE_s25_v25_FS/last' (iter 24570, epoch 91.0)
EarlyStopping counter: 18 out of 25
[Save Checkpoint] epoch: [91.0], Train: total:7037.71387, BCE:-31.31053, KLD:7069.02393,Test: total:27919.81641, BCE:-31.74536, KLD:27951.56250
=> saved checkpoint 'checkpoints_CNN/mnist_VAE_s25_v25_FS/last' (iter 24840, epoch 92.0)
=> saved checkpoint 'checkpoint_scores_CNN/mnist_VAE_s25_v25_FS/last' (iter 24840, epoch 92.0)
EarlyStopping counter: 19 out of 25
[Save Checkpoint] epoch: [92.0], Train: total:7037.24268, BCE:-31.29838, KLD:7068.53955,Test: total:27918.21680, BCE:-31.73308, KLD:27949.95117
=> saved checkpoint 'checkpoints_CNN/mnist_VAE_s25_v25_FS/last' (iter 25110, epoch 93.0)
=> saved checkpoint 'checkpoint_scores_CNN/mnist_VAE_s25_v25_FS/last' (iter 25110, epoch 93.0)
[Save Checkpoint] epoch: [93.0], Train: total:7039.24512, BCE:-31.29824, KLD:7070.54199,Test: total:27925.54492, BCE:-31.73678, KLD:27957.27930
=> saved checkpoint 'checkpoints_CNN/mnist_VAE_s25_v25_FS/last' (iter 25380, epoch 94.0)
=> saved checkpoint 'checkpoint_scores_CNN/mnist_VAE_s25_v25_FS/last' (iter 25380, epoch 94.0)
EarlyStopping counter: 1 out of 25
[Save Checkpoint] epoch: [94.0], Train: total:7037.24756, BCE:-31.29932, KLD:7068.54932,Test: total:27917.75586, BCE:-31.74256, KLD:27949.50391
=> saved checkpoint 'checkpoints_CNN/mnist_VAE_s25_v25_FS/last' (iter 25650, epoch 95.0)
=> saved checkpoint 'checkpoint_scores_CNN/mnist_VAE_s25_v25_FS/last' (iter 25650, epoch 95.0)
EarlyStopping counter: 2 out of 25
[Save Checkpoint] epoch: [95.0], Train: total:7038.35693, BCE:-31.29397, KLD:7069.65381,Test: total:27922.08203, BCE:-31.74266, KLD:27953.82617
=> saved checkpoint 'checkpoints_CNN/mnist_VAE_s25_v25_FS/last' (iter 25920, epoch 96.0)
=> saved checkpoint 'checkpoint_scores_CNN/mnist_VAE_s25_v25_FS/last' (iter 25920, epoch 96.0)
EarlyStopping counter: 3 out of 25
[Save Checkpoint] epoch: [96.0], Train: total:7037.62061, BCE:-31.29763, KLD:7068.91455,Test: total:27919.08789, BCE:-31.72710, KLD:27950.81641
=> saved checkpoint 'checkpoints_CNN/mnist_VAE_s25_v25_FS/last' (iter 26190, epoch 97.0)
=> saved checkpoint 'checkpoint_scores_CNN/mnist_VAE_s25_v25_FS/last' (iter 26190, epoch 97.0)
EarlyStopping counter: 4 out of 25
[Save Checkpoint] epoch: [97.0], Train: total:7040.16748, BCE:-31.31209, KLD:7071.47803,Test: total:27929.18750, BCE:-31.75391, KLD:27960.94336
=> saved checkpoint 'checkpoints_CNN/mnist_VAE_s25_v25_FS/last' (iter 26460, epoch 98.0)
=> saved checkpoint 'checkpoint_scores_CNN/mnist_VAE_s25_v25_FS/last' (iter 26460, epoch 98.0)
[Save Checkpoint] epoch: [98.0], Train: total:7038.27979, BCE:-31.30650, KLD:7069.58301,Test: total:27921.66016, BCE:-31.75931, KLD:27953.41992
=> saved checkpoint 'checkpoints_CNN/mnist_VAE_s25_v25_FS/last' (iter 26730, epoch 99.0)
=> saved checkpoint 'checkpoint_scores_CNN/mnist_VAE_s25_v25_FS/last' (iter 26730, epoch 99.0)
EarlyStopping counter: 1 out of 25
[Save Checkpoint] epoch: [99.0], Train: total:7038.32422, BCE:-31.31459, KLD:7069.63672,Test: total:27921.91211, BCE:-31.76434, KLD:27953.67773
=> saved checkpoint 'checkpoints_CNN/mnist_VAE_s25_v25_FS/last' (iter 27000, epoch 100.0)
=> saved checkpoint 'checkpoint_scores_CNN/mnist_VAE_s25_v25_FS/last' (iter 27000, epoch 100.0)
EarlyStopping counter: 2 out of 25
[Save Checkpoint] epoch: [100.0], Train: total:7038.22119, BCE:-31.31141, KLD:7069.53076,Test: total:27921.50391, BCE:-31.74642, KLD:27953.24805
[Training Finished]
All done !
