41
--dataset mnist --model CNN --gpu_devices 0 1 --max_iter 50 --batch_size 250 --ckpt_dir checkpoints_CNN --ckpt_dir_scores checkpoint_scores_CNN --use_scheduler True --GMP True --lr 1e-3 --z_struct_size 32 --add_classification_layer True --classif_layer_size 30 --is_default_model False --is_custom_model False --is_custom_model_BK True --big_kernel_size 8 --two_conv_layer True --three_conv_layer False --BK_in_first_layer True --BK_in_second_layer False --BK_in_third_layer False --stride_size 1 --hidden_filters_layer1 32 --hidden_filters_layer2 32 --hidden_filters_layer3 32 --ratio_reg True --lambda_ratio_reg 1 --lambda_class 1 --other_ratio False --loss_min_distance_cl True --lambda_var_distance 1 --intra_class_variance_loss False --lambda_intra_class_var 1 --contrastive_loss False --lambda_contrastive_loss 1 --alpha 32 --loss Proxy_Anchor --optimizer adamw --mrg 0.1 --IPC False --warm 1 --sz_embedding 32 --dataset_balanced True --loss_distance_mean True --lambda_distance_mean 0.01 --value_target_distance_mean 10 --diff_var False --lambda_var_intra 1 --lambda_var_inter 1 --exp_name mnist_balanced_dataset_encoder_ratio_min_and_mean_1_1_3_1
Namespace(BK_in_first_layer=True, BK_in_second_layer=False, BK_in_third_layer=False, BN=False, C_max=25, C_stop_iter=100000.0, E1_AE=False, E1_VAE=False, E1_conv=False, E1_dense=False, E1_second_conv=False, E1_second_conv_adapt=False, GMP=True, IPC=False, L1_norm_act=False, L1_norm_weights=False, L3_without_random=False, LOG_DIR='logs', adapt_lr=False, add_classification_layer=True, add_linear_after_GMP=True, add_z_struct_bottleneck=False, alpha=32.0, batch_size=250, beta=1, beta1=0.9, beta2=0.999, big_kernel=False, big_kernel_size=[8], binary_chain=False, binary_z=False, ckpt_dir='checkpoints_CNN', ckpt_dir_scores='checkpoint_scores_CNN', classif_layer_size=30, contrastive_loss=False, cuda=True, dataset='mnist', dataset_balanced=True, diff_var=False, display_step=10000, dset_dir='data', exp_name='mnist_balanced_dataset_encoder_ratio_min_and_mean_1_1_3_1', freeze_Encoder=True, gamma=1000, gpu_devices=[0, 1], hidden_filters_layer1=32, hidden_filters_layer2=32, hidden_filters_layer3=32, image_size=64, intra_class_variance_loss=False, is_C=True, is_E1=False, is_binary_structural_latent=False, is_custom_model=False, is_custom_model_BK=True, is_default_model=False, is_noise_stats=False, is_partial_rand_class=False, is_perturbed_score=False, is_zvar_sim_loss=False, just_train=False, kernel_size=4, lambda_Kl_struct=1, lambda_Kl_var=1, lambda_L1=0.01, lambda_VAE=1, lambda_class=1.0, lambda_contrastive_loss=1.0, lambda_distance_mean=0.01, lambda_intra_class_var=1.0, lambda_partial_class=1, lambda_ratio_reg=1.0, lambda_recon_wt_rand=1, lambda_recons=1, lambda_var_distance=1.0, lambda_var_inter=1.0, lambda_var_intra=1.0, lambda_zvar_sim=1, latent_spec_cont=None, latent_spec_cont_class=None, latent_spec_cont_var=None, latent_spec_disc=None, latent_spec_disc_class=None, latent_spec_disc_var=None, log_level='info', loss='Proxy_Anchor', loss_distance_mean=True, loss_min_distance_cl=True, lr=0.001, max_iter=50.0, model='CNN', mrg=0.1, num_workers=2, old_weighted=False, optimizer='adamw', other_ratio=False, random_percentage=0.2, random_seed=10, randomness=True, ratio_reg=True, remark='', save_step=10000, second_layer_C=False, seed=1, stride_size=1, sz_embedding=32, three_conv_layer=False, train=True, two_conv_layer=True, two_encoder=False, use_decoder=False, use_early_stopping=True, use_scheduler=True, value_target_distance_mean=10.0, warm=1, without_acc=False, z_struct_size=32, zeros_W_Classif=False, zvar_sim_change_zvar=False, zvar_sim_loss_for_all_model=False, zvar_sim_loss_only_for_encoder=False, zvar_sim_normal=False, zvar_sim_var_rand=False)
CUDA Visible devices !
[Using Seed: 10]
Balanced dataset loaded
use 1 gpu who named: Tesla V100-SXM2-32GB
=> loaded sample_scores and losses
=> no checkpoint found at 'checkpoints_CNN/mnist_balanced_dataset_encoder_ratio_min_and_mean_1_1_3_1/last'
Custom_CNN_BK(
  (net): Sequential(
    (0): Conv2d(1, 32, kernel_size=(8, 8), stride=(1, 1))
    (1): BatchNorm2d(32, eps=1e-05, momentum=0.1, affine=True, track_running_stats=True)
    (2): ReLU(inplace=True)
    (3): Conv2d(32, 32, kernel_size=(4, 4), stride=(1, 1))
    (4): BatchNorm2d(32, eps=1e-05, momentum=0.1, affine=True, track_running_stats=True)
    (5): ReLU(inplace=True)
    (6): AdaptiveMaxPool2d(output_size=(1, 1))
    (7): View()
    (8): Linear(in_features=32, out_features=32, bias=True)
    (9): BatchNorm1d(32, eps=1e-05, momentum=0.1, affine=True, track_running_stats=True)
    (10): ReLU(inplace=True)
    (11): Dropout(p=0.4, inplace=False)
    (12): Linear(in_features=32, out_features=30, bias=True)
    (13): BatchNorm1d(30, eps=1e-05, momentum=0.1, affine=True, track_running_stats=True)
    (14): ReLU(inplace=True)
    (15): Dropout(p=0.4, inplace=False)
    (16): Linear(in_features=30, out_features=10, bias=True)
    (17): Softmax(dim=None)
  )
)
The number of parameters of model is 21104
=> saved checkpoint 'checkpoints_CNN/mnist_balanced_dataset_encoder_ratio_min_and_mean_1_1_3_1/last' (iter 270, epoch 1.0)
=> saved checkpoint 'checkpoint_scores_CNN/mnist_balanced_dataset_encoder_ratio_min_and_mean_1_1_3_1/last' (iter 270, epoch 1.0)
[Save Checkpoint] epoch: [1.0], Train score:93.92167, Test score:83.32000, train loss:-0.27981, test loss:-0.29314, ratio_train_loss:0.43652,ratio_test_loss:0.42772, var distance inter class train:0.05199,var distance inter class test:0.04901
=> saved checkpoint 'checkpoints_CNN/mnist_balanced_dataset_encoder_ratio_min_and_mean_1_1_3_1/last' (iter 540, epoch 2.0)
=> saved checkpoint 'checkpoint_scores_CNN/mnist_balanced_dataset_encoder_ratio_min_and_mean_1_1_3_1/last' (iter 540, epoch 2.0)
[Save Checkpoint] epoch: [2.0], Train score:107.48500, Test score:96.01000, train loss:-0.59067, test loss:-0.60381, ratio_train_loss:0.31892,ratio_test_loss:0.31102, var distance inter class train:0.03199,var distance inter class test:0.03082
=> saved checkpoint 'checkpoints_CNN/mnist_balanced_dataset_encoder_ratio_min_and_mean_1_1_3_1/last' (iter 810, epoch 3.0)
=> saved checkpoint 'checkpoint_scores_CNN/mnist_balanced_dataset_encoder_ratio_min_and_mean_1_1_3_1/last' (iter 810, epoch 3.0)
[Save Checkpoint] epoch: [3.0], Train score:108.52833, Test score:96.62000, train loss:-0.66276, test loss:-0.67150, ratio_train_loss:0.27379,ratio_test_loss:0.26691, var distance inter class train:0.02476,var distance inter class test:0.02435
=> saved checkpoint 'checkpoints_CNN/mnist_balanced_dataset_encoder_ratio_min_and_mean_1_1_3_1/last' (iter 1080, epoch 4.0)
=> saved checkpoint 'checkpoint_scores_CNN/mnist_balanced_dataset_encoder_ratio_min_and_mean_1_1_3_1/last' (iter 1080, epoch 4.0)
[Save Checkpoint] epoch: [4.0], Train score:108.85833, Test score:96.88000, train loss:-0.69677, test loss:-0.70346, ratio_train_loss:0.24909,ratio_test_loss:0.24287, var distance inter class train:0.02032,var distance inter class test:0.02002
=> saved checkpoint 'checkpoints_CNN/mnist_balanced_dataset_encoder_ratio_min_and_mean_1_1_3_1/last' (iter 1350, epoch 5.0)
=> saved checkpoint 'checkpoint_scores_CNN/mnist_balanced_dataset_encoder_ratio_min_and_mean_1_1_3_1/last' (iter 1350, epoch 5.0)
[Save Checkpoint] epoch: [5.0], Train score:108.82833, Test score:96.85000, train loss:-0.71985, test loss:-0.72575, ratio_train_loss:0.22975,ratio_test_loss:0.22383, var distance inter class train:0.01750,var distance inter class test:0.01739
=> saved checkpoint 'checkpoints_CNN/mnist_balanced_dataset_encoder_ratio_min_and_mean_1_1_3_1/last' (iter 1620, epoch 6.0)
=> saved checkpoint 'checkpoint_scores_CNN/mnist_balanced_dataset_encoder_ratio_min_and_mean_1_1_3_1/last' (iter 1620, epoch 6.0)
[Save Checkpoint] epoch: [6.0], Train score:109.15667, Test score:97.07000, train loss:-0.74430, test loss:-0.75024, ratio_train_loss:0.20951,ratio_test_loss:0.20362, var distance inter class train:0.01635,var distance inter class test:0.01638
=> saved checkpoint 'checkpoints_CNN/mnist_balanced_dataset_encoder_ratio_min_and_mean_1_1_3_1/last' (iter 1890, epoch 7.0)
=> saved checkpoint 'checkpoint_scores_CNN/mnist_balanced_dataset_encoder_ratio_min_and_mean_1_1_3_1/last' (iter 1890, epoch 7.0)
[Save Checkpoint] epoch: [7.0], Train score:109.18667, Test score:97.23000, train loss:-0.75898, test loss:-0.76637, ratio_train_loss:0.19817,ratio_test_loss:0.19126, var distance inter class train:0.01431,var distance inter class test:0.01434
=> saved checkpoint 'checkpoints_CNN/mnist_balanced_dataset_encoder_ratio_min_and_mean_1_1_3_1/last' (iter 2160, epoch 8.0)
=> saved checkpoint 'checkpoint_scores_CNN/mnist_balanced_dataset_encoder_ratio_min_and_mean_1_1_3_1/last' (iter 2160, epoch 8.0)
EarlyStopping counter: 1 out of 10
[Save Checkpoint] epoch: [8.0], Train score:109.50500, Test score:97.50000, train loss:-0.77524, test loss:-0.78238, ratio_train_loss:0.18568,ratio_test_loss:0.17895, var distance inter class train:0.01326,var distance inter class test:0.01336
=> saved checkpoint 'checkpoints_CNN/mnist_balanced_dataset_encoder_ratio_min_and_mean_1_1_3_1/last' (iter 2430, epoch 9.0)
=> saved checkpoint 'checkpoint_scores_CNN/mnist_balanced_dataset_encoder_ratio_min_and_mean_1_1_3_1/last' (iter 2430, epoch 9.0)
[Save Checkpoint] epoch: [9.0], Train score:109.33333, Test score:97.19000, train loss:-0.78375, test loss:-0.78975, ratio_train_loss:0.17681,ratio_test_loss:0.17028, var distance inter class train:0.01243,var distance inter class test:0.01258
=> saved checkpoint 'checkpoints_CNN/mnist_balanced_dataset_encoder_ratio_min_and_mean_1_1_3_1/last' (iter 2700, epoch 10.0)
=> saved checkpoint 'checkpoint_scores_CNN/mnist_balanced_dataset_encoder_ratio_min_and_mean_1_1_3_1/last' (iter 2700, epoch 10.0)
[Save Checkpoint] epoch: [10.0], Train score:109.47500, Test score:97.25000, train loss:-0.79419, test loss:-0.79837, ratio_train_loss:0.16901,ratio_test_loss:0.16300, var distance inter class train:0.01098,var distance inter class test:0.01098
=> saved checkpoint 'checkpoints_CNN/mnist_balanced_dataset_encoder_ratio_min_and_mean_1_1_3_1/last' (iter 2970, epoch 11.0)
=> saved checkpoint 'checkpoint_scores_CNN/mnist_balanced_dataset_encoder_ratio_min_and_mean_1_1_3_1/last' (iter 2970, epoch 11.0)
[Save Checkpoint] epoch: [11.0], Train score:109.59833, Test score:97.44000, train loss:-0.80488, test loss:-0.81061, ratio_train_loss:0.16053,ratio_test_loss:0.15389, var distance inter class train:0.01017,var distance inter class test:0.01015
=> saved checkpoint 'checkpoints_CNN/mnist_balanced_dataset_encoder_ratio_min_and_mean_1_1_3_1/last' (iter 3240, epoch 12.0)
=> saved checkpoint 'checkpoint_scores_CNN/mnist_balanced_dataset_encoder_ratio_min_and_mean_1_1_3_1/last' (iter 3240, epoch 12.0)
EarlyStopping counter: 1 out of 10
[Save Checkpoint] epoch: [12.0], Train score:109.74000, Test score:97.52000, train loss:-0.81057, test loss:-0.81454, ratio_train_loss:0.15691,ratio_test_loss:0.15102, var distance inter class train:0.00929,var distance inter class test:0.00925
=> saved checkpoint 'checkpoints_CNN/mnist_balanced_dataset_encoder_ratio_min_and_mean_1_1_3_1/last' (iter 3510, epoch 13.0)
=> saved checkpoint 'checkpoint_scores_CNN/mnist_balanced_dataset_encoder_ratio_min_and_mean_1_1_3_1/last' (iter 3510, epoch 13.0)
[Save Checkpoint] epoch: [13.0], Train score:109.59167, Test score:97.23000, train loss:-0.81377, test loss:-0.81727, ratio_train_loss:0.15247,ratio_test_loss:0.14668, var distance inter class train:0.00926,var distance inter class test:0.00923
=> saved checkpoint 'checkpoints_CNN/mnist_balanced_dataset_encoder_ratio_min_and_mean_1_1_3_1/last' (iter 3780, epoch 14.0)
=> saved checkpoint 'checkpoint_scores_CNN/mnist_balanced_dataset_encoder_ratio_min_and_mean_1_1_3_1/last' (iter 3780, epoch 14.0)
EarlyStopping counter: 1 out of 10
[Save Checkpoint] epoch: [14.0], Train score:109.67833, Test score:97.33000, train loss:-0.81804, test loss:-0.82126, ratio_train_loss:0.14988,ratio_test_loss:0.14410, var distance inter class train:0.00847,var distance inter class test:0.00849
=> saved checkpoint 'checkpoints_CNN/mnist_balanced_dataset_encoder_ratio_min_and_mean_1_1_3_1/last' (iter 4050, epoch 15.0)
=> saved checkpoint 'checkpoint_scores_CNN/mnist_balanced_dataset_encoder_ratio_min_and_mean_1_1_3_1/last' (iter 4050, epoch 15.0)
EarlyStopping counter: 2 out of 10
[Save Checkpoint] epoch: [15.0], Train score:109.73833, Test score:97.36000, train loss:-0.81856, test loss:-0.82154, ratio_train_loss:0.15005,ratio_test_loss:0.14429, var distance inter class train:0.00840,var distance inter class test:0.00842
=> saved checkpoint 'checkpoints_CNN/mnist_balanced_dataset_encoder_ratio_min_and_mean_1_1_3_1/last' (iter 4320, epoch 16.0)
=> saved checkpoint 'checkpoint_scores_CNN/mnist_balanced_dataset_encoder_ratio_min_and_mean_1_1_3_1/last' (iter 4320, epoch 16.0)
EarlyStopping counter: 3 out of 10
[Save Checkpoint] epoch: [16.0], Train score:109.94000, Test score:97.53000, train loss:-0.82677, test loss:-0.82940, ratio_train_loss:0.14414,ratio_test_loss:0.13875, var distance inter class train:0.00764,var distance inter class test:0.00760
=> saved checkpoint 'checkpoints_CNN/mnist_balanced_dataset_encoder_ratio_min_and_mean_1_1_3_1/last' (iter 4590, epoch 17.0)
=> saved checkpoint 'checkpoint_scores_CNN/mnist_balanced_dataset_encoder_ratio_min_and_mean_1_1_3_1/last' (iter 4590, epoch 17.0)
[Save Checkpoint] epoch: [17.0], Train score:109.82167, Test score:97.47000, train loss:-0.82946, test loss:-0.83251, ratio_train_loss:0.14121,ratio_test_loss:0.13583, var distance inter class train:0.00708,var distance inter class test:0.00701
=> saved checkpoint 'checkpoints_CNN/mnist_balanced_dataset_encoder_ratio_min_and_mean_1_1_3_1/last' (iter 4860, epoch 18.0)
=> saved checkpoint 'checkpoint_scores_CNN/mnist_balanced_dataset_encoder_ratio_min_and_mean_1_1_3_1/last' (iter 4860, epoch 18.0)
[Save Checkpoint] epoch: [18.0], Train score:109.69333, Test score:97.55000, train loss:-0.82882, test loss:-0.83343, ratio_train_loss:0.14091,ratio_test_loss:0.13583, var distance inter class train:0.00718,var distance inter class test:0.00716
=> saved checkpoint 'checkpoints_CNN/mnist_balanced_dataset_encoder_ratio_min_and_mean_1_1_3_1/last' (iter 5130, epoch 19.0)
=> saved checkpoint 'checkpoint_scores_CNN/mnist_balanced_dataset_encoder_ratio_min_and_mean_1_1_3_1/last' (iter 5130, epoch 19.0)
EarlyStopping counter: 1 out of 10
[Save Checkpoint] epoch: [19.0], Train score:109.69167, Test score:97.30000, train loss:-0.82896, test loss:-0.83202, ratio_train_loss:0.14093,ratio_test_loss:0.13512, var distance inter class train:0.00686,var distance inter class test:0.00684
=> saved checkpoint 'checkpoints_CNN/mnist_balanced_dataset_encoder_ratio_min_and_mean_1_1_3_1/last' (iter 5400, epoch 20.0)
=> saved checkpoint 'checkpoint_scores_CNN/mnist_balanced_dataset_encoder_ratio_min_and_mean_1_1_3_1/last' (iter 5400, epoch 20.0)
EarlyStopping counter: 2 out of 10
[Save Checkpoint] epoch: [20.0], Train score:109.89667, Test score:97.46000, train loss:-0.83318, test loss:-0.83621, ratio_train_loss:0.13856,ratio_test_loss:0.13252, var distance inter class train:0.00682,var distance inter class test:0.00683
=> saved checkpoint 'checkpoints_CNN/mnist_balanced_dataset_encoder_ratio_min_and_mean_1_1_3_1/last' (iter 5670, epoch 21.0)
=> saved checkpoint 'checkpoint_scores_CNN/mnist_balanced_dataset_encoder_ratio_min_and_mean_1_1_3_1/last' (iter 5670, epoch 21.0)
EarlyStopping counter: 3 out of 10
[Save Checkpoint] epoch: [21.0], Train score:109.72667, Test score:97.59000, train loss:-0.83502, test loss:-0.83938, ratio_train_loss:0.13600,ratio_test_loss:0.13077, var distance inter class train:0.00637,var distance inter class test:0.00631
=> saved checkpoint 'checkpoints_CNN/mnist_balanced_dataset_encoder_ratio_min_and_mean_1_1_3_1/last' (iter 5940, epoch 22.0)
=> saved checkpoint 'checkpoint_scores_CNN/mnist_balanced_dataset_encoder_ratio_min_and_mean_1_1_3_1/last' (iter 5940, epoch 22.0)
[Save Checkpoint] epoch: [22.0], Train score:109.80000, Test score:97.50000, train loss:-0.83464, test loss:-0.83731, ratio_train_loss:0.13705,ratio_test_loss:0.13230, var distance inter class train:0.00601,var distance inter class test:0.00597
=> saved checkpoint 'checkpoints_CNN/mnist_balanced_dataset_encoder_ratio_min_and_mean_1_1_3_1/last' (iter 6210, epoch 23.0)
=> saved checkpoint 'checkpoint_scores_CNN/mnist_balanced_dataset_encoder_ratio_min_and_mean_1_1_3_1/last' (iter 6210, epoch 23.0)
EarlyStopping counter: 1 out of 10
[Save Checkpoint] epoch: [23.0], Train score:109.91667, Test score:97.53000, train loss:-0.83955, test loss:-0.84215, ratio_train_loss:0.13350,ratio_test_loss:0.12803, var distance inter class train:0.00593,var distance inter class test:0.00586
=> saved checkpoint 'checkpoints_CNN/mnist_balanced_dataset_encoder_ratio_min_and_mean_1_1_3_1/last' (iter 6480, epoch 24.0)
=> saved checkpoint 'checkpoint_scores_CNN/mnist_balanced_dataset_encoder_ratio_min_and_mean_1_1_3_1/last' (iter 6480, epoch 24.0)
EarlyStopping counter: 2 out of 10
[Save Checkpoint] epoch: [24.0], Train score:109.88333, Test score:97.55000, train loss:-0.84042, test loss:-0.84371, ratio_train_loss:0.13273,ratio_test_loss:0.12680, var distance inter class train:0.00553,var distance inter class test:0.00546
=> saved checkpoint 'checkpoints_CNN/mnist_balanced_dataset_encoder_ratio_min_and_mean_1_1_3_1/last' (iter 6750, epoch 25.0)
=> saved checkpoint 'checkpoint_scores_CNN/mnist_balanced_dataset_encoder_ratio_min_and_mean_1_1_3_1/last' (iter 6750, epoch 25.0)
EarlyStopping counter: 3 out of 10
[Save Checkpoint] epoch: [25.0], Train score:109.66500, Test score:97.43000, train loss:-0.83833, test loss:-0.84198, ratio_train_loss:0.13286,ratio_test_loss:0.12734, var distance inter class train:0.00563,var distance inter class test:0.00560
=> saved checkpoint 'checkpoints_CNN/mnist_balanced_dataset_encoder_ratio_min_and_mean_1_1_3_1/last' (iter 7020, epoch 26.0)
=> saved checkpoint 'checkpoint_scores_CNN/mnist_balanced_dataset_encoder_ratio_min_and_mean_1_1_3_1/last' (iter 7020, epoch 26.0)
EarlyStopping counter: 4 out of 10
[Save Checkpoint] epoch: [26.0], Train score:110.00833, Test score:97.57000, train loss:-0.84462, test loss:-0.84587, ratio_train_loss:0.12995,ratio_test_loss:0.12520, var distance inter class train:0.00526,var distance inter class test:0.00530
=> saved checkpoint 'checkpoints_CNN/mnist_balanced_dataset_encoder_ratio_min_and_mean_1_1_3_1/last' (iter 7290, epoch 27.0)
=> saved checkpoint 'checkpoint_scores_CNN/mnist_balanced_dataset_encoder_ratio_min_and_mean_1_1_3_1/last' (iter 7290, epoch 27.0)
EarlyStopping counter: 5 out of 10
[Save Checkpoint] epoch: [27.0], Train score:109.74667, Test score:97.42000, train loss:-0.84174, test loss:-0.84457, ratio_train_loss:0.13013,ratio_test_loss:0.12486, var distance inter class train:0.00563,var distance inter class test:0.00561
=> saved checkpoint 'checkpoints_CNN/mnist_balanced_dataset_encoder_ratio_min_and_mean_1_1_3_1/last' (iter 7560, epoch 28.0)
=> saved checkpoint 'checkpoint_scores_CNN/mnist_balanced_dataset_encoder_ratio_min_and_mean_1_1_3_1/last' (iter 7560, epoch 28.0)
EarlyStopping counter: 6 out of 10
[Save Checkpoint] epoch: [28.0], Train score:110.09667, Test score:97.74000, train loss:-0.84743, test loss:-0.85047, ratio_train_loss:0.12776,ratio_test_loss:0.12214, var distance inter class train:0.00531,var distance inter class test:0.00529
=> saved checkpoint 'checkpoints_CNN/mnist_balanced_dataset_encoder_ratio_min_and_mean_1_1_3_1/last' (iter 7830, epoch 29.0)
=> saved checkpoint 'checkpoint_scores_CNN/mnist_balanced_dataset_encoder_ratio_min_and_mean_1_1_3_1/last' (iter 7830, epoch 29.0)
EarlyStopping counter: 7 out of 10
[Save Checkpoint] epoch: [29.0], Train score:110.20167, Test score:97.85000, train loss:-0.85169, test loss:-0.85486, ratio_train_loss:0.12509,ratio_test_loss:0.11936, var distance inter class train:0.00480,var distance inter class test:0.00474
=> saved checkpoint 'checkpoints_CNN/mnist_balanced_dataset_encoder_ratio_min_and_mean_1_1_3_1/last' (iter 8100, epoch 30.0)
=> saved checkpoint 'checkpoint_scores_CNN/mnist_balanced_dataset_encoder_ratio_min_and_mean_1_1_3_1/last' (iter 8100, epoch 30.0)
EarlyStopping counter: 8 out of 10
[Save Checkpoint] epoch: [30.0], Train score:110.03500, Test score:97.73000, train loss:-0.84930, test loss:-0.85254, ratio_train_loss:0.12562,ratio_test_loss:0.11990, var distance inter class train:0.00529,var distance inter class test:0.00530
=> saved checkpoint 'checkpoints_CNN/mnist_balanced_dataset_encoder_ratio_min_and_mean_1_1_3_1/last' (iter 8370, epoch 31.0)
=> saved checkpoint 'checkpoint_scores_CNN/mnist_balanced_dataset_encoder_ratio_min_and_mean_1_1_3_1/last' (iter 8370, epoch 31.0)
[Save Checkpoint] epoch: [31.0], Train score:109.98667, Test score:97.53000, train loss:-0.85024, test loss:-0.85218, ratio_train_loss:0.12467,ratio_test_loss:0.11962, var distance inter class train:0.00464,var distance inter class test:0.00463
=> saved checkpoint 'checkpoints_CNN/mnist_balanced_dataset_encoder_ratio_min_and_mean_1_1_3_1/last' (iter 8640, epoch 32.0)
=> saved checkpoint 'checkpoint_scores_CNN/mnist_balanced_dataset_encoder_ratio_min_and_mean_1_1_3_1/last' (iter 8640, epoch 32.0)
[Save Checkpoint] epoch: [32.0], Train score:109.87000, Test score:97.66000, train loss:-0.84697, test loss:-0.85095, ratio_train_loss:0.12638,ratio_test_loss:0.12071, var distance inter class train:0.00525,var distance inter class test:0.00523
=> saved checkpoint 'checkpoints_CNN/mnist_balanced_dataset_encoder_ratio_min_and_mean_1_1_3_1/last' (iter 8910, epoch 33.0)
=> saved checkpoint 'checkpoint_scores_CNN/mnist_balanced_dataset_encoder_ratio_min_and_mean_1_1_3_1/last' (iter 8910, epoch 33.0)
EarlyStopping counter: 1 out of 10
[Save Checkpoint] epoch: [33.0], Train score:109.99167, Test score:97.63000, train loss:-0.84967, test loss:-0.85181, ratio_train_loss:0.12497,ratio_test_loss:0.12003, var distance inter class train:0.00488,var distance inter class test:0.00486
=> saved checkpoint 'checkpoints_CNN/mnist_balanced_dataset_encoder_ratio_min_and_mean_1_1_3_1/last' (iter 9180, epoch 34.0)
=> saved checkpoint 'checkpoint_scores_CNN/mnist_balanced_dataset_encoder_ratio_min_and_mean_1_1_3_1/last' (iter 9180, epoch 34.0)
EarlyStopping counter: 2 out of 10
[Save Checkpoint] epoch: [34.0], Train score:109.93500, Test score:97.65000, train loss:-0.84935, test loss:-0.85212, ratio_train_loss:0.12502,ratio_test_loss:0.12020, var distance inter class train:0.00479,var distance inter class test:0.00477
=> saved checkpoint 'checkpoints_CNN/mnist_balanced_dataset_encoder_ratio_min_and_mean_1_1_3_1/last' (iter 9450, epoch 35.0)
=> saved checkpoint 'checkpoint_scores_CNN/mnist_balanced_dataset_encoder_ratio_min_and_mean_1_1_3_1/last' (iter 9450, epoch 35.0)
EarlyStopping counter: 3 out of 10
[Save Checkpoint] epoch: [35.0], Train score:110.14333, Test score:97.81000, train loss:-0.85509, test loss:-0.85825, ratio_train_loss:0.12154,ratio_test_loss:0.11637, var distance inter class train:0.00450,var distance inter class test:0.00451
=> saved checkpoint 'checkpoints_CNN/mnist_balanced_dataset_encoder_ratio_min_and_mean_1_1_3_1/last' (iter 9720, epoch 36.0)
=> saved checkpoint 'checkpoint_scores_CNN/mnist_balanced_dataset_encoder_ratio_min_and_mean_1_1_3_1/last' (iter 9720, epoch 36.0)
EarlyStopping counter: 4 out of 10
[Save Checkpoint] epoch: [36.0], Train score:109.98833, Test score:97.63000, train loss:-0.85286, test loss:-0.85581, ratio_train_loss:0.12267,ratio_test_loss:0.11681, var distance inter class train:0.00414,var distance inter class test:0.00411
=> saved checkpoint 'checkpoints_CNN/mnist_balanced_dataset_encoder_ratio_min_and_mean_1_1_3_1/last' (iter 9990, epoch 37.0)
=> saved checkpoint 'checkpoint_scores_CNN/mnist_balanced_dataset_encoder_ratio_min_and_mean_1_1_3_1/last' (iter 9990, epoch 37.0)
[Save Checkpoint] epoch: [37.0], Train score:110.07500, Test score:97.69000, train loss:-0.85385, test loss:-0.85658, ratio_train_loss:0.12195,ratio_test_loss:0.11653, var distance inter class train:0.00465,var distance inter class test:0.00461
=> saved checkpoint 'checkpoints_CNN/mnist_balanced_dataset_encoder_ratio_min_and_mean_1_1_3_1/last' (iter 10260, epoch 38.0)
=> saved checkpoint 'checkpoint_scores_CNN/mnist_balanced_dataset_encoder_ratio_min_and_mean_1_1_3_1/last' (iter 10260, epoch 38.0)
EarlyStopping counter: 1 out of 10
[Save Checkpoint] epoch: [38.0], Train score:110.14167, Test score:97.71000, train loss:-0.85499, test loss:-0.85788, ratio_train_loss:0.12113,ratio_test_loss:0.11566, var distance inter class train:0.00469,var distance inter class test:0.00465
=> saved checkpoint 'checkpoints_CNN/mnist_balanced_dataset_encoder_ratio_min_and_mean_1_1_3_1/last' (iter 10530, epoch 39.0)
=> saved checkpoint 'checkpoint_scores_CNN/mnist_balanced_dataset_encoder_ratio_min_and_mean_1_1_3_1/last' (iter 10530, epoch 39.0)
EarlyStopping counter: 2 out of 10
[Save Checkpoint] epoch: [39.0], Train score:110.30833, Test score:97.70000, train loss:-0.85722, test loss:-0.85780, ratio_train_loss:0.12062,ratio_test_loss:0.11564, var distance inter class train:0.00447,var distance inter class test:0.00443
=> saved checkpoint 'checkpoints_CNN/mnist_balanced_dataset_encoder_ratio_min_and_mean_1_1_3_1/last' (iter 10800, epoch 40.0)
=> saved checkpoint 'checkpoint_scores_CNN/mnist_balanced_dataset_encoder_ratio_min_and_mean_1_1_3_1/last' (iter 10800, epoch 40.0)
EarlyStopping counter: 3 out of 10
[Save Checkpoint] epoch: [40.0], Train score:109.77000, Test score:97.45000, train loss:-0.85176, test loss:-0.85536, ratio_train_loss:0.12120,ratio_test_loss:0.11539, var distance inter class train:0.00477,var distance inter class test:0.00470
=> saved checkpoint 'checkpoints_CNN/mnist_balanced_dataset_encoder_ratio_min_and_mean_1_1_3_1/last' (iter 11070, epoch 41.0)
=> saved checkpoint 'checkpoint_scores_CNN/mnist_balanced_dataset_encoder_ratio_min_and_mean_1_1_3_1/last' (iter 11070, epoch 41.0)
EarlyStopping counter: 4 out of 10
[Save Checkpoint] epoch: [41.0], Train score:110.36667, Test score:97.83000, train loss:-0.86047, test loss:-0.86117, ratio_train_loss:0.11823,ratio_test_loss:0.11388, var distance inter class train:0.00434,var distance inter class test:0.00429
=> saved checkpoint 'checkpoints_CNN/mnist_balanced_dataset_encoder_ratio_min_and_mean_1_1_3_1/last' (iter 11340, epoch 42.0)
=> saved checkpoint 'checkpoint_scores_CNN/mnist_balanced_dataset_encoder_ratio_min_and_mean_1_1_3_1/last' (iter 11340, epoch 42.0)
[Save Checkpoint] epoch: [42.0], Train score:110.28833, Test score:97.99000, train loss:-0.85610, test loss:-0.85930, ratio_train_loss:0.12189,ratio_test_loss:0.11667, var distance inter class train:0.00449,var distance inter class test:0.00444
=> saved checkpoint 'checkpoints_CNN/mnist_balanced_dataset_encoder_ratio_min_and_mean_1_1_3_1/last' (iter 11610, epoch 43.0)
=> saved checkpoint 'checkpoint_scores_CNN/mnist_balanced_dataset_encoder_ratio_min_and_mean_1_1_3_1/last' (iter 11610, epoch 43.0)
EarlyStopping counter: 1 out of 10
[Save Checkpoint] epoch: [43.0], Train score:110.17667, Test score:97.66000, train loss:-0.85503, test loss:-0.85668, ratio_train_loss:0.12193,ratio_test_loss:0.11671, var distance inter class train:0.00431,var distance inter class test:0.00427
=> saved checkpoint 'checkpoints_CNN/mnist_balanced_dataset_encoder_ratio_min_and_mean_1_1_3_1/last' (iter 11880, epoch 44.0)
=> saved checkpoint 'checkpoint_scores_CNN/mnist_balanced_dataset_encoder_ratio_min_and_mean_1_1_3_1/last' (iter 11880, epoch 44.0)
EarlyStopping counter: 2 out of 10
[Save Checkpoint] epoch: [44.0], Train score:110.38333, Test score:97.81000, train loss:-0.86301, test loss:-0.86386, ratio_train_loss:0.11586,ratio_test_loss:0.11114, var distance inter class train:0.00414,var distance inter class test:0.00407
=> saved checkpoint 'checkpoints_CNN/mnist_balanced_dataset_encoder_ratio_min_and_mean_1_1_3_1/last' (iter 12150, epoch 45.0)
=> saved checkpoint 'checkpoint_scores_CNN/mnist_balanced_dataset_encoder_ratio_min_and_mean_1_1_3_1/last' (iter 12150, epoch 45.0)
EarlyStopping counter: 3 out of 10
[Save Checkpoint] epoch: [45.0], Train score:110.41167, Test score:97.94000, train loss:-0.86455, test loss:-0.86657, ratio_train_loss:0.11513,ratio_test_loss:0.10992, var distance inter class train:0.00384,var distance inter class test:0.00379
=> saved checkpoint 'checkpoints_CNN/mnist_balanced_dataset_encoder_ratio_min_and_mean_1_1_3_1/last' (iter 12420, epoch 46.0)
=> saved checkpoint 'checkpoint_scores_CNN/mnist_balanced_dataset_encoder_ratio_min_and_mean_1_1_3_1/last' (iter 12420, epoch 46.0)
[Save Checkpoint] epoch: [46.0], Train score:109.87167, Test score:97.57000, train loss:-0.85731, test loss:-0.86033, ratio_train_loss:0.11740,ratio_test_loss:0.11233, var distance inter class train:0.00399,var distance inter class test:0.00398
=> saved checkpoint 'checkpoints_CNN/mnist_balanced_dataset_encoder_ratio_min_and_mean_1_1_3_1/last' (iter 12690, epoch 47.0)
=> saved checkpoint 'checkpoint_scores_CNN/mnist_balanced_dataset_encoder_ratio_min_and_mean_1_1_3_1/last' (iter 12690, epoch 47.0)
EarlyStopping counter: 1 out of 10
[Save Checkpoint] epoch: [47.0], Train score:110.24167, Test score:97.64000, train loss:-0.85892, test loss:-0.85963, ratio_train_loss:0.11880,ratio_test_loss:0.11358, var distance inter class train:0.00415,var distance inter class test:0.00413
=> saved checkpoint 'checkpoints_CNN/mnist_balanced_dataset_encoder_ratio_min_and_mean_1_1_3_1/last' (iter 12960, epoch 48.0)
=> saved checkpoint 'checkpoint_scores_CNN/mnist_balanced_dataset_encoder_ratio_min_and_mean_1_1_3_1/last' (iter 12960, epoch 48.0)
EarlyStopping counter: 2 out of 10
[Save Checkpoint] epoch: [48.0], Train score:110.46000, Test score:97.94000, train loss:-0.86366, test loss:-0.86449, ratio_train_loss:0.11604,ratio_test_loss:0.11162, var distance inter class train:0.00414,var distance inter class test:0.00413
