5
--gpu_devices 0 --max_iter 100 --batch_size 32 --lr 1e-4 --use_scheduler False --is_default_model False --is_custom_model_BK True --use_VAE True --z_var_size 15 --lambda_BCE 1 --beta 3 --var_hidden_filters_1 64 --var_hidden_filters_2 64 --var_hidden_filters_3 64 --var_kernel_size_1 5 --var_kernel_size_2 5 --var_kernel_size_3 5 --var_stride_size_1 1 --var_stride_size_2 1 --var_stride_size_3 1 --var_hidden_dim 256 --var_three_conv_layer True --exp_name mnist_balanced_dataset_encoder_ratio_min_and_mean_1_2_1_1_VAE_3c_64_15_1
Namespace(BK_in_first_layer=True, BK_in_second_layer=False, BK_in_third_layer=False, BN=False, C_max=25, C_stop_iter=100000.0, E1_AE=False, E1_VAE=False, E1_conv=False, E1_dense=False, E1_second_conv=False, E1_second_conv_adapt=False, GMP=True, IPC=False, L1_norm_act=False, L1_norm_weights=False, L3_without_random=False, LOG_DIR='logs', adapt_lr=False, add_classification_layer=True, add_linear_after_GMP=True, add_z_struct_bottleneck=False, alpha=32, batch_size=32, beta=3.0, beta1=0.9, beta2=0.999, big_kernel=False, big_kernel_size=8, binary_chain=False, binary_z=False, ckpt_dir='checkpoints_CNN', ckpt_dir_scores='checkpoint_scores_CNN', classif_layer_size=30, contrastive_loss=False, cuda=True, dataset='mnist', dataset_balanced=False, decoder_first_dense=36, decoder_kernel_size_1=4, decoder_kernel_size_2=3, decoder_kernel_size_3=4, decoder_n_filter_1=64, decoder_n_filter_2=64, decoder_n_filter_3=64, decoder_stride_1=2, decoder_stride_2=2, decoder_stride_3=1, diff_var=False, display_step=10000, dset_dir='data', exp_name='mnist_balanced_dataset_encoder_ratio_min_and_mean_1_2_1_1_VAE_3c_64_15_1', freeze_Encoder=True, gamma=1000, gpu_devices=[0], hidden_filters_layer1=32, hidden_filters_layer2=32, hidden_filters_layer3=32, image_size=64, intra_class_variance_loss=False, is_C=True, is_E1=False, is_binary_structural_latent=False, is_custom_model=False, is_custom_model_BK=True, is_default_model=False, is_noise_stats=False, is_partial_rand_class=False, is_perturbed_score=False, is_zvar_sim_loss=False, just_train=False, kernel_size=4, lambda_BCE=1.0, lambda_Kl_struct=1, lambda_Kl_var=1, lambda_L1=0.01, lambda_VAE=1, lambda_class=1, lambda_contrastive_loss=1, lambda_distance_mean=1, lambda_intra_class_var=1, lambda_partial_class=1, lambda_ratio_reg=1, lambda_recon_wt_rand=1, lambda_recons=1, lambda_var_distance=1, lambda_var_inter=1, lambda_var_intra=1, lambda_zvar_sim=1, latent_spec_cont=None, latent_spec_cont_class=None, latent_spec_cont_var=None, latent_spec_disc=None, latent_spec_disc_class=None, latent_spec_disc_var=None, log_level='info', loss='Proxy_Anchor', loss_distance_mean=False, loss_min_distance_cl=False, lr=0.0001, max_iter=100.0, model='CNN', mrg=0.1, num_workers=2, old_weighted=False, optimizer='adamw', other_architecture=False, other_ratio=False, random_percentage=0.2, random_seed=10, randomness=True, ratio_reg=False, remark='', save_step=10000, second_layer_C=False, seed=1, stride_size=1, sz_embedding=5, three_conv_layer=False, train=True, two_conv_layer=True, two_encoder=False, use_VAE=True, use_decoder=False, use_early_stopping=True, use_scheduler=False, value_target_distance_mean=1, var_hidden_dim=256, var_hidden_filters_1=64, var_hidden_filters_2=64, var_hidden_filters_3=64, var_kernel_size_1=5, var_kernel_size_2=5, var_kernel_size_3=5, var_stride_size_1=1, var_stride_size_2=1, var_stride_size_3=1, var_three_conv_layer=True, warm=1, without_acc=False, z_struct_size=32, z_var_size=15, zeros_W_Classif=False, zvar_sim_change_zvar=False, zvar_sim_loss_for_all_model=False, zvar_sim_loss_only_for_encoder=False, zvar_sim_normal=False, zvar_sim_var_rand=False)
CUDA Visible devices !
[Using Seed: 10]
Load Encoder struct weights for VAE
use 1 gpu who named: Tesla V100-SXM2-32GB
=> loaded sample_scores and losses
=> loaded checkpoint 'checkpoints_CNN/mnist_balanced_dataset_encoder_ratio_min_and_mean_1_2_1_1/last (iter 13500)'
VAE var doesn't exist load struct encoder weighs !
use 1 gpu who named: Tesla V100-SXM2-32GB
Weighs loaded for encoder_struct !
VAE(
  (encoder_struct): Sequential(
    (0): Conv2d(1, 32, kernel_size=(8, 8), stride=(1, 1))
    (1): BatchNorm2d(32, eps=1e-05, momentum=0.1, affine=True, track_running_stats=True)
    (2): ReLU(inplace=True)
    (3): Conv2d(32, 32, kernel_size=(4, 4), stride=(1, 1))
    (4): BatchNorm2d(32, eps=1e-05, momentum=0.1, affine=True, track_running_stats=True)
    (5): ReLU(inplace=True)
    (6): AdaptiveMaxPool2d(output_size=(1, 1))
    (7): View()
    (8): Sigmoid()
  )
  (encoder_var): Sequential(
    (0): Conv2d(1, 64, kernel_size=(5, 5), stride=(1, 1))
    (1): BatchNorm2d(64, eps=1e-05, momentum=0.1, affine=True, track_running_stats=True)
    (2): ReLU(inplace=True)
    (3): Conv2d(64, 64, kernel_size=(5, 5), stride=(1, 1))
    (4): BatchNorm2d(64, eps=1e-05, momentum=0.1, affine=True, track_running_stats=True)
    (5): ReLU(inplace=True)
    (6): Conv2d(64, 64, kernel_size=(5, 5), stride=(1, 1))
    (7): BatchNorm2d(64, eps=1e-05, momentum=0.1, affine=True, track_running_stats=True)
    (8): ReLU(inplace=True)
    (9): View()
    (10): Linear(in_features=25600, out_features=256, bias=True)
    (11): BatchNorm1d(256, eps=1e-05, momentum=0.1, affine=True, track_running_stats=True)
    (12): ReLU(inplace=True)
    (13): Dropout(p=0.4, inplace=False)
    (14): Linear(in_features=256, out_features=30, bias=True)
  )
  (decoder): Sequential(
    (0): Linear(in_features=47, out_features=256, bias=True)
    (1): ReLU(inplace=True)
    (2): Linear(in_features=256, out_features=25600, bias=True)
    (3): ReLU(inplace=True)
    (4): View()
    (5): ConvTranspose2d(64, 64, kernel_size=(5, 5), stride=(1, 1))
    (6): ReLU(inplace=True)
    (7): ConvTranspose2d(64, 64, kernel_size=(5, 5), stride=(1, 1))
    (8): ReLU(inplace=True)
    (9): ConvTranspose2d(64, 1, kernel_size=(5, 5), stride=(1, 1))
    (10): Sigmoid()
  )
)
The number of parameters of model is 13585695
=> saved checkpoint 'checkpoints_CNN/mnist_balanced_dataset_encoder_ratio_min_and_mean_1_2_1_1_VAE_3c_64_15_1/last' (iter 1875, epoch 1.0)
=> saved checkpoint 'checkpoint_scores_CNN/mnist_balanced_dataset_encoder_ratio_min_and_mean_1_2_1_1_VAE_3c_64_15_1/last' (iter 1875, epoch 1.0)
[Save Checkpoint] epoch: [1.0], Train: total:-10.65820, BCE:-20.82470, KLD:3.38883,Test: total:299.87112, BCE:-21.03399, KLD:106.96838
=> saved checkpoint 'checkpoints_CNN/mnist_balanced_dataset_encoder_ratio_min_and_mean_1_2_1_1_VAE_3c_64_15_1/last' (iter 3750, epoch 2.0)
=> saved checkpoint 'checkpoint_scores_CNN/mnist_balanced_dataset_encoder_ratio_min_and_mean_1_2_1_1_VAE_3c_64_15_1/last' (iter 3750, epoch 2.0)
[Save Checkpoint] epoch: [2.0], Train: total:-20.96788, BCE:-23.02516, KLD:0.68576,Test: total:44.77007, BCE:-23.47956, KLD:22.74988
=> saved checkpoint 'checkpoints_CNN/mnist_balanced_dataset_encoder_ratio_min_and_mean_1_2_1_1_VAE_3c_64_15_1/last' (iter 5625, epoch 3.0)
=> saved checkpoint 'checkpoint_scores_CNN/mnist_balanced_dataset_encoder_ratio_min_and_mean_1_2_1_1_VAE_3c_64_15_1/last' (iter 5625, epoch 3.0)
[Save Checkpoint] epoch: [3.0], Train: total:-22.91024, BCE:-23.40124, KLD:0.16365,Test: total:-7.93727, BCE:-23.88424, KLD:5.31566
=> saved checkpoint 'checkpoints_CNN/mnist_balanced_dataset_encoder_ratio_min_and_mean_1_2_1_1_VAE_3c_64_15_1/last' (iter 7500, epoch 4.0)
=> saved checkpoint 'checkpoint_scores_CNN/mnist_balanced_dataset_encoder_ratio_min_and_mean_1_2_1_1_VAE_3c_64_15_1/last' (iter 7500, epoch 4.0)
[Save Checkpoint] epoch: [4.0], Train: total:-24.13888, BCE:-24.30963, KLD:0.05692,Test: total:-19.34241, BCE:-24.80129, KLD:1.81963
=> saved checkpoint 'checkpoints_CNN/mnist_balanced_dataset_encoder_ratio_min_and_mean_1_2_1_1_VAE_3c_64_15_1/last' (iter 9375, epoch 5.0)
=> saved checkpoint 'checkpoint_scores_CNN/mnist_balanced_dataset_encoder_ratio_min_and_mean_1_2_1_1_VAE_3c_64_15_1/last' (iter 9375, epoch 5.0)
[Save Checkpoint] epoch: [5.0], Train: total:-24.96335, BCE:-24.98330, KLD:0.00665,Test: total:-24.82134, BCE:-25.45160, KLD:0.21009
=> saved checkpoint 'checkpoints_CNN/mnist_balanced_dataset_encoder_ratio_min_and_mean_1_2_1_1_VAE_3c_64_15_1/last' (iter 11250, epoch 6.0)
=> saved checkpoint 'checkpoint_scores_CNN/mnist_balanced_dataset_encoder_ratio_min_and_mean_1_2_1_1_VAE_3c_64_15_1/last' (iter 11250, epoch 6.0)
[Save Checkpoint] epoch: [6.0], Train: total:-25.96958, BCE:-25.97507, KLD:0.00183,Test: total:-26.30528, BCE:-26.47930, KLD:0.05801
=> saved checkpoint 'checkpoints_CNN/mnist_balanced_dataset_encoder_ratio_min_and_mean_1_2_1_1_VAE_3c_64_15_1/last' (iter 13125, epoch 7.0)
=> saved checkpoint 'checkpoint_scores_CNN/mnist_balanced_dataset_encoder_ratio_min_and_mean_1_2_1_1_VAE_3c_64_15_1/last' (iter 13125, epoch 7.0)
EarlyStopping counter: 1 out of 15
[Save Checkpoint] epoch: [7.0], Train: total:-26.39823, BCE:-26.39893, KLD:0.00023,Test: total:-26.84489, BCE:-26.86687, KLD:0.00733
=> saved checkpoint 'checkpoints_CNN/mnist_balanced_dataset_encoder_ratio_min_and_mean_1_2_1_1_VAE_3c_64_15_1/last' (iter 15000, epoch 8.0)
=> saved checkpoint 'checkpoint_scores_CNN/mnist_balanced_dataset_encoder_ratio_min_and_mean_1_2_1_1_VAE_3c_64_15_1/last' (iter 15000, epoch 8.0)
[Save Checkpoint] epoch: [8.0], Train: total:-26.71726, BCE:-26.71730, KLD:0.00002,Test: total:-27.22091, BCE:-27.22257, KLD:0.00056
=> saved checkpoint 'checkpoints_CNN/mnist_balanced_dataset_encoder_ratio_min_and_mean_1_2_1_1_VAE_3c_64_15_1/last' (iter 16875, epoch 9.0)
=> saved checkpoint 'checkpoint_scores_CNN/mnist_balanced_dataset_encoder_ratio_min_and_mean_1_2_1_1_VAE_3c_64_15_1/last' (iter 16875, epoch 9.0)
EarlyStopping counter: 1 out of 15
[Save Checkpoint] epoch: [9.0], Train: total:-26.94234, BCE:-26.94270, KLD:0.00012,Test: total:-27.43723, BCE:-27.44800, KLD:0.00359
=> saved checkpoint 'checkpoints_CNN/mnist_balanced_dataset_encoder_ratio_min_and_mean_1_2_1_1_VAE_3c_64_15_1/last' (iter 18750, epoch 10.0)
=> saved checkpoint 'checkpoint_scores_CNN/mnist_balanced_dataset_encoder_ratio_min_and_mean_1_2_1_1_VAE_3c_64_15_1/last' (iter 18750, epoch 10.0)
EarlyStopping counter: 2 out of 15
[Save Checkpoint] epoch: [10.0], Train: total:-27.53515, BCE:-27.53516, KLD:0.00000,Test: total:-28.03838, BCE:-28.03872, KLD:0.00012
=> saved checkpoint 'checkpoints_CNN/mnist_balanced_dataset_encoder_ratio_min_and_mean_1_2_1_1_VAE_3c_64_15_1/last' (iter 20625, epoch 11.0)
=> saved checkpoint 'checkpoint_scores_CNN/mnist_balanced_dataset_encoder_ratio_min_and_mean_1_2_1_1_VAE_3c_64_15_1/last' (iter 20625, epoch 11.0)
EarlyStopping counter: 3 out of 15
[Save Checkpoint] epoch: [11.0], Train: total:-27.64171, BCE:-27.64173, KLD:0.00001,Test: total:-28.15702, BCE:-28.15768, KLD:0.00022
=> saved checkpoint 'checkpoints_CNN/mnist_balanced_dataset_encoder_ratio_min_and_mean_1_2_1_1_VAE_3c_64_15_1/last' (iter 22500, epoch 12.0)
=> saved checkpoint 'checkpoint_scores_CNN/mnist_balanced_dataset_encoder_ratio_min_and_mean_1_2_1_1_VAE_3c_64_15_1/last' (iter 22500, epoch 12.0)
[Save Checkpoint] epoch: [12.0], Train: total:-27.92736, BCE:-27.92739, KLD:0.00001,Test: total:-28.45288, BCE:-28.45356, KLD:0.00022
=> saved checkpoint 'checkpoints_CNN/mnist_balanced_dataset_encoder_ratio_min_and_mean_1_2_1_1_VAE_3c_64_15_1/last' (iter 24375, epoch 13.0)
=> saved checkpoint 'checkpoint_scores_CNN/mnist_balanced_dataset_encoder_ratio_min_and_mean_1_2_1_1_VAE_3c_64_15_1/last' (iter 24375, epoch 13.0)
EarlyStopping counter: 1 out of 15
[Save Checkpoint] epoch: [13.0], Train: total:-27.88923, BCE:-27.88975, KLD:0.00016,Test: total:-28.42242, BCE:-28.43816, KLD:0.00525
=> saved checkpoint 'checkpoints_CNN/mnist_balanced_dataset_encoder_ratio_min_and_mean_1_2_1_1_VAE_3c_64_15_1/last' (iter 26250, epoch 14.0)
=> saved checkpoint 'checkpoint_scores_CNN/mnist_balanced_dataset_encoder_ratio_min_and_mean_1_2_1_1_VAE_3c_64_15_1/last' (iter 26250, epoch 14.0)
[Save Checkpoint] epoch: [14.0], Train: total:-28.17100, BCE:-28.17102, KLD:0.00000,Test: total:-28.69482, BCE:-28.69518, KLD:0.00012
=> saved checkpoint 'checkpoints_CNN/mnist_balanced_dataset_encoder_ratio_min_and_mean_1_2_1_1_VAE_3c_64_15_1/last' (iter 28125, epoch 15.0)
=> saved checkpoint 'checkpoint_scores_CNN/mnist_balanced_dataset_encoder_ratio_min_and_mean_1_2_1_1_VAE_3c_64_15_1/last' (iter 28125, epoch 15.0)
EarlyStopping counter: 1 out of 15
[Save Checkpoint] epoch: [15.0], Train: total:-27.94215, BCE:-27.94221, KLD:0.00002,Test: total:-28.40916, BCE:-28.41082, KLD:0.00055
=> saved checkpoint 'checkpoints_CNN/mnist_balanced_dataset_encoder_ratio_min_and_mean_1_2_1_1_VAE_3c_64_15_1/last' (iter 30000, epoch 16.0)
=> saved checkpoint 'checkpoint_scores_CNN/mnist_balanced_dataset_encoder_ratio_min_and_mean_1_2_1_1_VAE_3c_64_15_1/last' (iter 30000, epoch 16.0)
EarlyStopping counter: 2 out of 15
[Save Checkpoint] epoch: [16.0], Train: total:-28.01314, BCE:-28.01314, KLD:0.00000,Test: total:-28.51991, BCE:-28.51991, KLD:0.00000
=> saved checkpoint 'checkpoints_CNN/mnist_balanced_dataset_encoder_ratio_min_and_mean_1_2_1_1_VAE_3c_64_15_1/last' (iter 31875, epoch 17.0)
=> saved checkpoint 'checkpoint_scores_CNN/mnist_balanced_dataset_encoder_ratio_min_and_mean_1_2_1_1_VAE_3c_64_15_1/last' (iter 31875, epoch 17.0)
[Save Checkpoint] epoch: [17.0], Train: total:-28.15624, BCE:-28.15626, KLD:0.00001,Test: total:-28.71897, BCE:-28.71959, KLD:0.00021
=> saved checkpoint 'checkpoints_CNN/mnist_balanced_dataset_encoder_ratio_min_and_mean_1_2_1_1_VAE_3c_64_15_1/last' (iter 33750, epoch 18.0)
=> saved checkpoint 'checkpoint_scores_CNN/mnist_balanced_dataset_encoder_ratio_min_and_mean_1_2_1_1_VAE_3c_64_15_1/last' (iter 33750, epoch 18.0)
EarlyStopping counter: 1 out of 15
[Save Checkpoint] epoch: [18.0], Train: total:-27.85454, BCE:-27.85457, KLD:0.00001,Test: total:-28.35110, BCE:-28.35198, KLD:0.00029
=> saved checkpoint 'checkpoints_CNN/mnist_balanced_dataset_encoder_ratio_min_and_mean_1_2_1_1_VAE_3c_64_15_1/last' (iter 35625, epoch 19.0)
=> saved checkpoint 'checkpoint_scores_CNN/mnist_balanced_dataset_encoder_ratio_min_and_mean_1_2_1_1_VAE_3c_64_15_1/last' (iter 35625, epoch 19.0)
EarlyStopping counter: 2 out of 15
[Save Checkpoint] epoch: [19.0], Train: total:-28.04229, BCE:-28.04230, KLD:0.00000,Test: total:-28.56409, BCE:-28.56427, KLD:0.00006
=> saved checkpoint 'checkpoints_CNN/mnist_balanced_dataset_encoder_ratio_min_and_mean_1_2_1_1_VAE_3c_64_15_1/last' (iter 37500, epoch 20.0)
=> saved checkpoint 'checkpoint_scores_CNN/mnist_balanced_dataset_encoder_ratio_min_and_mean_1_2_1_1_VAE_3c_64_15_1/last' (iter 37500, epoch 20.0)
EarlyStopping counter: 3 out of 15
[Save Checkpoint] epoch: [20.0], Train: total:-28.13905, BCE:-28.13905, KLD:0.00000,Test: total:-28.66150, BCE:-28.66150, KLD:0.00000
=> saved checkpoint 'checkpoints_CNN/mnist_balanced_dataset_encoder_ratio_min_and_mean_1_2_1_1_VAE_3c_64_15_1/last' (iter 39375, epoch 21.0)
=> saved checkpoint 'checkpoint_scores_CNN/mnist_balanced_dataset_encoder_ratio_min_and_mean_1_2_1_1_VAE_3c_64_15_1/last' (iter 39375, epoch 21.0)
EarlyStopping counter: 4 out of 15
[Save Checkpoint] epoch: [21.0], Train: total:-28.04028, BCE:-28.04030, KLD:0.00001,Test: total:-28.53838, BCE:-28.53919, KLD:0.00027
=> saved checkpoint 'checkpoints_CNN/mnist_balanced_dataset_encoder_ratio_min_and_mean_1_2_1_1_VAE_3c_64_15_1/last' (iter 41250, epoch 22.0)
=> saved checkpoint 'checkpoint_scores_CNN/mnist_balanced_dataset_encoder_ratio_min_and_mean_1_2_1_1_VAE_3c_64_15_1/last' (iter 41250, epoch 22.0)
EarlyStopping counter: 5 out of 15
[Save Checkpoint] epoch: [22.0], Train: total:-27.78071, BCE:-27.78071, KLD:0.00000,Test: total:-28.31118, BCE:-28.31127, KLD:0.00003
=> saved checkpoint 'checkpoints_CNN/mnist_balanced_dataset_encoder_ratio_min_and_mean_1_2_1_1_VAE_3c_64_15_1/last' (iter 43125, epoch 23.0)
=> saved checkpoint 'checkpoint_scores_CNN/mnist_balanced_dataset_encoder_ratio_min_and_mean_1_2_1_1_VAE_3c_64_15_1/last' (iter 43125, epoch 23.0)
EarlyStopping counter: 6 out of 15
[Save Checkpoint] epoch: [23.0], Train: total:-27.84803, BCE:-27.84805, KLD:0.00000,Test: total:-28.35780, BCE:-28.35826, KLD:0.00015
=> saved checkpoint 'checkpoints_CNN/mnist_balanced_dataset_encoder_ratio_min_and_mean_1_2_1_1_VAE_3c_64_15_1/last' (iter 45000, epoch 24.0)
=> saved checkpoint 'checkpoint_scores_CNN/mnist_balanced_dataset_encoder_ratio_min_and_mean_1_2_1_1_VAE_3c_64_15_1/last' (iter 45000, epoch 24.0)
EarlyStopping counter: 7 out of 15
[Save Checkpoint] epoch: [24.0], Train: total:-27.85163, BCE:-27.85165, KLD:0.00000,Test: total:-28.39191, BCE:-28.39235, KLD:0.00015
=> saved checkpoint 'checkpoints_CNN/mnist_balanced_dataset_encoder_ratio_min_and_mean_1_2_1_1_VAE_3c_64_15_1/last' (iter 46875, epoch 25.0)
=> saved checkpoint 'checkpoint_scores_CNN/mnist_balanced_dataset_encoder_ratio_min_and_mean_1_2_1_1_VAE_3c_64_15_1/last' (iter 46875, epoch 25.0)
EarlyStopping counter: 8 out of 15
[Save Checkpoint] epoch: [25.0], Train: total:-27.72906, BCE:-27.72906, KLD:0.00000,Test: total:-28.18441, BCE:-28.18468, KLD:0.00009
=> saved checkpoint 'checkpoints_CNN/mnist_balanced_dataset_encoder_ratio_min_and_mean_1_2_1_1_VAE_3c_64_15_1/last' (iter 48750, epoch 26.0)
=> saved checkpoint 'checkpoint_scores_CNN/mnist_balanced_dataset_encoder_ratio_min_and_mean_1_2_1_1_VAE_3c_64_15_1/last' (iter 48750, epoch 26.0)
EarlyStopping counter: 9 out of 15
[Save Checkpoint] epoch: [26.0], Train: total:-27.71513, BCE:-27.71514, KLD:0.00000,Test: total:-28.22855, BCE:-28.22873, KLD:0.00006
=> saved checkpoint 'checkpoints_CNN/mnist_balanced_dataset_encoder_ratio_min_and_mean_1_2_1_1_VAE_3c_64_15_1/last' (iter 50625, epoch 27.0)
=> saved checkpoint 'checkpoint_scores_CNN/mnist_balanced_dataset_encoder_ratio_min_and_mean_1_2_1_1_VAE_3c_64_15_1/last' (iter 50625, epoch 27.0)
EarlyStopping counter: 10 out of 15
[Save Checkpoint] epoch: [27.0], Train: total:-28.00412, BCE:-28.00413, KLD:0.00000,Test: total:-28.52196, BCE:-28.52216, KLD:0.00007
=> saved checkpoint 'checkpoints_CNN/mnist_balanced_dataset_encoder_ratio_min_and_mean_1_2_1_1_VAE_3c_64_15_1/last' (iter 52500, epoch 28.0)
=> saved checkpoint 'checkpoint_scores_CNN/mnist_balanced_dataset_encoder_ratio_min_and_mean_1_2_1_1_VAE_3c_64_15_1/last' (iter 52500, epoch 28.0)
EarlyStopping counter: 11 out of 15
[Save Checkpoint] epoch: [28.0], Train: total:-27.92617, BCE:-27.92617, KLD:-0.00000,Test: total:-28.44360, BCE:-28.44351, KLD:-0.00003
=> saved checkpoint 'checkpoints_CNN/mnist_balanced_dataset_encoder_ratio_min_and_mean_1_2_1_1_VAE_3c_64_15_1/last' (iter 54375, epoch 29.0)
=> saved checkpoint 'checkpoint_scores_CNN/mnist_balanced_dataset_encoder_ratio_min_and_mean_1_2_1_1_VAE_3c_64_15_1/last' (iter 54375, epoch 29.0)
EarlyStopping counter: 12 out of 15
[Save Checkpoint] epoch: [29.0], Train: total:-28.08343, BCE:-28.08345, KLD:0.00000,Test: total:-28.59968, BCE:-28.60013, KLD:0.00015
=> saved checkpoint 'checkpoints_CNN/mnist_balanced_dataset_encoder_ratio_min_and_mean_1_2_1_1_VAE_3c_64_15_1/last' (iter 56250, epoch 30.0)
=> saved checkpoint 'checkpoint_scores_CNN/mnist_balanced_dataset_encoder_ratio_min_and_mean_1_2_1_1_VAE_3c_64_15_1/last' (iter 56250, epoch 30.0)
EarlyStopping counter: 13 out of 15
[Save Checkpoint] epoch: [30.0], Train: total:-27.77951, BCE:-27.77952, KLD:0.00000,Test: total:-28.30997, BCE:-28.31005, KLD:0.00003
=> saved checkpoint 'checkpoints_CNN/mnist_balanced_dataset_encoder_ratio_min_and_mean_1_2_1_1_VAE_3c_64_15_1/last' (iter 58125, epoch 31.0)
=> saved checkpoint 'checkpoint_scores_CNN/mnist_balanced_dataset_encoder_ratio_min_and_mean_1_2_1_1_VAE_3c_64_15_1/last' (iter 58125, epoch 31.0)
EarlyStopping counter: 14 out of 15
[Save Checkpoint] epoch: [31.0], Train: total:-28.00420, BCE:-28.00419, KLD:-0.00000,Test: total:-28.53625, BCE:-28.53607, KLD:-0.00006
=> saved checkpoint 'checkpoints_CNN/mnist_balanced_dataset_encoder_ratio_min_and_mean_1_2_1_1_VAE_3c_64_15_1/last' (iter 60000, epoch 32.0)
=> saved checkpoint 'checkpoint_scores_CNN/mnist_balanced_dataset_encoder_ratio_min_and_mean_1_2_1_1_VAE_3c_64_15_1/last' (iter 60000, epoch 32.0)
EarlyStopping counter: 15 out of 15
[Save Checkpoint] epoch: [32.0], Train: total:-28.03286, BCE:-28.03286, KLD:-0.00000,Test: total:-28.57430, BCE:-28.57421, KLD:-0.00003
Early stopping
[Training Finished]
All done !
