67
--gpu_devices 0 --max_iter 100 --batch_size 250 --use_scheduler True --lr 1e-3 --GMP True --z_struct_size 10 --is_VAE True --is_encoder_struct False --lambda_BCE 1 --beta 1 --big_kernel_size 8 --two_conv_layer True --three_conv_layer True --kernel_size_1 4 --kernel_size_2 4 --kernel_size_3 4 --BK_in_first_layer True --BK_in_second_layer False --BK_in_third_layer False --stride_size 1 --hidden_filters_layer1 64 --hidden_filters_layer2 64 --hidden_filters_layer3 64 --dataset_balanced True --binary_z True --binary_first_conv False --binary_second_conv False --binary_third_conv True --z_var_size 10 --z_struct_size 10 --use_small_lr_encoder_var False --encoder_var_name None --encoder_struct_name mnist_struct_baseline_scheduler_binary_10 --freeze_Encoder True --exp_name mnist_VAE_s10_v10_SE
Namespace(BK_in_first_layer=True, BK_in_second_layer=False, BK_in_third_layer=False, BN=False, C_max=25, C_stop_iter=100000.0, E1_AE=False, E1_VAE=False, E1_conv=False, E1_dense=False, E1_second_conv=False, E1_second_conv_adapt=False, GMP=True, Hmg_dst_loss=False, IPC=False, L1_norm_act=False, L1_norm_weights=False, L3_without_random=False, LOG_DIR='logs', adapt_lr=False, add_classification_layer=True, add_linear_after_GMP=True, add_z_struct_bottleneck=False, alpha=32, batch_size=250, beta=1.0, beta1=0.9, beta2=0.999, big_kernel=False, big_kernel_size=8, binary_chain=False, binary_first_conv=False, binary_second_conv=False, binary_third_conv=True, binary_z=True, both_decoders_freeze=False, ckpt_dir='checkpoints_CNN', ckpt_dir_scores='checkpoint_scores_CNN', classif_layer_size=30, contrastive_loss=False, cuda=True, dataset='mnist', dataset_balanced=True, decoder_first_dense=36, decoder_kernel_size_1=4, decoder_kernel_size_2=3, decoder_kernel_size_3=4, decoder_n_filter_1=64, decoder_n_filter_2=64, decoder_n_filter_3=64, decoder_stride_1=2, decoder_stride_2=2, decoder_stride_3=1, diff_var=False, display_step=10000, dset_dir='data', encoder_struct_name='mnist_struct_baseline_scheduler_binary_10', encoder_var_name='None', exp_name='mnist_VAE_s10_v10_SE', freeze_Encoder=True, gamma=1000, gpu_devices=[0], hidden_filters_layer1=64, hidden_filters_layer2=64, hidden_filters_layer3=64, image_size=64, intra_class_variance_loss=False, is_C=True, is_E1=False, is_VAE=True, is_VAE_var=False, is_binary_structural_latent=False, is_custom_model=False, is_custom_model_BK=False, is_default_model=False, is_encoder_struct=False, is_noise_stats=False, is_partial_rand_class=False, is_perturbed_score=False, is_zvar_sim_loss=False, just_train=False, kernel_size=4, kernel_size_1=4, kernel_size_2=4, kernel_size_3=4, lambda_BCE=1.0, lambda_Kl_struct=1, lambda_Kl_var=1, lambda_L1=0.01, lambda_VAE=1, lambda_class=1, lambda_contrastive_loss=1, lambda_distance_mean=1, lambda_hmg_dst=1, lambda_intra_class_var=1, lambda_partial_class=1, lambda_ratio_reg=1, lambda_recon_wt_rand=1, lambda_recons=1, lambda_uniq_code_dst=1, lambda_var_distance=1, lambda_var_inter=1, lambda_var_intra=1, lambda_zvar_sim=1, latent_spec_cont=None, latent_spec_cont_class=None, latent_spec_cont_var=None, latent_spec_disc=None, latent_spec_disc_class=None, latent_spec_disc_var=None, log_level='info', loss='Proxy_Anchor', loss_distance_mean=False, loss_min_distance_cl=False, lr=0.001, max_epoch_use_uniq_code_target=5, max_iter=100.0, model='CNN', mrg=0.1, nb_epochs_train_only_zvar=0, num_workers=2, old_weighted=False, optimizer='adamw', other_architecture=False, other_ratio=False, random_percentage=0.2, random_seed=10, randomness=True, ratio_reg=False, remark='', save_step=10000, second_layer_C=False, seed=1, stride_size=1, sz_embedding=5, three_conv_layer=True, train=True, train_var_struct_alternatively=False, two_conv_layer=True, two_encoder=False, uniq_code_dst_loss=False, use_VAE=False, use_decoder=False, use_early_stopping=True, use_scheduler=True, use_small_lr_encoder_var=False, use_structural_encoder=False, value_target_distance_mean=1, var_hidden_dim=256, var_hidden_filters_1=32, var_hidden_filters_2=32, var_hidden_filters_3=32, var_kernel_size_1=3, var_kernel_size_2=3, var_kernel_size_3=3, var_second_cnn_block=True, var_stride_size_1=1, var_stride_size_2=1, var_stride_size_3=1, var_third_cnn_block=False, var_three_conv_layer=False, warm=1, without_acc=False, z_struct_size=10, z_var_size=10, zeros_W_Classif=False, zvar_sim_change_zvar=False, zvar_sim_loss_for_all_model=False, zvar_sim_loss_only_for_encoder=False, zvar_sim_normal=False, zvar_sim_var_rand=False)
CUDA Visible devices !
[Using Seed: 10]
Balanced dataset loaded
VAE doesn't exist but encoder struct yes ! load struct encoder weighs !
=> loaded checkpoint 'checkpoints_CNN/mnist_struct_baseline_scheduler_binary_10/last (iter 20790)'
Weighs loaded for struct encoder !
use 1 gpu who named: Tesla V100-SXM2-32GB
VAE(
  (encoder_struct): Sequential(
    (0): Conv2d(1, 64, kernel_size=(8, 8), stride=(1, 1))
    (1): BatchNorm2d(64, eps=1e-05, momentum=0.1, affine=True, track_running_stats=True)
    (2): ReLU(inplace=True)
    (3): Conv2d(64, 64, kernel_size=(4, 4), stride=(1, 1))
    (4): BatchNorm2d(64, eps=1e-05, momentum=0.1, affine=True, track_running_stats=True)
    (5): ReLU(inplace=True)
    (6): Conv2d(64, 10, kernel_size=(4, 4), stride=(1, 1))
    (7): BatchNorm2d(10, eps=1e-05, momentum=0.1, affine=True, track_running_stats=True)
    (8): DeterministicBinaryActivation(
      (act): Hardsigmoid(
        (act): Hardtanh(min_val=-1.0, max_val=1.0)
      )
    )
    (9): AdaptiveMaxPool2d(output_size=(1, 1))
    (10): View()
  )
  (encoder_var): Sequential(
    (0): Conv2d(1, 32, kernel_size=(3, 3), stride=(1, 1))
    (1): ReLU(inplace=True)
    (2): BatchNorm2d(32, eps=1e-05, momentum=0.1, affine=True, track_running_stats=True)
    (3): Conv2d(32, 32, kernel_size=(3, 3), stride=(1, 1))
    (4): ReLU(inplace=True)
    (5): BatchNorm2d(32, eps=1e-05, momentum=0.1, affine=True, track_running_stats=True)
    (6): Conv2d(32, 32, kernel_size=(5, 5), stride=(2, 2), padding=(2, 2))
    (7): ReLU(inplace=True)
    (8): BatchNorm2d(32, eps=1e-05, momentum=0.1, affine=True, track_running_stats=True)
    (9): Dropout(p=0.4, inplace=False)
    (10): Conv2d(32, 64, kernel_size=(3, 3), stride=(1, 1))
    (11): ReLU(inplace=True)
    (12): BatchNorm2d(64, eps=1e-05, momentum=0.1, affine=True, track_running_stats=True)
    (13): Conv2d(64, 64, kernel_size=(3, 3), stride=(1, 1))
    (14): ReLU(inplace=True)
    (15): BatchNorm2d(64, eps=1e-05, momentum=0.1, affine=True, track_running_stats=True)
    (16): Conv2d(64, 64, kernel_size=(5, 5), stride=(2, 2), padding=(2, 2))
    (17): ReLU(inplace=True)
    (18): BatchNorm2d(64, eps=1e-05, momentum=0.1, affine=True, track_running_stats=True)
    (19): Dropout(p=0.4, inplace=False)
    (20): View()
    (21): Linear(in_features=1600, out_features=20, bias=True)
  )
  (decoder): Sequential(
    (0): Linear(in_features=20, out_features=1600, bias=True)
    (1): ReLU(inplace=True)
    (2): View()
    (3): ConvTranspose2d(64, 64, kernel_size=(4, 4), stride=(2, 2), padding=(1, 1))
    (4): ReLU(inplace=True)
    (5): ConvTranspose2d(64, 64, kernel_size=(3, 3), stride=(1, 1))
    (6): ReLU(inplace=True)
    (7): ConvTranspose2d(64, 32, kernel_size=(3, 3), stride=(1, 1))
    (8): ReLU(inplace=True)
    (9): ConvTranspose2d(32, 32, kernel_size=(4, 4), stride=(2, 2), padding=(1, 1))
    (10): ReLU(inplace=True)
    (11): ConvTranspose2d(32, 32, kernel_size=(3, 3), stride=(1, 1))
    (12): ReLU(inplace=True)
    (13): ConvTranspose2d(32, 1, kernel_size=(3, 3), stride=(1, 1))
    (14): Sigmoid()
  )
)
The number of parameters of model is 486515
=> saved checkpoint 'checkpoints_CNN/mnist_VAE_s10_v10_SE/last' (iter 270, epoch 1.0)
=> saved checkpoint 'checkpoint_scores_CNN/mnist_VAE_s10_v10_SE/last' (iter 270, epoch 1.0)
[Save Checkpoint] epoch: [1.0], Train: total:5642.32617, BCE:-14.67243, KLD:5656.99854,Test: total:22630.30273, BCE:-14.79687, KLD:22645.09961
=> saved checkpoint 'checkpoints_CNN/mnist_VAE_s10_v10_SE/last' (iter 540, epoch 2.0)
=> saved checkpoint 'checkpoint_scores_CNN/mnist_VAE_s10_v10_SE/last' (iter 540, epoch 2.0)
[Save Checkpoint] epoch: [2.0], Train: total:5183.10547, BCE:-16.92598, KLD:5200.03174,Test: total:20744.66211, BCE:-17.05290, KLD:20761.71289
=> saved checkpoint 'checkpoints_CNN/mnist_VAE_s10_v10_SE/last' (iter 810, epoch 3.0)
=> saved checkpoint 'checkpoint_scores_CNN/mnist_VAE_s10_v10_SE/last' (iter 810, epoch 3.0)
[Save Checkpoint] epoch: [3.0], Train: total:5043.84521, BCE:-17.58293, KLD:5061.42871,Test: total:20165.99805, BCE:-17.67811, KLD:20183.67773
=> saved checkpoint 'checkpoints_CNN/mnist_VAE_s10_v10_SE/last' (iter 1080, epoch 4.0)
=> saved checkpoint 'checkpoint_scores_CNN/mnist_VAE_s10_v10_SE/last' (iter 1080, epoch 4.0)
[Save Checkpoint] epoch: [4.0], Train: total:5036.53027, BCE:-17.64876, KLD:5054.18018,Test: total:20113.99609, BCE:-17.76560, KLD:20131.75977
=> saved checkpoint 'checkpoints_CNN/mnist_VAE_s10_v10_SE/last' (iter 1350, epoch 5.0)
=> saved checkpoint 'checkpoint_scores_CNN/mnist_VAE_s10_v10_SE/last' (iter 1350, epoch 5.0)
[Save Checkpoint] epoch: [5.0], Train: total:5033.52783, BCE:-17.72832, KLD:5051.25488,Test: total:20104.36328, BCE:-17.86338, KLD:20122.22461
=> saved checkpoint 'checkpoints_CNN/mnist_VAE_s10_v10_SE/last' (iter 1620, epoch 6.0)
=> saved checkpoint 'checkpoint_scores_CNN/mnist_VAE_s10_v10_SE/last' (iter 1620, epoch 6.0)
[Save Checkpoint] epoch: [6.0], Train: total:5031.34424, BCE:-17.38003, KLD:5048.72705,Test: total:20093.59180, BCE:-17.51580, KLD:20111.10742
=> saved checkpoint 'checkpoints_CNN/mnist_VAE_s10_v10_SE/last' (iter 1890, epoch 7.0)
=> saved checkpoint 'checkpoint_scores_CNN/mnist_VAE_s10_v10_SE/last' (iter 1890, epoch 7.0)
[Save Checkpoint] epoch: [7.0], Train: total:5032.84229, BCE:-17.01181, KLD:5049.85303,Test: total:20096.44336, BCE:-17.16432, KLD:20113.60742
=> saved checkpoint 'checkpoints_CNN/mnist_VAE_s10_v10_SE/last' (iter 2160, epoch 8.0)
=> saved checkpoint 'checkpoint_scores_CNN/mnist_VAE_s10_v10_SE/last' (iter 2160, epoch 8.0)
[Save Checkpoint] epoch: [8.0], Train: total:5043.65039, BCE:-16.59421, KLD:5060.24512,Test: total:20136.22461, BCE:-16.75711, KLD:20152.98242
=> saved checkpoint 'checkpoints_CNN/mnist_VAE_s10_v10_SE/last' (iter 2430, epoch 9.0)
=> saved checkpoint 'checkpoint_scores_CNN/mnist_VAE_s10_v10_SE/last' (iter 2430, epoch 9.0)
[Save Checkpoint] epoch: [9.0], Train: total:5150.92529, BCE:-16.51707, KLD:5167.44043,Test: total:20577.12109, BCE:-16.69523, KLD:20593.81641
=> saved checkpoint 'checkpoints_CNN/mnist_VAE_s10_v10_SE/last' (iter 2700, epoch 10.0)
=> saved checkpoint 'checkpoint_scores_CNN/mnist_VAE_s10_v10_SE/last' (iter 2700, epoch 10.0)
[Save Checkpoint] epoch: [10.0], Train: total:5194.55615, BCE:-15.44211, KLD:5209.99561,Test: total:20716.16016, BCE:-15.57180, KLD:20731.73047
=> saved checkpoint 'checkpoints_CNN/mnist_VAE_s10_v10_SE/last' (iter 2970, epoch 11.0)
=> saved checkpoint 'checkpoint_scores_CNN/mnist_VAE_s10_v10_SE/last' (iter 2970, epoch 11.0)
[Save Checkpoint] epoch: [11.0], Train: total:5203.42236, BCE:-15.84862, KLD:5219.26904,Test: total:20763.37695, BCE:-16.01926, KLD:20779.39648
=> saved checkpoint 'checkpoints_CNN/mnist_VAE_s10_v10_SE/last' (iter 3240, epoch 12.0)
=> saved checkpoint 'checkpoint_scores_CNN/mnist_VAE_s10_v10_SE/last' (iter 3240, epoch 12.0)
[Save Checkpoint] epoch: [12.0], Train: total:5153.20752, BCE:-16.12931, KLD:5169.33643,Test: total:20563.81836, BCE:-16.30358, KLD:20580.12305
=> saved checkpoint 'checkpoints_CNN/mnist_VAE_s10_v10_SE/last' (iter 3510, epoch 13.0)
=> saved checkpoint 'checkpoint_scores_CNN/mnist_VAE_s10_v10_SE/last' (iter 3510, epoch 13.0)
EarlyStopping counter: 1 out of 25
[Save Checkpoint] epoch: [13.0], Train: total:5123.03027, BCE:-15.68933, KLD:5138.71973,Test: total:20430.24219, BCE:-15.86096, KLD:20446.10352
=> saved checkpoint 'checkpoints_CNN/mnist_VAE_s10_v10_SE/last' (iter 3780, epoch 14.0)
=> saved checkpoint 'checkpoint_scores_CNN/mnist_VAE_s10_v10_SE/last' (iter 3780, epoch 14.0)
[Save Checkpoint] epoch: [14.0], Train: total:5065.73926, BCE:-15.71325, KLD:5081.44824,Test: total:20184.83008, BCE:-15.90248, KLD:20200.73047
=> saved checkpoint 'checkpoints_CNN/mnist_VAE_s10_v10_SE/last' (iter 4050, epoch 15.0)
=> saved checkpoint 'checkpoint_scores_CNN/mnist_VAE_s10_v10_SE/last' (iter 4050, epoch 15.0)
[Save Checkpoint] epoch: [15.0], Train: total:5186.93555, BCE:-15.94567, KLD:5202.88232,Test: total:20700.66992, BCE:-16.14462, KLD:20716.81055
=> saved checkpoint 'checkpoints_CNN/mnist_VAE_s10_v10_SE/last' (iter 4320, epoch 16.0)
=> saved checkpoint 'checkpoint_scores_CNN/mnist_VAE_s10_v10_SE/last' (iter 4320, epoch 16.0)
[Save Checkpoint] epoch: [16.0], Train: total:5196.56104, BCE:-16.42007, KLD:5212.98438,Test: total:20721.34180, BCE:-16.62573, KLD:20737.96680
=> saved checkpoint 'checkpoints_CNN/mnist_VAE_s10_v10_SE/last' (iter 4590, epoch 17.0)
=> saved checkpoint 'checkpoint_scores_CNN/mnist_VAE_s10_v10_SE/last' (iter 4590, epoch 17.0)
[Save Checkpoint] epoch: [17.0], Train: total:5161.60059, BCE:-16.20200, KLD:5177.80176,Test: total:20589.04688, BCE:-16.41636, KLD:20605.46484
=> saved checkpoint 'checkpoints_CNN/mnist_VAE_s10_v10_SE/last' (iter 4860, epoch 18.0)
=> saved checkpoint 'checkpoint_scores_CNN/mnist_VAE_s10_v10_SE/last' (iter 4860, epoch 18.0)
EarlyStopping counter: 1 out of 25
[Save Checkpoint] epoch: [18.0], Train: total:5073.20020, BCE:-16.53322, KLD:5089.72949,Test: total:20242.66992, BCE:-16.75470, KLD:20259.42578
=> saved checkpoint 'checkpoints_CNN/mnist_VAE_s10_v10_SE/last' (iter 5130, epoch 19.0)
=> saved checkpoint 'checkpoint_scores_CNN/mnist_VAE_s10_v10_SE/last' (iter 5130, epoch 19.0)
[Save Checkpoint] epoch: [19.0], Train: total:5152.10986, BCE:-16.44906, KLD:5168.56055,Test: total:20559.38086, BCE:-16.66974, KLD:20576.04883
=> saved checkpoint 'checkpoints_CNN/mnist_VAE_s10_v10_SE/last' (iter 5400, epoch 20.0)
=> saved checkpoint 'checkpoint_scores_CNN/mnist_VAE_s10_v10_SE/last' (iter 5400, epoch 20.0)
EarlyStopping counter: 1 out of 25
[Save Checkpoint] epoch: [20.0], Train: total:5141.00684, BCE:-16.72208, KLD:5157.72900,Test: total:20515.75781, BCE:-16.97132, KLD:20532.73047
=> saved checkpoint 'checkpoints_CNN/mnist_VAE_s10_v10_SE/last' (iter 5670, epoch 21.0)
=> saved checkpoint 'checkpoint_scores_CNN/mnist_VAE_s10_v10_SE/last' (iter 5670, epoch 21.0)
[Save Checkpoint] epoch: [21.0], Train: total:5121.83594, BCE:-16.15201, KLD:5137.98486,Test: total:20399.38086, BCE:-16.37317, KLD:20415.75586
=> saved checkpoint 'checkpoints_CNN/mnist_VAE_s10_v10_SE/last' (iter 5940, epoch 22.0)
=> saved checkpoint 'checkpoint_scores_CNN/mnist_VAE_s10_v10_SE/last' (iter 5940, epoch 22.0)
[Save Checkpoint] epoch: [22.0], Train: total:5145.21582, BCE:-16.46290, KLD:5161.67676,Test: total:20492.16992, BCE:-16.67928, KLD:20508.84961
=> saved checkpoint 'checkpoints_CNN/mnist_VAE_s10_v10_SE/last' (iter 6210, epoch 23.0)
=> saved checkpoint 'checkpoint_scores_CNN/mnist_VAE_s10_v10_SE/last' (iter 6210, epoch 23.0)
[Save Checkpoint] epoch: [23.0], Train: total:5185.82227, BCE:-16.94901, KLD:5202.77002,Test: total:20662.37305, BCE:-17.17815, KLD:20679.54883
=> saved checkpoint 'checkpoints_CNN/mnist_VAE_s10_v10_SE/last' (iter 6480, epoch 24.0)
=> saved checkpoint 'checkpoint_scores_CNN/mnist_VAE_s10_v10_SE/last' (iter 6480, epoch 24.0)
EarlyStopping counter: 1 out of 25
[Save Checkpoint] epoch: [24.0], Train: total:5132.93311, BCE:-16.80908, KLD:5149.74121,Test: total:20449.39648, BCE:-17.06336, KLD:20466.45898
=> saved checkpoint 'checkpoints_CNN/mnist_VAE_s10_v10_SE/last' (iter 6750, epoch 25.0)
=> saved checkpoint 'checkpoint_scores_CNN/mnist_VAE_s10_v10_SE/last' (iter 6750, epoch 25.0)
[Save Checkpoint] epoch: [25.0], Train: total:5156.62988, BCE:-16.95644, KLD:5173.58398,Test: total:20557.58984, BCE:-17.20316, KLD:20574.79297
=> saved checkpoint 'checkpoints_CNN/mnist_VAE_s10_v10_SE/last' (iter 7020, epoch 26.0)
=> saved checkpoint 'checkpoint_scores_CNN/mnist_VAE_s10_v10_SE/last' (iter 7020, epoch 26.0)
EarlyStopping counter: 1 out of 25
[Save Checkpoint] epoch: [26.0], Train: total:5125.05957, BCE:-16.95576, KLD:5142.01465,Test: total:20402.40234, BCE:-17.18599, KLD:20419.58594
=> saved checkpoint 'checkpoints_CNN/mnist_VAE_s10_v10_SE/last' (iter 7290, epoch 27.0)
=> saved checkpoint 'checkpoint_scores_CNN/mnist_VAE_s10_v10_SE/last' (iter 7290, epoch 27.0)
[Save Checkpoint] epoch: [27.0], Train: total:5164.01367, BCE:-17.08435, KLD:5181.09912,Test: total:20564.59570, BCE:-17.31549, KLD:20581.91016
=> saved checkpoint 'checkpoints_CNN/mnist_VAE_s10_v10_SE/last' (iter 7560, epoch 28.0)
=> saved checkpoint 'checkpoint_scores_CNN/mnist_VAE_s10_v10_SE/last' (iter 7560, epoch 28.0)
[Save Checkpoint] epoch: [28.0], Train: total:5096.21289, BCE:-17.41405, KLD:5113.62646,Test: total:20283.63672, BCE:-17.65313, KLD:20301.28906
=> saved checkpoint 'checkpoints_CNN/mnist_VAE_s10_v10_SE/last' (iter 7830, epoch 29.0)
=> saved checkpoint 'checkpoint_scores_CNN/mnist_VAE_s10_v10_SE/last' (iter 7830, epoch 29.0)
[Save Checkpoint] epoch: [29.0], Train: total:5131.56982, BCE:-18.11207, KLD:5149.68066,Test: total:20432.49023, BCE:-18.35835, KLD:20450.84766
=> saved checkpoint 'checkpoints_CNN/mnist_VAE_s10_v10_SE/last' (iter 8100, epoch 30.0)
=> saved checkpoint 'checkpoint_scores_CNN/mnist_VAE_s10_v10_SE/last' (iter 8100, epoch 30.0)
[Save Checkpoint] epoch: [30.0], Train: total:5150.49609, BCE:-18.25236, KLD:5168.74658,Test: total:20501.95898, BCE:-18.50860, KLD:20520.46680
=> saved checkpoint 'checkpoints_CNN/mnist_VAE_s10_v10_SE/last' (iter 8370, epoch 31.0)
=> saved checkpoint 'checkpoint_scores_CNN/mnist_VAE_s10_v10_SE/last' (iter 8370, epoch 31.0)
[Save Checkpoint] epoch: [31.0], Train: total:5097.65088, BCE:-18.16950, KLD:5115.82227,Test: total:20302.39258, BCE:-18.40345, KLD:20320.79492
=> saved checkpoint 'checkpoints_CNN/mnist_VAE_s10_v10_SE/last' (iter 8640, epoch 32.0)
=> saved checkpoint 'checkpoint_scores_CNN/mnist_VAE_s10_v10_SE/last' (iter 8640, epoch 32.0)
EarlyStopping counter: 1 out of 25
[Save Checkpoint] epoch: [32.0], Train: total:5052.16211, BCE:-18.80010, KLD:5070.96338,Test: total:20120.21680, BCE:-19.07373, KLD:20139.28711
=> saved checkpoint 'checkpoints_CNN/mnist_VAE_s10_v10_SE/last' (iter 8910, epoch 33.0)
=> saved checkpoint 'checkpoint_scores_CNN/mnist_VAE_s10_v10_SE/last' (iter 8910, epoch 33.0)
[Save Checkpoint] epoch: [33.0], Train: total:5064.71729, BCE:-19.06577, KLD:5083.78516,Test: total:20168.80664, BCE:-19.34175, KLD:20188.15234
=> saved checkpoint 'checkpoints_CNN/mnist_VAE_s10_v10_SE/last' (iter 9180, epoch 34.0)
=> saved checkpoint 'checkpoint_scores_CNN/mnist_VAE_s10_v10_SE/last' (iter 9180, epoch 34.0)
EarlyStopping counter: 1 out of 25
[Save Checkpoint] epoch: [34.0], Train: total:5162.79883, BCE:-19.34356, KLD:5182.14209,Test: total:20561.45703, BCE:-19.58998, KLD:20581.04688
=> saved checkpoint 'checkpoints_CNN/mnist_VAE_s10_v10_SE/last' (iter 9450, epoch 35.0)
=> saved checkpoint 'checkpoint_scores_CNN/mnist_VAE_s10_v10_SE/last' (iter 9450, epoch 35.0)
EarlyStopping counter: 2 out of 25
[Save Checkpoint] epoch: [35.0], Train: total:5083.80811, BCE:-19.53118, KLD:5103.34326,Test: total:20239.74023, BCE:-19.80800, KLD:20259.54883
=> saved checkpoint 'checkpoints_CNN/mnist_VAE_s10_v10_SE/last' (iter 9720, epoch 36.0)
=> saved checkpoint 'checkpoint_scores_CNN/mnist_VAE_s10_v10_SE/last' (iter 9720, epoch 36.0)
EarlyStopping counter: 3 out of 25
[Save Checkpoint] epoch: [36.0], Train: total:5145.28613, BCE:-19.08581, KLD:5164.37256,Test: total:20479.78711, BCE:-19.35123, KLD:20499.13867
=> saved checkpoint 'checkpoints_CNN/mnist_VAE_s10_v10_SE/last' (iter 9990, epoch 37.0)
=> saved checkpoint 'checkpoint_scores_CNN/mnist_VAE_s10_v10_SE/last' (iter 9990, epoch 37.0)
EarlyStopping counter: 4 out of 25
[Save Checkpoint] epoch: [37.0], Train: total:5071.36133, BCE:-19.96160, KLD:5091.32520,Test: total:20171.00000, BCE:-20.19172, KLD:20191.19336
=> saved checkpoint 'checkpoints_CNN/mnist_VAE_s10_v10_SE/last' (iter 10260, epoch 38.0)
=> saved checkpoint 'checkpoint_scores_CNN/mnist_VAE_s10_v10_SE/last' (iter 10260, epoch 38.0)
[Save Checkpoint] epoch: [38.0], Train: total:5102.94238, BCE:-19.37622, KLD:5122.31592,Test: total:20313.79688, BCE:-19.63536, KLD:20333.43164
=> saved checkpoint 'checkpoints_CNN/mnist_VAE_s10_v10_SE/last' (iter 10530, epoch 39.0)
=> saved checkpoint 'checkpoint_scores_CNN/mnist_VAE_s10_v10_SE/last' (iter 10530, epoch 39.0)
[Save Checkpoint] epoch: [39.0], Train: total:5118.36816, BCE:-19.90119, KLD:5138.27100,Test: total:20371.30273, BCE:-20.16573, KLD:20391.46875
=> saved checkpoint 'checkpoints_CNN/mnist_VAE_s10_v10_SE/last' (iter 10800, epoch 40.0)
=> saved checkpoint 'checkpoint_scores_CNN/mnist_VAE_s10_v10_SE/last' (iter 10800, epoch 40.0)
EarlyStopping counter: 1 out of 25
[Save Checkpoint] epoch: [40.0], Train: total:5046.66650, BCE:-19.61761, KLD:5066.28369,Test: total:20076.76758, BCE:-19.87237, KLD:20096.63867
=> saved checkpoint 'checkpoints_CNN/mnist_VAE_s10_v10_SE/last' (iter 11070, epoch 41.0)
=> saved checkpoint 'checkpoint_scores_CNN/mnist_VAE_s10_v10_SE/last' (iter 11070, epoch 41.0)
EarlyStopping counter: 2 out of 25
[Save Checkpoint] epoch: [41.0], Train: total:5187.63428, BCE:-20.05356, KLD:5207.68896,Test: total:20656.54102, BCE:-20.33827, KLD:20676.88086
=> saved checkpoint 'checkpoints_CNN/mnist_VAE_s10_v10_SE/last' (iter 11340, epoch 42.0)
=> saved checkpoint 'checkpoint_scores_CNN/mnist_VAE_s10_v10_SE/last' (iter 11340, epoch 42.0)
EarlyStopping counter: 3 out of 25
[Save Checkpoint] epoch: [42.0], Train: total:5159.85547, BCE:-19.98720, KLD:5179.84375,Test: total:20534.25391, BCE:-20.24557, KLD:20554.50000
=> saved checkpoint 'checkpoints_CNN/mnist_VAE_s10_v10_SE/last' (iter 11610, epoch 43.0)
=> saved checkpoint 'checkpoint_scores_CNN/mnist_VAE_s10_v10_SE/last' (iter 11610, epoch 43.0)
EarlyStopping counter: 4 out of 25
[Save Checkpoint] epoch: [43.0], Train: total:5089.45020, BCE:-19.65675, KLD:5109.10742,Test: total:20254.27539, BCE:-19.92365, KLD:20274.19727
=> saved checkpoint 'checkpoints_CNN/mnist_VAE_s10_v10_SE/last' (iter 11880, epoch 44.0)
=> saved checkpoint 'checkpoint_scores_CNN/mnist_VAE_s10_v10_SE/last' (iter 11880, epoch 44.0)
[Save Checkpoint] epoch: [44.0], Train: total:5030.68115, BCE:-20.20332, KLD:5050.88232,Test: total:20013.10742, BCE:-20.45292, KLD:20033.56250
=> saved checkpoint 'checkpoints_CNN/mnist_VAE_s10_v10_SE/last' (iter 12150, epoch 45.0)
=> saved checkpoint 'checkpoint_scores_CNN/mnist_VAE_s10_v10_SE/last' (iter 12150, epoch 45.0)
EarlyStopping counter: 1 out of 25
[Save Checkpoint] epoch: [45.0], Train: total:5068.61426, BCE:-20.40628, KLD:5089.02051,Test: total:20178.83594, BCE:-20.66977, KLD:20199.50586
=> saved checkpoint 'checkpoints_CNN/mnist_VAE_s10_v10_SE/last' (iter 12420, epoch 46.0)
=> saved checkpoint 'checkpoint_scores_CNN/mnist_VAE_s10_v10_SE/last' (iter 12420, epoch 46.0)
EarlyStopping counter: 2 out of 25
[Save Checkpoint] epoch: [46.0], Train: total:5148.58936, BCE:-19.96467, KLD:5168.55566,Test: total:20496.27148, BCE:-20.22313, KLD:20516.49219
=> saved checkpoint 'checkpoints_CNN/mnist_VAE_s10_v10_SE/last' (iter 12690, epoch 47.0)
=> saved checkpoint 'checkpoint_scores_CNN/mnist_VAE_s10_v10_SE/last' (iter 12690, epoch 47.0)
[Save Checkpoint] epoch: [47.0], Train: total:5118.95312, BCE:-20.27261, KLD:5139.22461,Test: total:20363.27930, BCE:-20.52271, KLD:20383.80273
=> saved checkpoint 'checkpoints_CNN/mnist_VAE_s10_v10_SE/last' (iter 12960, epoch 48.0)
=> saved checkpoint 'checkpoint_scores_CNN/mnist_VAE_s10_v10_SE/last' (iter 12960, epoch 48.0)
EarlyStopping counter: 1 out of 25
[Save Checkpoint] epoch: [48.0], Train: total:5058.96777, BCE:-20.50962, KLD:5079.47900,Test: total:20131.24805, BCE:-20.75543, KLD:20152.00195
=> saved checkpoint 'checkpoints_CNN/mnist_VAE_s10_v10_SE/last' (iter 13230, epoch 49.0)
=> saved checkpoint 'checkpoint_scores_CNN/mnist_VAE_s10_v10_SE/last' (iter 13230, epoch 49.0)
EarlyStopping counter: 2 out of 25
[Save Checkpoint] epoch: [49.0], Train: total:5031.58301, BCE:-20.78834, KLD:5052.37354,Test: total:20030.88672, BCE:-21.02867, KLD:20051.91406
=> saved checkpoint 'checkpoints_CNN/mnist_VAE_s10_v10_SE/last' (iter 13500, epoch 50.0)
=> saved checkpoint 'checkpoint_scores_CNN/mnist_VAE_s10_v10_SE/last' (iter 13500, epoch 50.0)
EarlyStopping counter: 3 out of 25
[Save Checkpoint] epoch: [50.0], Train: total:5132.85107, BCE:-20.76741, KLD:5153.61475,Test: total:20427.85547, BCE:-21.00731, KLD:20448.86523
=> saved checkpoint 'checkpoints_CNN/mnist_VAE_s10_v10_SE/last' (iter 13770, epoch 51.0)
=> saved checkpoint 'checkpoint_scores_CNN/mnist_VAE_s10_v10_SE/last' (iter 13770, epoch 51.0)
EarlyStopping counter: 4 out of 25
[Save Checkpoint] epoch: [51.0], Train: total:5058.54736, BCE:-21.08083, KLD:5079.63135,Test: total:20124.10547, BCE:-21.33220, KLD:20145.43555
Epoch    52: reducing learning rate of group 0 to 2.0000e-04.
=> saved checkpoint 'checkpoints_CNN/mnist_VAE_s10_v10_SE/last' (iter 14040, epoch 52.0)
=> saved checkpoint 'checkpoint_scores_CNN/mnist_VAE_s10_v10_SE/last' (iter 14040, epoch 52.0)
EarlyStopping counter: 5 out of 25
[Save Checkpoint] epoch: [52.0], Train: total:5123.73193, BCE:-21.22760, KLD:5144.95898,Test: total:20394.14258, BCE:-21.46833, KLD:20415.60938
=> saved checkpoint 'checkpoints_CNN/mnist_VAE_s10_v10_SE/last' (iter 14310, epoch 53.0)
=> saved checkpoint 'checkpoint_scores_CNN/mnist_VAE_s10_v10_SE/last' (iter 14310, epoch 53.0)
[Save Checkpoint] epoch: [53.0], Train: total:5122.19482, BCE:-21.30216, KLD:5143.49561,Test: total:20382.88086, BCE:-21.55105, KLD:20404.43164
=> saved checkpoint 'checkpoints_CNN/mnist_VAE_s10_v10_SE/last' (iter 14580, epoch 54.0)
=> saved checkpoint 'checkpoint_scores_CNN/mnist_VAE_s10_v10_SE/last' (iter 14580, epoch 54.0)
[Save Checkpoint] epoch: [54.0], Train: total:5111.74463, BCE:-21.61856, KLD:5133.36279,Test: total:20335.03711, BCE:-21.88726, KLD:20356.92383
=> saved checkpoint 'checkpoints_CNN/mnist_VAE_s10_v10_SE/last' (iter 14850, epoch 55.0)
=> saved checkpoint 'checkpoint_scores_CNN/mnist_VAE_s10_v10_SE/last' (iter 14850, epoch 55.0)
EarlyStopping counter: 1 out of 25
[Save Checkpoint] epoch: [55.0], Train: total:5126.78125, BCE:-21.53303, KLD:5148.31543,Test: total:20402.13867, BCE:-21.78168, KLD:20423.91992
=> saved checkpoint 'checkpoints_CNN/mnist_VAE_s10_v10_SE/last' (iter 15120, epoch 56.0)
=> saved checkpoint 'checkpoint_scores_CNN/mnist_VAE_s10_v10_SE/last' (iter 15120, epoch 56.0)
EarlyStopping counter: 2 out of 25
[Save Checkpoint] epoch: [56.0], Train: total:5158.40918, BCE:-21.67810, KLD:5180.08594,Test: total:20527.46875, BCE:-21.92594, KLD:20549.39453
=> saved checkpoint 'checkpoints_CNN/mnist_VAE_s10_v10_SE/last' (iter 15390, epoch 57.0)
=> saved checkpoint 'checkpoint_scores_CNN/mnist_VAE_s10_v10_SE/last' (iter 15390, epoch 57.0)
EarlyStopping counter: 3 out of 25
[Save Checkpoint] epoch: [57.0], Train: total:5134.94971, BCE:-21.86303, KLD:5156.81104,Test: total:20440.20312, BCE:-22.10419, KLD:20462.30664
=> saved checkpoint 'checkpoints_CNN/mnist_VAE_s10_v10_SE/last' (iter 15660, epoch 58.0)
=> saved checkpoint 'checkpoint_scores_CNN/mnist_VAE_s10_v10_SE/last' (iter 15660, epoch 58.0)
[Save Checkpoint] epoch: [58.0], Train: total:5123.47705, BCE:-21.99095, KLD:5145.46826,Test: total:20396.57422, BCE:-22.22425, KLD:20418.79688
=> saved checkpoint 'checkpoints_CNN/mnist_VAE_s10_v10_SE/last' (iter 15930, epoch 59.0)
=> saved checkpoint 'checkpoint_scores_CNN/mnist_VAE_s10_v10_SE/last' (iter 15930, epoch 59.0)
EarlyStopping counter: 1 out of 25
[Save Checkpoint] epoch: [59.0], Train: total:5131.93701, BCE:-21.79390, KLD:5153.73096,Test: total:20423.63867, BCE:-22.03838, KLD:20445.67578
=> saved checkpoint 'checkpoints_CNN/mnist_VAE_s10_v10_SE/last' (iter 16200, epoch 60.0)
=> saved checkpoint 'checkpoint_scores_CNN/mnist_VAE_s10_v10_SE/last' (iter 16200, epoch 60.0)
EarlyStopping counter: 2 out of 25
[Save Checkpoint] epoch: [60.0], Train: total:5115.18311, BCE:-21.95116, KLD:5137.13330,Test: total:20359.58398, BCE:-22.19804, KLD:20381.78320
=> saved checkpoint 'checkpoints_CNN/mnist_VAE_s10_v10_SE/last' (iter 16470, epoch 61.0)
=> saved checkpoint 'checkpoint_scores_CNN/mnist_VAE_s10_v10_SE/last' (iter 16470, epoch 61.0)
EarlyStopping counter: 3 out of 25
[Save Checkpoint] epoch: [61.0], Train: total:5120.59180, BCE:-22.16852, KLD:5142.75684,Test: total:20377.99805, BCE:-22.40440, KLD:20400.40039
=> saved checkpoint 'checkpoints_CNN/mnist_VAE_s10_v10_SE/last' (iter 16740, epoch 62.0)
=> saved checkpoint 'checkpoint_scores_CNN/mnist_VAE_s10_v10_SE/last' (iter 16740, epoch 62.0)
EarlyStopping counter: 4 out of 25
[Save Checkpoint] epoch: [62.0], Train: total:5128.13184, BCE:-22.21619, KLD:5150.34863,Test: total:20409.86523, BCE:-22.46617, KLD:20432.33398
Epoch    63: reducing learning rate of group 0 to 4.0000e-05.
=> saved checkpoint 'checkpoints_CNN/mnist_VAE_s10_v10_SE/last' (iter 17010, epoch 63.0)
=> saved checkpoint 'checkpoint_scores_CNN/mnist_VAE_s10_v10_SE/last' (iter 17010, epoch 63.0)
EarlyStopping counter: 5 out of 25
[Save Checkpoint] epoch: [63.0], Train: total:5133.08154, BCE:-22.26580, KLD:5155.34521,Test: total:20432.67773, BCE:-22.52656, KLD:20455.20312
=> saved checkpoint 'checkpoints_CNN/mnist_VAE_s10_v10_SE/last' (iter 17280, epoch 64.0)
=> saved checkpoint 'checkpoint_scores_CNN/mnist_VAE_s10_v10_SE/last' (iter 17280, epoch 64.0)
EarlyStopping counter: 6 out of 25
[Save Checkpoint] epoch: [64.0], Train: total:5099.77881, BCE:-21.84378, KLD:5121.62549,Test: total:20295.09961, BCE:-22.09906, KLD:20317.19922
=> saved checkpoint 'checkpoints_CNN/mnist_VAE_s10_v10_SE/last' (iter 17550, epoch 65.0)
=> saved checkpoint 'checkpoint_scores_CNN/mnist_VAE_s10_v10_SE/last' (iter 17550, epoch 65.0)
EarlyStopping counter: 7 out of 25
[Save Checkpoint] epoch: [65.0], Train: total:5114.59033, BCE:-21.81980, KLD:5136.40820,Test: total:20355.51758, BCE:-22.07426, KLD:20377.59180
=> saved checkpoint 'checkpoints_CNN/mnist_VAE_s10_v10_SE/last' (iter 17820, epoch 66.0)
=> saved checkpoint 'checkpoint_scores_CNN/mnist_VAE_s10_v10_SE/last' (iter 17820, epoch 66.0)
EarlyStopping counter: 8 out of 25
[Save Checkpoint] epoch: [66.0], Train: total:5102.34766, BCE:-21.87161, KLD:5124.21973,Test: total:20306.52734, BCE:-22.12105, KLD:20328.65039
=> saved checkpoint 'checkpoints_CNN/mnist_VAE_s10_v10_SE/last' (iter 18090, epoch 67.0)
=> saved checkpoint 'checkpoint_scores_CNN/mnist_VAE_s10_v10_SE/last' (iter 18090, epoch 67.0)
EarlyStopping counter: 9 out of 25
[Save Checkpoint] epoch: [67.0], Train: total:5116.87646, BCE:-21.81903, KLD:5138.69531,Test: total:20362.12305, BCE:-22.07230, KLD:20384.19336
Epoch    68: reducing learning rate of group 0 to 8.0000e-06.
=> saved checkpoint 'checkpoints_CNN/mnist_VAE_s10_v10_SE/last' (iter 18360, epoch 68.0)
=> saved checkpoint 'checkpoint_scores_CNN/mnist_VAE_s10_v10_SE/last' (iter 18360, epoch 68.0)
EarlyStopping counter: 10 out of 25
[Save Checkpoint] epoch: [68.0], Train: total:5099.89404, BCE:-21.88264, KLD:5121.77783,Test: total:20297.92773, BCE:-22.13400, KLD:20320.06445
=> saved checkpoint 'checkpoints_CNN/mnist_VAE_s10_v10_SE/last' (iter 18630, epoch 69.0)
=> saved checkpoint 'checkpoint_scores_CNN/mnist_VAE_s10_v10_SE/last' (iter 18630, epoch 69.0)
EarlyStopping counter: 11 out of 25
[Save Checkpoint] epoch: [69.0], Train: total:5104.43701, BCE:-21.85612, KLD:5126.29297,Test: total:20313.52930, BCE:-22.12121, KLD:20335.64844
=> saved checkpoint 'checkpoints_CNN/mnist_VAE_s10_v10_SE/last' (iter 18900, epoch 70.0)
=> saved checkpoint 'checkpoint_scores_CNN/mnist_VAE_s10_v10_SE/last' (iter 18900, epoch 70.0)
EarlyStopping counter: 12 out of 25
[Save Checkpoint] epoch: [70.0], Train: total:5104.76904, BCE:-21.90359, KLD:5126.67285,Test: total:20315.25977, BCE:-22.15885, KLD:20337.41992
=> saved checkpoint 'checkpoints_CNN/mnist_VAE_s10_v10_SE/last' (iter 19170, epoch 71.0)
=> saved checkpoint 'checkpoint_scores_CNN/mnist_VAE_s10_v10_SE/last' (iter 19170, epoch 71.0)
EarlyStopping counter: 13 out of 25
[Save Checkpoint] epoch: [71.0], Train: total:5107.14551, BCE:-21.85742, KLD:5129.00293,Test: total:20324.83008, BCE:-22.10028, KLD:20346.92773
=> saved checkpoint 'checkpoints_CNN/mnist_VAE_s10_v10_SE/last' (iter 19440, epoch 72.0)
=> saved checkpoint 'checkpoint_scores_CNN/mnist_VAE_s10_v10_SE/last' (iter 19440, epoch 72.0)
EarlyStopping counter: 14 out of 25
[Save Checkpoint] epoch: [72.0], Train: total:5106.04346, BCE:-21.85220, KLD:5127.89551,Test: total:20320.12891, BCE:-22.10656, KLD:20342.23438
Epoch    73: reducing learning rate of group 0 to 1.6000e-06.
=> saved checkpoint 'checkpoints_CNN/mnist_VAE_s10_v10_SE/last' (iter 19710, epoch 73.0)
=> saved checkpoint 'checkpoint_scores_CNN/mnist_VAE_s10_v10_SE/last' (iter 19710, epoch 73.0)
EarlyStopping counter: 15 out of 25
[Save Checkpoint] epoch: [73.0], Train: total:5104.23486, BCE:-21.87523, KLD:5126.10889,Test: total:20313.31836, BCE:-22.13847, KLD:20335.46094
=> saved checkpoint 'checkpoints_CNN/mnist_VAE_s10_v10_SE/last' (iter 19980, epoch 74.0)
=> saved checkpoint 'checkpoint_scores_CNN/mnist_VAE_s10_v10_SE/last' (iter 19980, epoch 74.0)
EarlyStopping counter: 16 out of 25
[Save Checkpoint] epoch: [74.0], Train: total:5107.41602, BCE:-21.90971, KLD:5129.32666,Test: total:20326.77930, BCE:-22.15906, KLD:20348.93750
=> saved checkpoint 'checkpoints_CNN/mnist_VAE_s10_v10_SE/last' (iter 20250, epoch 75.0)
=> saved checkpoint 'checkpoint_scores_CNN/mnist_VAE_s10_v10_SE/last' (iter 20250, epoch 75.0)
EarlyStopping counter: 17 out of 25
[Save Checkpoint] epoch: [75.0], Train: total:5108.52881, BCE:-21.93380, KLD:5130.46533,Test: total:20331.03906, BCE:-22.19375, KLD:20353.23438
=> saved checkpoint 'checkpoints_CNN/mnist_VAE_s10_v10_SE/last' (iter 20520, epoch 76.0)
=> saved checkpoint 'checkpoint_scores_CNN/mnist_VAE_s10_v10_SE/last' (iter 20520, epoch 76.0)
EarlyStopping counter: 18 out of 25
[Save Checkpoint] epoch: [76.0], Train: total:5109.77100, BCE:-21.93410, KLD:5131.70410,Test: total:20336.25391, BCE:-22.17887, KLD:20358.43359
=> saved checkpoint 'checkpoints_CNN/mnist_VAE_s10_v10_SE/last' (iter 20790, epoch 77.0)
=> saved checkpoint 'checkpoint_scores_CNN/mnist_VAE_s10_v10_SE/last' (iter 20790, epoch 77.0)
EarlyStopping counter: 19 out of 25
[Save Checkpoint] epoch: [77.0], Train: total:5108.61572, BCE:-21.94119, KLD:5130.55615,Test: total:20331.44922, BCE:-22.19308, KLD:20353.64062
Epoch    78: reducing learning rate of group 0 to 1.0000e-06.
=> saved checkpoint 'checkpoints_CNN/mnist_VAE_s10_v10_SE/last' (iter 21060, epoch 78.0)
=> saved checkpoint 'checkpoint_scores_CNN/mnist_VAE_s10_v10_SE/last' (iter 21060, epoch 78.0)
EarlyStopping counter: 20 out of 25
[Save Checkpoint] epoch: [78.0], Train: total:5107.72510, BCE:-21.92714, KLD:5129.65381,Test: total:20327.50586, BCE:-22.19599, KLD:20349.70117
=> saved checkpoint 'checkpoints_CNN/mnist_VAE_s10_v10_SE/last' (iter 21330, epoch 79.0)
=> saved checkpoint 'checkpoint_scores_CNN/mnist_VAE_s10_v10_SE/last' (iter 21330, epoch 79.0)
EarlyStopping counter: 21 out of 25
[Save Checkpoint] epoch: [79.0], Train: total:5106.52002, BCE:-21.95331, KLD:5128.47363,Test: total:20323.00391, BCE:-22.18813, KLD:20345.19336
=> saved checkpoint 'checkpoints_CNN/mnist_VAE_s10_v10_SE/last' (iter 21600, epoch 80.0)
=> saved checkpoint 'checkpoint_scores_CNN/mnist_VAE_s10_v10_SE/last' (iter 21600, epoch 80.0)
EarlyStopping counter: 22 out of 25
[Save Checkpoint] epoch: [80.0], Train: total:5108.88379, BCE:-21.95337, KLD:5130.83545,Test: total:20332.26953, BCE:-22.20181, KLD:20354.47266
=> saved checkpoint 'checkpoints_CNN/mnist_VAE_s10_v10_SE/last' (iter 21870, epoch 81.0)
=> saved checkpoint 'checkpoint_scores_CNN/mnist_VAE_s10_v10_SE/last' (iter 21870, epoch 81.0)
EarlyStopping counter: 23 out of 25
[Save Checkpoint] epoch: [81.0], Train: total:5107.28027, BCE:-21.95767, KLD:5129.23926,Test: total:20325.99023, BCE:-22.21281, KLD:20348.20312
=> saved checkpoint 'checkpoints_CNN/mnist_VAE_s10_v10_SE/last' (iter 22140, epoch 82.0)
=> saved checkpoint 'checkpoint_scores_CNN/mnist_VAE_s10_v10_SE/last' (iter 22140, epoch 82.0)
EarlyStopping counter: 24 out of 25
[Save Checkpoint] epoch: [82.0], Train: total:5105.92285, BCE:-21.95040, KLD:5127.87402,Test: total:20320.58789, BCE:-22.20152, KLD:20342.79102
=> saved checkpoint 'checkpoints_CNN/mnist_VAE_s10_v10_SE/last' (iter 22410, epoch 83.0)
=> saved checkpoint 'checkpoint_scores_CNN/mnist_VAE_s10_v10_SE/last' (iter 22410, epoch 83.0)
EarlyStopping counter: 25 out of 25
[Save Checkpoint] epoch: [83.0], Train: total:5107.03857, BCE:-21.97034, KLD:5129.00781,Test: total:20324.97070, BCE:-22.21770, KLD:20347.18750
Early stopping
[Training Finished]
All done !
