31
--gpu_devices 0 --max_iter 100 --batch_size 250 --use_scheduler True --lr 1e-3 --GMP True --z_struct_size 10 --is_VAE True --is_encoder_struct False --lambda_BCE 1 --beta 1 --big_kernel_size 8 --two_conv_layer True --three_conv_layer True --kernel_size_1 4 --kernel_size_2 4 --kernel_size_3 4 --BK_in_first_layer True --BK_in_second_layer False --BK_in_third_layer False --stride_size 1 --hidden_filters_layer1 64 --hidden_filters_layer2 64 --hidden_filters_layer3 64 --dataset_balanced True --binary_z True --binary_first_conv False --binary_second_conv False --binary_third_conv True --z_var_size 30 --z_struct_size 30 --use_small_lr_encoder_var True --encoder_var_name mnist_vae_var_2cb_30 --encoder_struct_name mnist_struct_baseline_scheduler_binary_30 --both_decoders_freeze True --freeze_Encoder True --exp_name mnist_VAE_s30_v30_BF
Namespace(BK_in_first_layer=True, BK_in_second_layer=False, BK_in_third_layer=False, BN=False, C_max=25, C_stop_iter=100000.0, E1_AE=False, E1_VAE=False, E1_conv=False, E1_dense=False, E1_second_conv=False, E1_second_conv_adapt=False, GMP=True, Hmg_dst_loss=False, IPC=False, L1_norm_act=False, L1_norm_weights=False, L3_without_random=False, LOG_DIR='logs', adapt_lr=False, add_classification_layer=True, add_linear_after_GMP=True, add_z_struct_bottleneck=False, alpha=32, batch_size=250, beta=1.0, beta1=0.9, beta2=0.999, big_kernel=False, big_kernel_size=8, binary_chain=False, binary_first_conv=False, binary_second_conv=False, binary_third_conv=True, binary_z=True, both_decoders_freeze=True, ckpt_dir='checkpoints_CNN', ckpt_dir_scores='checkpoint_scores_CNN', classif_layer_size=30, contrastive_loss=False, cuda=True, dataset='mnist', dataset_balanced=True, decoder_first_dense=36, decoder_kernel_size_1=4, decoder_kernel_size_2=3, decoder_kernel_size_3=4, decoder_n_filter_1=64, decoder_n_filter_2=64, decoder_n_filter_3=64, decoder_stride_1=2, decoder_stride_2=2, decoder_stride_3=1, diff_var=False, display_step=10000, dset_dir='data', encoder_struct_name='mnist_struct_baseline_scheduler_binary_30', encoder_var_name='mnist_vae_var_2cb_30', exp_name='mnist_VAE_s30_v30_BF', freeze_Encoder=True, gamma=1000, gpu_devices=[0], hidden_filters_layer1=64, hidden_filters_layer2=64, hidden_filters_layer3=64, image_size=64, intra_class_variance_loss=False, is_C=True, is_E1=False, is_VAE=True, is_VAE_var=False, is_binary_structural_latent=False, is_custom_model=False, is_custom_model_BK=False, is_default_model=False, is_encoder_struct=False, is_noise_stats=False, is_partial_rand_class=False, is_perturbed_score=False, is_zvar_sim_loss=False, just_train=False, kernel_size=4, kernel_size_1=4, kernel_size_2=4, kernel_size_3=4, lambda_BCE=1.0, lambda_Kl_struct=1, lambda_Kl_var=1, lambda_L1=0.01, lambda_VAE=1, lambda_class=1, lambda_contrastive_loss=1, lambda_distance_mean=1, lambda_hmg_dst=1, lambda_intra_class_var=1, lambda_partial_class=1, lambda_ratio_reg=1, lambda_recon_wt_rand=1, lambda_recons=1, lambda_uniq_code_dst=1, lambda_var_distance=1, lambda_var_inter=1, lambda_var_intra=1, lambda_zvar_sim=1, latent_spec_cont=None, latent_spec_cont_class=None, latent_spec_cont_var=None, latent_spec_disc=None, latent_spec_disc_class=None, latent_spec_disc_var=None, log_level='info', loss='Proxy_Anchor', loss_distance_mean=False, loss_min_distance_cl=False, lr=0.001, max_epoch_use_uniq_code_target=5, max_iter=100.0, model='CNN', mrg=0.1, nb_epochs_train_only_zvar=0, num_workers=2, old_weighted=False, optimizer='adamw', other_architecture=False, other_ratio=False, random_percentage=0.2, random_seed=10, randomness=True, ratio_reg=False, remark='', save_step=10000, second_layer_C=False, seed=1, stride_size=1, sz_embedding=5, three_conv_layer=True, train=True, train_var_struct_alternatively=False, two_conv_layer=True, two_encoder=False, uniq_code_dst_loss=False, use_VAE=False, use_decoder=False, use_early_stopping=True, use_scheduler=True, use_small_lr_encoder_var=True, use_structural_encoder=False, value_target_distance_mean=1, var_hidden_dim=256, var_hidden_filters_1=32, var_hidden_filters_2=32, var_hidden_filters_3=32, var_kernel_size_1=3, var_kernel_size_2=3, var_kernel_size_3=3, var_second_cnn_block=True, var_stride_size_1=1, var_stride_size_2=1, var_stride_size_3=1, var_third_cnn_block=False, var_three_conv_layer=False, warm=1, without_acc=False, z_struct_size=30, z_var_size=30, zeros_W_Classif=False, zvar_sim_change_zvar=False, zvar_sim_loss_for_all_model=False, zvar_sim_loss_only_for_encoder=False, zvar_sim_normal=False, zvar_sim_var_rand=False)
CUDA Visible devices !
[Using Seed: 10]
Balanced dataset loaded
VAE doesn't exist but encoder var yes ! load var encoder weighs !
=> loaded checkpoint 'checkpoints_CNN/mnist_vae_var_2cb_30/last (iter 69375)'
Weighs loaded for var encoder !
VAE doesn't exist but encoder struct yes ! load struct encoder weighs !
=> loaded checkpoint 'checkpoints_CNN/mnist_struct_baseline_scheduler_binary_30/last (iter 22680)'
Weighs loaded for struct encoder !
use 1 gpu who named: Tesla V100-SXM2-32GB
VAE(
  (encoder_struct): Sequential(
    (0): Conv2d(1, 64, kernel_size=(8, 8), stride=(1, 1))
    (1): BatchNorm2d(64, eps=1e-05, momentum=0.1, affine=True, track_running_stats=True)
    (2): ReLU(inplace=True)
    (3): Conv2d(64, 64, kernel_size=(4, 4), stride=(1, 1))
    (4): BatchNorm2d(64, eps=1e-05, momentum=0.1, affine=True, track_running_stats=True)
    (5): ReLU(inplace=True)
    (6): Conv2d(64, 30, kernel_size=(4, 4), stride=(1, 1))
    (7): BatchNorm2d(30, eps=1e-05, momentum=0.1, affine=True, track_running_stats=True)
    (8): DeterministicBinaryActivation(
      (act): Hardsigmoid(
        (act): Hardtanh(min_val=-1.0, max_val=1.0)
      )
    )
    (9): AdaptiveMaxPool2d(output_size=(1, 1))
    (10): View()
  )
  (encoder_var): Sequential(
    (0): Conv2d(1, 32, kernel_size=(3, 3), stride=(1, 1))
    (1): ReLU(inplace=True)
    (2): BatchNorm2d(32, eps=1e-05, momentum=0.1, affine=True, track_running_stats=True)
    (3): Conv2d(32, 32, kernel_size=(3, 3), stride=(1, 1))
    (4): ReLU(inplace=True)
    (5): BatchNorm2d(32, eps=1e-05, momentum=0.1, affine=True, track_running_stats=True)
    (6): Conv2d(32, 32, kernel_size=(5, 5), stride=(2, 2), padding=(2, 2))
    (7): ReLU(inplace=True)
    (8): BatchNorm2d(32, eps=1e-05, momentum=0.1, affine=True, track_running_stats=True)
    (9): Dropout(p=0.4, inplace=False)
    (10): Conv2d(32, 64, kernel_size=(3, 3), stride=(1, 1))
    (11): ReLU(inplace=True)
    (12): BatchNorm2d(64, eps=1e-05, momentum=0.1, affine=True, track_running_stats=True)
    (13): Conv2d(64, 64, kernel_size=(3, 3), stride=(1, 1))
    (14): ReLU(inplace=True)
    (15): BatchNorm2d(64, eps=1e-05, momentum=0.1, affine=True, track_running_stats=True)
    (16): Conv2d(64, 64, kernel_size=(5, 5), stride=(2, 2), padding=(2, 2))
    (17): ReLU(inplace=True)
    (18): BatchNorm2d(64, eps=1e-05, momentum=0.1, affine=True, track_running_stats=True)
    (19): Dropout(p=0.4, inplace=False)
    (20): View()
    (21): Linear(in_features=1600, out_features=60, bias=True)
  )
  (decoder): Sequential(
    (0): Linear(in_features=60, out_features=1600, bias=True)
    (1): ReLU(inplace=True)
    (2): View()
    (3): ConvTranspose2d(64, 64, kernel_size=(4, 4), stride=(2, 2), padding=(1, 1))
    (4): ReLU(inplace=True)
    (5): ConvTranspose2d(64, 64, kernel_size=(3, 3), stride=(1, 1))
    (6): ReLU(inplace=True)
    (7): ConvTranspose2d(64, 32, kernel_size=(3, 3), stride=(1, 1))
    (8): ReLU(inplace=True)
    (9): ConvTranspose2d(32, 32, kernel_size=(4, 4), stride=(2, 2), padding=(1, 1))
    (10): ReLU(inplace=True)
    (11): ConvTranspose2d(32, 32, kernel_size=(3, 3), stride=(1, 1))
    (12): ReLU(inplace=True)
    (13): ConvTranspose2d(32, 1, kernel_size=(3, 3), stride=(1, 1))
    (14): Sigmoid()
  )
)
The number of parameters of model is 635095
use smaller lr for encoder var !
=> saved checkpoint 'checkpoints_CNN/mnist_VAE_s30_v30_BF/last' (iter 270, epoch 1.0)
=> saved checkpoint 'checkpoint_scores_CNN/mnist_VAE_s30_v30_BF/last' (iter 270, epoch 1.0)
[Save Checkpoint] epoch: [1.0], Train: total:7465.08203, BCE:-19.44291, KLD:7484.52539,Test: total:29581.86328, BCE:-19.56504, KLD:29601.41992
=> saved checkpoint 'checkpoints_CNN/mnist_VAE_s30_v30_BF/last' (iter 540, epoch 2.0)
=> saved checkpoint 'checkpoint_scores_CNN/mnist_VAE_s30_v30_BF/last' (iter 540, epoch 2.0)
[Save Checkpoint] epoch: [2.0], Train: total:7467.30859, BCE:-17.21152, KLD:7484.51416,Test: total:29584.08203, BCE:-17.30186, KLD:29601.38477
=> saved checkpoint 'checkpoints_CNN/mnist_VAE_s30_v30_BF/last' (iter 810, epoch 3.0)
=> saved checkpoint 'checkpoint_scores_CNN/mnist_VAE_s30_v30_BF/last' (iter 810, epoch 3.0)
[Save Checkpoint] epoch: [3.0], Train: total:7469.99219, BCE:-16.65413, KLD:7486.64453,Test: total:29593.01562, BCE:-16.77015, KLD:29609.78516
=> saved checkpoint 'checkpoints_CNN/mnist_VAE_s30_v30_BF/last' (iter 1080, epoch 4.0)
=> saved checkpoint 'checkpoint_scores_CNN/mnist_VAE_s30_v30_BF/last' (iter 1080, epoch 4.0)
[Save Checkpoint] epoch: [4.0], Train: total:7468.67285, BCE:-16.91828, KLD:7485.58887,Test: total:29588.52539, BCE:-17.07812, KLD:29605.60742
=> saved checkpoint 'checkpoints_CNN/mnist_VAE_s30_v30_BF/last' (iter 1350, epoch 5.0)
=> saved checkpoint 'checkpoint_scores_CNN/mnist_VAE_s30_v30_BF/last' (iter 1350, epoch 5.0)
[Save Checkpoint] epoch: [5.0], Train: total:7469.83643, BCE:-15.81986, KLD:7485.66260,Test: total:29589.75977, BCE:-16.00134, KLD:29605.76367
=> saved checkpoint 'checkpoints_CNN/mnist_VAE_s30_v30_BF/last' (iter 1620, epoch 6.0)
=> saved checkpoint 'checkpoint_scores_CNN/mnist_VAE_s30_v30_BF/last' (iter 1620, epoch 6.0)
[Save Checkpoint] epoch: [6.0], Train: total:7468.14355, BCE:-16.99822, KLD:7485.14209,Test: total:29586.57812, BCE:-17.19643, KLD:29603.77539
=> saved checkpoint 'checkpoints_CNN/mnist_VAE_s30_v30_BF/last' (iter 1890, epoch 7.0)
=> saved checkpoint 'checkpoint_scores_CNN/mnist_VAE_s30_v30_BF/last' (iter 1890, epoch 7.0)
[Save Checkpoint] epoch: [7.0], Train: total:7466.28369, BCE:-17.82341, KLD:7484.10547,Test: total:29581.70703, BCE:-18.07160, KLD:29599.77930
=> saved checkpoint 'checkpoints_CNN/mnist_VAE_s30_v30_BF/last' (iter 2160, epoch 8.0)
=> saved checkpoint 'checkpoint_scores_CNN/mnist_VAE_s30_v30_BF/last' (iter 2160, epoch 8.0)
[Save Checkpoint] epoch: [8.0], Train: total:7465.93799, BCE:-18.15574, KLD:7484.09326,Test: total:29581.20117, BCE:-18.44166, KLD:29599.64062
=> saved checkpoint 'checkpoints_CNN/mnist_VAE_s30_v30_BF/last' (iter 2430, epoch 9.0)
=> saved checkpoint 'checkpoint_scores_CNN/mnist_VAE_s30_v30_BF/last' (iter 2430, epoch 9.0)
[Save Checkpoint] epoch: [9.0], Train: total:7467.41797, BCE:-18.27636, KLD:7485.69580,Test: total:29587.35742, BCE:-18.59060, KLD:29605.94336
=> saved checkpoint 'checkpoints_CNN/mnist_VAE_s30_v30_BF/last' (iter 2700, epoch 10.0)
=> saved checkpoint 'checkpoint_scores_CNN/mnist_VAE_s30_v30_BF/last' (iter 2700, epoch 10.0)
[Save Checkpoint] epoch: [10.0], Train: total:7464.00635, BCE:-19.69867, KLD:7483.70703,Test: total:29578.08398, BCE:-20.02721, KLD:29598.11328
=> saved checkpoint 'checkpoints_CNN/mnist_VAE_s30_v30_BF/last' (iter 2970, epoch 11.0)
=> saved checkpoint 'checkpoint_scores_CNN/mnist_VAE_s30_v30_BF/last' (iter 2970, epoch 11.0)
[Save Checkpoint] epoch: [11.0], Train: total:7465.62549, BCE:-19.57354, KLD:7485.19873,Test: total:29584.05273, BCE:-19.92134, KLD:29603.97852
=> saved checkpoint 'checkpoints_CNN/mnist_VAE_s30_v30_BF/last' (iter 3240, epoch 12.0)
=> saved checkpoint 'checkpoint_scores_CNN/mnist_VAE_s30_v30_BF/last' (iter 3240, epoch 12.0)
EarlyStopping counter: 1 out of 25
[Save Checkpoint] epoch: [12.0], Train: total:7466.82520, BCE:-20.37064, KLD:7487.19434,Test: total:29591.12305, BCE:-20.77819, KLD:29611.90039
=> saved checkpoint 'checkpoints_CNN/mnist_VAE_s30_v30_BF/last' (iter 3510, epoch 13.0)
=> saved checkpoint 'checkpoint_scores_CNN/mnist_VAE_s30_v30_BF/last' (iter 3510, epoch 13.0)
EarlyStopping counter: 2 out of 25
[Save Checkpoint] epoch: [13.0], Train: total:7462.51416, BCE:-20.45182, KLD:7482.96875,Test: total:29574.37500, BCE:-20.84766, KLD:29595.22852
=> saved checkpoint 'checkpoints_CNN/mnist_VAE_s30_v30_BF/last' (iter 3780, epoch 14.0)
=> saved checkpoint 'checkpoint_scores_CNN/mnist_VAE_s30_v30_BF/last' (iter 3780, epoch 14.0)
[Save Checkpoint] epoch: [14.0], Train: total:7465.14795, BCE:-20.27944, KLD:7485.42773,Test: total:29584.18164, BCE:-20.69039, KLD:29604.87305
=> saved checkpoint 'checkpoints_CNN/mnist_VAE_s30_v30_BF/last' (iter 4050, epoch 15.0)
=> saved checkpoint 'checkpoint_scores_CNN/mnist_VAE_s30_v30_BF/last' (iter 4050, epoch 15.0)
EarlyStopping counter: 1 out of 25
[Save Checkpoint] epoch: [15.0], Train: total:7464.55859, BCE:-21.29634, KLD:7485.85596,Test: total:29584.91992, BCE:-21.70922, KLD:29606.63086
=> saved checkpoint 'checkpoints_CNN/mnist_VAE_s30_v30_BF/last' (iter 4320, epoch 16.0)
=> saved checkpoint 'checkpoint_scores_CNN/mnist_VAE_s30_v30_BF/last' (iter 4320, epoch 16.0)
[Save Checkpoint] epoch: [16.0], Train: total:7463.50195, BCE:-22.44037, KLD:7485.94287,Test: total:29584.09961, BCE:-22.90620, KLD:29607.00586
=> saved checkpoint 'checkpoints_CNN/mnist_VAE_s30_v30_BF/last' (iter 4590, epoch 17.0)
=> saved checkpoint 'checkpoint_scores_CNN/mnist_VAE_s30_v30_BF/last' (iter 4590, epoch 17.0)
EarlyStopping counter: 1 out of 25
[Save Checkpoint] epoch: [17.0], Train: total:7462.02197, BCE:-23.14611, KLD:7485.16895,Test: total:29580.41211, BCE:-23.63124, KLD:29604.04688
=> saved checkpoint 'checkpoints_CNN/mnist_VAE_s30_v30_BF/last' (iter 4860, epoch 18.0)
=> saved checkpoint 'checkpoint_scores_CNN/mnist_VAE_s30_v30_BF/last' (iter 4860, epoch 18.0)
[Save Checkpoint] epoch: [18.0], Train: total:7460.04736, BCE:-23.50445, KLD:7483.55078,Test: total:29573.56055, BCE:-24.02167, KLD:29597.57812
=> saved checkpoint 'checkpoints_CNN/mnist_VAE_s30_v30_BF/last' (iter 5130, epoch 19.0)
=> saved checkpoint 'checkpoint_scores_CNN/mnist_VAE_s30_v30_BF/last' (iter 5130, epoch 19.0)
[Save Checkpoint] epoch: [19.0], Train: total:7462.33447, BCE:-24.03899, KLD:7486.37256,Test: total:29584.18555, BCE:-24.53336, KLD:29608.71875
=> saved checkpoint 'checkpoints_CNN/mnist_VAE_s30_v30_BF/last' (iter 5400, epoch 20.0)
=> saved checkpoint 'checkpoint_scores_CNN/mnist_VAE_s30_v30_BF/last' (iter 5400, epoch 20.0)
EarlyStopping counter: 1 out of 25
[Save Checkpoint] epoch: [20.0], Train: total:7460.48486, BCE:-24.73311, KLD:7485.21582,Test: total:29578.96289, BCE:-25.21280, KLD:29604.17773
=> saved checkpoint 'checkpoints_CNN/mnist_VAE_s30_v30_BF/last' (iter 5670, epoch 21.0)
=> saved checkpoint 'checkpoint_scores_CNN/mnist_VAE_s30_v30_BF/last' (iter 5670, epoch 21.0)
[Save Checkpoint] epoch: [21.0], Train: total:7459.85889, BCE:-26.34050, KLD:7486.19971,Test: total:29581.13867, BCE:-26.84258, KLD:29607.98438
=> saved checkpoint 'checkpoints_CNN/mnist_VAE_s30_v30_BF/last' (iter 5940, epoch 22.0)
=> saved checkpoint 'checkpoint_scores_CNN/mnist_VAE_s30_v30_BF/last' (iter 5940, epoch 22.0)
[Save Checkpoint] epoch: [22.0], Train: total:7457.54004, BCE:-27.51499, KLD:7485.05518,Test: total:29575.56250, BCE:-28.01220, KLD:29603.57617
=> saved checkpoint 'checkpoints_CNN/mnist_VAE_s30_v30_BF/last' (iter 6210, epoch 23.0)
=> saved checkpoint 'checkpoint_scores_CNN/mnist_VAE_s30_v30_BF/last' (iter 6210, epoch 23.0)
EarlyStopping counter: 1 out of 25
[Save Checkpoint] epoch: [23.0], Train: total:7459.86230, BCE:-27.08973, KLD:7486.95312,Test: total:29583.31641, BCE:-27.62186, KLD:29610.93750
=> saved checkpoint 'checkpoints_CNN/mnist_VAE_s30_v30_BF/last' (iter 6480, epoch 24.0)
=> saved checkpoint 'checkpoint_scores_CNN/mnist_VAE_s30_v30_BF/last' (iter 6480, epoch 24.0)
EarlyStopping counter: 2 out of 25
[Save Checkpoint] epoch: [24.0], Train: total:7456.12695, BCE:-28.25769, KLD:7484.38379,Test: total:29572.10938, BCE:-28.77050, KLD:29600.88477
=> saved checkpoint 'checkpoints_CNN/mnist_VAE_s30_v30_BF/last' (iter 6750, epoch 25.0)
=> saved checkpoint 'checkpoint_scores_CNN/mnist_VAE_s30_v30_BF/last' (iter 6750, epoch 25.0)
EarlyStopping counter: 3 out of 25
[Save Checkpoint] epoch: [25.0], Train: total:7455.77637, BCE:-29.22891, KLD:7485.00684,Test: total:29573.45703, BCE:-29.75364, KLD:29603.21289
=> saved checkpoint 'checkpoints_CNN/mnist_VAE_s30_v30_BF/last' (iter 7020, epoch 26.0)
=> saved checkpoint 'checkpoint_scores_CNN/mnist_VAE_s30_v30_BF/last' (iter 7020, epoch 26.0)
EarlyStopping counter: 4 out of 25
[Save Checkpoint] epoch: [26.0], Train: total:7454.27002, BCE:-29.68608, KLD:7483.95557,Test: total:29568.92773, BCE:-30.19965, KLD:29599.12500
Epoch    27: reducing learning rate of group 0 to 2.0000e-04.
Epoch    27: reducing learning rate of group 1 to 2.0000e-06.
=> saved checkpoint 'checkpoints_CNN/mnist_VAE_s30_v30_BF/last' (iter 7290, epoch 27.0)
=> saved checkpoint 'checkpoint_scores_CNN/mnist_VAE_s30_v30_BF/last' (iter 7290, epoch 27.0)
EarlyStopping counter: 5 out of 25
[Save Checkpoint] epoch: [27.0], Train: total:7454.26758, BCE:-30.10051, KLD:7484.36572,Test: total:29570.23242, BCE:-30.60681, KLD:29600.84180
=> saved checkpoint 'checkpoints_CNN/mnist_VAE_s30_v30_BF/last' (iter 7560, epoch 28.0)
=> saved checkpoint 'checkpoint_scores_CNN/mnist_VAE_s30_v30_BF/last' (iter 7560, epoch 28.0)
[Save Checkpoint] epoch: [28.0], Train: total:7455.82324, BCE:-30.43748, KLD:7486.25977,Test: total:29577.34180, BCE:-30.95433, KLD:29608.29492
=> saved checkpoint 'checkpoints_CNN/mnist_VAE_s30_v30_BF/last' (iter 7830, epoch 29.0)
=> saved checkpoint 'checkpoint_scores_CNN/mnist_VAE_s30_v30_BF/last' (iter 7830, epoch 29.0)
EarlyStopping counter: 1 out of 25
[Save Checkpoint] epoch: [29.0], Train: total:7454.74609, BCE:-30.63812, KLD:7485.38232,Test: total:29573.56836, BCE:-31.14639, KLD:29604.71680
=> saved checkpoint 'checkpoints_CNN/mnist_VAE_s30_v30_BF/last' (iter 8100, epoch 30.0)
=> saved checkpoint 'checkpoint_scores_CNN/mnist_VAE_s30_v30_BF/last' (iter 8100, epoch 30.0)
EarlyStopping counter: 2 out of 25
[Save Checkpoint] epoch: [30.0], Train: total:7452.24316, BCE:-30.79083, KLD:7483.03418,Test: total:29564.25000, BCE:-31.29469, KLD:29595.54492
=> saved checkpoint 'checkpoints_CNN/mnist_VAE_s30_v30_BF/last' (iter 8370, epoch 31.0)
=> saved checkpoint 'checkpoint_scores_CNN/mnist_VAE_s30_v30_BF/last' (iter 8370, epoch 31.0)
[Save Checkpoint] epoch: [31.0], Train: total:7453.97266, BCE:-31.22538, KLD:7485.19873,Test: total:29572.34180, BCE:-31.71091, KLD:29604.04688
=> saved checkpoint 'checkpoints_CNN/mnist_VAE_s30_v30_BF/last' (iter 8640, epoch 32.0)
=> saved checkpoint 'checkpoint_scores_CNN/mnist_VAE_s30_v30_BF/last' (iter 8640, epoch 32.0)
EarlyStopping counter: 1 out of 25
[Save Checkpoint] epoch: [32.0], Train: total:7452.95508, BCE:-31.54566, KLD:7484.50146,Test: total:29569.16992, BCE:-32.05627, KLD:29601.22461
=> saved checkpoint 'checkpoints_CNN/mnist_VAE_s30_v30_BF/last' (iter 8910, epoch 33.0)
=> saved checkpoint 'checkpoint_scores_CNN/mnist_VAE_s30_v30_BF/last' (iter 8910, epoch 33.0)
EarlyStopping counter: 2 out of 25
[Save Checkpoint] epoch: [33.0], Train: total:7452.31738, BCE:-31.70260, KLD:7484.02246,Test: total:29567.19727, BCE:-32.22660, KLD:29599.42188
=> saved checkpoint 'checkpoints_CNN/mnist_VAE_s30_v30_BF/last' (iter 9180, epoch 34.0)
=> saved checkpoint 'checkpoint_scores_CNN/mnist_VAE_s30_v30_BF/last' (iter 9180, epoch 34.0)
[Save Checkpoint] epoch: [34.0], Train: total:7453.71777, BCE:-31.49959, KLD:7485.21631,Test: total:29572.12891, BCE:-32.01503, KLD:29604.14453
=> saved checkpoint 'checkpoints_CNN/mnist_VAE_s30_v30_BF/last' (iter 9450, epoch 35.0)
=> saved checkpoint 'checkpoint_scores_CNN/mnist_VAE_s30_v30_BF/last' (iter 9450, epoch 35.0)
[Save Checkpoint] epoch: [35.0], Train: total:7452.89502, BCE:-31.75669, KLD:7484.65137,Test: total:29569.60938, BCE:-32.25630, KLD:29601.86914
=> saved checkpoint 'checkpoints_CNN/mnist_VAE_s30_v30_BF/last' (iter 9720, epoch 36.0)
=> saved checkpoint 'checkpoint_scores_CNN/mnist_VAE_s30_v30_BF/last' (iter 9720, epoch 36.0)
EarlyStopping counter: 1 out of 25
[Save Checkpoint] epoch: [36.0], Train: total:7452.13916, BCE:-31.92612, KLD:7484.06494,Test: total:29567.17188, BCE:-32.42469, KLD:29599.59766
=> saved checkpoint 'checkpoints_CNN/mnist_VAE_s30_v30_BF/last' (iter 9990, epoch 37.0)
=> saved checkpoint 'checkpoint_scores_CNN/mnist_VAE_s30_v30_BF/last' (iter 9990, epoch 37.0)
EarlyStopping counter: 2 out of 25
[Save Checkpoint] epoch: [37.0], Train: total:7454.01953, BCE:-32.21935, KLD:7486.23633,Test: total:29575.40430, BCE:-32.71568, KLD:29608.11914
=> saved checkpoint 'checkpoints_CNN/mnist_VAE_s30_v30_BF/last' (iter 10260, epoch 38.0)
=> saved checkpoint 'checkpoint_scores_CNN/mnist_VAE_s30_v30_BF/last' (iter 10260, epoch 38.0)
EarlyStopping counter: 3 out of 25
[Save Checkpoint] epoch: [38.0], Train: total:7455.21533, BCE:-31.73943, KLD:7486.95605,Test: total:29578.67188, BCE:-32.23497, KLD:29610.90430
=> saved checkpoint 'checkpoints_CNN/mnist_VAE_s30_v30_BF/last' (iter 10530, epoch 39.0)
=> saved checkpoint 'checkpoint_scores_CNN/mnist_VAE_s30_v30_BF/last' (iter 10530, epoch 39.0)
EarlyStopping counter: 4 out of 25
[Save Checkpoint] epoch: [39.0], Train: total:7453.47266, BCE:-32.25839, KLD:7485.72803,Test: total:29573.36328, BCE:-32.73206, KLD:29606.09375
Epoch    40: reducing learning rate of group 0 to 4.0000e-05.
Epoch    40: reducing learning rate of group 1 to 1.0000e-06.
=> saved checkpoint 'checkpoints_CNN/mnist_VAE_s30_v30_BF/last' (iter 10800, epoch 40.0)
=> saved checkpoint 'checkpoint_scores_CNN/mnist_VAE_s30_v30_BF/last' (iter 10800, epoch 40.0)
EarlyStopping counter: 5 out of 25
[Save Checkpoint] epoch: [40.0], Train: total:7452.61377, BCE:-32.26464, KLD:7484.87695,Test: total:29570.08398, BCE:-32.75195, KLD:29602.83789
=> saved checkpoint 'checkpoints_CNN/mnist_VAE_s30_v30_BF/last' (iter 11070, epoch 41.0)
=> saved checkpoint 'checkpoint_scores_CNN/mnist_VAE_s30_v30_BF/last' (iter 11070, epoch 41.0)
EarlyStopping counter: 6 out of 25
[Save Checkpoint] epoch: [41.0], Train: total:7452.38525, BCE:-32.38038, KLD:7484.76514,Test: total:29569.45703, BCE:-32.87633, KLD:29602.33398
=> saved checkpoint 'checkpoints_CNN/mnist_VAE_s30_v30_BF/last' (iter 11340, epoch 42.0)
=> saved checkpoint 'checkpoint_scores_CNN/mnist_VAE_s30_v30_BF/last' (iter 11340, epoch 42.0)
EarlyStopping counter: 7 out of 25
[Save Checkpoint] epoch: [42.0], Train: total:7453.09082, BCE:-32.42862, KLD:7485.52197,Test: total:29572.32617, BCE:-32.92919, KLD:29605.25391
=> saved checkpoint 'checkpoints_CNN/mnist_VAE_s30_v30_BF/last' (iter 11610, epoch 43.0)
=> saved checkpoint 'checkpoint_scores_CNN/mnist_VAE_s30_v30_BF/last' (iter 11610, epoch 43.0)
EarlyStopping counter: 8 out of 25
[Save Checkpoint] epoch: [43.0], Train: total:7454.60303, BCE:-32.37196, KLD:7486.97461,Test: total:29578.16016, BCE:-32.86037, KLD:29611.01953
=> saved checkpoint 'checkpoints_CNN/mnist_VAE_s30_v30_BF/last' (iter 11880, epoch 44.0)
=> saved checkpoint 'checkpoint_scores_CNN/mnist_VAE_s30_v30_BF/last' (iter 11880, epoch 44.0)
EarlyStopping counter: 9 out of 25
[Save Checkpoint] epoch: [44.0], Train: total:7454.25098, BCE:-32.35240, KLD:7486.60254,Test: total:29576.75391, BCE:-32.85584, KLD:29609.60938
Epoch    45: reducing learning rate of group 0 to 8.0000e-06.
=> saved checkpoint 'checkpoints_CNN/mnist_VAE_s30_v30_BF/last' (iter 12150, epoch 45.0)
=> saved checkpoint 'checkpoint_scores_CNN/mnist_VAE_s30_v30_BF/last' (iter 12150, epoch 45.0)
EarlyStopping counter: 10 out of 25
[Save Checkpoint] epoch: [45.0], Train: total:7450.58154, BCE:-32.52745, KLD:7483.10889,Test: total:29562.83789, BCE:-33.02194, KLD:29595.85938
=> saved checkpoint 'checkpoints_CNN/mnist_VAE_s30_v30_BF/last' (iter 12420, epoch 46.0)
=> saved checkpoint 'checkpoint_scores_CNN/mnist_VAE_s30_v30_BF/last' (iter 12420, epoch 46.0)
EarlyStopping counter: 11 out of 25
[Save Checkpoint] epoch: [46.0], Train: total:7453.29932, BCE:-32.46489, KLD:7485.76807,Test: total:29573.47266, BCE:-32.95239, KLD:29606.42188
=> saved checkpoint 'checkpoints_CNN/mnist_VAE_s30_v30_BF/last' (iter 12690, epoch 47.0)
=> saved checkpoint 'checkpoint_scores_CNN/mnist_VAE_s30_v30_BF/last' (iter 12690, epoch 47.0)
EarlyStopping counter: 12 out of 25
[Save Checkpoint] epoch: [47.0], Train: total:7451.37695, BCE:-32.42747, KLD:7483.80371,Test: total:29565.64062, BCE:-32.91748, KLD:29598.55664
=> saved checkpoint 'checkpoints_CNN/mnist_VAE_s30_v30_BF/last' (iter 12960, epoch 48.0)
=> saved checkpoint 'checkpoint_scores_CNN/mnist_VAE_s30_v30_BF/last' (iter 12960, epoch 48.0)
EarlyStopping counter: 13 out of 25
[Save Checkpoint] epoch: [48.0], Train: total:7453.66602, BCE:-32.41348, KLD:7486.08154,Test: total:29574.58203, BCE:-32.90480, KLD:29607.48438
=> saved checkpoint 'checkpoints_CNN/mnist_VAE_s30_v30_BF/last' (iter 13230, epoch 49.0)
=> saved checkpoint 'checkpoint_scores_CNN/mnist_VAE_s30_v30_BF/last' (iter 13230, epoch 49.0)
EarlyStopping counter: 14 out of 25
[Save Checkpoint] epoch: [49.0], Train: total:7451.90332, BCE:-32.48525, KLD:7484.39111,Test: total:29567.86328, BCE:-32.99261, KLD:29600.85742
Epoch    50: reducing learning rate of group 0 to 1.6000e-06.
=> saved checkpoint 'checkpoints_CNN/mnist_VAE_s30_v30_BF/last' (iter 13500, epoch 50.0)
=> saved checkpoint 'checkpoint_scores_CNN/mnist_VAE_s30_v30_BF/last' (iter 13500, epoch 50.0)
EarlyStopping counter: 15 out of 25
[Save Checkpoint] epoch: [50.0], Train: total:7453.16553, BCE:-32.53572, KLD:7485.70361,Test: total:29572.96289, BCE:-33.02481, KLD:29605.98828
=> saved checkpoint 'checkpoints_CNN/mnist_VAE_s30_v30_BF/last' (iter 13770, epoch 51.0)
=> saved checkpoint 'checkpoint_scores_CNN/mnist_VAE_s30_v30_BF/last' (iter 13770, epoch 51.0)
EarlyStopping counter: 16 out of 25
[Save Checkpoint] epoch: [51.0], Train: total:7453.25049, BCE:-32.51185, KLD:7485.76074,Test: total:29573.22461, BCE:-33.01977, KLD:29606.24805
=> saved checkpoint 'checkpoints_CNN/mnist_VAE_s30_v30_BF/last' (iter 14040, epoch 52.0)
=> saved checkpoint 'checkpoint_scores_CNN/mnist_VAE_s30_v30_BF/last' (iter 14040, epoch 52.0)
EarlyStopping counter: 17 out of 25
[Save Checkpoint] epoch: [52.0], Train: total:7452.08203, BCE:-32.49828, KLD:7484.58301,Test: total:29568.62305, BCE:-33.00210, KLD:29601.62305
=> saved checkpoint 'checkpoints_CNN/mnist_VAE_s30_v30_BF/last' (iter 14310, epoch 53.0)
=> saved checkpoint 'checkpoint_scores_CNN/mnist_VAE_s30_v30_BF/last' (iter 14310, epoch 53.0)
EarlyStopping counter: 18 out of 25
[Save Checkpoint] epoch: [53.0], Train: total:7452.12549, BCE:-32.49565, KLD:7484.62207,Test: total:29568.86328, BCE:-32.99770, KLD:29601.86328
=> saved checkpoint 'checkpoints_CNN/mnist_VAE_s30_v30_BF/last' (iter 14580, epoch 54.0)
=> saved checkpoint 'checkpoint_scores_CNN/mnist_VAE_s30_v30_BF/last' (iter 14580, epoch 54.0)
EarlyStopping counter: 19 out of 25
[Save Checkpoint] epoch: [54.0], Train: total:7453.13721, BCE:-32.49163, KLD:7485.63232,Test: total:29572.86914, BCE:-32.97225, KLD:29605.84180
Epoch    55: reducing learning rate of group 0 to 1.0000e-06.
=> saved checkpoint 'checkpoints_CNN/mnist_VAE_s30_v30_BF/last' (iter 14850, epoch 55.0)
=> saved checkpoint 'checkpoint_scores_CNN/mnist_VAE_s30_v30_BF/last' (iter 14850, epoch 55.0)
EarlyStopping counter: 20 out of 25
[Save Checkpoint] epoch: [55.0], Train: total:7453.35352, BCE:-32.49309, KLD:7485.84668,Test: total:29573.57812, BCE:-32.98505, KLD:29606.56641
=> saved checkpoint 'checkpoints_CNN/mnist_VAE_s30_v30_BF/last' (iter 15120, epoch 56.0)
=> saved checkpoint 'checkpoint_scores_CNN/mnist_VAE_s30_v30_BF/last' (iter 15120, epoch 56.0)
EarlyStopping counter: 21 out of 25
[Save Checkpoint] epoch: [56.0], Train: total:7452.58643, BCE:-32.49870, KLD:7485.08643,Test: total:29570.70117, BCE:-32.99734, KLD:29603.70117
=> saved checkpoint 'checkpoints_CNN/mnist_VAE_s30_v30_BF/last' (iter 15390, epoch 57.0)
=> saved checkpoint 'checkpoint_scores_CNN/mnist_VAE_s30_v30_BF/last' (iter 15390, epoch 57.0)
EarlyStopping counter: 22 out of 25
[Save Checkpoint] epoch: [57.0], Train: total:7453.58594, BCE:-32.51171, KLD:7486.09229,Test: total:29574.57617, BCE:-33.02743, KLD:29607.59961
=> saved checkpoint 'checkpoints_CNN/mnist_VAE_s30_v30_BF/last' (iter 15660, epoch 58.0)
=> saved checkpoint 'checkpoint_scores_CNN/mnist_VAE_s30_v30_BF/last' (iter 15660, epoch 58.0)
EarlyStopping counter: 23 out of 25
[Save Checkpoint] epoch: [58.0], Train: total:7451.04150, BCE:-32.52085, KLD:7483.56445,Test: total:29564.57227, BCE:-33.03627, KLD:29597.61328
=> saved checkpoint 'checkpoints_CNN/mnist_VAE_s30_v30_BF/last' (iter 15930, epoch 59.0)
=> saved checkpoint 'checkpoint_scores_CNN/mnist_VAE_s30_v30_BF/last' (iter 15930, epoch 59.0)
EarlyStopping counter: 24 out of 25
[Save Checkpoint] epoch: [59.0], Train: total:7452.15576, BCE:-32.52382, KLD:7484.67627,Test: total:29568.94727, BCE:-33.01075, KLD:29601.95703
=> saved checkpoint 'checkpoints_CNN/mnist_VAE_s30_v30_BF/last' (iter 16200, epoch 60.0)
=> saved checkpoint 'checkpoint_scores_CNN/mnist_VAE_s30_v30_BF/last' (iter 16200, epoch 60.0)
EarlyStopping counter: 25 out of 25
[Save Checkpoint] epoch: [60.0], Train: total:7454.83447, BCE:-32.52905, KLD:7487.36621,Test: total:29579.55664, BCE:-33.01182, KLD:29612.56836
Early stopping
[Training Finished]
All done !
