41
--dataset mnist --model CNN --gpu_devices 0 1 --max_iter 50 --batch_size 256 --ckpt_dir checkpoints_CNN --ckpt_dir_scores checkpoint_scores_CNN --use_scheduler True --GMP True --lr 1e-3 --z_struct_size 20 --add_classification_layer True --classif_layer_size 30 --is_default_model False --is_custom_model False --is_custom_model_BK True --big_kernel_size 8 --two_conv_layer True --three_conv_layer False --BK_in_first_layer True --BK_in_second_layer False --BK_in_third_layer False --stride_size 1 --hidden_filters_layer1 32 --hidden_filters_layer2 32 --hidden_filters_layer3 32 --ratio_reg True --lambda_ratio_reg 1 --lambda_class 1 --other_ratio False --loss_min_distance_cl False --lambda_var_distance 1 --intra_class_variance_loss False --lambda_intra_class_var 1 --contrastive_loss False --lambda_contrastive_loss 1 --alpha 32 --loss Proxy_Anchor --optimizer adamw --mrg 0.1 --IPC False --warm 1 --sz_embedding 32 --dataset_balanced True --loss_distance_mean False --lambda_distance_mean 1 --value_target_distance_mean 10 --lambda_var_intra 0.0001 --lambda_var_inter 1 --exp_name mnist_classif_balanced_dataset_intra_inter_6_2
Namespace(BK_in_first_layer=True, BK_in_second_layer=False, BK_in_third_layer=False, BN=False, C_max=25, C_stop_iter=100000.0, E1_AE=False, E1_VAE=False, E1_conv=False, E1_dense=False, E1_second_conv=False, E1_second_conv_adapt=False, GMP=True, IPC=False, L1_norm_act=False, L1_norm_weights=False, L3_without_random=False, LOG_DIR='logs', adapt_lr=False, add_classification_layer=True, add_linear_after_GMP=True, add_z_struct_bottleneck=False, alpha=32.0, batch_size=256, beta=1, beta1=0.9, beta2=0.999, big_kernel=False, big_kernel_size=[8], binary_z=False, ckpt_dir='checkpoints_CNN', ckpt_dir_scores='checkpoint_scores_CNN', classif_layer_size=30, contrastive_loss=False, cuda=True, dataset='mnist', dataset_balanced=True, display_step=10000, dset_dir='data', exp_name='mnist_classif_balanced_dataset_intra_inter_6_2', gamma=1000, gpu_devices=[0, 1], hidden_filters_layer1=32, hidden_filters_layer2=32, hidden_filters_layer3=32, image_size=64, intra_class_variance_loss=False, is_C=True, is_E1=False, is_binary_structural_latent=False, is_custom_model=False, is_custom_model_BK=True, is_default_model=False, is_noise_stats=False, is_partial_rand_class=False, is_perturbed_score=False, is_zvar_sim_loss=False, just_train=False, kernel_size=4, lambda_Kl_struct=1, lambda_Kl_var=1, lambda_L1=0.01, lambda_VAE=1, lambda_class=1.0, lambda_contrastive_loss=1.0, lambda_distance_mean=1.0, lambda_intra_class_var=1.0, lambda_partial_class=1, lambda_ratio_reg=1.0, lambda_recon_wt_rand=1, lambda_recons=1, lambda_var_distance=1.0, lambda_var_inter=1.0, lambda_var_intra=0.0001, lambda_zvar_sim=1, latent_spec_cont=None, latent_spec_cont_class=None, latent_spec_cont_var=None, latent_spec_disc=None, latent_spec_disc_class=None, latent_spec_disc_var=None, log_level='info', loss='Proxy_Anchor', loss_distance_mean=False, loss_min_distance_cl=False, lr=0.001, max_iter=50.0, model='CNN', mrg=0.1, num_workers=2, old_weighted=False, optimizer='adamw', other_ratio=False, random_percentage=0.2, ratio_reg=True, remark='', save_step=10000, second_layer_C=False, seed=1, stride_size=1, sz_embedding=32, three_conv_layer=False, train=True, two_conv_layer=True, two_encoder=False, use_early_stopping=True, use_scheduler=True, value_target_distance_mean=10.0, warm=1, without_acc=False, z_struct_size=20, zeros_W_Classif=False, zvar_sim_change_zvar=False, zvar_sim_loss_for_all_model=False, zvar_sim_loss_only_for_encoder=False, zvar_sim_normal=False, zvar_sim_var_rand=False)
CUDA Visible devices !
Balanced samples per class
Custom_CNN_BK(
  (net): Sequential(
    (0): Conv2d(1, 32, kernel_size=(8, 8), stride=(1, 1))
    (1): BatchNorm2d(32, eps=1e-05, momentum=0.1, affine=True, track_running_stats=True)
    (2): ReLU(inplace=True)
    (3): Conv2d(32, 32, kernel_size=(4, 4), stride=(1, 1))
    (4): BatchNorm2d(32, eps=1e-05, momentum=0.1, affine=True, track_running_stats=True)
    (5): ReLU(inplace=True)
    (6): AdaptiveMaxPool2d(output_size=(1, 1))
    (7): View()
    (8): Linear(in_features=32, out_features=20, bias=True)
    (9): BatchNorm1d(20, eps=1e-05, momentum=0.1, affine=True, track_running_stats=True)
    (10): ReLU(inplace=True)
    (11): Dropout(p=0.4, inplace=False)
    (12): Linear(in_features=20, out_features=30, bias=True)
    (13): BatchNorm1d(30, eps=1e-05, momentum=0.1, affine=True, track_running_stats=True)
    (14): ReLU(inplace=True)
    (15): Dropout(p=0.4, inplace=False)
    (16): Linear(in_features=30, out_features=10, bias=True)
    (17): Softmax(dim=None)
  )
)
The number of parameters of model is 20324
use 1 gpu who named: Tesla V100-SXM2-32GB
=> loaded sample_scores and losses
=> no checkpoint found at 'checkpoints_CNN/mnist_classif_balanced_dataset_intra_inter_6_2/last'
=> saved checkpoint 'checkpoints_CNN/mnist_classif_balanced_dataset_intra_inter_6_2/last' (iter 264, epoch 1.0)
=> saved checkpoint 'checkpoint_scores_CNN/mnist_classif_balanced_dataset_intra_inter_6_2/last' (iter 264, epoch 1.0)
[Save Checkpoint] epoch: [1.0], Train score:69.17000, Test score:62.59000, train loss:-0.54890, test loss:-0.55710, ratio_train_loss:0.76281,ratio_test_loss:0.73401, total_loss_train:0.21391,total_loss_test:0.17691, var distance inter class train:0.00000,var distance inter class test:0.00000
=> saved checkpoint 'checkpoints_CNN/mnist_classif_balanced_dataset_intra_inter_6_2/last' (iter 528, epoch 2.0)
=> saved checkpoint 'checkpoint_scores_CNN/mnist_classif_balanced_dataset_intra_inter_6_2/last' (iter 528, epoch 2.0)
[Save Checkpoint] epoch: [2.0], Train score:72.30500, Test score:65.04000, train loss:-0.61303, test loss:-0.61912, ratio_train_loss:0.79146,ratio_test_loss:0.75510, total_loss_train:0.17843,total_loss_test:0.13597, var distance inter class train:0.00000,var distance inter class test:0.00000
=> saved checkpoint 'checkpoints_CNN/mnist_classif_balanced_dataset_intra_inter_6_2/last' (iter 792, epoch 3.0)
=> saved checkpoint 'checkpoint_scores_CNN/mnist_classif_balanced_dataset_intra_inter_6_2/last' (iter 792, epoch 3.0)
[Save Checkpoint] epoch: [3.0], Train score:71.32167, Test score:64.53000, train loss:-0.61765, test loss:-0.62647, ratio_train_loss:0.79253,ratio_test_loss:0.75281, total_loss_train:0.17487,total_loss_test:0.12634, var distance inter class train:0.00000,var distance inter class test:0.00000
=> saved checkpoint 'checkpoints_CNN/mnist_classif_balanced_dataset_intra_inter_6_2/last' (iter 1056, epoch 4.0)
=> saved checkpoint 'checkpoint_scores_CNN/mnist_classif_balanced_dataset_intra_inter_6_2/last' (iter 1056, epoch 4.0)
EarlyStopping counter: 1 out of 10
[Save Checkpoint] epoch: [4.0], Train score:71.51667, Test score:64.38000, train loss:-0.62363, test loss:-0.63053, ratio_train_loss:0.80441,ratio_test_loss:0.76360, total_loss_train:0.18078,total_loss_test:0.13307, var distance inter class train:0.00000,var distance inter class test:0.00000
=> saved checkpoint 'checkpoints_CNN/mnist_classif_balanced_dataset_intra_inter_6_2/last' (iter 1320, epoch 5.0)
=> saved checkpoint 'checkpoint_scores_CNN/mnist_classif_balanced_dataset_intra_inter_6_2/last' (iter 1320, epoch 5.0)
EarlyStopping counter: 2 out of 10
[Save Checkpoint] epoch: [5.0], Train score:71.93000, Test score:64.73000, train loss:-0.63103, test loss:-0.63666, ratio_train_loss:0.81589,ratio_test_loss:0.77309, total_loss_train:0.18487,total_loss_test:0.13644, var distance inter class train:0.00000,var distance inter class test:0.00000
=> saved checkpoint 'checkpoints_CNN/mnist_classif_balanced_dataset_intra_inter_6_2/last' (iter 1584, epoch 6.0)
=> saved checkpoint 'checkpoint_scores_CNN/mnist_classif_balanced_dataset_intra_inter_6_2/last' (iter 1584, epoch 6.0)
EarlyStopping counter: 3 out of 10
[Save Checkpoint] epoch: [6.0], Train score:72.99500, Test score:66.17000, train loss:-0.63675, test loss:-0.64732, ratio_train_loss:0.82889,ratio_test_loss:0.78342, total_loss_train:0.19215,total_loss_test:0.13610, var distance inter class train:0.00000,var distance inter class test:0.00000
=> saved checkpoint 'checkpoints_CNN/mnist_classif_balanced_dataset_intra_inter_6_2/last' (iter 1848, epoch 7.0)
=> saved checkpoint 'checkpoint_scores_CNN/mnist_classif_balanced_dataset_intra_inter_6_2/last' (iter 1848, epoch 7.0)
EarlyStopping counter: 4 out of 10
[Save Checkpoint] epoch: [7.0], Train score:72.30500, Test score:65.40000, train loss:-0.63399, test loss:-0.64132, ratio_train_loss:0.84791,ratio_test_loss:0.80029, total_loss_train:0.21392,total_loss_test:0.15897, var distance inter class train:0.00000,var distance inter class test:0.00000
=> saved checkpoint 'checkpoints_CNN/mnist_classif_balanced_dataset_intra_inter_6_2/last' (iter 2112, epoch 8.0)
=> saved checkpoint 'checkpoint_scores_CNN/mnist_classif_balanced_dataset_intra_inter_6_2/last' (iter 2112, epoch 8.0)
EarlyStopping counter: 5 out of 10
[Save Checkpoint] epoch: [8.0], Train score:72.42500, Test score:65.90000, train loss:-0.63764, test loss:-0.64771, ratio_train_loss:0.87620,ratio_test_loss:0.82444, total_loss_train:0.23856,total_loss_test:0.17673, var distance inter class train:0.00000,var distance inter class test:0.00000
=> saved checkpoint 'checkpoints_CNN/mnist_classif_balanced_dataset_intra_inter_6_2/last' (iter 2376, epoch 9.0)
=> saved checkpoint 'checkpoint_scores_CNN/mnist_classif_balanced_dataset_intra_inter_6_2/last' (iter 2376, epoch 9.0)
EarlyStopping counter: 6 out of 10
[Save Checkpoint] epoch: [9.0], Train score:58.74000, Test score:53.39000, train loss:-0.51756, test loss:-0.52449, ratio_train_loss:0.80696,ratio_test_loss:0.75773, total_loss_train:0.28940,total_loss_test:0.23324, var distance inter class train:0.00000,var distance inter class test:0.00000
=> saved checkpoint 'checkpoints_CNN/mnist_classif_balanced_dataset_intra_inter_6_2/last' (iter 2640, epoch 10.0)
=> saved checkpoint 'checkpoint_scores_CNN/mnist_classif_balanced_dataset_intra_inter_6_2/last' (iter 2640, epoch 10.0)
EarlyStopping counter: 7 out of 10
[Save Checkpoint] epoch: [10.0], Train score:56.60667, Test score:50.86000, train loss:-0.50115, test loss:-0.50659, ratio_train_loss:0.84999,ratio_test_loss:0.80316, total_loss_train:0.34884,total_loss_test:0.29657, var distance inter class train:0.00000,var distance inter class test:0.00000
=> saved checkpoint 'checkpoints_CNN/mnist_classif_balanced_dataset_intra_inter_6_2/last' (iter 2904, epoch 11.0)
=> saved checkpoint 'checkpoint_scores_CNN/mnist_classif_balanced_dataset_intra_inter_6_2/last' (iter 2904, epoch 11.0)
EarlyStopping counter: 8 out of 10
[Save Checkpoint] epoch: [11.0], Train score:57.23500, Test score:52.07000, train loss:-0.50287, test loss:-0.50948, ratio_train_loss:0.91295,ratio_test_loss:0.86772, total_loss_train:0.41007,total_loss_test:0.35824, var distance inter class train:0.00000,var distance inter class test:0.00000
=> saved checkpoint 'checkpoints_CNN/mnist_classif_balanced_dataset_intra_inter_6_2/last' (iter 3168, epoch 12.0)
=> saved checkpoint 'checkpoint_scores_CNN/mnist_classif_balanced_dataset_intra_inter_6_2/last' (iter 3168, epoch 12.0)
EarlyStopping counter: 9 out of 10
[Save Checkpoint] epoch: [12.0], Train score:56.45000, Test score:51.43000, train loss:-0.48617, test loss:-0.49183, ratio_train_loss:0.95977,ratio_test_loss:0.91552, total_loss_train:0.47360,total_loss_test:0.42369, var distance inter class train:0.00000,var distance inter class test:0.00000
=> saved checkpoint 'checkpoints_CNN/mnist_classif_balanced_dataset_intra_inter_6_2/last' (iter 3432, epoch 13.0)
=> saved checkpoint 'checkpoint_scores_CNN/mnist_classif_balanced_dataset_intra_inter_6_2/last' (iter 3432, epoch 13.0)
EarlyStopping counter: 10 out of 10
[Save Checkpoint] epoch: [13.0], Train score:55.15167, Test score:50.10000, train loss:-0.48385, test loss:-0.49157, ratio_train_loss:0.97842,ratio_test_loss:0.93503, total_loss_train:0.49457,total_loss_test:0.44346, var distance inter class train:0.00000,var distance inter class test:0.00000
Early stopping
[Training Finished]
All Done!
