12
--gpu_devices 0 --max_iter 100 --batch_size 32 --lr 1e-2 --use_scheduler True --is_default_model False --is_custom_model_BK True --use_VAE True --z_var_size 25 --lambda_BCE 1 --beta 3 --var_hidden_filters_1 32 --var_hidden_filters_2 32 --var_hidden_filters_3 32 --var_kernel_size_1 4 --var_kernel_size_2 4 --var_kernel_size_3 5 --var_stride_size_1 2 --var_stride_size_2 1 --var_stride_size_3 1 --var_hidden_dim 256 --var_three_conv_layer True --use_structural_encoder False --exp_name mnist_balanced_dataset_encoder_ratio_min_and_mean_1_2_1_1_VAE_var_scheduler_2_5
Namespace(BK_in_first_layer=True, BK_in_second_layer=False, BK_in_third_layer=False, BN=False, C_max=25, C_stop_iter=100000.0, E1_AE=False, E1_VAE=False, E1_conv=False, E1_dense=False, E1_second_conv=False, E1_second_conv_adapt=False, GMP=True, IPC=False, L1_norm_act=False, L1_norm_weights=False, L3_without_random=False, LOG_DIR='logs', adapt_lr=False, add_classification_layer=True, add_linear_after_GMP=True, add_z_struct_bottleneck=False, alpha=32, batch_size=32, beta=3.0, beta1=0.9, beta2=0.999, big_kernel=False, big_kernel_size=8, binary_chain=False, binary_z=False, ckpt_dir='checkpoints_CNN', ckpt_dir_scores='checkpoint_scores_CNN', classif_layer_size=30, contrastive_loss=False, cuda=True, dataset='mnist', dataset_balanced=False, decoder_first_dense=36, decoder_kernel_size_1=4, decoder_kernel_size_2=3, decoder_kernel_size_3=4, decoder_n_filter_1=64, decoder_n_filter_2=64, decoder_n_filter_3=64, decoder_stride_1=2, decoder_stride_2=2, decoder_stride_3=1, diff_var=False, display_step=10000, dset_dir='data', exp_name='mnist_balanced_dataset_encoder_ratio_min_and_mean_1_2_1_1_VAE_var_scheduler_2_5', freeze_Encoder=True, gamma=1000, gpu_devices=[0], hidden_filters_layer1=32, hidden_filters_layer2=32, hidden_filters_layer3=32, image_size=64, intra_class_variance_loss=False, is_C=True, is_E1=False, is_binary_structural_latent=False, is_custom_model=False, is_custom_model_BK=True, is_default_model=False, is_noise_stats=False, is_partial_rand_class=False, is_perturbed_score=False, is_zvar_sim_loss=False, just_train=False, kernel_size=4, lambda_BCE=1.0, lambda_Kl_struct=1, lambda_Kl_var=1, lambda_L1=0.01, lambda_VAE=1, lambda_class=1, lambda_contrastive_loss=1, lambda_distance_mean=1, lambda_intra_class_var=1, lambda_partial_class=1, lambda_ratio_reg=1, lambda_recon_wt_rand=1, lambda_recons=1, lambda_var_distance=1, lambda_var_inter=1, lambda_var_intra=1, lambda_zvar_sim=1, latent_spec_cont=None, latent_spec_cont_class=None, latent_spec_cont_var=None, latent_spec_disc=None, latent_spec_disc_class=None, latent_spec_disc_var=None, log_level='info', loss='Proxy_Anchor', loss_distance_mean=False, loss_min_distance_cl=False, lr=0.01, max_iter=100.0, model='CNN', mrg=0.1, nb_epochs_train_only_zvar=0, num_workers=2, old_weighted=False, optimizer='adamw', other_architecture=False, other_ratio=False, random_percentage=0.2, random_seed=10, randomness=True, ratio_reg=False, remark='', save_step=10000, second_layer_C=False, seed=1, stride_size=1, sz_embedding=5, three_conv_layer=False, train=True, train_var_struct_alternatively=False, two_conv_layer=True, two_encoder=False, use_VAE=True, use_decoder=False, use_early_stopping=True, use_scheduler=True, use_structural_encoder=False, value_target_distance_mean=1, var_hidden_dim=256, var_hidden_filters_1=32, var_hidden_filters_2=32, var_hidden_filters_3=32, var_kernel_size_1=4, var_kernel_size_2=4, var_kernel_size_3=5, var_stride_size_1=2, var_stride_size_2=1, var_stride_size_3=1, var_three_conv_layer=True, warm=1, without_acc=False, z_struct_size=32, z_var_size=25, zeros_W_Classif=False, zvar_sim_change_zvar=False, zvar_sim_loss_for_all_model=False, zvar_sim_loss_only_for_encoder=False, zvar_sim_normal=False, zvar_sim_var_rand=False)
CUDA Visible devices !
[Using Seed: 10]
Load Encoder struct weights for VAE
use 1 gpu who named: Tesla V100-SXM2-32GB
=> loaded sample_scores and losses
=> loaded checkpoint 'checkpoints_CNN/mnist_balanced_dataset_encoder_ratio_min_and_mean_1_2_1_1/last (iter 13500)'
useeeee False <class 'bool'>
VAE doesn't exist, create VAE
use 1 gpu who named: Tesla V100-SXM2-32GB
VAE(
  (encoder_var): Sequential(
    (0): Conv2d(1, 32, kernel_size=(4, 4), stride=(2, 2))
    (1): BatchNorm2d(32, eps=1e-05, momentum=0.1, affine=True, track_running_stats=True)
    (2): ReLU(inplace=True)
    (3): Conv2d(32, 32, kernel_size=(4, 4), stride=(1, 1))
    (4): BatchNorm2d(32, eps=1e-05, momentum=0.1, affine=True, track_running_stats=True)
    (5): ReLU(inplace=True)
    (6): Conv2d(32, 32, kernel_size=(5, 5), stride=(1, 1))
    (7): BatchNorm2d(32, eps=1e-05, momentum=0.1, affine=True, track_running_stats=True)
    (8): ReLU(inplace=True)
    (9): View()
    (10): Linear(in_features=2048, out_features=256, bias=True)
    (11): BatchNorm1d(256, eps=1e-05, momentum=0.1, affine=True, track_running_stats=True)
    (12): ReLU(inplace=True)
    (13): Dropout(p=0.4, inplace=False)
    (14): Linear(in_features=256, out_features=50, bias=True)
  )
  (decoder): Sequential(
    (0): Linear(in_features=25, out_features=256, bias=True)
    (1): ReLU(inplace=True)
    (2): Linear(in_features=256, out_features=2048, bias=True)
    (3): ReLU(inplace=True)
    (4): View()
    (5): ConvTranspose2d(32, 32, kernel_size=(5, 5), stride=(1, 1))
    (6): ReLU(inplace=True)
    (7): ConvTranspose2d(32, 32, kernel_size=(4, 4), stride=(1, 1))
    (8): ReLU(inplace=True)
    (9): ConvTranspose2d(32, 1, kernel_size=(4, 4), stride=(2, 2))
    (10): Sigmoid()
  )
)
The number of parameters of model is 1156243
=> saved checkpoint 'checkpoints_CNN/mnist_balanced_dataset_encoder_ratio_min_and_mean_1_2_1_1_VAE_var_scheduler_2_5/last' (iter 1875, epoch 1.0)
=> saved checkpoint 'checkpoint_scores_CNN/mnist_balanced_dataset_encoder_ratio_min_and_mean_1_2_1_1_VAE_var_scheduler_2_5/last' (iter 1875, epoch 1.0)
[Save Checkpoint] epoch: [1.0], Train: total:-23.02135, BCE:-23.06193, KLD:0.01352,Test: total:-21.83884, BCE:-23.39527, KLD:0.51881
=> saved checkpoint 'checkpoints_CNN/mnist_balanced_dataset_encoder_ratio_min_and_mean_1_2_1_1_VAE_var_scheduler_2_5/last' (iter 3750, epoch 2.0)
=> saved checkpoint 'checkpoint_scores_CNN/mnist_balanced_dataset_encoder_ratio_min_and_mean_1_2_1_1_VAE_var_scheduler_2_5/last' (iter 3750, epoch 2.0)
[Save Checkpoint] epoch: [2.0], Train: total:-22.87717, BCE:-22.87720, KLD:0.00001,Test: total:-23.23144, BCE:-23.23264, KLD:0.00040
=> saved checkpoint 'checkpoints_CNN/mnist_balanced_dataset_encoder_ratio_min_and_mean_1_2_1_1_VAE_var_scheduler_2_5/last' (iter 5625, epoch 3.0)
=> saved checkpoint 'checkpoint_scores_CNN/mnist_balanced_dataset_encoder_ratio_min_and_mean_1_2_1_1_VAE_var_scheduler_2_5/last' (iter 5625, epoch 3.0)
EarlyStopping counter: 1 out of 15
[Save Checkpoint] epoch: [3.0], Train: total:-23.13491, BCE:-23.13581, KLD:0.00029,Test: total:-23.42481, BCE:-23.45552, KLD:0.01024
=> saved checkpoint 'checkpoints_CNN/mnist_balanced_dataset_encoder_ratio_min_and_mean_1_2_1_1_VAE_var_scheduler_2_5/last' (iter 7500, epoch 4.0)
=> saved checkpoint 'checkpoint_scores_CNN/mnist_balanced_dataset_encoder_ratio_min_and_mean_1_2_1_1_VAE_var_scheduler_2_5/last' (iter 7500, epoch 4.0)
[Save Checkpoint] epoch: [4.0], Train: total:-23.46446, BCE:-23.46451, KLD:0.00002,Test: total:-23.82184, BCE:-23.82328, KLD:0.00048
=> saved checkpoint 'checkpoints_CNN/mnist_balanced_dataset_encoder_ratio_min_and_mean_1_2_1_1_VAE_var_scheduler_2_5/last' (iter 9375, epoch 5.0)
=> saved checkpoint 'checkpoint_scores_CNN/mnist_balanced_dataset_encoder_ratio_min_and_mean_1_2_1_1_VAE_var_scheduler_2_5/last' (iter 9375, epoch 5.0)
EarlyStopping counter: 1 out of 15
[Save Checkpoint] epoch: [5.0], Train: total:-23.41656, BCE:-23.41676, KLD:0.00006,Test: total:-23.75732, BCE:-23.76300, KLD:0.00190
=> saved checkpoint 'checkpoints_CNN/mnist_balanced_dataset_encoder_ratio_min_and_mean_1_2_1_1_VAE_var_scheduler_2_5/last' (iter 11250, epoch 6.0)
=> saved checkpoint 'checkpoint_scores_CNN/mnist_balanced_dataset_encoder_ratio_min_and_mean_1_2_1_1_VAE_var_scheduler_2_5/last' (iter 11250, epoch 6.0)
[Save Checkpoint] epoch: [6.0], Train: total:-23.46013, BCE:-23.46017, KLD:0.00001,Test: total:-23.79495, BCE:-23.79607, KLD:0.00037
=> saved checkpoint 'checkpoints_CNN/mnist_balanced_dataset_encoder_ratio_min_and_mean_1_2_1_1_VAE_var_scheduler_2_5/last' (iter 13125, epoch 7.0)
=> saved checkpoint 'checkpoint_scores_CNN/mnist_balanced_dataset_encoder_ratio_min_and_mean_1_2_1_1_VAE_var_scheduler_2_5/last' (iter 13125, epoch 7.0)
EarlyStopping counter: 1 out of 15
[Save Checkpoint] epoch: [7.0], Train: total:-23.51094, BCE:-23.51103, KLD:0.00003,Test: total:-23.85464, BCE:-23.85765, KLD:0.00101
=> saved checkpoint 'checkpoints_CNN/mnist_balanced_dataset_encoder_ratio_min_and_mean_1_2_1_1_VAE_var_scheduler_2_5/last' (iter 15000, epoch 8.0)
=> saved checkpoint 'checkpoint_scores_CNN/mnist_balanced_dataset_encoder_ratio_min_and_mean_1_2_1_1_VAE_var_scheduler_2_5/last' (iter 15000, epoch 8.0)
EarlyStopping counter: 2 out of 15
[Save Checkpoint] epoch: [8.0], Train: total:-23.57846, BCE:-23.57855, KLD:0.00003,Test: total:-23.92665, BCE:-23.92933, KLD:0.00089
=> saved checkpoint 'checkpoints_CNN/mnist_balanced_dataset_encoder_ratio_min_and_mean_1_2_1_1_VAE_var_scheduler_2_5/last' (iter 16875, epoch 9.0)
=> saved checkpoint 'checkpoint_scores_CNN/mnist_balanced_dataset_encoder_ratio_min_and_mean_1_2_1_1_VAE_var_scheduler_2_5/last' (iter 16875, epoch 9.0)
EarlyStopping counter: 3 out of 15
[Save Checkpoint] epoch: [9.0], Train: total:-23.48325, BCE:-23.48329, KLD:0.00001,Test: total:-23.83174, BCE:-23.83281, KLD:0.00036
=> saved checkpoint 'checkpoints_CNN/mnist_balanced_dataset_encoder_ratio_min_and_mean_1_2_1_1_VAE_var_scheduler_2_5/last' (iter 18750, epoch 10.0)
=> saved checkpoint 'checkpoint_scores_CNN/mnist_balanced_dataset_encoder_ratio_min_and_mean_1_2_1_1_VAE_var_scheduler_2_5/last' (iter 18750, epoch 10.0)
EarlyStopping counter: 4 out of 15
[Save Checkpoint] epoch: [10.0], Train: total:-23.56739, BCE:-23.56751, KLD:0.00004,Test: total:-23.93109, BCE:-23.93470, KLD:0.00120
=> saved checkpoint 'checkpoints_CNN/mnist_balanced_dataset_encoder_ratio_min_and_mean_1_2_1_1_VAE_var_scheduler_2_5/last' (iter 20625, epoch 11.0)
=> saved checkpoint 'checkpoint_scores_CNN/mnist_balanced_dataset_encoder_ratio_min_and_mean_1_2_1_1_VAE_var_scheduler_2_5/last' (iter 20625, epoch 11.0)
EarlyStopping counter: 5 out of 15
[Save Checkpoint] epoch: [11.0], Train: total:-23.53953, BCE:-23.53971, KLD:0.00006,Test: total:-23.89045, BCE:-23.89173, KLD:0.00043
=> saved checkpoint 'checkpoints_CNN/mnist_balanced_dataset_encoder_ratio_min_and_mean_1_2_1_1_VAE_var_scheduler_2_5/last' (iter 22500, epoch 12.0)
=> saved checkpoint 'checkpoint_scores_CNN/mnist_balanced_dataset_encoder_ratio_min_and_mean_1_2_1_1_VAE_var_scheduler_2_5/last' (iter 22500, epoch 12.0)
[Save Checkpoint] epoch: [12.0], Train: total:-23.59702, BCE:-23.59719, KLD:0.00005,Test: total:-23.94040, BCE:-23.94177, KLD:0.00046
=> saved checkpoint 'checkpoints_CNN/mnist_balanced_dataset_encoder_ratio_min_and_mean_1_2_1_1_VAE_var_scheduler_2_5/last' (iter 24375, epoch 13.0)
=> saved checkpoint 'checkpoint_scores_CNN/mnist_balanced_dataset_encoder_ratio_min_and_mean_1_2_1_1_VAE_var_scheduler_2_5/last' (iter 24375, epoch 13.0)
EarlyStopping counter: 1 out of 15
[Save Checkpoint] epoch: [13.0], Train: total:-23.55523, BCE:-23.55543, KLD:0.00006,Test: total:-23.90898, BCE:-23.91110, KLD:0.00071
=> saved checkpoint 'checkpoints_CNN/mnist_balanced_dataset_encoder_ratio_min_and_mean_1_2_1_1_VAE_var_scheduler_2_5/last' (iter 26250, epoch 14.0)
=> saved checkpoint 'checkpoint_scores_CNN/mnist_balanced_dataset_encoder_ratio_min_and_mean_1_2_1_1_VAE_var_scheduler_2_5/last' (iter 26250, epoch 14.0)
EarlyStopping counter: 2 out of 15
[Save Checkpoint] epoch: [14.0], Train: total:-23.54716, BCE:-23.54716, KLD:-0.00000,Test: total:-23.89745, BCE:-23.89728, KLD:-0.00006
=> saved checkpoint 'checkpoints_CNN/mnist_balanced_dataset_encoder_ratio_min_and_mean_1_2_1_1_VAE_var_scheduler_2_5/last' (iter 28125, epoch 15.0)
=> saved checkpoint 'checkpoint_scores_CNN/mnist_balanced_dataset_encoder_ratio_min_and_mean_1_2_1_1_VAE_var_scheduler_2_5/last' (iter 28125, epoch 15.0)
EarlyStopping counter: 3 out of 15
[Save Checkpoint] epoch: [15.0], Train: total:-23.55563, BCE:-23.55574, KLD:0.00004,Test: total:-23.89832, BCE:-23.90208, KLD:0.00125
=> saved checkpoint 'checkpoints_CNN/mnist_balanced_dataset_encoder_ratio_min_and_mean_1_2_1_1_VAE_var_scheduler_2_5/last' (iter 30000, epoch 16.0)
=> saved checkpoint 'checkpoint_scores_CNN/mnist_balanced_dataset_encoder_ratio_min_and_mean_1_2_1_1_VAE_var_scheduler_2_5/last' (iter 30000, epoch 16.0)
EarlyStopping counter: 4 out of 15
[Save Checkpoint] epoch: [16.0], Train: total:-23.52909, BCE:-23.52910, KLD:0.00000,Test: total:-23.87515, BCE:-23.87551, KLD:0.00012
=> saved checkpoint 'checkpoints_CNN/mnist_balanced_dataset_encoder_ratio_min_and_mean_1_2_1_1_VAE_var_scheduler_2_5/last' (iter 31875, epoch 17.0)
=> saved checkpoint 'checkpoint_scores_CNN/mnist_balanced_dataset_encoder_ratio_min_and_mean_1_2_1_1_VAE_var_scheduler_2_5/last' (iter 31875, epoch 17.0)
EarlyStopping counter: 5 out of 15
[Save Checkpoint] epoch: [17.0], Train: total:-23.53086, BCE:-23.53098, KLD:0.00003,Test: total:-23.87826, BCE:-23.88113, KLD:0.00096
Epoch    18: reducing learning rate of group 0 to 2.0000e-03.
=> saved checkpoint 'checkpoints_CNN/mnist_balanced_dataset_encoder_ratio_min_and_mean_1_2_1_1_VAE_var_scheduler_2_5/last' (iter 33750, epoch 18.0)
=> saved checkpoint 'checkpoint_scores_CNN/mnist_balanced_dataset_encoder_ratio_min_and_mean_1_2_1_1_VAE_var_scheduler_2_5/last' (iter 33750, epoch 18.0)
EarlyStopping counter: 6 out of 15
[Save Checkpoint] epoch: [18.0], Train: total:-23.56149, BCE:-23.56149, KLD:0.00000,Test: total:-23.91571, BCE:-23.91597, KLD:0.00009
=> saved checkpoint 'checkpoints_CNN/mnist_balanced_dataset_encoder_ratio_min_and_mean_1_2_1_1_VAE_var_scheduler_2_5/last' (iter 35625, epoch 19.0)
=> saved checkpoint 'checkpoint_scores_CNN/mnist_balanced_dataset_encoder_ratio_min_and_mean_1_2_1_1_VAE_var_scheduler_2_5/last' (iter 35625, epoch 19.0)
EarlyStopping counter: 7 out of 15
[Save Checkpoint] epoch: [19.0], Train: total:-23.56084, BCE:-23.56090, KLD:0.00002,Test: total:-23.91868, BCE:-23.92000, KLD:0.00044
=> saved checkpoint 'checkpoints_CNN/mnist_balanced_dataset_encoder_ratio_min_and_mean_1_2_1_1_VAE_var_scheduler_2_5/last' (iter 37500, epoch 20.0)
=> saved checkpoint 'checkpoint_scores_CNN/mnist_balanced_dataset_encoder_ratio_min_and_mean_1_2_1_1_VAE_var_scheduler_2_5/last' (iter 37500, epoch 20.0)
EarlyStopping counter: 8 out of 15
[Save Checkpoint] epoch: [20.0], Train: total:-23.56033, BCE:-23.56034, KLD:0.00001,Test: total:-23.91998, BCE:-23.92048, KLD:0.00017
=> saved checkpoint 'checkpoints_CNN/mnist_balanced_dataset_encoder_ratio_min_and_mean_1_2_1_1_VAE_var_scheduler_2_5/last' (iter 39375, epoch 21.0)
=> saved checkpoint 'checkpoint_scores_CNN/mnist_balanced_dataset_encoder_ratio_min_and_mean_1_2_1_1_VAE_var_scheduler_2_5/last' (iter 39375, epoch 21.0)
EarlyStopping counter: 9 out of 15
[Save Checkpoint] epoch: [21.0], Train: total:-23.54552, BCE:-23.54551, KLD:-0.00000,Test: total:-23.90070, BCE:-23.90028, KLD:-0.00014
=> saved checkpoint 'checkpoints_CNN/mnist_balanced_dataset_encoder_ratio_min_and_mean_1_2_1_1_VAE_var_scheduler_2_5/last' (iter 41250, epoch 22.0)
=> saved checkpoint 'checkpoint_scores_CNN/mnist_balanced_dataset_encoder_ratio_min_and_mean_1_2_1_1_VAE_var_scheduler_2_5/last' (iter 41250, epoch 22.0)
EarlyStopping counter: 10 out of 15
[Save Checkpoint] epoch: [22.0], Train: total:-23.54045, BCE:-23.54047, KLD:0.00001,Test: total:-23.89337, BCE:-23.89346, KLD:0.00003
=> saved checkpoint 'checkpoints_CNN/mnist_balanced_dataset_encoder_ratio_min_and_mean_1_2_1_1_VAE_var_scheduler_2_5/last' (iter 43125, epoch 23.0)
=> saved checkpoint 'checkpoint_scores_CNN/mnist_balanced_dataset_encoder_ratio_min_and_mean_1_2_1_1_VAE_var_scheduler_2_5/last' (iter 43125, epoch 23.0)
EarlyStopping counter: 11 out of 15
[Save Checkpoint] epoch: [23.0], Train: total:-23.55507, BCE:-23.55508, KLD:0.00000,Test: total:-23.91090, BCE:-23.91115, KLD:0.00008
Epoch    24: reducing learning rate of group 0 to 4.0000e-04.
=> saved checkpoint 'checkpoints_CNN/mnist_balanced_dataset_encoder_ratio_min_and_mean_1_2_1_1_VAE_var_scheduler_2_5/last' (iter 45000, epoch 24.0)
=> saved checkpoint 'checkpoint_scores_CNN/mnist_balanced_dataset_encoder_ratio_min_and_mean_1_2_1_1_VAE_var_scheduler_2_5/last' (iter 45000, epoch 24.0)
EarlyStopping counter: 12 out of 15
[Save Checkpoint] epoch: [24.0], Train: total:-23.55889, BCE:-23.55890, KLD:0.00000,Test: total:-23.90837, BCE:-23.90876, KLD:0.00013
=> saved checkpoint 'checkpoints_CNN/mnist_balanced_dataset_encoder_ratio_min_and_mean_1_2_1_1_VAE_var_scheduler_2_5/last' (iter 46875, epoch 25.0)
=> saved checkpoint 'checkpoint_scores_CNN/mnist_balanced_dataset_encoder_ratio_min_and_mean_1_2_1_1_VAE_var_scheduler_2_5/last' (iter 46875, epoch 25.0)
EarlyStopping counter: 13 out of 15
[Save Checkpoint] epoch: [25.0], Train: total:-23.56873, BCE:-23.56872, KLD:-0.00000,Test: total:-23.92071, BCE:-23.92056, KLD:-0.00005
=> saved checkpoint 'checkpoints_CNN/mnist_balanced_dataset_encoder_ratio_min_and_mean_1_2_1_1_VAE_var_scheduler_2_5/last' (iter 48750, epoch 26.0)
=> saved checkpoint 'checkpoint_scores_CNN/mnist_balanced_dataset_encoder_ratio_min_and_mean_1_2_1_1_VAE_var_scheduler_2_5/last' (iter 48750, epoch 26.0)
EarlyStopping counter: 14 out of 15
[Save Checkpoint] epoch: [26.0], Train: total:-23.57108, BCE:-23.57109, KLD:0.00000,Test: total:-23.92201, BCE:-23.92224, KLD:0.00008
=> saved checkpoint 'checkpoints_CNN/mnist_balanced_dataset_encoder_ratio_min_and_mean_1_2_1_1_VAE_var_scheduler_2_5/last' (iter 50625, epoch 27.0)
=> saved checkpoint 'checkpoint_scores_CNN/mnist_balanced_dataset_encoder_ratio_min_and_mean_1_2_1_1_VAE_var_scheduler_2_5/last' (iter 50625, epoch 27.0)
EarlyStopping counter: 15 out of 15
[Save Checkpoint] epoch: [27.0], Train: total:-23.56968, BCE:-23.56969, KLD:0.00000,Test: total:-23.92015, BCE:-23.92039, KLD:0.00008
Early stopping
[Training Finished]
All done !
