27
--dataset mnist --model CNN --gpu_devices 0 1 --max_iter 50 --batch_size 512 --ckpt_dir checkpoints_CNN --ckpt_dir_scores checkpoint_scores_CNN --use_scheduler True --GMP True --lr 1e-3 --z_struct_size 20 --add_classification_layer True --classif_layer_size 30 --is_default_model False --is_custom_model False --is_custom_model_BK True --big_kernel_size 8 --two_conv_layer True --three_conv_layer False --BK_in_first_layer True --BK_in_second_layer False --BK_in_third_layer False --stride_size 1 --hidden_filters_layer1 32 --hidden_filters_layer2 32 --hidden_filters_layer3 32 --ratio_reg True --lambda_ratio_reg 0.1 --lambda_class 1 --exp_name CNN_mnist_custom_BK_2layer_bk1_20_ratio_bs_512_2
Namespace(BK_in_first_layer=True, BK_in_second_layer=False, BK_in_third_layer=False, BN=False, C_max=25, C_stop_iter=100000.0, E1_AE=False, E1_VAE=False, E1_conv=False, E1_dense=False, E1_second_conv=False, E1_second_conv_adapt=False, GMP=True, L1_norm_act=False, L1_norm_weights=False, L3_without_random=False, adapt_lr=False, add_classification_layer=True, add_linear_after_GMP=True, add_z_struct_bottleneck=False, batch_size=512, beta=1, beta1=0.9, beta2=0.999, big_kernel=False, big_kernel_size=[8], binary_z=False, ckpt_dir='checkpoints_CNN', ckpt_dir_scores='checkpoint_scores_CNN', classif_layer_size=30, cuda=True, dataset='mnist', display_step=10000, dset_dir='data', exp_name='CNN_mnist_custom_BK_2layer_bk1_20_ratio_bs_512_2', gamma=1000, gpu_devices=[0, 1], hidden_filters_layer1=32, hidden_filters_layer2=32, hidden_filters_layer3=32, image_size=64, is_C=True, is_E1=False, is_binary_structural_latent=False, is_custom_model=False, is_custom_model_BK=True, is_default_model=False, is_noise_stats=False, is_partial_rand_class=False, is_perturbed_score=False, is_zvar_sim_loss=False, just_train=False, kernel_size=4, lambda_Kl_struct=1, lambda_Kl_var=1, lambda_L1=0.01, lambda_VAE=1, lambda_class=1.0, lambda_partial_class=1, lambda_ratio_reg=0.1, lambda_recon_wt_rand=1, lambda_recons=1, lambda_zvar_sim=1, latent_spec_cont=None, latent_spec_cont_class=None, latent_spec_cont_var=None, latent_spec_disc=None, latent_spec_disc_class=None, latent_spec_disc_var=None, log_level='info', lr=0.001, max_iter=50.0, model='CNN', num_workers=2, old_weighted=False, other_ratio=False, random_percentage=0.2, ratio_reg=True, save_step=10000, second_layer_C=False, seed=1, stride_size=1, three_conv_layer=False, train=True, two_conv_layer=True, two_encoder=False, use_early_stopping=False, use_scheduler=True, z_struct_size=20, zeros_W_Classif=False, zvar_sim_change_zvar=False, zvar_sim_loss_for_all_model=False, zvar_sim_loss_only_for_encoder=False, zvar_sim_normal=False, zvar_sim_var_rand=False)
CUDA Visible devices !
Custom_CNN_BK(
  (net): Sequential(
    (0): Conv2d(1, 32, kernel_size=(8, 8), stride=(1, 1))
    (1): BatchNorm2d(32, eps=1e-05, momentum=0.1, affine=True, track_running_stats=True)
    (2): ReLU(inplace=True)
    (3): Conv2d(32, 32, kernel_size=(4, 4), stride=(1, 1))
    (4): BatchNorm2d(32, eps=1e-05, momentum=0.1, affine=True, track_running_stats=True)
    (5): ReLU(inplace=True)
    (6): AdaptiveMaxPool2d(output_size=(1, 1))
    (7): View()
    (8): Linear(in_features=32, out_features=20, bias=True)
    (9): BatchNorm1d(20, eps=1e-05, momentum=0.1, affine=True, track_running_stats=True)
    (10): ReLU(inplace=True)
    (11): Dropout(p=0.4, inplace=False)
    (12): Linear(in_features=20, out_features=30, bias=True)
    (13): BatchNorm1d(30, eps=1e-05, momentum=0.1, affine=True, track_running_stats=True)
    (14): ReLU(inplace=True)
    (15): Dropout(p=0.4, inplace=False)
    (16): Linear(in_features=30, out_features=10, bias=True)
    (17): Softmax(dim=None)
  )
)
The number of parameters of model is 20324
use 1 gpu who named: Tesla V100-SXM2-32GB
=> loaded sample_scores and losses
=> loaded checkpoint 'checkpoints_CNN/CNN_mnist_custom_BK_2layer_bk1_20_ratio_bs_512_2/last (iter 11800)'
=> saved checkpoint 'checkpoints_CNN/CNN_mnist_custom_BK_2layer_bk1_20_ratio_bs_512_2/last' (iter 118, epoch 1.0)
=> saved checkpoint 'checkpoint_scores_CNN/CNN_mnist_custom_BK_2layer_bk1_20_ratio_bs_512_2/last' (iter 118, epoch 1.0)
[Save Checkpoint] epoch: [1.0], Train score:99.00500, Test score:98.72000, train loss:-0.98995, test loss:-0.98709, ratio_train_loss:0.87789,ratio_test_loss:0.84706, total_loss_train:-0.11205,total_loss_test:-0.14003, 
=> saved checkpoint 'checkpoints_CNN/CNN_mnist_custom_BK_2layer_bk1_20_ratio_bs_512_2/last' (iter 236, epoch 2.0)
=> saved checkpoint 'checkpoint_scores_CNN/CNN_mnist_custom_BK_2layer_bk1_20_ratio_bs_512_2/last' (iter 236, epoch 2.0)
[Save Checkpoint] epoch: [2.0], Train score:99.05167, Test score:98.62000, train loss:-0.99034, test loss:-0.98592, ratio_train_loss:0.84345,ratio_test_loss:0.81336, total_loss_train:-0.14689,total_loss_test:-0.17256, 
=> saved checkpoint 'checkpoints_CNN/CNN_mnist_custom_BK_2layer_bk1_20_ratio_bs_512_2/last' (iter 354, epoch 3.0)
=> saved checkpoint 'checkpoint_scores_CNN/CNN_mnist_custom_BK_2layer_bk1_20_ratio_bs_512_2/last' (iter 354, epoch 3.0)
[Save Checkpoint] epoch: [3.0], Train score:98.98333, Test score:98.63000, train loss:-0.98936, test loss:-0.98606, ratio_train_loss:0.84346,ratio_test_loss:0.81715, total_loss_train:-0.14590,total_loss_test:-0.16891, 
=> saved checkpoint 'checkpoints_CNN/CNN_mnist_custom_BK_2layer_bk1_20_ratio_bs_512_2/last' (iter 472, epoch 4.0)
=> saved checkpoint 'checkpoint_scores_CNN/CNN_mnist_custom_BK_2layer_bk1_20_ratio_bs_512_2/last' (iter 472, epoch 4.0)
[Save Checkpoint] epoch: [4.0], Train score:98.98000, Test score:98.67000, train loss:-0.98970, test loss:-0.98651, ratio_train_loss:0.80465,ratio_test_loss:0.77727, total_loss_train:-0.18505,total_loss_test:-0.20925, 
=> saved checkpoint 'checkpoints_CNN/CNN_mnist_custom_BK_2layer_bk1_20_ratio_bs_512_2/last' (iter 590, epoch 5.0)
=> saved checkpoint 'checkpoint_scores_CNN/CNN_mnist_custom_BK_2layer_bk1_20_ratio_bs_512_2/last' (iter 590, epoch 5.0)
[Save Checkpoint] epoch: [5.0], Train score:99.06000, Test score:98.58000, train loss:-0.99046, test loss:-0.98572, ratio_train_loss:0.79069,ratio_test_loss:0.76510, total_loss_train:-0.19977,total_loss_test:-0.22062, 
=> saved checkpoint 'checkpoints_CNN/CNN_mnist_custom_BK_2layer_bk1_20_ratio_bs_512_2/last' (iter 708, epoch 6.0)
=> saved checkpoint 'checkpoint_scores_CNN/CNN_mnist_custom_BK_2layer_bk1_20_ratio_bs_512_2/last' (iter 708, epoch 6.0)
[Save Checkpoint] epoch: [6.0], Train score:99.04000, Test score:98.70000, train loss:-0.99042, test loss:-0.98643, ratio_train_loss:0.80319,ratio_test_loss:0.77856, total_loss_train:-0.18723,total_loss_test:-0.20787, 
=> saved checkpoint 'checkpoints_CNN/CNN_mnist_custom_BK_2layer_bk1_20_ratio_bs_512_2/last' (iter 826, epoch 7.0)
=> saved checkpoint 'checkpoint_scores_CNN/CNN_mnist_custom_BK_2layer_bk1_20_ratio_bs_512_2/last' (iter 826, epoch 7.0)
[Save Checkpoint] epoch: [7.0], Train score:98.85333, Test score:98.58000, train loss:-0.98843, test loss:-0.98524, ratio_train_loss:0.80384,ratio_test_loss:0.78302, total_loss_train:-0.18459,total_loss_test:-0.20222, 
=> saved checkpoint 'checkpoints_CNN/CNN_mnist_custom_BK_2layer_bk1_20_ratio_bs_512_2/last' (iter 944, epoch 8.0)
=> saved checkpoint 'checkpoint_scores_CNN/CNN_mnist_custom_BK_2layer_bk1_20_ratio_bs_512_2/last' (iter 944, epoch 8.0)
[Save Checkpoint] epoch: [8.0], Train score:99.08333, Test score:98.61000, train loss:-0.99070, test loss:-0.98590, ratio_train_loss:0.75844,ratio_test_loss:0.73167, total_loss_train:-0.23226,total_loss_test:-0.25423, 
=> saved checkpoint 'checkpoints_CNN/CNN_mnist_custom_BK_2layer_bk1_20_ratio_bs_512_2/last' (iter 1062, epoch 9.0)
=> saved checkpoint 'checkpoint_scores_CNN/CNN_mnist_custom_BK_2layer_bk1_20_ratio_bs_512_2/last' (iter 1062, epoch 9.0)
[Save Checkpoint] epoch: [9.0], Train score:99.03167, Test score:98.67000, train loss:-0.99024, test loss:-0.98601, ratio_train_loss:0.78135,ratio_test_loss:0.75485, total_loss_train:-0.20889,total_loss_test:-0.23117, 
=> saved checkpoint 'checkpoints_CNN/CNN_mnist_custom_BK_2layer_bk1_20_ratio_bs_512_2/last' (iter 1180, epoch 10.0)
=> saved checkpoint 'checkpoint_scores_CNN/CNN_mnist_custom_BK_2layer_bk1_20_ratio_bs_512_2/last' (iter 1180, epoch 10.0)
[Save Checkpoint] epoch: [10.0], Train score:99.02833, Test score:98.62000, train loss:-0.99007, test loss:-0.98585, ratio_train_loss:0.80536,ratio_test_loss:0.77517, total_loss_train:-0.18471,total_loss_test:-0.21069, 
=> saved checkpoint 'checkpoints_CNN/CNN_mnist_custom_BK_2layer_bk1_20_ratio_bs_512_2/last' (iter 1298, epoch 11.0)
=> saved checkpoint 'checkpoint_scores_CNN/CNN_mnist_custom_BK_2layer_bk1_20_ratio_bs_512_2/last' (iter 1298, epoch 11.0)
[Save Checkpoint] epoch: [11.0], Train score:99.04667, Test score:98.76000, train loss:-0.99038, test loss:-0.98742, ratio_train_loss:0.85855,ratio_test_loss:0.82242, total_loss_train:-0.13183,total_loss_test:-0.16501, 
=> saved checkpoint 'checkpoints_CNN/CNN_mnist_custom_BK_2layer_bk1_20_ratio_bs_512_2/last' (iter 1416, epoch 12.0)
=> saved checkpoint 'checkpoint_scores_CNN/CNN_mnist_custom_BK_2layer_bk1_20_ratio_bs_512_2/last' (iter 1416, epoch 12.0)
[Save Checkpoint] epoch: [12.0], Train score:99.02000, Test score:98.67000, train loss:-0.99014, test loss:-0.98659, ratio_train_loss:0.82082,ratio_test_loss:0.78329, total_loss_train:-0.16932,total_loss_test:-0.20330, 
=> saved checkpoint 'checkpoints_CNN/CNN_mnist_custom_BK_2layer_bk1_20_ratio_bs_512_2/last' (iter 1534, epoch 13.0)
=> saved checkpoint 'checkpoint_scores_CNN/CNN_mnist_custom_BK_2layer_bk1_20_ratio_bs_512_2/last' (iter 1534, epoch 13.0)
[Save Checkpoint] epoch: [13.0], Train score:99.02833, Test score:98.62000, train loss:-0.99017, test loss:-0.98619, ratio_train_loss:0.77397,ratio_test_loss:0.74966, total_loss_train:-0.21620,total_loss_test:-0.23653, 
=> saved checkpoint 'checkpoints_CNN/CNN_mnist_custom_BK_2layer_bk1_20_ratio_bs_512_2/last' (iter 1652, epoch 14.0)
=> saved checkpoint 'checkpoint_scores_CNN/CNN_mnist_custom_BK_2layer_bk1_20_ratio_bs_512_2/last' (iter 1652, epoch 14.0)
[Save Checkpoint] epoch: [14.0], Train score:99.03333, Test score:98.65000, train loss:-0.99024, test loss:-0.98633, ratio_train_loss:0.82765,ratio_test_loss:0.79974, total_loss_train:-0.16259,total_loss_test:-0.18659, 
=> saved checkpoint 'checkpoints_CNN/CNN_mnist_custom_BK_2layer_bk1_20_ratio_bs_512_2/last' (iter 1770, epoch 15.0)
=> saved checkpoint 'checkpoint_scores_CNN/CNN_mnist_custom_BK_2layer_bk1_20_ratio_bs_512_2/last' (iter 1770, epoch 15.0)
[Save Checkpoint] epoch: [15.0], Train score:99.03667, Test score:98.57000, train loss:-0.99022, test loss:-0.98580, ratio_train_loss:0.84296,ratio_test_loss:0.81894, total_loss_train:-0.14725,total_loss_test:-0.16687, 
=> saved checkpoint 'checkpoints_CNN/CNN_mnist_custom_BK_2layer_bk1_20_ratio_bs_512_2/last' (iter 1888, epoch 16.0)
=> saved checkpoint 'checkpoint_scores_CNN/CNN_mnist_custom_BK_2layer_bk1_20_ratio_bs_512_2/last' (iter 1888, epoch 16.0)
[Save Checkpoint] epoch: [16.0], Train score:98.97333, Test score:98.62000, train loss:-0.98963, test loss:-0.98609, ratio_train_loss:0.83844,ratio_test_loss:0.80372, total_loss_train:-0.15119,total_loss_test:-0.18237, 
=> saved checkpoint 'checkpoints_CNN/CNN_mnist_custom_BK_2layer_bk1_20_ratio_bs_512_2/last' (iter 2006, epoch 17.0)
=> saved checkpoint 'checkpoint_scores_CNN/CNN_mnist_custom_BK_2layer_bk1_20_ratio_bs_512_2/last' (iter 2006, epoch 17.0)
[Save Checkpoint] epoch: [17.0], Train score:99.03667, Test score:98.53000, train loss:-0.99030, test loss:-0.98520, ratio_train_loss:0.86491,ratio_test_loss:0.82652, total_loss_train:-0.12538,total_loss_test:-0.15868, 
=> saved checkpoint 'checkpoints_CNN/CNN_mnist_custom_BK_2layer_bk1_20_ratio_bs_512_2/last' (iter 2124, epoch 18.0)
=> saved checkpoint 'checkpoint_scores_CNN/CNN_mnist_custom_BK_2layer_bk1_20_ratio_bs_512_2/last' (iter 2124, epoch 18.0)
[Save Checkpoint] epoch: [18.0], Train score:99.03333, Test score:98.62000, train loss:-0.99014, test loss:-0.98588, ratio_train_loss:0.88783,ratio_test_loss:0.84747, total_loss_train:-0.10231,total_loss_test:-0.13841, 
=> saved checkpoint 'checkpoints_CNN/CNN_mnist_custom_BK_2layer_bk1_20_ratio_bs_512_2/last' (iter 2242, epoch 19.0)
=> saved checkpoint 'checkpoint_scores_CNN/CNN_mnist_custom_BK_2layer_bk1_20_ratio_bs_512_2/last' (iter 2242, epoch 19.0)
[Save Checkpoint] epoch: [19.0], Train score:99.07500, Test score:98.75000, train loss:-0.99058, test loss:-0.98738, ratio_train_loss:0.88525,ratio_test_loss:0.84186, total_loss_train:-0.10533,total_loss_test:-0.14552, 
=> saved checkpoint 'checkpoints_CNN/CNN_mnist_custom_BK_2layer_bk1_20_ratio_bs_512_2/last' (iter 2360, epoch 20.0)
=> saved checkpoint 'checkpoint_scores_CNN/CNN_mnist_custom_BK_2layer_bk1_20_ratio_bs_512_2/last' (iter 2360, epoch 20.0)
[Save Checkpoint] epoch: [20.0], Train score:99.07000, Test score:98.58000, train loss:-0.99056, test loss:-0.98603, ratio_train_loss:0.89723,ratio_test_loss:0.85125, total_loss_train:-0.09332,total_loss_test:-0.13478, 
=> saved checkpoint 'checkpoints_CNN/CNN_mnist_custom_BK_2layer_bk1_20_ratio_bs_512_2/last' (iter 2478, epoch 21.0)
=> saved checkpoint 'checkpoint_scores_CNN/CNN_mnist_custom_BK_2layer_bk1_20_ratio_bs_512_2/last' (iter 2478, epoch 21.0)
[Save Checkpoint] epoch: [21.0], Train score:98.99833, Test score:98.62000, train loss:-0.98957, test loss:-0.98597, ratio_train_loss:0.85165,ratio_test_loss:0.81809, total_loss_train:-0.13792,total_loss_test:-0.16787, 
=> saved checkpoint 'checkpoints_CNN/CNN_mnist_custom_BK_2layer_bk1_20_ratio_bs_512_2/last' (iter 2596, epoch 22.0)
=> saved checkpoint 'checkpoint_scores_CNN/CNN_mnist_custom_BK_2layer_bk1_20_ratio_bs_512_2/last' (iter 2596, epoch 22.0)
[Save Checkpoint] epoch: [22.0], Train score:99.01667, Test score:98.53000, train loss:-0.98993, test loss:-0.98543, ratio_train_loss:0.80517,ratio_test_loss:0.77610, total_loss_train:-0.18476,total_loss_test:-0.20933, 
=> saved checkpoint 'checkpoints_CNN/CNN_mnist_custom_BK_2layer_bk1_20_ratio_bs_512_2/last' (iter 2714, epoch 23.0)
=> saved checkpoint 'checkpoint_scores_CNN/CNN_mnist_custom_BK_2layer_bk1_20_ratio_bs_512_2/last' (iter 2714, epoch 23.0)
[Save Checkpoint] epoch: [23.0], Train score:99.13500, Test score:98.73000, train loss:-0.99111, test loss:-0.98698, ratio_train_loss:0.79600,ratio_test_loss:0.76771, total_loss_train:-0.19512,total_loss_test:-0.21927, 
=> saved checkpoint 'checkpoints_CNN/CNN_mnist_custom_BK_2layer_bk1_20_ratio_bs_512_2/last' (iter 2832, epoch 24.0)
=> saved checkpoint 'checkpoint_scores_CNN/CNN_mnist_custom_BK_2layer_bk1_20_ratio_bs_512_2/last' (iter 2832, epoch 24.0)
[Save Checkpoint] epoch: [24.0], Train score:99.07333, Test score:98.70000, train loss:-0.99061, test loss:-0.98670, ratio_train_loss:0.79119,ratio_test_loss:0.76080, total_loss_train:-0.19942,total_loss_test:-0.22590, 
=> saved checkpoint 'checkpoints_CNN/CNN_mnist_custom_BK_2layer_bk1_20_ratio_bs_512_2/last' (iter 2950, epoch 25.0)
=> saved checkpoint 'checkpoint_scores_CNN/CNN_mnist_custom_BK_2layer_bk1_20_ratio_bs_512_2/last' (iter 2950, epoch 25.0)
[Save Checkpoint] epoch: [25.0], Train score:98.96333, Test score:98.47000, train loss:-0.98938, test loss:-0.98435, ratio_train_loss:0.79022,ratio_test_loss:0.76557, total_loss_train:-0.19915,total_loss_test:-0.21878, 
=> saved checkpoint 'checkpoints_CNN/CNN_mnist_custom_BK_2layer_bk1_20_ratio_bs_512_2/last' (iter 3068, epoch 26.0)
=> saved checkpoint 'checkpoint_scores_CNN/CNN_mnist_custom_BK_2layer_bk1_20_ratio_bs_512_2/last' (iter 3068, epoch 26.0)
[Save Checkpoint] epoch: [26.0], Train score:99.13500, Test score:98.68000, train loss:-0.99126, test loss:-0.98663, ratio_train_loss:0.84017,ratio_test_loss:0.81138, total_loss_train:-0.15109,total_loss_test:-0.17525, 
=> saved checkpoint 'checkpoints_CNN/CNN_mnist_custom_BK_2layer_bk1_20_ratio_bs_512_2/last' (iter 3186, epoch 27.0)
=> saved checkpoint 'checkpoint_scores_CNN/CNN_mnist_custom_BK_2layer_bk1_20_ratio_bs_512_2/last' (iter 3186, epoch 27.0)
[Save Checkpoint] epoch: [27.0], Train score:99.14333, Test score:98.62000, train loss:-0.99153, test loss:-0.98627, ratio_train_loss:0.88409,ratio_test_loss:0.84930, total_loss_train:-0.10743,total_loss_test:-0.13697, 
=> saved checkpoint 'checkpoints_CNN/CNN_mnist_custom_BK_2layer_bk1_20_ratio_bs_512_2/last' (iter 3304, epoch 28.0)
=> saved checkpoint 'checkpoint_scores_CNN/CNN_mnist_custom_BK_2layer_bk1_20_ratio_bs_512_2/last' (iter 3304, epoch 28.0)
[Save Checkpoint] epoch: [28.0], Train score:99.09500, Test score:98.52000, train loss:-0.99079, test loss:-0.98499, ratio_train_loss:0.84089,ratio_test_loss:0.79827, total_loss_train:-0.14990,total_loss_test:-0.18673, 
=> saved checkpoint 'checkpoints_CNN/CNN_mnist_custom_BK_2layer_bk1_20_ratio_bs_512_2/last' (iter 3422, epoch 29.0)
=> saved checkpoint 'checkpoint_scores_CNN/CNN_mnist_custom_BK_2layer_bk1_20_ratio_bs_512_2/last' (iter 3422, epoch 29.0)
[Save Checkpoint] epoch: [29.0], Train score:99.07667, Test score:98.53000, train loss:-0.99069, test loss:-0.98541, ratio_train_loss:0.82129,ratio_test_loss:0.78914, total_loss_train:-0.16940,total_loss_test:-0.19626, 
=> saved checkpoint 'checkpoints_CNN/CNN_mnist_custom_BK_2layer_bk1_20_ratio_bs_512_2/last' (iter 3540, epoch 30.0)
=> saved checkpoint 'checkpoint_scores_CNN/CNN_mnist_custom_BK_2layer_bk1_20_ratio_bs_512_2/last' (iter 3540, epoch 30.0)
[Save Checkpoint] epoch: [30.0], Train score:99.16000, Test score:98.79000, train loss:-0.99156, test loss:-0.98766, ratio_train_loss:0.78216,ratio_test_loss:0.74829, total_loss_train:-0.20939,total_loss_test:-0.23937, 
=> saved checkpoint 'checkpoints_CNN/CNN_mnist_custom_BK_2layer_bk1_20_ratio_bs_512_2/last' (iter 3658, epoch 31.0)
=> saved checkpoint 'checkpoint_scores_CNN/CNN_mnist_custom_BK_2layer_bk1_20_ratio_bs_512_2/last' (iter 3658, epoch 31.0)
[Save Checkpoint] epoch: [31.0], Train score:99.04333, Test score:98.62000, train loss:-0.99048, test loss:-0.98577, ratio_train_loss:0.82723,ratio_test_loss:0.79214, total_loss_train:-0.16325,total_loss_test:-0.19363, 
=> saved checkpoint 'checkpoints_CNN/CNN_mnist_custom_BK_2layer_bk1_20_ratio_bs_512_2/last' (iter 3776, epoch 32.0)
=> saved checkpoint 'checkpoint_scores_CNN/CNN_mnist_custom_BK_2layer_bk1_20_ratio_bs_512_2/last' (iter 3776, epoch 32.0)
[Save Checkpoint] epoch: [32.0], Train score:99.11500, Test score:98.69000, train loss:-0.99091, test loss:-0.98687, ratio_train_loss:0.83091,ratio_test_loss:0.80524, total_loss_train:-0.16000,total_loss_test:-0.18164, 
=> saved checkpoint 'checkpoints_CNN/CNN_mnist_custom_BK_2layer_bk1_20_ratio_bs_512_2/last' (iter 3894, epoch 33.0)
=> saved checkpoint 'checkpoint_scores_CNN/CNN_mnist_custom_BK_2layer_bk1_20_ratio_bs_512_2/last' (iter 3894, epoch 33.0)
[Save Checkpoint] epoch: [33.0], Train score:99.13667, Test score:98.60000, train loss:-0.99121, test loss:-0.98611, ratio_train_loss:0.77856,ratio_test_loss:0.75142, total_loss_train:-0.21265,total_loss_test:-0.23469, 
=> saved checkpoint 'checkpoints_CNN/CNN_mnist_custom_BK_2layer_bk1_20_ratio_bs_512_2/last' (iter 4012, epoch 34.0)
=> saved checkpoint 'checkpoint_scores_CNN/CNN_mnist_custom_BK_2layer_bk1_20_ratio_bs_512_2/last' (iter 4012, epoch 34.0)
[Save Checkpoint] epoch: [34.0], Train score:99.14000, Test score:98.69000, train loss:-0.99142, test loss:-0.98696, ratio_train_loss:0.80232,ratio_test_loss:0.77174, total_loss_train:-0.18909,total_loss_test:-0.21522, 
=> saved checkpoint 'checkpoints_CNN/CNN_mnist_custom_BK_2layer_bk1_20_ratio_bs_512_2/last' (iter 4130, epoch 35.0)
=> saved checkpoint 'checkpoint_scores_CNN/CNN_mnist_custom_BK_2layer_bk1_20_ratio_bs_512_2/last' (iter 4130, epoch 35.0)
[Save Checkpoint] epoch: [35.0], Train score:99.04667, Test score:98.66000, train loss:-0.99036, test loss:-0.98657, ratio_train_loss:0.80863,ratio_test_loss:0.77858, total_loss_train:-0.18173,total_loss_test:-0.20798, 
=> saved checkpoint 'checkpoints_CNN/CNN_mnist_custom_BK_2layer_bk1_20_ratio_bs_512_2/last' (iter 4248, epoch 36.0)
=> saved checkpoint 'checkpoint_scores_CNN/CNN_mnist_custom_BK_2layer_bk1_20_ratio_bs_512_2/last' (iter 4248, epoch 36.0)
[Save Checkpoint] epoch: [36.0], Train score:99.12000, Test score:98.63000, train loss:-0.99120, test loss:-0.98602, ratio_train_loss:0.82705,ratio_test_loss:0.79512, total_loss_train:-0.16415,total_loss_test:-0.19090, 
=> saved checkpoint 'checkpoints_CNN/CNN_mnist_custom_BK_2layer_bk1_20_ratio_bs_512_2/last' (iter 4366, epoch 37.0)
=> saved checkpoint 'checkpoint_scores_CNN/CNN_mnist_custom_BK_2layer_bk1_20_ratio_bs_512_2/last' (iter 4366, epoch 37.0)
[Save Checkpoint] epoch: [37.0], Train score:99.17167, Test score:98.77000, train loss:-0.99151, test loss:-0.98742, ratio_train_loss:0.81670,ratio_test_loss:0.78880, total_loss_train:-0.17481,total_loss_test:-0.19862, 
=> saved checkpoint 'checkpoints_CNN/CNN_mnist_custom_BK_2layer_bk1_20_ratio_bs_512_2/last' (iter 4484, epoch 38.0)
=> saved checkpoint 'checkpoint_scores_CNN/CNN_mnist_custom_BK_2layer_bk1_20_ratio_bs_512_2/last' (iter 4484, epoch 38.0)
[Save Checkpoint] epoch: [38.0], Train score:99.12333, Test score:98.53000, train loss:-0.99109, test loss:-0.98538, ratio_train_loss:0.84511,ratio_test_loss:0.80828, total_loss_train:-0.14599,total_loss_test:-0.17710, 
=> saved checkpoint 'checkpoints_CNN/CNN_mnist_custom_BK_2layer_bk1_20_ratio_bs_512_2/last' (iter 4602, epoch 39.0)
=> saved checkpoint 'checkpoint_scores_CNN/CNN_mnist_custom_BK_2layer_bk1_20_ratio_bs_512_2/last' (iter 4602, epoch 39.0)
[Save Checkpoint] epoch: [39.0], Train score:99.04167, Test score:98.52000, train loss:-0.99024, test loss:-0.98524, ratio_train_loss:0.85911,ratio_test_loss:0.81861, total_loss_train:-0.13114,total_loss_test:-0.16663, 
=> saved checkpoint 'checkpoints_CNN/CNN_mnist_custom_BK_2layer_bk1_20_ratio_bs_512_2/last' (iter 4720, epoch 40.0)
=> saved checkpoint 'checkpoint_scores_CNN/CNN_mnist_custom_BK_2layer_bk1_20_ratio_bs_512_2/last' (iter 4720, epoch 40.0)
[Save Checkpoint] epoch: [40.0], Train score:99.06000, Test score:98.41000, train loss:-0.99048, test loss:-0.98442, ratio_train_loss:0.84843,ratio_test_loss:0.80950, total_loss_train:-0.14206,total_loss_test:-0.17493, 
=> saved checkpoint 'checkpoints_CNN/CNN_mnist_custom_BK_2layer_bk1_20_ratio_bs_512_2/last' (iter 4838, epoch 41.0)
=> saved checkpoint 'checkpoint_scores_CNN/CNN_mnist_custom_BK_2layer_bk1_20_ratio_bs_512_2/last' (iter 4838, epoch 41.0)
[Save Checkpoint] epoch: [41.0], Train score:99.12667, Test score:98.70000, train loss:-0.99121, test loss:-0.98686, ratio_train_loss:0.87334,ratio_test_loss:0.82468, total_loss_train:-0.11787,total_loss_test:-0.16218, 
=> saved checkpoint 'checkpoints_CNN/CNN_mnist_custom_BK_2layer_bk1_20_ratio_bs_512_2/last' (iter 4956, epoch 42.0)
=> saved checkpoint 'checkpoint_scores_CNN/CNN_mnist_custom_BK_2layer_bk1_20_ratio_bs_512_2/last' (iter 4956, epoch 42.0)
[Save Checkpoint] epoch: [42.0], Train score:99.10167, Test score:98.67000, train loss:-0.99077, test loss:-0.98635, ratio_train_loss:0.85270,ratio_test_loss:0.81390, total_loss_train:-0.13807,total_loss_test:-0.17246, 
=> saved checkpoint 'checkpoints_CNN/CNN_mnist_custom_BK_2layer_bk1_20_ratio_bs_512_2/last' (iter 5074, epoch 43.0)
=> saved checkpoint 'checkpoint_scores_CNN/CNN_mnist_custom_BK_2layer_bk1_20_ratio_bs_512_2/last' (iter 5074, epoch 43.0)
[Save Checkpoint] epoch: [43.0], Train score:99.09667, Test score:98.55000, train loss:-0.99082, test loss:-0.98565, ratio_train_loss:0.83125,ratio_test_loss:0.79133, total_loss_train:-0.15957,total_loss_test:-0.19432, 
=> saved checkpoint 'checkpoints_CNN/CNN_mnist_custom_BK_2layer_bk1_20_ratio_bs_512_2/last' (iter 5192, epoch 44.0)
=> saved checkpoint 'checkpoint_scores_CNN/CNN_mnist_custom_BK_2layer_bk1_20_ratio_bs_512_2/last' (iter 5192, epoch 44.0)
[Save Checkpoint] epoch: [44.0], Train score:99.04500, Test score:98.54000, train loss:-0.99019, test loss:-0.98501, ratio_train_loss:0.85905,ratio_test_loss:0.83010, total_loss_train:-0.13114,total_loss_test:-0.15491, 
=> saved checkpoint 'checkpoints_CNN/CNN_mnist_custom_BK_2layer_bk1_20_ratio_bs_512_2/last' (iter 5310, epoch 45.0)
=> saved checkpoint 'checkpoint_scores_CNN/CNN_mnist_custom_BK_2layer_bk1_20_ratio_bs_512_2/last' (iter 5310, epoch 45.0)
[Save Checkpoint] epoch: [45.0], Train score:99.04167, Test score:98.56000, train loss:-0.99037, test loss:-0.98536, ratio_train_loss:0.81544,ratio_test_loss:0.78690, total_loss_train:-0.17493,total_loss_test:-0.19846, 
=> saved checkpoint 'checkpoints_CNN/CNN_mnist_custom_BK_2layer_bk1_20_ratio_bs_512_2/last' (iter 5428, epoch 46.0)
=> saved checkpoint 'checkpoint_scores_CNN/CNN_mnist_custom_BK_2layer_bk1_20_ratio_bs_512_2/last' (iter 5428, epoch 46.0)
[Save Checkpoint] epoch: [46.0], Train score:99.17833, Test score:98.67000, train loss:-0.99170, test loss:-0.98680, ratio_train_loss:0.83384,ratio_test_loss:0.80622, total_loss_train:-0.15787,total_loss_test:-0.18058, 
=> saved checkpoint 'checkpoints_CNN/CNN_mnist_custom_BK_2layer_bk1_20_ratio_bs_512_2/last' (iter 5546, epoch 47.0)
=> saved checkpoint 'checkpoint_scores_CNN/CNN_mnist_custom_BK_2layer_bk1_20_ratio_bs_512_2/last' (iter 5546, epoch 47.0)
[Save Checkpoint] epoch: [47.0], Train score:99.10667, Test score:98.66000, train loss:-0.99109, test loss:-0.98624, ratio_train_loss:0.82880,ratio_test_loss:0.80188, total_loss_train:-0.16229,total_loss_test:-0.18437, 
=> saved checkpoint 'checkpoints_CNN/CNN_mnist_custom_BK_2layer_bk1_20_ratio_bs_512_2/last' (iter 5664, epoch 48.0)
=> saved checkpoint 'checkpoint_scores_CNN/CNN_mnist_custom_BK_2layer_bk1_20_ratio_bs_512_2/last' (iter 5664, epoch 48.0)
[Save Checkpoint] epoch: [48.0], Train score:99.04833, Test score:98.53000, train loss:-0.99043, test loss:-0.98506, ratio_train_loss:0.81200,ratio_test_loss:0.77879, total_loss_train:-0.17843,total_loss_test:-0.20628, 
=> saved checkpoint 'checkpoints_CNN/CNN_mnist_custom_BK_2layer_bk1_20_ratio_bs_512_2/last' (iter 5782, epoch 49.0)
=> saved checkpoint 'checkpoint_scores_CNN/CNN_mnist_custom_BK_2layer_bk1_20_ratio_bs_512_2/last' (iter 5782, epoch 49.0)
[Save Checkpoint] epoch: [49.0], Train score:99.04500, Test score:98.60000, train loss:-0.99033, test loss:-0.98600, ratio_train_loss:0.85325,ratio_test_loss:0.82268, total_loss_train:-0.13708,total_loss_test:-0.16333, 
=> saved checkpoint 'checkpoints_CNN/CNN_mnist_custom_BK_2layer_bk1_20_ratio_bs_512_2/last' (iter 5900, epoch 50.0)
=> saved checkpoint 'checkpoint_scores_CNN/CNN_mnist_custom_BK_2layer_bk1_20_ratio_bs_512_2/last' (iter 5900, epoch 50.0)
[Save Checkpoint] epoch: [50.0], Train score:99.11667, Test score:98.70000, train loss:-0.99108, test loss:-0.98673, ratio_train_loss:0.86893,ratio_test_loss:0.83983, total_loss_train:-0.12215,total_loss_test:-0.14690, 
[Training Finished]
All Done!
