14
--gpu_devices 0 --max_iter 100 --batch_size 250 --use_scheduler True --lr 1e-3 --GMP True --z_struct_size 30 --is_VAE True --lambda_BCE 1 --beta 1 --big_kernel_size 8 --two_conv_layer True --three_conv_layer True --kernel_size_1 4 --kernel_size_2 4 --kernel_size_3 4 --BK_in_first_layer True --BK_in_second_layer False --BK_in_third_layer False --stride_size 1 --hidden_filters_layer1 64 --hidden_filters_layer2 64 --hidden_filters_layer3 64 --dataset_balanced True --binary_z True --binary_first_conv False --binary_second_conv False --binary_third_conv True --encoder_struct_name mnist_struct_baseline_scheduler_binary_30_Hmg_dst_1 --freeze_Encoder True --ES_reconstruction True --exp_name mnist_encoder_struct_reconstruction_s30_Hmg_dst_1_PT
Namespace(BK_in_first_layer=True, BK_in_second_layer=False, BK_in_third_layer=False, BN=False, C_max=25, C_stop_iter=100000.0, E1_AE=False, E1_VAE=False, E1_conv=False, E1_dense=False, E1_second_conv=False, E1_second_conv_adapt=False, ES_reconstruction=True, GMP=True, Hmg_dst_loss=False, IPC=False, L1_norm_act=False, L1_norm_weights=False, L3_without_random=False, LOG_DIR='logs', adapt_lr=False, add_classification_layer=True, add_linear_after_GMP=True, add_z_struct_bottleneck=False, alpha=32, batch_size=250, beta=1.0, beta1=0.9, beta2=0.999, big_kernel=False, big_kernel_size=8, binary_chain=False, binary_first_conv=False, binary_second_conv=False, binary_third_conv=True, binary_z=True, both_decoders_freeze=False, ckpt_dir='checkpoints_CNN', ckpt_dir_scores='checkpoint_scores_CNN', classif_layer_size=30, contrastive_loss=False, cuda=True, dataset='mnist', dataset_balanced=True, decoder_first_dense=36, decoder_kernel_size_1=4, decoder_kernel_size_2=3, decoder_kernel_size_3=4, decoder_n_filter_1=64, decoder_n_filter_2=64, decoder_n_filter_3=64, decoder_stride_1=2, decoder_stride_2=2, decoder_stride_3=1, diff_var=False, display_step=10000, dset_dir='data', encoder_struct_name='mnist_struct_baseline_scheduler_binary_30_Hmg_dst_1', encoder_var_name='mnist_vae_var_deeper_2cb_1_1', exp_name='mnist_encoder_struct_reconstruction_s30_Hmg_dst_1_PT', freeze_Encoder=True, gamma=1000, gpu_devices=[0], hidden_filters_layer1=64, hidden_filters_layer2=64, hidden_filters_layer3=64, image_size=64, intra_class_variance_loss=False, is_C=True, is_E1=False, is_VAE=True, is_VAE_var=False, is_binary_structural_latent=False, is_custom_model=False, is_custom_model_BK=False, is_default_model=False, is_encoder_struct=False, is_noise_stats=False, is_partial_rand_class=False, is_perturbed_score=False, is_zvar_sim_loss=False, just_train=False, kernel_size=4, kernel_size_1=4, kernel_size_2=4, kernel_size_3=4, lambda_BCE=1.0, lambda_Kl_struct=1, lambda_Kl_var=1, lambda_L1=0.01, lambda_VAE=1, lambda_class=1, lambda_contrastive_loss=1, lambda_distance_mean=1, lambda_hmg_dst=1, lambda_intra_class_var=1, lambda_partial_class=1, lambda_ratio_reg=1, lambda_recon_wt_rand=1, lambda_recons=1, lambda_uniq_code_dst=1, lambda_var_distance=1, lambda_var_inter=1, lambda_var_intra=1, lambda_zvar_sim=1, latent_spec_cont=None, latent_spec_cont_class=None, latent_spec_cont_var=None, latent_spec_disc=None, latent_spec_disc_class=None, latent_spec_disc_var=None, log_level='info', loss='Proxy_Anchor', loss_distance_mean=False, loss_min_distance_cl=False, lr=0.001, max_epoch_use_uniq_code_target=5, max_iter=100.0, model='CNN', mrg=0.1, nb_epochs_train_only_zvar=0, num_workers=2, old_weighted=False, optimizer='adamw', other_architecture=False, other_ratio=False, random_percentage=0.2, random_seed=10, randomness=True, ratio_reg=False, remark='', save_step=10000, second_layer_C=False, seed=1, stride_size=1, sz_embedding=5, three_conv_layer=True, train=True, train_var_struct_alternatively=False, two_conv_layer=True, two_encoder=False, uniq_code_dst_loss=False, use_VAE=False, use_decoder=False, use_early_stopping=True, use_scheduler=True, use_small_lr_encoder_var=False, use_structural_encoder=False, value_target_distance_mean=1, var_hidden_dim=256, var_hidden_filters_1=32, var_hidden_filters_2=32, var_hidden_filters_3=32, var_kernel_size_1=3, var_kernel_size_2=3, var_kernel_size_3=3, var_second_cnn_block=True, var_stride_size_1=1, var_stride_size_2=1, var_stride_size_3=1, var_third_cnn_block=False, var_three_conv_layer=False, warm=1, without_acc=False, z_struct_size=30, z_var_size=5, zeros_W_Classif=False, zvar_sim_change_zvar=False, zvar_sim_loss_for_all_model=False, zvar_sim_loss_only_for_encoder=False, zvar_sim_normal=False, zvar_sim_var_rand=False)
CUDA Visible devices !
[Using Seed: 10]
Balanced dataset loaded
VAE doesn't exist but encoder struct yes ! load struct encoder weighs !
=> loaded checkpoint 'checkpoints_CNN/mnist_struct_baseline_scheduler_binary_30_Hmg_dst_1/last (iter 14040)'
Weighs loaded for struct encoder !
use 1 gpu who named: Tesla V100-SXM2-32GB
VAE(
  (encoder_struct): Sequential(
    (0): Conv2d(1, 64, kernel_size=(8, 8), stride=(1, 1))
    (1): BatchNorm2d(64, eps=1e-05, momentum=0.1, affine=True, track_running_stats=True)
    (2): ReLU(inplace=True)
    (3): Conv2d(64, 64, kernel_size=(4, 4), stride=(1, 1))
    (4): BatchNorm2d(64, eps=1e-05, momentum=0.1, affine=True, track_running_stats=True)
    (5): ReLU(inplace=True)
    (6): Conv2d(64, 30, kernel_size=(4, 4), stride=(1, 1))
    (7): BatchNorm2d(30, eps=1e-05, momentum=0.1, affine=True, track_running_stats=True)
    (8): DeterministicBinaryActivation(
      (act): Hardsigmoid(
        (act): Hardtanh(min_val=-1.0, max_val=1.0)
      )
    )
    (9): AdaptiveMaxPool2d(output_size=(1, 1))
    (10): View()
  )
  (decoder): Sequential(
    (0): Linear(in_features=30, out_features=1600, bias=True)
    (1): ReLU(inplace=True)
    (2): View()
    (3): ConvTranspose2d(64, 64, kernel_size=(4, 4), stride=(2, 2), padding=(1, 1))
    (4): ReLU(inplace=True)
    (5): ConvTranspose2d(64, 64, kernel_size=(3, 3), stride=(1, 1))
    (6): ReLU(inplace=True)
    (7): ConvTranspose2d(64, 32, kernel_size=(3, 3), stride=(1, 1))
    (8): ReLU(inplace=True)
    (9): ConvTranspose2d(32, 32, kernel_size=(4, 4), stride=(2, 2), padding=(1, 1))
    (10): ReLU(inplace=True)
    (11): ConvTranspose2d(32, 32, kernel_size=(3, 3), stride=(1, 1))
    (12): ReLU(inplace=True)
    (13): ConvTranspose2d(32, 1, kernel_size=(3, 3), stride=(1, 1))
    (14): Sigmoid()
  )
)
The number of parameters of model is 297371
=> saved checkpoint 'checkpoints_CNN/mnist_encoder_struct_reconstruction_s30_Hmg_dst_1_PT/last' (iter 270, epoch 1.0)
=> saved checkpoint 'checkpoint_scores_CNN/mnist_encoder_struct_reconstruction_s30_Hmg_dst_1_PT/last' (iter 270, epoch 1.0)
[Save Checkpoint] epoch: [1.0], Train: total:-895.42456, BCE:-6.60822, KLD:0.00000,Test: total:-36.49749, BCE:-6.69846, KLD:0.00000
=> saved checkpoint 'checkpoints_CNN/mnist_encoder_struct_reconstruction_s30_Hmg_dst_1_PT/last' (iter 540, epoch 2.0)
=> saved checkpoint 'checkpoint_scores_CNN/mnist_encoder_struct_reconstruction_s30_Hmg_dst_1_PT/last' (iter 540, epoch 2.0)
[Save Checkpoint] epoch: [2.0], Train: total:-854.68896, BCE:-6.30805, KLD:0.00000,Test: total:-34.72750, BCE:-6.37974, KLD:0.00000
=> saved checkpoint 'checkpoints_CNN/mnist_encoder_struct_reconstruction_s30_Hmg_dst_1_PT/last' (iter 810, epoch 3.0)
=> saved checkpoint 'checkpoint_scores_CNN/mnist_encoder_struct_reconstruction_s30_Hmg_dst_1_PT/last' (iter 810, epoch 3.0)
[Save Checkpoint] epoch: [3.0], Train: total:-816.99207, BCE:-6.02837, KLD:0.00000,Test: total:-33.12217, BCE:-6.10064, KLD:0.00000
=> saved checkpoint 'checkpoints_CNN/mnist_encoder_struct_reconstruction_s30_Hmg_dst_1_PT/last' (iter 1080, epoch 4.0)
=> saved checkpoint 'checkpoint_scores_CNN/mnist_encoder_struct_reconstruction_s30_Hmg_dst_1_PT/last' (iter 1080, epoch 4.0)
[Save Checkpoint] epoch: [4.0], Train: total:-862.74554, BCE:-6.36602, KLD:0.00000,Test: total:-34.96167, BCE:-6.44089, KLD:0.00000
=> saved checkpoint 'checkpoints_CNN/mnist_encoder_struct_reconstruction_s30_Hmg_dst_1_PT/last' (iter 1350, epoch 5.0)
=> saved checkpoint 'checkpoint_scores_CNN/mnist_encoder_struct_reconstruction_s30_Hmg_dst_1_PT/last' (iter 1350, epoch 5.0)
[Save Checkpoint] epoch: [5.0], Train: total:-946.50177, BCE:-6.98383, KLD:0.00000,Test: total:-38.31695, BCE:-7.06373, KLD:0.00000
=> saved checkpoint 'checkpoints_CNN/mnist_encoder_struct_reconstruction_s30_Hmg_dst_1_PT/last' (iter 1620, epoch 6.0)
=> saved checkpoint 'checkpoint_scores_CNN/mnist_encoder_struct_reconstruction_s30_Hmg_dst_1_PT/last' (iter 1620, epoch 6.0)
[Save Checkpoint] epoch: [6.0], Train: total:-1006.72913, BCE:-7.42617, KLD:0.00000,Test: total:-40.66780, BCE:-7.51612, KLD:0.00000
=> saved checkpoint 'checkpoints_CNN/mnist_encoder_struct_reconstruction_s30_Hmg_dst_1_PT/last' (iter 1890, epoch 7.0)
=> saved checkpoint 'checkpoint_scores_CNN/mnist_encoder_struct_reconstruction_s30_Hmg_dst_1_PT/last' (iter 1890, epoch 7.0)
[Save Checkpoint] epoch: [7.0], Train: total:-1071.24329, BCE:-7.90031, KLD:0.00000,Test: total:-43.18824, BCE:-8.00406, KLD:0.00000
=> saved checkpoint 'checkpoints_CNN/mnist_encoder_struct_reconstruction_s30_Hmg_dst_1_PT/last' (iter 2160, epoch 8.0)
=> saved checkpoint 'checkpoint_scores_CNN/mnist_encoder_struct_reconstruction_s30_Hmg_dst_1_PT/last' (iter 2160, epoch 8.0)
[Save Checkpoint] epoch: [8.0], Train: total:-1139.15381, BCE:-8.39798, KLD:0.00000,Test: total:-45.78149, BCE:-8.51720, KLD:0.00000
=> saved checkpoint 'checkpoints_CNN/mnist_encoder_struct_reconstruction_s30_Hmg_dst_1_PT/last' (iter 2430, epoch 9.0)
=> saved checkpoint 'checkpoint_scores_CNN/mnist_encoder_struct_reconstruction_s30_Hmg_dst_1_PT/last' (iter 2430, epoch 9.0)
[Save Checkpoint] epoch: [9.0], Train: total:-1189.53564, BCE:-8.76569, KLD:0.00000,Test: total:-47.65847, BCE:-8.90493, KLD:0.00000
=> saved checkpoint 'checkpoints_CNN/mnist_encoder_struct_reconstruction_s30_Hmg_dst_1_PT/last' (iter 2700, epoch 10.0)
=> saved checkpoint 'checkpoint_scores_CNN/mnist_encoder_struct_reconstruction_s30_Hmg_dst_1_PT/last' (iter 2700, epoch 10.0)
[Save Checkpoint] epoch: [10.0], Train: total:-1211.85974, BCE:-8.92649, KLD:0.00000,Test: total:-48.33611, BCE:-9.07659, KLD:0.00000
=> saved checkpoint 'checkpoints_CNN/mnist_encoder_struct_reconstruction_s30_Hmg_dst_1_PT/last' (iter 2970, epoch 11.0)
=> saved checkpoint 'checkpoint_scores_CNN/mnist_encoder_struct_reconstruction_s30_Hmg_dst_1_PT/last' (iter 2970, epoch 11.0)
[Save Checkpoint] epoch: [11.0], Train: total:-1270.21130, BCE:-9.35643, KLD:0.00000,Test: total:-50.58589, BCE:-9.51084, KLD:0.00000
=> saved checkpoint 'checkpoints_CNN/mnist_encoder_struct_reconstruction_s30_Hmg_dst_1_PT/last' (iter 3240, epoch 12.0)
=> saved checkpoint 'checkpoint_scores_CNN/mnist_encoder_struct_reconstruction_s30_Hmg_dst_1_PT/last' (iter 3240, epoch 12.0)
[Save Checkpoint] epoch: [12.0], Train: total:-1356.00720, BCE:-9.98715, KLD:0.00000,Test: total:-53.87553, BCE:-10.14666, KLD:0.00000
=> saved checkpoint 'checkpoints_CNN/mnist_encoder_struct_reconstruction_s30_Hmg_dst_1_PT/last' (iter 3510, epoch 13.0)
=> saved checkpoint 'checkpoint_scores_CNN/mnist_encoder_struct_reconstruction_s30_Hmg_dst_1_PT/last' (iter 3510, epoch 13.0)
[Save Checkpoint] epoch: [13.0], Train: total:-1412.31287, BCE:-10.40086, KLD:0.00000,Test: total:-55.97328, BCE:-10.56443, KLD:0.00000
=> saved checkpoint 'checkpoints_CNN/mnist_encoder_struct_reconstruction_s30_Hmg_dst_1_PT/last' (iter 3780, epoch 14.0)
=> saved checkpoint 'checkpoint_scores_CNN/mnist_encoder_struct_reconstruction_s30_Hmg_dst_1_PT/last' (iter 3780, epoch 14.0)
[Save Checkpoint] epoch: [14.0], Train: total:-1477.30688, BCE:-10.87911, KLD:0.00000,Test: total:-58.44244, BCE:-11.04335, KLD:0.00000
=> saved checkpoint 'checkpoints_CNN/mnist_encoder_struct_reconstruction_s30_Hmg_dst_1_PT/last' (iter 4050, epoch 15.0)
=> saved checkpoint 'checkpoint_scores_CNN/mnist_encoder_struct_reconstruction_s30_Hmg_dst_1_PT/last' (iter 4050, epoch 15.0)
[Save Checkpoint] epoch: [15.0], Train: total:-1529.10120, BCE:-11.26098, KLD:0.00000,Test: total:-60.39730, BCE:-11.42605, KLD:0.00000
=> saved checkpoint 'checkpoints_CNN/mnist_encoder_struct_reconstruction_s30_Hmg_dst_1_PT/last' (iter 4320, epoch 16.0)
=> saved checkpoint 'checkpoint_scores_CNN/mnist_encoder_struct_reconstruction_s30_Hmg_dst_1_PT/last' (iter 4320, epoch 16.0)
[Save Checkpoint] epoch: [16.0], Train: total:-1558.77332, BCE:-11.47892, KLD:0.00000,Test: total:-61.47486, BCE:-11.64867, KLD:0.00000
=> saved checkpoint 'checkpoints_CNN/mnist_encoder_struct_reconstruction_s30_Hmg_dst_1_PT/last' (iter 4590, epoch 17.0)
=> saved checkpoint 'checkpoint_scores_CNN/mnist_encoder_struct_reconstruction_s30_Hmg_dst_1_PT/last' (iter 4590, epoch 17.0)
[Save Checkpoint] epoch: [17.0], Train: total:-1578.28784, BCE:-11.62304, KLD:0.00000,Test: total:-62.15319, BCE:-11.78842, KLD:0.00000
=> saved checkpoint 'checkpoints_CNN/mnist_encoder_struct_reconstruction_s30_Hmg_dst_1_PT/last' (iter 4860, epoch 18.0)
=> saved checkpoint 'checkpoint_scores_CNN/mnist_encoder_struct_reconstruction_s30_Hmg_dst_1_PT/last' (iter 4860, epoch 18.0)
[Save Checkpoint] epoch: [18.0], Train: total:-1602.21326, BCE:-11.80116, KLD:0.00000,Test: total:-63.09809, BCE:-11.95613, KLD:0.00000
=> saved checkpoint 'checkpoints_CNN/mnist_encoder_struct_reconstruction_s30_Hmg_dst_1_PT/last' (iter 5130, epoch 19.0)
=> saved checkpoint 'checkpoint_scores_CNN/mnist_encoder_struct_reconstruction_s30_Hmg_dst_1_PT/last' (iter 5130, epoch 19.0)
[Save Checkpoint] epoch: [19.0], Train: total:-1634.43799, BCE:-12.03966, KLD:0.00000,Test: total:-64.32879, BCE:-12.18436, KLD:0.00000
=> saved checkpoint 'checkpoints_CNN/mnist_encoder_struct_reconstruction_s30_Hmg_dst_1_PT/last' (iter 5400, epoch 20.0)
=> saved checkpoint 'checkpoint_scores_CNN/mnist_encoder_struct_reconstruction_s30_Hmg_dst_1_PT/last' (iter 5400, epoch 20.0)
[Save Checkpoint] epoch: [20.0], Train: total:-1649.65161, BCE:-12.15319, KLD:0.00000,Test: total:-64.92098, BCE:-12.29057, KLD:0.00000
=> saved checkpoint 'checkpoints_CNN/mnist_encoder_struct_reconstruction_s30_Hmg_dst_1_PT/last' (iter 5670, epoch 21.0)
=> saved checkpoint 'checkpoint_scores_CNN/mnist_encoder_struct_reconstruction_s30_Hmg_dst_1_PT/last' (iter 5670, epoch 21.0)
[Save Checkpoint] epoch: [21.0], Train: total:-1668.76440, BCE:-12.29470, KLD:0.00000,Test: total:-65.68324, BCE:-12.42255, KLD:0.00000
=> saved checkpoint 'checkpoints_CNN/mnist_encoder_struct_reconstruction_s30_Hmg_dst_1_PT/last' (iter 5940, epoch 22.0)
=> saved checkpoint 'checkpoint_scores_CNN/mnist_encoder_struct_reconstruction_s30_Hmg_dst_1_PT/last' (iter 5940, epoch 22.0)
[Save Checkpoint] epoch: [22.0], Train: total:-1674.89392, BCE:-12.34135, KLD:0.00000,Test: total:-65.90603, BCE:-12.46171, KLD:0.00000
=> saved checkpoint 'checkpoints_CNN/mnist_encoder_struct_reconstruction_s30_Hmg_dst_1_PT/last' (iter 6210, epoch 23.0)
=> saved checkpoint 'checkpoint_scores_CNN/mnist_encoder_struct_reconstruction_s30_Hmg_dst_1_PT/last' (iter 6210, epoch 23.0)
[Save Checkpoint] epoch: [23.0], Train: total:-1663.12549, BCE:-12.25571, KLD:0.00000,Test: total:-65.46085, BCE:-12.37189, KLD:0.00000
=> saved checkpoint 'checkpoints_CNN/mnist_encoder_struct_reconstruction_s30_Hmg_dst_1_PT/last' (iter 6480, epoch 24.0)
=> saved checkpoint 'checkpoint_scores_CNN/mnist_encoder_struct_reconstruction_s30_Hmg_dst_1_PT/last' (iter 6480, epoch 24.0)
[Save Checkpoint] epoch: [24.0], Train: total:-1682.45886, BCE:-12.39808, KLD:0.00000,Test: total:-66.11794, BCE:-12.50177, KLD:0.00000
=> saved checkpoint 'checkpoints_CNN/mnist_encoder_struct_reconstruction_s30_Hmg_dst_1_PT/last' (iter 6750, epoch 25.0)
=> saved checkpoint 'checkpoint_scores_CNN/mnist_encoder_struct_reconstruction_s30_Hmg_dst_1_PT/last' (iter 6750, epoch 25.0)
[Save Checkpoint] epoch: [25.0], Train: total:-1681.22327, BCE:-12.38890, KLD:0.00000,Test: total:-66.02578, BCE:-12.48687, KLD:0.00000
=> saved checkpoint 'checkpoints_CNN/mnist_encoder_struct_reconstruction_s30_Hmg_dst_1_PT/last' (iter 7020, epoch 26.0)
=> saved checkpoint 'checkpoint_scores_CNN/mnist_encoder_struct_reconstruction_s30_Hmg_dst_1_PT/last' (iter 7020, epoch 26.0)
[Save Checkpoint] epoch: [26.0], Train: total:-1683.61633, BCE:-12.40698, KLD:0.00000,Test: total:-66.06770, BCE:-12.49999, KLD:0.00000
=> saved checkpoint 'checkpoints_CNN/mnist_encoder_struct_reconstruction_s30_Hmg_dst_1_PT/last' (iter 7290, epoch 27.0)
=> saved checkpoint 'checkpoint_scores_CNN/mnist_encoder_struct_reconstruction_s30_Hmg_dst_1_PT/last' (iter 7290, epoch 27.0)
[Save Checkpoint] epoch: [27.0], Train: total:-1691.30200, BCE:-12.46500, KLD:0.00000,Test: total:-66.33390, BCE:-12.55653, KLD:0.00000
=> saved checkpoint 'checkpoints_CNN/mnist_encoder_struct_reconstruction_s30_Hmg_dst_1_PT/last' (iter 7560, epoch 28.0)
=> saved checkpoint 'checkpoint_scores_CNN/mnist_encoder_struct_reconstruction_s30_Hmg_dst_1_PT/last' (iter 7560, epoch 28.0)
[Save Checkpoint] epoch: [28.0], Train: total:-1669.99561, BCE:-12.30979, KLD:0.00000,Test: total:-65.43645, BCE:-12.39694, KLD:0.00000
=> saved checkpoint 'checkpoints_CNN/mnist_encoder_struct_reconstruction_s30_Hmg_dst_1_PT/last' (iter 7830, epoch 29.0)
=> saved checkpoint 'checkpoint_scores_CNN/mnist_encoder_struct_reconstruction_s30_Hmg_dst_1_PT/last' (iter 7830, epoch 29.0)
[Save Checkpoint] epoch: [29.0], Train: total:-1661.80420, BCE:-12.25018, KLD:0.00000,Test: total:-65.11607, BCE:-12.33989, KLD:0.00000
=> saved checkpoint 'checkpoints_CNN/mnist_encoder_struct_reconstruction_s30_Hmg_dst_1_PT/last' (iter 8100, epoch 30.0)
=> saved checkpoint 'checkpoint_scores_CNN/mnist_encoder_struct_reconstruction_s30_Hmg_dst_1_PT/last' (iter 8100, epoch 30.0)
[Save Checkpoint] epoch: [30.0], Train: total:-1679.32129, BCE:-12.37998, KLD:0.00000,Test: total:-65.68475, BCE:-12.46419, KLD:0.00000
=> saved checkpoint 'checkpoints_CNN/mnist_encoder_struct_reconstruction_s30_Hmg_dst_1_PT/last' (iter 8370, epoch 31.0)
=> saved checkpoint 'checkpoint_scores_CNN/mnist_encoder_struct_reconstruction_s30_Hmg_dst_1_PT/last' (iter 8370, epoch 31.0)
[Save Checkpoint] epoch: [31.0], Train: total:-1647.00952, BCE:-12.14414, KLD:0.00000,Test: total:-64.60406, BCE:-12.22783, KLD:0.00000
=> saved checkpoint 'checkpoints_CNN/mnist_encoder_struct_reconstruction_s30_Hmg_dst_1_PT/last' (iter 8640, epoch 32.0)
=> saved checkpoint 'checkpoint_scores_CNN/mnist_encoder_struct_reconstruction_s30_Hmg_dst_1_PT/last' (iter 8640, epoch 32.0)
[Save Checkpoint] epoch: [32.0], Train: total:-1656.16797, BCE:-12.21303, KLD:0.00000,Test: total:-65.02510, BCE:-12.29349, KLD:0.00000
=> saved checkpoint 'checkpoints_CNN/mnist_encoder_struct_reconstruction_s30_Hmg_dst_1_PT/last' (iter 8910, epoch 33.0)
=> saved checkpoint 'checkpoint_scores_CNN/mnist_encoder_struct_reconstruction_s30_Hmg_dst_1_PT/last' (iter 8910, epoch 33.0)
[Save Checkpoint] epoch: [33.0], Train: total:-1698.66931, BCE:-12.52640, KLD:0.00000,Test: total:-66.67360, BCE:-12.60446, KLD:0.00000
=> saved checkpoint 'checkpoints_CNN/mnist_encoder_struct_reconstruction_s30_Hmg_dst_1_PT/last' (iter 9180, epoch 34.0)
=> saved checkpoint 'checkpoint_scores_CNN/mnist_encoder_struct_reconstruction_s30_Hmg_dst_1_PT/last' (iter 9180, epoch 34.0)
[Save Checkpoint] epoch: [34.0], Train: total:-1706.76221, BCE:-12.58370, KLD:0.00000,Test: total:-66.75705, BCE:-12.66243, KLD:0.00000
=> saved checkpoint 'checkpoints_CNN/mnist_encoder_struct_reconstruction_s30_Hmg_dst_1_PT/last' (iter 9450, epoch 35.0)
=> saved checkpoint 'checkpoint_scores_CNN/mnist_encoder_struct_reconstruction_s30_Hmg_dst_1_PT/last' (iter 9450, epoch 35.0)
[Save Checkpoint] epoch: [35.0], Train: total:-1719.67566, BCE:-12.67831, KLD:0.00000,Test: total:-67.09589, BCE:-12.75038, KLD:0.00000
=> saved checkpoint 'checkpoints_CNN/mnist_encoder_struct_reconstruction_s30_Hmg_dst_1_PT/last' (iter 9720, epoch 36.0)
=> saved checkpoint 'checkpoint_scores_CNN/mnist_encoder_struct_reconstruction_s30_Hmg_dst_1_PT/last' (iter 9720, epoch 36.0)
EarlyStopping counter: 1 out of 25
[Save Checkpoint] epoch: [36.0], Train: total:-1732.22058, BCE:-12.77188, KLD:0.00000,Test: total:-67.68616, BCE:-12.83984, KLD:0.00000
=> saved checkpoint 'checkpoints_CNN/mnist_encoder_struct_reconstruction_s30_Hmg_dst_1_PT/last' (iter 9990, epoch 37.0)
=> saved checkpoint 'checkpoint_scores_CNN/mnist_encoder_struct_reconstruction_s30_Hmg_dst_1_PT/last' (iter 9990, epoch 37.0)
EarlyStopping counter: 2 out of 25
[Save Checkpoint] epoch: [37.0], Train: total:-1742.18445, BCE:-12.84327, KLD:0.00000,Test: total:-68.07436, BCE:-12.92202, KLD:0.00000
=> saved checkpoint 'checkpoints_CNN/mnist_encoder_struct_reconstruction_s30_Hmg_dst_1_PT/last' (iter 10260, epoch 38.0)
=> saved checkpoint 'checkpoint_scores_CNN/mnist_encoder_struct_reconstruction_s30_Hmg_dst_1_PT/last' (iter 10260, epoch 38.0)
EarlyStopping counter: 3 out of 25
[Save Checkpoint] epoch: [38.0], Train: total:-1741.13062, BCE:-12.83457, KLD:0.00000,Test: total:-67.80871, BCE:-12.90905, KLD:0.00000
=> saved checkpoint 'checkpoints_CNN/mnist_encoder_struct_reconstruction_s30_Hmg_dst_1_PT/last' (iter 10530, epoch 39.0)
=> saved checkpoint 'checkpoint_scores_CNN/mnist_encoder_struct_reconstruction_s30_Hmg_dst_1_PT/last' (iter 10530, epoch 39.0)
EarlyStopping counter: 4 out of 25
[Save Checkpoint] epoch: [39.0], Train: total:-1714.68811, BCE:-12.63973, KLD:0.00000,Test: total:-66.70131, BCE:-12.71099, KLD:0.00000
Epoch    40: reducing learning rate of group 0 to 2.0000e-04.
=> saved checkpoint 'checkpoints_CNN/mnist_encoder_struct_reconstruction_s30_Hmg_dst_1_PT/last' (iter 10800, epoch 40.0)
=> saved checkpoint 'checkpoint_scores_CNN/mnist_encoder_struct_reconstruction_s30_Hmg_dst_1_PT/last' (iter 10800, epoch 40.0)
EarlyStopping counter: 5 out of 25
[Save Checkpoint] epoch: [40.0], Train: total:-1681.60718, BCE:-12.39643, KLD:0.00000,Test: total:-65.39069, BCE:-12.46343, KLD:0.00000
=> saved checkpoint 'checkpoints_CNN/mnist_encoder_struct_reconstruction_s30_Hmg_dst_1_PT/last' (iter 11070, epoch 41.0)
=> saved checkpoint 'checkpoint_scores_CNN/mnist_encoder_struct_reconstruction_s30_Hmg_dst_1_PT/last' (iter 11070, epoch 41.0)
EarlyStopping counter: 6 out of 25
[Save Checkpoint] epoch: [41.0], Train: total:-1787.76636, BCE:-13.18552, KLD:0.00000,Test: total:-69.62880, BCE:-13.21248, KLD:0.00000
=> saved checkpoint 'checkpoints_CNN/mnist_encoder_struct_reconstruction_s30_Hmg_dst_1_PT/last' (iter 11340, epoch 42.0)
=> saved checkpoint 'checkpoint_scores_CNN/mnist_encoder_struct_reconstruction_s30_Hmg_dst_1_PT/last' (iter 11340, epoch 42.0)
[Save Checkpoint] epoch: [42.0], Train: total:-1790.67517, BCE:-13.20613, KLD:0.00000,Test: total:-69.70364, BCE:-13.22247, KLD:0.00000
=> saved checkpoint 'checkpoints_CNN/mnist_encoder_struct_reconstruction_s30_Hmg_dst_1_PT/last' (iter 11610, epoch 43.0)
=> saved checkpoint 'checkpoint_scores_CNN/mnist_encoder_struct_reconstruction_s30_Hmg_dst_1_PT/last' (iter 11610, epoch 43.0)
[Save Checkpoint] epoch: [43.0], Train: total:-1778.64368, BCE:-13.11635, KLD:0.00000,Test: total:-69.20596, BCE:-13.12762, KLD:0.00000
=> saved checkpoint 'checkpoints_CNN/mnist_encoder_struct_reconstruction_s30_Hmg_dst_1_PT/last' (iter 11880, epoch 44.0)
=> saved checkpoint 'checkpoint_scores_CNN/mnist_encoder_struct_reconstruction_s30_Hmg_dst_1_PT/last' (iter 11880, epoch 44.0)
[Save Checkpoint] epoch: [44.0], Train: total:-1772.13281, BCE:-13.06784, KLD:0.00000,Test: total:-68.93176, BCE:-13.07209, KLD:0.00000
=> saved checkpoint 'checkpoints_CNN/mnist_encoder_struct_reconstruction_s30_Hmg_dst_1_PT/last' (iter 12150, epoch 45.0)
=> saved checkpoint 'checkpoint_scores_CNN/mnist_encoder_struct_reconstruction_s30_Hmg_dst_1_PT/last' (iter 12150, epoch 45.0)
[Save Checkpoint] epoch: [45.0], Train: total:-1769.21631, BCE:-13.04640, KLD:0.00000,Test: total:-68.79138, BCE:-13.04623, KLD:0.00000
=> saved checkpoint 'checkpoints_CNN/mnist_encoder_struct_reconstruction_s30_Hmg_dst_1_PT/last' (iter 12420, epoch 46.0)
=> saved checkpoint 'checkpoint_scores_CNN/mnist_encoder_struct_reconstruction_s30_Hmg_dst_1_PT/last' (iter 12420, epoch 46.0)
[Save Checkpoint] epoch: [46.0], Train: total:-1762.21704, BCE:-12.99484, KLD:0.00000,Test: total:-68.51302, BCE:-12.99142, KLD:0.00000
=> saved checkpoint 'checkpoints_CNN/mnist_encoder_struct_reconstruction_s30_Hmg_dst_1_PT/last' (iter 12690, epoch 47.0)
=> saved checkpoint 'checkpoint_scores_CNN/mnist_encoder_struct_reconstruction_s30_Hmg_dst_1_PT/last' (iter 12690, epoch 47.0)
[Save Checkpoint] epoch: [47.0], Train: total:-1760.63013, BCE:-12.98368, KLD:0.00000,Test: total:-68.43295, BCE:-12.97475, KLD:0.00000
=> saved checkpoint 'checkpoints_CNN/mnist_encoder_struct_reconstruction_s30_Hmg_dst_1_PT/last' (iter 12960, epoch 48.0)
=> saved checkpoint 'checkpoint_scores_CNN/mnist_encoder_struct_reconstruction_s30_Hmg_dst_1_PT/last' (iter 12960, epoch 48.0)
[Save Checkpoint] epoch: [48.0], Train: total:-1763.01978, BCE:-13.00148, KLD:0.00000,Test: total:-68.49416, BCE:-12.98747, KLD:0.00000
=> saved checkpoint 'checkpoints_CNN/mnist_encoder_struct_reconstruction_s30_Hmg_dst_1_PT/last' (iter 13230, epoch 49.0)
=> saved checkpoint 'checkpoint_scores_CNN/mnist_encoder_struct_reconstruction_s30_Hmg_dst_1_PT/last' (iter 13230, epoch 49.0)
[Save Checkpoint] epoch: [49.0], Train: total:-1762.07959, BCE:-12.99464, KLD:0.00000,Test: total:-68.43629, BCE:-12.97403, KLD:0.00000
=> saved checkpoint 'checkpoints_CNN/mnist_encoder_struct_reconstruction_s30_Hmg_dst_1_PT/last' (iter 13500, epoch 50.0)
=> saved checkpoint 'checkpoint_scores_CNN/mnist_encoder_struct_reconstruction_s30_Hmg_dst_1_PT/last' (iter 13500, epoch 50.0)
[Save Checkpoint] epoch: [50.0], Train: total:-1767.55444, BCE:-13.03542, KLD:0.00000,Test: total:-68.63616, BCE:-13.00922, KLD:0.00000
=> saved checkpoint 'checkpoints_CNN/mnist_encoder_struct_reconstruction_s30_Hmg_dst_1_PT/last' (iter 13770, epoch 51.0)
=> saved checkpoint 'checkpoint_scores_CNN/mnist_encoder_struct_reconstruction_s30_Hmg_dst_1_PT/last' (iter 13770, epoch 51.0)
[Save Checkpoint] epoch: [51.0], Train: total:-1772.36316, BCE:-13.07095, KLD:0.00000,Test: total:-68.80647, BCE:-13.04221, KLD:0.00000
=> saved checkpoint 'checkpoints_CNN/mnist_encoder_struct_reconstruction_s30_Hmg_dst_1_PT/last' (iter 14040, epoch 52.0)
=> saved checkpoint 'checkpoint_scores_CNN/mnist_encoder_struct_reconstruction_s30_Hmg_dst_1_PT/last' (iter 14040, epoch 52.0)
[Save Checkpoint] epoch: [52.0], Train: total:-1775.29565, BCE:-13.09297, KLD:0.00000,Test: total:-68.91996, BCE:-13.06001, KLD:0.00000
=> saved checkpoint 'checkpoints_CNN/mnist_encoder_struct_reconstruction_s30_Hmg_dst_1_PT/last' (iter 14310, epoch 53.0)
=> saved checkpoint 'checkpoint_scores_CNN/mnist_encoder_struct_reconstruction_s30_Hmg_dst_1_PT/last' (iter 14310, epoch 53.0)
[Save Checkpoint] epoch: [53.0], Train: total:-1776.30701, BCE:-13.10047, KLD:0.00000,Test: total:-68.94093, BCE:-13.06275, KLD:0.00000
=> saved checkpoint 'checkpoints_CNN/mnist_encoder_struct_reconstruction_s30_Hmg_dst_1_PT/last' (iter 14580, epoch 54.0)
=> saved checkpoint 'checkpoint_scores_CNN/mnist_encoder_struct_reconstruction_s30_Hmg_dst_1_PT/last' (iter 14580, epoch 54.0)
[Save Checkpoint] epoch: [54.0], Train: total:-1780.97278, BCE:-13.13570, KLD:0.00000,Test: total:-69.11985, BCE:-13.09616, KLD:0.00000
=> saved checkpoint 'checkpoints_CNN/mnist_encoder_struct_reconstruction_s30_Hmg_dst_1_PT/last' (iter 14850, epoch 55.0)
=> saved checkpoint 'checkpoint_scores_CNN/mnist_encoder_struct_reconstruction_s30_Hmg_dst_1_PT/last' (iter 14850, epoch 55.0)
[Save Checkpoint] epoch: [55.0], Train: total:-1788.54102, BCE:-13.19214, KLD:0.00000,Test: total:-69.41653, BCE:-13.14832, KLD:0.00000
=> saved checkpoint 'checkpoints_CNN/mnist_encoder_struct_reconstruction_s30_Hmg_dst_1_PT/last' (iter 15120, epoch 56.0)
=> saved checkpoint 'checkpoint_scores_CNN/mnist_encoder_struct_reconstruction_s30_Hmg_dst_1_PT/last' (iter 15120, epoch 56.0)
[Save Checkpoint] epoch: [56.0], Train: total:-1798.54163, BCE:-13.26627, KLD:0.00000,Test: total:-69.80026, BCE:-13.22015, KLD:0.00000
=> saved checkpoint 'checkpoints_CNN/mnist_encoder_struct_reconstruction_s30_Hmg_dst_1_PT/last' (iter 15390, epoch 57.0)
=> saved checkpoint 'checkpoint_scores_CNN/mnist_encoder_struct_reconstruction_s30_Hmg_dst_1_PT/last' (iter 15390, epoch 57.0)
[Save Checkpoint] epoch: [57.0], Train: total:-1803.79688, BCE:-13.30499, KLD:0.00000,Test: total:-69.99088, BCE:-13.25419, KLD:0.00000
=> saved checkpoint 'checkpoints_CNN/mnist_encoder_struct_reconstruction_s30_Hmg_dst_1_PT/last' (iter 15660, epoch 58.0)
=> saved checkpoint 'checkpoint_scores_CNN/mnist_encoder_struct_reconstruction_s30_Hmg_dst_1_PT/last' (iter 15660, epoch 58.0)
[Save Checkpoint] epoch: [58.0], Train: total:-1808.85547, BCE:-13.34232, KLD:0.00000,Test: total:-70.17556, BCE:-13.28766, KLD:0.00000
=> saved checkpoint 'checkpoints_CNN/mnist_encoder_struct_reconstruction_s30_Hmg_dst_1_PT/last' (iter 15930, epoch 59.0)
=> saved checkpoint 'checkpoint_scores_CNN/mnist_encoder_struct_reconstruction_s30_Hmg_dst_1_PT/last' (iter 15930, epoch 59.0)
[Save Checkpoint] epoch: [59.0], Train: total:-1815.67480, BCE:-13.39320, KLD:0.00000,Test: total:-70.42885, BCE:-13.33479, KLD:0.00000
=> saved checkpoint 'checkpoints_CNN/mnist_encoder_struct_reconstruction_s30_Hmg_dst_1_PT/last' (iter 16200, epoch 60.0)
=> saved checkpoint 'checkpoint_scores_CNN/mnist_encoder_struct_reconstruction_s30_Hmg_dst_1_PT/last' (iter 16200, epoch 60.0)
[Save Checkpoint] epoch: [60.0], Train: total:-1819.53638, BCE:-13.42233, KLD:0.00000,Test: total:-70.58150, BCE:-13.36049, KLD:0.00000
=> saved checkpoint 'checkpoints_CNN/mnist_encoder_struct_reconstruction_s30_Hmg_dst_1_PT/last' (iter 16470, epoch 61.0)
=> saved checkpoint 'checkpoint_scores_CNN/mnist_encoder_struct_reconstruction_s30_Hmg_dst_1_PT/last' (iter 16470, epoch 61.0)
[Save Checkpoint] epoch: [61.0], Train: total:-1819.28613, BCE:-13.42086, KLD:0.00000,Test: total:-70.57573, BCE:-13.35709, KLD:0.00000
=> saved checkpoint 'checkpoints_CNN/mnist_encoder_struct_reconstruction_s30_Hmg_dst_1_PT/last' (iter 16740, epoch 62.0)
=> saved checkpoint 'checkpoint_scores_CNN/mnist_encoder_struct_reconstruction_s30_Hmg_dst_1_PT/last' (iter 16740, epoch 62.0)
[Save Checkpoint] epoch: [62.0], Train: total:-1824.52356, BCE:-13.45995, KLD:0.00000,Test: total:-70.78283, BCE:-13.39330, KLD:0.00000
=> saved checkpoint 'checkpoints_CNN/mnist_encoder_struct_reconstruction_s30_Hmg_dst_1_PT/last' (iter 17010, epoch 63.0)
=> saved checkpoint 'checkpoint_scores_CNN/mnist_encoder_struct_reconstruction_s30_Hmg_dst_1_PT/last' (iter 17010, epoch 63.0)
[Save Checkpoint] epoch: [63.0], Train: total:-1829.51807, BCE:-13.49641, KLD:0.00000,Test: total:-70.95501, BCE:-13.42536, KLD:0.00000
=> saved checkpoint 'checkpoints_CNN/mnist_encoder_struct_reconstruction_s30_Hmg_dst_1_PT/last' (iter 17280, epoch 64.0)
=> saved checkpoint 'checkpoint_scores_CNN/mnist_encoder_struct_reconstruction_s30_Hmg_dst_1_PT/last' (iter 17280, epoch 64.0)
[Save Checkpoint] epoch: [64.0], Train: total:-1831.32129, BCE:-13.51013, KLD:0.00000,Test: total:-71.01169, BCE:-13.43573, KLD:0.00000
=> saved checkpoint 'checkpoints_CNN/mnist_encoder_struct_reconstruction_s30_Hmg_dst_1_PT/last' (iter 17550, epoch 65.0)
=> saved checkpoint 'checkpoint_scores_CNN/mnist_encoder_struct_reconstruction_s30_Hmg_dst_1_PT/last' (iter 17550, epoch 65.0)
[Save Checkpoint] epoch: [65.0], Train: total:-1841.99670, BCE:-13.58889, KLD:0.00000,Test: total:-71.41795, BCE:-13.51011, KLD:0.00000
=> saved checkpoint 'checkpoints_CNN/mnist_encoder_struct_reconstruction_s30_Hmg_dst_1_PT/last' (iter 17820, epoch 66.0)
=> saved checkpoint 'checkpoint_scores_CNN/mnist_encoder_struct_reconstruction_s30_Hmg_dst_1_PT/last' (iter 17820, epoch 66.0)
[Save Checkpoint] epoch: [66.0], Train: total:-1851.07910, BCE:-13.65654, KLD:0.00000,Test: total:-71.75293, BCE:-13.57186, KLD:0.00000
=> saved checkpoint 'checkpoints_CNN/mnist_encoder_struct_reconstruction_s30_Hmg_dst_1_PT/last' (iter 18090, epoch 67.0)
=> saved checkpoint 'checkpoint_scores_CNN/mnist_encoder_struct_reconstruction_s30_Hmg_dst_1_PT/last' (iter 18090, epoch 67.0)
[Save Checkpoint] epoch: [67.0], Train: total:-1852.29541, BCE:-13.66560, KLD:0.00000,Test: total:-71.79378, BCE:-13.57761, KLD:0.00000
=> saved checkpoint 'checkpoints_CNN/mnist_encoder_struct_reconstruction_s30_Hmg_dst_1_PT/last' (iter 18360, epoch 68.0)
=> saved checkpoint 'checkpoint_scores_CNN/mnist_encoder_struct_reconstruction_s30_Hmg_dst_1_PT/last' (iter 18360, epoch 68.0)
[Save Checkpoint] epoch: [68.0], Train: total:-1857.21667, BCE:-13.70236, KLD:0.00000,Test: total:-71.96693, BCE:-13.61233, KLD:0.00000
=> saved checkpoint 'checkpoints_CNN/mnist_encoder_struct_reconstruction_s30_Hmg_dst_1_PT/last' (iter 18630, epoch 69.0)
=> saved checkpoint 'checkpoint_scores_CNN/mnist_encoder_struct_reconstruction_s30_Hmg_dst_1_PT/last' (iter 18630, epoch 69.0)
[Save Checkpoint] epoch: [69.0], Train: total:-1861.37756, BCE:-13.73349, KLD:0.00000,Test: total:-72.11544, BCE:-13.63895, KLD:0.00000
=> saved checkpoint 'checkpoints_CNN/mnist_encoder_struct_reconstruction_s30_Hmg_dst_1_PT/last' (iter 18900, epoch 70.0)
=> saved checkpoint 'checkpoint_scores_CNN/mnist_encoder_struct_reconstruction_s30_Hmg_dst_1_PT/last' (iter 18900, epoch 70.0)
[Save Checkpoint] epoch: [70.0], Train: total:-1866.72827, BCE:-13.77303, KLD:0.00000,Test: total:-72.31421, BCE:-13.67779, KLD:0.00000
=> saved checkpoint 'checkpoints_CNN/mnist_encoder_struct_reconstruction_s30_Hmg_dst_1_PT/last' (iter 19170, epoch 71.0)
=> saved checkpoint 'checkpoint_scores_CNN/mnist_encoder_struct_reconstruction_s30_Hmg_dst_1_PT/last' (iter 19170, epoch 71.0)
[Save Checkpoint] epoch: [71.0], Train: total:-1868.35706, BCE:-13.78527, KLD:0.00000,Test: total:-72.36301, BCE:-13.68581, KLD:0.00000
=> saved checkpoint 'checkpoints_CNN/mnist_encoder_struct_reconstruction_s30_Hmg_dst_1_PT/last' (iter 19440, epoch 72.0)
=> saved checkpoint 'checkpoint_scores_CNN/mnist_encoder_struct_reconstruction_s30_Hmg_dst_1_PT/last' (iter 19440, epoch 72.0)
[Save Checkpoint] epoch: [72.0], Train: total:-1865.67139, BCE:-13.76614, KLD:0.00000,Test: total:-72.26241, BCE:-13.66276, KLD:0.00000
=> saved checkpoint 'checkpoints_CNN/mnist_encoder_struct_reconstruction_s30_Hmg_dst_1_PT/last' (iter 19710, epoch 73.0)
=> saved checkpoint 'checkpoint_scores_CNN/mnist_encoder_struct_reconstruction_s30_Hmg_dst_1_PT/last' (iter 19710, epoch 73.0)
EarlyStopping counter: 1 out of 25
[Save Checkpoint] epoch: [73.0], Train: total:-1864.90771, BCE:-13.76040, KLD:0.00000,Test: total:-72.24825, BCE:-13.65632, KLD:0.00000
=> saved checkpoint 'checkpoints_CNN/mnist_encoder_struct_reconstruction_s30_Hmg_dst_1_PT/last' (iter 19980, epoch 74.0)
=> saved checkpoint 'checkpoint_scores_CNN/mnist_encoder_struct_reconstruction_s30_Hmg_dst_1_PT/last' (iter 19980, epoch 74.0)
[Save Checkpoint] epoch: [74.0], Train: total:-1867.93665, BCE:-13.78299, KLD:0.00000,Test: total:-72.33845, BCE:-13.67604, KLD:0.00000
=> saved checkpoint 'checkpoints_CNN/mnist_encoder_struct_reconstruction_s30_Hmg_dst_1_PT/last' (iter 20250, epoch 75.0)
=> saved checkpoint 'checkpoint_scores_CNN/mnist_encoder_struct_reconstruction_s30_Hmg_dst_1_PT/last' (iter 20250, epoch 75.0)
EarlyStopping counter: 1 out of 25
[Save Checkpoint] epoch: [75.0], Train: total:-1868.01428, BCE:-13.78298, KLD:0.00000,Test: total:-72.31129, BCE:-13.67525, KLD:0.00000
=> saved checkpoint 'checkpoints_CNN/mnist_encoder_struct_reconstruction_s30_Hmg_dst_1_PT/last' (iter 20520, epoch 76.0)
=> saved checkpoint 'checkpoint_scores_CNN/mnist_encoder_struct_reconstruction_s30_Hmg_dst_1_PT/last' (iter 20520, epoch 76.0)
[Save Checkpoint] epoch: [76.0], Train: total:-1869.37451, BCE:-13.79328, KLD:0.00000,Test: total:-72.35064, BCE:-13.68426, KLD:0.00000
=> saved checkpoint 'checkpoints_CNN/mnist_encoder_struct_reconstruction_s30_Hmg_dst_1_PT/last' (iter 20790, epoch 77.0)
=> saved checkpoint 'checkpoint_scores_CNN/mnist_encoder_struct_reconstruction_s30_Hmg_dst_1_PT/last' (iter 20790, epoch 77.0)
EarlyStopping counter: 1 out of 25
[Save Checkpoint] epoch: [77.0], Train: total:-1868.79089, BCE:-13.78925, KLD:0.00000,Test: total:-72.33495, BCE:-13.67861, KLD:0.00000
=> saved checkpoint 'checkpoints_CNN/mnist_encoder_struct_reconstruction_s30_Hmg_dst_1_PT/last' (iter 21060, epoch 78.0)
=> saved checkpoint 'checkpoint_scores_CNN/mnist_encoder_struct_reconstruction_s30_Hmg_dst_1_PT/last' (iter 21060, epoch 78.0)
[Save Checkpoint] epoch: [78.0], Train: total:-1864.92041, BCE:-13.76035, KLD:0.00000,Test: total:-72.19083, BCE:-13.64759, KLD:0.00000
=> saved checkpoint 'checkpoints_CNN/mnist_encoder_struct_reconstruction_s30_Hmg_dst_1_PT/last' (iter 21330, epoch 79.0)
=> saved checkpoint 'checkpoint_scores_CNN/mnist_encoder_struct_reconstruction_s30_Hmg_dst_1_PT/last' (iter 21330, epoch 79.0)
[Save Checkpoint] epoch: [79.0], Train: total:-1865.63110, BCE:-13.76655, KLD:0.00000,Test: total:-72.26812, BCE:-13.65448, KLD:0.00000
=> saved checkpoint 'checkpoints_CNN/mnist_encoder_struct_reconstruction_s30_Hmg_dst_1_PT/last' (iter 21600, epoch 80.0)
=> saved checkpoint 'checkpoint_scores_CNN/mnist_encoder_struct_reconstruction_s30_Hmg_dst_1_PT/last' (iter 21600, epoch 80.0)
[Save Checkpoint] epoch: [80.0], Train: total:-1860.04688, BCE:-13.72563, KLD:0.00000,Test: total:-72.06162, BCE:-13.61496, KLD:0.00000
=> saved checkpoint 'checkpoints_CNN/mnist_encoder_struct_reconstruction_s30_Hmg_dst_1_PT/last' (iter 21870, epoch 81.0)
=> saved checkpoint 'checkpoint_scores_CNN/mnist_encoder_struct_reconstruction_s30_Hmg_dst_1_PT/last' (iter 21870, epoch 81.0)
[Save Checkpoint] epoch: [81.0], Train: total:-1865.56299, BCE:-13.76607, KLD:0.00000,Test: total:-72.23739, BCE:-13.65463, KLD:0.00000
=> saved checkpoint 'checkpoints_CNN/mnist_encoder_struct_reconstruction_s30_Hmg_dst_1_PT/last' (iter 22140, epoch 82.0)
=> saved checkpoint 'checkpoint_scores_CNN/mnist_encoder_struct_reconstruction_s30_Hmg_dst_1_PT/last' (iter 22140, epoch 82.0)
[Save Checkpoint] epoch: [82.0], Train: total:-1868.33752, BCE:-13.78704, KLD:0.00000,Test: total:-72.31871, BCE:-13.67171, KLD:0.00000
=> saved checkpoint 'checkpoints_CNN/mnist_encoder_struct_reconstruction_s30_Hmg_dst_1_PT/last' (iter 22410, epoch 83.0)
=> saved checkpoint 'checkpoint_scores_CNN/mnist_encoder_struct_reconstruction_s30_Hmg_dst_1_PT/last' (iter 22410, epoch 83.0)
[Save Checkpoint] epoch: [83.0], Train: total:-1866.95874, BCE:-13.77712, KLD:0.00000,Test: total:-72.29256, BCE:-13.65962, KLD:0.00000
=> saved checkpoint 'checkpoints_CNN/mnist_encoder_struct_reconstruction_s30_Hmg_dst_1_PT/last' (iter 22680, epoch 84.0)
=> saved checkpoint 'checkpoint_scores_CNN/mnist_encoder_struct_reconstruction_s30_Hmg_dst_1_PT/last' (iter 22680, epoch 84.0)
[Save Checkpoint] epoch: [84.0], Train: total:-1864.40869, BCE:-13.75794, KLD:0.00000,Test: total:-72.24513, BCE:-13.64372, KLD:0.00000
=> saved checkpoint 'checkpoints_CNN/mnist_encoder_struct_reconstruction_s30_Hmg_dst_1_PT/last' (iter 22950, epoch 85.0)
=> saved checkpoint 'checkpoint_scores_CNN/mnist_encoder_struct_reconstruction_s30_Hmg_dst_1_PT/last' (iter 22950, epoch 85.0)
[Save Checkpoint] epoch: [85.0], Train: total:-1863.51343, BCE:-13.75208, KLD:0.00000,Test: total:-72.23125, BCE:-13.63718, KLD:0.00000
=> saved checkpoint 'checkpoints_CNN/mnist_encoder_struct_reconstruction_s30_Hmg_dst_1_PT/last' (iter 23220, epoch 86.0)
=> saved checkpoint 'checkpoint_scores_CNN/mnist_encoder_struct_reconstruction_s30_Hmg_dst_1_PT/last' (iter 23220, epoch 86.0)
[Save Checkpoint] epoch: [86.0], Train: total:-1860.17932, BCE:-13.72707, KLD:0.00000,Test: total:-72.11597, BCE:-13.61351, KLD:0.00000
=> saved checkpoint 'checkpoints_CNN/mnist_encoder_struct_reconstruction_s30_Hmg_dst_1_PT/last' (iter 23490, epoch 87.0)
=> saved checkpoint 'checkpoint_scores_CNN/mnist_encoder_struct_reconstruction_s30_Hmg_dst_1_PT/last' (iter 23490, epoch 87.0)
[Save Checkpoint] epoch: [87.0], Train: total:-1868.16846, BCE:-13.78618, KLD:0.00000,Test: total:-72.38824, BCE:-13.67035, KLD:0.00000
=> saved checkpoint 'checkpoints_CNN/mnist_encoder_struct_reconstruction_s30_Hmg_dst_1_PT/last' (iter 23760, epoch 88.0)
=> saved checkpoint 'checkpoint_scores_CNN/mnist_encoder_struct_reconstruction_s30_Hmg_dst_1_PT/last' (iter 23760, epoch 88.0)
[Save Checkpoint] epoch: [88.0], Train: total:-1875.75891, BCE:-13.84245, KLD:0.00000,Test: total:-72.65944, BCE:-13.72774, KLD:0.00000
=> saved checkpoint 'checkpoints_CNN/mnist_encoder_struct_reconstruction_s30_Hmg_dst_1_PT/last' (iter 24030, epoch 89.0)
=> saved checkpoint 'checkpoint_scores_CNN/mnist_encoder_struct_reconstruction_s30_Hmg_dst_1_PT/last' (iter 24030, epoch 89.0)
[Save Checkpoint] epoch: [89.0], Train: total:-1878.65686, BCE:-13.86368, KLD:0.00000,Test: total:-72.78714, BCE:-13.74602, KLD:0.00000
=> saved checkpoint 'checkpoints_CNN/mnist_encoder_struct_reconstruction_s30_Hmg_dst_1_PT/last' (iter 24300, epoch 90.0)
=> saved checkpoint 'checkpoint_scores_CNN/mnist_encoder_struct_reconstruction_s30_Hmg_dst_1_PT/last' (iter 24300, epoch 90.0)
[Save Checkpoint] epoch: [90.0], Train: total:-1878.10376, BCE:-13.86031, KLD:0.00000,Test: total:-72.78655, BCE:-13.73963, KLD:0.00000
=> saved checkpoint 'checkpoints_CNN/mnist_encoder_struct_reconstruction_s30_Hmg_dst_1_PT/last' (iter 24570, epoch 91.0)
=> saved checkpoint 'checkpoint_scores_CNN/mnist_encoder_struct_reconstruction_s30_Hmg_dst_1_PT/last' (iter 24570, epoch 91.0)
[Save Checkpoint] epoch: [91.0], Train: total:-1873.91504, BCE:-13.83009, KLD:0.00000,Test: total:-72.68107, BCE:-13.71210, KLD:0.00000
=> saved checkpoint 'checkpoints_CNN/mnist_encoder_struct_reconstruction_s30_Hmg_dst_1_PT/last' (iter 24840, epoch 92.0)
=> saved checkpoint 'checkpoint_scores_CNN/mnist_encoder_struct_reconstruction_s30_Hmg_dst_1_PT/last' (iter 24840, epoch 92.0)
[Save Checkpoint] epoch: [92.0], Train: total:-1871.69385, BCE:-13.81388, KLD:0.00000,Test: total:-72.57372, BCE:-13.69356, KLD:0.00000
=> saved checkpoint 'checkpoints_CNN/mnist_encoder_struct_reconstruction_s30_Hmg_dst_1_PT/last' (iter 25110, epoch 93.0)
=> saved checkpoint 'checkpoint_scores_CNN/mnist_encoder_struct_reconstruction_s30_Hmg_dst_1_PT/last' (iter 25110, epoch 93.0)
[Save Checkpoint] epoch: [93.0], Train: total:-1867.60315, BCE:-13.78332, KLD:0.00000,Test: total:-72.36373, BCE:-13.66137, KLD:0.00000
=> saved checkpoint 'checkpoints_CNN/mnist_encoder_struct_reconstruction_s30_Hmg_dst_1_PT/last' (iter 25380, epoch 94.0)
=> saved checkpoint 'checkpoint_scores_CNN/mnist_encoder_struct_reconstruction_s30_Hmg_dst_1_PT/last' (iter 25380, epoch 94.0)
EarlyStopping counter: 1 out of 25
[Save Checkpoint] epoch: [94.0], Train: total:-1866.85974, BCE:-13.77640, KLD:0.00000,Test: total:-72.28677, BCE:-13.65644, KLD:0.00000
=> saved checkpoint 'checkpoints_CNN/mnist_encoder_struct_reconstruction_s30_Hmg_dst_1_PT/last' (iter 25650, epoch 95.0)
=> saved checkpoint 'checkpoint_scores_CNN/mnist_encoder_struct_reconstruction_s30_Hmg_dst_1_PT/last' (iter 25650, epoch 95.0)
EarlyStopping counter: 2 out of 25
[Save Checkpoint] epoch: [95.0], Train: total:-1875.70227, BCE:-13.84225, KLD:0.00000,Test: total:-72.61714, BCE:-13.72119, KLD:0.00000
=> saved checkpoint 'checkpoints_CNN/mnist_encoder_struct_reconstruction_s30_Hmg_dst_1_PT/last' (iter 25920, epoch 96.0)
=> saved checkpoint 'checkpoint_scores_CNN/mnist_encoder_struct_reconstruction_s30_Hmg_dst_1_PT/last' (iter 25920, epoch 96.0)
EarlyStopping counter: 3 out of 25
[Save Checkpoint] epoch: [96.0], Train: total:-1868.54700, BCE:-13.78985, KLD:0.00000,Test: total:-72.33598, BCE:-13.66546, KLD:0.00000
=> saved checkpoint 'checkpoints_CNN/mnist_encoder_struct_reconstruction_s30_Hmg_dst_1_PT/last' (iter 26190, epoch 97.0)
=> saved checkpoint 'checkpoint_scores_CNN/mnist_encoder_struct_reconstruction_s30_Hmg_dst_1_PT/last' (iter 26190, epoch 97.0)
EarlyStopping counter: 4 out of 25
[Save Checkpoint] epoch: [97.0], Train: total:-1863.58374, BCE:-13.75325, KLD:0.00000,Test: total:-72.17696, BCE:-13.62770, KLD:0.00000
Epoch    98: reducing learning rate of group 0 to 4.0000e-05.
=> saved checkpoint 'checkpoints_CNN/mnist_encoder_struct_reconstruction_s30_Hmg_dst_1_PT/last' (iter 26460, epoch 98.0)
=> saved checkpoint 'checkpoint_scores_CNN/mnist_encoder_struct_reconstruction_s30_Hmg_dst_1_PT/last' (iter 26460, epoch 98.0)
EarlyStopping counter: 5 out of 25
[Save Checkpoint] epoch: [98.0], Train: total:-1859.74268, BCE:-13.72576, KLD:0.00000,Test: total:-72.08675, BCE:-13.60344, KLD:0.00000
=> saved checkpoint 'checkpoints_CNN/mnist_encoder_struct_reconstruction_s30_Hmg_dst_1_PT/last' (iter 26730, epoch 99.0)
=> saved checkpoint 'checkpoint_scores_CNN/mnist_encoder_struct_reconstruction_s30_Hmg_dst_1_PT/last' (iter 26730, epoch 99.0)
EarlyStopping counter: 6 out of 25
[Save Checkpoint] epoch: [99.0], Train: total:-1868.19165, BCE:-13.78472, KLD:0.00000,Test: total:-72.45605, BCE:-13.67735, KLD:0.00000
=> saved checkpoint 'checkpoints_CNN/mnist_encoder_struct_reconstruction_s30_Hmg_dst_1_PT/last' (iter 27000, epoch 100.0)
=> saved checkpoint 'checkpoint_scores_CNN/mnist_encoder_struct_reconstruction_s30_Hmg_dst_1_PT/last' (iter 27000, epoch 100.0)
EarlyStopping counter: 7 out of 25
[Save Checkpoint] epoch: [100.0], Train: total:-1869.82788, BCE:-13.79530, KLD:0.00000,Test: total:-72.50897, BCE:-13.68853, KLD:0.00000
[Training Finished]
All done !
