102
--gpu_devices 0 --max_iter 100 --batch_size 250 --use_scheduler True --lr 1e-3 --GMP True --z_struct_size 10 --is_VAE True --is_encoder_struct False --lambda_BCE 1 --beta 1 --big_kernel_size 8 --two_conv_layer True --three_conv_layer True --kernel_size_1 4 --kernel_size_2 4 --kernel_size_3 4 --BK_in_first_layer True --BK_in_second_layer False --BK_in_third_layer False --stride_size 1 --hidden_filters_layer1 64 --hidden_filters_layer2 64 --hidden_filters_layer3 64 --dataset_balanced True --binary_z True --binary_first_conv False --binary_second_conv False --binary_third_conv True --z_var_size 15 --z_struct_size 10 --use_small_lr_encoder_var False --encoder_var_name None --encoder_struct_name None --freeze_Encoder False --exp_name mnist_VAE_s10_v15_FS
Namespace(BK_in_first_layer=True, BK_in_second_layer=False, BK_in_third_layer=False, BN=False, C_max=25, C_stop_iter=100000.0, E1_AE=False, E1_VAE=False, E1_conv=False, E1_dense=False, E1_second_conv=False, E1_second_conv_adapt=False, GMP=True, Hmg_dst_loss=False, IPC=False, L1_norm_act=False, L1_norm_weights=False, L3_without_random=False, LOG_DIR='logs', adapt_lr=False, add_classification_layer=True, add_linear_after_GMP=True, add_z_struct_bottleneck=False, alpha=32, batch_size=250, beta=1.0, beta1=0.9, beta2=0.999, big_kernel=False, big_kernel_size=8, binary_chain=False, binary_first_conv=False, binary_second_conv=False, binary_third_conv=True, binary_z=True, both_decoders_freeze=False, ckpt_dir='checkpoints_CNN', ckpt_dir_scores='checkpoint_scores_CNN', classif_layer_size=30, contrastive_loss=False, cuda=True, dataset='mnist', dataset_balanced=True, decoder_first_dense=36, decoder_kernel_size_1=4, decoder_kernel_size_2=3, decoder_kernel_size_3=4, decoder_n_filter_1=64, decoder_n_filter_2=64, decoder_n_filter_3=64, decoder_stride_1=2, decoder_stride_2=2, decoder_stride_3=1, diff_var=False, display_step=10000, dset_dir='data', encoder_struct_name='None', encoder_var_name='None', exp_name='mnist_VAE_s10_v15_FS', freeze_Encoder=False, gamma=1000, gpu_devices=[0], hidden_filters_layer1=64, hidden_filters_layer2=64, hidden_filters_layer3=64, image_size=64, intra_class_variance_loss=False, is_C=True, is_E1=False, is_VAE=True, is_VAE_var=False, is_binary_structural_latent=False, is_custom_model=False, is_custom_model_BK=False, is_default_model=False, is_encoder_struct=False, is_noise_stats=False, is_partial_rand_class=False, is_perturbed_score=False, is_zvar_sim_loss=False, just_train=False, kernel_size=4, kernel_size_1=4, kernel_size_2=4, kernel_size_3=4, lambda_BCE=1.0, lambda_Kl_struct=1, lambda_Kl_var=1, lambda_L1=0.01, lambda_VAE=1, lambda_class=1, lambda_contrastive_loss=1, lambda_distance_mean=1, lambda_hmg_dst=1, lambda_intra_class_var=1, lambda_partial_class=1, lambda_ratio_reg=1, lambda_recon_wt_rand=1, lambda_recons=1, lambda_uniq_code_dst=1, lambda_var_distance=1, lambda_var_inter=1, lambda_var_intra=1, lambda_zvar_sim=1, latent_spec_cont=None, latent_spec_cont_class=None, latent_spec_cont_var=None, latent_spec_disc=None, latent_spec_disc_class=None, latent_spec_disc_var=None, log_level='info', loss='Proxy_Anchor', loss_distance_mean=False, loss_min_distance_cl=False, lr=0.001, max_epoch_use_uniq_code_target=5, max_iter=100.0, model='CNN', mrg=0.1, nb_epochs_train_only_zvar=0, num_workers=2, old_weighted=False, optimizer='adamw', other_architecture=False, other_ratio=False, random_percentage=0.2, random_seed=10, randomness=True, ratio_reg=False, remark='', save_step=10000, second_layer_C=False, seed=1, stride_size=1, sz_embedding=5, three_conv_layer=True, train=True, train_var_struct_alternatively=False, two_conv_layer=True, two_encoder=False, uniq_code_dst_loss=False, use_VAE=False, use_decoder=False, use_early_stopping=True, use_scheduler=True, use_small_lr_encoder_var=False, use_structural_encoder=False, value_target_distance_mean=1, var_hidden_dim=256, var_hidden_filters_1=32, var_hidden_filters_2=32, var_hidden_filters_3=32, var_kernel_size_1=3, var_kernel_size_2=3, var_kernel_size_3=3, var_second_cnn_block=True, var_stride_size_1=1, var_stride_size_2=1, var_stride_size_3=1, var_third_cnn_block=False, var_three_conv_layer=False, warm=1, without_acc=False, z_struct_size=10, z_var_size=15, zeros_W_Classif=False, zvar_sim_change_zvar=False, zvar_sim_loss_for_all_model=False, zvar_sim_loss_only_for_encoder=False, zvar_sim_normal=False, zvar_sim_var_rand=False)
CUDA Visible devices !
[Using Seed: 10]
Balanced dataset loaded
VAE doesn't exist, create VAE and train it from scratch ! good luck !
use 1 gpu who named: Tesla V100-SXM2-32GB
VAE(
  (encoder_struct): Sequential(
    (0): Conv2d(1, 64, kernel_size=(8, 8), stride=(1, 1))
    (1): BatchNorm2d(64, eps=1e-05, momentum=0.1, affine=True, track_running_stats=True)
    (2): ReLU(inplace=True)
    (3): Conv2d(64, 64, kernel_size=(4, 4), stride=(1, 1))
    (4): BatchNorm2d(64, eps=1e-05, momentum=0.1, affine=True, track_running_stats=True)
    (5): ReLU(inplace=True)
    (6): Conv2d(64, 10, kernel_size=(4, 4), stride=(1, 1))
    (7): DeterministicBinaryActivation(
      (act): Hardsigmoid(
        (act): Hardtanh(min_val=-1.0, max_val=1.0)
      )
    )
    (8): AdaptiveMaxPool2d(output_size=(1, 1))
    (9): View()
  )
  (encoder_var): Sequential(
    (0): Conv2d(1, 32, kernel_size=(3, 3), stride=(1, 1))
    (1): ReLU(inplace=True)
    (2): BatchNorm2d(32, eps=1e-05, momentum=0.1, affine=True, track_running_stats=True)
    (3): Conv2d(32, 32, kernel_size=(3, 3), stride=(1, 1))
    (4): ReLU(inplace=True)
    (5): BatchNorm2d(32, eps=1e-05, momentum=0.1, affine=True, track_running_stats=True)
    (6): Conv2d(32, 32, kernel_size=(5, 5), stride=(2, 2), padding=(2, 2))
    (7): ReLU(inplace=True)
    (8): BatchNorm2d(32, eps=1e-05, momentum=0.1, affine=True, track_running_stats=True)
    (9): Dropout(p=0.4, inplace=False)
    (10): Conv2d(32, 64, kernel_size=(3, 3), stride=(1, 1))
    (11): ReLU(inplace=True)
    (12): BatchNorm2d(64, eps=1e-05, momentum=0.1, affine=True, track_running_stats=True)
    (13): Conv2d(64, 64, kernel_size=(3, 3), stride=(1, 1))
    (14): ReLU(inplace=True)
    (15): BatchNorm2d(64, eps=1e-05, momentum=0.1, affine=True, track_running_stats=True)
    (16): Conv2d(64, 64, kernel_size=(5, 5), stride=(2, 2), padding=(2, 2))
    (17): ReLU(inplace=True)
    (18): BatchNorm2d(64, eps=1e-05, momentum=0.1, affine=True, track_running_stats=True)
    (19): Dropout(p=0.4, inplace=False)
    (20): View()
    (21): Linear(in_features=1600, out_features=30, bias=True)
  )
  (decoder): Sequential(
    (0): Linear(in_features=25, out_features=1600, bias=True)
    (1): ReLU(inplace=True)
    (2): View()
    (3): ConvTranspose2d(64, 64, kernel_size=(4, 4), stride=(2, 2), padding=(1, 1))
    (4): ReLU(inplace=True)
    (5): ConvTranspose2d(64, 64, kernel_size=(3, 3), stride=(1, 1))
    (6): ReLU(inplace=True)
    (7): ConvTranspose2d(64, 32, kernel_size=(3, 3), stride=(1, 1))
    (8): ReLU(inplace=True)
    (9): ConvTranspose2d(32, 32, kernel_size=(4, 4), stride=(2, 2), padding=(1, 1))
    (10): ReLU(inplace=True)
    (11): ConvTranspose2d(32, 32, kernel_size=(3, 3), stride=(1, 1))
    (12): ReLU(inplace=True)
    (13): ConvTranspose2d(32, 1, kernel_size=(3, 3), stride=(1, 1))
    (14): Sigmoid()
  )
)
The number of parameters of model is 510505
=> saved checkpoint 'checkpoints_CNN/mnist_VAE_s10_v15_FS/last' (iter 270, epoch 1.0)
=> saved checkpoint 'checkpoint_scores_CNN/mnist_VAE_s10_v15_FS/last' (iter 270, epoch 1.0)
[Save Checkpoint] epoch: [1.0], Train: total:6558.06152, BCE:-13.72729, KLD:6571.78906,Test: total:26224.54492, BCE:-13.82215, KLD:26238.36523
=> saved checkpoint 'checkpoints_CNN/mnist_VAE_s10_v15_FS/last' (iter 540, epoch 2.0)
=> saved checkpoint 'checkpoint_scores_CNN/mnist_VAE_s10_v15_FS/last' (iter 540, epoch 2.0)
[Save Checkpoint] epoch: [2.0], Train: total:6301.50635, BCE:-14.97988, KLD:6316.48828,Test: total:25211.07031, BCE:-15.05205, KLD:25226.12305
=> saved checkpoint 'checkpoints_CNN/mnist_VAE_s10_v15_FS/last' (iter 810, epoch 3.0)
=> saved checkpoint 'checkpoint_scores_CNN/mnist_VAE_s10_v15_FS/last' (iter 810, epoch 3.0)
[Save Checkpoint] epoch: [3.0], Train: total:6243.90674, BCE:-16.60762, KLD:6260.51465,Test: total:24992.84180, BCE:-16.70055, KLD:25009.54297
=> saved checkpoint 'checkpoints_CNN/mnist_VAE_s10_v15_FS/last' (iter 1080, epoch 4.0)
=> saved checkpoint 'checkpoint_scores_CNN/mnist_VAE_s10_v15_FS/last' (iter 1080, epoch 4.0)
[Save Checkpoint] epoch: [4.0], Train: total:6470.06592, BCE:-16.96553, KLD:6487.03174,Test: total:25877.99023, BCE:-17.07261, KLD:25895.06250
=> saved checkpoint 'checkpoints_CNN/mnist_VAE_s10_v15_FS/last' (iter 1350, epoch 5.0)
=> saved checkpoint 'checkpoint_scores_CNN/mnist_VAE_s10_v15_FS/last' (iter 1350, epoch 5.0)
[Save Checkpoint] epoch: [5.0], Train: total:6517.58594, BCE:-18.54850, KLD:6536.13379,Test: total:26059.89062, BCE:-18.66257, KLD:26078.55273
=> saved checkpoint 'checkpoints_CNN/mnist_VAE_s10_v15_FS/last' (iter 1620, epoch 6.0)
=> saved checkpoint 'checkpoint_scores_CNN/mnist_VAE_s10_v15_FS/last' (iter 1620, epoch 6.0)
[Save Checkpoint] epoch: [6.0], Train: total:6516.41016, BCE:-20.18481, KLD:6536.59424,Test: total:26024.91211, BCE:-20.31952, KLD:26045.23242
=> saved checkpoint 'checkpoints_CNN/mnist_VAE_s10_v15_FS/last' (iter 1890, epoch 7.0)
=> saved checkpoint 'checkpoint_scores_CNN/mnist_VAE_s10_v15_FS/last' (iter 1890, epoch 7.0)
[Save Checkpoint] epoch: [7.0], Train: total:6497.88916, BCE:-20.61966, KLD:6518.51123,Test: total:25932.65234, BCE:-20.74405, KLD:25953.39453
=> saved checkpoint 'checkpoints_CNN/mnist_VAE_s10_v15_FS/last' (iter 2160, epoch 8.0)
=> saved checkpoint 'checkpoint_scores_CNN/mnist_VAE_s10_v15_FS/last' (iter 2160, epoch 8.0)
[Save Checkpoint] epoch: [8.0], Train: total:6428.32129, BCE:-21.42800, KLD:6449.74512,Test: total:25660.49023, BCE:-21.56853, KLD:25682.05664
=> saved checkpoint 'checkpoints_CNN/mnist_VAE_s10_v15_FS/last' (iter 2430, epoch 9.0)
=> saved checkpoint 'checkpoint_scores_CNN/mnist_VAE_s10_v15_FS/last' (iter 2430, epoch 9.0)
[Save Checkpoint] epoch: [9.0], Train: total:6559.11865, BCE:-21.60366, KLD:6580.72656,Test: total:26212.55273, BCE:-21.74904, KLD:26234.30078
=> saved checkpoint 'checkpoints_CNN/mnist_VAE_s10_v15_FS/last' (iter 2700, epoch 10.0)
=> saved checkpoint 'checkpoint_scores_CNN/mnist_VAE_s10_v15_FS/last' (iter 2700, epoch 10.0)
[Save Checkpoint] epoch: [10.0], Train: total:6439.76904, BCE:-20.37113, KLD:6460.14062,Test: total:25710.04492, BCE:-20.54530, KLD:25730.58789
=> saved checkpoint 'checkpoints_CNN/mnist_VAE_s10_v15_FS/last' (iter 2970, epoch 11.0)
=> saved checkpoint 'checkpoint_scores_CNN/mnist_VAE_s10_v15_FS/last' (iter 2970, epoch 11.0)
EarlyStopping counter: 1 out of 25
[Save Checkpoint] epoch: [11.0], Train: total:6497.77783, BCE:-21.28077, KLD:6519.05908,Test: total:25945.80664, BCE:-21.45028, KLD:25967.25977
=> saved checkpoint 'checkpoints_CNN/mnist_VAE_s10_v15_FS/last' (iter 3240, epoch 12.0)
=> saved checkpoint 'checkpoint_scores_CNN/mnist_VAE_s10_v15_FS/last' (iter 3240, epoch 12.0)
EarlyStopping counter: 2 out of 25
[Save Checkpoint] epoch: [12.0], Train: total:6644.00244, BCE:-21.17011, KLD:6665.17188,Test: total:26535.45898, BCE:-21.37495, KLD:26556.83203
=> saved checkpoint 'checkpoints_CNN/mnist_VAE_s10_v15_FS/last' (iter 3510, epoch 13.0)
=> saved checkpoint 'checkpoint_scores_CNN/mnist_VAE_s10_v15_FS/last' (iter 3510, epoch 13.0)
[Save Checkpoint] epoch: [13.0], Train: total:6561.54785, BCE:-21.45888, KLD:6583.00439,Test: total:26179.80273, BCE:-21.64903, KLD:26201.44922
=> saved checkpoint 'checkpoints_CNN/mnist_VAE_s10_v15_FS/last' (iter 3780, epoch 14.0)
=> saved checkpoint 'checkpoint_scores_CNN/mnist_VAE_s10_v15_FS/last' (iter 3780, epoch 14.0)
[Save Checkpoint] epoch: [14.0], Train: total:6466.70996, BCE:-21.79738, KLD:6488.50879,Test: total:25800.84180, BCE:-21.97318, KLD:25822.81250
=> saved checkpoint 'checkpoints_CNN/mnist_VAE_s10_v15_FS/last' (iter 4050, epoch 15.0)
=> saved checkpoint 'checkpoint_scores_CNN/mnist_VAE_s10_v15_FS/last' (iter 4050, epoch 15.0)
[Save Checkpoint] epoch: [15.0], Train: total:6559.92285, BCE:-21.42141, KLD:6581.34082,Test: total:26176.95898, BCE:-21.58409, KLD:26198.54102
=> saved checkpoint 'checkpoints_CNN/mnist_VAE_s10_v15_FS/last' (iter 4320, epoch 16.0)
=> saved checkpoint 'checkpoint_scores_CNN/mnist_VAE_s10_v15_FS/last' (iter 4320, epoch 16.0)
[Save Checkpoint] epoch: [16.0], Train: total:6566.10352, BCE:-22.00355, KLD:6588.10645,Test: total:26202.19922, BCE:-22.20677, KLD:26224.40625
=> saved checkpoint 'checkpoints_CNN/mnist_VAE_s10_v15_FS/last' (iter 4590, epoch 17.0)
=> saved checkpoint 'checkpoint_scores_CNN/mnist_VAE_s10_v15_FS/last' (iter 4590, epoch 17.0)
EarlyStopping counter: 1 out of 25
[Save Checkpoint] epoch: [17.0], Train: total:6569.81689, BCE:-21.90333, KLD:6591.71924,Test: total:26202.68750, BCE:-22.11246, KLD:26224.80078
=> saved checkpoint 'checkpoints_CNN/mnist_VAE_s10_v15_FS/last' (iter 4860, epoch 18.0)
=> saved checkpoint 'checkpoint_scores_CNN/mnist_VAE_s10_v15_FS/last' (iter 4860, epoch 18.0)
[Save Checkpoint] epoch: [18.0], Train: total:6563.97559, BCE:-21.97127, KLD:6585.94678,Test: total:26175.86328, BCE:-22.15406, KLD:26198.01758
=> saved checkpoint 'checkpoints_CNN/mnist_VAE_s10_v15_FS/last' (iter 5130, epoch 19.0)
=> saved checkpoint 'checkpoint_scores_CNN/mnist_VAE_s10_v15_FS/last' (iter 5130, epoch 19.0)
[Save Checkpoint] epoch: [19.0], Train: total:6600.01221, BCE:-22.83377, KLD:6622.84473,Test: total:26305.99414, BCE:-23.05187, KLD:26329.04688
=> saved checkpoint 'checkpoints_CNN/mnist_VAE_s10_v15_FS/last' (iter 5400, epoch 20.0)
=> saved checkpoint 'checkpoint_scores_CNN/mnist_VAE_s10_v15_FS/last' (iter 5400, epoch 20.0)
EarlyStopping counter: 1 out of 25
[Save Checkpoint] epoch: [20.0], Train: total:6626.37695, BCE:-23.06937, KLD:6649.44678,Test: total:26431.54688, BCE:-23.31109, KLD:26454.85938
=> saved checkpoint 'checkpoints_CNN/mnist_VAE_s10_v15_FS/last' (iter 5670, epoch 21.0)
=> saved checkpoint 'checkpoint_scores_CNN/mnist_VAE_s10_v15_FS/last' (iter 5670, epoch 21.0)
[Save Checkpoint] epoch: [21.0], Train: total:6520.70068, BCE:-22.85224, KLD:6543.55566,Test: total:25993.02539, BCE:-23.08009, KLD:26016.10352
=> saved checkpoint 'checkpoints_CNN/mnist_VAE_s10_v15_FS/last' (iter 5940, epoch 22.0)
=> saved checkpoint 'checkpoint_scores_CNN/mnist_VAE_s10_v15_FS/last' (iter 5940, epoch 22.0)
[Save Checkpoint] epoch: [22.0], Train: total:6521.85498, BCE:-22.18167, KLD:6544.03564,Test: total:25995.68164, BCE:-22.39678, KLD:26018.08008
=> saved checkpoint 'checkpoints_CNN/mnist_VAE_s10_v15_FS/last' (iter 6210, epoch 23.0)
=> saved checkpoint 'checkpoint_scores_CNN/mnist_VAE_s10_v15_FS/last' (iter 6210, epoch 23.0)
[Save Checkpoint] epoch: [23.0], Train: total:6465.75586, BCE:-22.76793, KLD:6488.52051,Test: total:25767.50977, BCE:-23.00596, KLD:25790.51367
=> saved checkpoint 'checkpoints_CNN/mnist_VAE_s10_v15_FS/last' (iter 6480, epoch 24.0)
=> saved checkpoint 'checkpoint_scores_CNN/mnist_VAE_s10_v15_FS/last' (iter 6480, epoch 24.0)
[Save Checkpoint] epoch: [24.0], Train: total:6506.70410, BCE:-23.01420, KLD:6529.72119,Test: total:25930.52734, BCE:-23.23751, KLD:25953.76562
=> saved checkpoint 'checkpoints_CNN/mnist_VAE_s10_v15_FS/last' (iter 6750, epoch 25.0)
=> saved checkpoint 'checkpoint_scores_CNN/mnist_VAE_s10_v15_FS/last' (iter 6750, epoch 25.0)
[Save Checkpoint] epoch: [25.0], Train: total:6524.90137, BCE:-22.67505, KLD:6547.57666,Test: total:26013.49805, BCE:-22.92587, KLD:26036.42188
=> saved checkpoint 'checkpoints_CNN/mnist_VAE_s10_v15_FS/last' (iter 7020, epoch 26.0)
=> saved checkpoint 'checkpoint_scores_CNN/mnist_VAE_s10_v15_FS/last' (iter 7020, epoch 26.0)
EarlyStopping counter: 1 out of 25
[Save Checkpoint] epoch: [26.0], Train: total:6541.93115, BCE:-23.15099, KLD:6565.08105,Test: total:26072.23828, BCE:-23.38895, KLD:26095.62500
=> saved checkpoint 'checkpoints_CNN/mnist_VAE_s10_v15_FS/last' (iter 7290, epoch 27.0)
=> saved checkpoint 'checkpoint_scores_CNN/mnist_VAE_s10_v15_FS/last' (iter 7290, epoch 27.0)
[Save Checkpoint] epoch: [27.0], Train: total:6507.40039, BCE:-22.86007, KLD:6530.26123,Test: total:25935.98828, BCE:-23.10516, KLD:25959.09180
=> saved checkpoint 'checkpoints_CNN/mnist_VAE_s10_v15_FS/last' (iter 7560, epoch 28.0)
=> saved checkpoint 'checkpoint_scores_CNN/mnist_VAE_s10_v15_FS/last' (iter 7560, epoch 28.0)
EarlyStopping counter: 1 out of 25
[Save Checkpoint] epoch: [28.0], Train: total:6495.56201, BCE:-22.89400, KLD:6518.45410,Test: total:25869.64844, BCE:-23.10186, KLD:25892.74805
=> saved checkpoint 'checkpoints_CNN/mnist_VAE_s10_v15_FS/last' (iter 7830, epoch 29.0)
=> saved checkpoint 'checkpoint_scores_CNN/mnist_VAE_s10_v15_FS/last' (iter 7830, epoch 29.0)
[Save Checkpoint] epoch: [29.0], Train: total:6512.85254, BCE:-23.45035, KLD:6536.30420,Test: total:25926.64844, BCE:-23.65812, KLD:25950.30664
=> saved checkpoint 'checkpoints_CNN/mnist_VAE_s10_v15_FS/last' (iter 8100, epoch 30.0)
=> saved checkpoint 'checkpoint_scores_CNN/mnist_VAE_s10_v15_FS/last' (iter 8100, epoch 30.0)
[Save Checkpoint] epoch: [30.0], Train: total:6397.79883, BCE:-23.41452, KLD:6421.21191,Test: total:25464.35742, BCE:-23.62046, KLD:25487.97852
=> saved checkpoint 'checkpoints_CNN/mnist_VAE_s10_v15_FS/last' (iter 8370, epoch 31.0)
=> saved checkpoint 'checkpoint_scores_CNN/mnist_VAE_s10_v15_FS/last' (iter 8370, epoch 31.0)
EarlyStopping counter: 1 out of 25
[Save Checkpoint] epoch: [31.0], Train: total:6388.88477, BCE:-23.87155, KLD:6412.75342,Test: total:25451.02148, BCE:-24.12955, KLD:25475.15039
=> saved checkpoint 'checkpoints_CNN/mnist_VAE_s10_v15_FS/last' (iter 8640, epoch 32.0)
=> saved checkpoint 'checkpoint_scores_CNN/mnist_VAE_s10_v15_FS/last' (iter 8640, epoch 32.0)
EarlyStopping counter: 2 out of 25
[Save Checkpoint] epoch: [32.0], Train: total:6333.40576, BCE:-23.76285, KLD:6357.16943,Test: total:25221.70898, BCE:-23.99792, KLD:25245.70703
=> saved checkpoint 'checkpoints_CNN/mnist_VAE_s10_v15_FS/last' (iter 8910, epoch 33.0)
=> saved checkpoint 'checkpoint_scores_CNN/mnist_VAE_s10_v15_FS/last' (iter 8910, epoch 33.0)
[Save Checkpoint] epoch: [33.0], Train: total:6472.74658, BCE:-24.00304, KLD:6496.75000,Test: total:25800.59766, BCE:-24.26201, KLD:25824.85742
=> saved checkpoint 'checkpoints_CNN/mnist_VAE_s10_v15_FS/last' (iter 9180, epoch 34.0)
=> saved checkpoint 'checkpoint_scores_CNN/mnist_VAE_s10_v15_FS/last' (iter 9180, epoch 34.0)
EarlyStopping counter: 1 out of 25
[Save Checkpoint] epoch: [34.0], Train: total:6488.31396, BCE:-23.94994, KLD:6512.26709,Test: total:25847.20703, BCE:-24.19303, KLD:25871.40039
=> saved checkpoint 'checkpoints_CNN/mnist_VAE_s10_v15_FS/last' (iter 9450, epoch 35.0)
=> saved checkpoint 'checkpoint_scores_CNN/mnist_VAE_s10_v15_FS/last' (iter 9450, epoch 35.0)
[Save Checkpoint] epoch: [35.0], Train: total:6502.56006, BCE:-23.58190, KLD:6526.14258,Test: total:25886.63867, BCE:-23.83835, KLD:25910.47852
=> saved checkpoint 'checkpoints_CNN/mnist_VAE_s10_v15_FS/last' (iter 9720, epoch 36.0)
=> saved checkpoint 'checkpoint_scores_CNN/mnist_VAE_s10_v15_FS/last' (iter 9720, epoch 36.0)
[Save Checkpoint] epoch: [36.0], Train: total:6464.18945, BCE:-23.16275, KLD:6487.35107,Test: total:25762.56836, BCE:-23.39472, KLD:25785.96094
=> saved checkpoint 'checkpoints_CNN/mnist_VAE_s10_v15_FS/last' (iter 9990, epoch 37.0)
=> saved checkpoint 'checkpoint_scores_CNN/mnist_VAE_s10_v15_FS/last' (iter 9990, epoch 37.0)
EarlyStopping counter: 1 out of 25
[Save Checkpoint] epoch: [37.0], Train: total:6420.34229, BCE:-24.51932, KLD:6444.85986,Test: total:25556.58594, BCE:-24.79997, KLD:25581.38477
=> saved checkpoint 'checkpoints_CNN/mnist_VAE_s10_v15_FS/last' (iter 10260, epoch 38.0)
=> saved checkpoint 'checkpoint_scores_CNN/mnist_VAE_s10_v15_FS/last' (iter 10260, epoch 38.0)
EarlyStopping counter: 2 out of 25
[Save Checkpoint] epoch: [38.0], Train: total:6489.34814, BCE:-24.31882, KLD:6513.66309,Test: total:25820.62891, BCE:-24.60483, KLD:25845.23242
=> saved checkpoint 'checkpoints_CNN/mnist_VAE_s10_v15_FS/last' (iter 10530, epoch 39.0)
=> saved checkpoint 'checkpoint_scores_CNN/mnist_VAE_s10_v15_FS/last' (iter 10530, epoch 39.0)
[Save Checkpoint] epoch: [39.0], Train: total:6476.22217, BCE:-24.54430, KLD:6500.76855,Test: total:25775.12500, BCE:-24.85638, KLD:25799.98242
=> saved checkpoint 'checkpoints_CNN/mnist_VAE_s10_v15_FS/last' (iter 10800, epoch 40.0)
=> saved checkpoint 'checkpoint_scores_CNN/mnist_VAE_s10_v15_FS/last' (iter 10800, epoch 40.0)
EarlyStopping counter: 1 out of 25
[Save Checkpoint] epoch: [40.0], Train: total:6480.25977, BCE:-24.91510, KLD:6505.16992,Test: total:25789.85742, BCE:-25.23991, KLD:25815.09570
=> saved checkpoint 'checkpoints_CNN/mnist_VAE_s10_v15_FS/last' (iter 11070, epoch 41.0)
=> saved checkpoint 'checkpoint_scores_CNN/mnist_VAE_s10_v15_FS/last' (iter 11070, epoch 41.0)
[Save Checkpoint] epoch: [41.0], Train: total:6504.16309, BCE:-25.01723, KLD:6529.17871,Test: total:25881.95703, BCE:-25.34068, KLD:25907.29492
=> saved checkpoint 'checkpoints_CNN/mnist_VAE_s10_v15_FS/last' (iter 11340, epoch 42.0)
=> saved checkpoint 'checkpoint_scores_CNN/mnist_VAE_s10_v15_FS/last' (iter 11340, epoch 42.0)
[Save Checkpoint] epoch: [42.0], Train: total:6459.77881, BCE:-25.79793, KLD:6485.57666,Test: total:25714.32227, BCE:-26.12570, KLD:25740.45117
=> saved checkpoint 'checkpoints_CNN/mnist_VAE_s10_v15_FS/last' (iter 11610, epoch 43.0)
=> saved checkpoint 'checkpoint_scores_CNN/mnist_VAE_s10_v15_FS/last' (iter 11610, epoch 43.0)
[Save Checkpoint] epoch: [43.0], Train: total:6529.83008, BCE:-25.92329, KLD:6555.75146,Test: total:26004.67773, BCE:-26.24206, KLD:26030.91992
=> saved checkpoint 'checkpoints_CNN/mnist_VAE_s10_v15_FS/last' (iter 11880, epoch 44.0)
=> saved checkpoint 'checkpoint_scores_CNN/mnist_VAE_s10_v15_FS/last' (iter 11880, epoch 44.0)
[Save Checkpoint] epoch: [44.0], Train: total:6454.87158, BCE:-25.33287, KLD:6480.20410,Test: total:25693.80078, BCE:-25.68126, KLD:25719.48242
=> saved checkpoint 'checkpoints_CNN/mnist_VAE_s10_v15_FS/last' (iter 12150, epoch 45.0)
=> saved checkpoint 'checkpoint_scores_CNN/mnist_VAE_s10_v15_FS/last' (iter 12150, epoch 45.0)
EarlyStopping counter: 1 out of 25
[Save Checkpoint] epoch: [45.0], Train: total:6508.20361, BCE:-26.56998, KLD:6534.77637,Test: total:25907.05664, BCE:-26.90008, KLD:25933.95703
=> saved checkpoint 'checkpoints_CNN/mnist_VAE_s10_v15_FS/last' (iter 12420, epoch 46.0)
=> saved checkpoint 'checkpoint_scores_CNN/mnist_VAE_s10_v15_FS/last' (iter 12420, epoch 46.0)
EarlyStopping counter: 2 out of 25
[Save Checkpoint] epoch: [46.0], Train: total:6451.91504, BCE:-26.18185, KLD:6478.09766,Test: total:25661.56836, BCE:-26.52521, KLD:25688.09375
=> saved checkpoint 'checkpoints_CNN/mnist_VAE_s10_v15_FS/last' (iter 12690, epoch 47.0)
=> saved checkpoint 'checkpoint_scores_CNN/mnist_VAE_s10_v15_FS/last' (iter 12690, epoch 47.0)
[Save Checkpoint] epoch: [47.0], Train: total:6382.32617, BCE:-26.23825, KLD:6408.56836,Test: total:25395.99609, BCE:-26.59175, KLD:25422.58789
=> saved checkpoint 'checkpoints_CNN/mnist_VAE_s10_v15_FS/last' (iter 12960, epoch 48.0)
=> saved checkpoint 'checkpoint_scores_CNN/mnist_VAE_s10_v15_FS/last' (iter 12960, epoch 48.0)
EarlyStopping counter: 1 out of 25
[Save Checkpoint] epoch: [48.0], Train: total:6430.42139, BCE:-26.70022, KLD:6457.12402,Test: total:25578.11523, BCE:-27.03590, KLD:25605.15234
=> saved checkpoint 'checkpoints_CNN/mnist_VAE_s10_v15_FS/last' (iter 13230, epoch 49.0)
=> saved checkpoint 'checkpoint_scores_CNN/mnist_VAE_s10_v15_FS/last' (iter 13230, epoch 49.0)
[Save Checkpoint] epoch: [49.0], Train: total:6440.92334, BCE:-27.39433, KLD:6468.31641,Test: total:25644.16602, BCE:-27.75153, KLD:25671.91797
=> saved checkpoint 'checkpoints_CNN/mnist_VAE_s10_v15_FS/last' (iter 13500, epoch 50.0)
=> saved checkpoint 'checkpoint_scores_CNN/mnist_VAE_s10_v15_FS/last' (iter 13500, epoch 50.0)
EarlyStopping counter: 1 out of 25
[Save Checkpoint] epoch: [50.0], Train: total:6496.97266, BCE:-28.01786, KLD:6524.99170,Test: total:25873.12305, BCE:-28.36965, KLD:25901.49023
=> saved checkpoint 'checkpoints_CNN/mnist_VAE_s10_v15_FS/last' (iter 13770, epoch 51.0)
=> saved checkpoint 'checkpoint_scores_CNN/mnist_VAE_s10_v15_FS/last' (iter 13770, epoch 51.0)
EarlyStopping counter: 2 out of 25
[Save Checkpoint] epoch: [51.0], Train: total:6410.42432, BCE:-26.95360, KLD:6437.37842,Test: total:25518.04102, BCE:-27.30450, KLD:25545.34570
=> saved checkpoint 'checkpoints_CNN/mnist_VAE_s10_v15_FS/last' (iter 14040, epoch 52.0)
=> saved checkpoint 'checkpoint_scores_CNN/mnist_VAE_s10_v15_FS/last' (iter 14040, epoch 52.0)
EarlyStopping counter: 3 out of 25
[Save Checkpoint] epoch: [52.0], Train: total:6310.29346, BCE:-26.88274, KLD:6337.17578,Test: total:25112.42773, BCE:-27.22511, KLD:25139.65430
=> saved checkpoint 'checkpoints_CNN/mnist_VAE_s10_v15_FS/last' (iter 14310, epoch 53.0)
=> saved checkpoint 'checkpoint_scores_CNN/mnist_VAE_s10_v15_FS/last' (iter 14310, epoch 53.0)
EarlyStopping counter: 4 out of 25
[Save Checkpoint] epoch: [53.0], Train: total:6416.22070, BCE:-27.20536, KLD:6443.42627,Test: total:25528.24023, BCE:-27.52276, KLD:25555.76367
Epoch    54: reducing learning rate of group 0 to 2.0000e-04.
=> saved checkpoint 'checkpoints_CNN/mnist_VAE_s10_v15_FS/last' (iter 14580, epoch 54.0)
=> saved checkpoint 'checkpoint_scores_CNN/mnist_VAE_s10_v15_FS/last' (iter 14580, epoch 54.0)
EarlyStopping counter: 5 out of 25
[Save Checkpoint] epoch: [54.0], Train: total:6476.08447, BCE:-27.47735, KLD:6503.56250,Test: total:25758.01367, BCE:-27.82523, KLD:25785.84180
=> saved checkpoint 'checkpoints_CNN/mnist_VAE_s10_v15_FS/last' (iter 14850, epoch 55.0)
=> saved checkpoint 'checkpoint_scores_CNN/mnist_VAE_s10_v15_FS/last' (iter 14850, epoch 55.0)
[Save Checkpoint] epoch: [55.0], Train: total:6413.44482, BCE:-27.18435, KLD:6440.63037,Test: total:25512.89648, BCE:-27.51661, KLD:25540.41211
=> saved checkpoint 'checkpoints_CNN/mnist_VAE_s10_v15_FS/last' (iter 15120, epoch 56.0)
=> saved checkpoint 'checkpoint_scores_CNN/mnist_VAE_s10_v15_FS/last' (iter 15120, epoch 56.0)
EarlyStopping counter: 1 out of 25
[Save Checkpoint] epoch: [56.0], Train: total:6399.16650, BCE:-27.29420, KLD:6426.46094,Test: total:25450.99805, BCE:-27.65133, KLD:25478.65430
=> saved checkpoint 'checkpoints_CNN/mnist_VAE_s10_v15_FS/last' (iter 15390, epoch 57.0)
=> saved checkpoint 'checkpoint_scores_CNN/mnist_VAE_s10_v15_FS/last' (iter 15390, epoch 57.0)
EarlyStopping counter: 2 out of 25
[Save Checkpoint] epoch: [57.0], Train: total:6417.26270, BCE:-27.24306, KLD:6444.50488,Test: total:25527.79102, BCE:-27.60039, KLD:25555.38867
=> saved checkpoint 'checkpoints_CNN/mnist_VAE_s10_v15_FS/last' (iter 15660, epoch 58.0)
=> saved checkpoint 'checkpoint_scores_CNN/mnist_VAE_s10_v15_FS/last' (iter 15660, epoch 58.0)
EarlyStopping counter: 3 out of 25
[Save Checkpoint] epoch: [58.0], Train: total:6345.71631, BCE:-27.23698, KLD:6372.95361,Test: total:25235.08398, BCE:-27.59793, KLD:25262.68164
=> saved checkpoint 'checkpoints_CNN/mnist_VAE_s10_v15_FS/last' (iter 15930, epoch 59.0)
=> saved checkpoint 'checkpoint_scores_CNN/mnist_VAE_s10_v15_FS/last' (iter 15930, epoch 59.0)
EarlyStopping counter: 4 out of 25
[Save Checkpoint] epoch: [59.0], Train: total:6385.82373, BCE:-27.44432, KLD:6413.26611,Test: total:25405.72266, BCE:-27.80360, KLD:25433.52539
Epoch    60: reducing learning rate of group 0 to 4.0000e-05.
=> saved checkpoint 'checkpoints_CNN/mnist_VAE_s10_v15_FS/last' (iter 16200, epoch 60.0)
=> saved checkpoint 'checkpoint_scores_CNN/mnist_VAE_s10_v15_FS/last' (iter 16200, epoch 60.0)
EarlyStopping counter: 5 out of 25
[Save Checkpoint] epoch: [60.0], Train: total:6388.01318, BCE:-27.36135, KLD:6415.37695,Test: total:25409.85938, BCE:-27.69924, KLD:25437.55859
=> saved checkpoint 'checkpoints_CNN/mnist_VAE_s10_v15_FS/last' (iter 16470, epoch 61.0)
=> saved checkpoint 'checkpoint_scores_CNN/mnist_VAE_s10_v15_FS/last' (iter 16470, epoch 61.0)
EarlyStopping counter: 6 out of 25
[Save Checkpoint] epoch: [61.0], Train: total:6380.74805, BCE:-27.28845, KLD:6408.03857,Test: total:25379.84375, BCE:-27.63683, KLD:25407.48242
=> saved checkpoint 'checkpoints_CNN/mnist_VAE_s10_v15_FS/last' (iter 16740, epoch 62.0)
=> saved checkpoint 'checkpoint_scores_CNN/mnist_VAE_s10_v15_FS/last' (iter 16740, epoch 62.0)
EarlyStopping counter: 7 out of 25
[Save Checkpoint] epoch: [62.0], Train: total:6378.24658, BCE:-27.25770, KLD:6405.50781,Test: total:25370.03711, BCE:-27.62649, KLD:25397.66797
=> saved checkpoint 'checkpoints_CNN/mnist_VAE_s10_v15_FS/last' (iter 17010, epoch 63.0)
=> saved checkpoint 'checkpoint_scores_CNN/mnist_VAE_s10_v15_FS/last' (iter 17010, epoch 63.0)
EarlyStopping counter: 8 out of 25
[Save Checkpoint] epoch: [63.0], Train: total:6384.98486, BCE:-27.31579, KLD:6412.30371,Test: total:25398.34766, BCE:-27.63889, KLD:25425.98828
=> saved checkpoint 'checkpoints_CNN/mnist_VAE_s10_v15_FS/last' (iter 17280, epoch 64.0)
=> saved checkpoint 'checkpoint_scores_CNN/mnist_VAE_s10_v15_FS/last' (iter 17280, epoch 64.0)
EarlyStopping counter: 9 out of 25
[Save Checkpoint] epoch: [64.0], Train: total:6379.15039, BCE:-27.38081, KLD:6406.52783,Test: total:25372.77734, BCE:-27.73923, KLD:25400.51562
Epoch    65: reducing learning rate of group 0 to 8.0000e-06.
=> saved checkpoint 'checkpoints_CNN/mnist_VAE_s10_v15_FS/last' (iter 17550, epoch 65.0)
=> saved checkpoint 'checkpoint_scores_CNN/mnist_VAE_s10_v15_FS/last' (iter 17550, epoch 65.0)
EarlyStopping counter: 10 out of 25
[Save Checkpoint] epoch: [65.0], Train: total:6395.63672, BCE:-27.34588, KLD:6422.98242,Test: total:25440.21094, BCE:-27.71085, KLD:25467.92188
=> saved checkpoint 'checkpoints_CNN/mnist_VAE_s10_v15_FS/last' (iter 17820, epoch 66.0)
=> saved checkpoint 'checkpoint_scores_CNN/mnist_VAE_s10_v15_FS/last' (iter 17820, epoch 66.0)
EarlyStopping counter: 11 out of 25
[Save Checkpoint] epoch: [66.0], Train: total:6379.86035, BCE:-27.30841, KLD:6407.16699,Test: total:25376.44922, BCE:-27.65604, KLD:25404.10547
=> saved checkpoint 'checkpoints_CNN/mnist_VAE_s10_v15_FS/last' (iter 18090, epoch 67.0)
=> saved checkpoint 'checkpoint_scores_CNN/mnist_VAE_s10_v15_FS/last' (iter 18090, epoch 67.0)
EarlyStopping counter: 12 out of 25
[Save Checkpoint] epoch: [67.0], Train: total:6387.47314, BCE:-27.29596, KLD:6414.76855,Test: total:25408.19336, BCE:-27.62357, KLD:25435.81641
=> saved checkpoint 'checkpoints_CNN/mnist_VAE_s10_v15_FS/last' (iter 18360, epoch 68.0)
=> saved checkpoint 'checkpoint_scores_CNN/mnist_VAE_s10_v15_FS/last' (iter 18360, epoch 68.0)
EarlyStopping counter: 13 out of 25
[Save Checkpoint] epoch: [68.0], Train: total:6392.38281, BCE:-27.29187, KLD:6419.67480,Test: total:25427.76367, BCE:-27.61232, KLD:25455.37695
=> saved checkpoint 'checkpoints_CNN/mnist_VAE_s10_v15_FS/last' (iter 18630, epoch 69.0)
=> saved checkpoint 'checkpoint_scores_CNN/mnist_VAE_s10_v15_FS/last' (iter 18630, epoch 69.0)
EarlyStopping counter: 14 out of 25
[Save Checkpoint] epoch: [69.0], Train: total:6393.28760, BCE:-27.32206, KLD:6420.60596,Test: total:25430.24023, BCE:-27.66063, KLD:25457.90039
=> saved checkpoint 'checkpoints_CNN/mnist_VAE_s10_v15_FS/last' (iter 18900, epoch 70.0)
=> saved checkpoint 'checkpoint_scores_CNN/mnist_VAE_s10_v15_FS/last' (iter 18900, epoch 70.0)
[Save Checkpoint] epoch: [70.0], Train: total:6385.85889, BCE:-27.31831, KLD:6413.17285,Test: total:25400.05078, BCE:-27.65438, KLD:25427.70508
=> saved checkpoint 'checkpoints_CNN/mnist_VAE_s10_v15_FS/last' (iter 19170, epoch 71.0)
=> saved checkpoint 'checkpoint_scores_CNN/mnist_VAE_s10_v15_FS/last' (iter 19170, epoch 71.0)
EarlyStopping counter: 1 out of 25
[Save Checkpoint] epoch: [71.0], Train: total:6387.74121, BCE:-27.33347, KLD:6415.07227,Test: total:25408.41797, BCE:-27.69706, KLD:25436.11523
=> saved checkpoint 'checkpoints_CNN/mnist_VAE_s10_v15_FS/last' (iter 19440, epoch 72.0)
=> saved checkpoint 'checkpoint_scores_CNN/mnist_VAE_s10_v15_FS/last' (iter 19440, epoch 72.0)
[Save Checkpoint] epoch: [72.0], Train: total:6385.98535, BCE:-27.33106, KLD:6413.31543,Test: total:25402.17773, BCE:-27.67665, KLD:25429.85352
=> saved checkpoint 'checkpoints_CNN/mnist_VAE_s10_v15_FS/last' (iter 19710, epoch 73.0)
=> saved checkpoint 'checkpoint_scores_CNN/mnist_VAE_s10_v15_FS/last' (iter 19710, epoch 73.0)
EarlyStopping counter: 1 out of 25
[Save Checkpoint] epoch: [73.0], Train: total:6389.10205, BCE:-27.33306, KLD:6416.43799,Test: total:25415.06836, BCE:-27.68077, KLD:25442.74805
=> saved checkpoint 'checkpoints_CNN/mnist_VAE_s10_v15_FS/last' (iter 19980, epoch 74.0)
=> saved checkpoint 'checkpoint_scores_CNN/mnist_VAE_s10_v15_FS/last' (iter 19980, epoch 74.0)
EarlyStopping counter: 2 out of 25
[Save Checkpoint] epoch: [74.0], Train: total:6379.82178, BCE:-27.36850, KLD:6407.18896,Test: total:25377.97070, BCE:-27.70882, KLD:25405.67969
=> saved checkpoint 'checkpoints_CNN/mnist_VAE_s10_v15_FS/last' (iter 20250, epoch 75.0)
=> saved checkpoint 'checkpoint_scores_CNN/mnist_VAE_s10_v15_FS/last' (iter 20250, epoch 75.0)
EarlyStopping counter: 3 out of 25
[Save Checkpoint] epoch: [75.0], Train: total:6385.13867, BCE:-27.35666, KLD:6412.49121,Test: total:25398.65430, BCE:-27.70798, KLD:25426.36523
=> saved checkpoint 'checkpoints_CNN/mnist_VAE_s10_v15_FS/last' (iter 20520, epoch 76.0)
=> saved checkpoint 'checkpoint_scores_CNN/mnist_VAE_s10_v15_FS/last' (iter 20520, epoch 76.0)
EarlyStopping counter: 4 out of 25
[Save Checkpoint] epoch: [76.0], Train: total:6387.38721, BCE:-27.38697, KLD:6414.77637,Test: total:25407.58398, BCE:-27.73120, KLD:25435.31250
Epoch    77: reducing learning rate of group 0 to 1.6000e-06.
=> saved checkpoint 'checkpoints_CNN/mnist_VAE_s10_v15_FS/last' (iter 20790, epoch 77.0)
=> saved checkpoint 'checkpoint_scores_CNN/mnist_VAE_s10_v15_FS/last' (iter 20790, epoch 77.0)
EarlyStopping counter: 5 out of 25
[Save Checkpoint] epoch: [77.0], Train: total:6388.10986, BCE:-27.41805, KLD:6415.52930,Test: total:25410.82617, BCE:-27.76437, KLD:25438.59180
=> saved checkpoint 'checkpoints_CNN/mnist_VAE_s10_v15_FS/last' (iter 21060, epoch 78.0)
=> saved checkpoint 'checkpoint_scores_CNN/mnist_VAE_s10_v15_FS/last' (iter 21060, epoch 78.0)
EarlyStopping counter: 6 out of 25
[Save Checkpoint] epoch: [78.0], Train: total:6387.92871, BCE:-27.42291, KLD:6415.35254,Test: total:25410.38281, BCE:-27.76385, KLD:25438.14648
=> saved checkpoint 'checkpoints_CNN/mnist_VAE_s10_v15_FS/last' (iter 21330, epoch 79.0)
=> saved checkpoint 'checkpoint_scores_CNN/mnist_VAE_s10_v15_FS/last' (iter 21330, epoch 79.0)
EarlyStopping counter: 7 out of 25
[Save Checkpoint] epoch: [79.0], Train: total:6387.51465, BCE:-27.42315, KLD:6414.94189,Test: total:25408.64453, BCE:-27.77602, KLD:25436.41992
=> saved checkpoint 'checkpoints_CNN/mnist_VAE_s10_v15_FS/last' (iter 21600, epoch 80.0)
=> saved checkpoint 'checkpoint_scores_CNN/mnist_VAE_s10_v15_FS/last' (iter 21600, epoch 80.0)
EarlyStopping counter: 8 out of 25
[Save Checkpoint] epoch: [80.0], Train: total:6385.66357, BCE:-27.43222, KLD:6413.09570,Test: total:25401.09766, BCE:-27.79125, KLD:25428.88867
=> saved checkpoint 'checkpoints_CNN/mnist_VAE_s10_v15_FS/last' (iter 21870, epoch 81.0)
=> saved checkpoint 'checkpoint_scores_CNN/mnist_VAE_s10_v15_FS/last' (iter 21870, epoch 81.0)
EarlyStopping counter: 9 out of 25
[Save Checkpoint] epoch: [81.0], Train: total:6386.51123, BCE:-27.41709, KLD:6413.93213,Test: total:25404.14844, BCE:-27.74269, KLD:25431.89453
Epoch    82: reducing learning rate of group 0 to 1.0000e-06.
=> saved checkpoint 'checkpoints_CNN/mnist_VAE_s10_v15_FS/last' (iter 22140, epoch 82.0)
=> saved checkpoint 'checkpoint_scores_CNN/mnist_VAE_s10_v15_FS/last' (iter 22140, epoch 82.0)
EarlyStopping counter: 10 out of 25
[Save Checkpoint] epoch: [82.0], Train: total:6386.74121, BCE:-27.43000, KLD:6414.17236,Test: total:25404.89648, BCE:-27.77915, KLD:25432.67773
=> saved checkpoint 'checkpoints_CNN/mnist_VAE_s10_v15_FS/last' (iter 22410, epoch 83.0)
=> saved checkpoint 'checkpoint_scores_CNN/mnist_VAE_s10_v15_FS/last' (iter 22410, epoch 83.0)
EarlyStopping counter: 11 out of 25
[Save Checkpoint] epoch: [83.0], Train: total:6386.16309, BCE:-27.44304, KLD:6413.60645,Test: total:25402.78516, BCE:-27.78794, KLD:25430.57422
=> saved checkpoint 'checkpoints_CNN/mnist_VAE_s10_v15_FS/last' (iter 22680, epoch 84.0)
=> saved checkpoint 'checkpoint_scores_CNN/mnist_VAE_s10_v15_FS/last' (iter 22680, epoch 84.0)
EarlyStopping counter: 12 out of 25
[Save Checkpoint] epoch: [84.0], Train: total:6387.17627, BCE:-27.44992, KLD:6414.62744,Test: total:25406.79492, BCE:-27.79810, KLD:25434.59570
=> saved checkpoint 'checkpoints_CNN/mnist_VAE_s10_v15_FS/last' (iter 22950, epoch 85.0)
=> saved checkpoint 'checkpoint_scores_CNN/mnist_VAE_s10_v15_FS/last' (iter 22950, epoch 85.0)
EarlyStopping counter: 13 out of 25
[Save Checkpoint] epoch: [85.0], Train: total:6387.02930, BCE:-27.43917, KLD:6414.46826,Test: total:25406.24805, BCE:-27.80117, KLD:25434.04688
=> saved checkpoint 'checkpoints_CNN/mnist_VAE_s10_v15_FS/last' (iter 23220, epoch 86.0)
=> saved checkpoint 'checkpoint_scores_CNN/mnist_VAE_s10_v15_FS/last' (iter 23220, epoch 86.0)
EarlyStopping counter: 14 out of 25
[Save Checkpoint] epoch: [86.0], Train: total:6385.14062, BCE:-27.45001, KLD:6412.59082,Test: total:25399.06836, BCE:-27.78121, KLD:25426.84961
=> saved checkpoint 'checkpoints_CNN/mnist_VAE_s10_v15_FS/last' (iter 23490, epoch 87.0)
=> saved checkpoint 'checkpoint_scores_CNN/mnist_VAE_s10_v15_FS/last' (iter 23490, epoch 87.0)
EarlyStopping counter: 15 out of 25
[Save Checkpoint] epoch: [87.0], Train: total:6385.86328, BCE:-27.44564, KLD:6413.30566,Test: total:25401.86523, BCE:-27.78990, KLD:25429.65234
=> saved checkpoint 'checkpoints_CNN/mnist_VAE_s10_v15_FS/last' (iter 23760, epoch 88.0)
=> saved checkpoint 'checkpoint_scores_CNN/mnist_VAE_s10_v15_FS/last' (iter 23760, epoch 88.0)
EarlyStopping counter: 16 out of 25
[Save Checkpoint] epoch: [88.0], Train: total:6385.73389, BCE:-27.45324, KLD:6413.18750,Test: total:25401.32227, BCE:-27.79062, KLD:25429.11328
=> saved checkpoint 'checkpoints_CNN/mnist_VAE_s10_v15_FS/last' (iter 24030, epoch 89.0)
=> saved checkpoint 'checkpoint_scores_CNN/mnist_VAE_s10_v15_FS/last' (iter 24030, epoch 89.0)
EarlyStopping counter: 17 out of 25
[Save Checkpoint] epoch: [89.0], Train: total:6386.00586, BCE:-27.45618, KLD:6413.46240,Test: total:25402.76758, BCE:-27.81277, KLD:25430.58008
=> saved checkpoint 'checkpoints_CNN/mnist_VAE_s10_v15_FS/last' (iter 24300, epoch 90.0)
=> saved checkpoint 'checkpoint_scores_CNN/mnist_VAE_s10_v15_FS/last' (iter 24300, epoch 90.0)
EarlyStopping counter: 18 out of 25
[Save Checkpoint] epoch: [90.0], Train: total:6387.57373, BCE:-27.47165, KLD:6415.04004,Test: total:25408.96680, BCE:-27.83179, KLD:25436.79492
=> saved checkpoint 'checkpoints_CNN/mnist_VAE_s10_v15_FS/last' (iter 24570, epoch 91.0)
=> saved checkpoint 'checkpoint_scores_CNN/mnist_VAE_s10_v15_FS/last' (iter 24570, epoch 91.0)
EarlyStopping counter: 19 out of 25
[Save Checkpoint] epoch: [91.0], Train: total:6387.25195, BCE:-27.45771, KLD:6414.70850,Test: total:25407.60938, BCE:-27.79107, KLD:25435.40039
=> saved checkpoint 'checkpoints_CNN/mnist_VAE_s10_v15_FS/last' (iter 24840, epoch 92.0)
=> saved checkpoint 'checkpoint_scores_CNN/mnist_VAE_s10_v15_FS/last' (iter 24840, epoch 92.0)
EarlyStopping counter: 20 out of 25
[Save Checkpoint] epoch: [92.0], Train: total:6387.96094, BCE:-27.45500, KLD:6415.41455,Test: total:25410.24805, BCE:-27.80458, KLD:25438.05273
=> saved checkpoint 'checkpoints_CNN/mnist_VAE_s10_v15_FS/last' (iter 25110, epoch 93.0)
=> saved checkpoint 'checkpoint_scores_CNN/mnist_VAE_s10_v15_FS/last' (iter 25110, epoch 93.0)
EarlyStopping counter: 21 out of 25
[Save Checkpoint] epoch: [93.0], Train: total:6388.04053, BCE:-27.45424, KLD:6415.49512,Test: total:25410.87109, BCE:-27.79526, KLD:25438.66992
=> saved checkpoint 'checkpoints_CNN/mnist_VAE_s10_v15_FS/last' (iter 25380, epoch 94.0)
=> saved checkpoint 'checkpoint_scores_CNN/mnist_VAE_s10_v15_FS/last' (iter 25380, epoch 94.0)
EarlyStopping counter: 22 out of 25
[Save Checkpoint] epoch: [94.0], Train: total:6387.81592, BCE:-27.46771, KLD:6415.28662,Test: total:25410.06836, BCE:-27.82409, KLD:25437.89062
=> saved checkpoint 'checkpoints_CNN/mnist_VAE_s10_v15_FS/last' (iter 25650, epoch 95.0)
=> saved checkpoint 'checkpoint_scores_CNN/mnist_VAE_s10_v15_FS/last' (iter 25650, epoch 95.0)
EarlyStopping counter: 23 out of 25
[Save Checkpoint] epoch: [95.0], Train: total:6390.02197, BCE:-27.47346, KLD:6417.50000,Test: total:25418.56836, BCE:-27.80769, KLD:25446.37305
=> saved checkpoint 'checkpoints_CNN/mnist_VAE_s10_v15_FS/last' (iter 25920, epoch 96.0)
=> saved checkpoint 'checkpoint_scores_CNN/mnist_VAE_s10_v15_FS/last' (iter 25920, epoch 96.0)
EarlyStopping counter: 24 out of 25
[Save Checkpoint] epoch: [96.0], Train: total:6387.10059, BCE:-27.46574, KLD:6414.56641,Test: total:25406.78711, BCE:-27.80766, KLD:25434.59180
=> saved checkpoint 'checkpoints_CNN/mnist_VAE_s10_v15_FS/last' (iter 26190, epoch 97.0)
=> saved checkpoint 'checkpoint_scores_CNN/mnist_VAE_s10_v15_FS/last' (iter 26190, epoch 97.0)
EarlyStopping counter: 25 out of 25
[Save Checkpoint] epoch: [97.0], Train: total:6389.27686, BCE:-27.46454, KLD:6416.74316,Test: total:25415.21680, BCE:-27.81699, KLD:25443.03320
Early stopping
[Training Finished]
All done !
