71
--gpu_devices 0 --max_iter 100 --batch_size 250 --use_scheduler True --lr 1e-4 --GMP True --z_struct_size 20 --is_encoder_struct True --big_kernel_size 8 --two_conv_layer True --three_conv_layer True --kernel_size_1 4 --kernel_size_2 4 --kernel_size_3 4 --BK_in_first_layer True --BK_in_second_layer False --BK_in_third_layer False --stride_size 1 --hidden_filters_layer1 128 --hidden_filters_layer2 128 --hidden_filters_layer3 128 --lambda_class 1 --ratio_reg False --lambda_ratio_reg 1 --loss_min_distance_cl False --lambda_var_distance 1 --loss_distance_mean True --Hmg_dst_loss True --Hmg_dst_loss True --lambda_hmg_dst 1 --lambda_hmg_dst 1 --binary_z True --binary_first_conv False --binary_second_conv False --binary_third_conv True --exp_name mnist_struct_mean_scheduler_binary_1_8_Hamming_dst_1_4_3
Namespace(BK_in_first_layer=True, BK_in_second_layer=False, BK_in_third_layer=False, BN=False, C_max=25, C_stop_iter=100000.0, E1_AE=False, E1_VAE=False, E1_conv=False, E1_dense=False, E1_second_conv=False, E1_second_conv_adapt=False, GMP=True, Hmg_dst_loss=True, IPC=False, L1_norm_act=False, L1_norm_weights=False, L3_without_random=False, LOG_DIR='logs', adapt_lr=False, add_classification_layer=True, add_linear_after_GMP=True, add_z_struct_bottleneck=False, alpha=32, batch_size=250, beta=1, beta1=0.9, beta2=0.999, big_kernel=False, big_kernel_size=8, binary_chain=False, binary_first_conv=False, binary_second_conv=False, binary_third_conv=True, binary_z=True, ckpt_dir='checkpoints_CNN', ckpt_dir_scores='checkpoint_scores_CNN', classif_layer_size=30, contrastive_loss=False, cuda=True, dataset='mnist', dataset_balanced=False, decoder_first_dense=36, decoder_kernel_size_1=4, decoder_kernel_size_2=3, decoder_kernel_size_3=4, decoder_n_filter_1=64, decoder_n_filter_2=64, decoder_n_filter_3=64, decoder_stride_1=2, decoder_stride_2=2, decoder_stride_3=1, diff_var=False, display_step=10000, dset_dir='data', exp_name='mnist_struct_mean_scheduler_binary_1_8_Hamming_dst_1_4_3', freeze_Encoder=True, gamma=1000, gpu_devices=[0], hidden_filters_layer1=128, hidden_filters_layer2=128, hidden_filters_layer3=128, image_size=64, intra_class_variance_loss=False, is_C=True, is_E1=False, is_VAE_var=False, is_binary_structural_latent=False, is_custom_model=False, is_custom_model_BK=False, is_default_model=False, is_encoder_struct=True, is_noise_stats=False, is_partial_rand_class=False, is_perturbed_score=False, is_zvar_sim_loss=False, just_train=False, kernel_size=4, kernel_size_1=4, kernel_size_2=4, kernel_size_3=4, lambda_BCE=1, lambda_Kl_struct=1, lambda_Kl_var=1, lambda_L1=0.01, lambda_VAE=1, lambda_class=1.0, lambda_contrastive_loss=1, lambda_distance_mean=1, lambda_hmg_dst=1.0, lambda_intra_class_var=1, lambda_partial_class=1, lambda_ratio_reg=1.0, lambda_recon_wt_rand=1, lambda_recons=1, lambda_var_distance=1.0, lambda_var_inter=1, lambda_var_intra=1, lambda_zvar_sim=1, latent_spec_cont=None, latent_spec_cont_class=None, latent_spec_cont_var=None, latent_spec_disc=None, latent_spec_disc_class=None, latent_spec_disc_var=None, log_level='info', loss='Proxy_Anchor', loss_distance_mean=True, loss_min_distance_cl=False, lr=0.0001, max_iter=100.0, model='CNN', mrg=0.1, nb_epochs_train_only_zvar=0, num_workers=2, old_weighted=False, optimizer='adamw', other_architecture=False, other_ratio=False, random_percentage=0.2, random_seed=10, randomness=True, ratio_reg=False, remark='', save_step=10000, second_layer_C=False, seed=1, stride_size=1, sz_embedding=5, three_conv_layer=True, train=True, train_var_struct_alternatively=False, two_conv_layer=True, two_encoder=False, use_VAE=False, use_decoder=False, use_early_stopping=True, use_scheduler=True, use_structural_encoder=False, value_target_distance_mean=1, var_hidden_dim=256, var_hidden_filters_1=32, var_hidden_filters_2=32, var_hidden_filters_3=32, var_kernel_size_1=3, var_kernel_size_2=3, var_kernel_size_3=3, var_second_cnn_block=False, var_stride_size_1=1, var_stride_size_2=1, var_stride_size_3=1, var_third_cnn_block=False, var_three_conv_layer=False, warm=1, without_acc=False, z_struct_size=20, z_var_size=5, zeros_W_Classif=False, zvar_sim_change_zvar=False, zvar_sim_loss_for_all_model=False, zvar_sim_loss_only_for_encoder=False, zvar_sim_normal=False, zvar_sim_var_rand=False)
CUDA Visible devices !
[Using Seed: 10]
use 1 gpu who named: Tesla V100-SXM2-32GB
=> loaded sample_scores and losses
USe encoder struct with Hamming distance with pre trained encoder, load it !
=> loaded checkpoint 'checkpoints_CNN/mnist_struct_mean_scheduler_binary_1_8/last (iter 17010)'
Encoder_struct(
  (encoder_struct): Sequential(
    (0): Conv2d(1, 128, kernel_size=(8, 8), stride=(1, 1))
    (1): BatchNorm2d(128, eps=1e-05, momentum=0.1, affine=True, track_running_stats=True)
    (2): ReLU(inplace=True)
    (3): Conv2d(128, 128, kernel_size=(4, 4), stride=(1, 1))
    (4): BatchNorm2d(128, eps=1e-05, momentum=0.1, affine=True, track_running_stats=True)
    (5): ReLU(inplace=True)
    (6): Conv2d(128, 20, kernel_size=(4, 4), stride=(1, 1))
    (7): BatchNorm2d(20, eps=1e-05, momentum=0.1, affine=True, track_running_stats=True)
    (8): DeterministicBinaryActivation(
      (act): Hardsigmoid(
        (act): Hardtanh(min_val=-1.0, max_val=1.0)
      )
    )
    (9): AdaptiveMaxPool2d(output_size=(1, 1))
    (10): View()
    (11): Linear(in_features=20, out_features=10, bias=True)
  )
)
The number of parameters of model is 312334
=> saved checkpoint 'checkpoints_CNN/mnist_struct_mean_scheduler_binary_1_8_Hamming_dst_1_4_3/last' (iter 240, epoch 1.0)
=> saved checkpoint 'checkpoint_scores_CNN/mnist_struct_mean_scheduler_binary_1_8_Hamming_dst_1_4_3/last' (iter 240, epoch 1.0)
[Save Checkpoint] epoch: [1.0], Train score:97.89500, Test score:94.31000, train loss:-0.01148, test loss:0.12473, ratio_train_loss:0.00000,ratio_test_loss:0.00000, var distance inter class train:0.00000,var distance inter class test:0.00000
=> saved checkpoint 'checkpoints_CNN/mnist_struct_mean_scheduler_binary_1_8_Hamming_dst_1_4_3/last' (iter 480, epoch 2.0)
=> saved checkpoint 'checkpoint_scores_CNN/mnist_struct_mean_scheduler_binary_1_8_Hamming_dst_1_4_3/last' (iter 480, epoch 2.0)
[Save Checkpoint] epoch: [2.0], Train score:98.01333, Test score:94.34000, train loss:-0.01825, test loss:0.12959, ratio_train_loss:0.00000,ratio_test_loss:0.00000, var distance inter class train:0.00000,var distance inter class test:0.00000
=> saved checkpoint 'checkpoints_CNN/mnist_struct_mean_scheduler_binary_1_8_Hamming_dst_1_4_3/last' (iter 720, epoch 3.0)
=> saved checkpoint 'checkpoint_scores_CNN/mnist_struct_mean_scheduler_binary_1_8_Hamming_dst_1_4_3/last' (iter 720, epoch 3.0)
EarlyStopping counter: 1 out of 20
[Save Checkpoint] epoch: [3.0], Train score:98.05667, Test score:94.33000, train loss:-0.02158, test loss:0.12843, ratio_train_loss:0.00000,ratio_test_loss:0.00000, var distance inter class train:0.00000,var distance inter class test:0.00000
=> saved checkpoint 'checkpoints_CNN/mnist_struct_mean_scheduler_binary_1_8_Hamming_dst_1_4_3/last' (iter 960, epoch 4.0)
=> saved checkpoint 'checkpoint_scores_CNN/mnist_struct_mean_scheduler_binary_1_8_Hamming_dst_1_4_3/last' (iter 960, epoch 4.0)
[Save Checkpoint] epoch: [4.0], Train score:98.06333, Test score:94.29000, train loss:-0.02538, test loss:0.13233, ratio_train_loss:0.00000,ratio_test_loss:0.00000, var distance inter class train:0.00000,var distance inter class test:0.00000
=> saved checkpoint 'checkpoints_CNN/mnist_struct_mean_scheduler_binary_1_8_Hamming_dst_1_4_3/last' (iter 1200, epoch 5.0)
=> saved checkpoint 'checkpoint_scores_CNN/mnist_struct_mean_scheduler_binary_1_8_Hamming_dst_1_4_3/last' (iter 1200, epoch 5.0)
EarlyStopping counter: 1 out of 20
[Save Checkpoint] epoch: [5.0], Train score:98.11667, Test score:94.30000, train loss:-0.02877, test loss:0.12852, ratio_train_loss:0.00000,ratio_test_loss:0.00000, var distance inter class train:0.00000,var distance inter class test:0.00000
=> saved checkpoint 'checkpoints_CNN/mnist_struct_mean_scheduler_binary_1_8_Hamming_dst_1_4_3/last' (iter 1440, epoch 6.0)
=> saved checkpoint 'checkpoint_scores_CNN/mnist_struct_mean_scheduler_binary_1_8_Hamming_dst_1_4_3/last' (iter 1440, epoch 6.0)
EarlyStopping counter: 2 out of 20
[Save Checkpoint] epoch: [6.0], Train score:98.22167, Test score:94.27000, train loss:-0.03189, test loss:0.12696, ratio_train_loss:0.00000,ratio_test_loss:0.00000, var distance inter class train:0.00000,var distance inter class test:0.00000
=> saved checkpoint 'checkpoints_CNN/mnist_struct_mean_scheduler_binary_1_8_Hamming_dst_1_4_3/last' (iter 1680, epoch 7.0)
=> saved checkpoint 'checkpoint_scores_CNN/mnist_struct_mean_scheduler_binary_1_8_Hamming_dst_1_4_3/last' (iter 1680, epoch 7.0)
EarlyStopping counter: 3 out of 20
[Save Checkpoint] epoch: [7.0], Train score:98.22333, Test score:94.27000, train loss:-0.03258, test loss:0.13153, ratio_train_loss:0.00000,ratio_test_loss:0.00000, var distance inter class train:0.00000,var distance inter class test:0.00000
=> saved checkpoint 'checkpoints_CNN/mnist_struct_mean_scheduler_binary_1_8_Hamming_dst_1_4_3/last' (iter 1920, epoch 8.0)
=> saved checkpoint 'checkpoint_scores_CNN/mnist_struct_mean_scheduler_binary_1_8_Hamming_dst_1_4_3/last' (iter 1920, epoch 8.0)
EarlyStopping counter: 4 out of 20
[Save Checkpoint] epoch: [8.0], Train score:98.26500, Test score:94.24000, train loss:-0.03653, test loss:0.12807, ratio_train_loss:0.00000,ratio_test_loss:0.00000, var distance inter class train:0.00000,var distance inter class test:0.00000
Epoch     9: reducing learning rate of group 0 to 2.0000e-05.
=> saved checkpoint 'checkpoints_CNN/mnist_struct_mean_scheduler_binary_1_8_Hamming_dst_1_4_3/last' (iter 2160, epoch 9.0)
=> saved checkpoint 'checkpoint_scores_CNN/mnist_struct_mean_scheduler_binary_1_8_Hamming_dst_1_4_3/last' (iter 2160, epoch 9.0)
EarlyStopping counter: 5 out of 20
[Save Checkpoint] epoch: [9.0], Train score:98.37667, Test score:94.26000, train loss:-0.04022, test loss:0.12378, ratio_train_loss:0.00000,ratio_test_loss:0.00000, var distance inter class train:0.00000,var distance inter class test:0.00000
=> saved checkpoint 'checkpoints_CNN/mnist_struct_mean_scheduler_binary_1_8_Hamming_dst_1_4_3/last' (iter 2400, epoch 10.0)
=> saved checkpoint 'checkpoint_scores_CNN/mnist_struct_mean_scheduler_binary_1_8_Hamming_dst_1_4_3/last' (iter 2400, epoch 10.0)
EarlyStopping counter: 6 out of 20
[Save Checkpoint] epoch: [10.0], Train score:98.48167, Test score:94.25000, train loss:-0.04258, test loss:0.12605, ratio_train_loss:0.00000,ratio_test_loss:0.00000, var distance inter class train:0.00000,var distance inter class test:0.00000
=> saved checkpoint 'checkpoints_CNN/mnist_struct_mean_scheduler_binary_1_8_Hamming_dst_1_4_3/last' (iter 2640, epoch 11.0)
=> saved checkpoint 'checkpoint_scores_CNN/mnist_struct_mean_scheduler_binary_1_8_Hamming_dst_1_4_3/last' (iter 2640, epoch 11.0)
EarlyStopping counter: 7 out of 20
[Save Checkpoint] epoch: [11.0], Train score:98.53000, Test score:94.27000, train loss:-0.04389, test loss:0.12848, ratio_train_loss:0.00000,ratio_test_loss:0.00000, var distance inter class train:0.00000,var distance inter class test:0.00000
=> saved checkpoint 'checkpoints_CNN/mnist_struct_mean_scheduler_binary_1_8_Hamming_dst_1_4_3/last' (iter 2880, epoch 12.0)
=> saved checkpoint 'checkpoint_scores_CNN/mnist_struct_mean_scheduler_binary_1_8_Hamming_dst_1_4_3/last' (iter 2880, epoch 12.0)
EarlyStopping counter: 8 out of 20
[Save Checkpoint] epoch: [12.0], Train score:98.47500, Test score:94.13000, train loss:-0.04249, test loss:0.12835, ratio_train_loss:0.00000,ratio_test_loss:0.00000, var distance inter class train:0.00000,var distance inter class test:0.00000
=> saved checkpoint 'checkpoints_CNN/mnist_struct_mean_scheduler_binary_1_8_Hamming_dst_1_4_3/last' (iter 3120, epoch 13.0)
=> saved checkpoint 'checkpoint_scores_CNN/mnist_struct_mean_scheduler_binary_1_8_Hamming_dst_1_4_3/last' (iter 3120, epoch 13.0)
EarlyStopping counter: 9 out of 20
[Save Checkpoint] epoch: [13.0], Train score:98.50500, Test score:94.08000, train loss:-0.04396, test loss:0.12904, ratio_train_loss:0.00000,ratio_test_loss:0.00000, var distance inter class train:0.00000,var distance inter class test:0.00000
Epoch    14: reducing learning rate of group 0 to 4.0000e-06.
=> saved checkpoint 'checkpoints_CNN/mnist_struct_mean_scheduler_binary_1_8_Hamming_dst_1_4_3/last' (iter 3360, epoch 14.0)
=> saved checkpoint 'checkpoint_scores_CNN/mnist_struct_mean_scheduler_binary_1_8_Hamming_dst_1_4_3/last' (iter 3360, epoch 14.0)
EarlyStopping counter: 10 out of 20
[Save Checkpoint] epoch: [14.0], Train score:98.52000, Test score:94.01000, train loss:-0.04517, test loss:0.13379, ratio_train_loss:0.00000,ratio_test_loss:0.00000, var distance inter class train:0.00000,var distance inter class test:0.00000
=> saved checkpoint 'checkpoints_CNN/mnist_struct_mean_scheduler_binary_1_8_Hamming_dst_1_4_3/last' (iter 3600, epoch 15.0)
=> saved checkpoint 'checkpoint_scores_CNN/mnist_struct_mean_scheduler_binary_1_8_Hamming_dst_1_4_3/last' (iter 3600, epoch 15.0)
EarlyStopping counter: 11 out of 20
[Save Checkpoint] epoch: [15.0], Train score:98.55833, Test score:94.07000, train loss:-0.04590, test loss:0.13452, ratio_train_loss:0.00000,ratio_test_loss:0.00000, var distance inter class train:0.00000,var distance inter class test:0.00000
=> saved checkpoint 'checkpoints_CNN/mnist_struct_mean_scheduler_binary_1_8_Hamming_dst_1_4_3/last' (iter 3840, epoch 16.0)
=> saved checkpoint 'checkpoint_scores_CNN/mnist_struct_mean_scheduler_binary_1_8_Hamming_dst_1_4_3/last' (iter 3840, epoch 16.0)
EarlyStopping counter: 12 out of 20
[Save Checkpoint] epoch: [16.0], Train score:98.64833, Test score:94.27000, train loss:-0.04850, test loss:0.13131, ratio_train_loss:0.00000,ratio_test_loss:0.00000, var distance inter class train:0.00000,var distance inter class test:0.00000
=> saved checkpoint 'checkpoints_CNN/mnist_struct_mean_scheduler_binary_1_8_Hamming_dst_1_4_3/last' (iter 4080, epoch 17.0)
=> saved checkpoint 'checkpoint_scores_CNN/mnist_struct_mean_scheduler_binary_1_8_Hamming_dst_1_4_3/last' (iter 4080, epoch 17.0)
EarlyStopping counter: 13 out of 20
[Save Checkpoint] epoch: [17.0], Train score:98.63833, Test score:94.13000, train loss:-0.04791, test loss:0.13284, ratio_train_loss:0.00000,ratio_test_loss:0.00000, var distance inter class train:0.00000,var distance inter class test:0.00000
=> saved checkpoint 'checkpoints_CNN/mnist_struct_mean_scheduler_binary_1_8_Hamming_dst_1_4_3/last' (iter 4320, epoch 18.0)
=> saved checkpoint 'checkpoint_scores_CNN/mnist_struct_mean_scheduler_binary_1_8_Hamming_dst_1_4_3/last' (iter 4320, epoch 18.0)
[Save Checkpoint] epoch: [18.0], Train score:98.62833, Test score:94.12000, train loss:-0.04769, test loss:0.13329, ratio_train_loss:0.00000,ratio_test_loss:0.00000, var distance inter class train:0.00000,var distance inter class test:0.00000
=> saved checkpoint 'checkpoints_CNN/mnist_struct_mean_scheduler_binary_1_8_Hamming_dst_1_4_3/last' (iter 4560, epoch 19.0)
=> saved checkpoint 'checkpoint_scores_CNN/mnist_struct_mean_scheduler_binary_1_8_Hamming_dst_1_4_3/last' (iter 4560, epoch 19.0)
EarlyStopping counter: 1 out of 20
[Save Checkpoint] epoch: [19.0], Train score:98.58333, Test score:93.99000, train loss:-0.04678, test loss:0.13257, ratio_train_loss:0.00000,ratio_test_loss:0.00000, var distance inter class train:0.00000,var distance inter class test:0.00000
=> saved checkpoint 'checkpoints_CNN/mnist_struct_mean_scheduler_binary_1_8_Hamming_dst_1_4_3/last' (iter 4800, epoch 20.0)
=> saved checkpoint 'checkpoint_scores_CNN/mnist_struct_mean_scheduler_binary_1_8_Hamming_dst_1_4_3/last' (iter 4800, epoch 20.0)
EarlyStopping counter: 2 out of 20
[Save Checkpoint] epoch: [20.0], Train score:98.53167, Test score:94.05000, train loss:-0.04550, test loss:0.13363, ratio_train_loss:0.00000,ratio_test_loss:0.00000, var distance inter class train:0.00000,var distance inter class test:0.00000
=> saved checkpoint 'checkpoints_CNN/mnist_struct_mean_scheduler_binary_1_8_Hamming_dst_1_4_3/last' (iter 5040, epoch 21.0)
=> saved checkpoint 'checkpoint_scores_CNN/mnist_struct_mean_scheduler_binary_1_8_Hamming_dst_1_4_3/last' (iter 5040, epoch 21.0)
EarlyStopping counter: 3 out of 20
[Save Checkpoint] epoch: [21.0], Train score:98.55333, Test score:93.90000, train loss:-0.04597, test loss:0.13549, ratio_train_loss:0.00000,ratio_test_loss:0.00000, var distance inter class train:0.00000,var distance inter class test:0.00000
=> saved checkpoint 'checkpoints_CNN/mnist_struct_mean_scheduler_binary_1_8_Hamming_dst_1_4_3/last' (iter 5280, epoch 22.0)
=> saved checkpoint 'checkpoint_scores_CNN/mnist_struct_mean_scheduler_binary_1_8_Hamming_dst_1_4_3/last' (iter 5280, epoch 22.0)
EarlyStopping counter: 4 out of 20
[Save Checkpoint] epoch: [22.0], Train score:98.50333, Test score:93.96000, train loss:-0.04403, test loss:0.13642, ratio_train_loss:0.00000,ratio_test_loss:0.00000, var distance inter class train:0.00000,var distance inter class test:0.00000
Epoch    23: reducing learning rate of group 0 to 1.0000e-06.
=> saved checkpoint 'checkpoints_CNN/mnist_struct_mean_scheduler_binary_1_8_Hamming_dst_1_4_3/last' (iter 5520, epoch 23.0)
=> saved checkpoint 'checkpoint_scores_CNN/mnist_struct_mean_scheduler_binary_1_8_Hamming_dst_1_4_3/last' (iter 5520, epoch 23.0)
EarlyStopping counter: 5 out of 20
[Save Checkpoint] epoch: [23.0], Train score:98.61167, Test score:94.05000, train loss:-0.04769, test loss:0.13262, ratio_train_loss:0.00000,ratio_test_loss:0.00000, var distance inter class train:0.00000,var distance inter class test:0.00000
=> saved checkpoint 'checkpoints_CNN/mnist_struct_mean_scheduler_binary_1_8_Hamming_dst_1_4_3/last' (iter 5760, epoch 24.0)
=> saved checkpoint 'checkpoint_scores_CNN/mnist_struct_mean_scheduler_binary_1_8_Hamming_dst_1_4_3/last' (iter 5760, epoch 24.0)
EarlyStopping counter: 6 out of 20
[Save Checkpoint] epoch: [24.0], Train score:98.54167, Test score:94.01000, train loss:-0.04586, test loss:0.13491, ratio_train_loss:0.00000,ratio_test_loss:0.00000, var distance inter class train:0.00000,var distance inter class test:0.00000
=> saved checkpoint 'checkpoints_CNN/mnist_struct_mean_scheduler_binary_1_8_Hamming_dst_1_4_3/last' (iter 6000, epoch 25.0)
=> saved checkpoint 'checkpoint_scores_CNN/mnist_struct_mean_scheduler_binary_1_8_Hamming_dst_1_4_3/last' (iter 6000, epoch 25.0)
EarlyStopping counter: 7 out of 20
[Save Checkpoint] epoch: [25.0], Train score:98.65833, Test score:94.16000, train loss:-0.04866, test loss:0.13205, ratio_train_loss:0.00000,ratio_test_loss:0.00000, var distance inter class train:0.00000,var distance inter class test:0.00000
=> saved checkpoint 'checkpoints_CNN/mnist_struct_mean_scheduler_binary_1_8_Hamming_dst_1_4_3/last' (iter 6240, epoch 26.0)
=> saved checkpoint 'checkpoint_scores_CNN/mnist_struct_mean_scheduler_binary_1_8_Hamming_dst_1_4_3/last' (iter 6240, epoch 26.0)
EarlyStopping counter: 8 out of 20
[Save Checkpoint] epoch: [26.0], Train score:98.58000, Test score:94.12000, train loss:-0.04608, test loss:0.13127, ratio_train_loss:0.00000,ratio_test_loss:0.00000, var distance inter class train:0.00000,var distance inter class test:0.00000
=> saved checkpoint 'checkpoints_CNN/mnist_struct_mean_scheduler_binary_1_8_Hamming_dst_1_4_3/last' (iter 6480, epoch 27.0)
=> saved checkpoint 'checkpoint_scores_CNN/mnist_struct_mean_scheduler_binary_1_8_Hamming_dst_1_4_3/last' (iter 6480, epoch 27.0)
EarlyStopping counter: 9 out of 20
[Save Checkpoint] epoch: [27.0], Train score:98.64833, Test score:94.09000, train loss:-0.04818, test loss:0.13675, ratio_train_loss:0.00000,ratio_test_loss:0.00000, var distance inter class train:0.00000,var distance inter class test:0.00000
=> saved checkpoint 'checkpoints_CNN/mnist_struct_mean_scheduler_binary_1_8_Hamming_dst_1_4_3/last' (iter 6720, epoch 28.0)
=> saved checkpoint 'checkpoint_scores_CNN/mnist_struct_mean_scheduler_binary_1_8_Hamming_dst_1_4_3/last' (iter 6720, epoch 28.0)
EarlyStopping counter: 10 out of 20
[Save Checkpoint] epoch: [28.0], Train score:98.68000, Test score:94.27000, train loss:-0.04922, test loss:0.13106, ratio_train_loss:0.00000,ratio_test_loss:0.00000, var distance inter class train:0.00000,var distance inter class test:0.00000
=> saved checkpoint 'checkpoints_CNN/mnist_struct_mean_scheduler_binary_1_8_Hamming_dst_1_4_3/last' (iter 6960, epoch 29.0)
=> saved checkpoint 'checkpoint_scores_CNN/mnist_struct_mean_scheduler_binary_1_8_Hamming_dst_1_4_3/last' (iter 6960, epoch 29.0)
EarlyStopping counter: 11 out of 20
[Save Checkpoint] epoch: [29.0], Train score:98.64000, Test score:94.05000, train loss:-0.04832, test loss:0.13563, ratio_train_loss:0.00000,ratio_test_loss:0.00000, var distance inter class train:0.00000,var distance inter class test:0.00000
=> saved checkpoint 'checkpoints_CNN/mnist_struct_mean_scheduler_binary_1_8_Hamming_dst_1_4_3/last' (iter 7200, epoch 30.0)
=> saved checkpoint 'checkpoint_scores_CNN/mnist_struct_mean_scheduler_binary_1_8_Hamming_dst_1_4_3/last' (iter 7200, epoch 30.0)
[Save Checkpoint] epoch: [30.0], Train score:98.59500, Test score:93.92000, train loss:-0.04677, test loss:0.13703, ratio_train_loss:0.00000,ratio_test_loss:0.00000, var distance inter class train:0.00000,var distance inter class test:0.00000
=> saved checkpoint 'checkpoints_CNN/mnist_struct_mean_scheduler_binary_1_8_Hamming_dst_1_4_3/last' (iter 7440, epoch 31.0)
=> saved checkpoint 'checkpoint_scores_CNN/mnist_struct_mean_scheduler_binary_1_8_Hamming_dst_1_4_3/last' (iter 7440, epoch 31.0)
EarlyStopping counter: 1 out of 20
[Save Checkpoint] epoch: [31.0], Train score:98.64333, Test score:94.10000, train loss:-0.04848, test loss:0.13309, ratio_train_loss:0.00000,ratio_test_loss:0.00000, var distance inter class train:0.00000,var distance inter class test:0.00000
=> saved checkpoint 'checkpoints_CNN/mnist_struct_mean_scheduler_binary_1_8_Hamming_dst_1_4_3/last' (iter 7680, epoch 32.0)
=> saved checkpoint 'checkpoint_scores_CNN/mnist_struct_mean_scheduler_binary_1_8_Hamming_dst_1_4_3/last' (iter 7680, epoch 32.0)
EarlyStopping counter: 2 out of 20
[Save Checkpoint] epoch: [32.0], Train score:98.63167, Test score:94.19000, train loss:-0.04786, test loss:0.13072, ratio_train_loss:0.00000,ratio_test_loss:0.00000, var distance inter class train:0.00000,var distance inter class test:0.00000
=> saved checkpoint 'checkpoints_CNN/mnist_struct_mean_scheduler_binary_1_8_Hamming_dst_1_4_3/last' (iter 7920, epoch 33.0)
=> saved checkpoint 'checkpoint_scores_CNN/mnist_struct_mean_scheduler_binary_1_8_Hamming_dst_1_4_3/last' (iter 7920, epoch 33.0)
EarlyStopping counter: 3 out of 20
[Save Checkpoint] epoch: [33.0], Train score:98.64000, Test score:94.16000, train loss:-0.04844, test loss:0.13050, ratio_train_loss:0.00000,ratio_test_loss:0.00000, var distance inter class train:0.00000,var distance inter class test:0.00000
=> saved checkpoint 'checkpoints_CNN/mnist_struct_mean_scheduler_binary_1_8_Hamming_dst_1_4_3/last' (iter 8160, epoch 34.0)
=> saved checkpoint 'checkpoint_scores_CNN/mnist_struct_mean_scheduler_binary_1_8_Hamming_dst_1_4_3/last' (iter 8160, epoch 34.0)
EarlyStopping counter: 4 out of 20
[Save Checkpoint] epoch: [34.0], Train score:98.59000, Test score:94.20000, train loss:-0.04673, test loss:0.13331, ratio_train_loss:0.00000,ratio_test_loss:0.00000, var distance inter class train:0.00000,var distance inter class test:0.00000
=> saved checkpoint 'checkpoints_CNN/mnist_struct_mean_scheduler_binary_1_8_Hamming_dst_1_4_3/last' (iter 8400, epoch 35.0)
=> saved checkpoint 'checkpoint_scores_CNN/mnist_struct_mean_scheduler_binary_1_8_Hamming_dst_1_4_3/last' (iter 8400, epoch 35.0)
EarlyStopping counter: 5 out of 20
[Save Checkpoint] epoch: [35.0], Train score:98.63333, Test score:93.99000, train loss:-0.04871, test loss:0.13478, ratio_train_loss:0.00000,ratio_test_loss:0.00000, var distance inter class train:0.00000,var distance inter class test:0.00000
=> saved checkpoint 'checkpoints_CNN/mnist_struct_mean_scheduler_binary_1_8_Hamming_dst_1_4_3/last' (iter 8640, epoch 36.0)
=> saved checkpoint 'checkpoint_scores_CNN/mnist_struct_mean_scheduler_binary_1_8_Hamming_dst_1_4_3/last' (iter 8640, epoch 36.0)
EarlyStopping counter: 6 out of 20
[Save Checkpoint] epoch: [36.0], Train score:98.65667, Test score:94.20000, train loss:-0.04877, test loss:0.12831, ratio_train_loss:0.00000,ratio_test_loss:0.00000, var distance inter class train:0.00000,var distance inter class test:0.00000
=> saved checkpoint 'checkpoints_CNN/mnist_struct_mean_scheduler_binary_1_8_Hamming_dst_1_4_3/last' (iter 8880, epoch 37.0)
=> saved checkpoint 'checkpoint_scores_CNN/mnist_struct_mean_scheduler_binary_1_8_Hamming_dst_1_4_3/last' (iter 8880, epoch 37.0)
EarlyStopping counter: 7 out of 20
[Save Checkpoint] epoch: [37.0], Train score:98.61667, Test score:94.06000, train loss:-0.04783, test loss:0.13482, ratio_train_loss:0.00000,ratio_test_loss:0.00000, var distance inter class train:0.00000,var distance inter class test:0.00000
=> saved checkpoint 'checkpoints_CNN/mnist_struct_mean_scheduler_binary_1_8_Hamming_dst_1_4_3/last' (iter 9120, epoch 38.0)
=> saved checkpoint 'checkpoint_scores_CNN/mnist_struct_mean_scheduler_binary_1_8_Hamming_dst_1_4_3/last' (iter 9120, epoch 38.0)
EarlyStopping counter: 8 out of 20
[Save Checkpoint] epoch: [38.0], Train score:98.69667, Test score:94.08000, train loss:-0.05023, test loss:0.13402, ratio_train_loss:0.00000,ratio_test_loss:0.00000, var distance inter class train:0.00000,var distance inter class test:0.00000
=> saved checkpoint 'checkpoints_CNN/mnist_struct_mean_scheduler_binary_1_8_Hamming_dst_1_4_3/last' (iter 9360, epoch 39.0)
=> saved checkpoint 'checkpoint_scores_CNN/mnist_struct_mean_scheduler_binary_1_8_Hamming_dst_1_4_3/last' (iter 9360, epoch 39.0)
EarlyStopping counter: 9 out of 20
[Save Checkpoint] epoch: [39.0], Train score:98.70000, Test score:94.07000, train loss:-0.05027, test loss:0.13423, ratio_train_loss:0.00000,ratio_test_loss:0.00000, var distance inter class train:0.00000,var distance inter class test:0.00000
=> saved checkpoint 'checkpoints_CNN/mnist_struct_mean_scheduler_binary_1_8_Hamming_dst_1_4_3/last' (iter 9600, epoch 40.0)
=> saved checkpoint 'checkpoint_scores_CNN/mnist_struct_mean_scheduler_binary_1_8_Hamming_dst_1_4_3/last' (iter 9600, epoch 40.0)
EarlyStopping counter: 10 out of 20
[Save Checkpoint] epoch: [40.0], Train score:98.64667, Test score:94.03000, train loss:-0.04909, test loss:0.13560, ratio_train_loss:0.00000,ratio_test_loss:0.00000, var distance inter class train:0.00000,var distance inter class test:0.00000
=> saved checkpoint 'checkpoints_CNN/mnist_struct_mean_scheduler_binary_1_8_Hamming_dst_1_4_3/last' (iter 9840, epoch 41.0)
=> saved checkpoint 'checkpoint_scores_CNN/mnist_struct_mean_scheduler_binary_1_8_Hamming_dst_1_4_3/last' (iter 9840, epoch 41.0)
EarlyStopping counter: 11 out of 20
[Save Checkpoint] epoch: [41.0], Train score:98.64167, Test score:94.10000, train loss:-0.04844, test loss:0.13352, ratio_train_loss:0.00000,ratio_test_loss:0.00000, var distance inter class train:0.00000,var distance inter class test:0.00000
=> saved checkpoint 'checkpoints_CNN/mnist_struct_mean_scheduler_binary_1_8_Hamming_dst_1_4_3/last' (iter 10080, epoch 42.0)
=> saved checkpoint 'checkpoint_scores_CNN/mnist_struct_mean_scheduler_binary_1_8_Hamming_dst_1_4_3/last' (iter 10080, epoch 42.0)
EarlyStopping counter: 12 out of 20
[Save Checkpoint] epoch: [42.0], Train score:98.55500, Test score:94.16000, train loss:-0.04655, test loss:0.13150, ratio_train_loss:0.00000,ratio_test_loss:0.00000, var distance inter class train:0.00000,var distance inter class test:0.00000
=> saved checkpoint 'checkpoints_CNN/mnist_struct_mean_scheduler_binary_1_8_Hamming_dst_1_4_3/last' (iter 10320, epoch 43.0)
=> saved checkpoint 'checkpoint_scores_CNN/mnist_struct_mean_scheduler_binary_1_8_Hamming_dst_1_4_3/last' (iter 10320, epoch 43.0)
EarlyStopping counter: 13 out of 20
[Save Checkpoint] epoch: [43.0], Train score:98.62333, Test score:94.08000, train loss:-0.04856, test loss:0.13055, ratio_train_loss:0.00000,ratio_test_loss:0.00000, var distance inter class train:0.00000,var distance inter class test:0.00000
=> saved checkpoint 'checkpoints_CNN/mnist_struct_mean_scheduler_binary_1_8_Hamming_dst_1_4_3/last' (iter 10560, epoch 44.0)
=> saved checkpoint 'checkpoint_scores_CNN/mnist_struct_mean_scheduler_binary_1_8_Hamming_dst_1_4_3/last' (iter 10560, epoch 44.0)
EarlyStopping counter: 14 out of 20
[Save Checkpoint] epoch: [44.0], Train score:98.61667, Test score:94.10000, train loss:-0.04768, test loss:0.13082, ratio_train_loss:0.00000,ratio_test_loss:0.00000, var distance inter class train:0.00000,var distance inter class test:0.00000
=> saved checkpoint 'checkpoints_CNN/mnist_struct_mean_scheduler_binary_1_8_Hamming_dst_1_4_3/last' (iter 10800, epoch 45.0)
=> saved checkpoint 'checkpoint_scores_CNN/mnist_struct_mean_scheduler_binary_1_8_Hamming_dst_1_4_3/last' (iter 10800, epoch 45.0)
EarlyStopping counter: 15 out of 20
[Save Checkpoint] epoch: [45.0], Train score:98.68000, Test score:94.07000, train loss:-0.04952, test loss:0.13150, ratio_train_loss:0.00000,ratio_test_loss:0.00000, var distance inter class train:0.00000,var distance inter class test:0.00000
=> saved checkpoint 'checkpoints_CNN/mnist_struct_mean_scheduler_binary_1_8_Hamming_dst_1_4_3/last' (iter 11040, epoch 46.0)
=> saved checkpoint 'checkpoint_scores_CNN/mnist_struct_mean_scheduler_binary_1_8_Hamming_dst_1_4_3/last' (iter 11040, epoch 46.0)
EarlyStopping counter: 16 out of 20
[Save Checkpoint] epoch: [46.0], Train score:98.55333, Test score:94.04000, train loss:-0.04594, test loss:0.13373, ratio_train_loss:0.00000,ratio_test_loss:0.00000, var distance inter class train:0.00000,var distance inter class test:0.00000
=> saved checkpoint 'checkpoints_CNN/mnist_struct_mean_scheduler_binary_1_8_Hamming_dst_1_4_3/last' (iter 11280, epoch 47.0)
=> saved checkpoint 'checkpoint_scores_CNN/mnist_struct_mean_scheduler_binary_1_8_Hamming_dst_1_4_3/last' (iter 11280, epoch 47.0)
EarlyStopping counter: 17 out of 20
[Save Checkpoint] epoch: [47.0], Train score:98.71667, Test score:94.12000, train loss:-0.05080, test loss:0.13453, ratio_train_loss:0.00000,ratio_test_loss:0.00000, var distance inter class train:0.00000,var distance inter class test:0.00000
=> saved checkpoint 'checkpoints_CNN/mnist_struct_mean_scheduler_binary_1_8_Hamming_dst_1_4_3/last' (iter 11520, epoch 48.0)
=> saved checkpoint 'checkpoint_scores_CNN/mnist_struct_mean_scheduler_binary_1_8_Hamming_dst_1_4_3/last' (iter 11520, epoch 48.0)
EarlyStopping counter: 18 out of 20
[Save Checkpoint] epoch: [48.0], Train score:98.64833, Test score:94.12000, train loss:-0.04883, test loss:0.12981, ratio_train_loss:0.00000,ratio_test_loss:0.00000, var distance inter class train:0.00000,var distance inter class test:0.00000
=> saved checkpoint 'checkpoints_CNN/mnist_struct_mean_scheduler_binary_1_8_Hamming_dst_1_4_3/last' (iter 11760, epoch 49.0)
=> saved checkpoint 'checkpoint_scores_CNN/mnist_struct_mean_scheduler_binary_1_8_Hamming_dst_1_4_3/last' (iter 11760, epoch 49.0)
EarlyStopping counter: 19 out of 20
[Save Checkpoint] epoch: [49.0], Train score:98.66000, Test score:94.16000, train loss:-0.04853, test loss:0.12829, ratio_train_loss:0.00000,ratio_test_loss:0.00000, var distance inter class train:0.00000,var distance inter class test:0.00000
=> saved checkpoint 'checkpoints_CNN/mnist_struct_mean_scheduler_binary_1_8_Hamming_dst_1_4_3/last' (iter 12000, epoch 50.0)
=> saved checkpoint 'checkpoint_scores_CNN/mnist_struct_mean_scheduler_binary_1_8_Hamming_dst_1_4_3/last' (iter 12000, epoch 50.0)
EarlyStopping counter: 20 out of 20
[Save Checkpoint] epoch: [50.0], Train score:98.64000, Test score:94.03000, train loss:-0.04837, test loss:0.13398, ratio_train_loss:0.00000,ratio_test_loss:0.00000, var distance inter class train:0.00000,var distance inter class test:0.00000
Early stopping
[Training Finished]
All done !
