34
--gpu_devices 0 --max_iter 100 --batch_size 32 --lr 1e-3 --use_scheduler False --is_default_model False --is_custom_model_BK True --use_VAE True --z_var_size 15 --lambda_BCE 0.1 --beta 1 --var_hidden_filters_1 32 --var_hidden_filters_2 32 --var_hidden_filters_3 32 --var_kernel_size_1 4 --var_kernel_size_2 4 --var_kernel_size_3 5 --var_stride_size_1 2 --var_stride_size_2 1 --var_stride_size_3 1 --var_hidden_dim 256 --var_three_conv_layer True --use_structural_encoder False --exp_name mnist_balanced_dataset_encoder_ratio_min_and_mean_1_2_1_1_VAE_var_3_3
Namespace(BK_in_first_layer=True, BK_in_second_layer=False, BK_in_third_layer=False, BN=False, C_max=25, C_stop_iter=100000.0, E1_AE=False, E1_VAE=False, E1_conv=False, E1_dense=False, E1_second_conv=False, E1_second_conv_adapt=False, GMP=True, IPC=False, L1_norm_act=False, L1_norm_weights=False, L3_without_random=False, LOG_DIR='logs', adapt_lr=False, add_classification_layer=True, add_linear_after_GMP=True, add_z_struct_bottleneck=False, alpha=32, batch_size=32, beta=1.0, beta1=0.9, beta2=0.999, big_kernel=False, big_kernel_size=8, binary_chain=False, binary_z=False, ckpt_dir='checkpoints_CNN', ckpt_dir_scores='checkpoint_scores_CNN', classif_layer_size=30, contrastive_loss=False, cuda=True, dataset='mnist', dataset_balanced=False, decoder_first_dense=36, decoder_kernel_size_1=4, decoder_kernel_size_2=3, decoder_kernel_size_3=4, decoder_n_filter_1=64, decoder_n_filter_2=64, decoder_n_filter_3=64, decoder_stride_1=2, decoder_stride_2=2, decoder_stride_3=1, diff_var=False, display_step=10000, dset_dir='data', exp_name='mnist_balanced_dataset_encoder_ratio_min_and_mean_1_2_1_1_VAE_var_3_3', freeze_Encoder=True, gamma=1000, gpu_devices=[0], hidden_filters_layer1=32, hidden_filters_layer2=32, hidden_filters_layer3=32, image_size=64, intra_class_variance_loss=False, is_C=True, is_E1=False, is_binary_structural_latent=False, is_custom_model=False, is_custom_model_BK=True, is_default_model=False, is_noise_stats=False, is_partial_rand_class=False, is_perturbed_score=False, is_zvar_sim_loss=False, just_train=False, kernel_size=4, lambda_BCE=0.1, lambda_Kl_struct=1, lambda_Kl_var=1, lambda_L1=0.01, lambda_VAE=1, lambda_class=1, lambda_contrastive_loss=1, lambda_distance_mean=1, lambda_intra_class_var=1, lambda_partial_class=1, lambda_ratio_reg=1, lambda_recon_wt_rand=1, lambda_recons=1, lambda_var_distance=1, lambda_var_inter=1, lambda_var_intra=1, lambda_zvar_sim=1, latent_spec_cont=None, latent_spec_cont_class=None, latent_spec_cont_var=None, latent_spec_disc=None, latent_spec_disc_class=None, latent_spec_disc_var=None, log_level='info', loss='Proxy_Anchor', loss_distance_mean=False, loss_min_distance_cl=False, lr=0.001, max_iter=100.0, model='CNN', mrg=0.1, nb_epochs_train_only_zvar=0, num_workers=2, old_weighted=False, optimizer='adamw', other_architecture=False, other_ratio=False, random_percentage=0.2, random_seed=10, randomness=True, ratio_reg=False, remark='', save_step=10000, second_layer_C=False, seed=1, stride_size=1, sz_embedding=5, three_conv_layer=False, train=True, train_var_struct_alternatively=False, two_conv_layer=True, two_encoder=False, use_VAE=True, use_decoder=False, use_early_stopping=True, use_scheduler=False, use_structural_encoder=False, value_target_distance_mean=1, var_hidden_dim=256, var_hidden_filters_1=32, var_hidden_filters_2=32, var_hidden_filters_3=32, var_kernel_size_1=4, var_kernel_size_2=4, var_kernel_size_3=5, var_stride_size_1=2, var_stride_size_2=1, var_stride_size_3=1, var_three_conv_layer=True, warm=1, without_acc=False, z_struct_size=32, z_var_size=15, zeros_W_Classif=False, zvar_sim_change_zvar=False, zvar_sim_loss_for_all_model=False, zvar_sim_loss_only_for_encoder=False, zvar_sim_normal=False, zvar_sim_var_rand=False)
CUDA Visible devices !
[Using Seed: 10]
Load Encoder struct weights for VAE
use 1 gpu who named: Tesla V100-SXM2-32GB
=> loaded sample_scores and losses
=> loaded checkpoint 'checkpoints_CNN/mnist_balanced_dataset_encoder_ratio_min_and_mean_1_2_1_1/last (iter 13500)'
useeeee False <class 'bool'>
VAE doesn't exist, create VAE
use 1 gpu who named: Tesla V100-SXM2-32GB
VAE(
  (encoder_var): Sequential(
    (0): Conv2d(1, 32, kernel_size=(4, 4), stride=(2, 2))
    (1): BatchNorm2d(32, eps=1e-05, momentum=0.1, affine=True, track_running_stats=True)
    (2): ReLU(inplace=True)
    (3): Conv2d(32, 32, kernel_size=(4, 4), stride=(1, 1))
    (4): BatchNorm2d(32, eps=1e-05, momentum=0.1, affine=True, track_running_stats=True)
    (5): ReLU(inplace=True)
    (6): Conv2d(32, 32, kernel_size=(5, 5), stride=(1, 1))
    (7): BatchNorm2d(32, eps=1e-05, momentum=0.1, affine=True, track_running_stats=True)
    (8): ReLU(inplace=True)
    (9): View()
    (10): Linear(in_features=2048, out_features=256, bias=True)
    (11): BatchNorm1d(256, eps=1e-05, momentum=0.1, affine=True, track_running_stats=True)
    (12): ReLU(inplace=True)
    (13): Dropout(p=0.4, inplace=False)
    (14): Linear(in_features=256, out_features=30, bias=True)
  )
  (decoder): Sequential(
    (0): Linear(in_features=15, out_features=256, bias=True)
    (1): ReLU(inplace=True)
    (2): Linear(in_features=256, out_features=2048, bias=True)
    (3): ReLU(inplace=True)
    (4): View()
    (5): ConvTranspose2d(32, 32, kernel_size=(5, 5), stride=(1, 1))
    (6): ReLU(inplace=True)
    (7): ConvTranspose2d(32, 32, kernel_size=(4, 4), stride=(1, 1))
    (8): ReLU(inplace=True)
    (9): ConvTranspose2d(32, 1, kernel_size=(4, 4), stride=(2, 2))
    (10): Sigmoid()
  )
)
The number of parameters of model is 1148543
=> saved checkpoint 'checkpoints_CNN/mnist_balanced_dataset_encoder_ratio_min_and_mean_1_2_1_1_VAE_var_3_3/last' (iter 1875, epoch 1.0)
=> saved checkpoint 'checkpoint_scores_CNN/mnist_balanced_dataset_encoder_ratio_min_and_mean_1_2_1_1_VAE_var_3_3/last' (iter 1875, epoch 1.0)
[Save Checkpoint] epoch: [1.0], Train: total:-1.89419, BCE:-19.48203, KLD:0.05401,Test: total:-0.24659, BCE:-19.74070, KLD:1.72748
=> saved checkpoint 'checkpoints_CNN/mnist_balanced_dataset_encoder_ratio_min_and_mean_1_2_1_1_VAE_var_3_3/last' (iter 3750, epoch 2.0)
=> saved checkpoint 'checkpoint_scores_CNN/mnist_balanced_dataset_encoder_ratio_min_and_mean_1_2_1_1_VAE_var_3_3/last' (iter 3750, epoch 2.0)
[Save Checkpoint] epoch: [2.0], Train: total:-1.86839, BCE:-18.79708, KLD:0.01132,Test: total:-1.55917, BCE:-19.13573, KLD:0.35440
=> saved checkpoint 'checkpoints_CNN/mnist_balanced_dataset_encoder_ratio_min_and_mean_1_2_1_1_VAE_var_3_3/last' (iter 5625, epoch 3.0)
=> saved checkpoint 'checkpoint_scores_CNN/mnist_balanced_dataset_encoder_ratio_min_and_mean_1_2_1_1_VAE_var_3_3/last' (iter 5625, epoch 3.0)
[Save Checkpoint] epoch: [3.0], Train: total:-1.83872, BCE:-18.40326, KLD:0.00161,Test: total:-1.82489, BCE:-18.75053, KLD:0.05016
=> saved checkpoint 'checkpoints_CNN/mnist_balanced_dataset_encoder_ratio_min_and_mean_1_2_1_1_VAE_var_3_3/last' (iter 7500, epoch 4.0)
=> saved checkpoint 'checkpoint_scores_CNN/mnist_balanced_dataset_encoder_ratio_min_and_mean_1_2_1_1_VAE_var_3_3/last' (iter 7500, epoch 4.0)
EarlyStopping counter: 1 out of 15
[Save Checkpoint] epoch: [4.0], Train: total:-1.74071, BCE:-17.40912, KLD:0.00021,Test: total:-1.76713, BCE:-17.73699, KLD:0.00657
=> saved checkpoint 'checkpoints_CNN/mnist_balanced_dataset_encoder_ratio_min_and_mean_1_2_1_1_VAE_var_3_3/last' (iter 9375, epoch 5.0)
=> saved checkpoint 'checkpoint_scores_CNN/mnist_balanced_dataset_encoder_ratio_min_and_mean_1_2_1_1_VAE_var_3_3/last' (iter 9375, epoch 5.0)
[Save Checkpoint] epoch: [5.0], Train: total:-1.73999, BCE:-17.40063, KLD:0.00007,Test: total:-1.77091, BCE:-17.73100, KLD:0.00219
=> saved checkpoint 'checkpoints_CNN/mnist_balanced_dataset_encoder_ratio_min_and_mean_1_2_1_1_VAE_var_3_3/last' (iter 11250, epoch 6.0)
=> saved checkpoint 'checkpoint_scores_CNN/mnist_balanced_dataset_encoder_ratio_min_and_mean_1_2_1_1_VAE_var_3_3/last' (iter 11250, epoch 6.0)
[Save Checkpoint] epoch: [6.0], Train: total:-1.81871, BCE:-18.18833, KLD:0.00012,Test: total:-1.84799, BCE:-18.51705, KLD:0.00372
=> saved checkpoint 'checkpoints_CNN/mnist_balanced_dataset_encoder_ratio_min_and_mean_1_2_1_1_VAE_var_3_3/last' (iter 13125, epoch 7.0)
=> saved checkpoint 'checkpoint_scores_CNN/mnist_balanced_dataset_encoder_ratio_min_and_mean_1_2_1_1_VAE_var_3_3/last' (iter 13125, epoch 7.0)
[Save Checkpoint] epoch: [7.0], Train: total:-1.80040, BCE:-18.00455, KLD:0.00006,Test: total:-1.83357, BCE:-18.35380, KLD:0.00181
=> saved checkpoint 'checkpoints_CNN/mnist_balanced_dataset_encoder_ratio_min_and_mean_1_2_1_1_VAE_var_3_3/last' (iter 15000, epoch 8.0)
=> saved checkpoint 'checkpoint_scores_CNN/mnist_balanced_dataset_encoder_ratio_min_and_mean_1_2_1_1_VAE_var_3_3/last' (iter 15000, epoch 8.0)
[Save Checkpoint] epoch: [8.0], Train: total:-1.81365, BCE:-18.13730, KLD:0.00008,Test: total:-1.84430, BCE:-18.47083, KLD:0.00278
=> saved checkpoint 'checkpoints_CNN/mnist_balanced_dataset_encoder_ratio_min_and_mean_1_2_1_1_VAE_var_3_3/last' (iter 16875, epoch 9.0)
=> saved checkpoint 'checkpoint_scores_CNN/mnist_balanced_dataset_encoder_ratio_min_and_mean_1_2_1_1_VAE_var_3_3/last' (iter 16875, epoch 9.0)
[Save Checkpoint] epoch: [9.0], Train: total:-1.87122, BCE:-18.71224, KLD:0.00000,Test: total:-1.90426, BCE:-19.04432, KLD:0.00017
=> saved checkpoint 'checkpoints_CNN/mnist_balanced_dataset_encoder_ratio_min_and_mean_1_2_1_1_VAE_var_3_3/last' (iter 18750, epoch 10.0)
=> saved checkpoint 'checkpoint_scores_CNN/mnist_balanced_dataset_encoder_ratio_min_and_mean_1_2_1_1_VAE_var_3_3/last' (iter 18750, epoch 10.0)
EarlyStopping counter: 1 out of 15
[Save Checkpoint] epoch: [10.0], Train: total:-1.84269, BCE:-18.42709, KLD:0.00002,Test: total:-1.87498, BCE:-18.75876, KLD:0.00090
=> saved checkpoint 'checkpoints_CNN/mnist_balanced_dataset_encoder_ratio_min_and_mean_1_2_1_1_VAE_var_3_3/last' (iter 20625, epoch 11.0)
=> saved checkpoint 'checkpoint_scores_CNN/mnist_balanced_dataset_encoder_ratio_min_and_mean_1_2_1_1_VAE_var_3_3/last' (iter 20625, epoch 11.0)
EarlyStopping counter: 2 out of 15
[Save Checkpoint] epoch: [11.0], Train: total:-1.87201, BCE:-18.72011, KLD:0.00000,Test: total:-1.90363, BCE:-19.03685, KLD:0.00006
=> saved checkpoint 'checkpoints_CNN/mnist_balanced_dataset_encoder_ratio_min_and_mean_1_2_1_1_VAE_var_3_3/last' (iter 22500, epoch 12.0)
=> saved checkpoint 'checkpoint_scores_CNN/mnist_balanced_dataset_encoder_ratio_min_and_mean_1_2_1_1_VAE_var_3_3/last' (iter 22500, epoch 12.0)
EarlyStopping counter: 3 out of 15
[Save Checkpoint] epoch: [12.0], Train: total:-1.79378, BCE:-17.93793, KLD:0.00001,Test: total:-1.82516, BCE:-18.25432, KLD:0.00027
=> saved checkpoint 'checkpoints_CNN/mnist_balanced_dataset_encoder_ratio_min_and_mean_1_2_1_1_VAE_var_3_3/last' (iter 24375, epoch 13.0)
=> saved checkpoint 'checkpoint_scores_CNN/mnist_balanced_dataset_encoder_ratio_min_and_mean_1_2_1_1_VAE_var_3_3/last' (iter 24375, epoch 13.0)
[Save Checkpoint] epoch: [13.0], Train: total:-1.96454, BCE:-19.64538, KLD:-0.00000,Test: total:-1.99850, BCE:-19.98474, KLD:-0.00002
=> saved checkpoint 'checkpoints_CNN/mnist_balanced_dataset_encoder_ratio_min_and_mean_1_2_1_1_VAE_var_3_3/last' (iter 26250, epoch 14.0)
=> saved checkpoint 'checkpoint_scores_CNN/mnist_balanced_dataset_encoder_ratio_min_and_mean_1_2_1_1_VAE_var_3_3/last' (iter 26250, epoch 14.0)
EarlyStopping counter: 1 out of 15
[Save Checkpoint] epoch: [14.0], Train: total:-1.87058, BCE:-18.70581, KLD:0.00000,Test: total:-1.90251, BCE:-19.02542, KLD:0.00003
=> saved checkpoint 'checkpoints_CNN/mnist_balanced_dataset_encoder_ratio_min_and_mean_1_2_1_1_VAE_var_3_3/last' (iter 28125, epoch 15.0)
=> saved checkpoint 'checkpoint_scores_CNN/mnist_balanced_dataset_encoder_ratio_min_and_mean_1_2_1_1_VAE_var_3_3/last' (iter 28125, epoch 15.0)
EarlyStopping counter: 2 out of 15
[Save Checkpoint] epoch: [15.0], Train: total:-1.89117, BCE:-18.91167, KLD:-0.00000,Test: total:-1.92432, BCE:-19.24287, KLD:-0.00003
=> saved checkpoint 'checkpoints_CNN/mnist_balanced_dataset_encoder_ratio_min_and_mean_1_2_1_1_VAE_var_3_3/last' (iter 30000, epoch 16.0)
=> saved checkpoint 'checkpoint_scores_CNN/mnist_balanced_dataset_encoder_ratio_min_and_mean_1_2_1_1_VAE_var_3_3/last' (iter 30000, epoch 16.0)
EarlyStopping counter: 3 out of 15
[Save Checkpoint] epoch: [16.0], Train: total:-1.93788, BCE:-19.37878, KLD:-0.00000,Test: total:-1.97210, BCE:-19.72072, KLD:-0.00003
=> saved checkpoint 'checkpoints_CNN/mnist_balanced_dataset_encoder_ratio_min_and_mean_1_2_1_1_VAE_var_3_3/last' (iter 31875, epoch 17.0)
=> saved checkpoint 'checkpoint_scores_CNN/mnist_balanced_dataset_encoder_ratio_min_and_mean_1_2_1_1_VAE_var_3_3/last' (iter 31875, epoch 17.0)
EarlyStopping counter: 4 out of 15
[Save Checkpoint] epoch: [17.0], Train: total:-1.89466, BCE:-18.94663, KLD:0.00001,Test: total:-1.92599, BCE:-19.26287, KLD:0.00030
=> saved checkpoint 'checkpoints_CNN/mnist_balanced_dataset_encoder_ratio_min_and_mean_1_2_1_1_VAE_var_3_3/last' (iter 33750, epoch 18.0)
=> saved checkpoint 'checkpoint_scores_CNN/mnist_balanced_dataset_encoder_ratio_min_and_mean_1_2_1_1_VAE_var_3_3/last' (iter 33750, epoch 18.0)
EarlyStopping counter: 5 out of 15
[Save Checkpoint] epoch: [18.0], Train: total:-1.87260, BCE:-18.72613, KLD:0.00002,Test: total:-1.90366, BCE:-19.04136, KLD:0.00048
=> saved checkpoint 'checkpoints_CNN/mnist_balanced_dataset_encoder_ratio_min_and_mean_1_2_1_1_VAE_var_3_3/last' (iter 35625, epoch 19.0)
=> saved checkpoint 'checkpoint_scores_CNN/mnist_balanced_dataset_encoder_ratio_min_and_mean_1_2_1_1_VAE_var_3_3/last' (iter 35625, epoch 19.0)
EarlyStopping counter: 6 out of 15
[Save Checkpoint] epoch: [19.0], Train: total:-1.89054, BCE:-18.90553, KLD:0.00002,Test: total:-1.92143, BCE:-19.21932, KLD:0.00050
=> saved checkpoint 'checkpoints_CNN/mnist_balanced_dataset_encoder_ratio_min_and_mean_1_2_1_1_VAE_var_3_3/last' (iter 37500, epoch 20.0)
=> saved checkpoint 'checkpoint_scores_CNN/mnist_balanced_dataset_encoder_ratio_min_and_mean_1_2_1_1_VAE_var_3_3/last' (iter 37500, epoch 20.0)
EarlyStopping counter: 7 out of 15
[Save Checkpoint] epoch: [20.0], Train: total:-1.78150, BCE:-17.81535, KLD:0.00003,Test: total:-1.81126, BCE:-18.12244, KLD:0.00098
=> saved checkpoint 'checkpoints_CNN/mnist_balanced_dataset_encoder_ratio_min_and_mean_1_2_1_1_VAE_var_3_3/last' (iter 39375, epoch 21.0)
=> saved checkpoint 'checkpoint_scores_CNN/mnist_balanced_dataset_encoder_ratio_min_and_mean_1_2_1_1_VAE_var_3_3/last' (iter 39375, epoch 21.0)
EarlyStopping counter: 8 out of 15
[Save Checkpoint] epoch: [21.0], Train: total:-1.89586, BCE:-18.95876, KLD:0.00002,Test: total:-1.92737, BCE:-19.27894, KLD:0.00053
=> saved checkpoint 'checkpoints_CNN/mnist_balanced_dataset_encoder_ratio_min_and_mean_1_2_1_1_VAE_var_3_3/last' (iter 41250, epoch 22.0)
=> saved checkpoint 'checkpoint_scores_CNN/mnist_balanced_dataset_encoder_ratio_min_and_mean_1_2_1_1_VAE_var_3_3/last' (iter 41250, epoch 22.0)
EarlyStopping counter: 9 out of 15
[Save Checkpoint] epoch: [22.0], Train: total:-1.85603, BCE:-18.56044, KLD:0.00002,Test: total:-1.88747, BCE:-18.88089, KLD:0.00062
=> saved checkpoint 'checkpoints_CNN/mnist_balanced_dataset_encoder_ratio_min_and_mean_1_2_1_1_VAE_var_3_3/last' (iter 43125, epoch 23.0)
=> saved checkpoint 'checkpoint_scores_CNN/mnist_balanced_dataset_encoder_ratio_min_and_mean_1_2_1_1_VAE_var_3_3/last' (iter 43125, epoch 23.0)
EarlyStopping counter: 10 out of 15
[Save Checkpoint] epoch: [23.0], Train: total:-1.88260, BCE:-18.82624, KLD:0.00002,Test: total:-1.91311, BCE:-19.13870, KLD:0.00076
=> saved checkpoint 'checkpoints_CNN/mnist_balanced_dataset_encoder_ratio_min_and_mean_1_2_1_1_VAE_var_3_3/last' (iter 45000, epoch 24.0)
=> saved checkpoint 'checkpoint_scores_CNN/mnist_balanced_dataset_encoder_ratio_min_and_mean_1_2_1_1_VAE_var_3_3/last' (iter 45000, epoch 24.0)
EarlyStopping counter: 11 out of 15
[Save Checkpoint] epoch: [24.0], Train: total:-1.82861, BCE:-18.28637, KLD:0.00002,Test: total:-1.85899, BCE:-18.59608, KLD:0.00062
=> saved checkpoint 'checkpoints_CNN/mnist_balanced_dataset_encoder_ratio_min_and_mean_1_2_1_1_VAE_var_3_3/last' (iter 46875, epoch 25.0)
=> saved checkpoint 'checkpoint_scores_CNN/mnist_balanced_dataset_encoder_ratio_min_and_mean_1_2_1_1_VAE_var_3_3/last' (iter 46875, epoch 25.0)
EarlyStopping counter: 12 out of 15
[Save Checkpoint] epoch: [25.0], Train: total:-1.78845, BCE:-17.88468, KLD:0.00002,Test: total:-1.81975, BCE:-18.20344, KLD:0.00060
=> saved checkpoint 'checkpoints_CNN/mnist_balanced_dataset_encoder_ratio_min_and_mean_1_2_1_1_VAE_var_3_3/last' (iter 48750, epoch 26.0)
=> saved checkpoint 'checkpoint_scores_CNN/mnist_balanced_dataset_encoder_ratio_min_and_mean_1_2_1_1_VAE_var_3_3/last' (iter 48750, epoch 26.0)
EarlyStopping counter: 13 out of 15
[Save Checkpoint] epoch: [26.0], Train: total:-1.86622, BCE:-18.66244, KLD:0.00003,Test: total:-1.89791, BCE:-18.98750, KLD:0.00084
=> saved checkpoint 'checkpoints_CNN/mnist_balanced_dataset_encoder_ratio_min_and_mean_1_2_1_1_VAE_var_3_3/last' (iter 50625, epoch 27.0)
=> saved checkpoint 'checkpoint_scores_CNN/mnist_balanced_dataset_encoder_ratio_min_and_mean_1_2_1_1_VAE_var_3_3/last' (iter 50625, epoch 27.0)
EarlyStopping counter: 14 out of 15
[Save Checkpoint] epoch: [27.0], Train: total:-1.83673, BCE:-18.36739, KLD:0.00001,Test: total:-1.86855, BCE:-18.68874, KLD:0.00032
=> saved checkpoint 'checkpoints_CNN/mnist_balanced_dataset_encoder_ratio_min_and_mean_1_2_1_1_VAE_var_3_3/last' (iter 52500, epoch 28.0)
=> saved checkpoint 'checkpoint_scores_CNN/mnist_balanced_dataset_encoder_ratio_min_and_mean_1_2_1_1_VAE_var_3_3/last' (iter 52500, epoch 28.0)
[Save Checkpoint] epoch: [28.0], Train: total:-1.87708, BCE:-18.77101, KLD:0.00002,Test: total:-1.90708, BCE:-19.07647, KLD:0.00057
=> saved checkpoint 'checkpoints_CNN/mnist_balanced_dataset_encoder_ratio_min_and_mean_1_2_1_1_VAE_var_3_3/last' (iter 54375, epoch 29.0)
=> saved checkpoint 'checkpoint_scores_CNN/mnist_balanced_dataset_encoder_ratio_min_and_mean_1_2_1_1_VAE_var_3_3/last' (iter 54375, epoch 29.0)
EarlyStopping counter: 1 out of 15
[Save Checkpoint] epoch: [29.0], Train: total:-1.89628, BCE:-18.96310, KLD:0.00003,Test: total:-1.92632, BCE:-19.27317, KLD:0.00099
=> saved checkpoint 'checkpoints_CNN/mnist_balanced_dataset_encoder_ratio_min_and_mean_1_2_1_1_VAE_var_3_3/last' (iter 56250, epoch 30.0)
=> saved checkpoint 'checkpoint_scores_CNN/mnist_balanced_dataset_encoder_ratio_min_and_mean_1_2_1_1_VAE_var_3_3/last' (iter 56250, epoch 30.0)
EarlyStopping counter: 2 out of 15
[Save Checkpoint] epoch: [30.0], Train: total:-1.85807, BCE:-18.58087, KLD:0.00001,Test: total:-1.88936, BCE:-18.89812, KLD:0.00045
=> saved checkpoint 'checkpoints_CNN/mnist_balanced_dataset_encoder_ratio_min_and_mean_1_2_1_1_VAE_var_3_3/last' (iter 58125, epoch 31.0)
=> saved checkpoint 'checkpoint_scores_CNN/mnist_balanced_dataset_encoder_ratio_min_and_mean_1_2_1_1_VAE_var_3_3/last' (iter 58125, epoch 31.0)
EarlyStopping counter: 3 out of 15
[Save Checkpoint] epoch: [31.0], Train: total:-1.90026, BCE:-19.00294, KLD:0.00003,Test: total:-1.93165, BCE:-19.32545, KLD:0.00089
=> saved checkpoint 'checkpoints_CNN/mnist_balanced_dataset_encoder_ratio_min_and_mean_1_2_1_1_VAE_var_3_3/last' (iter 60000, epoch 32.0)
=> saved checkpoint 'checkpoint_scores_CNN/mnist_balanced_dataset_encoder_ratio_min_and_mean_1_2_1_1_VAE_var_3_3/last' (iter 60000, epoch 32.0)
EarlyStopping counter: 4 out of 15
[Save Checkpoint] epoch: [32.0], Train: total:-1.83997, BCE:-18.39991, KLD:0.00002,Test: total:-1.87022, BCE:-18.71046, KLD:0.00083
=> saved checkpoint 'checkpoints_CNN/mnist_balanced_dataset_encoder_ratio_min_and_mean_1_2_1_1_VAE_var_3_3/last' (iter 61875, epoch 33.0)
=> saved checkpoint 'checkpoint_scores_CNN/mnist_balanced_dataset_encoder_ratio_min_and_mean_1_2_1_1_VAE_var_3_3/last' (iter 61875, epoch 33.0)
EarlyStopping counter: 5 out of 15
[Save Checkpoint] epoch: [33.0], Train: total:-1.85823, BCE:-18.58238, KLD:0.00001,Test: total:-1.88980, BCE:-18.90209, KLD:0.00041
=> saved checkpoint 'checkpoints_CNN/mnist_balanced_dataset_encoder_ratio_min_and_mean_1_2_1_1_VAE_var_3_3/last' (iter 63750, epoch 34.0)
=> saved checkpoint 'checkpoint_scores_CNN/mnist_balanced_dataset_encoder_ratio_min_and_mean_1_2_1_1_VAE_var_3_3/last' (iter 63750, epoch 34.0)
EarlyStopping counter: 6 out of 15
[Save Checkpoint] epoch: [34.0], Train: total:-1.86970, BCE:-18.69709, KLD:0.00001,Test: total:-1.90119, BCE:-19.01575, KLD:0.00038
=> saved checkpoint 'checkpoints_CNN/mnist_balanced_dataset_encoder_ratio_min_and_mean_1_2_1_1_VAE_var_3_3/last' (iter 65625, epoch 35.0)
=> saved checkpoint 'checkpoint_scores_CNN/mnist_balanced_dataset_encoder_ratio_min_and_mean_1_2_1_1_VAE_var_3_3/last' (iter 65625, epoch 35.0)
EarlyStopping counter: 7 out of 15
[Save Checkpoint] epoch: [35.0], Train: total:-1.83617, BCE:-18.36191, KLD:0.00002,Test: total:-1.86708, BCE:-18.67649, KLD:0.00057
=> saved checkpoint 'checkpoints_CNN/mnist_balanced_dataset_encoder_ratio_min_and_mean_1_2_1_1_VAE_var_3_3/last' (iter 67500, epoch 36.0)
=> saved checkpoint 'checkpoint_scores_CNN/mnist_balanced_dataset_encoder_ratio_min_and_mean_1_2_1_1_VAE_var_3_3/last' (iter 67500, epoch 36.0)
EarlyStopping counter: 8 out of 15
[Save Checkpoint] epoch: [36.0], Train: total:-1.92681, BCE:-19.26822, KLD:0.00001,Test: total:-1.95850, BCE:-19.58945, KLD:0.00045
=> saved checkpoint 'checkpoints_CNN/mnist_balanced_dataset_encoder_ratio_min_and_mean_1_2_1_1_VAE_var_3_3/last' (iter 69375, epoch 37.0)
=> saved checkpoint 'checkpoint_scores_CNN/mnist_balanced_dataset_encoder_ratio_min_and_mean_1_2_1_1_VAE_var_3_3/last' (iter 69375, epoch 37.0)
EarlyStopping counter: 9 out of 15
[Save Checkpoint] epoch: [37.0], Train: total:-1.88746, BCE:-18.87474, KLD:0.00002,Test: total:-1.91906, BCE:-19.19643, KLD:0.00058
=> saved checkpoint 'checkpoints_CNN/mnist_balanced_dataset_encoder_ratio_min_and_mean_1_2_1_1_VAE_var_3_3/last' (iter 71250, epoch 38.0)
=> saved checkpoint 'checkpoint_scores_CNN/mnist_balanced_dataset_encoder_ratio_min_and_mean_1_2_1_1_VAE_var_3_3/last' (iter 71250, epoch 38.0)
EarlyStopping counter: 10 out of 15
[Save Checkpoint] epoch: [38.0], Train: total:-1.94824, BCE:-19.48262, KLD:0.00002,Test: total:-1.97989, BCE:-19.80711, KLD:0.00083
=> saved checkpoint 'checkpoints_CNN/mnist_balanced_dataset_encoder_ratio_min_and_mean_1_2_1_1_VAE_var_3_3/last' (iter 73125, epoch 39.0)
=> saved checkpoint 'checkpoint_scores_CNN/mnist_balanced_dataset_encoder_ratio_min_and_mean_1_2_1_1_VAE_var_3_3/last' (iter 73125, epoch 39.0)
EarlyStopping counter: 11 out of 15
[Save Checkpoint] epoch: [39.0], Train: total:-1.84988, BCE:-18.49903, KLD:0.00003,Test: total:-1.88112, BCE:-18.82154, KLD:0.00103
=> saved checkpoint 'checkpoints_CNN/mnist_balanced_dataset_encoder_ratio_min_and_mean_1_2_1_1_VAE_var_3_3/last' (iter 75000, epoch 40.0)
=> saved checkpoint 'checkpoint_scores_CNN/mnist_balanced_dataset_encoder_ratio_min_and_mean_1_2_1_1_VAE_var_3_3/last' (iter 75000, epoch 40.0)
EarlyStopping counter: 12 out of 15
[Save Checkpoint] epoch: [40.0], Train: total:-1.85745, BCE:-18.57470, KLD:0.00002,Test: total:-1.88898, BCE:-18.89638, KLD:0.00066
=> saved checkpoint 'checkpoints_CNN/mnist_balanced_dataset_encoder_ratio_min_and_mean_1_2_1_1_VAE_var_3_3/last' (iter 76875, epoch 41.0)
=> saved checkpoint 'checkpoint_scores_CNN/mnist_balanced_dataset_encoder_ratio_min_and_mean_1_2_1_1_VAE_var_3_3/last' (iter 76875, epoch 41.0)
EarlyStopping counter: 13 out of 15
[Save Checkpoint] epoch: [41.0], Train: total:-1.94213, BCE:-19.42160, KLD:0.00003,Test: total:-1.97422, BCE:-19.75288, KLD:0.00107
=> saved checkpoint 'checkpoints_CNN/mnist_balanced_dataset_encoder_ratio_min_and_mean_1_2_1_1_VAE_var_3_3/last' (iter 78750, epoch 42.0)
=> saved checkpoint 'checkpoint_scores_CNN/mnist_balanced_dataset_encoder_ratio_min_and_mean_1_2_1_1_VAE_var_3_3/last' (iter 78750, epoch 42.0)
EarlyStopping counter: 14 out of 15
[Save Checkpoint] epoch: [42.0], Train: total:-1.90192, BCE:-19.01949, KLD:0.00003,Test: total:-1.93304, BCE:-19.33838, KLD:0.00080
=> saved checkpoint 'checkpoints_CNN/mnist_balanced_dataset_encoder_ratio_min_and_mean_1_2_1_1_VAE_var_3_3/last' (iter 80625, epoch 43.0)
=> saved checkpoint 'checkpoint_scores_CNN/mnist_balanced_dataset_encoder_ratio_min_and_mean_1_2_1_1_VAE_var_3_3/last' (iter 80625, epoch 43.0)
EarlyStopping counter: 15 out of 15
[Save Checkpoint] epoch: [43.0], Train: total:-1.89320, BCE:-18.93223, KLD:0.00002,Test: total:-1.92463, BCE:-19.25373, KLD:0.00074
Early stopping
[Training Finished]
All done !
