80
--gpu_devices 0 --max_iter 100 --batch_size 250 --use_scheduler True --lr 1e-3 --GMP True --z_struct_size 10 --is_VAE True --is_encoder_struct False --lambda_BCE 1 --beta 1 --big_kernel_size 8 --two_conv_layer True --three_conv_layer True --kernel_size_1 4 --kernel_size_2 4 --kernel_size_3 4 --BK_in_first_layer True --BK_in_second_layer False --BK_in_third_layer False --stride_size 1 --hidden_filters_layer1 64 --hidden_filters_layer2 64 --hidden_filters_layer3 64 --dataset_balanced True --binary_z True --binary_first_conv False --binary_second_conv False --binary_third_conv True --z_var_size 20 --z_struct_size 25 --use_small_lr_encoder_var False --encoder_var_name None --encoder_struct_name None --freeze_Encoder False --exp_name mnist_VAE_s25_v20_FS
Namespace(BK_in_first_layer=True, BK_in_second_layer=False, BK_in_third_layer=False, BN=False, C_max=25, C_stop_iter=100000.0, E1_AE=False, E1_VAE=False, E1_conv=False, E1_dense=False, E1_second_conv=False, E1_second_conv_adapt=False, GMP=True, Hmg_dst_loss=False, IPC=False, L1_norm_act=False, L1_norm_weights=False, L3_without_random=False, LOG_DIR='logs', adapt_lr=False, add_classification_layer=True, add_linear_after_GMP=True, add_z_struct_bottleneck=False, alpha=32, batch_size=250, beta=1.0, beta1=0.9, beta2=0.999, big_kernel=False, big_kernel_size=8, binary_chain=False, binary_first_conv=False, binary_second_conv=False, binary_third_conv=True, binary_z=True, ckpt_dir='checkpoints_CNN', ckpt_dir_scores='checkpoint_scores_CNN', classif_layer_size=30, contrastive_loss=False, cuda=True, dataset='mnist', dataset_balanced=True, decoder_first_dense=36, decoder_kernel_size_1=4, decoder_kernel_size_2=3, decoder_kernel_size_3=4, decoder_n_filter_1=64, decoder_n_filter_2=64, decoder_n_filter_3=64, decoder_stride_1=2, decoder_stride_2=2, decoder_stride_3=1, diff_var=False, display_step=10000, dset_dir='data', encoder_struct_name='None', encoder_var_name='None', exp_name='mnist_VAE_s25_v20_FS', freeze_Encoder=False, gamma=1000, gpu_devices=[0], hidden_filters_layer1=64, hidden_filters_layer2=64, hidden_filters_layer3=64, image_size=64, intra_class_variance_loss=False, is_C=True, is_E1=False, is_VAE=True, is_VAE_var=False, is_binary_structural_latent=False, is_custom_model=False, is_custom_model_BK=False, is_default_model=False, is_encoder_struct=False, is_noise_stats=False, is_partial_rand_class=False, is_perturbed_score=False, is_zvar_sim_loss=False, just_train=False, kernel_size=4, kernel_size_1=4, kernel_size_2=4, kernel_size_3=4, lambda_BCE=1.0, lambda_Kl_struct=1, lambda_Kl_var=1, lambda_L1=0.01, lambda_VAE=1, lambda_class=1, lambda_contrastive_loss=1, lambda_distance_mean=1, lambda_hmg_dst=1, lambda_intra_class_var=1, lambda_partial_class=1, lambda_ratio_reg=1, lambda_recon_wt_rand=1, lambda_recons=1, lambda_uniq_code_dst=1, lambda_var_distance=1, lambda_var_inter=1, lambda_var_intra=1, lambda_zvar_sim=1, latent_spec_cont=None, latent_spec_cont_class=None, latent_spec_cont_var=None, latent_spec_disc=None, latent_spec_disc_class=None, latent_spec_disc_var=None, log_level='info', loss='Proxy_Anchor', loss_distance_mean=False, loss_min_distance_cl=False, lr=0.001, max_epoch_use_uniq_code_target=5, max_iter=100.0, model='CNN', mrg=0.1, nb_epochs_train_only_zvar=0, num_workers=2, old_weighted=False, optimizer='adamw', other_architecture=False, other_ratio=False, random_percentage=0.2, random_seed=10, randomness=True, ratio_reg=False, remark='', save_step=10000, second_layer_C=False, seed=1, stride_size=1, sz_embedding=5, three_conv_layer=True, train=True, train_var_struct_alternatively=False, two_conv_layer=True, two_encoder=False, uniq_code_dst_loss=False, use_VAE=False, use_decoder=False, use_early_stopping=True, use_scheduler=True, use_small_lr_encoder_var=False, use_structural_encoder=False, value_target_distance_mean=1, var_hidden_dim=256, var_hidden_filters_1=32, var_hidden_filters_2=32, var_hidden_filters_3=32, var_kernel_size_1=3, var_kernel_size_2=3, var_kernel_size_3=3, var_second_cnn_block=False, var_stride_size_1=1, var_stride_size_2=1, var_stride_size_3=1, var_third_cnn_block=False, var_three_conv_layer=False, warm=1, without_acc=False, z_struct_size=25, z_var_size=20, zeros_W_Classif=False, zvar_sim_change_zvar=False, zvar_sim_loss_for_all_model=False, zvar_sim_loss_only_for_encoder=False, zvar_sim_normal=False, zvar_sim_var_rand=False)
CUDA Visible devices !
[Using Seed: 10]
Balanced dataset loaded
=> no checkpoint found at 'checkpoints_CNN/mnist_VAE_s25_v20_FS/last'
VAE doesn't exist, create VAE and train it from scratch ! good luck !
use 1 gpu who named: Tesla V100-SXM2-32GB
VAE(
  (encoder_struct): Sequential(
    (0): Conv2d(1, 64, kernel_size=(8, 8), stride=(1, 1))
    (1): BatchNorm2d(64, eps=1e-05, momentum=0.1, affine=True, track_running_stats=True)
    (2): ReLU(inplace=True)
    (3): Conv2d(64, 64, kernel_size=(4, 4), stride=(1, 1))
    (4): BatchNorm2d(64, eps=1e-05, momentum=0.1, affine=True, track_running_stats=True)
    (5): ReLU(inplace=True)
    (6): Conv2d(64, 25, kernel_size=(4, 4), stride=(1, 1))
    (7): DeterministicBinaryActivation(
      (act): Hardsigmoid(
        (act): Hardtanh(min_val=-1.0, max_val=1.0)
      )
    )
    (8): AdaptiveMaxPool2d(output_size=(1, 1))
    (9): View()
  )
  (encoder_var): Sequential(
    (0): Conv2d(1, 32, kernel_size=(3, 3), stride=(1, 1))
    (1): ReLU(inplace=True)
    (2): BatchNorm2d(32, eps=1e-05, momentum=0.1, affine=True, track_running_stats=True)
    (3): Conv2d(32, 32, kernel_size=(3, 3), stride=(1, 1))
    (4): ReLU(inplace=True)
    (5): BatchNorm2d(32, eps=1e-05, momentum=0.1, affine=True, track_running_stats=True)
    (6): Conv2d(32, 32, kernel_size=(5, 5), stride=(2, 2), padding=(2, 2))
    (7): ReLU(inplace=True)
    (8): BatchNorm2d(32, eps=1e-05, momentum=0.1, affine=True, track_running_stats=True)
    (9): Dropout(p=0.4, inplace=False)
    (10): View()
    (11): Linear(in_features=6272, out_features=40, bias=True)
  )
  (decoder): Sequential(
    (0): Linear(in_features=45, out_features=6272, bias=True)
    (1): ReLU(inplace=True)
    (2): View()
    (3): ConvTranspose2d(32, 32, kernel_size=(4, 4), stride=(2, 2), padding=(1, 1))
    (4): ReLU(inplace=True)
    (5): ConvTranspose2d(32, 32, kernel_size=(3, 3), stride=(1, 1))
    (6): ReLU(inplace=True)
    (7): ConvTranspose2d(32, 1, kernel_size=(3, 3), stride=(1, 1))
    (8): Sigmoid()
  )
)
The number of parameters of model is 696418
=> saved checkpoint 'checkpoints_CNN/mnist_VAE_s25_v20_FS/last' (iter 270, epoch 1.0)
=> saved checkpoint 'checkpoint_scores_CNN/mnist_VAE_s25_v20_FS/last' (iter 270, epoch 1.0)
[Save Checkpoint] epoch: [1.0], Train: total:99.55576, BCE:0.83194, KLD:98.72379,Test: total:399.67575, BCE:1.01026, KLD:398.66544
=> saved checkpoint 'checkpoints_CNN/mnist_VAE_s25_v20_FS/last' (iter 540, epoch 2.0)
=> saved checkpoint 'checkpoint_scores_CNN/mnist_VAE_s25_v20_FS/last' (iter 540, epoch 2.0)
[Save Checkpoint] epoch: [2.0], Train: total:16.43020, BCE:0.81362, KLD:15.61658,Test: total:64.47683, BCE:1.00385, KLD:63.47299
=> saved checkpoint 'checkpoints_CNN/mnist_VAE_s25_v20_FS/last' (iter 810, epoch 3.0)
=> saved checkpoint 'checkpoint_scores_CNN/mnist_VAE_s25_v20_FS/last' (iter 810, epoch 3.0)
[Save Checkpoint] epoch: [3.0], Train: total:7.17265, BCE:0.80373, KLD:6.36892,Test: total:27.00262, BCE:0.99591, KLD:26.00671
=> saved checkpoint 'checkpoints_CNN/mnist_VAE_s25_v20_FS/last' (iter 1080, epoch 4.0)
=> saved checkpoint 'checkpoint_scores_CNN/mnist_VAE_s25_v20_FS/last' (iter 1080, epoch 4.0)
[Save Checkpoint] epoch: [4.0], Train: total:7.10858, BCE:0.77391, KLD:6.33467,Test: total:27.78193, BCE:0.96352, KLD:26.81841
=> saved checkpoint 'checkpoints_CNN/mnist_VAE_s25_v20_FS/last' (iter 1350, epoch 5.0)
=> saved checkpoint 'checkpoint_scores_CNN/mnist_VAE_s25_v20_FS/last' (iter 1350, epoch 5.0)
EarlyStopping counter: 1 out of 25
[Save Checkpoint] epoch: [5.0], Train: total:15.11043, BCE:0.79199, KLD:14.31845,Test: total:62.21804, BCE:0.98761, KLD:61.23043
=> saved checkpoint 'checkpoints_CNN/mnist_VAE_s25_v20_FS/last' (iter 1620, epoch 6.0)
=> saved checkpoint 'checkpoint_scores_CNN/mnist_VAE_s25_v20_FS/last' (iter 1620, epoch 6.0)
[Save Checkpoint] epoch: [6.0], Train: total:7.61642, BCE:0.77587, KLD:6.84054,Test: total:29.94685, BCE:0.97009, KLD:28.97676
=> saved checkpoint 'checkpoints_CNN/mnist_VAE_s25_v20_FS/last' (iter 1890, epoch 7.0)
=> saved checkpoint 'checkpoint_scores_CNN/mnist_VAE_s25_v20_FS/last' (iter 1890, epoch 7.0)
[Save Checkpoint] epoch: [7.0], Train: total:7.52548, BCE:0.76589, KLD:6.75959,Test: total:28.72346, BCE:0.96984, KLD:27.75361
Epoch     8: reducing learning rate of group 0 to 2.0000e-04.
=> saved checkpoint 'checkpoints_CNN/mnist_VAE_s25_v20_FS/last' (iter 2160, epoch 8.0)
=> saved checkpoint 'checkpoint_scores_CNN/mnist_VAE_s25_v20_FS/last' (iter 2160, epoch 8.0)
[Save Checkpoint] epoch: [8.0], Train: total:7.36417, BCE:0.78330, KLD:6.58087,Test: total:28.39185, BCE:0.98335, KLD:27.40850
=> saved checkpoint 'checkpoints_CNN/mnist_VAE_s25_v20_FS/last' (iter 2430, epoch 9.0)
=> saved checkpoint 'checkpoint_scores_CNN/mnist_VAE_s25_v20_FS/last' (iter 2430, epoch 9.0)
[Save Checkpoint] epoch: [9.0], Train: total:1.04835, BCE:0.77154, KLD:0.27681,Test: total:2.14455, BCE:0.96247, KLD:1.18208
=> saved checkpoint 'checkpoints_CNN/mnist_VAE_s25_v20_FS/last' (iter 2700, epoch 10.0)
=> saved checkpoint 'checkpoint_scores_CNN/mnist_VAE_s25_v20_FS/last' (iter 2700, epoch 10.0)
[Save Checkpoint] epoch: [10.0], Train: total:0.99037, BCE:0.76873, KLD:0.22164,Test: total:1.92836, BCE:0.96952, KLD:0.95884
=> saved checkpoint 'checkpoints_CNN/mnist_VAE_s25_v20_FS/last' (iter 2970, epoch 11.0)
=> saved checkpoint 'checkpoint_scores_CNN/mnist_VAE_s25_v20_FS/last' (iter 2970, epoch 11.0)
[Save Checkpoint] epoch: [11.0], Train: total:0.96684, BCE:0.76935, KLD:0.19750,Test: total:1.82060, BCE:0.96840, KLD:0.85220
=> saved checkpoint 'checkpoints_CNN/mnist_VAE_s25_v20_FS/last' (iter 3240, epoch 12.0)
=> saved checkpoint 'checkpoint_scores_CNN/mnist_VAE_s25_v20_FS/last' (iter 3240, epoch 12.0)
[Save Checkpoint] epoch: [12.0], Train: total:0.95294, BCE:0.77160, KLD:0.18133,Test: total:1.75178, BCE:0.97074, KLD:0.78104
=> saved checkpoint 'checkpoints_CNN/mnist_VAE_s25_v20_FS/last' (iter 3510, epoch 13.0)
=> saved checkpoint 'checkpoint_scores_CNN/mnist_VAE_s25_v20_FS/last' (iter 3510, epoch 13.0)
[Save Checkpoint] epoch: [13.0], Train: total:0.96877, BCE:0.77093, KLD:0.19784,Test: total:1.82296, BCE:0.97058, KLD:0.85238
Epoch    14: reducing learning rate of group 0 to 4.0000e-05.
=> saved checkpoint 'checkpoints_CNN/mnist_VAE_s25_v20_FS/last' (iter 3780, epoch 14.0)
=> saved checkpoint 'checkpoint_scores_CNN/mnist_VAE_s25_v20_FS/last' (iter 3780, epoch 14.0)
EarlyStopping counter: 1 out of 25
[Save Checkpoint] epoch: [14.0], Train: total:0.95417, BCE:0.77246, KLD:0.18171,Test: total:1.75387, BCE:0.96609, KLD:0.78777
=> saved checkpoint 'checkpoints_CNN/mnist_VAE_s25_v20_FS/last' (iter 4050, epoch 15.0)
=> saved checkpoint 'checkpoint_scores_CNN/mnist_VAE_s25_v20_FS/last' (iter 4050, epoch 15.0)
[Save Checkpoint] epoch: [15.0], Train: total:0.85882, BCE:0.77019, KLD:0.08864,Test: total:1.35727, BCE:0.96386, KLD:0.39341
=> saved checkpoint 'checkpoints_CNN/mnist_VAE_s25_v20_FS/last' (iter 4320, epoch 16.0)
=> saved checkpoint 'checkpoint_scores_CNN/mnist_VAE_s25_v20_FS/last' (iter 4320, epoch 16.0)
EarlyStopping counter: 1 out of 25
[Save Checkpoint] epoch: [16.0], Train: total:0.85756, BCE:0.77056, KLD:0.08701,Test: total:1.35265, BCE:0.96767, KLD:0.38498
=> saved checkpoint 'checkpoints_CNN/mnist_VAE_s25_v20_FS/last' (iter 4590, epoch 17.0)
=> saved checkpoint 'checkpoint_scores_CNN/mnist_VAE_s25_v20_FS/last' (iter 4590, epoch 17.0)
EarlyStopping counter: 2 out of 25
[Save Checkpoint] epoch: [17.0], Train: total:0.85883, BCE:0.76983, KLD:0.08901,Test: total:1.36429, BCE:0.96966, KLD:0.39463
=> saved checkpoint 'checkpoints_CNN/mnist_VAE_s25_v20_FS/last' (iter 4860, epoch 18.0)
=> saved checkpoint 'checkpoint_scores_CNN/mnist_VAE_s25_v20_FS/last' (iter 4860, epoch 18.0)
[Save Checkpoint] epoch: [18.0], Train: total:0.86017, BCE:0.77403, KLD:0.08614,Test: total:1.35282, BCE:0.97197, KLD:0.38085
Epoch    19: reducing learning rate of group 0 to 8.0000e-06.
=> saved checkpoint 'checkpoints_CNN/mnist_VAE_s25_v20_FS/last' (iter 5130, epoch 19.0)
=> saved checkpoint 'checkpoint_scores_CNN/mnist_VAE_s25_v20_FS/last' (iter 5130, epoch 19.0)
EarlyStopping counter: 1 out of 25
[Save Checkpoint] epoch: [19.0], Train: total:0.85949, BCE:0.77390, KLD:0.08558,Test: total:1.35012, BCE:0.97018, KLD:0.37994
=> saved checkpoint 'checkpoints_CNN/mnist_VAE_s25_v20_FS/last' (iter 5400, epoch 20.0)
=> saved checkpoint 'checkpoint_scores_CNN/mnist_VAE_s25_v20_FS/last' (iter 5400, epoch 20.0)
[Save Checkpoint] epoch: [20.0], Train: total:0.83981, BCE:0.77131, KLD:0.06850,Test: total:1.27905, BCE:0.97092, KLD:0.30813
=> saved checkpoint 'checkpoints_CNN/mnist_VAE_s25_v20_FS/last' (iter 5670, epoch 21.0)
=> saved checkpoint 'checkpoint_scores_CNN/mnist_VAE_s25_v20_FS/last' (iter 5670, epoch 21.0)
EarlyStopping counter: 1 out of 25
[Save Checkpoint] epoch: [21.0], Train: total:0.83782, BCE:0.77019, KLD:0.06763,Test: total:1.28198, BCE:0.97718, KLD:0.30480
=> saved checkpoint 'checkpoints_CNN/mnist_VAE_s25_v20_FS/last' (iter 5940, epoch 22.0)
=> saved checkpoint 'checkpoint_scores_CNN/mnist_VAE_s25_v20_FS/last' (iter 5940, epoch 22.0)
EarlyStopping counter: 2 out of 25
[Save Checkpoint] epoch: [22.0], Train: total:0.83886, BCE:0.77144, KLD:0.06742,Test: total:1.27632, BCE:0.97312, KLD:0.30320
=> saved checkpoint 'checkpoints_CNN/mnist_VAE_s25_v20_FS/last' (iter 6210, epoch 23.0)
=> saved checkpoint 'checkpoint_scores_CNN/mnist_VAE_s25_v20_FS/last' (iter 6210, epoch 23.0)
EarlyStopping counter: 3 out of 25
[Save Checkpoint] epoch: [23.0], Train: total:0.83809, BCE:0.77078, KLD:0.06731,Test: total:1.26493, BCE:0.96202, KLD:0.30291
Epoch    24: reducing learning rate of group 0 to 1.6000e-06.
=> saved checkpoint 'checkpoints_CNN/mnist_VAE_s25_v20_FS/last' (iter 6480, epoch 24.0)
=> saved checkpoint 'checkpoint_scores_CNN/mnist_VAE_s25_v20_FS/last' (iter 6480, epoch 24.0)
EarlyStopping counter: 4 out of 25
[Save Checkpoint] epoch: [24.0], Train: total:0.84387, BCE:0.77599, KLD:0.06788,Test: total:1.27937, BCE:0.97279, KLD:0.30658
=> saved checkpoint 'checkpoints_CNN/mnist_VAE_s25_v20_FS/last' (iter 6750, epoch 25.0)
=> saved checkpoint 'checkpoint_scores_CNN/mnist_VAE_s25_v20_FS/last' (iter 6750, epoch 25.0)
EarlyStopping counter: 5 out of 25
[Save Checkpoint] epoch: [25.0], Train: total:0.83608, BCE:0.77342, KLD:0.06266,Test: total:1.26100, BCE:0.97639, KLD:0.28461
=> saved checkpoint 'checkpoints_CNN/mnist_VAE_s25_v20_FS/last' (iter 7020, epoch 26.0)
=> saved checkpoint 'checkpoint_scores_CNN/mnist_VAE_s25_v20_FS/last' (iter 7020, epoch 26.0)
[Save Checkpoint] epoch: [26.0], Train: total:0.83421, BCE:0.77193, KLD:0.06227,Test: total:1.25302, BCE:0.97119, KLD:0.28183
=> saved checkpoint 'checkpoints_CNN/mnist_VAE_s25_v20_FS/last' (iter 7290, epoch 27.0)
=> saved checkpoint 'checkpoint_scores_CNN/mnist_VAE_s25_v20_FS/last' (iter 7290, epoch 27.0)
EarlyStopping counter: 1 out of 25
[Save Checkpoint] epoch: [27.0], Train: total:0.83391, BCE:0.77194, KLD:0.06197,Test: total:1.25460, BCE:0.97435, KLD:0.28025
=> saved checkpoint 'checkpoints_CNN/mnist_VAE_s25_v20_FS/last' (iter 7560, epoch 28.0)
=> saved checkpoint 'checkpoint_scores_CNN/mnist_VAE_s25_v20_FS/last' (iter 7560, epoch 28.0)
EarlyStopping counter: 2 out of 25
[Save Checkpoint] epoch: [28.0], Train: total:0.83502, BCE:0.77340, KLD:0.06162,Test: total:1.24674, BCE:0.96741, KLD:0.27933
Epoch    29: reducing learning rate of group 0 to 1.0000e-06.
=> saved checkpoint 'checkpoints_CNN/mnist_VAE_s25_v20_FS/last' (iter 7830, epoch 29.0)
=> saved checkpoint 'checkpoint_scores_CNN/mnist_VAE_s25_v20_FS/last' (iter 7830, epoch 29.0)
EarlyStopping counter: 3 out of 25
[Save Checkpoint] epoch: [29.0], Train: total:0.83291, BCE:0.77151, KLD:0.06140,Test: total:1.24789, BCE:0.96998, KLD:0.27791
=> saved checkpoint 'checkpoints_CNN/mnist_VAE_s25_v20_FS/last' (iter 8100, epoch 30.0)
=> saved checkpoint 'checkpoint_scores_CNN/mnist_VAE_s25_v20_FS/last' (iter 8100, epoch 30.0)
[Save Checkpoint] epoch: [30.0], Train: total:0.83265, BCE:0.77191, KLD:0.06074,Test: total:1.25111, BCE:0.97535, KLD:0.27576
=> saved checkpoint 'checkpoints_CNN/mnist_VAE_s25_v20_FS/last' (iter 8370, epoch 31.0)
=> saved checkpoint 'checkpoint_scores_CNN/mnist_VAE_s25_v20_FS/last' (iter 8370, epoch 31.0)
[Save Checkpoint] epoch: [31.0], Train: total:0.83226, BCE:0.77184, KLD:0.06042,Test: total:1.24684, BCE:0.97239, KLD:0.27445
=> saved checkpoint 'checkpoints_CNN/mnist_VAE_s25_v20_FS/last' (iter 8640, epoch 32.0)
=> saved checkpoint 'checkpoint_scores_CNN/mnist_VAE_s25_v20_FS/last' (iter 8640, epoch 32.0)
[Save Checkpoint] epoch: [32.0], Train: total:0.82962, BCE:0.76941, KLD:0.06020,Test: total:1.24481, BCE:0.97113, KLD:0.27369
=> saved checkpoint 'checkpoints_CNN/mnist_VAE_s25_v20_FS/last' (iter 8910, epoch 33.0)
=> saved checkpoint 'checkpoint_scores_CNN/mnist_VAE_s25_v20_FS/last' (iter 8910, epoch 33.0)
[Save Checkpoint] epoch: [33.0], Train: total:0.83399, BCE:0.77406, KLD:0.05993,Test: total:1.24441, BCE:0.97203, KLD:0.27237
=> saved checkpoint 'checkpoints_CNN/mnist_VAE_s25_v20_FS/last' (iter 9180, epoch 34.0)
=> saved checkpoint 'checkpoint_scores_CNN/mnist_VAE_s25_v20_FS/last' (iter 9180, epoch 34.0)
EarlyStopping counter: 1 out of 25
[Save Checkpoint] epoch: [34.0], Train: total:0.82920, BCE:0.76958, KLD:0.05962,Test: total:1.24543, BCE:0.97393, KLD:0.27150
=> saved checkpoint 'checkpoints_CNN/mnist_VAE_s25_v20_FS/last' (iter 9450, epoch 35.0)
=> saved checkpoint 'checkpoint_scores_CNN/mnist_VAE_s25_v20_FS/last' (iter 9450, epoch 35.0)
[Save Checkpoint] epoch: [35.0], Train: total:0.83055, BCE:0.77085, KLD:0.05970,Test: total:1.24520, BCE:0.97348, KLD:0.27172
=> saved checkpoint 'checkpoints_CNN/mnist_VAE_s25_v20_FS/last' (iter 9720, epoch 36.0)
=> saved checkpoint 'checkpoint_scores_CNN/mnist_VAE_s25_v20_FS/last' (iter 9720, epoch 36.0)
EarlyStopping counter: 1 out of 25
[Save Checkpoint] epoch: [36.0], Train: total:0.83262, BCE:0.77365, KLD:0.05897,Test: total:1.23604, BCE:0.96785, KLD:0.26819
=> saved checkpoint 'checkpoints_CNN/mnist_VAE_s25_v20_FS/last' (iter 9990, epoch 37.0)
=> saved checkpoint 'checkpoint_scores_CNN/mnist_VAE_s25_v20_FS/last' (iter 9990, epoch 37.0)
[Save Checkpoint] epoch: [37.0], Train: total:0.83338, BCE:0.77471, KLD:0.05867,Test: total:1.23087, BCE:0.96421, KLD:0.26666
=> saved checkpoint 'checkpoints_CNN/mnist_VAE_s25_v20_FS/last' (iter 10260, epoch 38.0)
=> saved checkpoint 'checkpoint_scores_CNN/mnist_VAE_s25_v20_FS/last' (iter 10260, epoch 38.0)
[Save Checkpoint] epoch: [38.0], Train: total:0.82849, BCE:0.77040, KLD:0.05808,Test: total:1.23107, BCE:0.96720, KLD:0.26387
=> saved checkpoint 'checkpoints_CNN/mnist_VAE_s25_v20_FS/last' (iter 10530, epoch 39.0)
=> saved checkpoint 'checkpoint_scores_CNN/mnist_VAE_s25_v20_FS/last' (iter 10530, epoch 39.0)
[Save Checkpoint] epoch: [39.0], Train: total:0.83225, BCE:0.77483, KLD:0.05742,Test: total:1.23343, BCE:0.97223, KLD:0.26120
=> saved checkpoint 'checkpoints_CNN/mnist_VAE_s25_v20_FS/last' (iter 10800, epoch 40.0)
=> saved checkpoint 'checkpoint_scores_CNN/mnist_VAE_s25_v20_FS/last' (iter 10800, epoch 40.0)
EarlyStopping counter: 1 out of 25
[Save Checkpoint] epoch: [40.0], Train: total:0.83000, BCE:0.77323, KLD:0.05677,Test: total:1.23379, BCE:0.97494, KLD:0.25885
=> saved checkpoint 'checkpoints_CNN/mnist_VAE_s25_v20_FS/last' (iter 11070, epoch 41.0)
=> saved checkpoint 'checkpoint_scores_CNN/mnist_VAE_s25_v20_FS/last' (iter 11070, epoch 41.0)
EarlyStopping counter: 2 out of 25
[Save Checkpoint] epoch: [41.0], Train: total:0.82938, BCE:0.77325, KLD:0.05613,Test: total:1.22731, BCE:0.97156, KLD:0.25575
=> saved checkpoint 'checkpoints_CNN/mnist_VAE_s25_v20_FS/last' (iter 11340, epoch 42.0)
=> saved checkpoint 'checkpoint_scores_CNN/mnist_VAE_s25_v20_FS/last' (iter 11340, epoch 42.0)
EarlyStopping counter: 3 out of 25
[Save Checkpoint] epoch: [42.0], Train: total:0.82781, BCE:0.77201, KLD:0.05580,Test: total:1.22009, BCE:0.96630, KLD:0.25380
=> saved checkpoint 'checkpoints_CNN/mnist_VAE_s25_v20_FS/last' (iter 11610, epoch 43.0)
=> saved checkpoint 'checkpoint_scores_CNN/mnist_VAE_s25_v20_FS/last' (iter 11610, epoch 43.0)
[Save Checkpoint] epoch: [43.0], Train: total:0.82819, BCE:0.77313, KLD:0.05506,Test: total:1.22840, BCE:0.97717, KLD:0.25122
=> saved checkpoint 'checkpoints_CNN/mnist_VAE_s25_v20_FS/last' (iter 11880, epoch 44.0)
=> saved checkpoint 'checkpoint_scores_CNN/mnist_VAE_s25_v20_FS/last' (iter 11880, epoch 44.0)
[Save Checkpoint] epoch: [44.0], Train: total:0.82778, BCE:0.77358, KLD:0.05420,Test: total:1.22253, BCE:0.97607, KLD:0.24646
=> saved checkpoint 'checkpoints_CNN/mnist_VAE_s25_v20_FS/last' (iter 12150, epoch 45.0)
=> saved checkpoint 'checkpoint_scores_CNN/mnist_VAE_s25_v20_FS/last' (iter 12150, epoch 45.0)
EarlyStopping counter: 1 out of 25
[Save Checkpoint] epoch: [45.0], Train: total:0.82703, BCE:0.77354, KLD:0.05349,Test: total:1.21958, BCE:0.97575, KLD:0.24384
=> saved checkpoint 'checkpoints_CNN/mnist_VAE_s25_v20_FS/last' (iter 12420, epoch 46.0)
=> saved checkpoint 'checkpoint_scores_CNN/mnist_VAE_s25_v20_FS/last' (iter 12420, epoch 46.0)
[Save Checkpoint] epoch: [46.0], Train: total:0.82570, BCE:0.77358, KLD:0.05212,Test: total:1.21277, BCE:0.97512, KLD:0.23765
=> saved checkpoint 'checkpoints_CNN/mnist_VAE_s25_v20_FS/last' (iter 12690, epoch 47.0)
=> saved checkpoint 'checkpoint_scores_CNN/mnist_VAE_s25_v20_FS/last' (iter 12690, epoch 47.0)
[Save Checkpoint] epoch: [47.0], Train: total:0.82554, BCE:0.77451, KLD:0.05103,Test: total:1.21156, BCE:0.97830, KLD:0.23326
=> saved checkpoint 'checkpoints_CNN/mnist_VAE_s25_v20_FS/last' (iter 12960, epoch 48.0)
=> saved checkpoint 'checkpoint_scores_CNN/mnist_VAE_s25_v20_FS/last' (iter 12960, epoch 48.0)
[Save Checkpoint] epoch: [48.0], Train: total:0.82402, BCE:0.77386, KLD:0.05016,Test: total:1.20191, BCE:0.97150, KLD:0.23041
=> saved checkpoint 'checkpoints_CNN/mnist_VAE_s25_v20_FS/last' (iter 13230, epoch 49.0)
=> saved checkpoint 'checkpoint_scores_CNN/mnist_VAE_s25_v20_FS/last' (iter 13230, epoch 49.0)
[Save Checkpoint] epoch: [49.0], Train: total:0.82361, BCE:0.77474, KLD:0.04886,Test: total:1.20196, BCE:0.97752, KLD:0.22444
=> saved checkpoint 'checkpoints_CNN/mnist_VAE_s25_v20_FS/last' (iter 13500, epoch 50.0)
=> saved checkpoint 'checkpoint_scores_CNN/mnist_VAE_s25_v20_FS/last' (iter 13500, epoch 50.0)
[Save Checkpoint] epoch: [50.0], Train: total:0.82488, BCE:0.77672, KLD:0.04816,Test: total:1.19576, BCE:0.97458, KLD:0.22118
=> saved checkpoint 'checkpoints_CNN/mnist_VAE_s25_v20_FS/last' (iter 13770, epoch 51.0)
=> saved checkpoint 'checkpoint_scores_CNN/mnist_VAE_s25_v20_FS/last' (iter 13770, epoch 51.0)
[Save Checkpoint] epoch: [51.0], Train: total:0.82516, BCE:0.77845, KLD:0.04672,Test: total:1.19692, BCE:0.98177, KLD:0.21515
=> saved checkpoint 'checkpoints_CNN/mnist_VAE_s25_v20_FS/last' (iter 14040, epoch 52.0)
=> saved checkpoint 'checkpoint_scores_CNN/mnist_VAE_s25_v20_FS/last' (iter 14040, epoch 52.0)
EarlyStopping counter: 1 out of 25
[Save Checkpoint] epoch: [52.0], Train: total:0.82349, BCE:0.77767, KLD:0.04582,Test: total:1.18735, BCE:0.97621, KLD:0.21114
=> saved checkpoint 'checkpoints_CNN/mnist_VAE_s25_v20_FS/last' (iter 14310, epoch 53.0)
=> saved checkpoint 'checkpoint_scores_CNN/mnist_VAE_s25_v20_FS/last' (iter 14310, epoch 53.0)
[Save Checkpoint] epoch: [53.0], Train: total:0.82559, BCE:0.78052, KLD:0.04507,Test: total:1.18561, BCE:0.97744, KLD:0.20817
=> saved checkpoint 'checkpoints_CNN/mnist_VAE_s25_v20_FS/last' (iter 14580, epoch 54.0)
=> saved checkpoint 'checkpoint_scores_CNN/mnist_VAE_s25_v20_FS/last' (iter 14580, epoch 54.0)
[Save Checkpoint] epoch: [54.0], Train: total:0.82506, BCE:0.78121, KLD:0.04385,Test: total:1.18858, BCE:0.98502, KLD:0.20356
=> saved checkpoint 'checkpoints_CNN/mnist_VAE_s25_v20_FS/last' (iter 14850, epoch 55.0)
=> saved checkpoint 'checkpoint_scores_CNN/mnist_VAE_s25_v20_FS/last' (iter 14850, epoch 55.0)
[Save Checkpoint] epoch: [55.0], Train: total:0.82737, BCE:0.78461, KLD:0.04275,Test: total:1.18280, BCE:0.98345, KLD:0.19935
=> saved checkpoint 'checkpoints_CNN/mnist_VAE_s25_v20_FS/last' (iter 15120, epoch 56.0)
=> saved checkpoint 'checkpoint_scores_CNN/mnist_VAE_s25_v20_FS/last' (iter 15120, epoch 56.0)
EarlyStopping counter: 1 out of 25
[Save Checkpoint] epoch: [56.0], Train: total:0.82482, BCE:0.78308, KLD:0.04174,Test: total:1.18628, BCE:0.99138, KLD:0.19490
=> saved checkpoint 'checkpoints_CNN/mnist_VAE_s25_v20_FS/last' (iter 15390, epoch 57.0)
=> saved checkpoint 'checkpoint_scores_CNN/mnist_VAE_s25_v20_FS/last' (iter 15390, epoch 57.0)
[Save Checkpoint] epoch: [57.0], Train: total:0.82872, BCE:0.78822, KLD:0.04050,Test: total:1.17254, BCE:0.98339, KLD:0.18915
=> saved checkpoint 'checkpoints_CNN/mnist_VAE_s25_v20_FS/last' (iter 15660, epoch 58.0)
=> saved checkpoint 'checkpoint_scores_CNN/mnist_VAE_s25_v20_FS/last' (iter 15660, epoch 58.0)
EarlyStopping counter: 1 out of 25
[Save Checkpoint] epoch: [58.0], Train: total:0.82683, BCE:0.78707, KLD:0.03976,Test: total:1.17762, BCE:0.99143, KLD:0.18619
=> saved checkpoint 'checkpoints_CNN/mnist_VAE_s25_v20_FS/last' (iter 15930, epoch 59.0)
=> saved checkpoint 'checkpoint_scores_CNN/mnist_VAE_s25_v20_FS/last' (iter 15930, epoch 59.0)
[Save Checkpoint] epoch: [59.0], Train: total:0.82925, BCE:0.79080, KLD:0.03845,Test: total:1.18110, BCE:1.00031, KLD:0.18079
=> saved checkpoint 'checkpoints_CNN/mnist_VAE_s25_v20_FS/last' (iter 16200, epoch 60.0)
=> saved checkpoint 'checkpoint_scores_CNN/mnist_VAE_s25_v20_FS/last' (iter 16200, epoch 60.0)
[Save Checkpoint] epoch: [60.0], Train: total:0.83293, BCE:0.79547, KLD:0.03746,Test: total:1.17065, BCE:0.99439, KLD:0.17626
=> saved checkpoint 'checkpoints_CNN/mnist_VAE_s25_v20_FS/last' (iter 16470, epoch 61.0)
=> saved checkpoint 'checkpoint_scores_CNN/mnist_VAE_s25_v20_FS/last' (iter 16470, epoch 61.0)
[Save Checkpoint] epoch: [61.0], Train: total:0.83440, BCE:0.79749, KLD:0.03691,Test: total:1.17438, BCE:1.00061, KLD:0.17377
=> saved checkpoint 'checkpoints_CNN/mnist_VAE_s25_v20_FS/last' (iter 16740, epoch 62.0)
=> saved checkpoint 'checkpoint_scores_CNN/mnist_VAE_s25_v20_FS/last' (iter 16740, epoch 62.0)
EarlyStopping counter: 1 out of 25
[Save Checkpoint] epoch: [62.0], Train: total:0.83699, BCE:0.80092, KLD:0.03607,Test: total:1.16652, BCE:0.99656, KLD:0.16996
=> saved checkpoint 'checkpoints_CNN/mnist_VAE_s25_v20_FS/last' (iter 17010, epoch 63.0)
=> saved checkpoint 'checkpoint_scores_CNN/mnist_VAE_s25_v20_FS/last' (iter 17010, epoch 63.0)
EarlyStopping counter: 2 out of 25
[Save Checkpoint] epoch: [63.0], Train: total:0.84133, BCE:0.80660, KLD:0.03473,Test: total:1.17172, BCE:1.00771, KLD:0.16400
=> saved checkpoint 'checkpoints_CNN/mnist_VAE_s25_v20_FS/last' (iter 17280, epoch 64.0)
=> saved checkpoint 'checkpoint_scores_CNN/mnist_VAE_s25_v20_FS/last' (iter 17280, epoch 64.0)
[Save Checkpoint] epoch: [64.0], Train: total:0.84305, BCE:0.80914, KLD:0.03391,Test: total:1.17256, BCE:1.01235, KLD:0.16020
=> saved checkpoint 'checkpoints_CNN/mnist_VAE_s25_v20_FS/last' (iter 17550, epoch 65.0)
=> saved checkpoint 'checkpoint_scores_CNN/mnist_VAE_s25_v20_FS/last' (iter 17550, epoch 65.0)
[Save Checkpoint] epoch: [65.0], Train: total:0.84672, BCE:0.81365, KLD:0.03307,Test: total:1.17743, BCE:1.02072, KLD:0.15671
=> saved checkpoint 'checkpoints_CNN/mnist_VAE_s25_v20_FS/last' (iter 17820, epoch 66.0)
=> saved checkpoint 'checkpoint_scores_CNN/mnist_VAE_s25_v20_FS/last' (iter 17820, epoch 66.0)
[Save Checkpoint] epoch: [66.0], Train: total:0.85090, BCE:0.81848, KLD:0.03242,Test: total:1.18218, BCE:1.02818, KLD:0.15400
=> saved checkpoint 'checkpoints_CNN/mnist_VAE_s25_v20_FS/last' (iter 18090, epoch 67.0)
=> saved checkpoint 'checkpoint_scores_CNN/mnist_VAE_s25_v20_FS/last' (iter 18090, epoch 67.0)
[Save Checkpoint] epoch: [67.0], Train: total:0.85691, BCE:0.82549, KLD:0.03142,Test: total:1.17592, BCE:1.02646, KLD:0.14946
=> saved checkpoint 'checkpoints_CNN/mnist_VAE_s25_v20_FS/last' (iter 18360, epoch 68.0)
=> saved checkpoint 'checkpoint_scores_CNN/mnist_VAE_s25_v20_FS/last' (iter 18360, epoch 68.0)
[Save Checkpoint] epoch: [68.0], Train: total:0.86305, BCE:0.83218, KLD:0.03087,Test: total:1.17819, BCE:1.03071, KLD:0.14748
=> saved checkpoint 'checkpoints_CNN/mnist_VAE_s25_v20_FS/last' (iter 18630, epoch 69.0)
=> saved checkpoint 'checkpoint_scores_CNN/mnist_VAE_s25_v20_FS/last' (iter 18630, epoch 69.0)
[Save Checkpoint] epoch: [69.0], Train: total:0.86795, BCE:0.83800, KLD:0.02996,Test: total:1.17884, BCE:1.03546, KLD:0.14338
=> saved checkpoint 'checkpoints_CNN/mnist_VAE_s25_v20_FS/last' (iter 18900, epoch 70.0)
=> saved checkpoint 'checkpoint_scores_CNN/mnist_VAE_s25_v20_FS/last' (iter 18900, epoch 70.0)
[Save Checkpoint] epoch: [70.0], Train: total:0.87225, BCE:0.84310, KLD:0.02915,Test: total:1.19075, BCE:1.05065, KLD:0.14010
=> saved checkpoint 'checkpoints_CNN/mnist_VAE_s25_v20_FS/last' (iter 19170, epoch 71.0)
=> saved checkpoint 'checkpoint_scores_CNN/mnist_VAE_s25_v20_FS/last' (iter 19170, epoch 71.0)
[Save Checkpoint] epoch: [71.0], Train: total:0.88010, BCE:0.85171, KLD:0.02839,Test: total:1.19964, BCE:1.06309, KLD:0.13655
=> saved checkpoint 'checkpoints_CNN/mnist_VAE_s25_v20_FS/last' (iter 19440, epoch 72.0)
=> saved checkpoint 'checkpoint_scores_CNN/mnist_VAE_s25_v20_FS/last' (iter 19440, epoch 72.0)
[Save Checkpoint] epoch: [72.0], Train: total:0.88727, BCE:0.85947, KLD:0.02779,Test: total:1.20282, BCE:1.06880, KLD:0.13403
=> saved checkpoint 'checkpoints_CNN/mnist_VAE_s25_v20_FS/last' (iter 19710, epoch 73.0)
=> saved checkpoint 'checkpoint_scores_CNN/mnist_VAE_s25_v20_FS/last' (iter 19710, epoch 73.0)
EarlyStopping counter: 1 out of 25
[Save Checkpoint] epoch: [73.0], Train: total:0.89335, BCE:0.86624, KLD:0.02711,Test: total:1.20948, BCE:1.07831, KLD:0.13117
=> saved checkpoint 'checkpoints_CNN/mnist_VAE_s25_v20_FS/last' (iter 19980, epoch 74.0)
=> saved checkpoint 'checkpoint_scores_CNN/mnist_VAE_s25_v20_FS/last' (iter 19980, epoch 74.0)
[Save Checkpoint] epoch: [74.0], Train: total:0.90248, BCE:0.87597, KLD:0.02650,Test: total:1.21198, BCE:1.08376, KLD:0.12822
=> saved checkpoint 'checkpoints_CNN/mnist_VAE_s25_v20_FS/last' (iter 20250, epoch 75.0)
=> saved checkpoint 'checkpoint_scores_CNN/mnist_VAE_s25_v20_FS/last' (iter 20250, epoch 75.0)
[Save Checkpoint] epoch: [75.0], Train: total:0.91054, BCE:0.88474, KLD:0.02581,Test: total:1.21312, BCE:1.08820, KLD:0.12492
=> saved checkpoint 'checkpoints_CNN/mnist_VAE_s25_v20_FS/last' (iter 20520, epoch 76.0)
=> saved checkpoint 'checkpoint_scores_CNN/mnist_VAE_s25_v20_FS/last' (iter 20520, epoch 76.0)
[Save Checkpoint] epoch: [76.0], Train: total:0.92069, BCE:0.89564, KLD:0.02505,Test: total:1.23022, BCE:1.10834, KLD:0.12188
=> saved checkpoint 'checkpoints_CNN/mnist_VAE_s25_v20_FS/last' (iter 20790, epoch 77.0)
=> saved checkpoint 'checkpoint_scores_CNN/mnist_VAE_s25_v20_FS/last' (iter 20790, epoch 77.0)
[Save Checkpoint] epoch: [77.0], Train: total:0.92726, BCE:0.90266, KLD:0.02460,Test: total:1.23660, BCE:1.11693, KLD:0.11967
=> saved checkpoint 'checkpoints_CNN/mnist_VAE_s25_v20_FS/last' (iter 21060, epoch 78.0)
=> saved checkpoint 'checkpoint_scores_CNN/mnist_VAE_s25_v20_FS/last' (iter 21060, epoch 78.0)
[Save Checkpoint] epoch: [78.0], Train: total:0.94114, BCE:0.91690, KLD:0.02423,Test: total:1.24755, BCE:1.12956, KLD:0.11799
=> saved checkpoint 'checkpoints_CNN/mnist_VAE_s25_v20_FS/last' (iter 21330, epoch 79.0)
=> saved checkpoint 'checkpoint_scores_CNN/mnist_VAE_s25_v20_FS/last' (iter 21330, epoch 79.0)
[Save Checkpoint] epoch: [79.0], Train: total:0.94912, BCE:0.92559, KLD:0.02353,Test: total:1.25396, BCE:1.13942, KLD:0.11454
=> saved checkpoint 'checkpoints_CNN/mnist_VAE_s25_v20_FS/last' (iter 21600, epoch 80.0)
=> saved checkpoint 'checkpoint_scores_CNN/mnist_VAE_s25_v20_FS/last' (iter 21600, epoch 80.0)
[Save Checkpoint] epoch: [80.0], Train: total:0.95956, BCE:0.93671, KLD:0.02285,Test: total:1.26015, BCE:1.14873, KLD:0.11141
=> saved checkpoint 'checkpoints_CNN/mnist_VAE_s25_v20_FS/last' (iter 21870, epoch 81.0)
=> saved checkpoint 'checkpoint_scores_CNN/mnist_VAE_s25_v20_FS/last' (iter 21870, epoch 81.0)
[Save Checkpoint] epoch: [81.0], Train: total:0.97109, BCE:0.94862, KLD:0.02248,Test: total:1.27495, BCE:1.16485, KLD:0.11010
=> saved checkpoint 'checkpoints_CNN/mnist_VAE_s25_v20_FS/last' (iter 22140, epoch 82.0)
=> saved checkpoint 'checkpoint_scores_CNN/mnist_VAE_s25_v20_FS/last' (iter 22140, epoch 82.0)
[Save Checkpoint] epoch: [82.0], Train: total:0.98456, BCE:0.96253, KLD:0.02203,Test: total:1.27769, BCE:1.17044, KLD:0.10726
=> saved checkpoint 'checkpoints_CNN/mnist_VAE_s25_v20_FS/last' (iter 22410, epoch 83.0)
=> saved checkpoint 'checkpoint_scores_CNN/mnist_VAE_s25_v20_FS/last' (iter 22410, epoch 83.0)
[Save Checkpoint] epoch: [83.0], Train: total:0.99401, BCE:0.97271, KLD:0.02130,Test: total:1.29490, BCE:1.18994, KLD:0.10495
=> saved checkpoint 'checkpoints_CNN/mnist_VAE_s25_v20_FS/last' (iter 22680, epoch 84.0)
=> saved checkpoint 'checkpoint_scores_CNN/mnist_VAE_s25_v20_FS/last' (iter 22680, epoch 84.0)
[Save Checkpoint] epoch: [84.0], Train: total:1.00715, BCE:0.98635, KLD:0.02080,Test: total:1.30716, BCE:1.20478, KLD:0.10238
=> saved checkpoint 'checkpoints_CNN/mnist_VAE_s25_v20_FS/last' (iter 22950, epoch 85.0)
=> saved checkpoint 'checkpoint_scores_CNN/mnist_VAE_s25_v20_FS/last' (iter 22950, epoch 85.0)
[Save Checkpoint] epoch: [85.0], Train: total:1.02236, BCE:1.00192, KLD:0.02044,Test: total:1.31243, BCE:1.21103, KLD:0.10140
=> saved checkpoint 'checkpoints_CNN/mnist_VAE_s25_v20_FS/last' (iter 23220, epoch 86.0)
=> saved checkpoint 'checkpoint_scores_CNN/mnist_VAE_s25_v20_FS/last' (iter 23220, epoch 86.0)
[Save Checkpoint] epoch: [86.0], Train: total:1.03269, BCE:1.01259, KLD:0.02011,Test: total:1.33656, BCE:1.23677, KLD:0.09980
=> saved checkpoint 'checkpoints_CNN/mnist_VAE_s25_v20_FS/last' (iter 23490, epoch 87.0)
=> saved checkpoint 'checkpoint_scores_CNN/mnist_VAE_s25_v20_FS/last' (iter 23490, epoch 87.0)
[Save Checkpoint] epoch: [87.0], Train: total:1.04572, BCE:1.02632, KLD:0.01940,Test: total:1.34217, BCE:1.24595, KLD:0.09621
=> saved checkpoint 'checkpoints_CNN/mnist_VAE_s25_v20_FS/last' (iter 23760, epoch 88.0)
=> saved checkpoint 'checkpoint_scores_CNN/mnist_VAE_s25_v20_FS/last' (iter 23760, epoch 88.0)
[Save Checkpoint] epoch: [88.0], Train: total:1.05778, BCE:1.03881, KLD:0.01896,Test: total:1.34934, BCE:1.25473, KLD:0.09461
=> saved checkpoint 'checkpoints_CNN/mnist_VAE_s25_v20_FS/last' (iter 24030, epoch 89.0)
=> saved checkpoint 'checkpoint_scores_CNN/mnist_VAE_s25_v20_FS/last' (iter 24030, epoch 89.0)
[Save Checkpoint] epoch: [89.0], Train: total:1.07517, BCE:1.05593, KLD:0.01924,Test: total:1.36838, BCE:1.27326, KLD:0.09511
=> saved checkpoint 'checkpoints_CNN/mnist_VAE_s25_v20_FS/last' (iter 24300, epoch 90.0)
=> saved checkpoint 'checkpoint_scores_CNN/mnist_VAE_s25_v20_FS/last' (iter 24300, epoch 90.0)
[Save Checkpoint] epoch: [90.0], Train: total:1.08274, BCE:1.06426, KLD:0.01848,Test: total:1.37593, BCE:1.28379, KLD:0.09214
=> saved checkpoint 'checkpoints_CNN/mnist_VAE_s25_v20_FS/last' (iter 24570, epoch 91.0)
=> saved checkpoint 'checkpoint_scores_CNN/mnist_VAE_s25_v20_FS/last' (iter 24570, epoch 91.0)
[Save Checkpoint] epoch: [91.0], Train: total:1.09910, BCE:1.08110, KLD:0.01799,Test: total:1.39708, BCE:1.30721, KLD:0.08987
=> saved checkpoint 'checkpoints_CNN/mnist_VAE_s25_v20_FS/last' (iter 24840, epoch 92.0)
=> saved checkpoint 'checkpoint_scores_CNN/mnist_VAE_s25_v20_FS/last' (iter 24840, epoch 92.0)
[Save Checkpoint] epoch: [92.0], Train: total:1.10980, BCE:1.09220, KLD:0.01759,Test: total:1.40432, BCE:1.31613, KLD:0.08819
=> saved checkpoint 'checkpoints_CNN/mnist_VAE_s25_v20_FS/last' (iter 25110, epoch 93.0)
=> saved checkpoint 'checkpoint_scores_CNN/mnist_VAE_s25_v20_FS/last' (iter 25110, epoch 93.0)
[Save Checkpoint] epoch: [93.0], Train: total:1.12290, BCE:1.10556, KLD:0.01734,Test: total:1.41422, BCE:1.32738, KLD:0.08684
=> saved checkpoint 'checkpoints_CNN/mnist_VAE_s25_v20_FS/last' (iter 25380, epoch 94.0)
=> saved checkpoint 'checkpoint_scores_CNN/mnist_VAE_s25_v20_FS/last' (iter 25380, epoch 94.0)
[Save Checkpoint] epoch: [94.0], Train: total:1.13889, BCE:1.12238, KLD:0.01651,Test: total:1.42356, BCE:1.33997, KLD:0.08358
=> saved checkpoint 'checkpoints_CNN/mnist_VAE_s25_v20_FS/last' (iter 25650, epoch 95.0)
=> saved checkpoint 'checkpoint_scores_CNN/mnist_VAE_s25_v20_FS/last' (iter 25650, epoch 95.0)
[Save Checkpoint] epoch: [95.0], Train: total:1.15109, BCE:1.13493, KLD:0.01616,Test: total:1.44156, BCE:1.35963, KLD:0.08193
=> saved checkpoint 'checkpoints_CNN/mnist_VAE_s25_v20_FS/last' (iter 25920, epoch 96.0)
=> saved checkpoint 'checkpoint_scores_CNN/mnist_VAE_s25_v20_FS/last' (iter 25920, epoch 96.0)
EarlyStopping counter: 1 out of 25
[Save Checkpoint] epoch: [96.0], Train: total:1.16750, BCE:1.15135, KLD:0.01615,Test: total:1.45471, BCE:1.37293, KLD:0.08178
=> saved checkpoint 'checkpoints_CNN/mnist_VAE_s25_v20_FS/last' (iter 26190, epoch 97.0)
=> saved checkpoint 'checkpoint_scores_CNN/mnist_VAE_s25_v20_FS/last' (iter 26190, epoch 97.0)
[Save Checkpoint] epoch: [97.0], Train: total:1.17864, BCE:1.16291, KLD:0.01573,Test: total:1.47091, BCE:1.39080, KLD:0.08011
=> saved checkpoint 'checkpoints_CNN/mnist_VAE_s25_v20_FS/last' (iter 26460, epoch 98.0)
=> saved checkpoint 'checkpoint_scores_CNN/mnist_VAE_s25_v20_FS/last' (iter 26460, epoch 98.0)
[Save Checkpoint] epoch: [98.0], Train: total:1.19531, BCE:1.18005, KLD:0.01526,Test: total:1.48229, BCE:1.40416, KLD:0.07813
=> saved checkpoint 'checkpoints_CNN/mnist_VAE_s25_v20_FS/last' (iter 26730, epoch 99.0)
=> saved checkpoint 'checkpoint_scores_CNN/mnist_VAE_s25_v20_FS/last' (iter 26730, epoch 99.0)
[Save Checkpoint] epoch: [99.0], Train: total:1.20868, BCE:1.19369, KLD:0.01499,Test: total:1.49673, BCE:1.42016, KLD:0.07657
=> saved checkpoint 'checkpoints_CNN/mnist_VAE_s25_v20_FS/last' (iter 27000, epoch 100.0)
=> saved checkpoint 'checkpoint_scores_CNN/mnist_VAE_s25_v20_FS/last' (iter 27000, epoch 100.0)
[Save Checkpoint] epoch: [100.0], Train: total:1.22369, BCE:1.20905, KLD:0.01463,Test: total:1.51783, BCE:1.44266, KLD:0.07517
[Training Finished]
All done !
