2
--gpu_devices 0 --max_iter 100 --batch_size 250 --use_scheduler True --lr 1e-3 --GMP True --z_struct_size 25 --is_encoder_struct True --big_kernel_size 8 --two_conv_layer True --three_conv_layer True --kernel_size_1 4 --kernel_size_2 4 --kernel_size_3 4 --BK_in_first_layer True --BK_in_second_layer False --BK_in_third_layer False --stride_size 1 --hidden_filters_layer1 128 --hidden_filters_layer2 128 --hidden_filters_layer3 128 --lambda_class 1 --ratio_reg False --lambda_ratio_reg 1 --loss_min_distance_cl False --lambda_var_distance 1 --loss_distance_mean False --lambda_distance_mean 1 --dataset_balanced True --binary_z True --binary_first_conv False --binary_second_conv False --binary_third_conv True --exp_name mnist_struct_baseline_scheduler_binary_1_10
Namespace(BK_in_first_layer=True, BK_in_second_layer=False, BK_in_third_layer=False, BN=False, C_max=25, C_stop_iter=100000.0, E1_AE=False, E1_VAE=False, E1_conv=False, E1_dense=False, E1_second_conv=False, E1_second_conv_adapt=False, GMP=True, IPC=False, L1_norm_act=False, L1_norm_weights=False, L3_without_random=False, LOG_DIR='logs', adapt_lr=False, add_classification_layer=True, add_linear_after_GMP=True, add_z_struct_bottleneck=False, alpha=32, batch_size=250, beta=1, beta1=0.9, beta2=0.999, big_kernel=False, big_kernel_size=8, binary_chain=False, binary_first_conv=False, binary_second_conv=False, binary_third_conv=True, binary_z=True, ckpt_dir='checkpoints_CNN', ckpt_dir_scores='checkpoint_scores_CNN', classif_layer_size=30, contrastive_loss=False, cuda=True, dataset='mnist', dataset_balanced=True, decoder_first_dense=36, decoder_kernel_size_1=4, decoder_kernel_size_2=3, decoder_kernel_size_3=4, decoder_n_filter_1=64, decoder_n_filter_2=64, decoder_n_filter_3=64, decoder_stride_1=2, decoder_stride_2=2, decoder_stride_3=1, diff_var=False, display_step=10000, dset_dir='data', exp_name='mnist_struct_baseline_scheduler_binary_1_10', freeze_Encoder=True, gamma=1000, gpu_devices=[0], hidden_filters_layer1=128, hidden_filters_layer2=128, hidden_filters_layer3=128, image_size=64, intra_class_variance_loss=False, is_C=True, is_E1=False, is_binary_structural_latent=False, is_custom_model=False, is_custom_model_BK=False, is_default_model=False, is_encoder_struct=True, is_noise_stats=False, is_partial_rand_class=False, is_perturbed_score=False, is_zvar_sim_loss=False, just_train=False, kernel_size=4, kernel_size_1=4, kernel_size_2=4, kernel_size_3=4, lambda_BCE=1, lambda_Kl_struct=1, lambda_Kl_var=1, lambda_L1=0.01, lambda_VAE=1, lambda_class=1.0, lambda_contrastive_loss=1, lambda_distance_mean=1.0, lambda_intra_class_var=1, lambda_partial_class=1, lambda_ratio_reg=1.0, lambda_recon_wt_rand=1, lambda_recons=1, lambda_var_distance=1.0, lambda_var_inter=1, lambda_var_intra=1, lambda_zvar_sim=1, latent_spec_cont=None, latent_spec_cont_class=None, latent_spec_cont_var=None, latent_spec_disc=None, latent_spec_disc_class=None, latent_spec_disc_var=None, log_level='info', loss='Proxy_Anchor', loss_distance_mean=False, loss_min_distance_cl=False, lr=0.001, max_iter=100.0, model='CNN', mrg=0.1, nb_epochs_train_only_zvar=0, num_workers=2, old_weighted=False, optimizer='adamw', other_architecture=False, other_ratio=False, random_percentage=0.2, random_seed=10, randomness=True, ratio_reg=False, remark='', save_step=10000, second_layer_C=False, seed=1, stride_size=1, sz_embedding=5, three_conv_layer=True, train=True, train_var_struct_alternatively=False, two_conv_layer=True, two_encoder=False, use_VAE=False, use_decoder=False, use_early_stopping=True, use_scheduler=True, use_structural_encoder=False, value_target_distance_mean=1, var_hidden_dim=256, var_hidden_filters_1=32, var_hidden_filters_2=32, var_hidden_filters_3=32, var_kernel_size_1=3, var_kernel_size_2=3, var_kernel_size_3=3, var_stride_size_1=1, var_stride_size_2=1, var_stride_size_3=1, var_three_conv_layer=False, warm=1, without_acc=False, z_struct_size=25, z_var_size=5, zeros_W_Classif=False, zvar_sim_change_zvar=False, zvar_sim_loss_for_all_model=False, zvar_sim_loss_only_for_encoder=False, zvar_sim_normal=False, zvar_sim_var_rand=False)
CUDA Visible devices !
[Using Seed: 10]
Balanced dataset loaded
use 1 gpu who named: Tesla V100-SXM2-32GB
=> loaded sample_scores and losses
=> no checkpoint found at 'checkpoints_CNN/mnist_struct_baseline_scheduler_binary_1_10/last'
Encoder_struct(
  (encoder_struct): Sequential(
    (0): Conv2d(1, 128, kernel_size=(8, 8), stride=(1, 1))
    (1): BatchNorm2d(128, eps=1e-05, momentum=0.1, affine=True, track_running_stats=True)
    (2): ReLU(inplace=True)
    (3): Conv2d(128, 128, kernel_size=(4, 4), stride=(1, 1))
    (4): BatchNorm2d(128, eps=1e-05, momentum=0.1, affine=True, track_running_stats=True)
    (5): ReLU(inplace=True)
    (6): Conv2d(128, 25, kernel_size=(4, 4), stride=(1, 1))
    (7): BatchNorm2d(25, eps=1e-05, momentum=0.1, affine=True, track_running_stats=True)
    (8): DeterministicBinaryActivation(
      (act): Hardsigmoid(
        (act): Hardtanh(min_val=-1.0, max_val=1.0)
      )
    )
    (9): AdaptiveMaxPool2d(output_size=(1, 1))
    (10): View()
    (11): Linear(in_features=25, out_features=10, bias=True)
    (12): Softmax(dim=None)
  )
)
The number of parameters of model is 322639
=> saved checkpoint 'checkpoints_CNN/mnist_struct_baseline_scheduler_binary_1_10/last' (iter 270, epoch 1.0)
=> saved checkpoint 'checkpoint_scores_CNN/mnist_struct_baseline_scheduler_binary_1_10/last' (iter 270, epoch 1.0)
[Save Checkpoint] epoch: [1.0], Train score:23.22000, Test score:22.38000, train loss:2.13245, test loss:2.12223, ratio_train_loss:0.00000,ratio_test_loss:0.00000, var distance inter class train:0.00000,var distance inter class test:0.00000
=> saved checkpoint 'checkpoints_CNN/mnist_struct_baseline_scheduler_binary_1_10/last' (iter 540, epoch 2.0)
=> saved checkpoint 'checkpoint_scores_CNN/mnist_struct_baseline_scheduler_binary_1_10/last' (iter 540, epoch 2.0)
[Save Checkpoint] epoch: [2.0], Train score:50.59333, Test score:47.71000, train loss:1.95385, test loss:1.93398, ratio_train_loss:0.00000,ratio_test_loss:0.00000, var distance inter class train:0.00000,var distance inter class test:0.00000
=> saved checkpoint 'checkpoints_CNN/mnist_struct_baseline_scheduler_binary_1_10/last' (iter 810, epoch 3.0)
=> saved checkpoint 'checkpoint_scores_CNN/mnist_struct_baseline_scheduler_binary_1_10/last' (iter 810, epoch 3.0)
[Save Checkpoint] epoch: [3.0], Train score:57.74333, Test score:52.98000, train loss:1.86178, test loss:1.84715, ratio_train_loss:0.00000,ratio_test_loss:0.00000, var distance inter class train:0.00000,var distance inter class test:0.00000
=> saved checkpoint 'checkpoints_CNN/mnist_struct_baseline_scheduler_binary_1_10/last' (iter 1080, epoch 4.0)
=> saved checkpoint 'checkpoint_scores_CNN/mnist_struct_baseline_scheduler_binary_1_10/last' (iter 1080, epoch 4.0)
[Save Checkpoint] epoch: [4.0], Train score:60.37000, Test score:55.03000, train loss:1.83949, test loss:1.82500, ratio_train_loss:0.00000,ratio_test_loss:0.00000, var distance inter class train:0.00000,var distance inter class test:0.00000
=> saved checkpoint 'checkpoints_CNN/mnist_struct_baseline_scheduler_binary_1_10/last' (iter 1350, epoch 5.0)
=> saved checkpoint 'checkpoint_scores_CNN/mnist_struct_baseline_scheduler_binary_1_10/last' (iter 1350, epoch 5.0)
[Save Checkpoint] epoch: [5.0], Train score:60.84667, Test score:55.25000, train loss:1.82169, test loss:1.81038, ratio_train_loss:0.00000,ratio_test_loss:0.00000, var distance inter class train:0.00000,var distance inter class test:0.00000
=> saved checkpoint 'checkpoints_CNN/mnist_struct_baseline_scheduler_binary_1_10/last' (iter 1620, epoch 6.0)
=> saved checkpoint 'checkpoint_scores_CNN/mnist_struct_baseline_scheduler_binary_1_10/last' (iter 1620, epoch 6.0)
[Save Checkpoint] epoch: [6.0], Train score:62.09333, Test score:56.47000, train loss:1.81255, test loss:1.80114, ratio_train_loss:0.00000,ratio_test_loss:0.00000, var distance inter class train:0.00000,var distance inter class test:0.00000
=> saved checkpoint 'checkpoints_CNN/mnist_struct_baseline_scheduler_binary_1_10/last' (iter 1890, epoch 7.0)
=> saved checkpoint 'checkpoint_scores_CNN/mnist_struct_baseline_scheduler_binary_1_10/last' (iter 1890, epoch 7.0)
EarlyStopping counter: 1 out of 20
[Save Checkpoint] epoch: [7.0], Train score:62.21333, Test score:56.49000, train loss:1.80914, test loss:1.79717, ratio_train_loss:0.00000,ratio_test_loss:0.00000, var distance inter class train:0.00000,var distance inter class test:0.00000
=> saved checkpoint 'checkpoints_CNN/mnist_struct_baseline_scheduler_binary_1_10/last' (iter 2160, epoch 8.0)
=> saved checkpoint 'checkpoint_scores_CNN/mnist_struct_baseline_scheduler_binary_1_10/last' (iter 2160, epoch 8.0)
[Save Checkpoint] epoch: [8.0], Train score:68.65833, Test score:61.27000, train loss:1.77368, test loss:1.76888, ratio_train_loss:0.00000,ratio_test_loss:0.00000, var distance inter class train:0.00000,var distance inter class test:0.00000
=> saved checkpoint 'checkpoints_CNN/mnist_struct_baseline_scheduler_binary_1_10/last' (iter 2430, epoch 9.0)
=> saved checkpoint 'checkpoint_scores_CNN/mnist_struct_baseline_scheduler_binary_1_10/last' (iter 2430, epoch 9.0)
EarlyStopping counter: 1 out of 20
[Save Checkpoint] epoch: [9.0], Train score:68.16667, Test score:60.75000, train loss:1.76729, test loss:1.76374, ratio_train_loss:0.00000,ratio_test_loss:0.00000, var distance inter class train:0.00000,var distance inter class test:0.00000
=> saved checkpoint 'checkpoints_CNN/mnist_struct_baseline_scheduler_binary_1_10/last' (iter 2700, epoch 10.0)
=> saved checkpoint 'checkpoint_scores_CNN/mnist_struct_baseline_scheduler_binary_1_10/last' (iter 2700, epoch 10.0)
[Save Checkpoint] epoch: [10.0], Train score:69.90000, Test score:62.32000, train loss:1.75381, test loss:1.75069, ratio_train_loss:0.00000,ratio_test_loss:0.00000, var distance inter class train:0.00000,var distance inter class test:0.00000
=> saved checkpoint 'checkpoints_CNN/mnist_struct_baseline_scheduler_binary_1_10/last' (iter 2970, epoch 11.0)
=> saved checkpoint 'checkpoint_scores_CNN/mnist_struct_baseline_scheduler_binary_1_10/last' (iter 2970, epoch 11.0)
[Save Checkpoint] epoch: [11.0], Train score:70.76667, Test score:63.03000, train loss:1.73656, test loss:1.73575, ratio_train_loss:0.00000,ratio_test_loss:0.00000, var distance inter class train:0.00000,var distance inter class test:0.00000
=> saved checkpoint 'checkpoints_CNN/mnist_struct_baseline_scheduler_binary_1_10/last' (iter 3240, epoch 12.0)
=> saved checkpoint 'checkpoint_scores_CNN/mnist_struct_baseline_scheduler_binary_1_10/last' (iter 3240, epoch 12.0)
[Save Checkpoint] epoch: [12.0], Train score:71.49167, Test score:63.45000, train loss:1.72905, test loss:1.72891, ratio_train_loss:0.00000,ratio_test_loss:0.00000, var distance inter class train:0.00000,var distance inter class test:0.00000
=> saved checkpoint 'checkpoints_CNN/mnist_struct_baseline_scheduler_binary_1_10/last' (iter 3510, epoch 13.0)
=> saved checkpoint 'checkpoint_scores_CNN/mnist_struct_baseline_scheduler_binary_1_10/last' (iter 3510, epoch 13.0)
[Save Checkpoint] epoch: [13.0], Train score:72.59833, Test score:64.55000, train loss:1.72201, test loss:1.72157, ratio_train_loss:0.00000,ratio_test_loss:0.00000, var distance inter class train:0.00000,var distance inter class test:0.00000
=> saved checkpoint 'checkpoints_CNN/mnist_struct_baseline_scheduler_binary_1_10/last' (iter 3780, epoch 14.0)
=> saved checkpoint 'checkpoint_scores_CNN/mnist_struct_baseline_scheduler_binary_1_10/last' (iter 3780, epoch 14.0)
EarlyStopping counter: 1 out of 20
[Save Checkpoint] epoch: [14.0], Train score:73.08500, Test score:64.81000, train loss:1.71236, test loss:1.71411, ratio_train_loss:0.00000,ratio_test_loss:0.00000, var distance inter class train:0.00000,var distance inter class test:0.00000
=> saved checkpoint 'checkpoints_CNN/mnist_struct_baseline_scheduler_binary_1_10/last' (iter 4050, epoch 15.0)
=> saved checkpoint 'checkpoint_scores_CNN/mnist_struct_baseline_scheduler_binary_1_10/last' (iter 4050, epoch 15.0)
EarlyStopping counter: 2 out of 20
[Save Checkpoint] epoch: [15.0], Train score:73.82667, Test score:65.43000, train loss:1.70517, test loss:1.70702, ratio_train_loss:0.00000,ratio_test_loss:0.00000, var distance inter class train:0.00000,var distance inter class test:0.00000
=> saved checkpoint 'checkpoints_CNN/mnist_struct_baseline_scheduler_binary_1_10/last' (iter 4320, epoch 16.0)
=> saved checkpoint 'checkpoint_scores_CNN/mnist_struct_baseline_scheduler_binary_1_10/last' (iter 4320, epoch 16.0)
[Save Checkpoint] epoch: [16.0], Train score:79.61833, Test score:71.51000, train loss:1.67942, test loss:1.67528, ratio_train_loss:0.00000,ratio_test_loss:0.00000, var distance inter class train:0.00000,var distance inter class test:0.00000
=> saved checkpoint 'checkpoints_CNN/mnist_struct_baseline_scheduler_binary_1_10/last' (iter 4590, epoch 17.0)
=> saved checkpoint 'checkpoint_scores_CNN/mnist_struct_baseline_scheduler_binary_1_10/last' (iter 4590, epoch 17.0)
[Save Checkpoint] epoch: [17.0], Train score:89.06833, Test score:78.70000, train loss:1.60144, test loss:1.60434, ratio_train_loss:0.00000,ratio_test_loss:0.00000, var distance inter class train:0.00000,var distance inter class test:0.00000
=> saved checkpoint 'checkpoints_CNN/mnist_struct_baseline_scheduler_binary_1_10/last' (iter 4860, epoch 18.0)
=> saved checkpoint 'checkpoint_scores_CNN/mnist_struct_baseline_scheduler_binary_1_10/last' (iter 4860, epoch 18.0)
[Save Checkpoint] epoch: [18.0], Train score:93.22333, Test score:82.15000, train loss:1.55169, test loss:1.55937, ratio_train_loss:0.00000,ratio_test_loss:0.00000, var distance inter class train:0.00000,var distance inter class test:0.00000
=> saved checkpoint 'checkpoints_CNN/mnist_struct_baseline_scheduler_binary_1_10/last' (iter 5130, epoch 19.0)
=> saved checkpoint 'checkpoint_scores_CNN/mnist_struct_baseline_scheduler_binary_1_10/last' (iter 5130, epoch 19.0)
[Save Checkpoint] epoch: [19.0], Train score:93.04500, Test score:81.97000, train loss:1.55239, test loss:1.55855, ratio_train_loss:0.00000,ratio_test_loss:0.00000, var distance inter class train:0.00000,var distance inter class test:0.00000
=> saved checkpoint 'checkpoints_CNN/mnist_struct_baseline_scheduler_binary_1_10/last' (iter 5400, epoch 20.0)
=> saved checkpoint 'checkpoint_scores_CNN/mnist_struct_baseline_scheduler_binary_1_10/last' (iter 5400, epoch 20.0)
[Save Checkpoint] epoch: [20.0], Train score:98.35000, Test score:87.04000, train loss:1.52639, test loss:1.53238, ratio_train_loss:0.00000,ratio_test_loss:0.00000, var distance inter class train:0.00000,var distance inter class test:0.00000
=> saved checkpoint 'checkpoints_CNN/mnist_struct_baseline_scheduler_binary_1_10/last' (iter 5670, epoch 21.0)
=> saved checkpoint 'checkpoint_scores_CNN/mnist_struct_baseline_scheduler_binary_1_10/last' (iter 5670, epoch 21.0)
[Save Checkpoint] epoch: [21.0], Train score:102.21333, Test score:89.57000, train loss:1.48272, test loss:1.49476, ratio_train_loss:0.00000,ratio_test_loss:0.00000, var distance inter class train:0.00000,var distance inter class test:0.00000
=> saved checkpoint 'checkpoints_CNN/mnist_struct_baseline_scheduler_binary_1_10/last' (iter 5940, epoch 22.0)
=> saved checkpoint 'checkpoint_scores_CNN/mnist_struct_baseline_scheduler_binary_1_10/last' (iter 5940, epoch 22.0)
[Save Checkpoint] epoch: [22.0], Train score:103.60333, Test score:90.82000, train loss:1.46178, test loss:1.47408, ratio_train_loss:0.00000,ratio_test_loss:0.00000, var distance inter class train:0.00000,var distance inter class test:0.00000
=> saved checkpoint 'checkpoints_CNN/mnist_struct_baseline_scheduler_binary_1_10/last' (iter 6210, epoch 23.0)
=> saved checkpoint 'checkpoint_scores_CNN/mnist_struct_baseline_scheduler_binary_1_10/last' (iter 6210, epoch 23.0)
[Save Checkpoint] epoch: [23.0], Train score:103.83167, Test score:91.04000, train loss:1.45667, test loss:1.46987, ratio_train_loss:0.00000,ratio_test_loss:0.00000, var distance inter class train:0.00000,var distance inter class test:0.00000
=> saved checkpoint 'checkpoints_CNN/mnist_struct_baseline_scheduler_binary_1_10/last' (iter 6480, epoch 24.0)
=> saved checkpoint 'checkpoint_scores_CNN/mnist_struct_baseline_scheduler_binary_1_10/last' (iter 6480, epoch 24.0)
[Save Checkpoint] epoch: [24.0], Train score:104.70000, Test score:91.50000, train loss:1.44446, test loss:1.45984, ratio_train_loss:0.00000,ratio_test_loss:0.00000, var distance inter class train:0.00000,var distance inter class test:0.00000
=> saved checkpoint 'checkpoints_CNN/mnist_struct_baseline_scheduler_binary_1_10/last' (iter 6750, epoch 25.0)
=> saved checkpoint 'checkpoint_scores_CNN/mnist_struct_baseline_scheduler_binary_1_10/last' (iter 6750, epoch 25.0)
[Save Checkpoint] epoch: [25.0], Train score:105.25000, Test score:92.28000, train loss:1.43834, test loss:1.45276, ratio_train_loss:0.00000,ratio_test_loss:0.00000, var distance inter class train:0.00000,var distance inter class test:0.00000
=> saved checkpoint 'checkpoints_CNN/mnist_struct_baseline_scheduler_binary_1_10/last' (iter 7020, epoch 26.0)
=> saved checkpoint 'checkpoint_scores_CNN/mnist_struct_baseline_scheduler_binary_1_10/last' (iter 7020, epoch 26.0)
[Save Checkpoint] epoch: [26.0], Train score:106.29500, Test score:92.83000, train loss:1.42791, test loss:1.44585, ratio_train_loss:0.00000,ratio_test_loss:0.00000, var distance inter class train:0.00000,var distance inter class test:0.00000
=> saved checkpoint 'checkpoints_CNN/mnist_struct_baseline_scheduler_binary_1_10/last' (iter 7290, epoch 27.0)
=> saved checkpoint 'checkpoint_scores_CNN/mnist_struct_baseline_scheduler_binary_1_10/last' (iter 7290, epoch 27.0)
EarlyStopping counter: 1 out of 20
[Save Checkpoint] epoch: [27.0], Train score:106.78333, Test score:93.14000, train loss:1.42080, test loss:1.43822, ratio_train_loss:0.00000,ratio_test_loss:0.00000, var distance inter class train:0.00000,var distance inter class test:0.00000
=> saved checkpoint 'checkpoints_CNN/mnist_struct_baseline_scheduler_binary_1_10/last' (iter 7560, epoch 28.0)
=> saved checkpoint 'checkpoint_scores_CNN/mnist_struct_baseline_scheduler_binary_1_10/last' (iter 7560, epoch 28.0)
[Save Checkpoint] epoch: [28.0], Train score:107.27167, Test score:93.96000, train loss:1.41657, test loss:1.43316, ratio_train_loss:0.00000,ratio_test_loss:0.00000, var distance inter class train:0.00000,var distance inter class test:0.00000
=> saved checkpoint 'checkpoints_CNN/mnist_struct_baseline_scheduler_binary_1_10/last' (iter 7830, epoch 29.0)
=> saved checkpoint 'checkpoint_scores_CNN/mnist_struct_baseline_scheduler_binary_1_10/last' (iter 7830, epoch 29.0)
EarlyStopping counter: 1 out of 20
[Save Checkpoint] epoch: [29.0], Train score:106.89667, Test score:93.55000, train loss:1.41949, test loss:1.43685, ratio_train_loss:0.00000,ratio_test_loss:0.00000, var distance inter class train:0.00000,var distance inter class test:0.00000
=> saved checkpoint 'checkpoints_CNN/mnist_struct_baseline_scheduler_binary_1_10/last' (iter 8100, epoch 30.0)
=> saved checkpoint 'checkpoint_scores_CNN/mnist_struct_baseline_scheduler_binary_1_10/last' (iter 8100, epoch 30.0)
EarlyStopping counter: 2 out of 20
[Save Checkpoint] epoch: [30.0], Train score:106.96333, Test score:93.25000, train loss:1.41850, test loss:1.43731, ratio_train_loss:0.00000,ratio_test_loss:0.00000, var distance inter class train:0.00000,var distance inter class test:0.00000
=> saved checkpoint 'checkpoints_CNN/mnist_struct_baseline_scheduler_binary_1_10/last' (iter 8370, epoch 31.0)
=> saved checkpoint 'checkpoint_scores_CNN/mnist_struct_baseline_scheduler_binary_1_10/last' (iter 8370, epoch 31.0)
EarlyStopping counter: 3 out of 20
[Save Checkpoint] epoch: [31.0], Train score:106.22167, Test score:92.52000, train loss:1.42622, test loss:1.44526, ratio_train_loss:0.00000,ratio_test_loss:0.00000, var distance inter class train:0.00000,var distance inter class test:0.00000
=> saved checkpoint 'checkpoints_CNN/mnist_struct_baseline_scheduler_binary_1_10/last' (iter 8640, epoch 32.0)
=> saved checkpoint 'checkpoint_scores_CNN/mnist_struct_baseline_scheduler_binary_1_10/last' (iter 8640, epoch 32.0)
[Save Checkpoint] epoch: [32.0], Train score:107.68833, Test score:93.75000, train loss:1.41021, test loss:1.42980, ratio_train_loss:0.00000,ratio_test_loss:0.00000, var distance inter class train:0.00000,var distance inter class test:0.00000
=> saved checkpoint 'checkpoints_CNN/mnist_struct_baseline_scheduler_binary_1_10/last' (iter 8910, epoch 33.0)
=> saved checkpoint 'checkpoint_scores_CNN/mnist_struct_baseline_scheduler_binary_1_10/last' (iter 8910, epoch 33.0)
EarlyStopping counter: 1 out of 20
[Save Checkpoint] epoch: [33.0], Train score:107.76667, Test score:93.99000, train loss:1.40993, test loss:1.43046, ratio_train_loss:0.00000,ratio_test_loss:0.00000, var distance inter class train:0.00000,var distance inter class test:0.00000
=> saved checkpoint 'checkpoints_CNN/mnist_struct_baseline_scheduler_binary_1_10/last' (iter 9180, epoch 34.0)
=> saved checkpoint 'checkpoint_scores_CNN/mnist_struct_baseline_scheduler_binary_1_10/last' (iter 9180, epoch 34.0)
[Save Checkpoint] epoch: [34.0], Train score:107.71000, Test score:94.17000, train loss:1.41091, test loss:1.42881, ratio_train_loss:0.00000,ratio_test_loss:0.00000, var distance inter class train:0.00000,var distance inter class test:0.00000
=> saved checkpoint 'checkpoints_CNN/mnist_struct_baseline_scheduler_binary_1_10/last' (iter 9450, epoch 35.0)
=> saved checkpoint 'checkpoint_scores_CNN/mnist_struct_baseline_scheduler_binary_1_10/last' (iter 9450, epoch 35.0)
EarlyStopping counter: 1 out of 20
[Save Checkpoint] epoch: [35.0], Train score:108.00167, Test score:94.23000, train loss:1.40740, test loss:1.42614, ratio_train_loss:0.00000,ratio_test_loss:0.00000, var distance inter class train:0.00000,var distance inter class test:0.00000
=> saved checkpoint 'checkpoints_CNN/mnist_struct_baseline_scheduler_binary_1_10/last' (iter 9720, epoch 36.0)
=> saved checkpoint 'checkpoint_scores_CNN/mnist_struct_baseline_scheduler_binary_1_10/last' (iter 9720, epoch 36.0)
EarlyStopping counter: 2 out of 20
[Save Checkpoint] epoch: [36.0], Train score:108.19667, Test score:94.15000, train loss:1.40520, test loss:1.42665, ratio_train_loss:0.00000,ratio_test_loss:0.00000, var distance inter class train:0.00000,var distance inter class test:0.00000
=> saved checkpoint 'checkpoints_CNN/mnist_struct_baseline_scheduler_binary_1_10/last' (iter 9990, epoch 37.0)
=> saved checkpoint 'checkpoint_scores_CNN/mnist_struct_baseline_scheduler_binary_1_10/last' (iter 9990, epoch 37.0)
EarlyStopping counter: 3 out of 20
[Save Checkpoint] epoch: [37.0], Train score:107.95333, Test score:94.11000, train loss:1.40634, test loss:1.42501, ratio_train_loss:0.00000,ratio_test_loss:0.00000, var distance inter class train:0.00000,var distance inter class test:0.00000
=> saved checkpoint 'checkpoints_CNN/mnist_struct_baseline_scheduler_binary_1_10/last' (iter 10260, epoch 38.0)
=> saved checkpoint 'checkpoint_scores_CNN/mnist_struct_baseline_scheduler_binary_1_10/last' (iter 10260, epoch 38.0)
EarlyStopping counter: 4 out of 20
[Save Checkpoint] epoch: [38.0], Train score:108.16667, Test score:93.76000, train loss:1.40520, test loss:1.42950, ratio_train_loss:0.00000,ratio_test_loss:0.00000, var distance inter class train:0.00000,var distance inter class test:0.00000
=> saved checkpoint 'checkpoints_CNN/mnist_struct_baseline_scheduler_binary_1_10/last' (iter 10530, epoch 39.0)
=> saved checkpoint 'checkpoint_scores_CNN/mnist_struct_baseline_scheduler_binary_1_10/last' (iter 10530, epoch 39.0)
[Save Checkpoint] epoch: [39.0], Train score:108.71000, Test score:94.32000, train loss:1.39939, test loss:1.42321, ratio_train_loss:0.00000,ratio_test_loss:0.00000, var distance inter class train:0.00000,var distance inter class test:0.00000
=> saved checkpoint 'checkpoints_CNN/mnist_struct_baseline_scheduler_binary_1_10/last' (iter 10800, epoch 40.0)
=> saved checkpoint 'checkpoint_scores_CNN/mnist_struct_baseline_scheduler_binary_1_10/last' (iter 10800, epoch 40.0)
EarlyStopping counter: 1 out of 20
[Save Checkpoint] epoch: [40.0], Train score:108.81500, Test score:94.53000, train loss:1.39849, test loss:1.42145, ratio_train_loss:0.00000,ratio_test_loss:0.00000, var distance inter class train:0.00000,var distance inter class test:0.00000
=> saved checkpoint 'checkpoints_CNN/mnist_struct_baseline_scheduler_binary_1_10/last' (iter 11070, epoch 41.0)
=> saved checkpoint 'checkpoint_scores_CNN/mnist_struct_baseline_scheduler_binary_1_10/last' (iter 11070, epoch 41.0)
EarlyStopping counter: 2 out of 20
[Save Checkpoint] epoch: [41.0], Train score:108.37667, Test score:94.28000, train loss:1.40167, test loss:1.42463, ratio_train_loss:0.00000,ratio_test_loss:0.00000, var distance inter class train:0.00000,var distance inter class test:0.00000
=> saved checkpoint 'checkpoints_CNN/mnist_struct_baseline_scheduler_binary_1_10/last' (iter 11340, epoch 42.0)
=> saved checkpoint 'checkpoint_scores_CNN/mnist_struct_baseline_scheduler_binary_1_10/last' (iter 11340, epoch 42.0)
EarlyStopping counter: 3 out of 20
[Save Checkpoint] epoch: [42.0], Train score:108.57333, Test score:94.37000, train loss:1.39937, test loss:1.42266, ratio_train_loss:0.00000,ratio_test_loss:0.00000, var distance inter class train:0.00000,var distance inter class test:0.00000
=> saved checkpoint 'checkpoints_CNN/mnist_struct_baseline_scheduler_binary_1_10/last' (iter 11610, epoch 43.0)
=> saved checkpoint 'checkpoint_scores_CNN/mnist_struct_baseline_scheduler_binary_1_10/last' (iter 11610, epoch 43.0)
EarlyStopping counter: 4 out of 20
[Save Checkpoint] epoch: [43.0], Train score:108.68833, Test score:94.40000, train loss:1.40077, test loss:1.42523, ratio_train_loss:0.00000,ratio_test_loss:0.00000, var distance inter class train:0.00000,var distance inter class test:0.00000
Epoch    44: reducing learning rate of group 0 to 2.0000e-04.
=> saved checkpoint 'checkpoints_CNN/mnist_struct_baseline_scheduler_binary_1_10/last' (iter 11880, epoch 44.0)
=> saved checkpoint 'checkpoint_scores_CNN/mnist_struct_baseline_scheduler_binary_1_10/last' (iter 11880, epoch 44.0)
EarlyStopping counter: 5 out of 20
[Save Checkpoint] epoch: [44.0], Train score:108.15667, Test score:93.65000, train loss:1.40445, test loss:1.42906, ratio_train_loss:0.00000,ratio_test_loss:0.00000, var distance inter class train:0.00000,var distance inter class test:0.00000
=> saved checkpoint 'checkpoints_CNN/mnist_struct_baseline_scheduler_binary_1_10/last' (iter 12150, epoch 45.0)
=> saved checkpoint 'checkpoint_scores_CNN/mnist_struct_baseline_scheduler_binary_1_10/last' (iter 12150, epoch 45.0)
[Save Checkpoint] epoch: [45.0], Train score:109.67167, Test score:94.84000, train loss:1.38936, test loss:1.41738, ratio_train_loss:0.00000,ratio_test_loss:0.00000, var distance inter class train:0.00000,var distance inter class test:0.00000
=> saved checkpoint 'checkpoints_CNN/mnist_struct_baseline_scheduler_binary_1_10/last' (iter 12420, epoch 46.0)
=> saved checkpoint 'checkpoint_scores_CNN/mnist_struct_baseline_scheduler_binary_1_10/last' (iter 12420, epoch 46.0)
EarlyStopping counter: 1 out of 20
[Save Checkpoint] epoch: [46.0], Train score:109.79167, Test score:94.86000, train loss:1.38854, test loss:1.41732, ratio_train_loss:0.00000,ratio_test_loss:0.00000, var distance inter class train:0.00000,var distance inter class test:0.00000
=> saved checkpoint 'checkpoints_CNN/mnist_struct_baseline_scheduler_binary_1_10/last' (iter 12690, epoch 47.0)
=> saved checkpoint 'checkpoint_scores_CNN/mnist_struct_baseline_scheduler_binary_1_10/last' (iter 12690, epoch 47.0)
EarlyStopping counter: 2 out of 20
[Save Checkpoint] epoch: [47.0], Train score:109.97667, Test score:94.76000, train loss:1.38680, test loss:1.41873, ratio_train_loss:0.00000,ratio_test_loss:0.00000, var distance inter class train:0.00000,var distance inter class test:0.00000
=> saved checkpoint 'checkpoints_CNN/mnist_struct_baseline_scheduler_binary_1_10/last' (iter 12960, epoch 48.0)
=> saved checkpoint 'checkpoint_scores_CNN/mnist_struct_baseline_scheduler_binary_1_10/last' (iter 12960, epoch 48.0)
[Save Checkpoint] epoch: [48.0], Train score:109.98833, Test score:94.87000, train loss:1.38624, test loss:1.41705, ratio_train_loss:0.00000,ratio_test_loss:0.00000, var distance inter class train:0.00000,var distance inter class test:0.00000
=> saved checkpoint 'checkpoints_CNN/mnist_struct_baseline_scheduler_binary_1_10/last' (iter 13230, epoch 49.0)
=> saved checkpoint 'checkpoint_scores_CNN/mnist_struct_baseline_scheduler_binary_1_10/last' (iter 13230, epoch 49.0)
EarlyStopping counter: 1 out of 20
[Save Checkpoint] epoch: [49.0], Train score:110.06000, Test score:94.73000, train loss:1.38536, test loss:1.41849, ratio_train_loss:0.00000,ratio_test_loss:0.00000, var distance inter class train:0.00000,var distance inter class test:0.00000
=> saved checkpoint 'checkpoints_CNN/mnist_struct_baseline_scheduler_binary_1_10/last' (iter 13500, epoch 50.0)
=> saved checkpoint 'checkpoint_scores_CNN/mnist_struct_baseline_scheduler_binary_1_10/last' (iter 13500, epoch 50.0)
[Save Checkpoint] epoch: [50.0], Train score:109.98500, Test score:94.60000, train loss:1.38587, test loss:1.41984, ratio_train_loss:0.00000,ratio_test_loss:0.00000, var distance inter class train:0.00000,var distance inter class test:0.00000
=> saved checkpoint 'checkpoints_CNN/mnist_struct_baseline_scheduler_binary_1_10/last' (iter 13770, epoch 51.0)
=> saved checkpoint 'checkpoint_scores_CNN/mnist_struct_baseline_scheduler_binary_1_10/last' (iter 13770, epoch 51.0)
EarlyStopping counter: 1 out of 20
[Save Checkpoint] epoch: [51.0], Train score:110.12667, Test score:94.44000, train loss:1.38480, test loss:1.42083, ratio_train_loss:0.00000,ratio_test_loss:0.00000, var distance inter class train:0.00000,var distance inter class test:0.00000
=> saved checkpoint 'checkpoints_CNN/mnist_struct_baseline_scheduler_binary_1_10/last' (iter 14040, epoch 52.0)
=> saved checkpoint 'checkpoint_scores_CNN/mnist_struct_baseline_scheduler_binary_1_10/last' (iter 14040, epoch 52.0)
EarlyStopping counter: 2 out of 20
[Save Checkpoint] epoch: [52.0], Train score:110.14500, Test score:94.50000, train loss:1.38501, test loss:1.42063, ratio_train_loss:0.00000,ratio_test_loss:0.00000, var distance inter class train:0.00000,var distance inter class test:0.00000
=> saved checkpoint 'checkpoints_CNN/mnist_struct_baseline_scheduler_binary_1_10/last' (iter 14310, epoch 53.0)
=> saved checkpoint 'checkpoint_scores_CNN/mnist_struct_baseline_scheduler_binary_1_10/last' (iter 14310, epoch 53.0)
EarlyStopping counter: 3 out of 20
[Save Checkpoint] epoch: [53.0], Train score:109.99167, Test score:94.34000, train loss:1.38587, test loss:1.42137, ratio_train_loss:0.00000,ratio_test_loss:0.00000, var distance inter class train:0.00000,var distance inter class test:0.00000
=> saved checkpoint 'checkpoints_CNN/mnist_struct_baseline_scheduler_binary_1_10/last' (iter 14580, epoch 54.0)
=> saved checkpoint 'checkpoint_scores_CNN/mnist_struct_baseline_scheduler_binary_1_10/last' (iter 14580, epoch 54.0)
[Save Checkpoint] epoch: [54.0], Train score:110.04333, Test score:94.33000, train loss:1.38544, test loss:1.42119, ratio_train_loss:0.00000,ratio_test_loss:0.00000, var distance inter class train:0.00000,var distance inter class test:0.00000
=> saved checkpoint 'checkpoints_CNN/mnist_struct_baseline_scheduler_binary_1_10/last' (iter 14850, epoch 55.0)
=> saved checkpoint 'checkpoint_scores_CNN/mnist_struct_baseline_scheduler_binary_1_10/last' (iter 14850, epoch 55.0)
EarlyStopping counter: 1 out of 20
[Save Checkpoint] epoch: [55.0], Train score:110.28167, Test score:94.53000, train loss:1.38342, test loss:1.42005, ratio_train_loss:0.00000,ratio_test_loss:0.00000, var distance inter class train:0.00000,var distance inter class test:0.00000
=> saved checkpoint 'checkpoints_CNN/mnist_struct_baseline_scheduler_binary_1_10/last' (iter 15120, epoch 56.0)
=> saved checkpoint 'checkpoint_scores_CNN/mnist_struct_baseline_scheduler_binary_1_10/last' (iter 15120, epoch 56.0)
EarlyStopping counter: 2 out of 20
[Save Checkpoint] epoch: [56.0], Train score:110.25333, Test score:94.61000, train loss:1.38379, test loss:1.41967, ratio_train_loss:0.00000,ratio_test_loss:0.00000, var distance inter class train:0.00000,var distance inter class test:0.00000
=> saved checkpoint 'checkpoints_CNN/mnist_struct_baseline_scheduler_binary_1_10/last' (iter 15390, epoch 57.0)
=> saved checkpoint 'checkpoint_scores_CNN/mnist_struct_baseline_scheduler_binary_1_10/last' (iter 15390, epoch 57.0)
EarlyStopping counter: 3 out of 20
[Save Checkpoint] epoch: [57.0], Train score:110.29500, Test score:94.34000, train loss:1.38354, test loss:1.42125, ratio_train_loss:0.00000,ratio_test_loss:0.00000, var distance inter class train:0.00000,var distance inter class test:0.00000
=> saved checkpoint 'checkpoints_CNN/mnist_struct_baseline_scheduler_binary_1_10/last' (iter 15660, epoch 58.0)
=> saved checkpoint 'checkpoint_scores_CNN/mnist_struct_baseline_scheduler_binary_1_10/last' (iter 15660, epoch 58.0)
EarlyStopping counter: 4 out of 20
[Save Checkpoint] epoch: [58.0], Train score:110.41333, Test score:94.64000, train loss:1.38300, test loss:1.41951, ratio_train_loss:0.00000,ratio_test_loss:0.00000, var distance inter class train:0.00000,var distance inter class test:0.00000
Epoch    59: reducing learning rate of group 0 to 4.0000e-05.
=> saved checkpoint 'checkpoints_CNN/mnist_struct_baseline_scheduler_binary_1_10/last' (iter 15930, epoch 59.0)
=> saved checkpoint 'checkpoint_scores_CNN/mnist_struct_baseline_scheduler_binary_1_10/last' (iter 15930, epoch 59.0)
EarlyStopping counter: 5 out of 20
[Save Checkpoint] epoch: [59.0], Train score:110.34167, Test score:94.32000, train loss:1.38327, test loss:1.42167, ratio_train_loss:0.00000,ratio_test_loss:0.00000, var distance inter class train:0.00000,var distance inter class test:0.00000
=> saved checkpoint 'checkpoints_CNN/mnist_struct_baseline_scheduler_binary_1_10/last' (iter 16200, epoch 60.0)
=> saved checkpoint 'checkpoint_scores_CNN/mnist_struct_baseline_scheduler_binary_1_10/last' (iter 16200, epoch 60.0)
[Save Checkpoint] epoch: [60.0], Train score:110.67667, Test score:94.61000, train loss:1.37950, test loss:1.41952, ratio_train_loss:0.00000,ratio_test_loss:0.00000, var distance inter class train:0.00000,var distance inter class test:0.00000
=> saved checkpoint 'checkpoints_CNN/mnist_struct_baseline_scheduler_binary_1_10/last' (iter 16470, epoch 61.0)
=> saved checkpoint 'checkpoint_scores_CNN/mnist_struct_baseline_scheduler_binary_1_10/last' (iter 16470, epoch 61.0)
[Save Checkpoint] epoch: [61.0], Train score:110.66667, Test score:94.55000, train loss:1.37964, test loss:1.42009, ratio_train_loss:0.00000,ratio_test_loss:0.00000, var distance inter class train:0.00000,var distance inter class test:0.00000
=> saved checkpoint 'checkpoints_CNN/mnist_struct_baseline_scheduler_binary_1_10/last' (iter 16740, epoch 62.0)
=> saved checkpoint 'checkpoint_scores_CNN/mnist_struct_baseline_scheduler_binary_1_10/last' (iter 16740, epoch 62.0)
[Save Checkpoint] epoch: [62.0], Train score:110.65833, Test score:94.52000, train loss:1.37986, test loss:1.42051, ratio_train_loss:0.00000,ratio_test_loss:0.00000, var distance inter class train:0.00000,var distance inter class test:0.00000
=> saved checkpoint 'checkpoints_CNN/mnist_struct_baseline_scheduler_binary_1_10/last' (iter 17010, epoch 63.0)
=> saved checkpoint 'checkpoint_scores_CNN/mnist_struct_baseline_scheduler_binary_1_10/last' (iter 17010, epoch 63.0)
EarlyStopping counter: 1 out of 20
[Save Checkpoint] epoch: [63.0], Train score:110.70500, Test score:94.56000, train loss:1.37953, test loss:1.42024, ratio_train_loss:0.00000,ratio_test_loss:0.00000, var distance inter class train:0.00000,var distance inter class test:0.00000
=> saved checkpoint 'checkpoints_CNN/mnist_struct_baseline_scheduler_binary_1_10/last' (iter 17280, epoch 64.0)
=> saved checkpoint 'checkpoint_scores_CNN/mnist_struct_baseline_scheduler_binary_1_10/last' (iter 17280, epoch 64.0)
EarlyStopping counter: 2 out of 20
[Save Checkpoint] epoch: [64.0], Train score:110.62667, Test score:94.43000, train loss:1.38007, test loss:1.42147, ratio_train_loss:0.00000,ratio_test_loss:0.00000, var distance inter class train:0.00000,var distance inter class test:0.00000
Epoch    65: reducing learning rate of group 0 to 8.0000e-06.
=> saved checkpoint 'checkpoints_CNN/mnist_struct_baseline_scheduler_binary_1_10/last' (iter 17550, epoch 65.0)
=> saved checkpoint 'checkpoint_scores_CNN/mnist_struct_baseline_scheduler_binary_1_10/last' (iter 17550, epoch 65.0)
EarlyStopping counter: 3 out of 20
[Save Checkpoint] epoch: [65.0], Train score:110.70500, Test score:94.37000, train loss:1.37951, test loss:1.42185, ratio_train_loss:0.00000,ratio_test_loss:0.00000, var distance inter class train:0.00000,var distance inter class test:0.00000
=> saved checkpoint 'checkpoints_CNN/mnist_struct_baseline_scheduler_binary_1_10/last' (iter 17820, epoch 66.0)
=> saved checkpoint 'checkpoint_scores_CNN/mnist_struct_baseline_scheduler_binary_1_10/last' (iter 17820, epoch 66.0)
EarlyStopping counter: 4 out of 20
[Save Checkpoint] epoch: [66.0], Train score:110.71000, Test score:94.62000, train loss:1.37927, test loss:1.42019, ratio_train_loss:0.00000,ratio_test_loss:0.00000, var distance inter class train:0.00000,var distance inter class test:0.00000
=> saved checkpoint 'checkpoints_CNN/mnist_struct_baseline_scheduler_binary_1_10/last' (iter 18090, epoch 67.0)
=> saved checkpoint 'checkpoint_scores_CNN/mnist_struct_baseline_scheduler_binary_1_10/last' (iter 18090, epoch 67.0)
EarlyStopping counter: 5 out of 20
[Save Checkpoint] epoch: [67.0], Train score:110.71667, Test score:94.57000, train loss:1.37926, test loss:1.42053, ratio_train_loss:0.00000,ratio_test_loss:0.00000, var distance inter class train:0.00000,var distance inter class test:0.00000
=> saved checkpoint 'checkpoints_CNN/mnist_struct_baseline_scheduler_binary_1_10/last' (iter 18360, epoch 68.0)
=> saved checkpoint 'checkpoint_scores_CNN/mnist_struct_baseline_scheduler_binary_1_10/last' (iter 18360, epoch 68.0)
EarlyStopping counter: 6 out of 20
[Save Checkpoint] epoch: [68.0], Train score:110.72000, Test score:94.53000, train loss:1.37932, test loss:1.42079, ratio_train_loss:0.00000,ratio_test_loss:0.00000, var distance inter class train:0.00000,var distance inter class test:0.00000
=> saved checkpoint 'checkpoints_CNN/mnist_struct_baseline_scheduler_binary_1_10/last' (iter 18630, epoch 69.0)
=> saved checkpoint 'checkpoint_scores_CNN/mnist_struct_baseline_scheduler_binary_1_10/last' (iter 18630, epoch 69.0)
EarlyStopping counter: 7 out of 20
[Save Checkpoint] epoch: [69.0], Train score:110.70833, Test score:94.48000, train loss:1.37932, test loss:1.42086, ratio_train_loss:0.00000,ratio_test_loss:0.00000, var distance inter class train:0.00000,var distance inter class test:0.00000
Epoch    70: reducing learning rate of group 0 to 1.6000e-06.
=> saved checkpoint 'checkpoints_CNN/mnist_struct_baseline_scheduler_binary_1_10/last' (iter 18900, epoch 70.0)
=> saved checkpoint 'checkpoint_scores_CNN/mnist_struct_baseline_scheduler_binary_1_10/last' (iter 18900, epoch 70.0)
EarlyStopping counter: 8 out of 20
[Save Checkpoint] epoch: [70.0], Train score:110.69833, Test score:94.49000, train loss:1.37946, test loss:1.42094, ratio_train_loss:0.00000,ratio_test_loss:0.00000, var distance inter class train:0.00000,var distance inter class test:0.00000
=> saved checkpoint 'checkpoints_CNN/mnist_struct_baseline_scheduler_binary_1_10/last' (iter 19170, epoch 71.0)
=> saved checkpoint 'checkpoint_scores_CNN/mnist_struct_baseline_scheduler_binary_1_10/last' (iter 19170, epoch 71.0)
EarlyStopping counter: 9 out of 20
[Save Checkpoint] epoch: [71.0], Train score:110.67667, Test score:94.44000, train loss:1.37964, test loss:1.42136, ratio_train_loss:0.00000,ratio_test_loss:0.00000, var distance inter class train:0.00000,var distance inter class test:0.00000
=> saved checkpoint 'checkpoints_CNN/mnist_struct_baseline_scheduler_binary_1_10/last' (iter 19440, epoch 72.0)
=> saved checkpoint 'checkpoint_scores_CNN/mnist_struct_baseline_scheduler_binary_1_10/last' (iter 19440, epoch 72.0)
EarlyStopping counter: 10 out of 20
[Save Checkpoint] epoch: [72.0], Train score:110.67500, Test score:94.44000, train loss:1.37968, test loss:1.42132, ratio_train_loss:0.00000,ratio_test_loss:0.00000, var distance inter class train:0.00000,var distance inter class test:0.00000
