27
--gpu_devices 0 --max_iter 100 --batch_size 250 --use_scheduler True --lr 1e-3 --GMP True --z_struct_size 10 --is_VAE True --is_encoder_struct False --lambda_BCE 1 --beta 1 --big_kernel_size 8 --two_conv_layer True --three_conv_layer True --kernel_size_1 4 --kernel_size_2 4 --kernel_size_3 4 --BK_in_first_layer True --BK_in_second_layer False --BK_in_third_layer False --stride_size 1 --hidden_filters_layer1 64 --hidden_filters_layer2 64 --hidden_filters_layer3 64 --dataset_balanced True --binary_z True --binary_first_conv False --binary_second_conv False --binary_third_conv True --z_var_size 30 --z_struct_size 10 --use_small_lr_encoder_var True --encoder_var_name mnist_vae_var_2cb_30 --encoder_struct_name mnist_struct_baseline_scheduler_binary_10 --both_decoders_freeze True --freeze_Encoder True --exp_name mnist_VAE_s10_v30_BF
Namespace(BK_in_first_layer=True, BK_in_second_layer=False, BK_in_third_layer=False, BN=False, C_max=25, C_stop_iter=100000.0, E1_AE=False, E1_VAE=False, E1_conv=False, E1_dense=False, E1_second_conv=False, E1_second_conv_adapt=False, GMP=True, Hmg_dst_loss=False, IPC=False, L1_norm_act=False, L1_norm_weights=False, L3_without_random=False, LOG_DIR='logs', adapt_lr=False, add_classification_layer=True, add_linear_after_GMP=True, add_z_struct_bottleneck=False, alpha=32, batch_size=250, beta=1.0, beta1=0.9, beta2=0.999, big_kernel=False, big_kernel_size=8, binary_chain=False, binary_first_conv=False, binary_second_conv=False, binary_third_conv=True, binary_z=True, both_decoders_freeze=True, ckpt_dir='checkpoints_CNN', ckpt_dir_scores='checkpoint_scores_CNN', classif_layer_size=30, contrastive_loss=False, cuda=True, dataset='mnist', dataset_balanced=True, decoder_first_dense=36, decoder_kernel_size_1=4, decoder_kernel_size_2=3, decoder_kernel_size_3=4, decoder_n_filter_1=64, decoder_n_filter_2=64, decoder_n_filter_3=64, decoder_stride_1=2, decoder_stride_2=2, decoder_stride_3=1, diff_var=False, display_step=10000, dset_dir='data', encoder_struct_name='mnist_struct_baseline_scheduler_binary_10', encoder_var_name='mnist_vae_var_2cb_30', exp_name='mnist_VAE_s10_v30_BF', freeze_Encoder=True, gamma=1000, gpu_devices=[0], hidden_filters_layer1=64, hidden_filters_layer2=64, hidden_filters_layer3=64, image_size=64, intra_class_variance_loss=False, is_C=True, is_E1=False, is_VAE=True, is_VAE_var=False, is_binary_structural_latent=False, is_custom_model=False, is_custom_model_BK=False, is_default_model=False, is_encoder_struct=False, is_noise_stats=False, is_partial_rand_class=False, is_perturbed_score=False, is_zvar_sim_loss=False, just_train=False, kernel_size=4, kernel_size_1=4, kernel_size_2=4, kernel_size_3=4, lambda_BCE=1.0, lambda_Kl_struct=1, lambda_Kl_var=1, lambda_L1=0.01, lambda_VAE=1, lambda_class=1, lambda_contrastive_loss=1, lambda_distance_mean=1, lambda_hmg_dst=1, lambda_intra_class_var=1, lambda_partial_class=1, lambda_ratio_reg=1, lambda_recon_wt_rand=1, lambda_recons=1, lambda_uniq_code_dst=1, lambda_var_distance=1, lambda_var_inter=1, lambda_var_intra=1, lambda_zvar_sim=1, latent_spec_cont=None, latent_spec_cont_class=None, latent_spec_cont_var=None, latent_spec_disc=None, latent_spec_disc_class=None, latent_spec_disc_var=None, log_level='info', loss='Proxy_Anchor', loss_distance_mean=False, loss_min_distance_cl=False, lr=0.001, max_epoch_use_uniq_code_target=5, max_iter=100.0, model='CNN', mrg=0.1, nb_epochs_train_only_zvar=0, num_workers=2, old_weighted=False, optimizer='adamw', other_architecture=False, other_ratio=False, random_percentage=0.2, random_seed=10, randomness=True, ratio_reg=False, remark='', save_step=10000, second_layer_C=False, seed=1, stride_size=1, sz_embedding=5, three_conv_layer=True, train=True, train_var_struct_alternatively=False, two_conv_layer=True, two_encoder=False, uniq_code_dst_loss=False, use_VAE=False, use_decoder=False, use_early_stopping=True, use_scheduler=True, use_small_lr_encoder_var=True, use_structural_encoder=False, value_target_distance_mean=1, var_hidden_dim=256, var_hidden_filters_1=32, var_hidden_filters_2=32, var_hidden_filters_3=32, var_kernel_size_1=3, var_kernel_size_2=3, var_kernel_size_3=3, var_second_cnn_block=True, var_stride_size_1=1, var_stride_size_2=1, var_stride_size_3=1, var_third_cnn_block=False, var_three_conv_layer=False, warm=1, without_acc=False, z_struct_size=10, z_var_size=30, zeros_W_Classif=False, zvar_sim_change_zvar=False, zvar_sim_loss_for_all_model=False, zvar_sim_loss_only_for_encoder=False, zvar_sim_normal=False, zvar_sim_var_rand=False)
CUDA Visible devices !
[Using Seed: 10]
Balanced dataset loaded
VAE doesn't exist but encoder var yes ! load var encoder weighs !
=> loaded checkpoint 'checkpoints_CNN/mnist_vae_var_2cb_30/last (iter 69375)'
Weighs loaded for var encoder !
VAE doesn't exist but encoder struct yes ! load struct encoder weighs !
=> loaded checkpoint 'checkpoints_CNN/mnist_struct_baseline_scheduler_binary_10/last (iter 20790)'
Weighs loaded for struct encoder !
use 1 gpu who named: Tesla V100-SXM2-32GB
VAE(
  (encoder_struct): Sequential(
    (0): Conv2d(1, 64, kernel_size=(8, 8), stride=(1, 1))
    (1): BatchNorm2d(64, eps=1e-05, momentum=0.1, affine=True, track_running_stats=True)
    (2): ReLU(inplace=True)
    (3): Conv2d(64, 64, kernel_size=(4, 4), stride=(1, 1))
    (4): BatchNorm2d(64, eps=1e-05, momentum=0.1, affine=True, track_running_stats=True)
    (5): ReLU(inplace=True)
    (6): Conv2d(64, 10, kernel_size=(4, 4), stride=(1, 1))
    (7): BatchNorm2d(10, eps=1e-05, momentum=0.1, affine=True, track_running_stats=True)
    (8): DeterministicBinaryActivation(
      (act): Hardsigmoid(
        (act): Hardtanh(min_val=-1.0, max_val=1.0)
      )
    )
    (9): AdaptiveMaxPool2d(output_size=(1, 1))
    (10): View()
  )
  (encoder_var): Sequential(
    (0): Conv2d(1, 32, kernel_size=(3, 3), stride=(1, 1))
    (1): ReLU(inplace=True)
    (2): BatchNorm2d(32, eps=1e-05, momentum=0.1, affine=True, track_running_stats=True)
    (3): Conv2d(32, 32, kernel_size=(3, 3), stride=(1, 1))
    (4): ReLU(inplace=True)
    (5): BatchNorm2d(32, eps=1e-05, momentum=0.1, affine=True, track_running_stats=True)
    (6): Conv2d(32, 32, kernel_size=(5, 5), stride=(2, 2), padding=(2, 2))
    (7): ReLU(inplace=True)
    (8): BatchNorm2d(32, eps=1e-05, momentum=0.1, affine=True, track_running_stats=True)
    (9): Dropout(p=0.4, inplace=False)
    (10): Conv2d(32, 64, kernel_size=(3, 3), stride=(1, 1))
    (11): ReLU(inplace=True)
    (12): BatchNorm2d(64, eps=1e-05, momentum=0.1, affine=True, track_running_stats=True)
    (13): Conv2d(64, 64, kernel_size=(3, 3), stride=(1, 1))
    (14): ReLU(inplace=True)
    (15): BatchNorm2d(64, eps=1e-05, momentum=0.1, affine=True, track_running_stats=True)
    (16): Conv2d(64, 64, kernel_size=(5, 5), stride=(2, 2), padding=(2, 2))
    (17): ReLU(inplace=True)
    (18): BatchNorm2d(64, eps=1e-05, momentum=0.1, affine=True, track_running_stats=True)
    (19): Dropout(p=0.4, inplace=False)
    (20): View()
    (21): Linear(in_features=1600, out_features=60, bias=True)
  )
  (decoder): Sequential(
    (0): Linear(in_features=40, out_features=1600, bias=True)
    (1): ReLU(inplace=True)
    (2): View()
    (3): ConvTranspose2d(64, 64, kernel_size=(4, 4), stride=(2, 2), padding=(1, 1))
    (4): ReLU(inplace=True)
    (5): ConvTranspose2d(64, 64, kernel_size=(3, 3), stride=(1, 1))
    (6): ReLU(inplace=True)
    (7): ConvTranspose2d(64, 32, kernel_size=(3, 3), stride=(1, 1))
    (8): ReLU(inplace=True)
    (9): ConvTranspose2d(32, 32, kernel_size=(4, 4), stride=(2, 2), padding=(1, 1))
    (10): ReLU(inplace=True)
    (11): ConvTranspose2d(32, 32, kernel_size=(3, 3), stride=(1, 1))
    (12): ReLU(inplace=True)
    (13): ConvTranspose2d(32, 1, kernel_size=(3, 3), stride=(1, 1))
    (14): Sigmoid()
  )
)
The number of parameters of model is 582555
use smaller lr for encoder var !
=> saved checkpoint 'checkpoints_CNN/mnist_VAE_s10_v30_BF/last' (iter 270, epoch 1.0)
=> saved checkpoint 'checkpoint_scores_CNN/mnist_VAE_s10_v30_BF/last' (iter 270, epoch 1.0)
[Save Checkpoint] epoch: [1.0], Train: total:7466.49658, BCE:-18.02557, KLD:7484.52539,Test: total:29583.28516, BCE:-18.13520, KLD:29601.41992
=> saved checkpoint 'checkpoints_CNN/mnist_VAE_s10_v30_BF/last' (iter 540, epoch 2.0)
=> saved checkpoint 'checkpoint_scores_CNN/mnist_VAE_s10_v30_BF/last' (iter 540, epoch 2.0)
[Save Checkpoint] epoch: [2.0], Train: total:7465.39697, BCE:-19.12120, KLD:7484.51416,Test: total:29582.14453, BCE:-19.24096, KLD:29601.38477
=> saved checkpoint 'checkpoints_CNN/mnist_VAE_s10_v30_BF/last' (iter 810, epoch 3.0)
=> saved checkpoint 'checkpoint_scores_CNN/mnist_VAE_s10_v30_BF/last' (iter 810, epoch 3.0)
[Save Checkpoint] epoch: [3.0], Train: total:7467.52930, BCE:-19.11343, KLD:7486.64453,Test: total:29590.50586, BCE:-19.27683, KLD:29609.78516
=> saved checkpoint 'checkpoints_CNN/mnist_VAE_s10_v30_BF/last' (iter 1080, epoch 4.0)
=> saved checkpoint 'checkpoint_scores_CNN/mnist_VAE_s10_v30_BF/last' (iter 1080, epoch 4.0)
[Save Checkpoint] epoch: [4.0], Train: total:7465.75684, BCE:-19.83366, KLD:7485.58887,Test: total:29585.56250, BCE:-20.04690, KLD:29605.60742
=> saved checkpoint 'checkpoints_CNN/mnist_VAE_s10_v30_BF/last' (iter 1350, epoch 5.0)
=> saved checkpoint 'checkpoint_scores_CNN/mnist_VAE_s10_v30_BF/last' (iter 1350, epoch 5.0)
[Save Checkpoint] epoch: [5.0], Train: total:7466.04932, BCE:-19.61037, KLD:7485.66260,Test: total:29585.94141, BCE:-19.82277, KLD:29605.76367
=> saved checkpoint 'checkpoints_CNN/mnist_VAE_s10_v30_BF/last' (iter 1620, epoch 6.0)
=> saved checkpoint 'checkpoint_scores_CNN/mnist_VAE_s10_v30_BF/last' (iter 1620, epoch 6.0)
[Save Checkpoint] epoch: [6.0], Train: total:7465.26221, BCE:-19.87788, KLD:7485.14209,Test: total:29583.68555, BCE:-20.09040, KLD:29603.77539
=> saved checkpoint 'checkpoints_CNN/mnist_VAE_s10_v30_BF/last' (iter 1890, epoch 7.0)
=> saved checkpoint 'checkpoint_scores_CNN/mnist_VAE_s10_v30_BF/last' (iter 1890, epoch 7.0)
[Save Checkpoint] epoch: [7.0], Train: total:7464.10010, BCE:-20.00471, KLD:7484.10547,Test: total:29579.48438, BCE:-20.29161, KLD:29599.77930
=> saved checkpoint 'checkpoints_CNN/mnist_VAE_s10_v30_BF/last' (iter 2160, epoch 8.0)
=> saved checkpoint 'checkpoint_scores_CNN/mnist_VAE_s10_v30_BF/last' (iter 2160, epoch 8.0)
EarlyStopping counter: 1 out of 25
[Save Checkpoint] epoch: [8.0], Train: total:7463.80469, BCE:-20.28755, KLD:7484.09326,Test: total:29579.01367, BCE:-20.62951, KLD:29599.64062
=> saved checkpoint 'checkpoints_CNN/mnist_VAE_s10_v30_BF/last' (iter 2430, epoch 9.0)
=> saved checkpoint 'checkpoint_scores_CNN/mnist_VAE_s10_v30_BF/last' (iter 2430, epoch 9.0)
[Save Checkpoint] epoch: [9.0], Train: total:7465.56299, BCE:-20.12987, KLD:7485.69580,Test: total:29585.46289, BCE:-20.48322, KLD:29605.94336
=> saved checkpoint 'checkpoints_CNN/mnist_VAE_s10_v30_BF/last' (iter 2700, epoch 10.0)
=> saved checkpoint 'checkpoint_scores_CNN/mnist_VAE_s10_v30_BF/last' (iter 2700, epoch 10.0)
[Save Checkpoint] epoch: [10.0], Train: total:7462.74170, BCE:-20.96803, KLD:7483.70703,Test: total:29576.77539, BCE:-21.33586, KLD:29598.11328
=> saved checkpoint 'checkpoints_CNN/mnist_VAE_s10_v30_BF/last' (iter 2970, epoch 11.0)
=> saved checkpoint 'checkpoint_scores_CNN/mnist_VAE_s10_v30_BF/last' (iter 2970, epoch 11.0)
EarlyStopping counter: 1 out of 25
[Save Checkpoint] epoch: [11.0], Train: total:7464.35889, BCE:-20.84076, KLD:7485.19873,Test: total:29582.76953, BCE:-21.20836, KLD:29603.97852
=> saved checkpoint 'checkpoints_CNN/mnist_VAE_s10_v30_BF/last' (iter 3240, epoch 12.0)
=> saved checkpoint 'checkpoint_scores_CNN/mnist_VAE_s10_v30_BF/last' (iter 3240, epoch 12.0)
EarlyStopping counter: 2 out of 25
[Save Checkpoint] epoch: [12.0], Train: total:7466.37549, BCE:-20.82152, KLD:7487.19434,Test: total:29590.61523, BCE:-21.28197, KLD:29611.90039
=> saved checkpoint 'checkpoints_CNN/mnist_VAE_s10_v30_BF/last' (iter 3510, epoch 13.0)
=> saved checkpoint 'checkpoint_scores_CNN/mnist_VAE_s10_v30_BF/last' (iter 3510, epoch 13.0)
[Save Checkpoint] epoch: [13.0], Train: total:7462.07861, BCE:-20.89075, KLD:7482.96875,Test: total:29573.87305, BCE:-21.35513, KLD:29595.22852
=> saved checkpoint 'checkpoints_CNN/mnist_VAE_s10_v30_BF/last' (iter 3780, epoch 14.0)
=> saved checkpoint 'checkpoint_scores_CNN/mnist_VAE_s10_v30_BF/last' (iter 3780, epoch 14.0)
[Save Checkpoint] epoch: [14.0], Train: total:7464.67432, BCE:-20.75186, KLD:7485.42773,Test: total:29583.63867, BCE:-21.23672, KLD:29604.87305
=> saved checkpoint 'checkpoints_CNN/mnist_VAE_s10_v30_BF/last' (iter 4050, epoch 15.0)
=> saved checkpoint 'checkpoint_scores_CNN/mnist_VAE_s10_v30_BF/last' (iter 4050, epoch 15.0)
EarlyStopping counter: 1 out of 25
[Save Checkpoint] epoch: [15.0], Train: total:7465.28467, BCE:-20.56798, KLD:7485.85596,Test: total:29585.59375, BCE:-21.03165, KLD:29606.63086
=> saved checkpoint 'checkpoints_CNN/mnist_VAE_s10_v30_BF/last' (iter 4320, epoch 16.0)
=> saved checkpoint 'checkpoint_scores_CNN/mnist_VAE_s10_v30_BF/last' (iter 4320, epoch 16.0)
EarlyStopping counter: 2 out of 25
[Save Checkpoint] epoch: [16.0], Train: total:7464.71387, BCE:-21.23095, KLD:7485.94287,Test: total:29585.28516, BCE:-21.72234, KLD:29607.00586
=> saved checkpoint 'checkpoints_CNN/mnist_VAE_s10_v30_BF/last' (iter 4590, epoch 17.0)
=> saved checkpoint 'checkpoint_scores_CNN/mnist_VAE_s10_v30_BF/last' (iter 4590, epoch 17.0)
EarlyStopping counter: 3 out of 25
[Save Checkpoint] epoch: [17.0], Train: total:7463.29004, BCE:-21.87745, KLD:7485.16895,Test: total:29581.63477, BCE:-22.41314, KLD:29604.04688
=> saved checkpoint 'checkpoints_CNN/mnist_VAE_s10_v30_BF/last' (iter 4860, epoch 18.0)
=> saved checkpoint 'checkpoint_scores_CNN/mnist_VAE_s10_v30_BF/last' (iter 4860, epoch 18.0)
[Save Checkpoint] epoch: [18.0], Train: total:7462.84229, BCE:-20.70689, KLD:7483.55078,Test: total:29576.33398, BCE:-21.24287, KLD:29597.57812
=> saved checkpoint 'checkpoints_CNN/mnist_VAE_s10_v30_BF/last' (iter 5130, epoch 19.0)
=> saved checkpoint 'checkpoint_scores_CNN/mnist_VAE_s10_v30_BF/last' (iter 5130, epoch 19.0)
EarlyStopping counter: 1 out of 25
[Save Checkpoint] epoch: [19.0], Train: total:7464.29932, BCE:-22.07014, KLD:7486.37256,Test: total:29586.11328, BCE:-22.60454, KLD:29608.71875
=> saved checkpoint 'checkpoints_CNN/mnist_VAE_s10_v30_BF/last' (iter 5400, epoch 20.0)
=> saved checkpoint 'checkpoint_scores_CNN/mnist_VAE_s10_v30_BF/last' (iter 5400, epoch 20.0)
EarlyStopping counter: 2 out of 25
[Save Checkpoint] epoch: [20.0], Train: total:7462.93945, BCE:-22.27763, KLD:7485.21582,Test: total:29581.39062, BCE:-22.78561, KLD:29604.17773
=> saved checkpoint 'checkpoints_CNN/mnist_VAE_s10_v30_BF/last' (iter 5670, epoch 21.0)
=> saved checkpoint 'checkpoint_scores_CNN/mnist_VAE_s10_v30_BF/last' (iter 5670, epoch 21.0)
[Save Checkpoint] epoch: [21.0], Train: total:7463.13379, BCE:-23.06808, KLD:7486.19971,Test: total:29584.37305, BCE:-23.61061, KLD:29607.98438
=> saved checkpoint 'checkpoints_CNN/mnist_VAE_s10_v30_BF/last' (iter 5940, epoch 22.0)
=> saved checkpoint 'checkpoint_scores_CNN/mnist_VAE_s10_v30_BF/last' (iter 5940, epoch 22.0)
[Save Checkpoint] epoch: [22.0], Train: total:7461.84229, BCE:-23.21519, KLD:7485.05518,Test: total:29579.83789, BCE:-23.73803, KLD:29603.57617
=> saved checkpoint 'checkpoints_CNN/mnist_VAE_s10_v30_BF/last' (iter 6210, epoch 23.0)
=> saved checkpoint 'checkpoint_scores_CNN/mnist_VAE_s10_v30_BF/last' (iter 6210, epoch 23.0)
EarlyStopping counter: 1 out of 25
[Save Checkpoint] epoch: [23.0], Train: total:7463.28760, BCE:-23.66727, KLD:7486.95312,Test: total:29586.70703, BCE:-24.23442, KLD:29610.93750
=> saved checkpoint 'checkpoints_CNN/mnist_VAE_s10_v30_BF/last' (iter 6480, epoch 24.0)
=> saved checkpoint 'checkpoint_scores_CNN/mnist_VAE_s10_v30_BF/last' (iter 6480, epoch 24.0)
EarlyStopping counter: 2 out of 25
[Save Checkpoint] epoch: [24.0], Train: total:7460.87891, BCE:-23.50582, KLD:7484.38379,Test: total:29576.83789, BCE:-24.04814, KLD:29600.88477
=> saved checkpoint 'checkpoints_CNN/mnist_VAE_s10_v30_BF/last' (iter 6750, epoch 25.0)
=> saved checkpoint 'checkpoint_scores_CNN/mnist_VAE_s10_v30_BF/last' (iter 6750, epoch 25.0)
EarlyStopping counter: 3 out of 25
[Save Checkpoint] epoch: [25.0], Train: total:7460.63086, BCE:-24.37559, KLD:7485.00684,Test: total:29578.26367, BCE:-24.94781, KLD:29603.21289
=> saved checkpoint 'checkpoints_CNN/mnist_VAE_s10_v30_BF/last' (iter 7020, epoch 26.0)
=> saved checkpoint 'checkpoint_scores_CNN/mnist_VAE_s10_v30_BF/last' (iter 7020, epoch 26.0)
EarlyStopping counter: 4 out of 25
[Save Checkpoint] epoch: [26.0], Train: total:7459.49463, BCE:-24.46241, KLD:7483.95557,Test: total:29574.10938, BCE:-25.01558, KLD:29599.12500
Epoch    27: reducing learning rate of group 0 to 2.0000e-04.
Epoch    27: reducing learning rate of group 1 to 2.0000e-06.
=> saved checkpoint 'checkpoints_CNN/mnist_VAE_s10_v30_BF/last' (iter 7290, epoch 27.0)
=> saved checkpoint 'checkpoint_scores_CNN/mnist_VAE_s10_v30_BF/last' (iter 7290, epoch 27.0)
EarlyStopping counter: 5 out of 25
[Save Checkpoint] epoch: [27.0], Train: total:7459.15381, BCE:-25.21301, KLD:7484.36572,Test: total:29575.08398, BCE:-25.75660, KLD:29600.84180
=> saved checkpoint 'checkpoints_CNN/mnist_VAE_s10_v30_BF/last' (iter 7560, epoch 28.0)
=> saved checkpoint 'checkpoint_scores_CNN/mnist_VAE_s10_v30_BF/last' (iter 7560, epoch 28.0)
[Save Checkpoint] epoch: [28.0], Train: total:7461.36475, BCE:-24.89678, KLD:7486.25977,Test: total:29582.83789, BCE:-25.45485, KLD:29608.29492
=> saved checkpoint 'checkpoints_CNN/mnist_VAE_s10_v30_BF/last' (iter 7830, epoch 29.0)
=> saved checkpoint 'checkpoint_scores_CNN/mnist_VAE_s10_v30_BF/last' (iter 7830, epoch 29.0)
[Save Checkpoint] epoch: [29.0], Train: total:7460.28467, BCE:-25.09864, KLD:7485.38232,Test: total:29579.05664, BCE:-25.66149, KLD:29604.71680
=> saved checkpoint 'checkpoints_CNN/mnist_VAE_s10_v30_BF/last' (iter 8100, epoch 30.0)
=> saved checkpoint 'checkpoint_scores_CNN/mnist_VAE_s10_v30_BF/last' (iter 8100, epoch 30.0)
EarlyStopping counter: 1 out of 25
[Save Checkpoint] epoch: [30.0], Train: total:7457.74707, BCE:-25.29131, KLD:7483.03418,Test: total:29569.71680, BCE:-25.82895, KLD:29595.54492
=> saved checkpoint 'checkpoints_CNN/mnist_VAE_s10_v30_BF/last' (iter 8370, epoch 31.0)
=> saved checkpoint 'checkpoint_scores_CNN/mnist_VAE_s10_v30_BF/last' (iter 8370, epoch 31.0)
EarlyStopping counter: 2 out of 25
[Save Checkpoint] epoch: [31.0], Train: total:7459.97119, BCE:-25.22894, KLD:7485.19873,Test: total:29578.29102, BCE:-25.76025, KLD:29604.04688
=> saved checkpoint 'checkpoints_CNN/mnist_VAE_s10_v30_BF/last' (iter 8640, epoch 32.0)
=> saved checkpoint 'checkpoint_scores_CNN/mnist_VAE_s10_v30_BF/last' (iter 8640, epoch 32.0)
EarlyStopping counter: 3 out of 25
[Save Checkpoint] epoch: [32.0], Train: total:7459.02979, BCE:-25.47033, KLD:7484.50146,Test: total:29575.18164, BCE:-26.03906, KLD:29601.22461
=> saved checkpoint 'checkpoints_CNN/mnist_VAE_s10_v30_BF/last' (iter 8910, epoch 33.0)
=> saved checkpoint 'checkpoint_scores_CNN/mnist_VAE_s10_v30_BF/last' (iter 8910, epoch 33.0)
EarlyStopping counter: 4 out of 25
[Save Checkpoint] epoch: [33.0], Train: total:7458.56396, BCE:-25.45971, KLD:7484.02246,Test: total:29573.37891, BCE:-26.04747, KLD:29599.42188
Epoch    34: reducing learning rate of group 0 to 4.0000e-05.
Epoch    34: reducing learning rate of group 1 to 1.0000e-06.
=> saved checkpoint 'checkpoints_CNN/mnist_VAE_s10_v30_BF/last' (iter 9180, epoch 34.0)
=> saved checkpoint 'checkpoint_scores_CNN/mnist_VAE_s10_v30_BF/last' (iter 9180, epoch 34.0)
EarlyStopping counter: 5 out of 25
[Save Checkpoint] epoch: [34.0], Train: total:7459.72510, BCE:-25.49525, KLD:7485.21631,Test: total:29578.09961, BCE:-26.04514, KLD:29604.14453
=> saved checkpoint 'checkpoints_CNN/mnist_VAE_s10_v30_BF/last' (iter 9450, epoch 35.0)
=> saved checkpoint 'checkpoint_scores_CNN/mnist_VAE_s10_v30_BF/last' (iter 9450, epoch 35.0)
[Save Checkpoint] epoch: [35.0], Train: total:7459.06299, BCE:-25.58630, KLD:7484.65137,Test: total:29575.73828, BCE:-26.12725, KLD:29601.86914
=> saved checkpoint 'checkpoints_CNN/mnist_VAE_s10_v30_BF/last' (iter 9720, epoch 36.0)
=> saved checkpoint 'checkpoint_scores_CNN/mnist_VAE_s10_v30_BF/last' (iter 9720, epoch 36.0)
EarlyStopping counter: 1 out of 25
[Save Checkpoint] epoch: [36.0], Train: total:7458.46045, BCE:-25.60443, KLD:7484.06494,Test: total:29573.44727, BCE:-26.15326, KLD:29599.59766
=> saved checkpoint 'checkpoints_CNN/mnist_VAE_s10_v30_BF/last' (iter 9990, epoch 37.0)
=> saved checkpoint 'checkpoint_scores_CNN/mnist_VAE_s10_v30_BF/last' (iter 9990, epoch 37.0)
EarlyStopping counter: 2 out of 25
[Save Checkpoint] epoch: [37.0], Train: total:7460.54492, BCE:-25.69322, KLD:7486.23633,Test: total:29581.86914, BCE:-26.25079, KLD:29608.11914
=> saved checkpoint 'checkpoints_CNN/mnist_VAE_s10_v30_BF/last' (iter 10260, epoch 38.0)
=> saved checkpoint 'checkpoint_scores_CNN/mnist_VAE_s10_v30_BF/last' (iter 10260, epoch 38.0)
EarlyStopping counter: 3 out of 25
[Save Checkpoint] epoch: [38.0], Train: total:7461.32617, BCE:-25.63136, KLD:7486.95605,Test: total:29584.72266, BCE:-26.18603, KLD:29610.90430
=> saved checkpoint 'checkpoints_CNN/mnist_VAE_s10_v30_BF/last' (iter 10530, epoch 39.0)
=> saved checkpoint 'checkpoint_scores_CNN/mnist_VAE_s10_v30_BF/last' (iter 10530, epoch 39.0)
EarlyStopping counter: 4 out of 25
[Save Checkpoint] epoch: [39.0], Train: total:7459.97217, BCE:-25.75457, KLD:7485.72803,Test: total:29579.81641, BCE:-26.27719, KLD:29606.09375
Epoch    40: reducing learning rate of group 0 to 8.0000e-06.
=> saved checkpoint 'checkpoints_CNN/mnist_VAE_s10_v30_BF/last' (iter 10800, epoch 40.0)
=> saved checkpoint 'checkpoint_scores_CNN/mnist_VAE_s10_v30_BF/last' (iter 10800, epoch 40.0)
EarlyStopping counter: 5 out of 25
[Save Checkpoint] epoch: [40.0], Train: total:7459.22168, BCE:-25.65618, KLD:7484.87695,Test: total:29576.65039, BCE:-26.18799, KLD:29602.83789
=> saved checkpoint 'checkpoints_CNN/mnist_VAE_s10_v30_BF/last' (iter 11070, epoch 41.0)
=> saved checkpoint 'checkpoint_scores_CNN/mnist_VAE_s10_v30_BF/last' (iter 11070, epoch 41.0)
EarlyStopping counter: 6 out of 25
[Save Checkpoint] epoch: [41.0], Train: total:7459.10889, BCE:-25.65528, KLD:7484.76514,Test: total:29576.13086, BCE:-26.20025, KLD:29602.33398
=> saved checkpoint 'checkpoints_CNN/mnist_VAE_s10_v30_BF/last' (iter 11340, epoch 42.0)
=> saved checkpoint 'checkpoint_scores_CNN/mnist_VAE_s10_v30_BF/last' (iter 11340, epoch 42.0)
EarlyStopping counter: 7 out of 25
[Save Checkpoint] epoch: [42.0], Train: total:7459.87402, BCE:-25.64335, KLD:7485.52197,Test: total:29579.05664, BCE:-26.20046, KLD:29605.25391
=> saved checkpoint 'checkpoints_CNN/mnist_VAE_s10_v30_BF/last' (iter 11610, epoch 43.0)
=> saved checkpoint 'checkpoint_scores_CNN/mnist_VAE_s10_v30_BF/last' (iter 11610, epoch 43.0)
EarlyStopping counter: 8 out of 25
[Save Checkpoint] epoch: [43.0], Train: total:7461.36523, BCE:-25.60683, KLD:7486.97461,Test: total:29584.87500, BCE:-26.14516, KLD:29611.01953
=> saved checkpoint 'checkpoints_CNN/mnist_VAE_s10_v30_BF/last' (iter 11880, epoch 44.0)
=> saved checkpoint 'checkpoint_scores_CNN/mnist_VAE_s10_v30_BF/last' (iter 11880, epoch 44.0)
EarlyStopping counter: 9 out of 25
[Save Checkpoint] epoch: [44.0], Train: total:7460.98633, BCE:-25.61798, KLD:7486.60254,Test: total:29583.43750, BCE:-26.17047, KLD:29609.60938
Epoch    45: reducing learning rate of group 0 to 1.6000e-06.
=> saved checkpoint 'checkpoints_CNN/mnist_VAE_s10_v30_BF/last' (iter 12150, epoch 45.0)
=> saved checkpoint 'checkpoint_scores_CNN/mnist_VAE_s10_v30_BF/last' (iter 12150, epoch 45.0)
EarlyStopping counter: 10 out of 25
[Save Checkpoint] epoch: [45.0], Train: total:7457.41504, BCE:-25.69269, KLD:7483.10889,Test: total:29569.60742, BCE:-26.25447, KLD:29595.85938
=> saved checkpoint 'checkpoints_CNN/mnist_VAE_s10_v30_BF/last' (iter 12420, epoch 46.0)
=> saved checkpoint 'checkpoint_scores_CNN/mnist_VAE_s10_v30_BF/last' (iter 12420, epoch 46.0)
EarlyStopping counter: 11 out of 25
[Save Checkpoint] epoch: [46.0], Train: total:7460.06152, BCE:-25.70247, KLD:7485.76807,Test: total:29580.16992, BCE:-26.25120, KLD:29606.42188
=> saved checkpoint 'checkpoints_CNN/mnist_VAE_s10_v30_BF/last' (iter 12690, epoch 47.0)
=> saved checkpoint 'checkpoint_scores_CNN/mnist_VAE_s10_v30_BF/last' (iter 12690, epoch 47.0)
EarlyStopping counter: 12 out of 25
[Save Checkpoint] epoch: [47.0], Train: total:7458.12207, BCE:-25.67984, KLD:7483.80371,Test: total:29572.33203, BCE:-26.22773, KLD:29598.55664
=> saved checkpoint 'checkpoints_CNN/mnist_VAE_s10_v30_BF/last' (iter 12960, epoch 48.0)
=> saved checkpoint 'checkpoint_scores_CNN/mnist_VAE_s10_v30_BF/last' (iter 12960, epoch 48.0)
EarlyStopping counter: 13 out of 25
[Save Checkpoint] epoch: [48.0], Train: total:7460.40381, BCE:-25.67552, KLD:7486.08154,Test: total:29581.25391, BCE:-26.23225, KLD:29607.48438
=> saved checkpoint 'checkpoints_CNN/mnist_VAE_s10_v30_BF/last' (iter 13230, epoch 49.0)
=> saved checkpoint 'checkpoint_scores_CNN/mnist_VAE_s10_v30_BF/last' (iter 13230, epoch 49.0)
EarlyStopping counter: 14 out of 25
[Save Checkpoint] epoch: [49.0], Train: total:7458.68457, BCE:-25.70269, KLD:7484.39111,Test: total:29574.58789, BCE:-26.26711, KLD:29600.85742
Epoch    50: reducing learning rate of group 0 to 1.0000e-06.
=> saved checkpoint 'checkpoints_CNN/mnist_VAE_s10_v30_BF/last' (iter 13500, epoch 50.0)
=> saved checkpoint 'checkpoint_scores_CNN/mnist_VAE_s10_v30_BF/last' (iter 13500, epoch 50.0)
EarlyStopping counter: 15 out of 25
[Save Checkpoint] epoch: [50.0], Train: total:7460.02246, BCE:-25.67993, KLD:7485.70361,Test: total:29579.75586, BCE:-26.23082, KLD:29605.98828
=> saved checkpoint 'checkpoints_CNN/mnist_VAE_s10_v30_BF/last' (iter 13770, epoch 51.0)
=> saved checkpoint 'checkpoint_scores_CNN/mnist_VAE_s10_v30_BF/last' (iter 13770, epoch 51.0)
EarlyStopping counter: 16 out of 25
[Save Checkpoint] epoch: [51.0], Train: total:7460.08252, BCE:-25.67393, KLD:7485.76074,Test: total:29580.01367, BCE:-26.23422, KLD:29606.24805
=> saved checkpoint 'checkpoints_CNN/mnist_VAE_s10_v30_BF/last' (iter 14040, epoch 52.0)
=> saved checkpoint 'checkpoint_scores_CNN/mnist_VAE_s10_v30_BF/last' (iter 14040, epoch 52.0)
EarlyStopping counter: 17 out of 25
[Save Checkpoint] epoch: [52.0], Train: total:7458.90186, BCE:-25.68323, KLD:7484.58301,Test: total:29575.36523, BCE:-26.25951, KLD:29601.62305
=> saved checkpoint 'checkpoints_CNN/mnist_VAE_s10_v30_BF/last' (iter 14310, epoch 53.0)
=> saved checkpoint 'checkpoint_scores_CNN/mnist_VAE_s10_v30_BF/last' (iter 14310, epoch 53.0)
EarlyStopping counter: 18 out of 25
[Save Checkpoint] epoch: [53.0], Train: total:7458.91211, BCE:-25.70940, KLD:7484.62207,Test: total:29575.61328, BCE:-26.25206, KLD:29601.86328
=> saved checkpoint 'checkpoints_CNN/mnist_VAE_s10_v30_BF/last' (iter 14580, epoch 54.0)
=> saved checkpoint 'checkpoint_scores_CNN/mnist_VAE_s10_v30_BF/last' (iter 14580, epoch 54.0)
EarlyStopping counter: 19 out of 25
[Save Checkpoint] epoch: [54.0], Train: total:7459.93506, BCE:-25.69728, KLD:7485.63232,Test: total:29579.60742, BCE:-26.23476, KLD:29605.84180
=> saved checkpoint 'checkpoints_CNN/mnist_VAE_s10_v30_BF/last' (iter 14850, epoch 55.0)
=> saved checkpoint 'checkpoint_scores_CNN/mnist_VAE_s10_v30_BF/last' (iter 14850, epoch 55.0)
EarlyStopping counter: 20 out of 25
[Save Checkpoint] epoch: [55.0], Train: total:7460.14844, BCE:-25.69407, KLD:7485.84668,Test: total:29580.31641, BCE:-26.24869, KLD:29606.56641
=> saved checkpoint 'checkpoints_CNN/mnist_VAE_s10_v30_BF/last' (iter 15120, epoch 56.0)
=> saved checkpoint 'checkpoint_scores_CNN/mnist_VAE_s10_v30_BF/last' (iter 15120, epoch 56.0)
EarlyStopping counter: 21 out of 25
[Save Checkpoint] epoch: [56.0], Train: total:7459.39648, BCE:-25.69214, KLD:7485.08643,Test: total:29577.46289, BCE:-26.23476, KLD:29603.70117
=> saved checkpoint 'checkpoints_CNN/mnist_VAE_s10_v30_BF/last' (iter 15390, epoch 57.0)
=> saved checkpoint 'checkpoint_scores_CNN/mnist_VAE_s10_v30_BF/last' (iter 15390, epoch 57.0)
EarlyStopping counter: 22 out of 25
[Save Checkpoint] epoch: [57.0], Train: total:7460.39941, BCE:-25.69712, KLD:7486.09229,Test: total:29581.32617, BCE:-26.27625, KLD:29607.59961
=> saved checkpoint 'checkpoints_CNN/mnist_VAE_s10_v30_BF/last' (iter 15660, epoch 58.0)
=> saved checkpoint 'checkpoint_scores_CNN/mnist_VAE_s10_v30_BF/last' (iter 15660, epoch 58.0)
EarlyStopping counter: 23 out of 25
[Save Checkpoint] epoch: [58.0], Train: total:7457.85693, BCE:-25.70505, KLD:7483.56445,Test: total:29571.32617, BCE:-26.28477, KLD:29597.61328
=> saved checkpoint 'checkpoints_CNN/mnist_VAE_s10_v30_BF/last' (iter 15930, epoch 59.0)
=> saved checkpoint 'checkpoint_scores_CNN/mnist_VAE_s10_v30_BF/last' (iter 15930, epoch 59.0)
EarlyStopping counter: 24 out of 25
[Save Checkpoint] epoch: [59.0], Train: total:7458.96875, BCE:-25.70809, KLD:7484.67627,Test: total:29575.71875, BCE:-26.23994, KLD:29601.95703
=> saved checkpoint 'checkpoints_CNN/mnist_VAE_s10_v30_BF/last' (iter 16200, epoch 60.0)
=> saved checkpoint 'checkpoint_scores_CNN/mnist_VAE_s10_v30_BF/last' (iter 16200, epoch 60.0)
EarlyStopping counter: 25 out of 25
[Save Checkpoint] epoch: [60.0], Train: total:7461.65283, BCE:-25.71407, KLD:7487.36621,Test: total:29586.31250, BCE:-26.25433, KLD:29612.56836
Early stopping
[Training Finished]
All done !
