80
--gpu_devices 0 --max_iter 100 --batch_size 250 --use_scheduler True --lr 1e-3 --GMP True --z_struct_size 10 --is_VAE True --is_encoder_struct False --lambda_BCE 1 --beta 1 --big_kernel_size 8 --two_conv_layer True --three_conv_layer True --kernel_size_1 4 --kernel_size_2 4 --kernel_size_3 4 --BK_in_first_layer True --BK_in_second_layer False --BK_in_third_layer False --stride_size 1 --hidden_filters_layer1 64 --hidden_filters_layer2 64 --hidden_filters_layer3 64 --dataset_balanced True --binary_z True --binary_first_conv False --binary_second_conv False --binary_third_conv True --z_var_size 20 --z_struct_size 25 --use_small_lr_encoder_var False --encoder_var_name None --encoder_struct_name mnist_struct_baseline_scheduler_binary_25 --freeze_Encoder True --exp_name mnist_VAE_s25_v20_SE
Namespace(BK_in_first_layer=True, BK_in_second_layer=False, BK_in_third_layer=False, BN=False, C_max=25, C_stop_iter=100000.0, E1_AE=False, E1_VAE=False, E1_conv=False, E1_dense=False, E1_second_conv=False, E1_second_conv_adapt=False, GMP=True, Hmg_dst_loss=False, IPC=False, L1_norm_act=False, L1_norm_weights=False, L3_without_random=False, LOG_DIR='logs', adapt_lr=False, add_classification_layer=True, add_linear_after_GMP=True, add_z_struct_bottleneck=False, alpha=32, batch_size=250, beta=1.0, beta1=0.9, beta2=0.999, big_kernel=False, big_kernel_size=8, binary_chain=False, binary_first_conv=False, binary_second_conv=False, binary_third_conv=True, binary_z=True, both_decoders_freeze=False, ckpt_dir='checkpoints_CNN', ckpt_dir_scores='checkpoint_scores_CNN', classif_layer_size=30, contrastive_loss=False, cuda=True, dataset='mnist', dataset_balanced=True, decoder_first_dense=36, decoder_kernel_size_1=4, decoder_kernel_size_2=3, decoder_kernel_size_3=4, decoder_n_filter_1=64, decoder_n_filter_2=64, decoder_n_filter_3=64, decoder_stride_1=2, decoder_stride_2=2, decoder_stride_3=1, diff_var=False, display_step=10000, dset_dir='data', encoder_struct_name='mnist_struct_baseline_scheduler_binary_25', encoder_var_name='None', exp_name='mnist_VAE_s25_v20_SE', freeze_Encoder=True, gamma=1000, gpu_devices=[0], hidden_filters_layer1=64, hidden_filters_layer2=64, hidden_filters_layer3=64, image_size=64, intra_class_variance_loss=False, is_C=True, is_E1=False, is_VAE=True, is_VAE_var=False, is_binary_structural_latent=False, is_custom_model=False, is_custom_model_BK=False, is_default_model=False, is_encoder_struct=False, is_noise_stats=False, is_partial_rand_class=False, is_perturbed_score=False, is_zvar_sim_loss=False, just_train=False, kernel_size=4, kernel_size_1=4, kernel_size_2=4, kernel_size_3=4, lambda_BCE=1.0, lambda_Kl_struct=1, lambda_Kl_var=1, lambda_L1=0.01, lambda_VAE=1, lambda_class=1, lambda_contrastive_loss=1, lambda_distance_mean=1, lambda_hmg_dst=1, lambda_intra_class_var=1, lambda_partial_class=1, lambda_ratio_reg=1, lambda_recon_wt_rand=1, lambda_recons=1, lambda_uniq_code_dst=1, lambda_var_distance=1, lambda_var_inter=1, lambda_var_intra=1, lambda_zvar_sim=1, latent_spec_cont=None, latent_spec_cont_class=None, latent_spec_cont_var=None, latent_spec_disc=None, latent_spec_disc_class=None, latent_spec_disc_var=None, log_level='info', loss='Proxy_Anchor', loss_distance_mean=False, loss_min_distance_cl=False, lr=0.001, max_epoch_use_uniq_code_target=5, max_iter=100.0, model='CNN', mrg=0.1, nb_epochs_train_only_zvar=0, num_workers=2, old_weighted=False, optimizer='adamw', other_architecture=False, other_ratio=False, random_percentage=0.2, random_seed=10, randomness=True, ratio_reg=False, remark='', save_step=10000, second_layer_C=False, seed=1, stride_size=1, sz_embedding=5, three_conv_layer=True, train=True, train_var_struct_alternatively=False, two_conv_layer=True, two_encoder=False, uniq_code_dst_loss=False, use_VAE=False, use_decoder=False, use_early_stopping=True, use_scheduler=True, use_small_lr_encoder_var=False, use_structural_encoder=False, value_target_distance_mean=1, var_hidden_dim=256, var_hidden_filters_1=32, var_hidden_filters_2=32, var_hidden_filters_3=32, var_kernel_size_1=3, var_kernel_size_2=3, var_kernel_size_3=3, var_second_cnn_block=True, var_stride_size_1=1, var_stride_size_2=1, var_stride_size_3=1, var_third_cnn_block=False, var_three_conv_layer=False, warm=1, without_acc=False, z_struct_size=25, z_var_size=20, zeros_W_Classif=False, zvar_sim_change_zvar=False, zvar_sim_loss_for_all_model=False, zvar_sim_loss_only_for_encoder=False, zvar_sim_normal=False, zvar_sim_var_rand=False)
CUDA Visible devices !
[Using Seed: 10]
Balanced dataset loaded
VAE doesn't exist but encoder struct yes ! load struct encoder weighs !
=> loaded checkpoint 'checkpoints_CNN/mnist_struct_baseline_scheduler_binary_25/last (iter 20250)'
Weighs loaded for struct encoder !
use 1 gpu who named: Tesla V100-SXM2-32GB
VAE(
  (encoder_struct): Sequential(
    (0): Conv2d(1, 64, kernel_size=(8, 8), stride=(1, 1))
    (1): BatchNorm2d(64, eps=1e-05, momentum=0.1, affine=True, track_running_stats=True)
    (2): ReLU(inplace=True)
    (3): Conv2d(64, 64, kernel_size=(4, 4), stride=(1, 1))
    (4): BatchNorm2d(64, eps=1e-05, momentum=0.1, affine=True, track_running_stats=True)
    (5): ReLU(inplace=True)
    (6): Conv2d(64, 25, kernel_size=(4, 4), stride=(1, 1))
    (7): BatchNorm2d(25, eps=1e-05, momentum=0.1, affine=True, track_running_stats=True)
    (8): DeterministicBinaryActivation(
      (act): Hardsigmoid(
        (act): Hardtanh(min_val=-1.0, max_val=1.0)
      )
    )
    (9): AdaptiveMaxPool2d(output_size=(1, 1))
    (10): View()
  )
  (encoder_var): Sequential(
    (0): Conv2d(1, 32, kernel_size=(3, 3), stride=(1, 1))
    (1): ReLU(inplace=True)
    (2): BatchNorm2d(32, eps=1e-05, momentum=0.1, affine=True, track_running_stats=True)
    (3): Conv2d(32, 32, kernel_size=(3, 3), stride=(1, 1))
    (4): ReLU(inplace=True)
    (5): BatchNorm2d(32, eps=1e-05, momentum=0.1, affine=True, track_running_stats=True)
    (6): Conv2d(32, 32, kernel_size=(5, 5), stride=(2, 2), padding=(2, 2))
    (7): ReLU(inplace=True)
    (8): BatchNorm2d(32, eps=1e-05, momentum=0.1, affine=True, track_running_stats=True)
    (9): Dropout(p=0.4, inplace=False)
    (10): Conv2d(32, 64, kernel_size=(3, 3), stride=(1, 1))
    (11): ReLU(inplace=True)
    (12): BatchNorm2d(64, eps=1e-05, momentum=0.1, affine=True, track_running_stats=True)
    (13): Conv2d(64, 64, kernel_size=(3, 3), stride=(1, 1))
    (14): ReLU(inplace=True)
    (15): BatchNorm2d(64, eps=1e-05, momentum=0.1, affine=True, track_running_stats=True)
    (16): Conv2d(64, 64, kernel_size=(5, 5), stride=(2, 2), padding=(2, 2))
    (17): ReLU(inplace=True)
    (18): BatchNorm2d(64, eps=1e-05, momentum=0.1, affine=True, track_running_stats=True)
    (19): Dropout(p=0.4, inplace=False)
    (20): View()
    (21): Linear(in_features=1600, out_features=40, bias=True)
  )
  (decoder): Sequential(
    (0): Linear(in_features=45, out_features=1600, bias=True)
    (1): ReLU(inplace=True)
    (2): View()
    (3): ConvTranspose2d(64, 64, kernel_size=(4, 4), stride=(2, 2), padding=(1, 1))
    (4): ReLU(inplace=True)
    (5): ConvTranspose2d(64, 64, kernel_size=(3, 3), stride=(1, 1))
    (6): ReLU(inplace=True)
    (7): ConvTranspose2d(64, 32, kernel_size=(3, 3), stride=(1, 1))
    (8): ReLU(inplace=True)
    (9): ConvTranspose2d(32, 32, kernel_size=(4, 4), stride=(2, 2), padding=(1, 1))
    (10): ReLU(inplace=True)
    (11): ConvTranspose2d(32, 32, kernel_size=(3, 3), stride=(1, 1))
    (12): ReLU(inplace=True)
    (13): ConvTranspose2d(32, 1, kernel_size=(3, 3), stride=(1, 1))
    (14): Sigmoid()
  )
)
The number of parameters of model is 573940
=> saved checkpoint 'checkpoints_CNN/mnist_VAE_s25_v20_SE/last' (iter 270, epoch 1.0)
=> saved checkpoint 'checkpoint_scores_CNN/mnist_VAE_s25_v20_SE/last' (iter 270, epoch 1.0)
[Save Checkpoint] epoch: [1.0], Train: total:7135.28662, BCE:-13.27349, KLD:7148.56152,Test: total:28570.41211, BCE:-13.38989, KLD:28583.80273
=> saved checkpoint 'checkpoints_CNN/mnist_VAE_s25_v20_SE/last' (iter 540, epoch 2.0)
=> saved checkpoint 'checkpoint_scores_CNN/mnist_VAE_s25_v20_SE/last' (iter 540, epoch 2.0)
[Save Checkpoint] epoch: [2.0], Train: total:6867.52051, BCE:-13.49290, KLD:6881.01123,Test: total:27449.61523, BCE:-13.61145, KLD:27463.23242
=> saved checkpoint 'checkpoints_CNN/mnist_VAE_s25_v20_SE/last' (iter 810, epoch 3.0)
=> saved checkpoint 'checkpoint_scores_CNN/mnist_VAE_s25_v20_SE/last' (iter 810, epoch 3.0)
[Save Checkpoint] epoch: [3.0], Train: total:6891.43457, BCE:-13.64391, KLD:6905.08057,Test: total:27456.38086, BCE:-13.75786, KLD:27470.13867
=> saved checkpoint 'checkpoints_CNN/mnist_VAE_s25_v20_SE/last' (iter 1080, epoch 4.0)
=> saved checkpoint 'checkpoint_scores_CNN/mnist_VAE_s25_v20_SE/last' (iter 1080, epoch 4.0)
[Save Checkpoint] epoch: [4.0], Train: total:6786.25830, BCE:-13.96384, KLD:6800.21973,Test: total:27044.98438, BCE:-14.10546, KLD:27059.09375
=> saved checkpoint 'checkpoints_CNN/mnist_VAE_s25_v20_SE/last' (iter 1350, epoch 5.0)
=> saved checkpoint 'checkpoint_scores_CNN/mnist_VAE_s25_v20_SE/last' (iter 1350, epoch 5.0)
[Save Checkpoint] epoch: [5.0], Train: total:6889.51562, BCE:-14.68885, KLD:6904.20361,Test: total:27425.53711, BCE:-14.87790, KLD:27440.41992
=> saved checkpoint 'checkpoints_CNN/mnist_VAE_s25_v20_SE/last' (iter 1620, epoch 6.0)
=> saved checkpoint 'checkpoint_scores_CNN/mnist_VAE_s25_v20_SE/last' (iter 1620, epoch 6.0)
[Save Checkpoint] epoch: [6.0], Train: total:6891.74805, BCE:-15.03941, KLD:6906.78613,Test: total:27434.92578, BCE:-15.29074, KLD:27450.21680
=> saved checkpoint 'checkpoints_CNN/mnist_VAE_s25_v20_SE/last' (iter 1890, epoch 7.0)
=> saved checkpoint 'checkpoint_scores_CNN/mnist_VAE_s25_v20_SE/last' (iter 1890, epoch 7.0)
[Save Checkpoint] epoch: [7.0], Train: total:6769.22119, BCE:-15.43615, KLD:6784.65625,Test: total:26950.59375, BCE:-15.66042, KLD:26966.25586
=> saved checkpoint 'checkpoints_CNN/mnist_VAE_s25_v20_SE/last' (iter 2160, epoch 8.0)
=> saved checkpoint 'checkpoint_scores_CNN/mnist_VAE_s25_v20_SE/last' (iter 2160, epoch 8.0)
[Save Checkpoint] epoch: [8.0], Train: total:6816.56250, BCE:-15.57112, KLD:6832.13281,Test: total:27137.95898, BCE:-15.86162, KLD:27153.82617
=> saved checkpoint 'checkpoints_CNN/mnist_VAE_s25_v20_SE/last' (iter 2430, epoch 9.0)
=> saved checkpoint 'checkpoint_scores_CNN/mnist_VAE_s25_v20_SE/last' (iter 2430, epoch 9.0)
[Save Checkpoint] epoch: [9.0], Train: total:6896.57764, BCE:-16.27090, KLD:6912.84766,Test: total:27459.49414, BCE:-16.57263, KLD:27476.06641
=> saved checkpoint 'checkpoints_CNN/mnist_VAE_s25_v20_SE/last' (iter 2700, epoch 10.0)
=> saved checkpoint 'checkpoint_scores_CNN/mnist_VAE_s25_v20_SE/last' (iter 2700, epoch 10.0)
[Save Checkpoint] epoch: [10.0], Train: total:6773.65381, BCE:-16.30998, KLD:6789.96143,Test: total:26948.98828, BCE:-16.64665, KLD:26965.63086
=> saved checkpoint 'checkpoints_CNN/mnist_VAE_s25_v20_SE/last' (iter 2970, epoch 11.0)
=> saved checkpoint 'checkpoint_scores_CNN/mnist_VAE_s25_v20_SE/last' (iter 2970, epoch 11.0)
EarlyStopping counter: 1 out of 25
[Save Checkpoint] epoch: [11.0], Train: total:6769.56787, BCE:-16.52251, KLD:6786.08643,Test: total:26913.23242, BCE:-16.86394, KLD:26930.09766
=> saved checkpoint 'checkpoints_CNN/mnist_VAE_s25_v20_SE/last' (iter 3240, epoch 12.0)
=> saved checkpoint 'checkpoint_scores_CNN/mnist_VAE_s25_v20_SE/last' (iter 3240, epoch 12.0)
[Save Checkpoint] epoch: [12.0], Train: total:6760.93359, BCE:-15.54263, KLD:6776.47998,Test: total:26879.21875, BCE:-15.89925, KLD:26895.11914
=> saved checkpoint 'checkpoints_CNN/mnist_VAE_s25_v20_SE/last' (iter 3510, epoch 13.0)
=> saved checkpoint 'checkpoint_scores_CNN/mnist_VAE_s25_v20_SE/last' (iter 3510, epoch 13.0)
[Save Checkpoint] epoch: [13.0], Train: total:6776.96045, BCE:-15.70777, KLD:6792.66748,Test: total:26923.21680, BCE:-16.05325, KLD:26939.26562
=> saved checkpoint 'checkpoints_CNN/mnist_VAE_s25_v20_SE/last' (iter 3780, epoch 14.0)
=> saved checkpoint 'checkpoint_scores_CNN/mnist_VAE_s25_v20_SE/last' (iter 3780, epoch 14.0)
[Save Checkpoint] epoch: [14.0], Train: total:6826.26318, BCE:-16.32208, KLD:6842.58350,Test: total:27129.88477, BCE:-16.71431, KLD:27146.59961
=> saved checkpoint 'checkpoints_CNN/mnist_VAE_s25_v20_SE/last' (iter 4050, epoch 15.0)
=> saved checkpoint 'checkpoint_scores_CNN/mnist_VAE_s25_v20_SE/last' (iter 4050, epoch 15.0)
[Save Checkpoint] epoch: [15.0], Train: total:6833.22363, BCE:-16.45053, KLD:6849.67432,Test: total:27187.23828, BCE:-16.84208, KLD:27204.08203
=> saved checkpoint 'checkpoints_CNN/mnist_VAE_s25_v20_SE/last' (iter 4320, epoch 16.0)
=> saved checkpoint 'checkpoint_scores_CNN/mnist_VAE_s25_v20_SE/last' (iter 4320, epoch 16.0)
EarlyStopping counter: 1 out of 25
[Save Checkpoint] epoch: [16.0], Train: total:6700.60303, BCE:-16.49297, KLD:6717.09766,Test: total:26625.67578, BCE:-16.86352, KLD:26642.54102
=> saved checkpoint 'checkpoints_CNN/mnist_VAE_s25_v20_SE/last' (iter 4590, epoch 17.0)
=> saved checkpoint 'checkpoint_scores_CNN/mnist_VAE_s25_v20_SE/last' (iter 4590, epoch 17.0)
EarlyStopping counter: 2 out of 25
[Save Checkpoint] epoch: [17.0], Train: total:6668.11621, BCE:-17.33172, KLD:6685.44873,Test: total:26486.04492, BCE:-17.74468, KLD:26503.78711
=> saved checkpoint 'checkpoints_CNN/mnist_VAE_s25_v20_SE/last' (iter 4860, epoch 18.0)
=> saved checkpoint 'checkpoint_scores_CNN/mnist_VAE_s25_v20_SE/last' (iter 4860, epoch 18.0)
EarlyStopping counter: 3 out of 25
[Save Checkpoint] epoch: [18.0], Train: total:6636.34277, BCE:-18.06471, KLD:6654.40967,Test: total:26365.66211, BCE:-18.44909, KLD:26384.11328
=> saved checkpoint 'checkpoints_CNN/mnist_VAE_s25_v20_SE/last' (iter 5130, epoch 19.0)
=> saved checkpoint 'checkpoint_scores_CNN/mnist_VAE_s25_v20_SE/last' (iter 5130, epoch 19.0)
[Save Checkpoint] epoch: [19.0], Train: total:6624.46533, BCE:-18.73022, KLD:6643.19727,Test: total:26298.42578, BCE:-19.14804, KLD:26317.57617
=> saved checkpoint 'checkpoints_CNN/mnist_VAE_s25_v20_SE/last' (iter 5400, epoch 20.0)
=> saved checkpoint 'checkpoint_scores_CNN/mnist_VAE_s25_v20_SE/last' (iter 5400, epoch 20.0)
EarlyStopping counter: 1 out of 25
[Save Checkpoint] epoch: [20.0], Train: total:6703.11279, BCE:-19.10388, KLD:6722.21680,Test: total:26600.83789, BCE:-19.49892, KLD:26620.33789
=> saved checkpoint 'checkpoints_CNN/mnist_VAE_s25_v20_SE/last' (iter 5670, epoch 21.0)
=> saved checkpoint 'checkpoint_scores_CNN/mnist_VAE_s25_v20_SE/last' (iter 5670, epoch 21.0)
[Save Checkpoint] epoch: [21.0], Train: total:6687.49805, BCE:-19.51642, KLD:6707.01709,Test: total:26570.93750, BCE:-19.93319, KLD:26590.87500
=> saved checkpoint 'checkpoints_CNN/mnist_VAE_s25_v20_SE/last' (iter 5940, epoch 22.0)
=> saved checkpoint 'checkpoint_scores_CNN/mnist_VAE_s25_v20_SE/last' (iter 5940, epoch 22.0)
[Save Checkpoint] epoch: [22.0], Train: total:6649.07373, BCE:-19.87769, KLD:6668.95215,Test: total:26393.15039, BCE:-20.30393, KLD:26413.45703
=> saved checkpoint 'checkpoints_CNN/mnist_VAE_s25_v20_SE/last' (iter 6210, epoch 23.0)
=> saved checkpoint 'checkpoint_scores_CNN/mnist_VAE_s25_v20_SE/last' (iter 6210, epoch 23.0)
EarlyStopping counter: 1 out of 25
[Save Checkpoint] epoch: [23.0], Train: total:6648.57227, BCE:-20.31673, KLD:6668.88867,Test: total:26383.86914, BCE:-20.71987, KLD:26404.58789
=> saved checkpoint 'checkpoints_CNN/mnist_VAE_s25_v20_SE/last' (iter 6480, epoch 24.0)
=> saved checkpoint 'checkpoint_scores_CNN/mnist_VAE_s25_v20_SE/last' (iter 6480, epoch 24.0)
EarlyStopping counter: 2 out of 25
[Save Checkpoint] epoch: [24.0], Train: total:6550.72021, BCE:-20.40198, KLD:6571.12451,Test: total:25987.11328, BCE:-20.81216, KLD:26007.92383
=> saved checkpoint 'checkpoints_CNN/mnist_VAE_s25_v20_SE/last' (iter 6750, epoch 25.0)
=> saved checkpoint 'checkpoint_scores_CNN/mnist_VAE_s25_v20_SE/last' (iter 6750, epoch 25.0)
EarlyStopping counter: 3 out of 25
[Save Checkpoint] epoch: [25.0], Train: total:6523.35449, BCE:-20.96928, KLD:6544.32666,Test: total:25903.27344, BCE:-21.39098, KLD:25924.66406
=> saved checkpoint 'checkpoints_CNN/mnist_VAE_s25_v20_SE/last' (iter 7020, epoch 26.0)
=> saved checkpoint 'checkpoint_scores_CNN/mnist_VAE_s25_v20_SE/last' (iter 7020, epoch 26.0)
[Save Checkpoint] epoch: [26.0], Train: total:6480.97900, BCE:-20.99687, KLD:6501.97412,Test: total:25725.12891, BCE:-21.38174, KLD:25746.51367
=> saved checkpoint 'checkpoints_CNN/mnist_VAE_s25_v20_SE/last' (iter 7290, epoch 27.0)
=> saved checkpoint 'checkpoint_scores_CNN/mnist_VAE_s25_v20_SE/last' (iter 7290, epoch 27.0)
[Save Checkpoint] epoch: [27.0], Train: total:6579.35254, BCE:-21.63476, KLD:6600.98975,Test: total:26123.21680, BCE:-22.02700, KLD:26145.24609
=> saved checkpoint 'checkpoints_CNN/mnist_VAE_s25_v20_SE/last' (iter 7560, epoch 28.0)
=> saved checkpoint 'checkpoint_scores_CNN/mnist_VAE_s25_v20_SE/last' (iter 7560, epoch 28.0)
EarlyStopping counter: 1 out of 25
[Save Checkpoint] epoch: [28.0], Train: total:6397.12158, BCE:-22.25942, KLD:6419.37744,Test: total:25400.96484, BCE:-22.64598, KLD:25423.60938
=> saved checkpoint 'checkpoints_CNN/mnist_VAE_s25_v20_SE/last' (iter 7830, epoch 29.0)
=> saved checkpoint 'checkpoint_scores_CNN/mnist_VAE_s25_v20_SE/last' (iter 7830, epoch 29.0)
EarlyStopping counter: 2 out of 25
[Save Checkpoint] epoch: [29.0], Train: total:6451.90186, BCE:-22.15732, KLD:6474.05957,Test: total:25611.92773, BCE:-22.53429, KLD:25634.45898
=> saved checkpoint 'checkpoints_CNN/mnist_VAE_s25_v20_SE/last' (iter 8100, epoch 30.0)
=> saved checkpoint 'checkpoint_scores_CNN/mnist_VAE_s25_v20_SE/last' (iter 8100, epoch 30.0)
[Save Checkpoint] epoch: [30.0], Train: total:6478.01855, BCE:-22.56342, KLD:6500.58057,Test: total:25686.74805, BCE:-22.95907, KLD:25709.70898
=> saved checkpoint 'checkpoints_CNN/mnist_VAE_s25_v20_SE/last' (iter 8370, epoch 31.0)
=> saved checkpoint 'checkpoint_scores_CNN/mnist_VAE_s25_v20_SE/last' (iter 8370, epoch 31.0)
[Save Checkpoint] epoch: [31.0], Train: total:6471.42920, BCE:-23.59869, KLD:6495.02930,Test: total:25692.83594, BCE:-23.99709, KLD:25716.83398
=> saved checkpoint 'checkpoints_CNN/mnist_VAE_s25_v20_SE/last' (iter 8640, epoch 32.0)
=> saved checkpoint 'checkpoint_scores_CNN/mnist_VAE_s25_v20_SE/last' (iter 8640, epoch 32.0)
EarlyStopping counter: 1 out of 25
[Save Checkpoint] epoch: [32.0], Train: total:6466.57275, BCE:-23.61587, KLD:6490.18506,Test: total:25658.06250, BCE:-23.97178, KLD:25682.03516
=> saved checkpoint 'checkpoints_CNN/mnist_VAE_s25_v20_SE/last' (iter 8910, epoch 33.0)
=> saved checkpoint 'checkpoint_scores_CNN/mnist_VAE_s25_v20_SE/last' (iter 8910, epoch 33.0)
EarlyStopping counter: 2 out of 25
[Save Checkpoint] epoch: [33.0], Train: total:6519.88623, BCE:-24.14262, KLD:6544.03027,Test: total:25902.98633, BCE:-24.51157, KLD:25927.50000
=> saved checkpoint 'checkpoints_CNN/mnist_VAE_s25_v20_SE/last' (iter 9180, epoch 34.0)
=> saved checkpoint 'checkpoint_scores_CNN/mnist_VAE_s25_v20_SE/last' (iter 9180, epoch 34.0)
[Save Checkpoint] epoch: [34.0], Train: total:6449.11230, BCE:-24.54207, KLD:6473.65332,Test: total:25605.04492, BCE:-24.89968, KLD:25629.94336
=> saved checkpoint 'checkpoints_CNN/mnist_VAE_s25_v20_SE/last' (iter 9450, epoch 35.0)
=> saved checkpoint 'checkpoint_scores_CNN/mnist_VAE_s25_v20_SE/last' (iter 9450, epoch 35.0)
EarlyStopping counter: 1 out of 25
[Save Checkpoint] epoch: [35.0], Train: total:6476.80420, BCE:-24.94492, KLD:6501.75146,Test: total:25715.92383, BCE:-25.28955, KLD:25741.21680
=> saved checkpoint 'checkpoints_CNN/mnist_VAE_s25_v20_SE/last' (iter 9720, epoch 36.0)
=> saved checkpoint 'checkpoint_scores_CNN/mnist_VAE_s25_v20_SE/last' (iter 9720, epoch 36.0)
EarlyStopping counter: 2 out of 25
[Save Checkpoint] epoch: [36.0], Train: total:6341.87305, BCE:-24.67555, KLD:6366.54883,Test: total:25179.77734, BCE:-25.08327, KLD:25204.85742
=> saved checkpoint 'checkpoints_CNN/mnist_VAE_s25_v20_SE/last' (iter 9990, epoch 37.0)
=> saved checkpoint 'checkpoint_scores_CNN/mnist_VAE_s25_v20_SE/last' (iter 9990, epoch 37.0)
EarlyStopping counter: 3 out of 25
[Save Checkpoint] epoch: [37.0], Train: total:6333.25146, BCE:-25.01374, KLD:6358.26562,Test: total:25131.67578, BCE:-25.37772, KLD:25157.05273
=> saved checkpoint 'checkpoints_CNN/mnist_VAE_s25_v20_SE/last' (iter 10260, epoch 38.0)
=> saved checkpoint 'checkpoint_scores_CNN/mnist_VAE_s25_v20_SE/last' (iter 10260, epoch 38.0)
EarlyStopping counter: 4 out of 25
[Save Checkpoint] epoch: [38.0], Train: total:6483.70947, BCE:-25.83532, KLD:6509.54297,Test: total:25739.58008, BCE:-26.19147, KLD:25765.77148
Epoch    39: reducing learning rate of group 0 to 2.0000e-04.
=> saved checkpoint 'checkpoints_CNN/mnist_VAE_s25_v20_SE/last' (iter 10530, epoch 39.0)
=> saved checkpoint 'checkpoint_scores_CNN/mnist_VAE_s25_v20_SE/last' (iter 10530, epoch 39.0)
EarlyStopping counter: 5 out of 25
[Save Checkpoint] epoch: [39.0], Train: total:6506.13770, BCE:-26.09881, KLD:6532.23975,Test: total:25820.21680, BCE:-26.45638, KLD:25846.67383
=> saved checkpoint 'checkpoints_CNN/mnist_VAE_s25_v20_SE/last' (iter 10800, epoch 40.0)
=> saved checkpoint 'checkpoint_scores_CNN/mnist_VAE_s25_v20_SE/last' (iter 10800, epoch 40.0)
[Save Checkpoint] epoch: [40.0], Train: total:6363.13135, BCE:-25.73332, KLD:6388.86816,Test: total:25256.52148, BCE:-26.10060, KLD:25282.62305
=> saved checkpoint 'checkpoints_CNN/mnist_VAE_s25_v20_SE/last' (iter 11070, epoch 41.0)
=> saved checkpoint 'checkpoint_scores_CNN/mnist_VAE_s25_v20_SE/last' (iter 11070, epoch 41.0)
[Save Checkpoint] epoch: [41.0], Train: total:6404.76318, BCE:-25.98086, KLD:6430.74316,Test: total:25416.49414, BCE:-26.33311, KLD:25442.82812
=> saved checkpoint 'checkpoints_CNN/mnist_VAE_s25_v20_SE/last' (iter 11340, epoch 42.0)
=> saved checkpoint 'checkpoint_scores_CNN/mnist_VAE_s25_v20_SE/last' (iter 11340, epoch 42.0)
EarlyStopping counter: 1 out of 25
[Save Checkpoint] epoch: [42.0], Train: total:6344.41113, BCE:-25.98365, KLD:6370.39746,Test: total:25183.63477, BCE:-26.32977, KLD:25209.96289
=> saved checkpoint 'checkpoints_CNN/mnist_VAE_s25_v20_SE/last' (iter 11610, epoch 43.0)
=> saved checkpoint 'checkpoint_scores_CNN/mnist_VAE_s25_v20_SE/last' (iter 11610, epoch 43.0)
[Save Checkpoint] epoch: [43.0], Train: total:6396.89062, BCE:-26.18542, KLD:6423.07617,Test: total:25383.96289, BCE:-26.52398, KLD:25410.48633
=> saved checkpoint 'checkpoints_CNN/mnist_VAE_s25_v20_SE/last' (iter 11880, epoch 44.0)
=> saved checkpoint 'checkpoint_scores_CNN/mnist_VAE_s25_v20_SE/last' (iter 11880, epoch 44.0)
EarlyStopping counter: 1 out of 25
[Save Checkpoint] epoch: [44.0], Train: total:6369.38721, BCE:-26.18433, KLD:6395.57031,Test: total:25274.40039, BCE:-26.53293, KLD:25300.93555
=> saved checkpoint 'checkpoints_CNN/mnist_VAE_s25_v20_SE/last' (iter 12150, epoch 45.0)
=> saved checkpoint 'checkpoint_scores_CNN/mnist_VAE_s25_v20_SE/last' (iter 12150, epoch 45.0)
EarlyStopping counter: 2 out of 25
[Save Checkpoint] epoch: [45.0], Train: total:6340.09961, BCE:-26.07596, KLD:6366.17529,Test: total:25139.93555, BCE:-26.44274, KLD:25166.37891
=> saved checkpoint 'checkpoints_CNN/mnist_VAE_s25_v20_SE/last' (iter 12420, epoch 46.0)
=> saved checkpoint 'checkpoint_scores_CNN/mnist_VAE_s25_v20_SE/last' (iter 12420, epoch 46.0)
EarlyStopping counter: 3 out of 25
[Save Checkpoint] epoch: [46.0], Train: total:6370.30811, BCE:-26.36678, KLD:6396.67383,Test: total:25275.29492, BCE:-26.70516, KLD:25302.00000
=> saved checkpoint 'checkpoints_CNN/mnist_VAE_s25_v20_SE/last' (iter 12690, epoch 47.0)
=> saved checkpoint 'checkpoint_scores_CNN/mnist_VAE_s25_v20_SE/last' (iter 12690, epoch 47.0)
EarlyStopping counter: 4 out of 25
[Save Checkpoint] epoch: [47.0], Train: total:6346.18506, BCE:-26.22007, KLD:6372.40430,Test: total:25181.25586, BCE:-26.57675, KLD:25207.83398
=> saved checkpoint 'checkpoints_CNN/mnist_VAE_s25_v20_SE/last' (iter 12960, epoch 48.0)
=> saved checkpoint 'checkpoint_scores_CNN/mnist_VAE_s25_v20_SE/last' (iter 12960, epoch 48.0)
[Save Checkpoint] epoch: [48.0], Train: total:6360.93066, BCE:-26.42887, KLD:6387.35938,Test: total:25224.99023, BCE:-26.77471, KLD:25251.76367
=> saved checkpoint 'checkpoints_CNN/mnist_VAE_s25_v20_SE/last' (iter 13230, epoch 49.0)
=> saved checkpoint 'checkpoint_scores_CNN/mnist_VAE_s25_v20_SE/last' (iter 13230, epoch 49.0)
EarlyStopping counter: 1 out of 25
[Save Checkpoint] epoch: [49.0], Train: total:6345.91260, BCE:-26.34778, KLD:6372.26367,Test: total:25183.00000, BCE:-26.71473, KLD:25209.71484
=> saved checkpoint 'checkpoints_CNN/mnist_VAE_s25_v20_SE/last' (iter 13500, epoch 50.0)
=> saved checkpoint 'checkpoint_scores_CNN/mnist_VAE_s25_v20_SE/last' (iter 13500, epoch 50.0)
EarlyStopping counter: 2 out of 25
[Save Checkpoint] epoch: [50.0], Train: total:6396.44727, BCE:-26.55474, KLD:6423.00488,Test: total:25359.50391, BCE:-26.90490, KLD:25386.41016
=> saved checkpoint 'checkpoints_CNN/mnist_VAE_s25_v20_SE/last' (iter 13770, epoch 51.0)
=> saved checkpoint 'checkpoint_scores_CNN/mnist_VAE_s25_v20_SE/last' (iter 13770, epoch 51.0)
EarlyStopping counter: 3 out of 25
[Save Checkpoint] epoch: [51.0], Train: total:6342.84375, BCE:-26.49061, KLD:6369.33447,Test: total:25165.99414, BCE:-26.84636, KLD:25192.84180
=> saved checkpoint 'checkpoints_CNN/mnist_VAE_s25_v20_SE/last' (iter 14040, epoch 52.0)
=> saved checkpoint 'checkpoint_scores_CNN/mnist_VAE_s25_v20_SE/last' (iter 14040, epoch 52.0)
EarlyStopping counter: 4 out of 25
[Save Checkpoint] epoch: [52.0], Train: total:6279.18896, BCE:-26.70498, KLD:6305.89307,Test: total:24910.26953, BCE:-27.03930, KLD:24937.30664
Epoch    53: reducing learning rate of group 0 to 4.0000e-05.
=> saved checkpoint 'checkpoints_CNN/mnist_VAE_s25_v20_SE/last' (iter 14310, epoch 53.0)
=> saved checkpoint 'checkpoint_scores_CNN/mnist_VAE_s25_v20_SE/last' (iter 14310, epoch 53.0)
EarlyStopping counter: 5 out of 25
[Save Checkpoint] epoch: [53.0], Train: total:6346.97705, BCE:-26.72240, KLD:6373.69873,Test: total:25182.08203, BCE:-27.07662, KLD:25209.16016
=> saved checkpoint 'checkpoints_CNN/mnist_VAE_s25_v20_SE/last' (iter 14580, epoch 54.0)
=> saved checkpoint 'checkpoint_scores_CNN/mnist_VAE_s25_v20_SE/last' (iter 14580, epoch 54.0)
EarlyStopping counter: 6 out of 25
[Save Checkpoint] epoch: [54.0], Train: total:6330.36816, BCE:-26.55282, KLD:6356.92480,Test: total:25115.45898, BCE:-26.90893, KLD:25142.36914
=> saved checkpoint 'checkpoints_CNN/mnist_VAE_s25_v20_SE/last' (iter 14850, epoch 55.0)
=> saved checkpoint 'checkpoint_scores_CNN/mnist_VAE_s25_v20_SE/last' (iter 14850, epoch 55.0)
[Save Checkpoint] epoch: [55.0], Train: total:6333.48291, BCE:-26.66294, KLD:6360.14600,Test: total:25129.50195, BCE:-27.02913, KLD:25156.52930
=> saved checkpoint 'checkpoints_CNN/mnist_VAE_s25_v20_SE/last' (iter 15120, epoch 56.0)
=> saved checkpoint 'checkpoint_scores_CNN/mnist_VAE_s25_v20_SE/last' (iter 15120, epoch 56.0)
EarlyStopping counter: 1 out of 25
[Save Checkpoint] epoch: [56.0], Train: total:6335.00586, BCE:-26.79635, KLD:6361.79736,Test: total:25137.00000, BCE:-27.14249, KLD:25164.14258
=> saved checkpoint 'checkpoints_CNN/mnist_VAE_s25_v20_SE/last' (iter 15390, epoch 57.0)
=> saved checkpoint 'checkpoint_scores_CNN/mnist_VAE_s25_v20_SE/last' (iter 15390, epoch 57.0)
EarlyStopping counter: 2 out of 25
[Save Checkpoint] epoch: [57.0], Train: total:6329.08594, BCE:-26.80805, KLD:6355.89502,Test: total:25106.78906, BCE:-27.14315, KLD:25133.93555
=> saved checkpoint 'checkpoints_CNN/mnist_VAE_s25_v20_SE/last' (iter 15660, epoch 58.0)
=> saved checkpoint 'checkpoint_scores_CNN/mnist_VAE_s25_v20_SE/last' (iter 15660, epoch 58.0)
EarlyStopping counter: 3 out of 25
[Save Checkpoint] epoch: [58.0], Train: total:6320.34033, BCE:-26.81501, KLD:6347.15723,Test: total:25071.82227, BCE:-27.15593, KLD:25098.98047
=> saved checkpoint 'checkpoints_CNN/mnist_VAE_s25_v20_SE/last' (iter 15930, epoch 59.0)
=> saved checkpoint 'checkpoint_scores_CNN/mnist_VAE_s25_v20_SE/last' (iter 15930, epoch 59.0)
EarlyStopping counter: 4 out of 25
[Save Checkpoint] epoch: [59.0], Train: total:6328.01123, BCE:-26.76237, KLD:6354.77148,Test: total:25106.50000, BCE:-27.10654, KLD:25133.60742
Epoch    60: reducing learning rate of group 0 to 8.0000e-06.
=> saved checkpoint 'checkpoints_CNN/mnist_VAE_s25_v20_SE/last' (iter 16200, epoch 60.0)
=> saved checkpoint 'checkpoint_scores_CNN/mnist_VAE_s25_v20_SE/last' (iter 16200, epoch 60.0)
EarlyStopping counter: 5 out of 25
[Save Checkpoint] epoch: [60.0], Train: total:6323.10254, BCE:-26.86675, KLD:6349.96826,Test: total:25086.91211, BCE:-27.20890, KLD:25114.12305
=> saved checkpoint 'checkpoints_CNN/mnist_VAE_s25_v20_SE/last' (iter 16470, epoch 61.0)
=> saved checkpoint 'checkpoint_scores_CNN/mnist_VAE_s25_v20_SE/last' (iter 16470, epoch 61.0)
[Save Checkpoint] epoch: [61.0], Train: total:6332.89355, BCE:-26.89696, KLD:6359.79297,Test: total:25125.43555, BCE:-27.23810, KLD:25152.67188
=> saved checkpoint 'checkpoints_CNN/mnist_VAE_s25_v20_SE/last' (iter 16740, epoch 62.0)
=> saved checkpoint 'checkpoint_scores_CNN/mnist_VAE_s25_v20_SE/last' (iter 16740, epoch 62.0)
EarlyStopping counter: 1 out of 25
[Save Checkpoint] epoch: [62.0], Train: total:6336.97803, BCE:-26.91372, KLD:6363.89502,Test: total:25140.39258, BCE:-27.23588, KLD:25167.62891
=> saved checkpoint 'checkpoints_CNN/mnist_VAE_s25_v20_SE/last' (iter 17010, epoch 63.0)
=> saved checkpoint 'checkpoint_scores_CNN/mnist_VAE_s25_v20_SE/last' (iter 17010, epoch 63.0)
EarlyStopping counter: 2 out of 25
[Save Checkpoint] epoch: [63.0], Train: total:6336.32227, BCE:-26.94286, KLD:6363.26758,Test: total:25137.56836, BCE:-27.28899, KLD:25164.85742
=> saved checkpoint 'checkpoints_CNN/mnist_VAE_s25_v20_SE/last' (iter 17280, epoch 64.0)
=> saved checkpoint 'checkpoint_scores_CNN/mnist_VAE_s25_v20_SE/last' (iter 17280, epoch 64.0)
EarlyStopping counter: 3 out of 25
[Save Checkpoint] epoch: [64.0], Train: total:6334.63721, BCE:-26.97268, KLD:6361.61084,Test: total:25130.43555, BCE:-27.32811, KLD:25157.76367
=> saved checkpoint 'checkpoints_CNN/mnist_VAE_s25_v20_SE/last' (iter 17550, epoch 65.0)
=> saved checkpoint 'checkpoint_scores_CNN/mnist_VAE_s25_v20_SE/last' (iter 17550, epoch 65.0)
EarlyStopping counter: 4 out of 25
[Save Checkpoint] epoch: [65.0], Train: total:6327.38037, BCE:-26.95673, KLD:6354.33594,Test: total:25100.73242, BCE:-27.28705, KLD:25128.01953
Epoch    66: reducing learning rate of group 0 to 1.6000e-06.
=> saved checkpoint 'checkpoints_CNN/mnist_VAE_s25_v20_SE/last' (iter 17820, epoch 66.0)
=> saved checkpoint 'checkpoint_scores_CNN/mnist_VAE_s25_v20_SE/last' (iter 17820, epoch 66.0)
EarlyStopping counter: 5 out of 25
[Save Checkpoint] epoch: [66.0], Train: total:6329.06494, BCE:-26.91722, KLD:6355.98096,Test: total:25106.55273, BCE:-27.26932, KLD:25133.82227
=> saved checkpoint 'checkpoints_CNN/mnist_VAE_s25_v20_SE/last' (iter 18090, epoch 67.0)
=> saved checkpoint 'checkpoint_scores_CNN/mnist_VAE_s25_v20_SE/last' (iter 18090, epoch 67.0)
EarlyStopping counter: 6 out of 25
[Save Checkpoint] epoch: [67.0], Train: total:6331.53125, BCE:-26.94081, KLD:6358.47314,Test: total:25116.23633, BCE:-27.28441, KLD:25143.52148
=> saved checkpoint 'checkpoints_CNN/mnist_VAE_s25_v20_SE/last' (iter 18360, epoch 68.0)
=> saved checkpoint 'checkpoint_scores_CNN/mnist_VAE_s25_v20_SE/last' (iter 18360, epoch 68.0)
EarlyStopping counter: 7 out of 25
[Save Checkpoint] epoch: [68.0], Train: total:6335.32373, BCE:-26.94717, KLD:6362.27148,Test: total:25131.73047, BCE:-27.28537, KLD:25159.01562
=> saved checkpoint 'checkpoints_CNN/mnist_VAE_s25_v20_SE/last' (iter 18630, epoch 69.0)
=> saved checkpoint 'checkpoint_scores_CNN/mnist_VAE_s25_v20_SE/last' (iter 18630, epoch 69.0)
EarlyStopping counter: 8 out of 25
[Save Checkpoint] epoch: [69.0], Train: total:6333.17578, BCE:-26.95408, KLD:6360.13281,Test: total:25122.89453, BCE:-27.29431, KLD:25150.18750
=> saved checkpoint 'checkpoints_CNN/mnist_VAE_s25_v20_SE/last' (iter 18900, epoch 70.0)
=> saved checkpoint 'checkpoint_scores_CNN/mnist_VAE_s25_v20_SE/last' (iter 18900, epoch 70.0)
EarlyStopping counter: 9 out of 25
[Save Checkpoint] epoch: [70.0], Train: total:6334.10938, BCE:-26.94521, KLD:6361.05566,Test: total:25126.66211, BCE:-27.29847, KLD:25153.96094
Epoch    71: reducing learning rate of group 0 to 1.0000e-06.
=> saved checkpoint 'checkpoints_CNN/mnist_VAE_s25_v20_SE/last' (iter 19170, epoch 71.0)
=> saved checkpoint 'checkpoint_scores_CNN/mnist_VAE_s25_v20_SE/last' (iter 19170, epoch 71.0)
EarlyStopping counter: 10 out of 25
[Save Checkpoint] epoch: [71.0], Train: total:6333.43262, BCE:-26.95404, KLD:6360.38623,Test: total:25123.73242, BCE:-27.29049, KLD:25151.02539
=> saved checkpoint 'checkpoints_CNN/mnist_VAE_s25_v20_SE/last' (iter 19440, epoch 72.0)
=> saved checkpoint 'checkpoint_scores_CNN/mnist_VAE_s25_v20_SE/last' (iter 19440, epoch 72.0)
EarlyStopping counter: 11 out of 25
[Save Checkpoint] epoch: [72.0], Train: total:6333.57520, BCE:-26.96693, KLD:6360.54395,Test: total:25124.07031, BCE:-27.29178, KLD:25151.36133
=> saved checkpoint 'checkpoints_CNN/mnist_VAE_s25_v20_SE/last' (iter 19710, epoch 73.0)
=> saved checkpoint 'checkpoint_scores_CNN/mnist_VAE_s25_v20_SE/last' (iter 19710, epoch 73.0)
EarlyStopping counter: 12 out of 25
[Save Checkpoint] epoch: [73.0], Train: total:6335.68652, BCE:-26.97446, KLD:6362.66162,Test: total:25132.46680, BCE:-27.30243, KLD:25159.76953
=> saved checkpoint 'checkpoints_CNN/mnist_VAE_s25_v20_SE/last' (iter 19980, epoch 74.0)
=> saved checkpoint 'checkpoint_scores_CNN/mnist_VAE_s25_v20_SE/last' (iter 19980, epoch 74.0)
EarlyStopping counter: 13 out of 25
[Save Checkpoint] epoch: [74.0], Train: total:6336.69971, BCE:-26.96605, KLD:6363.66797,Test: total:25136.75586, BCE:-27.30900, KLD:25164.06250
=> saved checkpoint 'checkpoints_CNN/mnist_VAE_s25_v20_SE/last' (iter 20250, epoch 75.0)
=> saved checkpoint 'checkpoint_scores_CNN/mnist_VAE_s25_v20_SE/last' (iter 20250, epoch 75.0)
EarlyStopping counter: 14 out of 25
[Save Checkpoint] epoch: [75.0], Train: total:6335.71680, BCE:-26.97659, KLD:6362.69629,Test: total:25133.16406, BCE:-27.30658, KLD:25160.46875
=> saved checkpoint 'checkpoints_CNN/mnist_VAE_s25_v20_SE/last' (iter 20520, epoch 76.0)
=> saved checkpoint 'checkpoint_scores_CNN/mnist_VAE_s25_v20_SE/last' (iter 20520, epoch 76.0)
EarlyStopping counter: 15 out of 25
[Save Checkpoint] epoch: [76.0], Train: total:6335.48926, BCE:-26.97406, KLD:6362.45947,Test: total:25132.25977, BCE:-27.31071, KLD:25159.56836
=> saved checkpoint 'checkpoints_CNN/mnist_VAE_s25_v20_SE/last' (iter 20790, epoch 77.0)
=> saved checkpoint 'checkpoint_scores_CNN/mnist_VAE_s25_v20_SE/last' (iter 20790, epoch 77.0)
[Save Checkpoint] epoch: [77.0], Train: total:6332.83887, BCE:-26.98317, KLD:6359.82324,Test: total:25121.64648, BCE:-27.33653, KLD:25148.98242
=> saved checkpoint 'checkpoints_CNN/mnist_VAE_s25_v20_SE/last' (iter 21060, epoch 78.0)
=> saved checkpoint 'checkpoint_scores_CNN/mnist_VAE_s25_v20_SE/last' (iter 21060, epoch 78.0)
EarlyStopping counter: 1 out of 25
[Save Checkpoint] epoch: [78.0], Train: total:6336.70752, BCE:-26.98079, KLD:6363.68896,Test: total:25137.06836, BCE:-27.33628, KLD:25164.40430
=> saved checkpoint 'checkpoints_CNN/mnist_VAE_s25_v20_SE/last' (iter 21330, epoch 79.0)
=> saved checkpoint 'checkpoint_scores_CNN/mnist_VAE_s25_v20_SE/last' (iter 21330, epoch 79.0)
EarlyStopping counter: 2 out of 25
[Save Checkpoint] epoch: [79.0], Train: total:6334.62891, BCE:-26.97638, KLD:6361.60303,Test: total:25129.17578, BCE:-27.30353, KLD:25156.48047
=> saved checkpoint 'checkpoints_CNN/mnist_VAE_s25_v20_SE/last' (iter 21600, epoch 80.0)
=> saved checkpoint 'checkpoint_scores_CNN/mnist_VAE_s25_v20_SE/last' (iter 21600, epoch 80.0)
EarlyStopping counter: 3 out of 25
[Save Checkpoint] epoch: [80.0], Train: total:6334.04639, BCE:-26.97876, KLD:6361.02637,Test: total:25126.55664, BCE:-27.33085, KLD:25153.88867
=> saved checkpoint 'checkpoints_CNN/mnist_VAE_s25_v20_SE/last' (iter 21870, epoch 81.0)
=> saved checkpoint 'checkpoint_scores_CNN/mnist_VAE_s25_v20_SE/last' (iter 21870, epoch 81.0)
EarlyStopping counter: 4 out of 25
[Save Checkpoint] epoch: [81.0], Train: total:6336.92090, BCE:-26.99940, KLD:6363.91992,Test: total:25138.00586, BCE:-27.33539, KLD:25165.34180
=> saved checkpoint 'checkpoints_CNN/mnist_VAE_s25_v20_SE/last' (iter 22140, epoch 82.0)
=> saved checkpoint 'checkpoint_scores_CNN/mnist_VAE_s25_v20_SE/last' (iter 22140, epoch 82.0)
EarlyStopping counter: 5 out of 25
[Save Checkpoint] epoch: [82.0], Train: total:6333.58789, BCE:-26.98586, KLD:6360.57031,Test: total:25124.66211, BCE:-27.32826, KLD:25151.99023
=> saved checkpoint 'checkpoints_CNN/mnist_VAE_s25_v20_SE/last' (iter 22410, epoch 83.0)
=> saved checkpoint 'checkpoint_scores_CNN/mnist_VAE_s25_v20_SE/last' (iter 22410, epoch 83.0)
EarlyStopping counter: 6 out of 25
[Save Checkpoint] epoch: [83.0], Train: total:6333.12354, BCE:-26.98275, KLD:6360.10596,Test: total:25122.93164, BCE:-27.32250, KLD:25150.25586
=> saved checkpoint 'checkpoints_CNN/mnist_VAE_s25_v20_SE/last' (iter 22680, epoch 84.0)
=> saved checkpoint 'checkpoint_scores_CNN/mnist_VAE_s25_v20_SE/last' (iter 22680, epoch 84.0)
EarlyStopping counter: 7 out of 25
[Save Checkpoint] epoch: [84.0], Train: total:6332.59229, BCE:-26.97826, KLD:6359.56934,Test: total:25120.86523, BCE:-27.33232, KLD:25148.19727
=> saved checkpoint 'checkpoints_CNN/mnist_VAE_s25_v20_SE/last' (iter 22950, epoch 85.0)
=> saved checkpoint 'checkpoint_scores_CNN/mnist_VAE_s25_v20_SE/last' (iter 22950, epoch 85.0)
EarlyStopping counter: 8 out of 25
[Save Checkpoint] epoch: [85.0], Train: total:6332.70020, BCE:-26.98408, KLD:6359.68408,Test: total:25121.12695, BCE:-27.32557, KLD:25148.45117
=> saved checkpoint 'checkpoints_CNN/mnist_VAE_s25_v20_SE/last' (iter 23220, epoch 86.0)
=> saved checkpoint 'checkpoint_scores_CNN/mnist_VAE_s25_v20_SE/last' (iter 23220, epoch 86.0)
EarlyStopping counter: 9 out of 25
[Save Checkpoint] epoch: [86.0], Train: total:6333.47607, BCE:-26.98108, KLD:6360.45752,Test: total:25124.87305, BCE:-27.33514, KLD:25152.20898
=> saved checkpoint 'checkpoints_CNN/mnist_VAE_s25_v20_SE/last' (iter 23490, epoch 87.0)
=> saved checkpoint 'checkpoint_scores_CNN/mnist_VAE_s25_v20_SE/last' (iter 23490, epoch 87.0)
EarlyStopping counter: 10 out of 25
[Save Checkpoint] epoch: [87.0], Train: total:6337.40186, BCE:-26.97678, KLD:6364.37842,Test: total:25140.56641, BCE:-27.32842, KLD:25167.89648
=> saved checkpoint 'checkpoints_CNN/mnist_VAE_s25_v20_SE/last' (iter 23760, epoch 88.0)
=> saved checkpoint 'checkpoint_scores_CNN/mnist_VAE_s25_v20_SE/last' (iter 23760, epoch 88.0)
EarlyStopping counter: 11 out of 25
[Save Checkpoint] epoch: [88.0], Train: total:6337.48779, BCE:-26.99622, KLD:6364.48438,Test: total:25140.91016, BCE:-27.33983, KLD:25168.25000
=> saved checkpoint 'checkpoints_CNN/mnist_VAE_s25_v20_SE/last' (iter 24030, epoch 89.0)
=> saved checkpoint 'checkpoint_scores_CNN/mnist_VAE_s25_v20_SE/last' (iter 24030, epoch 89.0)
EarlyStopping counter: 12 out of 25
[Save Checkpoint] epoch: [89.0], Train: total:6336.93213, BCE:-26.98938, KLD:6363.91943,Test: total:25138.60938, BCE:-27.33371, KLD:25165.94141
=> saved checkpoint 'checkpoints_CNN/mnist_VAE_s25_v20_SE/last' (iter 24300, epoch 90.0)
=> saved checkpoint 'checkpoint_scores_CNN/mnist_VAE_s25_v20_SE/last' (iter 24300, epoch 90.0)
EarlyStopping counter: 13 out of 25
[Save Checkpoint] epoch: [90.0], Train: total:6336.78906, BCE:-26.99533, KLD:6363.78271,Test: total:25138.34766, BCE:-27.35433, KLD:25165.69922
=> saved checkpoint 'checkpoints_CNN/mnist_VAE_s25_v20_SE/last' (iter 24570, epoch 91.0)
=> saved checkpoint 'checkpoint_scores_CNN/mnist_VAE_s25_v20_SE/last' (iter 24570, epoch 91.0)
EarlyStopping counter: 14 out of 25
[Save Checkpoint] epoch: [91.0], Train: total:6339.52002, BCE:-26.99122, KLD:6366.51465,Test: total:25149.30469, BCE:-27.33818, KLD:25176.64258
=> saved checkpoint 'checkpoints_CNN/mnist_VAE_s25_v20_SE/last' (iter 24840, epoch 92.0)
=> saved checkpoint 'checkpoint_scores_CNN/mnist_VAE_s25_v20_SE/last' (iter 24840, epoch 92.0)
EarlyStopping counter: 15 out of 25
[Save Checkpoint] epoch: [92.0], Train: total:6337.19141, BCE:-26.97718, KLD:6364.16748,Test: total:25139.83398, BCE:-27.32237, KLD:25167.15820
=> saved checkpoint 'checkpoints_CNN/mnist_VAE_s25_v20_SE/last' (iter 25110, epoch 93.0)
=> saved checkpoint 'checkpoint_scores_CNN/mnist_VAE_s25_v20_SE/last' (iter 25110, epoch 93.0)
EarlyStopping counter: 16 out of 25
[Save Checkpoint] epoch: [93.0], Train: total:6337.58203, BCE:-26.99135, KLD:6364.57715,Test: total:25141.55273, BCE:-27.33661, KLD:25168.89062
=> saved checkpoint 'checkpoints_CNN/mnist_VAE_s25_v20_SE/last' (iter 25380, epoch 94.0)
=> saved checkpoint 'checkpoint_scores_CNN/mnist_VAE_s25_v20_SE/last' (iter 25380, epoch 94.0)
EarlyStopping counter: 17 out of 25
[Save Checkpoint] epoch: [94.0], Train: total:6336.17676, BCE:-26.98903, KLD:6363.16797,Test: total:25135.94336, BCE:-27.33571, KLD:25163.27930
=> saved checkpoint 'checkpoints_CNN/mnist_VAE_s25_v20_SE/last' (iter 25650, epoch 95.0)
=> saved checkpoint 'checkpoint_scores_CNN/mnist_VAE_s25_v20_SE/last' (iter 25650, epoch 95.0)
EarlyStopping counter: 18 out of 25
[Save Checkpoint] epoch: [95.0], Train: total:6338.91016, BCE:-26.98435, KLD:6365.89502,Test: total:25146.46875, BCE:-27.33926, KLD:25173.80469
=> saved checkpoint 'checkpoints_CNN/mnist_VAE_s25_v20_SE/last' (iter 25920, epoch 96.0)
=> saved checkpoint 'checkpoint_scores_CNN/mnist_VAE_s25_v20_SE/last' (iter 25920, epoch 96.0)
EarlyStopping counter: 19 out of 25
[Save Checkpoint] epoch: [96.0], Train: total:6337.83691, BCE:-26.99499, KLD:6364.83203,Test: total:25142.47070, BCE:-27.31600, KLD:25169.78711
=> saved checkpoint 'checkpoints_CNN/mnist_VAE_s25_v20_SE/last' (iter 26190, epoch 97.0)
=> saved checkpoint 'checkpoint_scores_CNN/mnist_VAE_s25_v20_SE/last' (iter 26190, epoch 97.0)
EarlyStopping counter: 20 out of 25
[Save Checkpoint] epoch: [97.0], Train: total:6335.57324, BCE:-26.99023, KLD:6362.56494,Test: total:25133.64453, BCE:-27.33522, KLD:25160.97852
=> saved checkpoint 'checkpoints_CNN/mnist_VAE_s25_v20_SE/last' (iter 26460, epoch 98.0)
=> saved checkpoint 'checkpoint_scores_CNN/mnist_VAE_s25_v20_SE/last' (iter 26460, epoch 98.0)
EarlyStopping counter: 21 out of 25
[Save Checkpoint] epoch: [98.0], Train: total:6335.80469, BCE:-26.99512, KLD:6362.79932,Test: total:25134.35547, BCE:-27.35082, KLD:25161.70508
=> saved checkpoint 'checkpoints_CNN/mnist_VAE_s25_v20_SE/last' (iter 26730, epoch 99.0)
=> saved checkpoint 'checkpoint_scores_CNN/mnist_VAE_s25_v20_SE/last' (iter 26730, epoch 99.0)
EarlyStopping counter: 22 out of 25
[Save Checkpoint] epoch: [99.0], Train: total:6333.27588, BCE:-26.99359, KLD:6360.26611,Test: total:25124.63281, BCE:-27.32158, KLD:25151.95508
=> saved checkpoint 'checkpoints_CNN/mnist_VAE_s25_v20_SE/last' (iter 27000, epoch 100.0)
=> saved checkpoint 'checkpoint_scores_CNN/mnist_VAE_s25_v20_SE/last' (iter 27000, epoch 100.0)
EarlyStopping counter: 23 out of 25
[Save Checkpoint] epoch: [100.0], Train: total:6334.73340, BCE:-27.01024, KLD:6361.74463,Test: total:25130.42188, BCE:-27.36783, KLD:25157.78906
[Training Finished]
All done !
