50
--gpu_devices 0 --max_iter 100 --batch_size 250 --use_scheduler True --lr 1e-3 --GMP True --z_struct_size 10 --is_VAE True --is_encoder_struct False --lambda_BCE 1 --beta 1 --big_kernel_size 8 --two_conv_layer True --three_conv_layer True --kernel_size_1 4 --kernel_size_2 4 --kernel_size_3 4 --BK_in_first_layer True --BK_in_second_layer False --BK_in_third_layer False --stride_size 1 --hidden_filters_layer1 64 --hidden_filters_layer2 64 --hidden_filters_layer3 64 --dataset_balanced True --binary_z True --binary_first_conv False --binary_second_conv False --binary_third_conv True --z_var_size 20 --z_struct_size 25 --use_small_lr_encoder_var False --encoder_var_name None --encoder_struct_name mnist_struct_baseline_scheduler_binary_25 --freeze_Encoder True --exp_name mnist_VAE_s25_v20_SE
Namespace(BK_in_first_layer=True, BK_in_second_layer=False, BK_in_third_layer=False, BN=False, C_max=25, C_stop_iter=100000.0, E1_AE=False, E1_VAE=False, E1_conv=False, E1_dense=False, E1_second_conv=False, E1_second_conv_adapt=False, GMP=True, Hmg_dst_loss=False, IPC=False, L1_norm_act=False, L1_norm_weights=False, L3_without_random=False, LOG_DIR='logs', adapt_lr=False, add_classification_layer=True, add_linear_after_GMP=True, add_z_struct_bottleneck=False, alpha=32, batch_size=250, beta=1.0, beta1=0.9, beta2=0.999, big_kernel=False, big_kernel_size=8, binary_chain=False, binary_first_conv=False, binary_second_conv=False, binary_third_conv=True, binary_z=True, ckpt_dir='checkpoints_CNN', ckpt_dir_scores='checkpoint_scores_CNN', classif_layer_size=30, contrastive_loss=False, cuda=True, dataset='mnist', dataset_balanced=True, decoder_first_dense=36, decoder_kernel_size_1=4, decoder_kernel_size_2=3, decoder_kernel_size_3=4, decoder_n_filter_1=64, decoder_n_filter_2=64, decoder_n_filter_3=64, decoder_stride_1=2, decoder_stride_2=2, decoder_stride_3=1, diff_var=False, display_step=10000, dset_dir='data', encoder_struct_name='mnist_struct_baseline_scheduler_binary_25', encoder_var_name='None', exp_name='mnist_VAE_s25_v20_SE', freeze_Encoder=True, gamma=1000, gpu_devices=[0], hidden_filters_layer1=64, hidden_filters_layer2=64, hidden_filters_layer3=64, image_size=64, intra_class_variance_loss=False, is_C=True, is_E1=False, is_VAE=True, is_VAE_var=False, is_binary_structural_latent=False, is_custom_model=False, is_custom_model_BK=False, is_default_model=False, is_encoder_struct=False, is_noise_stats=False, is_partial_rand_class=False, is_perturbed_score=False, is_zvar_sim_loss=False, just_train=False, kernel_size=4, kernel_size_1=4, kernel_size_2=4, kernel_size_3=4, lambda_BCE=1.0, lambda_Kl_struct=1, lambda_Kl_var=1, lambda_L1=0.01, lambda_VAE=1, lambda_class=1, lambda_contrastive_loss=1, lambda_distance_mean=1, lambda_hmg_dst=1, lambda_intra_class_var=1, lambda_partial_class=1, lambda_ratio_reg=1, lambda_recon_wt_rand=1, lambda_recons=1, lambda_uniq_code_dst=1, lambda_var_distance=1, lambda_var_inter=1, lambda_var_intra=1, lambda_zvar_sim=1, latent_spec_cont=None, latent_spec_cont_class=None, latent_spec_cont_var=None, latent_spec_disc=None, latent_spec_disc_class=None, latent_spec_disc_var=None, log_level='info', loss='Proxy_Anchor', loss_distance_mean=False, loss_min_distance_cl=False, lr=0.001, max_epoch_use_uniq_code_target=5, max_iter=100.0, model='CNN', mrg=0.1, nb_epochs_train_only_zvar=0, num_workers=2, old_weighted=False, optimizer='adamw', other_architecture=False, other_ratio=False, random_percentage=0.2, random_seed=10, randomness=True, ratio_reg=False, remark='', save_step=10000, second_layer_C=False, seed=1, stride_size=1, sz_embedding=5, three_conv_layer=True, train=True, train_var_struct_alternatively=False, two_conv_layer=True, two_encoder=False, uniq_code_dst_loss=False, use_VAE=False, use_decoder=False, use_early_stopping=True, use_scheduler=True, use_small_lr_encoder_var=False, use_structural_encoder=False, value_target_distance_mean=1, var_hidden_dim=256, var_hidden_filters_1=32, var_hidden_filters_2=32, var_hidden_filters_3=32, var_kernel_size_1=3, var_kernel_size_2=3, var_kernel_size_3=3, var_second_cnn_block=False, var_stride_size_1=1, var_stride_size_2=1, var_stride_size_3=1, var_third_cnn_block=False, var_three_conv_layer=False, warm=1, without_acc=False, z_struct_size=25, z_var_size=20, zeros_W_Classif=False, zvar_sim_change_zvar=False, zvar_sim_loss_for_all_model=False, zvar_sim_loss_only_for_encoder=False, zvar_sim_normal=False, zvar_sim_var_rand=False)
CUDA Visible devices !
[Using Seed: 10]
Balanced dataset loaded
=> no checkpoint found at 'checkpoints_CNN/mnist_VAE_s25_v20_SE/last'
VAE doesn't exist but encoder struct yes ! load struct encoder weighs !
use 1 gpu who named: Tesla V100-SXM2-32GB
Weighs loaded for struct encoder !
VAE(
  (encoder_struct): Sequential(
    (0): Conv2d(1, 64, kernel_size=(8, 8), stride=(1, 1))
    (1): BatchNorm2d(64, eps=1e-05, momentum=0.1, affine=True, track_running_stats=True)
    (2): ReLU(inplace=True)
    (3): Conv2d(64, 64, kernel_size=(4, 4), stride=(1, 1))
    (4): BatchNorm2d(64, eps=1e-05, momentum=0.1, affine=True, track_running_stats=True)
    (5): ReLU(inplace=True)
    (6): Conv2d(64, 25, kernel_size=(4, 4), stride=(1, 1))
    (7): DeterministicBinaryActivation(
      (act): Hardsigmoid(
        (act): Hardtanh(min_val=-1.0, max_val=1.0)
      )
    )
    (8): AdaptiveMaxPool2d(output_size=(1, 1))
    (9): View()
  )
  (encoder_var): Sequential(
    (0): Conv2d(1, 32, kernel_size=(3, 3), stride=(1, 1))
    (1): ReLU(inplace=True)
    (2): BatchNorm2d(32, eps=1e-05, momentum=0.1, affine=True, track_running_stats=True)
    (3): Conv2d(32, 32, kernel_size=(3, 3), stride=(1, 1))
    (4): ReLU(inplace=True)
    (5): BatchNorm2d(32, eps=1e-05, momentum=0.1, affine=True, track_running_stats=True)
    (6): Conv2d(32, 32, kernel_size=(5, 5), stride=(2, 2), padding=(2, 2))
    (7): ReLU(inplace=True)
    (8): BatchNorm2d(32, eps=1e-05, momentum=0.1, affine=True, track_running_stats=True)
    (9): Dropout(p=0.4, inplace=False)
    (10): View()
    (11): Linear(in_features=6272, out_features=40, bias=True)
  )
  (decoder): Sequential(
    (0): Linear(in_features=45, out_features=6272, bias=True)
    (1): ReLU(inplace=True)
    (2): View()
    (3): ConvTranspose2d(32, 32, kernel_size=(4, 4), stride=(2, 2), padding=(1, 1))
    (4): ReLU(inplace=True)
    (5): ConvTranspose2d(32, 32, kernel_size=(3, 3), stride=(1, 1))
    (6): ReLU(inplace=True)
    (7): ConvTranspose2d(32, 1, kernel_size=(3, 3), stride=(1, 1))
    (8): Sigmoid()
  )
)
The number of parameters of model is 696418
=> saved checkpoint 'checkpoints_CNN/mnist_VAE_s25_v20_SE/last' (iter 270, epoch 1.0)
=> saved checkpoint 'checkpoint_scores_CNN/mnist_VAE_s25_v20_SE/last' (iter 270, epoch 1.0)
[Save Checkpoint] epoch: [1.0], Train: total:100.20872, BCE:0.75830, KLD:99.45044,Test: total:402.49872, BCE:0.93445, KLD:401.56421
=> saved checkpoint 'checkpoints_CNN/mnist_VAE_s25_v20_SE/last' (iter 540, epoch 2.0)
=> saved checkpoint 'checkpoint_scores_CNN/mnist_VAE_s25_v20_SE/last' (iter 540, epoch 2.0)
[Save Checkpoint] epoch: [2.0], Train: total:16.35922, BCE:0.70247, KLD:15.65675,Test: total:64.54189, BCE:0.88933, KLD:63.65256
=> saved checkpoint 'checkpoints_CNN/mnist_VAE_s25_v20_SE/last' (iter 810, epoch 3.0)
=> saved checkpoint 'checkpoint_scores_CNN/mnist_VAE_s25_v20_SE/last' (iter 810, epoch 3.0)
[Save Checkpoint] epoch: [3.0], Train: total:6.95272, BCE:0.66755, KLD:6.28517,Test: total:26.47561, BCE:0.85588, KLD:25.61973
=> saved checkpoint 'checkpoints_CNN/mnist_VAE_s25_v20_SE/last' (iter 1080, epoch 4.0)
=> saved checkpoint 'checkpoint_scores_CNN/mnist_VAE_s25_v20_SE/last' (iter 1080, epoch 4.0)
[Save Checkpoint] epoch: [4.0], Train: total:6.66962, BCE:0.62670, KLD:6.04291,Test: total:26.34988, BCE:0.81242, KLD:25.53746
=> saved checkpoint 'checkpoints_CNN/mnist_VAE_s25_v20_SE/last' (iter 1350, epoch 5.0)
=> saved checkpoint 'checkpoint_scores_CNN/mnist_VAE_s25_v20_SE/last' (iter 1350, epoch 5.0)
EarlyStopping counter: 1 out of 25
[Save Checkpoint] epoch: [5.0], Train: total:16.08258, BCE:0.63598, KLD:15.44660,Test: total:66.90807, BCE:0.82711, KLD:66.08095
=> saved checkpoint 'checkpoints_CNN/mnist_VAE_s25_v20_SE/last' (iter 1620, epoch 6.0)
=> saved checkpoint 'checkpoint_scores_CNN/mnist_VAE_s25_v20_SE/last' (iter 1620, epoch 6.0)
[Save Checkpoint] epoch: [6.0], Train: total:7.24857, BCE:0.61642, KLD:6.63216,Test: total:28.83339, BCE:0.80694, KLD:28.02646
=> saved checkpoint 'checkpoints_CNN/mnist_VAE_s25_v20_SE/last' (iter 1890, epoch 7.0)
=> saved checkpoint 'checkpoint_scores_CNN/mnist_VAE_s25_v20_SE/last' (iter 1890, epoch 7.0)
[Save Checkpoint] epoch: [7.0], Train: total:7.37393, BCE:0.60769, KLD:6.76624,Test: total:28.61216, BCE:0.80637, KLD:27.80580
Epoch     8: reducing learning rate of group 0 to 2.0000e-04.
=> saved checkpoint 'checkpoints_CNN/mnist_VAE_s25_v20_SE/last' (iter 2160, epoch 8.0)
=> saved checkpoint 'checkpoint_scores_CNN/mnist_VAE_s25_v20_SE/last' (iter 2160, epoch 8.0)
[Save Checkpoint] epoch: [8.0], Train: total:9.22925, BCE:0.60011, KLD:8.62915,Test: total:37.11206, BCE:0.79588, KLD:36.31619
=> saved checkpoint 'checkpoints_CNN/mnist_VAE_s25_v20_SE/last' (iter 2430, epoch 9.0)
=> saved checkpoint 'checkpoint_scores_CNN/mnist_VAE_s25_v20_SE/last' (iter 2430, epoch 9.0)
[Save Checkpoint] epoch: [9.0], Train: total:0.90719, BCE:0.59800, KLD:0.30920,Test: total:2.09634, BCE:0.78537, KLD:1.31097
=> saved checkpoint 'checkpoints_CNN/mnist_VAE_s25_v20_SE/last' (iter 2700, epoch 10.0)
=> saved checkpoint 'checkpoint_scores_CNN/mnist_VAE_s25_v20_SE/last' (iter 2700, epoch 10.0)
[Save Checkpoint] epoch: [10.0], Train: total:0.82711, BCE:0.59431, KLD:0.23280,Test: total:1.79016, BCE:0.79109, KLD:0.99907
=> saved checkpoint 'checkpoints_CNN/mnist_VAE_s25_v20_SE/last' (iter 2970, epoch 11.0)
=> saved checkpoint 'checkpoint_scores_CNN/mnist_VAE_s25_v20_SE/last' (iter 2970, epoch 11.0)
[Save Checkpoint] epoch: [11.0], Train: total:0.79359, BCE:0.59278, KLD:0.20081,Test: total:1.64889, BCE:0.78801, KLD:0.86088
=> saved checkpoint 'checkpoints_CNN/mnist_VAE_s25_v20_SE/last' (iter 3240, epoch 12.0)
=> saved checkpoint 'checkpoint_scores_CNN/mnist_VAE_s25_v20_SE/last' (iter 3240, epoch 12.0)
[Save Checkpoint] epoch: [12.0], Train: total:0.77809, BCE:0.59304, KLD:0.18505,Test: total:1.58551, BCE:0.78794, KLD:0.79757
=> saved checkpoint 'checkpoints_CNN/mnist_VAE_s25_v20_SE/last' (iter 3510, epoch 13.0)
=> saved checkpoint 'checkpoint_scores_CNN/mnist_VAE_s25_v20_SE/last' (iter 3510, epoch 13.0)
[Save Checkpoint] epoch: [13.0], Train: total:0.78868, BCE:0.58985, KLD:0.19883,Test: total:1.64208, BCE:0.78572, KLD:0.85636
Epoch    14: reducing learning rate of group 0 to 4.0000e-05.
=> saved checkpoint 'checkpoints_CNN/mnist_VAE_s25_v20_SE/last' (iter 3780, epoch 14.0)
=> saved checkpoint 'checkpoint_scores_CNN/mnist_VAE_s25_v20_SE/last' (iter 3780, epoch 14.0)
EarlyStopping counter: 1 out of 25
[Save Checkpoint] epoch: [14.0], Train: total:0.76993, BCE:0.58958, KLD:0.18035,Test: total:1.56252, BCE:0.77911, KLD:0.78341
=> saved checkpoint 'checkpoints_CNN/mnist_VAE_s25_v20_SE/last' (iter 4050, epoch 15.0)
=> saved checkpoint 'checkpoint_scores_CNN/mnist_VAE_s25_v20_SE/last' (iter 4050, epoch 15.0)
[Save Checkpoint] epoch: [15.0], Train: total:0.67665, BCE:0.58706, KLD:0.08959,Test: total:1.17271, BCE:0.77587, KLD:0.39684
=> saved checkpoint 'checkpoints_CNN/mnist_VAE_s25_v20_SE/last' (iter 4320, epoch 16.0)
=> saved checkpoint 'checkpoint_scores_CNN/mnist_VAE_s25_v20_SE/last' (iter 4320, epoch 16.0)
EarlyStopping counter: 1 out of 25
[Save Checkpoint] epoch: [16.0], Train: total:0.67379, BCE:0.58645, KLD:0.08734,Test: total:1.16658, BCE:0.78078, KLD:0.38580
=> saved checkpoint 'checkpoints_CNN/mnist_VAE_s25_v20_SE/last' (iter 4590, epoch 17.0)
=> saved checkpoint 'checkpoint_scores_CNN/mnist_VAE_s25_v20_SE/last' (iter 4590, epoch 17.0)
EarlyStopping counter: 2 out of 25
[Save Checkpoint] epoch: [17.0], Train: total:0.67447, BCE:0.58490, KLD:0.08957,Test: total:1.17777, BCE:0.78099, KLD:0.39678
=> saved checkpoint 'checkpoints_CNN/mnist_VAE_s25_v20_SE/last' (iter 4860, epoch 18.0)
=> saved checkpoint 'checkpoint_scores_CNN/mnist_VAE_s25_v20_SE/last' (iter 4860, epoch 18.0)
[Save Checkpoint] epoch: [18.0], Train: total:0.67538, BCE:0.58843, KLD:0.08695,Test: total:1.16461, BCE:0.78122, KLD:0.38338
Epoch    19: reducing learning rate of group 0 to 8.0000e-06.
=> saved checkpoint 'checkpoints_CNN/mnist_VAE_s25_v20_SE/last' (iter 5130, epoch 19.0)
=> saved checkpoint 'checkpoint_scores_CNN/mnist_VAE_s25_v20_SE/last' (iter 5130, epoch 19.0)
EarlyStopping counter: 1 out of 25
[Save Checkpoint] epoch: [19.0], Train: total:0.67278, BCE:0.58695, KLD:0.08583,Test: total:1.15941, BCE:0.77896, KLD:0.38045
=> saved checkpoint 'checkpoints_CNN/mnist_VAE_s25_v20_SE/last' (iter 5400, epoch 20.0)
=> saved checkpoint 'checkpoint_scores_CNN/mnist_VAE_s25_v20_SE/last' (iter 5400, epoch 20.0)
[Save Checkpoint] epoch: [20.0], Train: total:0.65388, BCE:0.58479, KLD:0.06909,Test: total:1.08970, BCE:0.77991, KLD:0.30979
=> saved checkpoint 'checkpoints_CNN/mnist_VAE_s25_v20_SE/last' (iter 5670, epoch 21.0)
=> saved checkpoint 'checkpoint_scores_CNN/mnist_VAE_s25_v20_SE/last' (iter 5670, epoch 21.0)
EarlyStopping counter: 1 out of 25
[Save Checkpoint] epoch: [21.0], Train: total:0.65168, BCE:0.58349, KLD:0.06819,Test: total:1.09190, BCE:0.78549, KLD:0.30640
=> saved checkpoint 'checkpoints_CNN/mnist_VAE_s25_v20_SE/last' (iter 5940, epoch 22.0)
=> saved checkpoint 'checkpoint_scores_CNN/mnist_VAE_s25_v20_SE/last' (iter 5940, epoch 22.0)
EarlyStopping counter: 2 out of 25
[Save Checkpoint] epoch: [22.0], Train: total:0.65230, BCE:0.58423, KLD:0.06807,Test: total:1.08645, BCE:0.78120, KLD:0.30525
=> saved checkpoint 'checkpoints_CNN/mnist_VAE_s25_v20_SE/last' (iter 6210, epoch 23.0)
=> saved checkpoint 'checkpoint_scores_CNN/mnist_VAE_s25_v20_SE/last' (iter 6210, epoch 23.0)
EarlyStopping counter: 3 out of 25
[Save Checkpoint] epoch: [23.0], Train: total:0.65118, BCE:0.58335, KLD:0.06783,Test: total:1.07441, BCE:0.77000, KLD:0.30441
Epoch    24: reducing learning rate of group 0 to 1.6000e-06.
=> saved checkpoint 'checkpoints_CNN/mnist_VAE_s25_v20_SE/last' (iter 6480, epoch 24.0)
=> saved checkpoint 'checkpoint_scores_CNN/mnist_VAE_s25_v20_SE/last' (iter 6480, epoch 24.0)
EarlyStopping counter: 4 out of 25
[Save Checkpoint] epoch: [24.0], Train: total:0.65677, BCE:0.58852, KLD:0.06825,Test: total:1.08884, BCE:0.78131, KLD:0.30753
=> saved checkpoint 'checkpoints_CNN/mnist_VAE_s25_v20_SE/last' (iter 6750, epoch 25.0)
=> saved checkpoint 'checkpoint_scores_CNN/mnist_VAE_s25_v20_SE/last' (iter 6750, epoch 25.0)
EarlyStopping counter: 5 out of 25
[Save Checkpoint] epoch: [25.0], Train: total:0.64862, BCE:0.58545, KLD:0.06317,Test: total:1.06941, BCE:0.78334, KLD:0.28607
=> saved checkpoint 'checkpoints_CNN/mnist_VAE_s25_v20_SE/last' (iter 7020, epoch 26.0)
=> saved checkpoint 'checkpoint_scores_CNN/mnist_VAE_s25_v20_SE/last' (iter 7020, epoch 26.0)
[Save Checkpoint] epoch: [26.0], Train: total:0.64678, BCE:0.58401, KLD:0.06277,Test: total:1.06212, BCE:0.77890, KLD:0.28322
=> saved checkpoint 'checkpoints_CNN/mnist_VAE_s25_v20_SE/last' (iter 7290, epoch 27.0)
=> saved checkpoint 'checkpoint_scores_CNN/mnist_VAE_s25_v20_SE/last' (iter 7290, epoch 27.0)
EarlyStopping counter: 1 out of 25
[Save Checkpoint] epoch: [27.0], Train: total:0.64651, BCE:0.58400, KLD:0.06250,Test: total:1.06415, BCE:0.78230, KLD:0.28185
=> saved checkpoint 'checkpoints_CNN/mnist_VAE_s25_v20_SE/last' (iter 7560, epoch 28.0)
=> saved checkpoint 'checkpoint_scores_CNN/mnist_VAE_s25_v20_SE/last' (iter 7560, epoch 28.0)
EarlyStopping counter: 2 out of 25
[Save Checkpoint] epoch: [28.0], Train: total:0.64741, BCE:0.58526, KLD:0.06214,Test: total:1.05654, BCE:0.77571, KLD:0.28083
Epoch    29: reducing learning rate of group 0 to 1.0000e-06.
=> saved checkpoint 'checkpoints_CNN/mnist_VAE_s25_v20_SE/last' (iter 7830, epoch 29.0)
=> saved checkpoint 'checkpoint_scores_CNN/mnist_VAE_s25_v20_SE/last' (iter 7830, epoch 29.0)
EarlyStopping counter: 3 out of 25
[Save Checkpoint] epoch: [29.0], Train: total:0.64528, BCE:0.58339, KLD:0.06189,Test: total:1.05615, BCE:0.77679, KLD:0.27936
=> saved checkpoint 'checkpoints_CNN/mnist_VAE_s25_v20_SE/last' (iter 8100, epoch 30.0)
=> saved checkpoint 'checkpoint_scores_CNN/mnist_VAE_s25_v20_SE/last' (iter 8100, epoch 30.0)
[Save Checkpoint] epoch: [30.0], Train: total:0.64495, BCE:0.58375, KLD:0.06120,Test: total:1.06073, BCE:0.78359, KLD:0.27714
=> saved checkpoint 'checkpoints_CNN/mnist_VAE_s25_v20_SE/last' (iter 8370, epoch 31.0)
=> saved checkpoint 'checkpoint_scores_CNN/mnist_VAE_s25_v20_SE/last' (iter 8370, epoch 31.0)
[Save Checkpoint] epoch: [31.0], Train: total:0.64436, BCE:0.58347, KLD:0.06090,Test: total:1.05624, BCE:0.78035, KLD:0.27589
=> saved checkpoint 'checkpoints_CNN/mnist_VAE_s25_v20_SE/last' (iter 8640, epoch 32.0)
=> saved checkpoint 'checkpoint_scores_CNN/mnist_VAE_s25_v20_SE/last' (iter 8640, epoch 32.0)
[Save Checkpoint] epoch: [32.0], Train: total:0.64153, BCE:0.58082, KLD:0.06070,Test: total:1.05375, BCE:0.77866, KLD:0.27510
=> saved checkpoint 'checkpoints_CNN/mnist_VAE_s25_v20_SE/last' (iter 8910, epoch 33.0)
=> saved checkpoint 'checkpoint_scores_CNN/mnist_VAE_s25_v20_SE/last' (iter 8910, epoch 33.0)
[Save Checkpoint] epoch: [33.0], Train: total:0.64598, BCE:0.58557, KLD:0.06041,Test: total:1.05307, BCE:0.77921, KLD:0.27387
=> saved checkpoint 'checkpoints_CNN/mnist_VAE_s25_v20_SE/last' (iter 9180, epoch 34.0)
=> saved checkpoint 'checkpoint_scores_CNN/mnist_VAE_s25_v20_SE/last' (iter 9180, epoch 34.0)
EarlyStopping counter: 1 out of 25
[Save Checkpoint] epoch: [34.0], Train: total:0.64076, BCE:0.58064, KLD:0.06012,Test: total:1.05325, BCE:0.78016, KLD:0.27310
=> saved checkpoint 'checkpoints_CNN/mnist_VAE_s25_v20_SE/last' (iter 9450, epoch 35.0)
=> saved checkpoint 'checkpoint_scores_CNN/mnist_VAE_s25_v20_SE/last' (iter 9450, epoch 35.0)
[Save Checkpoint] epoch: [35.0], Train: total:0.64228, BCE:0.58207, KLD:0.06021,Test: total:1.05387, BCE:0.78064, KLD:0.27323
=> saved checkpoint 'checkpoints_CNN/mnist_VAE_s25_v20_SE/last' (iter 9720, epoch 36.0)
=> saved checkpoint 'checkpoint_scores_CNN/mnist_VAE_s25_v20_SE/last' (iter 9720, epoch 36.0)
EarlyStopping counter: 1 out of 25
[Save Checkpoint] epoch: [36.0], Train: total:0.64381, BCE:0.58437, KLD:0.05944,Test: total:1.04331, BCE:0.77362, KLD:0.26969
=> saved checkpoint 'checkpoints_CNN/mnist_VAE_s25_v20_SE/last' (iter 9990, epoch 37.0)
=> saved checkpoint 'checkpoint_scores_CNN/mnist_VAE_s25_v20_SE/last' (iter 9990, epoch 37.0)
[Save Checkpoint] epoch: [37.0], Train: total:0.64481, BCE:0.58568, KLD:0.05914,Test: total:1.03786, BCE:0.76974, KLD:0.26811
=> saved checkpoint 'checkpoints_CNN/mnist_VAE_s25_v20_SE/last' (iter 10260, epoch 38.0)
=> saved checkpoint 'checkpoint_scores_CNN/mnist_VAE_s25_v20_SE/last' (iter 10260, epoch 38.0)
[Save Checkpoint] epoch: [38.0], Train: total:0.63941, BCE:0.58089, KLD:0.05852,Test: total:1.03894, BCE:0.77365, KLD:0.26529
=> saved checkpoint 'checkpoints_CNN/mnist_VAE_s25_v20_SE/last' (iter 10530, epoch 39.0)
=> saved checkpoint 'checkpoint_scores_CNN/mnist_VAE_s25_v20_SE/last' (iter 10530, epoch 39.0)
[Save Checkpoint] epoch: [39.0], Train: total:0.64269, BCE:0.58487, KLD:0.05782,Test: total:1.04109, BCE:0.77855, KLD:0.26254
=> saved checkpoint 'checkpoints_CNN/mnist_VAE_s25_v20_SE/last' (iter 10800, epoch 40.0)
=> saved checkpoint 'checkpoint_scores_CNN/mnist_VAE_s25_v20_SE/last' (iter 10800, epoch 40.0)
EarlyStopping counter: 1 out of 25
[Save Checkpoint] epoch: [40.0], Train: total:0.64031, BCE:0.58309, KLD:0.05722,Test: total:1.04146, BCE:0.78121, KLD:0.26025
=> saved checkpoint 'checkpoints_CNN/mnist_VAE_s25_v20_SE/last' (iter 11070, epoch 41.0)
=> saved checkpoint 'checkpoint_scores_CNN/mnist_VAE_s25_v20_SE/last' (iter 11070, epoch 41.0)
EarlyStopping counter: 2 out of 25
[Save Checkpoint] epoch: [41.0], Train: total:0.63964, BCE:0.58300, KLD:0.05664,Test: total:1.03354, BCE:0.77617, KLD:0.25737
=> saved checkpoint 'checkpoints_CNN/mnist_VAE_s25_v20_SE/last' (iter 11340, epoch 42.0)
=> saved checkpoint 'checkpoint_scores_CNN/mnist_VAE_s25_v20_SE/last' (iter 11340, epoch 42.0)
EarlyStopping counter: 3 out of 25
[Save Checkpoint] epoch: [42.0], Train: total:0.63768, BCE:0.58154, KLD:0.05614,Test: total:1.02642, BCE:0.77177, KLD:0.25465
=> saved checkpoint 'checkpoints_CNN/mnist_VAE_s25_v20_SE/last' (iter 11610, epoch 43.0)
=> saved checkpoint 'checkpoint_scores_CNN/mnist_VAE_s25_v20_SE/last' (iter 11610, epoch 43.0)
[Save Checkpoint] epoch: [43.0], Train: total:0.63770, BCE:0.58229, KLD:0.05541,Test: total:1.03428, BCE:0.78197, KLD:0.25231
=> saved checkpoint 'checkpoints_CNN/mnist_VAE_s25_v20_SE/last' (iter 11880, epoch 44.0)
=> saved checkpoint 'checkpoint_scores_CNN/mnist_VAE_s25_v20_SE/last' (iter 11880, epoch 44.0)
[Save Checkpoint] epoch: [44.0], Train: total:0.63678, BCE:0.58226, KLD:0.05452,Test: total:1.02619, BCE:0.77884, KLD:0.24735
=> saved checkpoint 'checkpoints_CNN/mnist_VAE_s25_v20_SE/last' (iter 12150, epoch 45.0)
=> saved checkpoint 'checkpoint_scores_CNN/mnist_VAE_s25_v20_SE/last' (iter 12150, epoch 45.0)
EarlyStopping counter: 1 out of 25
[Save Checkpoint] epoch: [45.0], Train: total:0.63543, BCE:0.58158, KLD:0.05384,Test: total:1.02552, BCE:0.78064, KLD:0.24489
=> saved checkpoint 'checkpoints_CNN/mnist_VAE_s25_v20_SE/last' (iter 12420, epoch 46.0)
=> saved checkpoint 'checkpoint_scores_CNN/mnist_VAE_s25_v20_SE/last' (iter 12420, epoch 46.0)
[Save Checkpoint] epoch: [46.0], Train: total:0.63358, BCE:0.58113, KLD:0.05245,Test: total:1.01767, BCE:0.77907, KLD:0.23859
=> saved checkpoint 'checkpoints_CNN/mnist_VAE_s25_v20_SE/last' (iter 12690, epoch 47.0)
=> saved checkpoint 'checkpoint_scores_CNN/mnist_VAE_s25_v20_SE/last' (iter 12690, epoch 47.0)
[Save Checkpoint] epoch: [47.0], Train: total:0.63284, BCE:0.58147, KLD:0.05137,Test: total:1.01519, BCE:0.78095, KLD:0.23423
=> saved checkpoint 'checkpoints_CNN/mnist_VAE_s25_v20_SE/last' (iter 12960, epoch 48.0)
=> saved checkpoint 'checkpoint_scores_CNN/mnist_VAE_s25_v20_SE/last' (iter 12960, epoch 48.0)
[Save Checkpoint] epoch: [48.0], Train: total:0.63079, BCE:0.58027, KLD:0.05052,Test: total:1.00483, BCE:0.77330, KLD:0.23152
=> saved checkpoint 'checkpoints_CNN/mnist_VAE_s25_v20_SE/last' (iter 13230, epoch 49.0)
=> saved checkpoint 'checkpoint_scores_CNN/mnist_VAE_s25_v20_SE/last' (iter 13230, epoch 49.0)
[Save Checkpoint] epoch: [49.0], Train: total:0.62995, BCE:0.58078, KLD:0.04917,Test: total:1.00461, BCE:0.77929, KLD:0.22531
=> saved checkpoint 'checkpoints_CNN/mnist_VAE_s25_v20_SE/last' (iter 13500, epoch 50.0)
=> saved checkpoint 'checkpoint_scores_CNN/mnist_VAE_s25_v20_SE/last' (iter 13500, epoch 50.0)
[Save Checkpoint] epoch: [50.0], Train: total:0.63035, BCE:0.58192, KLD:0.04843,Test: total:0.99625, BCE:0.77442, KLD:0.22183
=> saved checkpoint 'checkpoints_CNN/mnist_VAE_s25_v20_SE/last' (iter 13770, epoch 51.0)
=> saved checkpoint 'checkpoint_scores_CNN/mnist_VAE_s25_v20_SE/last' (iter 13770, epoch 51.0)
[Save Checkpoint] epoch: [51.0], Train: total:0.62975, BCE:0.58275, KLD:0.04700,Test: total:0.99672, BCE:0.78083, KLD:0.21589
=> saved checkpoint 'checkpoints_CNN/mnist_VAE_s25_v20_SE/last' (iter 14040, epoch 52.0)
=> saved checkpoint 'checkpoint_scores_CNN/mnist_VAE_s25_v20_SE/last' (iter 14040, epoch 52.0)
EarlyStopping counter: 1 out of 25
[Save Checkpoint] epoch: [52.0], Train: total:0.62712, BCE:0.58108, KLD:0.04603,Test: total:0.98630, BCE:0.77471, KLD:0.21159
=> saved checkpoint 'checkpoints_CNN/mnist_VAE_s25_v20_SE/last' (iter 14310, epoch 53.0)
=> saved checkpoint 'checkpoint_scores_CNN/mnist_VAE_s25_v20_SE/last' (iter 14310, epoch 53.0)
[Save Checkpoint] epoch: [53.0], Train: total:0.62800, BCE:0.58275, KLD:0.04525,Test: total:0.98315, BCE:0.77476, KLD:0.20839
=> saved checkpoint 'checkpoints_CNN/mnist_VAE_s25_v20_SE/last' (iter 14580, epoch 54.0)
=> saved checkpoint 'checkpoint_scores_CNN/mnist_VAE_s25_v20_SE/last' (iter 14580, epoch 54.0)
[Save Checkpoint] epoch: [54.0], Train: total:0.62700, BCE:0.58287, KLD:0.04413,Test: total:0.98533, BCE:0.78106, KLD:0.20427
=> saved checkpoint 'checkpoints_CNN/mnist_VAE_s25_v20_SE/last' (iter 14850, epoch 55.0)
=> saved checkpoint 'checkpoint_scores_CNN/mnist_VAE_s25_v20_SE/last' (iter 14850, epoch 55.0)
EarlyStopping counter: 1 out of 25
[Save Checkpoint] epoch: [55.0], Train: total:0.62792, BCE:0.58499, KLD:0.04293,Test: total:0.97982, BCE:0.78016, KLD:0.19967
=> saved checkpoint 'checkpoints_CNN/mnist_VAE_s25_v20_SE/last' (iter 15120, epoch 56.0)
=> saved checkpoint 'checkpoint_scores_CNN/mnist_VAE_s25_v20_SE/last' (iter 15120, epoch 56.0)
EarlyStopping counter: 2 out of 25
[Save Checkpoint] epoch: [56.0], Train: total:0.62467, BCE:0.58269, KLD:0.04198,Test: total:0.98232, BCE:0.78676, KLD:0.19555
=> saved checkpoint 'checkpoints_CNN/mnist_VAE_s25_v20_SE/last' (iter 15390, epoch 57.0)
=> saved checkpoint 'checkpoint_scores_CNN/mnist_VAE_s25_v20_SE/last' (iter 15390, epoch 57.0)
[Save Checkpoint] epoch: [57.0], Train: total:0.62696, BCE:0.58631, KLD:0.04065,Test: total:0.96620, BCE:0.77676, KLD:0.18944
=> saved checkpoint 'checkpoints_CNN/mnist_VAE_s25_v20_SE/last' (iter 15660, epoch 58.0)
=> saved checkpoint 'checkpoint_scores_CNN/mnist_VAE_s25_v20_SE/last' (iter 15660, epoch 58.0)
EarlyStopping counter: 1 out of 25
[Save Checkpoint] epoch: [58.0], Train: total:0.62385, BCE:0.58396, KLD:0.03989,Test: total:0.96944, BCE:0.78294, KLD:0.18650
=> saved checkpoint 'checkpoints_CNN/mnist_VAE_s25_v20_SE/last' (iter 15930, epoch 59.0)
=> saved checkpoint 'checkpoint_scores_CNN/mnist_VAE_s25_v20_SE/last' (iter 15930, epoch 59.0)
[Save Checkpoint] epoch: [59.0], Train: total:0.62533, BCE:0.58675, KLD:0.03858,Test: total:0.97110, BCE:0.79012, KLD:0.18098
=> saved checkpoint 'checkpoints_CNN/mnist_VAE_s25_v20_SE/last' (iter 16200, epoch 60.0)
=> saved checkpoint 'checkpoint_scores_CNN/mnist_VAE_s25_v20_SE/last' (iter 16200, epoch 60.0)
[Save Checkpoint] epoch: [60.0], Train: total:0.62770, BCE:0.59015, KLD:0.03755,Test: total:0.95963, BCE:0.78326, KLD:0.17637
=> saved checkpoint 'checkpoints_CNN/mnist_VAE_s25_v20_SE/last' (iter 16470, epoch 61.0)
=> saved checkpoint 'checkpoint_scores_CNN/mnist_VAE_s25_v20_SE/last' (iter 16470, epoch 61.0)
[Save Checkpoint] epoch: [61.0], Train: total:0.62825, BCE:0.59120, KLD:0.03705,Test: total:0.96318, BCE:0.78923, KLD:0.17395
=> saved checkpoint 'checkpoints_CNN/mnist_VAE_s25_v20_SE/last' (iter 16740, epoch 62.0)
=> saved checkpoint 'checkpoint_scores_CNN/mnist_VAE_s25_v20_SE/last' (iter 16740, epoch 62.0)
EarlyStopping counter: 1 out of 25
[Save Checkpoint] epoch: [62.0], Train: total:0.62931, BCE:0.59312, KLD:0.03619,Test: total:0.95443, BCE:0.78426, KLD:0.17017
=> saved checkpoint 'checkpoints_CNN/mnist_VAE_s25_v20_SE/last' (iter 17010, epoch 63.0)
=> saved checkpoint 'checkpoint_scores_CNN/mnist_VAE_s25_v20_SE/last' (iter 17010, epoch 63.0)
EarlyStopping counter: 2 out of 25
[Save Checkpoint] epoch: [63.0], Train: total:0.63223, BCE:0.59738, KLD:0.03485,Test: total:0.95802, BCE:0.79374, KLD:0.16427
=> saved checkpoint 'checkpoints_CNN/mnist_VAE_s25_v20_SE/last' (iter 17280, epoch 64.0)
=> saved checkpoint 'checkpoint_scores_CNN/mnist_VAE_s25_v20_SE/last' (iter 17280, epoch 64.0)
[Save Checkpoint] epoch: [64.0], Train: total:0.63262, BCE:0.59867, KLD:0.03395,Test: total:0.95750, BCE:0.79733, KLD:0.16017
=> saved checkpoint 'checkpoints_CNN/mnist_VAE_s25_v20_SE/last' (iter 17550, epoch 65.0)
=> saved checkpoint 'checkpoint_scores_CNN/mnist_VAE_s25_v20_SE/last' (iter 17550, epoch 65.0)
[Save Checkpoint] epoch: [65.0], Train: total:0.63487, BCE:0.60175, KLD:0.03312,Test: total:0.96021, BCE:0.80339, KLD:0.15682
=> saved checkpoint 'checkpoints_CNN/mnist_VAE_s25_v20_SE/last' (iter 17820, epoch 66.0)
=> saved checkpoint 'checkpoint_scores_CNN/mnist_VAE_s25_v20_SE/last' (iter 17820, epoch 66.0)
EarlyStopping counter: 1 out of 25
[Save Checkpoint] epoch: [66.0], Train: total:0.63790, BCE:0.60540, KLD:0.03251,Test: total:0.96289, BCE:0.80881, KLD:0.15408
=> saved checkpoint 'checkpoints_CNN/mnist_VAE_s25_v20_SE/last' (iter 18090, epoch 67.0)
=> saved checkpoint 'checkpoint_scores_CNN/mnist_VAE_s25_v20_SE/last' (iter 18090, epoch 67.0)
EarlyStopping counter: 2 out of 25
[Save Checkpoint] epoch: [67.0], Train: total:0.64208, BCE:0.61065, KLD:0.03143,Test: total:0.95518, BCE:0.80587, KLD:0.14931
=> saved checkpoint 'checkpoints_CNN/mnist_VAE_s25_v20_SE/last' (iter 18360, epoch 68.0)
=> saved checkpoint 'checkpoint_scores_CNN/mnist_VAE_s25_v20_SE/last' (iter 18360, epoch 68.0)
[Save Checkpoint] epoch: [68.0], Train: total:0.64663, BCE:0.61562, KLD:0.03101,Test: total:0.95579, BCE:0.80798, KLD:0.14781
=> saved checkpoint 'checkpoints_CNN/mnist_VAE_s25_v20_SE/last' (iter 18630, epoch 69.0)
=> saved checkpoint 'checkpoint_scores_CNN/mnist_VAE_s25_v20_SE/last' (iter 18630, epoch 69.0)
[Save Checkpoint] epoch: [69.0], Train: total:0.64935, BCE:0.61932, KLD:0.03003,Test: total:0.95377, BCE:0.81037, KLD:0.14340
=> saved checkpoint 'checkpoints_CNN/mnist_VAE_s25_v20_SE/last' (iter 18900, epoch 70.0)
=> saved checkpoint 'checkpoint_scores_CNN/mnist_VAE_s25_v20_SE/last' (iter 18900, epoch 70.0)
[Save Checkpoint] epoch: [70.0], Train: total:0.65210, BCE:0.62297, KLD:0.02913,Test: total:0.96408, BCE:0.82442, KLD:0.13965
=> saved checkpoint 'checkpoints_CNN/mnist_VAE_s25_v20_SE/last' (iter 19170, epoch 71.0)
=> saved checkpoint 'checkpoint_scores_CNN/mnist_VAE_s25_v20_SE/last' (iter 19170, epoch 71.0)
[Save Checkpoint] epoch: [71.0], Train: total:0.65757, BCE:0.62915, KLD:0.02842,Test: total:0.97097, BCE:0.83472, KLD:0.13625
=> saved checkpoint 'checkpoints_CNN/mnist_VAE_s25_v20_SE/last' (iter 19440, epoch 72.0)
=> saved checkpoint 'checkpoint_scores_CNN/mnist_VAE_s25_v20_SE/last' (iter 19440, epoch 72.0)
[Save Checkpoint] epoch: [72.0], Train: total:0.66283, BCE:0.63494, KLD:0.02789,Test: total:0.97186, BCE:0.83774, KLD:0.13413
=> saved checkpoint 'checkpoints_CNN/mnist_VAE_s25_v20_SE/last' (iter 19710, epoch 73.0)
=> saved checkpoint 'checkpoint_scores_CNN/mnist_VAE_s25_v20_SE/last' (iter 19710, epoch 73.0)
EarlyStopping counter: 1 out of 25
[Save Checkpoint] epoch: [73.0], Train: total:0.66643, BCE:0.63924, KLD:0.02719,Test: total:0.97676, BCE:0.84558, KLD:0.13118
=> saved checkpoint 'checkpoints_CNN/mnist_VAE_s25_v20_SE/last' (iter 19980, epoch 74.0)
=> saved checkpoint 'checkpoint_scores_CNN/mnist_VAE_s25_v20_SE/last' (iter 19980, epoch 74.0)
[Save Checkpoint] epoch: [74.0], Train: total:0.67282, BCE:0.64630, KLD:0.02652,Test: total:0.97633, BCE:0.84839, KLD:0.12794
=> saved checkpoint 'checkpoints_CNN/mnist_VAE_s25_v20_SE/last' (iter 20250, epoch 75.0)
=> saved checkpoint 'checkpoint_scores_CNN/mnist_VAE_s25_v20_SE/last' (iter 20250, epoch 75.0)
[Save Checkpoint] epoch: [75.0], Train: total:0.67865, BCE:0.65276, KLD:0.02589,Test: total:0.97382, BCE:0.84888, KLD:0.12494
=> saved checkpoint 'checkpoints_CNN/mnist_VAE_s25_v20_SE/last' (iter 20520, epoch 76.0)
=> saved checkpoint 'checkpoint_scores_CNN/mnist_VAE_s25_v20_SE/last' (iter 20520, epoch 76.0)
[Save Checkpoint] epoch: [76.0], Train: total:0.68618, BCE:0.66110, KLD:0.02508,Test: total:0.98858, BCE:0.86687, KLD:0.12172
=> saved checkpoint 'checkpoints_CNN/mnist_VAE_s25_v20_SE/last' (iter 20790, epoch 77.0)
=> saved checkpoint 'checkpoint_scores_CNN/mnist_VAE_s25_v20_SE/last' (iter 20790, epoch 77.0)
[Save Checkpoint] epoch: [77.0], Train: total:0.69044, BCE:0.66579, KLD:0.02465,Test: total:0.99285, BCE:0.87320, KLD:0.11965
=> saved checkpoint 'checkpoints_CNN/mnist_VAE_s25_v20_SE/last' (iter 21060, epoch 78.0)
=> saved checkpoint 'checkpoint_scores_CNN/mnist_VAE_s25_v20_SE/last' (iter 21060, epoch 78.0)
[Save Checkpoint] epoch: [78.0], Train: total:0.70174, BCE:0.67744, KLD:0.02430,Test: total:1.00170, BCE:0.88361, KLD:0.11810
=> saved checkpoint 'checkpoints_CNN/mnist_VAE_s25_v20_SE/last' (iter 21330, epoch 79.0)
=> saved checkpoint 'checkpoint_scores_CNN/mnist_VAE_s25_v20_SE/last' (iter 21330, epoch 79.0)
[Save Checkpoint] epoch: [79.0], Train: total:0.70718, BCE:0.68357, KLD:0.02360,Test: total:1.00580, BCE:0.89112, KLD:0.11468
=> saved checkpoint 'checkpoints_CNN/mnist_VAE_s25_v20_SE/last' (iter 21600, epoch 80.0)
=> saved checkpoint 'checkpoint_scores_CNN/mnist_VAE_s25_v20_SE/last' (iter 21600, epoch 80.0)
[Save Checkpoint] epoch: [80.0], Train: total:0.71448, BCE:0.69160, KLD:0.02288,Test: total:1.00740, BCE:0.89602, KLD:0.11138
=> saved checkpoint 'checkpoints_CNN/mnist_VAE_s25_v20_SE/last' (iter 21870, epoch 81.0)
=> saved checkpoint 'checkpoint_scores_CNN/mnist_VAE_s25_v20_SE/last' (iter 21870, epoch 81.0)
[Save Checkpoint] epoch: [81.0], Train: total:0.72337, BCE:0.70089, KLD:0.02248,Test: total:1.02025, BCE:0.91029, KLD:0.10996
=> saved checkpoint 'checkpoints_CNN/mnist_VAE_s25_v20_SE/last' (iter 22140, epoch 82.0)
=> saved checkpoint 'checkpoint_scores_CNN/mnist_VAE_s25_v20_SE/last' (iter 22140, epoch 82.0)
[Save Checkpoint] epoch: [82.0], Train: total:0.73375, BCE:0.71168, KLD:0.02207,Test: total:1.02052, BCE:0.91323, KLD:0.10728
=> saved checkpoint 'checkpoints_CNN/mnist_VAE_s25_v20_SE/last' (iter 22410, epoch 83.0)
=> saved checkpoint 'checkpoint_scores_CNN/mnist_VAE_s25_v20_SE/last' (iter 22410, epoch 83.0)
[Save Checkpoint] epoch: [83.0], Train: total:0.74031, BCE:0.71897, KLD:0.02133,Test: total:1.03468, BCE:0.92979, KLD:0.10490
=> saved checkpoint 'checkpoints_CNN/mnist_VAE_s25_v20_SE/last' (iter 22680, epoch 84.0)
=> saved checkpoint 'checkpoint_scores_CNN/mnist_VAE_s25_v20_SE/last' (iter 22680, epoch 84.0)
[Save Checkpoint] epoch: [84.0], Train: total:0.75094, BCE:0.73011, KLD:0.02083,Test: total:1.04343, BCE:0.94112, KLD:0.10231
=> saved checkpoint 'checkpoints_CNN/mnist_VAE_s25_v20_SE/last' (iter 22950, epoch 85.0)
=> saved checkpoint 'checkpoint_scores_CNN/mnist_VAE_s25_v20_SE/last' (iter 22950, epoch 85.0)
[Save Checkpoint] epoch: [85.0], Train: total:0.76385, BCE:0.74338, KLD:0.02047,Test: total:1.04692, BCE:0.94566, KLD:0.10126
=> saved checkpoint 'checkpoints_CNN/mnist_VAE_s25_v20_SE/last' (iter 23220, epoch 86.0)
=> saved checkpoint 'checkpoint_scores_CNN/mnist_VAE_s25_v20_SE/last' (iter 23220, epoch 86.0)
[Save Checkpoint] epoch: [86.0], Train: total:0.77187, BCE:0.75173, KLD:0.02014,Test: total:1.06916, BCE:0.96949, KLD:0.09967
=> saved checkpoint 'checkpoints_CNN/mnist_VAE_s25_v20_SE/last' (iter 23490, epoch 87.0)
=> saved checkpoint 'checkpoint_scores_CNN/mnist_VAE_s25_v20_SE/last' (iter 23490, epoch 87.0)
[Save Checkpoint] epoch: [87.0], Train: total:0.78216, BCE:0.76272, KLD:0.01944,Test: total:1.07248, BCE:0.97633, KLD:0.09616
=> saved checkpoint 'checkpoints_CNN/mnist_VAE_s25_v20_SE/last' (iter 23760, epoch 88.0)
=> saved checkpoint 'checkpoint_scores_CNN/mnist_VAE_s25_v20_SE/last' (iter 23760, epoch 88.0)
[Save Checkpoint] epoch: [88.0], Train: total:0.79229, BCE:0.77333, KLD:0.01897,Test: total:1.07693, BCE:0.98246, KLD:0.09447
=> saved checkpoint 'checkpoints_CNN/mnist_VAE_s25_v20_SE/last' (iter 24030, epoch 89.0)
=> saved checkpoint 'checkpoint_scores_CNN/mnist_VAE_s25_v20_SE/last' (iter 24030, epoch 89.0)
[Save Checkpoint] epoch: [89.0], Train: total:0.80795, BCE:0.78873, KLD:0.01922,Test: total:1.09389, BCE:0.99901, KLD:0.09488
=> saved checkpoint 'checkpoints_CNN/mnist_VAE_s25_v20_SE/last' (iter 24300, epoch 90.0)
=> saved checkpoint 'checkpoint_scores_CNN/mnist_VAE_s25_v20_SE/last' (iter 24300, epoch 90.0)
[Save Checkpoint] epoch: [90.0], Train: total:0.81411, BCE:0.79565, KLD:0.01846,Test: total:1.10064, BCE:1.00881, KLD:0.09184
=> saved checkpoint 'checkpoints_CNN/mnist_VAE_s25_v20_SE/last' (iter 24570, epoch 91.0)
=> saved checkpoint 'checkpoint_scores_CNN/mnist_VAE_s25_v20_SE/last' (iter 24570, epoch 91.0)
[Save Checkpoint] epoch: [91.0], Train: total:0.82933, BCE:0.81137, KLD:0.01796,Test: total:1.11963, BCE:1.03004, KLD:0.08960
=> saved checkpoint 'checkpoints_CNN/mnist_VAE_s25_v20_SE/last' (iter 24840, epoch 92.0)
=> saved checkpoint 'checkpoint_scores_CNN/mnist_VAE_s25_v20_SE/last' (iter 24840, epoch 92.0)
[Save Checkpoint] epoch: [92.0], Train: total:0.83931, BCE:0.82172, KLD:0.01760,Test: total:1.12731, BCE:1.03932, KLD:0.08799
=> saved checkpoint 'checkpoints_CNN/mnist_VAE_s25_v20_SE/last' (iter 25110, epoch 93.0)
=> saved checkpoint 'checkpoint_scores_CNN/mnist_VAE_s25_v20_SE/last' (iter 25110, epoch 93.0)
[Save Checkpoint] epoch: [93.0], Train: total:0.85141, BCE:0.83405, KLD:0.01736,Test: total:1.13623, BCE:1.04951, KLD:0.08672
=> saved checkpoint 'checkpoints_CNN/mnist_VAE_s25_v20_SE/last' (iter 25380, epoch 94.0)
=> saved checkpoint 'checkpoint_scores_CNN/mnist_VAE_s25_v20_SE/last' (iter 25380, epoch 94.0)
[Save Checkpoint] epoch: [94.0], Train: total:0.86719, BCE:0.85067, KLD:0.01653,Test: total:1.14559, BCE:1.06213, KLD:0.08347
=> saved checkpoint 'checkpoints_CNN/mnist_VAE_s25_v20_SE/last' (iter 25650, epoch 95.0)
=> saved checkpoint 'checkpoint_scores_CNN/mnist_VAE_s25_v20_SE/last' (iter 25650, epoch 95.0)
[Save Checkpoint] epoch: [95.0], Train: total:0.87922, BCE:0.86308, KLD:0.01614,Test: total:1.16297, BCE:1.08126, KLD:0.08171
=> saved checkpoint 'checkpoints_CNN/mnist_VAE_s25_v20_SE/last' (iter 25920, epoch 96.0)
=> saved checkpoint 'checkpoint_scores_CNN/mnist_VAE_s25_v20_SE/last' (iter 25920, epoch 96.0)
EarlyStopping counter: 1 out of 25
[Save Checkpoint] epoch: [96.0], Train: total:0.89614, BCE:0.88000, KLD:0.01614,Test: total:1.17705, BCE:1.09552, KLD:0.08153
=> saved checkpoint 'checkpoints_CNN/mnist_VAE_s25_v20_SE/last' (iter 26190, epoch 97.0)
=> saved checkpoint 'checkpoint_scores_CNN/mnist_VAE_s25_v20_SE/last' (iter 26190, epoch 97.0)
[Save Checkpoint] epoch: [97.0], Train: total:0.90854, BCE:0.89280, KLD:0.01574,Test: total:1.19395, BCE:1.11398, KLD:0.07998
=> saved checkpoint 'checkpoints_CNN/mnist_VAE_s25_v20_SE/last' (iter 26460, epoch 98.0)
=> saved checkpoint 'checkpoint_scores_CNN/mnist_VAE_s25_v20_SE/last' (iter 26460, epoch 98.0)
[Save Checkpoint] epoch: [98.0], Train: total:0.92523, BCE:0.90996, KLD:0.01527,Test: total:1.20608, BCE:1.12813, KLD:0.07795
=> saved checkpoint 'checkpoints_CNN/mnist_VAE_s25_v20_SE/last' (iter 26730, epoch 99.0)
=> saved checkpoint 'checkpoint_scores_CNN/mnist_VAE_s25_v20_SE/last' (iter 26730, epoch 99.0)
[Save Checkpoint] epoch: [99.0], Train: total:0.93943, BCE:0.92441, KLD:0.01501,Test: total:1.22072, BCE:1.14425, KLD:0.07647
=> saved checkpoint 'checkpoints_CNN/mnist_VAE_s25_v20_SE/last' (iter 27000, epoch 100.0)
=> saved checkpoint 'checkpoint_scores_CNN/mnist_VAE_s25_v20_SE/last' (iter 27000, epoch 100.0)
[Save Checkpoint] epoch: [100.0], Train: total:0.95546, BCE:0.94087, KLD:0.01459,Test: total:1.24431, BCE:1.16952, KLD:0.07479
[Training Finished]
All done !
