3
--gpu_devices 0 --max_iter 100 --batch_size 32 --lr 1e-3 --use_scheduler True --use_VAE True --is_VAE_var True --z_var_size 5 --lambda_BCE 1 --beta 1 --var_second_cnn_block True --var_third_cnn_block False --exp_name mnist_vae_var_kaggle_scheduler_2
Namespace(BK_in_first_layer=True, BK_in_second_layer=False, BK_in_third_layer=False, BN=False, C_max=25, C_stop_iter=100000.0, E1_AE=False, E1_VAE=False, E1_conv=False, E1_dense=False, E1_second_conv=False, E1_second_conv_adapt=False, GMP=True, Hmg_dst_loss=False, IPC=False, L1_norm_act=False, L1_norm_weights=False, L3_without_random=False, LOG_DIR='logs', adapt_lr=False, add_classification_layer=True, add_linear_after_GMP=True, add_z_struct_bottleneck=False, alpha=32, batch_size=32, beta=1.0, beta1=0.9, beta2=0.999, big_kernel=False, big_kernel_size=8, binary_chain=False, binary_first_conv=False, binary_second_conv=False, binary_third_conv=False, binary_z=False, ckpt_dir='checkpoints_CNN', ckpt_dir_scores='checkpoint_scores_CNN', classif_layer_size=30, contrastive_loss=False, cuda=True, dataset='mnist', dataset_balanced=False, decoder_first_dense=36, decoder_kernel_size_1=4, decoder_kernel_size_2=3, decoder_kernel_size_3=4, decoder_n_filter_1=64, decoder_n_filter_2=64, decoder_n_filter_3=64, decoder_stride_1=2, decoder_stride_2=2, decoder_stride_3=1, diff_var=False, display_step=10000, dset_dir='data', exp_name='mnist_vae_var_kaggle_scheduler_2', freeze_Encoder=True, gamma=1000, gpu_devices=[0], hidden_filters_layer1=32, hidden_filters_layer2=32, hidden_filters_layer3=32, image_size=64, intra_class_variance_loss=False, is_C=True, is_E1=False, is_VAE_var=True, is_binary_structural_latent=False, is_custom_model=False, is_custom_model_BK=False, is_default_model=False, is_encoder_struct=False, is_noise_stats=False, is_partial_rand_class=False, is_perturbed_score=False, is_zvar_sim_loss=False, just_train=False, kernel_size=4, kernel_size_1=4, kernel_size_2=4, kernel_size_3=4, lambda_BCE=1.0, lambda_Kl_struct=1, lambda_Kl_var=1, lambda_L1=0.01, lambda_VAE=1, lambda_class=1, lambda_contrastive_loss=1, lambda_distance_mean=1, lambda_hmg_dst=1, lambda_intra_class_var=1, lambda_partial_class=1, lambda_ratio_reg=1, lambda_recon_wt_rand=1, lambda_recons=1, lambda_var_distance=1, lambda_var_inter=1, lambda_var_intra=1, lambda_zvar_sim=1, latent_spec_cont=None, latent_spec_cont_class=None, latent_spec_cont_var=None, latent_spec_disc=None, latent_spec_disc_class=None, latent_spec_disc_var=None, log_level='info', loss='Proxy_Anchor', loss_distance_mean=False, loss_min_distance_cl=False, lr=0.001, max_iter=100.0, model='CNN', mrg=0.1, nb_epochs_train_only_zvar=0, num_workers=2, old_weighted=False, optimizer='adamw', other_architecture=False, other_ratio=False, random_percentage=0.2, random_seed=10, randomness=True, ratio_reg=False, remark='', save_step=10000, second_layer_C=False, seed=1, stride_size=1, sz_embedding=5, three_conv_layer=False, train=True, train_var_struct_alternatively=False, two_conv_layer=True, two_encoder=False, use_VAE=True, use_decoder=False, use_early_stopping=True, use_scheduler=True, use_structural_encoder=False, value_target_distance_mean=1, var_hidden_dim=256, var_hidden_filters_1=32, var_hidden_filters_2=32, var_hidden_filters_3=32, var_kernel_size_1=3, var_kernel_size_2=3, var_kernel_size_3=3, var_second_cnn_block=True, var_stride_size_1=1, var_stride_size_2=1, var_stride_size_3=1, var_third_cnn_block=False, var_three_conv_layer=False, warm=1, without_acc=False, z_struct_size=32, z_var_size=5, zeros_W_Classif=False, zvar_sim_change_zvar=False, zvar_sim_loss_for_all_model=False, zvar_sim_loss_only_for_encoder=False, zvar_sim_normal=False, zvar_sim_var_rand=False)
CUDA Visible devices !
[Using Seed: 10]
Load Encoder struct weights for VAE
use 1 gpu who named: Tesla V100-SXM2-32GB
=> loaded sample_scores and losses
=> no checkpoint found at 'checkpoints_CNN/mnist_vae_var_kaggle_scheduler_2/last'
VAE_var(
  (encoder_var): Sequential(
    (0): Conv2d(1, 32, kernel_size=(3, 3), stride=(2, 2), padding=(1, 1))
    (1): ReLU(inplace=True)
    (2): BatchNorm2d(32, eps=1e-05, momentum=0.1, affine=True, track_running_stats=True)
    (3): Conv2d(32, 64, kernel_size=(3, 3), stride=(2, 2), padding=(1, 1))
    (4): ReLU(inplace=True)
    (5): BatchNorm2d(64, eps=1e-05, momentum=0.1, affine=True, track_running_stats=True)
    (6): View()
    (7): Dropout(p=0.4, inplace=False)
    (8): Linear(in_features=4096, out_features=128, bias=True)
    (9): ReLU(inplace=True)
    (10): Linear(in_features=128, out_features=10, bias=True)
  )
  (decoder_var): Sequential(
    (0): Linear(in_features=5, out_features=4096, bias=True)
    (1): ReLU(inplace=True)
    (2): View()
    (3): ConvTranspose2d(64, 64, kernel_size=(4, 4), stride=(2, 2), padding=(1, 1))
    (4): ReLU(inplace=True)
    (5): ConvTranspose2d(64, 32, kernel_size=(4, 4), stride=(2, 2), padding=(1, 1))
    (6): ReLU(inplace=True)
    (7): ConvTranspose2d(32, 1, kernel_size=(3, 3), stride=(1, 1), padding=(1, 1))
    (8): Sigmoid()
  )
)
The number of parameters of model is 667979
=> saved checkpoint 'checkpoints_CNN/mnist_vae_var_kaggle_scheduler_2/last' (iter 1875, epoch 1.0)
=> saved checkpoint 'checkpoint_scores_CNN/mnist_vae_var_kaggle_scheduler_2/last' (iter 1875, epoch 1.0)
[Save Checkpoint] epoch: [1.0], Train: total:1180.87085, BCE:-37.67642, KLD:1218.54724,Test: total:38513.25781, BCE:-38.03193, KLD:38551.28906
=> saved checkpoint 'checkpoints_CNN/mnist_vae_var_kaggle_scheduler_2/last' (iter 3750, epoch 2.0)
=> saved checkpoint 'checkpoint_scores_CNN/mnist_vae_var_kaggle_scheduler_2/last' (iter 3750, epoch 2.0)
[Save Checkpoint] epoch: [2.0], Train: total:880.79193, BCE:-39.28766, KLD:920.08002,Test: total:28929.52539, BCE:-39.63235, KLD:28969.15625
=> saved checkpoint 'checkpoints_CNN/mnist_vae_var_kaggle_scheduler_2/last' (iter 5625, epoch 3.0)
=> saved checkpoint 'checkpoint_scores_CNN/mnist_vae_var_kaggle_scheduler_2/last' (iter 5625, epoch 3.0)
EarlyStopping counter: 1 out of 20
[Save Checkpoint] epoch: [3.0], Train: total:815.00916, BCE:-40.37960, KLD:855.38959,Test: total:26829.46875, BCE:-40.72708, KLD:26870.19727
=> saved checkpoint 'checkpoints_CNN/mnist_vae_var_kaggle_scheduler_2/last' (iter 7500, epoch 4.0)
=> saved checkpoint 'checkpoint_scores_CNN/mnist_vae_var_kaggle_scheduler_2/last' (iter 7500, epoch 4.0)
EarlyStopping counter: 2 out of 20
[Save Checkpoint] epoch: [4.0], Train: total:823.36176, BCE:-40.79173, KLD:864.15411,Test: total:27119.47852, BCE:-41.10395, KLD:27160.58203
=> saved checkpoint 'checkpoints_CNN/mnist_vae_var_kaggle_scheduler_2/last' (iter 9375, epoch 5.0)
=> saved checkpoint 'checkpoint_scores_CNN/mnist_vae_var_kaggle_scheduler_2/last' (iter 9375, epoch 5.0)
[Save Checkpoint] epoch: [5.0], Train: total:748.24689, BCE:-40.90146, KLD:789.14886,Test: total:24689.69727, BCE:-41.22079, KLD:24730.91992
=> saved checkpoint 'checkpoints_CNN/mnist_vae_var_kaggle_scheduler_2/last' (iter 11250, epoch 6.0)
=> saved checkpoint 'checkpoint_scores_CNN/mnist_vae_var_kaggle_scheduler_2/last' (iter 11250, epoch 6.0)
EarlyStopping counter: 1 out of 20
[Save Checkpoint] epoch: [6.0], Train: total:739.51337, BCE:-41.28458, KLD:780.79761,Test: total:24428.93359, BCE:-41.59887, KLD:24470.53125
=> saved checkpoint 'checkpoints_CNN/mnist_vae_var_kaggle_scheduler_2/last' (iter 13125, epoch 7.0)
=> saved checkpoint 'checkpoint_scores_CNN/mnist_vae_var_kaggle_scheduler_2/last' (iter 13125, epoch 7.0)
[Save Checkpoint] epoch: [7.0], Train: total:714.81329, BCE:-41.57522, KLD:756.38800,Test: total:23665.14648, BCE:-41.85357, KLD:23707.00000
=> saved checkpoint 'checkpoints_CNN/mnist_vae_var_kaggle_scheduler_2/last' (iter 15000, epoch 8.0)
=> saved checkpoint 'checkpoint_scores_CNN/mnist_vae_var_kaggle_scheduler_2/last' (iter 15000, epoch 8.0)
[Save Checkpoint] epoch: [8.0], Train: total:718.35345, BCE:-41.65393, KLD:760.00714,Test: total:23790.04492, BCE:-41.93349, KLD:23831.97852
=> saved checkpoint 'checkpoints_CNN/mnist_vae_var_kaggle_scheduler_2/last' (iter 16875, epoch 9.0)
=> saved checkpoint 'checkpoint_scores_CNN/mnist_vae_var_kaggle_scheduler_2/last' (iter 16875, epoch 9.0)
[Save Checkpoint] epoch: [9.0], Train: total:727.36261, BCE:-41.80980, KLD:769.17291,Test: total:24055.20312, BCE:-42.04567, KLD:24097.25000
=> saved checkpoint 'checkpoints_CNN/mnist_vae_var_kaggle_scheduler_2/last' (iter 18750, epoch 10.0)
=> saved checkpoint 'checkpoint_scores_CNN/mnist_vae_var_kaggle_scheduler_2/last' (iter 18750, epoch 10.0)
EarlyStopping counter: 1 out of 20
[Save Checkpoint] epoch: [10.0], Train: total:731.26495, BCE:-42.03029, KLD:773.29614,Test: total:24209.95898, BCE:-42.25668, KLD:24252.21484
=> saved checkpoint 'checkpoints_CNN/mnist_vae_var_kaggle_scheduler_2/last' (iter 20625, epoch 11.0)
=> saved checkpoint 'checkpoint_scores_CNN/mnist_vae_var_kaggle_scheduler_2/last' (iter 20625, epoch 11.0)
EarlyStopping counter: 2 out of 20
[Save Checkpoint] epoch: [11.0], Train: total:706.57562, BCE:-42.07204, KLD:748.64752,Test: total:23449.63477, BCE:-42.31034, KLD:23491.94727
=> saved checkpoint 'checkpoints_CNN/mnist_vae_var_kaggle_scheduler_2/last' (iter 22500, epoch 12.0)
=> saved checkpoint 'checkpoint_scores_CNN/mnist_vae_var_kaggle_scheduler_2/last' (iter 22500, epoch 12.0)
[Save Checkpoint] epoch: [12.0], Train: total:733.70709, BCE:-42.34283, KLD:776.04993,Test: total:24340.98047, BCE:-42.54235, KLD:24383.52344
=> saved checkpoint 'checkpoints_CNN/mnist_vae_var_kaggle_scheduler_2/last' (iter 24375, epoch 13.0)
=> saved checkpoint 'checkpoint_scores_CNN/mnist_vae_var_kaggle_scheduler_2/last' (iter 24375, epoch 13.0)
EarlyStopping counter: 1 out of 20
[Save Checkpoint] epoch: [13.0], Train: total:709.75000, BCE:-42.47357, KLD:752.22333,Test: total:23580.11328, BCE:-42.69148, KLD:23622.80273
=> saved checkpoint 'checkpoints_CNN/mnist_vae_var_kaggle_scheduler_2/last' (iter 26250, epoch 14.0)
=> saved checkpoint 'checkpoint_scores_CNN/mnist_vae_var_kaggle_scheduler_2/last' (iter 26250, epoch 14.0)
EarlyStopping counter: 2 out of 20
[Save Checkpoint] epoch: [14.0], Train: total:712.90546, BCE:-42.49457, KLD:755.39905,Test: total:23699.96680, BCE:-42.68833, KLD:23742.65430
=> saved checkpoint 'checkpoints_CNN/mnist_vae_var_kaggle_scheduler_2/last' (iter 28125, epoch 15.0)
=> saved checkpoint 'checkpoint_scores_CNN/mnist_vae_var_kaggle_scheduler_2/last' (iter 28125, epoch 15.0)
EarlyStopping counter: 3 out of 20
[Save Checkpoint] epoch: [15.0], Train: total:718.30847, BCE:-42.59171, KLD:760.89960,Test: total:23850.27734, BCE:-42.78170, KLD:23893.06055
=> saved checkpoint 'checkpoints_CNN/mnist_vae_var_kaggle_scheduler_2/last' (iter 30000, epoch 16.0)
=> saved checkpoint 'checkpoint_scores_CNN/mnist_vae_var_kaggle_scheduler_2/last' (iter 30000, epoch 16.0)
EarlyStopping counter: 4 out of 20
[Save Checkpoint] epoch: [16.0], Train: total:716.07703, BCE:-42.68407, KLD:758.75995,Test: total:23781.57617, BCE:-42.85621, KLD:23824.43164
Epoch    17: reducing learning rate of group 0 to 2.0000e-04.
=> saved checkpoint 'checkpoints_CNN/mnist_vae_var_kaggle_scheduler_2/last' (iter 31875, epoch 17.0)
=> saved checkpoint 'checkpoint_scores_CNN/mnist_vae_var_kaggle_scheduler_2/last' (iter 31875, epoch 17.0)
EarlyStopping counter: 5 out of 20
[Save Checkpoint] epoch: [17.0], Train: total:731.44110, BCE:-43.01439, KLD:774.45483,Test: total:24304.24805, BCE:-43.17401, KLD:24347.41992
=> saved checkpoint 'checkpoints_CNN/mnist_vae_var_kaggle_scheduler_2/last' (iter 33750, epoch 18.0)
=> saved checkpoint 'checkpoint_scores_CNN/mnist_vae_var_kaggle_scheduler_2/last' (iter 33750, epoch 18.0)
EarlyStopping counter: 6 out of 20
[Save Checkpoint] epoch: [18.0], Train: total:734.22632, BCE:-43.14803, KLD:777.37372,Test: total:24384.34961, BCE:-43.29368, KLD:24427.64062
=> saved checkpoint 'checkpoints_CNN/mnist_vae_var_kaggle_scheduler_2/last' (iter 35625, epoch 19.0)
=> saved checkpoint 'checkpoint_scores_CNN/mnist_vae_var_kaggle_scheduler_2/last' (iter 35625, epoch 19.0)
EarlyStopping counter: 7 out of 20
[Save Checkpoint] epoch: [19.0], Train: total:728.03906, BCE:-43.18084, KLD:771.21832,Test: total:24186.39453, BCE:-43.32230, KLD:24229.71680
=> saved checkpoint 'checkpoints_CNN/mnist_vae_var_kaggle_scheduler_2/last' (iter 37500, epoch 20.0)
=> saved checkpoint 'checkpoint_scores_CNN/mnist_vae_var_kaggle_scheduler_2/last' (iter 37500, epoch 20.0)
EarlyStopping counter: 8 out of 20
[Save Checkpoint] epoch: [20.0], Train: total:729.14319, BCE:-43.20930, KLD:772.35254,Test: total:24216.75195, BCE:-43.34296, KLD:24260.09375
=> saved checkpoint 'checkpoints_CNN/mnist_vae_var_kaggle_scheduler_2/last' (iter 39375, epoch 21.0)
=> saved checkpoint 'checkpoint_scores_CNN/mnist_vae_var_kaggle_scheduler_2/last' (iter 39375, epoch 21.0)
EarlyStopping counter: 9 out of 20
[Save Checkpoint] epoch: [21.0], Train: total:739.23053, BCE:-43.25229, KLD:782.48260,Test: total:24539.23242, BCE:-43.38374, KLD:24582.61523
=> saved checkpoint 'checkpoints_CNN/mnist_vae_var_kaggle_scheduler_2/last' (iter 41250, epoch 22.0)
=> saved checkpoint 'checkpoint_scores_CNN/mnist_vae_var_kaggle_scheduler_2/last' (iter 41250, epoch 22.0)
[Save Checkpoint] epoch: [22.0], Train: total:740.06317, BCE:-43.25684, KLD:783.32117,Test: total:24553.02734, BCE:-43.37305, KLD:24596.40039
=> saved checkpoint 'checkpoints_CNN/mnist_vae_var_kaggle_scheduler_2/last' (iter 43125, epoch 23.0)
=> saved checkpoint 'checkpoint_scores_CNN/mnist_vae_var_kaggle_scheduler_2/last' (iter 43125, epoch 23.0)
EarlyStopping counter: 1 out of 20
[Save Checkpoint] epoch: [23.0], Train: total:738.53540, BCE:-43.29299, KLD:781.82861,Test: total:24513.70898, BCE:-43.41575, KLD:24557.12500
=> saved checkpoint 'checkpoints_CNN/mnist_vae_var_kaggle_scheduler_2/last' (iter 45000, epoch 24.0)
=> saved checkpoint 'checkpoint_scores_CNN/mnist_vae_var_kaggle_scheduler_2/last' (iter 45000, epoch 24.0)
EarlyStopping counter: 2 out of 20
[Save Checkpoint] epoch: [24.0], Train: total:749.51825, BCE:-43.28112, KLD:792.79901,Test: total:24857.26367, BCE:-43.39695, KLD:24900.66016
=> saved checkpoint 'checkpoints_CNN/mnist_vae_var_kaggle_scheduler_2/last' (iter 46875, epoch 25.0)
=> saved checkpoint 'checkpoint_scores_CNN/mnist_vae_var_kaggle_scheduler_2/last' (iter 46875, epoch 25.0)
EarlyStopping counter: 3 out of 20
[Save Checkpoint] epoch: [25.0], Train: total:742.01715, BCE:-43.33308, KLD:785.35114,Test: total:24630.77734, BCE:-43.44711, KLD:24674.22656
=> saved checkpoint 'checkpoints_CNN/mnist_vae_var_kaggle_scheduler_2/last' (iter 48750, epoch 26.0)
=> saved checkpoint 'checkpoint_scores_CNN/mnist_vae_var_kaggle_scheduler_2/last' (iter 48750, epoch 26.0)
EarlyStopping counter: 4 out of 20
[Save Checkpoint] epoch: [26.0], Train: total:740.24194, BCE:-43.36291, KLD:783.60461,Test: total:24562.54492, BCE:-43.47123, KLD:24606.01562
Epoch    27: reducing learning rate of group 0 to 4.0000e-05.
=> saved checkpoint 'checkpoints_CNN/mnist_vae_var_kaggle_scheduler_2/last' (iter 50625, epoch 27.0)
=> saved checkpoint 'checkpoint_scores_CNN/mnist_vae_var_kaggle_scheduler_2/last' (iter 50625, epoch 27.0)
EarlyStopping counter: 5 out of 20
[Save Checkpoint] epoch: [27.0], Train: total:735.47943, BCE:-43.35476, KLD:778.83405,Test: total:24414.19336, BCE:-43.46292, KLD:24457.65430
=> saved checkpoint 'checkpoints_CNN/mnist_vae_var_kaggle_scheduler_2/last' (iter 52500, epoch 28.0)
=> saved checkpoint 'checkpoint_scores_CNN/mnist_vae_var_kaggle_scheduler_2/last' (iter 52500, epoch 28.0)
EarlyStopping counter: 6 out of 20
[Save Checkpoint] epoch: [28.0], Train: total:744.09436, BCE:-43.40542, KLD:787.49915,Test: total:24687.07422, BCE:-43.50614, KLD:24730.58008
=> saved checkpoint 'checkpoints_CNN/mnist_vae_var_kaggle_scheduler_2/last' (iter 54375, epoch 29.0)
=> saved checkpoint 'checkpoint_scores_CNN/mnist_vae_var_kaggle_scheduler_2/last' (iter 54375, epoch 29.0)
EarlyStopping counter: 7 out of 20
[Save Checkpoint] epoch: [29.0], Train: total:744.12329, BCE:-43.40534, KLD:787.52679,Test: total:24683.65430, BCE:-43.50457, KLD:24727.16016
=> saved checkpoint 'checkpoints_CNN/mnist_vae_var_kaggle_scheduler_2/last' (iter 56250, epoch 30.0)
=> saved checkpoint 'checkpoint_scores_CNN/mnist_vae_var_kaggle_scheduler_2/last' (iter 56250, epoch 30.0)
EarlyStopping counter: 8 out of 20
[Save Checkpoint] epoch: [30.0], Train: total:746.78143, BCE:-43.42677, KLD:790.20825,Test: total:24765.88672, BCE:-43.52197, KLD:24809.40820
=> saved checkpoint 'checkpoints_CNN/mnist_vae_var_kaggle_scheduler_2/last' (iter 58125, epoch 31.0)
=> saved checkpoint 'checkpoint_scores_CNN/mnist_vae_var_kaggle_scheduler_2/last' (iter 58125, epoch 31.0)
EarlyStopping counter: 9 out of 20
[Save Checkpoint] epoch: [31.0], Train: total:744.63000, BCE:-43.42982, KLD:788.06073,Test: total:24701.36328, BCE:-43.52877, KLD:24744.89062
Epoch    32: reducing learning rate of group 0 to 8.0000e-06.
=> saved checkpoint 'checkpoints_CNN/mnist_vae_var_kaggle_scheduler_2/last' (iter 60000, epoch 32.0)
=> saved checkpoint 'checkpoint_scores_CNN/mnist_vae_var_kaggle_scheduler_2/last' (iter 60000, epoch 32.0)
EarlyStopping counter: 10 out of 20
[Save Checkpoint] epoch: [32.0], Train: total:744.49799, BCE:-43.43925, KLD:787.93677,Test: total:24699.82812, BCE:-43.53929, KLD:24743.36914
=> saved checkpoint 'checkpoints_CNN/mnist_vae_var_kaggle_scheduler_2/last' (iter 61875, epoch 33.0)
=> saved checkpoint 'checkpoint_scores_CNN/mnist_vae_var_kaggle_scheduler_2/last' (iter 61875, epoch 33.0)
EarlyStopping counter: 11 out of 20
[Save Checkpoint] epoch: [33.0], Train: total:747.25891, BCE:-43.44529, KLD:790.70300,Test: total:24781.64453, BCE:-43.54025, KLD:24825.18555
=> saved checkpoint 'checkpoints_CNN/mnist_vae_var_kaggle_scheduler_2/last' (iter 63750, epoch 34.0)
=> saved checkpoint 'checkpoint_scores_CNN/mnist_vae_var_kaggle_scheduler_2/last' (iter 63750, epoch 34.0)
EarlyStopping counter: 12 out of 20
[Save Checkpoint] epoch: [34.0], Train: total:746.27966, BCE:-43.44529, KLD:789.72473,Test: total:24753.38867, BCE:-43.54286, KLD:24796.92773
=> saved checkpoint 'checkpoints_CNN/mnist_vae_var_kaggle_scheduler_2/last' (iter 65625, epoch 35.0)
=> saved checkpoint 'checkpoint_scores_CNN/mnist_vae_var_kaggle_scheduler_2/last' (iter 65625, epoch 35.0)
EarlyStopping counter: 13 out of 20
[Save Checkpoint] epoch: [35.0], Train: total:746.18652, BCE:-43.44846, KLD:789.63641,Test: total:24753.57422, BCE:-43.54385, KLD:24797.11523
=> saved checkpoint 'checkpoints_CNN/mnist_vae_var_kaggle_scheduler_2/last' (iter 67500, epoch 36.0)
=> saved checkpoint 'checkpoint_scores_CNN/mnist_vae_var_kaggle_scheduler_2/last' (iter 67500, epoch 36.0)
EarlyStopping counter: 14 out of 20
[Save Checkpoint] epoch: [36.0], Train: total:746.80322, BCE:-43.45149, KLD:790.25452,Test: total:24769.38281, BCE:-43.54760, KLD:24812.93164
=> saved checkpoint 'checkpoints_CNN/mnist_vae_var_kaggle_scheduler_2/last' (iter 69375, epoch 37.0)
=> saved checkpoint 'checkpoint_scores_CNN/mnist_vae_var_kaggle_scheduler_2/last' (iter 69375, epoch 37.0)
[Save Checkpoint] epoch: [37.0], Train: total:743.92267, BCE:-43.44046, KLD:787.36310,Test: total:24677.84961, BCE:-43.53555, KLD:24721.38672
=> saved checkpoint 'checkpoints_CNN/mnist_vae_var_kaggle_scheduler_2/last' (iter 71250, epoch 38.0)
=> saved checkpoint 'checkpoint_scores_CNN/mnist_vae_var_kaggle_scheduler_2/last' (iter 71250, epoch 38.0)
EarlyStopping counter: 1 out of 20
[Save Checkpoint] epoch: [38.0], Train: total:744.67175, BCE:-43.44859, KLD:788.12042,Test: total:24700.75391, BCE:-43.54180, KLD:24744.29688
=> saved checkpoint 'checkpoints_CNN/mnist_vae_var_kaggle_scheduler_2/last' (iter 73125, epoch 39.0)
=> saved checkpoint 'checkpoint_scores_CNN/mnist_vae_var_kaggle_scheduler_2/last' (iter 73125, epoch 39.0)
EarlyStopping counter: 2 out of 20
[Save Checkpoint] epoch: [39.0], Train: total:747.40784, BCE:-43.44364, KLD:790.85101,Test: total:24787.50977, BCE:-43.53569, KLD:24831.04492
=> saved checkpoint 'checkpoints_CNN/mnist_vae_var_kaggle_scheduler_2/last' (iter 75000, epoch 40.0)
=> saved checkpoint 'checkpoint_scores_CNN/mnist_vae_var_kaggle_scheduler_2/last' (iter 75000, epoch 40.0)
EarlyStopping counter: 3 out of 20
[Save Checkpoint] epoch: [40.0], Train: total:747.69556, BCE:-43.44863, KLD:791.14465,Test: total:24796.97852, BCE:-43.54138, KLD:24840.51953
=> saved checkpoint 'checkpoints_CNN/mnist_vae_var_kaggle_scheduler_2/last' (iter 76875, epoch 41.0)
=> saved checkpoint 'checkpoint_scores_CNN/mnist_vae_var_kaggle_scheduler_2/last' (iter 76875, epoch 41.0)
EarlyStopping counter: 4 out of 20
[Save Checkpoint] epoch: [41.0], Train: total:747.46826, BCE:-43.44817, KLD:790.91602,Test: total:24788.49805, BCE:-43.54123, KLD:24832.04297
=> saved checkpoint 'checkpoints_CNN/mnist_vae_var_kaggle_scheduler_2/last' (iter 78750, epoch 42.0)
=> saved checkpoint 'checkpoint_scores_CNN/mnist_vae_var_kaggle_scheduler_2/last' (iter 78750, epoch 42.0)
[Save Checkpoint] epoch: [42.0], Train: total:746.66559, BCE:-43.44766, KLD:790.11273,Test: total:24764.46484, BCE:-43.53885, KLD:24808.00391
=> saved checkpoint 'checkpoints_CNN/mnist_vae_var_kaggle_scheduler_2/last' (iter 80625, epoch 43.0)
=> saved checkpoint 'checkpoint_scores_CNN/mnist_vae_var_kaggle_scheduler_2/last' (iter 80625, epoch 43.0)
EarlyStopping counter: 1 out of 20
[Save Checkpoint] epoch: [43.0], Train: total:747.77173, BCE:-43.46013, KLD:791.23187,Test: total:24801.81445, BCE:-43.55164, KLD:24845.36719
=> saved checkpoint 'checkpoints_CNN/mnist_vae_var_kaggle_scheduler_2/last' (iter 82500, epoch 44.0)
=> saved checkpoint 'checkpoint_scores_CNN/mnist_vae_var_kaggle_scheduler_2/last' (iter 82500, epoch 44.0)
EarlyStopping counter: 2 out of 20
[Save Checkpoint] epoch: [44.0], Train: total:747.50427, BCE:-43.46056, KLD:790.96429,Test: total:24788.96875, BCE:-43.55242, KLD:24832.52344
=> saved checkpoint 'checkpoints_CNN/mnist_vae_var_kaggle_scheduler_2/last' (iter 84375, epoch 45.0)
=> saved checkpoint 'checkpoint_scores_CNN/mnist_vae_var_kaggle_scheduler_2/last' (iter 84375, epoch 45.0)
EarlyStopping counter: 3 out of 20
[Save Checkpoint] epoch: [45.0], Train: total:747.05725, BCE:-43.46121, KLD:790.51776,Test: total:24778.82617, BCE:-43.55197, KLD:24822.37695
=> saved checkpoint 'checkpoints_CNN/mnist_vae_var_kaggle_scheduler_2/last' (iter 86250, epoch 46.0)
=> saved checkpoint 'checkpoint_scores_CNN/mnist_vae_var_kaggle_scheduler_2/last' (iter 86250, epoch 46.0)
EarlyStopping counter: 4 out of 20
[Save Checkpoint] epoch: [46.0], Train: total:747.07837, BCE:-43.44979, KLD:790.52759,Test: total:24775.35352, BCE:-43.54111, KLD:24818.89453
=> saved checkpoint 'checkpoints_CNN/mnist_vae_var_kaggle_scheduler_2/last' (iter 88125, epoch 47.0)
=> saved checkpoint 'checkpoint_scores_CNN/mnist_vae_var_kaggle_scheduler_2/last' (iter 88125, epoch 47.0)
[Save Checkpoint] epoch: [47.0], Train: total:747.55090, BCE:-43.45161, KLD:791.00183,Test: total:24793.07617, BCE:-43.54368, KLD:24836.62305
=> saved checkpoint 'checkpoints_CNN/mnist_vae_var_kaggle_scheduler_2/last' (iter 90000, epoch 48.0)
=> saved checkpoint 'checkpoint_scores_CNN/mnist_vae_var_kaggle_scheduler_2/last' (iter 90000, epoch 48.0)
EarlyStopping counter: 1 out of 20
[Save Checkpoint] epoch: [48.0], Train: total:751.06390, BCE:-43.45425, KLD:794.51892,Test: total:24904.76172, BCE:-43.54668, KLD:24948.30859
=> saved checkpoint 'checkpoints_CNN/mnist_vae_var_kaggle_scheduler_2/last' (iter 91875, epoch 49.0)
=> saved checkpoint 'checkpoint_scores_CNN/mnist_vae_var_kaggle_scheduler_2/last' (iter 91875, epoch 49.0)
[Save Checkpoint] epoch: [49.0], Train: total:747.59436, BCE:-43.45925, KLD:791.05328,Test: total:24795.65430, BCE:-43.55172, KLD:24839.20898
=> saved checkpoint 'checkpoints_CNN/mnist_vae_var_kaggle_scheduler_2/last' (iter 93750, epoch 50.0)
=> saved checkpoint 'checkpoint_scores_CNN/mnist_vae_var_kaggle_scheduler_2/last' (iter 93750, epoch 50.0)
EarlyStopping counter: 1 out of 20
[Save Checkpoint] epoch: [50.0], Train: total:745.03290, BCE:-43.45652, KLD:788.48907,Test: total:24715.35742, BCE:-43.54887, KLD:24758.90820
=> saved checkpoint 'checkpoints_CNN/mnist_vae_var_kaggle_scheduler_2/last' (iter 95625, epoch 51.0)
=> saved checkpoint 'checkpoint_scores_CNN/mnist_vae_var_kaggle_scheduler_2/last' (iter 95625, epoch 51.0)
EarlyStopping counter: 2 out of 20
[Save Checkpoint] epoch: [51.0], Train: total:747.03717, BCE:-43.45888, KLD:790.49701,Test: total:24777.93555, BCE:-43.55017, KLD:24821.48633
=> saved checkpoint 'checkpoints_CNN/mnist_vae_var_kaggle_scheduler_2/last' (iter 97500, epoch 52.0)
=> saved checkpoint 'checkpoint_scores_CNN/mnist_vae_var_kaggle_scheduler_2/last' (iter 97500, epoch 52.0)
EarlyStopping counter: 3 out of 20
[Save Checkpoint] epoch: [52.0], Train: total:747.77618, BCE:-43.46587, KLD:791.24261,Test: total:24799.30078, BCE:-43.55577, KLD:24842.85352
=> saved checkpoint 'checkpoints_CNN/mnist_vae_var_kaggle_scheduler_2/last' (iter 99375, epoch 53.0)
=> saved checkpoint 'checkpoint_scores_CNN/mnist_vae_var_kaggle_scheduler_2/last' (iter 99375, epoch 53.0)
EarlyStopping counter: 4 out of 20
[Save Checkpoint] epoch: [53.0], Train: total:750.55670, BCE:-43.46504, KLD:794.02136,Test: total:24886.74219, BCE:-43.55522, KLD:24930.29883
Epoch    54: reducing learning rate of group 0 to 1.6000e-06.
=> saved checkpoint 'checkpoints_CNN/mnist_vae_var_kaggle_scheduler_2/last' (iter 101250, epoch 54.0)
=> saved checkpoint 'checkpoint_scores_CNN/mnist_vae_var_kaggle_scheduler_2/last' (iter 101250, epoch 54.0)
EarlyStopping counter: 5 out of 20
[Save Checkpoint] epoch: [54.0], Train: total:747.87701, BCE:-43.46306, KLD:791.34222,Test: total:24801.75000, BCE:-43.55218, KLD:24845.30469
=> saved checkpoint 'checkpoints_CNN/mnist_vae_var_kaggle_scheduler_2/last' (iter 103125, epoch 55.0)
=> saved checkpoint 'checkpoint_scores_CNN/mnist_vae_var_kaggle_scheduler_2/last' (iter 103125, epoch 55.0)
EarlyStopping counter: 6 out of 20
[Save Checkpoint] epoch: [55.0], Train: total:749.31976, BCE:-43.46772, KLD:792.78839,Test: total:24849.93555, BCE:-43.55711, KLD:24893.49023
=> saved checkpoint 'checkpoints_CNN/mnist_vae_var_kaggle_scheduler_2/last' (iter 105000, epoch 56.0)
=> saved checkpoint 'checkpoint_scores_CNN/mnist_vae_var_kaggle_scheduler_2/last' (iter 105000, epoch 56.0)
EarlyStopping counter: 7 out of 20
[Save Checkpoint] epoch: [56.0], Train: total:748.61328, BCE:-43.46378, KLD:792.07599,Test: total:24828.34766, BCE:-43.55263, KLD:24871.89648
=> saved checkpoint 'checkpoints_CNN/mnist_vae_var_kaggle_scheduler_2/last' (iter 106875, epoch 57.0)
=> saved checkpoint 'checkpoint_scores_CNN/mnist_vae_var_kaggle_scheduler_2/last' (iter 106875, epoch 57.0)
EarlyStopping counter: 8 out of 20
[Save Checkpoint] epoch: [57.0], Train: total:749.59760, BCE:-43.46436, KLD:793.06195,Test: total:24856.68359, BCE:-43.55327, KLD:24900.23438
=> saved checkpoint 'checkpoints_CNN/mnist_vae_var_kaggle_scheduler_2/last' (iter 108750, epoch 58.0)
=> saved checkpoint 'checkpoint_scores_CNN/mnist_vae_var_kaggle_scheduler_2/last' (iter 108750, epoch 58.0)
EarlyStopping counter: 9 out of 20
[Save Checkpoint] epoch: [58.0], Train: total:747.81738, BCE:-43.46463, KLD:791.28119,Test: total:24800.87109, BCE:-43.55519, KLD:24844.42578
Epoch    59: reducing learning rate of group 0 to 1.0000e-06.
=> saved checkpoint 'checkpoints_CNN/mnist_vae_var_kaggle_scheduler_2/last' (iter 110625, epoch 59.0)
=> saved checkpoint 'checkpoint_scores_CNN/mnist_vae_var_kaggle_scheduler_2/last' (iter 110625, epoch 59.0)
EarlyStopping counter: 10 out of 20
[Save Checkpoint] epoch: [59.0], Train: total:749.70856, BCE:-43.46334, KLD:793.17139,Test: total:24859.25586, BCE:-43.55152, KLD:24902.80664
=> saved checkpoint 'checkpoints_CNN/mnist_vae_var_kaggle_scheduler_2/last' (iter 112500, epoch 60.0)
=> saved checkpoint 'checkpoint_scores_CNN/mnist_vae_var_kaggle_scheduler_2/last' (iter 112500, epoch 60.0)
EarlyStopping counter: 11 out of 20
[Save Checkpoint] epoch: [60.0], Train: total:748.00464, BCE:-43.46740, KLD:791.47198,Test: total:24809.98047, BCE:-43.55575, KLD:24853.53516
=> saved checkpoint 'checkpoints_CNN/mnist_vae_var_kaggle_scheduler_2/last' (iter 114375, epoch 61.0)
=> saved checkpoint 'checkpoint_scores_CNN/mnist_vae_var_kaggle_scheduler_2/last' (iter 114375, epoch 61.0)
EarlyStopping counter: 12 out of 20
[Save Checkpoint] epoch: [61.0], Train: total:747.38483, BCE:-43.46505, KLD:790.84937,Test: total:24788.54688, BCE:-43.55499, KLD:24832.10156
=> saved checkpoint 'checkpoints_CNN/mnist_vae_var_kaggle_scheduler_2/last' (iter 116250, epoch 62.0)
=> saved checkpoint 'checkpoint_scores_CNN/mnist_vae_var_kaggle_scheduler_2/last' (iter 116250, epoch 62.0)
EarlyStopping counter: 13 out of 20
[Save Checkpoint] epoch: [62.0], Train: total:747.98022, BCE:-43.46659, KLD:791.44781,Test: total:24808.96289, BCE:-43.55522, KLD:24852.51953
=> saved checkpoint 'checkpoints_CNN/mnist_vae_var_kaggle_scheduler_2/last' (iter 118125, epoch 63.0)
=> saved checkpoint 'checkpoint_scores_CNN/mnist_vae_var_kaggle_scheduler_2/last' (iter 118125, epoch 63.0)
EarlyStopping counter: 14 out of 20
[Save Checkpoint] epoch: [63.0], Train: total:746.22083, BCE:-43.46194, KLD:789.68323,Test: total:24750.53320, BCE:-43.55114, KLD:24794.08594
=> saved checkpoint 'checkpoints_CNN/mnist_vae_var_kaggle_scheduler_2/last' (iter 120000, epoch 64.0)
=> saved checkpoint 'checkpoint_scores_CNN/mnist_vae_var_kaggle_scheduler_2/last' (iter 120000, epoch 64.0)
EarlyStopping counter: 15 out of 20
[Save Checkpoint] epoch: [64.0], Train: total:750.59650, BCE:-43.46833, KLD:794.06445,Test: total:24888.88086, BCE:-43.55892, KLD:24932.43945
=> saved checkpoint 'checkpoints_CNN/mnist_vae_var_kaggle_scheduler_2/last' (iter 121875, epoch 65.0)
=> saved checkpoint 'checkpoint_scores_CNN/mnist_vae_var_kaggle_scheduler_2/last' (iter 121875, epoch 65.0)
EarlyStopping counter: 16 out of 20
[Save Checkpoint] epoch: [65.0], Train: total:747.54761, BCE:-43.46690, KLD:791.01416,Test: total:24794.73242, BCE:-43.55698, KLD:24838.28711
=> saved checkpoint 'checkpoints_CNN/mnist_vae_var_kaggle_scheduler_2/last' (iter 123750, epoch 66.0)
=> saved checkpoint 'checkpoint_scores_CNN/mnist_vae_var_kaggle_scheduler_2/last' (iter 123750, epoch 66.0)
EarlyStopping counter: 17 out of 20
[Save Checkpoint] epoch: [66.0], Train: total:748.33911, BCE:-43.46533, KLD:791.80457,Test: total:24818.73438, BCE:-43.55606, KLD:24862.29297
=> saved checkpoint 'checkpoints_CNN/mnist_vae_var_kaggle_scheduler_2/last' (iter 125625, epoch 67.0)
=> saved checkpoint 'checkpoint_scores_CNN/mnist_vae_var_kaggle_scheduler_2/last' (iter 125625, epoch 67.0)
EarlyStopping counter: 18 out of 20
[Save Checkpoint] epoch: [67.0], Train: total:749.45599, BCE:-43.46848, KLD:792.92517,Test: total:24855.32617, BCE:-43.55612, KLD:24898.88281
=> saved checkpoint 'checkpoints_CNN/mnist_vae_var_kaggle_scheduler_2/last' (iter 127500, epoch 68.0)
=> saved checkpoint 'checkpoint_scores_CNN/mnist_vae_var_kaggle_scheduler_2/last' (iter 127500, epoch 68.0)
EarlyStopping counter: 19 out of 20
[Save Checkpoint] epoch: [68.0], Train: total:748.96765, BCE:-43.46797, KLD:792.43494,Test: total:24839.06055, BCE:-43.55893, KLD:24882.61719
=> saved checkpoint 'checkpoints_CNN/mnist_vae_var_kaggle_scheduler_2/last' (iter 129375, epoch 69.0)
=> saved checkpoint 'checkpoint_scores_CNN/mnist_vae_var_kaggle_scheduler_2/last' (iter 129375, epoch 69.0)
EarlyStopping counter: 20 out of 20
[Save Checkpoint] epoch: [69.0], Train: total:748.07117, BCE:-43.46785, KLD:791.53925,Test: total:24807.90625, BCE:-43.55758, KLD:24851.46289
Early stopping
[Training Finished]
All done !
