7
--dataset mnist --model CNN --gpu_devices 0 1 --max_iter 50 --batch_size 250 --ckpt_dir checkpoints_CNN --ckpt_dir_scores checkpoint_scores_CNN --use_scheduler True --GMP True --lr 1e-3 --z_struct_size 32 --add_classification_layer True --classif_layer_size 30 --is_default_model False --is_custom_model False --is_custom_model_BK True --big_kernel_size 8 --two_conv_layer True --three_conv_layer False --BK_in_first_layer True --BK_in_second_layer False --BK_in_third_layer False --stride_size 1 --hidden_filters_layer1 32 --hidden_filters_layer2 32 --hidden_filters_layer3 32 --ratio_reg True --lambda_ratio_reg 0.0001 --lambda_class 1 --other_ratio False --loss_min_distance_cl False --lambda_var_distance 1 --intra_class_variance_loss False --lambda_intra_class_var 1 --contrastive_loss False --lambda_contrastive_loss 1 --alpha 32 --loss Proxy_Anchor --optimizer adamw --mrg 0.1 --IPC False --warm 1 --sz_embedding 32 --dataset_balanced True --loss_distance_mean False --lambda_distance_mean 1 --value_target_distance_mean 10 --diff_var False --lambda_var_intra 1 --lambda_var_inter 1 --exp_name mnist_balanced_dataset_encoder_ratio_5
Namespace(BK_in_first_layer=True, BK_in_second_layer=False, BK_in_third_layer=False, BN=False, C_max=25, C_stop_iter=100000.0, E1_AE=False, E1_VAE=False, E1_conv=False, E1_dense=False, E1_second_conv=False, E1_second_conv_adapt=False, GMP=True, IPC=False, L1_norm_act=False, L1_norm_weights=False, L3_without_random=False, LOG_DIR='logs', adapt_lr=False, add_classification_layer=True, add_linear_after_GMP=True, add_z_struct_bottleneck=False, alpha=32.0, batch_size=250, beta=1, beta1=0.9, beta2=0.999, big_kernel=False, big_kernel_size=[8], binary_chain=False, binary_z=False, ckpt_dir='checkpoints_CNN', ckpt_dir_scores='checkpoint_scores_CNN', classif_layer_size=30, contrastive_loss=False, cuda=True, dataset='mnist', dataset_balanced=True, diff_var=False, display_step=10000, dset_dir='data', exp_name='mnist_balanced_dataset_encoder_ratio_5', freeze_Encoder=True, gamma=1000, gpu_devices=[0, 1], hidden_filters_layer1=32, hidden_filters_layer2=32, hidden_filters_layer3=32, image_size=64, intra_class_variance_loss=False, is_C=True, is_E1=False, is_binary_structural_latent=False, is_custom_model=False, is_custom_model_BK=True, is_default_model=False, is_noise_stats=False, is_partial_rand_class=False, is_perturbed_score=False, is_zvar_sim_loss=False, just_train=False, kernel_size=4, lambda_Kl_struct=1, lambda_Kl_var=1, lambda_L1=0.01, lambda_VAE=1, lambda_class=1.0, lambda_contrastive_loss=1.0, lambda_distance_mean=1.0, lambda_intra_class_var=1.0, lambda_partial_class=1, lambda_ratio_reg=0.0001, lambda_recon_wt_rand=1, lambda_recons=1, lambda_var_distance=1.0, lambda_var_inter=1.0, lambda_var_intra=1.0, lambda_zvar_sim=1, latent_spec_cont=None, latent_spec_cont_class=None, latent_spec_cont_var=None, latent_spec_disc=None, latent_spec_disc_class=None, latent_spec_disc_var=None, log_level='info', loss='Proxy_Anchor', loss_distance_mean=False, loss_min_distance_cl=False, lr=0.001, max_iter=50.0, model='CNN', mrg=0.1, num_workers=2, old_weighted=False, optimizer='adamw', other_ratio=False, random_percentage=0.2, random_seed=10, randomness=True, ratio_reg=True, remark='', save_step=10000, second_layer_C=False, seed=1, stride_size=1, sz_embedding=32, three_conv_layer=False, train=True, two_conv_layer=True, two_encoder=False, use_decoder=False, use_early_stopping=True, use_scheduler=True, value_target_distance_mean=10.0, warm=1, without_acc=False, z_struct_size=32, zeros_W_Classif=False, zvar_sim_change_zvar=False, zvar_sim_loss_for_all_model=False, zvar_sim_loss_only_for_encoder=False, zvar_sim_normal=False, zvar_sim_var_rand=False)
CUDA Visible devices !
[Using Seed: 10]
Balanced dataset loaded
use 1 gpu who named: Tesla V100-SXM2-32GB
=> loaded sample_scores and losses
=> no checkpoint found at 'checkpoints_CNN/mnist_balanced_dataset_encoder_ratio_5/last'
Custom_CNN_BK(
  (net): Sequential(
    (0): Conv2d(1, 32, kernel_size=(8, 8), stride=(1, 1))
    (1): BatchNorm2d(32, eps=1e-05, momentum=0.1, affine=True, track_running_stats=True)
    (2): ReLU(inplace=True)
    (3): Conv2d(32, 32, kernel_size=(4, 4), stride=(1, 1))
    (4): BatchNorm2d(32, eps=1e-05, momentum=0.1, affine=True, track_running_stats=True)
    (5): ReLU(inplace=True)
    (6): AdaptiveMaxPool2d(output_size=(1, 1))
    (7): View()
    (8): Linear(in_features=32, out_features=32, bias=True)
    (9): BatchNorm1d(32, eps=1e-05, momentum=0.1, affine=True, track_running_stats=True)
    (10): ReLU(inplace=True)
    (11): Dropout(p=0.4, inplace=False)
    (12): Linear(in_features=32, out_features=30, bias=True)
    (13): BatchNorm1d(30, eps=1e-05, momentum=0.1, affine=True, track_running_stats=True)
    (14): ReLU(inplace=True)
    (15): Dropout(p=0.4, inplace=False)
    (16): Linear(in_features=30, out_features=10, bias=True)
    (17): Softmax(dim=None)
  )
)
The number of parameters of model is 21104
=> saved checkpoint 'checkpoints_CNN/mnist_balanced_dataset_encoder_ratio_5/last' (iter 270, epoch 1.0)
=> saved checkpoint 'checkpoint_scores_CNN/mnist_balanced_dataset_encoder_ratio_5/last' (iter 270, epoch 1.0)
[Save Checkpoint] epoch: [1.0], Train score:85.61000, Test score:76.66000, train loss:-0.83381, test loss:-0.84036, ratio_train_loss:1.07080,ratio_test_loss:1.14110, var distance inter class train:0.00000,var distance inter class test:0.00000
=> saved checkpoint 'checkpoints_CNN/mnist_balanced_dataset_encoder_ratio_5/last' (iter 540, epoch 2.0)
=> saved checkpoint 'checkpoint_scores_CNN/mnist_balanced_dataset_encoder_ratio_5/last' (iter 540, epoch 2.0)
[Save Checkpoint] epoch: [2.0], Train score:97.70000, Test score:87.17000, train loss:-0.95724, test loss:-0.96033, ratio_train_loss:0.95678,ratio_test_loss:0.98199, var distance inter class train:0.00000,var distance inter class test:0.00000
=> saved checkpoint 'checkpoints_CNN/mnist_balanced_dataset_encoder_ratio_5/last' (iter 810, epoch 3.0)
=> saved checkpoint 'checkpoint_scores_CNN/mnist_balanced_dataset_encoder_ratio_5/last' (iter 810, epoch 3.0)
[Save Checkpoint] epoch: [3.0], Train score:108.28667, Test score:96.69000, train loss:-1.05238, test loss:-1.05448, ratio_train_loss:0.87197,ratio_test_loss:0.88067, var distance inter class train:0.00000,var distance inter class test:0.00000
=> saved checkpoint 'checkpoints_CNN/mnist_balanced_dataset_encoder_ratio_5/last' (iter 1080, epoch 4.0)
=> saved checkpoint 'checkpoint_scores_CNN/mnist_balanced_dataset_encoder_ratio_5/last' (iter 1080, epoch 4.0)
EarlyStopping counter: 1 out of 10
[Save Checkpoint] epoch: [4.0], Train score:109.38667, Test score:97.63000, train loss:-1.06981, test loss:-1.07244, ratio_train_loss:0.86914,ratio_test_loss:0.88012, var distance inter class train:0.00000,var distance inter class test:0.00000
=> saved checkpoint 'checkpoints_CNN/mnist_balanced_dataset_encoder_ratio_5/last' (iter 1350, epoch 5.0)
=> saved checkpoint 'checkpoint_scores_CNN/mnist_balanced_dataset_encoder_ratio_5/last' (iter 1350, epoch 5.0)
[Save Checkpoint] epoch: [5.0], Train score:109.79333, Test score:98.05000, train loss:-1.07458, test loss:-1.07704, ratio_train_loss:0.86556,ratio_test_loss:0.86831, var distance inter class train:0.00000,var distance inter class test:0.00000
=> saved checkpoint 'checkpoints_CNN/mnist_balanced_dataset_encoder_ratio_5/last' (iter 1620, epoch 6.0)
=> saved checkpoint 'checkpoint_scores_CNN/mnist_balanced_dataset_encoder_ratio_5/last' (iter 1620, epoch 6.0)
[Save Checkpoint] epoch: [6.0], Train score:109.81833, Test score:98.07000, train loss:-1.07507, test loss:-1.07799, ratio_train_loss:0.90473,ratio_test_loss:0.94099, var distance inter class train:0.00000,var distance inter class test:0.00000
=> saved checkpoint 'checkpoints_CNN/mnist_balanced_dataset_encoder_ratio_5/last' (iter 1890, epoch 7.0)
=> saved checkpoint 'checkpoint_scores_CNN/mnist_balanced_dataset_encoder_ratio_5/last' (iter 1890, epoch 7.0)
EarlyStopping counter: 1 out of 10
[Save Checkpoint] epoch: [7.0], Train score:110.12500, Test score:98.11000, train loss:-1.07861, test loss:-1.07962, ratio_train_loss:0.83312,ratio_test_loss:0.86328, var distance inter class train:0.00000,var distance inter class test:0.00000
=> saved checkpoint 'checkpoints_CNN/mnist_balanced_dataset_encoder_ratio_5/last' (iter 2160, epoch 8.0)
=> saved checkpoint 'checkpoint_scores_CNN/mnist_balanced_dataset_encoder_ratio_5/last' (iter 2160, epoch 8.0)
[Save Checkpoint] epoch: [8.0], Train score:110.39000, Test score:98.08000, train loss:-1.08112, test loss:-1.07990, ratio_train_loss:0.81277,ratio_test_loss:0.80915, var distance inter class train:0.00000,var distance inter class test:0.00000
=> saved checkpoint 'checkpoints_CNN/mnist_balanced_dataset_encoder_ratio_5/last' (iter 2430, epoch 9.0)
=> saved checkpoint 'checkpoint_scores_CNN/mnist_balanced_dataset_encoder_ratio_5/last' (iter 2430, epoch 9.0)
EarlyStopping counter: 1 out of 10
[Save Checkpoint] epoch: [9.0], Train score:110.42833, Test score:98.16000, train loss:-1.08141, test loss:-1.08089, ratio_train_loss:0.84636,ratio_test_loss:0.85555, var distance inter class train:0.00000,var distance inter class test:0.00000
=> saved checkpoint 'checkpoints_CNN/mnist_balanced_dataset_encoder_ratio_5/last' (iter 2700, epoch 10.0)
=> saved checkpoint 'checkpoint_scores_CNN/mnist_balanced_dataset_encoder_ratio_5/last' (iter 2700, epoch 10.0)
[Save Checkpoint] epoch: [10.0], Train score:110.61000, Test score:98.29000, train loss:-1.08324, test loss:-1.08184, ratio_train_loss:0.82054,ratio_test_loss:0.84530, var distance inter class train:0.00000,var distance inter class test:0.00000
=> saved checkpoint 'checkpoints_CNN/mnist_balanced_dataset_encoder_ratio_5/last' (iter 2970, epoch 11.0)
=> saved checkpoint 'checkpoint_scores_CNN/mnist_balanced_dataset_encoder_ratio_5/last' (iter 2970, epoch 11.0)
[Save Checkpoint] epoch: [11.0], Train score:110.83667, Test score:98.57000, train loss:-1.08545, test loss:-1.08446, ratio_train_loss:0.80778,ratio_test_loss:0.82397, var distance inter class train:0.00000,var distance inter class test:0.00000
=> saved checkpoint 'checkpoints_CNN/mnist_balanced_dataset_encoder_ratio_5/last' (iter 3240, epoch 12.0)
=> saved checkpoint 'checkpoint_scores_CNN/mnist_balanced_dataset_encoder_ratio_5/last' (iter 3240, epoch 12.0)
EarlyStopping counter: 1 out of 10
[Save Checkpoint] epoch: [12.0], Train score:110.74333, Test score:98.32000, train loss:-1.08448, test loss:-1.08238, ratio_train_loss:0.85229,ratio_test_loss:0.85440, var distance inter class train:0.00000,var distance inter class test:0.00000
=> saved checkpoint 'checkpoints_CNN/mnist_balanced_dataset_encoder_ratio_5/last' (iter 3510, epoch 13.0)
=> saved checkpoint 'checkpoint_scores_CNN/mnist_balanced_dataset_encoder_ratio_5/last' (iter 3510, epoch 13.0)
[Save Checkpoint] epoch: [13.0], Train score:110.77500, Test score:98.30000, train loss:-1.08502, test loss:-1.08248, ratio_train_loss:0.85349,ratio_test_loss:0.87280, var distance inter class train:0.00000,var distance inter class test:0.00000
=> saved checkpoint 'checkpoints_CNN/mnist_balanced_dataset_encoder_ratio_5/last' (iter 3780, epoch 14.0)
=> saved checkpoint 'checkpoint_scores_CNN/mnist_balanced_dataset_encoder_ratio_5/last' (iter 3780, epoch 14.0)
EarlyStopping counter: 1 out of 10
[Save Checkpoint] epoch: [14.0], Train score:110.87667, Test score:98.47000, train loss:-1.08608, test loss:-1.08395, ratio_train_loss:0.76556,ratio_test_loss:0.76577, var distance inter class train:0.00000,var distance inter class test:0.00000
=> saved checkpoint 'checkpoints_CNN/mnist_balanced_dataset_encoder_ratio_5/last' (iter 4050, epoch 15.0)
=> saved checkpoint 'checkpoint_scores_CNN/mnist_balanced_dataset_encoder_ratio_5/last' (iter 4050, epoch 15.0)
EarlyStopping counter: 2 out of 10
[Save Checkpoint] epoch: [15.0], Train score:110.73000, Test score:98.34000, train loss:-1.08497, test loss:-1.08284, ratio_train_loss:0.75764,ratio_test_loss:0.75568, var distance inter class train:0.00000,var distance inter class test:0.00000
=> saved checkpoint 'checkpoints_CNN/mnist_balanced_dataset_encoder_ratio_5/last' (iter 4320, epoch 16.0)
=> saved checkpoint 'checkpoint_scores_CNN/mnist_balanced_dataset_encoder_ratio_5/last' (iter 4320, epoch 16.0)
EarlyStopping counter: 3 out of 10
[Save Checkpoint] epoch: [16.0], Train score:110.86667, Test score:98.44000, train loss:-1.08612, test loss:-1.08334, ratio_train_loss:0.75980,ratio_test_loss:0.76350, var distance inter class train:0.00000,var distance inter class test:0.00000
=> saved checkpoint 'checkpoints_CNN/mnist_balanced_dataset_encoder_ratio_5/last' (iter 4590, epoch 17.0)
=> saved checkpoint 'checkpoint_scores_CNN/mnist_balanced_dataset_encoder_ratio_5/last' (iter 4590, epoch 17.0)
EarlyStopping counter: 4 out of 10
[Save Checkpoint] epoch: [17.0], Train score:110.79500, Test score:98.44000, train loss:-1.08527, test loss:-1.08342, ratio_train_loss:0.74222,ratio_test_loss:0.74278, var distance inter class train:0.00000,var distance inter class test:0.00000
=> saved checkpoint 'checkpoints_CNN/mnist_balanced_dataset_encoder_ratio_5/last' (iter 4860, epoch 18.0)
=> saved checkpoint 'checkpoint_scores_CNN/mnist_balanced_dataset_encoder_ratio_5/last' (iter 4860, epoch 18.0)
EarlyStopping counter: 5 out of 10
[Save Checkpoint] epoch: [18.0], Train score:111.06333, Test score:98.63000, train loss:-1.08773, test loss:-1.08496, ratio_train_loss:0.73504,ratio_test_loss:0.73897, var distance inter class train:0.00000,var distance inter class test:0.00000
=> saved checkpoint 'checkpoints_CNN/mnist_balanced_dataset_encoder_ratio_5/last' (iter 5130, epoch 19.0)
=> saved checkpoint 'checkpoint_scores_CNN/mnist_balanced_dataset_encoder_ratio_5/last' (iter 5130, epoch 19.0)
EarlyStopping counter: 6 out of 10
[Save Checkpoint] epoch: [19.0], Train score:111.05333, Test score:98.60000, train loss:-1.08776, test loss:-1.08516, ratio_train_loss:0.76326,ratio_test_loss:0.76276, var distance inter class train:0.00000,var distance inter class test:0.00000
=> saved checkpoint 'checkpoints_CNN/mnist_balanced_dataset_encoder_ratio_5/last' (iter 5400, epoch 20.0)
=> saved checkpoint 'checkpoint_scores_CNN/mnist_balanced_dataset_encoder_ratio_5/last' (iter 5400, epoch 20.0)
EarlyStopping counter: 7 out of 10
[Save Checkpoint] epoch: [20.0], Train score:111.08833, Test score:98.57000, train loss:-1.08822, test loss:-1.08512, ratio_train_loss:0.73608,ratio_test_loss:0.73203, var distance inter class train:0.00000,var distance inter class test:0.00000
=> saved checkpoint 'checkpoints_CNN/mnist_balanced_dataset_encoder_ratio_5/last' (iter 5670, epoch 21.0)
=> saved checkpoint 'checkpoint_scores_CNN/mnist_balanced_dataset_encoder_ratio_5/last' (iter 5670, epoch 21.0)
EarlyStopping counter: 8 out of 10
[Save Checkpoint] epoch: [21.0], Train score:111.09167, Test score:98.49000, train loss:-1.08819, test loss:-1.08417, ratio_train_loss:0.75213,ratio_test_loss:0.75644, var distance inter class train:0.00000,var distance inter class test:0.00000
=> saved checkpoint 'checkpoints_CNN/mnist_balanced_dataset_encoder_ratio_5/last' (iter 5940, epoch 22.0)
=> saved checkpoint 'checkpoint_scores_CNN/mnist_balanced_dataset_encoder_ratio_5/last' (iter 5940, epoch 22.0)
EarlyStopping counter: 9 out of 10
[Save Checkpoint] epoch: [22.0], Train score:111.01000, Test score:98.48000, train loss:-1.08746, test loss:-1.08413, ratio_train_loss:0.76921,ratio_test_loss:0.79215, var distance inter class train:0.00000,var distance inter class test:0.00000
=> saved checkpoint 'checkpoints_CNN/mnist_balanced_dataset_encoder_ratio_5/last' (iter 6210, epoch 23.0)
=> saved checkpoint 'checkpoint_scores_CNN/mnist_balanced_dataset_encoder_ratio_5/last' (iter 6210, epoch 23.0)
EarlyStopping counter: 10 out of 10
[Save Checkpoint] epoch: [23.0], Train score:111.09500, Test score:98.56000, train loss:-1.08823, test loss:-1.08522, ratio_train_loss:0.77466,ratio_test_loss:0.77991, var distance inter class train:0.00000,var distance inter class test:0.00000
Early stopping
[Training Finished]
All done !
