90
--gpu_devices 0 --max_iter 100 --batch_size 250 --use_scheduler True --lr 1e-3 --GMP True --z_struct_size 10 --is_VAE True --is_encoder_struct False --lambda_BCE 1 --beta 1 --big_kernel_size 8 --two_conv_layer True --three_conv_layer True --kernel_size_1 4 --kernel_size_2 4 --kernel_size_3 4 --BK_in_first_layer True --BK_in_second_layer False --BK_in_third_layer False --stride_size 1 --hidden_filters_layer1 64 --hidden_filters_layer2 64 --hidden_filters_layer3 64 --dataset_balanced True --binary_z True --binary_first_conv False --binary_second_conv False --binary_third_conv True --z_var_size 30 --z_struct_size 25 --use_small_lr_encoder_var False --encoder_var_name None --encoder_struct_name mnist_struct_baseline_scheduler_binary_25 --freeze_Encoder True --exp_name mnist_VAE_s25_v30_SE
Namespace(BK_in_first_layer=True, BK_in_second_layer=False, BK_in_third_layer=False, BN=False, C_max=25, C_stop_iter=100000.0, E1_AE=False, E1_VAE=False, E1_conv=False, E1_dense=False, E1_second_conv=False, E1_second_conv_adapt=False, GMP=True, Hmg_dst_loss=False, IPC=False, L1_norm_act=False, L1_norm_weights=False, L3_without_random=False, LOG_DIR='logs', adapt_lr=False, add_classification_layer=True, add_linear_after_GMP=True, add_z_struct_bottleneck=False, alpha=32, batch_size=250, beta=1.0, beta1=0.9, beta2=0.999, big_kernel=False, big_kernel_size=8, binary_chain=False, binary_first_conv=False, binary_second_conv=False, binary_third_conv=True, binary_z=True, both_decoders_freeze=False, ckpt_dir='checkpoints_CNN', ckpt_dir_scores='checkpoint_scores_CNN', classif_layer_size=30, contrastive_loss=False, cuda=True, dataset='mnist', dataset_balanced=True, decoder_first_dense=36, decoder_kernel_size_1=4, decoder_kernel_size_2=3, decoder_kernel_size_3=4, decoder_n_filter_1=64, decoder_n_filter_2=64, decoder_n_filter_3=64, decoder_stride_1=2, decoder_stride_2=2, decoder_stride_3=1, diff_var=False, display_step=10000, dset_dir='data', encoder_struct_name='mnist_struct_baseline_scheduler_binary_25', encoder_var_name='None', exp_name='mnist_VAE_s25_v30_SE', freeze_Encoder=True, gamma=1000, gpu_devices=[0], hidden_filters_layer1=64, hidden_filters_layer2=64, hidden_filters_layer3=64, image_size=64, intra_class_variance_loss=False, is_C=True, is_E1=False, is_VAE=True, is_VAE_var=False, is_binary_structural_latent=False, is_custom_model=False, is_custom_model_BK=False, is_default_model=False, is_encoder_struct=False, is_noise_stats=False, is_partial_rand_class=False, is_perturbed_score=False, is_zvar_sim_loss=False, just_train=False, kernel_size=4, kernel_size_1=4, kernel_size_2=4, kernel_size_3=4, lambda_BCE=1.0, lambda_Kl_struct=1, lambda_Kl_var=1, lambda_L1=0.01, lambda_VAE=1, lambda_class=1, lambda_contrastive_loss=1, lambda_distance_mean=1, lambda_hmg_dst=1, lambda_intra_class_var=1, lambda_partial_class=1, lambda_ratio_reg=1, lambda_recon_wt_rand=1, lambda_recons=1, lambda_uniq_code_dst=1, lambda_var_distance=1, lambda_var_inter=1, lambda_var_intra=1, lambda_zvar_sim=1, latent_spec_cont=None, latent_spec_cont_class=None, latent_spec_cont_var=None, latent_spec_disc=None, latent_spec_disc_class=None, latent_spec_disc_var=None, log_level='info', loss='Proxy_Anchor', loss_distance_mean=False, loss_min_distance_cl=False, lr=0.001, max_epoch_use_uniq_code_target=5, max_iter=100.0, model='CNN', mrg=0.1, nb_epochs_train_only_zvar=0, num_workers=2, old_weighted=False, optimizer='adamw', other_architecture=False, other_ratio=False, random_percentage=0.2, random_seed=10, randomness=True, ratio_reg=False, remark='', save_step=10000, second_layer_C=False, seed=1, stride_size=1, sz_embedding=5, three_conv_layer=True, train=True, train_var_struct_alternatively=False, two_conv_layer=True, two_encoder=False, uniq_code_dst_loss=False, use_VAE=False, use_decoder=False, use_early_stopping=True, use_scheduler=True, use_small_lr_encoder_var=False, use_structural_encoder=False, value_target_distance_mean=1, var_hidden_dim=256, var_hidden_filters_1=32, var_hidden_filters_2=32, var_hidden_filters_3=32, var_kernel_size_1=3, var_kernel_size_2=3, var_kernel_size_3=3, var_second_cnn_block=True, var_stride_size_1=1, var_stride_size_2=1, var_stride_size_3=1, var_third_cnn_block=False, var_three_conv_layer=False, warm=1, without_acc=False, z_struct_size=25, z_var_size=30, zeros_W_Classif=False, zvar_sim_change_zvar=False, zvar_sim_loss_for_all_model=False, zvar_sim_loss_only_for_encoder=False, zvar_sim_normal=False, zvar_sim_var_rand=False)
CUDA Visible devices !
[Using Seed: 10]
Balanced dataset loaded
VAE doesn't exist but encoder struct yes ! load struct encoder weighs !
=> loaded checkpoint 'checkpoints_CNN/mnist_struct_baseline_scheduler_binary_25/last (iter 20250)'
Weighs loaded for struct encoder !
use 1 gpu who named: Tesla V100-SXM2-32GB
VAE(
  (encoder_struct): Sequential(
    (0): Conv2d(1, 64, kernel_size=(8, 8), stride=(1, 1))
    (1): BatchNorm2d(64, eps=1e-05, momentum=0.1, affine=True, track_running_stats=True)
    (2): ReLU(inplace=True)
    (3): Conv2d(64, 64, kernel_size=(4, 4), stride=(1, 1))
    (4): BatchNorm2d(64, eps=1e-05, momentum=0.1, affine=True, track_running_stats=True)
    (5): ReLU(inplace=True)
    (6): Conv2d(64, 25, kernel_size=(4, 4), stride=(1, 1))
    (7): DeterministicBinaryActivation(
      (act): Hardsigmoid(
        (act): Hardtanh(min_val=-1.0, max_val=1.0)
      )
    )
    (8): AdaptiveMaxPool2d(output_size=(1, 1))
    (9): View()
  )
  (encoder_var): Sequential(
    (0): Conv2d(1, 32, kernel_size=(3, 3), stride=(1, 1))
    (1): ReLU(inplace=True)
    (2): BatchNorm2d(32, eps=1e-05, momentum=0.1, affine=True, track_running_stats=True)
    (3): Conv2d(32, 32, kernel_size=(3, 3), stride=(1, 1))
    (4): ReLU(inplace=True)
    (5): BatchNorm2d(32, eps=1e-05, momentum=0.1, affine=True, track_running_stats=True)
    (6): Conv2d(32, 32, kernel_size=(5, 5), stride=(2, 2), padding=(2, 2))
    (7): ReLU(inplace=True)
    (8): BatchNorm2d(32, eps=1e-05, momentum=0.1, affine=True, track_running_stats=True)
    (9): Dropout(p=0.4, inplace=False)
    (10): Conv2d(32, 64, kernel_size=(3, 3), stride=(1, 1))
    (11): ReLU(inplace=True)
    (12): BatchNorm2d(64, eps=1e-05, momentum=0.1, affine=True, track_running_stats=True)
    (13): Conv2d(64, 64, kernel_size=(3, 3), stride=(1, 1))
    (14): ReLU(inplace=True)
    (15): BatchNorm2d(64, eps=1e-05, momentum=0.1, affine=True, track_running_stats=True)
    (16): Conv2d(64, 64, kernel_size=(5, 5), stride=(2, 2), padding=(2, 2))
    (17): ReLU(inplace=True)
    (18): BatchNorm2d(64, eps=1e-05, momentum=0.1, affine=True, track_running_stats=True)
    (19): Dropout(p=0.4, inplace=False)
    (20): View()
    (21): Linear(in_features=1600, out_features=60, bias=True)
  )
  (decoder): Sequential(
    (0): Linear(in_features=55, out_features=1600, bias=True)
    (1): ReLU(inplace=True)
    (2): View()
    (3): ConvTranspose2d(64, 64, kernel_size=(4, 4), stride=(2, 2), padding=(1, 1))
    (4): ReLU(inplace=True)
    (5): ConvTranspose2d(64, 64, kernel_size=(3, 3), stride=(1, 1))
    (6): ReLU(inplace=True)
    (7): ConvTranspose2d(64, 32, kernel_size=(3, 3), stride=(1, 1))
    (8): ReLU(inplace=True)
    (9): ConvTranspose2d(32, 32, kernel_size=(4, 4), stride=(2, 2), padding=(1, 1))
    (10): ReLU(inplace=True)
    (11): ConvTranspose2d(32, 32, kernel_size=(3, 3), stride=(1, 1))
    (12): ReLU(inplace=True)
    (13): ConvTranspose2d(32, 1, kernel_size=(3, 3), stride=(1, 1))
    (14): Sigmoid()
  )
)
The number of parameters of model is 621910
=> saved checkpoint 'checkpoints_CNN/mnist_VAE_s25_v30_SE/last' (iter 270, epoch 1.0)
=> saved checkpoint 'checkpoint_scores_CNN/mnist_VAE_s25_v30_SE/last' (iter 270, epoch 1.0)
[Save Checkpoint] epoch: [1.0], Train: total:8288.93848, BCE:-17.68538, KLD:8306.62305,Test: total:33243.44531, BCE:-17.83363, KLD:33261.27734
=> saved checkpoint 'checkpoints_CNN/mnist_VAE_s25_v30_SE/last' (iter 540, epoch 2.0)
=> saved checkpoint 'checkpoint_scores_CNN/mnist_VAE_s25_v30_SE/last' (iter 540, epoch 2.0)
[Save Checkpoint] epoch: [2.0], Train: total:7902.63428, BCE:-18.95332, KLD:7921.58398,Test: total:31585.95898, BCE:-19.08692, KLD:31605.04492
=> saved checkpoint 'checkpoints_CNN/mnist_VAE_s25_v30_SE/last' (iter 810, epoch 3.0)
=> saved checkpoint 'checkpoint_scores_CNN/mnist_VAE_s25_v30_SE/last' (iter 810, epoch 3.0)
[Save Checkpoint] epoch: [3.0], Train: total:8003.53223, BCE:-15.82797, KLD:8019.35889,Test: total:31889.95117, BCE:-15.92169, KLD:31905.86914
=> saved checkpoint 'checkpoints_CNN/mnist_VAE_s25_v30_SE/last' (iter 1080, epoch 4.0)
=> saved checkpoint 'checkpoint_scores_CNN/mnist_VAE_s25_v30_SE/last' (iter 1080, epoch 4.0)
[Save Checkpoint] epoch: [4.0], Train: total:7967.61475, BCE:-15.84658, KLD:7983.45898,Test: total:31752.61328, BCE:-15.96058, KLD:31768.57227
=> saved checkpoint 'checkpoints_CNN/mnist_VAE_s25_v30_SE/last' (iter 1350, epoch 5.0)
=> saved checkpoint 'checkpoint_scores_CNN/mnist_VAE_s25_v30_SE/last' (iter 1350, epoch 5.0)
[Save Checkpoint] epoch: [5.0], Train: total:7989.63525, BCE:-15.76040, KLD:8005.39600,Test: total:31802.58203, BCE:-15.94507, KLD:31818.52539
=> saved checkpoint 'checkpoints_CNN/mnist_VAE_s25_v30_SE/last' (iter 1620, epoch 6.0)
=> saved checkpoint 'checkpoint_scores_CNN/mnist_VAE_s25_v30_SE/last' (iter 1620, epoch 6.0)
[Save Checkpoint] epoch: [6.0], Train: total:7934.87744, BCE:-15.57433, KLD:7950.45557,Test: total:31565.34375, BCE:-15.73427, KLD:31581.07617
=> saved checkpoint 'checkpoints_CNN/mnist_VAE_s25_v30_SE/last' (iter 1890, epoch 7.0)
=> saved checkpoint 'checkpoint_scores_CNN/mnist_VAE_s25_v30_SE/last' (iter 1890, epoch 7.0)
[Save Checkpoint] epoch: [7.0], Train: total:7999.71826, BCE:-16.31021, KLD:8016.03125,Test: total:31828.48828, BCE:-16.55912, KLD:31845.04688
=> saved checkpoint 'checkpoints_CNN/mnist_VAE_s25_v30_SE/last' (iter 2160, epoch 8.0)
=> saved checkpoint 'checkpoint_scores_CNN/mnist_VAE_s25_v30_SE/last' (iter 2160, epoch 8.0)
[Save Checkpoint] epoch: [8.0], Train: total:7703.96045, BCE:-16.33617, KLD:7720.29395,Test: total:30616.38477, BCE:-16.60703, KLD:30632.99414
=> saved checkpoint 'checkpoints_CNN/mnist_VAE_s25_v30_SE/last' (iter 2430, epoch 9.0)
=> saved checkpoint 'checkpoint_scores_CNN/mnist_VAE_s25_v30_SE/last' (iter 2430, epoch 9.0)
[Save Checkpoint] epoch: [9.0], Train: total:7837.85352, BCE:-16.01696, KLD:7853.86914,Test: total:31121.22852, BCE:-16.31279, KLD:31137.53711
=> saved checkpoint 'checkpoints_CNN/mnist_VAE_s25_v30_SE/last' (iter 2700, epoch 10.0)
=> saved checkpoint 'checkpoint_scores_CNN/mnist_VAE_s25_v30_SE/last' (iter 2700, epoch 10.0)
[Save Checkpoint] epoch: [10.0], Train: total:7854.82568, BCE:-15.08556, KLD:7869.91357,Test: total:31180.49414, BCE:-15.40421, KLD:31195.90039
=> saved checkpoint 'checkpoints_CNN/mnist_VAE_s25_v30_SE/last' (iter 2970, epoch 11.0)
=> saved checkpoint 'checkpoint_scores_CNN/mnist_VAE_s25_v30_SE/last' (iter 2970, epoch 11.0)
[Save Checkpoint] epoch: [11.0], Train: total:7908.24805, BCE:-15.92937, KLD:7924.18115,Test: total:31387.07617, BCE:-16.28610, KLD:31403.35938
=> saved checkpoint 'checkpoints_CNN/mnist_VAE_s25_v30_SE/last' (iter 3240, epoch 12.0)
=> saved checkpoint 'checkpoint_scores_CNN/mnist_VAE_s25_v30_SE/last' (iter 3240, epoch 12.0)
[Save Checkpoint] epoch: [12.0], Train: total:7788.73145, BCE:-15.33575, KLD:7804.06396,Test: total:30885.79492, BCE:-15.72169, KLD:30901.51367
=> saved checkpoint 'checkpoints_CNN/mnist_VAE_s25_v30_SE/last' (iter 3510, epoch 13.0)
=> saved checkpoint 'checkpoint_scores_CNN/mnist_VAE_s25_v30_SE/last' (iter 3510, epoch 13.0)
[Save Checkpoint] epoch: [13.0], Train: total:7736.10498, BCE:-15.75591, KLD:7751.86230,Test: total:30707.49414, BCE:-16.11412, KLD:30723.60938
=> saved checkpoint 'checkpoints_CNN/mnist_VAE_s25_v30_SE/last' (iter 3780, epoch 14.0)
=> saved checkpoint 'checkpoint_scores_CNN/mnist_VAE_s25_v30_SE/last' (iter 3780, epoch 14.0)
[Save Checkpoint] epoch: [14.0], Train: total:7735.47998, BCE:-16.03866, KLD:7751.51953,Test: total:30674.08203, BCE:-16.41477, KLD:30690.50000
=> saved checkpoint 'checkpoints_CNN/mnist_VAE_s25_v30_SE/last' (iter 4050, epoch 15.0)
=> saved checkpoint 'checkpoint_scores_CNN/mnist_VAE_s25_v30_SE/last' (iter 4050, epoch 15.0)
[Save Checkpoint] epoch: [15.0], Train: total:7752.70703, BCE:-16.65932, KLD:7769.36475,Test: total:30715.11523, BCE:-17.02454, KLD:30732.13867
=> saved checkpoint 'checkpoints_CNN/mnist_VAE_s25_v30_SE/last' (iter 4320, epoch 16.0)
=> saved checkpoint 'checkpoint_scores_CNN/mnist_VAE_s25_v30_SE/last' (iter 4320, epoch 16.0)
EarlyStopping counter: 1 out of 25
[Save Checkpoint] epoch: [16.0], Train: total:7574.64062, BCE:-16.27829, KLD:7590.91797,Test: total:30019.57812, BCE:-16.65139, KLD:30036.22852
=> saved checkpoint 'checkpoints_CNN/mnist_VAE_s25_v30_SE/last' (iter 4590, epoch 17.0)
=> saved checkpoint 'checkpoint_scores_CNN/mnist_VAE_s25_v30_SE/last' (iter 4590, epoch 17.0)
[Save Checkpoint] epoch: [17.0], Train: total:7645.59277, BCE:-17.04656, KLD:7662.64014,Test: total:30296.88867, BCE:-17.44296, KLD:30314.33203
=> saved checkpoint 'checkpoints_CNN/mnist_VAE_s25_v30_SE/last' (iter 4860, epoch 18.0)
=> saved checkpoint 'checkpoint_scores_CNN/mnist_VAE_s25_v30_SE/last' (iter 4860, epoch 18.0)
[Save Checkpoint] epoch: [18.0], Train: total:7449.96777, BCE:-16.33661, KLD:7466.30273,Test: total:29521.12305, BCE:-16.73268, KLD:29537.84961
=> saved checkpoint 'checkpoints_CNN/mnist_VAE_s25_v30_SE/last' (iter 5130, epoch 19.0)
=> saved checkpoint 'checkpoint_scores_CNN/mnist_VAE_s25_v30_SE/last' (iter 5130, epoch 19.0)
EarlyStopping counter: 1 out of 25
[Save Checkpoint] epoch: [19.0], Train: total:7473.21631, BCE:-17.18570, KLD:7490.40332,Test: total:29601.80664, BCE:-17.59562, KLD:29619.40039
=> saved checkpoint 'checkpoints_CNN/mnist_VAE_s25_v30_SE/last' (iter 5400, epoch 20.0)
=> saved checkpoint 'checkpoint_scores_CNN/mnist_VAE_s25_v30_SE/last' (iter 5400, epoch 20.0)
EarlyStopping counter: 2 out of 25
[Save Checkpoint] epoch: [20.0], Train: total:7642.66211, BCE:-17.34525, KLD:7660.00732,Test: total:30264.71680, BCE:-17.75411, KLD:30282.46680
=> saved checkpoint 'checkpoints_CNN/mnist_VAE_s25_v30_SE/last' (iter 5670, epoch 21.0)
=> saved checkpoint 'checkpoint_scores_CNN/mnist_VAE_s25_v30_SE/last' (iter 5670, epoch 21.0)
[Save Checkpoint] epoch: [21.0], Train: total:7406.21582, BCE:-17.46348, KLD:7423.67676,Test: total:29336.44141, BCE:-17.88247, KLD:29354.32617
=> saved checkpoint 'checkpoints_CNN/mnist_VAE_s25_v30_SE/last' (iter 5940, epoch 22.0)
=> saved checkpoint 'checkpoint_scores_CNN/mnist_VAE_s25_v30_SE/last' (iter 5940, epoch 22.0)
EarlyStopping counter: 1 out of 25
[Save Checkpoint] epoch: [22.0], Train: total:7490.01904, BCE:-17.97961, KLD:7508.00195,Test: total:29664.74414, BCE:-18.37876, KLD:29683.11914
=> saved checkpoint 'checkpoints_CNN/mnist_VAE_s25_v30_SE/last' (iter 6210, epoch 23.0)
=> saved checkpoint 'checkpoint_scores_CNN/mnist_VAE_s25_v30_SE/last' (iter 6210, epoch 23.0)
[Save Checkpoint] epoch: [23.0], Train: total:7388.42920, BCE:-17.71579, KLD:7406.14502,Test: total:29247.52930, BCE:-18.13626, KLD:29265.66602
=> saved checkpoint 'checkpoints_CNN/mnist_VAE_s25_v30_SE/last' (iter 6480, epoch 24.0)
=> saved checkpoint 'checkpoint_scores_CNN/mnist_VAE_s25_v30_SE/last' (iter 6480, epoch 24.0)
EarlyStopping counter: 1 out of 25
[Save Checkpoint] epoch: [24.0], Train: total:7392.26465, BCE:-18.59059, KLD:7410.85596,Test: total:29282.67578, BCE:-19.04895, KLD:29301.72461
=> saved checkpoint 'checkpoints_CNN/mnist_VAE_s25_v30_SE/last' (iter 6750, epoch 25.0)
=> saved checkpoint 'checkpoint_scores_CNN/mnist_VAE_s25_v30_SE/last' (iter 6750, epoch 25.0)
[Save Checkpoint] epoch: [25.0], Train: total:7342.42236, BCE:-19.23495, KLD:7361.65332,Test: total:29080.19727, BCE:-19.68402, KLD:29099.88086
=> saved checkpoint 'checkpoints_CNN/mnist_VAE_s25_v30_SE/last' (iter 7020, epoch 26.0)
=> saved checkpoint 'checkpoint_scores_CNN/mnist_VAE_s25_v30_SE/last' (iter 7020, epoch 26.0)
[Save Checkpoint] epoch: [26.0], Train: total:7434.75488, BCE:-19.05296, KLD:7453.80859,Test: total:29430.85938, BCE:-19.52987, KLD:29450.39062
=> saved checkpoint 'checkpoints_CNN/mnist_VAE_s25_v30_SE/last' (iter 7290, epoch 27.0)
=> saved checkpoint 'checkpoint_scores_CNN/mnist_VAE_s25_v30_SE/last' (iter 7290, epoch 27.0)
EarlyStopping counter: 1 out of 25
[Save Checkpoint] epoch: [27.0], Train: total:7392.78955, BCE:-19.66178, KLD:7412.44434,Test: total:29290.25586, BCE:-20.11616, KLD:29310.37500
=> saved checkpoint 'checkpoints_CNN/mnist_VAE_s25_v30_SE/last' (iter 7560, epoch 28.0)
=> saved checkpoint 'checkpoint_scores_CNN/mnist_VAE_s25_v30_SE/last' (iter 7560, epoch 28.0)
EarlyStopping counter: 2 out of 25
[Save Checkpoint] epoch: [28.0], Train: total:7265.80078, BCE:-19.74464, KLD:7285.54834,Test: total:28770.28711, BCE:-20.21636, KLD:28790.50000
=> saved checkpoint 'checkpoints_CNN/mnist_VAE_s25_v30_SE/last' (iter 7830, epoch 29.0)
=> saved checkpoint 'checkpoint_scores_CNN/mnist_VAE_s25_v30_SE/last' (iter 7830, epoch 29.0)
EarlyStopping counter: 3 out of 25
[Save Checkpoint] epoch: [29.0], Train: total:7251.98291, BCE:-19.99996, KLD:7271.98389,Test: total:28701.24414, BCE:-20.47645, KLD:28721.72266
=> saved checkpoint 'checkpoints_CNN/mnist_VAE_s25_v30_SE/last' (iter 8100, epoch 30.0)
=> saved checkpoint 'checkpoint_scores_CNN/mnist_VAE_s25_v30_SE/last' (iter 8100, epoch 30.0)
[Save Checkpoint] epoch: [30.0], Train: total:7321.68359, BCE:-20.71148, KLD:7342.39600,Test: total:28985.74414, BCE:-21.19201, KLD:29006.93555
=> saved checkpoint 'checkpoints_CNN/mnist_VAE_s25_v30_SE/last' (iter 8370, epoch 31.0)
=> saved checkpoint 'checkpoint_scores_CNN/mnist_VAE_s25_v30_SE/last' (iter 8370, epoch 31.0)
[Save Checkpoint] epoch: [31.0], Train: total:7221.65723, BCE:-20.83013, KLD:7242.48584,Test: total:28585.71289, BCE:-21.28621, KLD:28607.00000
=> saved checkpoint 'checkpoints_CNN/mnist_VAE_s25_v30_SE/last' (iter 8640, epoch 32.0)
=> saved checkpoint 'checkpoint_scores_CNN/mnist_VAE_s25_v30_SE/last' (iter 8640, epoch 32.0)
EarlyStopping counter: 1 out of 25
[Save Checkpoint] epoch: [32.0], Train: total:7266.63428, BCE:-21.32638, KLD:7287.95947,Test: total:28775.05078, BCE:-21.78644, KLD:28796.83398
=> saved checkpoint 'checkpoints_CNN/mnist_VAE_s25_v30_SE/last' (iter 8910, epoch 33.0)
=> saved checkpoint 'checkpoint_scores_CNN/mnist_VAE_s25_v30_SE/last' (iter 8910, epoch 33.0)
EarlyStopping counter: 2 out of 25
[Save Checkpoint] epoch: [33.0], Train: total:7261.55127, BCE:-21.84417, KLD:7283.39453,Test: total:28738.75000, BCE:-22.31036, KLD:28761.06250
=> saved checkpoint 'checkpoints_CNN/mnist_VAE_s25_v30_SE/last' (iter 9180, epoch 34.0)
=> saved checkpoint 'checkpoint_scores_CNN/mnist_VAE_s25_v30_SE/last' (iter 9180, epoch 34.0)
EarlyStopping counter: 3 out of 25
[Save Checkpoint] epoch: [34.0], Train: total:7230.06152, BCE:-21.76929, KLD:7251.83154,Test: total:28632.47852, BCE:-22.26321, KLD:28654.74023
=> saved checkpoint 'checkpoints_CNN/mnist_VAE_s25_v30_SE/last' (iter 9450, epoch 35.0)
=> saved checkpoint 'checkpoint_scores_CNN/mnist_VAE_s25_v30_SE/last' (iter 9450, epoch 35.0)
[Save Checkpoint] epoch: [35.0], Train: total:7373.29053, BCE:-22.44475, KLD:7395.73242,Test: total:29226.17773, BCE:-22.93588, KLD:29249.11328
=> saved checkpoint 'checkpoints_CNN/mnist_VAE_s25_v30_SE/last' (iter 9720, epoch 36.0)
=> saved checkpoint 'checkpoint_scores_CNN/mnist_VAE_s25_v30_SE/last' (iter 9720, epoch 36.0)
EarlyStopping counter: 1 out of 25
[Save Checkpoint] epoch: [36.0], Train: total:7157.40479, BCE:-22.82316, KLD:7180.22510,Test: total:28333.56250, BCE:-23.29290, KLD:28356.85742
=> saved checkpoint 'checkpoints_CNN/mnist_VAE_s25_v30_SE/last' (iter 9990, epoch 37.0)
=> saved checkpoint 'checkpoint_scores_CNN/mnist_VAE_s25_v30_SE/last' (iter 9990, epoch 37.0)
EarlyStopping counter: 2 out of 25
[Save Checkpoint] epoch: [37.0], Train: total:7174.55566, BCE:-23.33853, KLD:7197.89551,Test: total:28414.33203, BCE:-23.83515, KLD:28438.16992
=> saved checkpoint 'checkpoints_CNN/mnist_VAE_s25_v30_SE/last' (iter 10260, epoch 38.0)
=> saved checkpoint 'checkpoint_scores_CNN/mnist_VAE_s25_v30_SE/last' (iter 10260, epoch 38.0)
EarlyStopping counter: 3 out of 25
[Save Checkpoint] epoch: [38.0], Train: total:7249.02637, BCE:-23.60539, KLD:7272.63525,Test: total:28705.02148, BCE:-24.09017, KLD:28729.10938
=> saved checkpoint 'checkpoints_CNN/mnist_VAE_s25_v30_SE/last' (iter 10530, epoch 39.0)
=> saved checkpoint 'checkpoint_scores_CNN/mnist_VAE_s25_v30_SE/last' (iter 10530, epoch 39.0)
[Save Checkpoint] epoch: [39.0], Train: total:7277.26025, BCE:-22.85383, KLD:7300.11377,Test: total:28815.13477, BCE:-23.35502, KLD:28838.49023
=> saved checkpoint 'checkpoints_CNN/mnist_VAE_s25_v30_SE/last' (iter 10800, epoch 40.0)
=> saved checkpoint 'checkpoint_scores_CNN/mnist_VAE_s25_v30_SE/last' (iter 10800, epoch 40.0)
[Save Checkpoint] epoch: [40.0], Train: total:7182.11914, BCE:-23.50817, KLD:7205.62744,Test: total:28429.59961, BCE:-23.97812, KLD:28453.57812
=> saved checkpoint 'checkpoints_CNN/mnist_VAE_s25_v30_SE/last' (iter 11070, epoch 41.0)
=> saved checkpoint 'checkpoint_scores_CNN/mnist_VAE_s25_v30_SE/last' (iter 11070, epoch 41.0)
[Save Checkpoint] epoch: [41.0], Train: total:7228.66260, BCE:-23.84255, KLD:7252.50537,Test: total:28626.44336, BCE:-24.31389, KLD:28650.75977
=> saved checkpoint 'checkpoints_CNN/mnist_VAE_s25_v30_SE/last' (iter 11340, epoch 42.0)
=> saved checkpoint 'checkpoint_scores_CNN/mnist_VAE_s25_v30_SE/last' (iter 11340, epoch 42.0)
EarlyStopping counter: 1 out of 25
[Save Checkpoint] epoch: [42.0], Train: total:7220.34375, BCE:-23.81819, KLD:7244.16309,Test: total:28592.18164, BCE:-24.28275, KLD:28616.46289
=> saved checkpoint 'checkpoints_CNN/mnist_VAE_s25_v30_SE/last' (iter 11610, epoch 43.0)
=> saved checkpoint 'checkpoint_scores_CNN/mnist_VAE_s25_v30_SE/last' (iter 11610, epoch 43.0)
EarlyStopping counter: 2 out of 25
[Save Checkpoint] epoch: [43.0], Train: total:7323.31738, BCE:-24.51924, KLD:7347.83545,Test: total:29018.21289, BCE:-25.00973, KLD:29043.22461
=> saved checkpoint 'checkpoints_CNN/mnist_VAE_s25_v30_SE/last' (iter 11880, epoch 44.0)
=> saved checkpoint 'checkpoint_scores_CNN/mnist_VAE_s25_v30_SE/last' (iter 11880, epoch 44.0)
EarlyStopping counter: 3 out of 25
[Save Checkpoint] epoch: [44.0], Train: total:7157.60693, BCE:-24.46197, KLD:7182.06592,Test: total:28347.79492, BCE:-24.94165, KLD:28372.73438
=> saved checkpoint 'checkpoints_CNN/mnist_VAE_s25_v30_SE/last' (iter 12150, epoch 45.0)
=> saved checkpoint 'checkpoint_scores_CNN/mnist_VAE_s25_v30_SE/last' (iter 12150, epoch 45.0)
[Save Checkpoint] epoch: [45.0], Train: total:7079.23584, BCE:-24.59143, KLD:7103.83057,Test: total:28022.65625, BCE:-25.06125, KLD:28047.71875
=> saved checkpoint 'checkpoints_CNN/mnist_VAE_s25_v30_SE/last' (iter 12420, epoch 46.0)
=> saved checkpoint 'checkpoint_scores_CNN/mnist_VAE_s25_v30_SE/last' (iter 12420, epoch 46.0)
EarlyStopping counter: 1 out of 25
[Save Checkpoint] epoch: [46.0], Train: total:7162.47021, BCE:-24.56033, KLD:7187.02979,Test: total:28353.57617, BCE:-25.01188, KLD:28378.58789
=> saved checkpoint 'checkpoints_CNN/mnist_VAE_s25_v30_SE/last' (iter 12690, epoch 47.0)
=> saved checkpoint 'checkpoint_scores_CNN/mnist_VAE_s25_v30_SE/last' (iter 12690, epoch 47.0)
EarlyStopping counter: 2 out of 25
[Save Checkpoint] epoch: [47.0], Train: total:7192.04834, BCE:-24.79181, KLD:7216.83643,Test: total:28470.52148, BCE:-25.24516, KLD:28495.76953
=> saved checkpoint 'checkpoints_CNN/mnist_VAE_s25_v30_SE/last' (iter 12960, epoch 48.0)
=> saved checkpoint 'checkpoint_scores_CNN/mnist_VAE_s25_v30_SE/last' (iter 12960, epoch 48.0)
EarlyStopping counter: 3 out of 25
[Save Checkpoint] epoch: [48.0], Train: total:7138.78711, BCE:-25.21414, KLD:7164.00049,Test: total:28252.86328, BCE:-25.69119, KLD:28278.55078
=> saved checkpoint 'checkpoints_CNN/mnist_VAE_s25_v30_SE/last' (iter 13230, epoch 49.0)
=> saved checkpoint 'checkpoint_scores_CNN/mnist_VAE_s25_v30_SE/last' (iter 13230, epoch 49.0)
EarlyStopping counter: 4 out of 25
[Save Checkpoint] epoch: [49.0], Train: total:7152.31152, BCE:-24.81314, KLD:7177.12305,Test: total:28325.91211, BCE:-25.26360, KLD:28351.17578
Epoch    50: reducing learning rate of group 0 to 2.0000e-04.
=> saved checkpoint 'checkpoints_CNN/mnist_VAE_s25_v30_SE/last' (iter 13500, epoch 50.0)
=> saved checkpoint 'checkpoint_scores_CNN/mnist_VAE_s25_v30_SE/last' (iter 13500, epoch 50.0)
EarlyStopping counter: 5 out of 25
[Save Checkpoint] epoch: [50.0], Train: total:7077.11230, BCE:-25.47048, KLD:7102.58350,Test: total:28005.47852, BCE:-25.93476, KLD:28031.41211
=> saved checkpoint 'checkpoints_CNN/mnist_VAE_s25_v30_SE/last' (iter 13770, epoch 51.0)
=> saved checkpoint 'checkpoint_scores_CNN/mnist_VAE_s25_v30_SE/last' (iter 13770, epoch 51.0)
EarlyStopping counter: 6 out of 25
[Save Checkpoint] epoch: [51.0], Train: total:7119.84961, BCE:-25.67859, KLD:7145.52930,Test: total:28180.38086, BCE:-26.13329, KLD:28206.51562
=> saved checkpoint 'checkpoints_CNN/mnist_VAE_s25_v30_SE/last' (iter 14040, epoch 52.0)
=> saved checkpoint 'checkpoint_scores_CNN/mnist_VAE_s25_v30_SE/last' (iter 14040, epoch 52.0)
EarlyStopping counter: 7 out of 25
[Save Checkpoint] epoch: [52.0], Train: total:7075.69580, BCE:-25.54297, KLD:7101.23779,Test: total:28003.32227, BCE:-26.02825, KLD:28029.34961
=> saved checkpoint 'checkpoints_CNN/mnist_VAE_s25_v30_SE/last' (iter 14310, epoch 53.0)
=> saved checkpoint 'checkpoint_scores_CNN/mnist_VAE_s25_v30_SE/last' (iter 14310, epoch 53.0)
[Save Checkpoint] epoch: [53.0], Train: total:7129.55713, BCE:-25.42623, KLD:7154.98047,Test: total:28210.91211, BCE:-25.89399, KLD:28236.80664
=> saved checkpoint 'checkpoints_CNN/mnist_VAE_s25_v30_SE/last' (iter 14580, epoch 54.0)
=> saved checkpoint 'checkpoint_scores_CNN/mnist_VAE_s25_v30_SE/last' (iter 14580, epoch 54.0)
EarlyStopping counter: 1 out of 25
[Save Checkpoint] epoch: [54.0], Train: total:7108.91943, BCE:-25.53566, KLD:7134.45215,Test: total:28139.55664, BCE:-25.99957, KLD:28165.55664
=> saved checkpoint 'checkpoints_CNN/mnist_VAE_s25_v30_SE/last' (iter 14850, epoch 55.0)
=> saved checkpoint 'checkpoint_scores_CNN/mnist_VAE_s25_v30_SE/last' (iter 14850, epoch 55.0)
[Save Checkpoint] epoch: [55.0], Train: total:7126.42285, BCE:-25.58241, KLD:7152.00439,Test: total:28208.95117, BCE:-26.04357, KLD:28234.99414
=> saved checkpoint 'checkpoints_CNN/mnist_VAE_s25_v30_SE/last' (iter 15120, epoch 56.0)
=> saved checkpoint 'checkpoint_scores_CNN/mnist_VAE_s25_v30_SE/last' (iter 15120, epoch 56.0)
EarlyStopping counter: 1 out of 25
[Save Checkpoint] epoch: [56.0], Train: total:7104.26953, BCE:-25.72076, KLD:7129.99219,Test: total:28127.46875, BCE:-26.20208, KLD:28153.66992
=> saved checkpoint 'checkpoints_CNN/mnist_VAE_s25_v30_SE/last' (iter 15390, epoch 57.0)
=> saved checkpoint 'checkpoint_scores_CNN/mnist_VAE_s25_v30_SE/last' (iter 15390, epoch 57.0)
[Save Checkpoint] epoch: [57.0], Train: total:7075.53516, BCE:-25.56455, KLD:7101.09814,Test: total:28002.17578, BCE:-26.01967, KLD:28028.19336
=> saved checkpoint 'checkpoints_CNN/mnist_VAE_s25_v30_SE/last' (iter 15660, epoch 58.0)
=> saved checkpoint 'checkpoint_scores_CNN/mnist_VAE_s25_v30_SE/last' (iter 15660, epoch 58.0)
EarlyStopping counter: 1 out of 25
[Save Checkpoint] epoch: [58.0], Train: total:7064.52881, BCE:-25.83427, KLD:7090.36279,Test: total:27964.15430, BCE:-26.29369, KLD:27990.45117
=> saved checkpoint 'checkpoints_CNN/mnist_VAE_s25_v30_SE/last' (iter 15930, epoch 59.0)
=> saved checkpoint 'checkpoint_scores_CNN/mnist_VAE_s25_v30_SE/last' (iter 15930, epoch 59.0)
EarlyStopping counter: 2 out of 25
[Save Checkpoint] epoch: [59.0], Train: total:7077.47119, BCE:-25.85142, KLD:7103.32275,Test: total:28012.63867, BCE:-26.33409, KLD:28038.97266
=> saved checkpoint 'checkpoints_CNN/mnist_VAE_s25_v30_SE/last' (iter 16200, epoch 60.0)
=> saved checkpoint 'checkpoint_scores_CNN/mnist_VAE_s25_v30_SE/last' (iter 16200, epoch 60.0)
[Save Checkpoint] epoch: [60.0], Train: total:7052.73682, BCE:-25.87276, KLD:7078.60840,Test: total:27915.54688, BCE:-26.32693, KLD:27941.86914
=> saved checkpoint 'checkpoints_CNN/mnist_VAE_s25_v30_SE/last' (iter 16470, epoch 61.0)
=> saved checkpoint 'checkpoint_scores_CNN/mnist_VAE_s25_v30_SE/last' (iter 16470, epoch 61.0)
EarlyStopping counter: 1 out of 25
[Save Checkpoint] epoch: [61.0], Train: total:7071.46582, BCE:-26.02953, KLD:7097.48975,Test: total:27988.91016, BCE:-26.49338, KLD:28015.40039
=> saved checkpoint 'checkpoints_CNN/mnist_VAE_s25_v30_SE/last' (iter 16740, epoch 62.0)
=> saved checkpoint 'checkpoint_scores_CNN/mnist_VAE_s25_v30_SE/last' (iter 16740, epoch 62.0)
[Save Checkpoint] epoch: [62.0], Train: total:7057.06543, BCE:-25.96434, KLD:7083.02783,Test: total:27940.34375, BCE:-26.42998, KLD:27966.77148
=> saved checkpoint 'checkpoints_CNN/mnist_VAE_s25_v30_SE/last' (iter 17010, epoch 63.0)
=> saved checkpoint 'checkpoint_scores_CNN/mnist_VAE_s25_v30_SE/last' (iter 17010, epoch 63.0)
EarlyStopping counter: 1 out of 25
[Save Checkpoint] epoch: [63.0], Train: total:7046.77588, BCE:-25.95852, KLD:7072.73291,Test: total:27888.08398, BCE:-26.42785, KLD:27914.51367
=> saved checkpoint 'checkpoints_CNN/mnist_VAE_s25_v30_SE/last' (iter 17280, epoch 64.0)
=> saved checkpoint 'checkpoint_scores_CNN/mnist_VAE_s25_v30_SE/last' (iter 17280, epoch 64.0)
[Save Checkpoint] epoch: [64.0], Train: total:7077.58936, BCE:-25.97561, KLD:7103.56201,Test: total:28007.89648, BCE:-26.45855, KLD:28034.35742
=> saved checkpoint 'checkpoints_CNN/mnist_VAE_s25_v30_SE/last' (iter 17550, epoch 65.0)
=> saved checkpoint 'checkpoint_scores_CNN/mnist_VAE_s25_v30_SE/last' (iter 17550, epoch 65.0)
EarlyStopping counter: 1 out of 25
[Save Checkpoint] epoch: [65.0], Train: total:7082.03906, BCE:-26.19498, KLD:7108.23047,Test: total:28031.11328, BCE:-26.65881, KLD:28057.76953
=> saved checkpoint 'checkpoints_CNN/mnist_VAE_s25_v30_SE/last' (iter 17820, epoch 66.0)
=> saved checkpoint 'checkpoint_scores_CNN/mnist_VAE_s25_v30_SE/last' (iter 17820, epoch 66.0)
EarlyStopping counter: 2 out of 25
[Save Checkpoint] epoch: [66.0], Train: total:7038.58936, BCE:-26.15471, KLD:7064.74414,Test: total:27857.64062, BCE:-26.60707, KLD:27884.24805
=> saved checkpoint 'checkpoints_CNN/mnist_VAE_s25_v30_SE/last' (iter 18090, epoch 67.0)
=> saved checkpoint 'checkpoint_scores_CNN/mnist_VAE_s25_v30_SE/last' (iter 18090, epoch 67.0)
EarlyStopping counter: 3 out of 25
[Save Checkpoint] epoch: [67.0], Train: total:7044.65039, BCE:-26.07376, KLD:7070.72559,Test: total:27878.81055, BCE:-26.54567, KLD:27905.34961
=> saved checkpoint 'checkpoints_CNN/mnist_VAE_s25_v30_SE/last' (iter 18360, epoch 68.0)
=> saved checkpoint 'checkpoint_scores_CNN/mnist_VAE_s25_v30_SE/last' (iter 18360, epoch 68.0)
EarlyStopping counter: 4 out of 25
[Save Checkpoint] epoch: [68.0], Train: total:7078.35840, BCE:-26.24779, KLD:7104.60596,Test: total:28014.03516, BCE:-26.71047, KLD:28040.74414
Epoch    69: reducing learning rate of group 0 to 4.0000e-05.
=> saved checkpoint 'checkpoints_CNN/mnist_VAE_s25_v30_SE/last' (iter 18630, epoch 69.0)
=> saved checkpoint 'checkpoint_scores_CNN/mnist_VAE_s25_v30_SE/last' (iter 18630, epoch 69.0)
EarlyStopping counter: 5 out of 25
[Save Checkpoint] epoch: [69.0], Train: total:7020.81982, BCE:-26.37455, KLD:7047.19092,Test: total:27790.11523, BCE:-26.82213, KLD:27816.93555
=> saved checkpoint 'checkpoints_CNN/mnist_VAE_s25_v30_SE/last' (iter 18900, epoch 70.0)
=> saved checkpoint 'checkpoint_scores_CNN/mnist_VAE_s25_v30_SE/last' (iter 18900, epoch 70.0)
EarlyStopping counter: 6 out of 25
[Save Checkpoint] epoch: [70.0], Train: total:7050.47705, BCE:-26.01963, KLD:7076.49854,Test: total:27904.21875, BCE:-26.50035, KLD:27930.71680
=> saved checkpoint 'checkpoints_CNN/mnist_VAE_s25_v30_SE/last' (iter 19170, epoch 71.0)
=> saved checkpoint 'checkpoint_scores_CNN/mnist_VAE_s25_v30_SE/last' (iter 19170, epoch 71.0)
EarlyStopping counter: 7 out of 25
[Save Checkpoint] epoch: [71.0], Train: total:7054.01514, BCE:-26.11165, KLD:7080.12695,Test: total:27921.58789, BCE:-26.59331, KLD:27948.18164
=> saved checkpoint 'checkpoints_CNN/mnist_VAE_s25_v30_SE/last' (iter 19440, epoch 72.0)
=> saved checkpoint 'checkpoint_scores_CNN/mnist_VAE_s25_v30_SE/last' (iter 19440, epoch 72.0)
EarlyStopping counter: 8 out of 25
[Save Checkpoint] epoch: [72.0], Train: total:7061.89014, BCE:-26.13949, KLD:7088.02881,Test: total:27947.80664, BCE:-26.61336, KLD:27974.41992
=> saved checkpoint 'checkpoints_CNN/mnist_VAE_s25_v30_SE/last' (iter 19710, epoch 73.0)
=> saved checkpoint 'checkpoint_scores_CNN/mnist_VAE_s25_v30_SE/last' (iter 19710, epoch 73.0)
EarlyStopping counter: 9 out of 25
[Save Checkpoint] epoch: [73.0], Train: total:7057.54785, BCE:-26.23526, KLD:7083.78125,Test: total:27932.99414, BCE:-26.71415, KLD:27959.70898
Epoch    74: reducing learning rate of group 0 to 8.0000e-06.
=> saved checkpoint 'checkpoints_CNN/mnist_VAE_s25_v30_SE/last' (iter 19980, epoch 74.0)
=> saved checkpoint 'checkpoint_scores_CNN/mnist_VAE_s25_v30_SE/last' (iter 19980, epoch 74.0)
EarlyStopping counter: 10 out of 25
[Save Checkpoint] epoch: [74.0], Train: total:7091.15576, BCE:-26.22650, KLD:7117.38086,Test: total:28066.77539, BCE:-26.69620, KLD:28093.47266
=> saved checkpoint 'checkpoints_CNN/mnist_VAE_s25_v30_SE/last' (iter 20250, epoch 75.0)
=> saved checkpoint 'checkpoint_scores_CNN/mnist_VAE_s25_v30_SE/last' (iter 20250, epoch 75.0)
EarlyStopping counter: 11 out of 25
[Save Checkpoint] epoch: [75.0], Train: total:7060.61816, BCE:-26.24070, KLD:7086.85986,Test: total:27944.54492, BCE:-26.72326, KLD:27971.26367
=> saved checkpoint 'checkpoints_CNN/mnist_VAE_s25_v30_SE/last' (iter 20520, epoch 76.0)
=> saved checkpoint 'checkpoint_scores_CNN/mnist_VAE_s25_v30_SE/last' (iter 20520, epoch 76.0)
EarlyStopping counter: 12 out of 25
[Save Checkpoint] epoch: [76.0], Train: total:7081.43262, BCE:-26.25667, KLD:7107.68994,Test: total:28025.86914, BCE:-26.72602, KLD:28052.59766
=> saved checkpoint 'checkpoints_CNN/mnist_VAE_s25_v30_SE/last' (iter 20790, epoch 77.0)
=> saved checkpoint 'checkpoint_scores_CNN/mnist_VAE_s25_v30_SE/last' (iter 20790, epoch 77.0)
[Save Checkpoint] epoch: [77.0], Train: total:7061.16895, BCE:-26.25768, KLD:7087.42871,Test: total:27945.81055, BCE:-26.74484, KLD:27972.55664
=> saved checkpoint 'checkpoints_CNN/mnist_VAE_s25_v30_SE/last' (iter 21060, epoch 78.0)
=> saved checkpoint 'checkpoint_scores_CNN/mnist_VAE_s25_v30_SE/last' (iter 21060, epoch 78.0)
EarlyStopping counter: 1 out of 25
[Save Checkpoint] epoch: [78.0], Train: total:7058.31445, BCE:-26.27455, KLD:7084.58789,Test: total:27935.11523, BCE:-26.73944, KLD:27961.85742
=> saved checkpoint 'checkpoints_CNN/mnist_VAE_s25_v30_SE/last' (iter 21330, epoch 79.0)
=> saved checkpoint 'checkpoint_scores_CNN/mnist_VAE_s25_v30_SE/last' (iter 21330, epoch 79.0)
EarlyStopping counter: 2 out of 25
[Save Checkpoint] epoch: [79.0], Train: total:7060.97607, BCE:-26.29074, KLD:7087.26416,Test: total:27944.59766, BCE:-26.76741, KLD:27971.36523
=> saved checkpoint 'checkpoints_CNN/mnist_VAE_s25_v30_SE/last' (iter 21600, epoch 80.0)
=> saved checkpoint 'checkpoint_scores_CNN/mnist_VAE_s25_v30_SE/last' (iter 21600, epoch 80.0)
[Save Checkpoint] epoch: [80.0], Train: total:7070.04102, BCE:-26.29834, KLD:7096.33984,Test: total:27978.70898, BCE:-26.78274, KLD:28005.49023
=> saved checkpoint 'checkpoints_CNN/mnist_VAE_s25_v30_SE/last' (iter 21870, epoch 81.0)
=> saved checkpoint 'checkpoint_scores_CNN/mnist_VAE_s25_v30_SE/last' (iter 21870, epoch 81.0)
EarlyStopping counter: 1 out of 25
[Save Checkpoint] epoch: [81.0], Train: total:7067.45898, BCE:-26.31109, KLD:7093.77002,Test: total:27969.45312, BCE:-26.77407, KLD:27996.22461
=> saved checkpoint 'checkpoints_CNN/mnist_VAE_s25_v30_SE/last' (iter 22140, epoch 82.0)
=> saved checkpoint 'checkpoint_scores_CNN/mnist_VAE_s25_v30_SE/last' (iter 22140, epoch 82.0)
EarlyStopping counter: 2 out of 25
[Save Checkpoint] epoch: [82.0], Train: total:7065.66357, BCE:-26.31948, KLD:7091.98486,Test: total:27963.93750, BCE:-26.81908, KLD:27990.75586
=> saved checkpoint 'checkpoints_CNN/mnist_VAE_s25_v30_SE/last' (iter 22410, epoch 83.0)
=> saved checkpoint 'checkpoint_scores_CNN/mnist_VAE_s25_v30_SE/last' (iter 22410, epoch 83.0)
EarlyStopping counter: 3 out of 25
[Save Checkpoint] epoch: [83.0], Train: total:7059.19043, BCE:-26.31842, KLD:7085.50781,Test: total:27938.12305, BCE:-26.79276, KLD:27964.91602
=> saved checkpoint 'checkpoints_CNN/mnist_VAE_s25_v30_SE/last' (iter 22680, epoch 84.0)
=> saved checkpoint 'checkpoint_scores_CNN/mnist_VAE_s25_v30_SE/last' (iter 22680, epoch 84.0)
EarlyStopping counter: 4 out of 25
[Save Checkpoint] epoch: [84.0], Train: total:7062.43262, BCE:-26.34505, KLD:7088.77686,Test: total:27950.42578, BCE:-26.81236, KLD:27977.23828
Epoch    85: reducing learning rate of group 0 to 1.6000e-06.
=> saved checkpoint 'checkpoints_CNN/mnist_VAE_s25_v30_SE/last' (iter 22950, epoch 85.0)
=> saved checkpoint 'checkpoint_scores_CNN/mnist_VAE_s25_v30_SE/last' (iter 22950, epoch 85.0)
EarlyStopping counter: 5 out of 25
[Save Checkpoint] epoch: [85.0], Train: total:7069.38037, BCE:-26.35564, KLD:7095.73584,Test: total:27978.36914, BCE:-26.82657, KLD:28005.19336
=> saved checkpoint 'checkpoints_CNN/mnist_VAE_s25_v30_SE/last' (iter 23220, epoch 86.0)
=> saved checkpoint 'checkpoint_scores_CNN/mnist_VAE_s25_v30_SE/last' (iter 23220, epoch 86.0)
EarlyStopping counter: 6 out of 25
[Save Checkpoint] epoch: [86.0], Train: total:7069.32910, BCE:-26.36771, KLD:7095.69775,Test: total:27978.49414, BCE:-26.84279, KLD:28005.33789
=> saved checkpoint 'checkpoints_CNN/mnist_VAE_s25_v30_SE/last' (iter 23490, epoch 87.0)
=> saved checkpoint 'checkpoint_scores_CNN/mnist_VAE_s25_v30_SE/last' (iter 23490, epoch 87.0)
EarlyStopping counter: 7 out of 25
[Save Checkpoint] epoch: [87.0], Train: total:7066.62939, BCE:-26.36804, KLD:7092.99365,Test: total:27968.00000, BCE:-26.83028, KLD:27994.83203
=> saved checkpoint 'checkpoints_CNN/mnist_VAE_s25_v30_SE/last' (iter 23760, epoch 88.0)
=> saved checkpoint 'checkpoint_scores_CNN/mnist_VAE_s25_v30_SE/last' (iter 23760, epoch 88.0)
EarlyStopping counter: 8 out of 25
[Save Checkpoint] epoch: [88.0], Train: total:7061.67969, BCE:-26.35635, KLD:7088.03662,Test: total:27948.13867, BCE:-26.84017, KLD:27974.97852
=> saved checkpoint 'checkpoints_CNN/mnist_VAE_s25_v30_SE/last' (iter 24030, epoch 89.0)
=> saved checkpoint 'checkpoint_scores_CNN/mnist_VAE_s25_v30_SE/last' (iter 24030, epoch 89.0)
EarlyStopping counter: 9 out of 25
[Save Checkpoint] epoch: [89.0], Train: total:7062.91699, BCE:-26.35083, KLD:7089.27002,Test: total:27952.84766, BCE:-26.83662, KLD:27979.68164
Epoch    90: reducing learning rate of group 0 to 1.0000e-06.
=> saved checkpoint 'checkpoints_CNN/mnist_VAE_s25_v30_SE/last' (iter 24300, epoch 90.0)
=> saved checkpoint 'checkpoint_scores_CNN/mnist_VAE_s25_v30_SE/last' (iter 24300, epoch 90.0)
EarlyStopping counter: 10 out of 25
[Save Checkpoint] epoch: [90.0], Train: total:7063.22168, BCE:-26.35777, KLD:7089.57959,Test: total:27954.13086, BCE:-26.84811, KLD:27980.97852
=> saved checkpoint 'checkpoints_CNN/mnist_VAE_s25_v30_SE/last' (iter 24570, epoch 91.0)
=> saved checkpoint 'checkpoint_scores_CNN/mnist_VAE_s25_v30_SE/last' (iter 24570, epoch 91.0)
EarlyStopping counter: 11 out of 25
[Save Checkpoint] epoch: [91.0], Train: total:7063.29004, BCE:-26.37357, KLD:7089.66309,Test: total:27954.54492, BCE:-26.83881, KLD:27981.37891
=> saved checkpoint 'checkpoints_CNN/mnist_VAE_s25_v30_SE/last' (iter 24840, epoch 92.0)
=> saved checkpoint 'checkpoint_scores_CNN/mnist_VAE_s25_v30_SE/last' (iter 24840, epoch 92.0)
EarlyStopping counter: 12 out of 25
[Save Checkpoint] epoch: [92.0], Train: total:7064.21143, BCE:-26.37394, KLD:7090.58545,Test: total:27958.58789, BCE:-26.82655, KLD:27985.41016
=> saved checkpoint 'checkpoints_CNN/mnist_VAE_s25_v30_SE/last' (iter 25110, epoch 93.0)
=> saved checkpoint 'checkpoint_scores_CNN/mnist_VAE_s25_v30_SE/last' (iter 25110, epoch 93.0)
EarlyStopping counter: 13 out of 25
[Save Checkpoint] epoch: [93.0], Train: total:7064.17529, BCE:-26.37743, KLD:7090.55469,Test: total:27958.30273, BCE:-26.85357, KLD:27985.15625
=> saved checkpoint 'checkpoints_CNN/mnist_VAE_s25_v30_SE/last' (iter 25380, epoch 94.0)
=> saved checkpoint 'checkpoint_scores_CNN/mnist_VAE_s25_v30_SE/last' (iter 25380, epoch 94.0)
EarlyStopping counter: 14 out of 25
[Save Checkpoint] epoch: [94.0], Train: total:7065.06738, BCE:-26.38241, KLD:7091.44824,Test: total:27962.01562, BCE:-26.83518, KLD:27988.84961
=> saved checkpoint 'checkpoints_CNN/mnist_VAE_s25_v30_SE/last' (iter 25650, epoch 95.0)
=> saved checkpoint 'checkpoint_scores_CNN/mnist_VAE_s25_v30_SE/last' (iter 25650, epoch 95.0)
EarlyStopping counter: 15 out of 25
[Save Checkpoint] epoch: [95.0], Train: total:7065.16211, BCE:-26.35781, KLD:7091.52002,Test: total:27962.20898, BCE:-26.86026, KLD:27989.06836
=> saved checkpoint 'checkpoints_CNN/mnist_VAE_s25_v30_SE/last' (iter 25920, epoch 96.0)
=> saved checkpoint 'checkpoint_scores_CNN/mnist_VAE_s25_v30_SE/last' (iter 25920, epoch 96.0)
EarlyStopping counter: 16 out of 25
[Save Checkpoint] epoch: [96.0], Train: total:7065.14502, BCE:-26.37146, KLD:7091.51074,Test: total:27961.92773, BCE:-26.83134, KLD:27988.76367
=> saved checkpoint 'checkpoints_CNN/mnist_VAE_s25_v30_SE/last' (iter 26190, epoch 97.0)
=> saved checkpoint 'checkpoint_scores_CNN/mnist_VAE_s25_v30_SE/last' (iter 26190, epoch 97.0)
EarlyStopping counter: 17 out of 25
[Save Checkpoint] epoch: [97.0], Train: total:7064.82275, BCE:-26.36772, KLD:7091.18945,Test: total:27960.51562, BCE:-26.83662, KLD:27987.35742
=> saved checkpoint 'checkpoints_CNN/mnist_VAE_s25_v30_SE/last' (iter 26460, epoch 98.0)
=> saved checkpoint 'checkpoint_scores_CNN/mnist_VAE_s25_v30_SE/last' (iter 26460, epoch 98.0)
EarlyStopping counter: 18 out of 25
[Save Checkpoint] epoch: [98.0], Train: total:7064.85840, BCE:-26.37810, KLD:7091.23926,Test: total:27960.99023, BCE:-26.84231, KLD:27987.82812
=> saved checkpoint 'checkpoints_CNN/mnist_VAE_s25_v30_SE/last' (iter 26730, epoch 99.0)
=> saved checkpoint 'checkpoint_scores_CNN/mnist_VAE_s25_v30_SE/last' (iter 26730, epoch 99.0)
EarlyStopping counter: 19 out of 25
[Save Checkpoint] epoch: [99.0], Train: total:7066.84473, BCE:-26.38947, KLD:7093.23438,Test: total:27969.15039, BCE:-26.83144, KLD:27995.98242
=> saved checkpoint 'checkpoints_CNN/mnist_VAE_s25_v30_SE/last' (iter 27000, epoch 100.0)
=> saved checkpoint 'checkpoint_scores_CNN/mnist_VAE_s25_v30_SE/last' (iter 27000, epoch 100.0)
EarlyStopping counter: 20 out of 25
[Save Checkpoint] epoch: [100.0], Train: total:7066.28076, BCE:-26.39391, KLD:7092.67432,Test: total:27966.77930, BCE:-26.86028, KLD:27993.64062
[Training Finished]
All done !
