5
--gpu_devices 0 --max_iter 100 --batch_size 32 --lr 1e-5 --use_scheduler True --use_VAE True --is_VAE_var True --z_var_size 5 --lambda_BCE 1 --beta 1 --var_second_cnn_block True --var_third_cnn_block False --exp_name mnist_vae_var_kaggle_scheduler_4_m
Namespace(BK_in_first_layer=True, BK_in_second_layer=False, BK_in_third_layer=False, BN=False, C_max=25, C_stop_iter=100000.0, E1_AE=False, E1_VAE=False, E1_conv=False, E1_dense=False, E1_second_conv=False, E1_second_conv_adapt=False, GMP=True, Hmg_dst_loss=False, IPC=False, L1_norm_act=False, L1_norm_weights=False, L3_without_random=False, LOG_DIR='logs', adapt_lr=False, add_classification_layer=True, add_linear_after_GMP=True, add_z_struct_bottleneck=False, alpha=32, batch_size=32, beta=1.0, beta1=0.9, beta2=0.999, big_kernel=False, big_kernel_size=8, binary_chain=False, binary_first_conv=False, binary_second_conv=False, binary_third_conv=False, binary_z=False, ckpt_dir='checkpoints_CNN', ckpt_dir_scores='checkpoint_scores_CNN', classif_layer_size=30, contrastive_loss=False, cuda=True, dataset='mnist', dataset_balanced=False, decoder_first_dense=36, decoder_kernel_size_1=4, decoder_kernel_size_2=3, decoder_kernel_size_3=4, decoder_n_filter_1=64, decoder_n_filter_2=64, decoder_n_filter_3=64, decoder_stride_1=2, decoder_stride_2=2, decoder_stride_3=1, diff_var=False, display_step=10000, dset_dir='data', exp_name='mnist_vae_var_kaggle_scheduler_4_m', freeze_Encoder=True, gamma=1000, gpu_devices=[0], hidden_filters_layer1=32, hidden_filters_layer2=32, hidden_filters_layer3=32, image_size=64, intra_class_variance_loss=False, is_C=True, is_E1=False, is_VAE_var=True, is_binary_structural_latent=False, is_custom_model=False, is_custom_model_BK=False, is_default_model=False, is_encoder_struct=False, is_noise_stats=False, is_partial_rand_class=False, is_perturbed_score=False, is_zvar_sim_loss=False, just_train=False, kernel_size=4, kernel_size_1=4, kernel_size_2=4, kernel_size_3=4, lambda_BCE=1.0, lambda_Kl_struct=1, lambda_Kl_var=1, lambda_L1=0.01, lambda_VAE=1, lambda_class=1, lambda_contrastive_loss=1, lambda_distance_mean=1, lambda_hmg_dst=1, lambda_intra_class_var=1, lambda_partial_class=1, lambda_ratio_reg=1, lambda_recon_wt_rand=1, lambda_recons=1, lambda_var_distance=1, lambda_var_inter=1, lambda_var_intra=1, lambda_zvar_sim=1, latent_spec_cont=None, latent_spec_cont_class=None, latent_spec_cont_var=None, latent_spec_disc=None, latent_spec_disc_class=None, latent_spec_disc_var=None, log_level='info', loss='Proxy_Anchor', loss_distance_mean=False, loss_min_distance_cl=False, lr=1e-05, max_iter=100.0, model='CNN', mrg=0.1, nb_epochs_train_only_zvar=0, num_workers=2, old_weighted=False, optimizer='adamw', other_architecture=False, other_ratio=False, random_percentage=0.2, random_seed=10, randomness=True, ratio_reg=False, remark='', save_step=10000, second_layer_C=False, seed=1, stride_size=1, sz_embedding=5, three_conv_layer=False, train=True, train_var_struct_alternatively=False, two_conv_layer=True, two_encoder=False, use_VAE=True, use_decoder=False, use_early_stopping=True, use_scheduler=True, use_structural_encoder=False, value_target_distance_mean=1, var_hidden_dim=256, var_hidden_filters_1=32, var_hidden_filters_2=32, var_hidden_filters_3=32, var_kernel_size_1=3, var_kernel_size_2=3, var_kernel_size_3=3, var_second_cnn_block=True, var_stride_size_1=1, var_stride_size_2=1, var_stride_size_3=1, var_third_cnn_block=False, var_three_conv_layer=False, warm=1, without_acc=False, z_struct_size=32, z_var_size=5, zeros_W_Classif=False, zvar_sim_change_zvar=False, zvar_sim_loss_for_all_model=False, zvar_sim_loss_only_for_encoder=False, zvar_sim_normal=False, zvar_sim_var_rand=False)
CUDA Visible devices !
[Using Seed: 10]
Load Encoder struct weights for VAE
use 1 gpu who named: Tesla V100-SXM2-32GB
=> loaded sample_scores and losses
=> no checkpoint found at 'checkpoints_CNN/mnist_vae_var_kaggle_scheduler_4_m/last'
VAE_var(
  (encoder_var): Sequential(
    (0): Conv2d(1, 32, kernel_size=(3, 3), stride=(2, 2), padding=(1, 1))
    (1): ReLU(inplace=True)
    (2): BatchNorm2d(32, eps=1e-05, momentum=0.1, affine=True, track_running_stats=True)
    (3): Conv2d(32, 64, kernel_size=(3, 3), stride=(2, 2), padding=(1, 1))
    (4): ReLU(inplace=True)
    (5): BatchNorm2d(64, eps=1e-05, momentum=0.1, affine=True, track_running_stats=True)
    (6): View()
    (7): Dropout(p=0.4, inplace=False)
    (8): Linear(in_features=4096, out_features=128, bias=True)
    (9): ReLU(inplace=True)
    (10): Linear(in_features=128, out_features=10, bias=True)
  )
  (decoder_var): Sequential(
    (0): Linear(in_features=5, out_features=4096, bias=True)
    (1): ReLU(inplace=True)
    (2): View()
    (3): ConvTranspose2d(64, 64, kernel_size=(4, 4), stride=(2, 2), padding=(1, 1))
    (4): ReLU(inplace=True)
    (5): ConvTranspose2d(64, 32, kernel_size=(4, 4), stride=(2, 2), padding=(1, 1))
    (6): ReLU(inplace=True)
    (7): ConvTranspose2d(32, 1, kernel_size=(3, 3), stride=(1, 1), padding=(1, 1))
    (8): Sigmoid()
  )
)
The number of parameters of model is 667979
=> saved checkpoint 'checkpoints_CNN/mnist_vae_var_kaggle_scheduler_4_m/last' (iter 1875, epoch 1.0)
=> saved checkpoint 'checkpoint_scores_CNN/mnist_vae_var_kaggle_scheduler_4_m/last' (iter 1875, epoch 1.0)
[Save Checkpoint] epoch: [1.0], Train: total:744.36597, BCE:-1.82506, KLD:746.19043,Test: total:23737.98438, BCE:-1.87098, KLD:23739.85742
=> saved checkpoint 'checkpoints_CNN/mnist_vae_var_kaggle_scheduler_4_m/last' (iter 3750, epoch 2.0)
=> saved checkpoint 'checkpoint_scores_CNN/mnist_vae_var_kaggle_scheduler_4_m/last' (iter 3750, epoch 2.0)
[Save Checkpoint] epoch: [2.0], Train: total:606.06934, BCE:-2.65793, KLD:608.72687,Test: total:19284.45312, BCE:-2.71672, KLD:19287.16992
=> saved checkpoint 'checkpoints_CNN/mnist_vae_var_kaggle_scheduler_4_m/last' (iter 5625, epoch 3.0)
=> saved checkpoint 'checkpoint_scores_CNN/mnist_vae_var_kaggle_scheduler_4_m/last' (iter 5625, epoch 3.0)
[Save Checkpoint] epoch: [3.0], Train: total:558.26642, BCE:-3.14242, KLD:561.40918,Test: total:17732.47461, BCE:-3.20052, KLD:17735.67578
=> saved checkpoint 'checkpoints_CNN/mnist_vae_var_kaggle_scheduler_4_m/last' (iter 7500, epoch 4.0)
=> saved checkpoint 'checkpoint_scores_CNN/mnist_vae_var_kaggle_scheduler_4_m/last' (iter 7500, epoch 4.0)
EarlyStopping counter: 1 out of 20
[Save Checkpoint] epoch: [4.0], Train: total:532.57080, BCE:-3.44249, KLD:536.01270,Test: total:16894.34375, BCE:-3.50676, KLD:16897.84961
=> saved checkpoint 'checkpoints_CNN/mnist_vae_var_kaggle_scheduler_4_m/last' (iter 9375, epoch 5.0)
=> saved checkpoint 'checkpoint_scores_CNN/mnist_vae_var_kaggle_scheduler_4_m/last' (iter 9375, epoch 5.0)
EarlyStopping counter: 2 out of 20
[Save Checkpoint] epoch: [5.0], Train: total:518.86572, BCE:-3.73035, KLD:522.59540,Test: total:16450.93750, BCE:-3.79483, KLD:16454.73242
=> saved checkpoint 'checkpoints_CNN/mnist_vae_var_kaggle_scheduler_4_m/last' (iter 11250, epoch 6.0)
=> saved checkpoint 'checkpoint_scores_CNN/mnist_vae_var_kaggle_scheduler_4_m/last' (iter 11250, epoch 6.0)
[Save Checkpoint] epoch: [6.0], Train: total:500.58047, BCE:-3.90367, KLD:504.48462,Test: total:15856.04688, BCE:-3.96843, KLD:15860.01758
=> saved checkpoint 'checkpoints_CNN/mnist_vae_var_kaggle_scheduler_4_m/last' (iter 13125, epoch 7.0)
=> saved checkpoint 'checkpoint_scores_CNN/mnist_vae_var_kaggle_scheduler_4_m/last' (iter 13125, epoch 7.0)
EarlyStopping counter: 1 out of 20
[Save Checkpoint] epoch: [7.0], Train: total:491.88657, BCE:-4.06317, KLD:495.95010,Test: total:15570.22852, BCE:-4.12911, KLD:15574.35840
=> saved checkpoint 'checkpoints_CNN/mnist_vae_var_kaggle_scheduler_4_m/last' (iter 15000, epoch 8.0)
=> saved checkpoint 'checkpoint_scores_CNN/mnist_vae_var_kaggle_scheduler_4_m/last' (iter 15000, epoch 8.0)
EarlyStopping counter: 2 out of 20
[Save Checkpoint] epoch: [8.0], Train: total:483.83054, BCE:-4.23827, KLD:488.06897,Test: total:15316.84277, BCE:-4.30656, KLD:15321.14844
=> saved checkpoint 'checkpoints_CNN/mnist_vae_var_kaggle_scheduler_4_m/last' (iter 16875, epoch 9.0)
=> saved checkpoint 'checkpoint_scores_CNN/mnist_vae_var_kaggle_scheduler_4_m/last' (iter 16875, epoch 9.0)
[Save Checkpoint] epoch: [9.0], Train: total:479.51865, BCE:-4.39490, KLD:483.91385,Test: total:15175.79395, BCE:-4.46441, KLD:15180.25977
=> saved checkpoint 'checkpoints_CNN/mnist_vae_var_kaggle_scheduler_4_m/last' (iter 18750, epoch 10.0)
=> saved checkpoint 'checkpoint_scores_CNN/mnist_vae_var_kaggle_scheduler_4_m/last' (iter 18750, epoch 10.0)
[Save Checkpoint] epoch: [10.0], Train: total:474.64725, BCE:-4.53731, KLD:479.18304,Test: total:15017.09082, BCE:-4.60463, KLD:15021.69727
=> saved checkpoint 'checkpoints_CNN/mnist_vae_var_kaggle_scheduler_4_m/last' (iter 20625, epoch 11.0)
=> saved checkpoint 'checkpoint_scores_CNN/mnist_vae_var_kaggle_scheduler_4_m/last' (iter 20625, epoch 11.0)
[Save Checkpoint] epoch: [11.0], Train: total:466.91946, BCE:-4.59525, KLD:471.51495,Test: total:14774.59375, BCE:-4.65860, KLD:14779.25195
=> saved checkpoint 'checkpoints_CNN/mnist_vae_var_kaggle_scheduler_4_m/last' (iter 22500, epoch 12.0)
=> saved checkpoint 'checkpoint_scores_CNN/mnist_vae_var_kaggle_scheduler_4_m/last' (iter 22500, epoch 12.0)
EarlyStopping counter: 1 out of 20
[Save Checkpoint] epoch: [12.0], Train: total:464.53934, BCE:-4.70540, KLD:469.24518,Test: total:14700.40527, BCE:-4.77296, KLD:14705.17871
=> saved checkpoint 'checkpoints_CNN/mnist_vae_var_kaggle_scheduler_4_m/last' (iter 24375, epoch 13.0)
=> saved checkpoint 'checkpoint_scores_CNN/mnist_vae_var_kaggle_scheduler_4_m/last' (iter 24375, epoch 13.0)
EarlyStopping counter: 2 out of 20
[Save Checkpoint] epoch: [13.0], Train: total:457.66461, BCE:-4.79994, KLD:462.46454,Test: total:14480.93750, BCE:-4.86379, KLD:14485.79980
=> saved checkpoint 'checkpoints_CNN/mnist_vae_var_kaggle_scheduler_4_m/last' (iter 26250, epoch 14.0)
=> saved checkpoint 'checkpoint_scores_CNN/mnist_vae_var_kaggle_scheduler_4_m/last' (iter 26250, epoch 14.0)
EarlyStopping counter: 3 out of 20
[Save Checkpoint] epoch: [14.0], Train: total:458.07645, BCE:-4.90852, KLD:462.98474,Test: total:14495.61914, BCE:-4.96737, KLD:14500.58594
=> saved checkpoint 'checkpoints_CNN/mnist_vae_var_kaggle_scheduler_4_m/last' (iter 28125, epoch 15.0)
=> saved checkpoint 'checkpoint_scores_CNN/mnist_vae_var_kaggle_scheduler_4_m/last' (iter 28125, epoch 15.0)
EarlyStopping counter: 4 out of 20
[Save Checkpoint] epoch: [15.0], Train: total:458.24573, BCE:-4.95898, KLD:463.20468,Test: total:14501.82227, BCE:-5.01513, KLD:14506.83594
Epoch    16: reducing learning rate of group 0 to 2.0000e-06.
=> saved checkpoint 'checkpoints_CNN/mnist_vae_var_kaggle_scheduler_4_m/last' (iter 30000, epoch 16.0)
=> saved checkpoint 'checkpoint_scores_CNN/mnist_vae_var_kaggle_scheduler_4_m/last' (iter 30000, epoch 16.0)
EarlyStopping counter: 5 out of 20
[Save Checkpoint] epoch: [16.0], Train: total:460.13965, BCE:-5.08238, KLD:465.22180,Test: total:14565.74512, BCE:-5.13907, KLD:14570.88477
=> saved checkpoint 'checkpoints_CNN/mnist_vae_var_kaggle_scheduler_4_m/last' (iter 31875, epoch 17.0)
=> saved checkpoint 'checkpoint_scores_CNN/mnist_vae_var_kaggle_scheduler_4_m/last' (iter 31875, epoch 17.0)
EarlyStopping counter: 6 out of 20
[Save Checkpoint] epoch: [17.0], Train: total:459.43970, BCE:-5.08059, KLD:464.52020,Test: total:14545.73730, BCE:-5.13018, KLD:14550.86719
=> saved checkpoint 'checkpoints_CNN/mnist_vae_var_kaggle_scheduler_4_m/last' (iter 33750, epoch 18.0)
=> saved checkpoint 'checkpoint_scores_CNN/mnist_vae_var_kaggle_scheduler_4_m/last' (iter 33750, epoch 18.0)
EarlyStopping counter: 7 out of 20
[Save Checkpoint] epoch: [18.0], Train: total:461.17584, BCE:-5.15167, KLD:466.32739,Test: total:14605.87695, BCE:-5.20837, KLD:14611.08496
=> saved checkpoint 'checkpoints_CNN/mnist_vae_var_kaggle_scheduler_4_m/last' (iter 35625, epoch 19.0)
=> saved checkpoint 'checkpoint_scores_CNN/mnist_vae_var_kaggle_scheduler_4_m/last' (iter 35625, epoch 19.0)
[Save Checkpoint] epoch: [19.0], Train: total:458.37238, BCE:-5.13243, KLD:463.50439,Test: total:14516.32324, BCE:-5.18535, KLD:14521.50781
=> saved checkpoint 'checkpoints_CNN/mnist_vae_var_kaggle_scheduler_4_m/last' (iter 37500, epoch 20.0)
=> saved checkpoint 'checkpoint_scores_CNN/mnist_vae_var_kaggle_scheduler_4_m/last' (iter 37500, epoch 20.0)
[Save Checkpoint] epoch: [20.0], Train: total:460.48367, BCE:-5.19970, KLD:465.68378,Test: total:14588.75781, BCE:-5.26058, KLD:14594.01758
=> saved checkpoint 'checkpoints_CNN/mnist_vae_var_kaggle_scheduler_4_m/last' (iter 39375, epoch 21.0)
=> saved checkpoint 'checkpoint_scores_CNN/mnist_vae_var_kaggle_scheduler_4_m/last' (iter 39375, epoch 21.0)
EarlyStopping counter: 1 out of 20
[Save Checkpoint] epoch: [21.0], Train: total:456.86383, BCE:-5.16077, KLD:462.02454,Test: total:14472.90527, BCE:-5.21518, KLD:14478.12012
=> saved checkpoint 'checkpoints_CNN/mnist_vae_var_kaggle_scheduler_4_m/last' (iter 41250, epoch 22.0)
=> saved checkpoint 'checkpoint_scores_CNN/mnist_vae_var_kaggle_scheduler_4_m/last' (iter 41250, epoch 22.0)
EarlyStopping counter: 2 out of 20
[Save Checkpoint] epoch: [22.0], Train: total:457.69705, BCE:-5.20284, KLD:462.89954,Test: total:14501.43457, BCE:-5.26260, KLD:14506.69727
=> saved checkpoint 'checkpoints_CNN/mnist_vae_var_kaggle_scheduler_4_m/last' (iter 43125, epoch 23.0)
=> saved checkpoint 'checkpoint_scores_CNN/mnist_vae_var_kaggle_scheduler_4_m/last' (iter 43125, epoch 23.0)
EarlyStopping counter: 3 out of 20
[Save Checkpoint] epoch: [23.0], Train: total:458.14981, BCE:-5.23863, KLD:463.38855,Test: total:14517.57031, BCE:-5.29929, KLD:14522.87012
=> saved checkpoint 'checkpoints_CNN/mnist_vae_var_kaggle_scheduler_4_m/last' (iter 45000, epoch 24.0)
=> saved checkpoint 'checkpoint_scores_CNN/mnist_vae_var_kaggle_scheduler_4_m/last' (iter 45000, epoch 24.0)
[Save Checkpoint] epoch: [24.0], Train: total:460.08096, BCE:-5.29529, KLD:465.37646,Test: total:14582.72656, BCE:-5.35687, KLD:14588.08301
=> saved checkpoint 'checkpoints_CNN/mnist_vae_var_kaggle_scheduler_4_m/last' (iter 46875, epoch 25.0)
=> saved checkpoint 'checkpoint_scores_CNN/mnist_vae_var_kaggle_scheduler_4_m/last' (iter 46875, epoch 25.0)
EarlyStopping counter: 1 out of 20
[Save Checkpoint] epoch: [25.0], Train: total:456.91821, BCE:-5.25786, KLD:462.17609,Test: total:14480.35352, BCE:-5.31836, KLD:14485.67188
=> saved checkpoint 'checkpoints_CNN/mnist_vae_var_kaggle_scheduler_4_m/last' (iter 48750, epoch 26.0)
=> saved checkpoint 'checkpoint_scores_CNN/mnist_vae_var_kaggle_scheduler_4_m/last' (iter 48750, epoch 26.0)
EarlyStopping counter: 2 out of 20
[Save Checkpoint] epoch: [26.0], Train: total:454.62216, BCE:-5.25077, KLD:459.87302,Test: total:14408.91602, BCE:-5.31148, KLD:14414.22852
=> saved checkpoint 'checkpoints_CNN/mnist_vae_var_kaggle_scheduler_4_m/last' (iter 50625, epoch 27.0)
=> saved checkpoint 'checkpoint_scores_CNN/mnist_vae_var_kaggle_scheduler_4_m/last' (iter 50625, epoch 27.0)
EarlyStopping counter: 3 out of 20
[Save Checkpoint] epoch: [27.0], Train: total:458.30325, BCE:-5.33446, KLD:463.63821,Test: total:14529.62793, BCE:-5.39776, KLD:14535.02637
=> saved checkpoint 'checkpoints_CNN/mnist_vae_var_kaggle_scheduler_4_m/last' (iter 52500, epoch 28.0)
=> saved checkpoint 'checkpoint_scores_CNN/mnist_vae_var_kaggle_scheduler_4_m/last' (iter 52500, epoch 28.0)
EarlyStopping counter: 4 out of 20
[Save Checkpoint] epoch: [28.0], Train: total:461.10297, BCE:-5.39836, KLD:466.50180,Test: total:14620.48633, BCE:-5.46708, KLD:14625.95215
Epoch    29: reducing learning rate of group 0 to 1.0000e-06.
=> saved checkpoint 'checkpoints_CNN/mnist_vae_var_kaggle_scheduler_4_m/last' (iter 54375, epoch 29.0)
=> saved checkpoint 'checkpoint_scores_CNN/mnist_vae_var_kaggle_scheduler_4_m/last' (iter 54375, epoch 29.0)
EarlyStopping counter: 5 out of 20
[Save Checkpoint] epoch: [29.0], Train: total:457.41211, BCE:-5.38204, KLD:462.79343,Test: total:14503.97949, BCE:-5.45183, KLD:14509.43262
=> saved checkpoint 'checkpoints_CNN/mnist_vae_var_kaggle_scheduler_4_m/last' (iter 56250, epoch 30.0)
=> saved checkpoint 'checkpoint_scores_CNN/mnist_vae_var_kaggle_scheduler_4_m/last' (iter 56250, epoch 30.0)
EarlyStopping counter: 6 out of 20
[Save Checkpoint] epoch: [30.0], Train: total:455.55719, BCE:-5.35962, KLD:460.91693,Test: total:14444.89551, BCE:-5.42455, KLD:14450.31934
=> saved checkpoint 'checkpoints_CNN/mnist_vae_var_kaggle_scheduler_4_m/last' (iter 58125, epoch 31.0)
=> saved checkpoint 'checkpoint_scores_CNN/mnist_vae_var_kaggle_scheduler_4_m/last' (iter 58125, epoch 31.0)
EarlyStopping counter: 7 out of 20
[Save Checkpoint] epoch: [31.0], Train: total:454.94604, BCE:-5.37029, KLD:460.31656,Test: total:14425.71777, BCE:-5.43475, KLD:14431.15332
=> saved checkpoint 'checkpoints_CNN/mnist_vae_var_kaggle_scheduler_4_m/last' (iter 60000, epoch 32.0)
=> saved checkpoint 'checkpoint_scores_CNN/mnist_vae_var_kaggle_scheduler_4_m/last' (iter 60000, epoch 32.0)
EarlyStopping counter: 8 out of 20
[Save Checkpoint] epoch: [32.0], Train: total:458.12662, BCE:-5.43435, KLD:463.56070,Test: total:14527.60156, BCE:-5.50057, KLD:14533.10156
=> saved checkpoint 'checkpoints_CNN/mnist_vae_var_kaggle_scheduler_4_m/last' (iter 61875, epoch 33.0)
=> saved checkpoint 'checkpoint_scores_CNN/mnist_vae_var_kaggle_scheduler_4_m/last' (iter 61875, epoch 33.0)
EarlyStopping counter: 9 out of 20
[Save Checkpoint] epoch: [33.0], Train: total:456.19272, BCE:-5.41402, KLD:461.60678,Test: total:14465.72559, BCE:-5.48519, KLD:14471.21094
=> saved checkpoint 'checkpoints_CNN/mnist_vae_var_kaggle_scheduler_4_m/last' (iter 63750, epoch 34.0)
=> saved checkpoint 'checkpoint_scores_CNN/mnist_vae_var_kaggle_scheduler_4_m/last' (iter 63750, epoch 34.0)
EarlyStopping counter: 10 out of 20
[Save Checkpoint] epoch: [34.0], Train: total:455.46814, BCE:-5.41439, KLD:460.88196,Test: total:14444.24707, BCE:-5.47823, KLD:14449.72559
=> saved checkpoint 'checkpoints_CNN/mnist_vae_var_kaggle_scheduler_4_m/last' (iter 65625, epoch 35.0)
=> saved checkpoint 'checkpoint_scores_CNN/mnist_vae_var_kaggle_scheduler_4_m/last' (iter 65625, epoch 35.0)
EarlyStopping counter: 11 out of 20
[Save Checkpoint] epoch: [35.0], Train: total:455.43945, BCE:-5.41781, KLD:460.85699,Test: total:14443.16895, BCE:-5.48710, KLD:14448.65625
=> saved checkpoint 'checkpoints_CNN/mnist_vae_var_kaggle_scheduler_4_m/last' (iter 67500, epoch 36.0)
=> saved checkpoint 'checkpoint_scores_CNN/mnist_vae_var_kaggle_scheduler_4_m/last' (iter 67500, epoch 36.0)
EarlyStopping counter: 12 out of 20
[Save Checkpoint] epoch: [36.0], Train: total:456.12927, BCE:-5.43902, KLD:461.56863,Test: total:14464.16406, BCE:-5.50003, KLD:14469.66309
=> saved checkpoint 'checkpoints_CNN/mnist_vae_var_kaggle_scheduler_4_m/last' (iter 69375, epoch 37.0)
=> saved checkpoint 'checkpoint_scores_CNN/mnist_vae_var_kaggle_scheduler_4_m/last' (iter 69375, epoch 37.0)
EarlyStopping counter: 13 out of 20
[Save Checkpoint] epoch: [37.0], Train: total:452.55136, BCE:-5.38692, KLD:457.93890,Test: total:14349.09277, BCE:-5.44647, KLD:14354.53809
=> saved checkpoint 'checkpoints_CNN/mnist_vae_var_kaggle_scheduler_4_m/last' (iter 71250, epoch 38.0)
=> saved checkpoint 'checkpoint_scores_CNN/mnist_vae_var_kaggle_scheduler_4_m/last' (iter 71250, epoch 38.0)
EarlyStopping counter: 14 out of 20
[Save Checkpoint] epoch: [38.0], Train: total:452.63690, BCE:-5.39695, KLD:458.03458,Test: total:14351.33105, BCE:-5.46292, KLD:14356.79395
=> saved checkpoint 'checkpoints_CNN/mnist_vae_var_kaggle_scheduler_4_m/last' (iter 73125, epoch 39.0)
=> saved checkpoint 'checkpoint_scores_CNN/mnist_vae_var_kaggle_scheduler_4_m/last' (iter 73125, epoch 39.0)
EarlyStopping counter: 15 out of 20
[Save Checkpoint] epoch: [39.0], Train: total:454.49347, BCE:-5.46637, KLD:459.96027,Test: total:14413.16602, BCE:-5.53415, KLD:14418.70020
=> saved checkpoint 'checkpoints_CNN/mnist_vae_var_kaggle_scheduler_4_m/last' (iter 75000, epoch 40.0)
=> saved checkpoint 'checkpoint_scores_CNN/mnist_vae_var_kaggle_scheduler_4_m/last' (iter 75000, epoch 40.0)
EarlyStopping counter: 16 out of 20
[Save Checkpoint] epoch: [40.0], Train: total:454.94894, BCE:-5.48205, KLD:460.43045,Test: total:14426.84863, BCE:-5.54741, KLD:14432.39551
=> saved checkpoint 'checkpoints_CNN/mnist_vae_var_kaggle_scheduler_4_m/last' (iter 76875, epoch 41.0)
=> saved checkpoint 'checkpoint_scores_CNN/mnist_vae_var_kaggle_scheduler_4_m/last' (iter 76875, epoch 41.0)
EarlyStopping counter: 17 out of 20
[Save Checkpoint] epoch: [41.0], Train: total:456.18631, BCE:-5.51149, KLD:461.69766,Test: total:14466.93750, BCE:-5.57505, KLD:14472.51270
=> saved checkpoint 'checkpoints_CNN/mnist_vae_var_kaggle_scheduler_4_m/last' (iter 78750, epoch 42.0)
=> saved checkpoint 'checkpoint_scores_CNN/mnist_vae_var_kaggle_scheduler_4_m/last' (iter 78750, epoch 42.0)
EarlyStopping counter: 18 out of 20
[Save Checkpoint] epoch: [42.0], Train: total:455.30905, BCE:-5.51676, KLD:460.82581,Test: total:14439.28613, BCE:-5.58153, KLD:14444.86719
=> saved checkpoint 'checkpoints_CNN/mnist_vae_var_kaggle_scheduler_4_m/last' (iter 80625, epoch 43.0)
=> saved checkpoint 'checkpoint_scores_CNN/mnist_vae_var_kaggle_scheduler_4_m/last' (iter 80625, epoch 43.0)
EarlyStopping counter: 19 out of 20
[Save Checkpoint] epoch: [43.0], Train: total:454.99207, BCE:-5.51228, KLD:460.50406,Test: total:14429.98730, BCE:-5.57723, KLD:14435.56543
=> saved checkpoint 'checkpoints_CNN/mnist_vae_var_kaggle_scheduler_4_m/last' (iter 82500, epoch 44.0)
=> saved checkpoint 'checkpoint_scores_CNN/mnist_vae_var_kaggle_scheduler_4_m/last' (iter 82500, epoch 44.0)
EarlyStopping counter: 20 out of 20
[Save Checkpoint] epoch: [44.0], Train: total:452.59787, BCE:-5.48039, KLD:458.07864,Test: total:14352.38184, BCE:-5.54452, KLD:14357.92383
Early stopping
[Training Finished]
All done !
