8
--gpu_devices 0 --max_iter 100 --batch_size 32 --lr 1e-4 --use_scheduler False --use_VAE True --is_VAE_var True --z_var_size 5 --lambda_BCE 1 --beta 1 --var_second_cnn_block True --var_third_cnn_block False --exp_name mnist_vae_var_kaggle_3
Namespace(BK_in_first_layer=True, BK_in_second_layer=False, BK_in_third_layer=False, BN=False, C_max=25, C_stop_iter=100000.0, E1_AE=False, E1_VAE=False, E1_conv=False, E1_dense=False, E1_second_conv=False, E1_second_conv_adapt=False, GMP=True, Hmg_dst_loss=False, IPC=False, L1_norm_act=False, L1_norm_weights=False, L3_without_random=False, LOG_DIR='logs', adapt_lr=False, add_classification_layer=True, add_linear_after_GMP=True, add_z_struct_bottleneck=False, alpha=32, batch_size=32, beta=1.0, beta1=0.9, beta2=0.999, big_kernel=False, big_kernel_size=8, binary_chain=False, binary_first_conv=False, binary_second_conv=False, binary_third_conv=False, binary_z=False, ckpt_dir='checkpoints_CNN', ckpt_dir_scores='checkpoint_scores_CNN', classif_layer_size=30, contrastive_loss=False, cuda=True, dataset='mnist', dataset_balanced=False, decoder_first_dense=36, decoder_kernel_size_1=4, decoder_kernel_size_2=3, decoder_kernel_size_3=4, decoder_n_filter_1=64, decoder_n_filter_2=64, decoder_n_filter_3=64, decoder_stride_1=2, decoder_stride_2=2, decoder_stride_3=1, diff_var=False, display_step=10000, dset_dir='data', exp_name='mnist_vae_var_kaggle_3', freeze_Encoder=True, gamma=1000, gpu_devices=[0], hidden_filters_layer1=32, hidden_filters_layer2=32, hidden_filters_layer3=32, image_size=64, intra_class_variance_loss=False, is_C=True, is_E1=False, is_VAE_var=True, is_binary_structural_latent=False, is_custom_model=False, is_custom_model_BK=False, is_default_model=False, is_encoder_struct=False, is_noise_stats=False, is_partial_rand_class=False, is_perturbed_score=False, is_zvar_sim_loss=False, just_train=False, kernel_size=4, kernel_size_1=4, kernel_size_2=4, kernel_size_3=4, lambda_BCE=1.0, lambda_Kl_struct=1, lambda_Kl_var=1, lambda_L1=0.01, lambda_VAE=1, lambda_class=1, lambda_contrastive_loss=1, lambda_distance_mean=1, lambda_hmg_dst=1, lambda_intra_class_var=1, lambda_partial_class=1, lambda_ratio_reg=1, lambda_recon_wt_rand=1, lambda_recons=1, lambda_var_distance=1, lambda_var_inter=1, lambda_var_intra=1, lambda_zvar_sim=1, latent_spec_cont=None, latent_spec_cont_class=None, latent_spec_cont_var=None, latent_spec_disc=None, latent_spec_disc_class=None, latent_spec_disc_var=None, log_level='info', loss='Proxy_Anchor', loss_distance_mean=False, loss_min_distance_cl=False, lr=0.0001, max_iter=100.0, model='CNN', mrg=0.1, nb_epochs_train_only_zvar=0, num_workers=2, old_weighted=False, optimizer='adamw', other_architecture=False, other_ratio=False, random_percentage=0.2, random_seed=10, randomness=True, ratio_reg=False, remark='', save_step=10000, second_layer_C=False, seed=1, stride_size=1, sz_embedding=5, three_conv_layer=False, train=True, train_var_struct_alternatively=False, two_conv_layer=True, two_encoder=False, use_VAE=True, use_decoder=False, use_early_stopping=True, use_scheduler=False, use_structural_encoder=False, value_target_distance_mean=1, var_hidden_dim=256, var_hidden_filters_1=32, var_hidden_filters_2=32, var_hidden_filters_3=32, var_kernel_size_1=3, var_kernel_size_2=3, var_kernel_size_3=3, var_second_cnn_block=True, var_stride_size_1=1, var_stride_size_2=1, var_stride_size_3=1, var_third_cnn_block=False, var_three_conv_layer=False, warm=1, without_acc=False, z_struct_size=32, z_var_size=5, zeros_W_Classif=False, zvar_sim_change_zvar=False, zvar_sim_loss_for_all_model=False, zvar_sim_loss_only_for_encoder=False, zvar_sim_normal=False, zvar_sim_var_rand=False)
CUDA Visible devices !
[Using Seed: 10]
Load Encoder struct weights for VAE
use 1 gpu who named: Tesla V100-SXM2-32GB
=> loaded sample_scores and losses
=> no checkpoint found at 'checkpoints_CNN/mnist_vae_var_kaggle_3/last'
VAE_var(
  (encoder_var): Sequential(
    (0): Conv2d(1, 32, kernel_size=(3, 3), stride=(2, 2), padding=(1, 1))
    (1): ReLU(inplace=True)
    (2): BatchNorm2d(32, eps=1e-05, momentum=0.1, affine=True, track_running_stats=True)
    (3): Conv2d(32, 64, kernel_size=(3, 3), stride=(2, 2), padding=(1, 1))
    (4): ReLU(inplace=True)
    (5): BatchNorm2d(64, eps=1e-05, momentum=0.1, affine=True, track_running_stats=True)
    (6): View()
    (7): Dropout(p=0.4, inplace=False)
    (8): Linear(in_features=4096, out_features=128, bias=True)
    (9): ReLU(inplace=True)
    (10): Linear(in_features=128, out_features=10, bias=True)
  )
  (decoder_var): Sequential(
    (0): Linear(in_features=5, out_features=4096, bias=True)
    (1): ReLU(inplace=True)
    (2): View()
    (3): ConvTranspose2d(64, 64, kernel_size=(4, 4), stride=(2, 2), padding=(1, 1))
    (4): ReLU(inplace=True)
    (5): ConvTranspose2d(64, 32, kernel_size=(4, 4), stride=(2, 2), padding=(1, 1))
    (6): ReLU(inplace=True)
    (7): ConvTranspose2d(32, 1, kernel_size=(3, 3), stride=(1, 1), padding=(1, 1))
    (8): Sigmoid()
  )
)
The number of parameters of model is 667979
=> saved checkpoint 'checkpoints_CNN/mnist_vae_var_kaggle_3/last' (iter 1875, epoch 1.0)
=> saved checkpoint 'checkpoint_scores_CNN/mnist_vae_var_kaggle_3/last' (iter 1875, epoch 1.0)
[Save Checkpoint] epoch: [1.0], Train: total:3393.69116, BCE:-31.90756, KLD:3425.59766,Test: total:107171.62500, BCE:-32.36766, KLD:107204.00000
=> saved checkpoint 'checkpoints_CNN/mnist_vae_var_kaggle_3/last' (iter 3750, epoch 2.0)
=> saved checkpoint 'checkpoint_scores_CNN/mnist_vae_var_kaggle_3/last' (iter 3750, epoch 2.0)
[Save Checkpoint] epoch: [2.0], Train: total:2413.52637, BCE:-34.42841, KLD:2447.95093,Test: total:76602.02344, BCE:-34.85048, KLD:76636.88281
=> saved checkpoint 'checkpoints_CNN/mnist_vae_var_kaggle_3/last' (iter 5625, epoch 3.0)
=> saved checkpoint 'checkpoint_scores_CNN/mnist_vae_var_kaggle_3/last' (iter 5625, epoch 3.0)
[Save Checkpoint] epoch: [3.0], Train: total:2086.16406, BCE:-36.17508, KLD:2122.33813,Test: total:66591.95312, BCE:-36.57680, KLD:66628.52344
=> saved checkpoint 'checkpoints_CNN/mnist_vae_var_kaggle_3/last' (iter 7500, epoch 4.0)
=> saved checkpoint 'checkpoint_scores_CNN/mnist_vae_var_kaggle_3/last' (iter 7500, epoch 4.0)
[Save Checkpoint] epoch: [4.0], Train: total:1788.96130, BCE:-36.79037, KLD:1825.75208,Test: total:57213.80859, BCE:-37.15929, KLD:57250.96484
=> saved checkpoint 'checkpoints_CNN/mnist_vae_var_kaggle_3/last' (iter 9375, epoch 5.0)
=> saved checkpoint 'checkpoint_scores_CNN/mnist_vae_var_kaggle_3/last' (iter 9375, epoch 5.0)
[Save Checkpoint] epoch: [5.0], Train: total:1646.80762, BCE:-37.91106, KLD:1684.71887,Test: total:52771.01172, BCE:-38.27082, KLD:52809.28125
=> saved checkpoint 'checkpoints_CNN/mnist_vae_var_kaggle_3/last' (iter 11250, epoch 6.0)
=> saved checkpoint 'checkpoint_scores_CNN/mnist_vae_var_kaggle_3/last' (iter 11250, epoch 6.0)
EarlyStopping counter: 1 out of 20
[Save Checkpoint] epoch: [6.0], Train: total:1527.75403, BCE:-38.36001, KLD:1566.11389,Test: total:49019.60156, BCE:-38.69784, KLD:49058.29688
=> saved checkpoint 'checkpoints_CNN/mnist_vae_var_kaggle_3/last' (iter 13125, epoch 7.0)
=> saved checkpoint 'checkpoint_scores_CNN/mnist_vae_var_kaggle_3/last' (iter 13125, epoch 7.0)
[Save Checkpoint] epoch: [7.0], Train: total:1420.05322, BCE:-38.66964, KLD:1458.72363,Test: total:45626.53125, BCE:-38.99399, KLD:45665.53125
=> saved checkpoint 'checkpoints_CNN/mnist_vae_var_kaggle_3/last' (iter 15000, epoch 8.0)
=> saved checkpoint 'checkpoint_scores_CNN/mnist_vae_var_kaggle_3/last' (iter 15000, epoch 8.0)
[Save Checkpoint] epoch: [8.0], Train: total:1358.48340, BCE:-39.01865, KLD:1397.50122,Test: total:43744.37891, BCE:-39.34232, KLD:43783.72266
=> saved checkpoint 'checkpoints_CNN/mnist_vae_var_kaggle_3/last' (iter 16875, epoch 9.0)
=> saved checkpoint 'checkpoint_scores_CNN/mnist_vae_var_kaggle_3/last' (iter 16875, epoch 9.0)
[Save Checkpoint] epoch: [9.0], Train: total:1343.71948, BCE:-39.37679, KLD:1383.09668,Test: total:43284.35547, BCE:-39.67774, KLD:43324.03906
=> saved checkpoint 'checkpoints_CNN/mnist_vae_var_kaggle_3/last' (iter 18750, epoch 10.0)
=> saved checkpoint 'checkpoint_scores_CNN/mnist_vae_var_kaggle_3/last' (iter 18750, epoch 10.0)
EarlyStopping counter: 1 out of 20
[Save Checkpoint] epoch: [10.0], Train: total:1243.59167, BCE:-39.59995, KLD:1283.19250,Test: total:40185.19922, BCE:-39.89372, KLD:40225.08984
=> saved checkpoint 'checkpoints_CNN/mnist_vae_var_kaggle_3/last' (iter 20625, epoch 11.0)
=> saved checkpoint 'checkpoint_scores_CNN/mnist_vae_var_kaggle_3/last' (iter 20625, epoch 11.0)
EarlyStopping counter: 2 out of 20
[Save Checkpoint] epoch: [11.0], Train: total:1209.73914, BCE:-39.60662, KLD:1249.34717,Test: total:39127.27734, BCE:-39.90973, KLD:39167.18359
=> saved checkpoint 'checkpoints_CNN/mnist_vae_var_kaggle_3/last' (iter 22500, epoch 12.0)
=> saved checkpoint 'checkpoint_scores_CNN/mnist_vae_var_kaggle_3/last' (iter 22500, epoch 12.0)
EarlyStopping counter: 3 out of 20
[Save Checkpoint] epoch: [12.0], Train: total:1185.20203, BCE:-40.01179, KLD:1225.21558,Test: total:38415.55859, BCE:-40.30017, KLD:38455.85938
=> saved checkpoint 'checkpoints_CNN/mnist_vae_var_kaggle_3/last' (iter 24375, epoch 13.0)
=> saved checkpoint 'checkpoint_scores_CNN/mnist_vae_var_kaggle_3/last' (iter 24375, epoch 13.0)
[Save Checkpoint] epoch: [13.0], Train: total:1162.89465, BCE:-40.16685, KLD:1203.06287,Test: total:37661.29297, BCE:-40.45063, KLD:37701.74609
=> saved checkpoint 'checkpoints_CNN/mnist_vae_var_kaggle_3/last' (iter 26250, epoch 14.0)
=> saved checkpoint 'checkpoint_scores_CNN/mnist_vae_var_kaggle_3/last' (iter 26250, epoch 14.0)
EarlyStopping counter: 1 out of 20
[Save Checkpoint] epoch: [14.0], Train: total:1122.85083, BCE:-40.26092, KLD:1163.11145,Test: total:36447.33984, BCE:-40.53367, KLD:36487.87109
=> saved checkpoint 'checkpoints_CNN/mnist_vae_var_kaggle_3/last' (iter 28125, epoch 15.0)
=> saved checkpoint 'checkpoint_scores_CNN/mnist_vae_var_kaggle_3/last' (iter 28125, epoch 15.0)
EarlyStopping counter: 2 out of 20
[Save Checkpoint] epoch: [15.0], Train: total:1100.83704, BCE:-40.35614, KLD:1141.19324,Test: total:35729.06250, BCE:-40.63548, KLD:35769.69922
=> saved checkpoint 'checkpoints_CNN/mnist_vae_var_kaggle_3/last' (iter 30000, epoch 16.0)
=> saved checkpoint 'checkpoint_scores_CNN/mnist_vae_var_kaggle_3/last' (iter 30000, epoch 16.0)
EarlyStopping counter: 3 out of 20
[Save Checkpoint] epoch: [16.0], Train: total:1065.18860, BCE:-40.45196, KLD:1105.64124,Test: total:34642.73828, BCE:-40.72684, KLD:34683.46875
=> saved checkpoint 'checkpoints_CNN/mnist_vae_var_kaggle_3/last' (iter 31875, epoch 17.0)
=> saved checkpoint 'checkpoint_scores_CNN/mnist_vae_var_kaggle_3/last' (iter 31875, epoch 17.0)
EarlyStopping counter: 4 out of 20
[Save Checkpoint] epoch: [17.0], Train: total:1055.44263, BCE:-40.53823, KLD:1095.98022,Test: total:34365.64453, BCE:-40.79939, KLD:34406.44141
=> saved checkpoint 'checkpoints_CNN/mnist_vae_var_kaggle_3/last' (iter 33750, epoch 18.0)
=> saved checkpoint 'checkpoint_scores_CNN/mnist_vae_var_kaggle_3/last' (iter 33750, epoch 18.0)
EarlyStopping counter: 5 out of 20
[Save Checkpoint] epoch: [18.0], Train: total:1052.11597, BCE:-40.72071, KLD:1092.83740,Test: total:34249.99609, BCE:-40.97040, KLD:34290.96484
=> saved checkpoint 'checkpoints_CNN/mnist_vae_var_kaggle_3/last' (iter 35625, epoch 19.0)
=> saved checkpoint 'checkpoint_scores_CNN/mnist_vae_var_kaggle_3/last' (iter 35625, epoch 19.0)
EarlyStopping counter: 6 out of 20
[Save Checkpoint] epoch: [19.0], Train: total:1028.51233, BCE:-40.80264, KLD:1069.31580,Test: total:33518.64062, BCE:-41.05094, KLD:33559.69531
=> saved checkpoint 'checkpoints_CNN/mnist_vae_var_kaggle_3/last' (iter 37500, epoch 20.0)
=> saved checkpoint 'checkpoint_scores_CNN/mnist_vae_var_kaggle_3/last' (iter 37500, epoch 20.0)
EarlyStopping counter: 7 out of 20
[Save Checkpoint] epoch: [20.0], Train: total:987.78094, BCE:-40.79604, KLD:1028.57495,Test: total:32231.67578, BCE:-41.03720, KLD:32272.70898
=> saved checkpoint 'checkpoints_CNN/mnist_vae_var_kaggle_3/last' (iter 39375, epoch 21.0)
=> saved checkpoint 'checkpoint_scores_CNN/mnist_vae_var_kaggle_3/last' (iter 39375, epoch 21.0)
EarlyStopping counter: 8 out of 20
[Save Checkpoint] epoch: [21.0], Train: total:996.57074, BCE:-40.90914, KLD:1037.47888,Test: total:32477.33789, BCE:-41.14410, KLD:32518.48828
=> saved checkpoint 'checkpoints_CNN/mnist_vae_var_kaggle_3/last' (iter 41250, epoch 22.0)
=> saved checkpoint 'checkpoint_scores_CNN/mnist_vae_var_kaggle_3/last' (iter 41250, epoch 22.0)
[Save Checkpoint] epoch: [22.0], Train: total:974.48999, BCE:-40.90373, KLD:1015.39441,Test: total:31777.96289, BCE:-41.13592, KLD:31819.09766
=> saved checkpoint 'checkpoints_CNN/mnist_vae_var_kaggle_3/last' (iter 43125, epoch 23.0)
=> saved checkpoint 'checkpoint_scores_CNN/mnist_vae_var_kaggle_3/last' (iter 43125, epoch 23.0)
EarlyStopping counter: 1 out of 20
[Save Checkpoint] epoch: [23.0], Train: total:962.06812, BCE:-41.09896, KLD:1003.16638,Test: total:31415.45312, BCE:-41.33245, KLD:31456.78516
=> saved checkpoint 'checkpoints_CNN/mnist_vae_var_kaggle_3/last' (iter 45000, epoch 24.0)
=> saved checkpoint 'checkpoint_scores_CNN/mnist_vae_var_kaggle_3/last' (iter 45000, epoch 24.0)
EarlyStopping counter: 2 out of 20
[Save Checkpoint] epoch: [24.0], Train: total:960.16449, BCE:-41.05389, KLD:1001.21747,Test: total:31306.82617, BCE:-41.26828, KLD:31348.09375
=> saved checkpoint 'checkpoints_CNN/mnist_vae_var_kaggle_3/last' (iter 46875, epoch 25.0)
=> saved checkpoint 'checkpoint_scores_CNN/mnist_vae_var_kaggle_3/last' (iter 46875, epoch 25.0)
EarlyStopping counter: 3 out of 20
[Save Checkpoint] epoch: [25.0], Train: total:939.19891, BCE:-41.24994, KLD:980.45020,Test: total:30668.90430, BCE:-41.47476, KLD:30710.37891
=> saved checkpoint 'checkpoints_CNN/mnist_vae_var_kaggle_3/last' (iter 48750, epoch 26.0)
=> saved checkpoint 'checkpoint_scores_CNN/mnist_vae_var_kaggle_3/last' (iter 48750, epoch 26.0)
EarlyStopping counter: 4 out of 20
[Save Checkpoint] epoch: [26.0], Train: total:939.11719, BCE:-41.25620, KLD:980.37421,Test: total:30669.44141, BCE:-41.47023, KLD:30710.90625
=> saved checkpoint 'checkpoints_CNN/mnist_vae_var_kaggle_3/last' (iter 50625, epoch 27.0)
=> saved checkpoint 'checkpoint_scores_CNN/mnist_vae_var_kaggle_3/last' (iter 50625, epoch 27.0)
EarlyStopping counter: 5 out of 20
[Save Checkpoint] epoch: [27.0], Train: total:918.02319, BCE:-41.27718, KLD:959.29974,Test: total:30004.51367, BCE:-41.50269, KLD:30046.01562
=> saved checkpoint 'checkpoints_CNN/mnist_vae_var_kaggle_3/last' (iter 52500, epoch 28.0)
=> saved checkpoint 'checkpoint_scores_CNN/mnist_vae_var_kaggle_3/last' (iter 52500, epoch 28.0)
EarlyStopping counter: 6 out of 20
[Save Checkpoint] epoch: [28.0], Train: total:912.78687, BCE:-41.37657, KLD:954.16278,Test: total:29842.57617, BCE:-41.58180, KLD:29884.15625
=> saved checkpoint 'checkpoints_CNN/mnist_vae_var_kaggle_3/last' (iter 54375, epoch 29.0)
=> saved checkpoint 'checkpoint_scores_CNN/mnist_vae_var_kaggle_3/last' (iter 54375, epoch 29.0)
EarlyStopping counter: 7 out of 20
[Save Checkpoint] epoch: [29.0], Train: total:912.27869, BCE:-41.44052, KLD:953.71954,Test: total:29814.12891, BCE:-41.65269, KLD:29855.78125
=> saved checkpoint 'checkpoints_CNN/mnist_vae_var_kaggle_3/last' (iter 56250, epoch 30.0)
=> saved checkpoint 'checkpoint_scores_CNN/mnist_vae_var_kaggle_3/last' (iter 56250, epoch 30.0)
EarlyStopping counter: 8 out of 20
[Save Checkpoint] epoch: [30.0], Train: total:899.10303, BCE:-41.49458, KLD:940.59680,Test: total:29390.53711, BCE:-41.68233, KLD:29432.22266
=> saved checkpoint 'checkpoints_CNN/mnist_vae_var_kaggle_3/last' (iter 58125, epoch 31.0)
=> saved checkpoint 'checkpoint_scores_CNN/mnist_vae_var_kaggle_3/last' (iter 58125, epoch 31.0)
EarlyStopping counter: 9 out of 20
[Save Checkpoint] epoch: [31.0], Train: total:885.93005, BCE:-41.44027, KLD:927.37073,Test: total:28964.22852, BCE:-41.64384, KLD:29005.86914
=> saved checkpoint 'checkpoints_CNN/mnist_vae_var_kaggle_3/last' (iter 60000, epoch 32.0)
=> saved checkpoint 'checkpoint_scores_CNN/mnist_vae_var_kaggle_3/last' (iter 60000, epoch 32.0)
EarlyStopping counter: 10 out of 20
[Save Checkpoint] epoch: [32.0], Train: total:870.53241, BCE:-41.48050, KLD:912.01379,Test: total:28505.70703, BCE:-41.68218, KLD:28547.39062
=> saved checkpoint 'checkpoints_CNN/mnist_vae_var_kaggle_3/last' (iter 61875, epoch 33.0)
=> saved checkpoint 'checkpoint_scores_CNN/mnist_vae_var_kaggle_3/last' (iter 61875, epoch 33.0)
[Save Checkpoint] epoch: [33.0], Train: total:865.81177, BCE:-41.51225, KLD:907.32495,Test: total:28353.22266, BCE:-41.71557, KLD:28394.93750
=> saved checkpoint 'checkpoints_CNN/mnist_vae_var_kaggle_3/last' (iter 63750, epoch 34.0)
=> saved checkpoint 'checkpoint_scores_CNN/mnist_vae_var_kaggle_3/last' (iter 63750, epoch 34.0)
EarlyStopping counter: 1 out of 20
[Save Checkpoint] epoch: [34.0], Train: total:861.21143, BCE:-41.63150, KLD:902.84381,Test: total:28181.77539, BCE:-41.81033, KLD:28223.58789
=> saved checkpoint 'checkpoints_CNN/mnist_vae_var_kaggle_3/last' (iter 65625, epoch 35.0)
=> saved checkpoint 'checkpoint_scores_CNN/mnist_vae_var_kaggle_3/last' (iter 65625, epoch 35.0)
EarlyStopping counter: 2 out of 20
[Save Checkpoint] epoch: [35.0], Train: total:856.51666, BCE:-41.67238, KLD:898.19012,Test: total:28047.45117, BCE:-41.85744, KLD:28089.30664
=> saved checkpoint 'checkpoints_CNN/mnist_vae_var_kaggle_3/last' (iter 67500, epoch 36.0)
=> saved checkpoint 'checkpoint_scores_CNN/mnist_vae_var_kaggle_3/last' (iter 67500, epoch 36.0)
EarlyStopping counter: 3 out of 20
[Save Checkpoint] epoch: [36.0], Train: total:853.51501, BCE:-41.58506, KLD:895.09912,Test: total:27936.28516, BCE:-41.77301, KLD:27978.06055
=> saved checkpoint 'checkpoints_CNN/mnist_vae_var_kaggle_3/last' (iter 69375, epoch 37.0)
=> saved checkpoint 'checkpoint_scores_CNN/mnist_vae_var_kaggle_3/last' (iter 69375, epoch 37.0)
[Save Checkpoint] epoch: [37.0], Train: total:849.33105, BCE:-41.57313, KLD:890.90399,Test: total:27797.96289, BCE:-41.75114, KLD:27839.71680
=> saved checkpoint 'checkpoints_CNN/mnist_vae_var_kaggle_3/last' (iter 71250, epoch 38.0)
=> saved checkpoint 'checkpoint_scores_CNN/mnist_vae_var_kaggle_3/last' (iter 71250, epoch 38.0)
EarlyStopping counter: 1 out of 20
[Save Checkpoint] epoch: [38.0], Train: total:839.20868, BCE:-41.45500, KLD:880.66394,Test: total:27486.01562, BCE:-41.63391, KLD:27527.65039
=> saved checkpoint 'checkpoints_CNN/mnist_vae_var_kaggle_3/last' (iter 73125, epoch 39.0)
=> saved checkpoint 'checkpoint_scores_CNN/mnist_vae_var_kaggle_3/last' (iter 73125, epoch 39.0)
EarlyStopping counter: 2 out of 20
[Save Checkpoint] epoch: [39.0], Train: total:841.23486, BCE:-41.75617, KLD:882.99023,Test: total:27552.18164, BCE:-41.93844, KLD:27594.11914
=> saved checkpoint 'checkpoints_CNN/mnist_vae_var_kaggle_3/last' (iter 75000, epoch 40.0)
=> saved checkpoint 'checkpoint_scores_CNN/mnist_vae_var_kaggle_3/last' (iter 75000, epoch 40.0)
EarlyStopping counter: 3 out of 20
[Save Checkpoint] epoch: [40.0], Train: total:829.30310, BCE:-41.75151, KLD:871.05408,Test: total:27185.11914, BCE:-41.95248, KLD:27227.07227
=> saved checkpoint 'checkpoints_CNN/mnist_vae_var_kaggle_3/last' (iter 76875, epoch 41.0)
=> saved checkpoint 'checkpoint_scores_CNN/mnist_vae_var_kaggle_3/last' (iter 76875, epoch 41.0)
EarlyStopping counter: 4 out of 20
[Save Checkpoint] epoch: [41.0], Train: total:833.20947, BCE:-41.77603, KLD:874.98560,Test: total:27301.78711, BCE:-41.94044, KLD:27343.73242
=> saved checkpoint 'checkpoints_CNN/mnist_vae_var_kaggle_3/last' (iter 78750, epoch 42.0)
=> saved checkpoint 'checkpoint_scores_CNN/mnist_vae_var_kaggle_3/last' (iter 78750, epoch 42.0)
EarlyStopping counter: 5 out of 20
[Save Checkpoint] epoch: [42.0], Train: total:830.71045, BCE:-41.86122, KLD:872.57056,Test: total:27217.35742, BCE:-42.01188, KLD:27259.36328
=> saved checkpoint 'checkpoints_CNN/mnist_vae_var_kaggle_3/last' (iter 80625, epoch 43.0)
=> saved checkpoint 'checkpoint_scores_CNN/mnist_vae_var_kaggle_3/last' (iter 80625, epoch 43.0)
EarlyStopping counter: 6 out of 20
[Save Checkpoint] epoch: [43.0], Train: total:819.86133, BCE:-41.93328, KLD:861.79572,Test: total:26890.54688, BCE:-42.10066, KLD:26932.64648
=> saved checkpoint 'checkpoints_CNN/mnist_vae_var_kaggle_3/last' (iter 82500, epoch 44.0)
=> saved checkpoint 'checkpoint_scores_CNN/mnist_vae_var_kaggle_3/last' (iter 82500, epoch 44.0)
EarlyStopping counter: 7 out of 20
[Save Checkpoint] epoch: [44.0], Train: total:821.81183, BCE:-41.93270, KLD:863.74542,Test: total:26936.91992, BCE:-42.08801, KLD:26979.00586
=> saved checkpoint 'checkpoints_CNN/mnist_vae_var_kaggle_3/last' (iter 84375, epoch 45.0)
=> saved checkpoint 'checkpoint_scores_CNN/mnist_vae_var_kaggle_3/last' (iter 84375, epoch 45.0)
EarlyStopping counter: 8 out of 20
[Save Checkpoint] epoch: [45.0], Train: total:816.97650, BCE:-41.96839, KLD:858.94421,Test: total:26769.53711, BCE:-42.12580, KLD:26811.66602
=> saved checkpoint 'checkpoints_CNN/mnist_vae_var_kaggle_3/last' (iter 86250, epoch 46.0)
=> saved checkpoint 'checkpoint_scores_CNN/mnist_vae_var_kaggle_3/last' (iter 86250, epoch 46.0)
EarlyStopping counter: 9 out of 20
[Save Checkpoint] epoch: [46.0], Train: total:813.73785, BCE:-42.04999, KLD:855.78796,Test: total:26668.67773, BCE:-42.19501, KLD:26710.87500
=> saved checkpoint 'checkpoints_CNN/mnist_vae_var_kaggle_3/last' (iter 88125, epoch 47.0)
=> saved checkpoint 'checkpoint_scores_CNN/mnist_vae_var_kaggle_3/last' (iter 88125, epoch 47.0)
EarlyStopping counter: 10 out of 20
[Save Checkpoint] epoch: [47.0], Train: total:814.45166, BCE:-41.97164, KLD:856.42261,Test: total:26698.75586, BCE:-42.12712, KLD:26740.88477
=> saved checkpoint 'checkpoints_CNN/mnist_vae_var_kaggle_3/last' (iter 90000, epoch 48.0)
=> saved checkpoint 'checkpoint_scores_CNN/mnist_vae_var_kaggle_3/last' (iter 90000, epoch 48.0)
EarlyStopping counter: 11 out of 20
[Save Checkpoint] epoch: [48.0], Train: total:815.63171, BCE:-41.96801, KLD:857.60107,Test: total:26736.49414, BCE:-42.10820, KLD:26778.59961
=> saved checkpoint 'checkpoints_CNN/mnist_vae_var_kaggle_3/last' (iter 91875, epoch 49.0)
=> saved checkpoint 'checkpoint_scores_CNN/mnist_vae_var_kaggle_3/last' (iter 91875, epoch 49.0)
[Save Checkpoint] epoch: [49.0], Train: total:806.00885, BCE:-42.01329, KLD:848.02246,Test: total:26445.54102, BCE:-42.16113, KLD:26487.70312
=> saved checkpoint 'checkpoints_CNN/mnist_vae_var_kaggle_3/last' (iter 93750, epoch 50.0)
=> saved checkpoint 'checkpoint_scores_CNN/mnist_vae_var_kaggle_3/last' (iter 93750, epoch 50.0)
EarlyStopping counter: 1 out of 20
[Save Checkpoint] epoch: [50.0], Train: total:799.52588, BCE:-42.07872, KLD:841.60443,Test: total:26227.81250, BCE:-42.21614, KLD:26270.02539
=> saved checkpoint 'checkpoints_CNN/mnist_vae_var_kaggle_3/last' (iter 95625, epoch 51.0)
=> saved checkpoint 'checkpoint_scores_CNN/mnist_vae_var_kaggle_3/last' (iter 95625, epoch 51.0)
EarlyStopping counter: 2 out of 20
[Save Checkpoint] epoch: [51.0], Train: total:795.29944, BCE:-42.11709, KLD:837.41632,Test: total:26105.68750, BCE:-42.24976, KLD:26147.93750
=> saved checkpoint 'checkpoints_CNN/mnist_vae_var_kaggle_3/last' (iter 97500, epoch 52.0)
=> saved checkpoint 'checkpoint_scores_CNN/mnist_vae_var_kaggle_3/last' (iter 97500, epoch 52.0)
EarlyStopping counter: 3 out of 20
[Save Checkpoint] epoch: [52.0], Train: total:793.74445, BCE:-42.11963, KLD:835.86475,Test: total:26054.41211, BCE:-42.24884, KLD:26096.66211
=> saved checkpoint 'checkpoints_CNN/mnist_vae_var_kaggle_3/last' (iter 99375, epoch 53.0)
=> saved checkpoint 'checkpoint_scores_CNN/mnist_vae_var_kaggle_3/last' (iter 99375, epoch 53.0)
EarlyStopping counter: 4 out of 20
[Save Checkpoint] epoch: [53.0], Train: total:811.44116, BCE:-42.23425, KLD:853.67389,Test: total:26600.62891, BCE:-42.36636, KLD:26642.99414
=> saved checkpoint 'checkpoints_CNN/mnist_vae_var_kaggle_3/last' (iter 101250, epoch 54.0)
=> saved checkpoint 'checkpoint_scores_CNN/mnist_vae_var_kaggle_3/last' (iter 101250, epoch 54.0)
EarlyStopping counter: 5 out of 20
[Save Checkpoint] epoch: [54.0], Train: total:795.91345, BCE:-42.18979, KLD:838.10510,Test: total:26112.83203, BCE:-42.30667, KLD:26155.13672
=> saved checkpoint 'checkpoints_CNN/mnist_vae_var_kaggle_3/last' (iter 103125, epoch 55.0)
=> saved checkpoint 'checkpoint_scores_CNN/mnist_vae_var_kaggle_3/last' (iter 103125, epoch 55.0)
EarlyStopping counter: 6 out of 20
[Save Checkpoint] epoch: [55.0], Train: total:791.68567, BCE:-42.25264, KLD:833.93903,Test: total:25975.12500, BCE:-42.38835, KLD:26017.51367
=> saved checkpoint 'checkpoints_CNN/mnist_vae_var_kaggle_3/last' (iter 105000, epoch 56.0)
=> saved checkpoint 'checkpoint_scores_CNN/mnist_vae_var_kaggle_3/last' (iter 105000, epoch 56.0)
EarlyStopping counter: 7 out of 20
[Save Checkpoint] epoch: [56.0], Train: total:793.11823, BCE:-42.22866, KLD:835.34723,Test: total:26015.43945, BCE:-42.36615, KLD:26057.80469
=> saved checkpoint 'checkpoints_CNN/mnist_vae_var_kaggle_3/last' (iter 106875, epoch 57.0)
=> saved checkpoint 'checkpoint_scores_CNN/mnist_vae_var_kaggle_3/last' (iter 106875, epoch 57.0)
EarlyStopping counter: 8 out of 20
[Save Checkpoint] epoch: [57.0], Train: total:786.94690, BCE:-42.29657, KLD:829.24316,Test: total:25844.79492, BCE:-42.43190, KLD:25887.22852
=> saved checkpoint 'checkpoints_CNN/mnist_vae_var_kaggle_3/last' (iter 108750, epoch 58.0)
=> saved checkpoint 'checkpoint_scores_CNN/mnist_vae_var_kaggle_3/last' (iter 108750, epoch 58.0)
EarlyStopping counter: 9 out of 20
[Save Checkpoint] epoch: [58.0], Train: total:792.96075, BCE:-42.34749, KLD:835.30957,Test: total:26026.75781, BCE:-42.47416, KLD:26069.23242
=> saved checkpoint 'checkpoints_CNN/mnist_vae_var_kaggle_3/last' (iter 110625, epoch 59.0)
=> saved checkpoint 'checkpoint_scores_CNN/mnist_vae_var_kaggle_3/last' (iter 110625, epoch 59.0)
EarlyStopping counter: 10 out of 20
[Save Checkpoint] epoch: [59.0], Train: total:786.52319, BCE:-42.37555, KLD:828.90015,Test: total:25801.33398, BCE:-42.49566, KLD:25843.83203
=> saved checkpoint 'checkpoints_CNN/mnist_vae_var_kaggle_3/last' (iter 112500, epoch 60.0)
=> saved checkpoint 'checkpoint_scores_CNN/mnist_vae_var_kaggle_3/last' (iter 112500, epoch 60.0)
EarlyStopping counter: 11 out of 20
[Save Checkpoint] epoch: [60.0], Train: total:782.73138, BCE:-42.36934, KLD:825.10095,Test: total:25679.99805, BCE:-42.48932, KLD:25722.48828
=> saved checkpoint 'checkpoints_CNN/mnist_vae_var_kaggle_3/last' (iter 114375, epoch 61.0)
=> saved checkpoint 'checkpoint_scores_CNN/mnist_vae_var_kaggle_3/last' (iter 114375, epoch 61.0)
EarlyStopping counter: 12 out of 20
[Save Checkpoint] epoch: [61.0], Train: total:785.86768, BCE:-42.35955, KLD:828.22809,Test: total:25783.01562, BCE:-42.47116, KLD:25825.49023
=> saved checkpoint 'checkpoints_CNN/mnist_vae_var_kaggle_3/last' (iter 116250, epoch 62.0)
=> saved checkpoint 'checkpoint_scores_CNN/mnist_vae_var_kaggle_3/last' (iter 116250, epoch 62.0)
EarlyStopping counter: 13 out of 20
[Save Checkpoint] epoch: [62.0], Train: total:786.99432, BCE:-42.37901, KLD:829.37408,Test: total:25828.69141, BCE:-42.49107, KLD:25871.18359
=> saved checkpoint 'checkpoints_CNN/mnist_vae_var_kaggle_3/last' (iter 118125, epoch 63.0)
=> saved checkpoint 'checkpoint_scores_CNN/mnist_vae_var_kaggle_3/last' (iter 118125, epoch 63.0)
EarlyStopping counter: 14 out of 20
[Save Checkpoint] epoch: [63.0], Train: total:785.66565, BCE:-42.41332, KLD:828.07977,Test: total:25776.48242, BCE:-42.52849, KLD:25819.00977
=> saved checkpoint 'checkpoints_CNN/mnist_vae_var_kaggle_3/last' (iter 120000, epoch 64.0)
=> saved checkpoint 'checkpoint_scores_CNN/mnist_vae_var_kaggle_3/last' (iter 120000, epoch 64.0)
EarlyStopping counter: 15 out of 20
[Save Checkpoint] epoch: [64.0], Train: total:776.89526, BCE:-42.23164, KLD:819.12738,Test: total:25494.42969, BCE:-42.32999, KLD:25536.75977
=> saved checkpoint 'checkpoints_CNN/mnist_vae_var_kaggle_3/last' (iter 121875, epoch 65.0)
=> saved checkpoint 'checkpoint_scores_CNN/mnist_vae_var_kaggle_3/last' (iter 121875, epoch 65.0)
EarlyStopping counter: 16 out of 20
[Save Checkpoint] epoch: [65.0], Train: total:778.81708, BCE:-42.40710, KLD:821.22284,Test: total:25563.48242, BCE:-42.51627, KLD:25606.00000
=> saved checkpoint 'checkpoints_CNN/mnist_vae_var_kaggle_3/last' (iter 123750, epoch 66.0)
=> saved checkpoint 'checkpoint_scores_CNN/mnist_vae_var_kaggle_3/last' (iter 123750, epoch 66.0)
EarlyStopping counter: 17 out of 20
[Save Checkpoint] epoch: [66.0], Train: total:782.27808, BCE:-42.52496, KLD:824.80359,Test: total:25675.79492, BCE:-42.63313, KLD:25718.42773
=> saved checkpoint 'checkpoints_CNN/mnist_vae_var_kaggle_3/last' (iter 125625, epoch 67.0)
=> saved checkpoint 'checkpoint_scores_CNN/mnist_vae_var_kaggle_3/last' (iter 125625, epoch 67.0)
EarlyStopping counter: 18 out of 20
[Save Checkpoint] epoch: [67.0], Train: total:765.76654, BCE:-42.48844, KLD:808.25464,Test: total:25154.57617, BCE:-42.58938, KLD:25197.16406
=> saved checkpoint 'checkpoints_CNN/mnist_vae_var_kaggle_3/last' (iter 127500, epoch 68.0)
=> saved checkpoint 'checkpoint_scores_CNN/mnist_vae_var_kaggle_3/last' (iter 127500, epoch 68.0)
EarlyStopping counter: 19 out of 20
[Save Checkpoint] epoch: [68.0], Train: total:770.15717, BCE:-42.35505, KLD:812.51239,Test: total:25306.70898, BCE:-42.46313, KLD:25349.17383
=> saved checkpoint 'checkpoints_CNN/mnist_vae_var_kaggle_3/last' (iter 129375, epoch 69.0)
=> saved checkpoint 'checkpoint_scores_CNN/mnist_vae_var_kaggle_3/last' (iter 129375, epoch 69.0)
EarlyStopping counter: 20 out of 20
[Save Checkpoint] epoch: [69.0], Train: total:778.69794, BCE:-42.51936, KLD:821.21735,Test: total:25561.82227, BCE:-42.61140, KLD:25604.43555
Early stopping
[Training Finished]
All done !
