16
--gpu_devices 0 --max_iter 100 --batch_size 250 --use_scheduler True --lr 1e-3 --GMP True --z_struct_size 30 --is_VAE True --lambda_BCE 1 --beta 1 --big_kernel_size 8 --two_conv_layer True --three_conv_layer True --kernel_size_1 4 --kernel_size_2 4 --kernel_size_3 4 --BK_in_first_layer True --BK_in_second_layer False --BK_in_third_layer False --stride_size 1 --hidden_filters_layer1 64 --hidden_filters_layer2 64 --hidden_filters_layer3 64 --dataset_balanced True --binary_z True --binary_first_conv False --binary_second_conv False --binary_third_conv True --encoder_struct_name mnist_struct_baseline_scheduler_binary_30_Hmg_dst_2 --freeze_Encoder True --ES_reconstruction True --exp_name mnist_encoder_struct_reconstruction_s30_Hmg_dst_3_PT
Namespace(BK_in_first_layer=True, BK_in_second_layer=False, BK_in_third_layer=False, BN=False, C_max=25, C_stop_iter=100000.0, E1_AE=False, E1_VAE=False, E1_conv=False, E1_dense=False, E1_second_conv=False, E1_second_conv_adapt=False, ES_reconstruction=True, GMP=True, Hmg_dst_loss=False, IPC=False, L1_norm_act=False, L1_norm_weights=False, L3_without_random=False, LOG_DIR='logs', adapt_lr=False, add_classification_layer=True, add_linear_after_GMP=True, add_z_struct_bottleneck=False, alpha=32, batch_size=250, beta=1.0, beta1=0.9, beta2=0.999, big_kernel=False, big_kernel_size=8, binary_chain=False, binary_first_conv=False, binary_second_conv=False, binary_third_conv=True, binary_z=True, both_decoders_freeze=False, ckpt_dir='checkpoints_CNN', ckpt_dir_scores='checkpoint_scores_CNN', classif_layer_size=30, contrastive_loss=False, cuda=True, dataset='mnist', dataset_balanced=True, decoder_first_dense=36, decoder_kernel_size_1=4, decoder_kernel_size_2=3, decoder_kernel_size_3=4, decoder_n_filter_1=64, decoder_n_filter_2=64, decoder_n_filter_3=64, decoder_stride_1=2, decoder_stride_2=2, decoder_stride_3=1, diff_var=False, display_step=10000, dset_dir='data', encoder_struct_name='mnist_struct_baseline_scheduler_binary_30_Hmg_dst_2', encoder_var_name='mnist_vae_var_deeper_2cb_1_1', exp_name='mnist_encoder_struct_reconstruction_s30_Hmg_dst_3_PT', freeze_Encoder=True, gamma=1000, gpu_devices=[0], hidden_filters_layer1=64, hidden_filters_layer2=64, hidden_filters_layer3=64, image_size=64, intra_class_variance_loss=False, is_C=True, is_E1=False, is_VAE=True, is_VAE_var=False, is_binary_structural_latent=False, is_custom_model=False, is_custom_model_BK=False, is_default_model=False, is_encoder_struct=False, is_noise_stats=False, is_partial_rand_class=False, is_perturbed_score=False, is_zvar_sim_loss=False, just_train=False, kernel_size=4, kernel_size_1=4, kernel_size_2=4, kernel_size_3=4, lambda_BCE=1.0, lambda_Kl_struct=1, lambda_Kl_var=1, lambda_L1=0.01, lambda_VAE=1, lambda_class=1, lambda_contrastive_loss=1, lambda_distance_mean=1, lambda_hmg_dst=1, lambda_intra_class_var=1, lambda_partial_class=1, lambda_ratio_reg=1, lambda_recon_wt_rand=1, lambda_recons=1, lambda_uniq_code_dst=1, lambda_var_distance=1, lambda_var_inter=1, lambda_var_intra=1, lambda_zvar_sim=1, latent_spec_cont=None, latent_spec_cont_class=None, latent_spec_cont_var=None, latent_spec_disc=None, latent_spec_disc_class=None, latent_spec_disc_var=None, log_level='info', loss='Proxy_Anchor', loss_distance_mean=False, loss_min_distance_cl=False, lr=0.001, max_epoch_use_uniq_code_target=5, max_iter=100.0, model='CNN', mrg=0.1, nb_epochs_train_only_zvar=0, num_workers=2, old_weighted=False, optimizer='adamw', other_architecture=False, other_ratio=False, random_percentage=0.2, random_seed=10, randomness=True, ratio_reg=False, remark='', save_step=10000, second_layer_C=False, seed=1, stride_size=1, sz_embedding=5, three_conv_layer=True, train=True, train_var_struct_alternatively=False, two_conv_layer=True, two_encoder=False, uniq_code_dst_loss=False, use_VAE=False, use_decoder=False, use_early_stopping=True, use_scheduler=True, use_small_lr_encoder_var=False, use_structural_encoder=False, value_target_distance_mean=1, var_hidden_dim=256, var_hidden_filters_1=32, var_hidden_filters_2=32, var_hidden_filters_3=32, var_kernel_size_1=3, var_kernel_size_2=3, var_kernel_size_3=3, var_second_cnn_block=True, var_stride_size_1=1, var_stride_size_2=1, var_stride_size_3=1, var_third_cnn_block=False, var_three_conv_layer=False, warm=1, without_acc=False, z_struct_size=30, z_var_size=5, zeros_W_Classif=False, zvar_sim_change_zvar=False, zvar_sim_loss_for_all_model=False, zvar_sim_loss_only_for_encoder=False, zvar_sim_normal=False, zvar_sim_var_rand=False)
CUDA Visible devices !
[Using Seed: 10]
Balanced dataset loaded
VAE doesn't exist but encoder struct yes ! load struct encoder weighs !
=> loaded checkpoint 'checkpoints_CNN/mnist_struct_baseline_scheduler_binary_30_Hmg_dst_2/last (iter 7290)'
Weighs loaded for struct encoder !
use 1 gpu who named: Tesla V100-SXM2-32GB
VAE(
  (encoder_struct): Sequential(
    (0): Conv2d(1, 64, kernel_size=(8, 8), stride=(1, 1))
    (1): BatchNorm2d(64, eps=1e-05, momentum=0.1, affine=True, track_running_stats=True)
    (2): ReLU(inplace=True)
    (3): Conv2d(64, 64, kernel_size=(4, 4), stride=(1, 1))
    (4): BatchNorm2d(64, eps=1e-05, momentum=0.1, affine=True, track_running_stats=True)
    (5): ReLU(inplace=True)
    (6): Conv2d(64, 30, kernel_size=(4, 4), stride=(1, 1))
    (7): BatchNorm2d(30, eps=1e-05, momentum=0.1, affine=True, track_running_stats=True)
    (8): DeterministicBinaryActivation(
      (act): Hardsigmoid(
        (act): Hardtanh(min_val=-1.0, max_val=1.0)
      )
    )
    (9): AdaptiveMaxPool2d(output_size=(1, 1))
    (10): View()
  )
  (decoder): Sequential(
    (0): Linear(in_features=30, out_features=1600, bias=True)
    (1): ReLU(inplace=True)
    (2): View()
    (3): ConvTranspose2d(64, 64, kernel_size=(4, 4), stride=(2, 2), padding=(1, 1))
    (4): ReLU(inplace=True)
    (5): ConvTranspose2d(64, 64, kernel_size=(3, 3), stride=(1, 1))
    (6): ReLU(inplace=True)
    (7): ConvTranspose2d(64, 32, kernel_size=(3, 3), stride=(1, 1))
    (8): ReLU(inplace=True)
    (9): ConvTranspose2d(32, 32, kernel_size=(4, 4), stride=(2, 2), padding=(1, 1))
    (10): ReLU(inplace=True)
    (11): ConvTranspose2d(32, 32, kernel_size=(3, 3), stride=(1, 1))
    (12): ReLU(inplace=True)
    (13): ConvTranspose2d(32, 1, kernel_size=(3, 3), stride=(1, 1))
    (14): Sigmoid()
  )
)
The number of parameters of model is 297371
=> saved checkpoint 'checkpoints_CNN/mnist_encoder_struct_reconstruction_s30_Hmg_dst_3_PT/last' (iter 270, epoch 1.0)
=> saved checkpoint 'checkpoint_scores_CNN/mnist_encoder_struct_reconstruction_s30_Hmg_dst_3_PT/last' (iter 270, epoch 1.0)
[Save Checkpoint] epoch: [1.0], Train: total:-1083.70093, BCE:-8.00031, KLD:0.00000,Test: total:-44.62197, BCE:-8.11266, KLD:0.00000
=> saved checkpoint 'checkpoints_CNN/mnist_encoder_struct_reconstruction_s30_Hmg_dst_3_PT/last' (iter 540, epoch 2.0)
=> saved checkpoint 'checkpoint_scores_CNN/mnist_encoder_struct_reconstruction_s30_Hmg_dst_3_PT/last' (iter 540, epoch 2.0)
[Save Checkpoint] epoch: [2.0], Train: total:-846.62158, BCE:-6.24951, KLD:0.00000,Test: total:-34.44982, BCE:-6.31118, KLD:0.00000
=> saved checkpoint 'checkpoints_CNN/mnist_encoder_struct_reconstruction_s30_Hmg_dst_3_PT/last' (iter 810, epoch 3.0)
=> saved checkpoint 'checkpoint_scores_CNN/mnist_encoder_struct_reconstruction_s30_Hmg_dst_3_PT/last' (iter 810, epoch 3.0)
[Save Checkpoint] epoch: [3.0], Train: total:-781.29767, BCE:-5.76528, KLD:0.00000,Test: total:-31.63302, BCE:-5.83265, KLD:0.00000
=> saved checkpoint 'checkpoints_CNN/mnist_encoder_struct_reconstruction_s30_Hmg_dst_3_PT/last' (iter 1080, epoch 4.0)
=> saved checkpoint 'checkpoint_scores_CNN/mnist_encoder_struct_reconstruction_s30_Hmg_dst_3_PT/last' (iter 1080, epoch 4.0)
[Save Checkpoint] epoch: [4.0], Train: total:-825.18488, BCE:-6.08824, KLD:0.00000,Test: total:-33.36431, BCE:-6.17549, KLD:0.00000
=> saved checkpoint 'checkpoints_CNN/mnist_encoder_struct_reconstruction_s30_Hmg_dst_3_PT/last' (iter 1350, epoch 5.0)
=> saved checkpoint 'checkpoint_scores_CNN/mnist_encoder_struct_reconstruction_s30_Hmg_dst_3_PT/last' (iter 1350, epoch 5.0)
[Save Checkpoint] epoch: [5.0], Train: total:-865.91852, BCE:-6.38788, KLD:0.00000,Test: total:-34.96499, BCE:-6.49500, KLD:0.00000
=> saved checkpoint 'checkpoints_CNN/mnist_encoder_struct_reconstruction_s30_Hmg_dst_3_PT/last' (iter 1620, epoch 6.0)
=> saved checkpoint 'checkpoint_scores_CNN/mnist_encoder_struct_reconstruction_s30_Hmg_dst_3_PT/last' (iter 1620, epoch 6.0)
[Save Checkpoint] epoch: [6.0], Train: total:-896.61127, BCE:-6.61315, KLD:0.00000,Test: total:-36.10792, BCE:-6.73958, KLD:0.00000
=> saved checkpoint 'checkpoints_CNN/mnist_encoder_struct_reconstruction_s30_Hmg_dst_3_PT/last' (iter 1890, epoch 7.0)
=> saved checkpoint 'checkpoint_scores_CNN/mnist_encoder_struct_reconstruction_s30_Hmg_dst_3_PT/last' (iter 1890, epoch 7.0)
[Save Checkpoint] epoch: [7.0], Train: total:-912.41321, BCE:-6.72797, KLD:0.00000,Test: total:-36.63733, BCE:-6.87169, KLD:0.00000
=> saved checkpoint 'checkpoints_CNN/mnist_encoder_struct_reconstruction_s30_Hmg_dst_3_PT/last' (iter 2160, epoch 8.0)
=> saved checkpoint 'checkpoint_scores_CNN/mnist_encoder_struct_reconstruction_s30_Hmg_dst_3_PT/last' (iter 2160, epoch 8.0)
[Save Checkpoint] epoch: [8.0], Train: total:-952.35883, BCE:-7.02094, KLD:0.00000,Test: total:-38.12271, BCE:-7.17689, KLD:0.00000
=> saved checkpoint 'checkpoints_CNN/mnist_encoder_struct_reconstruction_s30_Hmg_dst_3_PT/last' (iter 2430, epoch 9.0)
=> saved checkpoint 'checkpoint_scores_CNN/mnist_encoder_struct_reconstruction_s30_Hmg_dst_3_PT/last' (iter 2430, epoch 9.0)
[Save Checkpoint] epoch: [9.0], Train: total:-990.63098, BCE:-7.30129, KLD:0.00000,Test: total:-39.53897, BCE:-7.47498, KLD:0.00000
=> saved checkpoint 'checkpoints_CNN/mnist_encoder_struct_reconstruction_s30_Hmg_dst_3_PT/last' (iter 2700, epoch 10.0)
=> saved checkpoint 'checkpoint_scores_CNN/mnist_encoder_struct_reconstruction_s30_Hmg_dst_3_PT/last' (iter 2700, epoch 10.0)
[Save Checkpoint] epoch: [10.0], Train: total:-1042.17468, BCE:-7.67968, KLD:0.00000,Test: total:-41.46981, BCE:-7.86125, KLD:0.00000
=> saved checkpoint 'checkpoints_CNN/mnist_encoder_struct_reconstruction_s30_Hmg_dst_3_PT/last' (iter 2970, epoch 11.0)
=> saved checkpoint 'checkpoint_scores_CNN/mnist_encoder_struct_reconstruction_s30_Hmg_dst_3_PT/last' (iter 2970, epoch 11.0)
[Save Checkpoint] epoch: [11.0], Train: total:-1085.20044, BCE:-7.99506, KLD:0.00000,Test: total:-43.08651, BCE:-8.18330, KLD:0.00000
=> saved checkpoint 'checkpoints_CNN/mnist_encoder_struct_reconstruction_s30_Hmg_dst_3_PT/last' (iter 3240, epoch 12.0)
=> saved checkpoint 'checkpoint_scores_CNN/mnist_encoder_struct_reconstruction_s30_Hmg_dst_3_PT/last' (iter 3240, epoch 12.0)
[Save Checkpoint] epoch: [12.0], Train: total:-1134.18164, BCE:-8.35555, KLD:0.00000,Test: total:-44.92683, BCE:-8.55308, KLD:0.00000
=> saved checkpoint 'checkpoints_CNN/mnist_encoder_struct_reconstruction_s30_Hmg_dst_3_PT/last' (iter 3510, epoch 13.0)
=> saved checkpoint 'checkpoint_scores_CNN/mnist_encoder_struct_reconstruction_s30_Hmg_dst_3_PT/last' (iter 3510, epoch 13.0)
[Save Checkpoint] epoch: [13.0], Train: total:-1165.11829, BCE:-8.58309, KLD:0.00000,Test: total:-46.11500, BCE:-8.78640, KLD:0.00000
=> saved checkpoint 'checkpoints_CNN/mnist_encoder_struct_reconstruction_s30_Hmg_dst_3_PT/last' (iter 3780, epoch 14.0)
=> saved checkpoint 'checkpoint_scores_CNN/mnist_encoder_struct_reconstruction_s30_Hmg_dst_3_PT/last' (iter 3780, epoch 14.0)
[Save Checkpoint] epoch: [14.0], Train: total:-1196.15881, BCE:-8.81197, KLD:0.00000,Test: total:-47.27943, BCE:-9.01868, KLD:0.00000
=> saved checkpoint 'checkpoints_CNN/mnist_encoder_struct_reconstruction_s30_Hmg_dst_3_PT/last' (iter 4050, epoch 15.0)
=> saved checkpoint 'checkpoint_scores_CNN/mnist_encoder_struct_reconstruction_s30_Hmg_dst_3_PT/last' (iter 4050, epoch 15.0)
[Save Checkpoint] epoch: [15.0], Train: total:-1216.79297, BCE:-8.96367, KLD:0.00000,Test: total:-48.03428, BCE:-9.16614, KLD:0.00000
=> saved checkpoint 'checkpoints_CNN/mnist_encoder_struct_reconstruction_s30_Hmg_dst_3_PT/last' (iter 4320, epoch 16.0)
=> saved checkpoint 'checkpoint_scores_CNN/mnist_encoder_struct_reconstruction_s30_Hmg_dst_3_PT/last' (iter 4320, epoch 16.0)
[Save Checkpoint] epoch: [16.0], Train: total:-1254.07007, BCE:-9.23843, KLD:0.00000,Test: total:-49.46782, BCE:-9.44404, KLD:0.00000
=> saved checkpoint 'checkpoints_CNN/mnist_encoder_struct_reconstruction_s30_Hmg_dst_3_PT/last' (iter 4590, epoch 17.0)
=> saved checkpoint 'checkpoint_scores_CNN/mnist_encoder_struct_reconstruction_s30_Hmg_dst_3_PT/last' (iter 4590, epoch 17.0)
[Save Checkpoint] epoch: [17.0], Train: total:-1272.76233, BCE:-9.37622, KLD:0.00000,Test: total:-50.19423, BCE:-9.58210, KLD:0.00000
=> saved checkpoint 'checkpoints_CNN/mnist_encoder_struct_reconstruction_s30_Hmg_dst_3_PT/last' (iter 4860, epoch 18.0)
=> saved checkpoint 'checkpoint_scores_CNN/mnist_encoder_struct_reconstruction_s30_Hmg_dst_3_PT/last' (iter 4860, epoch 18.0)
[Save Checkpoint] epoch: [18.0], Train: total:-1291.45972, BCE:-9.51431, KLD:0.00000,Test: total:-50.92852, BCE:-9.72054, KLD:0.00000
=> saved checkpoint 'checkpoints_CNN/mnist_encoder_struct_reconstruction_s30_Hmg_dst_3_PT/last' (iter 5130, epoch 19.0)
=> saved checkpoint 'checkpoint_scores_CNN/mnist_encoder_struct_reconstruction_s30_Hmg_dst_3_PT/last' (iter 5130, epoch 19.0)
[Save Checkpoint] epoch: [19.0], Train: total:-1328.17615, BCE:-9.78650, KLD:0.00000,Test: total:-52.41698, BCE:-9.98881, KLD:0.00000
=> saved checkpoint 'checkpoints_CNN/mnist_encoder_struct_reconstruction_s30_Hmg_dst_3_PT/last' (iter 5400, epoch 20.0)
=> saved checkpoint 'checkpoint_scores_CNN/mnist_encoder_struct_reconstruction_s30_Hmg_dst_3_PT/last' (iter 5400, epoch 20.0)
[Save Checkpoint] epoch: [20.0], Train: total:-1371.39563, BCE:-10.10576, KLD:0.00000,Test: total:-54.11688, BCE:-10.30585, KLD:0.00000
=> saved checkpoint 'checkpoints_CNN/mnist_encoder_struct_reconstruction_s30_Hmg_dst_3_PT/last' (iter 5670, epoch 21.0)
=> saved checkpoint 'checkpoint_scores_CNN/mnist_encoder_struct_reconstruction_s30_Hmg_dst_3_PT/last' (iter 5670, epoch 21.0)
[Save Checkpoint] epoch: [21.0], Train: total:-1410.48938, BCE:-10.39422, KLD:0.00000,Test: total:-55.69318, BCE:-10.59462, KLD:0.00000
=> saved checkpoint 'checkpoints_CNN/mnist_encoder_struct_reconstruction_s30_Hmg_dst_3_PT/last' (iter 5940, epoch 22.0)
=> saved checkpoint 'checkpoint_scores_CNN/mnist_encoder_struct_reconstruction_s30_Hmg_dst_3_PT/last' (iter 5940, epoch 22.0)
[Save Checkpoint] epoch: [22.0], Train: total:-1436.37622, BCE:-10.58622, KLD:0.00000,Test: total:-56.72197, BCE:-10.78795, KLD:0.00000
=> saved checkpoint 'checkpoints_CNN/mnist_encoder_struct_reconstruction_s30_Hmg_dst_3_PT/last' (iter 6210, epoch 23.0)
=> saved checkpoint 'checkpoint_scores_CNN/mnist_encoder_struct_reconstruction_s30_Hmg_dst_3_PT/last' (iter 6210, epoch 23.0)
[Save Checkpoint] epoch: [23.0], Train: total:-1450.74756, BCE:-10.69302, KLD:0.00000,Test: total:-57.23792, BCE:-10.88817, KLD:0.00000
=> saved checkpoint 'checkpoints_CNN/mnist_encoder_struct_reconstruction_s30_Hmg_dst_3_PT/last' (iter 6480, epoch 24.0)
=> saved checkpoint 'checkpoint_scores_CNN/mnist_encoder_struct_reconstruction_s30_Hmg_dst_3_PT/last' (iter 6480, epoch 24.0)
[Save Checkpoint] epoch: [24.0], Train: total:-1492.10388, BCE:-10.99845, KLD:0.00000,Test: total:-58.81929, BCE:-11.19553, KLD:0.00000
=> saved checkpoint 'checkpoints_CNN/mnist_encoder_struct_reconstruction_s30_Hmg_dst_3_PT/last' (iter 6750, epoch 25.0)
=> saved checkpoint 'checkpoint_scores_CNN/mnist_encoder_struct_reconstruction_s30_Hmg_dst_3_PT/last' (iter 6750, epoch 25.0)
[Save Checkpoint] epoch: [25.0], Train: total:-1509.85803, BCE:-11.12932, KLD:0.00000,Test: total:-59.52162, BCE:-11.32727, KLD:0.00000
=> saved checkpoint 'checkpoints_CNN/mnist_encoder_struct_reconstruction_s30_Hmg_dst_3_PT/last' (iter 7020, epoch 26.0)
=> saved checkpoint 'checkpoint_scores_CNN/mnist_encoder_struct_reconstruction_s30_Hmg_dst_3_PT/last' (iter 7020, epoch 26.0)
EarlyStopping counter: 1 out of 25
[Save Checkpoint] epoch: [26.0], Train: total:-1508.17029, BCE:-11.11734, KLD:0.00000,Test: total:-59.41315, BCE:-11.31219, KLD:0.00000
=> saved checkpoint 'checkpoints_CNN/mnist_encoder_struct_reconstruction_s30_Hmg_dst_3_PT/last' (iter 7290, epoch 27.0)
=> saved checkpoint 'checkpoint_scores_CNN/mnist_encoder_struct_reconstruction_s30_Hmg_dst_3_PT/last' (iter 7290, epoch 27.0)
[Save Checkpoint] epoch: [27.0], Train: total:-1534.24255, BCE:-11.31037, KLD:0.00000,Test: total:-60.42319, BCE:-11.49897, KLD:0.00000
=> saved checkpoint 'checkpoints_CNN/mnist_encoder_struct_reconstruction_s30_Hmg_dst_3_PT/last' (iter 7560, epoch 28.0)
=> saved checkpoint 'checkpoint_scores_CNN/mnist_encoder_struct_reconstruction_s30_Hmg_dst_3_PT/last' (iter 7560, epoch 28.0)
[Save Checkpoint] epoch: [28.0], Train: total:-1554.84863, BCE:-11.46264, KLD:0.00000,Test: total:-61.20333, BCE:-11.64316, KLD:0.00000
=> saved checkpoint 'checkpoints_CNN/mnist_encoder_struct_reconstruction_s30_Hmg_dst_3_PT/last' (iter 7830, epoch 29.0)
=> saved checkpoint 'checkpoint_scores_CNN/mnist_encoder_struct_reconstruction_s30_Hmg_dst_3_PT/last' (iter 7830, epoch 29.0)
[Save Checkpoint] epoch: [29.0], Train: total:-1603.55957, BCE:-11.82264, KLD:0.00000,Test: total:-63.11900, BCE:-12.00546, KLD:0.00000
=> saved checkpoint 'checkpoints_CNN/mnist_encoder_struct_reconstruction_s30_Hmg_dst_3_PT/last' (iter 8100, epoch 30.0)
=> saved checkpoint 'checkpoint_scores_CNN/mnist_encoder_struct_reconstruction_s30_Hmg_dst_3_PT/last' (iter 8100, epoch 30.0)
[Save Checkpoint] epoch: [30.0], Train: total:-1619.46936, BCE:-11.94060, KLD:0.00000,Test: total:-63.73500, BCE:-12.11743, KLD:0.00000
=> saved checkpoint 'checkpoints_CNN/mnist_encoder_struct_reconstruction_s30_Hmg_dst_3_PT/last' (iter 8370, epoch 31.0)
=> saved checkpoint 'checkpoint_scores_CNN/mnist_encoder_struct_reconstruction_s30_Hmg_dst_3_PT/last' (iter 8370, epoch 31.0)
[Save Checkpoint] epoch: [31.0], Train: total:-1603.05591, BCE:-11.81999, KLD:0.00000,Test: total:-63.11867, BCE:-11.99219, KLD:0.00000
=> saved checkpoint 'checkpoints_CNN/mnist_encoder_struct_reconstruction_s30_Hmg_dst_3_PT/last' (iter 8640, epoch 32.0)
=> saved checkpoint 'checkpoint_scores_CNN/mnist_encoder_struct_reconstruction_s30_Hmg_dst_3_PT/last' (iter 8640, epoch 32.0)
[Save Checkpoint] epoch: [32.0], Train: total:-1614.74390, BCE:-11.90765, KLD:0.00000,Test: total:-63.59816, BCE:-12.08171, KLD:0.00000
=> saved checkpoint 'checkpoints_CNN/mnist_encoder_struct_reconstruction_s30_Hmg_dst_3_PT/last' (iter 8910, epoch 33.0)
=> saved checkpoint 'checkpoint_scores_CNN/mnist_encoder_struct_reconstruction_s30_Hmg_dst_3_PT/last' (iter 8910, epoch 33.0)
[Save Checkpoint] epoch: [33.0], Train: total:-1631.05457, BCE:-12.02833, KLD:0.00000,Test: total:-64.16097, BCE:-12.19508, KLD:0.00000
=> saved checkpoint 'checkpoints_CNN/mnist_encoder_struct_reconstruction_s30_Hmg_dst_3_PT/last' (iter 9180, epoch 34.0)
=> saved checkpoint 'checkpoint_scores_CNN/mnist_encoder_struct_reconstruction_s30_Hmg_dst_3_PT/last' (iter 9180, epoch 34.0)
EarlyStopping counter: 1 out of 25
[Save Checkpoint] epoch: [34.0], Train: total:-1631.49597, BCE:-12.03310, KLD:0.00000,Test: total:-64.16256, BCE:-12.20182, KLD:0.00000
=> saved checkpoint 'checkpoints_CNN/mnist_encoder_struct_reconstruction_s30_Hmg_dst_3_PT/last' (iter 9450, epoch 35.0)
=> saved checkpoint 'checkpoint_scores_CNN/mnist_encoder_struct_reconstruction_s30_Hmg_dst_3_PT/last' (iter 9450, epoch 35.0)
[Save Checkpoint] epoch: [35.0], Train: total:-1661.07141, BCE:-12.25171, KLD:0.00000,Test: total:-65.35049, BCE:-12.42742, KLD:0.00000
=> saved checkpoint 'checkpoints_CNN/mnist_encoder_struct_reconstruction_s30_Hmg_dst_3_PT/last' (iter 9720, epoch 36.0)
=> saved checkpoint 'checkpoint_scores_CNN/mnist_encoder_struct_reconstruction_s30_Hmg_dst_3_PT/last' (iter 9720, epoch 36.0)
[Save Checkpoint] epoch: [36.0], Train: total:-1648.49939, BCE:-12.15940, KLD:0.00000,Test: total:-64.81673, BCE:-12.32767, KLD:0.00000
=> saved checkpoint 'checkpoints_CNN/mnist_encoder_struct_reconstruction_s30_Hmg_dst_3_PT/last' (iter 9990, epoch 37.0)
=> saved checkpoint 'checkpoint_scores_CNN/mnist_encoder_struct_reconstruction_s30_Hmg_dst_3_PT/last' (iter 9990, epoch 37.0)
[Save Checkpoint] epoch: [37.0], Train: total:-1684.68286, BCE:-12.42691, KLD:0.00000,Test: total:-66.27761, BCE:-12.60601, KLD:0.00000
=> saved checkpoint 'checkpoints_CNN/mnist_encoder_struct_reconstruction_s30_Hmg_dst_3_PT/last' (iter 10260, epoch 38.0)
=> saved checkpoint 'checkpoint_scores_CNN/mnist_encoder_struct_reconstruction_s30_Hmg_dst_3_PT/last' (iter 10260, epoch 38.0)
EarlyStopping counter: 1 out of 25
[Save Checkpoint] epoch: [38.0], Train: total:-1643.82764, BCE:-12.12643, KLD:0.00000,Test: total:-64.74200, BCE:-12.30599, KLD:0.00000
=> saved checkpoint 'checkpoints_CNN/mnist_encoder_struct_reconstruction_s30_Hmg_dst_3_PT/last' (iter 10530, epoch 39.0)
=> saved checkpoint 'checkpoint_scores_CNN/mnist_encoder_struct_reconstruction_s30_Hmg_dst_3_PT/last' (iter 10530, epoch 39.0)
EarlyStopping counter: 2 out of 25
[Save Checkpoint] epoch: [39.0], Train: total:-1623.70581, BCE:-11.97970, KLD:0.00000,Test: total:-63.91474, BCE:-12.15499, KLD:0.00000
=> saved checkpoint 'checkpoints_CNN/mnist_encoder_struct_reconstruction_s30_Hmg_dst_3_PT/last' (iter 10800, epoch 40.0)
=> saved checkpoint 'checkpoint_scores_CNN/mnist_encoder_struct_reconstruction_s30_Hmg_dst_3_PT/last' (iter 10800, epoch 40.0)
EarlyStopping counter: 3 out of 25
[Save Checkpoint] epoch: [40.0], Train: total:-1650.00415, BCE:-12.17169, KLD:0.00000,Test: total:-64.90919, BCE:-12.34135, KLD:0.00000
=> saved checkpoint 'checkpoints_CNN/mnist_encoder_struct_reconstruction_s30_Hmg_dst_3_PT/last' (iter 11070, epoch 41.0)
=> saved checkpoint 'checkpoint_scores_CNN/mnist_encoder_struct_reconstruction_s30_Hmg_dst_3_PT/last' (iter 11070, epoch 41.0)
EarlyStopping counter: 4 out of 25
[Save Checkpoint] epoch: [41.0], Train: total:-1640.55713, BCE:-12.10109, KLD:0.00000,Test: total:-64.50024, BCE:-12.27843, KLD:0.00000
Epoch    42: reducing learning rate of group 0 to 2.0000e-04.
=> saved checkpoint 'checkpoints_CNN/mnist_encoder_struct_reconstruction_s30_Hmg_dst_3_PT/last' (iter 11340, epoch 42.0)
=> saved checkpoint 'checkpoint_scores_CNN/mnist_encoder_struct_reconstruction_s30_Hmg_dst_3_PT/last' (iter 11340, epoch 42.0)
[Save Checkpoint] epoch: [42.0], Train: total:-1654.74731, BCE:-12.20532, KLD:0.00000,Test: total:-64.96200, BCE:-12.39625, KLD:0.00000
=> saved checkpoint 'checkpoints_CNN/mnist_encoder_struct_reconstruction_s30_Hmg_dst_3_PT/last' (iter 11610, epoch 43.0)
=> saved checkpoint 'checkpoint_scores_CNN/mnist_encoder_struct_reconstruction_s30_Hmg_dst_3_PT/last' (iter 11610, epoch 43.0)
[Save Checkpoint] epoch: [43.0], Train: total:-1687.29773, BCE:-12.45193, KLD:0.00000,Test: total:-66.57442, BCE:-12.62107, KLD:0.00000
=> saved checkpoint 'checkpoints_CNN/mnist_encoder_struct_reconstruction_s30_Hmg_dst_3_PT/last' (iter 11880, epoch 44.0)
=> saved checkpoint 'checkpoint_scores_CNN/mnist_encoder_struct_reconstruction_s30_Hmg_dst_3_PT/last' (iter 11880, epoch 44.0)
[Save Checkpoint] epoch: [44.0], Train: total:-1694.81616, BCE:-12.50657, KLD:0.00000,Test: total:-66.86095, BCE:-12.67595, KLD:0.00000
=> saved checkpoint 'checkpoints_CNN/mnist_encoder_struct_reconstruction_s30_Hmg_dst_3_PT/last' (iter 12150, epoch 45.0)
=> saved checkpoint 'checkpoint_scores_CNN/mnist_encoder_struct_reconstruction_s30_Hmg_dst_3_PT/last' (iter 12150, epoch 45.0)
[Save Checkpoint] epoch: [45.0], Train: total:-1688.82153, BCE:-12.46267, KLD:0.00000,Test: total:-66.61131, BCE:-12.62738, KLD:0.00000
=> saved checkpoint 'checkpoints_CNN/mnist_encoder_struct_reconstruction_s30_Hmg_dst_3_PT/last' (iter 12420, epoch 46.0)
=> saved checkpoint 'checkpoint_scores_CNN/mnist_encoder_struct_reconstruction_s30_Hmg_dst_3_PT/last' (iter 12420, epoch 46.0)
[Save Checkpoint] epoch: [46.0], Train: total:-1688.53931, BCE:-12.46066, KLD:0.00000,Test: total:-66.59586, BCE:-12.62267, KLD:0.00000
=> saved checkpoint 'checkpoints_CNN/mnist_encoder_struct_reconstruction_s30_Hmg_dst_3_PT/last' (iter 12690, epoch 47.0)
=> saved checkpoint 'checkpoint_scores_CNN/mnist_encoder_struct_reconstruction_s30_Hmg_dst_3_PT/last' (iter 12690, epoch 47.0)
[Save Checkpoint] epoch: [47.0], Train: total:-1679.35413, BCE:-12.39286, KLD:0.00000,Test: total:-66.24030, BCE:-12.55486, KLD:0.00000
=> saved checkpoint 'checkpoints_CNN/mnist_encoder_struct_reconstruction_s30_Hmg_dst_3_PT/last' (iter 12960, epoch 48.0)
=> saved checkpoint 'checkpoint_scores_CNN/mnist_encoder_struct_reconstruction_s30_Hmg_dst_3_PT/last' (iter 12960, epoch 48.0)
[Save Checkpoint] epoch: [48.0], Train: total:-1670.52954, BCE:-12.32781, KLD:0.00000,Test: total:-65.89058, BCE:-12.48634, KLD:0.00000
=> saved checkpoint 'checkpoints_CNN/mnist_encoder_struct_reconstruction_s30_Hmg_dst_3_PT/last' (iter 13230, epoch 49.0)
=> saved checkpoint 'checkpoint_scores_CNN/mnist_encoder_struct_reconstruction_s30_Hmg_dst_3_PT/last' (iter 13230, epoch 49.0)
[Save Checkpoint] epoch: [49.0], Train: total:-1670.22961, BCE:-12.32561, KLD:0.00000,Test: total:-65.86832, BCE:-12.48136, KLD:0.00000
=> saved checkpoint 'checkpoints_CNN/mnist_encoder_struct_reconstruction_s30_Hmg_dst_3_PT/last' (iter 13500, epoch 50.0)
=> saved checkpoint 'checkpoint_scores_CNN/mnist_encoder_struct_reconstruction_s30_Hmg_dst_3_PT/last' (iter 13500, epoch 50.0)
[Save Checkpoint] epoch: [50.0], Train: total:-1664.59241, BCE:-12.28435, KLD:0.00000,Test: total:-65.64235, BCE:-12.43809, KLD:0.00000
=> saved checkpoint 'checkpoints_CNN/mnist_encoder_struct_reconstruction_s30_Hmg_dst_3_PT/last' (iter 13770, epoch 51.0)
=> saved checkpoint 'checkpoint_scores_CNN/mnist_encoder_struct_reconstruction_s30_Hmg_dst_3_PT/last' (iter 13770, epoch 51.0)
[Save Checkpoint] epoch: [51.0], Train: total:-1664.96765, BCE:-12.28680, KLD:0.00000,Test: total:-65.63903, BCE:-12.43846, KLD:0.00000
=> saved checkpoint 'checkpoints_CNN/mnist_encoder_struct_reconstruction_s30_Hmg_dst_3_PT/last' (iter 14040, epoch 52.0)
=> saved checkpoint 'checkpoint_scores_CNN/mnist_encoder_struct_reconstruction_s30_Hmg_dst_3_PT/last' (iter 14040, epoch 52.0)
[Save Checkpoint] epoch: [52.0], Train: total:-1663.50061, BCE:-12.27682, KLD:0.00000,Test: total:-65.56676, BCE:-12.42533, KLD:0.00000
=> saved checkpoint 'checkpoints_CNN/mnist_encoder_struct_reconstruction_s30_Hmg_dst_3_PT/last' (iter 14310, epoch 53.0)
=> saved checkpoint 'checkpoint_scores_CNN/mnist_encoder_struct_reconstruction_s30_Hmg_dst_3_PT/last' (iter 14310, epoch 53.0)
[Save Checkpoint] epoch: [53.0], Train: total:-1664.11743, BCE:-12.28115, KLD:0.00000,Test: total:-65.58181, BCE:-12.42746, KLD:0.00000
=> saved checkpoint 'checkpoints_CNN/mnist_encoder_struct_reconstruction_s30_Hmg_dst_3_PT/last' (iter 14580, epoch 54.0)
=> saved checkpoint 'checkpoint_scores_CNN/mnist_encoder_struct_reconstruction_s30_Hmg_dst_3_PT/last' (iter 14580, epoch 54.0)
[Save Checkpoint] epoch: [54.0], Train: total:-1664.17932, BCE:-12.28192, KLD:0.00000,Test: total:-65.58569, BCE:-12.42491, KLD:0.00000
=> saved checkpoint 'checkpoints_CNN/mnist_encoder_struct_reconstruction_s30_Hmg_dst_3_PT/last' (iter 14850, epoch 55.0)
=> saved checkpoint 'checkpoint_scores_CNN/mnist_encoder_struct_reconstruction_s30_Hmg_dst_3_PT/last' (iter 14850, epoch 55.0)
[Save Checkpoint] epoch: [55.0], Train: total:-1665.66272, BCE:-12.29350, KLD:0.00000,Test: total:-65.62341, BCE:-12.43303, KLD:0.00000
=> saved checkpoint 'checkpoints_CNN/mnist_encoder_struct_reconstruction_s30_Hmg_dst_3_PT/last' (iter 15120, epoch 56.0)
=> saved checkpoint 'checkpoint_scores_CNN/mnist_encoder_struct_reconstruction_s30_Hmg_dst_3_PT/last' (iter 15120, epoch 56.0)
[Save Checkpoint] epoch: [56.0], Train: total:-1670.19385, BCE:-12.32741, KLD:0.00000,Test: total:-65.79859, BCE:-12.46596, KLD:0.00000
=> saved checkpoint 'checkpoints_CNN/mnist_encoder_struct_reconstruction_s30_Hmg_dst_3_PT/last' (iter 15390, epoch 57.0)
=> saved checkpoint 'checkpoint_scores_CNN/mnist_encoder_struct_reconstruction_s30_Hmg_dst_3_PT/last' (iter 15390, epoch 57.0)
[Save Checkpoint] epoch: [57.0], Train: total:-1669.97961, BCE:-12.32604, KLD:0.00000,Test: total:-65.77527, BCE:-12.46194, KLD:0.00000
=> saved checkpoint 'checkpoints_CNN/mnist_encoder_struct_reconstruction_s30_Hmg_dst_3_PT/last' (iter 15660, epoch 58.0)
=> saved checkpoint 'checkpoint_scores_CNN/mnist_encoder_struct_reconstruction_s30_Hmg_dst_3_PT/last' (iter 15660, epoch 58.0)
[Save Checkpoint] epoch: [58.0], Train: total:-1675.04797, BCE:-12.36348, KLD:0.00000,Test: total:-65.96697, BCE:-12.49688, KLD:0.00000
=> saved checkpoint 'checkpoints_CNN/mnist_encoder_struct_reconstruction_s30_Hmg_dst_3_PT/last' (iter 15930, epoch 59.0)
=> saved checkpoint 'checkpoint_scores_CNN/mnist_encoder_struct_reconstruction_s30_Hmg_dst_3_PT/last' (iter 15930, epoch 59.0)
[Save Checkpoint] epoch: [59.0], Train: total:-1678.17468, BCE:-12.38688, KLD:0.00000,Test: total:-66.08178, BCE:-12.51848, KLD:0.00000
=> saved checkpoint 'checkpoints_CNN/mnist_encoder_struct_reconstruction_s30_Hmg_dst_3_PT/last' (iter 16200, epoch 60.0)
=> saved checkpoint 'checkpoint_scores_CNN/mnist_encoder_struct_reconstruction_s30_Hmg_dst_3_PT/last' (iter 16200, epoch 60.0)
[Save Checkpoint] epoch: [60.0], Train: total:-1679.01050, BCE:-12.39314, KLD:0.00000,Test: total:-66.10729, BCE:-12.52365, KLD:0.00000
=> saved checkpoint 'checkpoints_CNN/mnist_encoder_struct_reconstruction_s30_Hmg_dst_3_PT/last' (iter 16470, epoch 61.0)
=> saved checkpoint 'checkpoint_scores_CNN/mnist_encoder_struct_reconstruction_s30_Hmg_dst_3_PT/last' (iter 16470, epoch 61.0)
[Save Checkpoint] epoch: [61.0], Train: total:-1681.02600, BCE:-12.40828, KLD:0.00000,Test: total:-66.17942, BCE:-12.53590, KLD:0.00000
=> saved checkpoint 'checkpoints_CNN/mnist_encoder_struct_reconstruction_s30_Hmg_dst_3_PT/last' (iter 16740, epoch 62.0)
=> saved checkpoint 'checkpoint_scores_CNN/mnist_encoder_struct_reconstruction_s30_Hmg_dst_3_PT/last' (iter 16740, epoch 62.0)
[Save Checkpoint] epoch: [62.0], Train: total:-1687.72925, BCE:-12.45790, KLD:0.00000,Test: total:-66.44228, BCE:-12.58339, KLD:0.00000
=> saved checkpoint 'checkpoints_CNN/mnist_encoder_struct_reconstruction_s30_Hmg_dst_3_PT/last' (iter 17010, epoch 63.0)
=> saved checkpoint 'checkpoint_scores_CNN/mnist_encoder_struct_reconstruction_s30_Hmg_dst_3_PT/last' (iter 17010, epoch 63.0)
[Save Checkpoint] epoch: [63.0], Train: total:-1689.86499, BCE:-12.47357, KLD:0.00000,Test: total:-66.52872, BCE:-12.59697, KLD:0.00000
=> saved checkpoint 'checkpoints_CNN/mnist_encoder_struct_reconstruction_s30_Hmg_dst_3_PT/last' (iter 17280, epoch 64.0)
=> saved checkpoint 'checkpoint_scores_CNN/mnist_encoder_struct_reconstruction_s30_Hmg_dst_3_PT/last' (iter 17280, epoch 64.0)
[Save Checkpoint] epoch: [64.0], Train: total:-1693.30688, BCE:-12.49926, KLD:0.00000,Test: total:-66.67437, BCE:-12.62291, KLD:0.00000
=> saved checkpoint 'checkpoints_CNN/mnist_encoder_struct_reconstruction_s30_Hmg_dst_3_PT/last' (iter 17550, epoch 65.0)
=> saved checkpoint 'checkpoint_scores_CNN/mnist_encoder_struct_reconstruction_s30_Hmg_dst_3_PT/last' (iter 17550, epoch 65.0)
[Save Checkpoint] epoch: [65.0], Train: total:-1697.66003, BCE:-12.53191, KLD:0.00000,Test: total:-66.83442, BCE:-12.65275, KLD:0.00000
=> saved checkpoint 'checkpoints_CNN/mnist_encoder_struct_reconstruction_s30_Hmg_dst_3_PT/last' (iter 17820, epoch 66.0)
=> saved checkpoint 'checkpoint_scores_CNN/mnist_encoder_struct_reconstruction_s30_Hmg_dst_3_PT/last' (iter 17820, epoch 66.0)
[Save Checkpoint] epoch: [66.0], Train: total:-1696.46277, BCE:-12.52299, KLD:0.00000,Test: total:-66.78509, BCE:-12.64435, KLD:0.00000
=> saved checkpoint 'checkpoints_CNN/mnist_encoder_struct_reconstruction_s30_Hmg_dst_3_PT/last' (iter 18090, epoch 67.0)
=> saved checkpoint 'checkpoint_scores_CNN/mnist_encoder_struct_reconstruction_s30_Hmg_dst_3_PT/last' (iter 18090, epoch 67.0)
[Save Checkpoint] epoch: [67.0], Train: total:-1700.46265, BCE:-12.55277, KLD:0.00000,Test: total:-66.92579, BCE:-12.67263, KLD:0.00000
=> saved checkpoint 'checkpoints_CNN/mnist_encoder_struct_reconstruction_s30_Hmg_dst_3_PT/last' (iter 18360, epoch 68.0)
=> saved checkpoint 'checkpoint_scores_CNN/mnist_encoder_struct_reconstruction_s30_Hmg_dst_3_PT/last' (iter 18360, epoch 68.0)
[Save Checkpoint] epoch: [68.0], Train: total:-1702.89758, BCE:-12.57110, KLD:0.00000,Test: total:-67.02002, BCE:-12.69024, KLD:0.00000
=> saved checkpoint 'checkpoints_CNN/mnist_encoder_struct_reconstruction_s30_Hmg_dst_3_PT/last' (iter 18630, epoch 69.0)
=> saved checkpoint 'checkpoint_scores_CNN/mnist_encoder_struct_reconstruction_s30_Hmg_dst_3_PT/last' (iter 18630, epoch 69.0)
[Save Checkpoint] epoch: [69.0], Train: total:-1704.55408, BCE:-12.58272, KLD:0.00000,Test: total:-67.08584, BCE:-12.70277, KLD:0.00000
=> saved checkpoint 'checkpoints_CNN/mnist_encoder_struct_reconstruction_s30_Hmg_dst_3_PT/last' (iter 18900, epoch 70.0)
=> saved checkpoint 'checkpoint_scores_CNN/mnist_encoder_struct_reconstruction_s30_Hmg_dst_3_PT/last' (iter 18900, epoch 70.0)
[Save Checkpoint] epoch: [70.0], Train: total:-1712.53210, BCE:-12.64153, KLD:0.00000,Test: total:-67.39225, BCE:-12.76071, KLD:0.00000
=> saved checkpoint 'checkpoints_CNN/mnist_encoder_struct_reconstruction_s30_Hmg_dst_3_PT/last' (iter 19170, epoch 71.0)
=> saved checkpoint 'checkpoint_scores_CNN/mnist_encoder_struct_reconstruction_s30_Hmg_dst_3_PT/last' (iter 19170, epoch 71.0)
[Save Checkpoint] epoch: [71.0], Train: total:-1708.98596, BCE:-12.61547, KLD:0.00000,Test: total:-67.24384, BCE:-12.73196, KLD:0.00000
=> saved checkpoint 'checkpoints_CNN/mnist_encoder_struct_reconstruction_s30_Hmg_dst_3_PT/last' (iter 19440, epoch 72.0)
=> saved checkpoint 'checkpoint_scores_CNN/mnist_encoder_struct_reconstruction_s30_Hmg_dst_3_PT/last' (iter 19440, epoch 72.0)
[Save Checkpoint] epoch: [72.0], Train: total:-1711.78430, BCE:-12.63633, KLD:0.00000,Test: total:-67.35357, BCE:-12.75198, KLD:0.00000
=> saved checkpoint 'checkpoints_CNN/mnist_encoder_struct_reconstruction_s30_Hmg_dst_3_PT/last' (iter 19710, epoch 73.0)
=> saved checkpoint 'checkpoint_scores_CNN/mnist_encoder_struct_reconstruction_s30_Hmg_dst_3_PT/last' (iter 19710, epoch 73.0)
[Save Checkpoint] epoch: [73.0], Train: total:-1714.77161, BCE:-12.65869, KLD:0.00000,Test: total:-67.46099, BCE:-12.77214, KLD:0.00000
=> saved checkpoint 'checkpoints_CNN/mnist_encoder_struct_reconstruction_s30_Hmg_dst_3_PT/last' (iter 19980, epoch 74.0)
=> saved checkpoint 'checkpoint_scores_CNN/mnist_encoder_struct_reconstruction_s30_Hmg_dst_3_PT/last' (iter 19980, epoch 74.0)
[Save Checkpoint] epoch: [74.0], Train: total:-1717.21082, BCE:-12.67657, KLD:0.00000,Test: total:-67.55246, BCE:-12.78887, KLD:0.00000
=> saved checkpoint 'checkpoints_CNN/mnist_encoder_struct_reconstruction_s30_Hmg_dst_3_PT/last' (iter 20250, epoch 75.0)
=> saved checkpoint 'checkpoint_scores_CNN/mnist_encoder_struct_reconstruction_s30_Hmg_dst_3_PT/last' (iter 20250, epoch 75.0)
[Save Checkpoint] epoch: [75.0], Train: total:-1714.96252, BCE:-12.66025, KLD:0.00000,Test: total:-67.44897, BCE:-12.76891, KLD:0.00000
=> saved checkpoint 'checkpoints_CNN/mnist_encoder_struct_reconstruction_s30_Hmg_dst_3_PT/last' (iter 20520, epoch 76.0)
=> saved checkpoint 'checkpoint_scores_CNN/mnist_encoder_struct_reconstruction_s30_Hmg_dst_3_PT/last' (iter 20520, epoch 76.0)
[Save Checkpoint] epoch: [76.0], Train: total:-1716.57361, BCE:-12.67236, KLD:0.00000,Test: total:-67.53471, BCE:-12.78204, KLD:0.00000
=> saved checkpoint 'checkpoints_CNN/mnist_encoder_struct_reconstruction_s30_Hmg_dst_3_PT/last' (iter 20790, epoch 77.0)
=> saved checkpoint 'checkpoint_scores_CNN/mnist_encoder_struct_reconstruction_s30_Hmg_dst_3_PT/last' (iter 20790, epoch 77.0)
[Save Checkpoint] epoch: [77.0], Train: total:-1715.46826, BCE:-12.66409, KLD:0.00000,Test: total:-67.50559, BCE:-12.77449, KLD:0.00000
=> saved checkpoint 'checkpoints_CNN/mnist_encoder_struct_reconstruction_s30_Hmg_dst_3_PT/last' (iter 21060, epoch 78.0)
=> saved checkpoint 'checkpoint_scores_CNN/mnist_encoder_struct_reconstruction_s30_Hmg_dst_3_PT/last' (iter 21060, epoch 78.0)
[Save Checkpoint] epoch: [78.0], Train: total:-1716.42969, BCE:-12.67114, KLD:0.00000,Test: total:-67.53266, BCE:-12.78031, KLD:0.00000
=> saved checkpoint 'checkpoints_CNN/mnist_encoder_struct_reconstruction_s30_Hmg_dst_3_PT/last' (iter 21330, epoch 79.0)
=> saved checkpoint 'checkpoint_scores_CNN/mnist_encoder_struct_reconstruction_s30_Hmg_dst_3_PT/last' (iter 21330, epoch 79.0)
[Save Checkpoint] epoch: [79.0], Train: total:-1718.42627, BCE:-12.68573, KLD:0.00000,Test: total:-67.61328, BCE:-12.79371, KLD:0.00000
=> saved checkpoint 'checkpoints_CNN/mnist_encoder_struct_reconstruction_s30_Hmg_dst_3_PT/last' (iter 21600, epoch 80.0)
=> saved checkpoint 'checkpoint_scores_CNN/mnist_encoder_struct_reconstruction_s30_Hmg_dst_3_PT/last' (iter 21600, epoch 80.0)
[Save Checkpoint] epoch: [80.0], Train: total:-1722.48157, BCE:-12.71559, KLD:0.00000,Test: total:-67.75358, BCE:-12.82087, KLD:0.00000
=> saved checkpoint 'checkpoints_CNN/mnist_encoder_struct_reconstruction_s30_Hmg_dst_3_PT/last' (iter 21870, epoch 81.0)
=> saved checkpoint 'checkpoint_scores_CNN/mnist_encoder_struct_reconstruction_s30_Hmg_dst_3_PT/last' (iter 21870, epoch 81.0)
[Save Checkpoint] epoch: [81.0], Train: total:-1724.13513, BCE:-12.72786, KLD:0.00000,Test: total:-67.80560, BCE:-12.83163, KLD:0.00000
=> saved checkpoint 'checkpoints_CNN/mnist_encoder_struct_reconstruction_s30_Hmg_dst_3_PT/last' (iter 22140, epoch 82.0)
=> saved checkpoint 'checkpoint_scores_CNN/mnist_encoder_struct_reconstruction_s30_Hmg_dst_3_PT/last' (iter 22140, epoch 82.0)
EarlyStopping counter: 1 out of 25
[Save Checkpoint] epoch: [82.0], Train: total:-1723.37622, BCE:-12.72200, KLD:0.00000,Test: total:-67.77120, BCE:-12.82457, KLD:0.00000
=> saved checkpoint 'checkpoints_CNN/mnist_encoder_struct_reconstruction_s30_Hmg_dst_3_PT/last' (iter 22410, epoch 83.0)
=> saved checkpoint 'checkpoint_scores_CNN/mnist_encoder_struct_reconstruction_s30_Hmg_dst_3_PT/last' (iter 22410, epoch 83.0)
[Save Checkpoint] epoch: [83.0], Train: total:-1727.52661, BCE:-12.75315, KLD:0.00000,Test: total:-67.92143, BCE:-12.85388, KLD:0.00000
=> saved checkpoint 'checkpoints_CNN/mnist_encoder_struct_reconstruction_s30_Hmg_dst_3_PT/last' (iter 22680, epoch 84.0)
=> saved checkpoint 'checkpoint_scores_CNN/mnist_encoder_struct_reconstruction_s30_Hmg_dst_3_PT/last' (iter 22680, epoch 84.0)
EarlyStopping counter: 1 out of 25
[Save Checkpoint] epoch: [84.0], Train: total:-1725.81592, BCE:-12.74038, KLD:0.00000,Test: total:-67.85653, BCE:-12.84083, KLD:0.00000
=> saved checkpoint 'checkpoints_CNN/mnist_encoder_struct_reconstruction_s30_Hmg_dst_3_PT/last' (iter 22950, epoch 85.0)
=> saved checkpoint 'checkpoint_scores_CNN/mnist_encoder_struct_reconstruction_s30_Hmg_dst_3_PT/last' (iter 22950, epoch 85.0)
EarlyStopping counter: 2 out of 25
[Save Checkpoint] epoch: [85.0], Train: total:-1727.12830, BCE:-12.74989, KLD:0.00000,Test: total:-67.88863, BCE:-12.84868, KLD:0.00000
=> saved checkpoint 'checkpoints_CNN/mnist_encoder_struct_reconstruction_s30_Hmg_dst_3_PT/last' (iter 23220, epoch 86.0)
=> saved checkpoint 'checkpoint_scores_CNN/mnist_encoder_struct_reconstruction_s30_Hmg_dst_3_PT/last' (iter 23220, epoch 86.0)
[Save Checkpoint] epoch: [86.0], Train: total:-1724.47070, BCE:-12.73075, KLD:0.00000,Test: total:-67.77746, BCE:-12.82532, KLD:0.00000
=> saved checkpoint 'checkpoints_CNN/mnist_encoder_struct_reconstruction_s30_Hmg_dst_3_PT/last' (iter 23490, epoch 87.0)
=> saved checkpoint 'checkpoint_scores_CNN/mnist_encoder_struct_reconstruction_s30_Hmg_dst_3_PT/last' (iter 23490, epoch 87.0)
[Save Checkpoint] epoch: [87.0], Train: total:-1724.35803, BCE:-12.72999, KLD:0.00000,Test: total:-67.77865, BCE:-12.82590, KLD:0.00000
=> saved checkpoint 'checkpoints_CNN/mnist_encoder_struct_reconstruction_s30_Hmg_dst_3_PT/last' (iter 23760, epoch 88.0)
=> saved checkpoint 'checkpoint_scores_CNN/mnist_encoder_struct_reconstruction_s30_Hmg_dst_3_PT/last' (iter 23760, epoch 88.0)
EarlyStopping counter: 1 out of 25
[Save Checkpoint] epoch: [88.0], Train: total:-1728.09961, BCE:-12.75770, KLD:0.00000,Test: total:-67.88431, BCE:-12.84799, KLD:0.00000
=> saved checkpoint 'checkpoints_CNN/mnist_encoder_struct_reconstruction_s30_Hmg_dst_3_PT/last' (iter 24030, epoch 89.0)
=> saved checkpoint 'checkpoint_scores_CNN/mnist_encoder_struct_reconstruction_s30_Hmg_dst_3_PT/last' (iter 24030, epoch 89.0)
[Save Checkpoint] epoch: [89.0], Train: total:-1730.30884, BCE:-12.77408, KLD:0.00000,Test: total:-67.97378, BCE:-12.86748, KLD:0.00000
=> saved checkpoint 'checkpoints_CNN/mnist_encoder_struct_reconstruction_s30_Hmg_dst_3_PT/last' (iter 24300, epoch 90.0)
=> saved checkpoint 'checkpoint_scores_CNN/mnist_encoder_struct_reconstruction_s30_Hmg_dst_3_PT/last' (iter 24300, epoch 90.0)
EarlyStopping counter: 1 out of 25
[Save Checkpoint] epoch: [90.0], Train: total:-1735.18127, BCE:-12.81037, KLD:0.00000,Test: total:-68.14439, BCE:-12.89940, KLD:0.00000
=> saved checkpoint 'checkpoints_CNN/mnist_encoder_struct_reconstruction_s30_Hmg_dst_3_PT/last' (iter 24570, epoch 91.0)
=> saved checkpoint 'checkpoint_scores_CNN/mnist_encoder_struct_reconstruction_s30_Hmg_dst_3_PT/last' (iter 24570, epoch 91.0)
[Save Checkpoint] epoch: [91.0], Train: total:-1735.17090, BCE:-12.81040, KLD:0.00000,Test: total:-68.12475, BCE:-12.89887, KLD:0.00000
=> saved checkpoint 'checkpoints_CNN/mnist_encoder_struct_reconstruction_s30_Hmg_dst_3_PT/last' (iter 24840, epoch 92.0)
=> saved checkpoint 'checkpoint_scores_CNN/mnist_encoder_struct_reconstruction_s30_Hmg_dst_3_PT/last' (iter 24840, epoch 92.0)
[Save Checkpoint] epoch: [92.0], Train: total:-1739.50977, BCE:-12.84217, KLD:0.00000,Test: total:-68.30930, BCE:-12.93045, KLD:0.00000
=> saved checkpoint 'checkpoints_CNN/mnist_encoder_struct_reconstruction_s30_Hmg_dst_3_PT/last' (iter 25110, epoch 93.0)
=> saved checkpoint 'checkpoint_scores_CNN/mnist_encoder_struct_reconstruction_s30_Hmg_dst_3_PT/last' (iter 25110, epoch 93.0)
[Save Checkpoint] epoch: [93.0], Train: total:-1741.62024, BCE:-12.85818, KLD:0.00000,Test: total:-68.36926, BCE:-12.94428, KLD:0.00000
=> saved checkpoint 'checkpoints_CNN/mnist_encoder_struct_reconstruction_s30_Hmg_dst_3_PT/last' (iter 25380, epoch 94.0)
=> saved checkpoint 'checkpoint_scores_CNN/mnist_encoder_struct_reconstruction_s30_Hmg_dst_3_PT/last' (iter 25380, epoch 94.0)
[Save Checkpoint] epoch: [94.0], Train: total:-1745.85486, BCE:-12.88906, KLD:0.00000,Test: total:-68.53416, BCE:-12.97665, KLD:0.00000
=> saved checkpoint 'checkpoints_CNN/mnist_encoder_struct_reconstruction_s30_Hmg_dst_3_PT/last' (iter 25650, epoch 95.0)
=> saved checkpoint 'checkpoint_scores_CNN/mnist_encoder_struct_reconstruction_s30_Hmg_dst_3_PT/last' (iter 25650, epoch 95.0)
[Save Checkpoint] epoch: [95.0], Train: total:-1747.18640, BCE:-12.89909, KLD:0.00000,Test: total:-68.57477, BCE:-12.98520, KLD:0.00000
=> saved checkpoint 'checkpoints_CNN/mnist_encoder_struct_reconstruction_s30_Hmg_dst_3_PT/last' (iter 25920, epoch 96.0)
=> saved checkpoint 'checkpoint_scores_CNN/mnist_encoder_struct_reconstruction_s30_Hmg_dst_3_PT/last' (iter 25920, epoch 96.0)
[Save Checkpoint] epoch: [96.0], Train: total:-1752.21130, BCE:-12.93656, KLD:0.00000,Test: total:-68.78025, BCE:-13.02224, KLD:0.00000
=> saved checkpoint 'checkpoints_CNN/mnist_encoder_struct_reconstruction_s30_Hmg_dst_3_PT/last' (iter 26190, epoch 97.0)
=> saved checkpoint 'checkpoint_scores_CNN/mnist_encoder_struct_reconstruction_s30_Hmg_dst_3_PT/last' (iter 26190, epoch 97.0)
[Save Checkpoint] epoch: [97.0], Train: total:-1749.25659, BCE:-12.91454, KLD:0.00000,Test: total:-68.68108, BCE:-13.00142, KLD:0.00000
=> saved checkpoint 'checkpoints_CNN/mnist_encoder_struct_reconstruction_s30_Hmg_dst_3_PT/last' (iter 26460, epoch 98.0)
=> saved checkpoint 'checkpoint_scores_CNN/mnist_encoder_struct_reconstruction_s30_Hmg_dst_3_PT/last' (iter 26460, epoch 98.0)
EarlyStopping counter: 1 out of 25
[Save Checkpoint] epoch: [98.0], Train: total:-1746.71960, BCE:-12.89575, KLD:0.00000,Test: total:-68.58140, BCE:-12.97954, KLD:0.00000
=> saved checkpoint 'checkpoints_CNN/mnist_encoder_struct_reconstruction_s30_Hmg_dst_3_PT/last' (iter 26730, epoch 99.0)
=> saved checkpoint 'checkpoint_scores_CNN/mnist_encoder_struct_reconstruction_s30_Hmg_dst_3_PT/last' (iter 26730, epoch 99.0)
[Save Checkpoint] epoch: [99.0], Train: total:-1747.61829, BCE:-12.90233, KLD:0.00000,Test: total:-68.63456, BCE:-12.98759, KLD:0.00000
=> saved checkpoint 'checkpoints_CNN/mnist_encoder_struct_reconstruction_s30_Hmg_dst_3_PT/last' (iter 27000, epoch 100.0)
=> saved checkpoint 'checkpoint_scores_CNN/mnist_encoder_struct_reconstruction_s30_Hmg_dst_3_PT/last' (iter 27000, epoch 100.0)
[Save Checkpoint] epoch: [100.0], Train: total:-1746.08948, BCE:-12.89143, KLD:0.00000,Test: total:-68.56178, BCE:-12.97653, KLD:0.00000
[Training Finished]
All done !
