15
--gpu_devices 0 --max_iter 100 --batch_size 32 --lr 1e-3 --use_scheduler True --use_VAE True --is_VAE_var True --z_var_size 10 --lambda_BCE 1 --beta 1 --var_second_cnn_block True --var_third_cnn_block False --other_architecture True --exp_name mnist_vae_var_kaggle_2cl_2
Namespace(BK_in_first_layer=True, BK_in_second_layer=False, BK_in_third_layer=False, BN=False, C_max=25, C_stop_iter=100000.0, E1_AE=False, E1_VAE=False, E1_conv=False, E1_dense=False, E1_second_conv=False, E1_second_conv_adapt=False, GMP=True, Hmg_dst_loss=False, IPC=False, L1_norm_act=False, L1_norm_weights=False, L3_without_random=False, LOG_DIR='logs', adapt_lr=False, add_classification_layer=True, add_linear_after_GMP=True, add_z_struct_bottleneck=False, alpha=32, batch_size=32, beta=1.0, beta1=0.9, beta2=0.999, big_kernel=False, big_kernel_size=8, binary_chain=False, binary_first_conv=False, binary_second_conv=False, binary_third_conv=False, binary_z=False, ckpt_dir='checkpoints_CNN', ckpt_dir_scores='checkpoint_scores_CNN', classif_layer_size=30, contrastive_loss=False, cuda=True, dataset='mnist', dataset_balanced=False, decoder_first_dense=36, decoder_kernel_size_1=4, decoder_kernel_size_2=3, decoder_kernel_size_3=4, decoder_n_filter_1=64, decoder_n_filter_2=64, decoder_n_filter_3=64, decoder_stride_1=2, decoder_stride_2=2, decoder_stride_3=1, diff_var=False, display_step=10000, dset_dir='data', exp_name='mnist_vae_var_kaggle_2cl_2', freeze_Encoder=True, gamma=1000, gpu_devices=[0], hidden_filters_layer1=32, hidden_filters_layer2=32, hidden_filters_layer3=32, image_size=64, intra_class_variance_loss=False, is_C=True, is_E1=False, is_VAE_var=True, is_binary_structural_latent=False, is_custom_model=False, is_custom_model_BK=False, is_default_model=False, is_encoder_struct=False, is_noise_stats=False, is_partial_rand_class=False, is_perturbed_score=False, is_zvar_sim_loss=False, just_train=False, kernel_size=4, kernel_size_1=4, kernel_size_2=4, kernel_size_3=4, lambda_BCE=1.0, lambda_Kl_struct=1, lambda_Kl_var=1, lambda_L1=0.01, lambda_VAE=1, lambda_class=1, lambda_contrastive_loss=1, lambda_distance_mean=1, lambda_hmg_dst=1, lambda_intra_class_var=1, lambda_partial_class=1, lambda_ratio_reg=1, lambda_recon_wt_rand=1, lambda_recons=1, lambda_var_distance=1, lambda_var_inter=1, lambda_var_intra=1, lambda_zvar_sim=1, latent_spec_cont=None, latent_spec_cont_class=None, latent_spec_cont_var=None, latent_spec_disc=None, latent_spec_disc_class=None, latent_spec_disc_var=None, log_level='info', loss='Proxy_Anchor', loss_distance_mean=False, loss_min_distance_cl=False, lr=0.001, max_iter=100.0, model='CNN', mrg=0.1, nb_epochs_train_only_zvar=0, num_workers=2, old_weighted=False, optimizer='adamw', other_architecture=True, other_ratio=False, random_percentage=0.2, random_seed=10, randomness=True, ratio_reg=False, remark='', save_step=10000, second_layer_C=False, seed=1, stride_size=1, sz_embedding=5, three_conv_layer=False, train=True, train_var_struct_alternatively=False, two_conv_layer=True, two_encoder=False, use_VAE=True, use_decoder=False, use_early_stopping=True, use_scheduler=True, use_structural_encoder=False, value_target_distance_mean=1, var_hidden_dim=256, var_hidden_filters_1=32, var_hidden_filters_2=32, var_hidden_filters_3=32, var_kernel_size_1=3, var_kernel_size_2=3, var_kernel_size_3=3, var_second_cnn_block=True, var_stride_size_1=1, var_stride_size_2=1, var_stride_size_3=1, var_third_cnn_block=False, var_three_conv_layer=False, warm=1, without_acc=False, z_struct_size=32, z_var_size=10, zeros_W_Classif=False, zvar_sim_change_zvar=False, zvar_sim_loss_for_all_model=False, zvar_sim_loss_only_for_encoder=False, zvar_sim_normal=False, zvar_sim_var_rand=False)
CUDA Visible devices !
[Using Seed: 10]
Load Encoder struct weights for VAE
use 1 gpu who named: Tesla V100-SXM2-32GB
=> loaded sample_scores and losses
=> no checkpoint found at 'checkpoints_CNN/mnist_vae_var_kaggle_2cl_2/last'
VAE_var(
  (encoder_var): Sequential(
    (0): Conv2d(1, 32, kernel_size=(3, 3), stride=(2, 2), padding=(1, 1))
    (1): ReLU(inplace=True)
    (2): BatchNorm2d(32, eps=1e-05, momentum=0.1, affine=True, track_running_stats=True)
    (3): Conv2d(32, 64, kernel_size=(3, 3), stride=(2, 2), padding=(1, 1))
    (4): ReLU(inplace=True)
    (5): BatchNorm2d(64, eps=1e-05, momentum=0.1, affine=True, track_running_stats=True)
    (6): View()
    (7): Dropout(p=0.4, inplace=False)
    (8): Linear(in_features=4096, out_features=128, bias=True)
    (9): ReLU(inplace=True)
    (10): Linear(in_features=128, out_features=20, bias=True)
  )
  (decoder_var): Sequential(
    (0): Linear(in_features=10, out_features=4096, bias=True)
    (1): ReLU(inplace=True)
    (2): View()
    (3): ConvTranspose2d(64, 64, kernel_size=(4, 4), stride=(2, 2), padding=(1, 1))
    (4): ReLU(inplace=True)
    (5): ConvTranspose2d(64, 32, kernel_size=(4, 4), stride=(2, 2), padding=(1, 1))
    (6): ReLU(inplace=True)
    (7): ConvTranspose2d(32, 1, kernel_size=(3, 3), stride=(1, 1), padding=(1, 1))
    (8): Sigmoid()
  )
)
The number of parameters of model is 689749
=> saved checkpoint 'checkpoints_CNN/mnist_vae_var_kaggle_2cl_2/last' (iter 1875, epoch 1.0)
=> saved checkpoint 'checkpoint_scores_CNN/mnist_vae_var_kaggle_2cl_2/last' (iter 1875, epoch 1.0)
[Save Checkpoint] epoch: [1.0], Train: total:2.27475, BCE:2.27473, KLD:0.00002,Test: total:2.51078, BCE:2.51024, KLD:0.00054
=> saved checkpoint 'checkpoints_CNN/mnist_vae_var_kaggle_2cl_2/last' (iter 3750, epoch 2.0)
=> saved checkpoint 'checkpoint_scores_CNN/mnist_vae_var_kaggle_2cl_2/last' (iter 3750, epoch 2.0)
EarlyStopping counter: 1 out of 20
[Save Checkpoint] epoch: [2.0], Train: total:2.43388, BCE:2.43388, KLD:0.00000,Test: total:2.79278, BCE:2.79272, KLD:0.00006
=> saved checkpoint 'checkpoints_CNN/mnist_vae_var_kaggle_2cl_2/last' (iter 5625, epoch 3.0)
=> saved checkpoint 'checkpoint_scores_CNN/mnist_vae_var_kaggle_2cl_2/last' (iter 5625, epoch 3.0)
[Save Checkpoint] epoch: [3.0], Train: total:2.56502, BCE:2.56502, KLD:0.00000,Test: total:2.92520, BCE:2.92520, KLD:0.00000
=> saved checkpoint 'checkpoints_CNN/mnist_vae_var_kaggle_2cl_2/last' (iter 7500, epoch 4.0)
=> saved checkpoint 'checkpoint_scores_CNN/mnist_vae_var_kaggle_2cl_2/last' (iter 7500, epoch 4.0)
EarlyStopping counter: 1 out of 20
[Save Checkpoint] epoch: [4.0], Train: total:2.67172, BCE:2.67172, KLD:0.00000,Test: total:3.01742, BCE:3.01733, KLD:0.00009
=> saved checkpoint 'checkpoints_CNN/mnist_vae_var_kaggle_2cl_2/last' (iter 9375, epoch 5.0)
=> saved checkpoint 'checkpoint_scores_CNN/mnist_vae_var_kaggle_2cl_2/last' (iter 9375, epoch 5.0)
EarlyStopping counter: 2 out of 20
[Save Checkpoint] epoch: [5.0], Train: total:2.74108, BCE:2.74107, KLD:0.00001,Test: total:3.14188, BCE:3.14170, KLD:0.00018
=> saved checkpoint 'checkpoints_CNN/mnist_vae_var_kaggle_2cl_2/last' (iter 11250, epoch 6.0)
=> saved checkpoint 'checkpoint_scores_CNN/mnist_vae_var_kaggle_2cl_2/last' (iter 11250, epoch 6.0)
EarlyStopping counter: 3 out of 20
[Save Checkpoint] epoch: [6.0], Train: total:2.84964, BCE:2.84963, KLD:0.00000,Test: total:3.25435, BCE:3.25424, KLD:0.00012
=> saved checkpoint 'checkpoints_CNN/mnist_vae_var_kaggle_2cl_2/last' (iter 13125, epoch 7.0)
=> saved checkpoint 'checkpoint_scores_CNN/mnist_vae_var_kaggle_2cl_2/last' (iter 13125, epoch 7.0)
EarlyStopping counter: 4 out of 20
[Save Checkpoint] epoch: [7.0], Train: total:2.89565, BCE:2.89565, KLD:-0.00000,Test: total:3.34423, BCE:3.34428, KLD:-0.00006
Epoch     8: reducing learning rate of group 0 to 2.0000e-04.
=> saved checkpoint 'checkpoints_CNN/mnist_vae_var_kaggle_2cl_2/last' (iter 15000, epoch 8.0)
=> saved checkpoint 'checkpoint_scores_CNN/mnist_vae_var_kaggle_2cl_2/last' (iter 15000, epoch 8.0)
EarlyStopping counter: 5 out of 20
[Save Checkpoint] epoch: [8.0], Train: total:2.94352, BCE:2.94352, KLD:-0.00000,Test: total:3.39718, BCE:3.39721, KLD:-0.00003
=> saved checkpoint 'checkpoints_CNN/mnist_vae_var_kaggle_2cl_2/last' (iter 16875, epoch 9.0)
=> saved checkpoint 'checkpoint_scores_CNN/mnist_vae_var_kaggle_2cl_2/last' (iter 16875, epoch 9.0)
EarlyStopping counter: 6 out of 20
[Save Checkpoint] epoch: [9.0], Train: total:2.96370, BCE:2.96370, KLD:0.00000,Test: total:3.39640, BCE:3.39637, KLD:0.00003
=> saved checkpoint 'checkpoints_CNN/mnist_vae_var_kaggle_2cl_2/last' (iter 18750, epoch 10.0)
=> saved checkpoint 'checkpoint_scores_CNN/mnist_vae_var_kaggle_2cl_2/last' (iter 18750, epoch 10.0)
EarlyStopping counter: 7 out of 20
[Save Checkpoint] epoch: [10.0], Train: total:2.96393, BCE:2.96393, KLD:0.00000,Test: total:3.41261, BCE:3.41255, KLD:0.00006
=> saved checkpoint 'checkpoints_CNN/mnist_vae_var_kaggle_2cl_2/last' (iter 20625, epoch 11.0)
=> saved checkpoint 'checkpoint_scores_CNN/mnist_vae_var_kaggle_2cl_2/last' (iter 20625, epoch 11.0)
EarlyStopping counter: 8 out of 20
[Save Checkpoint] epoch: [11.0], Train: total:2.96537, BCE:2.96537, KLD:0.00000,Test: total:3.45382, BCE:3.45376, KLD:0.00006
=> saved checkpoint 'checkpoints_CNN/mnist_vae_var_kaggle_2cl_2/last' (iter 22500, epoch 12.0)
=> saved checkpoint 'checkpoint_scores_CNN/mnist_vae_var_kaggle_2cl_2/last' (iter 22500, epoch 12.0)
EarlyStopping counter: 9 out of 20
[Save Checkpoint] epoch: [12.0], Train: total:2.99192, BCE:2.99191, KLD:0.00001,Test: total:3.45346, BCE:3.45325, KLD:0.00021
Epoch    13: reducing learning rate of group 0 to 4.0000e-05.
=> saved checkpoint 'checkpoints_CNN/mnist_vae_var_kaggle_2cl_2/last' (iter 24375, epoch 13.0)
=> saved checkpoint 'checkpoint_scores_CNN/mnist_vae_var_kaggle_2cl_2/last' (iter 24375, epoch 13.0)
EarlyStopping counter: 10 out of 20
[Save Checkpoint] epoch: [13.0], Train: total:2.98720, BCE:2.98720, KLD:0.00000,Test: total:3.53724, BCE:3.53718, KLD:0.00006
=> saved checkpoint 'checkpoints_CNN/mnist_vae_var_kaggle_2cl_2/last' (iter 26250, epoch 14.0)
=> saved checkpoint 'checkpoint_scores_CNN/mnist_vae_var_kaggle_2cl_2/last' (iter 26250, epoch 14.0)
EarlyStopping counter: 11 out of 20
[Save Checkpoint] epoch: [14.0], Train: total:3.00300, BCE:3.00299, KLD:0.00000,Test: total:3.48952, BCE:3.48937, KLD:0.00015
=> saved checkpoint 'checkpoints_CNN/mnist_vae_var_kaggle_2cl_2/last' (iter 28125, epoch 15.0)
=> saved checkpoint 'checkpoint_scores_CNN/mnist_vae_var_kaggle_2cl_2/last' (iter 28125, epoch 15.0)
EarlyStopping counter: 12 out of 20
[Save Checkpoint] epoch: [15.0], Train: total:2.98486, BCE:2.98486, KLD:0.00000,Test: total:3.50664, BCE:3.50652, KLD:0.00012
=> saved checkpoint 'checkpoints_CNN/mnist_vae_var_kaggle_2cl_2/last' (iter 30000, epoch 16.0)
=> saved checkpoint 'checkpoint_scores_CNN/mnist_vae_var_kaggle_2cl_2/last' (iter 30000, epoch 16.0)
EarlyStopping counter: 13 out of 20
[Save Checkpoint] epoch: [16.0], Train: total:2.99141, BCE:2.99141, KLD:-0.00000,Test: total:3.50949, BCE:3.50952, KLD:-0.00003
=> saved checkpoint 'checkpoints_CNN/mnist_vae_var_kaggle_2cl_2/last' (iter 31875, epoch 17.0)
=> saved checkpoint 'checkpoint_scores_CNN/mnist_vae_var_kaggle_2cl_2/last' (iter 31875, epoch 17.0)
EarlyStopping counter: 14 out of 20
[Save Checkpoint] epoch: [17.0], Train: total:2.97688, BCE:2.97688, KLD:0.00000,Test: total:3.52428, BCE:3.52428, KLD:0.00000
=> saved checkpoint 'checkpoints_CNN/mnist_vae_var_kaggle_2cl_2/last' (iter 33750, epoch 18.0)
=> saved checkpoint 'checkpoint_scores_CNN/mnist_vae_var_kaggle_2cl_2/last' (iter 33750, epoch 18.0)
[Save Checkpoint] epoch: [18.0], Train: total:2.92228, BCE:2.92228, KLD:0.00000,Test: total:3.49239, BCE:3.49233, KLD:0.00006
=> saved checkpoint 'checkpoints_CNN/mnist_vae_var_kaggle_2cl_2/last' (iter 35625, epoch 19.0)
=> saved checkpoint 'checkpoint_scores_CNN/mnist_vae_var_kaggle_2cl_2/last' (iter 35625, epoch 19.0)
EarlyStopping counter: 1 out of 20
[Save Checkpoint] epoch: [19.0], Train: total:2.83970, BCE:2.83970, KLD:0.00000,Test: total:3.37007, BCE:3.37004, KLD:0.00003
=> saved checkpoint 'checkpoints_CNN/mnist_vae_var_kaggle_2cl_2/last' (iter 37500, epoch 20.0)
=> saved checkpoint 'checkpoint_scores_CNN/mnist_vae_var_kaggle_2cl_2/last' (iter 37500, epoch 20.0)
EarlyStopping counter: 2 out of 20
[Save Checkpoint] epoch: [20.0], Train: total:2.79818, BCE:2.79818, KLD:-0.00000,Test: total:3.37390, BCE:3.37393, KLD:-0.00003
=> saved checkpoint 'checkpoints_CNN/mnist_vae_var_kaggle_2cl_2/last' (iter 39375, epoch 21.0)
=> saved checkpoint 'checkpoint_scores_CNN/mnist_vae_var_kaggle_2cl_2/last' (iter 39375, epoch 21.0)
EarlyStopping counter: 3 out of 20
[Save Checkpoint] epoch: [21.0], Train: total:2.71543, BCE:2.71544, KLD:-0.00000,Test: total:3.26674, BCE:3.26683, KLD:-0.00009
=> saved checkpoint 'checkpoints_CNN/mnist_vae_var_kaggle_2cl_2/last' (iter 41250, epoch 22.0)
=> saved checkpoint 'checkpoint_scores_CNN/mnist_vae_var_kaggle_2cl_2/last' (iter 41250, epoch 22.0)
EarlyStopping counter: 4 out of 20
[Save Checkpoint] epoch: [22.0], Train: total:2.65404, BCE:2.65404, KLD:0.00000,Test: total:3.22136, BCE:3.22127, KLD:0.00009
=> saved checkpoint 'checkpoints_CNN/mnist_vae_var_kaggle_2cl_2/last' (iter 43125, epoch 23.0)
=> saved checkpoint 'checkpoint_scores_CNN/mnist_vae_var_kaggle_2cl_2/last' (iter 43125, epoch 23.0)
[Save Checkpoint] epoch: [23.0], Train: total:2.56938, BCE:2.56938, KLD:0.00000,Test: total:3.15530, BCE:3.15521, KLD:0.00009
=> saved checkpoint 'checkpoints_CNN/mnist_vae_var_kaggle_2cl_2/last' (iter 45000, epoch 24.0)
=> saved checkpoint 'checkpoint_scores_CNN/mnist_vae_var_kaggle_2cl_2/last' (iter 45000, epoch 24.0)
EarlyStopping counter: 1 out of 20
[Save Checkpoint] epoch: [24.0], Train: total:2.46330, BCE:2.46330, KLD:-0.00000,Test: total:3.06896, BCE:3.06899, KLD:-0.00003
=> saved checkpoint 'checkpoints_CNN/mnist_vae_var_kaggle_2cl_2/last' (iter 46875, epoch 25.0)
=> saved checkpoint 'checkpoint_scores_CNN/mnist_vae_var_kaggle_2cl_2/last' (iter 46875, epoch 25.0)
EarlyStopping counter: 2 out of 20
[Save Checkpoint] epoch: [25.0], Train: total:2.41122, BCE:2.41122, KLD:0.00000,Test: total:2.97715, BCE:2.97715, KLD:0.00000
=> saved checkpoint 'checkpoints_CNN/mnist_vae_var_kaggle_2cl_2/last' (iter 48750, epoch 26.0)
=> saved checkpoint 'checkpoint_scores_CNN/mnist_vae_var_kaggle_2cl_2/last' (iter 48750, epoch 26.0)
EarlyStopping counter: 3 out of 20
[Save Checkpoint] epoch: [26.0], Train: total:2.34413, BCE:2.34413, KLD:-0.00000,Test: total:2.93167, BCE:2.93170, KLD:-0.00003
=> saved checkpoint 'checkpoints_CNN/mnist_vae_var_kaggle_2cl_2/last' (iter 50625, epoch 27.0)
=> saved checkpoint 'checkpoint_scores_CNN/mnist_vae_var_kaggle_2cl_2/last' (iter 50625, epoch 27.0)
EarlyStopping counter: 4 out of 20
[Save Checkpoint] epoch: [27.0], Train: total:2.30243, BCE:2.30243, KLD:-0.00000,Test: total:2.88208, BCE:2.88211, KLD:-0.00003
Epoch    28: reducing learning rate of group 0 to 8.0000e-06.
=> saved checkpoint 'checkpoints_CNN/mnist_vae_var_kaggle_2cl_2/last' (iter 52500, epoch 28.0)
=> saved checkpoint 'checkpoint_scores_CNN/mnist_vae_var_kaggle_2cl_2/last' (iter 52500, epoch 28.0)
EarlyStopping counter: 5 out of 20
[Save Checkpoint] epoch: [28.0], Train: total:2.26430, BCE:2.26430, KLD:0.00000,Test: total:2.84135, BCE:2.84126, KLD:0.00009
=> saved checkpoint 'checkpoints_CNN/mnist_vae_var_kaggle_2cl_2/last' (iter 54375, epoch 29.0)
=> saved checkpoint 'checkpoint_scores_CNN/mnist_vae_var_kaggle_2cl_2/last' (iter 54375, epoch 29.0)
EarlyStopping counter: 6 out of 20
[Save Checkpoint] epoch: [29.0], Train: total:2.24545, BCE:2.24545, KLD:0.00000,Test: total:2.82382, BCE:2.82379, KLD:0.00003
=> saved checkpoint 'checkpoints_CNN/mnist_vae_var_kaggle_2cl_2/last' (iter 56250, epoch 30.0)
=> saved checkpoint 'checkpoint_scores_CNN/mnist_vae_var_kaggle_2cl_2/last' (iter 56250, epoch 30.0)
EarlyStopping counter: 7 out of 20
[Save Checkpoint] epoch: [30.0], Train: total:2.22426, BCE:2.22426, KLD:0.00000,Test: total:2.81676, BCE:2.81673, KLD:0.00003
=> saved checkpoint 'checkpoints_CNN/mnist_vae_var_kaggle_2cl_2/last' (iter 58125, epoch 31.0)
=> saved checkpoint 'checkpoint_scores_CNN/mnist_vae_var_kaggle_2cl_2/last' (iter 58125, epoch 31.0)
EarlyStopping counter: 8 out of 20
[Save Checkpoint] epoch: [31.0], Train: total:2.23148, BCE:2.23148, KLD:0.00000,Test: total:2.82179, BCE:2.82179, KLD:0.00000
=> saved checkpoint 'checkpoints_CNN/mnist_vae_var_kaggle_2cl_2/last' (iter 60000, epoch 32.0)
=> saved checkpoint 'checkpoint_scores_CNN/mnist_vae_var_kaggle_2cl_2/last' (iter 60000, epoch 32.0)
EarlyStopping counter: 9 out of 20
[Save Checkpoint] epoch: [32.0], Train: total:2.23049, BCE:2.23049, KLD:-0.00000,Test: total:2.78232, BCE:2.78238, KLD:-0.00006
Epoch    33: reducing learning rate of group 0 to 1.6000e-06.
=> saved checkpoint 'checkpoints_CNN/mnist_vae_var_kaggle_2cl_2/last' (iter 61875, epoch 33.0)
=> saved checkpoint 'checkpoint_scores_CNN/mnist_vae_var_kaggle_2cl_2/last' (iter 61875, epoch 33.0)
EarlyStopping counter: 10 out of 20
[Save Checkpoint] epoch: [33.0], Train: total:2.21835, BCE:2.21835, KLD:0.00001,Test: total:2.78872, BCE:2.78854, KLD:0.00018
=> saved checkpoint 'checkpoints_CNN/mnist_vae_var_kaggle_2cl_2/last' (iter 63750, epoch 34.0)
=> saved checkpoint 'checkpoint_scores_CNN/mnist_vae_var_kaggle_2cl_2/last' (iter 63750, epoch 34.0)
EarlyStopping counter: 11 out of 20
[Save Checkpoint] epoch: [34.0], Train: total:2.22163, BCE:2.22164, KLD:-0.00001,Test: total:2.80040, BCE:2.80064, KLD:-0.00024
=> saved checkpoint 'checkpoints_CNN/mnist_vae_var_kaggle_2cl_2/last' (iter 65625, epoch 35.0)
=> saved checkpoint 'checkpoint_scores_CNN/mnist_vae_var_kaggle_2cl_2/last' (iter 65625, epoch 35.0)
EarlyStopping counter: 12 out of 20
[Save Checkpoint] epoch: [35.0], Train: total:2.21083, BCE:2.21083, KLD:0.00000,Test: total:2.79144, BCE:2.79141, KLD:0.00003
=> saved checkpoint 'checkpoints_CNN/mnist_vae_var_kaggle_2cl_2/last' (iter 67500, epoch 36.0)
=> saved checkpoint 'checkpoint_scores_CNN/mnist_vae_var_kaggle_2cl_2/last' (iter 67500, epoch 36.0)
EarlyStopping counter: 13 out of 20
[Save Checkpoint] epoch: [36.0], Train: total:2.21872, BCE:2.21872, KLD:-0.00000,Test: total:2.81824, BCE:2.81830, KLD:-0.00006
=> saved checkpoint 'checkpoints_CNN/mnist_vae_var_kaggle_2cl_2/last' (iter 69375, epoch 37.0)
=> saved checkpoint 'checkpoint_scores_CNN/mnist_vae_var_kaggle_2cl_2/last' (iter 69375, epoch 37.0)
EarlyStopping counter: 14 out of 20
[Save Checkpoint] epoch: [37.0], Train: total:2.21352, BCE:2.21351, KLD:0.00001,Test: total:2.80967, BCE:2.80946, KLD:0.00021
Epoch    38: reducing learning rate of group 0 to 1.0000e-06.
=> saved checkpoint 'checkpoints_CNN/mnist_vae_var_kaggle_2cl_2/last' (iter 71250, epoch 38.0)
=> saved checkpoint 'checkpoint_scores_CNN/mnist_vae_var_kaggle_2cl_2/last' (iter 71250, epoch 38.0)
EarlyStopping counter: 15 out of 20
[Save Checkpoint] epoch: [38.0], Train: total:2.22709, BCE:2.22708, KLD:0.00001,Test: total:2.82703, BCE:2.82682, KLD:0.00021
=> saved checkpoint 'checkpoints_CNN/mnist_vae_var_kaggle_2cl_2/last' (iter 73125, epoch 39.0)
=> saved checkpoint 'checkpoint_scores_CNN/mnist_vae_var_kaggle_2cl_2/last' (iter 73125, epoch 39.0)
EarlyStopping counter: 16 out of 20
[Save Checkpoint] epoch: [39.0], Train: total:2.21713, BCE:2.21713, KLD:0.00000,Test: total:2.78733, BCE:2.78724, KLD:0.00009
=> saved checkpoint 'checkpoints_CNN/mnist_vae_var_kaggle_2cl_2/last' (iter 75000, epoch 40.0)
=> saved checkpoint 'checkpoint_scores_CNN/mnist_vae_var_kaggle_2cl_2/last' (iter 75000, epoch 40.0)
EarlyStopping counter: 17 out of 20
[Save Checkpoint] epoch: [40.0], Train: total:2.21007, BCE:2.21007, KLD:0.00000,Test: total:2.80491, BCE:2.80482, KLD:0.00009
=> saved checkpoint 'checkpoints_CNN/mnist_vae_var_kaggle_2cl_2/last' (iter 76875, epoch 41.0)
=> saved checkpoint 'checkpoint_scores_CNN/mnist_vae_var_kaggle_2cl_2/last' (iter 76875, epoch 41.0)
EarlyStopping counter: 18 out of 20
[Save Checkpoint] epoch: [41.0], Train: total:2.20667, BCE:2.20667, KLD:0.00000,Test: total:2.78496, BCE:2.78493, KLD:0.00003
=> saved checkpoint 'checkpoints_CNN/mnist_vae_var_kaggle_2cl_2/last' (iter 78750, epoch 42.0)
=> saved checkpoint 'checkpoint_scores_CNN/mnist_vae_var_kaggle_2cl_2/last' (iter 78750, epoch 42.0)
EarlyStopping counter: 19 out of 20
[Save Checkpoint] epoch: [42.0], Train: total:2.21256, BCE:2.21256, KLD:0.00000,Test: total:2.78806, BCE:2.78803, KLD:0.00003
=> saved checkpoint 'checkpoints_CNN/mnist_vae_var_kaggle_2cl_2/last' (iter 80625, epoch 43.0)
=> saved checkpoint 'checkpoint_scores_CNN/mnist_vae_var_kaggle_2cl_2/last' (iter 80625, epoch 43.0)
EarlyStopping counter: 20 out of 20
[Save Checkpoint] epoch: [43.0], Train: total:2.19976, BCE:2.19976, KLD:0.00000,Test: total:2.78186, BCE:2.78183, KLD:0.00003
Early stopping
[Training Finished]
All done !
