5
--gpu_devices 0 --max_iter 100 --batch_size 250 --use_scheduler True --lr 1e-3 --GMP True --z_struct_size 15 --is_encoder_struct True --big_kernel_size 8 --two_conv_layer True --three_conv_layer True --kernel_size_1 4 --kernel_size_2 4 --kernel_size_3 4 --BK_in_first_layer True --BK_in_second_layer False --BK_in_third_layer False --stride_size 1 --hidden_filters_layer1 64 --hidden_filters_layer2 64 --hidden_filters_layer3 64 --lambda_class 1 --ratio_reg False --lambda_ratio_reg 1 --loss_min_distance_cl False --lambda_var_distance 1 --loss_distance_mean False --lambda_distance_mean 1 --Hmg_dst_loss False --lambda_hmg_dst 1 --dataset_balanced True --binary_z True --binary_first_conv False --binary_second_conv False --binary_third_conv True --add_dl_class True --hidden_dim 50 --exp_name mnist_struct_baseline_scheduler_binary_15_sdl_50
Namespace(BK_in_first_layer=True, BK_in_second_layer=False, BK_in_third_layer=False, BN=False, C_max=25, C_stop_iter=100000.0, E1_AE=False, E1_VAE=False, E1_conv=False, E1_dense=False, E1_second_conv=False, E1_second_conv_adapt=False, ES_reconstruction=False, EV_classifier=False, GMP=True, Hmg_dst_loss=False, IPC=False, L1_norm_act=False, L1_norm_weights=False, L3_without_random=False, LOG_DIR='logs', PT_model=False, PT_model_EV_classifier=False, adapt_lr=False, add_classification_layer=True, add_dl_class=True, add_linear_after_GMP=True, add_z_struct_bottleneck=False, alpha=32, batch_size=250, beta=1, beta1=0.9, beta2=0.999, big_kernel=False, big_kernel_size=8, binary_chain=False, binary_first_conv=False, binary_second_conv=False, binary_third_conv=True, binary_z=True, both_decoders_freeze=False, ckpt_dir='checkpoints_CNN', ckpt_dir_scores='checkpoint_scores_CNN', classif_layer_size=30, contrastive_loss=False, cuda=True, dataset='mnist', dataset_balanced=True, decoder_first_dense=36, decoder_kernel_size_1=4, decoder_kernel_size_2=3, decoder_kernel_size_3=4, decoder_n_filter_1=64, decoder_n_filter_2=64, decoder_n_filter_3=64, decoder_stride_1=2, decoder_stride_2=2, decoder_stride_3=1, diff_var=False, display_step=10000, dset_dir='data', encoder_struct_name='mnist_struct_baseline_scheduler_binary_1_3', encoder_var_name='mnist_vae_var_deeper_2cb_1_1', exp_name='mnist_struct_baseline_scheduler_binary_15_sdl_50', freeze_Encoder=True, gamma=1000, gpu_devices=[0], grad_inv=False, hidden_dim=50, hidden_filters_layer1=64, hidden_filters_layer2=64, hidden_filters_layer3=64, image_size=64, intra_class_variance_loss=False, is_C=True, is_E1=False, is_VAE=False, is_VAE_var=False, is_binary_structural_latent=False, is_custom_model=False, is_custom_model_BK=False, is_default_model=False, is_encoder_struct=True, is_noise_stats=False, is_partial_rand_class=False, is_perturbed_score=False, is_zvar_sim_loss=False, just_train=False, kernel_size=4, kernel_size_1=4, kernel_size_2=4, kernel_size_3=4, lambda_BCE=1, lambda_Kl_struct=1, lambda_Kl_var=1, lambda_L1=0.01, lambda_VAE=1, lambda_class=1.0, lambda_contrastive_loss=1, lambda_distance_mean=1.0, lambda_hmg_dst=1.0, lambda_intra_class_var=1, lambda_partial_class=1, lambda_ratio_reg=1.0, lambda_recon_wt_rand=1, lambda_recons=1, lambda_uniq_code_dst=1, lambda_var_distance=1.0, lambda_var_inter=1, lambda_var_intra=1, lambda_zvar_sim=1, latent_spec_cont=None, latent_spec_cont_class=None, latent_spec_cont_var=None, latent_spec_disc=None, latent_spec_disc_class=None, latent_spec_disc_var=None, log_level='info', loss='Proxy_Anchor', loss_distance_mean=False, loss_min_distance_cl=False, lr=0.001, max_epoch_use_uniq_code_target=5, max_iter=100.0, model='CNN', mrg=0.1, nb_epochs_train_only_zvar=0, num_workers=2, old_weighted=False, optimizer='adamw', other_architecture=False, other_ratio=False, random_percentage=0.2, random_seed=10, randomness=True, ratio_reg=False, remark='', save_step=10000, second_layer_C=False, seed=1, stride_size=1, sz_embedding=5, three_conv_layer=True, train=True, train_var_struct_alternatively=False, two_conv_layer=True, two_encoder=False, uniq_code_dst_loss=False, use_VAE=False, use_decoder=False, use_early_stopping=True, use_scheduler=True, use_small_lr_encoder_var=False, use_structural_encoder=False, value_target_distance_mean=1, var_hidden_dim=256, var_hidden_filters_1=32, var_hidden_filters_2=32, var_hidden_filters_3=32, var_kernel_size_1=3, var_kernel_size_2=3, var_kernel_size_3=3, var_second_cnn_block=True, var_stride_size_1=1, var_stride_size_2=1, var_stride_size_3=1, var_third_cnn_block=False, var_three_conv_layer=False, warm=1, without_acc=False, z_struct_size=15, z_var_size=5, zeros_W_Classif=False, zvar_sim_change_zvar=False, zvar_sim_loss_for_all_model=False, zvar_sim_loss_only_for_encoder=False, zvar_sim_normal=False, zvar_sim_var_rand=False)
CUDA Visible devices !
[Using Seed: 10]
Balanced dataset loaded
use 1 gpu who named: Tesla V100-SXM2-32GB
=> no checkpoint found at 'checkpoints_CNN/mnist_struct_baseline_scheduler_binary_15_sdl_50/last'
Encoder_struct(
  (encoder_struct): Sequential(
    (0): Conv2d(1, 64, kernel_size=(8, 8), stride=(1, 1))
    (1): BatchNorm2d(64, eps=1e-05, momentum=0.1, affine=True, track_running_stats=True)
    (2): ReLU(inplace=True)
    (3): Conv2d(64, 64, kernel_size=(4, 4), stride=(1, 1))
    (4): BatchNorm2d(64, eps=1e-05, momentum=0.1, affine=True, track_running_stats=True)
    (5): ReLU(inplace=True)
    (6): Conv2d(64, 15, kernel_size=(4, 4), stride=(1, 1))
    (7): BatchNorm2d(15, eps=1e-05, momentum=0.1, affine=True, track_running_stats=True)
    (8): DeterministicBinaryActivation(
      (act): Hardsigmoid(
        (act): Hardtanh(min_val=-1.0, max_val=1.0)
      )
    )
    (9): AdaptiveMaxPool2d(output_size=(1, 1))
    (10): View()
    (11): Linear(in_features=15, out_features=50, bias=True)
    (12): ReLU(inplace=True)
    (13): Linear(in_features=50, out_features=15, bias=True)
    (14): ReLU(inplace=True)
    (15): Linear(in_features=15, out_features=10, bias=True)
  )
)
The number of parameters of model is 87146
=> saved checkpoint 'checkpoints_CNN/mnist_struct_baseline_scheduler_binary_15_sdl_50/last' (iter 270, epoch 1.0)
=> saved checkpoint 'checkpoint_scores_CNN/mnist_struct_baseline_scheduler_binary_15_sdl_50/last' (iter 270, epoch 1.0)
[Save Checkpoint] epoch: [1.0], Train score:19.83167, Test score:17.89000, train loss:2.00076, test loss:1.97197, ratio_train_loss:0.00000,ratio_test_loss:0.00000, var distance inter class train:0.00000,var distance inter class test:0.00000
=> saved checkpoint 'checkpoints_CNN/mnist_struct_baseline_scheduler_binary_15_sdl_50/last' (iter 540, epoch 2.0)
=> saved checkpoint 'checkpoint_scores_CNN/mnist_struct_baseline_scheduler_binary_15_sdl_50/last' (iter 540, epoch 2.0)
[Save Checkpoint] epoch: [2.0], Train score:22.06500, Test score:21.15000, train loss:1.93489, test loss:1.90759, ratio_train_loss:0.00000,ratio_test_loss:0.00000, var distance inter class train:0.00000,var distance inter class test:0.00000
=> saved checkpoint 'checkpoints_CNN/mnist_struct_baseline_scheduler_binary_15_sdl_50/last' (iter 810, epoch 3.0)
=> saved checkpoint 'checkpoint_scores_CNN/mnist_struct_baseline_scheduler_binary_15_sdl_50/last' (iter 810, epoch 3.0)
[Save Checkpoint] epoch: [3.0], Train score:32.53000, Test score:30.52000, train loss:1.76485, test loss:1.73215, ratio_train_loss:0.00000,ratio_test_loss:0.00000, var distance inter class train:0.00000,var distance inter class test:0.00000
=> saved checkpoint 'checkpoints_CNN/mnist_struct_baseline_scheduler_binary_15_sdl_50/last' (iter 1080, epoch 4.0)
=> saved checkpoint 'checkpoint_scores_CNN/mnist_struct_baseline_scheduler_binary_15_sdl_50/last' (iter 1080, epoch 4.0)
[Save Checkpoint] epoch: [4.0], Train score:53.09000, Test score:49.37000, train loss:1.33449, test loss:1.29679, ratio_train_loss:0.00000,ratio_test_loss:0.00000, var distance inter class train:0.00000,var distance inter class test:0.00000
=> saved checkpoint 'checkpoints_CNN/mnist_struct_baseline_scheduler_binary_15_sdl_50/last' (iter 1350, epoch 5.0)
=> saved checkpoint 'checkpoint_scores_CNN/mnist_struct_baseline_scheduler_binary_15_sdl_50/last' (iter 1350, epoch 5.0)
[Save Checkpoint] epoch: [5.0], Train score:71.72667, Test score:65.20000, train loss:0.92366, test loss:0.89229, ratio_train_loss:0.00000,ratio_test_loss:0.00000, var distance inter class train:0.00000,var distance inter class test:0.00000
=> saved checkpoint 'checkpoints_CNN/mnist_struct_baseline_scheduler_binary_15_sdl_50/last' (iter 1620, epoch 6.0)
=> saved checkpoint 'checkpoint_scores_CNN/mnist_struct_baseline_scheduler_binary_15_sdl_50/last' (iter 1620, epoch 6.0)
[Save Checkpoint] epoch: [6.0], Train score:79.56500, Test score:71.72000, train loss:0.74358, test loss:0.71744, ratio_train_loss:0.00000,ratio_test_loss:0.00000, var distance inter class train:0.00000,var distance inter class test:0.00000
=> saved checkpoint 'checkpoints_CNN/mnist_struct_baseline_scheduler_binary_15_sdl_50/last' (iter 1890, epoch 7.0)
=> saved checkpoint 'checkpoint_scores_CNN/mnist_struct_baseline_scheduler_binary_15_sdl_50/last' (iter 1890, epoch 7.0)
[Save Checkpoint] epoch: [7.0], Train score:85.16167, Test score:76.03000, train loss:0.62761, test loss:0.62740, ratio_train_loss:0.00000,ratio_test_loss:0.00000, var distance inter class train:0.00000,var distance inter class test:0.00000
=> saved checkpoint 'checkpoints_CNN/mnist_struct_baseline_scheduler_binary_15_sdl_50/last' (iter 2160, epoch 8.0)
=> saved checkpoint 'checkpoint_scores_CNN/mnist_struct_baseline_scheduler_binary_15_sdl_50/last' (iter 2160, epoch 8.0)
[Save Checkpoint] epoch: [8.0], Train score:85.08333, Test score:76.24000, train loss:0.60048, test loss:0.59572, ratio_train_loss:0.00000,ratio_test_loss:0.00000, var distance inter class train:0.00000,var distance inter class test:0.00000
=> saved checkpoint 'checkpoints_CNN/mnist_struct_baseline_scheduler_binary_15_sdl_50/last' (iter 2430, epoch 9.0)
=> saved checkpoint 'checkpoint_scores_CNN/mnist_struct_baseline_scheduler_binary_15_sdl_50/last' (iter 2430, epoch 9.0)
[Save Checkpoint] epoch: [9.0], Train score:88.78000, Test score:79.26000, train loss:0.51230, test loss:0.51378, ratio_train_loss:0.00000,ratio_test_loss:0.00000, var distance inter class train:0.00000,var distance inter class test:0.00000
=> saved checkpoint 'checkpoints_CNN/mnist_struct_baseline_scheduler_binary_15_sdl_50/last' (iter 2700, epoch 10.0)
=> saved checkpoint 'checkpoint_scores_CNN/mnist_struct_baseline_scheduler_binary_15_sdl_50/last' (iter 2700, epoch 10.0)
EarlyStopping counter: 1 out of 25
[Save Checkpoint] epoch: [10.0], Train score:89.55333, Test score:78.44000, train loss:0.51544, test loss:0.54957, ratio_train_loss:0.00000,ratio_test_loss:0.00000, var distance inter class train:0.00000,var distance inter class test:0.00000
=> saved checkpoint 'checkpoints_CNN/mnist_struct_baseline_scheduler_binary_15_sdl_50/last' (iter 2970, epoch 11.0)
=> saved checkpoint 'checkpoint_scores_CNN/mnist_struct_baseline_scheduler_binary_15_sdl_50/last' (iter 2970, epoch 11.0)
[Save Checkpoint] epoch: [11.0], Train score:92.96667, Test score:82.25000, train loss:0.43328, test loss:0.45713, ratio_train_loss:0.00000,ratio_test_loss:0.00000, var distance inter class train:0.00000,var distance inter class test:0.00000
=> saved checkpoint 'checkpoints_CNN/mnist_struct_baseline_scheduler_binary_15_sdl_50/last' (iter 3240, epoch 12.0)
=> saved checkpoint 'checkpoint_scores_CNN/mnist_struct_baseline_scheduler_binary_15_sdl_50/last' (iter 3240, epoch 12.0)
EarlyStopping counter: 1 out of 25
[Save Checkpoint] epoch: [12.0], Train score:89.82667, Test score:79.73000, train loss:0.50517, test loss:0.51679, ratio_train_loss:0.00000,ratio_test_loss:0.00000, var distance inter class train:0.00000,var distance inter class test:0.00000
=> saved checkpoint 'checkpoints_CNN/mnist_struct_baseline_scheduler_binary_15_sdl_50/last' (iter 3510, epoch 13.0)
=> saved checkpoint 'checkpoint_scores_CNN/mnist_struct_baseline_scheduler_binary_15_sdl_50/last' (iter 3510, epoch 13.0)
EarlyStopping counter: 2 out of 25
[Save Checkpoint] epoch: [13.0], Train score:94.18000, Test score:83.20000, train loss:0.39855, test loss:0.42120, ratio_train_loss:0.00000,ratio_test_loss:0.00000, var distance inter class train:0.00000,var distance inter class test:0.00000
=> saved checkpoint 'checkpoints_CNN/mnist_struct_baseline_scheduler_binary_15_sdl_50/last' (iter 3780, epoch 14.0)
=> saved checkpoint 'checkpoint_scores_CNN/mnist_struct_baseline_scheduler_binary_15_sdl_50/last' (iter 3780, epoch 14.0)
EarlyStopping counter: 3 out of 25
[Save Checkpoint] epoch: [14.0], Train score:94.77333, Test score:84.10000, train loss:0.37126, test loss:0.38948, ratio_train_loss:0.00000,ratio_test_loss:0.00000, var distance inter class train:0.00000,var distance inter class test:0.00000
=> saved checkpoint 'checkpoints_CNN/mnist_struct_baseline_scheduler_binary_15_sdl_50/last' (iter 4050, epoch 15.0)
=> saved checkpoint 'checkpoint_scores_CNN/mnist_struct_baseline_scheduler_binary_15_sdl_50/last' (iter 4050, epoch 15.0)
[Save Checkpoint] epoch: [15.0], Train score:98.14333, Test score:87.14000, train loss:0.29933, test loss:0.32071, ratio_train_loss:0.00000,ratio_test_loss:0.00000, var distance inter class train:0.00000,var distance inter class test:0.00000
=> saved checkpoint 'checkpoints_CNN/mnist_struct_baseline_scheduler_binary_15_sdl_50/last' (iter 4320, epoch 16.0)
=> saved checkpoint 'checkpoint_scores_CNN/mnist_struct_baseline_scheduler_binary_15_sdl_50/last' (iter 4320, epoch 16.0)
EarlyStopping counter: 1 out of 25
[Save Checkpoint] epoch: [16.0], Train score:95.96833, Test score:84.82000, train loss:0.32109, test loss:0.34552, ratio_train_loss:0.00000,ratio_test_loss:0.00000, var distance inter class train:0.00000,var distance inter class test:0.00000
=> saved checkpoint 'checkpoints_CNN/mnist_struct_baseline_scheduler_binary_15_sdl_50/last' (iter 4590, epoch 17.0)
=> saved checkpoint 'checkpoint_scores_CNN/mnist_struct_baseline_scheduler_binary_15_sdl_50/last' (iter 4590, epoch 17.0)
EarlyStopping counter: 2 out of 25
[Save Checkpoint] epoch: [17.0], Train score:97.73500, Test score:86.48000, train loss:0.28779, test loss:0.31021, ratio_train_loss:0.00000,ratio_test_loss:0.00000, var distance inter class train:0.00000,var distance inter class test:0.00000
=> saved checkpoint 'checkpoints_CNN/mnist_struct_baseline_scheduler_binary_15_sdl_50/last' (iter 4860, epoch 18.0)
=> saved checkpoint 'checkpoint_scores_CNN/mnist_struct_baseline_scheduler_binary_15_sdl_50/last' (iter 4860, epoch 18.0)
[Save Checkpoint] epoch: [18.0], Train score:98.68500, Test score:87.56000, train loss:0.26272, test loss:0.28718, ratio_train_loss:0.00000,ratio_test_loss:0.00000, var distance inter class train:0.00000,var distance inter class test:0.00000
=> saved checkpoint 'checkpoints_CNN/mnist_struct_baseline_scheduler_binary_15_sdl_50/last' (iter 5130, epoch 19.0)
=> saved checkpoint 'checkpoint_scores_CNN/mnist_struct_baseline_scheduler_binary_15_sdl_50/last' (iter 5130, epoch 19.0)
[Save Checkpoint] epoch: [19.0], Train score:98.62333, Test score:87.57000, train loss:0.27013, test loss:0.29323, ratio_train_loss:0.00000,ratio_test_loss:0.00000, var distance inter class train:0.00000,var distance inter class test:0.00000
=> saved checkpoint 'checkpoints_CNN/mnist_struct_baseline_scheduler_binary_15_sdl_50/last' (iter 5400, epoch 20.0)
=> saved checkpoint 'checkpoint_scores_CNN/mnist_struct_baseline_scheduler_binary_15_sdl_50/last' (iter 5400, epoch 20.0)
EarlyStopping counter: 1 out of 25
[Save Checkpoint] epoch: [20.0], Train score:100.55500, Test score:89.12000, train loss:0.22383, test loss:0.24902, ratio_train_loss:0.00000,ratio_test_loss:0.00000, var distance inter class train:0.00000,var distance inter class test:0.00000
=> saved checkpoint 'checkpoints_CNN/mnist_struct_baseline_scheduler_binary_15_sdl_50/last' (iter 5670, epoch 21.0)
=> saved checkpoint 'checkpoint_scores_CNN/mnist_struct_baseline_scheduler_binary_15_sdl_50/last' (iter 5670, epoch 21.0)
EarlyStopping counter: 2 out of 25
[Save Checkpoint] epoch: [21.0], Train score:98.97000, Test score:87.69000, train loss:0.25563, test loss:0.29397, ratio_train_loss:0.00000,ratio_test_loss:0.00000, var distance inter class train:0.00000,var distance inter class test:0.00000
=> saved checkpoint 'checkpoints_CNN/mnist_struct_baseline_scheduler_binary_15_sdl_50/last' (iter 5940, epoch 22.0)
=> saved checkpoint 'checkpoint_scores_CNN/mnist_struct_baseline_scheduler_binary_15_sdl_50/last' (iter 5940, epoch 22.0)
[Save Checkpoint] epoch: [22.0], Train score:102.10500, Test score:90.26000, train loss:0.18909, test loss:0.21880, ratio_train_loss:0.00000,ratio_test_loss:0.00000, var distance inter class train:0.00000,var distance inter class test:0.00000
=> saved checkpoint 'checkpoints_CNN/mnist_struct_baseline_scheduler_binary_15_sdl_50/last' (iter 6210, epoch 23.0)
=> saved checkpoint 'checkpoint_scores_CNN/mnist_struct_baseline_scheduler_binary_15_sdl_50/last' (iter 6210, epoch 23.0)
EarlyStopping counter: 1 out of 25
[Save Checkpoint] epoch: [23.0], Train score:101.13500, Test score:89.14000, train loss:0.20945, test loss:0.24863, ratio_train_loss:0.00000,ratio_test_loss:0.00000, var distance inter class train:0.00000,var distance inter class test:0.00000
=> saved checkpoint 'checkpoints_CNN/mnist_struct_baseline_scheduler_binary_15_sdl_50/last' (iter 6480, epoch 24.0)
=> saved checkpoint 'checkpoint_scores_CNN/mnist_struct_baseline_scheduler_binary_15_sdl_50/last' (iter 6480, epoch 24.0)
EarlyStopping counter: 2 out of 25
[Save Checkpoint] epoch: [24.0], Train score:101.63833, Test score:89.20000, train loss:0.19199, test loss:0.24542, ratio_train_loss:0.00000,ratio_test_loss:0.00000, var distance inter class train:0.00000,var distance inter class test:0.00000
=> saved checkpoint 'checkpoints_CNN/mnist_struct_baseline_scheduler_binary_15_sdl_50/last' (iter 6750, epoch 25.0)
=> saved checkpoint 'checkpoint_scores_CNN/mnist_struct_baseline_scheduler_binary_15_sdl_50/last' (iter 6750, epoch 25.0)
EarlyStopping counter: 3 out of 25
[Save Checkpoint] epoch: [25.0], Train score:101.50167, Test score:89.27000, train loss:0.19956, test loss:0.24483, ratio_train_loss:0.00000,ratio_test_loss:0.00000, var distance inter class train:0.00000,var distance inter class test:0.00000
=> saved checkpoint 'checkpoints_CNN/mnist_struct_baseline_scheduler_binary_15_sdl_50/last' (iter 7020, epoch 26.0)
=> saved checkpoint 'checkpoint_scores_CNN/mnist_struct_baseline_scheduler_binary_15_sdl_50/last' (iter 7020, epoch 26.0)
EarlyStopping counter: 4 out of 25
[Save Checkpoint] epoch: [26.0], Train score:101.92500, Test score:89.35000, train loss:0.18788, test loss:0.22830, ratio_train_loss:0.00000,ratio_test_loss:0.00000, var distance inter class train:0.00000,var distance inter class test:0.00000
Epoch    27: reducing learning rate of group 0 to 2.0000e-04.
=> saved checkpoint 'checkpoints_CNN/mnist_struct_baseline_scheduler_binary_15_sdl_50/last' (iter 7290, epoch 27.0)
=> saved checkpoint 'checkpoint_scores_CNN/mnist_struct_baseline_scheduler_binary_15_sdl_50/last' (iter 7290, epoch 27.0)
EarlyStopping counter: 5 out of 25
[Save Checkpoint] epoch: [27.0], Train score:103.10333, Test score:90.40000, train loss:0.16395, test loss:0.22464, ratio_train_loss:0.00000,ratio_test_loss:0.00000, var distance inter class train:0.00000,var distance inter class test:0.00000
=> saved checkpoint 'checkpoints_CNN/mnist_struct_baseline_scheduler_binary_15_sdl_50/last' (iter 7560, epoch 28.0)
=> saved checkpoint 'checkpoint_scores_CNN/mnist_struct_baseline_scheduler_binary_15_sdl_50/last' (iter 7560, epoch 28.0)
[Save Checkpoint] epoch: [28.0], Train score:103.72167, Test score:90.56000, train loss:0.14516, test loss:0.21135, ratio_train_loss:0.00000,ratio_test_loss:0.00000, var distance inter class train:0.00000,var distance inter class test:0.00000
=> saved checkpoint 'checkpoints_CNN/mnist_struct_baseline_scheduler_binary_15_sdl_50/last' (iter 7830, epoch 29.0)
=> saved checkpoint 'checkpoint_scores_CNN/mnist_struct_baseline_scheduler_binary_15_sdl_50/last' (iter 7830, epoch 29.0)
EarlyStopping counter: 1 out of 25
[Save Checkpoint] epoch: [29.0], Train score:104.10167, Test score:90.67000, train loss:0.13710, test loss:0.20934, ratio_train_loss:0.00000,ratio_test_loss:0.00000, var distance inter class train:0.00000,var distance inter class test:0.00000
=> saved checkpoint 'checkpoints_CNN/mnist_struct_baseline_scheduler_binary_15_sdl_50/last' (iter 8100, epoch 30.0)
=> saved checkpoint 'checkpoint_scores_CNN/mnist_struct_baseline_scheduler_binary_15_sdl_50/last' (iter 8100, epoch 30.0)
[Save Checkpoint] epoch: [30.0], Train score:103.92667, Test score:91.01000, train loss:0.13884, test loss:0.20757, ratio_train_loss:0.00000,ratio_test_loss:0.00000, var distance inter class train:0.00000,var distance inter class test:0.00000
=> saved checkpoint 'checkpoints_CNN/mnist_struct_baseline_scheduler_binary_15_sdl_50/last' (iter 8370, epoch 31.0)
=> saved checkpoint 'checkpoint_scores_CNN/mnist_struct_baseline_scheduler_binary_15_sdl_50/last' (iter 8370, epoch 31.0)
EarlyStopping counter: 1 out of 25
[Save Checkpoint] epoch: [31.0], Train score:103.61167, Test score:90.61000, train loss:0.14461, test loss:0.21408, ratio_train_loss:0.00000,ratio_test_loss:0.00000, var distance inter class train:0.00000,var distance inter class test:0.00000
=> saved checkpoint 'checkpoints_CNN/mnist_struct_baseline_scheduler_binary_15_sdl_50/last' (iter 8640, epoch 32.0)
=> saved checkpoint 'checkpoint_scores_CNN/mnist_struct_baseline_scheduler_binary_15_sdl_50/last' (iter 8640, epoch 32.0)
EarlyStopping counter: 2 out of 25
[Save Checkpoint] epoch: [32.0], Train score:103.66000, Test score:90.33000, train loss:0.14170, test loss:0.21583, ratio_train_loss:0.00000,ratio_test_loss:0.00000, var distance inter class train:0.00000,var distance inter class test:0.00000
=> saved checkpoint 'checkpoints_CNN/mnist_struct_baseline_scheduler_binary_15_sdl_50/last' (iter 8910, epoch 33.0)
=> saved checkpoint 'checkpoint_scores_CNN/mnist_struct_baseline_scheduler_binary_15_sdl_50/last' (iter 8910, epoch 33.0)
EarlyStopping counter: 3 out of 25
[Save Checkpoint] epoch: [33.0], Train score:104.20667, Test score:90.64000, train loss:0.13352, test loss:0.20911, ratio_train_loss:0.00000,ratio_test_loss:0.00000, var distance inter class train:0.00000,var distance inter class test:0.00000
=> saved checkpoint 'checkpoints_CNN/mnist_struct_baseline_scheduler_binary_15_sdl_50/last' (iter 9180, epoch 34.0)
=> saved checkpoint 'checkpoint_scores_CNN/mnist_struct_baseline_scheduler_binary_15_sdl_50/last' (iter 9180, epoch 34.0)
EarlyStopping counter: 4 out of 25
[Save Checkpoint] epoch: [34.0], Train score:104.03667, Test score:90.07000, train loss:0.13721, test loss:0.22178, ratio_train_loss:0.00000,ratio_test_loss:0.00000, var distance inter class train:0.00000,var distance inter class test:0.00000
Epoch    35: reducing learning rate of group 0 to 4.0000e-05.
=> saved checkpoint 'checkpoints_CNN/mnist_struct_baseline_scheduler_binary_15_sdl_50/last' (iter 9450, epoch 35.0)
=> saved checkpoint 'checkpoint_scores_CNN/mnist_struct_baseline_scheduler_binary_15_sdl_50/last' (iter 9450, epoch 35.0)
EarlyStopping counter: 5 out of 25
[Save Checkpoint] epoch: [35.0], Train score:103.44333, Test score:89.94000, train loss:0.14688, test loss:0.22323, ratio_train_loss:0.00000,ratio_test_loss:0.00000, var distance inter class train:0.00000,var distance inter class test:0.00000
=> saved checkpoint 'checkpoints_CNN/mnist_struct_baseline_scheduler_binary_15_sdl_50/last' (iter 9720, epoch 36.0)
=> saved checkpoint 'checkpoint_scores_CNN/mnist_struct_baseline_scheduler_binary_15_sdl_50/last' (iter 9720, epoch 36.0)
EarlyStopping counter: 6 out of 25
[Save Checkpoint] epoch: [36.0], Train score:104.07500, Test score:90.42000, train loss:0.13347, test loss:0.21517, ratio_train_loss:0.00000,ratio_test_loss:0.00000, var distance inter class train:0.00000,var distance inter class test:0.00000
=> saved checkpoint 'checkpoints_CNN/mnist_struct_baseline_scheduler_binary_15_sdl_50/last' (iter 9990, epoch 37.0)
=> saved checkpoint 'checkpoint_scores_CNN/mnist_struct_baseline_scheduler_binary_15_sdl_50/last' (iter 9990, epoch 37.0)
EarlyStopping counter: 7 out of 25
[Save Checkpoint] epoch: [37.0], Train score:104.18333, Test score:90.40000, train loss:0.13044, test loss:0.21599, ratio_train_loss:0.00000,ratio_test_loss:0.00000, var distance inter class train:0.00000,var distance inter class test:0.00000
=> saved checkpoint 'checkpoints_CNN/mnist_struct_baseline_scheduler_binary_15_sdl_50/last' (iter 10260, epoch 38.0)
=> saved checkpoint 'checkpoint_scores_CNN/mnist_struct_baseline_scheduler_binary_15_sdl_50/last' (iter 10260, epoch 38.0)
EarlyStopping counter: 8 out of 25
[Save Checkpoint] epoch: [38.0], Train score:104.28500, Test score:90.45000, train loss:0.12810, test loss:0.21459, ratio_train_loss:0.00000,ratio_test_loss:0.00000, var distance inter class train:0.00000,var distance inter class test:0.00000
=> saved checkpoint 'checkpoints_CNN/mnist_struct_baseline_scheduler_binary_15_sdl_50/last' (iter 10530, epoch 39.0)
=> saved checkpoint 'checkpoint_scores_CNN/mnist_struct_baseline_scheduler_binary_15_sdl_50/last' (iter 10530, epoch 39.0)
[Save Checkpoint] epoch: [39.0], Train score:104.22500, Test score:90.47000, train loss:0.12943, test loss:0.21414, ratio_train_loss:0.00000,ratio_test_loss:0.00000, var distance inter class train:0.00000,var distance inter class test:0.00000
=> saved checkpoint 'checkpoints_CNN/mnist_struct_baseline_scheduler_binary_15_sdl_50/last' (iter 10800, epoch 40.0)
=> saved checkpoint 'checkpoint_scores_CNN/mnist_struct_baseline_scheduler_binary_15_sdl_50/last' (iter 10800, epoch 40.0)
EarlyStopping counter: 1 out of 25
[Save Checkpoint] epoch: [40.0], Train score:104.19167, Test score:90.27000, train loss:0.12982, test loss:0.21601, ratio_train_loss:0.00000,ratio_test_loss:0.00000, var distance inter class train:0.00000,var distance inter class test:0.00000
=> saved checkpoint 'checkpoints_CNN/mnist_struct_baseline_scheduler_binary_15_sdl_50/last' (iter 11070, epoch 41.0)
=> saved checkpoint 'checkpoint_scores_CNN/mnist_struct_baseline_scheduler_binary_15_sdl_50/last' (iter 11070, epoch 41.0)
[Save Checkpoint] epoch: [41.0], Train score:104.18833, Test score:90.23000, train loss:0.12955, test loss:0.21862, ratio_train_loss:0.00000,ratio_test_loss:0.00000, var distance inter class train:0.00000,var distance inter class test:0.00000
=> saved checkpoint 'checkpoints_CNN/mnist_struct_baseline_scheduler_binary_15_sdl_50/last' (iter 11340, epoch 42.0)
=> saved checkpoint 'checkpoint_scores_CNN/mnist_struct_baseline_scheduler_binary_15_sdl_50/last' (iter 11340, epoch 42.0)
EarlyStopping counter: 1 out of 25
[Save Checkpoint] epoch: [42.0], Train score:104.16667, Test score:90.07000, train loss:0.13077, test loss:0.22402, ratio_train_loss:0.00000,ratio_test_loss:0.00000, var distance inter class train:0.00000,var distance inter class test:0.00000
=> saved checkpoint 'checkpoints_CNN/mnist_struct_baseline_scheduler_binary_15_sdl_50/last' (iter 11610, epoch 43.0)
=> saved checkpoint 'checkpoint_scores_CNN/mnist_struct_baseline_scheduler_binary_15_sdl_50/last' (iter 11610, epoch 43.0)
EarlyStopping counter: 2 out of 25
[Save Checkpoint] epoch: [43.0], Train score:104.12833, Test score:90.00000, train loss:0.13026, test loss:0.22215, ratio_train_loss:0.00000,ratio_test_loss:0.00000, var distance inter class train:0.00000,var distance inter class test:0.00000
=> saved checkpoint 'checkpoints_CNN/mnist_struct_baseline_scheduler_binary_15_sdl_50/last' (iter 11880, epoch 44.0)
=> saved checkpoint 'checkpoint_scores_CNN/mnist_struct_baseline_scheduler_binary_15_sdl_50/last' (iter 11880, epoch 44.0)
EarlyStopping counter: 3 out of 25
[Save Checkpoint] epoch: [44.0], Train score:104.07333, Test score:90.06000, train loss:0.13100, test loss:0.22157, ratio_train_loss:0.00000,ratio_test_loss:0.00000, var distance inter class train:0.00000,var distance inter class test:0.00000
=> saved checkpoint 'checkpoints_CNN/mnist_struct_baseline_scheduler_binary_15_sdl_50/last' (iter 12150, epoch 45.0)
=> saved checkpoint 'checkpoint_scores_CNN/mnist_struct_baseline_scheduler_binary_15_sdl_50/last' (iter 12150, epoch 45.0)
EarlyStopping counter: 4 out of 25
[Save Checkpoint] epoch: [45.0], Train score:104.10667, Test score:89.98000, train loss:0.12856, test loss:0.21979, ratio_train_loss:0.00000,ratio_test_loss:0.00000, var distance inter class train:0.00000,var distance inter class test:0.00000
Epoch    46: reducing learning rate of group 0 to 8.0000e-06.
=> saved checkpoint 'checkpoints_CNN/mnist_struct_baseline_scheduler_binary_15_sdl_50/last' (iter 12420, epoch 46.0)
=> saved checkpoint 'checkpoint_scores_CNN/mnist_struct_baseline_scheduler_binary_15_sdl_50/last' (iter 12420, epoch 46.0)
EarlyStopping counter: 5 out of 25
[Save Checkpoint] epoch: [46.0], Train score:104.17333, Test score:90.10000, train loss:0.12775, test loss:0.21642, ratio_train_loss:0.00000,ratio_test_loss:0.00000, var distance inter class train:0.00000,var distance inter class test:0.00000
=> saved checkpoint 'checkpoints_CNN/mnist_struct_baseline_scheduler_binary_15_sdl_50/last' (iter 12690, epoch 47.0)
=> saved checkpoint 'checkpoint_scores_CNN/mnist_struct_baseline_scheduler_binary_15_sdl_50/last' (iter 12690, epoch 47.0)
EarlyStopping counter: 6 out of 25
[Save Checkpoint] epoch: [47.0], Train score:104.75500, Test score:90.45000, train loss:0.11415, test loss:0.20992, ratio_train_loss:0.00000,ratio_test_loss:0.00000, var distance inter class train:0.00000,var distance inter class test:0.00000
=> saved checkpoint 'checkpoints_CNN/mnist_struct_baseline_scheduler_binary_15_sdl_50/last' (iter 12960, epoch 48.0)
=> saved checkpoint 'checkpoint_scores_CNN/mnist_struct_baseline_scheduler_binary_15_sdl_50/last' (iter 12960, epoch 48.0)
EarlyStopping counter: 7 out of 25
[Save Checkpoint] epoch: [48.0], Train score:104.74500, Test score:90.44000, train loss:0.11391, test loss:0.20896, ratio_train_loss:0.00000,ratio_test_loss:0.00000, var distance inter class train:0.00000,var distance inter class test:0.00000
=> saved checkpoint 'checkpoints_CNN/mnist_struct_baseline_scheduler_binary_15_sdl_50/last' (iter 13230, epoch 49.0)
=> saved checkpoint 'checkpoint_scores_CNN/mnist_struct_baseline_scheduler_binary_15_sdl_50/last' (iter 13230, epoch 49.0)
[Save Checkpoint] epoch: [49.0], Train score:104.73000, Test score:90.43000, train loss:0.11397, test loss:0.20804, ratio_train_loss:0.00000,ratio_test_loss:0.00000, var distance inter class train:0.00000,var distance inter class test:0.00000
=> saved checkpoint 'checkpoints_CNN/mnist_struct_baseline_scheduler_binary_15_sdl_50/last' (iter 13500, epoch 50.0)
=> saved checkpoint 'checkpoint_scores_CNN/mnist_struct_baseline_scheduler_binary_15_sdl_50/last' (iter 13500, epoch 50.0)
EarlyStopping counter: 1 out of 25
[Save Checkpoint] epoch: [50.0], Train score:104.77333, Test score:90.41000, train loss:0.11339, test loss:0.20902, ratio_train_loss:0.00000,ratio_test_loss:0.00000, var distance inter class train:0.00000,var distance inter class test:0.00000
=> saved checkpoint 'checkpoints_CNN/mnist_struct_baseline_scheduler_binary_15_sdl_50/last' (iter 13770, epoch 51.0)
=> saved checkpoint 'checkpoint_scores_CNN/mnist_struct_baseline_scheduler_binary_15_sdl_50/last' (iter 13770, epoch 51.0)
EarlyStopping counter: 2 out of 25
[Save Checkpoint] epoch: [51.0], Train score:104.71333, Test score:90.38000, train loss:0.11391, test loss:0.20920, ratio_train_loss:0.00000,ratio_test_loss:0.00000, var distance inter class train:0.00000,var distance inter class test:0.00000
=> saved checkpoint 'checkpoints_CNN/mnist_struct_baseline_scheduler_binary_15_sdl_50/last' (iter 14040, epoch 52.0)
=> saved checkpoint 'checkpoint_scores_CNN/mnist_struct_baseline_scheduler_binary_15_sdl_50/last' (iter 14040, epoch 52.0)
EarlyStopping counter: 3 out of 25
[Save Checkpoint] epoch: [52.0], Train score:104.75833, Test score:90.44000, train loss:0.11293, test loss:0.20971, ratio_train_loss:0.00000,ratio_test_loss:0.00000, var distance inter class train:0.00000,var distance inter class test:0.00000
=> saved checkpoint 'checkpoints_CNN/mnist_struct_baseline_scheduler_binary_15_sdl_50/last' (iter 14310, epoch 53.0)
=> saved checkpoint 'checkpoint_scores_CNN/mnist_struct_baseline_scheduler_binary_15_sdl_50/last' (iter 14310, epoch 53.0)
EarlyStopping counter: 4 out of 25
[Save Checkpoint] epoch: [53.0], Train score:104.74667, Test score:90.44000, train loss:0.11307, test loss:0.21079, ratio_train_loss:0.00000,ratio_test_loss:0.00000, var distance inter class train:0.00000,var distance inter class test:0.00000
Epoch    54: reducing learning rate of group 0 to 1.6000e-06.
=> saved checkpoint 'checkpoints_CNN/mnist_struct_baseline_scheduler_binary_15_sdl_50/last' (iter 14580, epoch 54.0)
=> saved checkpoint 'checkpoint_scores_CNN/mnist_struct_baseline_scheduler_binary_15_sdl_50/last' (iter 14580, epoch 54.0)
EarlyStopping counter: 5 out of 25
[Save Checkpoint] epoch: [54.0], Train score:104.73333, Test score:90.42000, train loss:0.11314, test loss:0.20961, ratio_train_loss:0.00000,ratio_test_loss:0.00000, var distance inter class train:0.00000,var distance inter class test:0.00000
=> saved checkpoint 'checkpoints_CNN/mnist_struct_baseline_scheduler_binary_15_sdl_50/last' (iter 14850, epoch 55.0)
=> saved checkpoint 'checkpoint_scores_CNN/mnist_struct_baseline_scheduler_binary_15_sdl_50/last' (iter 14850, epoch 55.0)
EarlyStopping counter: 6 out of 25
[Save Checkpoint] epoch: [55.0], Train score:104.72833, Test score:90.46000, train loss:0.11309, test loss:0.20957, ratio_train_loss:0.00000,ratio_test_loss:0.00000, var distance inter class train:0.00000,var distance inter class test:0.00000
=> saved checkpoint 'checkpoints_CNN/mnist_struct_baseline_scheduler_binary_15_sdl_50/last' (iter 15120, epoch 56.0)
=> saved checkpoint 'checkpoint_scores_CNN/mnist_struct_baseline_scheduler_binary_15_sdl_50/last' (iter 15120, epoch 56.0)
EarlyStopping counter: 7 out of 25
[Save Checkpoint] epoch: [56.0], Train score:104.72667, Test score:90.47000, train loss:0.11350, test loss:0.20911, ratio_train_loss:0.00000,ratio_test_loss:0.00000, var distance inter class train:0.00000,var distance inter class test:0.00000
=> saved checkpoint 'checkpoints_CNN/mnist_struct_baseline_scheduler_binary_15_sdl_50/last' (iter 15390, epoch 57.0)
=> saved checkpoint 'checkpoint_scores_CNN/mnist_struct_baseline_scheduler_binary_15_sdl_50/last' (iter 15390, epoch 57.0)
EarlyStopping counter: 8 out of 25
[Save Checkpoint] epoch: [57.0], Train score:104.72500, Test score:90.47000, train loss:0.11359, test loss:0.20871, ratio_train_loss:0.00000,ratio_test_loss:0.00000, var distance inter class train:0.00000,var distance inter class test:0.00000
=> saved checkpoint 'checkpoints_CNN/mnist_struct_baseline_scheduler_binary_15_sdl_50/last' (iter 15660, epoch 58.0)
=> saved checkpoint 'checkpoint_scores_CNN/mnist_struct_baseline_scheduler_binary_15_sdl_50/last' (iter 15660, epoch 58.0)
EarlyStopping counter: 9 out of 25
[Save Checkpoint] epoch: [58.0], Train score:104.71500, Test score:90.45000, train loss:0.11391, test loss:0.20868, ratio_train_loss:0.00000,ratio_test_loss:0.00000, var distance inter class train:0.00000,var distance inter class test:0.00000
Epoch    59: reducing learning rate of group 0 to 1.0000e-06.
=> saved checkpoint 'checkpoints_CNN/mnist_struct_baseline_scheduler_binary_15_sdl_50/last' (iter 15930, epoch 59.0)
=> saved checkpoint 'checkpoint_scores_CNN/mnist_struct_baseline_scheduler_binary_15_sdl_50/last' (iter 15930, epoch 59.0)
EarlyStopping counter: 10 out of 25
[Save Checkpoint] epoch: [59.0], Train score:104.70500, Test score:90.43000, train loss:0.11400, test loss:0.20925, ratio_train_loss:0.00000,ratio_test_loss:0.00000, var distance inter class train:0.00000,var distance inter class test:0.00000
=> saved checkpoint 'checkpoints_CNN/mnist_struct_baseline_scheduler_binary_15_sdl_50/last' (iter 16200, epoch 60.0)
=> saved checkpoint 'checkpoint_scores_CNN/mnist_struct_baseline_scheduler_binary_15_sdl_50/last' (iter 16200, epoch 60.0)
EarlyStopping counter: 11 out of 25
[Save Checkpoint] epoch: [60.0], Train score:104.70000, Test score:90.43000, train loss:0.11414, test loss:0.20940, ratio_train_loss:0.00000,ratio_test_loss:0.00000, var distance inter class train:0.00000,var distance inter class test:0.00000
=> saved checkpoint 'checkpoints_CNN/mnist_struct_baseline_scheduler_binary_15_sdl_50/last' (iter 16470, epoch 61.0)
=> saved checkpoint 'checkpoint_scores_CNN/mnist_struct_baseline_scheduler_binary_15_sdl_50/last' (iter 16470, epoch 61.0)
EarlyStopping counter: 12 out of 25
[Save Checkpoint] epoch: [61.0], Train score:104.69667, Test score:90.42000, train loss:0.11427, test loss:0.21020, ratio_train_loss:0.00000,ratio_test_loss:0.00000, var distance inter class train:0.00000,var distance inter class test:0.00000
=> saved checkpoint 'checkpoints_CNN/mnist_struct_baseline_scheduler_binary_15_sdl_50/last' (iter 16740, epoch 62.0)
=> saved checkpoint 'checkpoint_scores_CNN/mnist_struct_baseline_scheduler_binary_15_sdl_50/last' (iter 16740, epoch 62.0)
EarlyStopping counter: 13 out of 25
[Save Checkpoint] epoch: [62.0], Train score:104.69000, Test score:90.42000, train loss:0.11428, test loss:0.21023, ratio_train_loss:0.00000,ratio_test_loss:0.00000, var distance inter class train:0.00000,var distance inter class test:0.00000
=> saved checkpoint 'checkpoints_CNN/mnist_struct_baseline_scheduler_binary_15_sdl_50/last' (iter 17010, epoch 63.0)
=> saved checkpoint 'checkpoint_scores_CNN/mnist_struct_baseline_scheduler_binary_15_sdl_50/last' (iter 17010, epoch 63.0)
EarlyStopping counter: 14 out of 25
[Save Checkpoint] epoch: [63.0], Train score:104.68667, Test score:90.43000, train loss:0.11435, test loss:0.21016, ratio_train_loss:0.00000,ratio_test_loss:0.00000, var distance inter class train:0.00000,var distance inter class test:0.00000
=> saved checkpoint 'checkpoints_CNN/mnist_struct_baseline_scheduler_binary_15_sdl_50/last' (iter 17280, epoch 64.0)
=> saved checkpoint 'checkpoint_scores_CNN/mnist_struct_baseline_scheduler_binary_15_sdl_50/last' (iter 17280, epoch 64.0)
EarlyStopping counter: 15 out of 25
[Save Checkpoint] epoch: [64.0], Train score:104.68333, Test score:90.43000, train loss:0.11447, test loss:0.20983, ratio_train_loss:0.00000,ratio_test_loss:0.00000, var distance inter class train:0.00000,var distance inter class test:0.00000
=> saved checkpoint 'checkpoints_CNN/mnist_struct_baseline_scheduler_binary_15_sdl_50/last' (iter 17550, epoch 65.0)
=> saved checkpoint 'checkpoint_scores_CNN/mnist_struct_baseline_scheduler_binary_15_sdl_50/last' (iter 17550, epoch 65.0)
EarlyStopping counter: 16 out of 25
[Save Checkpoint] epoch: [65.0], Train score:104.69000, Test score:90.43000, train loss:0.11444, test loss:0.21069, ratio_train_loss:0.00000,ratio_test_loss:0.00000, var distance inter class train:0.00000,var distance inter class test:0.00000
=> saved checkpoint 'checkpoints_CNN/mnist_struct_baseline_scheduler_binary_15_sdl_50/last' (iter 17820, epoch 66.0)
=> saved checkpoint 'checkpoint_scores_CNN/mnist_struct_baseline_scheduler_binary_15_sdl_50/last' (iter 17820, epoch 66.0)
EarlyStopping counter: 17 out of 25
[Save Checkpoint] epoch: [66.0], Train score:104.70000, Test score:90.44000, train loss:0.11435, test loss:0.21057, ratio_train_loss:0.00000,ratio_test_loss:0.00000, var distance inter class train:0.00000,var distance inter class test:0.00000
=> saved checkpoint 'checkpoints_CNN/mnist_struct_baseline_scheduler_binary_15_sdl_50/last' (iter 18090, epoch 67.0)
=> saved checkpoint 'checkpoint_scores_CNN/mnist_struct_baseline_scheduler_binary_15_sdl_50/last' (iter 18090, epoch 67.0)
EarlyStopping counter: 18 out of 25
[Save Checkpoint] epoch: [67.0], Train score:104.69833, Test score:90.44000, train loss:0.11436, test loss:0.21035, ratio_train_loss:0.00000,ratio_test_loss:0.00000, var distance inter class train:0.00000,var distance inter class test:0.00000
=> saved checkpoint 'checkpoints_CNN/mnist_struct_baseline_scheduler_binary_15_sdl_50/last' (iter 18360, epoch 68.0)
=> saved checkpoint 'checkpoint_scores_CNN/mnist_struct_baseline_scheduler_binary_15_sdl_50/last' (iter 18360, epoch 68.0)
EarlyStopping counter: 19 out of 25
[Save Checkpoint] epoch: [68.0], Train score:104.70500, Test score:90.44000, train loss:0.11442, test loss:0.21046, ratio_train_loss:0.00000,ratio_test_loss:0.00000, var distance inter class train:0.00000,var distance inter class test:0.00000
=> saved checkpoint 'checkpoints_CNN/mnist_struct_baseline_scheduler_binary_15_sdl_50/last' (iter 18630, epoch 69.0)
=> saved checkpoint 'checkpoint_scores_CNN/mnist_struct_baseline_scheduler_binary_15_sdl_50/last' (iter 18630, epoch 69.0)
EarlyStopping counter: 20 out of 25
[Save Checkpoint] epoch: [69.0], Train score:104.70333, Test score:90.43000, train loss:0.11448, test loss:0.21107, ratio_train_loss:0.00000,ratio_test_loss:0.00000, var distance inter class train:0.00000,var distance inter class test:0.00000
=> saved checkpoint 'checkpoints_CNN/mnist_struct_baseline_scheduler_binary_15_sdl_50/last' (iter 18900, epoch 70.0)
=> saved checkpoint 'checkpoint_scores_CNN/mnist_struct_baseline_scheduler_binary_15_sdl_50/last' (iter 18900, epoch 70.0)
EarlyStopping counter: 21 out of 25
[Save Checkpoint] epoch: [70.0], Train score:104.70833, Test score:90.42000, train loss:0.11439, test loss:0.21118, ratio_train_loss:0.00000,ratio_test_loss:0.00000, var distance inter class train:0.00000,var distance inter class test:0.00000
=> saved checkpoint 'checkpoints_CNN/mnist_struct_baseline_scheduler_binary_15_sdl_50/last' (iter 19170, epoch 71.0)
=> saved checkpoint 'checkpoint_scores_CNN/mnist_struct_baseline_scheduler_binary_15_sdl_50/last' (iter 19170, epoch 71.0)
EarlyStopping counter: 22 out of 25
[Save Checkpoint] epoch: [71.0], Train score:104.70833, Test score:90.41000, train loss:0.11446, test loss:0.21105, ratio_train_loss:0.00000,ratio_test_loss:0.00000, var distance inter class train:0.00000,var distance inter class test:0.00000
=> saved checkpoint 'checkpoints_CNN/mnist_struct_baseline_scheduler_binary_15_sdl_50/last' (iter 19440, epoch 72.0)
=> saved checkpoint 'checkpoint_scores_CNN/mnist_struct_baseline_scheduler_binary_15_sdl_50/last' (iter 19440, epoch 72.0)
EarlyStopping counter: 23 out of 25
[Save Checkpoint] epoch: [72.0], Train score:104.71000, Test score:90.40000, train loss:0.11454, test loss:0.21120, ratio_train_loss:0.00000,ratio_test_loss:0.00000, var distance inter class train:0.00000,var distance inter class test:0.00000
=> saved checkpoint 'checkpoints_CNN/mnist_struct_baseline_scheduler_binary_15_sdl_50/last' (iter 19710, epoch 73.0)
=> saved checkpoint 'checkpoint_scores_CNN/mnist_struct_baseline_scheduler_binary_15_sdl_50/last' (iter 19710, epoch 73.0)
EarlyStopping counter: 24 out of 25
[Save Checkpoint] epoch: [73.0], Train score:104.71667, Test score:90.41000, train loss:0.11445, test loss:0.21123, ratio_train_loss:0.00000,ratio_test_loss:0.00000, var distance inter class train:0.00000,var distance inter class test:0.00000
=> saved checkpoint 'checkpoints_CNN/mnist_struct_baseline_scheduler_binary_15_sdl_50/last' (iter 19980, epoch 74.0)
=> saved checkpoint 'checkpoint_scores_CNN/mnist_struct_baseline_scheduler_binary_15_sdl_50/last' (iter 19980, epoch 74.0)
EarlyStopping counter: 25 out of 25
[Save Checkpoint] epoch: [74.0], Train score:104.72167, Test score:90.40000, train loss:0.11436, test loss:0.21133, ratio_train_loss:0.00000,ratio_test_loss:0.00000, var distance inter class train:0.00000,var distance inter class test:0.00000
Early stopping
[Training Finished]
All done !
