10
--gpu_devices 0 --max_iter 100 --batch_size 250 --use_scheduler True --lr 1e-3 --GMP True --z_struct_size 10 --is_VAE True --is_encoder_struct False --lambda_BCE 1 --beta 1 --big_kernel_size 8 --two_conv_layer True --three_conv_layer True --kernel_size_1 4 --kernel_size_2 4 --kernel_size_3 4 --BK_in_first_layer True --BK_in_second_layer False --BK_in_third_layer False --stride_size 1 --hidden_filters_layer1 64 --hidden_filters_layer2 64 --hidden_filters_layer3 64 --dataset_balanced True --binary_z True --binary_first_conv False --binary_second_conv False --binary_third_conv True --z_var_size 10 --z_struct_size 25 --use_small_lr_encoder_var True --encoder_var_name mnist_vae_var_2cb_10 --encoder_struct_name mnist_struct_baseline_scheduler_binary_25 --both_decoders_freeze True --freeze_Encoder True --exp_name mnist_VAE_s25_v10_BF
Namespace(BK_in_first_layer=True, BK_in_second_layer=False, BK_in_third_layer=False, BN=False, C_max=25, C_stop_iter=100000.0, E1_AE=False, E1_VAE=False, E1_conv=False, E1_dense=False, E1_second_conv=False, E1_second_conv_adapt=False, GMP=True, Hmg_dst_loss=False, IPC=False, L1_norm_act=False, L1_norm_weights=False, L3_without_random=False, LOG_DIR='logs', adapt_lr=False, add_classification_layer=True, add_linear_after_GMP=True, add_z_struct_bottleneck=False, alpha=32, batch_size=250, beta=1.0, beta1=0.9, beta2=0.999, big_kernel=False, big_kernel_size=8, binary_chain=False, binary_first_conv=False, binary_second_conv=False, binary_third_conv=True, binary_z=True, both_decoders_freeze=True, ckpt_dir='checkpoints_CNN', ckpt_dir_scores='checkpoint_scores_CNN', classif_layer_size=30, contrastive_loss=False, cuda=True, dataset='mnist', dataset_balanced=True, decoder_first_dense=36, decoder_kernel_size_1=4, decoder_kernel_size_2=3, decoder_kernel_size_3=4, decoder_n_filter_1=64, decoder_n_filter_2=64, decoder_n_filter_3=64, decoder_stride_1=2, decoder_stride_2=2, decoder_stride_3=1, diff_var=False, display_step=10000, dset_dir='data', encoder_struct_name='mnist_struct_baseline_scheduler_binary_25', encoder_var_name='mnist_vae_var_2cb_10', exp_name='mnist_VAE_s25_v10_BF', freeze_Encoder=True, gamma=1000, gpu_devices=[0], hidden_filters_layer1=64, hidden_filters_layer2=64, hidden_filters_layer3=64, image_size=64, intra_class_variance_loss=False, is_C=True, is_E1=False, is_VAE=True, is_VAE_var=False, is_binary_structural_latent=False, is_custom_model=False, is_custom_model_BK=False, is_default_model=False, is_encoder_struct=False, is_noise_stats=False, is_partial_rand_class=False, is_perturbed_score=False, is_zvar_sim_loss=False, just_train=False, kernel_size=4, kernel_size_1=4, kernel_size_2=4, kernel_size_3=4, lambda_BCE=1.0, lambda_Kl_struct=1, lambda_Kl_var=1, lambda_L1=0.01, lambda_VAE=1, lambda_class=1, lambda_contrastive_loss=1, lambda_distance_mean=1, lambda_hmg_dst=1, lambda_intra_class_var=1, lambda_partial_class=1, lambda_ratio_reg=1, lambda_recon_wt_rand=1, lambda_recons=1, lambda_uniq_code_dst=1, lambda_var_distance=1, lambda_var_inter=1, lambda_var_intra=1, lambda_zvar_sim=1, latent_spec_cont=None, latent_spec_cont_class=None, latent_spec_cont_var=None, latent_spec_disc=None, latent_spec_disc_class=None, latent_spec_disc_var=None, log_level='info', loss='Proxy_Anchor', loss_distance_mean=False, loss_min_distance_cl=False, lr=0.001, max_epoch_use_uniq_code_target=5, max_iter=100.0, model='CNN', mrg=0.1, nb_epochs_train_only_zvar=0, num_workers=2, old_weighted=False, optimizer='adamw', other_architecture=False, other_ratio=False, random_percentage=0.2, random_seed=10, randomness=True, ratio_reg=False, remark='', save_step=10000, second_layer_C=False, seed=1, stride_size=1, sz_embedding=5, three_conv_layer=True, train=True, train_var_struct_alternatively=False, two_conv_layer=True, two_encoder=False, uniq_code_dst_loss=False, use_VAE=False, use_decoder=False, use_early_stopping=True, use_scheduler=True, use_small_lr_encoder_var=True, use_structural_encoder=False, value_target_distance_mean=1, var_hidden_dim=256, var_hidden_filters_1=32, var_hidden_filters_2=32, var_hidden_filters_3=32, var_kernel_size_1=3, var_kernel_size_2=3, var_kernel_size_3=3, var_second_cnn_block=True, var_stride_size_1=1, var_stride_size_2=1, var_stride_size_3=1, var_third_cnn_block=False, var_three_conv_layer=False, warm=1, without_acc=False, z_struct_size=25, z_var_size=10, zeros_W_Classif=False, zvar_sim_change_zvar=False, zvar_sim_loss_for_all_model=False, zvar_sim_loss_only_for_encoder=False, zvar_sim_normal=False, zvar_sim_var_rand=False)
CUDA Visible devices !
[Using Seed: 10]
Balanced dataset loaded
VAE doesn't exist but encoder var yes ! load var encoder weighs !
=> loaded checkpoint 'checkpoints_CNN/mnist_vae_var_2cb_10/last (iter 82500)'
Weighs loaded for var encoder !
VAE doesn't exist but encoder struct yes ! load struct encoder weighs !
=> loaded checkpoint 'checkpoints_CNN/mnist_struct_baseline_scheduler_binary_25/last (iter 20250)'
Weighs loaded for struct encoder !
use 1 gpu who named: Tesla V100-SXM2-32GB
VAE(
  (encoder_struct): Sequential(
    (0): Conv2d(1, 64, kernel_size=(8, 8), stride=(1, 1))
    (1): BatchNorm2d(64, eps=1e-05, momentum=0.1, affine=True, track_running_stats=True)
    (2): ReLU(inplace=True)
    (3): Conv2d(64, 64, kernel_size=(4, 4), stride=(1, 1))
    (4): BatchNorm2d(64, eps=1e-05, momentum=0.1, affine=True, track_running_stats=True)
    (5): ReLU(inplace=True)
    (6): Conv2d(64, 25, kernel_size=(4, 4), stride=(1, 1))
    (7): DeterministicBinaryActivation(
      (act): Hardsigmoid(
        (act): Hardtanh(min_val=-1.0, max_val=1.0)
      )
    )
    (8): AdaptiveMaxPool2d(output_size=(1, 1))
    (9): View()
  )
  (encoder_var): Sequential(
    (0): Conv2d(1, 32, kernel_size=(3, 3), stride=(1, 1))
    (1): ReLU(inplace=True)
    (2): BatchNorm2d(32, eps=1e-05, momentum=0.1, affine=True, track_running_stats=True)
    (3): Conv2d(32, 32, kernel_size=(3, 3), stride=(1, 1))
    (4): ReLU(inplace=True)
    (5): BatchNorm2d(32, eps=1e-05, momentum=0.1, affine=True, track_running_stats=True)
    (6): Conv2d(32, 32, kernel_size=(5, 5), stride=(2, 2), padding=(2, 2))
    (7): ReLU(inplace=True)
    (8): BatchNorm2d(32, eps=1e-05, momentum=0.1, affine=True, track_running_stats=True)
    (9): Dropout(p=0.4, inplace=False)
    (10): Conv2d(32, 64, kernel_size=(3, 3), stride=(1, 1))
    (11): ReLU(inplace=True)
    (12): BatchNorm2d(64, eps=1e-05, momentum=0.1, affine=True, track_running_stats=True)
    (13): Conv2d(64, 64, kernel_size=(3, 3), stride=(1, 1))
    (14): ReLU(inplace=True)
    (15): BatchNorm2d(64, eps=1e-05, momentum=0.1, affine=True, track_running_stats=True)
    (16): Conv2d(64, 64, kernel_size=(5, 5), stride=(2, 2), padding=(2, 2))
    (17): ReLU(inplace=True)
    (18): BatchNorm2d(64, eps=1e-05, momentum=0.1, affine=True, track_running_stats=True)
    (19): Dropout(p=0.4, inplace=False)
    (20): View()
    (21): Linear(in_features=1600, out_features=20, bias=True)
  )
  (decoder): Sequential(
    (0): Linear(in_features=35, out_features=1600, bias=True)
    (1): ReLU(inplace=True)
    (2): View()
    (3): ConvTranspose2d(64, 64, kernel_size=(4, 4), stride=(2, 2), padding=(1, 1))
    (4): ReLU(inplace=True)
    (5): ConvTranspose2d(64, 64, kernel_size=(3, 3), stride=(1, 1))
    (6): ReLU(inplace=True)
    (7): ConvTranspose2d(64, 32, kernel_size=(3, 3), stride=(1, 1))
    (8): ReLU(inplace=True)
    (9): ConvTranspose2d(32, 32, kernel_size=(4, 4), stride=(2, 2), padding=(1, 1))
    (10): ReLU(inplace=True)
    (11): ConvTranspose2d(32, 32, kernel_size=(3, 3), stride=(1, 1))
    (12): ReLU(inplace=True)
    (13): ConvTranspose2d(32, 1, kernel_size=(3, 3), stride=(1, 1))
    (14): Sigmoid()
  )
)
The number of parameters of model is 525870
use smaller lr for encoder var !
=> saved checkpoint 'checkpoints_CNN/mnist_VAE_s25_v10_BF/last' (iter 270, epoch 1.0)
=> saved checkpoint 'checkpoint_scores_CNN/mnist_VAE_s25_v10_BF/last' (iter 270, epoch 1.0)
[Save Checkpoint] epoch: [1.0], Train: total:5343.90527, BCE:-15.35177, KLD:5359.25391,Test: total:21287.35742, BCE:-15.38198, KLD:21302.73828
=> saved checkpoint 'checkpoints_CNN/mnist_VAE_s25_v10_BF/last' (iter 540, epoch 2.0)
=> saved checkpoint 'checkpoint_scores_CNN/mnist_VAE_s25_v10_BF/last' (iter 540, epoch 2.0)
[Save Checkpoint] epoch: [2.0], Train: total:5341.12891, BCE:-17.27368, KLD:5358.40381,Test: total:21282.03320, BCE:-17.28508, KLD:21299.31836
=> saved checkpoint 'checkpoints_CNN/mnist_VAE_s25_v10_BF/last' (iter 810, epoch 3.0)
=> saved checkpoint 'checkpoint_scores_CNN/mnist_VAE_s25_v10_BF/last' (iter 810, epoch 3.0)
[Save Checkpoint] epoch: [3.0], Train: total:5342.20459, BCE:-16.61201, KLD:5358.81885,Test: total:21284.35156, BCE:-16.60492, KLD:21300.95898
=> saved checkpoint 'checkpoints_CNN/mnist_VAE_s25_v10_BF/last' (iter 1080, epoch 4.0)
=> saved checkpoint 'checkpoint_scores_CNN/mnist_VAE_s25_v10_BF/last' (iter 1080, epoch 4.0)
[Save Checkpoint] epoch: [4.0], Train: total:5343.96436, BCE:-15.17149, KLD:5359.13818,Test: total:21287.00781, BCE:-15.15322, KLD:21302.16016
=> saved checkpoint 'checkpoints_CNN/mnist_VAE_s25_v10_BF/last' (iter 1350, epoch 5.0)
=> saved checkpoint 'checkpoint_scores_CNN/mnist_VAE_s25_v10_BF/last' (iter 1350, epoch 5.0)
[Save Checkpoint] epoch: [5.0], Train: total:5344.00732, BCE:-13.78368, KLD:5357.79346,Test: total:21283.09570, BCE:-13.75132, KLD:21296.84570
=> saved checkpoint 'checkpoints_CNN/mnist_VAE_s25_v10_BF/last' (iter 1620, epoch 6.0)
=> saved checkpoint 'checkpoint_scores_CNN/mnist_VAE_s25_v10_BF/last' (iter 1620, epoch 6.0)
[Save Checkpoint] epoch: [6.0], Train: total:5346.09131, BCE:-13.32089, KLD:5359.41162,Test: total:21289.93164, BCE:-13.29655, KLD:21303.22461
=> saved checkpoint 'checkpoints_CNN/mnist_VAE_s25_v10_BF/last' (iter 1890, epoch 7.0)
=> saved checkpoint 'checkpoint_scores_CNN/mnist_VAE_s25_v10_BF/last' (iter 1890, epoch 7.0)
[Save Checkpoint] epoch: [7.0], Train: total:5346.46387, BCE:-11.96008, KLD:5358.42188,Test: total:21287.45117, BCE:-11.95391, KLD:21299.40430
=> saved checkpoint 'checkpoints_CNN/mnist_VAE_s25_v10_BF/last' (iter 2160, epoch 8.0)
=> saved checkpoint 'checkpoint_scores_CNN/mnist_VAE_s25_v10_BF/last' (iter 2160, epoch 8.0)
[Save Checkpoint] epoch: [8.0], Train: total:5347.02930, BCE:-12.30104, KLD:5359.32764,Test: total:21290.70117, BCE:-12.32363, KLD:21303.02344
=> saved checkpoint 'checkpoints_CNN/mnist_VAE_s25_v10_BF/last' (iter 2430, epoch 9.0)
=> saved checkpoint 'checkpoint_scores_CNN/mnist_VAE_s25_v10_BF/last' (iter 2430, epoch 9.0)
[Save Checkpoint] epoch: [9.0], Train: total:5345.55273, BCE:-12.12262, KLD:5357.67480,Test: total:21284.27930, BCE:-12.13660, KLD:21296.41992
=> saved checkpoint 'checkpoints_CNN/mnist_VAE_s25_v10_BF/last' (iter 2700, epoch 10.0)
=> saved checkpoint 'checkpoint_scores_CNN/mnist_VAE_s25_v10_BF/last' (iter 2700, epoch 10.0)
[Save Checkpoint] epoch: [10.0], Train: total:5345.90430, BCE:-12.12248, KLD:5358.02588,Test: total:21285.76758, BCE:-12.14413, KLD:21297.91211
=> saved checkpoint 'checkpoints_CNN/mnist_VAE_s25_v10_BF/last' (iter 2970, epoch 11.0)
=> saved checkpoint 'checkpoint_scores_CNN/mnist_VAE_s25_v10_BF/last' (iter 2970, epoch 11.0)
[Save Checkpoint] epoch: [11.0], Train: total:5345.95215, BCE:-11.91486, KLD:5357.87012,Test: total:21285.19922, BCE:-11.98102, KLD:21297.17969
=> saved checkpoint 'checkpoints_CNN/mnist_VAE_s25_v10_BF/last' (iter 3240, epoch 12.0)
=> saved checkpoint 'checkpoint_scores_CNN/mnist_VAE_s25_v10_BF/last' (iter 3240, epoch 12.0)
EarlyStopping counter: 1 out of 25
[Save Checkpoint] epoch: [12.0], Train: total:5347.24072, BCE:-11.83535, KLD:5359.07373,Test: total:21290.12500, BCE:-11.87447, KLD:21301.99805
=> saved checkpoint 'checkpoints_CNN/mnist_VAE_s25_v10_BF/last' (iter 3510, epoch 13.0)
=> saved checkpoint 'checkpoint_scores_CNN/mnist_VAE_s25_v10_BF/last' (iter 3510, epoch 13.0)
[Save Checkpoint] epoch: [13.0], Train: total:5347.19775, BCE:-11.67878, KLD:5358.87646,Test: total:21289.50195, BCE:-11.73001, KLD:21301.23047
=> saved checkpoint 'checkpoints_CNN/mnist_VAE_s25_v10_BF/last' (iter 3780, epoch 14.0)
=> saved checkpoint 'checkpoint_scores_CNN/mnist_VAE_s25_v10_BF/last' (iter 3780, epoch 14.0)
[Save Checkpoint] epoch: [14.0], Train: total:5346.90430, BCE:-11.87642, KLD:5358.78125,Test: total:21288.84180, BCE:-11.94060, KLD:21300.78516
=> saved checkpoint 'checkpoints_CNN/mnist_VAE_s25_v10_BF/last' (iter 4050, epoch 15.0)
=> saved checkpoint 'checkpoint_scores_CNN/mnist_VAE_s25_v10_BF/last' (iter 4050, epoch 15.0)
EarlyStopping counter: 1 out of 25
[Save Checkpoint] epoch: [15.0], Train: total:5346.81055, BCE:-11.85458, KLD:5358.66797,Test: total:21288.44336, BCE:-11.93180, KLD:21300.37500
=> saved checkpoint 'checkpoints_CNN/mnist_VAE_s25_v10_BF/last' (iter 4320, epoch 16.0)
=> saved checkpoint 'checkpoint_scores_CNN/mnist_VAE_s25_v10_BF/last' (iter 4320, epoch 16.0)
[Save Checkpoint] epoch: [16.0], Train: total:5345.76660, BCE:-12.01795, KLD:5357.78662,Test: total:21284.85156, BCE:-12.11931, KLD:21296.97266
=> saved checkpoint 'checkpoints_CNN/mnist_VAE_s25_v10_BF/last' (iter 4590, epoch 17.0)
=> saved checkpoint 'checkpoint_scores_CNN/mnist_VAE_s25_v10_BF/last' (iter 4590, epoch 17.0)
[Save Checkpoint] epoch: [17.0], Train: total:5347.78564, BCE:-11.72085, KLD:5359.50781,Test: total:21291.90820, BCE:-11.82333, KLD:21303.73242
=> saved checkpoint 'checkpoints_CNN/mnist_VAE_s25_v10_BF/last' (iter 4860, epoch 18.0)
=> saved checkpoint 'checkpoint_scores_CNN/mnist_VAE_s25_v10_BF/last' (iter 4860, epoch 18.0)
EarlyStopping counter: 1 out of 25
[Save Checkpoint] epoch: [18.0], Train: total:5345.65576, BCE:-12.46083, KLD:5358.11719,Test: total:21285.60156, BCE:-12.59898, KLD:21298.20117
=> saved checkpoint 'checkpoints_CNN/mnist_VAE_s25_v10_BF/last' (iter 5130, epoch 19.0)
=> saved checkpoint 'checkpoint_scores_CNN/mnist_VAE_s25_v10_BF/last' (iter 5130, epoch 19.0)
EarlyStopping counter: 2 out of 25
[Save Checkpoint] epoch: [19.0], Train: total:5346.06982, BCE:-12.54677, KLD:5358.61719,Test: total:21287.54492, BCE:-12.66996, KLD:21300.21484
=> saved checkpoint 'checkpoints_CNN/mnist_VAE_s25_v10_BF/last' (iter 5400, epoch 20.0)
=> saved checkpoint 'checkpoint_scores_CNN/mnist_VAE_s25_v10_BF/last' (iter 5400, epoch 20.0)
EarlyStopping counter: 3 out of 25
[Save Checkpoint] epoch: [20.0], Train: total:5347.00684, BCE:-12.80755, KLD:5359.81543,Test: total:21291.91406, BCE:-12.96185, KLD:21304.87500
=> saved checkpoint 'checkpoints_CNN/mnist_VAE_s25_v10_BF/last' (iter 5670, epoch 21.0)
=> saved checkpoint 'checkpoint_scores_CNN/mnist_VAE_s25_v10_BF/last' (iter 5670, epoch 21.0)
EarlyStopping counter: 4 out of 25
[Save Checkpoint] epoch: [21.0], Train: total:5346.13623, BCE:-13.21257, KLD:5359.34521,Test: total:21289.64453, BCE:-13.36653, KLD:21303.01172
=> saved checkpoint 'checkpoints_CNN/mnist_VAE_s25_v10_BF/last' (iter 5940, epoch 22.0)
=> saved checkpoint 'checkpoint_scores_CNN/mnist_VAE_s25_v10_BF/last' (iter 5940, epoch 22.0)
[Save Checkpoint] epoch: [22.0], Train: total:5345.80029, BCE:-12.96570, KLD:5358.76514,Test: total:21287.70508, BCE:-13.11145, KLD:21300.81836
=> saved checkpoint 'checkpoints_CNN/mnist_VAE_s25_v10_BF/last' (iter 6210, epoch 23.0)
=> saved checkpoint 'checkpoint_scores_CNN/mnist_VAE_s25_v10_BF/last' (iter 6210, epoch 23.0)
[Save Checkpoint] epoch: [23.0], Train: total:5345.22852, BCE:-13.38408, KLD:5358.61035,Test: total:21286.51758, BCE:-13.57391, KLD:21300.09375
=> saved checkpoint 'checkpoints_CNN/mnist_VAE_s25_v10_BF/last' (iter 6480, epoch 24.0)
=> saved checkpoint 'checkpoint_scores_CNN/mnist_VAE_s25_v10_BF/last' (iter 6480, epoch 24.0)
[Save Checkpoint] epoch: [24.0], Train: total:5344.42334, BCE:-14.04278, KLD:5358.46582,Test: total:21285.29492, BCE:-14.24061, KLD:21299.53711
=> saved checkpoint 'checkpoints_CNN/mnist_VAE_s25_v10_BF/last' (iter 6750, epoch 25.0)
=> saved checkpoint 'checkpoint_scores_CNN/mnist_VAE_s25_v10_BF/last' (iter 6750, epoch 25.0)
[Save Checkpoint] epoch: [25.0], Train: total:5345.04932, BCE:-13.81402, KLD:5358.86426,Test: total:21287.15430, BCE:-13.98474, KLD:21301.13867
=> saved checkpoint 'checkpoints_CNN/mnist_VAE_s25_v10_BF/last' (iter 7020, epoch 26.0)
=> saved checkpoint 'checkpoint_scores_CNN/mnist_VAE_s25_v10_BF/last' (iter 7020, epoch 26.0)
EarlyStopping counter: 1 out of 25
[Save Checkpoint] epoch: [26.0], Train: total:5344.58398, BCE:-14.63895, KLD:5359.22168,Test: total:21287.72852, BCE:-14.86884, KLD:21302.59570
=> saved checkpoint 'checkpoints_CNN/mnist_VAE_s25_v10_BF/last' (iter 7290, epoch 27.0)
=> saved checkpoint 'checkpoint_scores_CNN/mnist_VAE_s25_v10_BF/last' (iter 7290, epoch 27.0)
EarlyStopping counter: 2 out of 25
[Save Checkpoint] epoch: [27.0], Train: total:5342.65088, BCE:-15.03405, KLD:5357.68604,Test: total:21281.19531, BCE:-15.24825, KLD:21296.44336
=> saved checkpoint 'checkpoints_CNN/mnist_VAE_s25_v10_BF/last' (iter 7560, epoch 28.0)
=> saved checkpoint 'checkpoint_scores_CNN/mnist_VAE_s25_v10_BF/last' (iter 7560, epoch 28.0)
EarlyStopping counter: 3 out of 25
[Save Checkpoint] epoch: [28.0], Train: total:5343.52490, BCE:-14.97488, KLD:5358.50098,Test: total:21284.54297, BCE:-15.21899, KLD:21299.76172
=> saved checkpoint 'checkpoints_CNN/mnist_VAE_s25_v10_BF/last' (iter 7830, epoch 29.0)
=> saved checkpoint 'checkpoint_scores_CNN/mnist_VAE_s25_v10_BF/last' (iter 7830, epoch 29.0)
EarlyStopping counter: 4 out of 25
[Save Checkpoint] epoch: [29.0], Train: total:5342.90820, BCE:-15.83690, KLD:5358.74707,Test: total:21284.58789, BCE:-16.08303, KLD:21300.67383
=> saved checkpoint 'checkpoints_CNN/mnist_VAE_s25_v10_BF/last' (iter 8100, epoch 30.0)
=> saved checkpoint 'checkpoint_scores_CNN/mnist_VAE_s25_v10_BF/last' (iter 8100, epoch 30.0)
[Save Checkpoint] epoch: [30.0], Train: total:5343.03174, BCE:-15.82378, KLD:5358.85303,Test: total:21284.97852, BCE:-16.07729, KLD:21301.05273
=> saved checkpoint 'checkpoints_CNN/mnist_VAE_s25_v10_BF/last' (iter 8370, epoch 31.0)
=> saved checkpoint 'checkpoint_scores_CNN/mnist_VAE_s25_v10_BF/last' (iter 8370, epoch 31.0)
EarlyStopping counter: 1 out of 25
[Save Checkpoint] epoch: [31.0], Train: total:5342.10840, BCE:-16.25593, KLD:5358.36475,Test: total:21282.74805, BCE:-16.49690, KLD:21299.24805
=> saved checkpoint 'checkpoints_CNN/mnist_VAE_s25_v10_BF/last' (iter 8640, epoch 32.0)
=> saved checkpoint 'checkpoint_scores_CNN/mnist_VAE_s25_v10_BF/last' (iter 8640, epoch 32.0)
EarlyStopping counter: 2 out of 25
[Save Checkpoint] epoch: [32.0], Train: total:5342.44922, BCE:-16.65896, KLD:5359.11182,Test: total:21285.06641, BCE:-16.92970, KLD:21301.99609
=> saved checkpoint 'checkpoints_CNN/mnist_VAE_s25_v10_BF/last' (iter 8910, epoch 33.0)
=> saved checkpoint 'checkpoint_scores_CNN/mnist_VAE_s25_v10_BF/last' (iter 8910, epoch 33.0)
[Save Checkpoint] epoch: [33.0], Train: total:5340.52930, BCE:-17.92116, KLD:5358.44678,Test: total:21281.27148, BCE:-18.21034, KLD:21299.48242
=> saved checkpoint 'checkpoints_CNN/mnist_VAE_s25_v10_BF/last' (iter 9180, epoch 34.0)
=> saved checkpoint 'checkpoint_scores_CNN/mnist_VAE_s25_v10_BF/last' (iter 9180, epoch 34.0)
EarlyStopping counter: 1 out of 25
[Save Checkpoint] epoch: [34.0], Train: total:5340.72070, BCE:-17.39808, KLD:5358.11719,Test: total:21280.54102, BCE:-17.64198, KLD:21298.18164
=> saved checkpoint 'checkpoints_CNN/mnist_VAE_s25_v10_BF/last' (iter 9450, epoch 35.0)
=> saved checkpoint 'checkpoint_scores_CNN/mnist_VAE_s25_v10_BF/last' (iter 9450, epoch 35.0)
[Save Checkpoint] epoch: [35.0], Train: total:5340.37061, BCE:-17.71667, KLD:5358.08789,Test: total:21280.08984, BCE:-17.98356, KLD:21298.07227
=> saved checkpoint 'checkpoints_CNN/mnist_VAE_s25_v10_BF/last' (iter 9720, epoch 36.0)
=> saved checkpoint 'checkpoint_scores_CNN/mnist_VAE_s25_v10_BF/last' (iter 9720, epoch 36.0)
EarlyStopping counter: 1 out of 25
[Save Checkpoint] epoch: [36.0], Train: total:5340.93311, BCE:-18.72425, KLD:5359.66064,Test: total:21285.34180, BCE:-18.99995, KLD:21304.34180
=> saved checkpoint 'checkpoints_CNN/mnist_VAE_s25_v10_BF/last' (iter 9990, epoch 37.0)
=> saved checkpoint 'checkpoint_scores_CNN/mnist_VAE_s25_v10_BF/last' (iter 9990, epoch 37.0)
EarlyStopping counter: 2 out of 25
[Save Checkpoint] epoch: [37.0], Train: total:5338.85986, BCE:-19.04898, KLD:5357.90918,Test: total:21278.05273, BCE:-19.32520, KLD:21297.37695
=> saved checkpoint 'checkpoints_CNN/mnist_VAE_s25_v10_BF/last' (iter 10260, epoch 38.0)
=> saved checkpoint 'checkpoint_scores_CNN/mnist_VAE_s25_v10_BF/last' (iter 10260, epoch 38.0)
EarlyStopping counter: 3 out of 25
[Save Checkpoint] epoch: [38.0], Train: total:5339.76270, BCE:-18.96380, KLD:5358.72754,Test: total:21281.40430, BCE:-19.21888, KLD:21300.62500
=> saved checkpoint 'checkpoints_CNN/mnist_VAE_s25_v10_BF/last' (iter 10530, epoch 39.0)
=> saved checkpoint 'checkpoint_scores_CNN/mnist_VAE_s25_v10_BF/last' (iter 10530, epoch 39.0)
EarlyStopping counter: 4 out of 25
[Save Checkpoint] epoch: [39.0], Train: total:5337.91455, BCE:-19.85867, KLD:5357.77393,Test: total:21276.71094, BCE:-20.13968, KLD:21296.84961
Epoch    40: reducing learning rate of group 0 to 2.0000e-04.
Epoch    40: reducing learning rate of group 1 to 2.0000e-06.
=> saved checkpoint 'checkpoints_CNN/mnist_VAE_s25_v10_BF/last' (iter 10800, epoch 40.0)
=> saved checkpoint 'checkpoint_scores_CNN/mnist_VAE_s25_v10_BF/last' (iter 10800, epoch 40.0)
[Save Checkpoint] epoch: [40.0], Train: total:5338.38184, BCE:-19.72222, KLD:5358.10400,Test: total:21278.10938, BCE:-20.00063, KLD:21298.11328
=> saved checkpoint 'checkpoints_CNN/mnist_VAE_s25_v10_BF/last' (iter 11070, epoch 41.0)
=> saved checkpoint 'checkpoint_scores_CNN/mnist_VAE_s25_v10_BF/last' (iter 11070, epoch 41.0)
[Save Checkpoint] epoch: [41.0], Train: total:5338.78223, BCE:-20.26074, KLD:5359.04150,Test: total:21281.36914, BCE:-20.54485, KLD:21301.91602
=> saved checkpoint 'checkpoints_CNN/mnist_VAE_s25_v10_BF/last' (iter 11340, epoch 42.0)
=> saved checkpoint 'checkpoint_scores_CNN/mnist_VAE_s25_v10_BF/last' (iter 11340, epoch 42.0)
EarlyStopping counter: 1 out of 25
[Save Checkpoint] epoch: [42.0], Train: total:5337.41113, BCE:-20.52565, KLD:5357.93555,Test: total:21276.56836, BCE:-20.80338, KLD:21297.37109
=> saved checkpoint 'checkpoints_CNN/mnist_VAE_s25_v10_BF/last' (iter 11610, epoch 43.0)
=> saved checkpoint 'checkpoint_scores_CNN/mnist_VAE_s25_v10_BF/last' (iter 11610, epoch 43.0)
EarlyStopping counter: 2 out of 25
[Save Checkpoint] epoch: [43.0], Train: total:5337.76904, BCE:-21.07499, KLD:5358.84375,Test: total:21279.80273, BCE:-21.37844, KLD:21301.17969
=> saved checkpoint 'checkpoints_CNN/mnist_VAE_s25_v10_BF/last' (iter 11880, epoch 44.0)
=> saved checkpoint 'checkpoint_scores_CNN/mnist_VAE_s25_v10_BF/last' (iter 11880, epoch 44.0)
[Save Checkpoint] epoch: [44.0], Train: total:5337.16846, BCE:-20.76077, KLD:5357.92725,Test: total:21276.37109, BCE:-21.05678, KLD:21297.42773
=> saved checkpoint 'checkpoints_CNN/mnist_VAE_s25_v10_BF/last' (iter 12150, epoch 45.0)
=> saved checkpoint 'checkpoint_scores_CNN/mnist_VAE_s25_v10_BF/last' (iter 12150, epoch 45.0)
EarlyStopping counter: 1 out of 25
[Save Checkpoint] epoch: [45.0], Train: total:5337.10791, BCE:-20.92920, KLD:5358.03516,Test: total:21276.57422, BCE:-21.21625, KLD:21297.78906
=> saved checkpoint 'checkpoints_CNN/mnist_VAE_s25_v10_BF/last' (iter 12420, epoch 46.0)
=> saved checkpoint 'checkpoint_scores_CNN/mnist_VAE_s25_v10_BF/last' (iter 12420, epoch 46.0)
EarlyStopping counter: 2 out of 25
[Save Checkpoint] epoch: [46.0], Train: total:5337.62891, BCE:-21.00489, KLD:5358.63721,Test: total:21278.91602, BCE:-21.31102, KLD:21300.22656
=> saved checkpoint 'checkpoints_CNN/mnist_VAE_s25_v10_BF/last' (iter 12690, epoch 47.0)
=> saved checkpoint 'checkpoint_scores_CNN/mnist_VAE_s25_v10_BF/last' (iter 12690, epoch 47.0)
EarlyStopping counter: 3 out of 25
[Save Checkpoint] epoch: [47.0], Train: total:5337.93311, BCE:-21.06901, KLD:5359.00146,Test: total:21280.19727, BCE:-21.36893, KLD:21301.56836
=> saved checkpoint 'checkpoints_CNN/mnist_VAE_s25_v10_BF/last' (iter 12960, epoch 48.0)
=> saved checkpoint 'checkpoint_scores_CNN/mnist_VAE_s25_v10_BF/last' (iter 12960, epoch 48.0)
EarlyStopping counter: 4 out of 25
[Save Checkpoint] epoch: [48.0], Train: total:5336.96777, BCE:-21.13089, KLD:5358.10010,Test: total:21276.70703, BCE:-21.44812, KLD:21298.15625
Epoch    49: reducing learning rate of group 0 to 4.0000e-05.
Epoch    49: reducing learning rate of group 1 to 1.0000e-06.
=> saved checkpoint 'checkpoints_CNN/mnist_VAE_s25_v10_BF/last' (iter 13230, epoch 49.0)
=> saved checkpoint 'checkpoint_scores_CNN/mnist_VAE_s25_v10_BF/last' (iter 13230, epoch 49.0)
EarlyStopping counter: 5 out of 25
[Save Checkpoint] epoch: [49.0], Train: total:5337.46826, BCE:-21.24501, KLD:5358.71436,Test: total:21278.99414, BCE:-21.54062, KLD:21300.53711
=> saved checkpoint 'checkpoints_CNN/mnist_VAE_s25_v10_BF/last' (iter 13500, epoch 50.0)
=> saved checkpoint 'checkpoint_scores_CNN/mnist_VAE_s25_v10_BF/last' (iter 13500, epoch 50.0)
EarlyStopping counter: 6 out of 25
[Save Checkpoint] epoch: [50.0], Train: total:5336.63086, BCE:-21.41230, KLD:5358.04150,Test: total:21276.24414, BCE:-21.70695, KLD:21297.95117
=> saved checkpoint 'checkpoints_CNN/mnist_VAE_s25_v10_BF/last' (iter 13770, epoch 51.0)
=> saved checkpoint 'checkpoint_scores_CNN/mnist_VAE_s25_v10_BF/last' (iter 13770, epoch 51.0)
EarlyStopping counter: 7 out of 25
[Save Checkpoint] epoch: [51.0], Train: total:5337.53760, BCE:-21.43084, KLD:5358.96875,Test: total:21279.83984, BCE:-21.71098, KLD:21301.55078
=> saved checkpoint 'checkpoints_CNN/mnist_VAE_s25_v10_BF/last' (iter 14040, epoch 52.0)
=> saved checkpoint 'checkpoint_scores_CNN/mnist_VAE_s25_v10_BF/last' (iter 14040, epoch 52.0)
[Save Checkpoint] epoch: [52.0], Train: total:5336.15625, BCE:-21.45168, KLD:5357.60449,Test: total:21274.32422, BCE:-21.75827, KLD:21296.07812
=> saved checkpoint 'checkpoints_CNN/mnist_VAE_s25_v10_BF/last' (iter 14310, epoch 53.0)
=> saved checkpoint 'checkpoint_scores_CNN/mnist_VAE_s25_v10_BF/last' (iter 14310, epoch 53.0)
[Save Checkpoint] epoch: [53.0], Train: total:5337.81152, BCE:-21.54123, KLD:5359.35303,Test: total:21281.21289, BCE:-21.83953, KLD:21303.05273
=> saved checkpoint 'checkpoints_CNN/mnist_VAE_s25_v10_BF/last' (iter 14580, epoch 54.0)
=> saved checkpoint 'checkpoint_scores_CNN/mnist_VAE_s25_v10_BF/last' (iter 14580, epoch 54.0)
[Save Checkpoint] epoch: [54.0], Train: total:5338.74854, BCE:-21.41460, KLD:5360.16455,Test: total:21284.59766, BCE:-21.70757, KLD:21306.30469
=> saved checkpoint 'checkpoints_CNN/mnist_VAE_s25_v10_BF/last' (iter 14850, epoch 55.0)
=> saved checkpoint 'checkpoint_scores_CNN/mnist_VAE_s25_v10_BF/last' (iter 14850, epoch 55.0)
EarlyStopping counter: 1 out of 25
[Save Checkpoint] epoch: [55.0], Train: total:5337.72852, BCE:-21.60903, KLD:5359.33984,Test: total:21281.10352, BCE:-21.92076, KLD:21303.02148
=> saved checkpoint 'checkpoints_CNN/mnist_VAE_s25_v10_BF/last' (iter 15120, epoch 56.0)
=> saved checkpoint 'checkpoint_scores_CNN/mnist_VAE_s25_v10_BF/last' (iter 15120, epoch 56.0)
EarlyStopping counter: 2 out of 25
[Save Checkpoint] epoch: [56.0], Train: total:5336.73730, BCE:-21.60991, KLD:5358.34717,Test: total:21277.26367, BCE:-21.90315, KLD:21299.16797
=> saved checkpoint 'checkpoints_CNN/mnist_VAE_s25_v10_BF/last' (iter 15390, epoch 57.0)
=> saved checkpoint 'checkpoint_scores_CNN/mnist_VAE_s25_v10_BF/last' (iter 15390, epoch 57.0)
EarlyStopping counter: 3 out of 25
[Save Checkpoint] epoch: [57.0], Train: total:5337.80127, BCE:-21.54374, KLD:5359.34424,Test: total:21281.17773, BCE:-21.83176, KLD:21303.00977
=> saved checkpoint 'checkpoints_CNN/mnist_VAE_s25_v10_BF/last' (iter 15660, epoch 58.0)
=> saved checkpoint 'checkpoint_scores_CNN/mnist_VAE_s25_v10_BF/last' (iter 15660, epoch 58.0)
EarlyStopping counter: 4 out of 25
[Save Checkpoint] epoch: [58.0], Train: total:5337.21094, BCE:-21.53747, KLD:5358.74658,Test: total:21278.94141, BCE:-21.82234, KLD:21300.76367
Epoch    59: reducing learning rate of group 0 to 8.0000e-06.
=> saved checkpoint 'checkpoints_CNN/mnist_VAE_s25_v10_BF/last' (iter 15930, epoch 59.0)
=> saved checkpoint 'checkpoint_scores_CNN/mnist_VAE_s25_v10_BF/last' (iter 15930, epoch 59.0)
EarlyStopping counter: 5 out of 25
[Save Checkpoint] epoch: [59.0], Train: total:5337.71680, BCE:-21.59328, KLD:5359.31104,Test: total:21280.96680, BCE:-21.87471, KLD:21302.84180
=> saved checkpoint 'checkpoints_CNN/mnist_VAE_s25_v10_BF/last' (iter 16200, epoch 60.0)
=> saved checkpoint 'checkpoint_scores_CNN/mnist_VAE_s25_v10_BF/last' (iter 16200, epoch 60.0)
EarlyStopping counter: 6 out of 25
[Save Checkpoint] epoch: [60.0], Train: total:5337.68799, BCE:-21.45332, KLD:5359.14111,Test: total:21280.55469, BCE:-21.74492, KLD:21302.30078
=> saved checkpoint 'checkpoints_CNN/mnist_VAE_s25_v10_BF/last' (iter 16470, epoch 61.0)
=> saved checkpoint 'checkpoint_scores_CNN/mnist_VAE_s25_v10_BF/last' (iter 16470, epoch 61.0)
EarlyStopping counter: 7 out of 25
[Save Checkpoint] epoch: [61.0], Train: total:5336.82227, BCE:-21.53464, KLD:5358.35498,Test: total:21277.21680, BCE:-21.82978, KLD:21299.04688
=> saved checkpoint 'checkpoints_CNN/mnist_VAE_s25_v10_BF/last' (iter 16740, epoch 62.0)
=> saved checkpoint 'checkpoint_scores_CNN/mnist_VAE_s25_v10_BF/last' (iter 16740, epoch 62.0)
EarlyStopping counter: 8 out of 25
[Save Checkpoint] epoch: [62.0], Train: total:5337.23730, BCE:-21.49256, KLD:5358.72998,Test: total:21278.80859, BCE:-21.76709, KLD:21300.57422
=> saved checkpoint 'checkpoints_CNN/mnist_VAE_s25_v10_BF/last' (iter 17010, epoch 63.0)
=> saved checkpoint 'checkpoint_scores_CNN/mnist_VAE_s25_v10_BF/last' (iter 17010, epoch 63.0)
EarlyStopping counter: 9 out of 25
[Save Checkpoint] epoch: [63.0], Train: total:5336.66260, BCE:-21.51601, KLD:5358.18115,Test: total:21276.63672, BCE:-21.82260, KLD:21298.45898
Epoch    64: reducing learning rate of group 0 to 1.6000e-06.
=> saved checkpoint 'checkpoints_CNN/mnist_VAE_s25_v10_BF/last' (iter 17280, epoch 64.0)
=> saved checkpoint 'checkpoint_scores_CNN/mnist_VAE_s25_v10_BF/last' (iter 17280, epoch 64.0)
EarlyStopping counter: 10 out of 25
[Save Checkpoint] epoch: [64.0], Train: total:5337.34668, BCE:-21.48171, KLD:5358.83008,Test: total:21279.25000, BCE:-21.76937, KLD:21301.01758
=> saved checkpoint 'checkpoints_CNN/mnist_VAE_s25_v10_BF/last' (iter 17550, epoch 65.0)
=> saved checkpoint 'checkpoint_scores_CNN/mnist_VAE_s25_v10_BF/last' (iter 17550, epoch 65.0)
EarlyStopping counter: 11 out of 25
[Save Checkpoint] epoch: [65.0], Train: total:5338.13916, BCE:-21.50271, KLD:5359.64258,Test: total:21282.45508, BCE:-21.79457, KLD:21304.24805
=> saved checkpoint 'checkpoints_CNN/mnist_VAE_s25_v10_BF/last' (iter 17820, epoch 66.0)
=> saved checkpoint 'checkpoint_scores_CNN/mnist_VAE_s25_v10_BF/last' (iter 17820, epoch 66.0)
EarlyStopping counter: 12 out of 25
[Save Checkpoint] epoch: [66.0], Train: total:5337.45557, BCE:-21.53742, KLD:5358.99170,Test: total:21279.75391, BCE:-21.84179, KLD:21301.59766
=> saved checkpoint 'checkpoints_CNN/mnist_VAE_s25_v10_BF/last' (iter 18090, epoch 67.0)
=> saved checkpoint 'checkpoint_scores_CNN/mnist_VAE_s25_v10_BF/last' (iter 18090, epoch 67.0)
EarlyStopping counter: 13 out of 25
[Save Checkpoint] epoch: [67.0], Train: total:5336.72217, BCE:-21.55725, KLD:5358.27832,Test: total:21276.99414, BCE:-21.85293, KLD:21298.84766
=> saved checkpoint 'checkpoints_CNN/mnist_VAE_s25_v10_BF/last' (iter 18360, epoch 68.0)
=> saved checkpoint 'checkpoint_scores_CNN/mnist_VAE_s25_v10_BF/last' (iter 18360, epoch 68.0)
EarlyStopping counter: 14 out of 25
[Save Checkpoint] epoch: [68.0], Train: total:5337.00830, BCE:-21.54706, KLD:5358.55713,Test: total:21278.03711, BCE:-21.84580, KLD:21299.88477
Epoch    69: reducing learning rate of group 0 to 1.0000e-06.
=> saved checkpoint 'checkpoints_CNN/mnist_VAE_s25_v10_BF/last' (iter 18630, epoch 69.0)
=> saved checkpoint 'checkpoint_scores_CNN/mnist_VAE_s25_v10_BF/last' (iter 18630, epoch 69.0)
EarlyStopping counter: 15 out of 25
[Save Checkpoint] epoch: [69.0], Train: total:5337.63672, BCE:-21.54629, KLD:5359.18359,Test: total:21280.56250, BCE:-21.83424, KLD:21302.39844
=> saved checkpoint 'checkpoints_CNN/mnist_VAE_s25_v10_BF/last' (iter 18900, epoch 70.0)
=> saved checkpoint 'checkpoint_scores_CNN/mnist_VAE_s25_v10_BF/last' (iter 18900, epoch 70.0)
EarlyStopping counter: 16 out of 25
[Save Checkpoint] epoch: [70.0], Train: total:5336.91357, BCE:-21.55129, KLD:5358.46582,Test: total:21277.65039, BCE:-21.85023, KLD:21299.50195
=> saved checkpoint 'checkpoints_CNN/mnist_VAE_s25_v10_BF/last' (iter 19170, epoch 71.0)
=> saved checkpoint 'checkpoint_scores_CNN/mnist_VAE_s25_v10_BF/last' (iter 19170, epoch 71.0)
EarlyStopping counter: 17 out of 25
[Save Checkpoint] epoch: [71.0], Train: total:5335.71240, BCE:-21.55703, KLD:5357.27051,Test: total:21272.94727, BCE:-21.85093, KLD:21294.79688
=> saved checkpoint 'checkpoints_CNN/mnist_VAE_s25_v10_BF/last' (iter 19440, epoch 72.0)
=> saved checkpoint 'checkpoint_scores_CNN/mnist_VAE_s25_v10_BF/last' (iter 19440, epoch 72.0)
[Save Checkpoint] epoch: [72.0], Train: total:5337.35938, BCE:-21.56279, KLD:5358.92041,Test: total:21279.46680, BCE:-21.85449, KLD:21301.31836
=> saved checkpoint 'checkpoints_CNN/mnist_VAE_s25_v10_BF/last' (iter 19710, epoch 73.0)
=> saved checkpoint 'checkpoint_scores_CNN/mnist_VAE_s25_v10_BF/last' (iter 19710, epoch 73.0)
EarlyStopping counter: 1 out of 25
[Save Checkpoint] epoch: [73.0], Train: total:5338.08398, BCE:-21.55018, KLD:5359.63672,Test: total:21282.38867, BCE:-21.84743, KLD:21304.24023
=> saved checkpoint 'checkpoints_CNN/mnist_VAE_s25_v10_BF/last' (iter 19980, epoch 74.0)
=> saved checkpoint 'checkpoint_scores_CNN/mnist_VAE_s25_v10_BF/last' (iter 19980, epoch 74.0)
[Save Checkpoint] epoch: [74.0], Train: total:5337.50098, BCE:-21.58696, KLD:5359.08740,Test: total:21280.18359, BCE:-21.88468, KLD:21302.06445
=> saved checkpoint 'checkpoints_CNN/mnist_VAE_s25_v10_BF/last' (iter 20250, epoch 75.0)
=> saved checkpoint 'checkpoint_scores_CNN/mnist_VAE_s25_v10_BF/last' (iter 20250, epoch 75.0)
EarlyStopping counter: 1 out of 25
[Save Checkpoint] epoch: [75.0], Train: total:5336.91699, BCE:-21.57414, KLD:5358.48975,Test: total:21277.81055, BCE:-21.88084, KLD:21299.69141
=> saved checkpoint 'checkpoints_CNN/mnist_VAE_s25_v10_BF/last' (iter 20520, epoch 76.0)
=> saved checkpoint 'checkpoint_scores_CNN/mnist_VAE_s25_v10_BF/last' (iter 20520, epoch 76.0)
[Save Checkpoint] epoch: [76.0], Train: total:5338.02490, BCE:-21.57484, KLD:5359.59961,Test: total:21282.17578, BCE:-21.86973, KLD:21304.04492
=> saved checkpoint 'checkpoints_CNN/mnist_VAE_s25_v10_BF/last' (iter 20790, epoch 77.0)
=> saved checkpoint 'checkpoint_scores_CNN/mnist_VAE_s25_v10_BF/last' (iter 20790, epoch 77.0)
EarlyStopping counter: 1 out of 25
[Save Checkpoint] epoch: [77.0], Train: total:5336.43164, BCE:-21.55326, KLD:5357.98438,Test: total:21275.82227, BCE:-21.86231, KLD:21297.68555
=> saved checkpoint 'checkpoints_CNN/mnist_VAE_s25_v10_BF/last' (iter 21060, epoch 78.0)
=> saved checkpoint 'checkpoint_scores_CNN/mnist_VAE_s25_v10_BF/last' (iter 21060, epoch 78.0)
EarlyStopping counter: 2 out of 25
[Save Checkpoint] epoch: [78.0], Train: total:5335.54346, BCE:-21.58058, KLD:5357.12402,Test: total:21272.45117, BCE:-21.87676, KLD:21294.32812
=> saved checkpoint 'checkpoints_CNN/mnist_VAE_s25_v10_BF/last' (iter 21330, epoch 79.0)
=> saved checkpoint 'checkpoint_scores_CNN/mnist_VAE_s25_v10_BF/last' (iter 21330, epoch 79.0)
EarlyStopping counter: 3 out of 25
[Save Checkpoint] epoch: [79.0], Train: total:5338.49951, BCE:-21.57988, KLD:5360.08154,Test: total:21284.06055, BCE:-21.86533, KLD:21305.92773
=> saved checkpoint 'checkpoints_CNN/mnist_VAE_s25_v10_BF/last' (iter 21600, epoch 80.0)
=> saved checkpoint 'checkpoint_scores_CNN/mnist_VAE_s25_v10_BF/last' (iter 21600, epoch 80.0)
EarlyStopping counter: 4 out of 25
[Save Checkpoint] epoch: [80.0], Train: total:5336.81250, BCE:-21.57368, KLD:5358.38916,Test: total:21277.30273, BCE:-21.87043, KLD:21299.17383
=> saved checkpoint 'checkpoints_CNN/mnist_VAE_s25_v10_BF/last' (iter 21870, epoch 81.0)
=> saved checkpoint 'checkpoint_scores_CNN/mnist_VAE_s25_v10_BF/last' (iter 21870, epoch 81.0)
EarlyStopping counter: 5 out of 25
[Save Checkpoint] epoch: [81.0], Train: total:5336.96484, BCE:-21.57059, KLD:5358.53271,Test: total:21278.00781, BCE:-21.87057, KLD:21299.88086
=> saved checkpoint 'checkpoints_CNN/mnist_VAE_s25_v10_BF/last' (iter 22140, epoch 82.0)
=> saved checkpoint 'checkpoint_scores_CNN/mnist_VAE_s25_v10_BF/last' (iter 22140, epoch 82.0)
EarlyStopping counter: 6 out of 25
[Save Checkpoint] epoch: [82.0], Train: total:5336.63281, BCE:-21.58054, KLD:5358.20996,Test: total:21276.69922, BCE:-21.88325, KLD:21298.58398
=> saved checkpoint 'checkpoints_CNN/mnist_VAE_s25_v10_BF/last' (iter 22410, epoch 83.0)
=> saved checkpoint 'checkpoint_scores_CNN/mnist_VAE_s25_v10_BF/last' (iter 22410, epoch 83.0)
EarlyStopping counter: 7 out of 25
[Save Checkpoint] epoch: [83.0], Train: total:5337.32568, BCE:-21.58812, KLD:5358.91309,Test: total:21279.34180, BCE:-21.89386, KLD:21301.23438
=> saved checkpoint 'checkpoints_CNN/mnist_VAE_s25_v10_BF/last' (iter 22680, epoch 84.0)
=> saved checkpoint 'checkpoint_scores_CNN/mnist_VAE_s25_v10_BF/last' (iter 22680, epoch 84.0)
EarlyStopping counter: 8 out of 25
[Save Checkpoint] epoch: [84.0], Train: total:5338.43311, BCE:-21.57187, KLD:5360.00635,Test: total:21283.84766, BCE:-21.86239, KLD:21305.71094
=> saved checkpoint 'checkpoints_CNN/mnist_VAE_s25_v10_BF/last' (iter 22950, epoch 85.0)
=> saved checkpoint 'checkpoint_scores_CNN/mnist_VAE_s25_v10_BF/last' (iter 22950, epoch 85.0)
EarlyStopping counter: 9 out of 25
[Save Checkpoint] epoch: [85.0], Train: total:5336.74072, BCE:-21.59829, KLD:5358.33887,Test: total:21277.24805, BCE:-21.88144, KLD:21299.13086
=> saved checkpoint 'checkpoints_CNN/mnist_VAE_s25_v10_BF/last' (iter 23220, epoch 86.0)
=> saved checkpoint 'checkpoint_scores_CNN/mnist_VAE_s25_v10_BF/last' (iter 23220, epoch 86.0)
EarlyStopping counter: 10 out of 25
[Save Checkpoint] epoch: [86.0], Train: total:5336.51562, BCE:-21.58501, KLD:5358.10010,Test: total:21276.25000, BCE:-21.88474, KLD:21298.13672
=> saved checkpoint 'checkpoints_CNN/mnist_VAE_s25_v10_BF/last' (iter 23490, epoch 87.0)
=> saved checkpoint 'checkpoint_scores_CNN/mnist_VAE_s25_v10_BF/last' (iter 23490, epoch 87.0)
EarlyStopping counter: 11 out of 25
[Save Checkpoint] epoch: [87.0], Train: total:5335.91162, BCE:-21.59373, KLD:5357.50488,Test: total:21273.83203, BCE:-21.86757, KLD:21295.70117
=> saved checkpoint 'checkpoints_CNN/mnist_VAE_s25_v10_BF/last' (iter 23760, epoch 88.0)
=> saved checkpoint 'checkpoint_scores_CNN/mnist_VAE_s25_v10_BF/last' (iter 23760, epoch 88.0)
EarlyStopping counter: 12 out of 25
[Save Checkpoint] epoch: [88.0], Train: total:5337.15967, BCE:-21.60102, KLD:5358.76025,Test: total:21278.84570, BCE:-21.89147, KLD:21300.73633
=> saved checkpoint 'checkpoints_CNN/mnist_VAE_s25_v10_BF/last' (iter 24030, epoch 89.0)
=> saved checkpoint 'checkpoint_scores_CNN/mnist_VAE_s25_v10_BF/last' (iter 24030, epoch 89.0)
EarlyStopping counter: 13 out of 25
[Save Checkpoint] epoch: [89.0], Train: total:5336.71289, BCE:-21.58261, KLD:5358.29639,Test: total:21276.95117, BCE:-21.89247, KLD:21298.84570
=> saved checkpoint 'checkpoints_CNN/mnist_VAE_s25_v10_BF/last' (iter 24300, epoch 90.0)
=> saved checkpoint 'checkpoint_scores_CNN/mnist_VAE_s25_v10_BF/last' (iter 24300, epoch 90.0)
EarlyStopping counter: 14 out of 25
[Save Checkpoint] epoch: [90.0], Train: total:5336.72363, BCE:-21.58984, KLD:5358.31494,Test: total:21277.14844, BCE:-21.88778, KLD:21299.03711
=> saved checkpoint 'checkpoints_CNN/mnist_VAE_s25_v10_BF/last' (iter 24570, epoch 91.0)
=> saved checkpoint 'checkpoint_scores_CNN/mnist_VAE_s25_v10_BF/last' (iter 24570, epoch 91.0)
EarlyStopping counter: 15 out of 25
[Save Checkpoint] epoch: [91.0], Train: total:5335.64941, BCE:-21.56599, KLD:5357.21582,Test: total:21272.71680, BCE:-21.86797, KLD:21294.58398
=> saved checkpoint 'checkpoints_CNN/mnist_VAE_s25_v10_BF/last' (iter 24840, epoch 92.0)
=> saved checkpoint 'checkpoint_scores_CNN/mnist_VAE_s25_v10_BF/last' (iter 24840, epoch 92.0)
EarlyStopping counter: 16 out of 25
[Save Checkpoint] epoch: [92.0], Train: total:5337.25000, BCE:-21.59168, KLD:5358.84277,Test: total:21279.24805, BCE:-21.88724, KLD:21301.13477
=> saved checkpoint 'checkpoints_CNN/mnist_VAE_s25_v10_BF/last' (iter 25110, epoch 93.0)
=> saved checkpoint 'checkpoint_scores_CNN/mnist_VAE_s25_v10_BF/last' (iter 25110, epoch 93.0)
EarlyStopping counter: 17 out of 25
[Save Checkpoint] epoch: [93.0], Train: total:5336.33496, BCE:-21.57323, KLD:5357.90869,Test: total:21275.53125, BCE:-21.85953, KLD:21297.39258
=> saved checkpoint 'checkpoints_CNN/mnist_VAE_s25_v10_BF/last' (iter 25380, epoch 94.0)
=> saved checkpoint 'checkpoint_scores_CNN/mnist_VAE_s25_v10_BF/last' (iter 25380, epoch 94.0)
EarlyStopping counter: 18 out of 25
[Save Checkpoint] epoch: [94.0], Train: total:5337.74951, BCE:-21.58018, KLD:5359.33008,Test: total:21281.05664, BCE:-21.86322, KLD:21302.91797
=> saved checkpoint 'checkpoints_CNN/mnist_VAE_s25_v10_BF/last' (iter 25650, epoch 95.0)
=> saved checkpoint 'checkpoint_scores_CNN/mnist_VAE_s25_v10_BF/last' (iter 25650, epoch 95.0)
EarlyStopping counter: 19 out of 25
[Save Checkpoint] epoch: [95.0], Train: total:5336.17041, BCE:-21.56843, KLD:5357.74072,Test: total:21274.80859, BCE:-21.85797, KLD:21296.66406
=> saved checkpoint 'checkpoints_CNN/mnist_VAE_s25_v10_BF/last' (iter 25920, epoch 96.0)
=> saved checkpoint 'checkpoint_scores_CNN/mnist_VAE_s25_v10_BF/last' (iter 25920, epoch 96.0)
EarlyStopping counter: 20 out of 25
[Save Checkpoint] epoch: [96.0], Train: total:5336.97900, BCE:-21.58493, KLD:5358.56299,Test: total:21278.06055, BCE:-21.86254, KLD:21299.92383
=> saved checkpoint 'checkpoints_CNN/mnist_VAE_s25_v10_BF/last' (iter 26190, epoch 97.0)
=> saved checkpoint 'checkpoint_scores_CNN/mnist_VAE_s25_v10_BF/last' (iter 26190, epoch 97.0)
EarlyStopping counter: 21 out of 25
[Save Checkpoint] epoch: [97.0], Train: total:5335.62012, BCE:-21.58674, KLD:5357.20801,Test: total:21272.72461, BCE:-21.88795, KLD:21294.61328
=> saved checkpoint 'checkpoints_CNN/mnist_VAE_s25_v10_BF/last' (iter 26460, epoch 98.0)
=> saved checkpoint 'checkpoint_scores_CNN/mnist_VAE_s25_v10_BF/last' (iter 26460, epoch 98.0)
EarlyStopping counter: 22 out of 25
[Save Checkpoint] epoch: [98.0], Train: total:5337.07666, BCE:-21.58836, KLD:5358.66504,Test: total:21278.55273, BCE:-21.87646, KLD:21300.42773
=> saved checkpoint 'checkpoints_CNN/mnist_VAE_s25_v10_BF/last' (iter 26730, epoch 99.0)
=> saved checkpoint 'checkpoint_scores_CNN/mnist_VAE_s25_v10_BF/last' (iter 26730, epoch 99.0)
EarlyStopping counter: 23 out of 25
[Save Checkpoint] epoch: [99.0], Train: total:5337.51807, BCE:-21.59549, KLD:5359.11230,Test: total:21280.22852, BCE:-21.88766, KLD:21302.11328
=> saved checkpoint 'checkpoints_CNN/mnist_VAE_s25_v10_BF/last' (iter 27000, epoch 100.0)
=> saved checkpoint 'checkpoint_scores_CNN/mnist_VAE_s25_v10_BF/last' (iter 27000, epoch 100.0)
EarlyStopping counter: 24 out of 25
[Save Checkpoint] epoch: [100.0], Train: total:5335.84717, BCE:-21.58191, KLD:5357.42822,Test: total:21273.61328, BCE:-21.87108, KLD:21295.48242
[Training Finished]
All done !
