57
--dataset mnist --model CNN --gpu_devices 0 1 --max_iter 100 --batch_size 512 --ckpt_dir checkpoints_CNN --ckpt_dir_scores checkpoint_scores_CNN --use_scheduler True --GMP True --lr 1e-3 --z_struct_size 20 --add_classification_layer True --classif_layer_size 30 --is_default_model False --is_custom_model False --is_custom_model_BK True --big_kernel_size 8 --two_conv_layer True --three_conv_layer False --BK_in_first_layer True --BK_in_second_layer False --BK_in_third_layer False --stride_size 1 --hidden_filters_layer1 32 --hidden_filters_layer2 32 --hidden_filters_layer3 32 --ratio_reg True --lambda_ratio_reg 100 --lambda_class 1 --other_ratio True --exp_name CNN_mnist_custom_BK_2layer_bk1_20_other_ratio_bs_512_8
Namespace(BK_in_first_layer=True, BK_in_second_layer=False, BK_in_third_layer=False, BN=False, C_max=25, C_stop_iter=100000.0, E1_AE=False, E1_VAE=False, E1_conv=False, E1_dense=False, E1_second_conv=False, E1_second_conv_adapt=False, GMP=True, L1_norm_act=False, L1_norm_weights=False, L3_without_random=False, adapt_lr=False, add_classification_layer=True, add_linear_after_GMP=True, add_z_struct_bottleneck=False, batch_size=512, beta=1, beta1=0.9, beta2=0.999, big_kernel=False, big_kernel_size=[8], binary_z=False, ckpt_dir='checkpoints_CNN', ckpt_dir_scores='checkpoint_scores_CNN', classif_layer_size=30, cuda=True, dataset='mnist', display_step=10000, dset_dir='data', exp_name='CNN_mnist_custom_BK_2layer_bk1_20_other_ratio_bs_512_8', gamma=1000, gpu_devices=[0, 1], hidden_filters_layer1=32, hidden_filters_layer2=32, hidden_filters_layer3=32, image_size=64, is_C=True, is_E1=False, is_binary_structural_latent=False, is_custom_model=False, is_custom_model_BK=True, is_default_model=False, is_noise_stats=False, is_partial_rand_class=False, is_perturbed_score=False, is_zvar_sim_loss=False, just_train=False, kernel_size=4, lambda_Kl_struct=1, lambda_Kl_var=1, lambda_L1=0.01, lambda_VAE=1, lambda_class=1.0, lambda_partial_class=1, lambda_ratio_reg=100.0, lambda_recon_wt_rand=1, lambda_recons=1, lambda_zvar_sim=1, latent_spec_cont=None, latent_spec_cont_class=None, latent_spec_cont_var=None, latent_spec_disc=None, latent_spec_disc_class=None, latent_spec_disc_var=None, log_level='info', lr=0.001, max_iter=100.0, model='CNN', num_workers=2, old_weighted=False, other_ratio=True, random_percentage=0.2, ratio_reg=True, save_step=10000, second_layer_C=False, seed=1, stride_size=1, three_conv_layer=False, train=True, two_conv_layer=True, two_encoder=False, use_early_stopping=False, use_scheduler=True, z_struct_size=20, zeros_W_Classif=False, zvar_sim_change_zvar=False, zvar_sim_loss_for_all_model=False, zvar_sim_loss_only_for_encoder=False, zvar_sim_normal=False, zvar_sim_var_rand=False)
CUDA Visible devices !
Custom_CNN_BK(
  (net): Sequential(
    (0): Conv2d(1, 32, kernel_size=(8, 8), stride=(1, 1))
    (1): BatchNorm2d(32, eps=1e-05, momentum=0.1, affine=True, track_running_stats=True)
    (2): ReLU(inplace=True)
    (3): Conv2d(32, 32, kernel_size=(4, 4), stride=(1, 1))
    (4): BatchNorm2d(32, eps=1e-05, momentum=0.1, affine=True, track_running_stats=True)
    (5): ReLU(inplace=True)
    (6): AdaptiveMaxPool2d(output_size=(1, 1))
    (7): View()
    (8): Linear(in_features=32, out_features=20, bias=True)
    (9): BatchNorm1d(20, eps=1e-05, momentum=0.1, affine=True, track_running_stats=True)
    (10): ReLU(inplace=True)
    (11): Dropout(p=0.4, inplace=False)
    (12): Linear(in_features=20, out_features=30, bias=True)
    (13): BatchNorm1d(30, eps=1e-05, momentum=0.1, affine=True, track_running_stats=True)
    (14): ReLU(inplace=True)
    (15): Dropout(p=0.4, inplace=False)
    (16): Linear(in_features=30, out_features=10, bias=True)
    (17): Softmax(dim=None)
  )
)
The number of parameters of model is 20324
use 1 gpu who named: Tesla V100-SXM2-32GB
=> loaded sample_scores and losses
=> no checkpoint found at 'checkpoints_CNN/CNN_mnist_custom_BK_2layer_bk1_20_other_ratio_bs_512_8/last'
=> saved checkpoint 'checkpoints_CNN/CNN_mnist_custom_BK_2layer_bk1_20_other_ratio_bs_512_8/last' (iter 118, epoch 1.0)
=> saved checkpoint 'checkpoint_scores_CNN/CNN_mnist_custom_BK_2layer_bk1_20_other_ratio_bs_512_8/last' (iter 118, epoch 1.0)
[Save Checkpoint] epoch: [1.0], Train score:59.16000, Test score:58.99000, train loss:-0.56613, test loss:-0.56344, ratio_train_loss:2.17053,ratio_test_loss:0.49248, total_loss_train:1.60439,total_loss_test:-0.07096, 
=> saved checkpoint 'checkpoints_CNN/CNN_mnist_custom_BK_2layer_bk1_20_other_ratio_bs_512_8/last' (iter 236, epoch 2.0)
=> saved checkpoint 'checkpoint_scores_CNN/CNN_mnist_custom_BK_2layer_bk1_20_other_ratio_bs_512_8/last' (iter 236, epoch 2.0)
[Save Checkpoint] epoch: [2.0], Train score:61.15333, Test score:60.71000, train loss:-0.61422, test loss:-0.61147, ratio_train_loss:2.61690,ratio_test_loss:0.39652, total_loss_train:2.00268,total_loss_test:-0.21495, 
=> saved checkpoint 'checkpoints_CNN/CNN_mnist_custom_BK_2layer_bk1_20_other_ratio_bs_512_8/last' (iter 354, epoch 3.0)
=> saved checkpoint 'checkpoint_scores_CNN/CNN_mnist_custom_BK_2layer_bk1_20_other_ratio_bs_512_8/last' (iter 354, epoch 3.0)
[Save Checkpoint] epoch: [3.0], Train score:74.09667, Test score:74.42000, train loss:-0.70050, test loss:-0.69924, ratio_train_loss:2.72194,ratio_test_loss:0.37848, total_loss_train:2.02144,total_loss_test:-0.32077, 
=> saved checkpoint 'checkpoints_CNN/CNN_mnist_custom_BK_2layer_bk1_20_other_ratio_bs_512_8/last' (iter 472, epoch 4.0)
=> saved checkpoint 'checkpoint_scores_CNN/CNN_mnist_custom_BK_2layer_bk1_20_other_ratio_bs_512_8/last' (iter 472, epoch 4.0)
[Save Checkpoint] epoch: [4.0], Train score:78.07500, Test score:77.83000, train loss:-0.77357, test loss:-0.77181, ratio_train_loss:3.09358,ratio_test_loss:0.32976, total_loss_train:2.32001,total_loss_test:-0.44206, 
=> saved checkpoint 'checkpoints_CNN/CNN_mnist_custom_BK_2layer_bk1_20_other_ratio_bs_512_8/last' (iter 590, epoch 5.0)
=> saved checkpoint 'checkpoint_scores_CNN/CNN_mnist_custom_BK_2layer_bk1_20_other_ratio_bs_512_8/last' (iter 590, epoch 5.0)
[Save Checkpoint] epoch: [5.0], Train score:91.39833, Test score:91.46000, train loss:-0.86251, test loss:-0.86222, ratio_train_loss:3.49612,ratio_test_loss:0.29423, total_loss_train:2.63361,total_loss_test:-0.56800, 
=> saved checkpoint 'checkpoints_CNN/CNN_mnist_custom_BK_2layer_bk1_20_other_ratio_bs_512_8/last' (iter 708, epoch 6.0)
=> saved checkpoint 'checkpoint_scores_CNN/CNN_mnist_custom_BK_2layer_bk1_20_other_ratio_bs_512_8/last' (iter 708, epoch 6.0)
[Save Checkpoint] epoch: [6.0], Train score:96.63833, Test score:96.81000, train loss:-0.95233, test loss:-0.95309, ratio_train_loss:3.84324,ratio_test_loss:0.26500, total_loss_train:2.89091,total_loss_test:-0.68809, 
=> saved checkpoint 'checkpoints_CNN/CNN_mnist_custom_BK_2layer_bk1_20_other_ratio_bs_512_8/last' (iter 826, epoch 7.0)
=> saved checkpoint 'checkpoint_scores_CNN/CNN_mnist_custom_BK_2layer_bk1_20_other_ratio_bs_512_8/last' (iter 826, epoch 7.0)
[Save Checkpoint] epoch: [7.0], Train score:96.92833, Test score:97.08000, train loss:-0.96080, test loss:-0.96046, ratio_train_loss:4.00405,ratio_test_loss:0.25507, total_loss_train:3.04325,total_loss_test:-0.70539, 
=> saved checkpoint 'checkpoints_CNN/CNN_mnist_custom_BK_2layer_bk1_20_other_ratio_bs_512_8/last' (iter 944, epoch 8.0)
=> saved checkpoint 'checkpoint_scores_CNN/CNN_mnist_custom_BK_2layer_bk1_20_other_ratio_bs_512_8/last' (iter 944, epoch 8.0)
[Save Checkpoint] epoch: [8.0], Train score:97.04500, Test score:97.15000, train loss:-0.96445, test loss:-0.96543, ratio_train_loss:4.37110,ratio_test_loss:0.23150, total_loss_train:3.40665,total_loss_test:-0.73393, 
=> saved checkpoint 'checkpoints_CNN/CNN_mnist_custom_BK_2layer_bk1_20_other_ratio_bs_512_8/last' (iter 1062, epoch 9.0)
=> saved checkpoint 'checkpoint_scores_CNN/CNN_mnist_custom_BK_2layer_bk1_20_other_ratio_bs_512_8/last' (iter 1062, epoch 9.0)
[Save Checkpoint] epoch: [9.0], Train score:97.37167, Test score:97.36000, train loss:-0.97029, test loss:-0.96938, ratio_train_loss:4.53983,ratio_test_loss:0.22585, total_loss_train:3.56954,total_loss_test:-0.74352, 
=> saved checkpoint 'checkpoints_CNN/CNN_mnist_custom_BK_2layer_bk1_20_other_ratio_bs_512_8/last' (iter 1180, epoch 10.0)
=> saved checkpoint 'checkpoint_scores_CNN/CNN_mnist_custom_BK_2layer_bk1_20_other_ratio_bs_512_8/last' (iter 1180, epoch 10.0)
[Save Checkpoint] epoch: [10.0], Train score:97.65833, Test score:97.60000, train loss:-0.97373, test loss:-0.97288, ratio_train_loss:4.59681,ratio_test_loss:0.21873, total_loss_train:3.62308,total_loss_test:-0.75415, 
=> saved checkpoint 'checkpoints_CNN/CNN_mnist_custom_BK_2layer_bk1_20_other_ratio_bs_512_8/last' (iter 1298, epoch 11.0)
=> saved checkpoint 'checkpoint_scores_CNN/CNN_mnist_custom_BK_2layer_bk1_20_other_ratio_bs_512_8/last' (iter 1298, epoch 11.0)
[Save Checkpoint] epoch: [11.0], Train score:97.70833, Test score:97.60000, train loss:-0.97423, test loss:-0.97294, ratio_train_loss:4.55203,ratio_test_loss:0.22214, total_loss_train:3.57781,total_loss_test:-0.75080, 
=> saved checkpoint 'checkpoints_CNN/CNN_mnist_custom_BK_2layer_bk1_20_other_ratio_bs_512_8/last' (iter 1416, epoch 12.0)
=> saved checkpoint 'checkpoint_scores_CNN/CNN_mnist_custom_BK_2layer_bk1_20_other_ratio_bs_512_8/last' (iter 1416, epoch 12.0)
[Save Checkpoint] epoch: [12.0], Train score:97.77500, Test score:97.70000, train loss:-0.97539, test loss:-0.97417, ratio_train_loss:4.76639,ratio_test_loss:0.21273, total_loss_train:3.79100,total_loss_test:-0.76145, 
=> saved checkpoint 'checkpoints_CNN/CNN_mnist_custom_BK_2layer_bk1_20_other_ratio_bs_512_8/last' (iter 1534, epoch 13.0)
=> saved checkpoint 'checkpoint_scores_CNN/CNN_mnist_custom_BK_2layer_bk1_20_other_ratio_bs_512_8/last' (iter 1534, epoch 13.0)
[Save Checkpoint] epoch: [13.0], Train score:97.63833, Test score:97.77000, train loss:-0.97453, test loss:-0.97554, ratio_train_loss:4.79738,ratio_test_loss:0.20857, total_loss_train:3.82285,total_loss_test:-0.76697, 
=> saved checkpoint 'checkpoints_CNN/CNN_mnist_custom_BK_2layer_bk1_20_other_ratio_bs_512_8/last' (iter 1652, epoch 14.0)
=> saved checkpoint 'checkpoint_scores_CNN/CNN_mnist_custom_BK_2layer_bk1_20_other_ratio_bs_512_8/last' (iter 1652, epoch 14.0)
[Save Checkpoint] epoch: [14.0], Train score:97.73333, Test score:97.82000, train loss:-0.97545, test loss:-0.97566, ratio_train_loss:4.67095,ratio_test_loss:0.21258, total_loss_train:3.69550,total_loss_test:-0.76308, 
=> saved checkpoint 'checkpoints_CNN/CNN_mnist_custom_BK_2layer_bk1_20_other_ratio_bs_512_8/last' (iter 1770, epoch 15.0)
=> saved checkpoint 'checkpoint_scores_CNN/CNN_mnist_custom_BK_2layer_bk1_20_other_ratio_bs_512_8/last' (iter 1770, epoch 15.0)
[Save Checkpoint] epoch: [15.0], Train score:97.65333, Test score:97.63000, train loss:-0.97493, test loss:-0.97361, ratio_train_loss:5.02692,ratio_test_loss:0.20244, total_loss_train:4.05199,total_loss_test:-0.77116, 
=> saved checkpoint 'checkpoints_CNN/CNN_mnist_custom_BK_2layer_bk1_20_other_ratio_bs_512_8/last' (iter 1888, epoch 16.0)
=> saved checkpoint 'checkpoint_scores_CNN/CNN_mnist_custom_BK_2layer_bk1_20_other_ratio_bs_512_8/last' (iter 1888, epoch 16.0)
[Save Checkpoint] epoch: [16.0], Train score:98.15333, Test score:97.99000, train loss:-0.98014, test loss:-0.97837, ratio_train_loss:4.91573,ratio_test_loss:0.20816, total_loss_train:3.93559,total_loss_test:-0.77021, 
=> saved checkpoint 'checkpoints_CNN/CNN_mnist_custom_BK_2layer_bk1_20_other_ratio_bs_512_8/last' (iter 2006, epoch 17.0)
=> saved checkpoint 'checkpoint_scores_CNN/CNN_mnist_custom_BK_2layer_bk1_20_other_ratio_bs_512_8/last' (iter 2006, epoch 17.0)
[Save Checkpoint] epoch: [17.0], Train score:98.15500, Test score:98.06000, train loss:-0.98035, test loss:-0.97900, ratio_train_loss:4.93136,ratio_test_loss:0.20950, total_loss_train:3.95101,total_loss_test:-0.76951, 
=> saved checkpoint 'checkpoints_CNN/CNN_mnist_custom_BK_2layer_bk1_20_other_ratio_bs_512_8/last' (iter 2124, epoch 18.0)
=> saved checkpoint 'checkpoint_scores_CNN/CNN_mnist_custom_BK_2layer_bk1_20_other_ratio_bs_512_8/last' (iter 2124, epoch 18.0)
[Save Checkpoint] epoch: [18.0], Train score:98.31333, Test score:98.27000, train loss:-0.98197, test loss:-0.98058, ratio_train_loss:5.14969,ratio_test_loss:0.19474, total_loss_train:4.16771,total_loss_test:-0.78585, 
=> saved checkpoint 'checkpoints_CNN/CNN_mnist_custom_BK_2layer_bk1_20_other_ratio_bs_512_8/last' (iter 2242, epoch 19.0)
=> saved checkpoint 'checkpoint_scores_CNN/CNN_mnist_custom_BK_2layer_bk1_20_other_ratio_bs_512_8/last' (iter 2242, epoch 19.0)
[Save Checkpoint] epoch: [19.0], Train score:98.34333, Test score:98.22000, train loss:-0.98220, test loss:-0.98056, ratio_train_loss:5.06644,ratio_test_loss:0.19977, total_loss_train:4.08423,total_loss_test:-0.78079, 
=> saved checkpoint 'checkpoints_CNN/CNN_mnist_custom_BK_2layer_bk1_20_other_ratio_bs_512_8/last' (iter 2360, epoch 20.0)
=> saved checkpoint 'checkpoint_scores_CNN/CNN_mnist_custom_BK_2layer_bk1_20_other_ratio_bs_512_8/last' (iter 2360, epoch 20.0)
[Save Checkpoint] epoch: [20.0], Train score:98.25167, Test score:98.08000, train loss:-0.98167, test loss:-0.97987, ratio_train_loss:5.13763,ratio_test_loss:0.19905, total_loss_train:4.15596,total_loss_test:-0.78083, 
=> saved checkpoint 'checkpoints_CNN/CNN_mnist_custom_BK_2layer_bk1_20_other_ratio_bs_512_8/last' (iter 2478, epoch 21.0)
=> saved checkpoint 'checkpoint_scores_CNN/CNN_mnist_custom_BK_2layer_bk1_20_other_ratio_bs_512_8/last' (iter 2478, epoch 21.0)
[Save Checkpoint] epoch: [21.0], Train score:98.43667, Test score:98.23000, train loss:-0.98302, test loss:-0.98131, ratio_train_loss:5.15229,ratio_test_loss:0.19541, total_loss_train:4.16927,total_loss_test:-0.78591, 
=> saved checkpoint 'checkpoints_CNN/CNN_mnist_custom_BK_2layer_bk1_20_other_ratio_bs_512_8/last' (iter 2596, epoch 22.0)
=> saved checkpoint 'checkpoint_scores_CNN/CNN_mnist_custom_BK_2layer_bk1_20_other_ratio_bs_512_8/last' (iter 2596, epoch 22.0)
[Save Checkpoint] epoch: [22.0], Train score:98.24667, Test score:98.15000, train loss:-0.98136, test loss:-0.97939, ratio_train_loss:5.12668,ratio_test_loss:0.20013, total_loss_train:4.14532,total_loss_test:-0.77926, 
=> saved checkpoint 'checkpoints_CNN/CNN_mnist_custom_BK_2layer_bk1_20_other_ratio_bs_512_8/last' (iter 2714, epoch 23.0)
=> saved checkpoint 'checkpoint_scores_CNN/CNN_mnist_custom_BK_2layer_bk1_20_other_ratio_bs_512_8/last' (iter 2714, epoch 23.0)
[Save Checkpoint] epoch: [23.0], Train score:98.28500, Test score:98.16000, train loss:-0.98190, test loss:-0.97996, ratio_train_loss:5.00241,ratio_test_loss:0.20618, total_loss_train:4.02051,total_loss_test:-0.77379, 
=> saved checkpoint 'checkpoints_CNN/CNN_mnist_custom_BK_2layer_bk1_20_other_ratio_bs_512_8/last' (iter 2832, epoch 24.0)
=> saved checkpoint 'checkpoint_scores_CNN/CNN_mnist_custom_BK_2layer_bk1_20_other_ratio_bs_512_8/last' (iter 2832, epoch 24.0)
[Save Checkpoint] epoch: [24.0], Train score:98.41000, Test score:98.26000, train loss:-0.98341, test loss:-0.98122, ratio_train_loss:5.17194,ratio_test_loss:0.19645, total_loss_train:4.18853,total_loss_test:-0.78476, 
=> saved checkpoint 'checkpoints_CNN/CNN_mnist_custom_BK_2layer_bk1_20_other_ratio_bs_512_8/last' (iter 2950, epoch 25.0)
=> saved checkpoint 'checkpoint_scores_CNN/CNN_mnist_custom_BK_2layer_bk1_20_other_ratio_bs_512_8/last' (iter 2950, epoch 25.0)
[Save Checkpoint] epoch: [25.0], Train score:98.39833, Test score:98.09000, train loss:-0.98306, test loss:-0.98044, ratio_train_loss:5.32779,ratio_test_loss:0.19321, total_loss_train:4.34473,total_loss_test:-0.78723, 
=> saved checkpoint 'checkpoints_CNN/CNN_mnist_custom_BK_2layer_bk1_20_other_ratio_bs_512_8/last' (iter 3068, epoch 26.0)
=> saved checkpoint 'checkpoint_scores_CNN/CNN_mnist_custom_BK_2layer_bk1_20_other_ratio_bs_512_8/last' (iter 3068, epoch 26.0)
[Save Checkpoint] epoch: [26.0], Train score:98.42833, Test score:98.29000, train loss:-0.98344, test loss:-0.98158, ratio_train_loss:5.18886,ratio_test_loss:0.19295, total_loss_train:4.20542,total_loss_test:-0.78862, 
=> saved checkpoint 'checkpoints_CNN/CNN_mnist_custom_BK_2layer_bk1_20_other_ratio_bs_512_8/last' (iter 3186, epoch 27.0)
=> saved checkpoint 'checkpoint_scores_CNN/CNN_mnist_custom_BK_2layer_bk1_20_other_ratio_bs_512_8/last' (iter 3186, epoch 27.0)
[Save Checkpoint] epoch: [27.0], Train score:98.44000, Test score:98.22000, train loss:-0.98360, test loss:-0.98083, ratio_train_loss:5.44563,ratio_test_loss:0.18684, total_loss_train:4.46203,total_loss_test:-0.79399, 
=> saved checkpoint 'checkpoints_CNN/CNN_mnist_custom_BK_2layer_bk1_20_other_ratio_bs_512_8/last' (iter 3304, epoch 28.0)
=> saved checkpoint 'checkpoint_scores_CNN/CNN_mnist_custom_BK_2layer_bk1_20_other_ratio_bs_512_8/last' (iter 3304, epoch 28.0)
[Save Checkpoint] epoch: [28.0], Train score:98.40167, Test score:98.29000, train loss:-0.98320, test loss:-0.98173, ratio_train_loss:5.46546,ratio_test_loss:0.18545, total_loss_train:4.48226,total_loss_test:-0.79628, 
=> saved checkpoint 'checkpoints_CNN/CNN_mnist_custom_BK_2layer_bk1_20_other_ratio_bs_512_8/last' (iter 3422, epoch 29.0)
=> saved checkpoint 'checkpoint_scores_CNN/CNN_mnist_custom_BK_2layer_bk1_20_other_ratio_bs_512_8/last' (iter 3422, epoch 29.0)
[Save Checkpoint] epoch: [29.0], Train score:98.42333, Test score:98.33000, train loss:-0.98375, test loss:-0.98240, ratio_train_loss:5.35618,ratio_test_loss:0.18899, total_loss_train:4.37243,total_loss_test:-0.79341, 
=> saved checkpoint 'checkpoints_CNN/CNN_mnist_custom_BK_2layer_bk1_20_other_ratio_bs_512_8/last' (iter 3540, epoch 30.0)
=> saved checkpoint 'checkpoint_scores_CNN/CNN_mnist_custom_BK_2layer_bk1_20_other_ratio_bs_512_8/last' (iter 3540, epoch 30.0)
[Save Checkpoint] epoch: [30.0], Train score:98.58167, Test score:98.39000, train loss:-0.98517, test loss:-0.98270, ratio_train_loss:5.36504,ratio_test_loss:0.19083, total_loss_train:4.37987,total_loss_test:-0.79186, 
=> saved checkpoint 'checkpoints_CNN/CNN_mnist_custom_BK_2layer_bk1_20_other_ratio_bs_512_8/last' (iter 3658, epoch 31.0)
=> saved checkpoint 'checkpoint_scores_CNN/CNN_mnist_custom_BK_2layer_bk1_20_other_ratio_bs_512_8/last' (iter 3658, epoch 31.0)
[Save Checkpoint] epoch: [31.0], Train score:98.39167, Test score:98.22000, train loss:-0.98341, test loss:-0.98077, ratio_train_loss:5.06066,ratio_test_loss:0.20157, total_loss_train:4.07725,total_loss_test:-0.77920, 
=> saved checkpoint 'checkpoints_CNN/CNN_mnist_custom_BK_2layer_bk1_20_other_ratio_bs_512_8/last' (iter 3776, epoch 32.0)
=> saved checkpoint 'checkpoint_scores_CNN/CNN_mnist_custom_BK_2layer_bk1_20_other_ratio_bs_512_8/last' (iter 3776, epoch 32.0)
[Save Checkpoint] epoch: [32.0], Train score:98.41167, Test score:98.26000, train loss:-0.98343, test loss:-0.98164, ratio_train_loss:5.34821,ratio_test_loss:0.19205, total_loss_train:4.36478,total_loss_test:-0.78959, 
=> saved checkpoint 'checkpoints_CNN/CNN_mnist_custom_BK_2layer_bk1_20_other_ratio_bs_512_8/last' (iter 3894, epoch 33.0)
=> saved checkpoint 'checkpoint_scores_CNN/CNN_mnist_custom_BK_2layer_bk1_20_other_ratio_bs_512_8/last' (iter 3894, epoch 33.0)
[Save Checkpoint] epoch: [33.0], Train score:98.53000, Test score:98.45000, train loss:-0.98477, test loss:-0.98350, ratio_train_loss:5.37814,ratio_test_loss:0.19103, total_loss_train:4.39337,total_loss_test:-0.79247, 
=> saved checkpoint 'checkpoints_CNN/CNN_mnist_custom_BK_2layer_bk1_20_other_ratio_bs_512_8/last' (iter 4012, epoch 34.0)
=> saved checkpoint 'checkpoint_scores_CNN/CNN_mnist_custom_BK_2layer_bk1_20_other_ratio_bs_512_8/last' (iter 4012, epoch 34.0)
[Save Checkpoint] epoch: [34.0], Train score:98.28167, Test score:98.10000, train loss:-0.98270, test loss:-0.98074, ratio_train_loss:5.16334,ratio_test_loss:0.19831, total_loss_train:4.18064,total_loss_test:-0.78244, 
=> saved checkpoint 'checkpoints_CNN/CNN_mnist_custom_BK_2layer_bk1_20_other_ratio_bs_512_8/last' (iter 4130, epoch 35.0)
=> saved checkpoint 'checkpoint_scores_CNN/CNN_mnist_custom_BK_2layer_bk1_20_other_ratio_bs_512_8/last' (iter 4130, epoch 35.0)
[Save Checkpoint] epoch: [35.0], Train score:98.57167, Test score:98.24000, train loss:-0.98515, test loss:-0.98182, ratio_train_loss:5.30914,ratio_test_loss:0.19436, total_loss_train:4.32398,total_loss_test:-0.78746, 
=> saved checkpoint 'checkpoints_CNN/CNN_mnist_custom_BK_2layer_bk1_20_other_ratio_bs_512_8/last' (iter 4248, epoch 36.0)
=> saved checkpoint 'checkpoint_scores_CNN/CNN_mnist_custom_BK_2layer_bk1_20_other_ratio_bs_512_8/last' (iter 4248, epoch 36.0)
[Save Checkpoint] epoch: [36.0], Train score:98.56833, Test score:98.26000, train loss:-0.98524, test loss:-0.98164, ratio_train_loss:5.18779,ratio_test_loss:0.19669, total_loss_train:4.20255,total_loss_test:-0.78495, 
=> saved checkpoint 'checkpoints_CNN/CNN_mnist_custom_BK_2layer_bk1_20_other_ratio_bs_512_8/last' (iter 4366, epoch 37.0)
=> saved checkpoint 'checkpoint_scores_CNN/CNN_mnist_custom_BK_2layer_bk1_20_other_ratio_bs_512_8/last' (iter 4366, epoch 37.0)
[Save Checkpoint] epoch: [37.0], Train score:98.56333, Test score:98.26000, train loss:-0.98494, test loss:-0.98152, ratio_train_loss:5.56882,ratio_test_loss:0.18380, total_loss_train:4.58388,total_loss_test:-0.79772, 
=> saved checkpoint 'checkpoints_CNN/CNN_mnist_custom_BK_2layer_bk1_20_other_ratio_bs_512_8/last' (iter 4484, epoch 38.0)
=> saved checkpoint 'checkpoint_scores_CNN/CNN_mnist_custom_BK_2layer_bk1_20_other_ratio_bs_512_8/last' (iter 4484, epoch 38.0)
[Save Checkpoint] epoch: [38.0], Train score:98.53667, Test score:98.33000, train loss:-0.98493, test loss:-0.98240, ratio_train_loss:5.53906,ratio_test_loss:0.18156, total_loss_train:4.55413,total_loss_test:-0.80084, 
=> saved checkpoint 'checkpoints_CNN/CNN_mnist_custom_BK_2layer_bk1_20_other_ratio_bs_512_8/last' (iter 4602, epoch 39.0)
=> saved checkpoint 'checkpoint_scores_CNN/CNN_mnist_custom_BK_2layer_bk1_20_other_ratio_bs_512_8/last' (iter 4602, epoch 39.0)
[Save Checkpoint] epoch: [39.0], Train score:98.46833, Test score:98.38000, train loss:-0.98401, test loss:-0.98334, ratio_train_loss:5.33214,ratio_test_loss:0.18933, total_loss_train:4.34813,total_loss_test:-0.79401, 
=> saved checkpoint 'checkpoints_CNN/CNN_mnist_custom_BK_2layer_bk1_20_other_ratio_bs_512_8/last' (iter 4720, epoch 40.0)
=> saved checkpoint 'checkpoint_scores_CNN/CNN_mnist_custom_BK_2layer_bk1_20_other_ratio_bs_512_8/last' (iter 4720, epoch 40.0)
[Save Checkpoint] epoch: [40.0], Train score:98.67000, Test score:98.45000, train loss:-0.98632, test loss:-0.98411, ratio_train_loss:5.48624,ratio_test_loss:0.18806, total_loss_train:4.49992,total_loss_test:-0.79605, 
=> saved checkpoint 'checkpoints_CNN/CNN_mnist_custom_BK_2layer_bk1_20_other_ratio_bs_512_8/last' (iter 4838, epoch 41.0)
=> saved checkpoint 'checkpoint_scores_CNN/CNN_mnist_custom_BK_2layer_bk1_20_other_ratio_bs_512_8/last' (iter 4838, epoch 41.0)
[Save Checkpoint] epoch: [41.0], Train score:98.63167, Test score:98.48000, train loss:-0.98580, test loss:-0.98388, ratio_train_loss:5.19244,ratio_test_loss:0.19623, total_loss_train:4.20664,total_loss_test:-0.78765, 
=> saved checkpoint 'checkpoints_CNN/CNN_mnist_custom_BK_2layer_bk1_20_other_ratio_bs_512_8/last' (iter 4956, epoch 42.0)
=> saved checkpoint 'checkpoint_scores_CNN/CNN_mnist_custom_BK_2layer_bk1_20_other_ratio_bs_512_8/last' (iter 4956, epoch 42.0)
[Save Checkpoint] epoch: [42.0], Train score:98.59000, Test score:98.36000, train loss:-0.98569, test loss:-0.98299, ratio_train_loss:5.56334,ratio_test_loss:0.18355, total_loss_train:4.57765,total_loss_test:-0.79944, 
=> saved checkpoint 'checkpoints_CNN/CNN_mnist_custom_BK_2layer_bk1_20_other_ratio_bs_512_8/last' (iter 5074, epoch 43.0)
=> saved checkpoint 'checkpoint_scores_CNN/CNN_mnist_custom_BK_2layer_bk1_20_other_ratio_bs_512_8/last' (iter 5074, epoch 43.0)
[Save Checkpoint] epoch: [43.0], Train score:98.69667, Test score:98.52000, train loss:-0.98642, test loss:-0.98481, ratio_train_loss:5.58754,ratio_test_loss:0.18147, total_loss_train:4.60112,total_loss_test:-0.80334, 
=> saved checkpoint 'checkpoints_CNN/CNN_mnist_custom_BK_2layer_bk1_20_other_ratio_bs_512_8/last' (iter 5192, epoch 44.0)
=> saved checkpoint 'checkpoint_scores_CNN/CNN_mnist_custom_BK_2layer_bk1_20_other_ratio_bs_512_8/last' (iter 5192, epoch 44.0)
[Save Checkpoint] epoch: [44.0], Train score:98.54833, Test score:98.32000, train loss:-0.98512, test loss:-0.98321, ratio_train_loss:5.48227,ratio_test_loss:0.18637, total_loss_train:4.49715,total_loss_test:-0.79684, 
=> saved checkpoint 'checkpoints_CNN/CNN_mnist_custom_BK_2layer_bk1_20_other_ratio_bs_512_8/last' (iter 5310, epoch 45.0)
=> saved checkpoint 'checkpoint_scores_CNN/CNN_mnist_custom_BK_2layer_bk1_20_other_ratio_bs_512_8/last' (iter 5310, epoch 45.0)
[Save Checkpoint] epoch: [45.0], Train score:98.70333, Test score:98.46000, train loss:-0.98667, test loss:-0.98411, ratio_train_loss:5.58271,ratio_test_loss:0.18425, total_loss_train:4.59604,total_loss_test:-0.79986, 
=> saved checkpoint 'checkpoints_CNN/CNN_mnist_custom_BK_2layer_bk1_20_other_ratio_bs_512_8/last' (iter 5428, epoch 46.0)
=> saved checkpoint 'checkpoint_scores_CNN/CNN_mnist_custom_BK_2layer_bk1_20_other_ratio_bs_512_8/last' (iter 5428, epoch 46.0)
[Save Checkpoint] epoch: [46.0], Train score:98.74333, Test score:98.51000, train loss:-0.98707, test loss:-0.98442, ratio_train_loss:5.58814,ratio_test_loss:0.18180, total_loss_train:4.60107,total_loss_test:-0.80262, 
=> saved checkpoint 'checkpoints_CNN/CNN_mnist_custom_BK_2layer_bk1_20_other_ratio_bs_512_8/last' (iter 5546, epoch 47.0)
=> saved checkpoint 'checkpoint_scores_CNN/CNN_mnist_custom_BK_2layer_bk1_20_other_ratio_bs_512_8/last' (iter 5546, epoch 47.0)
[Save Checkpoint] epoch: [47.0], Train score:98.82833, Test score:98.48000, train loss:-0.98777, test loss:-0.98425, ratio_train_loss:5.57073,ratio_test_loss:0.18332, total_loss_train:4.58296,total_loss_test:-0.80093, 
=> saved checkpoint 'checkpoints_CNN/CNN_mnist_custom_BK_2layer_bk1_20_other_ratio_bs_512_8/last' (iter 5664, epoch 48.0)
=> saved checkpoint 'checkpoint_scores_CNN/CNN_mnist_custom_BK_2layer_bk1_20_other_ratio_bs_512_8/last' (iter 5664, epoch 48.0)
[Save Checkpoint] epoch: [48.0], Train score:98.72167, Test score:98.43000, train loss:-0.98683, test loss:-0.98348, ratio_train_loss:5.82451,ratio_test_loss:0.17585, total_loss_train:4.83768,total_loss_test:-0.80763, 
=> saved checkpoint 'checkpoints_CNN/CNN_mnist_custom_BK_2layer_bk1_20_other_ratio_bs_512_8/last' (iter 5782, epoch 49.0)
=> saved checkpoint 'checkpoint_scores_CNN/CNN_mnist_custom_BK_2layer_bk1_20_other_ratio_bs_512_8/last' (iter 5782, epoch 49.0)
[Save Checkpoint] epoch: [49.0], Train score:98.66167, Test score:98.46000, train loss:-0.98640, test loss:-0.98421, ratio_train_loss:5.84907,ratio_test_loss:0.17476, total_loss_train:4.86268,total_loss_test:-0.80945, 
=> saved checkpoint 'checkpoints_CNN/CNN_mnist_custom_BK_2layer_bk1_20_other_ratio_bs_512_8/last' (iter 5900, epoch 50.0)
=> saved checkpoint 'checkpoint_scores_CNN/CNN_mnist_custom_BK_2layer_bk1_20_other_ratio_bs_512_8/last' (iter 5900, epoch 50.0)
[Save Checkpoint] epoch: [50.0], Train score:98.72500, Test score:98.41000, train loss:-0.98688, test loss:-0.98349, ratio_train_loss:5.56945,ratio_test_loss:0.18245, total_loss_train:4.58256,total_loss_test:-0.80104, 
=> saved checkpoint 'checkpoints_CNN/CNN_mnist_custom_BK_2layer_bk1_20_other_ratio_bs_512_8/last' (iter 6018, epoch 51.0)
=> saved checkpoint 'checkpoint_scores_CNN/CNN_mnist_custom_BK_2layer_bk1_20_other_ratio_bs_512_8/last' (iter 6018, epoch 51.0)
[Save Checkpoint] epoch: [51.0], Train score:98.42333, Test score:98.07000, train loss:-0.98397, test loss:-0.98021, ratio_train_loss:5.55837,ratio_test_loss:0.18342, total_loss_train:4.57440,total_loss_test:-0.79679, 
=> saved checkpoint 'checkpoints_CNN/CNN_mnist_custom_BK_2layer_bk1_20_other_ratio_bs_512_8/last' (iter 6136, epoch 52.0)
=> saved checkpoint 'checkpoint_scores_CNN/CNN_mnist_custom_BK_2layer_bk1_20_other_ratio_bs_512_8/last' (iter 6136, epoch 52.0)
[Save Checkpoint] epoch: [52.0], Train score:98.63167, Test score:98.33000, train loss:-0.98599, test loss:-0.98294, ratio_train_loss:5.54140,ratio_test_loss:0.18248, total_loss_train:4.55541,total_loss_test:-0.80046, 
=> saved checkpoint 'checkpoints_CNN/CNN_mnist_custom_BK_2layer_bk1_20_other_ratio_bs_512_8/last' (iter 6254, epoch 53.0)
=> saved checkpoint 'checkpoint_scores_CNN/CNN_mnist_custom_BK_2layer_bk1_20_other_ratio_bs_512_8/last' (iter 6254, epoch 53.0)
[Save Checkpoint] epoch: [53.0], Train score:98.67667, Test score:98.53000, train loss:-0.98648, test loss:-0.98443, ratio_train_loss:5.62661,ratio_test_loss:0.18080, total_loss_train:4.64013,total_loss_test:-0.80363, 
=> saved checkpoint 'checkpoints_CNN/CNN_mnist_custom_BK_2layer_bk1_20_other_ratio_bs_512_8/last' (iter 6372, epoch 54.0)
=> saved checkpoint 'checkpoint_scores_CNN/CNN_mnist_custom_BK_2layer_bk1_20_other_ratio_bs_512_8/last' (iter 6372, epoch 54.0)
[Save Checkpoint] epoch: [54.0], Train score:98.71000, Test score:98.36000, train loss:-0.98686, test loss:-0.98340, ratio_train_loss:5.76553,ratio_test_loss:0.17871, total_loss_train:4.77868,total_loss_test:-0.80469, 
=> saved checkpoint 'checkpoints_CNN/CNN_mnist_custom_BK_2layer_bk1_20_other_ratio_bs_512_8/last' (iter 6490, epoch 55.0)
=> saved checkpoint 'checkpoint_scores_CNN/CNN_mnist_custom_BK_2layer_bk1_20_other_ratio_bs_512_8/last' (iter 6490, epoch 55.0)
[Save Checkpoint] epoch: [55.0], Train score:98.76333, Test score:98.57000, train loss:-0.98715, test loss:-0.98486, ratio_train_loss:5.72881,ratio_test_loss:0.17897, total_loss_train:4.74165,total_loss_test:-0.80589, 
=> saved checkpoint 'checkpoints_CNN/CNN_mnist_custom_BK_2layer_bk1_20_other_ratio_bs_512_8/last' (iter 6608, epoch 56.0)
=> saved checkpoint 'checkpoint_scores_CNN/CNN_mnist_custom_BK_2layer_bk1_20_other_ratio_bs_512_8/last' (iter 6608, epoch 56.0)
[Save Checkpoint] epoch: [56.0], Train score:98.77667, Test score:98.50000, train loss:-0.98763, test loss:-0.98476, ratio_train_loss:5.89093,ratio_test_loss:0.17460, total_loss_train:4.90331,total_loss_test:-0.81016, 
=> saved checkpoint 'checkpoints_CNN/CNN_mnist_custom_BK_2layer_bk1_20_other_ratio_bs_512_8/last' (iter 6726, epoch 57.0)
=> saved checkpoint 'checkpoint_scores_CNN/CNN_mnist_custom_BK_2layer_bk1_20_other_ratio_bs_512_8/last' (iter 6726, epoch 57.0)
[Save Checkpoint] epoch: [57.0], Train score:98.78333, Test score:98.46000, train loss:-0.98760, test loss:-0.98469, ratio_train_loss:5.89646,ratio_test_loss:0.17450, total_loss_train:4.90887,total_loss_test:-0.81019, 
=> saved checkpoint 'checkpoints_CNN/CNN_mnist_custom_BK_2layer_bk1_20_other_ratio_bs_512_8/last' (iter 6844, epoch 58.0)
=> saved checkpoint 'checkpoint_scores_CNN/CNN_mnist_custom_BK_2layer_bk1_20_other_ratio_bs_512_8/last' (iter 6844, epoch 58.0)
[Save Checkpoint] epoch: [58.0], Train score:98.64333, Test score:98.42000, train loss:-0.98632, test loss:-0.98355, ratio_train_loss:6.02674,ratio_test_loss:0.16820, total_loss_train:5.04042,total_loss_test:-0.81535, 
=> saved checkpoint 'checkpoints_CNN/CNN_mnist_custom_BK_2layer_bk1_20_other_ratio_bs_512_8/last' (iter 6962, epoch 59.0)
=> saved checkpoint 'checkpoint_scores_CNN/CNN_mnist_custom_BK_2layer_bk1_20_other_ratio_bs_512_8/last' (iter 6962, epoch 59.0)
[Save Checkpoint] epoch: [59.0], Train score:98.74000, Test score:98.49000, train loss:-0.98727, test loss:-0.98438, ratio_train_loss:5.83962,ratio_test_loss:0.17351, total_loss_train:4.85235,total_loss_test:-0.81087, 
=> saved checkpoint 'checkpoints_CNN/CNN_mnist_custom_BK_2layer_bk1_20_other_ratio_bs_512_8/last' (iter 7080, epoch 60.0)
=> saved checkpoint 'checkpoint_scores_CNN/CNN_mnist_custom_BK_2layer_bk1_20_other_ratio_bs_512_8/last' (iter 7080, epoch 60.0)
[Save Checkpoint] epoch: [60.0], Train score:98.73833, Test score:98.52000, train loss:-0.98718, test loss:-0.98480, ratio_train_loss:5.55836,ratio_test_loss:0.18490, total_loss_train:4.57118,total_loss_test:-0.79990, 
=> saved checkpoint 'checkpoints_CNN/CNN_mnist_custom_BK_2layer_bk1_20_other_ratio_bs_512_8/last' (iter 7198, epoch 61.0)
=> saved checkpoint 'checkpoint_scores_CNN/CNN_mnist_custom_BK_2layer_bk1_20_other_ratio_bs_512_8/last' (iter 7198, epoch 61.0)
[Save Checkpoint] epoch: [61.0], Train score:98.78833, Test score:98.41000, train loss:-0.98748, test loss:-0.98437, ratio_train_loss:5.88277,ratio_test_loss:0.17445, total_loss_train:4.89530,total_loss_test:-0.80992, 
=> saved checkpoint 'checkpoints_CNN/CNN_mnist_custom_BK_2layer_bk1_20_other_ratio_bs_512_8/last' (iter 7316, epoch 62.0)
=> saved checkpoint 'checkpoint_scores_CNN/CNN_mnist_custom_BK_2layer_bk1_20_other_ratio_bs_512_8/last' (iter 7316, epoch 62.0)
[Save Checkpoint] epoch: [62.0], Train score:98.60000, Test score:98.24000, train loss:-0.98579, test loss:-0.98185, ratio_train_loss:5.72926,ratio_test_loss:0.18255, total_loss_train:4.74347,total_loss_test:-0.79931, 
=> saved checkpoint 'checkpoints_CNN/CNN_mnist_custom_BK_2layer_bk1_20_other_ratio_bs_512_8/last' (iter 7434, epoch 63.0)
=> saved checkpoint 'checkpoint_scores_CNN/CNN_mnist_custom_BK_2layer_bk1_20_other_ratio_bs_512_8/last' (iter 7434, epoch 63.0)
[Save Checkpoint] epoch: [63.0], Train score:98.76167, Test score:98.44000, train loss:-0.98728, test loss:-0.98417, ratio_train_loss:5.75178,ratio_test_loss:0.17677, total_loss_train:4.76450,total_loss_test:-0.80740, 
=> saved checkpoint 'checkpoints_CNN/CNN_mnist_custom_BK_2layer_bk1_20_other_ratio_bs_512_8/last' (iter 7552, epoch 64.0)
=> saved checkpoint 'checkpoint_scores_CNN/CNN_mnist_custom_BK_2layer_bk1_20_other_ratio_bs_512_8/last' (iter 7552, epoch 64.0)
[Save Checkpoint] epoch: [64.0], Train score:98.81333, Test score:98.49000, train loss:-0.98789, test loss:-0.98428, ratio_train_loss:5.89660,ratio_test_loss:0.17411, total_loss_train:4.90871,total_loss_test:-0.81017, 
=> saved checkpoint 'checkpoints_CNN/CNN_mnist_custom_BK_2layer_bk1_20_other_ratio_bs_512_8/last' (iter 7670, epoch 65.0)
=> saved checkpoint 'checkpoint_scores_CNN/CNN_mnist_custom_BK_2layer_bk1_20_other_ratio_bs_512_8/last' (iter 7670, epoch 65.0)
[Save Checkpoint] epoch: [65.0], Train score:98.71667, Test score:98.30000, train loss:-0.98679, test loss:-0.98301, ratio_train_loss:5.62113,ratio_test_loss:0.18274, total_loss_train:4.63434,total_loss_test:-0.80028, 
=> saved checkpoint 'checkpoints_CNN/CNN_mnist_custom_BK_2layer_bk1_20_other_ratio_bs_512_8/last' (iter 7788, epoch 66.0)
=> saved checkpoint 'checkpoint_scores_CNN/CNN_mnist_custom_BK_2layer_bk1_20_other_ratio_bs_512_8/last' (iter 7788, epoch 66.0)
[Save Checkpoint] epoch: [66.0], Train score:98.74500, Test score:98.41000, train loss:-0.98700, test loss:-0.98346, ratio_train_loss:5.76035,ratio_test_loss:0.17815, total_loss_train:4.77336,total_loss_test:-0.80531, 
=> saved checkpoint 'checkpoints_CNN/CNN_mnist_custom_BK_2layer_bk1_20_other_ratio_bs_512_8/last' (iter 7906, epoch 67.0)
=> saved checkpoint 'checkpoint_scores_CNN/CNN_mnist_custom_BK_2layer_bk1_20_other_ratio_bs_512_8/last' (iter 7906, epoch 67.0)
[Save Checkpoint] epoch: [67.0], Train score:98.73667, Test score:98.61000, train loss:-0.98720, test loss:-0.98505, ratio_train_loss:5.61178,ratio_test_loss:0.18407, total_loss_train:4.62459,total_loss_test:-0.80098, 
=> saved checkpoint 'checkpoints_CNN/CNN_mnist_custom_BK_2layer_bk1_20_other_ratio_bs_512_8/last' (iter 8024, epoch 68.0)
=> saved checkpoint 'checkpoint_scores_CNN/CNN_mnist_custom_BK_2layer_bk1_20_other_ratio_bs_512_8/last' (iter 8024, epoch 68.0)
[Save Checkpoint] epoch: [68.0], Train score:98.84333, Test score:98.56000, train loss:-0.98804, test loss:-0.98470, ratio_train_loss:5.95876,ratio_test_loss:0.17148, total_loss_train:4.97073,total_loss_test:-0.81323, 
=> saved checkpoint 'checkpoints_CNN/CNN_mnist_custom_BK_2layer_bk1_20_other_ratio_bs_512_8/last' (iter 8142, epoch 69.0)
=> saved checkpoint 'checkpoint_scores_CNN/CNN_mnist_custom_BK_2layer_bk1_20_other_ratio_bs_512_8/last' (iter 8142, epoch 69.0)
[Save Checkpoint] epoch: [69.0], Train score:98.79667, Test score:98.48000, train loss:-0.98782, test loss:-0.98470, ratio_train_loss:6.06551,ratio_test_loss:0.16941, total_loss_train:5.07769,total_loss_test:-0.81529, 
=> saved checkpoint 'checkpoints_CNN/CNN_mnist_custom_BK_2layer_bk1_20_other_ratio_bs_512_8/last' (iter 8260, epoch 70.0)
=> saved checkpoint 'checkpoint_scores_CNN/CNN_mnist_custom_BK_2layer_bk1_20_other_ratio_bs_512_8/last' (iter 8260, epoch 70.0)
[Save Checkpoint] epoch: [70.0], Train score:98.83667, Test score:98.56000, train loss:-0.98807, test loss:-0.98533, ratio_train_loss:6.05349,ratio_test_loss:0.17046, total_loss_train:5.06542,total_loss_test:-0.81487, 
=> saved checkpoint 'checkpoints_CNN/CNN_mnist_custom_BK_2layer_bk1_20_other_ratio_bs_512_8/last' (iter 8378, epoch 71.0)
=> saved checkpoint 'checkpoint_scores_CNN/CNN_mnist_custom_BK_2layer_bk1_20_other_ratio_bs_512_8/last' (iter 8378, epoch 71.0)
[Save Checkpoint] epoch: [71.0], Train score:98.75833, Test score:98.55000, train loss:-0.98739, test loss:-0.98450, ratio_train_loss:5.92142,ratio_test_loss:0.17394, total_loss_train:4.93403,total_loss_test:-0.81057, 
=> saved checkpoint 'checkpoints_CNN/CNN_mnist_custom_BK_2layer_bk1_20_other_ratio_bs_512_8/last' (iter 8496, epoch 72.0)
=> saved checkpoint 'checkpoint_scores_CNN/CNN_mnist_custom_BK_2layer_bk1_20_other_ratio_bs_512_8/last' (iter 8496, epoch 72.0)
[Save Checkpoint] epoch: [72.0], Train score:98.72833, Test score:98.48000, train loss:-0.98710, test loss:-0.98461, ratio_train_loss:6.08254,ratio_test_loss:0.17183, total_loss_train:5.09544,total_loss_test:-0.81278, 
=> saved checkpoint 'checkpoints_CNN/CNN_mnist_custom_BK_2layer_bk1_20_other_ratio_bs_512_8/last' (iter 8614, epoch 73.0)
=> saved checkpoint 'checkpoint_scores_CNN/CNN_mnist_custom_BK_2layer_bk1_20_other_ratio_bs_512_8/last' (iter 8614, epoch 73.0)
[Save Checkpoint] epoch: [73.0], Train score:98.74167, Test score:98.39000, train loss:-0.98703, test loss:-0.98328, ratio_train_loss:5.91414,ratio_test_loss:0.17403, total_loss_train:4.92710,total_loss_test:-0.80925, 
=> saved checkpoint 'checkpoints_CNN/CNN_mnist_custom_BK_2layer_bk1_20_other_ratio_bs_512_8/last' (iter 8732, epoch 74.0)
=> saved checkpoint 'checkpoint_scores_CNN/CNN_mnist_custom_BK_2layer_bk1_20_other_ratio_bs_512_8/last' (iter 8732, epoch 74.0)
[Save Checkpoint] epoch: [74.0], Train score:98.88000, Test score:98.64000, train loss:-0.98876, test loss:-0.98598, ratio_train_loss:6.12057,ratio_test_loss:0.16727, total_loss_train:5.13181,total_loss_test:-0.81871, 
=> saved checkpoint 'checkpoints_CNN/CNN_mnist_custom_BK_2layer_bk1_20_other_ratio_bs_512_8/last' (iter 8850, epoch 75.0)
=> saved checkpoint 'checkpoint_scores_CNN/CNN_mnist_custom_BK_2layer_bk1_20_other_ratio_bs_512_8/last' (iter 8850, epoch 75.0)
[Save Checkpoint] epoch: [75.0], Train score:98.78333, Test score:98.46000, train loss:-0.98776, test loss:-0.98446, ratio_train_loss:5.96216,ratio_test_loss:0.17438, total_loss_train:4.97440,total_loss_test:-0.81008, 
=> saved checkpoint 'checkpoints_CNN/CNN_mnist_custom_BK_2layer_bk1_20_other_ratio_bs_512_8/last' (iter 8968, epoch 76.0)
=> saved checkpoint 'checkpoint_scores_CNN/CNN_mnist_custom_BK_2layer_bk1_20_other_ratio_bs_512_8/last' (iter 8968, epoch 76.0)
[Save Checkpoint] epoch: [76.0], Train score:98.83333, Test score:98.61000, train loss:-0.98820, test loss:-0.98570, ratio_train_loss:6.01784,ratio_test_loss:0.17276, total_loss_train:5.02964,total_loss_test:-0.81294, 
=> saved checkpoint 'checkpoints_CNN/CNN_mnist_custom_BK_2layer_bk1_20_other_ratio_bs_512_8/last' (iter 9086, epoch 77.0)
=> saved checkpoint 'checkpoint_scores_CNN/CNN_mnist_custom_BK_2layer_bk1_20_other_ratio_bs_512_8/last' (iter 9086, epoch 77.0)
[Save Checkpoint] epoch: [77.0], Train score:98.84667, Test score:98.54000, train loss:-0.98813, test loss:-0.98518, ratio_train_loss:6.02839,ratio_test_loss:0.17249, total_loss_train:5.04027,total_loss_test:-0.81269, 
=> saved checkpoint 'checkpoints_CNN/CNN_mnist_custom_BK_2layer_bk1_20_other_ratio_bs_512_8/last' (iter 9204, epoch 78.0)
=> saved checkpoint 'checkpoint_scores_CNN/CNN_mnist_custom_BK_2layer_bk1_20_other_ratio_bs_512_8/last' (iter 9204, epoch 78.0)
[Save Checkpoint] epoch: [78.0], Train score:98.84000, Test score:98.44000, train loss:-0.98821, test loss:-0.98436, ratio_train_loss:5.85678,ratio_test_loss:0.17737, total_loss_train:4.86857,total_loss_test:-0.80699, 
=> saved checkpoint 'checkpoints_CNN/CNN_mnist_custom_BK_2layer_bk1_20_other_ratio_bs_512_8/last' (iter 9322, epoch 79.0)
=> saved checkpoint 'checkpoint_scores_CNN/CNN_mnist_custom_BK_2layer_bk1_20_other_ratio_bs_512_8/last' (iter 9322, epoch 79.0)
[Save Checkpoint] epoch: [79.0], Train score:98.86333, Test score:98.40000, train loss:-0.98833, test loss:-0.98379, ratio_train_loss:6.12648,ratio_test_loss:0.17087, total_loss_train:5.13815,total_loss_test:-0.81292, 
=> saved checkpoint 'checkpoints_CNN/CNN_mnist_custom_BK_2layer_bk1_20_other_ratio_bs_512_8/last' (iter 9440, epoch 80.0)
=> saved checkpoint 'checkpoint_scores_CNN/CNN_mnist_custom_BK_2layer_bk1_20_other_ratio_bs_512_8/last' (iter 9440, epoch 80.0)
[Save Checkpoint] epoch: [80.0], Train score:98.84000, Test score:98.57000, train loss:-0.98802, test loss:-0.98470, ratio_train_loss:5.89842,ratio_test_loss:0.17470, total_loss_train:4.91040,total_loss_test:-0.81000, 
=> saved checkpoint 'checkpoints_CNN/CNN_mnist_custom_BK_2layer_bk1_20_other_ratio_bs_512_8/last' (iter 9558, epoch 81.0)
=> saved checkpoint 'checkpoint_scores_CNN/CNN_mnist_custom_BK_2layer_bk1_20_other_ratio_bs_512_8/last' (iter 9558, epoch 81.0)
[Save Checkpoint] epoch: [81.0], Train score:98.83000, Test score:98.52000, train loss:-0.98812, test loss:-0.98497, ratio_train_loss:6.15076,ratio_test_loss:0.16787, total_loss_train:5.16265,total_loss_test:-0.81710, 
=> saved checkpoint 'checkpoints_CNN/CNN_mnist_custom_BK_2layer_bk1_20_other_ratio_bs_512_8/last' (iter 9676, epoch 82.0)
=> saved checkpoint 'checkpoint_scores_CNN/CNN_mnist_custom_BK_2layer_bk1_20_other_ratio_bs_512_8/last' (iter 9676, epoch 82.0)
[Save Checkpoint] epoch: [82.0], Train score:98.92000, Test score:98.42000, train loss:-0.98900, test loss:-0.98373, ratio_train_loss:6.05791,ratio_test_loss:0.17145, total_loss_train:5.06891,total_loss_test:-0.81228, 
=> saved checkpoint 'checkpoints_CNN/CNN_mnist_custom_BK_2layer_bk1_20_other_ratio_bs_512_8/last' (iter 9794, epoch 83.0)
=> saved checkpoint 'checkpoint_scores_CNN/CNN_mnist_custom_BK_2layer_bk1_20_other_ratio_bs_512_8/last' (iter 9794, epoch 83.0)
[Save Checkpoint] epoch: [83.0], Train score:98.89667, Test score:98.63000, train loss:-0.98887, test loss:-0.98609, ratio_train_loss:5.98070,ratio_test_loss:0.17231, total_loss_train:4.99182,total_loss_test:-0.81378, 
=> saved checkpoint 'checkpoints_CNN/CNN_mnist_custom_BK_2layer_bk1_20_other_ratio_bs_512_8/last' (iter 9912, epoch 84.0)
=> saved checkpoint 'checkpoint_scores_CNN/CNN_mnist_custom_BK_2layer_bk1_20_other_ratio_bs_512_8/last' (iter 9912, epoch 84.0)
[Save Checkpoint] epoch: [84.0], Train score:98.85667, Test score:98.32000, train loss:-0.98834, test loss:-0.98324, ratio_train_loss:6.03934,ratio_test_loss:0.17169, total_loss_train:5.05100,total_loss_test:-0.81154, 
=> saved checkpoint 'checkpoints_CNN/CNN_mnist_custom_BK_2layer_bk1_20_other_ratio_bs_512_8/last' (iter 10030, epoch 85.0)
=> saved checkpoint 'checkpoint_scores_CNN/CNN_mnist_custom_BK_2layer_bk1_20_other_ratio_bs_512_8/last' (iter 10030, epoch 85.0)
[Save Checkpoint] epoch: [85.0], Train score:98.93500, Test score:98.59000, train loss:-0.98914, test loss:-0.98543, ratio_train_loss:6.02051,ratio_test_loss:0.17227, total_loss_train:5.03137,total_loss_test:-0.81316, 
=> saved checkpoint 'checkpoints_CNN/CNN_mnist_custom_BK_2layer_bk1_20_other_ratio_bs_512_8/last' (iter 10148, epoch 86.0)
=> saved checkpoint 'checkpoint_scores_CNN/CNN_mnist_custom_BK_2layer_bk1_20_other_ratio_bs_512_8/last' (iter 10148, epoch 86.0)
[Save Checkpoint] epoch: [86.0], Train score:98.97000, Test score:98.56000, train loss:-0.98964, test loss:-0.98576, ratio_train_loss:6.15578,ratio_test_loss:0.16799, total_loss_train:5.16614,total_loss_test:-0.81777, 
=> saved checkpoint 'checkpoints_CNN/CNN_mnist_custom_BK_2layer_bk1_20_other_ratio_bs_512_8/last' (iter 10266, epoch 87.0)
=> saved checkpoint 'checkpoint_scores_CNN/CNN_mnist_custom_BK_2layer_bk1_20_other_ratio_bs_512_8/last' (iter 10266, epoch 87.0)
[Save Checkpoint] epoch: [87.0], Train score:98.86333, Test score:98.64000, train loss:-0.98856, test loss:-0.98584, ratio_train_loss:6.09126,ratio_test_loss:0.17163, total_loss_train:5.10269,total_loss_test:-0.81420, 
=> saved checkpoint 'checkpoints_CNN/CNN_mnist_custom_BK_2layer_bk1_20_other_ratio_bs_512_8/last' (iter 10384, epoch 88.0)
=> saved checkpoint 'checkpoint_scores_CNN/CNN_mnist_custom_BK_2layer_bk1_20_other_ratio_bs_512_8/last' (iter 10384, epoch 88.0)
[Save Checkpoint] epoch: [88.0], Train score:98.93667, Test score:98.56000, train loss:-0.98925, test loss:-0.98540, ratio_train_loss:6.27911,ratio_test_loss:0.16576, total_loss_train:5.28985,total_loss_test:-0.81965, 
=> saved checkpoint 'checkpoints_CNN/CNN_mnist_custom_BK_2layer_bk1_20_other_ratio_bs_512_8/last' (iter 10502, epoch 89.0)
=> saved checkpoint 'checkpoint_scores_CNN/CNN_mnist_custom_BK_2layer_bk1_20_other_ratio_bs_512_8/last' (iter 10502, epoch 89.0)
[Save Checkpoint] epoch: [89.0], Train score:98.90000, Test score:98.38000, train loss:-0.98872, test loss:-0.98334, ratio_train_loss:5.92726,ratio_test_loss:0.17446, total_loss_train:4.93853,total_loss_test:-0.80888, 
=> saved checkpoint 'checkpoints_CNN/CNN_mnist_custom_BK_2layer_bk1_20_other_ratio_bs_512_8/last' (iter 10620, epoch 90.0)
=> saved checkpoint 'checkpoint_scores_CNN/CNN_mnist_custom_BK_2layer_bk1_20_other_ratio_bs_512_8/last' (iter 10620, epoch 90.0)
[Save Checkpoint] epoch: [90.0], Train score:98.91000, Test score:98.51000, train loss:-0.98883, test loss:-0.98505, ratio_train_loss:5.89910,ratio_test_loss:0.17457, total_loss_train:4.91026,total_loss_test:-0.81048, 
=> saved checkpoint 'checkpoints_CNN/CNN_mnist_custom_BK_2layer_bk1_20_other_ratio_bs_512_8/last' (iter 10738, epoch 91.0)
=> saved checkpoint 'checkpoint_scores_CNN/CNN_mnist_custom_BK_2layer_bk1_20_other_ratio_bs_512_8/last' (iter 10738, epoch 91.0)
[Save Checkpoint] epoch: [91.0], Train score:98.99500, Test score:98.65000, train loss:-0.98970, test loss:-0.98629, ratio_train_loss:6.04276,ratio_test_loss:0.17164, total_loss_train:5.05306,total_loss_test:-0.81465, 
=> saved checkpoint 'checkpoints_CNN/CNN_mnist_custom_BK_2layer_bk1_20_other_ratio_bs_512_8/last' (iter 10856, epoch 92.0)
=> saved checkpoint 'checkpoint_scores_CNN/CNN_mnist_custom_BK_2layer_bk1_20_other_ratio_bs_512_8/last' (iter 10856, epoch 92.0)
[Save Checkpoint] epoch: [92.0], Train score:98.89000, Test score:98.42000, train loss:-0.98869, test loss:-0.98384, ratio_train_loss:6.04049,ratio_test_loss:0.17386, total_loss_train:5.05180,total_loss_test:-0.80998, 
=> saved checkpoint 'checkpoints_CNN/CNN_mnist_custom_BK_2layer_bk1_20_other_ratio_bs_512_8/last' (iter 10974, epoch 93.0)
=> saved checkpoint 'checkpoint_scores_CNN/CNN_mnist_custom_BK_2layer_bk1_20_other_ratio_bs_512_8/last' (iter 10974, epoch 93.0)
[Save Checkpoint] epoch: [93.0], Train score:98.76000, Test score:98.50000, train loss:-0.98746, test loss:-0.98498, ratio_train_loss:5.94775,ratio_test_loss:0.17359, total_loss_train:4.96030,total_loss_test:-0.81139, 
=> saved checkpoint 'checkpoints_CNN/CNN_mnist_custom_BK_2layer_bk1_20_other_ratio_bs_512_8/last' (iter 11092, epoch 94.0)
=> saved checkpoint 'checkpoint_scores_CNN/CNN_mnist_custom_BK_2layer_bk1_20_other_ratio_bs_512_8/last' (iter 11092, epoch 94.0)
[Save Checkpoint] epoch: [94.0], Train score:98.95167, Test score:98.53000, train loss:-0.98938, test loss:-0.98475, ratio_train_loss:6.13878,ratio_test_loss:0.16800, total_loss_train:5.14940,total_loss_test:-0.81676, 
=> saved checkpoint 'checkpoints_CNN/CNN_mnist_custom_BK_2layer_bk1_20_other_ratio_bs_512_8/last' (iter 11210, epoch 95.0)
=> saved checkpoint 'checkpoint_scores_CNN/CNN_mnist_custom_BK_2layer_bk1_20_other_ratio_bs_512_8/last' (iter 11210, epoch 95.0)
[Save Checkpoint] epoch: [95.0], Train score:98.90667, Test score:98.49000, train loss:-0.98897, test loss:-0.98504, ratio_train_loss:6.07338,ratio_test_loss:0.17126, total_loss_train:5.08441,total_loss_test:-0.81378, 
=> saved checkpoint 'checkpoints_CNN/CNN_mnist_custom_BK_2layer_bk1_20_other_ratio_bs_512_8/last' (iter 11328, epoch 96.0)
=> saved checkpoint 'checkpoint_scores_CNN/CNN_mnist_custom_BK_2layer_bk1_20_other_ratio_bs_512_8/last' (iter 11328, epoch 96.0)
[Save Checkpoint] epoch: [96.0], Train score:98.95000, Test score:98.63000, train loss:-0.98934, test loss:-0.98594, ratio_train_loss:6.32170,ratio_test_loss:0.16580, total_loss_train:5.33236,total_loss_test:-0.82014, 
=> saved checkpoint 'checkpoints_CNN/CNN_mnist_custom_BK_2layer_bk1_20_other_ratio_bs_512_8/last' (iter 11446, epoch 97.0)
=> saved checkpoint 'checkpoint_scores_CNN/CNN_mnist_custom_BK_2layer_bk1_20_other_ratio_bs_512_8/last' (iter 11446, epoch 97.0)
[Save Checkpoint] epoch: [97.0], Train score:98.95333, Test score:98.56000, train loss:-0.98950, test loss:-0.98526, ratio_train_loss:6.07230,ratio_test_loss:0.17337, total_loss_train:5.08280,total_loss_test:-0.81189, 
=> saved checkpoint 'checkpoints_CNN/CNN_mnist_custom_BK_2layer_bk1_20_other_ratio_bs_512_8/last' (iter 11564, epoch 98.0)
=> saved checkpoint 'checkpoint_scores_CNN/CNN_mnist_custom_BK_2layer_bk1_20_other_ratio_bs_512_8/last' (iter 11564, epoch 98.0)
[Save Checkpoint] epoch: [98.0], Train score:98.95000, Test score:98.64000, train loss:-0.98945, test loss:-0.98585, ratio_train_loss:6.01297,ratio_test_loss:0.17426, total_loss_train:5.02353,total_loss_test:-0.81159, 
=> saved checkpoint 'checkpoints_CNN/CNN_mnist_custom_BK_2layer_bk1_20_other_ratio_bs_512_8/last' (iter 11682, epoch 99.0)
=> saved checkpoint 'checkpoint_scores_CNN/CNN_mnist_custom_BK_2layer_bk1_20_other_ratio_bs_512_8/last' (iter 11682, epoch 99.0)
[Save Checkpoint] epoch: [99.0], Train score:98.95333, Test score:98.64000, train loss:-0.98946, test loss:-0.98595, ratio_train_loss:6.08974,ratio_test_loss:0.17265, total_loss_train:5.10027,total_loss_test:-0.81330, 
=> saved checkpoint 'checkpoints_CNN/CNN_mnist_custom_BK_2layer_bk1_20_other_ratio_bs_512_8/last' (iter 11800, epoch 100.0)
=> saved checkpoint 'checkpoint_scores_CNN/CNN_mnist_custom_BK_2layer_bk1_20_other_ratio_bs_512_8/last' (iter 11800, epoch 100.0)
[Save Checkpoint] epoch: [100.0], Train score:98.96833, Test score:98.52000, train loss:-0.98946, test loss:-0.98536, ratio_train_loss:6.02708,ratio_test_loss:0.17277, total_loss_train:5.03762,total_loss_test:-0.81259, 
[Training Finished]
All Done!
