70
--dataset mnist --model CNN --gpu_devices 0 1 --max_iter 100 --batch_size 32 --ckpt_dir checkpoints_CNN --ckpt_dir_scores checkpoint_scores_CNN --use_scheduler True --GMP True --lr 1e-3 --z_struct_size 30 --add_classification_layer False --classif_layer_size 30 --is_default_model False --is_custom_model False --is_custom_model_BK True --big_kernel_size 8 --two_conv_layer True --three_conv_layer False --BK_in_first_layer False --BK_in_second_layer True --BK_in_third_layer False --stride_size 1 --hidden_filters_layer1 32 --hidden_filters_layer2 25 --hidden_filters_layer3 32 --ratio_reg False --lambda_ratio_reg 1 --lambda_class 1 --exp_name CNN_mnist_custom_BK_2layer_bk2_class_layer_25
Namespace(BK_in_first_layer=False, BK_in_second_layer=True, BK_in_third_layer=False, BN=False, C_max=25, C_stop_iter=100000.0, E1_AE=False, E1_VAE=False, E1_conv=False, E1_dense=False, E1_second_conv=False, E1_second_conv_adapt=False, GMP=True, L1_norm_act=False, L1_norm_weights=False, L3_without_random=False, adapt_lr=False, add_classification_layer=False, add_linear_after_GMP=True, add_z_struct_bottleneck=False, batch_size=32, beta=1, beta1=0.9, beta2=0.999, big_kernel=False, big_kernel_size=[8], binary_z=False, ckpt_dir='checkpoints_CNN', ckpt_dir_scores='checkpoint_scores_CNN', classif_layer_size=30, cuda=True, dataset='mnist', display_step=10000, dset_dir='data', exp_name='CNN_mnist_custom_BK_2layer_bk2_class_layer_25', gamma=1000, gpu_devices=[0, 1], hidden_filters_layer1=32, hidden_filters_layer2=25, hidden_filters_layer3=32, image_size=64, is_C=True, is_E1=False, is_binary_structural_latent=False, is_custom_model=False, is_custom_model_BK=True, is_default_model=False, is_noise_stats=False, is_partial_rand_class=False, is_perturbed_score=False, is_zvar_sim_loss=False, just_train=False, kernel_size=4, lambda_Kl_struct=1, lambda_Kl_var=1, lambda_L1=0.01, lambda_VAE=1, lambda_class=1.0, lambda_partial_class=1, lambda_ratio_reg=1.0, lambda_recon_wt_rand=1, lambda_recons=1, lambda_zvar_sim=1, latent_spec_cont=None, latent_spec_cont_class=None, latent_spec_cont_var=None, latent_spec_disc=None, latent_spec_disc_class=None, latent_spec_disc_var=None, log_level='info', lr=0.001, max_iter=100.0, model='CNN', num_workers=2, old_weighted=False, other_ratio=False, random_percentage=0.2, ratio_reg=False, save_step=10000, second_layer_C=False, seed=1, stride_size=1, three_conv_layer=False, train=True, two_conv_layer=True, two_encoder=False, use_early_stopping=False, use_scheduler=True, z_struct_size=30, zeros_W_Classif=False, zvar_sim_change_zvar=False, zvar_sim_loss_for_all_model=False, zvar_sim_loss_only_for_encoder=False, zvar_sim_normal=False, zvar_sim_var_rand=False)
CUDA Visible devices !
Custom_CNN_BK(
  (net): Sequential(
    (0): Conv2d(1, 32, kernel_size=(3, 3), stride=(1, 1))
    (1): BatchNorm2d(32, eps=1e-05, momentum=0.1, affine=True, track_running_stats=True)
    (2): ReLU(inplace=True)
    (3): Conv2d(32, 25, kernel_size=(8, 8), stride=(1, 1))
    (4): BatchNorm2d(25, eps=1e-05, momentum=0.1, affine=True, track_running_stats=True)
    (5): ReLU(inplace=True)
    (6): AdaptiveMaxPool2d(output_size=(1, 1))
    (7): View()
    (8): Linear(in_features=25, out_features=30, bias=True)
    (9): BatchNorm1d(30, eps=1e-05, momentum=0.1, affine=True, track_running_stats=True)
    (10): ReLU(inplace=True)
    (11): Dropout(p=0.4, inplace=False)
    (12): Linear(in_features=30, out_features=10, bias=True)
    (13): Softmax(dim=None)
  )
)
The number of parameters of model is 52809
use 1 gpu who named: GeForce RTX 2080 Ti
=> loaded sample_scores and losses
=> no checkpoint found at 'checkpoints_CNN/CNN_mnist_custom_BK_2layer_bk2_class_layer_25/last'
=> saved checkpoint 'checkpoints_CNN/CNN_mnist_custom_BK_2layer_bk2_class_layer_25/last' (iter 1875, epoch 1.0)
=> saved checkpoint 'checkpoint_scores_CNN/CNN_mnist_custom_BK_2layer_bk2_class_layer_25/last' (iter 1875, epoch 1.0)
[Save Checkpoint] epoch: [1.0], Train score:96.37167, Test score:96.60000, train loss:-0.95466, test loss:-0.95750, ratio_train_loss:0.00000,ratio_test_loss:0.00000, total_loss_train:-0.95466,total_loss_test:-0.95750, 
=> saved checkpoint 'checkpoints_CNN/CNN_mnist_custom_BK_2layer_bk2_class_layer_25/last' (iter 3750, epoch 2.0)
=> saved checkpoint 'checkpoint_scores_CNN/CNN_mnist_custom_BK_2layer_bk2_class_layer_25/last' (iter 3750, epoch 2.0)
[Save Checkpoint] epoch: [2.0], Train score:96.92000, Test score:97.14000, train loss:-0.96556, test loss:-0.96781, ratio_train_loss:0.00000,ratio_test_loss:0.00000, total_loss_train:-0.96556,total_loss_test:-0.96781, 
=> saved checkpoint 'checkpoints_CNN/CNN_mnist_custom_BK_2layer_bk2_class_layer_25/last' (iter 5625, epoch 3.0)
=> saved checkpoint 'checkpoint_scores_CNN/CNN_mnist_custom_BK_2layer_bk2_class_layer_25/last' (iter 5625, epoch 3.0)
[Save Checkpoint] epoch: [3.0], Train score:97.49833, Test score:97.66000, train loss:-0.97246, test loss:-0.97385, ratio_train_loss:0.00000,ratio_test_loss:0.00000, total_loss_train:-0.97246,total_loss_test:-0.97385, 
=> saved checkpoint 'checkpoints_CNN/CNN_mnist_custom_BK_2layer_bk2_class_layer_25/last' (iter 7500, epoch 4.0)
=> saved checkpoint 'checkpoint_scores_CNN/CNN_mnist_custom_BK_2layer_bk2_class_layer_25/last' (iter 7500, epoch 4.0)
[Save Checkpoint] epoch: [4.0], Train score:97.74333, Test score:97.65000, train loss:-0.97544, test loss:-0.97526, ratio_train_loss:0.00000,ratio_test_loss:0.00000, total_loss_train:-0.97544,total_loss_test:-0.97526, 
=> saved checkpoint 'checkpoints_CNN/CNN_mnist_custom_BK_2layer_bk2_class_layer_25/last' (iter 9375, epoch 5.0)
=> saved checkpoint 'checkpoint_scores_CNN/CNN_mnist_custom_BK_2layer_bk2_class_layer_25/last' (iter 9375, epoch 5.0)
[Save Checkpoint] epoch: [5.0], Train score:97.94167, Test score:97.91000, train loss:-0.97854, test loss:-0.97802, ratio_train_loss:0.00000,ratio_test_loss:0.00000, total_loss_train:-0.97854,total_loss_test:-0.97802, 
=> saved checkpoint 'checkpoints_CNN/CNN_mnist_custom_BK_2layer_bk2_class_layer_25/last' (iter 11250, epoch 6.0)
=> saved checkpoint 'checkpoint_scores_CNN/CNN_mnist_custom_BK_2layer_bk2_class_layer_25/last' (iter 11250, epoch 6.0)
[Save Checkpoint] epoch: [6.0], Train score:97.96667, Test score:97.97000, train loss:-0.97864, test loss:-0.97823, ratio_train_loss:0.00000,ratio_test_loss:0.00000, total_loss_train:-0.97864,total_loss_test:-0.97823, 
=> saved checkpoint 'checkpoints_CNN/CNN_mnist_custom_BK_2layer_bk2_class_layer_25/last' (iter 13125, epoch 7.0)
=> saved checkpoint 'checkpoint_scores_CNN/CNN_mnist_custom_BK_2layer_bk2_class_layer_25/last' (iter 13125, epoch 7.0)
[Save Checkpoint] epoch: [7.0], Train score:98.18167, Test score:98.12000, train loss:-0.98100, test loss:-0.98024, ratio_train_loss:0.00000,ratio_test_loss:0.00000, total_loss_train:-0.98100,total_loss_test:-0.98024, 
=> saved checkpoint 'checkpoints_CNN/CNN_mnist_custom_BK_2layer_bk2_class_layer_25/last' (iter 15000, epoch 8.0)
=> saved checkpoint 'checkpoint_scores_CNN/CNN_mnist_custom_BK_2layer_bk2_class_layer_25/last' (iter 15000, epoch 8.0)
[Save Checkpoint] epoch: [8.0], Train score:98.04833, Test score:98.02000, train loss:-0.97953, test loss:-0.97916, ratio_train_loss:0.00000,ratio_test_loss:0.00000, total_loss_train:-0.97953,total_loss_test:-0.97916, 
=> saved checkpoint 'checkpoints_CNN/CNN_mnist_custom_BK_2layer_bk2_class_layer_25/last' (iter 16875, epoch 9.0)
=> saved checkpoint 'checkpoint_scores_CNN/CNN_mnist_custom_BK_2layer_bk2_class_layer_25/last' (iter 16875, epoch 9.0)
[Save Checkpoint] epoch: [9.0], Train score:98.20333, Test score:98.00000, train loss:-0.98127, test loss:-0.97916, ratio_train_loss:0.00000,ratio_test_loss:0.00000, total_loss_train:-0.98127,total_loss_test:-0.97916, 
=> saved checkpoint 'checkpoints_CNN/CNN_mnist_custom_BK_2layer_bk2_class_layer_25/last' (iter 18750, epoch 10.0)
=> saved checkpoint 'checkpoint_scores_CNN/CNN_mnist_custom_BK_2layer_bk2_class_layer_25/last' (iter 18750, epoch 10.0)
[Save Checkpoint] epoch: [10.0], Train score:98.35167, Test score:98.14000, train loss:-0.98271, test loss:-0.98043, ratio_train_loss:0.00000,ratio_test_loss:0.00000, total_loss_train:-0.98271,total_loss_test:-0.98043, 
=> saved checkpoint 'checkpoints_CNN/CNN_mnist_custom_BK_2layer_bk2_class_layer_25/last' (iter 20625, epoch 11.0)
=> saved checkpoint 'checkpoint_scores_CNN/CNN_mnist_custom_BK_2layer_bk2_class_layer_25/last' (iter 20625, epoch 11.0)
[Save Checkpoint] epoch: [11.0], Train score:98.46500, Test score:98.13000, train loss:-0.98395, test loss:-0.98070, ratio_train_loss:0.00000,ratio_test_loss:0.00000, total_loss_train:-0.98395,total_loss_test:-0.98070, 
=> saved checkpoint 'checkpoints_CNN/CNN_mnist_custom_BK_2layer_bk2_class_layer_25/last' (iter 22500, epoch 12.0)
=> saved checkpoint 'checkpoint_scores_CNN/CNN_mnist_custom_BK_2layer_bk2_class_layer_25/last' (iter 22500, epoch 12.0)
[Save Checkpoint] epoch: [12.0], Train score:98.37000, Test score:98.27000, train loss:-0.98289, test loss:-0.98162, ratio_train_loss:0.00000,ratio_test_loss:0.00000, total_loss_train:-0.98289,total_loss_test:-0.98162, 
=> saved checkpoint 'checkpoints_CNN/CNN_mnist_custom_BK_2layer_bk2_class_layer_25/last' (iter 24375, epoch 13.0)
=> saved checkpoint 'checkpoint_scores_CNN/CNN_mnist_custom_BK_2layer_bk2_class_layer_25/last' (iter 24375, epoch 13.0)
[Save Checkpoint] epoch: [13.0], Train score:98.50167, Test score:98.27000, train loss:-0.98457, test loss:-0.98205, ratio_train_loss:0.00000,ratio_test_loss:0.00000, total_loss_train:-0.98457,total_loss_test:-0.98205, 
=> saved checkpoint 'checkpoints_CNN/CNN_mnist_custom_BK_2layer_bk2_class_layer_25/last' (iter 26250, epoch 14.0)
=> saved checkpoint 'checkpoint_scores_CNN/CNN_mnist_custom_BK_2layer_bk2_class_layer_25/last' (iter 26250, epoch 14.0)
[Save Checkpoint] epoch: [14.0], Train score:98.50667, Test score:98.22000, train loss:-0.98443, test loss:-0.98151, ratio_train_loss:0.00000,ratio_test_loss:0.00000, total_loss_train:-0.98443,total_loss_test:-0.98151, 
=> saved checkpoint 'checkpoints_CNN/CNN_mnist_custom_BK_2layer_bk2_class_layer_25/last' (iter 28125, epoch 15.0)
=> saved checkpoint 'checkpoint_scores_CNN/CNN_mnist_custom_BK_2layer_bk2_class_layer_25/last' (iter 28125, epoch 15.0)
[Save Checkpoint] epoch: [15.0], Train score:98.53500, Test score:98.14000, train loss:-0.98495, test loss:-0.98102, ratio_train_loss:0.00000,ratio_test_loss:0.00000, total_loss_train:-0.98495,total_loss_test:-0.98102, 
=> saved checkpoint 'checkpoints_CNN/CNN_mnist_custom_BK_2layer_bk2_class_layer_25/last' (iter 30000, epoch 16.0)
=> saved checkpoint 'checkpoint_scores_CNN/CNN_mnist_custom_BK_2layer_bk2_class_layer_25/last' (iter 30000, epoch 16.0)
[Save Checkpoint] epoch: [16.0], Train score:98.52833, Test score:98.19000, train loss:-0.98477, test loss:-0.98174, ratio_train_loss:0.00000,ratio_test_loss:0.00000, total_loss_train:-0.98477,total_loss_test:-0.98174, 
=> saved checkpoint 'checkpoints_CNN/CNN_mnist_custom_BK_2layer_bk2_class_layer_25/last' (iter 31875, epoch 17.0)
=> saved checkpoint 'checkpoint_scores_CNN/CNN_mnist_custom_BK_2layer_bk2_class_layer_25/last' (iter 31875, epoch 17.0)
[Save Checkpoint] epoch: [17.0], Train score:98.62833, Test score:98.23000, train loss:-0.98565, test loss:-0.98176, ratio_train_loss:0.00000,ratio_test_loss:0.00000, total_loss_train:-0.98565,total_loss_test:-0.98176, 
=> saved checkpoint 'checkpoints_CNN/CNN_mnist_custom_BK_2layer_bk2_class_layer_25/last' (iter 33750, epoch 18.0)
=> saved checkpoint 'checkpoint_scores_CNN/CNN_mnist_custom_BK_2layer_bk2_class_layer_25/last' (iter 33750, epoch 18.0)
[Save Checkpoint] epoch: [18.0], Train score:98.68333, Test score:98.40000, train loss:-0.98637, test loss:-0.98353, ratio_train_loss:0.00000,ratio_test_loss:0.00000, total_loss_train:-0.98637,total_loss_test:-0.98353, 
=> saved checkpoint 'checkpoints_CNN/CNN_mnist_custom_BK_2layer_bk2_class_layer_25/last' (iter 35625, epoch 19.0)
=> saved checkpoint 'checkpoint_scores_CNN/CNN_mnist_custom_BK_2layer_bk2_class_layer_25/last' (iter 35625, epoch 19.0)
[Save Checkpoint] epoch: [19.0], Train score:98.58500, Test score:98.39000, train loss:-0.98548, test loss:-0.98324, ratio_train_loss:0.00000,ratio_test_loss:0.00000, total_loss_train:-0.98548,total_loss_test:-0.98324, 
=> saved checkpoint 'checkpoints_CNN/CNN_mnist_custom_BK_2layer_bk2_class_layer_25/last' (iter 37500, epoch 20.0)
=> saved checkpoint 'checkpoint_scores_CNN/CNN_mnist_custom_BK_2layer_bk2_class_layer_25/last' (iter 37500, epoch 20.0)
[Save Checkpoint] epoch: [20.0], Train score:98.66833, Test score:98.25000, train loss:-0.98630, test loss:-0.98230, ratio_train_loss:0.00000,ratio_test_loss:0.00000, total_loss_train:-0.98630,total_loss_test:-0.98230, 
=> saved checkpoint 'checkpoints_CNN/CNN_mnist_custom_BK_2layer_bk2_class_layer_25/last' (iter 39375, epoch 21.0)
=> saved checkpoint 'checkpoint_scores_CNN/CNN_mnist_custom_BK_2layer_bk2_class_layer_25/last' (iter 39375, epoch 21.0)
[Save Checkpoint] epoch: [21.0], Train score:98.74500, Test score:98.41000, train loss:-0.98707, test loss:-0.98340, ratio_train_loss:0.00000,ratio_test_loss:0.00000, total_loss_train:-0.98707,total_loss_test:-0.98340, 
=> saved checkpoint 'checkpoints_CNN/CNN_mnist_custom_BK_2layer_bk2_class_layer_25/last' (iter 41250, epoch 22.0)
=> saved checkpoint 'checkpoint_scores_CNN/CNN_mnist_custom_BK_2layer_bk2_class_layer_25/last' (iter 41250, epoch 22.0)
[Save Checkpoint] epoch: [22.0], Train score:98.67167, Test score:98.36000, train loss:-0.98632, test loss:-0.98261, ratio_train_loss:0.00000,ratio_test_loss:0.00000, total_loss_train:-0.98632,total_loss_test:-0.98261, 
=> saved checkpoint 'checkpoints_CNN/CNN_mnist_custom_BK_2layer_bk2_class_layer_25/last' (iter 43125, epoch 23.0)
=> saved checkpoint 'checkpoint_scores_CNN/CNN_mnist_custom_BK_2layer_bk2_class_layer_25/last' (iter 43125, epoch 23.0)
[Save Checkpoint] epoch: [23.0], Train score:98.65500, Test score:98.37000, train loss:-0.98625, test loss:-0.98331, ratio_train_loss:0.00000,ratio_test_loss:0.00000, total_loss_train:-0.98625,total_loss_test:-0.98331, 
=> saved checkpoint 'checkpoints_CNN/CNN_mnist_custom_BK_2layer_bk2_class_layer_25/last' (iter 45000, epoch 24.0)
=> saved checkpoint 'checkpoint_scores_CNN/CNN_mnist_custom_BK_2layer_bk2_class_layer_25/last' (iter 45000, epoch 24.0)
[Save Checkpoint] epoch: [24.0], Train score:98.73167, Test score:98.35000, train loss:-0.98693, test loss:-0.98315, ratio_train_loss:0.00000,ratio_test_loss:0.00000, total_loss_train:-0.98693,total_loss_test:-0.98315, 
=> saved checkpoint 'checkpoints_CNN/CNN_mnist_custom_BK_2layer_bk2_class_layer_25/last' (iter 46875, epoch 25.0)
=> saved checkpoint 'checkpoint_scores_CNN/CNN_mnist_custom_BK_2layer_bk2_class_layer_25/last' (iter 46875, epoch 25.0)
[Save Checkpoint] epoch: [25.0], Train score:98.79500, Test score:98.44000, train loss:-0.98779, test loss:-0.98435, ratio_train_loss:0.00000,ratio_test_loss:0.00000, total_loss_train:-0.98779,total_loss_test:-0.98435, 
=> saved checkpoint 'checkpoints_CNN/CNN_mnist_custom_BK_2layer_bk2_class_layer_25/last' (iter 48750, epoch 26.0)
=> saved checkpoint 'checkpoint_scores_CNN/CNN_mnist_custom_BK_2layer_bk2_class_layer_25/last' (iter 48750, epoch 26.0)
[Save Checkpoint] epoch: [26.0], Train score:98.81667, Test score:98.38000, train loss:-0.98790, test loss:-0.98361, ratio_train_loss:0.00000,ratio_test_loss:0.00000, total_loss_train:-0.98790,total_loss_test:-0.98361, 
=> saved checkpoint 'checkpoints_CNN/CNN_mnist_custom_BK_2layer_bk2_class_layer_25/last' (iter 50625, epoch 27.0)
=> saved checkpoint 'checkpoint_scores_CNN/CNN_mnist_custom_BK_2layer_bk2_class_layer_25/last' (iter 50625, epoch 27.0)
[Save Checkpoint] epoch: [27.0], Train score:98.82833, Test score:98.60000, train loss:-0.98808, test loss:-0.98537, ratio_train_loss:0.00000,ratio_test_loss:0.00000, total_loss_train:-0.98808,total_loss_test:-0.98537, 
=> saved checkpoint 'checkpoints_CNN/CNN_mnist_custom_BK_2layer_bk2_class_layer_25/last' (iter 52500, epoch 28.0)
=> saved checkpoint 'checkpoint_scores_CNN/CNN_mnist_custom_BK_2layer_bk2_class_layer_25/last' (iter 52500, epoch 28.0)
[Save Checkpoint] epoch: [28.0], Train score:98.79667, Test score:98.42000, train loss:-0.98771, test loss:-0.98404, ratio_train_loss:0.00000,ratio_test_loss:0.00000, total_loss_train:-0.98771,total_loss_test:-0.98404, 
=> saved checkpoint 'checkpoints_CNN/CNN_mnist_custom_BK_2layer_bk2_class_layer_25/last' (iter 54375, epoch 29.0)
=> saved checkpoint 'checkpoint_scores_CNN/CNN_mnist_custom_BK_2layer_bk2_class_layer_25/last' (iter 54375, epoch 29.0)
[Save Checkpoint] epoch: [29.0], Train score:98.89500, Test score:98.59000, train loss:-0.98872, test loss:-0.98540, ratio_train_loss:0.00000,ratio_test_loss:0.00000, total_loss_train:-0.98872,total_loss_test:-0.98540, 
=> saved checkpoint 'checkpoints_CNN/CNN_mnist_custom_BK_2layer_bk2_class_layer_25/last' (iter 56250, epoch 30.0)
=> saved checkpoint 'checkpoint_scores_CNN/CNN_mnist_custom_BK_2layer_bk2_class_layer_25/last' (iter 56250, epoch 30.0)
[Save Checkpoint] epoch: [30.0], Train score:98.79500, Test score:98.29000, train loss:-0.98773, test loss:-0.98246, ratio_train_loss:0.00000,ratio_test_loss:0.00000, total_loss_train:-0.98773,total_loss_test:-0.98246, 
=> saved checkpoint 'checkpoints_CNN/CNN_mnist_custom_BK_2layer_bk2_class_layer_25/last' (iter 58125, epoch 31.0)
=> saved checkpoint 'checkpoint_scores_CNN/CNN_mnist_custom_BK_2layer_bk2_class_layer_25/last' (iter 58125, epoch 31.0)
[Save Checkpoint] epoch: [31.0], Train score:98.87667, Test score:98.39000, train loss:-0.98836, test loss:-0.98381, ratio_train_loss:0.00000,ratio_test_loss:0.00000, total_loss_train:-0.98836,total_loss_test:-0.98381, 
=> saved checkpoint 'checkpoints_CNN/CNN_mnist_custom_BK_2layer_bk2_class_layer_25/last' (iter 60000, epoch 32.0)
=> saved checkpoint 'checkpoint_scores_CNN/CNN_mnist_custom_BK_2layer_bk2_class_layer_25/last' (iter 60000, epoch 32.0)
[Save Checkpoint] epoch: [32.0], Train score:98.94167, Test score:98.50000, train loss:-0.98916, test loss:-0.98467, ratio_train_loss:0.00000,ratio_test_loss:0.00000, total_loss_train:-0.98916,total_loss_test:-0.98467, 
=> saved checkpoint 'checkpoints_CNN/CNN_mnist_custom_BK_2layer_bk2_class_layer_25/last' (iter 61875, epoch 33.0)
=> saved checkpoint 'checkpoint_scores_CNN/CNN_mnist_custom_BK_2layer_bk2_class_layer_25/last' (iter 61875, epoch 33.0)
[Save Checkpoint] epoch: [33.0], Train score:98.91833, Test score:98.46000, train loss:-0.98894, test loss:-0.98441, ratio_train_loss:0.00000,ratio_test_loss:0.00000, total_loss_train:-0.98894,total_loss_test:-0.98441, 
=> saved checkpoint 'checkpoints_CNN/CNN_mnist_custom_BK_2layer_bk2_class_layer_25/last' (iter 63750, epoch 34.0)
=> saved checkpoint 'checkpoint_scores_CNN/CNN_mnist_custom_BK_2layer_bk2_class_layer_25/last' (iter 63750, epoch 34.0)
[Save Checkpoint] epoch: [34.0], Train score:98.90667, Test score:98.46000, train loss:-0.98881, test loss:-0.98421, ratio_train_loss:0.00000,ratio_test_loss:0.00000, total_loss_train:-0.98881,total_loss_test:-0.98421, 
=> saved checkpoint 'checkpoints_CNN/CNN_mnist_custom_BK_2layer_bk2_class_layer_25/last' (iter 65625, epoch 35.0)
=> saved checkpoint 'checkpoint_scores_CNN/CNN_mnist_custom_BK_2layer_bk2_class_layer_25/last' (iter 65625, epoch 35.0)
[Save Checkpoint] epoch: [35.0], Train score:98.88667, Test score:98.52000, train loss:-0.98861, test loss:-0.98490, ratio_train_loss:0.00000,ratio_test_loss:0.00000, total_loss_train:-0.98861,total_loss_test:-0.98490, 
=> saved checkpoint 'checkpoints_CNN/CNN_mnist_custom_BK_2layer_bk2_class_layer_25/last' (iter 67500, epoch 36.0)
=> saved checkpoint 'checkpoint_scores_CNN/CNN_mnist_custom_BK_2layer_bk2_class_layer_25/last' (iter 67500, epoch 36.0)
[Save Checkpoint] epoch: [36.0], Train score:98.96833, Test score:98.62000, train loss:-0.98961, test loss:-0.98611, ratio_train_loss:0.00000,ratio_test_loss:0.00000, total_loss_train:-0.98961,total_loss_test:-0.98611, 
=> saved checkpoint 'checkpoints_CNN/CNN_mnist_custom_BK_2layer_bk2_class_layer_25/last' (iter 69375, epoch 37.0)
=> saved checkpoint 'checkpoint_scores_CNN/CNN_mnist_custom_BK_2layer_bk2_class_layer_25/last' (iter 69375, epoch 37.0)
[Save Checkpoint] epoch: [37.0], Train score:98.96500, Test score:98.60000, train loss:-0.98940, test loss:-0.98567, ratio_train_loss:0.00000,ratio_test_loss:0.00000, total_loss_train:-0.98940,total_loss_test:-0.98567, 
=> saved checkpoint 'checkpoints_CNN/CNN_mnist_custom_BK_2layer_bk2_class_layer_25/last' (iter 71250, epoch 38.0)
=> saved checkpoint 'checkpoint_scores_CNN/CNN_mnist_custom_BK_2layer_bk2_class_layer_25/last' (iter 71250, epoch 38.0)
[Save Checkpoint] epoch: [38.0], Train score:99.02500, Test score:98.64000, train loss:-0.98983, test loss:-0.98579, ratio_train_loss:0.00000,ratio_test_loss:0.00000, total_loss_train:-0.98983,total_loss_test:-0.98579, 
=> saved checkpoint 'checkpoints_CNN/CNN_mnist_custom_BK_2layer_bk2_class_layer_25/last' (iter 73125, epoch 39.0)
=> saved checkpoint 'checkpoint_scores_CNN/CNN_mnist_custom_BK_2layer_bk2_class_layer_25/last' (iter 73125, epoch 39.0)
[Save Checkpoint] epoch: [39.0], Train score:98.94500, Test score:98.61000, train loss:-0.98911, test loss:-0.98576, ratio_train_loss:0.00000,ratio_test_loss:0.00000, total_loss_train:-0.98911,total_loss_test:-0.98576, 
=> saved checkpoint 'checkpoints_CNN/CNN_mnist_custom_BK_2layer_bk2_class_layer_25/last' (iter 75000, epoch 40.0)
=> saved checkpoint 'checkpoint_scores_CNN/CNN_mnist_custom_BK_2layer_bk2_class_layer_25/last' (iter 75000, epoch 40.0)
[Save Checkpoint] epoch: [40.0], Train score:99.01500, Test score:98.65000, train loss:-0.98990, test loss:-0.98640, ratio_train_loss:0.00000,ratio_test_loss:0.00000, total_loss_train:-0.98990,total_loss_test:-0.98640, 
=> saved checkpoint 'checkpoints_CNN/CNN_mnist_custom_BK_2layer_bk2_class_layer_25/last' (iter 76875, epoch 41.0)
=> saved checkpoint 'checkpoint_scores_CNN/CNN_mnist_custom_BK_2layer_bk2_class_layer_25/last' (iter 76875, epoch 41.0)
[Save Checkpoint] epoch: [41.0], Train score:98.96833, Test score:98.56000, train loss:-0.98934, test loss:-0.98493, ratio_train_loss:0.00000,ratio_test_loss:0.00000, total_loss_train:-0.98934,total_loss_test:-0.98493, 
=> saved checkpoint 'checkpoints_CNN/CNN_mnist_custom_BK_2layer_bk2_class_layer_25/last' (iter 78750, epoch 42.0)
=> saved checkpoint 'checkpoint_scores_CNN/CNN_mnist_custom_BK_2layer_bk2_class_layer_25/last' (iter 78750, epoch 42.0)
[Save Checkpoint] epoch: [42.0], Train score:99.03167, Test score:98.60000, train loss:-0.98997, test loss:-0.98576, ratio_train_loss:0.00000,ratio_test_loss:0.00000, total_loss_train:-0.98997,total_loss_test:-0.98576, 
=> saved checkpoint 'checkpoints_CNN/CNN_mnist_custom_BK_2layer_bk2_class_layer_25/last' (iter 80625, epoch 43.0)
=> saved checkpoint 'checkpoint_scores_CNN/CNN_mnist_custom_BK_2layer_bk2_class_layer_25/last' (iter 80625, epoch 43.0)
[Save Checkpoint] epoch: [43.0], Train score:99.05000, Test score:98.61000, train loss:-0.99030, test loss:-0.98601, ratio_train_loss:0.00000,ratio_test_loss:0.00000, total_loss_train:-0.99030,total_loss_test:-0.98601, 
=> saved checkpoint 'checkpoints_CNN/CNN_mnist_custom_BK_2layer_bk2_class_layer_25/last' (iter 82500, epoch 44.0)
=> saved checkpoint 'checkpoint_scores_CNN/CNN_mnist_custom_BK_2layer_bk2_class_layer_25/last' (iter 82500, epoch 44.0)
[Save Checkpoint] epoch: [44.0], Train score:99.03667, Test score:98.54000, train loss:-0.99021, test loss:-0.98554, ratio_train_loss:0.00000,ratio_test_loss:0.00000, total_loss_train:-0.99021,total_loss_test:-0.98554, 
=> saved checkpoint 'checkpoints_CNN/CNN_mnist_custom_BK_2layer_bk2_class_layer_25/last' (iter 84375, epoch 45.0)
=> saved checkpoint 'checkpoint_scores_CNN/CNN_mnist_custom_BK_2layer_bk2_class_layer_25/last' (iter 84375, epoch 45.0)
[Save Checkpoint] epoch: [45.0], Train score:99.04000, Test score:98.52000, train loss:-0.99019, test loss:-0.98531, ratio_train_loss:0.00000,ratio_test_loss:0.00000, total_loss_train:-0.99019,total_loss_test:-0.98531, 
=> saved checkpoint 'checkpoints_CNN/CNN_mnist_custom_BK_2layer_bk2_class_layer_25/last' (iter 86250, epoch 46.0)
=> saved checkpoint 'checkpoint_scores_CNN/CNN_mnist_custom_BK_2layer_bk2_class_layer_25/last' (iter 86250, epoch 46.0)
[Save Checkpoint] epoch: [46.0], Train score:99.00333, Test score:98.61000, train loss:-0.98987, test loss:-0.98586, ratio_train_loss:0.00000,ratio_test_loss:0.00000, total_loss_train:-0.98987,total_loss_test:-0.98586, 
=> saved checkpoint 'checkpoints_CNN/CNN_mnist_custom_BK_2layer_bk2_class_layer_25/last' (iter 88125, epoch 47.0)
=> saved checkpoint 'checkpoint_scores_CNN/CNN_mnist_custom_BK_2layer_bk2_class_layer_25/last' (iter 88125, epoch 47.0)
[Save Checkpoint] epoch: [47.0], Train score:98.97000, Test score:98.55000, train loss:-0.98937, test loss:-0.98525, ratio_train_loss:0.00000,ratio_test_loss:0.00000, total_loss_train:-0.98937,total_loss_test:-0.98525, 
=> saved checkpoint 'checkpoints_CNN/CNN_mnist_custom_BK_2layer_bk2_class_layer_25/last' (iter 90000, epoch 48.0)
=> saved checkpoint 'checkpoint_scores_CNN/CNN_mnist_custom_BK_2layer_bk2_class_layer_25/last' (iter 90000, epoch 48.0)
[Save Checkpoint] epoch: [48.0], Train score:99.12333, Test score:98.73000, train loss:-0.99099, test loss:-0.98734, ratio_train_loss:0.00000,ratio_test_loss:0.00000, total_loss_train:-0.99099,total_loss_test:-0.98734, 
=> saved checkpoint 'checkpoints_CNN/CNN_mnist_custom_BK_2layer_bk2_class_layer_25/last' (iter 91875, epoch 49.0)
=> saved checkpoint 'checkpoint_scores_CNN/CNN_mnist_custom_BK_2layer_bk2_class_layer_25/last' (iter 91875, epoch 49.0)
[Save Checkpoint] epoch: [49.0], Train score:99.07000, Test score:98.62000, train loss:-0.99054, test loss:-0.98599, ratio_train_loss:0.00000,ratio_test_loss:0.00000, total_loss_train:-0.99054,total_loss_test:-0.98599, 
=> saved checkpoint 'checkpoints_CNN/CNN_mnist_custom_BK_2layer_bk2_class_layer_25/last' (iter 93750, epoch 50.0)
=> saved checkpoint 'checkpoint_scores_CNN/CNN_mnist_custom_BK_2layer_bk2_class_layer_25/last' (iter 93750, epoch 50.0)
[Save Checkpoint] epoch: [50.0], Train score:99.08833, Test score:98.65000, train loss:-0.99078, test loss:-0.98632, ratio_train_loss:0.00000,ratio_test_loss:0.00000, total_loss_train:-0.99078,total_loss_test:-0.98632, 
=> saved checkpoint 'checkpoints_CNN/CNN_mnist_custom_BK_2layer_bk2_class_layer_25/last' (iter 95625, epoch 51.0)
=> saved checkpoint 'checkpoint_scores_CNN/CNN_mnist_custom_BK_2layer_bk2_class_layer_25/last' (iter 95625, epoch 51.0)
[Save Checkpoint] epoch: [51.0], Train score:99.11333, Test score:98.60000, train loss:-0.99100, test loss:-0.98582, ratio_train_loss:0.00000,ratio_test_loss:0.00000, total_loss_train:-0.99100,total_loss_test:-0.98582, 
=> saved checkpoint 'checkpoints_CNN/CNN_mnist_custom_BK_2layer_bk2_class_layer_25/last' (iter 97500, epoch 52.0)
=> saved checkpoint 'checkpoint_scores_CNN/CNN_mnist_custom_BK_2layer_bk2_class_layer_25/last' (iter 97500, epoch 52.0)
[Save Checkpoint] epoch: [52.0], Train score:99.04167, Test score:98.55000, train loss:-0.99038, test loss:-0.98516, ratio_train_loss:0.00000,ratio_test_loss:0.00000, total_loss_train:-0.99038,total_loss_test:-0.98516, 
=> saved checkpoint 'checkpoints_CNN/CNN_mnist_custom_BK_2layer_bk2_class_layer_25/last' (iter 99375, epoch 53.0)
=> saved checkpoint 'checkpoint_scores_CNN/CNN_mnist_custom_BK_2layer_bk2_class_layer_25/last' (iter 99375, epoch 53.0)
[Save Checkpoint] epoch: [53.0], Train score:99.04333, Test score:98.62000, train loss:-0.99034, test loss:-0.98586, ratio_train_loss:0.00000,ratio_test_loss:0.00000, total_loss_train:-0.99034,total_loss_test:-0.98586, 
=> saved checkpoint 'checkpoints_CNN/CNN_mnist_custom_BK_2layer_bk2_class_layer_25/last' (iter 101250, epoch 54.0)
=> saved checkpoint 'checkpoint_scores_CNN/CNN_mnist_custom_BK_2layer_bk2_class_layer_25/last' (iter 101250, epoch 54.0)
[Save Checkpoint] epoch: [54.0], Train score:99.15333, Test score:98.71000, train loss:-0.99120, test loss:-0.98709, ratio_train_loss:0.00000,ratio_test_loss:0.00000, total_loss_train:-0.99120,total_loss_test:-0.98709, 
=> saved checkpoint 'checkpoints_CNN/CNN_mnist_custom_BK_2layer_bk2_class_layer_25/last' (iter 103125, epoch 55.0)
=> saved checkpoint 'checkpoint_scores_CNN/CNN_mnist_custom_BK_2layer_bk2_class_layer_25/last' (iter 103125, epoch 55.0)
[Save Checkpoint] epoch: [55.0], Train score:99.03500, Test score:98.40000, train loss:-0.99020, test loss:-0.98412, ratio_train_loss:0.00000,ratio_test_loss:0.00000, total_loss_train:-0.99020,total_loss_test:-0.98412, 
=> saved checkpoint 'checkpoints_CNN/CNN_mnist_custom_BK_2layer_bk2_class_layer_25/last' (iter 105000, epoch 56.0)
=> saved checkpoint 'checkpoint_scores_CNN/CNN_mnist_custom_BK_2layer_bk2_class_layer_25/last' (iter 105000, epoch 56.0)
[Save Checkpoint] epoch: [56.0], Train score:99.11167, Test score:98.69000, train loss:-0.99085, test loss:-0.98661, ratio_train_loss:0.00000,ratio_test_loss:0.00000, total_loss_train:-0.99085,total_loss_test:-0.98661, 
=> saved checkpoint 'checkpoints_CNN/CNN_mnist_custom_BK_2layer_bk2_class_layer_25/last' (iter 106875, epoch 57.0)
=> saved checkpoint 'checkpoint_scores_CNN/CNN_mnist_custom_BK_2layer_bk2_class_layer_25/last' (iter 106875, epoch 57.0)
[Save Checkpoint] epoch: [57.0], Train score:99.03667, Test score:98.36000, train loss:-0.99021, test loss:-0.98331, ratio_train_loss:0.00000,ratio_test_loss:0.00000, total_loss_train:-0.99021,total_loss_test:-0.98331, 
=> saved checkpoint 'checkpoints_CNN/CNN_mnist_custom_BK_2layer_bk2_class_layer_25/last' (iter 108750, epoch 58.0)
=> saved checkpoint 'checkpoint_scores_CNN/CNN_mnist_custom_BK_2layer_bk2_class_layer_25/last' (iter 108750, epoch 58.0)
[Save Checkpoint] epoch: [58.0], Train score:99.09167, Test score:98.62000, train loss:-0.99090, test loss:-0.98603, ratio_train_loss:0.00000,ratio_test_loss:0.00000, total_loss_train:-0.99090,total_loss_test:-0.98603, 
=> saved checkpoint 'checkpoints_CNN/CNN_mnist_custom_BK_2layer_bk2_class_layer_25/last' (iter 110625, epoch 59.0)
=> saved checkpoint 'checkpoint_scores_CNN/CNN_mnist_custom_BK_2layer_bk2_class_layer_25/last' (iter 110625, epoch 59.0)
[Save Checkpoint] epoch: [59.0], Train score:99.13500, Test score:98.57000, train loss:-0.99124, test loss:-0.98587, ratio_train_loss:0.00000,ratio_test_loss:0.00000, total_loss_train:-0.99124,total_loss_test:-0.98587, 
=> saved checkpoint 'checkpoints_CNN/CNN_mnist_custom_BK_2layer_bk2_class_layer_25/last' (iter 112500, epoch 60.0)
=> saved checkpoint 'checkpoint_scores_CNN/CNN_mnist_custom_BK_2layer_bk2_class_layer_25/last' (iter 112500, epoch 60.0)
[Save Checkpoint] epoch: [60.0], Train score:99.18000, Test score:98.65000, train loss:-0.99154, test loss:-0.98619, ratio_train_loss:0.00000,ratio_test_loss:0.00000, total_loss_train:-0.99154,total_loss_test:-0.98619, 
=> saved checkpoint 'checkpoints_CNN/CNN_mnist_custom_BK_2layer_bk2_class_layer_25/last' (iter 114375, epoch 61.0)
=> saved checkpoint 'checkpoint_scores_CNN/CNN_mnist_custom_BK_2layer_bk2_class_layer_25/last' (iter 114375, epoch 61.0)
[Save Checkpoint] epoch: [61.0], Train score:99.10833, Test score:98.70000, train loss:-0.99096, test loss:-0.98674, ratio_train_loss:0.00000,ratio_test_loss:0.00000, total_loss_train:-0.99096,total_loss_test:-0.98674, 
=> saved checkpoint 'checkpoints_CNN/CNN_mnist_custom_BK_2layer_bk2_class_layer_25/last' (iter 116250, epoch 62.0)
=> saved checkpoint 'checkpoint_scores_CNN/CNN_mnist_custom_BK_2layer_bk2_class_layer_25/last' (iter 116250, epoch 62.0)
[Save Checkpoint] epoch: [62.0], Train score:99.15500, Test score:98.58000, train loss:-0.99149, test loss:-0.98574, ratio_train_loss:0.00000,ratio_test_loss:0.00000, total_loss_train:-0.99149,total_loss_test:-0.98574, 
=> saved checkpoint 'checkpoints_CNN/CNN_mnist_custom_BK_2layer_bk2_class_layer_25/last' (iter 118125, epoch 63.0)
=> saved checkpoint 'checkpoint_scores_CNN/CNN_mnist_custom_BK_2layer_bk2_class_layer_25/last' (iter 118125, epoch 63.0)
[Save Checkpoint] epoch: [63.0], Train score:99.14500, Test score:98.58000, train loss:-0.99123, test loss:-0.98571, ratio_train_loss:0.00000,ratio_test_loss:0.00000, total_loss_train:-0.99123,total_loss_test:-0.98571, 
=> saved checkpoint 'checkpoints_CNN/CNN_mnist_custom_BK_2layer_bk2_class_layer_25/last' (iter 120000, epoch 64.0)
=> saved checkpoint 'checkpoint_scores_CNN/CNN_mnist_custom_BK_2layer_bk2_class_layer_25/last' (iter 120000, epoch 64.0)
[Save Checkpoint] epoch: [64.0], Train score:99.16833, Test score:98.67000, train loss:-0.99163, test loss:-0.98642, ratio_train_loss:0.00000,ratio_test_loss:0.00000, total_loss_train:-0.99163,total_loss_test:-0.98642, 
=> saved checkpoint 'checkpoints_CNN/CNN_mnist_custom_BK_2layer_bk2_class_layer_25/last' (iter 121875, epoch 65.0)
=> saved checkpoint 'checkpoint_scores_CNN/CNN_mnist_custom_BK_2layer_bk2_class_layer_25/last' (iter 121875, epoch 65.0)
[Save Checkpoint] epoch: [65.0], Train score:99.09000, Test score:98.57000, train loss:-0.99082, test loss:-0.98548, ratio_train_loss:0.00000,ratio_test_loss:0.00000, total_loss_train:-0.99082,total_loss_test:-0.98548, 
=> saved checkpoint 'checkpoints_CNN/CNN_mnist_custom_BK_2layer_bk2_class_layer_25/last' (iter 123750, epoch 66.0)
=> saved checkpoint 'checkpoint_scores_CNN/CNN_mnist_custom_BK_2layer_bk2_class_layer_25/last' (iter 123750, epoch 66.0)
[Save Checkpoint] epoch: [66.0], Train score:99.22500, Test score:98.67000, train loss:-0.99223, test loss:-0.98678, ratio_train_loss:0.00000,ratio_test_loss:0.00000, total_loss_train:-0.99223,total_loss_test:-0.98678, 
=> saved checkpoint 'checkpoints_CNN/CNN_mnist_custom_BK_2layer_bk2_class_layer_25/last' (iter 125625, epoch 67.0)
=> saved checkpoint 'checkpoint_scores_CNN/CNN_mnist_custom_BK_2layer_bk2_class_layer_25/last' (iter 125625, epoch 67.0)
[Save Checkpoint] epoch: [67.0], Train score:99.19667, Test score:98.55000, train loss:-0.99178, test loss:-0.98559, ratio_train_loss:0.00000,ratio_test_loss:0.00000, total_loss_train:-0.99178,total_loss_test:-0.98559, 
=> saved checkpoint 'checkpoints_CNN/CNN_mnist_custom_BK_2layer_bk2_class_layer_25/last' (iter 127500, epoch 68.0)
=> saved checkpoint 'checkpoint_scores_CNN/CNN_mnist_custom_BK_2layer_bk2_class_layer_25/last' (iter 127500, epoch 68.0)
[Save Checkpoint] epoch: [68.0], Train score:99.22167, Test score:98.67000, train loss:-0.99210, test loss:-0.98646, ratio_train_loss:0.00000,ratio_test_loss:0.00000, total_loss_train:-0.99210,total_loss_test:-0.98646, 
=> saved checkpoint 'checkpoints_CNN/CNN_mnist_custom_BK_2layer_bk2_class_layer_25/last' (iter 129375, epoch 69.0)
=> saved checkpoint 'checkpoint_scores_CNN/CNN_mnist_custom_BK_2layer_bk2_class_layer_25/last' (iter 129375, epoch 69.0)
[Save Checkpoint] epoch: [69.0], Train score:99.26500, Test score:98.61000, train loss:-0.99247, test loss:-0.98583, ratio_train_loss:0.00000,ratio_test_loss:0.00000, total_loss_train:-0.99247,total_loss_test:-0.98583, 
=> saved checkpoint 'checkpoints_CNN/CNN_mnist_custom_BK_2layer_bk2_class_layer_25/last' (iter 131250, epoch 70.0)
=> saved checkpoint 'checkpoint_scores_CNN/CNN_mnist_custom_BK_2layer_bk2_class_layer_25/last' (iter 131250, epoch 70.0)
[Save Checkpoint] epoch: [70.0], Train score:99.18000, Test score:98.64000, train loss:-0.99158, test loss:-0.98596, ratio_train_loss:0.00000,ratio_test_loss:0.00000, total_loss_train:-0.99158,total_loss_test:-0.98596, 
=> saved checkpoint 'checkpoints_CNN/CNN_mnist_custom_BK_2layer_bk2_class_layer_25/last' (iter 133125, epoch 71.0)
=> saved checkpoint 'checkpoint_scores_CNN/CNN_mnist_custom_BK_2layer_bk2_class_layer_25/last' (iter 133125, epoch 71.0)
[Save Checkpoint] epoch: [71.0], Train score:99.22833, Test score:98.69000, train loss:-0.99222, test loss:-0.98672, ratio_train_loss:0.00000,ratio_test_loss:0.00000, total_loss_train:-0.99222,total_loss_test:-0.98672, 
=> saved checkpoint 'checkpoints_CNN/CNN_mnist_custom_BK_2layer_bk2_class_layer_25/last' (iter 135000, epoch 72.0)
=> saved checkpoint 'checkpoint_scores_CNN/CNN_mnist_custom_BK_2layer_bk2_class_layer_25/last' (iter 135000, epoch 72.0)
[Save Checkpoint] epoch: [72.0], Train score:99.18333, Test score:98.59000, train loss:-0.99173, test loss:-0.98581, ratio_train_loss:0.00000,ratio_test_loss:0.00000, total_loss_train:-0.99173,total_loss_test:-0.98581, 
=> saved checkpoint 'checkpoints_CNN/CNN_mnist_custom_BK_2layer_bk2_class_layer_25/last' (iter 136875, epoch 73.0)
=> saved checkpoint 'checkpoint_scores_CNN/CNN_mnist_custom_BK_2layer_bk2_class_layer_25/last' (iter 136875, epoch 73.0)
[Save Checkpoint] epoch: [73.0], Train score:99.20167, Test score:98.67000, train loss:-0.99205, test loss:-0.98687, ratio_train_loss:0.00000,ratio_test_loss:0.00000, total_loss_train:-0.99205,total_loss_test:-0.98687, 
=> saved checkpoint 'checkpoints_CNN/CNN_mnist_custom_BK_2layer_bk2_class_layer_25/last' (iter 138750, epoch 74.0)
=> saved checkpoint 'checkpoint_scores_CNN/CNN_mnist_custom_BK_2layer_bk2_class_layer_25/last' (iter 138750, epoch 74.0)
[Save Checkpoint] epoch: [74.0], Train score:99.19167, Test score:98.48000, train loss:-0.99182, test loss:-0.98485, ratio_train_loss:0.00000,ratio_test_loss:0.00000, total_loss_train:-0.99182,total_loss_test:-0.98485, 
=> saved checkpoint 'checkpoints_CNN/CNN_mnist_custom_BK_2layer_bk2_class_layer_25/last' (iter 140625, epoch 75.0)
=> saved checkpoint 'checkpoint_scores_CNN/CNN_mnist_custom_BK_2layer_bk2_class_layer_25/last' (iter 140625, epoch 75.0)
[Save Checkpoint] epoch: [75.0], Train score:99.22333, Test score:98.70000, train loss:-0.99200, test loss:-0.98673, ratio_train_loss:0.00000,ratio_test_loss:0.00000, total_loss_train:-0.99200,total_loss_test:-0.98673, 
=> saved checkpoint 'checkpoints_CNN/CNN_mnist_custom_BK_2layer_bk2_class_layer_25/last' (iter 142500, epoch 76.0)
=> saved checkpoint 'checkpoint_scores_CNN/CNN_mnist_custom_BK_2layer_bk2_class_layer_25/last' (iter 142500, epoch 76.0)
[Save Checkpoint] epoch: [76.0], Train score:99.19667, Test score:98.70000, train loss:-0.99183, test loss:-0.98664, ratio_train_loss:0.00000,ratio_test_loss:0.00000, total_loss_train:-0.99183,total_loss_test:-0.98664, 
=> saved checkpoint 'checkpoints_CNN/CNN_mnist_custom_BK_2layer_bk2_class_layer_25/last' (iter 144375, epoch 77.0)
=> saved checkpoint 'checkpoint_scores_CNN/CNN_mnist_custom_BK_2layer_bk2_class_layer_25/last' (iter 144375, epoch 77.0)
[Save Checkpoint] epoch: [77.0], Train score:99.21167, Test score:98.60000, train loss:-0.99206, test loss:-0.98595, ratio_train_loss:0.00000,ratio_test_loss:0.00000, total_loss_train:-0.99206,total_loss_test:-0.98595, 
=> saved checkpoint 'checkpoints_CNN/CNN_mnist_custom_BK_2layer_bk2_class_layer_25/last' (iter 146250, epoch 78.0)
=> saved checkpoint 'checkpoint_scores_CNN/CNN_mnist_custom_BK_2layer_bk2_class_layer_25/last' (iter 146250, epoch 78.0)
[Save Checkpoint] epoch: [78.0], Train score:99.16833, Test score:98.49000, train loss:-0.99151, test loss:-0.98436, ratio_train_loss:0.00000,ratio_test_loss:0.00000, total_loss_train:-0.99151,total_loss_test:-0.98436, 
=> saved checkpoint 'checkpoints_CNN/CNN_mnist_custom_BK_2layer_bk2_class_layer_25/last' (iter 148125, epoch 79.0)
=> saved checkpoint 'checkpoint_scores_CNN/CNN_mnist_custom_BK_2layer_bk2_class_layer_25/last' (iter 148125, epoch 79.0)
[Save Checkpoint] epoch: [79.0], Train score:99.26000, Test score:98.66000, train loss:-0.99244, test loss:-0.98622, ratio_train_loss:0.00000,ratio_test_loss:0.00000, total_loss_train:-0.99244,total_loss_test:-0.98622, 
=> saved checkpoint 'checkpoints_CNN/CNN_mnist_custom_BK_2layer_bk2_class_layer_25/last' (iter 150000, epoch 80.0)
=> saved checkpoint 'checkpoint_scores_CNN/CNN_mnist_custom_BK_2layer_bk2_class_layer_25/last' (iter 150000, epoch 80.0)
[Save Checkpoint] epoch: [80.0], Train score:99.26333, Test score:98.70000, train loss:-0.99247, test loss:-0.98669, ratio_train_loss:0.00000,ratio_test_loss:0.00000, total_loss_train:-0.99247,total_loss_test:-0.98669, 
=> saved checkpoint 'checkpoints_CNN/CNN_mnist_custom_BK_2layer_bk2_class_layer_25/last' (iter 151875, epoch 81.0)
=> saved checkpoint 'checkpoint_scores_CNN/CNN_mnist_custom_BK_2layer_bk2_class_layer_25/last' (iter 151875, epoch 81.0)
[Save Checkpoint] epoch: [81.0], Train score:99.28000, Test score:98.75000, train loss:-0.99263, test loss:-0.98714, ratio_train_loss:0.00000,ratio_test_loss:0.00000, total_loss_train:-0.99263,total_loss_test:-0.98714, 
=> saved checkpoint 'checkpoints_CNN/CNN_mnist_custom_BK_2layer_bk2_class_layer_25/last' (iter 153750, epoch 82.0)
=> saved checkpoint 'checkpoint_scores_CNN/CNN_mnist_custom_BK_2layer_bk2_class_layer_25/last' (iter 153750, epoch 82.0)
[Save Checkpoint] epoch: [82.0], Train score:99.23167, Test score:98.62000, train loss:-0.99225, test loss:-0.98619, ratio_train_loss:0.00000,ratio_test_loss:0.00000, total_loss_train:-0.99225,total_loss_test:-0.98619, 
=> saved checkpoint 'checkpoints_CNN/CNN_mnist_custom_BK_2layer_bk2_class_layer_25/last' (iter 155625, epoch 83.0)
=> saved checkpoint 'checkpoint_scores_CNN/CNN_mnist_custom_BK_2layer_bk2_class_layer_25/last' (iter 155625, epoch 83.0)
[Save Checkpoint] epoch: [83.0], Train score:99.26833, Test score:98.60000, train loss:-0.99256, test loss:-0.98614, ratio_train_loss:0.00000,ratio_test_loss:0.00000, total_loss_train:-0.99256,total_loss_test:-0.98614, 
=> saved checkpoint 'checkpoints_CNN/CNN_mnist_custom_BK_2layer_bk2_class_layer_25/last' (iter 157500, epoch 84.0)
=> saved checkpoint 'checkpoint_scores_CNN/CNN_mnist_custom_BK_2layer_bk2_class_layer_25/last' (iter 157500, epoch 84.0)
[Save Checkpoint] epoch: [84.0], Train score:99.30500, Test score:98.78000, train loss:-0.99291, test loss:-0.98744, ratio_train_loss:0.00000,ratio_test_loss:0.00000, total_loss_train:-0.99291,total_loss_test:-0.98744, 
=> saved checkpoint 'checkpoints_CNN/CNN_mnist_custom_BK_2layer_bk2_class_layer_25/last' (iter 159375, epoch 85.0)
=> saved checkpoint 'checkpoint_scores_CNN/CNN_mnist_custom_BK_2layer_bk2_class_layer_25/last' (iter 159375, epoch 85.0)
[Save Checkpoint] epoch: [85.0], Train score:99.27333, Test score:98.71000, train loss:-0.99263, test loss:-0.98675, ratio_train_loss:0.00000,ratio_test_loss:0.00000, total_loss_train:-0.99263,total_loss_test:-0.98675, 
=> saved checkpoint 'checkpoints_CNN/CNN_mnist_custom_BK_2layer_bk2_class_layer_25/last' (iter 161250, epoch 86.0)
=> saved checkpoint 'checkpoint_scores_CNN/CNN_mnist_custom_BK_2layer_bk2_class_layer_25/last' (iter 161250, epoch 86.0)
[Save Checkpoint] epoch: [86.0], Train score:99.23500, Test score:98.70000, train loss:-0.99220, test loss:-0.98699, ratio_train_loss:0.00000,ratio_test_loss:0.00000, total_loss_train:-0.99220,total_loss_test:-0.98699, 
=> saved checkpoint 'checkpoints_CNN/CNN_mnist_custom_BK_2layer_bk2_class_layer_25/last' (iter 163125, epoch 87.0)
=> saved checkpoint 'checkpoint_scores_CNN/CNN_mnist_custom_BK_2layer_bk2_class_layer_25/last' (iter 163125, epoch 87.0)
[Save Checkpoint] epoch: [87.0], Train score:99.27167, Test score:98.79000, train loss:-0.99254, test loss:-0.98714, ratio_train_loss:0.00000,ratio_test_loss:0.00000, total_loss_train:-0.99254,total_loss_test:-0.98714, 
=> saved checkpoint 'checkpoints_CNN/CNN_mnist_custom_BK_2layer_bk2_class_layer_25/last' (iter 165000, epoch 88.0)
=> saved checkpoint 'checkpoint_scores_CNN/CNN_mnist_custom_BK_2layer_bk2_class_layer_25/last' (iter 165000, epoch 88.0)
[Save Checkpoint] epoch: [88.0], Train score:99.27000, Test score:98.82000, train loss:-0.99255, test loss:-0.98776, ratio_train_loss:0.00000,ratio_test_loss:0.00000, total_loss_train:-0.99255,total_loss_test:-0.98776, 
=> saved checkpoint 'checkpoints_CNN/CNN_mnist_custom_BK_2layer_bk2_class_layer_25/last' (iter 166875, epoch 89.0)
=> saved checkpoint 'checkpoint_scores_CNN/CNN_mnist_custom_BK_2layer_bk2_class_layer_25/last' (iter 166875, epoch 89.0)
[Save Checkpoint] epoch: [89.0], Train score:99.24500, Test score:98.62000, train loss:-0.99230, test loss:-0.98597, ratio_train_loss:0.00000,ratio_test_loss:0.00000, total_loss_train:-0.99230,total_loss_test:-0.98597, 
=> saved checkpoint 'checkpoints_CNN/CNN_mnist_custom_BK_2layer_bk2_class_layer_25/last' (iter 168750, epoch 90.0)
=> saved checkpoint 'checkpoint_scores_CNN/CNN_mnist_custom_BK_2layer_bk2_class_layer_25/last' (iter 168750, epoch 90.0)
[Save Checkpoint] epoch: [90.0], Train score:99.30500, Test score:98.60000, train loss:-0.99290, test loss:-0.98597, ratio_train_loss:0.00000,ratio_test_loss:0.00000, total_loss_train:-0.99290,total_loss_test:-0.98597, 
=> saved checkpoint 'checkpoints_CNN/CNN_mnist_custom_BK_2layer_bk2_class_layer_25/last' (iter 170625, epoch 91.0)
=> saved checkpoint 'checkpoint_scores_CNN/CNN_mnist_custom_BK_2layer_bk2_class_layer_25/last' (iter 170625, epoch 91.0)
[Save Checkpoint] epoch: [91.0], Train score:99.26667, Test score:98.65000, train loss:-0.99259, test loss:-0.98625, ratio_train_loss:0.00000,ratio_test_loss:0.00000, total_loss_train:-0.99259,total_loss_test:-0.98625, 
=> saved checkpoint 'checkpoints_CNN/CNN_mnist_custom_BK_2layer_bk2_class_layer_25/last' (iter 172500, epoch 92.0)
=> saved checkpoint 'checkpoint_scores_CNN/CNN_mnist_custom_BK_2layer_bk2_class_layer_25/last' (iter 172500, epoch 92.0)
[Save Checkpoint] epoch: [92.0], Train score:99.32000, Test score:98.64000, train loss:-0.99310, test loss:-0.98611, ratio_train_loss:0.00000,ratio_test_loss:0.00000, total_loss_train:-0.99310,total_loss_test:-0.98611, 
=> saved checkpoint 'checkpoints_CNN/CNN_mnist_custom_BK_2layer_bk2_class_layer_25/last' (iter 174375, epoch 93.0)
=> saved checkpoint 'checkpoint_scores_CNN/CNN_mnist_custom_BK_2layer_bk2_class_layer_25/last' (iter 174375, epoch 93.0)
[Save Checkpoint] epoch: [93.0], Train score:99.37000, Test score:98.80000, train loss:-0.99358, test loss:-0.98767, ratio_train_loss:0.00000,ratio_test_loss:0.00000, total_loss_train:-0.99358,total_loss_test:-0.98767, 
=> saved checkpoint 'checkpoints_CNN/CNN_mnist_custom_BK_2layer_bk2_class_layer_25/last' (iter 176250, epoch 94.0)
=> saved checkpoint 'checkpoint_scores_CNN/CNN_mnist_custom_BK_2layer_bk2_class_layer_25/last' (iter 176250, epoch 94.0)
[Save Checkpoint] epoch: [94.0], Train score:99.27500, Test score:98.74000, train loss:-0.99272, test loss:-0.98708, ratio_train_loss:0.00000,ratio_test_loss:0.00000, total_loss_train:-0.99272,total_loss_test:-0.98708, 
=> saved checkpoint 'checkpoints_CNN/CNN_mnist_custom_BK_2layer_bk2_class_layer_25/last' (iter 178125, epoch 95.0)
=> saved checkpoint 'checkpoint_scores_CNN/CNN_mnist_custom_BK_2layer_bk2_class_layer_25/last' (iter 178125, epoch 95.0)
[Save Checkpoint] epoch: [95.0], Train score:99.29833, Test score:98.60000, train loss:-0.99288, test loss:-0.98562, ratio_train_loss:0.00000,ratio_test_loss:0.00000, total_loss_train:-0.99288,total_loss_test:-0.98562, 
=> saved checkpoint 'checkpoints_CNN/CNN_mnist_custom_BK_2layer_bk2_class_layer_25/last' (iter 180000, epoch 96.0)
=> saved checkpoint 'checkpoint_scores_CNN/CNN_mnist_custom_BK_2layer_bk2_class_layer_25/last' (iter 180000, epoch 96.0)
[Save Checkpoint] epoch: [96.0], Train score:99.31667, Test score:98.55000, train loss:-0.99309, test loss:-0.98548, ratio_train_loss:0.00000,ratio_test_loss:0.00000, total_loss_train:-0.99309,total_loss_test:-0.98548, 
=> saved checkpoint 'checkpoints_CNN/CNN_mnist_custom_BK_2layer_bk2_class_layer_25/last' (iter 181875, epoch 97.0)
=> saved checkpoint 'checkpoint_scores_CNN/CNN_mnist_custom_BK_2layer_bk2_class_layer_25/last' (iter 181875, epoch 97.0)
[Save Checkpoint] epoch: [97.0], Train score:99.30667, Test score:98.53000, train loss:-0.99301, test loss:-0.98519, ratio_train_loss:0.00000,ratio_test_loss:0.00000, total_loss_train:-0.99301,total_loss_test:-0.98519, 
=> saved checkpoint 'checkpoints_CNN/CNN_mnist_custom_BK_2layer_bk2_class_layer_25/last' (iter 183750, epoch 98.0)
=> saved checkpoint 'checkpoint_scores_CNN/CNN_mnist_custom_BK_2layer_bk2_class_layer_25/last' (iter 183750, epoch 98.0)
[Save Checkpoint] epoch: [98.0], Train score:99.30667, Test score:98.71000, train loss:-0.99299, test loss:-0.98670, ratio_train_loss:0.00000,ratio_test_loss:0.00000, total_loss_train:-0.99299,total_loss_test:-0.98670, 
=> saved checkpoint 'checkpoints_CNN/CNN_mnist_custom_BK_2layer_bk2_class_layer_25/last' (iter 185625, epoch 99.0)
=> saved checkpoint 'checkpoint_scores_CNN/CNN_mnist_custom_BK_2layer_bk2_class_layer_25/last' (iter 185625, epoch 99.0)
[Save Checkpoint] epoch: [99.0], Train score:99.37333, Test score:98.53000, train loss:-0.99364, test loss:-0.98550, ratio_train_loss:0.00000,ratio_test_loss:0.00000, total_loss_train:-0.99364,total_loss_test:-0.98550, 
=> saved checkpoint 'checkpoints_CNN/CNN_mnist_custom_BK_2layer_bk2_class_layer_25/last' (iter 187500, epoch 100.0)
=> saved checkpoint 'checkpoint_scores_CNN/CNN_mnist_custom_BK_2layer_bk2_class_layer_25/last' (iter 187500, epoch 100.0)
[Save Checkpoint] epoch: [100.0], Train score:99.31167, Test score:98.65000, train loss:-0.99303, test loss:-0.98590, ratio_train_loss:0.00000,ratio_test_loss:0.00000, total_loss_train:-0.99303,total_loss_test:-0.98590, 
[Training Finished]
All Done!
