24
--dataset mnist --model CNN --gpu_devices 0 1 --max_iter 50 --batch_size 256 --ckpt_dir checkpoints_CNN --ckpt_dir_scores checkpoint_scores_CNN --use_scheduler True --GMP True --lr 1e-3 --z_struct_size 20 --add_classification_layer True --classif_layer_size 30 --is_default_model False --is_custom_model False --is_custom_model_BK True --big_kernel_size 8 --two_conv_layer True --three_conv_layer False --BK_in_first_layer True --BK_in_second_layer False --BK_in_third_layer False --stride_size 1 --hidden_filters_layer1 32 --hidden_filters_layer2 32 --hidden_filters_layer3 32 --ratio_reg True --lambda_ratio_reg 10 --lambda_class 1 --exp_name CNN_mnist_custom_BK_2layer_bk1_20_ratio_bs_256_7
Namespace(BK_in_first_layer=True, BK_in_second_layer=False, BK_in_third_layer=False, BN=False, C_max=25, C_stop_iter=100000.0, E1_AE=False, E1_VAE=False, E1_conv=False, E1_dense=False, E1_second_conv=False, E1_second_conv_adapt=False, GMP=True, L1_norm_act=False, L1_norm_weights=False, L3_without_random=False, adapt_lr=False, add_classification_layer=True, add_linear_after_GMP=True, add_z_struct_bottleneck=False, batch_size=256, beta=1, beta1=0.9, beta2=0.999, big_kernel=False, big_kernel_size=[8], binary_z=False, ckpt_dir='checkpoints_CNN', ckpt_dir_scores='checkpoint_scores_CNN', classif_layer_size=30, cuda=True, dataset='mnist', display_step=10000, dset_dir='data', exp_name='CNN_mnist_custom_BK_2layer_bk1_20_ratio_bs_256_7', gamma=1000, gpu_devices=[0, 1], hidden_filters_layer1=32, hidden_filters_layer2=32, hidden_filters_layer3=32, image_size=64, is_C=True, is_E1=False, is_binary_structural_latent=False, is_custom_model=False, is_custom_model_BK=True, is_default_model=False, is_noise_stats=False, is_partial_rand_class=False, is_perturbed_score=False, is_zvar_sim_loss=False, just_train=False, kernel_size=4, lambda_Kl_struct=1, lambda_Kl_var=1, lambda_L1=0.01, lambda_VAE=1, lambda_class=1.0, lambda_partial_class=1, lambda_ratio_reg=10.0, lambda_recon_wt_rand=1, lambda_recons=1, lambda_zvar_sim=1, latent_spec_cont=None, latent_spec_cont_class=None, latent_spec_cont_var=None, latent_spec_disc=None, latent_spec_disc_class=None, latent_spec_disc_var=None, log_level='info', lr=0.001, max_iter=50.0, model='CNN', num_workers=2, old_weighted=False, other_ratio=False, random_percentage=0.2, ratio_reg=True, save_step=10000, second_layer_C=False, seed=1, stride_size=1, three_conv_layer=False, train=True, two_conv_layer=True, two_encoder=False, use_early_stopping=False, use_scheduler=True, z_struct_size=20, zeros_W_Classif=False, zvar_sim_change_zvar=False, zvar_sim_loss_for_all_model=False, zvar_sim_loss_only_for_encoder=False, zvar_sim_normal=False, zvar_sim_var_rand=False)
CUDA Visible devices !
Custom_CNN_BK(
  (net): Sequential(
    (0): Conv2d(1, 32, kernel_size=(8, 8), stride=(1, 1))
    (1): BatchNorm2d(32, eps=1e-05, momentum=0.1, affine=True, track_running_stats=True)
    (2): ReLU(inplace=True)
    (3): Conv2d(32, 32, kernel_size=(4, 4), stride=(1, 1))
    (4): BatchNorm2d(32, eps=1e-05, momentum=0.1, affine=True, track_running_stats=True)
    (5): ReLU(inplace=True)
    (6): AdaptiveMaxPool2d(output_size=(1, 1))
    (7): View()
    (8): Linear(in_features=32, out_features=20, bias=True)
    (9): BatchNorm1d(20, eps=1e-05, momentum=0.1, affine=True, track_running_stats=True)
    (10): ReLU(inplace=True)
    (11): Dropout(p=0.4, inplace=False)
    (12): Linear(in_features=20, out_features=30, bias=True)
    (13): BatchNorm1d(30, eps=1e-05, momentum=0.1, affine=True, track_running_stats=True)
    (14): ReLU(inplace=True)
    (15): Dropout(p=0.4, inplace=False)
    (16): Linear(in_features=30, out_features=10, bias=True)
    (17): Softmax(dim=None)
  )
)
The number of parameters of model is 20324
use 1 gpu who named: Tesla V100-SXM2-32GB
=> loaded sample_scores and losses
=> loaded checkpoint 'checkpoints_CNN/CNN_mnist_custom_BK_2layer_bk1_20_ratio_bs_256_7/last (iter 23500)'
=> saved checkpoint 'checkpoints_CNN/CNN_mnist_custom_BK_2layer_bk1_20_ratio_bs_256_7/last' (iter 235, epoch 1.0)
=> saved checkpoint 'checkpoint_scores_CNN/CNN_mnist_custom_BK_2layer_bk1_20_ratio_bs_256_7/last' (iter 235, epoch 1.0)
[Save Checkpoint] epoch: [1.0], Train score:98.96500, Test score:98.57000, train loss:-0.98950, test loss:-0.98581, ratio_train_loss:0.66698,ratio_test_loss:0.64767, total_loss_train:-0.32251,total_loss_test:-0.33814, 
=> saved checkpoint 'checkpoints_CNN/CNN_mnist_custom_BK_2layer_bk1_20_ratio_bs_256_7/last' (iter 470, epoch 2.0)
=> saved checkpoint 'checkpoint_scores_CNN/CNN_mnist_custom_BK_2layer_bk1_20_ratio_bs_256_7/last' (iter 470, epoch 2.0)
[Save Checkpoint] epoch: [2.0], Train score:99.11000, Test score:98.50000, train loss:-0.99097, test loss:-0.98532, ratio_train_loss:0.66628,ratio_test_loss:0.65272, total_loss_train:-0.32469,total_loss_test:-0.33260, 
=> saved checkpoint 'checkpoints_CNN/CNN_mnist_custom_BK_2layer_bk1_20_ratio_bs_256_7/last' (iter 705, epoch 3.0)
=> saved checkpoint 'checkpoint_scores_CNN/CNN_mnist_custom_BK_2layer_bk1_20_ratio_bs_256_7/last' (iter 705, epoch 3.0)
[Save Checkpoint] epoch: [3.0], Train score:99.19667, Test score:98.63000, train loss:-0.99183, test loss:-0.98676, ratio_train_loss:0.65090,ratio_test_loss:0.63659, total_loss_train:-0.34093,total_loss_test:-0.35016, 
=> saved checkpoint 'checkpoints_CNN/CNN_mnist_custom_BK_2layer_bk1_20_ratio_bs_256_7/last' (iter 940, epoch 4.0)
=> saved checkpoint 'checkpoint_scores_CNN/CNN_mnist_custom_BK_2layer_bk1_20_ratio_bs_256_7/last' (iter 940, epoch 4.0)
[Save Checkpoint] epoch: [4.0], Train score:98.99667, Test score:98.41000, train loss:-0.98983, test loss:-0.98444, ratio_train_loss:0.65966,ratio_test_loss:0.64062, total_loss_train:-0.33017,total_loss_test:-0.34383, 
=> saved checkpoint 'checkpoints_CNN/CNN_mnist_custom_BK_2layer_bk1_20_ratio_bs_256_7/last' (iter 1175, epoch 5.0)
=> saved checkpoint 'checkpoint_scores_CNN/CNN_mnist_custom_BK_2layer_bk1_20_ratio_bs_256_7/last' (iter 1175, epoch 5.0)
[Save Checkpoint] epoch: [5.0], Train score:99.09667, Test score:98.59000, train loss:-0.99079, test loss:-0.98630, ratio_train_loss:0.67300,ratio_test_loss:0.65083, total_loss_train:-0.31779,total_loss_test:-0.33547, 
=> saved checkpoint 'checkpoints_CNN/CNN_mnist_custom_BK_2layer_bk1_20_ratio_bs_256_7/last' (iter 1410, epoch 6.0)
=> saved checkpoint 'checkpoint_scores_CNN/CNN_mnist_custom_BK_2layer_bk1_20_ratio_bs_256_7/last' (iter 1410, epoch 6.0)
[Save Checkpoint] epoch: [6.0], Train score:99.02333, Test score:98.32000, train loss:-0.99009, test loss:-0.98373, ratio_train_loss:0.66954,ratio_test_loss:0.65035, total_loss_train:-0.32055,total_loss_test:-0.33338, 
=> saved checkpoint 'checkpoints_CNN/CNN_mnist_custom_BK_2layer_bk1_20_ratio_bs_256_7/last' (iter 1645, epoch 7.0)
=> saved checkpoint 'checkpoint_scores_CNN/CNN_mnist_custom_BK_2layer_bk1_20_ratio_bs_256_7/last' (iter 1645, epoch 7.0)
[Save Checkpoint] epoch: [7.0], Train score:99.00167, Test score:98.63000, train loss:-0.99002, test loss:-0.98654, ratio_train_loss:0.65116,ratio_test_loss:0.62848, total_loss_train:-0.33885,total_loss_test:-0.35807, 
=> saved checkpoint 'checkpoints_CNN/CNN_mnist_custom_BK_2layer_bk1_20_ratio_bs_256_7/last' (iter 1880, epoch 8.0)
=> saved checkpoint 'checkpoint_scores_CNN/CNN_mnist_custom_BK_2layer_bk1_20_ratio_bs_256_7/last' (iter 1880, epoch 8.0)
[Save Checkpoint] epoch: [8.0], Train score:98.96833, Test score:98.36000, train loss:-0.98964, test loss:-0.98387, ratio_train_loss:0.66387,ratio_test_loss:0.64503, total_loss_train:-0.32577,total_loss_test:-0.33884, 
=> saved checkpoint 'checkpoints_CNN/CNN_mnist_custom_BK_2layer_bk1_20_ratio_bs_256_7/last' (iter 2115, epoch 9.0)
=> saved checkpoint 'checkpoint_scores_CNN/CNN_mnist_custom_BK_2layer_bk1_20_ratio_bs_256_7/last' (iter 2115, epoch 9.0)
[Save Checkpoint] epoch: [9.0], Train score:99.11167, Test score:98.67000, train loss:-0.99112, test loss:-0.98702, ratio_train_loss:0.66509,ratio_test_loss:0.64649, total_loss_train:-0.32603,total_loss_test:-0.34053, 
=> saved checkpoint 'checkpoints_CNN/CNN_mnist_custom_BK_2layer_bk1_20_ratio_bs_256_7/last' (iter 2350, epoch 10.0)
=> saved checkpoint 'checkpoint_scores_CNN/CNN_mnist_custom_BK_2layer_bk1_20_ratio_bs_256_7/last' (iter 2350, epoch 10.0)
[Save Checkpoint] epoch: [10.0], Train score:98.97333, Test score:98.56000, train loss:-0.98953, test loss:-0.98561, ratio_train_loss:0.65052,ratio_test_loss:0.63149, total_loss_train:-0.33901,total_loss_test:-0.35412, 
=> saved checkpoint 'checkpoints_CNN/CNN_mnist_custom_BK_2layer_bk1_20_ratio_bs_256_7/last' (iter 2585, epoch 11.0)
=> saved checkpoint 'checkpoint_scores_CNN/CNN_mnist_custom_BK_2layer_bk1_20_ratio_bs_256_7/last' (iter 2585, epoch 11.0)
[Save Checkpoint] epoch: [11.0], Train score:99.05000, Test score:98.50000, train loss:-0.99034, test loss:-0.98520, ratio_train_loss:0.70391,ratio_test_loss:0.68670, total_loss_train:-0.28644,total_loss_test:-0.29851, 
=> saved checkpoint 'checkpoints_CNN/CNN_mnist_custom_BK_2layer_bk1_20_ratio_bs_256_7/last' (iter 2820, epoch 12.0)
=> saved checkpoint 'checkpoint_scores_CNN/CNN_mnist_custom_BK_2layer_bk1_20_ratio_bs_256_7/last' (iter 2820, epoch 12.0)
[Save Checkpoint] epoch: [12.0], Train score:98.92167, Test score:98.46000, train loss:-0.98905, test loss:-0.98484, ratio_train_loss:0.73954,ratio_test_loss:0.70912, total_loss_train:-0.24951,total_loss_test:-0.27572, 
=> saved checkpoint 'checkpoints_CNN/CNN_mnist_custom_BK_2layer_bk1_20_ratio_bs_256_7/last' (iter 3055, epoch 13.0)
=> saved checkpoint 'checkpoint_scores_CNN/CNN_mnist_custom_BK_2layer_bk1_20_ratio_bs_256_7/last' (iter 3055, epoch 13.0)
[Save Checkpoint] epoch: [13.0], Train score:99.04167, Test score:98.55000, train loss:-0.99028, test loss:-0.98563, ratio_train_loss:0.70204,ratio_test_loss:0.68525, total_loss_train:-0.28824,total_loss_test:-0.30038, 
=> saved checkpoint 'checkpoints_CNN/CNN_mnist_custom_BK_2layer_bk1_20_ratio_bs_256_7/last' (iter 3290, epoch 14.0)
=> saved checkpoint 'checkpoint_scores_CNN/CNN_mnist_custom_BK_2layer_bk1_20_ratio_bs_256_7/last' (iter 3290, epoch 14.0)
[Save Checkpoint] epoch: [14.0], Train score:98.98667, Test score:98.36000, train loss:-0.98979, test loss:-0.98380, ratio_train_loss:0.70463,ratio_test_loss:0.68497, total_loss_train:-0.28516,total_loss_test:-0.29883, 
=> saved checkpoint 'checkpoints_CNN/CNN_mnist_custom_BK_2layer_bk1_20_ratio_bs_256_7/last' (iter 3525, epoch 15.0)
=> saved checkpoint 'checkpoint_scores_CNN/CNN_mnist_custom_BK_2layer_bk1_20_ratio_bs_256_7/last' (iter 3525, epoch 15.0)
[Save Checkpoint] epoch: [15.0], Train score:99.08333, Test score:98.69000, train loss:-0.99069, test loss:-0.98710, ratio_train_loss:0.71001,ratio_test_loss:0.69331, total_loss_train:-0.28067,total_loss_test:-0.29380, 
=> saved checkpoint 'checkpoints_CNN/CNN_mnist_custom_BK_2layer_bk1_20_ratio_bs_256_7/last' (iter 3760, epoch 16.0)
=> saved checkpoint 'checkpoint_scores_CNN/CNN_mnist_custom_BK_2layer_bk1_20_ratio_bs_256_7/last' (iter 3760, epoch 16.0)
[Save Checkpoint] epoch: [16.0], Train score:99.12833, Test score:98.58000, train loss:-0.99110, test loss:-0.98602, ratio_train_loss:0.65692,ratio_test_loss:0.63442, total_loss_train:-0.33417,total_loss_test:-0.35160, 
=> saved checkpoint 'checkpoints_CNN/CNN_mnist_custom_BK_2layer_bk1_20_ratio_bs_256_7/last' (iter 3995, epoch 17.0)
=> saved checkpoint 'checkpoint_scores_CNN/CNN_mnist_custom_BK_2layer_bk1_20_ratio_bs_256_7/last' (iter 3995, epoch 17.0)
[Save Checkpoint] epoch: [17.0], Train score:99.11167, Test score:98.72000, train loss:-0.99110, test loss:-0.98737, ratio_train_loss:0.69280,ratio_test_loss:0.67137, total_loss_train:-0.29830,total_loss_test:-0.31601, 
=> saved checkpoint 'checkpoints_CNN/CNN_mnist_custom_BK_2layer_bk1_20_ratio_bs_256_7/last' (iter 4230, epoch 18.0)
=> saved checkpoint 'checkpoint_scores_CNN/CNN_mnist_custom_BK_2layer_bk1_20_ratio_bs_256_7/last' (iter 4230, epoch 18.0)
[Save Checkpoint] epoch: [18.0], Train score:99.06167, Test score:98.63000, train loss:-0.99054, test loss:-0.98625, ratio_train_loss:0.69825,ratio_test_loss:0.67747, total_loss_train:-0.29229,total_loss_test:-0.30878, 
=> saved checkpoint 'checkpoints_CNN/CNN_mnist_custom_BK_2layer_bk1_20_ratio_bs_256_7/last' (iter 4465, epoch 19.0)
=> saved checkpoint 'checkpoint_scores_CNN/CNN_mnist_custom_BK_2layer_bk1_20_ratio_bs_256_7/last' (iter 4465, epoch 19.0)
[Save Checkpoint] epoch: [19.0], Train score:99.10167, Test score:98.59000, train loss:-0.99085, test loss:-0.98617, ratio_train_loss:0.68413,ratio_test_loss:0.66403, total_loss_train:-0.30672,total_loss_test:-0.32214, 
=> saved checkpoint 'checkpoints_CNN/CNN_mnist_custom_BK_2layer_bk1_20_ratio_bs_256_7/last' (iter 4700, epoch 20.0)
=> saved checkpoint 'checkpoint_scores_CNN/CNN_mnist_custom_BK_2layer_bk1_20_ratio_bs_256_7/last' (iter 4700, epoch 20.0)
[Save Checkpoint] epoch: [20.0], Train score:99.12333, Test score:98.59000, train loss:-0.99106, test loss:-0.98607, ratio_train_loss:0.68924,ratio_test_loss:0.67162, total_loss_train:-0.30183,total_loss_test:-0.31446, 
=> saved checkpoint 'checkpoints_CNN/CNN_mnist_custom_BK_2layer_bk1_20_ratio_bs_256_7/last' (iter 4935, epoch 21.0)
=> saved checkpoint 'checkpoint_scores_CNN/CNN_mnist_custom_BK_2layer_bk1_20_ratio_bs_256_7/last' (iter 4935, epoch 21.0)
[Save Checkpoint] epoch: [21.0], Train score:99.09500, Test score:98.64000, train loss:-0.99074, test loss:-0.98660, ratio_train_loss:0.71558,ratio_test_loss:0.69504, total_loss_train:-0.27516,total_loss_test:-0.29157, 
=> saved checkpoint 'checkpoints_CNN/CNN_mnist_custom_BK_2layer_bk1_20_ratio_bs_256_7/last' (iter 5170, epoch 22.0)
=> saved checkpoint 'checkpoint_scores_CNN/CNN_mnist_custom_BK_2layer_bk1_20_ratio_bs_256_7/last' (iter 5170, epoch 22.0)
[Save Checkpoint] epoch: [22.0], Train score:99.15833, Test score:98.61000, train loss:-0.99145, test loss:-0.98631, ratio_train_loss:0.70071,ratio_test_loss:0.68265, total_loss_train:-0.29074,total_loss_test:-0.30366, 
=> saved checkpoint 'checkpoints_CNN/CNN_mnist_custom_BK_2layer_bk1_20_ratio_bs_256_7/last' (iter 5405, epoch 23.0)
=> saved checkpoint 'checkpoint_scores_CNN/CNN_mnist_custom_BK_2layer_bk1_20_ratio_bs_256_7/last' (iter 5405, epoch 23.0)
[Save Checkpoint] epoch: [23.0], Train score:98.96167, Test score:98.51000, train loss:-0.98946, test loss:-0.98511, ratio_train_loss:0.67475,ratio_test_loss:0.65790, total_loss_train:-0.31471,total_loss_test:-0.32721, 
=> saved checkpoint 'checkpoints_CNN/CNN_mnist_custom_BK_2layer_bk1_20_ratio_bs_256_7/last' (iter 5640, epoch 24.0)
=> saved checkpoint 'checkpoint_scores_CNN/CNN_mnist_custom_BK_2layer_bk1_20_ratio_bs_256_7/last' (iter 5640, epoch 24.0)
[Save Checkpoint] epoch: [24.0], Train score:99.09000, Test score:98.71000, train loss:-0.99075, test loss:-0.98736, ratio_train_loss:0.69899,ratio_test_loss:0.68009, total_loss_train:-0.29176,total_loss_test:-0.30727, 
=> saved checkpoint 'checkpoints_CNN/CNN_mnist_custom_BK_2layer_bk1_20_ratio_bs_256_7/last' (iter 5875, epoch 25.0)
=> saved checkpoint 'checkpoint_scores_CNN/CNN_mnist_custom_BK_2layer_bk1_20_ratio_bs_256_7/last' (iter 5875, epoch 25.0)
[Save Checkpoint] epoch: [25.0], Train score:99.04500, Test score:98.48000, train loss:-0.99026, test loss:-0.98501, ratio_train_loss:0.66024,ratio_test_loss:0.64314, total_loss_train:-0.33002,total_loss_test:-0.34186, 
=> saved checkpoint 'checkpoints_CNN/CNN_mnist_custom_BK_2layer_bk1_20_ratio_bs_256_7/last' (iter 6110, epoch 26.0)
=> saved checkpoint 'checkpoint_scores_CNN/CNN_mnist_custom_BK_2layer_bk1_20_ratio_bs_256_7/last' (iter 6110, epoch 26.0)
[Save Checkpoint] epoch: [26.0], Train score:99.07500, Test score:98.69000, train loss:-0.99069, test loss:-0.98729, ratio_train_loss:0.70348,ratio_test_loss:0.69100, total_loss_train:-0.28721,total_loss_test:-0.29629, 
=> saved checkpoint 'checkpoints_CNN/CNN_mnist_custom_BK_2layer_bk1_20_ratio_bs_256_7/last' (iter 6345, epoch 27.0)
=> saved checkpoint 'checkpoint_scores_CNN/CNN_mnist_custom_BK_2layer_bk1_20_ratio_bs_256_7/last' (iter 6345, epoch 27.0)
[Save Checkpoint] epoch: [27.0], Train score:99.12833, Test score:98.64000, train loss:-0.99118, test loss:-0.98663, ratio_train_loss:0.67625,ratio_test_loss:0.65762, total_loss_train:-0.31493,total_loss_test:-0.32900, 
=> saved checkpoint 'checkpoints_CNN/CNN_mnist_custom_BK_2layer_bk1_20_ratio_bs_256_7/last' (iter 6580, epoch 28.0)
=> saved checkpoint 'checkpoint_scores_CNN/CNN_mnist_custom_BK_2layer_bk1_20_ratio_bs_256_7/last' (iter 6580, epoch 28.0)
[Save Checkpoint] epoch: [28.0], Train score:99.15000, Test score:98.56000, train loss:-0.99136, test loss:-0.98579, ratio_train_loss:0.69216,ratio_test_loss:0.67840, total_loss_train:-0.29920,total_loss_test:-0.30739, 
=> saved checkpoint 'checkpoints_CNN/CNN_mnist_custom_BK_2layer_bk1_20_ratio_bs_256_7/last' (iter 6815, epoch 29.0)
=> saved checkpoint 'checkpoint_scores_CNN/CNN_mnist_custom_BK_2layer_bk1_20_ratio_bs_256_7/last' (iter 6815, epoch 29.0)
[Save Checkpoint] epoch: [29.0], Train score:99.14333, Test score:98.59000, train loss:-0.99134, test loss:-0.98618, ratio_train_loss:0.70825,ratio_test_loss:0.69084, total_loss_train:-0.28310,total_loss_test:-0.29534, 
=> saved checkpoint 'checkpoints_CNN/CNN_mnist_custom_BK_2layer_bk1_20_ratio_bs_256_7/last' (iter 7050, epoch 30.0)
=> saved checkpoint 'checkpoint_scores_CNN/CNN_mnist_custom_BK_2layer_bk1_20_ratio_bs_256_7/last' (iter 7050, epoch 30.0)
[Save Checkpoint] epoch: [30.0], Train score:99.12333, Test score:98.52000, train loss:-0.99107, test loss:-0.98567, ratio_train_loss:0.66657,ratio_test_loss:0.64755, total_loss_train:-0.32450,total_loss_test:-0.33812, 
=> saved checkpoint 'checkpoints_CNN/CNN_mnist_custom_BK_2layer_bk1_20_ratio_bs_256_7/last' (iter 7285, epoch 31.0)
=> saved checkpoint 'checkpoint_scores_CNN/CNN_mnist_custom_BK_2layer_bk1_20_ratio_bs_256_7/last' (iter 7285, epoch 31.0)
[Save Checkpoint] epoch: [31.0], Train score:99.09500, Test score:98.59000, train loss:-0.99088, test loss:-0.98614, ratio_train_loss:0.66012,ratio_test_loss:0.64628, total_loss_train:-0.33075,total_loss_test:-0.33987, 
=> saved checkpoint 'checkpoints_CNN/CNN_mnist_custom_BK_2layer_bk1_20_ratio_bs_256_7/last' (iter 7520, epoch 32.0)
=> saved checkpoint 'checkpoint_scores_CNN/CNN_mnist_custom_BK_2layer_bk1_20_ratio_bs_256_7/last' (iter 7520, epoch 32.0)
[Save Checkpoint] epoch: [32.0], Train score:99.16167, Test score:98.67000, train loss:-0.99143, test loss:-0.98690, ratio_train_loss:0.66127,ratio_test_loss:0.63955, total_loss_train:-0.33015,total_loss_test:-0.34735, 
=> saved checkpoint 'checkpoints_CNN/CNN_mnist_custom_BK_2layer_bk1_20_ratio_bs_256_7/last' (iter 7755, epoch 33.0)
=> saved checkpoint 'checkpoint_scores_CNN/CNN_mnist_custom_BK_2layer_bk1_20_ratio_bs_256_7/last' (iter 7755, epoch 33.0)
[Save Checkpoint] epoch: [33.0], Train score:99.17167, Test score:98.51000, train loss:-0.99159, test loss:-0.98540, ratio_train_loss:0.67480,ratio_test_loss:0.65603, total_loss_train:-0.31679,total_loss_test:-0.32937, 
=> saved checkpoint 'checkpoints_CNN/CNN_mnist_custom_BK_2layer_bk1_20_ratio_bs_256_7/last' (iter 7990, epoch 34.0)
=> saved checkpoint 'checkpoint_scores_CNN/CNN_mnist_custom_BK_2layer_bk1_20_ratio_bs_256_7/last' (iter 7990, epoch 34.0)
[Save Checkpoint] epoch: [34.0], Train score:99.15667, Test score:98.72000, train loss:-0.99151, test loss:-0.98728, ratio_train_loss:0.65419,ratio_test_loss:0.63702, total_loss_train:-0.33732,total_loss_test:-0.35026, 
=> saved checkpoint 'checkpoints_CNN/CNN_mnist_custom_BK_2layer_bk1_20_ratio_bs_256_7/last' (iter 8225, epoch 35.0)
=> saved checkpoint 'checkpoint_scores_CNN/CNN_mnist_custom_BK_2layer_bk1_20_ratio_bs_256_7/last' (iter 8225, epoch 35.0)
[Save Checkpoint] epoch: [35.0], Train score:99.16167, Test score:98.51000, train loss:-0.99148, test loss:-0.98548, ratio_train_loss:0.68787,ratio_test_loss:0.67115, total_loss_train:-0.30361,total_loss_test:-0.31433, 
=> saved checkpoint 'checkpoints_CNN/CNN_mnist_custom_BK_2layer_bk1_20_ratio_bs_256_7/last' (iter 8460, epoch 36.0)
=> saved checkpoint 'checkpoint_scores_CNN/CNN_mnist_custom_BK_2layer_bk1_20_ratio_bs_256_7/last' (iter 8460, epoch 36.0)
[Save Checkpoint] epoch: [36.0], Train score:99.06667, Test score:98.51000, train loss:-0.99063, test loss:-0.98531, ratio_train_loss:0.70586,ratio_test_loss:0.68715, total_loss_train:-0.28478,total_loss_test:-0.29816, 
=> saved checkpoint 'checkpoints_CNN/CNN_mnist_custom_BK_2layer_bk1_20_ratio_bs_256_7/last' (iter 8695, epoch 37.0)
=> saved checkpoint 'checkpoint_scores_CNN/CNN_mnist_custom_BK_2layer_bk1_20_ratio_bs_256_7/last' (iter 8695, epoch 37.0)
[Save Checkpoint] epoch: [37.0], Train score:99.11500, Test score:98.78000, train loss:-0.99107, test loss:-0.98794, ratio_train_loss:0.65412,ratio_test_loss:0.63522, total_loss_train:-0.33694,total_loss_test:-0.35272, 
=> saved checkpoint 'checkpoints_CNN/CNN_mnist_custom_BK_2layer_bk1_20_ratio_bs_256_7/last' (iter 8930, epoch 38.0)
=> saved checkpoint 'checkpoint_scores_CNN/CNN_mnist_custom_BK_2layer_bk1_20_ratio_bs_256_7/last' (iter 8930, epoch 38.0)
[Save Checkpoint] epoch: [38.0], Train score:99.08333, Test score:98.58000, train loss:-0.99062, test loss:-0.98581, ratio_train_loss:0.72344,ratio_test_loss:0.70565, total_loss_train:-0.26717,total_loss_test:-0.28016, 
=> saved checkpoint 'checkpoints_CNN/CNN_mnist_custom_BK_2layer_bk1_20_ratio_bs_256_7/last' (iter 9165, epoch 39.0)
=> saved checkpoint 'checkpoint_scores_CNN/CNN_mnist_custom_BK_2layer_bk1_20_ratio_bs_256_7/last' (iter 9165, epoch 39.0)
[Save Checkpoint] epoch: [39.0], Train score:99.15000, Test score:98.81000, train loss:-0.99149, test loss:-0.98804, ratio_train_loss:0.69785,ratio_test_loss:0.67731, total_loss_train:-0.29365,total_loss_test:-0.31073, 
=> saved checkpoint 'checkpoints_CNN/CNN_mnist_custom_BK_2layer_bk1_20_ratio_bs_256_7/last' (iter 9400, epoch 40.0)
=> saved checkpoint 'checkpoint_scores_CNN/CNN_mnist_custom_BK_2layer_bk1_20_ratio_bs_256_7/last' (iter 9400, epoch 40.0)
[Save Checkpoint] epoch: [40.0], Train score:99.04000, Test score:98.58000, train loss:-0.99040, test loss:-0.98581, ratio_train_loss:0.65805,ratio_test_loss:0.64073, total_loss_train:-0.33235,total_loss_test:-0.34508, 
=> saved checkpoint 'checkpoints_CNN/CNN_mnist_custom_BK_2layer_bk1_20_ratio_bs_256_7/last' (iter 9635, epoch 41.0)
=> saved checkpoint 'checkpoint_scores_CNN/CNN_mnist_custom_BK_2layer_bk1_20_ratio_bs_256_7/last' (iter 9635, epoch 41.0)
[Save Checkpoint] epoch: [41.0], Train score:99.14667, Test score:98.60000, train loss:-0.99141, test loss:-0.98617, ratio_train_loss:0.66647,ratio_test_loss:0.64738, total_loss_train:-0.32493,total_loss_test:-0.33879, 
=> saved checkpoint 'checkpoints_CNN/CNN_mnist_custom_BK_2layer_bk1_20_ratio_bs_256_7/last' (iter 9870, epoch 42.0)
=> saved checkpoint 'checkpoint_scores_CNN/CNN_mnist_custom_BK_2layer_bk1_20_ratio_bs_256_7/last' (iter 9870, epoch 42.0)
[Save Checkpoint] epoch: [42.0], Train score:99.17500, Test score:98.67000, train loss:-0.99160, test loss:-0.98673, ratio_train_loss:0.69406,ratio_test_loss:0.67637, total_loss_train:-0.29753,total_loss_test:-0.31037, 
=> saved checkpoint 'checkpoints_CNN/CNN_mnist_custom_BK_2layer_bk1_20_ratio_bs_256_7/last' (iter 10105, epoch 43.0)
=> saved checkpoint 'checkpoint_scores_CNN/CNN_mnist_custom_BK_2layer_bk1_20_ratio_bs_256_7/last' (iter 10105, epoch 43.0)
[Save Checkpoint] epoch: [43.0], Train score:99.13333, Test score:98.70000, train loss:-0.99130, test loss:-0.98701, ratio_train_loss:0.67047,ratio_test_loss:0.64897, total_loss_train:-0.32082,total_loss_test:-0.33804, 
=> saved checkpoint 'checkpoints_CNN/CNN_mnist_custom_BK_2layer_bk1_20_ratio_bs_256_7/last' (iter 10340, epoch 44.0)
=> saved checkpoint 'checkpoint_scores_CNN/CNN_mnist_custom_BK_2layer_bk1_20_ratio_bs_256_7/last' (iter 10340, epoch 44.0)
[Save Checkpoint] epoch: [44.0], Train score:99.08167, Test score:98.46000, train loss:-0.99065, test loss:-0.98483, ratio_train_loss:0.68663,ratio_test_loss:0.66746, total_loss_train:-0.30402,total_loss_test:-0.31737, 
=> saved checkpoint 'checkpoints_CNN/CNN_mnist_custom_BK_2layer_bk1_20_ratio_bs_256_7/last' (iter 10575, epoch 45.0)
=> saved checkpoint 'checkpoint_scores_CNN/CNN_mnist_custom_BK_2layer_bk1_20_ratio_bs_256_7/last' (iter 10575, epoch 45.0)
[Save Checkpoint] epoch: [45.0], Train score:99.13167, Test score:98.49000, train loss:-0.99130, test loss:-0.98534, ratio_train_loss:0.71276,ratio_test_loss:0.69397, total_loss_train:-0.27855,total_loss_test:-0.29137, 
=> saved checkpoint 'checkpoints_CNN/CNN_mnist_custom_BK_2layer_bk1_20_ratio_bs_256_7/last' (iter 10810, epoch 46.0)
=> saved checkpoint 'checkpoint_scores_CNN/CNN_mnist_custom_BK_2layer_bk1_20_ratio_bs_256_7/last' (iter 10810, epoch 46.0)
[Save Checkpoint] epoch: [46.0], Train score:99.14667, Test score:98.63000, train loss:-0.99138, test loss:-0.98623, ratio_train_loss:0.71497,ratio_test_loss:0.68849, total_loss_train:-0.27641,total_loss_test:-0.29773, 
=> saved checkpoint 'checkpoints_CNN/CNN_mnist_custom_BK_2layer_bk1_20_ratio_bs_256_7/last' (iter 11045, epoch 47.0)
=> saved checkpoint 'checkpoint_scores_CNN/CNN_mnist_custom_BK_2layer_bk1_20_ratio_bs_256_7/last' (iter 11045, epoch 47.0)
[Save Checkpoint] epoch: [47.0], Train score:99.17167, Test score:98.58000, train loss:-0.99155, test loss:-0.98597, ratio_train_loss:0.71532,ratio_test_loss:0.69312, total_loss_train:-0.27624,total_loss_test:-0.29285, 
=> saved checkpoint 'checkpoints_CNN/CNN_mnist_custom_BK_2layer_bk1_20_ratio_bs_256_7/last' (iter 11280, epoch 48.0)
=> saved checkpoint 'checkpoint_scores_CNN/CNN_mnist_custom_BK_2layer_bk1_20_ratio_bs_256_7/last' (iter 11280, epoch 48.0)
[Save Checkpoint] epoch: [48.0], Train score:99.07000, Test score:98.50000, train loss:-0.99065, test loss:-0.98500, ratio_train_loss:0.70422,ratio_test_loss:0.68230, total_loss_train:-0.28643,total_loss_test:-0.30270, 
=> saved checkpoint 'checkpoints_CNN/CNN_mnist_custom_BK_2layer_bk1_20_ratio_bs_256_7/last' (iter 11515, epoch 49.0)
=> saved checkpoint 'checkpoint_scores_CNN/CNN_mnist_custom_BK_2layer_bk1_20_ratio_bs_256_7/last' (iter 11515, epoch 49.0)
[Save Checkpoint] epoch: [49.0], Train score:99.12167, Test score:98.66000, train loss:-0.99115, test loss:-0.98688, ratio_train_loss:0.70320,ratio_test_loss:0.68040, total_loss_train:-0.28794,total_loss_test:-0.30648, 
=> saved checkpoint 'checkpoints_CNN/CNN_mnist_custom_BK_2layer_bk1_20_ratio_bs_256_7/last' (iter 11750, epoch 50.0)
=> saved checkpoint 'checkpoint_scores_CNN/CNN_mnist_custom_BK_2layer_bk1_20_ratio_bs_256_7/last' (iter 11750, epoch 50.0)
[Save Checkpoint] epoch: [50.0], Train score:99.18333, Test score:98.60000, train loss:-0.99172, test loss:-0.98628, ratio_train_loss:0.67695,ratio_test_loss:0.66066, total_loss_train:-0.31478,total_loss_test:-0.32561, 
[Training Finished]
All Done!
