32
--dataset mnist --model CNN --gpu_devices 0 1 --max_iter 100 --batch_size 512 --ckpt_dir checkpoints_CNN --ckpt_dir_scores checkpoint_scores_CNN --use_scheduler True --GMP True --lr 1e-3 --z_struct_size 20 --add_classification_layer True --classif_layer_size 30 --is_default_model False --is_custom_model False --is_custom_model_BK True --big_kernel_size 8 --two_conv_layer True --three_conv_layer False --BK_in_first_layer True --BK_in_second_layer False --BK_in_third_layer False --stride_size 1 --hidden_filters_layer1 32 --hidden_filters_layer2 32 --hidden_filters_layer3 32 --ratio_reg True --lambda_ratio_reg 10 --lambda_class 1 --exp_name CNN_mnist_custom_BK_2layer_bk1_20_ratio_bs_512_7
Namespace(BK_in_first_layer=True, BK_in_second_layer=False, BK_in_third_layer=False, BN=False, C_max=25, C_stop_iter=100000.0, E1_AE=False, E1_VAE=False, E1_conv=False, E1_dense=False, E1_second_conv=False, E1_second_conv_adapt=False, GMP=True, L1_norm_act=False, L1_norm_weights=False, L3_without_random=False, adapt_lr=False, add_classification_layer=True, add_linear_after_GMP=True, add_z_struct_bottleneck=False, batch_size=512, beta=1, beta1=0.9, beta2=0.999, big_kernel=False, big_kernel_size=[8], binary_z=False, ckpt_dir='checkpoints_CNN', ckpt_dir_scores='checkpoint_scores_CNN', classif_layer_size=30, cuda=True, dataset='mnist', display_step=10000, dset_dir='data', exp_name='CNN_mnist_custom_BK_2layer_bk1_20_ratio_bs_512_7', gamma=1000, gpu_devices=[0, 1], hidden_filters_layer1=32, hidden_filters_layer2=32, hidden_filters_layer3=32, image_size=64, is_C=True, is_E1=False, is_binary_structural_latent=False, is_custom_model=False, is_custom_model_BK=True, is_default_model=False, is_noise_stats=False, is_partial_rand_class=False, is_perturbed_score=False, is_zvar_sim_loss=False, just_train=False, kernel_size=4, lambda_Kl_struct=1, lambda_Kl_var=1, lambda_L1=0.01, lambda_VAE=1, lambda_class=1.0, lambda_partial_class=1, lambda_ratio_reg=10.0, lambda_recon_wt_rand=1, lambda_recons=1, lambda_zvar_sim=1, latent_spec_cont=None, latent_spec_cont_class=None, latent_spec_cont_var=None, latent_spec_disc=None, latent_spec_disc_class=None, latent_spec_disc_var=None, log_level='info', lr=0.001, max_iter=100.0, model='CNN', num_workers=2, old_weighted=False, other_ratio=False, random_percentage=0.2, ratio_reg=True, save_step=10000, second_layer_C=False, seed=1, stride_size=1, three_conv_layer=False, train=True, two_conv_layer=True, two_encoder=False, use_early_stopping=False, use_scheduler=True, z_struct_size=20, zeros_W_Classif=False, zvar_sim_change_zvar=False, zvar_sim_loss_for_all_model=False, zvar_sim_loss_only_for_encoder=False, zvar_sim_normal=False, zvar_sim_var_rand=False)
CUDA Visible devices !
Custom_CNN_BK(
  (net): Sequential(
    (0): Conv2d(1, 32, kernel_size=(8, 8), stride=(1, 1))
    (1): BatchNorm2d(32, eps=1e-05, momentum=0.1, affine=True, track_running_stats=True)
    (2): ReLU(inplace=True)
    (3): Conv2d(32, 32, kernel_size=(4, 4), stride=(1, 1))
    (4): BatchNorm2d(32, eps=1e-05, momentum=0.1, affine=True, track_running_stats=True)
    (5): ReLU(inplace=True)
    (6): AdaptiveMaxPool2d(output_size=(1, 1))
    (7): View()
    (8): Linear(in_features=32, out_features=20, bias=True)
    (9): BatchNorm1d(20, eps=1e-05, momentum=0.1, affine=True, track_running_stats=True)
    (10): ReLU(inplace=True)
    (11): Dropout(p=0.4, inplace=False)
    (12): Linear(in_features=20, out_features=30, bias=True)
    (13): BatchNorm1d(30, eps=1e-05, momentum=0.1, affine=True, track_running_stats=True)
    (14): ReLU(inplace=True)
    (15): Dropout(p=0.4, inplace=False)
    (16): Linear(in_features=30, out_features=10, bias=True)
    (17): Softmax(dim=None)
  )
)
The number of parameters of model is 20324
use 1 gpu who named: Tesla V100-SXM2-32GB
=> loaded sample_scores and losses
=> no checkpoint found at 'checkpoints_CNN/CNN_mnist_custom_BK_2layer_bk1_20_ratio_bs_512_7/last'
=> saved checkpoint 'checkpoints_CNN/CNN_mnist_custom_BK_2layer_bk1_20_ratio_bs_512_7/last' (iter 118, epoch 1.0)
=> saved checkpoint 'checkpoint_scores_CNN/CNN_mnist_custom_BK_2layer_bk1_20_ratio_bs_512_7/last' (iter 118, epoch 1.0)
[Save Checkpoint] epoch: [1.0], Train score:59.46833, Test score:59.27000, train loss:-0.56765, test loss:-0.56488, ratio_train_loss:0.53053,ratio_test_loss:0.51349, total_loss_train:-0.03712,total_loss_test:-0.05140, 
=> saved checkpoint 'checkpoints_CNN/CNN_mnist_custom_BK_2layer_bk1_20_ratio_bs_512_7/last' (iter 236, epoch 2.0)
=> saved checkpoint 'checkpoint_scores_CNN/CNN_mnist_custom_BK_2layer_bk1_20_ratio_bs_512_7/last' (iter 236, epoch 2.0)
[Save Checkpoint] epoch: [2.0], Train score:60.87000, Test score:60.32000, train loss:-0.61420, test loss:-0.61078, ratio_train_loss:0.38946,ratio_test_loss:0.38356, total_loss_train:-0.22475,total_loss_test:-0.22722, 
=> saved checkpoint 'checkpoints_CNN/CNN_mnist_custom_BK_2layer_bk1_20_ratio_bs_512_7/last' (iter 354, epoch 3.0)
=> saved checkpoint 'checkpoint_scores_CNN/CNN_mnist_custom_BK_2layer_bk1_20_ratio_bs_512_7/last' (iter 354, epoch 3.0)
[Save Checkpoint] epoch: [3.0], Train score:75.98167, Test score:75.76000, train loss:-0.71419, test loss:-0.71180, ratio_train_loss:0.38379,ratio_test_loss:0.37615, total_loss_train:-0.33040,total_loss_test:-0.33565, 
=> saved checkpoint 'checkpoints_CNN/CNN_mnist_custom_BK_2layer_bk1_20_ratio_bs_512_7/last' (iter 472, epoch 4.0)
=> saved checkpoint 'checkpoint_scores_CNN/CNN_mnist_custom_BK_2layer_bk1_20_ratio_bs_512_7/last' (iter 472, epoch 4.0)
[Save Checkpoint] epoch: [4.0], Train score:78.06333, Test score:77.79000, train loss:-0.77267, test loss:-0.77118, ratio_train_loss:0.33452,ratio_test_loss:0.32727, total_loss_train:-0.43815,total_loss_test:-0.44391, 
=> saved checkpoint 'checkpoints_CNN/CNN_mnist_custom_BK_2layer_bk1_20_ratio_bs_512_7/last' (iter 590, epoch 5.0)
=> saved checkpoint 'checkpoint_scores_CNN/CNN_mnist_custom_BK_2layer_bk1_20_ratio_bs_512_7/last' (iter 590, epoch 5.0)
[Save Checkpoint] epoch: [5.0], Train score:88.18000, Test score:87.96000, train loss:-0.87925, test loss:-0.87795, ratio_train_loss:0.28175,ratio_test_loss:0.27367, total_loss_train:-0.59750,total_loss_test:-0.60427, 
=> saved checkpoint 'checkpoints_CNN/CNN_mnist_custom_BK_2layer_bk1_20_ratio_bs_512_7/last' (iter 708, epoch 6.0)
=> saved checkpoint 'checkpoint_scores_CNN/CNN_mnist_custom_BK_2layer_bk1_20_ratio_bs_512_7/last' (iter 708, epoch 6.0)
[Save Checkpoint] epoch: [6.0], Train score:96.18833, Test score:96.18000, train loss:-0.94739, test loss:-0.94807, ratio_train_loss:0.28118,ratio_test_loss:0.27328, total_loss_train:-0.66621,total_loss_test:-0.67479, 
=> saved checkpoint 'checkpoints_CNN/CNN_mnist_custom_BK_2layer_bk1_20_ratio_bs_512_7/last' (iter 826, epoch 7.0)
=> saved checkpoint 'checkpoint_scores_CNN/CNN_mnist_custom_BK_2layer_bk1_20_ratio_bs_512_7/last' (iter 826, epoch 7.0)
[Save Checkpoint] epoch: [7.0], Train score:97.08667, Test score:96.92000, train loss:-0.96249, test loss:-0.96133, ratio_train_loss:0.26211,ratio_test_loss:0.25734, total_loss_train:-0.70038,total_loss_test:-0.70398, 
=> saved checkpoint 'checkpoints_CNN/CNN_mnist_custom_BK_2layer_bk1_20_ratio_bs_512_7/last' (iter 944, epoch 8.0)
=> saved checkpoint 'checkpoint_scores_CNN/CNN_mnist_custom_BK_2layer_bk1_20_ratio_bs_512_7/last' (iter 944, epoch 8.0)
[Save Checkpoint] epoch: [8.0], Train score:96.63500, Test score:96.59000, train loss:-0.96017, test loss:-0.95929, ratio_train_loss:0.25130,ratio_test_loss:0.25037, total_loss_train:-0.70888,total_loss_test:-0.70892, 
=> saved checkpoint 'checkpoints_CNN/CNN_mnist_custom_BK_2layer_bk1_20_ratio_bs_512_7/last' (iter 1062, epoch 9.0)
=> saved checkpoint 'checkpoint_scores_CNN/CNN_mnist_custom_BK_2layer_bk1_20_ratio_bs_512_7/last' (iter 1062, epoch 9.0)
[Save Checkpoint] epoch: [9.0], Train score:97.65667, Test score:97.70000, train loss:-0.97284, test loss:-0.97304, ratio_train_loss:0.24508,ratio_test_loss:0.23941, total_loss_train:-0.72775,total_loss_test:-0.73363, 
=> saved checkpoint 'checkpoints_CNN/CNN_mnist_custom_BK_2layer_bk1_20_ratio_bs_512_7/last' (iter 1180, epoch 10.0)
=> saved checkpoint 'checkpoint_scores_CNN/CNN_mnist_custom_BK_2layer_bk1_20_ratio_bs_512_7/last' (iter 1180, epoch 10.0)
[Save Checkpoint] epoch: [10.0], Train score:97.46000, Test score:97.21000, train loss:-0.97088, test loss:-0.96798, ratio_train_loss:0.24551,ratio_test_loss:0.24130, total_loss_train:-0.72537,total_loss_test:-0.72668, 
=> saved checkpoint 'checkpoints_CNN/CNN_mnist_custom_BK_2layer_bk1_20_ratio_bs_512_7/last' (iter 1298, epoch 11.0)
=> saved checkpoint 'checkpoint_scores_CNN/CNN_mnist_custom_BK_2layer_bk1_20_ratio_bs_512_7/last' (iter 1298, epoch 11.0)
[Save Checkpoint] epoch: [11.0], Train score:97.77000, Test score:97.68000, train loss:-0.97475, test loss:-0.97400, ratio_train_loss:0.23540,ratio_test_loss:0.23165, total_loss_train:-0.73936,total_loss_test:-0.74235, 
=> saved checkpoint 'checkpoints_CNN/CNN_mnist_custom_BK_2layer_bk1_20_ratio_bs_512_7/last' (iter 1416, epoch 12.0)
=> saved checkpoint 'checkpoint_scores_CNN/CNN_mnist_custom_BK_2layer_bk1_20_ratio_bs_512_7/last' (iter 1416, epoch 12.0)
[Save Checkpoint] epoch: [12.0], Train score:97.32333, Test score:97.20000, train loss:-0.97048, test loss:-0.96912, ratio_train_loss:0.24321,ratio_test_loss:0.23947, total_loss_train:-0.72727,total_loss_test:-0.72965, 
=> saved checkpoint 'checkpoints_CNN/CNN_mnist_custom_BK_2layer_bk1_20_ratio_bs_512_7/last' (iter 1534, epoch 13.0)
=> saved checkpoint 'checkpoint_scores_CNN/CNN_mnist_custom_BK_2layer_bk1_20_ratio_bs_512_7/last' (iter 1534, epoch 13.0)
[Save Checkpoint] epoch: [13.0], Train score:97.94500, Test score:97.86000, train loss:-0.97771, test loss:-0.97610, ratio_train_loss:0.21922,ratio_test_loss:0.21677, total_loss_train:-0.75849,total_loss_test:-0.75934, 
=> saved checkpoint 'checkpoints_CNN/CNN_mnist_custom_BK_2layer_bk1_20_ratio_bs_512_7/last' (iter 1652, epoch 14.0)
=> saved checkpoint 'checkpoint_scores_CNN/CNN_mnist_custom_BK_2layer_bk1_20_ratio_bs_512_7/last' (iter 1652, epoch 14.0)
[Save Checkpoint] epoch: [14.0], Train score:97.28667, Test score:97.15000, train loss:-0.97044, test loss:-0.96923, ratio_train_loss:0.22145,ratio_test_loss:0.21725, total_loss_train:-0.74899,total_loss_test:-0.75198, 
=> saved checkpoint 'checkpoints_CNN/CNN_mnist_custom_BK_2layer_bk1_20_ratio_bs_512_7/last' (iter 1770, epoch 15.0)
=> saved checkpoint 'checkpoint_scores_CNN/CNN_mnist_custom_BK_2layer_bk1_20_ratio_bs_512_7/last' (iter 1770, epoch 15.0)
[Save Checkpoint] epoch: [15.0], Train score:97.90500, Test score:97.86000, train loss:-0.97719, test loss:-0.97643, ratio_train_loss:0.21468,ratio_test_loss:0.21198, total_loss_train:-0.76251,total_loss_test:-0.76446, 
=> saved checkpoint 'checkpoints_CNN/CNN_mnist_custom_BK_2layer_bk1_20_ratio_bs_512_7/last' (iter 1888, epoch 16.0)
=> saved checkpoint 'checkpoint_scores_CNN/CNN_mnist_custom_BK_2layer_bk1_20_ratio_bs_512_7/last' (iter 1888, epoch 16.0)
[Save Checkpoint] epoch: [16.0], Train score:98.16167, Test score:97.86000, train loss:-0.97997, test loss:-0.97698, ratio_train_loss:0.20405,ratio_test_loss:0.20315, total_loss_train:-0.77592,total_loss_test:-0.77383, 
=> saved checkpoint 'checkpoints_CNN/CNN_mnist_custom_BK_2layer_bk1_20_ratio_bs_512_7/last' (iter 2006, epoch 17.0)
=> saved checkpoint 'checkpoint_scores_CNN/CNN_mnist_custom_BK_2layer_bk1_20_ratio_bs_512_7/last' (iter 2006, epoch 17.0)
[Save Checkpoint] epoch: [17.0], Train score:98.01833, Test score:97.91000, train loss:-0.97866, test loss:-0.97746, ratio_train_loss:0.20660,ratio_test_loss:0.20398, total_loss_train:-0.77206,total_loss_test:-0.77348, 
=> saved checkpoint 'checkpoints_CNN/CNN_mnist_custom_BK_2layer_bk1_20_ratio_bs_512_7/last' (iter 2124, epoch 18.0)
=> saved checkpoint 'checkpoint_scores_CNN/CNN_mnist_custom_BK_2layer_bk1_20_ratio_bs_512_7/last' (iter 2124, epoch 18.0)
[Save Checkpoint] epoch: [18.0], Train score:98.17833, Test score:97.88000, train loss:-0.98024, test loss:-0.97676, ratio_train_loss:0.21841,ratio_test_loss:0.21787, total_loss_train:-0.76183,total_loss_test:-0.75889, 
=> saved checkpoint 'checkpoints_CNN/CNN_mnist_custom_BK_2layer_bk1_20_ratio_bs_512_7/last' (iter 2242, epoch 19.0)
=> saved checkpoint 'checkpoint_scores_CNN/CNN_mnist_custom_BK_2layer_bk1_20_ratio_bs_512_7/last' (iter 2242, epoch 19.0)
[Save Checkpoint] epoch: [19.0], Train score:97.98167, Test score:97.71000, train loss:-0.97830, test loss:-0.97494, ratio_train_loss:0.20969,ratio_test_loss:0.20780, total_loss_train:-0.76862,total_loss_test:-0.76714, 
=> saved checkpoint 'checkpoints_CNN/CNN_mnist_custom_BK_2layer_bk1_20_ratio_bs_512_7/last' (iter 2360, epoch 20.0)
=> saved checkpoint 'checkpoint_scores_CNN/CNN_mnist_custom_BK_2layer_bk1_20_ratio_bs_512_7/last' (iter 2360, epoch 20.0)
[Save Checkpoint] epoch: [20.0], Train score:98.29667, Test score:98.22000, train loss:-0.98173, test loss:-0.98031, ratio_train_loss:0.20472,ratio_test_loss:0.20257, total_loss_train:-0.77701,total_loss_test:-0.77774, 
=> saved checkpoint 'checkpoints_CNN/CNN_mnist_custom_BK_2layer_bk1_20_ratio_bs_512_7/last' (iter 2478, epoch 21.0)
=> saved checkpoint 'checkpoint_scores_CNN/CNN_mnist_custom_BK_2layer_bk1_20_ratio_bs_512_7/last' (iter 2478, epoch 21.0)
[Save Checkpoint] epoch: [21.0], Train score:98.14500, Test score:97.99000, train loss:-0.97994, test loss:-0.97845, ratio_train_loss:0.21221,ratio_test_loss:0.21098, total_loss_train:-0.76773,total_loss_test:-0.76747, 
=> saved checkpoint 'checkpoints_CNN/CNN_mnist_custom_BK_2layer_bk1_20_ratio_bs_512_7/last' (iter 2596, epoch 22.0)
=> saved checkpoint 'checkpoint_scores_CNN/CNN_mnist_custom_BK_2layer_bk1_20_ratio_bs_512_7/last' (iter 2596, epoch 22.0)
[Save Checkpoint] epoch: [22.0], Train score:98.32000, Test score:98.10000, train loss:-0.98189, test loss:-0.97981, ratio_train_loss:0.19970,ratio_test_loss:0.19804, total_loss_train:-0.78220,total_loss_test:-0.78177, 
=> saved checkpoint 'checkpoints_CNN/CNN_mnist_custom_BK_2layer_bk1_20_ratio_bs_512_7/last' (iter 2714, epoch 23.0)
=> saved checkpoint 'checkpoint_scores_CNN/CNN_mnist_custom_BK_2layer_bk1_20_ratio_bs_512_7/last' (iter 2714, epoch 23.0)
[Save Checkpoint] epoch: [23.0], Train score:98.34833, Test score:98.18000, train loss:-0.98305, test loss:-0.98073, ratio_train_loss:0.20207,ratio_test_loss:0.20226, total_loss_train:-0.78098,total_loss_test:-0.77847, 
=> saved checkpoint 'checkpoints_CNN/CNN_mnist_custom_BK_2layer_bk1_20_ratio_bs_512_7/last' (iter 2832, epoch 24.0)
=> saved checkpoint 'checkpoint_scores_CNN/CNN_mnist_custom_BK_2layer_bk1_20_ratio_bs_512_7/last' (iter 2832, epoch 24.0)
[Save Checkpoint] epoch: [24.0], Train score:98.29500, Test score:98.20000, train loss:-0.98183, test loss:-0.98040, ratio_train_loss:0.19802,ratio_test_loss:0.19557, total_loss_train:-0.78381,total_loss_test:-0.78483, 
=> saved checkpoint 'checkpoints_CNN/CNN_mnist_custom_BK_2layer_bk1_20_ratio_bs_512_7/last' (iter 2950, epoch 25.0)
=> saved checkpoint 'checkpoint_scores_CNN/CNN_mnist_custom_BK_2layer_bk1_20_ratio_bs_512_7/last' (iter 2950, epoch 25.0)
[Save Checkpoint] epoch: [25.0], Train score:98.31500, Test score:98.01000, train loss:-0.98231, test loss:-0.97867, ratio_train_loss:0.20775,ratio_test_loss:0.20644, total_loss_train:-0.77457,total_loss_test:-0.77223, 
=> saved checkpoint 'checkpoints_CNN/CNN_mnist_custom_BK_2layer_bk1_20_ratio_bs_512_7/last' (iter 3068, epoch 26.0)
=> saved checkpoint 'checkpoint_scores_CNN/CNN_mnist_custom_BK_2layer_bk1_20_ratio_bs_512_7/last' (iter 3068, epoch 26.0)
[Save Checkpoint] epoch: [26.0], Train score:98.43500, Test score:98.33000, train loss:-0.98353, test loss:-0.98166, ratio_train_loss:0.20680,ratio_test_loss:0.20507, total_loss_train:-0.77673,total_loss_test:-0.77659, 
=> saved checkpoint 'checkpoints_CNN/CNN_mnist_custom_BK_2layer_bk1_20_ratio_bs_512_7/last' (iter 3186, epoch 27.0)
=> saved checkpoint 'checkpoint_scores_CNN/CNN_mnist_custom_BK_2layer_bk1_20_ratio_bs_512_7/last' (iter 3186, epoch 27.0)
[Save Checkpoint] epoch: [27.0], Train score:98.42333, Test score:98.34000, train loss:-0.98356, test loss:-0.98217, ratio_train_loss:0.19938,ratio_test_loss:0.19734, total_loss_train:-0.78418,total_loss_test:-0.78483, 
=> saved checkpoint 'checkpoints_CNN/CNN_mnist_custom_BK_2layer_bk1_20_ratio_bs_512_7/last' (iter 3304, epoch 28.0)
=> saved checkpoint 'checkpoint_scores_CNN/CNN_mnist_custom_BK_2layer_bk1_20_ratio_bs_512_7/last' (iter 3304, epoch 28.0)
[Save Checkpoint] epoch: [28.0], Train score:98.42333, Test score:98.24000, train loss:-0.98317, test loss:-0.98109, ratio_train_loss:0.19415,ratio_test_loss:0.19360, total_loss_train:-0.78902,total_loss_test:-0.78749, 
=> saved checkpoint 'checkpoints_CNN/CNN_mnist_custom_BK_2layer_bk1_20_ratio_bs_512_7/last' (iter 3422, epoch 29.0)
=> saved checkpoint 'checkpoint_scores_CNN/CNN_mnist_custom_BK_2layer_bk1_20_ratio_bs_512_7/last' (iter 3422, epoch 29.0)
[Save Checkpoint] epoch: [29.0], Train score:98.40833, Test score:98.15000, train loss:-0.98337, test loss:-0.98039, ratio_train_loss:0.20199,ratio_test_loss:0.20336, total_loss_train:-0.78139,total_loss_test:-0.77703, 
=> saved checkpoint 'checkpoints_CNN/CNN_mnist_custom_BK_2layer_bk1_20_ratio_bs_512_7/last' (iter 3540, epoch 30.0)
=> saved checkpoint 'checkpoint_scores_CNN/CNN_mnist_custom_BK_2layer_bk1_20_ratio_bs_512_7/last' (iter 3540, epoch 30.0)
[Save Checkpoint] epoch: [30.0], Train score:98.60333, Test score:98.33000, train loss:-0.98550, test loss:-0.98214, ratio_train_loss:0.18875,ratio_test_loss:0.18928, total_loss_train:-0.79676,total_loss_test:-0.79287, 
=> saved checkpoint 'checkpoints_CNN/CNN_mnist_custom_BK_2layer_bk1_20_ratio_bs_512_7/last' (iter 3658, epoch 31.0)
=> saved checkpoint 'checkpoint_scores_CNN/CNN_mnist_custom_BK_2layer_bk1_20_ratio_bs_512_7/last' (iter 3658, epoch 31.0)
[Save Checkpoint] epoch: [31.0], Train score:98.18833, Test score:97.96000, train loss:-0.98122, test loss:-0.97822, ratio_train_loss:0.19974,ratio_test_loss:0.19913, total_loss_train:-0.78148,total_loss_test:-0.77909, 
=> saved checkpoint 'checkpoints_CNN/CNN_mnist_custom_BK_2layer_bk1_20_ratio_bs_512_7/last' (iter 3776, epoch 32.0)
=> saved checkpoint 'checkpoint_scores_CNN/CNN_mnist_custom_BK_2layer_bk1_20_ratio_bs_512_7/last' (iter 3776, epoch 32.0)
[Save Checkpoint] epoch: [32.0], Train score:98.52667, Test score:98.02000, train loss:-0.98428, test loss:-0.97954, ratio_train_loss:0.19146,ratio_test_loss:0.19233, total_loss_train:-0.79282,total_loss_test:-0.78721, 
=> saved checkpoint 'checkpoints_CNN/CNN_mnist_custom_BK_2layer_bk1_20_ratio_bs_512_7/last' (iter 3894, epoch 33.0)
=> saved checkpoint 'checkpoint_scores_CNN/CNN_mnist_custom_BK_2layer_bk1_20_ratio_bs_512_7/last' (iter 3894, epoch 33.0)
[Save Checkpoint] epoch: [33.0], Train score:98.64167, Test score:98.40000, train loss:-0.98606, test loss:-0.98326, ratio_train_loss:0.19043,ratio_test_loss:0.19148, total_loss_train:-0.79562,total_loss_test:-0.79178, 
=> saved checkpoint 'checkpoints_CNN/CNN_mnist_custom_BK_2layer_bk1_20_ratio_bs_512_7/last' (iter 4012, epoch 34.0)
=> saved checkpoint 'checkpoint_scores_CNN/CNN_mnist_custom_BK_2layer_bk1_20_ratio_bs_512_7/last' (iter 4012, epoch 34.0)
[Save Checkpoint] epoch: [34.0], Train score:98.62167, Test score:98.30000, train loss:-0.98572, test loss:-0.98269, ratio_train_loss:0.18927,ratio_test_loss:0.18985, total_loss_train:-0.79645,total_loss_test:-0.79284, 
=> saved checkpoint 'checkpoints_CNN/CNN_mnist_custom_BK_2layer_bk1_20_ratio_bs_512_7/last' (iter 4130, epoch 35.0)
=> saved checkpoint 'checkpoint_scores_CNN/CNN_mnist_custom_BK_2layer_bk1_20_ratio_bs_512_7/last' (iter 4130, epoch 35.0)
[Save Checkpoint] epoch: [35.0], Train score:98.39000, Test score:98.03000, train loss:-0.98316, test loss:-0.97978, ratio_train_loss:0.19421,ratio_test_loss:0.19567, total_loss_train:-0.78895,total_loss_test:-0.78411, 
=> saved checkpoint 'checkpoints_CNN/CNN_mnist_custom_BK_2layer_bk1_20_ratio_bs_512_7/last' (iter 4248, epoch 36.0)
=> saved checkpoint 'checkpoint_scores_CNN/CNN_mnist_custom_BK_2layer_bk1_20_ratio_bs_512_7/last' (iter 4248, epoch 36.0)
[Save Checkpoint] epoch: [36.0], Train score:98.56667, Test score:98.32000, train loss:-0.98531, test loss:-0.98236, ratio_train_loss:0.20101,ratio_test_loss:0.20307, total_loss_train:-0.78430,total_loss_test:-0.77929, 
=> saved checkpoint 'checkpoints_CNN/CNN_mnist_custom_BK_2layer_bk1_20_ratio_bs_512_7/last' (iter 4366, epoch 37.0)
=> saved checkpoint 'checkpoint_scores_CNN/CNN_mnist_custom_BK_2layer_bk1_20_ratio_bs_512_7/last' (iter 4366, epoch 37.0)
[Save Checkpoint] epoch: [37.0], Train score:98.69000, Test score:98.40000, train loss:-0.98611, test loss:-0.98330, ratio_train_loss:0.19244,ratio_test_loss:0.19366, total_loss_train:-0.79367,total_loss_test:-0.78964, 
=> saved checkpoint 'checkpoints_CNN/CNN_mnist_custom_BK_2layer_bk1_20_ratio_bs_512_7/last' (iter 4484, epoch 38.0)
=> saved checkpoint 'checkpoint_scores_CNN/CNN_mnist_custom_BK_2layer_bk1_20_ratio_bs_512_7/last' (iter 4484, epoch 38.0)
[Save Checkpoint] epoch: [38.0], Train score:98.61000, Test score:98.20000, train loss:-0.98554, test loss:-0.98184, ratio_train_loss:0.18792,ratio_test_loss:0.18885, total_loss_train:-0.79761,total_loss_test:-0.79299, 
=> saved checkpoint 'checkpoints_CNN/CNN_mnist_custom_BK_2layer_bk1_20_ratio_bs_512_7/last' (iter 4602, epoch 39.0)
=> saved checkpoint 'checkpoint_scores_CNN/CNN_mnist_custom_BK_2layer_bk1_20_ratio_bs_512_7/last' (iter 4602, epoch 39.0)
[Save Checkpoint] epoch: [39.0], Train score:98.50167, Test score:97.94000, train loss:-0.98454, test loss:-0.97873, ratio_train_loss:0.19029,ratio_test_loss:0.19030, total_loss_train:-0.79424,total_loss_test:-0.78842, 
=> saved checkpoint 'checkpoints_CNN/CNN_mnist_custom_BK_2layer_bk1_20_ratio_bs_512_7/last' (iter 4720, epoch 40.0)
=> saved checkpoint 'checkpoint_scores_CNN/CNN_mnist_custom_BK_2layer_bk1_20_ratio_bs_512_7/last' (iter 4720, epoch 40.0)
[Save Checkpoint] epoch: [40.0], Train score:98.64667, Test score:98.27000, train loss:-0.98610, test loss:-0.98233, ratio_train_loss:0.19197,ratio_test_loss:0.19182, total_loss_train:-0.79413,total_loss_test:-0.79051, 
=> saved checkpoint 'checkpoints_CNN/CNN_mnist_custom_BK_2layer_bk1_20_ratio_bs_512_7/last' (iter 4838, epoch 41.0)
=> saved checkpoint 'checkpoint_scores_CNN/CNN_mnist_custom_BK_2layer_bk1_20_ratio_bs_512_7/last' (iter 4838, epoch 41.0)
[Save Checkpoint] epoch: [41.0], Train score:98.63500, Test score:98.27000, train loss:-0.98596, test loss:-0.98223, ratio_train_loss:0.18778,ratio_test_loss:0.18777, total_loss_train:-0.79817,total_loss_test:-0.79446, 
=> saved checkpoint 'checkpoints_CNN/CNN_mnist_custom_BK_2layer_bk1_20_ratio_bs_512_7/last' (iter 4956, epoch 42.0)
=> saved checkpoint 'checkpoint_scores_CNN/CNN_mnist_custom_BK_2layer_bk1_20_ratio_bs_512_7/last' (iter 4956, epoch 42.0)
[Save Checkpoint] epoch: [42.0], Train score:98.46833, Test score:98.26000, train loss:-0.98416, test loss:-0.98199, ratio_train_loss:0.19293,ratio_test_loss:0.19278, total_loss_train:-0.79123,total_loss_test:-0.78921, 
=> saved checkpoint 'checkpoints_CNN/CNN_mnist_custom_BK_2layer_bk1_20_ratio_bs_512_7/last' (iter 5074, epoch 43.0)
=> saved checkpoint 'checkpoint_scores_CNN/CNN_mnist_custom_BK_2layer_bk1_20_ratio_bs_512_7/last' (iter 5074, epoch 43.0)
[Save Checkpoint] epoch: [43.0], Train score:98.71000, Test score:98.44000, train loss:-0.98639, test loss:-0.98397, ratio_train_loss:0.18074,ratio_test_loss:0.18073, total_loss_train:-0.80565,total_loss_test:-0.80324, 
=> saved checkpoint 'checkpoints_CNN/CNN_mnist_custom_BK_2layer_bk1_20_ratio_bs_512_7/last' (iter 5192, epoch 44.0)
=> saved checkpoint 'checkpoint_scores_CNN/CNN_mnist_custom_BK_2layer_bk1_20_ratio_bs_512_7/last' (iter 5192, epoch 44.0)
[Save Checkpoint] epoch: [44.0], Train score:98.70500, Test score:98.42000, train loss:-0.98673, test loss:-0.98358, ratio_train_loss:0.19214,ratio_test_loss:0.19068, total_loss_train:-0.79459,total_loss_test:-0.79290, 
=> saved checkpoint 'checkpoints_CNN/CNN_mnist_custom_BK_2layer_bk1_20_ratio_bs_512_7/last' (iter 5310, epoch 45.0)
=> saved checkpoint 'checkpoint_scores_CNN/CNN_mnist_custom_BK_2layer_bk1_20_ratio_bs_512_7/last' (iter 5310, epoch 45.0)
[Save Checkpoint] epoch: [45.0], Train score:98.49833, Test score:98.13000, train loss:-0.98442, test loss:-0.98068, ratio_train_loss:0.19667,ratio_test_loss:0.19770, total_loss_train:-0.78775,total_loss_test:-0.78298, 
=> saved checkpoint 'checkpoints_CNN/CNN_mnist_custom_BK_2layer_bk1_20_ratio_bs_512_7/last' (iter 5428, epoch 46.0)
=> saved checkpoint 'checkpoint_scores_CNN/CNN_mnist_custom_BK_2layer_bk1_20_ratio_bs_512_7/last' (iter 5428, epoch 46.0)
[Save Checkpoint] epoch: [46.0], Train score:98.71333, Test score:98.42000, train loss:-0.98678, test loss:-0.98380, ratio_train_loss:0.18854,ratio_test_loss:0.19060, total_loss_train:-0.79824,total_loss_test:-0.79320, 
=> saved checkpoint 'checkpoints_CNN/CNN_mnist_custom_BK_2layer_bk1_20_ratio_bs_512_7/last' (iter 5546, epoch 47.0)
=> saved checkpoint 'checkpoint_scores_CNN/CNN_mnist_custom_BK_2layer_bk1_20_ratio_bs_512_7/last' (iter 5546, epoch 47.0)
[Save Checkpoint] epoch: [47.0], Train score:98.57167, Test score:98.26000, train loss:-0.98537, test loss:-0.98154, ratio_train_loss:0.19517,ratio_test_loss:0.19759, total_loss_train:-0.79021,total_loss_test:-0.78395, 
=> saved checkpoint 'checkpoints_CNN/CNN_mnist_custom_BK_2layer_bk1_20_ratio_bs_512_7/last' (iter 5664, epoch 48.0)
=> saved checkpoint 'checkpoint_scores_CNN/CNN_mnist_custom_BK_2layer_bk1_20_ratio_bs_512_7/last' (iter 5664, epoch 48.0)
[Save Checkpoint] epoch: [48.0], Train score:98.66333, Test score:98.39000, train loss:-0.98612, test loss:-0.98327, ratio_train_loss:0.18100,ratio_test_loss:0.18049, total_loss_train:-0.80512,total_loss_test:-0.80278, 
=> saved checkpoint 'checkpoints_CNN/CNN_mnist_custom_BK_2layer_bk1_20_ratio_bs_512_7/last' (iter 5782, epoch 49.0)
=> saved checkpoint 'checkpoint_scores_CNN/CNN_mnist_custom_BK_2layer_bk1_20_ratio_bs_512_7/last' (iter 5782, epoch 49.0)
[Save Checkpoint] epoch: [49.0], Train score:98.31167, Test score:97.96000, train loss:-0.98254, test loss:-0.97880, ratio_train_loss:0.18504,ratio_test_loss:0.18582, total_loss_train:-0.79750,total_loss_test:-0.79299, 
=> saved checkpoint 'checkpoints_CNN/CNN_mnist_custom_BK_2layer_bk1_20_ratio_bs_512_7/last' (iter 5900, epoch 50.0)
=> saved checkpoint 'checkpoint_scores_CNN/CNN_mnist_custom_BK_2layer_bk1_20_ratio_bs_512_7/last' (iter 5900, epoch 50.0)
[Save Checkpoint] epoch: [50.0], Train score:98.75333, Test score:98.43000, train loss:-0.98696, test loss:-0.98418, ratio_train_loss:0.19008,ratio_test_loss:0.19139, total_loss_train:-0.79688,total_loss_test:-0.79279, 
=> saved checkpoint 'checkpoints_CNN/CNN_mnist_custom_BK_2layer_bk1_20_ratio_bs_512_7/last' (iter 6018, epoch 51.0)
=> saved checkpoint 'checkpoint_scores_CNN/CNN_mnist_custom_BK_2layer_bk1_20_ratio_bs_512_7/last' (iter 6018, epoch 51.0)
[Save Checkpoint] epoch: [51.0], Train score:98.76500, Test score:98.51000, train loss:-0.98727, test loss:-0.98444, ratio_train_loss:0.18652,ratio_test_loss:0.18633, total_loss_train:-0.80075,total_loss_test:-0.79811, 
=> saved checkpoint 'checkpoints_CNN/CNN_mnist_custom_BK_2layer_bk1_20_ratio_bs_512_7/last' (iter 6136, epoch 52.0)
=> saved checkpoint 'checkpoint_scores_CNN/CNN_mnist_custom_BK_2layer_bk1_20_ratio_bs_512_7/last' (iter 6136, epoch 52.0)
[Save Checkpoint] epoch: [52.0], Train score:98.78500, Test score:98.34000, train loss:-0.98758, test loss:-0.98307, ratio_train_loss:0.18915,ratio_test_loss:0.18936, total_loss_train:-0.79843,total_loss_test:-0.79371, 
=> saved checkpoint 'checkpoints_CNN/CNN_mnist_custom_BK_2layer_bk1_20_ratio_bs_512_7/last' (iter 6254, epoch 53.0)
=> saved checkpoint 'checkpoint_scores_CNN/CNN_mnist_custom_BK_2layer_bk1_20_ratio_bs_512_7/last' (iter 6254, epoch 53.0)
[Save Checkpoint] epoch: [53.0], Train score:98.63167, Test score:98.17000, train loss:-0.98600, test loss:-0.98120, ratio_train_loss:0.19240,ratio_test_loss:0.19378, total_loss_train:-0.79360,total_loss_test:-0.78743, 
=> saved checkpoint 'checkpoints_CNN/CNN_mnist_custom_BK_2layer_bk1_20_ratio_bs_512_7/last' (iter 6372, epoch 54.0)
=> saved checkpoint 'checkpoint_scores_CNN/CNN_mnist_custom_BK_2layer_bk1_20_ratio_bs_512_7/last' (iter 6372, epoch 54.0)
[Save Checkpoint] epoch: [54.0], Train score:98.73500, Test score:98.54000, train loss:-0.98720, test loss:-0.98501, ratio_train_loss:0.18900,ratio_test_loss:0.19029, total_loss_train:-0.79821,total_loss_test:-0.79472, 
=> saved checkpoint 'checkpoints_CNN/CNN_mnist_custom_BK_2layer_bk1_20_ratio_bs_512_7/last' (iter 6490, epoch 55.0)
=> saved checkpoint 'checkpoint_scores_CNN/CNN_mnist_custom_BK_2layer_bk1_20_ratio_bs_512_7/last' (iter 6490, epoch 55.0)
[Save Checkpoint] epoch: [55.0], Train score:98.64333, Test score:98.31000, train loss:-0.98601, test loss:-0.98244, ratio_train_loss:0.19447,ratio_test_loss:0.19662, total_loss_train:-0.79153,total_loss_test:-0.78583, 
=> saved checkpoint 'checkpoints_CNN/CNN_mnist_custom_BK_2layer_bk1_20_ratio_bs_512_7/last' (iter 6608, epoch 56.0)
=> saved checkpoint 'checkpoint_scores_CNN/CNN_mnist_custom_BK_2layer_bk1_20_ratio_bs_512_7/last' (iter 6608, epoch 56.0)
[Save Checkpoint] epoch: [56.0], Train score:98.74333, Test score:98.33000, train loss:-0.98719, test loss:-0.98339, ratio_train_loss:0.18685,ratio_test_loss:0.18994, total_loss_train:-0.80033,total_loss_test:-0.79345, 
=> saved checkpoint 'checkpoints_CNN/CNN_mnist_custom_BK_2layer_bk1_20_ratio_bs_512_7/last' (iter 6726, epoch 57.0)
=> saved checkpoint 'checkpoint_scores_CNN/CNN_mnist_custom_BK_2layer_bk1_20_ratio_bs_512_7/last' (iter 6726, epoch 57.0)
[Save Checkpoint] epoch: [57.0], Train score:98.64000, Test score:98.24000, train loss:-0.98605, test loss:-0.98190, ratio_train_loss:0.18935,ratio_test_loss:0.18973, total_loss_train:-0.79670,total_loss_test:-0.79217, 
=> saved checkpoint 'checkpoints_CNN/CNN_mnist_custom_BK_2layer_bk1_20_ratio_bs_512_7/last' (iter 6844, epoch 58.0)
=> saved checkpoint 'checkpoint_scores_CNN/CNN_mnist_custom_BK_2layer_bk1_20_ratio_bs_512_7/last' (iter 6844, epoch 58.0)
[Save Checkpoint] epoch: [58.0], Train score:98.79833, Test score:98.56000, train loss:-0.98775, test loss:-0.98520, ratio_train_loss:0.18634,ratio_test_loss:0.18849, total_loss_train:-0.80141,total_loss_test:-0.79671, 
=> saved checkpoint 'checkpoints_CNN/CNN_mnist_custom_BK_2layer_bk1_20_ratio_bs_512_7/last' (iter 6962, epoch 59.0)
=> saved checkpoint 'checkpoint_scores_CNN/CNN_mnist_custom_BK_2layer_bk1_20_ratio_bs_512_7/last' (iter 6962, epoch 59.0)
[Save Checkpoint] epoch: [59.0], Train score:98.69167, Test score:98.28000, train loss:-0.98666, test loss:-0.98211, ratio_train_loss:0.19045,ratio_test_loss:0.19144, total_loss_train:-0.79621,total_loss_test:-0.79067, 
=> saved checkpoint 'checkpoints_CNN/CNN_mnist_custom_BK_2layer_bk1_20_ratio_bs_512_7/last' (iter 7080, epoch 60.0)
=> saved checkpoint 'checkpoint_scores_CNN/CNN_mnist_custom_BK_2layer_bk1_20_ratio_bs_512_7/last' (iter 7080, epoch 60.0)
[Save Checkpoint] epoch: [60.0], Train score:98.85000, Test score:98.48000, train loss:-0.98835, test loss:-0.98440, ratio_train_loss:0.18308,ratio_test_loss:0.18547, total_loss_train:-0.80527,total_loss_test:-0.79893, 
=> saved checkpoint 'checkpoints_CNN/CNN_mnist_custom_BK_2layer_bk1_20_ratio_bs_512_7/last' (iter 7198, epoch 61.0)
=> saved checkpoint 'checkpoint_scores_CNN/CNN_mnist_custom_BK_2layer_bk1_20_ratio_bs_512_7/last' (iter 7198, epoch 61.0)
[Save Checkpoint] epoch: [61.0], Train score:98.76667, Test score:98.37000, train loss:-0.98731, test loss:-0.98306, ratio_train_loss:0.18510,ratio_test_loss:0.18629, total_loss_train:-0.80221,total_loss_test:-0.79677, 
=> saved checkpoint 'checkpoints_CNN/CNN_mnist_custom_BK_2layer_bk1_20_ratio_bs_512_7/last' (iter 7316, epoch 62.0)
=> saved checkpoint 'checkpoint_scores_CNN/CNN_mnist_custom_BK_2layer_bk1_20_ratio_bs_512_7/last' (iter 7316, epoch 62.0)
[Save Checkpoint] epoch: [62.0], Train score:98.86500, Test score:98.38000, train loss:-0.98827, test loss:-0.98355, ratio_train_loss:0.18133,ratio_test_loss:0.18324, total_loss_train:-0.80694,total_loss_test:-0.80031, 
=> saved checkpoint 'checkpoints_CNN/CNN_mnist_custom_BK_2layer_bk1_20_ratio_bs_512_7/last' (iter 7434, epoch 63.0)
=> saved checkpoint 'checkpoint_scores_CNN/CNN_mnist_custom_BK_2layer_bk1_20_ratio_bs_512_7/last' (iter 7434, epoch 63.0)
[Save Checkpoint] epoch: [63.0], Train score:98.66833, Test score:98.13000, train loss:-0.98637, test loss:-0.98041, ratio_train_loss:0.18473,ratio_test_loss:0.18665, total_loss_train:-0.80165,total_loss_test:-0.79376, 
=> saved checkpoint 'checkpoints_CNN/CNN_mnist_custom_BK_2layer_bk1_20_ratio_bs_512_7/last' (iter 7552, epoch 64.0)
=> saved checkpoint 'checkpoint_scores_CNN/CNN_mnist_custom_BK_2layer_bk1_20_ratio_bs_512_7/last' (iter 7552, epoch 64.0)
[Save Checkpoint] epoch: [64.0], Train score:98.87333, Test score:98.50000, train loss:-0.98838, test loss:-0.98487, ratio_train_loss:0.19008,ratio_test_loss:0.19310, total_loss_train:-0.79829,total_loss_test:-0.79177, 
=> saved checkpoint 'checkpoints_CNN/CNN_mnist_custom_BK_2layer_bk1_20_ratio_bs_512_7/last' (iter 7670, epoch 65.0)
=> saved checkpoint 'checkpoint_scores_CNN/CNN_mnist_custom_BK_2layer_bk1_20_ratio_bs_512_7/last' (iter 7670, epoch 65.0)
[Save Checkpoint] epoch: [65.0], Train score:98.74167, Test score:98.33000, train loss:-0.98721, test loss:-0.98288, ratio_train_loss:0.18375,ratio_test_loss:0.18432, total_loss_train:-0.80345,total_loss_test:-0.79856, 
=> saved checkpoint 'checkpoints_CNN/CNN_mnist_custom_BK_2layer_bk1_20_ratio_bs_512_7/last' (iter 7788, epoch 66.0)
=> saved checkpoint 'checkpoint_scores_CNN/CNN_mnist_custom_BK_2layer_bk1_20_ratio_bs_512_7/last' (iter 7788, epoch 66.0)
[Save Checkpoint] epoch: [66.0], Train score:98.91500, Test score:98.46000, train loss:-0.98878, test loss:-0.98444, ratio_train_loss:0.19015,ratio_test_loss:0.19223, total_loss_train:-0.79863,total_loss_test:-0.79221, 
=> saved checkpoint 'checkpoints_CNN/CNN_mnist_custom_BK_2layer_bk1_20_ratio_bs_512_7/last' (iter 7906, epoch 67.0)
=> saved checkpoint 'checkpoint_scores_CNN/CNN_mnist_custom_BK_2layer_bk1_20_ratio_bs_512_7/last' (iter 7906, epoch 67.0)
[Save Checkpoint] epoch: [67.0], Train score:98.52500, Test score:98.28000, train loss:-0.98512, test loss:-0.98185, ratio_train_loss:0.18458,ratio_test_loss:0.18695, total_loss_train:-0.80054,total_loss_test:-0.79490, 
=> saved checkpoint 'checkpoints_CNN/CNN_mnist_custom_BK_2layer_bk1_20_ratio_bs_512_7/last' (iter 8024, epoch 68.0)
=> saved checkpoint 'checkpoint_scores_CNN/CNN_mnist_custom_BK_2layer_bk1_20_ratio_bs_512_7/last' (iter 8024, epoch 68.0)
[Save Checkpoint] epoch: [68.0], Train score:98.87167, Test score:98.45000, train loss:-0.98839, test loss:-0.98410, ratio_train_loss:0.18318,ratio_test_loss:0.18467, total_loss_train:-0.80521,total_loss_test:-0.79942, 
=> saved checkpoint 'checkpoints_CNN/CNN_mnist_custom_BK_2layer_bk1_20_ratio_bs_512_7/last' (iter 8142, epoch 69.0)
=> saved checkpoint 'checkpoint_scores_CNN/CNN_mnist_custom_BK_2layer_bk1_20_ratio_bs_512_7/last' (iter 8142, epoch 69.0)
[Save Checkpoint] epoch: [69.0], Train score:98.85833, Test score:98.56000, train loss:-0.98840, test loss:-0.98511, ratio_train_loss:0.18098,ratio_test_loss:0.18316, total_loss_train:-0.80741,total_loss_test:-0.80195, 
=> saved checkpoint 'checkpoints_CNN/CNN_mnist_custom_BK_2layer_bk1_20_ratio_bs_512_7/last' (iter 8260, epoch 70.0)
=> saved checkpoint 'checkpoint_scores_CNN/CNN_mnist_custom_BK_2layer_bk1_20_ratio_bs_512_7/last' (iter 8260, epoch 70.0)
[Save Checkpoint] epoch: [70.0], Train score:98.67667, Test score:98.13000, train loss:-0.98646, test loss:-0.98125, ratio_train_loss:0.18642,ratio_test_loss:0.18779, total_loss_train:-0.80004,total_loss_test:-0.79345, 
=> saved checkpoint 'checkpoints_CNN/CNN_mnist_custom_BK_2layer_bk1_20_ratio_bs_512_7/last' (iter 8378, epoch 71.0)
=> saved checkpoint 'checkpoint_scores_CNN/CNN_mnist_custom_BK_2layer_bk1_20_ratio_bs_512_7/last' (iter 8378, epoch 71.0)
[Save Checkpoint] epoch: [71.0], Train score:98.88833, Test score:98.58000, train loss:-0.98878, test loss:-0.98571, ratio_train_loss:0.18510,ratio_test_loss:0.18647, total_loss_train:-0.80369,total_loss_test:-0.79924, 
=> saved checkpoint 'checkpoints_CNN/CNN_mnist_custom_BK_2layer_bk1_20_ratio_bs_512_7/last' (iter 8496, epoch 72.0)
=> saved checkpoint 'checkpoint_scores_CNN/CNN_mnist_custom_BK_2layer_bk1_20_ratio_bs_512_7/last' (iter 8496, epoch 72.0)
[Save Checkpoint] epoch: [72.0], Train score:99.01833, Test score:98.62000, train loss:-0.98987, test loss:-0.98588, ratio_train_loss:0.17866,ratio_test_loss:0.18116, total_loss_train:-0.81121,total_loss_test:-0.80472, 
=> saved checkpoint 'checkpoints_CNN/CNN_mnist_custom_BK_2layer_bk1_20_ratio_bs_512_7/last' (iter 8614, epoch 73.0)
=> saved checkpoint 'checkpoint_scores_CNN/CNN_mnist_custom_BK_2layer_bk1_20_ratio_bs_512_7/last' (iter 8614, epoch 73.0)
[Save Checkpoint] epoch: [73.0], Train score:98.72333, Test score:98.45000, train loss:-0.98680, test loss:-0.98346, ratio_train_loss:0.18265,ratio_test_loss:0.18545, total_loss_train:-0.80415,total_loss_test:-0.79801, 
=> saved checkpoint 'checkpoints_CNN/CNN_mnist_custom_BK_2layer_bk1_20_ratio_bs_512_7/last' (iter 8732, epoch 74.0)
=> saved checkpoint 'checkpoint_scores_CNN/CNN_mnist_custom_BK_2layer_bk1_20_ratio_bs_512_7/last' (iter 8732, epoch 74.0)
[Save Checkpoint] epoch: [74.0], Train score:98.86333, Test score:98.39000, train loss:-0.98846, test loss:-0.98352, ratio_train_loss:0.19183,ratio_test_loss:0.19648, total_loss_train:-0.79663,total_loss_test:-0.78704, 
=> saved checkpoint 'checkpoints_CNN/CNN_mnist_custom_BK_2layer_bk1_20_ratio_bs_512_7/last' (iter 8850, epoch 75.0)
=> saved checkpoint 'checkpoint_scores_CNN/CNN_mnist_custom_BK_2layer_bk1_20_ratio_bs_512_7/last' (iter 8850, epoch 75.0)
[Save Checkpoint] epoch: [75.0], Train score:98.85167, Test score:98.49000, train loss:-0.98830, test loss:-0.98450, ratio_train_loss:0.18027,ratio_test_loss:0.18305, total_loss_train:-0.80803,total_loss_test:-0.80145, 
=> saved checkpoint 'checkpoints_CNN/CNN_mnist_custom_BK_2layer_bk1_20_ratio_bs_512_7/last' (iter 8968, epoch 76.0)
=> saved checkpoint 'checkpoint_scores_CNN/CNN_mnist_custom_BK_2layer_bk1_20_ratio_bs_512_7/last' (iter 8968, epoch 76.0)
[Save Checkpoint] epoch: [76.0], Train score:98.90000, Test score:98.40000, train loss:-0.98877, test loss:-0.98394, ratio_train_loss:0.17627,ratio_test_loss:0.17863, total_loss_train:-0.81250,total_loss_test:-0.80530, 
=> saved checkpoint 'checkpoints_CNN/CNN_mnist_custom_BK_2layer_bk1_20_ratio_bs_512_7/last' (iter 9086, epoch 77.0)
=> saved checkpoint 'checkpoint_scores_CNN/CNN_mnist_custom_BK_2layer_bk1_20_ratio_bs_512_7/last' (iter 9086, epoch 77.0)
[Save Checkpoint] epoch: [77.0], Train score:98.96667, Test score:98.50000, train loss:-0.98926, test loss:-0.98446, ratio_train_loss:0.18044,ratio_test_loss:0.18401, total_loss_train:-0.80883,total_loss_test:-0.80045, 
=> saved checkpoint 'checkpoints_CNN/CNN_mnist_custom_BK_2layer_bk1_20_ratio_bs_512_7/last' (iter 9204, epoch 78.0)
=> saved checkpoint 'checkpoint_scores_CNN/CNN_mnist_custom_BK_2layer_bk1_20_ratio_bs_512_7/last' (iter 9204, epoch 78.0)
[Save Checkpoint] epoch: [78.0], Train score:98.92500, Test score:98.56000, train loss:-0.98919, test loss:-0.98515, ratio_train_loss:0.17832,ratio_test_loss:0.18158, total_loss_train:-0.81088,total_loss_test:-0.80358, 
=> saved checkpoint 'checkpoints_CNN/CNN_mnist_custom_BK_2layer_bk1_20_ratio_bs_512_7/last' (iter 9322, epoch 79.0)
=> saved checkpoint 'checkpoint_scores_CNN/CNN_mnist_custom_BK_2layer_bk1_20_ratio_bs_512_7/last' (iter 9322, epoch 79.0)
[Save Checkpoint] epoch: [79.0], Train score:98.84333, Test score:98.52000, train loss:-0.98844, test loss:-0.98485, ratio_train_loss:0.18518,ratio_test_loss:0.18750, total_loss_train:-0.80326,total_loss_test:-0.79735, 
=> saved checkpoint 'checkpoints_CNN/CNN_mnist_custom_BK_2layer_bk1_20_ratio_bs_512_7/last' (iter 9440, epoch 80.0)
=> saved checkpoint 'checkpoint_scores_CNN/CNN_mnist_custom_BK_2layer_bk1_20_ratio_bs_512_7/last' (iter 9440, epoch 80.0)
[Save Checkpoint] epoch: [80.0], Train score:98.95667, Test score:98.40000, train loss:-0.98929, test loss:-0.98368, ratio_train_loss:0.18296,ratio_test_loss:0.18588, total_loss_train:-0.80633,total_loss_test:-0.79780, 
=> saved checkpoint 'checkpoints_CNN/CNN_mnist_custom_BK_2layer_bk1_20_ratio_bs_512_7/last' (iter 9558, epoch 81.0)
=> saved checkpoint 'checkpoint_scores_CNN/CNN_mnist_custom_BK_2layer_bk1_20_ratio_bs_512_7/last' (iter 9558, epoch 81.0)
[Save Checkpoint] epoch: [81.0], Train score:98.99167, Test score:98.50000, train loss:-0.98951, test loss:-0.98444, ratio_train_loss:0.17705,ratio_test_loss:0.17914, total_loss_train:-0.81246,total_loss_test:-0.80531, 
=> saved checkpoint 'checkpoints_CNN/CNN_mnist_custom_BK_2layer_bk1_20_ratio_bs_512_7/last' (iter 9676, epoch 82.0)
=> saved checkpoint 'checkpoint_scores_CNN/CNN_mnist_custom_BK_2layer_bk1_20_ratio_bs_512_7/last' (iter 9676, epoch 82.0)
[Save Checkpoint] epoch: [82.0], Train score:98.86500, Test score:98.40000, train loss:-0.98839, test loss:-0.98402, ratio_train_loss:0.18067,ratio_test_loss:0.18325, total_loss_train:-0.80772,total_loss_test:-0.80076, 
=> saved checkpoint 'checkpoints_CNN/CNN_mnist_custom_BK_2layer_bk1_20_ratio_bs_512_7/last' (iter 9794, epoch 83.0)
=> saved checkpoint 'checkpoint_scores_CNN/CNN_mnist_custom_BK_2layer_bk1_20_ratio_bs_512_7/last' (iter 9794, epoch 83.0)
[Save Checkpoint] epoch: [83.0], Train score:98.79000, Test score:98.32000, train loss:-0.98759, test loss:-0.98299, ratio_train_loss:0.18527,ratio_test_loss:0.18734, total_loss_train:-0.80232,total_loss_test:-0.79564, 
=> saved checkpoint 'checkpoints_CNN/CNN_mnist_custom_BK_2layer_bk1_20_ratio_bs_512_7/last' (iter 9912, epoch 84.0)
=> saved checkpoint 'checkpoint_scores_CNN/CNN_mnist_custom_BK_2layer_bk1_20_ratio_bs_512_7/last' (iter 9912, epoch 84.0)
[Save Checkpoint] epoch: [84.0], Train score:98.93667, Test score:98.43000, train loss:-0.98894, test loss:-0.98414, ratio_train_loss:0.18316,ratio_test_loss:0.18528, total_loss_train:-0.80579,total_loss_test:-0.79886, 
=> saved checkpoint 'checkpoints_CNN/CNN_mnist_custom_BK_2layer_bk1_20_ratio_bs_512_7/last' (iter 10030, epoch 85.0)
=> saved checkpoint 'checkpoint_scores_CNN/CNN_mnist_custom_BK_2layer_bk1_20_ratio_bs_512_7/last' (iter 10030, epoch 85.0)
[Save Checkpoint] epoch: [85.0], Train score:98.94500, Test score:98.47000, train loss:-0.98919, test loss:-0.98404, ratio_train_loss:0.18234,ratio_test_loss:0.18501, total_loss_train:-0.80684,total_loss_test:-0.79903, 
=> saved checkpoint 'checkpoints_CNN/CNN_mnist_custom_BK_2layer_bk1_20_ratio_bs_512_7/last' (iter 10148, epoch 86.0)
=> saved checkpoint 'checkpoint_scores_CNN/CNN_mnist_custom_BK_2layer_bk1_20_ratio_bs_512_7/last' (iter 10148, epoch 86.0)
[Save Checkpoint] epoch: [86.0], Train score:98.82167, Test score:98.37000, train loss:-0.98805, test loss:-0.98338, ratio_train_loss:0.17738,ratio_test_loss:0.18005, total_loss_train:-0.81067,total_loss_test:-0.80332, 
=> saved checkpoint 'checkpoints_CNN/CNN_mnist_custom_BK_2layer_bk1_20_ratio_bs_512_7/last' (iter 10266, epoch 87.0)
=> saved checkpoint 'checkpoint_scores_CNN/CNN_mnist_custom_BK_2layer_bk1_20_ratio_bs_512_7/last' (iter 10266, epoch 87.0)
[Save Checkpoint] epoch: [87.0], Train score:98.91833, Test score:98.49000, train loss:-0.98910, test loss:-0.98496, ratio_train_loss:0.17935,ratio_test_loss:0.18279, total_loss_train:-0.80975,total_loss_test:-0.80217, 
=> saved checkpoint 'checkpoints_CNN/CNN_mnist_custom_BK_2layer_bk1_20_ratio_bs_512_7/last' (iter 10384, epoch 88.0)
=> saved checkpoint 'checkpoint_scores_CNN/CNN_mnist_custom_BK_2layer_bk1_20_ratio_bs_512_7/last' (iter 10384, epoch 88.0)
[Save Checkpoint] epoch: [88.0], Train score:98.99500, Test score:98.45000, train loss:-0.98997, test loss:-0.98453, ratio_train_loss:0.17673,ratio_test_loss:0.17791, total_loss_train:-0.81324,total_loss_test:-0.80662, 
=> saved checkpoint 'checkpoints_CNN/CNN_mnist_custom_BK_2layer_bk1_20_ratio_bs_512_7/last' (iter 10502, epoch 89.0)
=> saved checkpoint 'checkpoint_scores_CNN/CNN_mnist_custom_BK_2layer_bk1_20_ratio_bs_512_7/last' (iter 10502, epoch 89.0)
[Save Checkpoint] epoch: [89.0], Train score:99.04667, Test score:98.69000, train loss:-0.99032, test loss:-0.98697, ratio_train_loss:0.18033,ratio_test_loss:0.18243, total_loss_train:-0.80999,total_loss_test:-0.80454, 
=> saved checkpoint 'checkpoints_CNN/CNN_mnist_custom_BK_2layer_bk1_20_ratio_bs_512_7/last' (iter 10620, epoch 90.0)
=> saved checkpoint 'checkpoint_scores_CNN/CNN_mnist_custom_BK_2layer_bk1_20_ratio_bs_512_7/last' (iter 10620, epoch 90.0)
[Save Checkpoint] epoch: [90.0], Train score:99.02833, Test score:98.54000, train loss:-0.99013, test loss:-0.98458, ratio_train_loss:0.17257,ratio_test_loss:0.17512, total_loss_train:-0.81756,total_loss_test:-0.80946, 
=> saved checkpoint 'checkpoints_CNN/CNN_mnist_custom_BK_2layer_bk1_20_ratio_bs_512_7/last' (iter 10738, epoch 91.0)
=> saved checkpoint 'checkpoint_scores_CNN/CNN_mnist_custom_BK_2layer_bk1_20_ratio_bs_512_7/last' (iter 10738, epoch 91.0)
[Save Checkpoint] epoch: [91.0], Train score:98.97000, Test score:98.53000, train loss:-0.98946, test loss:-0.98474, ratio_train_loss:0.17921,ratio_test_loss:0.18267, total_loss_train:-0.81025,total_loss_test:-0.80207, 
=> saved checkpoint 'checkpoints_CNN/CNN_mnist_custom_BK_2layer_bk1_20_ratio_bs_512_7/last' (iter 10856, epoch 92.0)
=> saved checkpoint 'checkpoint_scores_CNN/CNN_mnist_custom_BK_2layer_bk1_20_ratio_bs_512_7/last' (iter 10856, epoch 92.0)
[Save Checkpoint] epoch: [92.0], Train score:99.01833, Test score:98.56000, train loss:-0.98997, test loss:-0.98541, ratio_train_loss:0.17405,ratio_test_loss:0.17540, total_loss_train:-0.81593,total_loss_test:-0.81001, 
=> saved checkpoint 'checkpoints_CNN/CNN_mnist_custom_BK_2layer_bk1_20_ratio_bs_512_7/last' (iter 10974, epoch 93.0)
=> saved checkpoint 'checkpoint_scores_CNN/CNN_mnist_custom_BK_2layer_bk1_20_ratio_bs_512_7/last' (iter 10974, epoch 93.0)
[Save Checkpoint] epoch: [93.0], Train score:98.83167, Test score:98.33000, train loss:-0.98824, test loss:-0.98318, ratio_train_loss:0.17860,ratio_test_loss:0.17914, total_loss_train:-0.80964,total_loss_test:-0.80404, 
=> saved checkpoint 'checkpoints_CNN/CNN_mnist_custom_BK_2layer_bk1_20_ratio_bs_512_7/last' (iter 11092, epoch 94.0)
=> saved checkpoint 'checkpoint_scores_CNN/CNN_mnist_custom_BK_2layer_bk1_20_ratio_bs_512_7/last' (iter 11092, epoch 94.0)
[Save Checkpoint] epoch: [94.0], Train score:98.96333, Test score:98.46000, train loss:-0.98936, test loss:-0.98465, ratio_train_loss:0.17468,ratio_test_loss:0.17587, total_loss_train:-0.81468,total_loss_test:-0.80877, 
=> saved checkpoint 'checkpoints_CNN/CNN_mnist_custom_BK_2layer_bk1_20_ratio_bs_512_7/last' (iter 11210, epoch 95.0)
=> saved checkpoint 'checkpoint_scores_CNN/CNN_mnist_custom_BK_2layer_bk1_20_ratio_bs_512_7/last' (iter 11210, epoch 95.0)
[Save Checkpoint] epoch: [95.0], Train score:98.98000, Test score:98.41000, train loss:-0.98961, test loss:-0.98384, ratio_train_loss:0.17571,ratio_test_loss:0.17878, total_loss_train:-0.81390,total_loss_test:-0.80506, 
=> saved checkpoint 'checkpoints_CNN/CNN_mnist_custom_BK_2layer_bk1_20_ratio_bs_512_7/last' (iter 11328, epoch 96.0)
=> saved checkpoint 'checkpoint_scores_CNN/CNN_mnist_custom_BK_2layer_bk1_20_ratio_bs_512_7/last' (iter 11328, epoch 96.0)
[Save Checkpoint] epoch: [96.0], Train score:98.85500, Test score:98.32000, train loss:-0.98820, test loss:-0.98301, ratio_train_loss:0.17847,ratio_test_loss:0.18266, total_loss_train:-0.80973,total_loss_test:-0.80035, 
=> saved checkpoint 'checkpoints_CNN/CNN_mnist_custom_BK_2layer_bk1_20_ratio_bs_512_7/last' (iter 11446, epoch 97.0)
=> saved checkpoint 'checkpoint_scores_CNN/CNN_mnist_custom_BK_2layer_bk1_20_ratio_bs_512_7/last' (iter 11446, epoch 97.0)
[Save Checkpoint] epoch: [97.0], Train score:98.88667, Test score:98.33000, train loss:-0.98870, test loss:-0.98286, ratio_train_loss:0.17952,ratio_test_loss:0.18276, total_loss_train:-0.80918,total_loss_test:-0.80010, 
=> saved checkpoint 'checkpoints_CNN/CNN_mnist_custom_BK_2layer_bk1_20_ratio_bs_512_7/last' (iter 11564, epoch 98.0)
=> saved checkpoint 'checkpoint_scores_CNN/CNN_mnist_custom_BK_2layer_bk1_20_ratio_bs_512_7/last' (iter 11564, epoch 98.0)
[Save Checkpoint] epoch: [98.0], Train score:99.07500, Test score:98.56000, train loss:-0.99075, test loss:-0.98552, ratio_train_loss:0.17520,ratio_test_loss:0.17736, total_loss_train:-0.81555,total_loss_test:-0.80816, 
=> saved checkpoint 'checkpoints_CNN/CNN_mnist_custom_BK_2layer_bk1_20_ratio_bs_512_7/last' (iter 11682, epoch 99.0)
=> saved checkpoint 'checkpoint_scores_CNN/CNN_mnist_custom_BK_2layer_bk1_20_ratio_bs_512_7/last' (iter 11682, epoch 99.0)
[Save Checkpoint] epoch: [99.0], Train score:99.00667, Test score:98.59000, train loss:-0.98999, test loss:-0.98555, ratio_train_loss:0.17498,ratio_test_loss:0.17768, total_loss_train:-0.81501,total_loss_test:-0.80786, 
=> saved checkpoint 'checkpoints_CNN/CNN_mnist_custom_BK_2layer_bk1_20_ratio_bs_512_7/last' (iter 11800, epoch 100.0)
=> saved checkpoint 'checkpoint_scores_CNN/CNN_mnist_custom_BK_2layer_bk1_20_ratio_bs_512_7/last' (iter 11800, epoch 100.0)
[Save Checkpoint] epoch: [100.0], Train score:99.06833, Test score:98.61000, train loss:-0.99060, test loss:-0.98549, ratio_train_loss:0.17258,ratio_test_loss:0.17482, total_loss_train:-0.81802,total_loss_test:-0.81067, 
[Training Finished]
All Done!
