35
--dataset mnist --model CNN --gpu_devices 0 1 --max_iter 50 --batch_size 128 --ckpt_dir checkpoints_CNN --ckpt_dir_scores checkpoint_scores_CNN --use_scheduler True --GMP True --lr 1e-3 --z_struct_size 20 --add_classification_layer True --classif_layer_size 30 --is_default_model False --is_custom_model False --is_custom_model_BK True --big_kernel_size 8 --two_conv_layer True --three_conv_layer False --BK_in_first_layer True --BK_in_second_layer False --BK_in_third_layer False --stride_size 1 --hidden_filters_layer1 32 --hidden_filters_layer2 32 --hidden_filters_layer3 32 --ratio_reg True --lambda_ratio_reg 0.1 --lambda_class 1 --other_ratio True --exp_name CNN_mnist_custom_BK_2layer_bk1_20_other_ratio_bs_128_2
Namespace(BK_in_first_layer=True, BK_in_second_layer=False, BK_in_third_layer=False, BN=False, C_max=25, C_stop_iter=100000.0, E1_AE=False, E1_VAE=False, E1_conv=False, E1_dense=False, E1_second_conv=False, E1_second_conv_adapt=False, GMP=True, L1_norm_act=False, L1_norm_weights=False, L3_without_random=False, adapt_lr=False, add_classification_layer=True, add_linear_after_GMP=True, add_z_struct_bottleneck=False, batch_size=128, beta=1, beta1=0.9, beta2=0.999, big_kernel=False, big_kernel_size=[8], binary_z=False, ckpt_dir='checkpoints_CNN', ckpt_dir_scores='checkpoint_scores_CNN', classif_layer_size=30, cuda=True, dataset='mnist', display_step=10000, dset_dir='data', exp_name='CNN_mnist_custom_BK_2layer_bk1_20_other_ratio_bs_128_2', gamma=1000, gpu_devices=[0, 1], hidden_filters_layer1=32, hidden_filters_layer2=32, hidden_filters_layer3=32, image_size=64, is_C=True, is_E1=False, is_binary_structural_latent=False, is_custom_model=False, is_custom_model_BK=True, is_default_model=False, is_noise_stats=False, is_partial_rand_class=False, is_perturbed_score=False, is_zvar_sim_loss=False, just_train=False, kernel_size=4, lambda_Kl_struct=1, lambda_Kl_var=1, lambda_L1=0.01, lambda_VAE=1, lambda_class=1.0, lambda_partial_class=1, lambda_ratio_reg=0.1, lambda_recon_wt_rand=1, lambda_recons=1, lambda_zvar_sim=1, latent_spec_cont=None, latent_spec_cont_class=None, latent_spec_cont_var=None, latent_spec_disc=None, latent_spec_disc_class=None, latent_spec_disc_var=None, log_level='info', lr=0.001, max_iter=50.0, model='CNN', num_workers=2, old_weighted=False, other_ratio=True, random_percentage=0.2, ratio_reg=True, save_step=10000, second_layer_C=False, seed=1, stride_size=1, three_conv_layer=False, train=True, two_conv_layer=True, two_encoder=False, use_early_stopping=False, use_scheduler=True, z_struct_size=20, zeros_W_Classif=False, zvar_sim_change_zvar=False, zvar_sim_loss_for_all_model=False, zvar_sim_loss_only_for_encoder=False, zvar_sim_normal=False, zvar_sim_var_rand=False)
CUDA Visible devices !
Custom_CNN_BK(
  (net): Sequential(
    (0): Conv2d(1, 32, kernel_size=(8, 8), stride=(1, 1))
    (1): BatchNorm2d(32, eps=1e-05, momentum=0.1, affine=True, track_running_stats=True)
    (2): ReLU(inplace=True)
    (3): Conv2d(32, 32, kernel_size=(4, 4), stride=(1, 1))
    (4): BatchNorm2d(32, eps=1e-05, momentum=0.1, affine=True, track_running_stats=True)
    (5): ReLU(inplace=True)
    (6): AdaptiveMaxPool2d(output_size=(1, 1))
    (7): View()
    (8): Linear(in_features=32, out_features=20, bias=True)
    (9): BatchNorm1d(20, eps=1e-05, momentum=0.1, affine=True, track_running_stats=True)
    (10): ReLU(inplace=True)
    (11): Dropout(p=0.4, inplace=False)
    (12): Linear(in_features=20, out_features=30, bias=True)
    (13): BatchNorm1d(30, eps=1e-05, momentum=0.1, affine=True, track_running_stats=True)
    (14): ReLU(inplace=True)
    (15): Dropout(p=0.4, inplace=False)
    (16): Linear(in_features=30, out_features=10, bias=True)
    (17): Softmax(dim=None)
  )
)
The number of parameters of model is 20324
use 1 gpu who named: Tesla V100-SXM2-32GB
=> loaded sample_scores and losses
=> loaded checkpoint 'checkpoints_CNN/CNN_mnist_custom_BK_2layer_bk1_20_other_ratio_bs_128_2/last (iter 46900)'
=> saved checkpoint 'checkpoints_CNN/CNN_mnist_custom_BK_2layer_bk1_20_other_ratio_bs_128_2/last' (iter 469, epoch 1.0)
=> saved checkpoint 'checkpoint_scores_CNN/CNN_mnist_custom_BK_2layer_bk1_20_other_ratio_bs_128_2/last' (iter 469, epoch 1.0)
[Save Checkpoint] epoch: [1.0], Train score:98.94667, Test score:98.84000, train loss:-0.98939, test loss:-0.98826, ratio_train_loss:1.92988,ratio_test_loss:0.68271, total_loss_train:0.94049,total_loss_test:-0.30555, 
=> saved checkpoint 'checkpoints_CNN/CNN_mnist_custom_BK_2layer_bk1_20_other_ratio_bs_128_2/last' (iter 938, epoch 2.0)
=> saved checkpoint 'checkpoint_scores_CNN/CNN_mnist_custom_BK_2layer_bk1_20_other_ratio_bs_128_2/last' (iter 938, epoch 2.0)
[Save Checkpoint] epoch: [2.0], Train score:99.04167, Test score:98.71000, train loss:-0.99034, test loss:-0.98713, ratio_train_loss:1.93691,ratio_test_loss:0.66183, total_loss_train:0.94657,total_loss_test:-0.32529, 
=> saved checkpoint 'checkpoints_CNN/CNN_mnist_custom_BK_2layer_bk1_20_other_ratio_bs_128_2/last' (iter 1407, epoch 3.0)
=> saved checkpoint 'checkpoint_scores_CNN/CNN_mnist_custom_BK_2layer_bk1_20_other_ratio_bs_128_2/last' (iter 1407, epoch 3.0)
[Save Checkpoint] epoch: [3.0], Train score:98.93500, Test score:98.80000, train loss:-0.98935, test loss:-0.98765, ratio_train_loss:1.97189,ratio_test_loss:0.68802, total_loss_train:0.98253,total_loss_test:-0.29963, 
=> saved checkpoint 'checkpoints_CNN/CNN_mnist_custom_BK_2layer_bk1_20_other_ratio_bs_128_2/last' (iter 1876, epoch 4.0)
=> saved checkpoint 'checkpoint_scores_CNN/CNN_mnist_custom_BK_2layer_bk1_20_other_ratio_bs_128_2/last' (iter 1876, epoch 4.0)
[Save Checkpoint] epoch: [4.0], Train score:98.95167, Test score:98.78000, train loss:-0.98949, test loss:-0.98767, ratio_train_loss:1.96724,ratio_test_loss:0.68742, total_loss_train:0.97774,total_loss_test:-0.30025, 
=> saved checkpoint 'checkpoints_CNN/CNN_mnist_custom_BK_2layer_bk1_20_other_ratio_bs_128_2/last' (iter 2345, epoch 5.0)
=> saved checkpoint 'checkpoint_scores_CNN/CNN_mnist_custom_BK_2layer_bk1_20_other_ratio_bs_128_2/last' (iter 2345, epoch 5.0)
[Save Checkpoint] epoch: [5.0], Train score:98.89500, Test score:98.71000, train loss:-0.98897, test loss:-0.98705, ratio_train_loss:1.97532,ratio_test_loss:0.67182, total_loss_train:0.98635,total_loss_test:-0.31524, 
=> saved checkpoint 'checkpoints_CNN/CNN_mnist_custom_BK_2layer_bk1_20_other_ratio_bs_128_2/last' (iter 2814, epoch 6.0)
=> saved checkpoint 'checkpoint_scores_CNN/CNN_mnist_custom_BK_2layer_bk1_20_other_ratio_bs_128_2/last' (iter 2814, epoch 6.0)
[Save Checkpoint] epoch: [6.0], Train score:98.85833, Test score:98.61000, train loss:-0.98855, test loss:-0.98613, ratio_train_loss:1.86104,ratio_test_loss:0.71541, total_loss_train:0.87249,total_loss_test:-0.27072, 
=> saved checkpoint 'checkpoints_CNN/CNN_mnist_custom_BK_2layer_bk1_20_other_ratio_bs_128_2/last' (iter 3283, epoch 7.0)
=> saved checkpoint 'checkpoint_scores_CNN/CNN_mnist_custom_BK_2layer_bk1_20_other_ratio_bs_128_2/last' (iter 3283, epoch 7.0)
[Save Checkpoint] epoch: [7.0], Train score:98.93167, Test score:98.88000, train loss:-0.98931, test loss:-0.98882, ratio_train_loss:1.98341,ratio_test_loss:0.67280, total_loss_train:0.99410,total_loss_test:-0.31601, 
=> saved checkpoint 'checkpoints_CNN/CNN_mnist_custom_BK_2layer_bk1_20_other_ratio_bs_128_2/last' (iter 3752, epoch 8.0)
=> saved checkpoint 'checkpoint_scores_CNN/CNN_mnist_custom_BK_2layer_bk1_20_other_ratio_bs_128_2/last' (iter 3752, epoch 8.0)
[Save Checkpoint] epoch: [8.0], Train score:98.92500, Test score:98.75000, train loss:-0.98924, test loss:-0.98733, ratio_train_loss:1.97233,ratio_test_loss:0.68233, total_loss_train:0.98310,total_loss_test:-0.30501, 
=> saved checkpoint 'checkpoints_CNN/CNN_mnist_custom_BK_2layer_bk1_20_other_ratio_bs_128_2/last' (iter 4221, epoch 9.0)
=> saved checkpoint 'checkpoint_scores_CNN/CNN_mnist_custom_BK_2layer_bk1_20_other_ratio_bs_128_2/last' (iter 4221, epoch 9.0)
[Save Checkpoint] epoch: [9.0], Train score:98.88667, Test score:98.73000, train loss:-0.98877, test loss:-0.98715, ratio_train_loss:1.92828,ratio_test_loss:0.69209, total_loss_train:0.93951,total_loss_test:-0.29506, 
=> saved checkpoint 'checkpoints_CNN/CNN_mnist_custom_BK_2layer_bk1_20_other_ratio_bs_128_2/last' (iter 4690, epoch 10.0)
=> saved checkpoint 'checkpoint_scores_CNN/CNN_mnist_custom_BK_2layer_bk1_20_other_ratio_bs_128_2/last' (iter 4690, epoch 10.0)
[Save Checkpoint] epoch: [10.0], Train score:98.91833, Test score:98.71000, train loss:-0.98908, test loss:-0.98720, ratio_train_loss:2.03022,ratio_test_loss:0.69231, total_loss_train:1.04114,total_loss_test:-0.29489, 
=> saved checkpoint 'checkpoints_CNN/CNN_mnist_custom_BK_2layer_bk1_20_other_ratio_bs_128_2/last' (iter 5159, epoch 11.0)
=> saved checkpoint 'checkpoint_scores_CNN/CNN_mnist_custom_BK_2layer_bk1_20_other_ratio_bs_128_2/last' (iter 5159, epoch 11.0)
[Save Checkpoint] epoch: [11.0], Train score:98.93833, Test score:98.75000, train loss:-0.98935, test loss:-0.98761, ratio_train_loss:2.13429,ratio_test_loss:0.63188, total_loss_train:1.14494,total_loss_test:-0.35573, 
=> saved checkpoint 'checkpoints_CNN/CNN_mnist_custom_BK_2layer_bk1_20_other_ratio_bs_128_2/last' (iter 5628, epoch 12.0)
=> saved checkpoint 'checkpoint_scores_CNN/CNN_mnist_custom_BK_2layer_bk1_20_other_ratio_bs_128_2/last' (iter 5628, epoch 12.0)
[Save Checkpoint] epoch: [12.0], Train score:98.99833, Test score:98.80000, train loss:-0.98988, test loss:-0.98820, ratio_train_loss:2.02225,ratio_test_loss:0.67820, total_loss_train:1.03237,total_loss_test:-0.30999, 
=> saved checkpoint 'checkpoints_CNN/CNN_mnist_custom_BK_2layer_bk1_20_other_ratio_bs_128_2/last' (iter 6097, epoch 13.0)
=> saved checkpoint 'checkpoint_scores_CNN/CNN_mnist_custom_BK_2layer_bk1_20_other_ratio_bs_128_2/last' (iter 6097, epoch 13.0)
[Save Checkpoint] epoch: [13.0], Train score:99.01167, Test score:98.76000, train loss:-0.99001, test loss:-0.98767, ratio_train_loss:2.06164,ratio_test_loss:0.66334, total_loss_train:1.07163,total_loss_test:-0.32434, 
=> saved checkpoint 'checkpoints_CNN/CNN_mnist_custom_BK_2layer_bk1_20_other_ratio_bs_128_2/last' (iter 6566, epoch 14.0)
=> saved checkpoint 'checkpoint_scores_CNN/CNN_mnist_custom_BK_2layer_bk1_20_other_ratio_bs_128_2/last' (iter 6566, epoch 14.0)
[Save Checkpoint] epoch: [14.0], Train score:98.95333, Test score:98.71000, train loss:-0.98940, test loss:-0.98745, ratio_train_loss:2.02303,ratio_test_loss:0.65944, total_loss_train:1.03364,total_loss_test:-0.32801, 
=> saved checkpoint 'checkpoints_CNN/CNN_mnist_custom_BK_2layer_bk1_20_other_ratio_bs_128_2/last' (iter 7035, epoch 15.0)
=> saved checkpoint 'checkpoint_scores_CNN/CNN_mnist_custom_BK_2layer_bk1_20_other_ratio_bs_128_2/last' (iter 7035, epoch 15.0)
[Save Checkpoint] epoch: [15.0], Train score:99.06333, Test score:98.83000, train loss:-0.99050, test loss:-0.98808, ratio_train_loss:2.15083,ratio_test_loss:0.64635, total_loss_train:1.16033,total_loss_test:-0.34173, 
=> saved checkpoint 'checkpoints_CNN/CNN_mnist_custom_BK_2layer_bk1_20_other_ratio_bs_128_2/last' (iter 7504, epoch 16.0)
=> saved checkpoint 'checkpoint_scores_CNN/CNN_mnist_custom_BK_2layer_bk1_20_other_ratio_bs_128_2/last' (iter 7504, epoch 16.0)
[Save Checkpoint] epoch: [16.0], Train score:99.05500, Test score:98.83000, train loss:-0.99043, test loss:-0.98827, ratio_train_loss:2.03205,ratio_test_loss:0.64819, total_loss_train:1.04162,total_loss_test:-0.34007, 
=> saved checkpoint 'checkpoints_CNN/CNN_mnist_custom_BK_2layer_bk1_20_other_ratio_bs_128_2/last' (iter 7973, epoch 17.0)
=> saved checkpoint 'checkpoint_scores_CNN/CNN_mnist_custom_BK_2layer_bk1_20_other_ratio_bs_128_2/last' (iter 7973, epoch 17.0)
[Save Checkpoint] epoch: [17.0], Train score:99.00167, Test score:98.80000, train loss:-0.98991, test loss:-0.98807, ratio_train_loss:2.07214,ratio_test_loss:0.64448, total_loss_train:1.08222,total_loss_test:-0.34359, 
=> saved checkpoint 'checkpoints_CNN/CNN_mnist_custom_BK_2layer_bk1_20_other_ratio_bs_128_2/last' (iter 8442, epoch 18.0)
=> saved checkpoint 'checkpoint_scores_CNN/CNN_mnist_custom_BK_2layer_bk1_20_other_ratio_bs_128_2/last' (iter 8442, epoch 18.0)
[Save Checkpoint] epoch: [18.0], Train score:98.87167, Test score:98.66000, train loss:-0.98873, test loss:-0.98649, ratio_train_loss:1.98206,ratio_test_loss:0.64588, total_loss_train:0.99333,total_loss_test:-0.34061, 
=> saved checkpoint 'checkpoints_CNN/CNN_mnist_custom_BK_2layer_bk1_20_other_ratio_bs_128_2/last' (iter 8911, epoch 19.0)
=> saved checkpoint 'checkpoint_scores_CNN/CNN_mnist_custom_BK_2layer_bk1_20_other_ratio_bs_128_2/last' (iter 8911, epoch 19.0)
[Save Checkpoint] epoch: [19.0], Train score:99.00167, Test score:98.75000, train loss:-0.98987, test loss:-0.98750, ratio_train_loss:2.00086,ratio_test_loss:0.65450, total_loss_train:1.01099,total_loss_test:-0.33300, 
=> saved checkpoint 'checkpoints_CNN/CNN_mnist_custom_BK_2layer_bk1_20_other_ratio_bs_128_2/last' (iter 9380, epoch 20.0)
=> saved checkpoint 'checkpoint_scores_CNN/CNN_mnist_custom_BK_2layer_bk1_20_other_ratio_bs_128_2/last' (iter 9380, epoch 20.0)
[Save Checkpoint] epoch: [20.0], Train score:98.92000, Test score:98.74000, train loss:-0.98922, test loss:-0.98709, ratio_train_loss:2.03576,ratio_test_loss:0.63557, total_loss_train:1.04653,total_loss_test:-0.35152, 
=> saved checkpoint 'checkpoints_CNN/CNN_mnist_custom_BK_2layer_bk1_20_other_ratio_bs_128_2/last' (iter 9849, epoch 21.0)
=> saved checkpoint 'checkpoint_scores_CNN/CNN_mnist_custom_BK_2layer_bk1_20_other_ratio_bs_128_2/last' (iter 9849, epoch 21.0)
[Save Checkpoint] epoch: [21.0], Train score:99.04000, Test score:98.69000, train loss:-0.99027, test loss:-0.98697, ratio_train_loss:1.94512,ratio_test_loss:0.67249, total_loss_train:0.95486,total_loss_test:-0.31448, 
=> saved checkpoint 'checkpoints_CNN/CNN_mnist_custom_BK_2layer_bk1_20_other_ratio_bs_128_2/last' (iter 10318, epoch 22.0)
=> saved checkpoint 'checkpoint_scores_CNN/CNN_mnist_custom_BK_2layer_bk1_20_other_ratio_bs_128_2/last' (iter 10318, epoch 22.0)
[Save Checkpoint] epoch: [22.0], Train score:99.03500, Test score:98.73000, train loss:-0.99029, test loss:-0.98749, ratio_train_loss:2.03358,ratio_test_loss:0.67242, total_loss_train:1.04329,total_loss_test:-0.31508, 
=> saved checkpoint 'checkpoints_CNN/CNN_mnist_custom_BK_2layer_bk1_20_other_ratio_bs_128_2/last' (iter 10787, epoch 23.0)
=> saved checkpoint 'checkpoint_scores_CNN/CNN_mnist_custom_BK_2layer_bk1_20_other_ratio_bs_128_2/last' (iter 10787, epoch 23.0)
[Save Checkpoint] epoch: [23.0], Train score:98.93000, Test score:98.75000, train loss:-0.98920, test loss:-0.98753, ratio_train_loss:2.10795,ratio_test_loss:0.67769, total_loss_train:1.11875,total_loss_test:-0.30984, 
=> saved checkpoint 'checkpoints_CNN/CNN_mnist_custom_BK_2layer_bk1_20_other_ratio_bs_128_2/last' (iter 11256, epoch 24.0)
=> saved checkpoint 'checkpoint_scores_CNN/CNN_mnist_custom_BK_2layer_bk1_20_other_ratio_bs_128_2/last' (iter 11256, epoch 24.0)
[Save Checkpoint] epoch: [24.0], Train score:98.87500, Test score:98.78000, train loss:-0.98875, test loss:-0.98789, ratio_train_loss:1.99331,ratio_test_loss:0.68720, total_loss_train:1.00456,total_loss_test:-0.30068, 
=> saved checkpoint 'checkpoints_CNN/CNN_mnist_custom_BK_2layer_bk1_20_other_ratio_bs_128_2/last' (iter 11725, epoch 25.0)
=> saved checkpoint 'checkpoint_scores_CNN/CNN_mnist_custom_BK_2layer_bk1_20_other_ratio_bs_128_2/last' (iter 11725, epoch 25.0)
[Save Checkpoint] epoch: [25.0], Train score:99.02167, Test score:98.87000, train loss:-0.99020, test loss:-0.98856, ratio_train_loss:2.17147,ratio_test_loss:0.63442, total_loss_train:1.18127,total_loss_test:-0.35414, 
=> saved checkpoint 'checkpoints_CNN/CNN_mnist_custom_BK_2layer_bk1_20_other_ratio_bs_128_2/last' (iter 12194, epoch 26.0)
=> saved checkpoint 'checkpoint_scores_CNN/CNN_mnist_custom_BK_2layer_bk1_20_other_ratio_bs_128_2/last' (iter 12194, epoch 26.0)
[Save Checkpoint] epoch: [26.0], Train score:99.00833, Test score:98.82000, train loss:-0.99000, test loss:-0.98806, ratio_train_loss:2.05190,ratio_test_loss:0.68369, total_loss_train:1.06190,total_loss_test:-0.30438, 
=> saved checkpoint 'checkpoints_CNN/CNN_mnist_custom_BK_2layer_bk1_20_other_ratio_bs_128_2/last' (iter 12663, epoch 27.0)
=> saved checkpoint 'checkpoint_scores_CNN/CNN_mnist_custom_BK_2layer_bk1_20_other_ratio_bs_128_2/last' (iter 12663, epoch 27.0)
[Save Checkpoint] epoch: [27.0], Train score:99.00667, Test score:98.67000, train loss:-0.99000, test loss:-0.98707, ratio_train_loss:2.05403,ratio_test_loss:0.68088, total_loss_train:1.06404,total_loss_test:-0.30619, 
=> saved checkpoint 'checkpoints_CNN/CNN_mnist_custom_BK_2layer_bk1_20_other_ratio_bs_128_2/last' (iter 13132, epoch 28.0)
=> saved checkpoint 'checkpoint_scores_CNN/CNN_mnist_custom_BK_2layer_bk1_20_other_ratio_bs_128_2/last' (iter 13132, epoch 28.0)
[Save Checkpoint] epoch: [28.0], Train score:99.01833, Test score:98.81000, train loss:-0.99012, test loss:-0.98804, ratio_train_loss:2.05022,ratio_test_loss:0.69537, total_loss_train:1.06010,total_loss_test:-0.29267, 
=> saved checkpoint 'checkpoints_CNN/CNN_mnist_custom_BK_2layer_bk1_20_other_ratio_bs_128_2/last' (iter 13601, epoch 29.0)
=> saved checkpoint 'checkpoint_scores_CNN/CNN_mnist_custom_BK_2layer_bk1_20_other_ratio_bs_128_2/last' (iter 13601, epoch 29.0)
[Save Checkpoint] epoch: [29.0], Train score:98.90500, Test score:98.69000, train loss:-0.98896, test loss:-0.98708, ratio_train_loss:1.98974,ratio_test_loss:0.66037, total_loss_train:1.00078,total_loss_test:-0.32671, 
=> saved checkpoint 'checkpoints_CNN/CNN_mnist_custom_BK_2layer_bk1_20_other_ratio_bs_128_2/last' (iter 14070, epoch 30.0)
=> saved checkpoint 'checkpoint_scores_CNN/CNN_mnist_custom_BK_2layer_bk1_20_other_ratio_bs_128_2/last' (iter 14070, epoch 30.0)
[Save Checkpoint] epoch: [30.0], Train score:98.98500, Test score:98.61000, train loss:-0.98977, test loss:-0.98616, ratio_train_loss:1.89004,ratio_test_loss:0.72822, total_loss_train:0.90027,total_loss_test:-0.25794, 
=> saved checkpoint 'checkpoints_CNN/CNN_mnist_custom_BK_2layer_bk1_20_other_ratio_bs_128_2/last' (iter 14539, epoch 31.0)
=> saved checkpoint 'checkpoint_scores_CNN/CNN_mnist_custom_BK_2layer_bk1_20_other_ratio_bs_128_2/last' (iter 14539, epoch 31.0)
[Save Checkpoint] epoch: [31.0], Train score:98.98333, Test score:98.81000, train loss:-0.98977, test loss:-0.98814, ratio_train_loss:1.88612,ratio_test_loss:0.71145, total_loss_train:0.89635,total_loss_test:-0.27668, 
=> saved checkpoint 'checkpoints_CNN/CNN_mnist_custom_BK_2layer_bk1_20_other_ratio_bs_128_2/last' (iter 15008, epoch 32.0)
=> saved checkpoint 'checkpoint_scores_CNN/CNN_mnist_custom_BK_2layer_bk1_20_other_ratio_bs_128_2/last' (iter 15008, epoch 32.0)
[Save Checkpoint] epoch: [32.0], Train score:99.04667, Test score:98.68000, train loss:-0.99034, test loss:-0.98699, ratio_train_loss:1.90212,ratio_test_loss:0.69372, total_loss_train:0.91178,total_loss_test:-0.29327, 
=> saved checkpoint 'checkpoints_CNN/CNN_mnist_custom_BK_2layer_bk1_20_other_ratio_bs_128_2/last' (iter 15477, epoch 33.0)
=> saved checkpoint 'checkpoint_scores_CNN/CNN_mnist_custom_BK_2layer_bk1_20_other_ratio_bs_128_2/last' (iter 15477, epoch 33.0)
[Save Checkpoint] epoch: [33.0], Train score:99.01333, Test score:98.73000, train loss:-0.99012, test loss:-0.98720, ratio_train_loss:1.98570,ratio_test_loss:0.65269, total_loss_train:0.99558,total_loss_test:-0.33451, 
=> saved checkpoint 'checkpoints_CNN/CNN_mnist_custom_BK_2layer_bk1_20_other_ratio_bs_128_2/last' (iter 15946, epoch 34.0)
=> saved checkpoint 'checkpoint_scores_CNN/CNN_mnist_custom_BK_2layer_bk1_20_other_ratio_bs_128_2/last' (iter 15946, epoch 34.0)
[Save Checkpoint] epoch: [34.0], Train score:99.05167, Test score:98.67000, train loss:-0.99044, test loss:-0.98709, ratio_train_loss:1.96512,ratio_test_loss:0.68092, total_loss_train:0.97467,total_loss_test:-0.30617, 
=> saved checkpoint 'checkpoints_CNN/CNN_mnist_custom_BK_2layer_bk1_20_other_ratio_bs_128_2/last' (iter 16415, epoch 35.0)
=> saved checkpoint 'checkpoint_scores_CNN/CNN_mnist_custom_BK_2layer_bk1_20_other_ratio_bs_128_2/last' (iter 16415, epoch 35.0)
[Save Checkpoint] epoch: [35.0], Train score:99.08000, Test score:98.79000, train loss:-0.99070, test loss:-0.98821, ratio_train_loss:1.96469,ratio_test_loss:0.65936, total_loss_train:0.97399,total_loss_test:-0.32885, 
=> saved checkpoint 'checkpoints_CNN/CNN_mnist_custom_BK_2layer_bk1_20_other_ratio_bs_128_2/last' (iter 16884, epoch 36.0)
=> saved checkpoint 'checkpoint_scores_CNN/CNN_mnist_custom_BK_2layer_bk1_20_other_ratio_bs_128_2/last' (iter 16884, epoch 36.0)
[Save Checkpoint] epoch: [36.0], Train score:98.98000, Test score:98.60000, train loss:-0.98976, test loss:-0.98616, ratio_train_loss:2.03025,ratio_test_loss:0.64944, total_loss_train:1.04049,total_loss_test:-0.33672, 
=> saved checkpoint 'checkpoints_CNN/CNN_mnist_custom_BK_2layer_bk1_20_other_ratio_bs_128_2/last' (iter 17353, epoch 37.0)
=> saved checkpoint 'checkpoint_scores_CNN/CNN_mnist_custom_BK_2layer_bk1_20_other_ratio_bs_128_2/last' (iter 17353, epoch 37.0)
[Save Checkpoint] epoch: [37.0], Train score:99.05333, Test score:98.71000, train loss:-0.99052, test loss:-0.98724, ratio_train_loss:2.04624,ratio_test_loss:0.65326, total_loss_train:1.05572,total_loss_test:-0.33398, 
=> saved checkpoint 'checkpoints_CNN/CNN_mnist_custom_BK_2layer_bk1_20_other_ratio_bs_128_2/last' (iter 17822, epoch 38.0)
=> saved checkpoint 'checkpoint_scores_CNN/CNN_mnist_custom_BK_2layer_bk1_20_other_ratio_bs_128_2/last' (iter 17822, epoch 38.0)
[Save Checkpoint] epoch: [38.0], Train score:98.83500, Test score:98.55000, train loss:-0.98832, test loss:-0.98564, ratio_train_loss:1.96780,ratio_test_loss:0.68475, total_loss_train:0.97948,total_loss_test:-0.30089, 
=> saved checkpoint 'checkpoints_CNN/CNN_mnist_custom_BK_2layer_bk1_20_other_ratio_bs_128_2/last' (iter 18291, epoch 39.0)
=> saved checkpoint 'checkpoint_scores_CNN/CNN_mnist_custom_BK_2layer_bk1_20_other_ratio_bs_128_2/last' (iter 18291, epoch 39.0)
[Save Checkpoint] epoch: [39.0], Train score:98.98000, Test score:98.66000, train loss:-0.98974, test loss:-0.98664, ratio_train_loss:1.93698,ratio_test_loss:0.68564, total_loss_train:0.94724,total_loss_test:-0.30100, 
=> saved checkpoint 'checkpoints_CNN/CNN_mnist_custom_BK_2layer_bk1_20_other_ratio_bs_128_2/last' (iter 18760, epoch 40.0)
=> saved checkpoint 'checkpoint_scores_CNN/CNN_mnist_custom_BK_2layer_bk1_20_other_ratio_bs_128_2/last' (iter 18760, epoch 40.0)
[Save Checkpoint] epoch: [40.0], Train score:99.04333, Test score:98.73000, train loss:-0.99036, test loss:-0.98728, ratio_train_loss:1.93355,ratio_test_loss:0.69400, total_loss_train:0.94319,total_loss_test:-0.29328, 
=> saved checkpoint 'checkpoints_CNN/CNN_mnist_custom_BK_2layer_bk1_20_other_ratio_bs_128_2/last' (iter 19229, epoch 41.0)
=> saved checkpoint 'checkpoint_scores_CNN/CNN_mnist_custom_BK_2layer_bk1_20_other_ratio_bs_128_2/last' (iter 19229, epoch 41.0)
[Save Checkpoint] epoch: [41.0], Train score:98.99667, Test score:98.76000, train loss:-0.99003, test loss:-0.98761, ratio_train_loss:1.94727,ratio_test_loss:0.68904, total_loss_train:0.95723,total_loss_test:-0.29857, 
=> saved checkpoint 'checkpoints_CNN/CNN_mnist_custom_BK_2layer_bk1_20_other_ratio_bs_128_2/last' (iter 19698, epoch 42.0)
=> saved checkpoint 'checkpoint_scores_CNN/CNN_mnist_custom_BK_2layer_bk1_20_other_ratio_bs_128_2/last' (iter 19698, epoch 42.0)
[Save Checkpoint] epoch: [42.0], Train score:99.01667, Test score:98.78000, train loss:-0.99003, test loss:-0.98780, ratio_train_loss:2.00512,ratio_test_loss:0.70151, total_loss_train:1.01509,total_loss_test:-0.28629, 
=> saved checkpoint 'checkpoints_CNN/CNN_mnist_custom_BK_2layer_bk1_20_other_ratio_bs_128_2/last' (iter 20167, epoch 43.0)
=> saved checkpoint 'checkpoint_scores_CNN/CNN_mnist_custom_BK_2layer_bk1_20_other_ratio_bs_128_2/last' (iter 20167, epoch 43.0)
[Save Checkpoint] epoch: [43.0], Train score:99.00500, Test score:98.73000, train loss:-0.99016, test loss:-0.98737, ratio_train_loss:1.92515,ratio_test_loss:0.70174, total_loss_train:0.93499,total_loss_test:-0.28563, 
=> saved checkpoint 'checkpoints_CNN/CNN_mnist_custom_BK_2layer_bk1_20_other_ratio_bs_128_2/last' (iter 20636, epoch 44.0)
=> saved checkpoint 'checkpoint_scores_CNN/CNN_mnist_custom_BK_2layer_bk1_20_other_ratio_bs_128_2/last' (iter 20636, epoch 44.0)
[Save Checkpoint] epoch: [44.0], Train score:99.09333, Test score:98.69000, train loss:-0.99076, test loss:-0.98724, ratio_train_loss:1.96987,ratio_test_loss:0.67931, total_loss_train:0.97911,total_loss_test:-0.30792, 
=> saved checkpoint 'checkpoints_CNN/CNN_mnist_custom_BK_2layer_bk1_20_other_ratio_bs_128_2/last' (iter 21105, epoch 45.0)
=> saved checkpoint 'checkpoint_scores_CNN/CNN_mnist_custom_BK_2layer_bk1_20_other_ratio_bs_128_2/last' (iter 21105, epoch 45.0)
[Save Checkpoint] epoch: [45.0], Train score:98.92833, Test score:98.57000, train loss:-0.98919, test loss:-0.98593, ratio_train_loss:1.88436,ratio_test_loss:0.68000, total_loss_train:0.89517,total_loss_test:-0.30593, 
=> saved checkpoint 'checkpoints_CNN/CNN_mnist_custom_BK_2layer_bk1_20_other_ratio_bs_128_2/last' (iter 21574, epoch 46.0)
=> saved checkpoint 'checkpoint_scores_CNN/CNN_mnist_custom_BK_2layer_bk1_20_other_ratio_bs_128_2/last' (iter 21574, epoch 46.0)
[Save Checkpoint] epoch: [46.0], Train score:99.00500, Test score:98.68000, train loss:-0.98998, test loss:-0.98712, ratio_train_loss:1.86627,ratio_test_loss:0.71048, total_loss_train:0.87629,total_loss_test:-0.27664, 
=> saved checkpoint 'checkpoints_CNN/CNN_mnist_custom_BK_2layer_bk1_20_other_ratio_bs_128_2/last' (iter 22043, epoch 47.0)
=> saved checkpoint 'checkpoint_scores_CNN/CNN_mnist_custom_BK_2layer_bk1_20_other_ratio_bs_128_2/last' (iter 22043, epoch 47.0)
[Save Checkpoint] epoch: [47.0], Train score:99.05667, Test score:98.84000, train loss:-0.99051, test loss:-0.98854, ratio_train_loss:2.04797,ratio_test_loss:0.69392, total_loss_train:1.05746,total_loss_test:-0.29462, 
=> saved checkpoint 'checkpoints_CNN/CNN_mnist_custom_BK_2layer_bk1_20_other_ratio_bs_128_2/last' (iter 22512, epoch 48.0)
=> saved checkpoint 'checkpoint_scores_CNN/CNN_mnist_custom_BK_2layer_bk1_20_other_ratio_bs_128_2/last' (iter 22512, epoch 48.0)
[Save Checkpoint] epoch: [48.0], Train score:98.98167, Test score:98.76000, train loss:-0.98984, test loss:-0.98775, ratio_train_loss:2.01014,ratio_test_loss:0.69586, total_loss_train:1.02030,total_loss_test:-0.29189, 
=> saved checkpoint 'checkpoints_CNN/CNN_mnist_custom_BK_2layer_bk1_20_other_ratio_bs_128_2/last' (iter 22981, epoch 49.0)
=> saved checkpoint 'checkpoint_scores_CNN/CNN_mnist_custom_BK_2layer_bk1_20_other_ratio_bs_128_2/last' (iter 22981, epoch 49.0)
[Save Checkpoint] epoch: [49.0], Train score:99.02333, Test score:98.55000, train loss:-0.99018, test loss:-0.98548, ratio_train_loss:1.98067,ratio_test_loss:0.67111, total_loss_train:0.99049,total_loss_test:-0.31438, 
=> saved checkpoint 'checkpoints_CNN/CNN_mnist_custom_BK_2layer_bk1_20_other_ratio_bs_128_2/last' (iter 23450, epoch 50.0)
=> saved checkpoint 'checkpoint_scores_CNN/CNN_mnist_custom_BK_2layer_bk1_20_other_ratio_bs_128_2/last' (iter 23450, epoch 50.0)
[Save Checkpoint] epoch: [50.0], Train score:99.10333, Test score:98.67000, train loss:-0.99108, test loss:-0.98677, ratio_train_loss:2.04534,ratio_test_loss:0.66961, total_loss_train:1.05426,total_loss_test:-0.31716, 
[Training Finished]
All Done!
