10
--dataset mnist --model CNN --gpu_devices 0 1 --max_iter 100 --batch_size 128 --ckpt_dir checkpoints_CNN --ckpt_dir_scores checkpoint_scores_CNN --use_scheduler False --GMP True --lr 1e-3 --z_struct_size 20 --add_classification_layer True --classif_layer_size 30 --is_default_model False --is_custom_model False --is_custom_model_BK True --big_kernel_size 8 --two_conv_layer True --three_conv_layer False --BK_in_first_layer True --BK_in_second_layer False --BK_in_third_layer False --stride_size 1 --hidden_filters_layer1 32 --hidden_filters_layer2 32 --hidden_filters_layer3 32 --ratio_reg True --lambda_ratio_reg 0.0001 --lambda_class 1 --expe_name CNN_mnist_custom_BK_2layer_bk1_20_ratio_5
Namespace(BK_in_first_layer=True, BK_in_second_layer=False, BK_in_third_layer=False, BN=False, C_max=25, C_stop_iter=100000.0, E1_AE=False, E1_VAE=False, E1_conv=False, E1_dense=False, E1_second_conv=False, E1_second_conv_adapt=False, GMP=True, L1_norm_act=False, L1_norm_weights=False, L3_without_random=False, adapt_lr=False, add_classification_layer=True, add_z_struct_bottleneck=False, batch_size=128, beta=1, beta1=0.9, beta2=0.999, big_kernel=False, big_kernel_size=[8], binary_z=False, ckpt_dir='checkpoints_CNN', ckpt_dir_scores='checkpoint_scores_CNN', classif_layer_size=30, cuda=True, dataset='mnist', display_step=10000, dset_dir='data', expe_name='CNN_mnist_custom_BK_2layer_bk1_20_ratio_5', gamma=1000, gpu_devices=[0, 1], hidden_filters_layer1=32, hidden_filters_layer2=32, hidden_filters_layer3=32, image_size=64, is_C=True, is_E1=False, is_binary_structural_latent=False, is_custom_model=False, is_custom_model_BK=True, is_default_model=False, is_noise_stats=False, is_partial_rand_class=False, is_perturbed_score=False, is_zvar_sim_loss=False, just_train=False, kernel_size=4, lambda_Kl_struct=1, lambda_Kl_var=1, lambda_L1=0.01, lambda_VAE=1, lambda_class=1.0, lambda_partial_class=1, lambda_ratio_reg=0.0001, lambda_recon_wt_rand=1, lambda_recons=1, lambda_zvar_sim=1, latent_spec_cont=None, latent_spec_cont_class=None, latent_spec_cont_var=None, latent_spec_disc=None, latent_spec_disc_class=None, latent_spec_disc_var=None, log_level='info', lr=0.001, max_iter=100.0, model='CNN', num_workers=2, old_weighted=False, random_percentage=0.2, ratio_reg=True, save_step=10000, second_layer_C=False, seed=1, stride_size=1, three_conv_layer=False, train=True, two_conv_layer=True, two_encoder=False, use_scheduler=False, z_struct_size=20, zeros_W_Classif=False, zvar_sim_change_zvar=False, zvar_sim_loss_for_all_model=False, zvar_sim_loss_only_for_encoder=False, zvar_sim_normal=False, zvar_sim_var_rand=False)
CUDA Visible devices !
Custom_CNN_BK(
  (net): Sequential(
    (0): Conv2d(1, 32, kernel_size=(8, 8), stride=(1, 1))
    (1): BatchNorm2d(32, eps=1e-05, momentum=0.1, affine=True, track_running_stats=True)
    (2): ReLU(inplace=True)
    (3): Conv2d(32, 32, kernel_size=(4, 4), stride=(1, 1))
    (4): BatchNorm2d(32, eps=1e-05, momentum=0.1, affine=True, track_running_stats=True)
    (5): ReLU(inplace=True)
    (6): AdaptiveMaxPool2d(output_size=(1, 1))
    (7): View()
    (8): Linear(in_features=32, out_features=20, bias=True)
    (9): BatchNorm1d(20, eps=1e-05, momentum=0.1, affine=True, track_running_stats=True)
    (10): ReLU(inplace=True)
    (11): Dropout(p=0.4, inplace=False)
    (12): Linear(in_features=20, out_features=30, bias=True)
    (13): BatchNorm1d(30, eps=1e-05, momentum=0.1, affine=True, track_running_stats=True)
    (14): ReLU(inplace=True)
    (15): Dropout(p=0.4, inplace=False)
    (16): Linear(in_features=30, out_features=10, bias=True)
    (17): Softmax(dim=None)
  )
)
The number of parameters of model is 20324
use 1 gpu who named: GeForce GTX 1080 Ti
=> loaded sample_scores and losses
=> no checkpoint found at 'checkpoints_CNN/CNN_mnist_custom_BK_2layer_bk1_20_ratio_5/last'
=> saved checkpoint 'checkpoints_CNN/CNN_mnist_custom_BK_2layer_bk1_20_ratio_5/last' (iter 469, epoch 1.0)
=> saved checkpoint 'checkpoint_scores_CNN/CNN_mnist_custom_BK_2layer_bk1_20_ratio_5/last' (iter 469, epoch 1.0)
[Save Checkpoint] epoch: [1.0], Train score:81.99833, Test score:82.09000, train loss:-0.76323, test loss:-0.76333, ratio_train_loss:0.41245,ratio_test_loss:0.39813, total_loss_train:-0.35077,total_loss_test:-0.36520, 
=> saved checkpoint 'checkpoints_CNN/CNN_mnist_custom_BK_2layer_bk1_20_ratio_5/last' (iter 938, epoch 2.0)
=> saved checkpoint 'checkpoint_scores_CNN/CNN_mnist_custom_BK_2layer_bk1_20_ratio_5/last' (iter 938, epoch 2.0)
[Save Checkpoint] epoch: [2.0], Train score:96.02500, Test score:96.45000, train loss:-0.94491, test loss:-0.94939, ratio_train_loss:0.32309,ratio_test_loss:0.31215, total_loss_train:-0.62182,total_loss_test:-0.63723, 
=> saved checkpoint 'checkpoints_CNN/CNN_mnist_custom_BK_2layer_bk1_20_ratio_5/last' (iter 1407, epoch 3.0)
=> saved checkpoint 'checkpoint_scores_CNN/CNN_mnist_custom_BK_2layer_bk1_20_ratio_5/last' (iter 1407, epoch 3.0)
[Save Checkpoint] epoch: [3.0], Train score:96.72500, Test score:96.66000, train loss:-0.96123, test loss:-0.96145, ratio_train_loss:0.28488,ratio_test_loss:0.27829, total_loss_train:-0.67635,total_loss_test:-0.68316, 
=> saved checkpoint 'checkpoints_CNN/CNN_mnist_custom_BK_2layer_bk1_20_ratio_5/last' (iter 1876, epoch 4.0)
=> saved checkpoint 'checkpoint_scores_CNN/CNN_mnist_custom_BK_2layer_bk1_20_ratio_5/last' (iter 1876, epoch 4.0)
[Save Checkpoint] epoch: [4.0], Train score:97.17000, Test score:97.08000, train loss:-0.96807, test loss:-0.96747, ratio_train_loss:0.27570,ratio_test_loss:0.27058, total_loss_train:-0.69236,total_loss_test:-0.69689, 
=> saved checkpoint 'checkpoints_CNN/CNN_mnist_custom_BK_2layer_bk1_20_ratio_5/last' (iter 2345, epoch 5.0)
=> saved checkpoint 'checkpoint_scores_CNN/CNN_mnist_custom_BK_2layer_bk1_20_ratio_5/last' (iter 2345, epoch 5.0)
[Save Checkpoint] epoch: [5.0], Train score:97.23500, Test score:97.12000, train loss:-0.96982, test loss:-0.97031, ratio_train_loss:0.26198,ratio_test_loss:0.25423, total_loss_train:-0.70784,total_loss_test:-0.71608, 
=> saved checkpoint 'checkpoints_CNN/CNN_mnist_custom_BK_2layer_bk1_20_ratio_5/last' (iter 2814, epoch 6.0)
=> saved checkpoint 'checkpoint_scores_CNN/CNN_mnist_custom_BK_2layer_bk1_20_ratio_5/last' (iter 2814, epoch 6.0)
[Save Checkpoint] epoch: [6.0], Train score:97.18500, Test score:97.02000, train loss:-0.96971, test loss:-0.96838, ratio_train_loss:0.25324,ratio_test_loss:0.25024, total_loss_train:-0.71646,total_loss_test:-0.71813, 
=> saved checkpoint 'checkpoints_CNN/CNN_mnist_custom_BK_2layer_bk1_20_ratio_5/last' (iter 3283, epoch 7.0)
=> saved checkpoint 'checkpoint_scores_CNN/CNN_mnist_custom_BK_2layer_bk1_20_ratio_5/last' (iter 3283, epoch 7.0)
[Save Checkpoint] epoch: [7.0], Train score:97.51833, Test score:97.34000, train loss:-0.97345, test loss:-0.97224, ratio_train_loss:0.24544,ratio_test_loss:0.24231, total_loss_train:-0.72802,total_loss_test:-0.72993, 
=> saved checkpoint 'checkpoints_CNN/CNN_mnist_custom_BK_2layer_bk1_20_ratio_5/last' (iter 3752, epoch 8.0)
=> saved checkpoint 'checkpoint_scores_CNN/CNN_mnist_custom_BK_2layer_bk1_20_ratio_5/last' (iter 3752, epoch 8.0)
[Save Checkpoint] epoch: [8.0], Train score:97.33833, Test score:97.34000, train loss:-0.97203, test loss:-0.97193, ratio_train_loss:0.24144,ratio_test_loss:0.24161, total_loss_train:-0.73059,total_loss_test:-0.73032, 
=> saved checkpoint 'checkpoints_CNN/CNN_mnist_custom_BK_2layer_bk1_20_ratio_5/last' (iter 4221, epoch 9.0)
=> saved checkpoint 'checkpoint_scores_CNN/CNN_mnist_custom_BK_2layer_bk1_20_ratio_5/last' (iter 4221, epoch 9.0)
[Save Checkpoint] epoch: [9.0], Train score:97.69500, Test score:97.43000, train loss:-0.97600, test loss:-0.97391, ratio_train_loss:0.23639,ratio_test_loss:0.23550, total_loss_train:-0.73961,total_loss_test:-0.73841, 
=> saved checkpoint 'checkpoints_CNN/CNN_mnist_custom_BK_2layer_bk1_20_ratio_5/last' (iter 4690, epoch 10.0)
=> saved checkpoint 'checkpoint_scores_CNN/CNN_mnist_custom_BK_2layer_bk1_20_ratio_5/last' (iter 4690, epoch 10.0)
[Save Checkpoint] epoch: [10.0], Train score:97.81833, Test score:97.74000, train loss:-0.97725, test loss:-0.97642, ratio_train_loss:0.23007,ratio_test_loss:0.22982, total_loss_train:-0.74718,total_loss_test:-0.74660, 
=> saved checkpoint 'checkpoints_CNN/CNN_mnist_custom_BK_2layer_bk1_20_ratio_5/last' (iter 5159, epoch 11.0)
=> saved checkpoint 'checkpoint_scores_CNN/CNN_mnist_custom_BK_2layer_bk1_20_ratio_5/last' (iter 5159, epoch 11.0)
[Save Checkpoint] epoch: [11.0], Train score:97.82167, Test score:97.84000, train loss:-0.97741, test loss:-0.97747, ratio_train_loss:0.23067,ratio_test_loss:0.22710, total_loss_train:-0.74674,total_loss_test:-0.75037, 
=> saved checkpoint 'checkpoints_CNN/CNN_mnist_custom_BK_2layer_bk1_20_ratio_5/last' (iter 5628, epoch 12.0)
=> saved checkpoint 'checkpoint_scores_CNN/CNN_mnist_custom_BK_2layer_bk1_20_ratio_5/last' (iter 5628, epoch 12.0)
[Save Checkpoint] epoch: [12.0], Train score:97.96667, Test score:97.69000, train loss:-0.97894, test loss:-0.97626, ratio_train_loss:0.21978,ratio_test_loss:0.21753, total_loss_train:-0.75915,total_loss_test:-0.75873, 
=> saved checkpoint 'checkpoints_CNN/CNN_mnist_custom_BK_2layer_bk1_20_ratio_5/last' (iter 6097, epoch 13.0)
=> saved checkpoint 'checkpoint_scores_CNN/CNN_mnist_custom_BK_2layer_bk1_20_ratio_5/last' (iter 6097, epoch 13.0)
[Save Checkpoint] epoch: [13.0], Train score:98.02833, Test score:97.73000, train loss:-0.97951, test loss:-0.97760, ratio_train_loss:0.22119,ratio_test_loss:0.22122, total_loss_train:-0.75832,total_loss_test:-0.75639, 
=> saved checkpoint 'checkpoints_CNN/CNN_mnist_custom_BK_2layer_bk1_20_ratio_5/last' (iter 6566, epoch 14.0)
=> saved checkpoint 'checkpoint_scores_CNN/CNN_mnist_custom_BK_2layer_bk1_20_ratio_5/last' (iter 6566, epoch 14.0)
[Save Checkpoint] epoch: [14.0], Train score:98.12333, Test score:98.06000, train loss:-0.98072, test loss:-0.98033, ratio_train_loss:0.22217,ratio_test_loss:0.22177, total_loss_train:-0.75856,total_loss_test:-0.75857, 
=> saved checkpoint 'checkpoints_CNN/CNN_mnist_custom_BK_2layer_bk1_20_ratio_5/last' (iter 7035, epoch 15.0)
=> saved checkpoint 'checkpoint_scores_CNN/CNN_mnist_custom_BK_2layer_bk1_20_ratio_5/last' (iter 7035, epoch 15.0)
[Save Checkpoint] epoch: [15.0], Train score:98.17333, Test score:97.95000, train loss:-0.98112, test loss:-0.97905, ratio_train_loss:0.20872,ratio_test_loss:0.20924, total_loss_train:-0.77241,total_loss_test:-0.76982, 
=> saved checkpoint 'checkpoints_CNN/CNN_mnist_custom_BK_2layer_bk1_20_ratio_5/last' (iter 7504, epoch 16.0)
=> saved checkpoint 'checkpoint_scores_CNN/CNN_mnist_custom_BK_2layer_bk1_20_ratio_5/last' (iter 7504, epoch 16.0)
[Save Checkpoint] epoch: [16.0], Train score:98.18333, Test score:98.03000, train loss:-0.98135, test loss:-0.97934, ratio_train_loss:0.22381,ratio_test_loss:0.22436, total_loss_train:-0.75754,total_loss_test:-0.75498, 
=> saved checkpoint 'checkpoints_CNN/CNN_mnist_custom_BK_2layer_bk1_20_ratio_5/last' (iter 7973, epoch 17.0)
=> saved checkpoint 'checkpoint_scores_CNN/CNN_mnist_custom_BK_2layer_bk1_20_ratio_5/last' (iter 7973, epoch 17.0)
[Save Checkpoint] epoch: [17.0], Train score:98.20333, Test score:97.90000, train loss:-0.98152, test loss:-0.97891, ratio_train_loss:0.21702,ratio_test_loss:0.21705, total_loss_train:-0.76451,total_loss_test:-0.76187, 
=> saved checkpoint 'checkpoints_CNN/CNN_mnist_custom_BK_2layer_bk1_20_ratio_5/last' (iter 8442, epoch 18.0)
=> saved checkpoint 'checkpoint_scores_CNN/CNN_mnist_custom_BK_2layer_bk1_20_ratio_5/last' (iter 8442, epoch 18.0)
[Save Checkpoint] epoch: [18.0], Train score:98.11500, Test score:97.98000, train loss:-0.98062, test loss:-0.97937, ratio_train_loss:0.21757,ratio_test_loss:0.21850, total_loss_train:-0.76305,total_loss_test:-0.76087, 
=> saved checkpoint 'checkpoints_CNN/CNN_mnist_custom_BK_2layer_bk1_20_ratio_5/last' (iter 8911, epoch 19.0)
=> saved checkpoint 'checkpoint_scores_CNN/CNN_mnist_custom_BK_2layer_bk1_20_ratio_5/last' (iter 8911, epoch 19.0)
[Save Checkpoint] epoch: [19.0], Train score:98.19333, Test score:98.15000, train loss:-0.98149, test loss:-0.98089, ratio_train_loss:0.21208,ratio_test_loss:0.21205, total_loss_train:-0.76941,total_loss_test:-0.76884, 
=> saved checkpoint 'checkpoints_CNN/CNN_mnist_custom_BK_2layer_bk1_20_ratio_5/last' (iter 9380, epoch 20.0)
=> saved checkpoint 'checkpoint_scores_CNN/CNN_mnist_custom_BK_2layer_bk1_20_ratio_5/last' (iter 9380, epoch 20.0)
[Save Checkpoint] epoch: [20.0], Train score:98.17333, Test score:98.03000, train loss:-0.98123, test loss:-0.97950, ratio_train_loss:0.21874,ratio_test_loss:0.21719, total_loss_train:-0.76249,total_loss_test:-0.76231, 
=> saved checkpoint 'checkpoints_CNN/CNN_mnist_custom_BK_2layer_bk1_20_ratio_5/last' (iter 9849, epoch 21.0)
=> saved checkpoint 'checkpoint_scores_CNN/CNN_mnist_custom_BK_2layer_bk1_20_ratio_5/last' (iter 9849, epoch 21.0)
[Save Checkpoint] epoch: [21.0], Train score:98.28167, Test score:98.14000, train loss:-0.98242, test loss:-0.98107, ratio_train_loss:0.20901,ratio_test_loss:0.21009, total_loss_train:-0.77341,total_loss_test:-0.77098, 
=> saved checkpoint 'checkpoints_CNN/CNN_mnist_custom_BK_2layer_bk1_20_ratio_5/last' (iter 10318, epoch 22.0)
=> saved checkpoint 'checkpoint_scores_CNN/CNN_mnist_custom_BK_2layer_bk1_20_ratio_5/last' (iter 10318, epoch 22.0)
[Save Checkpoint] epoch: [22.0], Train score:98.21000, Test score:98.10000, train loss:-0.98171, test loss:-0.98044, ratio_train_loss:0.20400,ratio_test_loss:0.20455, total_loss_train:-0.77771,total_loss_test:-0.77589, 
=> saved checkpoint 'checkpoints_CNN/CNN_mnist_custom_BK_2layer_bk1_20_ratio_5/last' (iter 10787, epoch 23.0)
=> saved checkpoint 'checkpoint_scores_CNN/CNN_mnist_custom_BK_2layer_bk1_20_ratio_5/last' (iter 10787, epoch 23.0)
[Save Checkpoint] epoch: [23.0], Train score:98.23667, Test score:97.84000, train loss:-0.98190, test loss:-0.97881, ratio_train_loss:0.20419,ratio_test_loss:0.20305, total_loss_train:-0.77771,total_loss_test:-0.77576, 
=> saved checkpoint 'checkpoints_CNN/CNN_mnist_custom_BK_2layer_bk1_20_ratio_5/last' (iter 11256, epoch 24.0)
=> saved checkpoint 'checkpoint_scores_CNN/CNN_mnist_custom_BK_2layer_bk1_20_ratio_5/last' (iter 11256, epoch 24.0)
[Save Checkpoint] epoch: [24.0], Train score:98.38167, Test score:98.10000, train loss:-0.98344, test loss:-0.98066, ratio_train_loss:0.20464,ratio_test_loss:0.20589, total_loss_train:-0.77880,total_loss_test:-0.77476, 
=> saved checkpoint 'checkpoints_CNN/CNN_mnist_custom_BK_2layer_bk1_20_ratio_5/last' (iter 11725, epoch 25.0)
=> saved checkpoint 'checkpoint_scores_CNN/CNN_mnist_custom_BK_2layer_bk1_20_ratio_5/last' (iter 11725, epoch 25.0)
[Save Checkpoint] epoch: [25.0], Train score:98.35000, Test score:98.34000, train loss:-0.98327, test loss:-0.98285, ratio_train_loss:0.20310,ratio_test_loss:0.20482, total_loss_train:-0.78017,total_loss_test:-0.77802, 
=> saved checkpoint 'checkpoints_CNN/CNN_mnist_custom_BK_2layer_bk1_20_ratio_5/last' (iter 12194, epoch 26.0)
=> saved checkpoint 'checkpoint_scores_CNN/CNN_mnist_custom_BK_2layer_bk1_20_ratio_5/last' (iter 12194, epoch 26.0)
[Save Checkpoint] epoch: [26.0], Train score:98.32167, Test score:98.01000, train loss:-0.98289, test loss:-0.98012, ratio_train_loss:0.19398,ratio_test_loss:0.19567, total_loss_train:-0.78890,total_loss_test:-0.78445, 
=> saved checkpoint 'checkpoints_CNN/CNN_mnist_custom_BK_2layer_bk1_20_ratio_5/last' (iter 12663, epoch 27.0)
=> saved checkpoint 'checkpoint_scores_CNN/CNN_mnist_custom_BK_2layer_bk1_20_ratio_5/last' (iter 12663, epoch 27.0)
[Save Checkpoint] epoch: [27.0], Train score:98.37000, Test score:97.98000, train loss:-0.98343, test loss:-0.97959, ratio_train_loss:0.19921,ratio_test_loss:0.20113, total_loss_train:-0.78422,total_loss_test:-0.77846, 
=> saved checkpoint 'checkpoints_CNN/CNN_mnist_custom_BK_2layer_bk1_20_ratio_5/last' (iter 13132, epoch 28.0)
=> saved checkpoint 'checkpoint_scores_CNN/CNN_mnist_custom_BK_2layer_bk1_20_ratio_5/last' (iter 13132, epoch 28.0)
[Save Checkpoint] epoch: [28.0], Train score:98.32000, Test score:98.06000, train loss:-0.98290, test loss:-0.98055, ratio_train_loss:0.20183,ratio_test_loss:0.20266, total_loss_train:-0.78107,total_loss_test:-0.77789, 
=> saved checkpoint 'checkpoints_CNN/CNN_mnist_custom_BK_2layer_bk1_20_ratio_5/last' (iter 13601, epoch 29.0)
=> saved checkpoint 'checkpoint_scores_CNN/CNN_mnist_custom_BK_2layer_bk1_20_ratio_5/last' (iter 13601, epoch 29.0)
[Save Checkpoint] epoch: [29.0], Train score:98.40167, Test score:98.20000, train loss:-0.98369, test loss:-0.98171, ratio_train_loss:0.19848,ratio_test_loss:0.19752, total_loss_train:-0.78521,total_loss_test:-0.78419, 
=> saved checkpoint 'checkpoints_CNN/CNN_mnist_custom_BK_2layer_bk1_20_ratio_5/last' (iter 14070, epoch 30.0)
=> saved checkpoint 'checkpoint_scores_CNN/CNN_mnist_custom_BK_2layer_bk1_20_ratio_5/last' (iter 14070, epoch 30.0)
[Save Checkpoint] epoch: [30.0], Train score:98.31000, Test score:98.08000, train loss:-0.98287, test loss:-0.98048, ratio_train_loss:0.20620,ratio_test_loss:0.20554, total_loss_train:-0.77667,total_loss_test:-0.77493, 
=> saved checkpoint 'checkpoints_CNN/CNN_mnist_custom_BK_2layer_bk1_20_ratio_5/last' (iter 14539, epoch 31.0)
=> saved checkpoint 'checkpoint_scores_CNN/CNN_mnist_custom_BK_2layer_bk1_20_ratio_5/last' (iter 14539, epoch 31.0)
[Save Checkpoint] epoch: [31.0], Train score:98.40167, Test score:98.10000, train loss:-0.98391, test loss:-0.98090, ratio_train_loss:0.20108,ratio_test_loss:0.20312, total_loss_train:-0.78282,total_loss_test:-0.77778, 
=> saved checkpoint 'checkpoints_CNN/CNN_mnist_custom_BK_2layer_bk1_20_ratio_5/last' (iter 15008, epoch 32.0)
=> saved checkpoint 'checkpoint_scores_CNN/CNN_mnist_custom_BK_2layer_bk1_20_ratio_5/last' (iter 15008, epoch 32.0)
[Save Checkpoint] epoch: [32.0], Train score:98.43000, Test score:97.95000, train loss:-0.98407, test loss:-0.97996, ratio_train_loss:0.19181,ratio_test_loss:0.19336, total_loss_train:-0.79226,total_loss_test:-0.78661, 
=> saved checkpoint 'checkpoints_CNN/CNN_mnist_custom_BK_2layer_bk1_20_ratio_5/last' (iter 15477, epoch 33.0)
=> saved checkpoint 'checkpoint_scores_CNN/CNN_mnist_custom_BK_2layer_bk1_20_ratio_5/last' (iter 15477, epoch 33.0)
[Save Checkpoint] epoch: [33.0], Train score:98.57833, Test score:98.18000, train loss:-0.98539, test loss:-0.98138, ratio_train_loss:0.19702,ratio_test_loss:0.19969, total_loss_train:-0.78836,total_loss_test:-0.78169, 
=> saved checkpoint 'checkpoints_CNN/CNN_mnist_custom_BK_2layer_bk1_20_ratio_5/last' (iter 15946, epoch 34.0)
=> saved checkpoint 'checkpoint_scores_CNN/CNN_mnist_custom_BK_2layer_bk1_20_ratio_5/last' (iter 15946, epoch 34.0)
[Save Checkpoint] epoch: [34.0], Train score:98.48500, Test score:98.03000, train loss:-0.98445, test loss:-0.98021, ratio_train_loss:0.19468,ratio_test_loss:0.19609, total_loss_train:-0.78977,total_loss_test:-0.78412, 
=> saved checkpoint 'checkpoints_CNN/CNN_mnist_custom_BK_2layer_bk1_20_ratio_5/last' (iter 16415, epoch 35.0)
=> saved checkpoint 'checkpoint_scores_CNN/CNN_mnist_custom_BK_2layer_bk1_20_ratio_5/last' (iter 16415, epoch 35.0)
[Save Checkpoint] epoch: [35.0], Train score:98.62833, Test score:98.28000, train loss:-0.98611, test loss:-0.98244, ratio_train_loss:0.19477,ratio_test_loss:0.19545, total_loss_train:-0.79134,total_loss_test:-0.78699, 
=> saved checkpoint 'checkpoints_CNN/CNN_mnist_custom_BK_2layer_bk1_20_ratio_5/last' (iter 16884, epoch 36.0)
=> saved checkpoint 'checkpoint_scores_CNN/CNN_mnist_custom_BK_2layer_bk1_20_ratio_5/last' (iter 16884, epoch 36.0)
[Save Checkpoint] epoch: [36.0], Train score:98.44500, Test score:98.13000, train loss:-0.98437, test loss:-0.98170, ratio_train_loss:0.19556,ratio_test_loss:0.19807, total_loss_train:-0.78882,total_loss_test:-0.78363, 
=> saved checkpoint 'checkpoints_CNN/CNN_mnist_custom_BK_2layer_bk1_20_ratio_5/last' (iter 17353, epoch 37.0)
=> saved checkpoint 'checkpoint_scores_CNN/CNN_mnist_custom_BK_2layer_bk1_20_ratio_5/last' (iter 17353, epoch 37.0)
[Save Checkpoint] epoch: [37.0], Train score:98.56833, Test score:98.04000, train loss:-0.98521, test loss:-0.98062, ratio_train_loss:0.19676,ratio_test_loss:0.19869, total_loss_train:-0.78845,total_loss_test:-0.78192, 
=> saved checkpoint 'checkpoints_CNN/CNN_mnist_custom_BK_2layer_bk1_20_ratio_5/last' (iter 17822, epoch 38.0)
=> saved checkpoint 'checkpoint_scores_CNN/CNN_mnist_custom_BK_2layer_bk1_20_ratio_5/last' (iter 17822, epoch 38.0)
[Save Checkpoint] epoch: [38.0], Train score:98.53667, Test score:98.13000, train loss:-0.98507, test loss:-0.98092, ratio_train_loss:0.19682,ratio_test_loss:0.19785, total_loss_train:-0.78825,total_loss_test:-0.78308, 
=> saved checkpoint 'checkpoints_CNN/CNN_mnist_custom_BK_2layer_bk1_20_ratio_5/last' (iter 18291, epoch 39.0)
=> saved checkpoint 'checkpoint_scores_CNN/CNN_mnist_custom_BK_2layer_bk1_20_ratio_5/last' (iter 18291, epoch 39.0)
[Save Checkpoint] epoch: [39.0], Train score:98.53333, Test score:98.08000, train loss:-0.98511, test loss:-0.98064, ratio_train_loss:0.20088,ratio_test_loss:0.20391, total_loss_train:-0.78423,total_loss_test:-0.77674, 
=> saved checkpoint 'checkpoints_CNN/CNN_mnist_custom_BK_2layer_bk1_20_ratio_5/last' (iter 18760, epoch 40.0)
=> saved checkpoint 'checkpoint_scores_CNN/CNN_mnist_custom_BK_2layer_bk1_20_ratio_5/last' (iter 18760, epoch 40.0)
[Save Checkpoint] epoch: [40.0], Train score:98.54000, Test score:98.20000, train loss:-0.98520, test loss:-0.98203, ratio_train_loss:0.19336,ratio_test_loss:0.19566, total_loss_train:-0.79184,total_loss_test:-0.78637, 
=> saved checkpoint 'checkpoints_CNN/CNN_mnist_custom_BK_2layer_bk1_20_ratio_5/last' (iter 19229, epoch 41.0)
=> saved checkpoint 'checkpoint_scores_CNN/CNN_mnist_custom_BK_2layer_bk1_20_ratio_5/last' (iter 19229, epoch 41.0)
[Save Checkpoint] epoch: [41.0], Train score:98.53833, Test score:98.24000, train loss:-0.98533, test loss:-0.98128, ratio_train_loss:0.19065,ratio_test_loss:0.19151, total_loss_train:-0.79469,total_loss_test:-0.78977, 
=> saved checkpoint 'checkpoints_CNN/CNN_mnist_custom_BK_2layer_bk1_20_ratio_5/last' (iter 19698, epoch 42.0)
=> saved checkpoint 'checkpoint_scores_CNN/CNN_mnist_custom_BK_2layer_bk1_20_ratio_5/last' (iter 19698, epoch 42.0)
[Save Checkpoint] epoch: [42.0], Train score:98.42333, Test score:97.93000, train loss:-0.98396, test loss:-0.97931, ratio_train_loss:0.19329,ratio_test_loss:0.19549, total_loss_train:-0.79066,total_loss_test:-0.78382, 
=> saved checkpoint 'checkpoints_CNN/CNN_mnist_custom_BK_2layer_bk1_20_ratio_5/last' (iter 20167, epoch 43.0)
=> saved checkpoint 'checkpoint_scores_CNN/CNN_mnist_custom_BK_2layer_bk1_20_ratio_5/last' (iter 20167, epoch 43.0)
[Save Checkpoint] epoch: [43.0], Train score:98.66667, Test score:98.20000, train loss:-0.98645, test loss:-0.98191, ratio_train_loss:0.19739,ratio_test_loss:0.19979, total_loss_train:-0.78906,total_loss_test:-0.78212, 
=> saved checkpoint 'checkpoints_CNN/CNN_mnist_custom_BK_2layer_bk1_20_ratio_5/last' (iter 20636, epoch 44.0)
=> saved checkpoint 'checkpoint_scores_CNN/CNN_mnist_custom_BK_2layer_bk1_20_ratio_5/last' (iter 20636, epoch 44.0)
[Save Checkpoint] epoch: [44.0], Train score:98.61333, Test score:98.15000, train loss:-0.98596, test loss:-0.98155, ratio_train_loss:0.18865,ratio_test_loss:0.19117, total_loss_train:-0.79732,total_loss_test:-0.79038, 
=> saved checkpoint 'checkpoints_CNN/CNN_mnist_custom_BK_2layer_bk1_20_ratio_5/last' (iter 21105, epoch 45.0)
=> saved checkpoint 'checkpoint_scores_CNN/CNN_mnist_custom_BK_2layer_bk1_20_ratio_5/last' (iter 21105, epoch 45.0)
[Save Checkpoint] epoch: [45.0], Train score:98.63500, Test score:98.35000, train loss:-0.98626, test loss:-0.98365, ratio_train_loss:0.19272,ratio_test_loss:0.19386, total_loss_train:-0.79354,total_loss_test:-0.78979, 
=> saved checkpoint 'checkpoints_CNN/CNN_mnist_custom_BK_2layer_bk1_20_ratio_5/last' (iter 21574, epoch 46.0)
=> saved checkpoint 'checkpoint_scores_CNN/CNN_mnist_custom_BK_2layer_bk1_20_ratio_5/last' (iter 21574, epoch 46.0)
[Save Checkpoint] epoch: [46.0], Train score:98.59667, Test score:98.28000, train loss:-0.98579, test loss:-0.98271, ratio_train_loss:0.20165,ratio_test_loss:0.20487, total_loss_train:-0.78414,total_loss_test:-0.77784, 
=> saved checkpoint 'checkpoints_CNN/CNN_mnist_custom_BK_2layer_bk1_20_ratio_5/last' (iter 22043, epoch 47.0)
=> saved checkpoint 'checkpoint_scores_CNN/CNN_mnist_custom_BK_2layer_bk1_20_ratio_5/last' (iter 22043, epoch 47.0)
[Save Checkpoint] epoch: [47.0], Train score:98.71833, Test score:98.33000, train loss:-0.98688, test loss:-0.98327, ratio_train_loss:0.19189,ratio_test_loss:0.19516, total_loss_train:-0.79498,total_loss_test:-0.78811, 
=> saved checkpoint 'checkpoints_CNN/CNN_mnist_custom_BK_2layer_bk1_20_ratio_5/last' (iter 22512, epoch 48.0)
=> saved checkpoint 'checkpoint_scores_CNN/CNN_mnist_custom_BK_2layer_bk1_20_ratio_5/last' (iter 22512, epoch 48.0)
[Save Checkpoint] epoch: [48.0], Train score:98.64500, Test score:98.24000, train loss:-0.98623, test loss:-0.98261, ratio_train_loss:0.19768,ratio_test_loss:0.19978, total_loss_train:-0.78855,total_loss_test:-0.78284, 
=> saved checkpoint 'checkpoints_CNN/CNN_mnist_custom_BK_2layer_bk1_20_ratio_5/last' (iter 22981, epoch 49.0)
=> saved checkpoint 'checkpoint_scores_CNN/CNN_mnist_custom_BK_2layer_bk1_20_ratio_5/last' (iter 22981, epoch 49.0)
[Save Checkpoint] epoch: [49.0], Train score:98.58500, Test score:98.21000, train loss:-0.98557, test loss:-0.98178, ratio_train_loss:0.19725,ratio_test_loss:0.19868, total_loss_train:-0.78833,total_loss_test:-0.78310, 
=> saved checkpoint 'checkpoints_CNN/CNN_mnist_custom_BK_2layer_bk1_20_ratio_5/last' (iter 23450, epoch 50.0)
=> saved checkpoint 'checkpoint_scores_CNN/CNN_mnist_custom_BK_2layer_bk1_20_ratio_5/last' (iter 23450, epoch 50.0)
[Save Checkpoint] epoch: [50.0], Train score:98.43500, Test score:98.03000, train loss:-0.98422, test loss:-0.98045, ratio_train_loss:0.21114,ratio_test_loss:0.21471, total_loss_train:-0.77308,total_loss_test:-0.76574, 
=> saved checkpoint 'checkpoints_CNN/CNN_mnist_custom_BK_2layer_bk1_20_ratio_5/last' (iter 23919, epoch 51.0)
=> saved checkpoint 'checkpoint_scores_CNN/CNN_mnist_custom_BK_2layer_bk1_20_ratio_5/last' (iter 23919, epoch 51.0)
[Save Checkpoint] epoch: [51.0], Train score:98.56167, Test score:98.00000, train loss:-0.98535, test loss:-0.98004, ratio_train_loss:0.18577,ratio_test_loss:0.18772, total_loss_train:-0.79958,total_loss_test:-0.79233, 
=> saved checkpoint 'checkpoints_CNN/CNN_mnist_custom_BK_2layer_bk1_20_ratio_5/last' (iter 24388, epoch 52.0)
=> saved checkpoint 'checkpoint_scores_CNN/CNN_mnist_custom_BK_2layer_bk1_20_ratio_5/last' (iter 24388, epoch 52.0)
[Save Checkpoint] epoch: [52.0], Train score:98.70833, Test score:98.39000, train loss:-0.98696, test loss:-0.98420, ratio_train_loss:0.19844,ratio_test_loss:0.20052, total_loss_train:-0.78851,total_loss_test:-0.78368, 
=> saved checkpoint 'checkpoints_CNN/CNN_mnist_custom_BK_2layer_bk1_20_ratio_5/last' (iter 24857, epoch 53.0)
=> saved checkpoint 'checkpoint_scores_CNN/CNN_mnist_custom_BK_2layer_bk1_20_ratio_5/last' (iter 24857, epoch 53.0)
[Save Checkpoint] epoch: [53.0], Train score:98.58667, Test score:98.26000, train loss:-0.98574, test loss:-0.98238, ratio_train_loss:0.19997,ratio_test_loss:0.20257, total_loss_train:-0.78577,total_loss_test:-0.77982, 
=> saved checkpoint 'checkpoints_CNN/CNN_mnist_custom_BK_2layer_bk1_20_ratio_5/last' (iter 25326, epoch 54.0)
=> saved checkpoint 'checkpoint_scores_CNN/CNN_mnist_custom_BK_2layer_bk1_20_ratio_5/last' (iter 25326, epoch 54.0)
[Save Checkpoint] epoch: [54.0], Train score:98.68167, Test score:98.20000, train loss:-0.98659, test loss:-0.98181, ratio_train_loss:0.19081,ratio_test_loss:0.19281, total_loss_train:-0.79578,total_loss_test:-0.78900, 
=> saved checkpoint 'checkpoints_CNN/CNN_mnist_custom_BK_2layer_bk1_20_ratio_5/last' (iter 25795, epoch 55.0)
=> saved checkpoint 'checkpoint_scores_CNN/CNN_mnist_custom_BK_2layer_bk1_20_ratio_5/last' (iter 25795, epoch 55.0)
[Save Checkpoint] epoch: [55.0], Train score:98.79833, Test score:98.31000, train loss:-0.98772, test loss:-0.98325, ratio_train_loss:0.19047,ratio_test_loss:0.19199, total_loss_train:-0.79724,total_loss_test:-0.79126, 
=> saved checkpoint 'checkpoints_CNN/CNN_mnist_custom_BK_2layer_bk1_20_ratio_5/last' (iter 26264, epoch 56.0)
=> saved checkpoint 'checkpoint_scores_CNN/CNN_mnist_custom_BK_2layer_bk1_20_ratio_5/last' (iter 26264, epoch 56.0)
[Save Checkpoint] epoch: [56.0], Train score:98.79000, Test score:98.29000, train loss:-0.98785, test loss:-0.98233, ratio_train_loss:0.19577,ratio_test_loss:0.19743, total_loss_train:-0.79209,total_loss_test:-0.78490, 
=> saved checkpoint 'checkpoints_CNN/CNN_mnist_custom_BK_2layer_bk1_20_ratio_5/last' (iter 26733, epoch 57.0)
=> saved checkpoint 'checkpoint_scores_CNN/CNN_mnist_custom_BK_2layer_bk1_20_ratio_5/last' (iter 26733, epoch 57.0)
[Save Checkpoint] epoch: [57.0], Train score:98.81833, Test score:98.32000, train loss:-0.98791, test loss:-0.98336, ratio_train_loss:0.18376,ratio_test_loss:0.18532, total_loss_train:-0.80415,total_loss_test:-0.79804, 
=> saved checkpoint 'checkpoints_CNN/CNN_mnist_custom_BK_2layer_bk1_20_ratio_5/last' (iter 27202, epoch 58.0)
=> saved checkpoint 'checkpoint_scores_CNN/CNN_mnist_custom_BK_2layer_bk1_20_ratio_5/last' (iter 27202, epoch 58.0)
[Save Checkpoint] epoch: [58.0], Train score:98.80500, Test score:98.19000, train loss:-0.98794, test loss:-0.98171, ratio_train_loss:0.18952,ratio_test_loss:0.19015, total_loss_train:-0.79842,total_loss_test:-0.79156, 
=> saved checkpoint 'checkpoints_CNN/CNN_mnist_custom_BK_2layer_bk1_20_ratio_5/last' (iter 27671, epoch 59.0)
=> saved checkpoint 'checkpoint_scores_CNN/CNN_mnist_custom_BK_2layer_bk1_20_ratio_5/last' (iter 27671, epoch 59.0)
[Save Checkpoint] epoch: [59.0], Train score:98.80333, Test score:98.34000, train loss:-0.98778, test loss:-0.98317, ratio_train_loss:0.19401,ratio_test_loss:0.19431, total_loss_train:-0.79376,total_loss_test:-0.78886, 
=> saved checkpoint 'checkpoints_CNN/CNN_mnist_custom_BK_2layer_bk1_20_ratio_5/last' (iter 28140, epoch 60.0)
=> saved checkpoint 'checkpoint_scores_CNN/CNN_mnist_custom_BK_2layer_bk1_20_ratio_5/last' (iter 28140, epoch 60.0)
[Save Checkpoint] epoch: [60.0], Train score:98.83000, Test score:98.38000, train loss:-0.98809, test loss:-0.98363, ratio_train_loss:0.18804,ratio_test_loss:0.18950, total_loss_train:-0.80005,total_loss_test:-0.79413, 
=> saved checkpoint 'checkpoints_CNN/CNN_mnist_custom_BK_2layer_bk1_20_ratio_5/last' (iter 28609, epoch 61.0)
=> saved checkpoint 'checkpoint_scores_CNN/CNN_mnist_custom_BK_2layer_bk1_20_ratio_5/last' (iter 28609, epoch 61.0)
[Save Checkpoint] epoch: [61.0], Train score:98.85167, Test score:98.43000, train loss:-0.98837, test loss:-0.98435, ratio_train_loss:0.18716,ratio_test_loss:0.18888, total_loss_train:-0.80121,total_loss_test:-0.79547, 
=> saved checkpoint 'checkpoints_CNN/CNN_mnist_custom_BK_2layer_bk1_20_ratio_5/last' (iter 29078, epoch 62.0)
=> saved checkpoint 'checkpoint_scores_CNN/CNN_mnist_custom_BK_2layer_bk1_20_ratio_5/last' (iter 29078, epoch 62.0)
[Save Checkpoint] epoch: [62.0], Train score:98.83500, Test score:98.31000, train loss:-0.98811, test loss:-0.98332, ratio_train_loss:0.19190,ratio_test_loss:0.19295, total_loss_train:-0.79621,total_loss_test:-0.79037, 
=> saved checkpoint 'checkpoints_CNN/CNN_mnist_custom_BK_2layer_bk1_20_ratio_5/last' (iter 29547, epoch 63.0)
=> saved checkpoint 'checkpoint_scores_CNN/CNN_mnist_custom_BK_2layer_bk1_20_ratio_5/last' (iter 29547, epoch 63.0)
[Save Checkpoint] epoch: [63.0], Train score:98.85500, Test score:98.29000, train loss:-0.98829, test loss:-0.98326, ratio_train_loss:0.17703,ratio_test_loss:0.17903, total_loss_train:-0.81126,total_loss_test:-0.80423, 
=> saved checkpoint 'checkpoints_CNN/CNN_mnist_custom_BK_2layer_bk1_20_ratio_5/last' (iter 30016, epoch 64.0)
=> saved checkpoint 'checkpoint_scores_CNN/CNN_mnist_custom_BK_2layer_bk1_20_ratio_5/last' (iter 30016, epoch 64.0)
[Save Checkpoint] epoch: [64.0], Train score:98.76000, Test score:98.37000, train loss:-0.98748, test loss:-0.98379, ratio_train_loss:0.18377,ratio_test_loss:0.18507, total_loss_train:-0.80371,total_loss_test:-0.79873, 
=> saved checkpoint 'checkpoints_CNN/CNN_mnist_custom_BK_2layer_bk1_20_ratio_5/last' (iter 30485, epoch 65.0)
=> saved checkpoint 'checkpoint_scores_CNN/CNN_mnist_custom_BK_2layer_bk1_20_ratio_5/last' (iter 30485, epoch 65.0)
[Save Checkpoint] epoch: [65.0], Train score:98.78500, Test score:98.32000, train loss:-0.98767, test loss:-0.98308, ratio_train_loss:0.18399,ratio_test_loss:0.18643, total_loss_train:-0.80368,total_loss_test:-0.79664, 
=> saved checkpoint 'checkpoints_CNN/CNN_mnist_custom_BK_2layer_bk1_20_ratio_5/last' (iter 30954, epoch 66.0)
=> saved checkpoint 'checkpoint_scores_CNN/CNN_mnist_custom_BK_2layer_bk1_20_ratio_5/last' (iter 30954, epoch 66.0)
[Save Checkpoint] epoch: [66.0], Train score:98.75500, Test score:98.39000, train loss:-0.98747, test loss:-0.98386, ratio_train_loss:0.19801,ratio_test_loss:0.19939, total_loss_train:-0.78946,total_loss_test:-0.78447, 
=> saved checkpoint 'checkpoints_CNN/CNN_mnist_custom_BK_2layer_bk1_20_ratio_5/last' (iter 31423, epoch 67.0)
=> saved checkpoint 'checkpoint_scores_CNN/CNN_mnist_custom_BK_2layer_bk1_20_ratio_5/last' (iter 31423, epoch 67.0)
[Save Checkpoint] epoch: [67.0], Train score:98.69833, Test score:98.19000, train loss:-0.98687, test loss:-0.98196, ratio_train_loss:0.19516,ratio_test_loss:0.19835, total_loss_train:-0.79172,total_loss_test:-0.78360, 
=> saved checkpoint 'checkpoints_CNN/CNN_mnist_custom_BK_2layer_bk1_20_ratio_5/last' (iter 31892, epoch 68.0)
=> saved checkpoint 'checkpoint_scores_CNN/CNN_mnist_custom_BK_2layer_bk1_20_ratio_5/last' (iter 31892, epoch 68.0)
[Save Checkpoint] epoch: [68.0], Train score:98.70833, Test score:98.13000, train loss:-0.98680, test loss:-0.98142, ratio_train_loss:0.18840,ratio_test_loss:0.19075, total_loss_train:-0.79840,total_loss_test:-0.79067, 
=> saved checkpoint 'checkpoints_CNN/CNN_mnist_custom_BK_2layer_bk1_20_ratio_5/last' (iter 32361, epoch 69.0)
=> saved checkpoint 'checkpoint_scores_CNN/CNN_mnist_custom_BK_2layer_bk1_20_ratio_5/last' (iter 32361, epoch 69.0)
[Save Checkpoint] epoch: [69.0], Train score:98.69500, Test score:98.09000, train loss:-0.98674, test loss:-0.98118, ratio_train_loss:0.18464,ratio_test_loss:0.18780, total_loss_train:-0.80210,total_loss_test:-0.79338, 
=> saved checkpoint 'checkpoints_CNN/CNN_mnist_custom_BK_2layer_bk1_20_ratio_5/last' (iter 32830, epoch 70.0)
=> saved checkpoint 'checkpoint_scores_CNN/CNN_mnist_custom_BK_2layer_bk1_20_ratio_5/last' (iter 32830, epoch 70.0)
[Save Checkpoint] epoch: [70.0], Train score:98.74167, Test score:98.37000, train loss:-0.98717, test loss:-0.98345, ratio_train_loss:0.18277,ratio_test_loss:0.18523, total_loss_train:-0.80440,total_loss_test:-0.79822, 
=> saved checkpoint 'checkpoints_CNN/CNN_mnist_custom_BK_2layer_bk1_20_ratio_5/last' (iter 33299, epoch 71.0)
=> saved checkpoint 'checkpoint_scores_CNN/CNN_mnist_custom_BK_2layer_bk1_20_ratio_5/last' (iter 33299, epoch 71.0)
[Save Checkpoint] epoch: [71.0], Train score:98.86667, Test score:98.40000, train loss:-0.98848, test loss:-0.98388, ratio_train_loss:0.18235,ratio_test_loss:0.18559, total_loss_train:-0.80614,total_loss_test:-0.79830, 
=> saved checkpoint 'checkpoints_CNN/CNN_mnist_custom_BK_2layer_bk1_20_ratio_5/last' (iter 33768, epoch 72.0)
=> saved checkpoint 'checkpoint_scores_CNN/CNN_mnist_custom_BK_2layer_bk1_20_ratio_5/last' (iter 33768, epoch 72.0)
[Save Checkpoint] epoch: [72.0], Train score:98.83833, Test score:98.50000, train loss:-0.98824, test loss:-0.98495, ratio_train_loss:0.17995,ratio_test_loss:0.18353, total_loss_train:-0.80829,total_loss_test:-0.80142, 
=> saved checkpoint 'checkpoints_CNN/CNN_mnist_custom_BK_2layer_bk1_20_ratio_5/last' (iter 34237, epoch 73.0)
=> saved checkpoint 'checkpoint_scores_CNN/CNN_mnist_custom_BK_2layer_bk1_20_ratio_5/last' (iter 34237, epoch 73.0)
[Save Checkpoint] epoch: [73.0], Train score:98.83833, Test score:98.55000, train loss:-0.98824, test loss:-0.98516, ratio_train_loss:0.18857,ratio_test_loss:0.18983, total_loss_train:-0.79967,total_loss_test:-0.79533, 
=> saved checkpoint 'checkpoints_CNN/CNN_mnist_custom_BK_2layer_bk1_20_ratio_5/last' (iter 34706, epoch 74.0)
=> saved checkpoint 'checkpoint_scores_CNN/CNN_mnist_custom_BK_2layer_bk1_20_ratio_5/last' (iter 34706, epoch 74.0)
[Save Checkpoint] epoch: [74.0], Train score:98.93333, Test score:98.31000, train loss:-0.98910, test loss:-0.98325, ratio_train_loss:0.18351,ratio_test_loss:0.18696, total_loss_train:-0.80560,total_loss_test:-0.79629, 
=> saved checkpoint 'checkpoints_CNN/CNN_mnist_custom_BK_2layer_bk1_20_ratio_5/last' (iter 35175, epoch 75.0)
=> saved checkpoint 'checkpoint_scores_CNN/CNN_mnist_custom_BK_2layer_bk1_20_ratio_5/last' (iter 35175, epoch 75.0)
[Save Checkpoint] epoch: [75.0], Train score:98.85500, Test score:98.40000, train loss:-0.98849, test loss:-0.98393, ratio_train_loss:0.17836,ratio_test_loss:0.18208, total_loss_train:-0.81013,total_loss_test:-0.80185, 
=> saved checkpoint 'checkpoints_CNN/CNN_mnist_custom_BK_2layer_bk1_20_ratio_5/last' (iter 35644, epoch 76.0)
=> saved checkpoint 'checkpoint_scores_CNN/CNN_mnist_custom_BK_2layer_bk1_20_ratio_5/last' (iter 35644, epoch 76.0)
[Save Checkpoint] epoch: [76.0], Train score:98.86500, Test score:98.42000, train loss:-0.98853, test loss:-0.98421, ratio_train_loss:0.18876,ratio_test_loss:0.19131, total_loss_train:-0.79977,total_loss_test:-0.79290, 
=> saved checkpoint 'checkpoints_CNN/CNN_mnist_custom_BK_2layer_bk1_20_ratio_5/last' (iter 36113, epoch 77.0)
=> saved checkpoint 'checkpoint_scores_CNN/CNN_mnist_custom_BK_2layer_bk1_20_ratio_5/last' (iter 36113, epoch 77.0)
[Save Checkpoint] epoch: [77.0], Train score:98.84333, Test score:98.34000, train loss:-0.98832, test loss:-0.98355, ratio_train_loss:0.19174,ratio_test_loss:0.19549, total_loss_train:-0.79658,total_loss_test:-0.78806, 
=> saved checkpoint 'checkpoints_CNN/CNN_mnist_custom_BK_2layer_bk1_20_ratio_5/last' (iter 36582, epoch 78.0)
=> saved checkpoint 'checkpoint_scores_CNN/CNN_mnist_custom_BK_2layer_bk1_20_ratio_5/last' (iter 36582, epoch 78.0)
[Save Checkpoint] epoch: [78.0], Train score:98.84833, Test score:98.21000, train loss:-0.98837, test loss:-0.98157, ratio_train_loss:0.19175,ratio_test_loss:0.19427, total_loss_train:-0.79662,total_loss_test:-0.78731, 
=> saved checkpoint 'checkpoints_CNN/CNN_mnist_custom_BK_2layer_bk1_20_ratio_5/last' (iter 37051, epoch 79.0)
=> saved checkpoint 'checkpoint_scores_CNN/CNN_mnist_custom_BK_2layer_bk1_20_ratio_5/last' (iter 37051, epoch 79.0)
[Save Checkpoint] epoch: [79.0], Train score:98.90500, Test score:98.44000, train loss:-0.98890, test loss:-0.98421, ratio_train_loss:0.18817,ratio_test_loss:0.19230, total_loss_train:-0.80073,total_loss_test:-0.79191, 
=> saved checkpoint 'checkpoints_CNN/CNN_mnist_custom_BK_2layer_bk1_20_ratio_5/last' (iter 37520, epoch 80.0)
=> saved checkpoint 'checkpoint_scores_CNN/CNN_mnist_custom_BK_2layer_bk1_20_ratio_5/last' (iter 37520, epoch 80.0)
[Save Checkpoint] epoch: [80.0], Train score:98.96500, Test score:98.39000, train loss:-0.98943, test loss:-0.98390, ratio_train_loss:0.18521,ratio_test_loss:0.18905, total_loss_train:-0.80423,total_loss_test:-0.79484, 
=> saved checkpoint 'checkpoints_CNN/CNN_mnist_custom_BK_2layer_bk1_20_ratio_5/last' (iter 37989, epoch 81.0)
=> saved checkpoint 'checkpoint_scores_CNN/CNN_mnist_custom_BK_2layer_bk1_20_ratio_5/last' (iter 37989, epoch 81.0)
[Save Checkpoint] epoch: [81.0], Train score:98.94500, Test score:98.43000, train loss:-0.98940, test loss:-0.98438, ratio_train_loss:0.18019,ratio_test_loss:0.18348, total_loss_train:-0.80922,total_loss_test:-0.80090, 
=> saved checkpoint 'checkpoints_CNN/CNN_mnist_custom_BK_2layer_bk1_20_ratio_5/last' (iter 38458, epoch 82.0)
=> saved checkpoint 'checkpoint_scores_CNN/CNN_mnist_custom_BK_2layer_bk1_20_ratio_5/last' (iter 38458, epoch 82.0)
[Save Checkpoint] epoch: [82.0], Train score:98.88667, Test score:98.29000, train loss:-0.98869, test loss:-0.98313, ratio_train_loss:0.18334,ratio_test_loss:0.18735, total_loss_train:-0.80535,total_loss_test:-0.79578, 
=> saved checkpoint 'checkpoints_CNN/CNN_mnist_custom_BK_2layer_bk1_20_ratio_5/last' (iter 38927, epoch 83.0)
=> saved checkpoint 'checkpoint_scores_CNN/CNN_mnist_custom_BK_2layer_bk1_20_ratio_5/last' (iter 38927, epoch 83.0)
[Save Checkpoint] epoch: [83.0], Train score:98.86167, Test score:98.35000, train loss:-0.98851, test loss:-0.98351, ratio_train_loss:0.18426,ratio_test_loss:0.18715, total_loss_train:-0.80425,total_loss_test:-0.79636, 
=> saved checkpoint 'checkpoints_CNN/CNN_mnist_custom_BK_2layer_bk1_20_ratio_5/last' (iter 39396, epoch 84.0)
=> saved checkpoint 'checkpoint_scores_CNN/CNN_mnist_custom_BK_2layer_bk1_20_ratio_5/last' (iter 39396, epoch 84.0)
[Save Checkpoint] epoch: [84.0], Train score:98.90667, Test score:98.37000, train loss:-0.98895, test loss:-0.98357, ratio_train_loss:0.17756,ratio_test_loss:0.17931, total_loss_train:-0.81139,total_loss_test:-0.80426, 
=> saved checkpoint 'checkpoints_CNN/CNN_mnist_custom_BK_2layer_bk1_20_ratio_5/last' (iter 39865, epoch 85.0)
=> saved checkpoint 'checkpoint_scores_CNN/CNN_mnist_custom_BK_2layer_bk1_20_ratio_5/last' (iter 39865, epoch 85.0)
[Save Checkpoint] epoch: [85.0], Train score:98.90833, Test score:98.36000, train loss:-0.98897, test loss:-0.98379, ratio_train_loss:0.18797,ratio_test_loss:0.19118, total_loss_train:-0.80101,total_loss_test:-0.79261, 
=> saved checkpoint 'checkpoints_CNN/CNN_mnist_custom_BK_2layer_bk1_20_ratio_5/last' (iter 40334, epoch 86.0)
=> saved checkpoint 'checkpoint_scores_CNN/CNN_mnist_custom_BK_2layer_bk1_20_ratio_5/last' (iter 40334, epoch 86.0)
[Save Checkpoint] epoch: [86.0], Train score:98.94000, Test score:98.30000, train loss:-0.98928, test loss:-0.98339, ratio_train_loss:0.17855,ratio_test_loss:0.18135, total_loss_train:-0.81074,total_loss_test:-0.80205, 
=> saved checkpoint 'checkpoints_CNN/CNN_mnist_custom_BK_2layer_bk1_20_ratio_5/last' (iter 40803, epoch 87.0)
=> saved checkpoint 'checkpoint_scores_CNN/CNN_mnist_custom_BK_2layer_bk1_20_ratio_5/last' (iter 40803, epoch 87.0)
[Save Checkpoint] epoch: [87.0], Train score:98.83667, Test score:98.13000, train loss:-0.98829, test loss:-0.98157, ratio_train_loss:0.18875,ratio_test_loss:0.19249, total_loss_train:-0.79954,total_loss_test:-0.78908, 
=> saved checkpoint 'checkpoints_CNN/CNN_mnist_custom_BK_2layer_bk1_20_ratio_5/last' (iter 41272, epoch 88.0)
=> saved checkpoint 'checkpoint_scores_CNN/CNN_mnist_custom_BK_2layer_bk1_20_ratio_5/last' (iter 41272, epoch 88.0)
[Save Checkpoint] epoch: [88.0], Train score:98.87333, Test score:98.42000, train loss:-0.98854, test loss:-0.98382, ratio_train_loss:0.18378,ratio_test_loss:0.18573, total_loss_train:-0.80476,total_loss_test:-0.79809, 
=> saved checkpoint 'checkpoints_CNN/CNN_mnist_custom_BK_2layer_bk1_20_ratio_5/last' (iter 41741, epoch 89.0)
=> saved checkpoint 'checkpoint_scores_CNN/CNN_mnist_custom_BK_2layer_bk1_20_ratio_5/last' (iter 41741, epoch 89.0)
[Save Checkpoint] epoch: [89.0], Train score:98.77500, Test score:98.14000, train loss:-0.98755, test loss:-0.98180, ratio_train_loss:0.18138,ratio_test_loss:0.18477, total_loss_train:-0.80616,total_loss_test:-0.79703, 
=> saved checkpoint 'checkpoints_CNN/CNN_mnist_custom_BK_2layer_bk1_20_ratio_5/last' (iter 42210, epoch 90.0)
=> saved checkpoint 'checkpoint_scores_CNN/CNN_mnist_custom_BK_2layer_bk1_20_ratio_5/last' (iter 42210, epoch 90.0)
[Save Checkpoint] epoch: [90.0], Train score:98.86167, Test score:98.37000, train loss:-0.98853, test loss:-0.98395, ratio_train_loss:0.18217,ratio_test_loss:0.18507, total_loss_train:-0.80636,total_loss_test:-0.79887, 
=> saved checkpoint 'checkpoints_CNN/CNN_mnist_custom_BK_2layer_bk1_20_ratio_5/last' (iter 42679, epoch 91.0)
=> saved checkpoint 'checkpoint_scores_CNN/CNN_mnist_custom_BK_2layer_bk1_20_ratio_5/last' (iter 42679, epoch 91.0)
[Save Checkpoint] epoch: [91.0], Train score:98.94833, Test score:98.45000, train loss:-0.98937, test loss:-0.98488, ratio_train_loss:0.17477,ratio_test_loss:0.17790, total_loss_train:-0.81460,total_loss_test:-0.80699, 
=> saved checkpoint 'checkpoints_CNN/CNN_mnist_custom_BK_2layer_bk1_20_ratio_5/last' (iter 43148, epoch 92.0)
=> saved checkpoint 'checkpoint_scores_CNN/CNN_mnist_custom_BK_2layer_bk1_20_ratio_5/last' (iter 43148, epoch 92.0)
[Save Checkpoint] epoch: [92.0], Train score:98.90000, Test score:98.30000, train loss:-0.98891, test loss:-0.98300, ratio_train_loss:0.17887,ratio_test_loss:0.18449, total_loss_train:-0.81005,total_loss_test:-0.79851, 
=> saved checkpoint 'checkpoints_CNN/CNN_mnist_custom_BK_2layer_bk1_20_ratio_5/last' (iter 43617, epoch 93.0)
=> saved checkpoint 'checkpoint_scores_CNN/CNN_mnist_custom_BK_2layer_bk1_20_ratio_5/last' (iter 43617, epoch 93.0)
[Save Checkpoint] epoch: [93.0], Train score:98.78667, Test score:98.24000, train loss:-0.98771, test loss:-0.98264, ratio_train_loss:0.17685,ratio_test_loss:0.18055, total_loss_train:-0.81086,total_loss_test:-0.80209, 
=> saved checkpoint 'checkpoints_CNN/CNN_mnist_custom_BK_2layer_bk1_20_ratio_5/last' (iter 44086, epoch 94.0)
=> saved checkpoint 'checkpoint_scores_CNN/CNN_mnist_custom_BK_2layer_bk1_20_ratio_5/last' (iter 44086, epoch 94.0)
[Save Checkpoint] epoch: [94.0], Train score:98.91167, Test score:98.46000, train loss:-0.98907, test loss:-0.98459, ratio_train_loss:0.17764,ratio_test_loss:0.18073, total_loss_train:-0.81143,total_loss_test:-0.80386, 
=> saved checkpoint 'checkpoints_CNN/CNN_mnist_custom_BK_2layer_bk1_20_ratio_5/last' (iter 44555, epoch 95.0)
=> saved checkpoint 'checkpoint_scores_CNN/CNN_mnist_custom_BK_2layer_bk1_20_ratio_5/last' (iter 44555, epoch 95.0)
[Save Checkpoint] epoch: [95.0], Train score:98.92000, Test score:98.37000, train loss:-0.98913, test loss:-0.98374, ratio_train_loss:0.17527,ratio_test_loss:0.17895, total_loss_train:-0.81386,total_loss_test:-0.80479, 
=> saved checkpoint 'checkpoints_CNN/CNN_mnist_custom_BK_2layer_bk1_20_ratio_5/last' (iter 45024, epoch 96.0)
=> saved checkpoint 'checkpoint_scores_CNN/CNN_mnist_custom_BK_2layer_bk1_20_ratio_5/last' (iter 45024, epoch 96.0)
[Save Checkpoint] epoch: [96.0], Train score:98.86167, Test score:98.18000, train loss:-0.98841, test loss:-0.98226, ratio_train_loss:0.18004,ratio_test_loss:0.18417, total_loss_train:-0.80837,total_loss_test:-0.79810, 
=> saved checkpoint 'checkpoints_CNN/CNN_mnist_custom_BK_2layer_bk1_20_ratio_5/last' (iter 45493, epoch 97.0)
=> saved checkpoint 'checkpoint_scores_CNN/CNN_mnist_custom_BK_2layer_bk1_20_ratio_5/last' (iter 45493, epoch 97.0)
[Save Checkpoint] epoch: [97.0], Train score:98.93500, Test score:98.53000, train loss:-0.98928, test loss:-0.98514, ratio_train_loss:0.17888,ratio_test_loss:0.18160, total_loss_train:-0.81039,total_loss_test:-0.80354, 
=> saved checkpoint 'checkpoints_CNN/CNN_mnist_custom_BK_2layer_bk1_20_ratio_5/last' (iter 45962, epoch 98.0)
=> saved checkpoint 'checkpoint_scores_CNN/CNN_mnist_custom_BK_2layer_bk1_20_ratio_5/last' (iter 45962, epoch 98.0)
[Save Checkpoint] epoch: [98.0], Train score:98.68500, Test score:98.07000, train loss:-0.98664, test loss:-0.98058, ratio_train_loss:0.18748,ratio_test_loss:0.19055, total_loss_train:-0.79916,total_loss_test:-0.79003, 
=> saved checkpoint 'checkpoints_CNN/CNN_mnist_custom_BK_2layer_bk1_20_ratio_5/last' (iter 46431, epoch 99.0)
=> saved checkpoint 'checkpoint_scores_CNN/CNN_mnist_custom_BK_2layer_bk1_20_ratio_5/last' (iter 46431, epoch 99.0)
[Save Checkpoint] epoch: [99.0], Train score:98.89167, Test score:98.43000, train loss:-0.98886, test loss:-0.98446, ratio_train_loss:0.18179,ratio_test_loss:0.18505, total_loss_train:-0.80707,total_loss_test:-0.79941, 
=> saved checkpoint 'checkpoints_CNN/CNN_mnist_custom_BK_2layer_bk1_20_ratio_5/last' (iter 46900, epoch 100.0)
=> saved checkpoint 'checkpoint_scores_CNN/CNN_mnist_custom_BK_2layer_bk1_20_ratio_5/last' (iter 46900, epoch 100.0)
[Save Checkpoint] epoch: [100.0], Train score:98.91000, Test score:98.55000, train loss:-0.98901, test loss:-0.98539, ratio_train_loss:0.18170,ratio_test_loss:0.18583, total_loss_train:-0.80731,total_loss_test:-0.79956, 
[Training Finished]
All Done!
