1
--dataset mnist --model CNN --gpu_devices 0 1 --max_iter 100 --batch_size 128 --ckpt_dir checkpoints_CNN --ckpt_dir_scores checkpoint_scores_CNN --use_scheduler True --GMP True --lr 1e-3 --z_struct_size 20 --add_classification_layer True --classif_layer_size 30 --is_default_model False --is_custom_model False --is_custom_model_BK True --big_kernel_size 8 --two_conv_layer True --three_conv_layer False --BK_in_first_layer True --BK_in_second_layer False --BK_in_third_layer False --stride_size 1 --hidden_filters_layer1 32 --hidden_filters_layer2 32 --hidden_filters_layer3 32 --ratio_reg True --lambda_ratio_reg 1 --lambda_class 1 --expe_name CNN_mnist_custom_BK_2layer_bk1_20_ratio_1
Namespace(BK_in_first_layer=True, BK_in_second_layer=False, BK_in_third_layer=False, BN=False, C_max=25, C_stop_iter=100000.0, E1_AE=False, E1_VAE=False, E1_conv=False, E1_dense=False, E1_second_conv=False, E1_second_conv_adapt=False, GMP=True, L1_norm_act=False, L1_norm_weights=False, L3_without_random=False, adapt_lr=False, add_classification_layer=True, add_z_struct_bottleneck=False, batch_size=128, beta=1, beta1=0.9, beta2=0.999, big_kernel=False, big_kernel_size=[8], binary_z=False, ckpt_dir='checkpoints_CNN', ckpt_dir_scores='checkpoint_scores_CNN', classif_layer_size=30, cuda=True, dataset='mnist', display_step=10000, dset_dir='data', expe_name='CNN_mnist_custom_BK_2layer_bk1_20_ratio_1', gamma=1000, gpu_devices=[0, 1], hidden_filters_layer1=32, hidden_filters_layer2=32, hidden_filters_layer3=32, image_size=64, is_C=True, is_E1=False, is_binary_structural_latent=False, is_custom_model=False, is_custom_model_BK=True, is_default_model=False, is_noise_stats=False, is_partial_rand_class=False, is_perturbed_score=False, is_zvar_sim_loss=False, just_train=False, kernel_size=4, lambda_Kl_struct=1, lambda_Kl_var=1, lambda_L1=0.01, lambda_VAE=1, lambda_class=1.0, lambda_partial_class=1, lambda_ratio_reg=1.0, lambda_recon_wt_rand=1, lambda_recons=1, lambda_zvar_sim=1, latent_spec_cont=None, latent_spec_cont_class=None, latent_spec_cont_var=None, latent_spec_disc=None, latent_spec_disc_class=None, latent_spec_disc_var=None, log_level='info', lr=0.001, max_iter=100.0, model='CNN', num_workers=2, old_weighted=False, random_percentage=0.2, ratio_reg=True, save_step=10000, second_layer_C=False, seed=1, stride_size=1, three_conv_layer=False, train=True, two_conv_layer=True, two_encoder=False, use_scheduler=True, z_struct_size=20, zeros_W_Classif=False, zvar_sim_change_zvar=False, zvar_sim_loss_for_all_model=False, zvar_sim_loss_only_for_encoder=False, zvar_sim_normal=False, zvar_sim_var_rand=False)
CUDA Visible devices !
Custom_CNN_BK(
  (net): Sequential(
    (0): Conv2d(1, 32, kernel_size=(8, 8), stride=(1, 1))
    (1): BatchNorm2d(32, eps=1e-05, momentum=0.1, affine=True, track_running_stats=True)
    (2): ReLU(inplace=True)
    (3): Conv2d(32, 32, kernel_size=(4, 4), stride=(1, 1))
    (4): BatchNorm2d(32, eps=1e-05, momentum=0.1, affine=True, track_running_stats=True)
    (5): ReLU(inplace=True)
    (6): AdaptiveMaxPool2d(output_size=(1, 1))
    (7): View()
    (8): Linear(in_features=32, out_features=20, bias=True)
    (9): BatchNorm1d(20, eps=1e-05, momentum=0.1, affine=True, track_running_stats=True)
    (10): ReLU(inplace=True)
    (11): Dropout(p=0.4, inplace=False)
    (12): Linear(in_features=20, out_features=30, bias=True)
    (13): BatchNorm1d(30, eps=1e-05, momentum=0.1, affine=True, track_running_stats=True)
    (14): ReLU(inplace=True)
    (15): Dropout(p=0.4, inplace=False)
    (16): Linear(in_features=30, out_features=10, bias=True)
    (17): Softmax(dim=None)
  )
)
The number of parameters of model is 20324
use 1 gpu who named: Tesla V100-SXM2-32GB
=> loaded sample_scores and losses
=> loaded checkpoint 'checkpoints_CNN/CNN_mnist_custom_BK_2layer_bk1_20_ratio_1/last (iter 469)'
=> saved checkpoint 'checkpoints_CNN/CNN_mnist_custom_BK_2layer_bk1_20_ratio_1/last' (iter 469, epoch 1.0)
=> saved checkpoint 'checkpoint_scores_CNN/CNN_mnist_custom_BK_2layer_bk1_20_ratio_1/last' (iter 469, epoch 1.0)
[Save Checkpoint] epoch: [1.0], Train score:53.67333, Test score:53.68000, train loss:-0.40520, test loss:-0.40461, ratio_train_loss:0.77875,ratio_test_loss:0.75364, total_loss_train:0.37355,total_loss_test:0.34903, 
=> saved checkpoint 'checkpoints_CNN/CNN_mnist_custom_BK_2layer_bk1_20_ratio_1/last' (iter 938, epoch 2.0)
=> saved checkpoint 'checkpoint_scores_CNN/CNN_mnist_custom_BK_2layer_bk1_20_ratio_1/last' (iter 938, epoch 2.0)
[Save Checkpoint] epoch: [2.0], Train score:53.71833, Test score:53.59000, train loss:-0.40582, test loss:-0.40528, ratio_train_loss:0.77733,ratio_test_loss:0.75214, total_loss_train:0.37151,total_loss_test:0.34685, 
=> saved checkpoint 'checkpoints_CNN/CNN_mnist_custom_BK_2layer_bk1_20_ratio_1/last' (iter 1407, epoch 3.0)
EarlyStopping counter: 1 out of 10
=> saved checkpoint 'checkpoint_scores_CNN/CNN_mnist_custom_BK_2layer_bk1_20_ratio_1/last' (iter 1407, epoch 3.0)
[Save Checkpoint] epoch: [3.0], Train score:53.38500, Test score:53.36000, train loss:-0.40341, test loss:-0.40283, ratio_train_loss:0.77753,ratio_test_loss:0.75244, total_loss_train:0.37412,total_loss_test:0.34961, 
=> saved checkpoint 'checkpoints_CNN/CNN_mnist_custom_BK_2layer_bk1_20_ratio_1/last' (iter 1876, epoch 4.0)
=> saved checkpoint 'checkpoint_scores_CNN/CNN_mnist_custom_BK_2layer_bk1_20_ratio_1/last' (iter 1876, epoch 4.0)
[Save Checkpoint] epoch: [4.0], Train score:53.86500, Test score:53.76000, train loss:-0.40588, test loss:-0.40534, ratio_train_loss:0.77692,ratio_test_loss:0.75170, total_loss_train:0.37104,total_loss_test:0.34635, 
=> saved checkpoint 'checkpoints_CNN/CNN_mnist_custom_BK_2layer_bk1_20_ratio_1/last' (iter 2345, epoch 5.0)
EarlyStopping counter: 1 out of 10
=> saved checkpoint 'checkpoint_scores_CNN/CNN_mnist_custom_BK_2layer_bk1_20_ratio_1/last' (iter 2345, epoch 5.0)
[Save Checkpoint] epoch: [5.0], Train score:53.66500, Test score:53.54000, train loss:-0.40547, test loss:-0.40494, ratio_train_loss:0.77735,ratio_test_loss:0.75237, total_loss_train:0.37188,total_loss_test:0.34742, 
=> saved checkpoint 'checkpoints_CNN/CNN_mnist_custom_BK_2layer_bk1_20_ratio_1/last' (iter 2814, epoch 6.0)
EarlyStopping counter: 2 out of 10
=> saved checkpoint 'checkpoint_scores_CNN/CNN_mnist_custom_BK_2layer_bk1_20_ratio_1/last' (iter 2814, epoch 6.0)
[Save Checkpoint] epoch: [6.0], Train score:53.39167, Test score:53.36000, train loss:-0.40569, test loss:-0.40509, ratio_train_loss:0.77888,ratio_test_loss:0.75385, total_loss_train:0.37319,total_loss_test:0.34876, 
=> saved checkpoint 'checkpoints_CNN/CNN_mnist_custom_BK_2layer_bk1_20_ratio_1/last' (iter 3283, epoch 7.0)
EarlyStopping counter: 3 out of 10
=> saved checkpoint 'checkpoint_scores_CNN/CNN_mnist_custom_BK_2layer_bk1_20_ratio_1/last' (iter 3283, epoch 7.0)
[Save Checkpoint] epoch: [7.0], Train score:53.80167, Test score:53.80000, train loss:-0.40537, test loss:-0.40485, ratio_train_loss:0.77956,ratio_test_loss:0.75446, total_loss_train:0.37419,total_loss_test:0.34962, 
=> saved checkpoint 'checkpoints_CNN/CNN_mnist_custom_BK_2layer_bk1_20_ratio_1/last' (iter 3752, epoch 8.0)
EarlyStopping counter: 4 out of 10
=> saved checkpoint 'checkpoint_scores_CNN/CNN_mnist_custom_BK_2layer_bk1_20_ratio_1/last' (iter 3752, epoch 8.0)
[Save Checkpoint] epoch: [8.0], Train score:53.97167, Test score:53.90000, train loss:-0.40418, test loss:-0.40368, ratio_train_loss:0.77915,ratio_test_loss:0.75400, total_loss_train:0.37497,total_loss_test:0.35032, 
=> saved checkpoint 'checkpoints_CNN/CNN_mnist_custom_BK_2layer_bk1_20_ratio_1/last' (iter 4221, epoch 9.0)
EarlyStopping counter: 5 out of 10
=> saved checkpoint 'checkpoint_scores_CNN/CNN_mnist_custom_BK_2layer_bk1_20_ratio_1/last' (iter 4221, epoch 9.0)
[Save Checkpoint] epoch: [9.0], Train score:53.68333, Test score:53.66000, train loss:-0.40550, test loss:-0.40496, ratio_train_loss:0.77806,ratio_test_loss:0.75315, total_loss_train:0.37256,total_loss_test:0.34819, 
=> saved checkpoint 'checkpoints_CNN/CNN_mnist_custom_BK_2layer_bk1_20_ratio_1/last' (iter 4690, epoch 10.0)
EarlyStopping counter: 6 out of 10
=> saved checkpoint 'checkpoint_scores_CNN/CNN_mnist_custom_BK_2layer_bk1_20_ratio_1/last' (iter 4690, epoch 10.0)
[Save Checkpoint] epoch: [10.0], Train score:53.71667, Test score:53.65000, train loss:-0.40489, test loss:-0.40430, ratio_train_loss:0.77875,ratio_test_loss:0.75356, total_loss_train:0.37386,total_loss_test:0.34926, 
=> saved checkpoint 'checkpoints_CNN/CNN_mnist_custom_BK_2layer_bk1_20_ratio_1/last' (iter 5159, epoch 11.0)
EarlyStopping counter: 7 out of 10
=> saved checkpoint 'checkpoint_scores_CNN/CNN_mnist_custom_BK_2layer_bk1_20_ratio_1/last' (iter 5159, epoch 11.0)
[Save Checkpoint] epoch: [11.0], Train score:53.89000, Test score:53.83000, train loss:-0.40549, test loss:-0.40490, ratio_train_loss:0.77832,ratio_test_loss:0.75319, total_loss_train:0.37283,total_loss_test:0.34828, 
=> saved checkpoint 'checkpoints_CNN/CNN_mnist_custom_BK_2layer_bk1_20_ratio_1/last' (iter 5628, epoch 12.0)
=> saved checkpoint 'checkpoint_scores_CNN/CNN_mnist_custom_BK_2layer_bk1_20_ratio_1/last' (iter 5628, epoch 12.0)
[Save Checkpoint] epoch: [12.0], Train score:53.65833, Test score:53.50000, train loss:-0.40765, test loss:-0.40717, ratio_train_loss:0.77671,ratio_test_loss:0.75144, total_loss_train:0.36906,total_loss_test:0.34427, 
=> saved checkpoint 'checkpoints_CNN/CNN_mnist_custom_BK_2layer_bk1_20_ratio_1/last' (iter 6097, epoch 13.0)
EarlyStopping counter: 1 out of 10
=> saved checkpoint 'checkpoint_scores_CNN/CNN_mnist_custom_BK_2layer_bk1_20_ratio_1/last' (iter 6097, epoch 13.0)
[Save Checkpoint] epoch: [13.0], Train score:53.18167, Test score:53.10000, train loss:-0.40306, test loss:-0.40225, ratio_train_loss:0.77858,ratio_test_loss:0.75369, total_loss_train:0.37552,total_loss_test:0.35144, 
=> saved checkpoint 'checkpoints_CNN/CNN_mnist_custom_BK_2layer_bk1_20_ratio_1/last' (iter 6566, epoch 14.0)
=> saved checkpoint 'checkpoint_scores_CNN/CNN_mnist_custom_BK_2layer_bk1_20_ratio_1/last' (iter 6566, epoch 14.0)
[Save Checkpoint] epoch: [14.0], Train score:54.07500, Test score:53.99000, train loss:-0.40911, test loss:-0.40864, ratio_train_loss:0.77551,ratio_test_loss:0.75035, total_loss_train:0.36640,total_loss_test:0.34171, 
=> saved checkpoint 'checkpoints_CNN/CNN_mnist_custom_BK_2layer_bk1_20_ratio_1/last' (iter 7035, epoch 15.0)
EarlyStopping counter: 1 out of 10
=> saved checkpoint 'checkpoint_scores_CNN/CNN_mnist_custom_BK_2layer_bk1_20_ratio_1/last' (iter 7035, epoch 15.0)
[Save Checkpoint] epoch: [15.0], Train score:54.13000, Test score:54.13000, train loss:-0.40376, test loss:-0.40336, ratio_train_loss:0.77625,ratio_test_loss:0.75122, total_loss_train:0.37249,total_loss_test:0.34786, 
=> saved checkpoint 'checkpoints_CNN/CNN_mnist_custom_BK_2layer_bk1_20_ratio_1/last' (iter 7504, epoch 16.0)
EarlyStopping counter: 2 out of 10
=> saved checkpoint 'checkpoint_scores_CNN/CNN_mnist_custom_BK_2layer_bk1_20_ratio_1/last' (iter 7504, epoch 16.0)
[Save Checkpoint] epoch: [16.0], Train score:53.49500, Test score:53.46000, train loss:-0.40434, test loss:-0.40380, ratio_train_loss:0.77821,ratio_test_loss:0.75310, total_loss_train:0.37387,total_loss_test:0.34929, 
=> saved checkpoint 'checkpoints_CNN/CNN_mnist_custom_BK_2layer_bk1_20_ratio_1/last' (iter 7973, epoch 17.0)
EarlyStopping counter: 3 out of 10
=> saved checkpoint 'checkpoint_scores_CNN/CNN_mnist_custom_BK_2layer_bk1_20_ratio_1/last' (iter 7973, epoch 17.0)
[Save Checkpoint] epoch: [17.0], Train score:53.55000, Test score:53.36000, train loss:-0.40616, test loss:-0.40568, ratio_train_loss:0.77632,ratio_test_loss:0.75126, total_loss_train:0.37016,total_loss_test:0.34558, 
=> saved checkpoint 'checkpoints_CNN/CNN_mnist_custom_BK_2layer_bk1_20_ratio_1/last' (iter 8442, epoch 18.0)
EarlyStopping counter: 4 out of 10
=> saved checkpoint 'checkpoint_scores_CNN/CNN_mnist_custom_BK_2layer_bk1_20_ratio_1/last' (iter 8442, epoch 18.0)
[Save Checkpoint] epoch: [18.0], Train score:53.98667, Test score:53.97000, train loss:-0.40618, test loss:-0.40584, ratio_train_loss:0.77736,ratio_test_loss:0.75226, total_loss_train:0.37117,total_loss_test:0.34642, 
=> saved checkpoint 'checkpoints_CNN/CNN_mnist_custom_BK_2layer_bk1_20_ratio_1/last' (iter 8911, epoch 19.0)
EarlyStopping counter: 5 out of 10
=> saved checkpoint 'checkpoint_scores_CNN/CNN_mnist_custom_BK_2layer_bk1_20_ratio_1/last' (iter 8911, epoch 19.0)
[Save Checkpoint] epoch: [19.0], Train score:53.58000, Test score:53.43000, train loss:-0.40485, test loss:-0.40428, ratio_train_loss:0.77933,ratio_test_loss:0.75393, total_loss_train:0.37448,total_loss_test:0.34964, 
=> saved checkpoint 'checkpoints_CNN/CNN_mnist_custom_BK_2layer_bk1_20_ratio_1/last' (iter 9380, epoch 20.0)
EarlyStopping counter: 6 out of 10
=> saved checkpoint 'checkpoint_scores_CNN/CNN_mnist_custom_BK_2layer_bk1_20_ratio_1/last' (iter 9380, epoch 20.0)
[Save Checkpoint] epoch: [20.0], Train score:53.86167, Test score:53.83000, train loss:-0.40680, test loss:-0.40627, ratio_train_loss:0.77761,ratio_test_loss:0.75263, total_loss_train:0.37080,total_loss_test:0.34635, 
=> saved checkpoint 'checkpoints_CNN/CNN_mnist_custom_BK_2layer_bk1_20_ratio_1/last' (iter 9849, epoch 21.0)
EarlyStopping counter: 7 out of 10
=> saved checkpoint 'checkpoint_scores_CNN/CNN_mnist_custom_BK_2layer_bk1_20_ratio_1/last' (iter 9849, epoch 21.0)
[Save Checkpoint] epoch: [21.0], Train score:53.54833, Test score:53.51000, train loss:-0.40612, test loss:-0.40545, ratio_train_loss:0.77704,ratio_test_loss:0.75198, total_loss_train:0.37092,total_loss_test:0.34654, 
=> saved checkpoint 'checkpoints_CNN/CNN_mnist_custom_BK_2layer_bk1_20_ratio_1/last' (iter 10318, epoch 22.0)
EarlyStopping counter: 8 out of 10
=> saved checkpoint 'checkpoint_scores_CNN/CNN_mnist_custom_BK_2layer_bk1_20_ratio_1/last' (iter 10318, epoch 22.0)
[Save Checkpoint] epoch: [22.0], Train score:53.75500, Test score:53.65000, train loss:-0.40729, test loss:-0.40666, ratio_train_loss:0.77826,ratio_test_loss:0.75307, total_loss_train:0.37096,total_loss_test:0.34641, 
=> saved checkpoint 'checkpoints_CNN/CNN_mnist_custom_BK_2layer_bk1_20_ratio_1/last' (iter 10787, epoch 23.0)
EarlyStopping counter: 9 out of 10
=> saved checkpoint 'checkpoint_scores_CNN/CNN_mnist_custom_BK_2layer_bk1_20_ratio_1/last' (iter 10787, epoch 23.0)
[Save Checkpoint] epoch: [23.0], Train score:53.28167, Test score:53.11000, train loss:-0.40410, test loss:-0.40349, ratio_train_loss:0.77971,ratio_test_loss:0.75463, total_loss_train:0.37561,total_loss_test:0.35113, 
=> saved checkpoint 'checkpoints_CNN/CNN_mnist_custom_BK_2layer_bk1_20_ratio_1/last' (iter 11256, epoch 24.0)
EarlyStopping counter: 10 out of 10
=> saved checkpoint 'checkpoint_scores_CNN/CNN_mnist_custom_BK_2layer_bk1_20_ratio_1/last' (iter 11256, epoch 24.0)
[Save Checkpoint] epoch: [24.0], Train score:53.29167, Test score:53.26000, train loss:-0.40292, test loss:-0.40229, ratio_train_loss:0.77705,ratio_test_loss:0.75192, total_loss_train:0.37413,total_loss_test:0.34963, 
Early stopping
[Training Finished]
All Done!
