42
--dataset mnist --model CNN --gpu_devices 0 1 --max_iter 50 --batch_size 256 --ckpt_dir checkpoints_CNN --ckpt_dir_scores checkpoint_scores_CNN --use_scheduler True --GMP True --lr 1e-3 --z_struct_size 20 --add_classification_layer True --classif_layer_size 30 --is_default_model False --is_custom_model False --is_custom_model_BK True --big_kernel_size 8 --two_conv_layer True --three_conv_layer False --BK_in_first_layer True --BK_in_second_layer False --BK_in_third_layer False --stride_size 1 --hidden_filters_layer1 32 --hidden_filters_layer2 32 --hidden_filters_layer3 32 --ratio_reg True --lambda_ratio_reg 1 --lambda_class 1 --other_ratio True --exp_name CNN_mnist_custom_BK_2layer_bk1_20_other_ratio_bs_256_1
Namespace(BK_in_first_layer=True, BK_in_second_layer=False, BK_in_third_layer=False, BN=False, C_max=25, C_stop_iter=100000.0, E1_AE=False, E1_VAE=False, E1_conv=False, E1_dense=False, E1_second_conv=False, E1_second_conv_adapt=False, GMP=True, L1_norm_act=False, L1_norm_weights=False, L3_without_random=False, adapt_lr=False, add_classification_layer=True, add_linear_after_GMP=True, add_z_struct_bottleneck=False, batch_size=256, beta=1, beta1=0.9, beta2=0.999, big_kernel=False, big_kernel_size=[8], binary_z=False, ckpt_dir='checkpoints_CNN', ckpt_dir_scores='checkpoint_scores_CNN', classif_layer_size=30, cuda=True, dataset='mnist', display_step=10000, dset_dir='data', exp_name='CNN_mnist_custom_BK_2layer_bk1_20_other_ratio_bs_256_1', gamma=1000, gpu_devices=[0, 1], hidden_filters_layer1=32, hidden_filters_layer2=32, hidden_filters_layer3=32, image_size=64, is_C=True, is_E1=False, is_binary_structural_latent=False, is_custom_model=False, is_custom_model_BK=True, is_default_model=False, is_noise_stats=False, is_partial_rand_class=False, is_perturbed_score=False, is_zvar_sim_loss=False, just_train=False, kernel_size=4, lambda_Kl_struct=1, lambda_Kl_var=1, lambda_L1=0.01, lambda_VAE=1, lambda_class=1.0, lambda_partial_class=1, lambda_ratio_reg=1.0, lambda_recon_wt_rand=1, lambda_recons=1, lambda_zvar_sim=1, latent_spec_cont=None, latent_spec_cont_class=None, latent_spec_cont_var=None, latent_spec_disc=None, latent_spec_disc_class=None, latent_spec_disc_var=None, log_level='info', lr=0.001, max_iter=50.0, model='CNN', num_workers=2, old_weighted=False, other_ratio=True, random_percentage=0.2, ratio_reg=True, save_step=10000, second_layer_C=False, seed=1, stride_size=1, three_conv_layer=False, train=True, two_conv_layer=True, two_encoder=False, use_early_stopping=False, use_scheduler=True, z_struct_size=20, zeros_W_Classif=False, zvar_sim_change_zvar=False, zvar_sim_loss_for_all_model=False, zvar_sim_loss_only_for_encoder=False, zvar_sim_normal=False, zvar_sim_var_rand=False)
CUDA Visible devices !
Custom_CNN_BK(
  (net): Sequential(
    (0): Conv2d(1, 32, kernel_size=(8, 8), stride=(1, 1))
    (1): BatchNorm2d(32, eps=1e-05, momentum=0.1, affine=True, track_running_stats=True)
    (2): ReLU(inplace=True)
    (3): Conv2d(32, 32, kernel_size=(4, 4), stride=(1, 1))
    (4): BatchNorm2d(32, eps=1e-05, momentum=0.1, affine=True, track_running_stats=True)
    (5): ReLU(inplace=True)
    (6): AdaptiveMaxPool2d(output_size=(1, 1))
    (7): View()
    (8): Linear(in_features=32, out_features=20, bias=True)
    (9): BatchNorm1d(20, eps=1e-05, momentum=0.1, affine=True, track_running_stats=True)
    (10): ReLU(inplace=True)
    (11): Dropout(p=0.4, inplace=False)
    (12): Linear(in_features=20, out_features=30, bias=True)
    (13): BatchNorm1d(30, eps=1e-05, momentum=0.1, affine=True, track_running_stats=True)
    (14): ReLU(inplace=True)
    (15): Dropout(p=0.4, inplace=False)
    (16): Linear(in_features=30, out_features=10, bias=True)
    (17): Softmax(dim=None)
  )
)
The number of parameters of model is 20324
use 1 gpu who named: Tesla V100-SXM2-32GB
=> loaded sample_scores and losses
=> loaded checkpoint 'checkpoints_CNN/CNN_mnist_custom_BK_2layer_bk1_20_other_ratio_bs_256_1/last (iter 23500)'
=> saved checkpoint 'checkpoints_CNN/CNN_mnist_custom_BK_2layer_bk1_20_other_ratio_bs_256_1/last' (iter 235, epoch 1.0)
=> saved checkpoint 'checkpoint_scores_CNN/CNN_mnist_custom_BK_2layer_bk1_20_other_ratio_bs_256_1/last' (iter 235, epoch 1.0)
[Save Checkpoint] epoch: [1.0], Train score:98.96667, Test score:98.42000, train loss:-0.98961, test loss:-0.98440, ratio_train_loss:1.87713,ratio_test_loss:0.77395, total_loss_train:0.88752,total_loss_test:-0.21045, 
=> saved checkpoint 'checkpoints_CNN/CNN_mnist_custom_BK_2layer_bk1_20_other_ratio_bs_256_1/last' (iter 470, epoch 2.0)
=> saved checkpoint 'checkpoint_scores_CNN/CNN_mnist_custom_BK_2layer_bk1_20_other_ratio_bs_256_1/last' (iter 470, epoch 2.0)
[Save Checkpoint] epoch: [2.0], Train score:99.05167, Test score:98.48000, train loss:-0.99039, test loss:-0.98494, ratio_train_loss:1.95622,ratio_test_loss:0.75243, total_loss_train:0.96583,total_loss_test:-0.23251, 
=> saved checkpoint 'checkpoints_CNN/CNN_mnist_custom_BK_2layer_bk1_20_other_ratio_bs_256_1/last' (iter 705, epoch 3.0)
=> saved checkpoint 'checkpoint_scores_CNN/CNN_mnist_custom_BK_2layer_bk1_20_other_ratio_bs_256_1/last' (iter 705, epoch 3.0)
[Save Checkpoint] epoch: [3.0], Train score:98.95167, Test score:98.36000, train loss:-0.98944, test loss:-0.98382, ratio_train_loss:1.99685,ratio_test_loss:0.78565, total_loss_train:1.00741,total_loss_test:-0.19817, 
=> saved checkpoint 'checkpoints_CNN/CNN_mnist_custom_BK_2layer_bk1_20_other_ratio_bs_256_1/last' (iter 940, epoch 4.0)
=> saved checkpoint 'checkpoint_scores_CNN/CNN_mnist_custom_BK_2layer_bk1_20_other_ratio_bs_256_1/last' (iter 940, epoch 4.0)
[Save Checkpoint] epoch: [4.0], Train score:98.90500, Test score:98.28000, train loss:-0.98893, test loss:-0.98302, ratio_train_loss:1.93142,ratio_test_loss:0.75561, total_loss_train:0.94248,total_loss_test:-0.22741, 
=> saved checkpoint 'checkpoints_CNN/CNN_mnist_custom_BK_2layer_bk1_20_other_ratio_bs_256_1/last' (iter 1175, epoch 5.0)
=> saved checkpoint 'checkpoint_scores_CNN/CNN_mnist_custom_BK_2layer_bk1_20_other_ratio_bs_256_1/last' (iter 1175, epoch 5.0)
[Save Checkpoint] epoch: [5.0], Train score:98.94333, Test score:98.40000, train loss:-0.98934, test loss:-0.98436, ratio_train_loss:1.96184,ratio_test_loss:0.78282, total_loss_train:0.97250,total_loss_test:-0.20154, 
=> saved checkpoint 'checkpoints_CNN/CNN_mnist_custom_BK_2layer_bk1_20_other_ratio_bs_256_1/last' (iter 1410, epoch 6.0)
=> saved checkpoint 'checkpoint_scores_CNN/CNN_mnist_custom_BK_2layer_bk1_20_other_ratio_bs_256_1/last' (iter 1410, epoch 6.0)
[Save Checkpoint] epoch: [6.0], Train score:98.99333, Test score:98.45000, train loss:-0.98991, test loss:-0.98471, ratio_train_loss:1.92725,ratio_test_loss:0.76076, total_loss_train:0.93733,total_loss_test:-0.22395, 
=> saved checkpoint 'checkpoints_CNN/CNN_mnist_custom_BK_2layer_bk1_20_other_ratio_bs_256_1/last' (iter 1645, epoch 7.0)
=> saved checkpoint 'checkpoint_scores_CNN/CNN_mnist_custom_BK_2layer_bk1_20_other_ratio_bs_256_1/last' (iter 1645, epoch 7.0)
[Save Checkpoint] epoch: [7.0], Train score:98.96500, Test score:98.32000, train loss:-0.98962, test loss:-0.98366, ratio_train_loss:1.90424,ratio_test_loss:0.82567, total_loss_train:0.91462,total_loss_test:-0.15799, 
=> saved checkpoint 'checkpoints_CNN/CNN_mnist_custom_BK_2layer_bk1_20_other_ratio_bs_256_1/last' (iter 1880, epoch 8.0)
=> saved checkpoint 'checkpoint_scores_CNN/CNN_mnist_custom_BK_2layer_bk1_20_other_ratio_bs_256_1/last' (iter 1880, epoch 8.0)
[Save Checkpoint] epoch: [8.0], Train score:99.04833, Test score:98.39000, train loss:-0.99046, test loss:-0.98415, ratio_train_loss:1.98909,ratio_test_loss:0.73165, total_loss_train:0.99863,total_loss_test:-0.25251, 
=> saved checkpoint 'checkpoints_CNN/CNN_mnist_custom_BK_2layer_bk1_20_other_ratio_bs_256_1/last' (iter 2115, epoch 9.0)
=> saved checkpoint 'checkpoint_scores_CNN/CNN_mnist_custom_BK_2layer_bk1_20_other_ratio_bs_256_1/last' (iter 2115, epoch 9.0)
[Save Checkpoint] epoch: [9.0], Train score:99.03500, Test score:98.33000, train loss:-0.99034, test loss:-0.98371, ratio_train_loss:1.90927,ratio_test_loss:0.72838, total_loss_train:0.91894,total_loss_test:-0.25533, 
=> saved checkpoint 'checkpoints_CNN/CNN_mnist_custom_BK_2layer_bk1_20_other_ratio_bs_256_1/last' (iter 2350, epoch 10.0)
=> saved checkpoint 'checkpoint_scores_CNN/CNN_mnist_custom_BK_2layer_bk1_20_other_ratio_bs_256_1/last' (iter 2350, epoch 10.0)
[Save Checkpoint] epoch: [10.0], Train score:99.04500, Test score:98.39000, train loss:-0.99028, test loss:-0.98408, ratio_train_loss:1.99835,ratio_test_loss:0.74865, total_loss_train:1.00807,total_loss_test:-0.23544, 
=> saved checkpoint 'checkpoints_CNN/CNN_mnist_custom_BK_2layer_bk1_20_other_ratio_bs_256_1/last' (iter 2585, epoch 11.0)
=> saved checkpoint 'checkpoint_scores_CNN/CNN_mnist_custom_BK_2layer_bk1_20_other_ratio_bs_256_1/last' (iter 2585, epoch 11.0)
[Save Checkpoint] epoch: [11.0], Train score:99.02833, Test score:98.34000, train loss:-0.99013, test loss:-0.98362, ratio_train_loss:1.90989,ratio_test_loss:0.75824, total_loss_train:0.91976,total_loss_test:-0.22538, 
=> saved checkpoint 'checkpoints_CNN/CNN_mnist_custom_BK_2layer_bk1_20_other_ratio_bs_256_1/last' (iter 2820, epoch 12.0)
=> saved checkpoint 'checkpoint_scores_CNN/CNN_mnist_custom_BK_2layer_bk1_20_other_ratio_bs_256_1/last' (iter 2820, epoch 12.0)
[Save Checkpoint] epoch: [12.0], Train score:99.00833, Test score:98.26000, train loss:-0.99008, test loss:-0.98312, ratio_train_loss:1.95531,ratio_test_loss:0.72884, total_loss_train:0.96523,total_loss_test:-0.25429, 
=> saved checkpoint 'checkpoints_CNN/CNN_mnist_custom_BK_2layer_bk1_20_other_ratio_bs_256_1/last' (iter 3055, epoch 13.0)
=> saved checkpoint 'checkpoint_scores_CNN/CNN_mnist_custom_BK_2layer_bk1_20_other_ratio_bs_256_1/last' (iter 3055, epoch 13.0)
[Save Checkpoint] epoch: [13.0], Train score:99.06000, Test score:98.42000, train loss:-0.99058, test loss:-0.98434, ratio_train_loss:1.92705,ratio_test_loss:0.76045, total_loss_train:0.93646,total_loss_test:-0.22389, 
=> saved checkpoint 'checkpoints_CNN/CNN_mnist_custom_BK_2layer_bk1_20_other_ratio_bs_256_1/last' (iter 3290, epoch 14.0)
=> saved checkpoint 'checkpoint_scores_CNN/CNN_mnist_custom_BK_2layer_bk1_20_other_ratio_bs_256_1/last' (iter 3290, epoch 14.0)
[Save Checkpoint] epoch: [14.0], Train score:98.98167, Test score:98.41000, train loss:-0.98978, test loss:-0.98417, ratio_train_loss:1.80013,ratio_test_loss:0.82110, total_loss_train:0.81035,total_loss_test:-0.16307, 
=> saved checkpoint 'checkpoints_CNN/CNN_mnist_custom_BK_2layer_bk1_20_other_ratio_bs_256_1/last' (iter 3525, epoch 15.0)
=> saved checkpoint 'checkpoint_scores_CNN/CNN_mnist_custom_BK_2layer_bk1_20_other_ratio_bs_256_1/last' (iter 3525, epoch 15.0)
[Save Checkpoint] epoch: [15.0], Train score:98.96667, Test score:98.29000, train loss:-0.98957, test loss:-0.98321, ratio_train_loss:1.95671,ratio_test_loss:0.72452, total_loss_train:0.96714,total_loss_test:-0.25869, 
=> saved checkpoint 'checkpoints_CNN/CNN_mnist_custom_BK_2layer_bk1_20_other_ratio_bs_256_1/last' (iter 3760, epoch 16.0)
=> saved checkpoint 'checkpoint_scores_CNN/CNN_mnist_custom_BK_2layer_bk1_20_other_ratio_bs_256_1/last' (iter 3760, epoch 16.0)
[Save Checkpoint] epoch: [16.0], Train score:98.96500, Test score:98.28000, train loss:-0.98947, test loss:-0.98329, ratio_train_loss:1.94140,ratio_test_loss:0.75610, total_loss_train:0.95193,total_loss_test:-0.22719, 
=> saved checkpoint 'checkpoints_CNN/CNN_mnist_custom_BK_2layer_bk1_20_other_ratio_bs_256_1/last' (iter 3995, epoch 17.0)
=> saved checkpoint 'checkpoint_scores_CNN/CNN_mnist_custom_BK_2layer_bk1_20_other_ratio_bs_256_1/last' (iter 3995, epoch 17.0)
[Save Checkpoint] epoch: [17.0], Train score:99.08833, Test score:98.41000, train loss:-0.99079, test loss:-0.98431, ratio_train_loss:1.91516,ratio_test_loss:0.83110, total_loss_train:0.92437,total_loss_test:-0.15321, 
=> saved checkpoint 'checkpoints_CNN/CNN_mnist_custom_BK_2layer_bk1_20_other_ratio_bs_256_1/last' (iter 4230, epoch 18.0)
=> saved checkpoint 'checkpoint_scores_CNN/CNN_mnist_custom_BK_2layer_bk1_20_other_ratio_bs_256_1/last' (iter 4230, epoch 18.0)
[Save Checkpoint] epoch: [18.0], Train score:99.01667, Test score:98.41000, train loss:-0.99005, test loss:-0.98427, ratio_train_loss:1.86279,ratio_test_loss:0.77723, total_loss_train:0.87274,total_loss_test:-0.20704, 
=> saved checkpoint 'checkpoints_CNN/CNN_mnist_custom_BK_2layer_bk1_20_other_ratio_bs_256_1/last' (iter 4465, epoch 19.0)
=> saved checkpoint 'checkpoint_scores_CNN/CNN_mnist_custom_BK_2layer_bk1_20_other_ratio_bs_256_1/last' (iter 4465, epoch 19.0)
[Save Checkpoint] epoch: [19.0], Train score:99.06667, Test score:98.52000, train loss:-0.99057, test loss:-0.98544, ratio_train_loss:1.82029,ratio_test_loss:0.77328, total_loss_train:0.82973,total_loss_test:-0.21217, 
=> saved checkpoint 'checkpoints_CNN/CNN_mnist_custom_BK_2layer_bk1_20_other_ratio_bs_256_1/last' (iter 4700, epoch 20.0)
=> saved checkpoint 'checkpoint_scores_CNN/CNN_mnist_custom_BK_2layer_bk1_20_other_ratio_bs_256_1/last' (iter 4700, epoch 20.0)
[Save Checkpoint] epoch: [20.0], Train score:98.97667, Test score:98.44000, train loss:-0.98969, test loss:-0.98457, ratio_train_loss:1.87125,ratio_test_loss:0.76181, total_loss_train:0.88157,total_loss_test:-0.22276, 
=> saved checkpoint 'checkpoints_CNN/CNN_mnist_custom_BK_2layer_bk1_20_other_ratio_bs_256_1/last' (iter 4935, epoch 21.0)
=> saved checkpoint 'checkpoint_scores_CNN/CNN_mnist_custom_BK_2layer_bk1_20_other_ratio_bs_256_1/last' (iter 4935, epoch 21.0)
[Save Checkpoint] epoch: [21.0], Train score:98.95833, Test score:98.27000, train loss:-0.98939, test loss:-0.98308, ratio_train_loss:1.82165,ratio_test_loss:0.75752, total_loss_train:0.83226,total_loss_test:-0.22556, 
=> saved checkpoint 'checkpoints_CNN/CNN_mnist_custom_BK_2layer_bk1_20_other_ratio_bs_256_1/last' (iter 5170, epoch 22.0)
=> saved checkpoint 'checkpoint_scores_CNN/CNN_mnist_custom_BK_2layer_bk1_20_other_ratio_bs_256_1/last' (iter 5170, epoch 22.0)
[Save Checkpoint] epoch: [22.0], Train score:99.02667, Test score:98.64000, train loss:-0.99021, test loss:-0.98649, ratio_train_loss:1.91004,ratio_test_loss:0.77613, total_loss_train:0.91983,total_loss_test:-0.21037, 
=> saved checkpoint 'checkpoints_CNN/CNN_mnist_custom_BK_2layer_bk1_20_other_ratio_bs_256_1/last' (iter 5405, epoch 23.0)
=> saved checkpoint 'checkpoint_scores_CNN/CNN_mnist_custom_BK_2layer_bk1_20_other_ratio_bs_256_1/last' (iter 5405, epoch 23.0)
[Save Checkpoint] epoch: [23.0], Train score:98.82667, Test score:98.40000, train loss:-0.98814, test loss:-0.98407, ratio_train_loss:1.83189,ratio_test_loss:0.82355, total_loss_train:0.84374,total_loss_test:-0.16053, 
=> saved checkpoint 'checkpoints_CNN/CNN_mnist_custom_BK_2layer_bk1_20_other_ratio_bs_256_1/last' (iter 5640, epoch 24.0)
=> saved checkpoint 'checkpoint_scores_CNN/CNN_mnist_custom_BK_2layer_bk1_20_other_ratio_bs_256_1/last' (iter 5640, epoch 24.0)
[Save Checkpoint] epoch: [24.0], Train score:99.01667, Test score:98.44000, train loss:-0.99008, test loss:-0.98477, ratio_train_loss:1.91053,ratio_test_loss:0.76074, total_loss_train:0.92045,total_loss_test:-0.22403, 
=> saved checkpoint 'checkpoints_CNN/CNN_mnist_custom_BK_2layer_bk1_20_other_ratio_bs_256_1/last' (iter 5875, epoch 25.0)
=> saved checkpoint 'checkpoint_scores_CNN/CNN_mnist_custom_BK_2layer_bk1_20_other_ratio_bs_256_1/last' (iter 5875, epoch 25.0)
[Save Checkpoint] epoch: [25.0], Train score:99.01667, Test score:98.33000, train loss:-0.98998, test loss:-0.98370, ratio_train_loss:2.01114,ratio_test_loss:0.79813, total_loss_train:1.02116,total_loss_test:-0.18557, 
=> saved checkpoint 'checkpoints_CNN/CNN_mnist_custom_BK_2layer_bk1_20_other_ratio_bs_256_1/last' (iter 6110, epoch 26.0)
=> saved checkpoint 'checkpoint_scores_CNN/CNN_mnist_custom_BK_2layer_bk1_20_other_ratio_bs_256_1/last' (iter 6110, epoch 26.0)
[Save Checkpoint] epoch: [26.0], Train score:98.94667, Test score:98.29000, train loss:-0.98941, test loss:-0.98330, ratio_train_loss:1.82101,ratio_test_loss:0.78977, total_loss_train:0.83160,total_loss_test:-0.19353, 
=> saved checkpoint 'checkpoints_CNN/CNN_mnist_custom_BK_2layer_bk1_20_other_ratio_bs_256_1/last' (iter 6345, epoch 27.0)
=> saved checkpoint 'checkpoint_scores_CNN/CNN_mnist_custom_BK_2layer_bk1_20_other_ratio_bs_256_1/last' (iter 6345, epoch 27.0)
[Save Checkpoint] epoch: [27.0], Train score:99.08500, Test score:98.54000, train loss:-0.99083, test loss:-0.98565, ratio_train_loss:1.93766,ratio_test_loss:0.76920, total_loss_train:0.94684,total_loss_test:-0.21646, 
=> saved checkpoint 'checkpoints_CNN/CNN_mnist_custom_BK_2layer_bk1_20_other_ratio_bs_256_1/last' (iter 6580, epoch 28.0)
=> saved checkpoint 'checkpoint_scores_CNN/CNN_mnist_custom_BK_2layer_bk1_20_other_ratio_bs_256_1/last' (iter 6580, epoch 28.0)
[Save Checkpoint] epoch: [28.0], Train score:99.08000, Test score:98.33000, train loss:-0.99073, test loss:-0.98369, ratio_train_loss:1.90747,ratio_test_loss:0.82784, total_loss_train:0.91675,total_loss_test:-0.15585, 
=> saved checkpoint 'checkpoints_CNN/CNN_mnist_custom_BK_2layer_bk1_20_other_ratio_bs_256_1/last' (iter 6815, epoch 29.0)
=> saved checkpoint 'checkpoint_scores_CNN/CNN_mnist_custom_BK_2layer_bk1_20_other_ratio_bs_256_1/last' (iter 6815, epoch 29.0)
[Save Checkpoint] epoch: [29.0], Train score:98.97833, Test score:98.28000, train loss:-0.98966, test loss:-0.98304, ratio_train_loss:1.92641,ratio_test_loss:0.76776, total_loss_train:0.93674,total_loss_test:-0.21528, 
=> saved checkpoint 'checkpoints_CNN/CNN_mnist_custom_BK_2layer_bk1_20_other_ratio_bs_256_1/last' (iter 7050, epoch 30.0)
=> saved checkpoint 'checkpoint_scores_CNN/CNN_mnist_custom_BK_2layer_bk1_20_other_ratio_bs_256_1/last' (iter 7050, epoch 30.0)
[Save Checkpoint] epoch: [30.0], Train score:99.04333, Test score:98.47000, train loss:-0.99039, test loss:-0.98486, ratio_train_loss:1.92746,ratio_test_loss:0.85104, total_loss_train:0.93706,total_loss_test:-0.13382, 
=> saved checkpoint 'checkpoints_CNN/CNN_mnist_custom_BK_2layer_bk1_20_other_ratio_bs_256_1/last' (iter 7285, epoch 31.0)
=> saved checkpoint 'checkpoint_scores_CNN/CNN_mnist_custom_BK_2layer_bk1_20_other_ratio_bs_256_1/last' (iter 7285, epoch 31.0)
[Save Checkpoint] epoch: [31.0], Train score:99.06333, Test score:98.45000, train loss:-0.99061, test loss:-0.98442, ratio_train_loss:1.87446,ratio_test_loss:0.77730, total_loss_train:0.88385,total_loss_test:-0.20712, 
=> saved checkpoint 'checkpoints_CNN/CNN_mnist_custom_BK_2layer_bk1_20_other_ratio_bs_256_1/last' (iter 7520, epoch 32.0)
=> saved checkpoint 'checkpoint_scores_CNN/CNN_mnist_custom_BK_2layer_bk1_20_other_ratio_bs_256_1/last' (iter 7520, epoch 32.0)
[Save Checkpoint] epoch: [32.0], Train score:99.05333, Test score:98.37000, train loss:-0.99046, test loss:-0.98407, ratio_train_loss:1.88817,ratio_test_loss:0.79389, total_loss_train:0.89772,total_loss_test:-0.19019, 
=> saved checkpoint 'checkpoints_CNN/CNN_mnist_custom_BK_2layer_bk1_20_other_ratio_bs_256_1/last' (iter 7755, epoch 33.0)
=> saved checkpoint 'checkpoint_scores_CNN/CNN_mnist_custom_BK_2layer_bk1_20_other_ratio_bs_256_1/last' (iter 7755, epoch 33.0)
[Save Checkpoint] epoch: [33.0], Train score:98.92667, Test score:98.19000, train loss:-0.98925, test loss:-0.98234, ratio_train_loss:2.02198,ratio_test_loss:0.72283, total_loss_train:1.03273,total_loss_test:-0.25951, 
=> saved checkpoint 'checkpoints_CNN/CNN_mnist_custom_BK_2layer_bk1_20_other_ratio_bs_256_1/last' (iter 7990, epoch 34.0)
=> saved checkpoint 'checkpoint_scores_CNN/CNN_mnist_custom_BK_2layer_bk1_20_other_ratio_bs_256_1/last' (iter 7990, epoch 34.0)
[Save Checkpoint] epoch: [34.0], Train score:98.91667, Test score:98.18000, train loss:-0.98921, test loss:-0.98205, ratio_train_loss:2.04159,ratio_test_loss:0.73634, total_loss_train:1.05238,total_loss_test:-0.24571, 
=> saved checkpoint 'checkpoints_CNN/CNN_mnist_custom_BK_2layer_bk1_20_other_ratio_bs_256_1/last' (iter 8225, epoch 35.0)
=> saved checkpoint 'checkpoint_scores_CNN/CNN_mnist_custom_BK_2layer_bk1_20_other_ratio_bs_256_1/last' (iter 8225, epoch 35.0)
[Save Checkpoint] epoch: [35.0], Train score:99.05833, Test score:98.32000, train loss:-0.99044, test loss:-0.98346, ratio_train_loss:2.06175,ratio_test_loss:0.71699, total_loss_train:1.07131,total_loss_test:-0.26647, 
=> saved checkpoint 'checkpoints_CNN/CNN_mnist_custom_BK_2layer_bk1_20_other_ratio_bs_256_1/last' (iter 8460, epoch 36.0)
=> saved checkpoint 'checkpoint_scores_CNN/CNN_mnist_custom_BK_2layer_bk1_20_other_ratio_bs_256_1/last' (iter 8460, epoch 36.0)
[Save Checkpoint] epoch: [36.0], Train score:99.06167, Test score:98.41000, train loss:-0.99055, test loss:-0.98437, ratio_train_loss:2.03620,ratio_test_loss:0.69942, total_loss_train:1.04564,total_loss_test:-0.28494, 
=> saved checkpoint 'checkpoints_CNN/CNN_mnist_custom_BK_2layer_bk1_20_other_ratio_bs_256_1/last' (iter 8695, epoch 37.0)
=> saved checkpoint 'checkpoint_scores_CNN/CNN_mnist_custom_BK_2layer_bk1_20_other_ratio_bs_256_1/last' (iter 8695, epoch 37.0)
[Save Checkpoint] epoch: [37.0], Train score:99.01833, Test score:98.44000, train loss:-0.99008, test loss:-0.98459, ratio_train_loss:1.99726,ratio_test_loss:0.71023, total_loss_train:1.00718,total_loss_test:-0.27436, 
=> saved checkpoint 'checkpoints_CNN/CNN_mnist_custom_BK_2layer_bk1_20_other_ratio_bs_256_1/last' (iter 8930, epoch 38.0)
=> saved checkpoint 'checkpoint_scores_CNN/CNN_mnist_custom_BK_2layer_bk1_20_other_ratio_bs_256_1/last' (iter 8930, epoch 38.0)
[Save Checkpoint] epoch: [38.0], Train score:99.11333, Test score:98.44000, train loss:-0.99106, test loss:-0.98477, ratio_train_loss:1.91670,ratio_test_loss:0.74816, total_loss_train:0.92564,total_loss_test:-0.23662, 
=> saved checkpoint 'checkpoints_CNN/CNN_mnist_custom_BK_2layer_bk1_20_other_ratio_bs_256_1/last' (iter 9165, epoch 39.0)
=> saved checkpoint 'checkpoint_scores_CNN/CNN_mnist_custom_BK_2layer_bk1_20_other_ratio_bs_256_1/last' (iter 9165, epoch 39.0)
[Save Checkpoint] epoch: [39.0], Train score:99.11333, Test score:98.56000, train loss:-0.99105, test loss:-0.98605, ratio_train_loss:1.98778,ratio_test_loss:0.75526, total_loss_train:0.99673,total_loss_test:-0.23079, 
=> saved checkpoint 'checkpoints_CNN/CNN_mnist_custom_BK_2layer_bk1_20_other_ratio_bs_256_1/last' (iter 9400, epoch 40.0)
=> saved checkpoint 'checkpoint_scores_CNN/CNN_mnist_custom_BK_2layer_bk1_20_other_ratio_bs_256_1/last' (iter 9400, epoch 40.0)
[Save Checkpoint] epoch: [40.0], Train score:99.10833, Test score:98.47000, train loss:-0.99096, test loss:-0.98482, ratio_train_loss:1.97352,ratio_test_loss:0.77516, total_loss_train:0.98256,total_loss_test:-0.20965, 
=> saved checkpoint 'checkpoints_CNN/CNN_mnist_custom_BK_2layer_bk1_20_other_ratio_bs_256_1/last' (iter 9635, epoch 41.0)
=> saved checkpoint 'checkpoint_scores_CNN/CNN_mnist_custom_BK_2layer_bk1_20_other_ratio_bs_256_1/last' (iter 9635, epoch 41.0)
[Save Checkpoint] epoch: [41.0], Train score:99.09833, Test score:98.45000, train loss:-0.99098, test loss:-0.98479, ratio_train_loss:2.00623,ratio_test_loss:0.73746, total_loss_train:1.01524,total_loss_test:-0.24732, 
=> saved checkpoint 'checkpoints_CNN/CNN_mnist_custom_BK_2layer_bk1_20_other_ratio_bs_256_1/last' (iter 9870, epoch 42.0)
=> saved checkpoint 'checkpoint_scores_CNN/CNN_mnist_custom_BK_2layer_bk1_20_other_ratio_bs_256_1/last' (iter 9870, epoch 42.0)
[Save Checkpoint] epoch: [42.0], Train score:99.13333, Test score:98.53000, train loss:-0.99133, test loss:-0.98556, ratio_train_loss:1.99655,ratio_test_loss:0.73485, total_loss_train:1.00522,total_loss_test:-0.25071, 
=> saved checkpoint 'checkpoints_CNN/CNN_mnist_custom_BK_2layer_bk1_20_other_ratio_bs_256_1/last' (iter 10105, epoch 43.0)
=> saved checkpoint 'checkpoint_scores_CNN/CNN_mnist_custom_BK_2layer_bk1_20_other_ratio_bs_256_1/last' (iter 10105, epoch 43.0)
[Save Checkpoint] epoch: [43.0], Train score:98.97667, Test score:98.25000, train loss:-0.98956, test loss:-0.98273, ratio_train_loss:2.00690,ratio_test_loss:0.71324, total_loss_train:1.01734,total_loss_test:-0.26949, 
=> saved checkpoint 'checkpoints_CNN/CNN_mnist_custom_BK_2layer_bk1_20_other_ratio_bs_256_1/last' (iter 10340, epoch 44.0)
=> saved checkpoint 'checkpoint_scores_CNN/CNN_mnist_custom_BK_2layer_bk1_20_other_ratio_bs_256_1/last' (iter 10340, epoch 44.0)
[Save Checkpoint] epoch: [44.0], Train score:98.98000, Test score:98.35000, train loss:-0.98967, test loss:-0.98400, ratio_train_loss:1.92963,ratio_test_loss:0.73049, total_loss_train:0.93996,total_loss_test:-0.25352, 
=> saved checkpoint 'checkpoints_CNN/CNN_mnist_custom_BK_2layer_bk1_20_other_ratio_bs_256_1/last' (iter 10575, epoch 45.0)
=> saved checkpoint 'checkpoint_scores_CNN/CNN_mnist_custom_BK_2layer_bk1_20_other_ratio_bs_256_1/last' (iter 10575, epoch 45.0)
[Save Checkpoint] epoch: [45.0], Train score:99.00333, Test score:98.48000, train loss:-0.98997, test loss:-0.98492, ratio_train_loss:1.96577,ratio_test_loss:0.69676, total_loss_train:0.97580,total_loss_test:-0.28817, 
=> saved checkpoint 'checkpoints_CNN/CNN_mnist_custom_BK_2layer_bk1_20_other_ratio_bs_256_1/last' (iter 10810, epoch 46.0)
=> saved checkpoint 'checkpoint_scores_CNN/CNN_mnist_custom_BK_2layer_bk1_20_other_ratio_bs_256_1/last' (iter 10810, epoch 46.0)
[Save Checkpoint] epoch: [46.0], Train score:99.07833, Test score:98.43000, train loss:-0.99078, test loss:-0.98470, ratio_train_loss:1.81184,ratio_test_loss:0.78144, total_loss_train:0.82106,total_loss_test:-0.20326, 
=> saved checkpoint 'checkpoints_CNN/CNN_mnist_custom_BK_2layer_bk1_20_other_ratio_bs_256_1/last' (iter 11045, epoch 47.0)
=> saved checkpoint 'checkpoint_scores_CNN/CNN_mnist_custom_BK_2layer_bk1_20_other_ratio_bs_256_1/last' (iter 11045, epoch 47.0)
[Save Checkpoint] epoch: [47.0], Train score:99.00000, Test score:98.31000, train loss:-0.98990, test loss:-0.98328, ratio_train_loss:1.90692,ratio_test_loss:0.78138, total_loss_train:0.91702,total_loss_test:-0.20190, 
=> saved checkpoint 'checkpoints_CNN/CNN_mnist_custom_BK_2layer_bk1_20_other_ratio_bs_256_1/last' (iter 11280, epoch 48.0)
=> saved checkpoint 'checkpoint_scores_CNN/CNN_mnist_custom_BK_2layer_bk1_20_other_ratio_bs_256_1/last' (iter 11280, epoch 48.0)
[Save Checkpoint] epoch: [48.0], Train score:99.10833, Test score:98.54000, train loss:-0.99114, test loss:-0.98554, ratio_train_loss:1.97334,ratio_test_loss:0.74926, total_loss_train:0.98220,total_loss_test:-0.23628, 
=> saved checkpoint 'checkpoints_CNN/CNN_mnist_custom_BK_2layer_bk1_20_other_ratio_bs_256_1/last' (iter 11515, epoch 49.0)
=> saved checkpoint 'checkpoint_scores_CNN/CNN_mnist_custom_BK_2layer_bk1_20_other_ratio_bs_256_1/last' (iter 11515, epoch 49.0)
[Save Checkpoint] epoch: [49.0], Train score:99.08500, Test score:98.48000, train loss:-0.99079, test loss:-0.98531, ratio_train_loss:1.98869,ratio_test_loss:0.75573, total_loss_train:0.99790,total_loss_test:-0.22958, 
=> saved checkpoint 'checkpoints_CNN/CNN_mnist_custom_BK_2layer_bk1_20_other_ratio_bs_256_1/last' (iter 11750, epoch 50.0)
=> saved checkpoint 'checkpoint_scores_CNN/CNN_mnist_custom_BK_2layer_bk1_20_other_ratio_bs_256_1/last' (iter 11750, epoch 50.0)
[Save Checkpoint] epoch: [50.0], Train score:99.07000, Test score:98.35000, train loss:-0.99057, test loss:-0.98373, ratio_train_loss:2.00915,ratio_test_loss:0.76659, total_loss_train:1.01858,total_loss_test:-0.21714, 
[Training Finished]
All Done!
