12
--dataset mnist --model CNN --gpu_devices 0 1 --max_iter 50 --batch_size 128 --ckpt_dir checkpoints_CNN --ckpt_dir_scores checkpoint_scores_CNN --use_scheduler True --GMP True --lr 1e-3 --z_struct_size 20 --add_classification_layer True --classif_layer_size 30 --is_default_model False --is_custom_model False --is_custom_model_BK True --big_kernel_size 8 --two_conv_layer True --three_conv_layer False --BK_in_first_layer True --BK_in_second_layer False --BK_in_third_layer False --stride_size 1 --hidden_filters_layer1 32 --hidden_filters_layer2 32 --hidden_filters_layer3 32 --ratio_reg True --lambda_ratio_reg 0.01 --lambda_class 1 --exp_name CNN_mnist_custom_BK_2layer_bk1_20_ratio_bs_128_3
Namespace(BK_in_first_layer=True, BK_in_second_layer=False, BK_in_third_layer=False, BN=False, C_max=25, C_stop_iter=100000.0, E1_AE=False, E1_VAE=False, E1_conv=False, E1_dense=False, E1_second_conv=False, E1_second_conv_adapt=False, GMP=True, L1_norm_act=False, L1_norm_weights=False, L3_without_random=False, adapt_lr=False, add_classification_layer=True, add_linear_after_GMP=True, add_z_struct_bottleneck=False, batch_size=128, beta=1, beta1=0.9, beta2=0.999, big_kernel=False, big_kernel_size=[8], binary_z=False, ckpt_dir='checkpoints_CNN', ckpt_dir_scores='checkpoint_scores_CNN', classif_layer_size=30, cuda=True, dataset='mnist', display_step=10000, dset_dir='data', exp_name='CNN_mnist_custom_BK_2layer_bk1_20_ratio_bs_128_3', gamma=1000, gpu_devices=[0, 1], hidden_filters_layer1=32, hidden_filters_layer2=32, hidden_filters_layer3=32, image_size=64, is_C=True, is_E1=False, is_binary_structural_latent=False, is_custom_model=False, is_custom_model_BK=True, is_default_model=False, is_noise_stats=False, is_partial_rand_class=False, is_perturbed_score=False, is_zvar_sim_loss=False, just_train=False, kernel_size=4, lambda_Kl_struct=1, lambda_Kl_var=1, lambda_L1=0.01, lambda_VAE=1, lambda_class=1.0, lambda_partial_class=1, lambda_ratio_reg=0.01, lambda_recon_wt_rand=1, lambda_recons=1, lambda_zvar_sim=1, latent_spec_cont=None, latent_spec_cont_class=None, latent_spec_cont_var=None, latent_spec_disc=None, latent_spec_disc_class=None, latent_spec_disc_var=None, log_level='info', lr=0.001, max_iter=50.0, model='CNN', num_workers=2, old_weighted=False, other_ratio=False, random_percentage=0.2, ratio_reg=True, save_step=10000, second_layer_C=False, seed=1, stride_size=1, three_conv_layer=False, train=True, two_conv_layer=True, two_encoder=False, use_early_stopping=False, use_scheduler=True, z_struct_size=20, zeros_W_Classif=False, zvar_sim_change_zvar=False, zvar_sim_loss_for_all_model=False, zvar_sim_loss_only_for_encoder=False, zvar_sim_normal=False, zvar_sim_var_rand=False)
CUDA Visible devices !
Custom_CNN_BK(
  (net): Sequential(
    (0): Conv2d(1, 32, kernel_size=(8, 8), stride=(1, 1))
    (1): BatchNorm2d(32, eps=1e-05, momentum=0.1, affine=True, track_running_stats=True)
    (2): ReLU(inplace=True)
    (3): Conv2d(32, 32, kernel_size=(4, 4), stride=(1, 1))
    (4): BatchNorm2d(32, eps=1e-05, momentum=0.1, affine=True, track_running_stats=True)
    (5): ReLU(inplace=True)
    (6): AdaptiveMaxPool2d(output_size=(1, 1))
    (7): View()
    (8): Linear(in_features=32, out_features=20, bias=True)
    (9): BatchNorm1d(20, eps=1e-05, momentum=0.1, affine=True, track_running_stats=True)
    (10): ReLU(inplace=True)
    (11): Dropout(p=0.4, inplace=False)
    (12): Linear(in_features=20, out_features=30, bias=True)
    (13): BatchNorm1d(30, eps=1e-05, momentum=0.1, affine=True, track_running_stats=True)
    (14): ReLU(inplace=True)
    (15): Dropout(p=0.4, inplace=False)
    (16): Linear(in_features=30, out_features=10, bias=True)
    (17): Softmax(dim=None)
  )
)
The number of parameters of model is 20324
use 1 gpu who named: Tesla V100-SXM2-32GB
=> loaded sample_scores and losses
=> loaded checkpoint 'checkpoints_CNN/CNN_mnist_custom_BK_2layer_bk1_20_ratio_bs_128_3/last (iter 46900)'
=> saved checkpoint 'checkpoints_CNN/CNN_mnist_custom_BK_2layer_bk1_20_ratio_bs_128_3/last' (iter 469, epoch 1.0)
=> saved checkpoint 'checkpoint_scores_CNN/CNN_mnist_custom_BK_2layer_bk1_20_ratio_bs_128_3/last' (iter 469, epoch 1.0)
[Save Checkpoint] epoch: [1.0], Train score:98.81667, Test score:98.48000, train loss:-0.98804, test loss:-0.98466, ratio_train_loss:0.67112,ratio_test_loss:0.65243, total_loss_train:-0.31692,total_loss_test:-0.33223, 
=> saved checkpoint 'checkpoints_CNN/CNN_mnist_custom_BK_2layer_bk1_20_ratio_bs_128_3/last' (iter 938, epoch 2.0)
=> saved checkpoint 'checkpoint_scores_CNN/CNN_mnist_custom_BK_2layer_bk1_20_ratio_bs_128_3/last' (iter 938, epoch 2.0)
[Save Checkpoint] epoch: [2.0], Train score:98.84667, Test score:98.32000, train loss:-0.98844, test loss:-0.98295, ratio_train_loss:0.67285,ratio_test_loss:0.65567, total_loss_train:-0.31559,total_loss_test:-0.32728, 
=> saved checkpoint 'checkpoints_CNN/CNN_mnist_custom_BK_2layer_bk1_20_ratio_bs_128_3/last' (iter 1407, epoch 3.0)
=> saved checkpoint 'checkpoint_scores_CNN/CNN_mnist_custom_BK_2layer_bk1_20_ratio_bs_128_3/last' (iter 1407, epoch 3.0)
[Save Checkpoint] epoch: [3.0], Train score:99.00167, Test score:98.53000, train loss:-0.98991, test loss:-0.98548, ratio_train_loss:0.67072,ratio_test_loss:0.65106, total_loss_train:-0.31919,total_loss_test:-0.33443, 
=> saved checkpoint 'checkpoints_CNN/CNN_mnist_custom_BK_2layer_bk1_20_ratio_bs_128_3/last' (iter 1876, epoch 4.0)
=> saved checkpoint 'checkpoint_scores_CNN/CNN_mnist_custom_BK_2layer_bk1_20_ratio_bs_128_3/last' (iter 1876, epoch 4.0)
[Save Checkpoint] epoch: [4.0], Train score:99.01333, Test score:98.66000, train loss:-0.99007, test loss:-0.98651, ratio_train_loss:0.64555,ratio_test_loss:0.62924, total_loss_train:-0.34452,total_loss_test:-0.35727, 
=> saved checkpoint 'checkpoints_CNN/CNN_mnist_custom_BK_2layer_bk1_20_ratio_bs_128_3/last' (iter 2345, epoch 5.0)
=> saved checkpoint 'checkpoint_scores_CNN/CNN_mnist_custom_BK_2layer_bk1_20_ratio_bs_128_3/last' (iter 2345, epoch 5.0)
[Save Checkpoint] epoch: [5.0], Train score:98.89000, Test score:98.39000, train loss:-0.98880, test loss:-0.98420, ratio_train_loss:0.66589,ratio_test_loss:0.64422, total_loss_train:-0.32291,total_loss_test:-0.33998, 
=> saved checkpoint 'checkpoints_CNN/CNN_mnist_custom_BK_2layer_bk1_20_ratio_bs_128_3/last' (iter 2814, epoch 6.0)
=> saved checkpoint 'checkpoint_scores_CNN/CNN_mnist_custom_BK_2layer_bk1_20_ratio_bs_128_3/last' (iter 2814, epoch 6.0)
[Save Checkpoint] epoch: [6.0], Train score:98.92833, Test score:98.43000, train loss:-0.98908, test loss:-0.98429, ratio_train_loss:0.66215,ratio_test_loss:0.64083, total_loss_train:-0.32693,total_loss_test:-0.34347, 
=> saved checkpoint 'checkpoints_CNN/CNN_mnist_custom_BK_2layer_bk1_20_ratio_bs_128_3/last' (iter 3283, epoch 7.0)
=> saved checkpoint 'checkpoint_scores_CNN/CNN_mnist_custom_BK_2layer_bk1_20_ratio_bs_128_3/last' (iter 3283, epoch 7.0)
[Save Checkpoint] epoch: [7.0], Train score:98.93667, Test score:98.40000, train loss:-0.98928, test loss:-0.98404, ratio_train_loss:0.65663,ratio_test_loss:0.63484, total_loss_train:-0.33265,total_loss_test:-0.34921, 
=> saved checkpoint 'checkpoints_CNN/CNN_mnist_custom_BK_2layer_bk1_20_ratio_bs_128_3/last' (iter 3752, epoch 8.0)
=> saved checkpoint 'checkpoint_scores_CNN/CNN_mnist_custom_BK_2layer_bk1_20_ratio_bs_128_3/last' (iter 3752, epoch 8.0)
[Save Checkpoint] epoch: [8.0], Train score:98.91000, Test score:98.47000, train loss:-0.98895, test loss:-0.98453, ratio_train_loss:0.63810,ratio_test_loss:0.61839, total_loss_train:-0.35086,total_loss_test:-0.36614, 
=> saved checkpoint 'checkpoints_CNN/CNN_mnist_custom_BK_2layer_bk1_20_ratio_bs_128_3/last' (iter 4221, epoch 9.0)
=> saved checkpoint 'checkpoint_scores_CNN/CNN_mnist_custom_BK_2layer_bk1_20_ratio_bs_128_3/last' (iter 4221, epoch 9.0)
[Save Checkpoint] epoch: [9.0], Train score:98.90667, Test score:98.44000, train loss:-0.98893, test loss:-0.98435, ratio_train_loss:0.62292,ratio_test_loss:0.60341, total_loss_train:-0.36601,total_loss_test:-0.38094, 
=> saved checkpoint 'checkpoints_CNN/CNN_mnist_custom_BK_2layer_bk1_20_ratio_bs_128_3/last' (iter 4690, epoch 10.0)
=> saved checkpoint 'checkpoint_scores_CNN/CNN_mnist_custom_BK_2layer_bk1_20_ratio_bs_128_3/last' (iter 4690, epoch 10.0)
[Save Checkpoint] epoch: [10.0], Train score:98.98167, Test score:98.46000, train loss:-0.98974, test loss:-0.98472, ratio_train_loss:0.65533,ratio_test_loss:0.64152, total_loss_train:-0.33441,total_loss_test:-0.34319, 
=> saved checkpoint 'checkpoints_CNN/CNN_mnist_custom_BK_2layer_bk1_20_ratio_bs_128_3/last' (iter 5159, epoch 11.0)
=> saved checkpoint 'checkpoint_scores_CNN/CNN_mnist_custom_BK_2layer_bk1_20_ratio_bs_128_3/last' (iter 5159, epoch 11.0)
[Save Checkpoint] epoch: [11.0], Train score:99.04333, Test score:98.53000, train loss:-0.99034, test loss:-0.98500, ratio_train_loss:0.68487,ratio_test_loss:0.66668, total_loss_train:-0.30546,total_loss_test:-0.31832, 
=> saved checkpoint 'checkpoints_CNN/CNN_mnist_custom_BK_2layer_bk1_20_ratio_bs_128_3/last' (iter 5628, epoch 12.0)
=> saved checkpoint 'checkpoint_scores_CNN/CNN_mnist_custom_BK_2layer_bk1_20_ratio_bs_128_3/last' (iter 5628, epoch 12.0)
[Save Checkpoint] epoch: [12.0], Train score:98.93000, Test score:98.48000, train loss:-0.98921, test loss:-0.98510, ratio_train_loss:0.66368,ratio_test_loss:0.64154, total_loss_train:-0.32553,total_loss_test:-0.34356, 
=> saved checkpoint 'checkpoints_CNN/CNN_mnist_custom_BK_2layer_bk1_20_ratio_bs_128_3/last' (iter 6097, epoch 13.0)
=> saved checkpoint 'checkpoint_scores_CNN/CNN_mnist_custom_BK_2layer_bk1_20_ratio_bs_128_3/last' (iter 6097, epoch 13.0)
[Save Checkpoint] epoch: [13.0], Train score:98.97167, Test score:98.49000, train loss:-0.98963, test loss:-0.98510, ratio_train_loss:0.68124,ratio_test_loss:0.66456, total_loss_train:-0.30839,total_loss_test:-0.32054, 
=> saved checkpoint 'checkpoints_CNN/CNN_mnist_custom_BK_2layer_bk1_20_ratio_bs_128_3/last' (iter 6566, epoch 14.0)
=> saved checkpoint 'checkpoint_scores_CNN/CNN_mnist_custom_BK_2layer_bk1_20_ratio_bs_128_3/last' (iter 6566, epoch 14.0)
[Save Checkpoint] epoch: [14.0], Train score:99.05500, Test score:98.55000, train loss:-0.99045, test loss:-0.98576, ratio_train_loss:0.67345,ratio_test_loss:0.65620, total_loss_train:-0.31700,total_loss_test:-0.32956, 
=> saved checkpoint 'checkpoints_CNN/CNN_mnist_custom_BK_2layer_bk1_20_ratio_bs_128_3/last' (iter 7035, epoch 15.0)
=> saved checkpoint 'checkpoint_scores_CNN/CNN_mnist_custom_BK_2layer_bk1_20_ratio_bs_128_3/last' (iter 7035, epoch 15.0)
[Save Checkpoint] epoch: [15.0], Train score:99.09500, Test score:98.69000, train loss:-0.99077, test loss:-0.98703, ratio_train_loss:0.66529,ratio_test_loss:0.64675, total_loss_train:-0.32548,total_loss_test:-0.34028, 
=> saved checkpoint 'checkpoints_CNN/CNN_mnist_custom_BK_2layer_bk1_20_ratio_bs_128_3/last' (iter 7504, epoch 16.0)
=> saved checkpoint 'checkpoint_scores_CNN/CNN_mnist_custom_BK_2layer_bk1_20_ratio_bs_128_3/last' (iter 7504, epoch 16.0)
[Save Checkpoint] epoch: [16.0], Train score:98.96667, Test score:98.47000, train loss:-0.98949, test loss:-0.98469, ratio_train_loss:0.70780,ratio_test_loss:0.68900, total_loss_train:-0.28169,total_loss_test:-0.29569, 
=> saved checkpoint 'checkpoints_CNN/CNN_mnist_custom_BK_2layer_bk1_20_ratio_bs_128_3/last' (iter 7973, epoch 17.0)
=> saved checkpoint 'checkpoint_scores_CNN/CNN_mnist_custom_BK_2layer_bk1_20_ratio_bs_128_3/last' (iter 7973, epoch 17.0)
[Save Checkpoint] epoch: [17.0], Train score:98.95500, Test score:98.47000, train loss:-0.98940, test loss:-0.98471, ratio_train_loss:0.68365,ratio_test_loss:0.66377, total_loss_train:-0.30575,total_loss_test:-0.32094, 
=> saved checkpoint 'checkpoints_CNN/CNN_mnist_custom_BK_2layer_bk1_20_ratio_bs_128_3/last' (iter 8442, epoch 18.0)
=> saved checkpoint 'checkpoint_scores_CNN/CNN_mnist_custom_BK_2layer_bk1_20_ratio_bs_128_3/last' (iter 8442, epoch 18.0)
[Save Checkpoint] epoch: [18.0], Train score:98.94167, Test score:98.43000, train loss:-0.98936, test loss:-0.98462, ratio_train_loss:0.67041,ratio_test_loss:0.65293, total_loss_train:-0.31895,total_loss_test:-0.33169, 
=> saved checkpoint 'checkpoints_CNN/CNN_mnist_custom_BK_2layer_bk1_20_ratio_bs_128_3/last' (iter 8911, epoch 19.0)
=> saved checkpoint 'checkpoint_scores_CNN/CNN_mnist_custom_BK_2layer_bk1_20_ratio_bs_128_3/last' (iter 8911, epoch 19.0)
[Save Checkpoint] epoch: [19.0], Train score:98.91333, Test score:98.41000, train loss:-0.98909, test loss:-0.98399, ratio_train_loss:0.65959,ratio_test_loss:0.64050, total_loss_train:-0.32950,total_loss_test:-0.34349, 
=> saved checkpoint 'checkpoints_CNN/CNN_mnist_custom_BK_2layer_bk1_20_ratio_bs_128_3/last' (iter 9380, epoch 20.0)
=> saved checkpoint 'checkpoint_scores_CNN/CNN_mnist_custom_BK_2layer_bk1_20_ratio_bs_128_3/last' (iter 9380, epoch 20.0)
[Save Checkpoint] epoch: [20.0], Train score:98.84333, Test score:98.27000, train loss:-0.98833, test loss:-0.98285, ratio_train_loss:0.68328,ratio_test_loss:0.66637, total_loss_train:-0.30504,total_loss_test:-0.31649, 
=> saved checkpoint 'checkpoints_CNN/CNN_mnist_custom_BK_2layer_bk1_20_ratio_bs_128_3/last' (iter 9849, epoch 21.0)
=> saved checkpoint 'checkpoint_scores_CNN/CNN_mnist_custom_BK_2layer_bk1_20_ratio_bs_128_3/last' (iter 9849, epoch 21.0)
[Save Checkpoint] epoch: [21.0], Train score:98.87667, Test score:98.34000, train loss:-0.98859, test loss:-0.98365, ratio_train_loss:0.67156,ratio_test_loss:0.65317, total_loss_train:-0.31703,total_loss_test:-0.33048, 
=> saved checkpoint 'checkpoints_CNN/CNN_mnist_custom_BK_2layer_bk1_20_ratio_bs_128_3/last' (iter 10318, epoch 22.0)
=> saved checkpoint 'checkpoint_scores_CNN/CNN_mnist_custom_BK_2layer_bk1_20_ratio_bs_128_3/last' (iter 10318, epoch 22.0)
[Save Checkpoint] epoch: [22.0], Train score:98.82833, Test score:98.32000, train loss:-0.98820, test loss:-0.98328, ratio_train_loss:0.69418,ratio_test_loss:0.68082, total_loss_train:-0.29403,total_loss_test:-0.30245, 
=> saved checkpoint 'checkpoints_CNN/CNN_mnist_custom_BK_2layer_bk1_20_ratio_bs_128_3/last' (iter 10787, epoch 23.0)
=> saved checkpoint 'checkpoint_scores_CNN/CNN_mnist_custom_BK_2layer_bk1_20_ratio_bs_128_3/last' (iter 10787, epoch 23.0)
[Save Checkpoint] epoch: [23.0], Train score:98.92667, Test score:98.30000, train loss:-0.98903, test loss:-0.98289, ratio_train_loss:0.66505,ratio_test_loss:0.65069, total_loss_train:-0.32398,total_loss_test:-0.33220, 
=> saved checkpoint 'checkpoints_CNN/CNN_mnist_custom_BK_2layer_bk1_20_ratio_bs_128_3/last' (iter 11256, epoch 24.0)
=> saved checkpoint 'checkpoint_scores_CNN/CNN_mnist_custom_BK_2layer_bk1_20_ratio_bs_128_3/last' (iter 11256, epoch 24.0)
[Save Checkpoint] epoch: [24.0], Train score:98.90667, Test score:98.36000, train loss:-0.98901, test loss:-0.98376, ratio_train_loss:0.65272,ratio_test_loss:0.63721, total_loss_train:-0.33629,total_loss_test:-0.34654, 
=> saved checkpoint 'checkpoints_CNN/CNN_mnist_custom_BK_2layer_bk1_20_ratio_bs_128_3/last' (iter 11725, epoch 25.0)
=> saved checkpoint 'checkpoint_scores_CNN/CNN_mnist_custom_BK_2layer_bk1_20_ratio_bs_128_3/last' (iter 11725, epoch 25.0)
[Save Checkpoint] epoch: [25.0], Train score:98.93333, Test score:98.30000, train loss:-0.98923, test loss:-0.98285, ratio_train_loss:0.64829,ratio_test_loss:0.63664, total_loss_train:-0.34094,total_loss_test:-0.34621, 
=> saved checkpoint 'checkpoints_CNN/CNN_mnist_custom_BK_2layer_bk1_20_ratio_bs_128_3/last' (iter 12194, epoch 26.0)
=> saved checkpoint 'checkpoint_scores_CNN/CNN_mnist_custom_BK_2layer_bk1_20_ratio_bs_128_3/last' (iter 12194, epoch 26.0)
[Save Checkpoint] epoch: [26.0], Train score:98.96500, Test score:98.52000, train loss:-0.98957, test loss:-0.98519, ratio_train_loss:0.66992,ratio_test_loss:0.65674, total_loss_train:-0.31965,total_loss_test:-0.32846, 
=> saved checkpoint 'checkpoints_CNN/CNN_mnist_custom_BK_2layer_bk1_20_ratio_bs_128_3/last' (iter 12663, epoch 27.0)
=> saved checkpoint 'checkpoint_scores_CNN/CNN_mnist_custom_BK_2layer_bk1_20_ratio_bs_128_3/last' (iter 12663, epoch 27.0)
[Save Checkpoint] epoch: [27.0], Train score:99.01000, Test score:98.45000, train loss:-0.99000, test loss:-0.98452, ratio_train_loss:0.66314,ratio_test_loss:0.64706, total_loss_train:-0.32686,total_loss_test:-0.33746, 
=> saved checkpoint 'checkpoints_CNN/CNN_mnist_custom_BK_2layer_bk1_20_ratio_bs_128_3/last' (iter 13132, epoch 28.0)
=> saved checkpoint 'checkpoint_scores_CNN/CNN_mnist_custom_BK_2layer_bk1_20_ratio_bs_128_3/last' (iter 13132, epoch 28.0)
[Save Checkpoint] epoch: [28.0], Train score:98.90500, Test score:98.49000, train loss:-0.98901, test loss:-0.98491, ratio_train_loss:0.66445,ratio_test_loss:0.64981, total_loss_train:-0.32456,total_loss_test:-0.33510, 
=> saved checkpoint 'checkpoints_CNN/CNN_mnist_custom_BK_2layer_bk1_20_ratio_bs_128_3/last' (iter 13601, epoch 29.0)
=> saved checkpoint 'checkpoint_scores_CNN/CNN_mnist_custom_BK_2layer_bk1_20_ratio_bs_128_3/last' (iter 13601, epoch 29.0)
[Save Checkpoint] epoch: [29.0], Train score:98.94333, Test score:98.59000, train loss:-0.98943, test loss:-0.98576, ratio_train_loss:0.63851,ratio_test_loss:0.62389, total_loss_train:-0.35092,total_loss_test:-0.36187, 
=> saved checkpoint 'checkpoints_CNN/CNN_mnist_custom_BK_2layer_bk1_20_ratio_bs_128_3/last' (iter 14070, epoch 30.0)
=> saved checkpoint 'checkpoint_scores_CNN/CNN_mnist_custom_BK_2layer_bk1_20_ratio_bs_128_3/last' (iter 14070, epoch 30.0)
[Save Checkpoint] epoch: [30.0], Train score:98.90500, Test score:98.44000, train loss:-0.98888, test loss:-0.98431, ratio_train_loss:0.65875,ratio_test_loss:0.64164, total_loss_train:-0.33013,total_loss_test:-0.34267, 
=> saved checkpoint 'checkpoints_CNN/CNN_mnist_custom_BK_2layer_bk1_20_ratio_bs_128_3/last' (iter 14539, epoch 31.0)
=> saved checkpoint 'checkpoint_scores_CNN/CNN_mnist_custom_BK_2layer_bk1_20_ratio_bs_128_3/last' (iter 14539, epoch 31.0)
[Save Checkpoint] epoch: [31.0], Train score:98.87500, Test score:98.36000, train loss:-0.98868, test loss:-0.98394, ratio_train_loss:0.65678,ratio_test_loss:0.63652, total_loss_train:-0.33190,total_loss_test:-0.34742, 
=> saved checkpoint 'checkpoints_CNN/CNN_mnist_custom_BK_2layer_bk1_20_ratio_bs_128_3/last' (iter 15008, epoch 32.0)
=> saved checkpoint 'checkpoint_scores_CNN/CNN_mnist_custom_BK_2layer_bk1_20_ratio_bs_128_3/last' (iter 15008, epoch 32.0)
[Save Checkpoint] epoch: [32.0], Train score:98.94500, Test score:98.48000, train loss:-0.98932, test loss:-0.98477, ratio_train_loss:0.65428,ratio_test_loss:0.63565, total_loss_train:-0.33504,total_loss_test:-0.34913, 
=> saved checkpoint 'checkpoints_CNN/CNN_mnist_custom_BK_2layer_bk1_20_ratio_bs_128_3/last' (iter 15477, epoch 33.0)
=> saved checkpoint 'checkpoint_scores_CNN/CNN_mnist_custom_BK_2layer_bk1_20_ratio_bs_128_3/last' (iter 15477, epoch 33.0)
[Save Checkpoint] epoch: [33.0], Train score:98.90167, Test score:98.57000, train loss:-0.98892, test loss:-0.98544, ratio_train_loss:0.63017,ratio_test_loss:0.61076, total_loss_train:-0.35875,total_loss_test:-0.37468, 
=> saved checkpoint 'checkpoints_CNN/CNN_mnist_custom_BK_2layer_bk1_20_ratio_bs_128_3/last' (iter 15946, epoch 34.0)
=> saved checkpoint 'checkpoint_scores_CNN/CNN_mnist_custom_BK_2layer_bk1_20_ratio_bs_128_3/last' (iter 15946, epoch 34.0)
[Save Checkpoint] epoch: [34.0], Train score:99.00333, Test score:98.62000, train loss:-0.98985, test loss:-0.98578, ratio_train_loss:0.69749,ratio_test_loss:0.67534, total_loss_train:-0.29236,total_loss_test:-0.31043, 
=> saved checkpoint 'checkpoints_CNN/CNN_mnist_custom_BK_2layer_bk1_20_ratio_bs_128_3/last' (iter 16415, epoch 35.0)
=> saved checkpoint 'checkpoint_scores_CNN/CNN_mnist_custom_BK_2layer_bk1_20_ratio_bs_128_3/last' (iter 16415, epoch 35.0)
[Save Checkpoint] epoch: [35.0], Train score:98.91500, Test score:98.60000, train loss:-0.98915, test loss:-0.98588, ratio_train_loss:0.62219,ratio_test_loss:0.60308, total_loss_train:-0.36696,total_loss_test:-0.38280, 
=> saved checkpoint 'checkpoints_CNN/CNN_mnist_custom_BK_2layer_bk1_20_ratio_bs_128_3/last' (iter 16884, epoch 36.0)
=> saved checkpoint 'checkpoint_scores_CNN/CNN_mnist_custom_BK_2layer_bk1_20_ratio_bs_128_3/last' (iter 16884, epoch 36.0)
[Save Checkpoint] epoch: [36.0], Train score:98.95833, Test score:98.56000, train loss:-0.98947, test loss:-0.98578, ratio_train_loss:0.63694,ratio_test_loss:0.61759, total_loss_train:-0.35254,total_loss_test:-0.36819, 
=> saved checkpoint 'checkpoints_CNN/CNN_mnist_custom_BK_2layer_bk1_20_ratio_bs_128_3/last' (iter 17353, epoch 37.0)
=> saved checkpoint 'checkpoint_scores_CNN/CNN_mnist_custom_BK_2layer_bk1_20_ratio_bs_128_3/last' (iter 17353, epoch 37.0)
[Save Checkpoint] epoch: [37.0], Train score:98.99500, Test score:98.60000, train loss:-0.98980, test loss:-0.98626, ratio_train_loss:0.65690,ratio_test_loss:0.63769, total_loss_train:-0.33290,total_loss_test:-0.34857, 
=> saved checkpoint 'checkpoints_CNN/CNN_mnist_custom_BK_2layer_bk1_20_ratio_bs_128_3/last' (iter 17822, epoch 38.0)
=> saved checkpoint 'checkpoint_scores_CNN/CNN_mnist_custom_BK_2layer_bk1_20_ratio_bs_128_3/last' (iter 17822, epoch 38.0)
[Save Checkpoint] epoch: [38.0], Train score:98.79500, Test score:98.43000, train loss:-0.98785, test loss:-0.98436, ratio_train_loss:0.63711,ratio_test_loss:0.61708, total_loss_train:-0.35073,total_loss_test:-0.36728, 
=> saved checkpoint 'checkpoints_CNN/CNN_mnist_custom_BK_2layer_bk1_20_ratio_bs_128_3/last' (iter 18291, epoch 39.0)
=> saved checkpoint 'checkpoint_scores_CNN/CNN_mnist_custom_BK_2layer_bk1_20_ratio_bs_128_3/last' (iter 18291, epoch 39.0)
[Save Checkpoint] epoch: [39.0], Train score:98.89000, Test score:98.48000, train loss:-0.98885, test loss:-0.98460, ratio_train_loss:0.64490,ratio_test_loss:0.62706, total_loss_train:-0.34394,total_loss_test:-0.35754, 
=> saved checkpoint 'checkpoints_CNN/CNN_mnist_custom_BK_2layer_bk1_20_ratio_bs_128_3/last' (iter 18760, epoch 40.0)
=> saved checkpoint 'checkpoint_scores_CNN/CNN_mnist_custom_BK_2layer_bk1_20_ratio_bs_128_3/last' (iter 18760, epoch 40.0)
[Save Checkpoint] epoch: [40.0], Train score:99.02333, Test score:98.46000, train loss:-0.99019, test loss:-0.98493, ratio_train_loss:0.68506,ratio_test_loss:0.66824, total_loss_train:-0.30513,total_loss_test:-0.31669, 
=> saved checkpoint 'checkpoints_CNN/CNN_mnist_custom_BK_2layer_bk1_20_ratio_bs_128_3/last' (iter 19229, epoch 41.0)
=> saved checkpoint 'checkpoint_scores_CNN/CNN_mnist_custom_BK_2layer_bk1_20_ratio_bs_128_3/last' (iter 19229, epoch 41.0)
[Save Checkpoint] epoch: [41.0], Train score:98.98333, Test score:98.36000, train loss:-0.98975, test loss:-0.98356, ratio_train_loss:0.65015,ratio_test_loss:0.62658, total_loss_train:-0.33960,total_loss_test:-0.35697, 
=> saved checkpoint 'checkpoints_CNN/CNN_mnist_custom_BK_2layer_bk1_20_ratio_bs_128_3/last' (iter 19698, epoch 42.0)
=> saved checkpoint 'checkpoint_scores_CNN/CNN_mnist_custom_BK_2layer_bk1_20_ratio_bs_128_3/last' (iter 19698, epoch 42.0)
[Save Checkpoint] epoch: [42.0], Train score:98.94500, Test score:98.41000, train loss:-0.98934, test loss:-0.98426, ratio_train_loss:0.64619,ratio_test_loss:0.62847, total_loss_train:-0.34314,total_loss_test:-0.35580, 
=> saved checkpoint 'checkpoints_CNN/CNN_mnist_custom_BK_2layer_bk1_20_ratio_bs_128_3/last' (iter 20167, epoch 43.0)
=> saved checkpoint 'checkpoint_scores_CNN/CNN_mnist_custom_BK_2layer_bk1_20_ratio_bs_128_3/last' (iter 20167, epoch 43.0)
[Save Checkpoint] epoch: [43.0], Train score:98.83667, Test score:98.48000, train loss:-0.98838, test loss:-0.98509, ratio_train_loss:0.64728,ratio_test_loss:0.62811, total_loss_train:-0.34110,total_loss_test:-0.35698, 
=> saved checkpoint 'checkpoints_CNN/CNN_mnist_custom_BK_2layer_bk1_20_ratio_bs_128_3/last' (iter 20636, epoch 44.0)
=> saved checkpoint 'checkpoint_scores_CNN/CNN_mnist_custom_BK_2layer_bk1_20_ratio_bs_128_3/last' (iter 20636, epoch 44.0)
[Save Checkpoint] epoch: [44.0], Train score:98.91833, Test score:98.37000, train loss:-0.98906, test loss:-0.98397, ratio_train_loss:0.63143,ratio_test_loss:0.61408, total_loss_train:-0.35763,total_loss_test:-0.36989, 
=> saved checkpoint 'checkpoints_CNN/CNN_mnist_custom_BK_2layer_bk1_20_ratio_bs_128_3/last' (iter 21105, epoch 45.0)
=> saved checkpoint 'checkpoint_scores_CNN/CNN_mnist_custom_BK_2layer_bk1_20_ratio_bs_128_3/last' (iter 21105, epoch 45.0)
[Save Checkpoint] epoch: [45.0], Train score:99.01167, Test score:98.46000, train loss:-0.99010, test loss:-0.98492, ratio_train_loss:0.63961,ratio_test_loss:0.62312, total_loss_train:-0.35049,total_loss_test:-0.36180, 
=> saved checkpoint 'checkpoints_CNN/CNN_mnist_custom_BK_2layer_bk1_20_ratio_bs_128_3/last' (iter 21574, epoch 46.0)
=> saved checkpoint 'checkpoint_scores_CNN/CNN_mnist_custom_BK_2layer_bk1_20_ratio_bs_128_3/last' (iter 21574, epoch 46.0)
[Save Checkpoint] epoch: [46.0], Train score:98.94000, Test score:98.50000, train loss:-0.98934, test loss:-0.98494, ratio_train_loss:0.65602,ratio_test_loss:0.63893, total_loss_train:-0.33333,total_loss_test:-0.34600, 
=> saved checkpoint 'checkpoints_CNN/CNN_mnist_custom_BK_2layer_bk1_20_ratio_bs_128_3/last' (iter 22043, epoch 47.0)
=> saved checkpoint 'checkpoint_scores_CNN/CNN_mnist_custom_BK_2layer_bk1_20_ratio_bs_128_3/last' (iter 22043, epoch 47.0)
[Save Checkpoint] epoch: [47.0], Train score:99.02167, Test score:98.45000, train loss:-0.99017, test loss:-0.98468, ratio_train_loss:0.62076,ratio_test_loss:0.60582, total_loss_train:-0.36941,total_loss_test:-0.37885, 
=> saved checkpoint 'checkpoints_CNN/CNN_mnist_custom_BK_2layer_bk1_20_ratio_bs_128_3/last' (iter 22512, epoch 48.0)
=> saved checkpoint 'checkpoint_scores_CNN/CNN_mnist_custom_BK_2layer_bk1_20_ratio_bs_128_3/last' (iter 22512, epoch 48.0)
[Save Checkpoint] epoch: [48.0], Train score:99.04500, Test score:98.46000, train loss:-0.99034, test loss:-0.98480, ratio_train_loss:0.65549,ratio_test_loss:0.63640, total_loss_train:-0.33485,total_loss_test:-0.34840, 
=> saved checkpoint 'checkpoints_CNN/CNN_mnist_custom_BK_2layer_bk1_20_ratio_bs_128_3/last' (iter 22981, epoch 49.0)
=> saved checkpoint 'checkpoint_scores_CNN/CNN_mnist_custom_BK_2layer_bk1_20_ratio_bs_128_3/last' (iter 22981, epoch 49.0)
[Save Checkpoint] epoch: [49.0], Train score:99.05833, Test score:98.59000, train loss:-0.99046, test loss:-0.98602, ratio_train_loss:0.67937,ratio_test_loss:0.65981, total_loss_train:-0.31108,total_loss_test:-0.32621, 
=> saved checkpoint 'checkpoints_CNN/CNN_mnist_custom_BK_2layer_bk1_20_ratio_bs_128_3/last' (iter 23450, epoch 50.0)
=> saved checkpoint 'checkpoint_scores_CNN/CNN_mnist_custom_BK_2layer_bk1_20_ratio_bs_128_3/last' (iter 23450, epoch 50.0)
[Save Checkpoint] epoch: [50.0], Train score:98.92500, Test score:98.22000, train loss:-0.98917, test loss:-0.98231, ratio_train_loss:0.64459,ratio_test_loss:0.62731, total_loss_train:-0.34458,total_loss_test:-0.35500, 
[Training Finished]
All Done!
