40
--dataset mnist --model CNN --gpu_devices 0 1 --max_iter 50 --batch_size 128 --ckpt_dir checkpoints_CNN --ckpt_dir_scores checkpoint_scores_CNN --use_scheduler True --GMP True --lr 1e-3 --z_struct_size 20 --add_classification_layer True --classif_layer_size 30 --is_default_model False --is_custom_model False --is_custom_model_BK True --big_kernel_size 8 --two_conv_layer True --three_conv_layer False --BK_in_first_layer True --BK_in_second_layer False --BK_in_third_layer False --stride_size 1 --hidden_filters_layer1 32 --hidden_filters_layer2 32 --hidden_filters_layer3 32 --ratio_reg True --lambda_ratio_reg 10 --lambda_class 1 --other_ratio True --exp_name CNN_mnist_custom_BK_2layer_bk1_20_other_ratio_bs_128_7
Namespace(BK_in_first_layer=True, BK_in_second_layer=False, BK_in_third_layer=False, BN=False, C_max=25, C_stop_iter=100000.0, E1_AE=False, E1_VAE=False, E1_conv=False, E1_dense=False, E1_second_conv=False, E1_second_conv_adapt=False, GMP=True, L1_norm_act=False, L1_norm_weights=False, L3_without_random=False, adapt_lr=False, add_classification_layer=True, add_linear_after_GMP=True, add_z_struct_bottleneck=False, batch_size=128, beta=1, beta1=0.9, beta2=0.999, big_kernel=False, big_kernel_size=[8], binary_z=False, ckpt_dir='checkpoints_CNN', ckpt_dir_scores='checkpoint_scores_CNN', classif_layer_size=30, cuda=True, dataset='mnist', display_step=10000, dset_dir='data', exp_name='CNN_mnist_custom_BK_2layer_bk1_20_other_ratio_bs_128_7', gamma=1000, gpu_devices=[0, 1], hidden_filters_layer1=32, hidden_filters_layer2=32, hidden_filters_layer3=32, image_size=64, is_C=True, is_E1=False, is_binary_structural_latent=False, is_custom_model=False, is_custom_model_BK=True, is_default_model=False, is_noise_stats=False, is_partial_rand_class=False, is_perturbed_score=False, is_zvar_sim_loss=False, just_train=False, kernel_size=4, lambda_Kl_struct=1, lambda_Kl_var=1, lambda_L1=0.01, lambda_VAE=1, lambda_class=1.0, lambda_partial_class=1, lambda_ratio_reg=10.0, lambda_recon_wt_rand=1, lambda_recons=1, lambda_zvar_sim=1, latent_spec_cont=None, latent_spec_cont_class=None, latent_spec_cont_var=None, latent_spec_disc=None, latent_spec_disc_class=None, latent_spec_disc_var=None, log_level='info', lr=0.001, max_iter=50.0, model='CNN', num_workers=2, old_weighted=False, other_ratio=True, random_percentage=0.2, ratio_reg=True, save_step=10000, second_layer_C=False, seed=1, stride_size=1, three_conv_layer=False, train=True, two_conv_layer=True, two_encoder=False, use_early_stopping=False, use_scheduler=True, z_struct_size=20, zeros_W_Classif=False, zvar_sim_change_zvar=False, zvar_sim_loss_for_all_model=False, zvar_sim_loss_only_for_encoder=False, zvar_sim_normal=False, zvar_sim_var_rand=False)
CUDA Visible devices !
Custom_CNN_BK(
  (net): Sequential(
    (0): Conv2d(1, 32, kernel_size=(8, 8), stride=(1, 1))
    (1): BatchNorm2d(32, eps=1e-05, momentum=0.1, affine=True, track_running_stats=True)
    (2): ReLU(inplace=True)
    (3): Conv2d(32, 32, kernel_size=(4, 4), stride=(1, 1))
    (4): BatchNorm2d(32, eps=1e-05, momentum=0.1, affine=True, track_running_stats=True)
    (5): ReLU(inplace=True)
    (6): AdaptiveMaxPool2d(output_size=(1, 1))
    (7): View()
    (8): Linear(in_features=32, out_features=20, bias=True)
    (9): BatchNorm1d(20, eps=1e-05, momentum=0.1, affine=True, track_running_stats=True)
    (10): ReLU(inplace=True)
    (11): Dropout(p=0.4, inplace=False)
    (12): Linear(in_features=20, out_features=30, bias=True)
    (13): BatchNorm1d(30, eps=1e-05, momentum=0.1, affine=True, track_running_stats=True)
    (14): ReLU(inplace=True)
    (15): Dropout(p=0.4, inplace=False)
    (16): Linear(in_features=30, out_features=10, bias=True)
    (17): Softmax(dim=None)
  )
)
The number of parameters of model is 20324
use 1 gpu who named: Tesla V100-SXM2-32GB
=> loaded sample_scores and losses
=> loaded checkpoint 'checkpoints_CNN/CNN_mnist_custom_BK_2layer_bk1_20_other_ratio_bs_128_7/last (iter 46900)'
=> saved checkpoint 'checkpoints_CNN/CNN_mnist_custom_BK_2layer_bk1_20_other_ratio_bs_128_7/last' (iter 469, epoch 1.0)
=> saved checkpoint 'checkpoint_scores_CNN/CNN_mnist_custom_BK_2layer_bk1_20_other_ratio_bs_128_7/last' (iter 469, epoch 1.0)
[Save Checkpoint] epoch: [1.0], Train score:98.68667, Test score:98.27000, train loss:-0.98682, test loss:-0.98274, ratio_train_loss:1.94538,ratio_test_loss:0.75775, total_loss_train:0.95856,total_loss_test:-0.22500, 
=> saved checkpoint 'checkpoints_CNN/CNN_mnist_custom_BK_2layer_bk1_20_other_ratio_bs_128_7/last' (iter 938, epoch 2.0)
=> saved checkpoint 'checkpoint_scores_CNN/CNN_mnist_custom_BK_2layer_bk1_20_other_ratio_bs_128_7/last' (iter 938, epoch 2.0)
[Save Checkpoint] epoch: [2.0], Train score:98.79500, Test score:98.39000, train loss:-0.98790, test loss:-0.98405, ratio_train_loss:1.88953,ratio_test_loss:0.77595, total_loss_train:0.90164,total_loss_test:-0.20810, 
=> saved checkpoint 'checkpoints_CNN/CNN_mnist_custom_BK_2layer_bk1_20_other_ratio_bs_128_7/last' (iter 1407, epoch 3.0)
=> saved checkpoint 'checkpoint_scores_CNN/CNN_mnist_custom_BK_2layer_bk1_20_other_ratio_bs_128_7/last' (iter 1407, epoch 3.0)
[Save Checkpoint] epoch: [3.0], Train score:98.78833, Test score:98.30000, train loss:-0.98771, test loss:-0.98300, ratio_train_loss:1.89309,ratio_test_loss:0.76629, total_loss_train:0.90538,total_loss_test:-0.21671, 
=> saved checkpoint 'checkpoints_CNN/CNN_mnist_custom_BK_2layer_bk1_20_other_ratio_bs_128_7/last' (iter 1876, epoch 4.0)
=> saved checkpoint 'checkpoint_scores_CNN/CNN_mnist_custom_BK_2layer_bk1_20_other_ratio_bs_128_7/last' (iter 1876, epoch 4.0)
[Save Checkpoint] epoch: [4.0], Train score:98.79000, Test score:98.38000, train loss:-0.98776, test loss:-0.98403, ratio_train_loss:1.94056,ratio_test_loss:0.71824, total_loss_train:0.95280,total_loss_test:-0.26580, 
=> saved checkpoint 'checkpoints_CNN/CNN_mnist_custom_BK_2layer_bk1_20_other_ratio_bs_128_7/last' (iter 2345, epoch 5.0)
=> saved checkpoint 'checkpoint_scores_CNN/CNN_mnist_custom_BK_2layer_bk1_20_other_ratio_bs_128_7/last' (iter 2345, epoch 5.0)
[Save Checkpoint] epoch: [5.0], Train score:98.74667, Test score:98.46000, train loss:-0.98735, test loss:-0.98454, ratio_train_loss:1.87025,ratio_test_loss:0.75591, total_loss_train:0.88289,total_loss_test:-0.22863, 
=> saved checkpoint 'checkpoints_CNN/CNN_mnist_custom_BK_2layer_bk1_20_other_ratio_bs_128_7/last' (iter 2814, epoch 6.0)
=> saved checkpoint 'checkpoint_scores_CNN/CNN_mnist_custom_BK_2layer_bk1_20_other_ratio_bs_128_7/last' (iter 2814, epoch 6.0)
[Save Checkpoint] epoch: [6.0], Train score:98.74167, Test score:98.38000, train loss:-0.98734, test loss:-0.98373, ratio_train_loss:1.89890,ratio_test_loss:0.74326, total_loss_train:0.91155,total_loss_test:-0.24048, 
=> saved checkpoint 'checkpoints_CNN/CNN_mnist_custom_BK_2layer_bk1_20_other_ratio_bs_128_7/last' (iter 3283, epoch 7.0)
=> saved checkpoint 'checkpoint_scores_CNN/CNN_mnist_custom_BK_2layer_bk1_20_other_ratio_bs_128_7/last' (iter 3283, epoch 7.0)
[Save Checkpoint] epoch: [7.0], Train score:98.84667, Test score:98.31000, train loss:-0.98837, test loss:-0.98306, ratio_train_loss:1.82970,ratio_test_loss:0.80078, total_loss_train:0.84132,total_loss_test:-0.18228, 
=> saved checkpoint 'checkpoints_CNN/CNN_mnist_custom_BK_2layer_bk1_20_other_ratio_bs_128_7/last' (iter 3752, epoch 8.0)
=> saved checkpoint 'checkpoint_scores_CNN/CNN_mnist_custom_BK_2layer_bk1_20_other_ratio_bs_128_7/last' (iter 3752, epoch 8.0)
[Save Checkpoint] epoch: [8.0], Train score:98.71333, Test score:98.42000, train loss:-0.98705, test loss:-0.98396, ratio_train_loss:1.84826,ratio_test_loss:0.76385, total_loss_train:0.86121,total_loss_test:-0.22011, 
=> saved checkpoint 'checkpoints_CNN/CNN_mnist_custom_BK_2layer_bk1_20_other_ratio_bs_128_7/last' (iter 4221, epoch 9.0)
=> saved checkpoint 'checkpoint_scores_CNN/CNN_mnist_custom_BK_2layer_bk1_20_other_ratio_bs_128_7/last' (iter 4221, epoch 9.0)
[Save Checkpoint] epoch: [9.0], Train score:98.87167, Test score:98.45000, train loss:-0.98854, test loss:-0.98424, ratio_train_loss:1.88420,ratio_test_loss:0.82597, total_loss_train:0.89566,total_loss_test:-0.15826, 
=> saved checkpoint 'checkpoints_CNN/CNN_mnist_custom_BK_2layer_bk1_20_other_ratio_bs_128_7/last' (iter 4690, epoch 10.0)
=> saved checkpoint 'checkpoint_scores_CNN/CNN_mnist_custom_BK_2layer_bk1_20_other_ratio_bs_128_7/last' (iter 4690, epoch 10.0)
[Save Checkpoint] epoch: [10.0], Train score:98.75500, Test score:98.36000, train loss:-0.98741, test loss:-0.98374, ratio_train_loss:1.84981,ratio_test_loss:0.75522, total_loss_train:0.86240,total_loss_test:-0.22852, 
=> saved checkpoint 'checkpoints_CNN/CNN_mnist_custom_BK_2layer_bk1_20_other_ratio_bs_128_7/last' (iter 5159, epoch 11.0)
=> saved checkpoint 'checkpoint_scores_CNN/CNN_mnist_custom_BK_2layer_bk1_20_other_ratio_bs_128_7/last' (iter 5159, epoch 11.0)
[Save Checkpoint] epoch: [11.0], Train score:98.84000, Test score:98.55000, train loss:-0.98833, test loss:-0.98543, ratio_train_loss:1.90196,ratio_test_loss:0.74481, total_loss_train:0.91363,total_loss_test:-0.24062, 
=> saved checkpoint 'checkpoints_CNN/CNN_mnist_custom_BK_2layer_bk1_20_other_ratio_bs_128_7/last' (iter 5628, epoch 12.0)
=> saved checkpoint 'checkpoint_scores_CNN/CNN_mnist_custom_BK_2layer_bk1_20_other_ratio_bs_128_7/last' (iter 5628, epoch 12.0)
[Save Checkpoint] epoch: [12.0], Train score:98.70167, Test score:98.36000, train loss:-0.98690, test loss:-0.98347, ratio_train_loss:1.91295,ratio_test_loss:0.73665, total_loss_train:0.92605,total_loss_test:-0.24682, 
=> saved checkpoint 'checkpoints_CNN/CNN_mnist_custom_BK_2layer_bk1_20_other_ratio_bs_128_7/last' (iter 6097, epoch 13.0)
=> saved checkpoint 'checkpoint_scores_CNN/CNN_mnist_custom_BK_2layer_bk1_20_other_ratio_bs_128_7/last' (iter 6097, epoch 13.0)
[Save Checkpoint] epoch: [13.0], Train score:98.84000, Test score:98.31000, train loss:-0.98841, test loss:-0.98332, ratio_train_loss:1.90694,ratio_test_loss:0.74940, total_loss_train:0.91853,total_loss_test:-0.23392, 
=> saved checkpoint 'checkpoints_CNN/CNN_mnist_custom_BK_2layer_bk1_20_other_ratio_bs_128_7/last' (iter 6566, epoch 14.0)
=> saved checkpoint 'checkpoint_scores_CNN/CNN_mnist_custom_BK_2layer_bk1_20_other_ratio_bs_128_7/last' (iter 6566, epoch 14.0)
[Save Checkpoint] epoch: [14.0], Train score:98.78167, Test score:98.27000, train loss:-0.98765, test loss:-0.98286, ratio_train_loss:1.80986,ratio_test_loss:0.81209, total_loss_train:0.82221,total_loss_test:-0.17077, 
=> saved checkpoint 'checkpoints_CNN/CNN_mnist_custom_BK_2layer_bk1_20_other_ratio_bs_128_7/last' (iter 7035, epoch 15.0)
=> saved checkpoint 'checkpoint_scores_CNN/CNN_mnist_custom_BK_2layer_bk1_20_other_ratio_bs_128_7/last' (iter 7035, epoch 15.0)
[Save Checkpoint] epoch: [15.0], Train score:98.67667, Test score:98.23000, train loss:-0.98664, test loss:-0.98246, ratio_train_loss:1.88207,ratio_test_loss:0.78725, total_loss_train:0.89543,total_loss_test:-0.19521, 
=> saved checkpoint 'checkpoints_CNN/CNN_mnist_custom_BK_2layer_bk1_20_other_ratio_bs_128_7/last' (iter 7504, epoch 16.0)
=> saved checkpoint 'checkpoint_scores_CNN/CNN_mnist_custom_BK_2layer_bk1_20_other_ratio_bs_128_7/last' (iter 7504, epoch 16.0)
[Save Checkpoint] epoch: [16.0], Train score:98.65833, Test score:98.33000, train loss:-0.98648, test loss:-0.98330, ratio_train_loss:1.83361,ratio_test_loss:0.79526, total_loss_train:0.84713,total_loss_test:-0.18804, 
=> saved checkpoint 'checkpoints_CNN/CNN_mnist_custom_BK_2layer_bk1_20_other_ratio_bs_128_7/last' (iter 7973, epoch 17.0)
=> saved checkpoint 'checkpoint_scores_CNN/CNN_mnist_custom_BK_2layer_bk1_20_other_ratio_bs_128_7/last' (iter 7973, epoch 17.0)
[Save Checkpoint] epoch: [17.0], Train score:98.78167, Test score:98.44000, train loss:-0.98787, test loss:-0.98444, ratio_train_loss:1.88069,ratio_test_loss:0.75969, total_loss_train:0.89283,total_loss_test:-0.22475, 
=> saved checkpoint 'checkpoints_CNN/CNN_mnist_custom_BK_2layer_bk1_20_other_ratio_bs_128_7/last' (iter 8442, epoch 18.0)
=> saved checkpoint 'checkpoint_scores_CNN/CNN_mnist_custom_BK_2layer_bk1_20_other_ratio_bs_128_7/last' (iter 8442, epoch 18.0)
[Save Checkpoint] epoch: [18.0], Train score:98.80667, Test score:98.50000, train loss:-0.98799, test loss:-0.98481, ratio_train_loss:1.96625,ratio_test_loss:0.73609, total_loss_train:0.97826,total_loss_test:-0.24872, 
=> saved checkpoint 'checkpoints_CNN/CNN_mnist_custom_BK_2layer_bk1_20_other_ratio_bs_128_7/last' (iter 8911, epoch 19.0)
=> saved checkpoint 'checkpoint_scores_CNN/CNN_mnist_custom_BK_2layer_bk1_20_other_ratio_bs_128_7/last' (iter 8911, epoch 19.0)
[Save Checkpoint] epoch: [19.0], Train score:98.75000, Test score:98.23000, train loss:-0.98743, test loss:-0.98245, ratio_train_loss:1.97228,ratio_test_loss:0.74956, total_loss_train:0.98485,total_loss_test:-0.23289, 
=> saved checkpoint 'checkpoints_CNN/CNN_mnist_custom_BK_2layer_bk1_20_other_ratio_bs_128_7/last' (iter 9380, epoch 20.0)
=> saved checkpoint 'checkpoint_scores_CNN/CNN_mnist_custom_BK_2layer_bk1_20_other_ratio_bs_128_7/last' (iter 9380, epoch 20.0)
[Save Checkpoint] epoch: [20.0], Train score:98.84000, Test score:98.43000, train loss:-0.98829, test loss:-0.98452, ratio_train_loss:1.90725,ratio_test_loss:0.74869, total_loss_train:0.91895,total_loss_test:-0.23583, 
=> saved checkpoint 'checkpoints_CNN/CNN_mnist_custom_BK_2layer_bk1_20_other_ratio_bs_128_7/last' (iter 9849, epoch 21.0)
=> saved checkpoint 'checkpoint_scores_CNN/CNN_mnist_custom_BK_2layer_bk1_20_other_ratio_bs_128_7/last' (iter 9849, epoch 21.0)
[Save Checkpoint] epoch: [21.0], Train score:98.79167, Test score:98.41000, train loss:-0.98781, test loss:-0.98421, ratio_train_loss:1.87941,ratio_test_loss:0.77117, total_loss_train:0.89159,total_loss_test:-0.21304, 
=> saved checkpoint 'checkpoints_CNN/CNN_mnist_custom_BK_2layer_bk1_20_other_ratio_bs_128_7/last' (iter 10318, epoch 22.0)
=> saved checkpoint 'checkpoint_scores_CNN/CNN_mnist_custom_BK_2layer_bk1_20_other_ratio_bs_128_7/last' (iter 10318, epoch 22.0)
[Save Checkpoint] epoch: [22.0], Train score:98.80167, Test score:98.45000, train loss:-0.98796, test loss:-0.98470, ratio_train_loss:1.84552,ratio_test_loss:0.76459, total_loss_train:0.85756,total_loss_test:-0.22011, 
=> saved checkpoint 'checkpoints_CNN/CNN_mnist_custom_BK_2layer_bk1_20_other_ratio_bs_128_7/last' (iter 10787, epoch 23.0)
=> saved checkpoint 'checkpoint_scores_CNN/CNN_mnist_custom_BK_2layer_bk1_20_other_ratio_bs_128_7/last' (iter 10787, epoch 23.0)
[Save Checkpoint] epoch: [23.0], Train score:98.85833, Test score:98.30000, train loss:-0.98853, test loss:-0.98327, ratio_train_loss:1.89937,ratio_test_loss:0.75834, total_loss_train:0.91084,total_loss_test:-0.22493, 
=> saved checkpoint 'checkpoints_CNN/CNN_mnist_custom_BK_2layer_bk1_20_other_ratio_bs_128_7/last' (iter 11256, epoch 24.0)
=> saved checkpoint 'checkpoint_scores_CNN/CNN_mnist_custom_BK_2layer_bk1_20_other_ratio_bs_128_7/last' (iter 11256, epoch 24.0)
[Save Checkpoint] epoch: [24.0], Train score:98.66667, Test score:98.16000, train loss:-0.98656, test loss:-0.98173, ratio_train_loss:1.82364,ratio_test_loss:0.81061, total_loss_train:0.83708,total_loss_test:-0.17112, 
=> saved checkpoint 'checkpoints_CNN/CNN_mnist_custom_BK_2layer_bk1_20_other_ratio_bs_128_7/last' (iter 11725, epoch 25.0)
=> saved checkpoint 'checkpoint_scores_CNN/CNN_mnist_custom_BK_2layer_bk1_20_other_ratio_bs_128_7/last' (iter 11725, epoch 25.0)
[Save Checkpoint] epoch: [25.0], Train score:98.84667, Test score:98.51000, train loss:-0.98828, test loss:-0.98511, ratio_train_loss:1.91912,ratio_test_loss:0.78901, total_loss_train:0.93084,total_loss_test:-0.19610, 
=> saved checkpoint 'checkpoints_CNN/CNN_mnist_custom_BK_2layer_bk1_20_other_ratio_bs_128_7/last' (iter 12194, epoch 26.0)
=> saved checkpoint 'checkpoint_scores_CNN/CNN_mnist_custom_BK_2layer_bk1_20_other_ratio_bs_128_7/last' (iter 12194, epoch 26.0)
[Save Checkpoint] epoch: [26.0], Train score:98.79167, Test score:98.34000, train loss:-0.98779, test loss:-0.98336, ratio_train_loss:1.88133,ratio_test_loss:0.74581, total_loss_train:0.89354,total_loss_test:-0.23755, 
=> saved checkpoint 'checkpoints_CNN/CNN_mnist_custom_BK_2layer_bk1_20_other_ratio_bs_128_7/last' (iter 12663, epoch 27.0)
=> saved checkpoint 'checkpoint_scores_CNN/CNN_mnist_custom_BK_2layer_bk1_20_other_ratio_bs_128_7/last' (iter 12663, epoch 27.0)
[Save Checkpoint] epoch: [27.0], Train score:98.76500, Test score:98.42000, train loss:-0.98761, test loss:-0.98444, ratio_train_loss:1.83827,ratio_test_loss:0.76834, total_loss_train:0.85065,total_loss_test:-0.21610, 
=> saved checkpoint 'checkpoints_CNN/CNN_mnist_custom_BK_2layer_bk1_20_other_ratio_bs_128_7/last' (iter 13132, epoch 28.0)
=> saved checkpoint 'checkpoint_scores_CNN/CNN_mnist_custom_BK_2layer_bk1_20_other_ratio_bs_128_7/last' (iter 13132, epoch 28.0)
[Save Checkpoint] epoch: [28.0], Train score:98.81667, Test score:98.45000, train loss:-0.98805, test loss:-0.98460, ratio_train_loss:1.87744,ratio_test_loss:0.77260, total_loss_train:0.88939,total_loss_test:-0.21201, 
=> saved checkpoint 'checkpoints_CNN/CNN_mnist_custom_BK_2layer_bk1_20_other_ratio_bs_128_7/last' (iter 13601, epoch 29.0)
=> saved checkpoint 'checkpoint_scores_CNN/CNN_mnist_custom_BK_2layer_bk1_20_other_ratio_bs_128_7/last' (iter 13601, epoch 29.0)
[Save Checkpoint] epoch: [29.0], Train score:98.83000, Test score:98.61000, train loss:-0.98818, test loss:-0.98602, ratio_train_loss:1.86734,ratio_test_loss:0.74502, total_loss_train:0.87916,total_loss_test:-0.24101, 
=> saved checkpoint 'checkpoints_CNN/CNN_mnist_custom_BK_2layer_bk1_20_other_ratio_bs_128_7/last' (iter 14070, epoch 30.0)
=> saved checkpoint 'checkpoint_scores_CNN/CNN_mnist_custom_BK_2layer_bk1_20_other_ratio_bs_128_7/last' (iter 14070, epoch 30.0)
[Save Checkpoint] epoch: [30.0], Train score:98.78167, Test score:98.47000, train loss:-0.98780, test loss:-0.98456, ratio_train_loss:1.88860,ratio_test_loss:0.78387, total_loss_train:0.90080,total_loss_test:-0.20069, 
=> saved checkpoint 'checkpoints_CNN/CNN_mnist_custom_BK_2layer_bk1_20_other_ratio_bs_128_7/last' (iter 14539, epoch 31.0)
=> saved checkpoint 'checkpoint_scores_CNN/CNN_mnist_custom_BK_2layer_bk1_20_other_ratio_bs_128_7/last' (iter 14539, epoch 31.0)
[Save Checkpoint] epoch: [31.0], Train score:98.82000, Test score:98.48000, train loss:-0.98812, test loss:-0.98480, ratio_train_loss:1.85632,ratio_test_loss:0.76035, total_loss_train:0.86820,total_loss_test:-0.22445, 
=> saved checkpoint 'checkpoints_CNN/CNN_mnist_custom_BK_2layer_bk1_20_other_ratio_bs_128_7/last' (iter 15008, epoch 32.0)
=> saved checkpoint 'checkpoint_scores_CNN/CNN_mnist_custom_BK_2layer_bk1_20_other_ratio_bs_128_7/last' (iter 15008, epoch 32.0)
[Save Checkpoint] epoch: [32.0], Train score:98.87167, Test score:98.50000, train loss:-0.98863, test loss:-0.98517, ratio_train_loss:1.92537,ratio_test_loss:0.75130, total_loss_train:0.93674,total_loss_test:-0.23387, 
=> saved checkpoint 'checkpoints_CNN/CNN_mnist_custom_BK_2layer_bk1_20_other_ratio_bs_128_7/last' (iter 15477, epoch 33.0)
=> saved checkpoint 'checkpoint_scores_CNN/CNN_mnist_custom_BK_2layer_bk1_20_other_ratio_bs_128_7/last' (iter 15477, epoch 33.0)
[Save Checkpoint] epoch: [33.0], Train score:98.94000, Test score:98.53000, train loss:-0.98927, test loss:-0.98568, ratio_train_loss:1.87649,ratio_test_loss:0.78808, total_loss_train:0.88722,total_loss_test:-0.19759, 
=> saved checkpoint 'checkpoints_CNN/CNN_mnist_custom_BK_2layer_bk1_20_other_ratio_bs_128_7/last' (iter 15946, epoch 34.0)
=> saved checkpoint 'checkpoint_scores_CNN/CNN_mnist_custom_BK_2layer_bk1_20_other_ratio_bs_128_7/last' (iter 15946, epoch 34.0)
[Save Checkpoint] epoch: [34.0], Train score:98.80333, Test score:98.41000, train loss:-0.98796, test loss:-0.98458, ratio_train_loss:1.85903,ratio_test_loss:0.77901, total_loss_train:0.87108,total_loss_test:-0.20557, 
=> saved checkpoint 'checkpoints_CNN/CNN_mnist_custom_BK_2layer_bk1_20_other_ratio_bs_128_7/last' (iter 16415, epoch 35.0)
=> saved checkpoint 'checkpoint_scores_CNN/CNN_mnist_custom_BK_2layer_bk1_20_other_ratio_bs_128_7/last' (iter 16415, epoch 35.0)
[Save Checkpoint] epoch: [35.0], Train score:98.78500, Test score:98.50000, train loss:-0.98781, test loss:-0.98493, ratio_train_loss:1.91293,ratio_test_loss:0.77642, total_loss_train:0.92512,total_loss_test:-0.20851, 
=> saved checkpoint 'checkpoints_CNN/CNN_mnist_custom_BK_2layer_bk1_20_other_ratio_bs_128_7/last' (iter 16884, epoch 36.0)
=> saved checkpoint 'checkpoint_scores_CNN/CNN_mnist_custom_BK_2layer_bk1_20_other_ratio_bs_128_7/last' (iter 16884, epoch 36.0)
[Save Checkpoint] epoch: [36.0], Train score:98.86500, Test score:98.68000, train loss:-0.98862, test loss:-0.98689, ratio_train_loss:1.87547,ratio_test_loss:0.76897, total_loss_train:0.88685,total_loss_test:-0.21792, 
=> saved checkpoint 'checkpoints_CNN/CNN_mnist_custom_BK_2layer_bk1_20_other_ratio_bs_128_7/last' (iter 17353, epoch 37.0)
=> saved checkpoint 'checkpoint_scores_CNN/CNN_mnist_custom_BK_2layer_bk1_20_other_ratio_bs_128_7/last' (iter 17353, epoch 37.0)
[Save Checkpoint] epoch: [37.0], Train score:98.86167, Test score:98.46000, train loss:-0.98842, test loss:-0.98477, ratio_train_loss:1.91939,ratio_test_loss:0.71540, total_loss_train:0.93097,total_loss_test:-0.26938, 
=> saved checkpoint 'checkpoints_CNN/CNN_mnist_custom_BK_2layer_bk1_20_other_ratio_bs_128_7/last' (iter 17822, epoch 38.0)
=> saved checkpoint 'checkpoint_scores_CNN/CNN_mnist_custom_BK_2layer_bk1_20_other_ratio_bs_128_7/last' (iter 17822, epoch 38.0)
[Save Checkpoint] epoch: [38.0], Train score:98.81000, Test score:98.58000, train loss:-0.98806, test loss:-0.98582, ratio_train_loss:1.87896,ratio_test_loss:0.69954, total_loss_train:0.89090,total_loss_test:-0.28628, 
=> saved checkpoint 'checkpoints_CNN/CNN_mnist_custom_BK_2layer_bk1_20_other_ratio_bs_128_7/last' (iter 18291, epoch 39.0)
=> saved checkpoint 'checkpoint_scores_CNN/CNN_mnist_custom_BK_2layer_bk1_20_other_ratio_bs_128_7/last' (iter 18291, epoch 39.0)
[Save Checkpoint] epoch: [39.0], Train score:98.85333, Test score:98.34000, train loss:-0.98841, test loss:-0.98361, ratio_train_loss:1.76132,ratio_test_loss:0.75890, total_loss_train:0.77291,total_loss_test:-0.22471, 
=> saved checkpoint 'checkpoints_CNN/CNN_mnist_custom_BK_2layer_bk1_20_other_ratio_bs_128_7/last' (iter 18760, epoch 40.0)
=> saved checkpoint 'checkpoint_scores_CNN/CNN_mnist_custom_BK_2layer_bk1_20_other_ratio_bs_128_7/last' (iter 18760, epoch 40.0)
[Save Checkpoint] epoch: [40.0], Train score:98.82167, Test score:98.29000, train loss:-0.98811, test loss:-0.98295, ratio_train_loss:1.90494,ratio_test_loss:0.71638, total_loss_train:0.91683,total_loss_test:-0.26656, 
=> saved checkpoint 'checkpoints_CNN/CNN_mnist_custom_BK_2layer_bk1_20_other_ratio_bs_128_7/last' (iter 19229, epoch 41.0)
=> saved checkpoint 'checkpoint_scores_CNN/CNN_mnist_custom_BK_2layer_bk1_20_other_ratio_bs_128_7/last' (iter 19229, epoch 41.0)
[Save Checkpoint] epoch: [41.0], Train score:98.85167, Test score:98.29000, train loss:-0.98846, test loss:-0.98307, ratio_train_loss:1.76144,ratio_test_loss:0.80446, total_loss_train:0.77298,total_loss_test:-0.17862, 
=> saved checkpoint 'checkpoints_CNN/CNN_mnist_custom_BK_2layer_bk1_20_other_ratio_bs_128_7/last' (iter 19698, epoch 42.0)
=> saved checkpoint 'checkpoint_scores_CNN/CNN_mnist_custom_BK_2layer_bk1_20_other_ratio_bs_128_7/last' (iter 19698, epoch 42.0)
[Save Checkpoint] epoch: [42.0], Train score:98.84000, Test score:98.44000, train loss:-0.98839, test loss:-0.98445, ratio_train_loss:1.79174,ratio_test_loss:0.89899, total_loss_train:0.80335,total_loss_test:-0.08546, 
=> saved checkpoint 'checkpoints_CNN/CNN_mnist_custom_BK_2layer_bk1_20_other_ratio_bs_128_7/last' (iter 20167, epoch 43.0)
=> saved checkpoint 'checkpoint_scores_CNN/CNN_mnist_custom_BK_2layer_bk1_20_other_ratio_bs_128_7/last' (iter 20167, epoch 43.0)
[Save Checkpoint] epoch: [43.0], Train score:98.70833, Test score:98.32000, train loss:-0.98703, test loss:-0.98351, ratio_train_loss:1.84395,ratio_test_loss:0.77705, total_loss_train:0.85692,total_loss_test:-0.20647, 
=> saved checkpoint 'checkpoints_CNN/CNN_mnist_custom_BK_2layer_bk1_20_other_ratio_bs_128_7/last' (iter 20636, epoch 44.0)
=> saved checkpoint 'checkpoint_scores_CNN/CNN_mnist_custom_BK_2layer_bk1_20_other_ratio_bs_128_7/last' (iter 20636, epoch 44.0)
[Save Checkpoint] epoch: [44.0], Train score:98.80833, Test score:98.31000, train loss:-0.98799, test loss:-0.98340, ratio_train_loss:1.85780,ratio_test_loss:0.77195, total_loss_train:0.86981,total_loss_test:-0.21145, 
=> saved checkpoint 'checkpoints_CNN/CNN_mnist_custom_BK_2layer_bk1_20_other_ratio_bs_128_7/last' (iter 21105, epoch 45.0)
=> saved checkpoint 'checkpoint_scores_CNN/CNN_mnist_custom_BK_2layer_bk1_20_other_ratio_bs_128_7/last' (iter 21105, epoch 45.0)
[Save Checkpoint] epoch: [45.0], Train score:98.85500, Test score:98.58000, train loss:-0.98851, test loss:-0.98573, ratio_train_loss:1.94708,ratio_test_loss:0.70765, total_loss_train:0.95857,total_loss_test:-0.27808, 
=> saved checkpoint 'checkpoints_CNN/CNN_mnist_custom_BK_2layer_bk1_20_other_ratio_bs_128_7/last' (iter 21574, epoch 46.0)
=> saved checkpoint 'checkpoint_scores_CNN/CNN_mnist_custom_BK_2layer_bk1_20_other_ratio_bs_128_7/last' (iter 21574, epoch 46.0)
[Save Checkpoint] epoch: [46.0], Train score:98.92333, Test score:98.47000, train loss:-0.98913, test loss:-0.98479, ratio_train_loss:1.87925,ratio_test_loss:0.72997, total_loss_train:0.89011,total_loss_test:-0.25482, 
=> saved checkpoint 'checkpoints_CNN/CNN_mnist_custom_BK_2layer_bk1_20_other_ratio_bs_128_7/last' (iter 22043, epoch 47.0)
=> saved checkpoint 'checkpoint_scores_CNN/CNN_mnist_custom_BK_2layer_bk1_20_other_ratio_bs_128_7/last' (iter 22043, epoch 47.0)
[Save Checkpoint] epoch: [47.0], Train score:98.78833, Test score:98.27000, train loss:-0.98785, test loss:-0.98301, ratio_train_loss:1.92728,ratio_test_loss:0.72144, total_loss_train:0.93944,total_loss_test:-0.26158, 
=> saved checkpoint 'checkpoints_CNN/CNN_mnist_custom_BK_2layer_bk1_20_other_ratio_bs_128_7/last' (iter 22512, epoch 48.0)
=> saved checkpoint 'checkpoint_scores_CNN/CNN_mnist_custom_BK_2layer_bk1_20_other_ratio_bs_128_7/last' (iter 22512, epoch 48.0)
[Save Checkpoint] epoch: [48.0], Train score:98.80167, Test score:98.31000, train loss:-0.98802, test loss:-0.98308, ratio_train_loss:1.82287,ratio_test_loss:0.78172, total_loss_train:0.83485,total_loss_test:-0.20137, 
=> saved checkpoint 'checkpoints_CNN/CNN_mnist_custom_BK_2layer_bk1_20_other_ratio_bs_128_7/last' (iter 22981, epoch 49.0)
=> saved checkpoint 'checkpoint_scores_CNN/CNN_mnist_custom_BK_2layer_bk1_20_other_ratio_bs_128_7/last' (iter 22981, epoch 49.0)
[Save Checkpoint] epoch: [49.0], Train score:98.93667, Test score:98.36000, train loss:-0.98919, test loss:-0.98390, ratio_train_loss:1.80731,ratio_test_loss:0.76508, total_loss_train:0.81812,total_loss_test:-0.21882, 
=> saved checkpoint 'checkpoints_CNN/CNN_mnist_custom_BK_2layer_bk1_20_other_ratio_bs_128_7/last' (iter 23450, epoch 50.0)
=> saved checkpoint 'checkpoint_scores_CNN/CNN_mnist_custom_BK_2layer_bk1_20_other_ratio_bs_128_7/last' (iter 23450, epoch 50.0)
[Save Checkpoint] epoch: [50.0], Train score:98.84833, Test score:98.21000, train loss:-0.98849, test loss:-0.98215, ratio_train_loss:1.83570,ratio_test_loss:0.75660, total_loss_train:0.84721,total_loss_test:-0.22555, 
[Training Finished]
All Done!
