87
--dataset mnist --model CNN --gpu_devices 0 1 --max_iter 50 --batch_size 256 --ckpt_dir checkpoints_CNN --ckpt_dir_scores checkpoint_scores_CNN --use_scheduler True --GMP True --lr 1e-3 --z_struct_size 20 --add_classification_layer True --classif_layer_size 30 --is_default_model False --is_custom_model False --is_custom_model_BK True --big_kernel_size 8 --two_conv_layer True --three_conv_layer False --BK_in_first_layer True --BK_in_second_layer False --BK_in_third_layer False --stride_size 1 --hidden_filters_layer1 32 --hidden_filters_layer2 32 --hidden_filters_layer3 32 --ratio_reg True --lambda_ratio_reg 0.001 --lambda_class 1 --other_ratio False --loss_min_distance_cl False --lambda_var_distance 1 --intra_class_variance_loss True --lambda_intra_class_var 0.001 --contrastive_loss False --lambda_contrastive_loss 1 --alpha 32 --loss Proxy_Anchor --optimizer adamw --mrg 0.1 --IPC False --warm 1 --sz_embedding 32 --dataset_balanced False --exp_name mnist_classif_ratio_variacnce_intra_5_5
Namespace(BK_in_first_layer=True, BK_in_second_layer=False, BK_in_third_layer=False, BN=False, C_max=25, C_stop_iter=100000.0, E1_AE=False, E1_VAE=False, E1_conv=False, E1_dense=False, E1_second_conv=False, E1_second_conv_adapt=False, GMP=True, IPC=False, L1_norm_act=False, L1_norm_weights=False, L3_without_random=False, LOG_DIR='logs', adapt_lr=False, add_classification_layer=True, add_linear_after_GMP=True, add_z_struct_bottleneck=False, alpha=32.0, batch_size=256, beta=1, beta1=0.9, beta2=0.999, big_kernel=False, big_kernel_size=[8], binary_z=False, ckpt_dir='checkpoints_CNN', ckpt_dir_scores='checkpoint_scores_CNN', classif_layer_size=30, contrastive_loss=False, cuda=True, dataset='mnist', dataset_balanced=False, display_step=10000, dset_dir='data', exp_name='mnist_classif_ratio_variacnce_intra_5_5', gamma=1000, gpu_devices=[0, 1], hidden_filters_layer1=32, hidden_filters_layer2=32, hidden_filters_layer3=32, image_size=64, intra_class_variance_loss=True, is_C=True, is_E1=False, is_binary_structural_latent=False, is_custom_model=False, is_custom_model_BK=True, is_default_model=False, is_noise_stats=False, is_partial_rand_class=False, is_perturbed_score=False, is_zvar_sim_loss=False, just_train=False, kernel_size=4, lambda_Kl_struct=1, lambda_Kl_var=1, lambda_L1=0.01, lambda_VAE=1, lambda_class=1.0, lambda_contrastive_loss=1.0, lambda_distance_mean=1, lambda_intra_class_var=0.001, lambda_partial_class=1, lambda_ratio_reg=0.001, lambda_recon_wt_rand=1, lambda_recons=1, lambda_var_distance=1.0, lambda_zvar_sim=1, latent_spec_cont=None, latent_spec_cont_class=None, latent_spec_cont_var=None, latent_spec_disc=None, latent_spec_disc_class=None, latent_spec_disc_var=None, log_level='info', loss='Proxy_Anchor', loss_distance_mean=False, loss_min_distance_cl=False, lr=0.001, max_iter=50.0, model='CNN', mrg=0.1, num_workers=2, old_weighted=False, optimizer='adamw', other_ratio=False, random_percentage=0.2, ratio_reg=True, remark='', save_step=10000, second_layer_C=False, seed=1, stride_size=1, sz_embedding=32, three_conv_layer=False, train=True, two_conv_layer=True, two_encoder=False, use_early_stopping=True, use_scheduler=True, warm=1, without_acc=False, z_struct_size=20, zeros_W_Classif=False, zvar_sim_change_zvar=False, zvar_sim_loss_for_all_model=False, zvar_sim_loss_only_for_encoder=False, zvar_sim_normal=False, zvar_sim_var_rand=False)
CUDA Visible devices !
Custom_CNN_BK(
  (net): Sequential(
    (0): Conv2d(1, 32, kernel_size=(8, 8), stride=(1, 1))
    (1): BatchNorm2d(32, eps=1e-05, momentum=0.1, affine=True, track_running_stats=True)
    (2): ReLU(inplace=True)
    (3): Conv2d(32, 32, kernel_size=(4, 4), stride=(1, 1))
    (4): BatchNorm2d(32, eps=1e-05, momentum=0.1, affine=True, track_running_stats=True)
    (5): ReLU(inplace=True)
    (6): AdaptiveMaxPool2d(output_size=(1, 1))
    (7): View()
    (8): Linear(in_features=32, out_features=20, bias=True)
    (9): BatchNorm1d(20, eps=1e-05, momentum=0.1, affine=True, track_running_stats=True)
    (10): ReLU(inplace=True)
    (11): Dropout(p=0.4, inplace=False)
    (12): Linear(in_features=20, out_features=30, bias=True)
    (13): BatchNorm1d(30, eps=1e-05, momentum=0.1, affine=True, track_running_stats=True)
    (14): ReLU(inplace=True)
    (15): Dropout(p=0.4, inplace=False)
    (16): Linear(in_features=30, out_features=10, bias=True)
    (17): Softmax(dim=None)
  )
)
The number of parameters of model is 20324
use 1 gpu who named: Tesla K40c
=> loaded sample_scores and losses
=> no checkpoint found at 'checkpoints_CNN/mnist_classif_ratio_variacnce_intra_5_5/last'
=> saved checkpoint 'checkpoints_CNN/mnist_classif_ratio_variacnce_intra_5_5/last' (iter 235, epoch 1.0)
=> saved checkpoint 'checkpoint_scores_CNN/mnist_classif_ratio_variacnce_intra_5_5/last' (iter 235, epoch 1.0)
[Save Checkpoint] epoch: [1.0], Train score:70.83667, Test score:70.76000, train loss:-0.67413, test loss:-0.67571, ratio_train_loss:1.53875,ratio_test_loss:1.46248, total_loss_train:0.86462,total_loss_test:0.78678, var distance inter class train:0.00000,var distance inter class test:0.00000
=> saved checkpoint 'checkpoints_CNN/mnist_classif_ratio_variacnce_intra_5_5/last' (iter 470, epoch 2.0)
=> saved checkpoint 'checkpoint_scores_CNN/mnist_classif_ratio_variacnce_intra_5_5/last' (iter 470, epoch 2.0)
[Save Checkpoint] epoch: [2.0], Train score:94.52500, Test score:95.00000, train loss:-0.90276, test loss:-0.90928, ratio_train_loss:1.18176,ratio_test_loss:1.12102, total_loss_train:0.27900,total_loss_test:0.21175, var distance inter class train:0.00000,var distance inter class test:0.00000
=> saved checkpoint 'checkpoints_CNN/mnist_classif_ratio_variacnce_intra_5_5/last' (iter 705, epoch 3.0)
=> saved checkpoint 'checkpoint_scores_CNN/mnist_classif_ratio_variacnce_intra_5_5/last' (iter 705, epoch 3.0)
[Save Checkpoint] epoch: [3.0], Train score:96.42333, Test score:96.56000, train loss:-0.95165, test loss:-0.95457, ratio_train_loss:1.04998,ratio_test_loss:1.01173, total_loss_train:0.09832,total_loss_test:0.05716, var distance inter class train:0.00000,var distance inter class test:0.00000
Ratio: In this batch for class 4, they are less images than 10. Don't use it to compute ratio!!!!
=> saved checkpoint 'checkpoints_CNN/mnist_classif_ratio_variacnce_intra_5_5/last' (iter 940, epoch 4.0)
=> saved checkpoint 'checkpoint_scores_CNN/mnist_classif_ratio_variacnce_intra_5_5/last' (iter 940, epoch 4.0)
[Save Checkpoint] epoch: [4.0], Train score:96.95833, Test score:96.87000, train loss:-0.96242, test loss:-0.96437, ratio_train_loss:0.94248,ratio_test_loss:0.90677, total_loss_train:-0.01995,total_loss_test:-0.05760, var distance inter class train:0.00000,var distance inter class test:0.00000
=> saved checkpoint 'checkpoints_CNN/mnist_classif_ratio_variacnce_intra_5_5/last' (iter 1175, epoch 5.0)
=> saved checkpoint 'checkpoint_scores_CNN/mnist_classif_ratio_variacnce_intra_5_5/last' (iter 1175, epoch 5.0)
[Save Checkpoint] epoch: [5.0], Train score:97.17833, Test score:97.23000, train loss:-0.96715, test loss:-0.96891, ratio_train_loss:0.90895,ratio_test_loss:0.87780, total_loss_train:-0.05821,total_loss_test:-0.09111, var distance inter class train:0.00000,var distance inter class test:0.00000
=> saved checkpoint 'checkpoints_CNN/mnist_classif_ratio_variacnce_intra_5_5/last' (iter 1410, epoch 6.0)
=> saved checkpoint 'checkpoint_scores_CNN/mnist_classif_ratio_variacnce_intra_5_5/last' (iter 1410, epoch 6.0)
[Save Checkpoint] epoch: [6.0], Train score:97.65000, Test score:97.44000, train loss:-0.97286, test loss:-0.97256, ratio_train_loss:0.84356,ratio_test_loss:0.81285, total_loss_train:-0.12930,total_loss_test:-0.15970, var distance inter class train:0.00000,var distance inter class test:0.00000
=> saved checkpoint 'checkpoints_CNN/mnist_classif_ratio_variacnce_intra_5_5/last' (iter 1645, epoch 7.0)
=> saved checkpoint 'checkpoint_scores_CNN/mnist_classif_ratio_variacnce_intra_5_5/last' (iter 1645, epoch 7.0)
[Save Checkpoint] epoch: [7.0], Train score:97.61000, Test score:97.52000, train loss:-0.97326, test loss:-0.97347, ratio_train_loss:0.80277,ratio_test_loss:0.77208, total_loss_train:-0.17049,total_loss_test:-0.20138, var distance inter class train:0.00000,var distance inter class test:0.00000
=> saved checkpoint 'checkpoints_CNN/mnist_classif_ratio_variacnce_intra_5_5/last' (iter 1880, epoch 8.0)
=> saved checkpoint 'checkpoint_scores_CNN/mnist_classif_ratio_variacnce_intra_5_5/last' (iter 1880, epoch 8.0)
EarlyStopping counter: 1 out of 10
[Save Checkpoint] epoch: [8.0], Train score:97.76167, Test score:97.58000, train loss:-0.97554, test loss:-0.97484, ratio_train_loss:0.81203,ratio_test_loss:0.77779, total_loss_train:-0.16351,total_loss_test:-0.19704, var distance inter class train:0.00000,var distance inter class test:0.00000
=> saved checkpoint 'checkpoints_CNN/mnist_classif_ratio_variacnce_intra_5_5/last' (iter 2115, epoch 9.0)
=> saved checkpoint 'checkpoint_scores_CNN/mnist_classif_ratio_variacnce_intra_5_5/last' (iter 2115, epoch 9.0)
EarlyStopping counter: 2 out of 10
[Save Checkpoint] epoch: [9.0], Train score:97.78667, Test score:97.79000, train loss:-0.97583, test loss:-0.97584, ratio_train_loss:0.80214,ratio_test_loss:0.77668, total_loss_train:-0.17370,total_loss_test:-0.19917, var distance inter class train:0.00000,var distance inter class test:0.00000
=> saved checkpoint 'checkpoints_CNN/mnist_classif_ratio_variacnce_intra_5_5/last' (iter 2350, epoch 10.0)
=> saved checkpoint 'checkpoint_scores_CNN/mnist_classif_ratio_variacnce_intra_5_5/last' (iter 2350, epoch 10.0)
EarlyStopping counter: 3 out of 10
[Save Checkpoint] epoch: [10.0], Train score:98.11000, Test score:97.79000, train loss:-0.97945, test loss:-0.97717, ratio_train_loss:0.83234,ratio_test_loss:0.80371, total_loss_train:-0.14711,total_loss_test:-0.17345, var distance inter class train:0.00000,var distance inter class test:0.00000
=> saved checkpoint 'checkpoints_CNN/mnist_classif_ratio_variacnce_intra_5_5/last' (iter 2585, epoch 11.0)
=> saved checkpoint 'checkpoint_scores_CNN/mnist_classif_ratio_variacnce_intra_5_5/last' (iter 2585, epoch 11.0)
[Save Checkpoint] epoch: [11.0], Train score:97.93333, Test score:97.49000, train loss:-0.97746, test loss:-0.97457, ratio_train_loss:0.80187,ratio_test_loss:0.76800, total_loss_train:-0.17559,total_loss_test:-0.20656, var distance inter class train:0.00000,var distance inter class test:0.00000
Ratio: In this batch for class 5, they are less images than 10. Don't use it to compute ratio!!!!
=> saved checkpoint 'checkpoints_CNN/mnist_classif_ratio_variacnce_intra_5_5/last' (iter 2820, epoch 12.0)
=> saved checkpoint 'checkpoint_scores_CNN/mnist_classif_ratio_variacnce_intra_5_5/last' (iter 2820, epoch 12.0)
[Save Checkpoint] epoch: [12.0], Train score:98.05000, Test score:97.80000, train loss:-0.97929, test loss:-0.97711, ratio_train_loss:0.78280,ratio_test_loss:0.75320, total_loss_train:-0.19649,total_loss_test:-0.22391, var distance inter class train:0.00000,var distance inter class test:0.00000
=> saved checkpoint 'checkpoints_CNN/mnist_classif_ratio_variacnce_intra_5_5/last' (iter 3055, epoch 13.0)
=> saved checkpoint 'checkpoint_scores_CNN/mnist_classif_ratio_variacnce_intra_5_5/last' (iter 3055, epoch 13.0)
[Save Checkpoint] epoch: [13.0], Train score:98.14667, Test score:98.06000, train loss:-0.98010, test loss:-0.97941, ratio_train_loss:0.75732,ratio_test_loss:0.73287, total_loss_train:-0.22278,total_loss_test:-0.24655, var distance inter class train:0.00000,var distance inter class test:0.00000
=> saved checkpoint 'checkpoints_CNN/mnist_classif_ratio_variacnce_intra_5_5/last' (iter 3290, epoch 14.0)
=> saved checkpoint 'checkpoint_scores_CNN/mnist_classif_ratio_variacnce_intra_5_5/last' (iter 3290, epoch 14.0)
[Save Checkpoint] epoch: [14.0], Train score:98.14500, Test score:97.87000, train loss:-0.98038, test loss:-0.97786, ratio_train_loss:0.75447,ratio_test_loss:0.72837, total_loss_train:-0.22591,total_loss_test:-0.24949, var distance inter class train:0.00000,var distance inter class test:0.00000
=> saved checkpoint 'checkpoints_CNN/mnist_classif_ratio_variacnce_intra_5_5/last' (iter 3525, epoch 15.0)
=> saved checkpoint 'checkpoint_scores_CNN/mnist_classif_ratio_variacnce_intra_5_5/last' (iter 3525, epoch 15.0)
[Save Checkpoint] epoch: [15.0], Train score:98.20333, Test score:98.09000, train loss:-0.98104, test loss:-0.98041, ratio_train_loss:0.75837,ratio_test_loss:0.72801, total_loss_train:-0.22267,total_loss_test:-0.25239, var distance inter class train:0.00000,var distance inter class test:0.00000
=> saved checkpoint 'checkpoints_CNN/mnist_classif_ratio_variacnce_intra_5_5/last' (iter 3760, epoch 16.0)
=> saved checkpoint 'checkpoint_scores_CNN/mnist_classif_ratio_variacnce_intra_5_5/last' (iter 3760, epoch 16.0)
[Save Checkpoint] epoch: [16.0], Train score:98.20500, Test score:97.91000, train loss:-0.98119, test loss:-0.97906, ratio_train_loss:0.73785,ratio_test_loss:0.70683, total_loss_train:-0.24335,total_loss_test:-0.27224, var distance inter class train:0.00000,var distance inter class test:0.00000
Ratio: In this batch for class 5, they are less images than 10. Don't use it to compute ratio!!!!
=> saved checkpoint 'checkpoints_CNN/mnist_classif_ratio_variacnce_intra_5_5/last' (iter 3995, epoch 17.0)
=> saved checkpoint 'checkpoint_scores_CNN/mnist_classif_ratio_variacnce_intra_5_5/last' (iter 3995, epoch 17.0)
[Save Checkpoint] epoch: [17.0], Train score:98.25333, Test score:98.10000, train loss:-0.98177, test loss:-0.98069, ratio_train_loss:0.69608,ratio_test_loss:0.66928, total_loss_train:-0.28569,total_loss_test:-0.31142, var distance inter class train:0.00000,var distance inter class test:0.00000
Ratio: In this batch for class 4, they are less images than 10. Don't use it to compute ratio!!!!
=> saved checkpoint 'checkpoints_CNN/mnist_classif_ratio_variacnce_intra_5_5/last' (iter 4230, epoch 18.0)
=> saved checkpoint 'checkpoint_scores_CNN/mnist_classif_ratio_variacnce_intra_5_5/last' (iter 4230, epoch 18.0)
[Save Checkpoint] epoch: [18.0], Train score:98.37667, Test score:98.01000, train loss:-0.98286, test loss:-0.98004, ratio_train_loss:0.68676,ratio_test_loss:0.66419, total_loss_train:-0.29610,total_loss_test:-0.31585, var distance inter class train:0.00000,var distance inter class test:0.00000
=> saved checkpoint 'checkpoints_CNN/mnist_classif_ratio_variacnce_intra_5_5/last' (iter 4465, epoch 19.0)
=> saved checkpoint 'checkpoint_scores_CNN/mnist_classif_ratio_variacnce_intra_5_5/last' (iter 4465, epoch 19.0)
EarlyStopping counter: 1 out of 10
[Save Checkpoint] epoch: [19.0], Train score:98.32667, Test score:97.95000, train loss:-0.98238, test loss:-0.97980, ratio_train_loss:0.77170,ratio_test_loss:0.74224, total_loss_train:-0.21068,total_loss_test:-0.23756, var distance inter class train:0.00000,var distance inter class test:0.00000
=> saved checkpoint 'checkpoints_CNN/mnist_classif_ratio_variacnce_intra_5_5/last' (iter 4700, epoch 20.0)
=> saved checkpoint 'checkpoint_scores_CNN/mnist_classif_ratio_variacnce_intra_5_5/last' (iter 4700, epoch 20.0)
EarlyStopping counter: 2 out of 10
[Save Checkpoint] epoch: [20.0], Train score:98.48167, Test score:98.17000, train loss:-0.98422, test loss:-0.98166, ratio_train_loss:0.71093,ratio_test_loss:0.68795, total_loss_train:-0.27328,total_loss_test:-0.29371, var distance inter class train:0.00000,var distance inter class test:0.00000
=> saved checkpoint 'checkpoints_CNN/mnist_classif_ratio_variacnce_intra_5_5/last' (iter 4935, epoch 21.0)
=> saved checkpoint 'checkpoint_scores_CNN/mnist_classif_ratio_variacnce_intra_5_5/last' (iter 4935, epoch 21.0)
EarlyStopping counter: 3 out of 10
[Save Checkpoint] epoch: [21.0], Train score:98.31333, Test score:97.98000, train loss:-0.98249, test loss:-0.97913, ratio_train_loss:0.71668,ratio_test_loss:0.68859, total_loss_train:-0.26581,total_loss_test:-0.29053, var distance inter class train:0.00000,var distance inter class test:0.00000
Ratio: In this batch for class 0, they are less images than 10. Don't use it to compute ratio!!!!
Ratio: In this batch for class 4, they are less images than 10. Don't use it to compute ratio!!!!
=> saved checkpoint 'checkpoints_CNN/mnist_classif_ratio_variacnce_intra_5_5/last' (iter 5170, epoch 22.0)
=> saved checkpoint 'checkpoint_scores_CNN/mnist_classif_ratio_variacnce_intra_5_5/last' (iter 5170, epoch 22.0)
EarlyStopping counter: 4 out of 10
[Save Checkpoint] epoch: [22.0], Train score:98.36333, Test score:98.02000, train loss:-0.98286, test loss:-0.97982, ratio_train_loss:0.73826,ratio_test_loss:0.70599, total_loss_train:-0.24460,total_loss_test:-0.27384, var distance inter class train:0.00000,var distance inter class test:0.00000
=> saved checkpoint 'checkpoints_CNN/mnist_classif_ratio_variacnce_intra_5_5/last' (iter 5405, epoch 23.0)
=> saved checkpoint 'checkpoint_scores_CNN/mnist_classif_ratio_variacnce_intra_5_5/last' (iter 5405, epoch 23.0)
EarlyStopping counter: 5 out of 10
[Save Checkpoint] epoch: [23.0], Train score:98.31667, Test score:98.02000, train loss:-0.98237, test loss:-0.98010, ratio_train_loss:0.69429,ratio_test_loss:0.67084, total_loss_train:-0.28808,total_loss_test:-0.30927, var distance inter class train:0.00000,var distance inter class test:0.00000
=> saved checkpoint 'checkpoints_CNN/mnist_classif_ratio_variacnce_intra_5_5/last' (iter 5640, epoch 24.0)
