10
--dataset mnist --model CNN --gpu_devices 0 1 --max_iter 50 --batch_size 128 --ckpt_dir checkpoints_CNN --ckpt_dir_scores checkpoint_scores_CNN --use_scheduler True --GMP True --lr 1e-3 --z_struct_size 20 --add_classification_layer True --classif_layer_size 30 --is_default_model False --is_custom_model False --is_custom_model_BK True --big_kernel_size 8 --two_conv_layer True --three_conv_layer False --BK_in_first_layer True --BK_in_second_layer False --BK_in_third_layer False --stride_size 1 --hidden_filters_layer1 32 --hidden_filters_layer2 32 --hidden_filters_layer3 32 --ratio_reg False --lambda_ratio_reg 1 --lambda_class 1 --other_ratio False --loss_min_distance_cl True --lambda_var_distance 0.1 --intra_class_variance_loss False --lambda_intra_class_var 1 --contrastive_loss False --lambda_contrastive_loss 1 --alpha 32 --loss Proxy_Anchor --optimizer adamw --mrg 0.1 --IPC False --warm 1 --sz_embedding 32 --dataset_balanced False --loss_distance_mean True --lambda_distance_mean 1 --exp_name mnist_classif_distance_intra_class_max_mean_2_3
Namespace(BK_in_first_layer=True, BK_in_second_layer=False, BK_in_third_layer=False, BN=False, C_max=25, C_stop_iter=100000.0, E1_AE=False, E1_VAE=False, E1_conv=False, E1_dense=False, E1_second_conv=False, E1_second_conv_adapt=False, GMP=True, IPC=False, L1_norm_act=False, L1_norm_weights=False, L3_without_random=False, LOG_DIR='logs', adapt_lr=False, add_classification_layer=True, add_linear_after_GMP=True, add_z_struct_bottleneck=False, alpha=32.0, batch_size=128, beta=1, beta1=0.9, beta2=0.999, big_kernel=False, big_kernel_size=[8], binary_z=False, ckpt_dir='checkpoints_CNN', ckpt_dir_scores='checkpoint_scores_CNN', classif_layer_size=30, contrastive_loss=False, cuda=True, dataset='mnist', dataset_balanced=False, display_step=10000, dset_dir='data', exp_name='mnist_classif_distance_intra_class_max_mean_2_3', gamma=1000, gpu_devices=[0, 1], hidden_filters_layer1=32, hidden_filters_layer2=32, hidden_filters_layer3=32, image_size=64, intra_class_variance_loss=False, is_C=True, is_E1=False, is_binary_structural_latent=False, is_custom_model=False, is_custom_model_BK=True, is_default_model=False, is_noise_stats=False, is_partial_rand_class=False, is_perturbed_score=False, is_zvar_sim_loss=False, just_train=False, kernel_size=4, lambda_Kl_struct=1, lambda_Kl_var=1, lambda_L1=0.01, lambda_VAE=1, lambda_class=1.0, lambda_contrastive_loss=1.0, lambda_distance_mean=1.0, lambda_intra_class_var=1.0, lambda_partial_class=1, lambda_ratio_reg=1.0, lambda_recon_wt_rand=1, lambda_recons=1, lambda_var_distance=0.1, lambda_zvar_sim=1, latent_spec_cont=None, latent_spec_cont_class=None, latent_spec_cont_var=None, latent_spec_disc=None, latent_spec_disc_class=None, latent_spec_disc_var=None, log_level='info', loss='Proxy_Anchor', loss_distance_mean=True, loss_min_distance_cl=True, lr=0.001, max_iter=50.0, model='CNN', mrg=0.1, num_workers=2, old_weighted=False, optimizer='adamw', other_ratio=False, random_percentage=0.2, ratio_reg=False, remark='', save_step=10000, second_layer_C=False, seed=1, stride_size=1, sz_embedding=32, three_conv_layer=False, train=True, two_conv_layer=True, two_encoder=False, use_early_stopping=True, use_scheduler=True, warm=1, without_acc=False, z_struct_size=20, zeros_W_Classif=False, zvar_sim_change_zvar=False, zvar_sim_loss_for_all_model=False, zvar_sim_loss_only_for_encoder=False, zvar_sim_normal=False, zvar_sim_var_rand=False)
CUDA Visible devices !
Custom_CNN_BK(
  (net): Sequential(
    (0): Conv2d(1, 32, kernel_size=(8, 8), stride=(1, 1))
    (1): BatchNorm2d(32, eps=1e-05, momentum=0.1, affine=True, track_running_stats=True)
    (2): ReLU(inplace=True)
    (3): Conv2d(32, 32, kernel_size=(4, 4), stride=(1, 1))
    (4): BatchNorm2d(32, eps=1e-05, momentum=0.1, affine=True, track_running_stats=True)
    (5): ReLU(inplace=True)
    (6): AdaptiveMaxPool2d(output_size=(1, 1))
    (7): View()
    (8): Linear(in_features=32, out_features=20, bias=True)
    (9): BatchNorm1d(20, eps=1e-05, momentum=0.1, affine=True, track_running_stats=True)
    (10): ReLU(inplace=True)
    (11): Dropout(p=0.4, inplace=False)
    (12): Linear(in_features=20, out_features=30, bias=True)
    (13): BatchNorm1d(30, eps=1e-05, momentum=0.1, affine=True, track_running_stats=True)
    (14): ReLU(inplace=True)
    (15): Dropout(p=0.4, inplace=False)
    (16): Linear(in_features=30, out_features=10, bias=True)
    (17): Softmax(dim=None)
  )
)
The number of parameters of model is 20324
use 1 gpu who named: Tesla K20m
=> loaded sample_scores and losses
=> no checkpoint found at 'checkpoints_CNN/mnist_classif_distance_intra_class_max_mean_2_3/last'
=> saved checkpoint 'checkpoints_CNN/mnist_classif_distance_intra_class_max_mean_2_3/last' (iter 469, epoch 1.0)
Variance: Class 0 with zeros or only one example so we don't use it !!!!
Variance: Class 7 with zeros or only one example so we don't use it !!!!
Variance: Class 8 with zeros or only one example so we don't use it !!!!
Variance: Class 9 with zeros or only one example so we don't use it !!!!
=> saved checkpoint 'checkpoint_scores_CNN/mnist_classif_distance_intra_class_max_mean_2_3/last' (iter 469, epoch 1.0)
[Save Checkpoint] epoch: [1.0], Train score:78.55667, Test score:79.01000, train loss:-0.73880, test loss:-0.74731, ratio_train_loss:0.00000,ratio_test_loss:0.00000, total_loss_train:-0.73880,total_loss_test:-0.74731, var distance inter class train:0.00000,var distance inter class test:0.00000
=> saved checkpoint 'checkpoints_CNN/mnist_classif_distance_intra_class_max_mean_2_3/last' (iter 938, epoch 2.0)
Variance: Class 0 with zeros or only one example so we don't use it !!!!
Variance: Class 7 with zeros or only one example so we don't use it !!!!
Variance: Class 8 with zeros or only one example so we don't use it !!!!
Variance: Class 9 with zeros or only one example so we don't use it !!!!
=> saved checkpoint 'checkpoint_scores_CNN/mnist_classif_distance_intra_class_max_mean_2_3/last' (iter 938, epoch 2.0)
[Save Checkpoint] epoch: [2.0], Train score:89.33000, Test score:89.84000, train loss:-0.87498, test loss:-0.88237, ratio_train_loss:0.00000,ratio_test_loss:0.00000, total_loss_train:-0.87498,total_loss_test:-0.88237, var distance inter class train:0.00000,var distance inter class test:0.00000
=> saved checkpoint 'checkpoints_CNN/mnist_classif_distance_intra_class_max_mean_2_3/last' (iter 1407, epoch 3.0)
Variance: Class 0 with zeros or only one example so we don't use it !!!!
Variance: Class 7 with zeros or only one example so we don't use it !!!!
Variance: Class 8 with zeros or only one example so we don't use it !!!!
Variance: Class 9 with zeros or only one example so we don't use it !!!!
=> saved checkpoint 'checkpoint_scores_CNN/mnist_classif_distance_intra_class_max_mean_2_3/last' (iter 1407, epoch 3.0)
[Save Checkpoint] epoch: [3.0], Train score:90.36500, Test score:90.95000, train loss:-0.89380, test loss:-0.90108, ratio_train_loss:0.00000,ratio_test_loss:0.00000, total_loss_train:-0.89380,total_loss_test:-0.90108, var distance inter class train:0.00000,var distance inter class test:0.00000
=> saved checkpoint 'checkpoints_CNN/mnist_classif_distance_intra_class_max_mean_2_3/last' (iter 1876, epoch 4.0)
Variance: Class 2 with zeros or only one example so we don't use it !!!!
Variance: Class 0 with zeros or only one example so we don't use it !!!!
Variance: Class 7 with zeros or only one example so we don't use it !!!!
Variance: Class 8 with zeros or only one example so we don't use it !!!!
Variance: Class 9 with zeros or only one example so we don't use it !!!!
=> saved checkpoint 'checkpoint_scores_CNN/mnist_classif_distance_intra_class_max_mean_2_3/last' (iter 1876, epoch 4.0)
[Save Checkpoint] epoch: [4.0], Train score:91.16333, Test score:91.80000, train loss:-0.90495, test loss:-0.91229, ratio_train_loss:0.00000,ratio_test_loss:0.00000, total_loss_train:-0.90495,total_loss_test:-0.91229, var distance inter class train:0.00000,var distance inter class test:0.00000
Variance: Class 4 with zeros or only one example so we don't use it !!!!
=> saved checkpoint 'checkpoints_CNN/mnist_classif_distance_intra_class_max_mean_2_3/last' (iter 2345, epoch 5.0)
Variance: Class 0 with zeros or only one example so we don't use it !!!!
Variance: Class 7 with zeros or only one example so we don't use it !!!!
Variance: Class 8 with zeros or only one example so we don't use it !!!!
Variance: Class 9 with zeros or only one example so we don't use it !!!!
=> saved checkpoint 'checkpoint_scores_CNN/mnist_classif_distance_intra_class_max_mean_2_3/last' (iter 2345, epoch 5.0)
[Save Checkpoint] epoch: [5.0], Train score:91.38333, Test score:91.85000, train loss:-0.90844, test loss:-0.91481, ratio_train_loss:0.00000,ratio_test_loss:0.00000, total_loss_train:-0.90844,total_loss_test:-0.91481, var distance inter class train:0.00000,var distance inter class test:0.00000
=> saved checkpoint 'checkpoints_CNN/mnist_classif_distance_intra_class_max_mean_2_3/last' (iter 2814, epoch 6.0)
Variance: Class 0 with zeros or only one example so we don't use it !!!!
Variance: Class 7 with zeros or only one example so we don't use it !!!!
Variance: Class 8 with zeros or only one example so we don't use it !!!!
Variance: Class 9 with zeros or only one example so we don't use it !!!!
=> saved checkpoint 'checkpoint_scores_CNN/mnist_classif_distance_intra_class_max_mean_2_3/last' (iter 2814, epoch 6.0)
[Save Checkpoint] epoch: [6.0], Train score:91.55333, Test score:92.09000, train loss:-0.91125, test loss:-0.91730, ratio_train_loss:0.00000,ratio_test_loss:0.00000, total_loss_train:-0.91125,total_loss_test:-0.91730, var distance inter class train:0.00000,var distance inter class test:0.00000
=> saved checkpoint 'checkpoints_CNN/mnist_classif_distance_intra_class_max_mean_2_3/last' (iter 3283, epoch 7.0)
Variance: Class 0 with zeros or only one example so we don't use it !!!!
Variance: Class 7 with zeros or only one example so we don't use it !!!!
Variance: Class 8 with zeros or only one example so we don't use it !!!!
Variance: Class 9 with zeros or only one example so we don't use it !!!!
=> saved checkpoint 'checkpoint_scores_CNN/mnist_classif_distance_intra_class_max_mean_2_3/last' (iter 3283, epoch 7.0)
[Save Checkpoint] epoch: [7.0], Train score:91.53833, Test score:92.06000, train loss:-0.91209, test loss:-0.91907, ratio_train_loss:0.00000,ratio_test_loss:0.00000, total_loss_train:-0.91209,total_loss_test:-0.91907, var distance inter class train:0.00000,var distance inter class test:0.00000
=> saved checkpoint 'checkpoints_CNN/mnist_classif_distance_intra_class_max_mean_2_3/last' (iter 3752, epoch 8.0)
Variance: Class 0 with zeros or only one example so we don't use it !!!!
Variance: Class 7 with zeros or only one example so we don't use it !!!!
Variance: Class 8 with zeros or only one example so we don't use it !!!!
Variance: Class 9 with zeros or only one example so we don't use it !!!!
=> saved checkpoint 'checkpoint_scores_CNN/mnist_classif_distance_intra_class_max_mean_2_3/last' (iter 3752, epoch 8.0)
[Save Checkpoint] epoch: [8.0], Train score:91.69833, Test score:92.21000, train loss:-0.91435, test loss:-0.92130, ratio_train_loss:0.00000,ratio_test_loss:0.00000, total_loss_train:-0.91435,total_loss_test:-0.92130, var distance inter class train:0.00000,var distance inter class test:0.00000
=> saved checkpoint 'checkpoints_CNN/mnist_classif_distance_intra_class_max_mean_2_3/last' (iter 4221, epoch 9.0)
Variance: Class 0 with zeros or only one example so we don't use it !!!!
Variance: Class 7 with zeros or only one example so we don't use it !!!!
Variance: Class 8 with zeros or only one example so we don't use it !!!!
Variance: Class 9 with zeros or only one example so we don't use it !!!!
=> saved checkpoint 'checkpoint_scores_CNN/mnist_classif_distance_intra_class_max_mean_2_3/last' (iter 4221, epoch 9.0)
[Save Checkpoint] epoch: [9.0], Train score:91.79167, Test score:92.41000, train loss:-0.91546, test loss:-0.92294, ratio_train_loss:0.00000,ratio_test_loss:0.00000, total_loss_train:-0.91546,total_loss_test:-0.92294, var distance inter class train:0.00000,var distance inter class test:0.00000
=> saved checkpoint 'checkpoints_CNN/mnist_classif_distance_intra_class_max_mean_2_3/last' (iter 4690, epoch 10.0)
Variance: Class 0 with zeros or only one example so we don't use it !!!!
Variance: Class 7 with zeros or only one example so we don't use it !!!!
Variance: Class 8 with zeros or only one example so we don't use it !!!!
Variance: Class 9 with zeros or only one example so we don't use it !!!!
=> saved checkpoint 'checkpoint_scores_CNN/mnist_classif_distance_intra_class_max_mean_2_3/last' (iter 4690, epoch 10.0)
[Save Checkpoint] epoch: [10.0], Train score:91.86000, Test score:92.54000, train loss:-0.91663, test loss:-0.92357, ratio_train_loss:0.00000,ratio_test_loss:0.00000, total_loss_train:-0.91663,total_loss_test:-0.92357, var distance inter class train:0.00000,var distance inter class test:0.00000
Variance: Class 7 with zeros or only one example so we don't use it !!!!
=> saved checkpoint 'checkpoints_CNN/mnist_classif_distance_intra_class_max_mean_2_3/last' (iter 5159, epoch 11.0)
Variance: Class 0 with zeros or only one example so we don't use it !!!!
Variance: Class 7 with zeros or only one example so we don't use it !!!!
Variance: Class 8 with zeros or only one example so we don't use it !!!!
Variance: Class 9 with zeros or only one example so we don't use it !!!!
=> saved checkpoint 'checkpoint_scores_CNN/mnist_classif_distance_intra_class_max_mean_2_3/last' (iter 5159, epoch 11.0)
[Save Checkpoint] epoch: [11.0], Train score:92.15000, Test score:92.75000, train loss:-0.91934, test loss:-0.92647, ratio_train_loss:0.00000,ratio_test_loss:0.00000, total_loss_train:-0.91934,total_loss_test:-0.92647, var distance inter class train:0.00000,var distance inter class test:0.00000
=> saved checkpoint 'checkpoints_CNN/mnist_classif_distance_intra_class_max_mean_2_3/last' (iter 5628, epoch 12.0)
Variance: Class 0 with zeros or only one example so we don't use it !!!!
Variance: Class 7 with zeros or only one example so we don't use it !!!!
Variance: Class 8 with zeros or only one example so we don't use it !!!!
Variance: Class 9 with zeros or only one example so we don't use it !!!!
=> saved checkpoint 'checkpoint_scores_CNN/mnist_classif_distance_intra_class_max_mean_2_3/last' (iter 5628, epoch 12.0)
[Save Checkpoint] epoch: [12.0], Train score:92.27833, Test score:92.88000, train loss:-0.92078, test loss:-0.92750, ratio_train_loss:0.00000,ratio_test_loss:0.00000, total_loss_train:-0.92078,total_loss_test:-0.92750, var distance inter class train:0.00000,var distance inter class test:0.00000
=> saved checkpoint 'checkpoints_CNN/mnist_classif_distance_intra_class_max_mean_2_3/last' (iter 6097, epoch 13.0)
Variance: Class 0 with zeros or only one example so we don't use it !!!!
Variance: Class 7 with zeros or only one example so we don't use it !!!!
Variance: Class 8 with zeros or only one example so we don't use it !!!!
Variance: Class 9 with zeros or only one example so we don't use it !!!!
=> saved checkpoint 'checkpoint_scores_CNN/mnist_classif_distance_intra_class_max_mean_2_3/last' (iter 6097, epoch 13.0)
EarlyStopping counter: 1 out of 10
[Save Checkpoint] epoch: [13.0], Train score:92.19667, Test score:92.86000, train loss:-0.92004, test loss:-0.92688, ratio_train_loss:0.00000,ratio_test_loss:0.00000, total_loss_train:-0.92004,total_loss_test:-0.92688, var distance inter class train:0.00000,var distance inter class test:0.00000
=> saved checkpoint 'checkpoints_CNN/mnist_classif_distance_intra_class_max_mean_2_3/last' (iter 6566, epoch 14.0)
Variance: Class 0 with zeros or only one example so we don't use it !!!!
Variance: Class 7 with zeros or only one example so we don't use it !!!!
Variance: Class 8 with zeros or only one example so we don't use it !!!!
Variance: Class 9 with zeros or only one example so we don't use it !!!!
=> saved checkpoint 'checkpoint_scores_CNN/mnist_classif_distance_intra_class_max_mean_2_3/last' (iter 6566, epoch 14.0)
[Save Checkpoint] epoch: [14.0], Train score:92.33500, Test score:93.00000, train loss:-0.92192, test loss:-0.92957, ratio_train_loss:0.00000,ratio_test_loss:0.00000, total_loss_train:-0.92192,total_loss_test:-0.92957, var distance inter class train:0.00000,var distance inter class test:0.00000
=> saved checkpoint 'checkpoints_CNN/mnist_classif_distance_intra_class_max_mean_2_3/last' (iter 7035, epoch 15.0)
Variance: Class 0 with zeros or only one example so we don't use it !!!!
Variance: Class 7 with zeros or only one example so we don't use it !!!!
Variance: Class 8 with zeros or only one example so we don't use it !!!!
Variance: Class 9 with zeros or only one example so we don't use it !!!!
=> saved checkpoint 'checkpoint_scores_CNN/mnist_classif_distance_intra_class_max_mean_2_3/last' (iter 7035, epoch 15.0)
EarlyStopping counter: 1 out of 10
[Save Checkpoint] epoch: [15.0], Train score:92.09833, Test score:92.88000, train loss:-0.91942, test loss:-0.92817, ratio_train_loss:0.00000,ratio_test_loss:0.00000, total_loss_train:-0.91942,total_loss_test:-0.92817, var distance inter class train:0.00000,var distance inter class test:0.00000
=> saved checkpoint 'checkpoints_CNN/mnist_classif_distance_intra_class_max_mean_2_3/last' (iter 7504, epoch 16.0)
Variance: Class 0 with zeros or only one example so we don't use it !!!!
Variance: Class 7 with zeros or only one example so we don't use it !!!!
Variance: Class 8 with zeros or only one example so we don't use it !!!!
Variance: Class 9 with zeros or only one example so we don't use it !!!!
=> saved checkpoint 'checkpoint_scores_CNN/mnist_classif_distance_intra_class_max_mean_2_3/last' (iter 7504, epoch 16.0)
[Save Checkpoint] epoch: [16.0], Train score:92.74000, Test score:93.40000, train loss:-0.92613, test loss:-0.93344, ratio_train_loss:0.00000,ratio_test_loss:0.00000, total_loss_train:-0.92613,total_loss_test:-0.93344, var distance inter class train:0.00000,var distance inter class test:0.00000
=> saved checkpoint 'checkpoints_CNN/mnist_classif_distance_intra_class_max_mean_2_3/last' (iter 7973, epoch 17.0)
Variance: Class 0 with zeros or only one example so we don't use it !!!!
Variance: Class 7 with zeros or only one example so we don't use it !!!!
Variance: Class 8 with zeros or only one example so we don't use it !!!!
Variance: Class 9 with zeros or only one example so we don't use it !!!!
=> saved checkpoint 'checkpoint_scores_CNN/mnist_classif_distance_intra_class_max_mean_2_3/last' (iter 7973, epoch 17.0)
EarlyStopping counter: 1 out of 10
[Save Checkpoint] epoch: [17.0], Train score:92.29333, Test score:92.83000, train loss:-0.92164, test loss:-0.92727, ratio_train_loss:0.00000,ratio_test_loss:0.00000, total_loss_train:-0.92164,total_loss_test:-0.92727, var distance inter class train:0.00000,var distance inter class test:0.00000
=> saved checkpoint 'checkpoints_CNN/mnist_classif_distance_intra_class_max_mean_2_3/last' (iter 8442, epoch 18.0)
Variance: Class 0 with zeros or only one example so we don't use it !!!!
Variance: Class 7 with zeros or only one example so we don't use it !!!!
Variance: Class 8 with zeros or only one example so we don't use it !!!!
Variance: Class 9 with zeros or only one example so we don't use it !!!!
=> saved checkpoint 'checkpoint_scores_CNN/mnist_classif_distance_intra_class_max_mean_2_3/last' (iter 8442, epoch 18.0)
EarlyStopping counter: 2 out of 10
[Save Checkpoint] epoch: [18.0], Train score:92.72333, Test score:93.17000, train loss:-0.92606, test loss:-0.93194, ratio_train_loss:0.00000,ratio_test_loss:0.00000, total_loss_train:-0.92606,total_loss_test:-0.93194, var distance inter class train:0.00000,var distance inter class test:0.00000
=> saved checkpoint 'checkpoints_CNN/mnist_classif_distance_intra_class_max_mean_2_3/last' (iter 8911, epoch 19.0)
Variance: Class 0 with zeros or only one example so we don't use it !!!!
Variance: Class 7 with zeros or only one example so we don't use it !!!!
Variance: Class 8 with zeros or only one example so we don't use it !!!!
Variance: Class 9 with zeros or only one example so we don't use it !!!!
=> saved checkpoint 'checkpoint_scores_CNN/mnist_classif_distance_intra_class_max_mean_2_3/last' (iter 8911, epoch 19.0)
[Save Checkpoint] epoch: [19.0], Train score:92.87000, Test score:93.49000, train loss:-0.92753, test loss:-0.93451, ratio_train_loss:0.00000,ratio_test_loss:0.00000, total_loss_train:-0.92753,total_loss_test:-0.93451, var distance inter class train:0.00000,var distance inter class test:0.00000
=> saved checkpoint 'checkpoints_CNN/mnist_classif_distance_intra_class_max_mean_2_3/last' (iter 9380, epoch 20.0)
Variance: Class 0 with zeros or only one example so we don't use it !!!!
Variance: Class 7 with zeros or only one example so we don't use it !!!!
Variance: Class 8 with zeros or only one example so we don't use it !!!!
Variance: Class 9 with zeros or only one example so we don't use it !!!!
=> saved checkpoint 'checkpoint_scores_CNN/mnist_classif_distance_intra_class_max_mean_2_3/last' (iter 9380, epoch 20.0)
EarlyStopping counter: 1 out of 10
[Save Checkpoint] epoch: [20.0], Train score:92.88667, Test score:93.29000, train loss:-0.92742, test loss:-0.93297, ratio_train_loss:0.00000,ratio_test_loss:0.00000, total_loss_train:-0.92742,total_loss_test:-0.93297, var distance inter class train:0.00000,var distance inter class test:0.00000
=> saved checkpoint 'checkpoints_CNN/mnist_classif_distance_intra_class_max_mean_2_3/last' (iter 9849, epoch 21.0)
Variance: Class 0 with zeros or only one example so we don't use it !!!!
Variance: Class 7 with zeros or only one example so we don't use it !!!!
Variance: Class 8 with zeros or only one example so we don't use it !!!!
Variance: Class 9 with zeros or only one example so we don't use it !!!!
=> saved checkpoint 'checkpoint_scores_CNN/mnist_classif_distance_intra_class_max_mean_2_3/last' (iter 9849, epoch 21.0)
EarlyStopping counter: 2 out of 10
[Save Checkpoint] epoch: [21.0], Train score:92.78833, Test score:93.32000, train loss:-0.92697, test loss:-0.93372, ratio_train_loss:0.00000,ratio_test_loss:0.00000, total_loss_train:-0.92697,total_loss_test:-0.93372, var distance inter class train:0.00000,var distance inter class test:0.00000
Variance: Class 3 with zeros or only one example so we don't use it !!!!
=> saved checkpoint 'checkpoints_CNN/mnist_classif_distance_intra_class_max_mean_2_3/last' (iter 10318, epoch 22.0)
Variance: Class 8 with zeros or only one example so we don't use it !!!!
Variance: Class 0 with zeros or only one example so we don't use it !!!!
Variance: Class 7 with zeros or only one example so we don't use it !!!!
Variance: Class 8 with zeros or only one example so we don't use it !!!!
Variance: Class 9 with zeros or only one example so we don't use it !!!!
=> saved checkpoint 'checkpoint_scores_CNN/mnist_classif_distance_intra_class_max_mean_2_3/last' (iter 10318, epoch 22.0)
EarlyStopping counter: 3 out of 10
[Save Checkpoint] epoch: [22.0], Train score:92.86000, Test score:93.29000, train loss:-0.92778, test loss:-0.93329, ratio_train_loss:0.00000,ratio_test_loss:0.00000, total_loss_train:-0.92778,total_loss_test:-0.93329, var distance inter class train:0.00000,var distance inter class test:0.00000
=> saved checkpoint 'checkpoints_CNN/mnist_classif_distance_intra_class_max_mean_2_3/last' (iter 10787, epoch 23.0)
Variance: Class 0 with zeros or only one example so we don't use it !!!!
Variance: Class 7 with zeros or only one example so we don't use it !!!!
Variance: Class 8 with zeros or only one example so we don't use it !!!!
Variance: Class 9 with zeros or only one example so we don't use it !!!!
=> saved checkpoint 'checkpoint_scores_CNN/mnist_classif_distance_intra_class_max_mean_2_3/last' (iter 10787, epoch 23.0)
EarlyStopping counter: 4 out of 10
[Save Checkpoint] epoch: [23.0], Train score:93.05167, Test score:93.44000, train loss:-0.92930, test loss:-0.93396, ratio_train_loss:0.00000,ratio_test_loss:0.00000, total_loss_train:-0.92930,total_loss_test:-0.93396, var distance inter class train:0.00000,var distance inter class test:0.00000
=> saved checkpoint 'checkpoints_CNN/mnist_classif_distance_intra_class_max_mean_2_3/last' (iter 11256, epoch 24.0)
Variance: Class 0 with zeros or only one example so we don't use it !!!!
Variance: Class 7 with zeros or only one example so we don't use it !!!!
Variance: Class 8 with zeros or only one example so we don't use it !!!!
Variance: Class 9 with zeros or only one example so we don't use it !!!!
=> saved checkpoint 'checkpoint_scores_CNN/mnist_classif_distance_intra_class_max_mean_2_3/last' (iter 11256, epoch 24.0)
[Save Checkpoint] epoch: [24.0], Train score:93.11167, Test score:93.54000, train loss:-0.93014, test loss:-0.93486, ratio_train_loss:0.00000,ratio_test_loss:0.00000, total_loss_train:-0.93014,total_loss_test:-0.93486, var distance inter class train:0.00000,var distance inter class test:0.00000
=> saved checkpoint 'checkpoints_CNN/mnist_classif_distance_intra_class_max_mean_2_3/last' (iter 11725, epoch 25.0)
Variance: Class 0 with zeros or only one example so we don't use it !!!!
Variance: Class 7 with zeros or only one example so we don't use it !!!!
Variance: Class 8 with zeros or only one example so we don't use it !!!!
Variance: Class 9 with zeros or only one example so we don't use it !!!!
=> saved checkpoint 'checkpoint_scores_CNN/mnist_classif_distance_intra_class_max_mean_2_3/last' (iter 11725, epoch 25.0)
[Save Checkpoint] epoch: [25.0], Train score:93.34500, Test score:93.96000, train loss:-0.93227, test loss:-0.93879, ratio_train_loss:0.00000,ratio_test_loss:0.00000, total_loss_train:-0.93227,total_loss_test:-0.93879, var distance inter class train:0.00000,var distance inter class test:0.00000
=> saved checkpoint 'checkpoints_CNN/mnist_classif_distance_intra_class_max_mean_2_3/last' (iter 12194, epoch 26.0)
Variance: Class 0 with zeros or only one example so we don't use it !!!!
Variance: Class 7 with zeros or only one example so we don't use it !!!!
Variance: Class 8 with zeros or only one example so we don't use it !!!!
Variance: Class 9 with zeros or only one example so we don't use it !!!!
=> saved checkpoint 'checkpoint_scores_CNN/mnist_classif_distance_intra_class_max_mean_2_3/last' (iter 12194, epoch 26.0)
EarlyStopping counter: 1 out of 10
[Save Checkpoint] epoch: [26.0], Train score:93.35167, Test score:93.56000, train loss:-0.93232, test loss:-0.93511, ratio_train_loss:0.00000,ratio_test_loss:0.00000, total_loss_train:-0.93232,total_loss_test:-0.93511, var distance inter class train:0.00000,var distance inter class test:0.00000
=> saved checkpoint 'checkpoints_CNN/mnist_classif_distance_intra_class_max_mean_2_3/last' (iter 12663, epoch 27.0)
Variance: Class 0 with zeros or only one example so we don't use it !!!!
Variance: Class 7 with zeros or only one example so we don't use it !!!!
Variance: Class 8 with zeros or only one example so we don't use it !!!!
Variance: Class 9 with zeros or only one example so we don't use it !!!!
=> saved checkpoint 'checkpoint_scores_CNN/mnist_classif_distance_intra_class_max_mean_2_3/last' (iter 12663, epoch 27.0)
EarlyStopping counter: 2 out of 10
[Save Checkpoint] epoch: [27.0], Train score:93.24833, Test score:93.35000, train loss:-0.93144, test loss:-0.93431, ratio_train_loss:0.00000,ratio_test_loss:0.00000, total_loss_train:-0.93144,total_loss_test:-0.93431, var distance inter class train:0.00000,var distance inter class test:0.00000
=> saved checkpoint 'checkpoints_CNN/mnist_classif_distance_intra_class_max_mean_2_3/last' (iter 13132, epoch 28.0)
Variance: Class 0 with zeros or only one example so we don't use it !!!!
Variance: Class 7 with zeros or only one example so we don't use it !!!!
Variance: Class 8 with zeros or only one example so we don't use it !!!!
Variance: Class 9 with zeros or only one example so we don't use it !!!!
=> saved checkpoint 'checkpoint_scores_CNN/mnist_classif_distance_intra_class_max_mean_2_3/last' (iter 13132, epoch 28.0)
EarlyStopping counter: 3 out of 10
[Save Checkpoint] epoch: [28.0], Train score:93.30167, Test score:93.70000, train loss:-0.93207, test loss:-0.93670, ratio_train_loss:0.00000,ratio_test_loss:0.00000, total_loss_train:-0.93207,total_loss_test:-0.93670, var distance inter class train:0.00000,var distance inter class test:0.00000
=> saved checkpoint 'checkpoints_CNN/mnist_classif_distance_intra_class_max_mean_2_3/last' (iter 13601, epoch 29.0)
Variance: Class 0 with zeros or only one example so we don't use it !!!!
Variance: Class 7 with zeros or only one example so we don't use it !!!!
Variance: Class 8 with zeros or only one example so we don't use it !!!!
Variance: Class 9 with zeros or only one example so we don't use it !!!!
=> saved checkpoint 'checkpoint_scores_CNN/mnist_classif_distance_intra_class_max_mean_2_3/last' (iter 13601, epoch 29.0)
EarlyStopping counter: 4 out of 10
[Save Checkpoint] epoch: [29.0], Train score:93.22667, Test score:93.65000, train loss:-0.93147, test loss:-0.93637, ratio_train_loss:0.00000,ratio_test_loss:0.00000, total_loss_train:-0.93147,total_loss_test:-0.93637, var distance inter class train:0.00000,var distance inter class test:0.00000
=> saved checkpoint 'checkpoints_CNN/mnist_classif_distance_intra_class_max_mean_2_3/last' (iter 14070, epoch 30.0)
Variance: Class 0 with zeros or only one example so we don't use it !!!!
Variance: Class 7 with zeros or only one example so we don't use it !!!!
Variance: Class 8 with zeros or only one example so we don't use it !!!!
Variance: Class 9 with zeros or only one example so we don't use it !!!!
=> saved checkpoint 'checkpoint_scores_CNN/mnist_classif_distance_intra_class_max_mean_2_3/last' (iter 14070, epoch 30.0)
EarlyStopping counter: 5 out of 10
[Save Checkpoint] epoch: [30.0], Train score:93.43000, Test score:93.90000, train loss:-0.93352, test loss:-0.93865, ratio_train_loss:0.00000,ratio_test_loss:0.00000, total_loss_train:-0.93352,total_loss_test:-0.93865, var distance inter class train:0.00000,var distance inter class test:0.00000
=> saved checkpoint 'checkpoints_CNN/mnist_classif_distance_intra_class_max_mean_2_3/last' (iter 14539, epoch 31.0)
Variance: Class 0 with zeros or only one example so we don't use it !!!!
Variance: Class 7 with zeros or only one example so we don't use it !!!!
Variance: Class 8 with zeros or only one example so we don't use it !!!!
Variance: Class 9 with zeros or only one example so we don't use it !!!!
=> saved checkpoint 'checkpoint_scores_CNN/mnist_classif_distance_intra_class_max_mean_2_3/last' (iter 14539, epoch 31.0)
EarlyStopping counter: 6 out of 10
[Save Checkpoint] epoch: [31.0], Train score:93.14000, Test score:93.55000, train loss:-0.93058, test loss:-0.93574, ratio_train_loss:0.00000,ratio_test_loss:0.00000, total_loss_train:-0.93058,total_loss_test:-0.93574, var distance inter class train:0.00000,var distance inter class test:0.00000
=> saved checkpoint 'checkpoints_CNN/mnist_classif_distance_intra_class_max_mean_2_3/last' (iter 15008, epoch 32.0)
Variance: Class 5 with zeros or only one example so we don't use it !!!!
Variance: Class 0 with zeros or only one example so we don't use it !!!!
Variance: Class 7 with zeros or only one example so we don't use it !!!!
Variance: Class 8 with zeros or only one example so we don't use it !!!!
Variance: Class 9 with zeros or only one example so we don't use it !!!!
=> saved checkpoint 'checkpoint_scores_CNN/mnist_classif_distance_intra_class_max_mean_2_3/last' (iter 15008, epoch 32.0)
EarlyStopping counter: 7 out of 10
[Save Checkpoint] epoch: [32.0], Train score:93.25333, Test score:93.34000, train loss:-0.93174, test loss:-0.93370, ratio_train_loss:0.00000,ratio_test_loss:0.00000, total_loss_train:-0.93174,total_loss_test:-0.93370, var distance inter class train:0.00000,var distance inter class test:0.00000
=> saved checkpoint 'checkpoints_CNN/mnist_classif_distance_intra_class_max_mean_2_3/last' (iter 15477, epoch 33.0)
Variance: Class 0 with zeros or only one example so we don't use it !!!!
Variance: Class 7 with zeros or only one example so we don't use it !!!!
Variance: Class 8 with zeros or only one example so we don't use it !!!!
Variance: Class 9 with zeros or only one example so we don't use it !!!!
=> saved checkpoint 'checkpoint_scores_CNN/mnist_classif_distance_intra_class_max_mean_2_3/last' (iter 15477, epoch 33.0)
[Save Checkpoint] epoch: [33.0], Train score:93.52500, Test score:93.94000, train loss:-0.93411, test loss:-0.93931, ratio_train_loss:0.00000,ratio_test_loss:0.00000, total_loss_train:-0.93411,total_loss_test:-0.93931, var distance inter class train:0.00000,var distance inter class test:0.00000
=> saved checkpoint 'checkpoints_CNN/mnist_classif_distance_intra_class_max_mean_2_3/last' (iter 15946, epoch 34.0)
Variance: Class 0 with zeros or only one example so we don't use it !!!!
Variance: Class 7 with zeros or only one example so we don't use it !!!!
Variance: Class 8 with zeros or only one example so we don't use it !!!!
Variance: Class 9 with zeros or only one example so we don't use it !!!!
=> saved checkpoint 'checkpoint_scores_CNN/mnist_classif_distance_intra_class_max_mean_2_3/last' (iter 15946, epoch 34.0)
[Save Checkpoint] epoch: [34.0], Train score:93.65333, Test score:94.08000, train loss:-0.93568, test loss:-0.94114, ratio_train_loss:0.00000,ratio_test_loss:0.00000, total_loss_train:-0.93568,total_loss_test:-0.94114, var distance inter class train:0.00000,var distance inter class test:0.00000
=> saved checkpoint 'checkpoints_CNN/mnist_classif_distance_intra_class_max_mean_2_3/last' (iter 16415, epoch 35.0)
Variance: Class 8 with zeros or only one example so we don't use it !!!!
Variance: Class 0 with zeros or only one example so we don't use it !!!!
Variance: Class 7 with zeros or only one example so we don't use it !!!!
Variance: Class 8 with zeros or only one example so we don't use it !!!!
Variance: Class 9 with zeros or only one example so we don't use it !!!!
=> saved checkpoint 'checkpoint_scores_CNN/mnist_classif_distance_intra_class_max_mean_2_3/last' (iter 16415, epoch 35.0)
EarlyStopping counter: 1 out of 10
[Save Checkpoint] epoch: [35.0], Train score:93.62333, Test score:93.93000, train loss:-0.93550, test loss:-0.93928, ratio_train_loss:0.00000,ratio_test_loss:0.00000, total_loss_train:-0.93550,total_loss_test:-0.93928, var distance inter class train:0.00000,var distance inter class test:0.00000
=> saved checkpoint 'checkpoints_CNN/mnist_classif_distance_intra_class_max_mean_2_3/last' (iter 16884, epoch 36.0)
Variance: Class 0 with zeros or only one example so we don't use it !!!!
Variance: Class 7 with zeros or only one example so we don't use it !!!!
Variance: Class 8 with zeros or only one example so we don't use it !!!!
Variance: Class 9 with zeros or only one example so we don't use it !!!!
=> saved checkpoint 'checkpoint_scores_CNN/mnist_classif_distance_intra_class_max_mean_2_3/last' (iter 16884, epoch 36.0)
EarlyStopping counter: 2 out of 10
[Save Checkpoint] epoch: [36.0], Train score:93.51500, Test score:93.75000, train loss:-0.93425, test loss:-0.93796, ratio_train_loss:0.00000,ratio_test_loss:0.00000, total_loss_train:-0.93425,total_loss_test:-0.93796, var distance inter class train:0.00000,var distance inter class test:0.00000
=> saved checkpoint 'checkpoints_CNN/mnist_classif_distance_intra_class_max_mean_2_3/last' (iter 17353, epoch 37.0)
