36
--dataset mnist --model CNN --gpu_devices 0 1 --max_iter 50 --batch_size 256 --ckpt_dir checkpoints_CNN --ckpt_dir_scores checkpoint_scores_CNN --use_scheduler True --GMP True --lr 1e-3 --z_struct_size 20 --add_classification_layer True --classif_layer_size 30 --is_default_model False --is_custom_model False --is_custom_model_BK True --big_kernel_size 8 --two_conv_layer True --three_conv_layer False --BK_in_first_layer True --BK_in_second_layer False --BK_in_third_layer False --stride_size 1 --hidden_filters_layer1 32 --hidden_filters_layer2 32 --hidden_filters_layer3 32 --ratio_reg False --lambda_ratio_reg 1 --lambda_class 1 --other_ratio False --loss_min_distance_cl True --lambda_var_distance 0.0001 --intra_class_variance_loss False --lambda_intra_class_var 1 --contrastive_loss False --lambda_contrastive_loss 1 --alpha 32 --loss Proxy_Anchor --optimizer adamw --mrg 0.1 --IPC False --warm 1 --sz_embedding 32 --dataset_balanced False --loss_distance_mean True --lambda_distance_mean 0.1 --exp_name mnist_classif_distance_intra_class_max_mean_3_6
Namespace(BK_in_first_layer=True, BK_in_second_layer=False, BK_in_third_layer=False, BN=False, C_max=25, C_stop_iter=100000.0, E1_AE=False, E1_VAE=False, E1_conv=False, E1_dense=False, E1_second_conv=False, E1_second_conv_adapt=False, GMP=True, IPC=False, L1_norm_act=False, L1_norm_weights=False, L3_without_random=False, LOG_DIR='logs', adapt_lr=False, add_classification_layer=True, add_linear_after_GMP=True, add_z_struct_bottleneck=False, alpha=32.0, batch_size=256, beta=1, beta1=0.9, beta2=0.999, big_kernel=False, big_kernel_size=[8], binary_z=False, ckpt_dir='checkpoints_CNN', ckpt_dir_scores='checkpoint_scores_CNN', classif_layer_size=30, contrastive_loss=False, cuda=True, dataset='mnist', dataset_balanced=False, display_step=10000, dset_dir='data', exp_name='mnist_classif_distance_intra_class_max_mean_3_6', gamma=1000, gpu_devices=[0, 1], hidden_filters_layer1=32, hidden_filters_layer2=32, hidden_filters_layer3=32, image_size=64, intra_class_variance_loss=False, is_C=True, is_E1=False, is_binary_structural_latent=False, is_custom_model=False, is_custom_model_BK=True, is_default_model=False, is_noise_stats=False, is_partial_rand_class=False, is_perturbed_score=False, is_zvar_sim_loss=False, just_train=False, kernel_size=4, lambda_Kl_struct=1, lambda_Kl_var=1, lambda_L1=0.01, lambda_VAE=1, lambda_class=1.0, lambda_contrastive_loss=1.0, lambda_distance_mean=0.1, lambda_intra_class_var=1.0, lambda_partial_class=1, lambda_ratio_reg=1.0, lambda_recon_wt_rand=1, lambda_recons=1, lambda_var_distance=0.0001, lambda_zvar_sim=1, latent_spec_cont=None, latent_spec_cont_class=None, latent_spec_cont_var=None, latent_spec_disc=None, latent_spec_disc_class=None, latent_spec_disc_var=None, log_level='info', loss='Proxy_Anchor', loss_distance_mean=True, loss_min_distance_cl=True, lr=0.001, max_iter=50.0, model='CNN', mrg=0.1, num_workers=2, old_weighted=False, optimizer='adamw', other_ratio=False, random_percentage=0.2, ratio_reg=False, remark='', save_step=10000, second_layer_C=False, seed=1, stride_size=1, sz_embedding=32, three_conv_layer=False, train=True, two_conv_layer=True, two_encoder=False, use_early_stopping=True, use_scheduler=True, warm=1, without_acc=False, z_struct_size=20, zeros_W_Classif=False, zvar_sim_change_zvar=False, zvar_sim_loss_for_all_model=False, zvar_sim_loss_only_for_encoder=False, zvar_sim_normal=False, zvar_sim_var_rand=False)
CUDA Visible devices !
Custom_CNN_BK(
  (net): Sequential(
    (0): Conv2d(1, 32, kernel_size=(8, 8), stride=(1, 1))
    (1): BatchNorm2d(32, eps=1e-05, momentum=0.1, affine=True, track_running_stats=True)
    (2): ReLU(inplace=True)
    (3): Conv2d(32, 32, kernel_size=(4, 4), stride=(1, 1))
    (4): BatchNorm2d(32, eps=1e-05, momentum=0.1, affine=True, track_running_stats=True)
    (5): ReLU(inplace=True)
    (6): AdaptiveMaxPool2d(output_size=(1, 1))
    (7): View()
    (8): Linear(in_features=32, out_features=20, bias=True)
    (9): BatchNorm1d(20, eps=1e-05, momentum=0.1, affine=True, track_running_stats=True)
    (10): ReLU(inplace=True)
    (11): Dropout(p=0.4, inplace=False)
    (12): Linear(in_features=20, out_features=30, bias=True)
    (13): BatchNorm1d(30, eps=1e-05, momentum=0.1, affine=True, track_running_stats=True)
    (14): ReLU(inplace=True)
    (15): Dropout(p=0.4, inplace=False)
    (16): Linear(in_features=30, out_features=10, bias=True)
    (17): Softmax(dim=None)
  )
)
The number of parameters of model is 20324
use 1 gpu who named: GeForce RTX 2080 Ti
=> loaded sample_scores and losses
=> no checkpoint found at 'checkpoints_CNN/mnist_classif_distance_intra_class_max_mean_3_6/last'
=> saved checkpoint 'checkpoints_CNN/mnist_classif_distance_intra_class_max_mean_3_6/last' (iter 235, epoch 1.0)
=> saved checkpoint 'checkpoint_scores_CNN/mnist_classif_distance_intra_class_max_mean_3_6/last' (iter 235, epoch 1.0)
[Save Checkpoint] epoch: [1.0], Train score:78.75500, Test score:78.51000, train loss:-0.69898, test loss:-0.69878, ratio_train_loss:0.00000,ratio_test_loss:0.00000, total_loss_train:-0.69898,total_loss_test:-0.69878, var distance inter class train:5.58455,var distance inter class test:5.82423
=> saved checkpoint 'checkpoints_CNN/mnist_classif_distance_intra_class_max_mean_3_6/last' (iter 470, epoch 2.0)
=> saved checkpoint 'checkpoint_scores_CNN/mnist_classif_distance_intra_class_max_mean_3_6/last' (iter 470, epoch 2.0)
[Save Checkpoint] epoch: [2.0], Train score:91.93667, Test score:92.26000, train loss:-0.87697, test loss:-0.88245, ratio_train_loss:0.00000,ratio_test_loss:0.00000, total_loss_train:-0.87697,total_loss_test:-0.88245, var distance inter class train:5.37308,var distance inter class test:5.55783
=> saved checkpoint 'checkpoints_CNN/mnist_classif_distance_intra_class_max_mean_3_6/last' (iter 705, epoch 3.0)
=> saved checkpoint 'checkpoint_scores_CNN/mnist_classif_distance_intra_class_max_mean_3_6/last' (iter 705, epoch 3.0)
[Save Checkpoint] epoch: [3.0], Train score:92.95833, Test score:93.28000, train loss:-0.90873, test loss:-0.91380, ratio_train_loss:0.00000,ratio_test_loss:0.00000, total_loss_train:-0.90873,total_loss_test:-0.91380, var distance inter class train:4.24187,var distance inter class test:4.39552
Variance: In this batch for class 4, they are less images than 10. Don't use it to compute ratio!!!!
=> saved checkpoint 'checkpoints_CNN/mnist_classif_distance_intra_class_max_mean_3_6/last' (iter 940, epoch 4.0)
=> saved checkpoint 'checkpoint_scores_CNN/mnist_classif_distance_intra_class_max_mean_3_6/last' (iter 940, epoch 4.0)
[Save Checkpoint] epoch: [4.0], Train score:94.59500, Test score:94.82000, train loss:-0.93374, test loss:-0.93628, ratio_train_loss:0.00000,ratio_test_loss:0.00000, total_loss_train:-0.93374,total_loss_test:-0.93628, var distance inter class train:4.19199,var distance inter class test:4.33045
=> saved checkpoint 'checkpoints_CNN/mnist_classif_distance_intra_class_max_mean_3_6/last' (iter 1175, epoch 5.0)
=> saved checkpoint 'checkpoint_scores_CNN/mnist_classif_distance_intra_class_max_mean_3_6/last' (iter 1175, epoch 5.0)
[Save Checkpoint] epoch: [5.0], Train score:95.43500, Test score:95.53000, train loss:-0.94609, test loss:-0.94746, ratio_train_loss:0.00000,ratio_test_loss:0.00000, total_loss_train:-0.94609,total_loss_test:-0.94746, var distance inter class train:4.43941,var distance inter class test:4.58841
=> saved checkpoint 'checkpoints_CNN/mnist_classif_distance_intra_class_max_mean_3_6/last' (iter 1410, epoch 6.0)
=> saved checkpoint 'checkpoint_scores_CNN/mnist_classif_distance_intra_class_max_mean_3_6/last' (iter 1410, epoch 6.0)
[Save Checkpoint] epoch: [6.0], Train score:95.63333, Test score:95.65000, train loss:-0.95034, test loss:-0.95178, ratio_train_loss:0.00000,ratio_test_loss:0.00000, total_loss_train:-0.95034,total_loss_test:-0.95178, var distance inter class train:4.92781,var distance inter class test:5.08767
=> saved checkpoint 'checkpoints_CNN/mnist_classif_distance_intra_class_max_mean_3_6/last' (iter 1645, epoch 7.0)
=> saved checkpoint 'checkpoint_scores_CNN/mnist_classif_distance_intra_class_max_mean_3_6/last' (iter 1645, epoch 7.0)
[Save Checkpoint] epoch: [7.0], Train score:96.12167, Test score:96.26000, train loss:-0.95665, test loss:-0.95863, ratio_train_loss:0.00000,ratio_test_loss:0.00000, total_loss_train:-0.95665,total_loss_test:-0.95863, var distance inter class train:5.53952,var distance inter class test:5.73488
=> saved checkpoint 'checkpoints_CNN/mnist_classif_distance_intra_class_max_mean_3_6/last' (iter 1880, epoch 8.0)
=> saved checkpoint 'checkpoint_scores_CNN/mnist_classif_distance_intra_class_max_mean_3_6/last' (iter 1880, epoch 8.0)
[Save Checkpoint] epoch: [8.0], Train score:96.01833, Test score:96.18000, train loss:-0.95640, test loss:-0.95908, ratio_train_loss:0.00000,ratio_test_loss:0.00000, total_loss_train:-0.95640,total_loss_test:-0.95908, var distance inter class train:8.23017,var distance inter class test:8.51604
=> saved checkpoint 'checkpoints_CNN/mnist_classif_distance_intra_class_max_mean_3_6/last' (iter 2115, epoch 9.0)
=> saved checkpoint 'checkpoint_scores_CNN/mnist_classif_distance_intra_class_max_mean_3_6/last' (iter 2115, epoch 9.0)
EarlyStopping counter: 1 out of 10
[Save Checkpoint] epoch: [9.0], Train score:93.06833, Test score:93.15000, train loss:-0.92644, test loss:-0.92890, ratio_train_loss:0.00000,ratio_test_loss:0.00000, total_loss_train:-0.92644,total_loss_test:-0.92890, var distance inter class train:2.70789,var distance inter class test:2.82510
=> saved checkpoint 'checkpoints_CNN/mnist_classif_distance_intra_class_max_mean_3_6/last' (iter 2350, epoch 10.0)
=> saved checkpoint 'checkpoint_scores_CNN/mnist_classif_distance_intra_class_max_mean_3_6/last' (iter 2350, epoch 10.0)
EarlyStopping counter: 2 out of 10
[Save Checkpoint] epoch: [10.0], Train score:94.99167, Test score:95.37000, train loss:-0.94657, test loss:-0.95123, ratio_train_loss:0.00000,ratio_test_loss:0.00000, total_loss_train:-0.94657,total_loss_test:-0.95123, var distance inter class train:2.97695,var distance inter class test:3.09531
=> saved checkpoint 'checkpoints_CNN/mnist_classif_distance_intra_class_max_mean_3_6/last' (iter 2585, epoch 11.0)
=> saved checkpoint 'checkpoint_scores_CNN/mnist_classif_distance_intra_class_max_mean_3_6/last' (iter 2585, epoch 11.0)
EarlyStopping counter: 3 out of 10
[Save Checkpoint] epoch: [11.0], Train score:95.71500, Test score:95.90000, train loss:-0.95392, test loss:-0.95674, ratio_train_loss:0.00000,ratio_test_loss:0.00000, total_loss_train:-0.95392,total_loss_test:-0.95674, var distance inter class train:3.47277,var distance inter class test:3.59592
Variance: In this batch for class 5, they are less images than 10. Don't use it to compute ratio!!!!
=> saved checkpoint 'checkpoints_CNN/mnist_classif_distance_intra_class_max_mean_3_6/last' (iter 2820, epoch 12.0)
=> saved checkpoint 'checkpoint_scores_CNN/mnist_classif_distance_intra_class_max_mean_3_6/last' (iter 2820, epoch 12.0)
EarlyStopping counter: 4 out of 10
[Save Checkpoint] epoch: [12.0], Train score:95.91667, Test score:96.03000, train loss:-0.95647, test loss:-0.95865, ratio_train_loss:0.00000,ratio_test_loss:0.00000, total_loss_train:-0.95647,total_loss_test:-0.95865, var distance inter class train:3.90275,var distance inter class test:4.03846
=> saved checkpoint 'checkpoints_CNN/mnist_classif_distance_intra_class_max_mean_3_6/last' (iter 3055, epoch 13.0)
=> saved checkpoint 'checkpoint_scores_CNN/mnist_classif_distance_intra_class_max_mean_3_6/last' (iter 3055, epoch 13.0)
[Save Checkpoint] epoch: [13.0], Train score:96.38833, Test score:96.36000, train loss:-0.96180, test loss:-0.96341, ratio_train_loss:0.00000,ratio_test_loss:0.00000, total_loss_train:-0.96180,total_loss_test:-0.96341, var distance inter class train:4.14453,var distance inter class test:4.27149
=> saved checkpoint 'checkpoints_CNN/mnist_classif_distance_intra_class_max_mean_3_6/last' (iter 3290, epoch 14.0)
=> saved checkpoint 'checkpoint_scores_CNN/mnist_classif_distance_intra_class_max_mean_3_6/last' (iter 3290, epoch 14.0)
[Save Checkpoint] epoch: [14.0], Train score:96.49167, Test score:96.56000, train loss:-0.96267, test loss:-0.96367, ratio_train_loss:0.00000,ratio_test_loss:0.00000, total_loss_train:-0.96267,total_loss_test:-0.96367, var distance inter class train:4.52033,var distance inter class test:4.65437
=> saved checkpoint 'checkpoints_CNN/mnist_classif_distance_intra_class_max_mean_3_6/last' (iter 3525, epoch 15.0)
=> saved checkpoint 'checkpoint_scores_CNN/mnist_classif_distance_intra_class_max_mean_3_6/last' (iter 3525, epoch 15.0)
[Save Checkpoint] epoch: [15.0], Train score:96.74000, Test score:96.57000, train loss:-0.96581, test loss:-0.96486, ratio_train_loss:0.00000,ratio_test_loss:0.00000, total_loss_train:-0.96581,total_loss_test:-0.96486, var distance inter class train:5.66491,var distance inter class test:5.82416
=> saved checkpoint 'checkpoints_CNN/mnist_classif_distance_intra_class_max_mean_3_6/last' (iter 3760, epoch 16.0)
=> saved checkpoint 'checkpoint_scores_CNN/mnist_classif_distance_intra_class_max_mean_3_6/last' (iter 3760, epoch 16.0)
[Save Checkpoint] epoch: [16.0], Train score:96.93500, Test score:96.98000, train loss:-0.96812, test loss:-0.96917, ratio_train_loss:0.00000,ratio_test_loss:0.00000, total_loss_train:-0.96812,total_loss_test:-0.96917, var distance inter class train:6.58924,var distance inter class test:6.77929
Variance: In this batch for class 5, they are less images than 10. Don't use it to compute ratio!!!!
=> saved checkpoint 'checkpoints_CNN/mnist_classif_distance_intra_class_max_mean_3_6/last' (iter 3995, epoch 17.0)
=> saved checkpoint 'checkpoint_scores_CNN/mnist_classif_distance_intra_class_max_mean_3_6/last' (iter 3995, epoch 17.0)
EarlyStopping counter: 1 out of 10
[Save Checkpoint] epoch: [17.0], Train score:96.80000, Test score:96.68000, train loss:-0.96639, test loss:-0.96657, ratio_train_loss:0.00000,ratio_test_loss:0.00000, total_loss_train:-0.96639,total_loss_test:-0.96657, var distance inter class train:9.28762,var distance inter class test:9.57277
Variance: In this batch for class 4, they are less images than 10. Don't use it to compute ratio!!!!
=> saved checkpoint 'checkpoints_CNN/mnist_classif_distance_intra_class_max_mean_3_6/last' (iter 4230, epoch 18.0)
=> saved checkpoint 'checkpoint_scores_CNN/mnist_classif_distance_intra_class_max_mean_3_6/last' (iter 4230, epoch 18.0)
EarlyStopping counter: 2 out of 10
[Save Checkpoint] epoch: [18.0], Train score:94.35833, Test score:94.46000, train loss:-0.94150, test loss:-0.94444, ratio_train_loss:0.00000,ratio_test_loss:0.00000, total_loss_train:-0.94150,total_loss_test:-0.94444, var distance inter class train:3.73918,var distance inter class test:3.93605
=> saved checkpoint 'checkpoints_CNN/mnist_classif_distance_intra_class_max_mean_3_6/last' (iter 4465, epoch 19.0)
=> saved checkpoint 'checkpoint_scores_CNN/mnist_classif_distance_intra_class_max_mean_3_6/last' (iter 4465, epoch 19.0)
EarlyStopping counter: 3 out of 10
[Save Checkpoint] epoch: [19.0], Train score:95.92833, Test score:95.96000, train loss:-0.95758, test loss:-0.95964, ratio_train_loss:0.00000,ratio_test_loss:0.00000, total_loss_train:-0.95758,total_loss_test:-0.95964, var distance inter class train:6.18596,var distance inter class test:6.45726
=> saved checkpoint 'checkpoints_CNN/mnist_classif_distance_intra_class_max_mean_3_6/last' (iter 4700, epoch 20.0)
=> saved checkpoint 'checkpoint_scores_CNN/mnist_classif_distance_intra_class_max_mean_3_6/last' (iter 4700, epoch 20.0)
EarlyStopping counter: 4 out of 10
[Save Checkpoint] epoch: [20.0], Train score:94.85833, Test score:94.96000, train loss:-0.94663, test loss:-0.94938, ratio_train_loss:0.00000,ratio_test_loss:0.00000, total_loss_train:-0.94663,total_loss_test:-0.94938, var distance inter class train:4.23979,var distance inter class test:4.40617
=> saved checkpoint 'checkpoints_CNN/mnist_classif_distance_intra_class_max_mean_3_6/last' (iter 4935, epoch 21.0)
=> saved checkpoint 'checkpoint_scores_CNN/mnist_classif_distance_intra_class_max_mean_3_6/last' (iter 4935, epoch 21.0)
EarlyStopping counter: 5 out of 10
[Save Checkpoint] epoch: [21.0], Train score:96.14333, Test score:96.11000, train loss:-0.96000, test loss:-0.96106, ratio_train_loss:0.00000,ratio_test_loss:0.00000, total_loss_train:-0.96000,total_loss_test:-0.96106, var distance inter class train:4.54816,var distance inter class test:4.72157
Variance: In this batch for class 0, they are less images than 10. Don't use it to compute ratio!!!!
Variance: In this batch for class 4, they are less images than 10. Don't use it to compute ratio!!!!
=> saved checkpoint 'checkpoints_CNN/mnist_classif_distance_intra_class_max_mean_3_6/last' (iter 5170, epoch 22.0)
=> saved checkpoint 'checkpoint_scores_CNN/mnist_classif_distance_intra_class_max_mean_3_6/last' (iter 5170, epoch 22.0)
EarlyStopping counter: 6 out of 10
[Save Checkpoint] epoch: [22.0], Train score:96.38667, Test score:96.40000, train loss:-0.96268, test loss:-0.96320, ratio_train_loss:0.00000,ratio_test_loss:0.00000, total_loss_train:-0.96268,total_loss_test:-0.96320, var distance inter class train:4.74277,var distance inter class test:4.92245
=> saved checkpoint 'checkpoints_CNN/mnist_classif_distance_intra_class_max_mean_3_6/last' (iter 5405, epoch 23.0)
=> saved checkpoint 'checkpoint_scores_CNN/mnist_classif_distance_intra_class_max_mean_3_6/last' (iter 5405, epoch 23.0)
EarlyStopping counter: 7 out of 10
[Save Checkpoint] epoch: [23.0], Train score:96.75167, Test score:96.63000, train loss:-0.96619, test loss:-0.96613, ratio_train_loss:0.00000,ratio_test_loss:0.00000, total_loss_train:-0.96619,total_loss_test:-0.96613, var distance inter class train:4.98655,var distance inter class test:5.17566
=> saved checkpoint 'checkpoints_CNN/mnist_classif_distance_intra_class_max_mean_3_6/last' (iter 5640, epoch 24.0)
=> saved checkpoint 'checkpoint_scores_CNN/mnist_classif_distance_intra_class_max_mean_3_6/last' (iter 5640, epoch 24.0)
EarlyStopping counter: 8 out of 10
[Save Checkpoint] epoch: [24.0], Train score:96.84833, Test score:96.82000, train loss:-0.96748, test loss:-0.96819, ratio_train_loss:0.00000,ratio_test_loss:0.00000, total_loss_train:-0.96748,total_loss_test:-0.96819, var distance inter class train:5.63351,var distance inter class test:5.84086
=> saved checkpoint 'checkpoints_CNN/mnist_classif_distance_intra_class_max_mean_3_6/last' (iter 5875, epoch 25.0)
=> saved checkpoint 'checkpoint_scores_CNN/mnist_classif_distance_intra_class_max_mean_3_6/last' (iter 5875, epoch 25.0)
EarlyStopping counter: 9 out of 10
[Save Checkpoint] epoch: [25.0], Train score:96.95500, Test score:96.76000, train loss:-0.96836, test loss:-0.96736, ratio_train_loss:0.00000,ratio_test_loss:0.00000, total_loss_train:-0.96836,total_loss_test:-0.96736, var distance inter class train:5.90493,var distance inter class test:6.11707
=> saved checkpoint 'checkpoints_CNN/mnist_classif_distance_intra_class_max_mean_3_6/last' (iter 6110, epoch 26.0)
=> saved checkpoint 'checkpoint_scores_CNN/mnist_classif_distance_intra_class_max_mean_3_6/last' (iter 6110, epoch 26.0)
EarlyStopping counter: 10 out of 10
[Save Checkpoint] epoch: [26.0], Train score:97.06000, Test score:96.88000, train loss:-0.96967, test loss:-0.96879, ratio_train_loss:0.00000,ratio_test_loss:0.00000, total_loss_train:-0.96967,total_loss_test:-0.96879, var distance inter class train:7.08349,var distance inter class test:7.32696
Early stopping
[Training Finished]
All Done!
