50
--dataset mnist --model CNN --gpu_devices 0 1 --max_iter 50 --batch_size 128 --ckpt_dir checkpoints_CNN --ckpt_dir_scores checkpoint_scores_CNN --use_scheduler True --GMP True --lr 1e-3 --z_struct_size 20 --add_classification_layer True --classif_layer_size 30 --is_default_model False --is_custom_model False --is_custom_model_BK True --big_kernel_size 8 --two_conv_layer True --three_conv_layer False --BK_in_first_layer True --BK_in_second_layer False --BK_in_third_layer False --stride_size 1 --hidden_filters_layer1 32 --hidden_filters_layer2 32 --hidden_filters_layer3 32 --ratio_reg True --lambda_ratio_reg 100000 --lambda_class 1 --other_ratio True --exp_name CNN_mnist_custom_BK_2layer_bk1_20_other_ratio_bs_128_9
Namespace(BK_in_first_layer=True, BK_in_second_layer=False, BK_in_third_layer=False, BN=False, C_max=25, C_stop_iter=100000.0, E1_AE=False, E1_VAE=False, E1_conv=False, E1_dense=False, E1_second_conv=False, E1_second_conv_adapt=False, GMP=True, IPC=False, L1_norm_act=False, L1_norm_weights=False, L3_without_random=False, LOG_DIR='logs', adapt_lr=False, add_classification_layer=True, add_linear_after_GMP=True, add_z_struct_bottleneck=False, alpha=32, batch_size=128, beta=1, beta1=0.9, beta2=0.999, big_kernel=False, big_kernel_size=[8], binary_z=False, ckpt_dir='checkpoints_CNN', ckpt_dir_scores='checkpoint_scores_CNN', classif_layer_size=30, contrastive_loss=False, cuda=True, dataset='mnist', display_step=10000, dset_dir='data', exp_name='CNN_mnist_custom_BK_2layer_bk1_20_other_ratio_bs_128_9', gamma=1000, gpu_devices=[0, 1], hidden_filters_layer1=32, hidden_filters_layer2=32, hidden_filters_layer3=32, image_size=64, is_C=True, is_E1=False, is_binary_structural_latent=False, is_custom_model=False, is_custom_model_BK=True, is_default_model=False, is_noise_stats=False, is_partial_rand_class=False, is_perturbed_score=False, is_zvar_sim_loss=False, just_train=False, kernel_size=4, lambda_Kl_struct=1, lambda_Kl_var=1, lambda_L1=0.01, lambda_VAE=1, lambda_class=1.0, lambda_partial_class=1, lambda_ratio_reg=100000.0, lambda_recon_wt_rand=1, lambda_recons=1, lambda_var_distance=1, lambda_zvar_sim=1, latent_spec_cont=None, latent_spec_cont_class=None, latent_spec_cont_var=None, latent_spec_disc=None, latent_spec_disc_class=None, latent_spec_disc_var=None, log_level='info', loss='Proxy_Anchor', loss_min_distance_cl=False, lr=0.001, max_iter=50.0, model='CNN', mrg=0.1, num_workers=2, old_weighted=False, optimizer='adamw', other_ratio=True, random_percentage=0.2, ratio_reg=True, remark='', save_step=10000, second_layer_C=False, seed=1, stride_size=1, sz_embedding=5, three_conv_layer=False, train=True, two_conv_layer=True, two_encoder=False, use_early_stopping=True, use_scheduler=True, warm=1, without_acc=False, z_struct_size=20, zeros_W_Classif=False, zvar_sim_change_zvar=False, zvar_sim_loss_for_all_model=False, zvar_sim_loss_only_for_encoder=False, zvar_sim_normal=False, zvar_sim_var_rand=False)
CUDA Visible devices !
Custom_CNN_BK(
  (net): Sequential(
    (0): Conv2d(1, 32, kernel_size=(8, 8), stride=(1, 1))
    (1): BatchNorm2d(32, eps=1e-05, momentum=0.1, affine=True, track_running_stats=True)
    (2): ReLU(inplace=True)
    (3): Conv2d(32, 32, kernel_size=(4, 4), stride=(1, 1))
    (4): BatchNorm2d(32, eps=1e-05, momentum=0.1, affine=True, track_running_stats=True)
    (5): ReLU(inplace=True)
    (6): AdaptiveMaxPool2d(output_size=(1, 1))
    (7): View()
    (8): Linear(in_features=32, out_features=20, bias=True)
    (9): BatchNorm1d(20, eps=1e-05, momentum=0.1, affine=True, track_running_stats=True)
    (10): ReLU(inplace=True)
    (11): Dropout(p=0.4, inplace=False)
    (12): Linear(in_features=20, out_features=30, bias=True)
    (13): BatchNorm1d(30, eps=1e-05, momentum=0.1, affine=True, track_running_stats=True)
    (14): ReLU(inplace=True)
    (15): Dropout(p=0.4, inplace=False)
    (16): Linear(in_features=30, out_features=10, bias=True)
    (17): Softmax(dim=None)
  )
)
The number of parameters of model is 20324
use 1 gpu who named: Tesla K80
=> loaded sample_scores and losses
=> loaded checkpoint 'checkpoints_CNN/CNN_mnist_custom_BK_2layer_bk1_20_other_ratio_bs_128_9/last (iter 15477)'
=> saved checkpoint 'checkpoints_CNN/CNN_mnist_custom_BK_2layer_bk1_20_other_ratio_bs_128_9/last' (iter 469, epoch 1.0)
=> saved checkpoint 'checkpoint_scores_CNN/CNN_mnist_custom_BK_2layer_bk1_20_other_ratio_bs_128_9/last' (iter 469, epoch 1)
[Save Checkpoint] epoch: [1.0], Train score:9.87167, Test score:9.80000, train loss:nan, test loss:nan, ratio_train_loss:nan,ratio_test_loss:nan, total_loss_train:nan,total_loss_test:nan, var distance inter class train:0.00000,var distance inter class test:0.00000
=> saved checkpoint 'checkpoints_CNN/CNN_mnist_custom_BK_2layer_bk1_20_other_ratio_bs_128_9/last' (iter 938, epoch 2.0)
=> saved checkpoint 'checkpoint_scores_CNN/CNN_mnist_custom_BK_2layer_bk1_20_other_ratio_bs_128_9/last' (iter 938, epoch 2)
[Save Checkpoint] epoch: [2.0], Train score:9.87167, Test score:9.80000, train loss:nan, test loss:nan, ratio_train_loss:nan,ratio_test_loss:nan, total_loss_train:nan,total_loss_test:nan, var distance inter class train:0.00000,var distance inter class test:0.00000
=> saved checkpoint 'checkpoints_CNN/CNN_mnist_custom_BK_2layer_bk1_20_other_ratio_bs_128_9/last' (iter 1407, epoch 3.0)
=> saved checkpoint 'checkpoint_scores_CNN/CNN_mnist_custom_BK_2layer_bk1_20_other_ratio_bs_128_9/last' (iter 1407, epoch 3)
[Save Checkpoint] epoch: [3.0], Train score:9.87167, Test score:9.80000, train loss:nan, test loss:nan, ratio_train_loss:nan,ratio_test_loss:nan, total_loss_train:nan,total_loss_test:nan, var distance inter class train:0.00000,var distance inter class test:0.00000
=> saved checkpoint 'checkpoints_CNN/CNN_mnist_custom_BK_2layer_bk1_20_other_ratio_bs_128_9/last' (iter 1876, epoch 4.0)
=> saved checkpoint 'checkpoint_scores_CNN/CNN_mnist_custom_BK_2layer_bk1_20_other_ratio_bs_128_9/last' (iter 1876, epoch 4)
[Save Checkpoint] epoch: [4.0], Train score:9.87167, Test score:9.80000, train loss:nan, test loss:nan, ratio_train_loss:nan,ratio_test_loss:nan, total_loss_train:nan,total_loss_test:nan, var distance inter class train:0.00000,var distance inter class test:0.00000
=> saved checkpoint 'checkpoints_CNN/CNN_mnist_custom_BK_2layer_bk1_20_other_ratio_bs_128_9/last' (iter 2345, epoch 5.0)
=> saved checkpoint 'checkpoint_scores_CNN/CNN_mnist_custom_BK_2layer_bk1_20_other_ratio_bs_128_9/last' (iter 2345, epoch 5)
[Save Checkpoint] epoch: [5.0], Train score:9.87167, Test score:9.80000, train loss:nan, test loss:nan, ratio_train_loss:nan,ratio_test_loss:nan, total_loss_train:nan,total_loss_test:nan, var distance inter class train:0.00000,var distance inter class test:0.00000
=> saved checkpoint 'checkpoints_CNN/CNN_mnist_custom_BK_2layer_bk1_20_other_ratio_bs_128_9/last' (iter 2814, epoch 6.0)
=> saved checkpoint 'checkpoint_scores_CNN/CNN_mnist_custom_BK_2layer_bk1_20_other_ratio_bs_128_9/last' (iter 2814, epoch 6)
[Save Checkpoint] epoch: [6.0], Train score:9.87167, Test score:9.80000, train loss:nan, test loss:nan, ratio_train_loss:nan,ratio_test_loss:nan, total_loss_train:nan,total_loss_test:nan, var distance inter class train:0.00000,var distance inter class test:0.00000
=> saved checkpoint 'checkpoints_CNN/CNN_mnist_custom_BK_2layer_bk1_20_other_ratio_bs_128_9/last' (iter 3283, epoch 7.0)
=> saved checkpoint 'checkpoint_scores_CNN/CNN_mnist_custom_BK_2layer_bk1_20_other_ratio_bs_128_9/last' (iter 3283, epoch 7)
[Save Checkpoint] epoch: [7.0], Train score:9.87167, Test score:9.80000, train loss:nan, test loss:nan, ratio_train_loss:nan,ratio_test_loss:nan, total_loss_train:nan,total_loss_test:nan, var distance inter class train:0.00000,var distance inter class test:0.00000
=> saved checkpoint 'checkpoints_CNN/CNN_mnist_custom_BK_2layer_bk1_20_other_ratio_bs_128_9/last' (iter 3752, epoch 8.0)
=> saved checkpoint 'checkpoint_scores_CNN/CNN_mnist_custom_BK_2layer_bk1_20_other_ratio_bs_128_9/last' (iter 3752, epoch 8)
[Save Checkpoint] epoch: [8.0], Train score:9.87167, Test score:9.80000, train loss:nan, test loss:nan, ratio_train_loss:nan,ratio_test_loss:nan, total_loss_train:nan,total_loss_test:nan, var distance inter class train:0.00000,var distance inter class test:0.00000
=> saved checkpoint 'checkpoints_CNN/CNN_mnist_custom_BK_2layer_bk1_20_other_ratio_bs_128_9/last' (iter 4221, epoch 9.0)
=> saved checkpoint 'checkpoint_scores_CNN/CNN_mnist_custom_BK_2layer_bk1_20_other_ratio_bs_128_9/last' (iter 4221, epoch 9)
[Save Checkpoint] epoch: [9.0], Train score:9.87167, Test score:9.80000, train loss:nan, test loss:nan, ratio_train_loss:nan,ratio_test_loss:nan, total_loss_train:nan,total_loss_test:nan, var distance inter class train:0.00000,var distance inter class test:0.00000
=> saved checkpoint 'checkpoints_CNN/CNN_mnist_custom_BK_2layer_bk1_20_other_ratio_bs_128_9/last' (iter 4690, epoch 10.0)
=> saved checkpoint 'checkpoint_scores_CNN/CNN_mnist_custom_BK_2layer_bk1_20_other_ratio_bs_128_9/last' (iter 4690, epoch 10)
[Save Checkpoint] epoch: [10.0], Train score:9.87167, Test score:9.80000, train loss:nan, test loss:nan, ratio_train_loss:nan,ratio_test_loss:nan, total_loss_train:nan,total_loss_test:nan, var distance inter class train:0.00000,var distance inter class test:0.00000
=> saved checkpoint 'checkpoints_CNN/CNN_mnist_custom_BK_2layer_bk1_20_other_ratio_bs_128_9/last' (iter 5159, epoch 11.0)
=> saved checkpoint 'checkpoint_scores_CNN/CNN_mnist_custom_BK_2layer_bk1_20_other_ratio_bs_128_9/last' (iter 5159, epoch 11)
[Save Checkpoint] epoch: [11.0], Train score:9.87167, Test score:9.80000, train loss:nan, test loss:nan, ratio_train_loss:nan,ratio_test_loss:nan, total_loss_train:nan,total_loss_test:nan, var distance inter class train:0.00000,var distance inter class test:0.00000
=> saved checkpoint 'checkpoints_CNN/CNN_mnist_custom_BK_2layer_bk1_20_other_ratio_bs_128_9/last' (iter 5628, epoch 12.0)
=> saved checkpoint 'checkpoint_scores_CNN/CNN_mnist_custom_BK_2layer_bk1_20_other_ratio_bs_128_9/last' (iter 5628, epoch 12)
[Save Checkpoint] epoch: [12.0], Train score:9.87167, Test score:9.80000, train loss:nan, test loss:nan, ratio_train_loss:nan,ratio_test_loss:nan, total_loss_train:nan,total_loss_test:nan, var distance inter class train:0.00000,var distance inter class test:0.00000
=> saved checkpoint 'checkpoints_CNN/CNN_mnist_custom_BK_2layer_bk1_20_other_ratio_bs_128_9/last' (iter 6097, epoch 13.0)
=> saved checkpoint 'checkpoint_scores_CNN/CNN_mnist_custom_BK_2layer_bk1_20_other_ratio_bs_128_9/last' (iter 6097, epoch 13)
[Save Checkpoint] epoch: [13.0], Train score:9.87167, Test score:9.80000, train loss:nan, test loss:nan, ratio_train_loss:nan,ratio_test_loss:nan, total_loss_train:nan,total_loss_test:nan, var distance inter class train:0.00000,var distance inter class test:0.00000
=> saved checkpoint 'checkpoints_CNN/CNN_mnist_custom_BK_2layer_bk1_20_other_ratio_bs_128_9/last' (iter 6566, epoch 14.0)
=> saved checkpoint 'checkpoint_scores_CNN/CNN_mnist_custom_BK_2layer_bk1_20_other_ratio_bs_128_9/last' (iter 6566, epoch 14)
[Save Checkpoint] epoch: [14.0], Train score:9.87167, Test score:9.80000, train loss:nan, test loss:nan, ratio_train_loss:nan,ratio_test_loss:nan, total_loss_train:nan,total_loss_test:nan, var distance inter class train:0.00000,var distance inter class test:0.00000
=> saved checkpoint 'checkpoints_CNN/CNN_mnist_custom_BK_2layer_bk1_20_other_ratio_bs_128_9/last' (iter 7035, epoch 15.0)
=> saved checkpoint 'checkpoint_scores_CNN/CNN_mnist_custom_BK_2layer_bk1_20_other_ratio_bs_128_9/last' (iter 7035, epoch 15)
[Save Checkpoint] epoch: [15.0], Train score:9.87167, Test score:9.80000, train loss:nan, test loss:nan, ratio_train_loss:nan,ratio_test_loss:nan, total_loss_train:nan,total_loss_test:nan, var distance inter class train:0.00000,var distance inter class test:0.00000
=> saved checkpoint 'checkpoints_CNN/CNN_mnist_custom_BK_2layer_bk1_20_other_ratio_bs_128_9/last' (iter 7504, epoch 16.0)
=> saved checkpoint 'checkpoint_scores_CNN/CNN_mnist_custom_BK_2layer_bk1_20_other_ratio_bs_128_9/last' (iter 7504, epoch 16)
[Save Checkpoint] epoch: [16.0], Train score:9.87167, Test score:9.80000, train loss:nan, test loss:nan, ratio_train_loss:nan,ratio_test_loss:nan, total_loss_train:nan,total_loss_test:nan, var distance inter class train:0.00000,var distance inter class test:0.00000
=> saved checkpoint 'checkpoints_CNN/CNN_mnist_custom_BK_2layer_bk1_20_other_ratio_bs_128_9/last' (iter 7973, epoch 17.0)
=> saved checkpoint 'checkpoint_scores_CNN/CNN_mnist_custom_BK_2layer_bk1_20_other_ratio_bs_128_9/last' (iter 7973, epoch 17)
[Save Checkpoint] epoch: [17.0], Train score:9.87167, Test score:9.80000, train loss:nan, test loss:nan, ratio_train_loss:nan,ratio_test_loss:nan, total_loss_train:nan,total_loss_test:nan, var distance inter class train:0.00000,var distance inter class test:0.00000
=> saved checkpoint 'checkpoints_CNN/CNN_mnist_custom_BK_2layer_bk1_20_other_ratio_bs_128_9/last' (iter 8442, epoch 18.0)
=> saved checkpoint 'checkpoint_scores_CNN/CNN_mnist_custom_BK_2layer_bk1_20_other_ratio_bs_128_9/last' (iter 8442, epoch 18)
[Save Checkpoint] epoch: [18.0], Train score:9.87167, Test score:9.80000, train loss:nan, test loss:nan, ratio_train_loss:nan,ratio_test_loss:nan, total_loss_train:nan,total_loss_test:nan, var distance inter class train:0.00000,var distance inter class test:0.00000
=> saved checkpoint 'checkpoints_CNN/CNN_mnist_custom_BK_2layer_bk1_20_other_ratio_bs_128_9/last' (iter 8911, epoch 19.0)
=> saved checkpoint 'checkpoint_scores_CNN/CNN_mnist_custom_BK_2layer_bk1_20_other_ratio_bs_128_9/last' (iter 8911, epoch 19)
[Save Checkpoint] epoch: [19.0], Train score:9.87167, Test score:9.80000, train loss:nan, test loss:nan, ratio_train_loss:nan,ratio_test_loss:nan, total_loss_train:nan,total_loss_test:nan, var distance inter class train:0.00000,var distance inter class test:0.00000
=> saved checkpoint 'checkpoints_CNN/CNN_mnist_custom_BK_2layer_bk1_20_other_ratio_bs_128_9/last' (iter 9380, epoch 20.0)
=> saved checkpoint 'checkpoint_scores_CNN/CNN_mnist_custom_BK_2layer_bk1_20_other_ratio_bs_128_9/last' (iter 9380, epoch 20)
[Save Checkpoint] epoch: [20.0], Train score:9.87167, Test score:9.80000, train loss:nan, test loss:nan, ratio_train_loss:nan,ratio_test_loss:nan, total_loss_train:nan,total_loss_test:nan, var distance inter class train:0.00000,var distance inter class test:0.00000
=> saved checkpoint 'checkpoints_CNN/CNN_mnist_custom_BK_2layer_bk1_20_other_ratio_bs_128_9/last' (iter 9849, epoch 21.0)
=> saved checkpoint 'checkpoint_scores_CNN/CNN_mnist_custom_BK_2layer_bk1_20_other_ratio_bs_128_9/last' (iter 9849, epoch 21)
[Save Checkpoint] epoch: [21.0], Train score:9.87167, Test score:9.80000, train loss:nan, test loss:nan, ratio_train_loss:nan,ratio_test_loss:nan, total_loss_train:nan,total_loss_test:nan, var distance inter class train:0.00000,var distance inter class test:0.00000
=> saved checkpoint 'checkpoints_CNN/CNN_mnist_custom_BK_2layer_bk1_20_other_ratio_bs_128_9/last' (iter 10318, epoch 22.0)
=> saved checkpoint 'checkpoint_scores_CNN/CNN_mnist_custom_BK_2layer_bk1_20_other_ratio_bs_128_9/last' (iter 10318, epoch 22)
[Save Checkpoint] epoch: [22.0], Train score:9.87167, Test score:9.80000, train loss:nan, test loss:nan, ratio_train_loss:nan,ratio_test_loss:nan, total_loss_train:nan,total_loss_test:nan, var distance inter class train:0.00000,var distance inter class test:0.00000
=> saved checkpoint 'checkpoints_CNN/CNN_mnist_custom_BK_2layer_bk1_20_other_ratio_bs_128_9/last' (iter 10787, epoch 23.0)
=> saved checkpoint 'checkpoint_scores_CNN/CNN_mnist_custom_BK_2layer_bk1_20_other_ratio_bs_128_9/last' (iter 10787, epoch 23)
[Save Checkpoint] epoch: [23.0], Train score:9.87167, Test score:9.80000, train loss:nan, test loss:nan, ratio_train_loss:nan,ratio_test_loss:nan, total_loss_train:nan,total_loss_test:nan, var distance inter class train:0.00000,var distance inter class test:0.00000
=> saved checkpoint 'checkpoints_CNN/CNN_mnist_custom_BK_2layer_bk1_20_other_ratio_bs_128_9/last' (iter 11256, epoch 24.0)
=> saved checkpoint 'checkpoint_scores_CNN/CNN_mnist_custom_BK_2layer_bk1_20_other_ratio_bs_128_9/last' (iter 11256, epoch 24)
[Save Checkpoint] epoch: [24.0], Train score:9.87167, Test score:9.80000, train loss:nan, test loss:nan, ratio_train_loss:nan,ratio_test_loss:nan, total_loss_train:nan,total_loss_test:nan, var distance inter class train:0.00000,var distance inter class test:0.00000
=> saved checkpoint 'checkpoints_CNN/CNN_mnist_custom_BK_2layer_bk1_20_other_ratio_bs_128_9/last' (iter 11725, epoch 25.0)
=> saved checkpoint 'checkpoint_scores_CNN/CNN_mnist_custom_BK_2layer_bk1_20_other_ratio_bs_128_9/last' (iter 11725, epoch 25)
[Save Checkpoint] epoch: [25.0], Train score:9.87167, Test score:9.80000, train loss:nan, test loss:nan, ratio_train_loss:nan,ratio_test_loss:nan, total_loss_train:nan,total_loss_test:nan, var distance inter class train:0.00000,var distance inter class test:0.00000
=> saved checkpoint 'checkpoints_CNN/CNN_mnist_custom_BK_2layer_bk1_20_other_ratio_bs_128_9/last' (iter 12194, epoch 26.0)
=> saved checkpoint 'checkpoint_scores_CNN/CNN_mnist_custom_BK_2layer_bk1_20_other_ratio_bs_128_9/last' (iter 12194, epoch 26)
[Save Checkpoint] epoch: [26.0], Train score:9.87167, Test score:9.80000, train loss:nan, test loss:nan, ratio_train_loss:nan,ratio_test_loss:nan, total_loss_train:nan,total_loss_test:nan, var distance inter class train:0.00000,var distance inter class test:0.00000
=> saved checkpoint 'checkpoints_CNN/CNN_mnist_custom_BK_2layer_bk1_20_other_ratio_bs_128_9/last' (iter 12663, epoch 27.0)
=> saved checkpoint 'checkpoint_scores_CNN/CNN_mnist_custom_BK_2layer_bk1_20_other_ratio_bs_128_9/last' (iter 12663, epoch 27)
[Save Checkpoint] epoch: [27.0], Train score:9.87167, Test score:9.80000, train loss:nan, test loss:nan, ratio_train_loss:nan,ratio_test_loss:nan, total_loss_train:nan,total_loss_test:nan, var distance inter class train:0.00000,var distance inter class test:0.00000
=> saved checkpoint 'checkpoints_CNN/CNN_mnist_custom_BK_2layer_bk1_20_other_ratio_bs_128_9/last' (iter 13132, epoch 28.0)
=> saved checkpoint 'checkpoint_scores_CNN/CNN_mnist_custom_BK_2layer_bk1_20_other_ratio_bs_128_9/last' (iter 13132, epoch 28)
[Save Checkpoint] epoch: [28.0], Train score:9.87167, Test score:9.80000, train loss:nan, test loss:nan, ratio_train_loss:nan,ratio_test_loss:nan, total_loss_train:nan,total_loss_test:nan, var distance inter class train:0.00000,var distance inter class test:0.00000
=> saved checkpoint 'checkpoints_CNN/CNN_mnist_custom_BK_2layer_bk1_20_other_ratio_bs_128_9/last' (iter 13601, epoch 29.0)
=> saved checkpoint 'checkpoint_scores_CNN/CNN_mnist_custom_BK_2layer_bk1_20_other_ratio_bs_128_9/last' (iter 13601, epoch 29)
[Save Checkpoint] epoch: [29.0], Train score:9.87167, Test score:9.80000, train loss:nan, test loss:nan, ratio_train_loss:nan,ratio_test_loss:nan, total_loss_train:nan,total_loss_test:nan, var distance inter class train:0.00000,var distance inter class test:0.00000
=> saved checkpoint 'checkpoints_CNN/CNN_mnist_custom_BK_2layer_bk1_20_other_ratio_bs_128_9/last' (iter 14070, epoch 30.0)
=> saved checkpoint 'checkpoint_scores_CNN/CNN_mnist_custom_BK_2layer_bk1_20_other_ratio_bs_128_9/last' (iter 14070, epoch 30)
[Save Checkpoint] epoch: [30.0], Train score:9.87167, Test score:9.80000, train loss:nan, test loss:nan, ratio_train_loss:nan,ratio_test_loss:nan, total_loss_train:nan,total_loss_test:nan, var distance inter class train:0.00000,var distance inter class test:0.00000
=> saved checkpoint 'checkpoints_CNN/CNN_mnist_custom_BK_2layer_bk1_20_other_ratio_bs_128_9/last' (iter 14539, epoch 31.0)
=> saved checkpoint 'checkpoint_scores_CNN/CNN_mnist_custom_BK_2layer_bk1_20_other_ratio_bs_128_9/last' (iter 14539, epoch 31)
[Save Checkpoint] epoch: [31.0], Train score:9.87167, Test score:9.80000, train loss:nan, test loss:nan, ratio_train_loss:nan,ratio_test_loss:nan, total_loss_train:nan,total_loss_test:nan, var distance inter class train:0.00000,var distance inter class test:0.00000
=> saved checkpoint 'checkpoints_CNN/CNN_mnist_custom_BK_2layer_bk1_20_other_ratio_bs_128_9/last' (iter 15008, epoch 32.0)
=> saved checkpoint 'checkpoint_scores_CNN/CNN_mnist_custom_BK_2layer_bk1_20_other_ratio_bs_128_9/last' (iter 15008, epoch 32)
[Save Checkpoint] epoch: [32.0], Train score:9.87167, Test score:9.80000, train loss:nan, test loss:nan, ratio_train_loss:nan,ratio_test_loss:nan, total_loss_train:nan,total_loss_test:nan, var distance inter class train:0.00000,var distance inter class test:0.00000
=> saved checkpoint 'checkpoints_CNN/CNN_mnist_custom_BK_2layer_bk1_20_other_ratio_bs_128_9/last' (iter 15477, epoch 33.0)
