313
--dataset mnist --model CNN --gpu_devices 0 1 --max_iter 50 --batch_size 256 --ckpt_dir checkpoints_CNN --ckpt_dir_scores checkpoint_scores_CNN --use_scheduler True --GMP True --lr 1e-3 --z_struct_size 20 --add_classification_layer True --classif_layer_size 30 --is_default_model False --is_custom_model False --is_custom_model_BK True --big_kernel_size 8 --two_conv_layer True --three_conv_layer False --BK_in_first_layer True --BK_in_second_layer False --BK_in_third_layer False --stride_size 1 --hidden_filters_layer1 32 --hidden_filters_layer2 32 --hidden_filters_layer3 32 --ratio_reg True --lambda_ratio_reg 0.01 --lambda_class 1 --other_ratio False --loss_min_distance_cl True --lambda_var_distance 1 --intra_class_variance_loss False --lambda_intra_class_var 1 --contrastive_loss False --lambda_contrastive_loss 1 --alpha 32 --loss Proxy_Anchor --optimizer adamw --mrg 0.1 --IPC False --warm 1 --sz_embedding 32 --dataset_balanced True --loss_distance_mean True --lambda_distance_mean 0.1 --exp_name mnist_classif_ratio_distance_intra_class_max_mean_2_3_2_balanced_dataset
Namespace(BK_in_first_layer=True, BK_in_second_layer=False, BK_in_third_layer=False, BN=False, C_max=25, C_stop_iter=100000.0, E1_AE=False, E1_VAE=False, E1_conv=False, E1_dense=False, E1_second_conv=False, E1_second_conv_adapt=False, GMP=True, IPC=False, L1_norm_act=False, L1_norm_weights=False, L3_without_random=False, LOG_DIR='logs', adapt_lr=False, add_classification_layer=True, add_linear_after_GMP=True, add_z_struct_bottleneck=False, alpha=32.0, batch_size=256, beta=1, beta1=0.9, beta2=0.999, big_kernel=False, big_kernel_size=[8], binary_z=False, ckpt_dir='checkpoints_CNN', ckpt_dir_scores='checkpoint_scores_CNN', classif_layer_size=30, contrastive_loss=False, cuda=True, dataset='mnist', dataset_balanced=True, display_step=10000, dset_dir='data', exp_name='mnist_classif_ratio_distance_intra_class_max_mean_2_3_2_balanced_dataset', gamma=1000, gpu_devices=[0, 1], hidden_filters_layer1=32, hidden_filters_layer2=32, hidden_filters_layer3=32, image_size=64, intra_class_variance_loss=False, is_C=True, is_E1=False, is_binary_structural_latent=False, is_custom_model=False, is_custom_model_BK=True, is_default_model=False, is_noise_stats=False, is_partial_rand_class=False, is_perturbed_score=False, is_zvar_sim_loss=False, just_train=False, kernel_size=4, lambda_Kl_struct=1, lambda_Kl_var=1, lambda_L1=0.01, lambda_VAE=1, lambda_class=1.0, lambda_contrastive_loss=1.0, lambda_distance_mean=0.1, lambda_intra_class_var=1.0, lambda_partial_class=1, lambda_ratio_reg=0.01, lambda_recon_wt_rand=1, lambda_recons=1, lambda_var_distance=1.0, lambda_zvar_sim=1, latent_spec_cont=None, latent_spec_cont_class=None, latent_spec_cont_var=None, latent_spec_disc=None, latent_spec_disc_class=None, latent_spec_disc_var=None, log_level='info', loss='Proxy_Anchor', loss_distance_mean=True, loss_min_distance_cl=True, lr=0.001, max_iter=50.0, model='CNN', mrg=0.1, num_workers=2, old_weighted=False, optimizer='adamw', other_ratio=False, random_percentage=0.2, ratio_reg=True, remark='', save_step=10000, second_layer_C=False, seed=1, stride_size=1, sz_embedding=32, three_conv_layer=False, train=True, two_conv_layer=True, two_encoder=False, use_early_stopping=True, use_scheduler=True, warm=1, without_acc=False, z_struct_size=20, zeros_W_Classif=False, zvar_sim_change_zvar=False, zvar_sim_loss_for_all_model=False, zvar_sim_loss_only_for_encoder=False, zvar_sim_normal=False, zvar_sim_var_rand=False)
CUDA Visible devices !
Balanced samples per class
Custom_CNN_BK(
  (net): Sequential(
    (0): Conv2d(1, 32, kernel_size=(8, 8), stride=(1, 1))
    (1): BatchNorm2d(32, eps=1e-05, momentum=0.1, affine=True, track_running_stats=True)
    (2): ReLU(inplace=True)
    (3): Conv2d(32, 32, kernel_size=(4, 4), stride=(1, 1))
    (4): BatchNorm2d(32, eps=1e-05, momentum=0.1, affine=True, track_running_stats=True)
    (5): ReLU(inplace=True)
    (6): AdaptiveMaxPool2d(output_size=(1, 1))
    (7): View()
    (8): Linear(in_features=32, out_features=20, bias=True)
    (9): BatchNorm1d(20, eps=1e-05, momentum=0.1, affine=True, track_running_stats=True)
    (10): ReLU(inplace=True)
    (11): Dropout(p=0.4, inplace=False)
    (12): Linear(in_features=20, out_features=30, bias=True)
    (13): BatchNorm1d(30, eps=1e-05, momentum=0.1, affine=True, track_running_stats=True)
    (14): ReLU(inplace=True)
    (15): Dropout(p=0.4, inplace=False)
    (16): Linear(in_features=30, out_features=10, bias=True)
    (17): Softmax(dim=None)
  )
)
The number of parameters of model is 20324
use 1 gpu who named: Tesla K40m
=> loaded sample_scores and losses
=> no checkpoint found at 'checkpoints_CNN/mnist_classif_ratio_distance_intra_class_max_mean_2_3_2_balanced_dataset/last'
=> saved checkpoint 'checkpoints_CNN/mnist_classif_ratio_distance_intra_class_max_mean_2_3_2_balanced_dataset/last' (iter 264, epoch 1.0)
=> saved checkpoint 'checkpoint_scores_CNN/mnist_classif_ratio_distance_intra_class_max_mean_2_3_2_balanced_dataset/last' (iter 264, epoch 1.0)
[Save Checkpoint] epoch: [1.0], Train score:93.42333, Test score:83.64000, train loss:-0.76501, test loss:-0.77445, ratio_train_loss:1.49899,ratio_test_loss:1.45096, total_loss_train:0.73398,total_loss_test:0.67650, var distance inter class train:0.00828,var distance inter class test:0.00855
=> saved checkpoint 'checkpoints_CNN/mnist_classif_ratio_distance_intra_class_max_mean_2_3_2_balanced_dataset/last' (iter 528, epoch 2.0)
=> saved checkpoint 'checkpoint_scores_CNN/mnist_classif_ratio_distance_intra_class_max_mean_2_3_2_balanced_dataset/last' (iter 528, epoch 2.0)
[Save Checkpoint] epoch: [2.0], Train score:96.57500, Test score:85.93000, train loss:-0.84976, test loss:-0.85304, ratio_train_loss:1.10520,ratio_test_loss:1.07566, total_loss_train:0.25544,total_loss_test:0.22261, var distance inter class train:0.00578,var distance inter class test:0.00625
=> saved checkpoint 'checkpoints_CNN/mnist_classif_ratio_distance_intra_class_max_mean_2_3_2_balanced_dataset/last' (iter 792, epoch 3.0)
=> saved checkpoint 'checkpoint_scores_CNN/mnist_classif_ratio_distance_intra_class_max_mean_2_3_2_balanced_dataset/last' (iter 792, epoch 3.0)
[Save Checkpoint] epoch: [3.0], Train score:106.91833, Test score:95.44000, train loss:-0.93361, test loss:-0.93783, ratio_train_loss:0.98715,ratio_test_loss:0.95954, total_loss_train:0.05354,total_loss_test:0.02171, var distance inter class train:0.00539,var distance inter class test:0.00570
=> saved checkpoint 'checkpoints_CNN/mnist_classif_ratio_distance_intra_class_max_mean_2_3_2_balanced_dataset/last' (iter 1056, epoch 4.0)
=> saved checkpoint 'checkpoint_scores_CNN/mnist_classif_ratio_distance_intra_class_max_mean_2_3_2_balanced_dataset/last' (iter 1056, epoch 4.0)
[Save Checkpoint] epoch: [4.0], Train score:108.51333, Test score:96.62000, train loss:-0.95950, test loss:-0.96122, ratio_train_loss:0.92618,ratio_test_loss:0.90102, total_loss_train:-0.03332,total_loss_test:-0.06019, var distance inter class train:0.00539,var distance inter class test:0.00561
=> saved checkpoint 'checkpoints_CNN/mnist_classif_ratio_distance_intra_class_max_mean_2_3_2_balanced_dataset/last' (iter 1320, epoch 5.0)
=> saved checkpoint 'checkpoint_scores_CNN/mnist_classif_ratio_distance_intra_class_max_mean_2_3_2_balanced_dataset/last' (iter 1320, epoch 5.0)
[Save Checkpoint] epoch: [5.0], Train score:108.89167, Test score:96.78000, train loss:-0.96514, test loss:-0.96556, ratio_train_loss:0.90797,ratio_test_loss:0.88853, total_loss_train:-0.05717,total_loss_test:-0.07704, var distance inter class train:0.00412,var distance inter class test:0.00438
=> saved checkpoint 'checkpoints_CNN/mnist_classif_ratio_distance_intra_class_max_mean_2_3_2_balanced_dataset/last' (iter 1584, epoch 6.0)
=> saved checkpoint 'checkpoint_scores_CNN/mnist_classif_ratio_distance_intra_class_max_mean_2_3_2_balanced_dataset/last' (iter 1584, epoch 6.0)
[Save Checkpoint] epoch: [6.0], Train score:109.33667, Test score:97.29000, train loss:-0.96990, test loss:-0.96990, ratio_train_loss:0.88798,ratio_test_loss:0.86972, total_loss_train:-0.08191,total_loss_test:-0.10018, var distance inter class train:0.00325,var distance inter class test:0.00350
=> saved checkpoint 'checkpoints_CNN/mnist_classif_ratio_distance_intra_class_max_mean_2_3_2_balanced_dataset/last' (iter 1848, epoch 7.0)
=> saved checkpoint 'checkpoint_scores_CNN/mnist_classif_ratio_distance_intra_class_max_mean_2_3_2_balanced_dataset/last' (iter 1848, epoch 7.0)
[Save Checkpoint] epoch: [7.0], Train score:109.33167, Test score:97.15000, train loss:-0.97069, test loss:-0.97023, ratio_train_loss:0.85508,ratio_test_loss:0.84167, total_loss_train:-0.11560,total_loss_test:-0.12855, var distance inter class train:0.00337,var distance inter class test:0.00337
=> saved checkpoint 'checkpoints_CNN/mnist_classif_ratio_distance_intra_class_max_mean_2_3_2_balanced_dataset/last' (iter 2112, epoch 8.0)
=> saved checkpoint 'checkpoint_scores_CNN/mnist_classif_ratio_distance_intra_class_max_mean_2_3_2_balanced_dataset/last' (iter 2112, epoch 8.0)
EarlyStopping counter: 1 out of 10
[Save Checkpoint] epoch: [8.0], Train score:109.48333, Test score:97.28000, train loss:-0.97246, test loss:-0.97189, ratio_train_loss:0.86875,ratio_test_loss:0.85028, total_loss_train:-0.10371,total_loss_test:-0.12161, var distance inter class train:0.00287,var distance inter class test:0.00302
=> saved checkpoint 'checkpoints_CNN/mnist_classif_ratio_distance_intra_class_max_mean_2_3_2_balanced_dataset/last' (iter 2376, epoch 9.0)
=> saved checkpoint 'checkpoint_scores_CNN/mnist_classif_ratio_distance_intra_class_max_mean_2_3_2_balanced_dataset/last' (iter 2376, epoch 9.0)
EarlyStopping counter: 2 out of 10
[Save Checkpoint] epoch: [9.0], Train score:109.69333, Test score:97.33000, train loss:-0.97456, test loss:-0.97311, ratio_train_loss:0.86418,ratio_test_loss:0.84986, total_loss_train:-0.11038,total_loss_test:-0.12325, var distance inter class train:0.00248,var distance inter class test:0.00256
=> saved checkpoint 'checkpoints_CNN/mnist_classif_ratio_distance_intra_class_max_mean_2_3_2_balanced_dataset/last' (iter 2640, epoch 10.0)
=> saved checkpoint 'checkpoint_scores_CNN/mnist_classif_ratio_distance_intra_class_max_mean_2_3_2_balanced_dataset/last' (iter 2640, epoch 10.0)
[Save Checkpoint] epoch: [10.0], Train score:109.75333, Test score:97.71000, train loss:-0.97551, test loss:-0.97547, ratio_train_loss:0.83332,ratio_test_loss:0.81747, total_loss_train:-0.14219,total_loss_test:-0.15800, var distance inter class train:0.00260,var distance inter class test:0.00279
=> saved checkpoint 'checkpoints_CNN/mnist_classif_ratio_distance_intra_class_max_mean_2_3_2_balanced_dataset/last' (iter 2904, epoch 11.0)
=> saved checkpoint 'checkpoint_scores_CNN/mnist_classif_ratio_distance_intra_class_max_mean_2_3_2_balanced_dataset/last' (iter 2904, epoch 11.0)
[Save Checkpoint] epoch: [11.0], Train score:109.98500, Test score:97.63000, train loss:-0.97724, test loss:-0.97520, ratio_train_loss:0.81259,ratio_test_loss:0.79708, total_loss_train:-0.16465,total_loss_test:-0.17812, var distance inter class train:0.00236,var distance inter class test:0.00246
=> saved checkpoint 'checkpoints_CNN/mnist_classif_ratio_distance_intra_class_max_mean_2_3_2_balanced_dataset/last' (iter 3168, epoch 12.0)
=> saved checkpoint 'checkpoint_scores_CNN/mnist_classif_ratio_distance_intra_class_max_mean_2_3_2_balanced_dataset/last' (iter 3168, epoch 12.0)
[Save Checkpoint] epoch: [12.0], Train score:109.89333, Test score:97.51000, train loss:-0.97665, test loss:-0.97533, ratio_train_loss:0.79419,ratio_test_loss:0.77530, total_loss_train:-0.18246,total_loss_test:-0.20003, var distance inter class train:0.00242,var distance inter class test:0.00247
=> saved checkpoint 'checkpoints_CNN/mnist_classif_ratio_distance_intra_class_max_mean_2_3_2_balanced_dataset/last' (iter 3432, epoch 13.0)
=> saved checkpoint 'checkpoint_scores_CNN/mnist_classif_ratio_distance_intra_class_max_mean_2_3_2_balanced_dataset/last' (iter 3432, epoch 13.0)
[Save Checkpoint] epoch: [13.0], Train score:110.00667, Test score:97.81000, train loss:-0.97787, test loss:-0.97703, ratio_train_loss:0.79462,ratio_test_loss:0.77579, total_loss_train:-0.18325,total_loss_test:-0.20124, var distance inter class train:0.00230,var distance inter class test:0.00243
=> saved checkpoint 'checkpoints_CNN/mnist_classif_ratio_distance_intra_class_max_mean_2_3_2_balanced_dataset/last' (iter 3696, epoch 14.0)
=> saved checkpoint 'checkpoint_scores_CNN/mnist_classif_ratio_distance_intra_class_max_mean_2_3_2_balanced_dataset/last' (iter 3696, epoch 14.0)
[Save Checkpoint] epoch: [14.0], Train score:109.43167, Test score:97.24000, train loss:-0.97246, test loss:-0.97114, ratio_train_loss:0.78582,ratio_test_loss:0.76462, total_loss_train:-0.18665,total_loss_test:-0.20652, var distance inter class train:0.00245,var distance inter class test:0.00257
=> saved checkpoint 'checkpoints_CNN/mnist_classif_ratio_distance_intra_class_max_mean_2_3_2_balanced_dataset/last' (iter 3960, epoch 15.0)
=> saved checkpoint 'checkpoint_scores_CNN/mnist_classif_ratio_distance_intra_class_max_mean_2_3_2_balanced_dataset/last' (iter 3960, epoch 15.0)
[Save Checkpoint] epoch: [15.0], Train score:109.69833, Test score:97.39000, train loss:-0.97481, test loss:-0.97339, ratio_train_loss:0.77080,ratio_test_loss:0.75247, total_loss_train:-0.20400,total_loss_test:-0.22092, var distance inter class train:0.00253,var distance inter class test:0.00262
=> saved checkpoint 'checkpoints_CNN/mnist_classif_ratio_distance_intra_class_max_mean_2_3_2_balanced_dataset/last' (iter 4224, epoch 16.0)
=> saved checkpoint 'checkpoint_scores_CNN/mnist_classif_ratio_distance_intra_class_max_mean_2_3_2_balanced_dataset/last' (iter 4224, epoch 16.0)
[Save Checkpoint] epoch: [16.0], Train score:110.26333, Test score:98.07000, train loss:-0.98052, test loss:-0.97999, ratio_train_loss:0.74398,ratio_test_loss:0.72929, total_loss_train:-0.23654,total_loss_test:-0.25071, var distance inter class train:0.00178,var distance inter class test:0.00181
=> saved checkpoint 'checkpoints_CNN/mnist_classif_ratio_distance_intra_class_max_mean_2_3_2_balanced_dataset/last' (iter 4488, epoch 17.0)
=> saved checkpoint 'checkpoint_scores_CNN/mnist_classif_ratio_distance_intra_class_max_mean_2_3_2_balanced_dataset/last' (iter 4488, epoch 17.0)
EarlyStopping counter: 1 out of 10
[Save Checkpoint] epoch: [17.0], Train score:110.00167, Test score:97.76000, train loss:-0.97803, test loss:-0.97758, ratio_train_loss:0.78364,ratio_test_loss:0.76509, total_loss_train:-0.19439,total_loss_test:-0.21249, var distance inter class train:0.00177,var distance inter class test:0.00182
=> saved checkpoint 'checkpoints_CNN/mnist_classif_ratio_distance_intra_class_max_mean_2_3_2_balanced_dataset/last' (iter 4752, epoch 18.0)
=> saved checkpoint 'checkpoint_scores_CNN/mnist_classif_ratio_distance_intra_class_max_mean_2_3_2_balanced_dataset/last' (iter 4752, epoch 18.0)
[Save Checkpoint] epoch: [18.0], Train score:110.06333, Test score:97.78000, train loss:-0.97897, test loss:-0.97746, ratio_train_loss:0.73985,ratio_test_loss:0.72353, total_loss_train:-0.23912,total_loss_test:-0.25393, var distance inter class train:0.00184,var distance inter class test:0.00191
=> saved checkpoint 'checkpoints_CNN/mnist_classif_ratio_distance_intra_class_max_mean_2_3_2_balanced_dataset/last' (iter 5016, epoch 19.0)
=> saved checkpoint 'checkpoint_scores_CNN/mnist_classif_ratio_distance_intra_class_max_mean_2_3_2_balanced_dataset/last' (iter 5016, epoch 19.0)
EarlyStopping counter: 1 out of 10
[Save Checkpoint] epoch: [19.0], Train score:108.51000, Test score:96.47000, train loss:-0.96428, test loss:-0.96427, ratio_train_loss:0.77844,ratio_test_loss:0.76583, total_loss_train:-0.18584,total_loss_test:-0.19844, var distance inter class train:0.00167,var distance inter class test:0.00166
=> saved checkpoint 'checkpoints_CNN/mnist_classif_ratio_distance_intra_class_max_mean_2_3_2_balanced_dataset/last' (iter 5280, epoch 20.0)
