149
--dataset mnist --model CNN --gpu_devices 0 1 --max_iter 50 --batch_size 256 --ckpt_dir checkpoints_CNN --ckpt_dir_scores checkpoint_scores_CNN --use_scheduler True --GMP True --lr 1e-3 --z_struct_size 20 --add_classification_layer True --classif_layer_size 30 --is_default_model False --is_custom_model False --is_custom_model_BK True --big_kernel_size 8 --two_conv_layer True --three_conv_layer False --BK_in_first_layer True --BK_in_second_layer False --BK_in_third_layer False --stride_size 1 --hidden_filters_layer1 32 --hidden_filters_layer2 32 --hidden_filters_layer3 32 --ratio_reg True --lambda_ratio_reg 0.01 --lambda_class 1 --other_ratio False --loss_min_distance_cl True --lambda_var_distance 0.001 --intra_class_variance_loss False --lambda_intra_class_var 1 --contrastive_loss False --lambda_contrastive_loss 1 --alpha 32 --loss Proxy_Anchor --optimizer adamw --mrg 0.1 --IPC False --warm 1 --sz_embedding 32 --dataset_balanced False --loss_distance_mean True --lambda_distance_mean 0.1 --exp_name mnist_classif_ratio_distance_intra_class_max_mean_2_3_5
Namespace(BK_in_first_layer=True, BK_in_second_layer=False, BK_in_third_layer=False, BN=False, C_max=25, C_stop_iter=100000.0, E1_AE=False, E1_VAE=False, E1_conv=False, E1_dense=False, E1_second_conv=False, E1_second_conv_adapt=False, GMP=True, IPC=False, L1_norm_act=False, L1_norm_weights=False, L3_without_random=False, LOG_DIR='logs', adapt_lr=False, add_classification_layer=True, add_linear_after_GMP=True, add_z_struct_bottleneck=False, alpha=32.0, batch_size=256, beta=1, beta1=0.9, beta2=0.999, big_kernel=False, big_kernel_size=[8], binary_z=False, ckpt_dir='checkpoints_CNN', ckpt_dir_scores='checkpoint_scores_CNN', classif_layer_size=30, contrastive_loss=False, cuda=True, dataset='mnist', dataset_balanced=False, display_step=10000, dset_dir='data', exp_name='mnist_classif_ratio_distance_intra_class_max_mean_2_3_5', gamma=1000, gpu_devices=[0, 1], hidden_filters_layer1=32, hidden_filters_layer2=32, hidden_filters_layer3=32, image_size=64, intra_class_variance_loss=False, is_C=True, is_E1=False, is_binary_structural_latent=False, is_custom_model=False, is_custom_model_BK=True, is_default_model=False, is_noise_stats=False, is_partial_rand_class=False, is_perturbed_score=False, is_zvar_sim_loss=False, just_train=False, kernel_size=4, lambda_Kl_struct=1, lambda_Kl_var=1, lambda_L1=0.01, lambda_VAE=1, lambda_class=1.0, lambda_contrastive_loss=1.0, lambda_distance_mean=0.1, lambda_intra_class_var=1.0, lambda_partial_class=1, lambda_ratio_reg=0.01, lambda_recon_wt_rand=1, lambda_recons=1, lambda_var_distance=0.001, lambda_zvar_sim=1, latent_spec_cont=None, latent_spec_cont_class=None, latent_spec_cont_var=None, latent_spec_disc=None, latent_spec_disc_class=None, latent_spec_disc_var=None, log_level='info', loss='Proxy_Anchor', loss_distance_mean=True, loss_min_distance_cl=True, lr=0.001, max_iter=50.0, model='CNN', mrg=0.1, num_workers=2, old_weighted=False, optimizer='adamw', other_ratio=False, random_percentage=0.2, ratio_reg=True, remark='', save_step=10000, second_layer_C=False, seed=1, stride_size=1, sz_embedding=32, three_conv_layer=False, train=True, two_conv_layer=True, two_encoder=False, use_early_stopping=True, use_scheduler=True, warm=1, without_acc=False, z_struct_size=20, zeros_W_Classif=False, zvar_sim_change_zvar=False, zvar_sim_loss_for_all_model=False, zvar_sim_loss_only_for_encoder=False, zvar_sim_normal=False, zvar_sim_var_rand=False)
CUDA Visible devices !
Custom_CNN_BK(
  (net): Sequential(
    (0): Conv2d(1, 32, kernel_size=(8, 8), stride=(1, 1))
    (1): BatchNorm2d(32, eps=1e-05, momentum=0.1, affine=True, track_running_stats=True)
    (2): ReLU(inplace=True)
    (3): Conv2d(32, 32, kernel_size=(4, 4), stride=(1, 1))
    (4): BatchNorm2d(32, eps=1e-05, momentum=0.1, affine=True, track_running_stats=True)
    (5): ReLU(inplace=True)
    (6): AdaptiveMaxPool2d(output_size=(1, 1))
    (7): View()
    (8): Linear(in_features=32, out_features=20, bias=True)
    (9): BatchNorm1d(20, eps=1e-05, momentum=0.1, affine=True, track_running_stats=True)
    (10): ReLU(inplace=True)
    (11): Dropout(p=0.4, inplace=False)
    (12): Linear(in_features=20, out_features=30, bias=True)
    (13): BatchNorm1d(30, eps=1e-05, momentum=0.1, affine=True, track_running_stats=True)
    (14): ReLU(inplace=True)
    (15): Dropout(p=0.4, inplace=False)
    (16): Linear(in_features=30, out_features=10, bias=True)
    (17): Softmax(dim=None)
  )
)
The number of parameters of model is 20324
use 1 gpu who named: Tesla K80
=> loaded sample_scores and losses
=> no checkpoint found at 'checkpoints_CNN/mnist_classif_ratio_distance_intra_class_max_mean_2_3_5/last'
=> saved checkpoint 'checkpoints_CNN/mnist_classif_ratio_distance_intra_class_max_mean_2_3_5/last' (iter 235, epoch 1.0)
=> saved checkpoint 'checkpoint_scores_CNN/mnist_classif_ratio_distance_intra_class_max_mean_2_3_5/last' (iter 235, epoch 1.0)
[Save Checkpoint] epoch: [1.0], Train score:72.24833, Test score:72.57000, train loss:-0.64862, test loss:-0.65179, ratio_train_loss:0.77093,ratio_test_loss:0.72369, total_loss_train:0.12231,total_loss_test:0.07191, var distance inter class train:15.48589,var distance inter class test:15.65758
=> saved checkpoint 'checkpoints_CNN/mnist_classif_ratio_distance_intra_class_max_mean_2_3_5/last' (iter 470, epoch 2.0)
=> saved checkpoint 'checkpoint_scores_CNN/mnist_classif_ratio_distance_intra_class_max_mean_2_3_5/last' (iter 470, epoch 2.0)
EarlyStopping counter: 1 out of 10
[Save Checkpoint] epoch: [2.0], Train score:82.42167, Test score:82.85000, train loss:-0.79741, test loss:-0.80523, ratio_train_loss:1.03329,ratio_test_loss:0.97101, total_loss_train:0.23588,total_loss_test:0.16578, var distance inter class train:7.98404,var distance inter class test:8.06212
=> saved checkpoint 'checkpoints_CNN/mnist_classif_ratio_distance_intra_class_max_mean_2_3_5/last' (iter 705, epoch 3.0)
=> saved checkpoint 'checkpoint_scores_CNN/mnist_classif_ratio_distance_intra_class_max_mean_2_3_5/last' (iter 705, epoch 3.0)
EarlyStopping counter: 2 out of 10
[Save Checkpoint] epoch: [3.0], Train score:75.05833, Test score:75.44000, train loss:-0.73161, test loss:-0.73586, ratio_train_loss:2.43429,ratio_test_loss:2.28977, total_loss_train:1.70268,total_loss_test:1.55390, var distance inter class train:2.48451,var distance inter class test:2.56866
Ratio: In this batch for class 4, they are less images than 10. Don't use it to compute ratio!!!!
Variance: In this batch for class 4, they are less images than 10. Don't use it to compute ratio!!!!
=> saved checkpoint 'checkpoints_CNN/mnist_classif_ratio_distance_intra_class_max_mean_2_3_5/last' (iter 940, epoch 4.0)
=> saved checkpoint 'checkpoint_scores_CNN/mnist_classif_ratio_distance_intra_class_max_mean_2_3_5/last' (iter 940, epoch 4.0)
EarlyStopping counter: 3 out of 10
[Save Checkpoint] epoch: [4.0], Train score:84.89833, Test score:85.35000, train loss:-0.82267, test loss:-0.82852, ratio_train_loss:1.90564,ratio_test_loss:1.78900, total_loss_train:1.08297,total_loss_test:0.96048, var distance inter class train:2.66283,var distance inter class test:2.73045
=> saved checkpoint 'checkpoints_CNN/mnist_classif_ratio_distance_intra_class_max_mean_2_3_5/last' (iter 1175, epoch 5.0)
=> saved checkpoint 'checkpoint_scores_CNN/mnist_classif_ratio_distance_intra_class_max_mean_2_3_5/last' (iter 1175, epoch 5.0)
EarlyStopping counter: 4 out of 10
[Save Checkpoint] epoch: [5.0], Train score:89.44667, Test score:89.92000, train loss:-0.87892, test loss:-0.88623, ratio_train_loss:1.67808,ratio_test_loss:1.57647, total_loss_train:0.79915,total_loss_test:0.69024, var distance inter class train:2.74975,var distance inter class test:2.80996
=> saved checkpoint 'checkpoints_CNN/mnist_classif_ratio_distance_intra_class_max_mean_2_3_5/last' (iter 1410, epoch 6.0)
=> saved checkpoint 'checkpoint_scores_CNN/mnist_classif_ratio_distance_intra_class_max_mean_2_3_5/last' (iter 1410, epoch 6.0)
EarlyStopping counter: 5 out of 10
[Save Checkpoint] epoch: [6.0], Train score:90.94667, Test score:91.61000, train loss:-0.90100, test loss:-0.90910, ratio_train_loss:1.52450,ratio_test_loss:1.43214, total_loss_train:0.62350,total_loss_test:0.52304, var distance inter class train:2.70653,var distance inter class test:2.75587
=> saved checkpoint 'checkpoints_CNN/mnist_classif_ratio_distance_intra_class_max_mean_2_3_5/last' (iter 1645, epoch 7.0)
=> saved checkpoint 'checkpoint_scores_CNN/mnist_classif_ratio_distance_intra_class_max_mean_2_3_5/last' (iter 1645, epoch 7.0)
EarlyStopping counter: 6 out of 10
[Save Checkpoint] epoch: [7.0], Train score:91.89333, Test score:92.78000, train loss:-0.91317, test loss:-0.92133, ratio_train_loss:1.41646,ratio_test_loss:1.33079, total_loss_train:0.50329,total_loss_test:0.40946, var distance inter class train:2.67521,var distance inter class test:2.72790
=> saved checkpoint 'checkpoints_CNN/mnist_classif_ratio_distance_intra_class_max_mean_2_3_5/last' (iter 1880, epoch 8.0)
=> saved checkpoint 'checkpoint_scores_CNN/mnist_classif_ratio_distance_intra_class_max_mean_2_3_5/last' (iter 1880, epoch 8.0)
EarlyStopping counter: 7 out of 10
[Save Checkpoint] epoch: [8.0], Train score:92.63333, Test score:93.21000, train loss:-0.92148, test loss:-0.92757, ratio_train_loss:1.34208,ratio_test_loss:1.26143, total_loss_train:0.42060,total_loss_test:0.33386, var distance inter class train:2.68268,var distance inter class test:2.73712
=> saved checkpoint 'checkpoints_CNN/mnist_classif_ratio_distance_intra_class_max_mean_2_3_5/last' (iter 2115, epoch 9.0)
=> saved checkpoint 'checkpoint_scores_CNN/mnist_classif_ratio_distance_intra_class_max_mean_2_3_5/last' (iter 2115, epoch 9.0)
EarlyStopping counter: 8 out of 10
[Save Checkpoint] epoch: [9.0], Train score:93.33167, Test score:93.78000, train loss:-0.92967, test loss:-0.93595, ratio_train_loss:1.26732,ratio_test_loss:1.19225, total_loss_train:0.33765,total_loss_test:0.25629, var distance inter class train:2.61033,var distance inter class test:2.66478
=> saved checkpoint 'checkpoints_CNN/mnist_classif_ratio_distance_intra_class_max_mean_2_3_5/last' (iter 2350, epoch 10.0)
=> saved checkpoint 'checkpoint_scores_CNN/mnist_classif_ratio_distance_intra_class_max_mean_2_3_5/last' (iter 2350, epoch 10.0)
EarlyStopping counter: 9 out of 10
[Save Checkpoint] epoch: [10.0], Train score:93.89833, Test score:94.23000, train loss:-0.93608, test loss:-0.94084, ratio_train_loss:1.20509,ratio_test_loss:1.13412, total_loss_train:0.26901,total_loss_test:0.19328, var distance inter class train:2.66548,var distance inter class test:2.72342
=> saved checkpoint 'checkpoints_CNN/mnist_classif_ratio_distance_intra_class_max_mean_2_3_5/last' (iter 2585, epoch 11.0)
=> saved checkpoint 'checkpoint_scores_CNN/mnist_classif_ratio_distance_intra_class_max_mean_2_3_5/last' (iter 2585, epoch 11.0)
EarlyStopping counter: 10 out of 10
[Save Checkpoint] epoch: [11.0], Train score:94.37333, Test score:94.76000, train loss:-0.94101, test loss:-0.94609, ratio_train_loss:1.15185,ratio_test_loss:1.08246, total_loss_train:0.21084,total_loss_test:0.13637, var distance inter class train:2.55119,var distance inter class test:2.60027
Early stopping
[Training Finished]
All Done!
