44
--dataset mnist --model CNN --gpu_devices 0 1 --max_iter 50 --batch_size 128 --ckpt_dir checkpoints_CNN --ckpt_dir_scores checkpoint_scores_CNN --use_scheduler True --GMP True --lr 1e-3 --z_struct_size 20 --add_classification_layer True --classif_layer_size 30 --is_default_model False --is_custom_model False --is_custom_model_BK True --big_kernel_size 8 --two_conv_layer True --three_conv_layer False --BK_in_first_layer True --BK_in_second_layer False --BK_in_third_layer False --stride_size 1 --hidden_filters_layer1 32 --hidden_filters_layer2 32 --hidden_filters_layer3 32 --ratio_reg False --lambda_ratio_reg 1 --lambda_class 1 --other_ratio False --loss_min_distance_cl False --lambda_var_distance 1 --intra_class_variance_loss True --lambda_intra_class_var 0.00001 --contrastive_loss False --lambda_contrastive_loss 1 --alpha 32 --loss Proxy_Anchor --optimizer adamw --mrg 0.1 --IPC False --warm 1 --sz_embedding 32 --dataset_balanced True --exp_name mnist_classif_var_intra_dataset_balanced_7
Namespace(BK_in_first_layer=True, BK_in_second_layer=False, BK_in_third_layer=False, BN=False, C_max=25, C_stop_iter=100000.0, E1_AE=False, E1_VAE=False, E1_conv=False, E1_dense=False, E1_second_conv=False, E1_second_conv_adapt=False, GMP=True, IPC=False, L1_norm_act=False, L1_norm_weights=False, L3_without_random=False, LOG_DIR='logs', adapt_lr=False, add_classification_layer=True, add_linear_after_GMP=True, add_z_struct_bottleneck=False, alpha=32.0, batch_size=128, beta=1, beta1=0.9, beta2=0.999, big_kernel=False, big_kernel_size=[8], binary_z=False, ckpt_dir='checkpoints_CNN', ckpt_dir_scores='checkpoint_scores_CNN', classif_layer_size=30, contrastive_loss=False, cuda=True, dataset='mnist', dataset_balanced=True, display_step=10000, dset_dir='data', exp_name='mnist_classif_var_intra_dataset_balanced_7', gamma=1000, gpu_devices=[0, 1], hidden_filters_layer1=32, hidden_filters_layer2=32, hidden_filters_layer3=32, image_size=64, intra_class_variance_loss=True, is_C=True, is_E1=False, is_binary_structural_latent=False, is_custom_model=False, is_custom_model_BK=True, is_default_model=False, is_noise_stats=False, is_partial_rand_class=False, is_perturbed_score=False, is_zvar_sim_loss=False, just_train=False, kernel_size=4, lambda_Kl_struct=1, lambda_Kl_var=1, lambda_L1=0.01, lambda_VAE=1, lambda_class=1.0, lambda_contrastive_loss=1.0, lambda_intra_class_var=1e-05, lambda_partial_class=1, lambda_ratio_reg=1.0, lambda_recon_wt_rand=1, lambda_recons=1, lambda_var_distance=1.0, lambda_zvar_sim=1, latent_spec_cont=None, latent_spec_cont_class=None, latent_spec_cont_var=None, latent_spec_disc=None, latent_spec_disc_class=None, latent_spec_disc_var=None, log_level='info', loss='Proxy_Anchor', loss_min_distance_cl=False, lr=0.001, max_iter=50.0, model='CNN', mrg=0.1, num_workers=2, old_weighted=False, optimizer='adamw', other_ratio=False, random_percentage=0.2, ratio_reg=False, remark='', save_step=10000, second_layer_C=False, seed=1, stride_size=1, sz_embedding=32, three_conv_layer=False, train=True, two_conv_layer=True, two_encoder=False, use_early_stopping=True, use_scheduler=True, warm=1, without_acc=False, z_struct_size=20, zeros_W_Classif=False, zvar_sim_change_zvar=False, zvar_sim_loss_for_all_model=False, zvar_sim_loss_only_for_encoder=False, zvar_sim_normal=False, zvar_sim_var_rand=False)
CUDA Visible devices !
Balanced samples per class
Custom_CNN_BK(
  (net): Sequential(
    (0): Conv2d(1, 32, kernel_size=(8, 8), stride=(1, 1))
    (1): BatchNorm2d(32, eps=1e-05, momentum=0.1, affine=True, track_running_stats=True)
    (2): ReLU(inplace=True)
    (3): Conv2d(32, 32, kernel_size=(4, 4), stride=(1, 1))
    (4): BatchNorm2d(32, eps=1e-05, momentum=0.1, affine=True, track_running_stats=True)
    (5): ReLU(inplace=True)
    (6): AdaptiveMaxPool2d(output_size=(1, 1))
    (7): View()
    (8): Linear(in_features=32, out_features=20, bias=True)
    (9): BatchNorm1d(20, eps=1e-05, momentum=0.1, affine=True, track_running_stats=True)
    (10): ReLU(inplace=True)
    (11): Dropout(p=0.4, inplace=False)
    (12): Linear(in_features=20, out_features=30, bias=True)
    (13): BatchNorm1d(30, eps=1e-05, momentum=0.1, affine=True, track_running_stats=True)
    (14): ReLU(inplace=True)
    (15): Dropout(p=0.4, inplace=False)
    (16): Linear(in_features=30, out_features=10, bias=True)
    (17): Softmax(dim=None)
  )
)
The number of parameters of model is 20324
use 1 gpu who named: Tesla K80
=> loaded sample_scores and losses
=> no checkpoint found at 'checkpoints_CNN/mnist_classif_var_intra_dataset_balanced_7/last'
=> saved checkpoint 'checkpoints_CNN/mnist_classif_var_intra_dataset_balanced_7/last' (iter 500, epoch 1.0)
=> saved checkpoint 'checkpoint_scores_CNN/mnist_classif_var_intra_dataset_balanced_7/last' (iter 500, epoch 1.0)
[Save Checkpoint] epoch: [1.0], Train score:74.51833, Test score:15.28333, train loss:-0.70915, test loss:-0.17032, ratio_train_loss:0.00000,ratio_test_loss:0.00000, total_loss_train:-0.70915,total_loss_test:-0.17032, var distance inter class train:0.00000,var distance inter class test:0.00000
=> saved checkpoint 'checkpoints_CNN/mnist_classif_var_intra_dataset_balanced_7/last' (iter 1000, epoch 2.0)
=> saved checkpoint 'checkpoint_scores_CNN/mnist_classif_var_intra_dataset_balanced_7/last' (iter 1000, epoch 2.0)
[Save Checkpoint] epoch: [2.0], Train score:88.58500, Test score:25.30000, train loss:-0.87541, test loss:-0.23914, ratio_train_loss:0.00000,ratio_test_loss:0.00000, total_loss_train:-0.87541,total_loss_test:-0.23914, var distance inter class train:0.00000,var distance inter class test:0.00000
=> saved checkpoint 'checkpoints_CNN/mnist_classif_var_intra_dataset_balanced_7/last' (iter 1500, epoch 3.0)
=> saved checkpoint 'checkpoint_scores_CNN/mnist_classif_var_intra_dataset_balanced_7/last' (iter 1500, epoch 3.0)
EarlyStopping counter: 1 out of 10
[Save Checkpoint] epoch: [3.0], Train score:96.43500, Test score:20.33333, train loss:-0.95838, test loss:-0.21597, ratio_train_loss:0.00000,ratio_test_loss:0.00000, total_loss_train:-0.95838,total_loss_test:-0.21597, var distance inter class train:0.00000,var distance inter class test:0.00000
=> saved checkpoint 'checkpoints_CNN/mnist_classif_var_intra_dataset_balanced_7/last' (iter 2000, epoch 4.0)
=> saved checkpoint 'checkpoint_scores_CNN/mnist_classif_var_intra_dataset_balanced_7/last' (iter 2000, epoch 4.0)
[Save Checkpoint] epoch: [4.0], Train score:97.32333, Test score:27.56667, train loss:-0.96972, test loss:-0.26992, ratio_train_loss:0.00000,ratio_test_loss:0.00000, total_loss_train:-0.96972,total_loss_test:-0.26992, var distance inter class train:0.00000,var distance inter class test:0.00000
=> saved checkpoint 'checkpoints_CNN/mnist_classif_var_intra_dataset_balanced_7/last' (iter 2500, epoch 5.0)
=> saved checkpoint 'checkpoint_scores_CNN/mnist_classif_var_intra_dataset_balanced_7/last' (iter 2500, epoch 5.0)
[Save Checkpoint] epoch: [5.0], Train score:97.40667, Test score:38.96667, train loss:-0.97237, test loss:-0.38644, ratio_train_loss:0.00000,ratio_test_loss:0.00000, total_loss_train:-0.97237,total_loss_test:-0.38644, var distance inter class train:0.00000,var distance inter class test:0.00000
=> saved checkpoint 'checkpoints_CNN/mnist_classif_var_intra_dataset_balanced_7/last' (iter 3000, epoch 6.0)
=> saved checkpoint 'checkpoint_scores_CNN/mnist_classif_var_intra_dataset_balanced_7/last' (iter 3000, epoch 6.0)
EarlyStopping counter: 1 out of 10
[Save Checkpoint] epoch: [6.0], Train score:97.60333, Test score:39.20000, train loss:-0.97377, test loss:-0.38499, ratio_train_loss:0.00000,ratio_test_loss:0.00000, total_loss_train:-0.97377,total_loss_test:-0.38499, var distance inter class train:0.00000,var distance inter class test:0.00000
=> saved checkpoint 'checkpoints_CNN/mnist_classif_var_intra_dataset_balanced_7/last' (iter 3500, epoch 7.0)
=> saved checkpoint 'checkpoint_scores_CNN/mnist_classif_var_intra_dataset_balanced_7/last' (iter 3500, epoch 7.0)
EarlyStopping counter: 2 out of 10
[Save Checkpoint] epoch: [7.0], Train score:97.46667, Test score:35.43333, train loss:-0.97336, test loss:-0.34377, ratio_train_loss:0.00000,ratio_test_loss:0.00000, total_loss_train:-0.97336,total_loss_test:-0.34377, var distance inter class train:0.00000,var distance inter class test:0.00000
=> saved checkpoint 'checkpoints_CNN/mnist_classif_var_intra_dataset_balanced_7/last' (iter 4000, epoch 8.0)
=> saved checkpoint 'checkpoint_scores_CNN/mnist_classif_var_intra_dataset_balanced_7/last' (iter 4000, epoch 8.0)
EarlyStopping counter: 3 out of 10
[Save Checkpoint] epoch: [8.0], Train score:97.73500, Test score:29.80000, train loss:-0.97630, test loss:-0.29600, ratio_train_loss:0.00000,ratio_test_loss:0.00000, total_loss_train:-0.97630,total_loss_test:-0.29600, var distance inter class train:0.00000,var distance inter class test:0.00000
=> saved checkpoint 'checkpoints_CNN/mnist_classif_var_intra_dataset_balanced_7/last' (iter 4500, epoch 9.0)
=> saved checkpoint 'checkpoint_scores_CNN/mnist_classif_var_intra_dataset_balanced_7/last' (iter 4500, epoch 9.0)
EarlyStopping counter: 4 out of 10
[Save Checkpoint] epoch: [9.0], Train score:97.83667, Test score:35.10000, train loss:-0.97722, test loss:-0.34462, ratio_train_loss:0.00000,ratio_test_loss:0.00000, total_loss_train:-0.97722,total_loss_test:-0.34462, var distance inter class train:0.00000,var distance inter class test:0.00000
=> saved checkpoint 'checkpoints_CNN/mnist_classif_var_intra_dataset_balanced_7/last' (iter 5000, epoch 10.0)
=> saved checkpoint 'checkpoint_scores_CNN/mnist_classif_var_intra_dataset_balanced_7/last' (iter 5000, epoch 10.0)
EarlyStopping counter: 5 out of 10
[Save Checkpoint] epoch: [10.0], Train score:97.85167, Test score:29.08333, train loss:-0.97821, test loss:-0.29037, ratio_train_loss:0.00000,ratio_test_loss:0.00000, total_loss_train:-0.97821,total_loss_test:-0.29037, var distance inter class train:0.00000,var distance inter class test:0.00000
=> saved checkpoint 'checkpoints_CNN/mnist_classif_var_intra_dataset_balanced_7/last' (iter 5500, epoch 11.0)
=> saved checkpoint 'checkpoint_scores_CNN/mnist_classif_var_intra_dataset_balanced_7/last' (iter 5500, epoch 11.0)
EarlyStopping counter: 6 out of 10
[Save Checkpoint] epoch: [11.0], Train score:97.94333, Test score:28.48333, train loss:-0.97840, test loss:-0.27967, ratio_train_loss:0.00000,ratio_test_loss:0.00000, total_loss_train:-0.97840,total_loss_test:-0.27967, var distance inter class train:0.00000,var distance inter class test:0.00000
=> saved checkpoint 'checkpoints_CNN/mnist_classif_var_intra_dataset_balanced_7/last' (iter 6000, epoch 12.0)
=> saved checkpoint 'checkpoint_scores_CNN/mnist_classif_var_intra_dataset_balanced_7/last' (iter 6000, epoch 12.0)
EarlyStopping counter: 7 out of 10
[Save Checkpoint] epoch: [12.0], Train score:98.17000, Test score:28.63333, train loss:-0.98086, test loss:-0.28356, ratio_train_loss:0.00000,ratio_test_loss:0.00000, total_loss_train:-0.98086,total_loss_test:-0.28356, var distance inter class train:0.00000,var distance inter class test:0.00000
=> saved checkpoint 'checkpoints_CNN/mnist_classif_var_intra_dataset_balanced_7/last' (iter 6500, epoch 13.0)
=> saved checkpoint 'checkpoint_scores_CNN/mnist_classif_var_intra_dataset_balanced_7/last' (iter 6500, epoch 13.0)
EarlyStopping counter: 8 out of 10
[Save Checkpoint] epoch: [13.0], Train score:98.09000, Test score:31.35000, train loss:-0.98028, test loss:-0.31084, ratio_train_loss:0.00000,ratio_test_loss:0.00000, total_loss_train:-0.98028,total_loss_test:-0.31084, var distance inter class train:0.00000,var distance inter class test:0.00000
=> saved checkpoint 'checkpoints_CNN/mnist_classif_var_intra_dataset_balanced_7/last' (iter 7000, epoch 14.0)
=> saved checkpoint 'checkpoint_scores_CNN/mnist_classif_var_intra_dataset_balanced_7/last' (iter 7000, epoch 14.0)
EarlyStopping counter: 9 out of 10
[Save Checkpoint] epoch: [14.0], Train score:97.94000, Test score:23.18333, train loss:-0.97887, test loss:-0.23347, ratio_train_loss:0.00000,ratio_test_loss:0.00000, total_loss_train:-0.97887,total_loss_test:-0.23347, var distance inter class train:0.00000,var distance inter class test:0.00000
=> saved checkpoint 'checkpoints_CNN/mnist_classif_var_intra_dataset_balanced_7/last' (iter 7500, epoch 15.0)
=> saved checkpoint 'checkpoint_scores_CNN/mnist_classif_var_intra_dataset_balanced_7/last' (iter 7500, epoch 15.0)
EarlyStopping counter: 10 out of 10
[Save Checkpoint] epoch: [15.0], Train score:98.18833, Test score:23.65000, train loss:-0.98123, test loss:-0.23586, ratio_train_loss:0.00000,ratio_test_loss:0.00000, total_loss_train:-0.98123,total_loss_test:-0.23586, var distance inter class train:0.00000,var distance inter class test:0.00000
Early stopping
[Training Finished]
All Done!
