208
--dataset mnist --model CNN --gpu_devices 0 1 --max_iter 50 --batch_size 256 --ckpt_dir checkpoints_CNN --ckpt_dir_scores checkpoint_scores_CNN --use_scheduler True --GMP True --lr 1e-3 --z_struct_size 20 --add_classification_layer True --classif_layer_size 30 --is_default_model False --is_custom_model False --is_custom_model_BK True --big_kernel_size 8 --two_conv_layer True --three_conv_layer False --BK_in_first_layer True --BK_in_second_layer False --BK_in_third_layer False --stride_size 1 --hidden_filters_layer1 32 --hidden_filters_layer2 32 --hidden_filters_layer3 32 --ratio_reg False --lambda_ratio_reg 1 --lambda_class 1 --other_ratio False --loss_min_distance_cl True --lambda_var_distance 0.001 --intra_class_variance_loss False --lambda_intra_class_var 1 --contrastive_loss False --lambda_contrastive_loss 1 --alpha 32 --loss Proxy_Anchor --optimizer adamw --mrg 0.1 --IPC False --warm 1 --sz_embedding 32 --dataset_balanced True --loss_distance_mean True --lambda_distance_mean 0.01 --exp_name mnist_classif_distance_intra_class_max_mean_4_5_balanced_dataset
Namespace(BK_in_first_layer=True, BK_in_second_layer=False, BK_in_third_layer=False, BN=False, C_max=25, C_stop_iter=100000.0, E1_AE=False, E1_VAE=False, E1_conv=False, E1_dense=False, E1_second_conv=False, E1_second_conv_adapt=False, GMP=True, IPC=False, L1_norm_act=False, L1_norm_weights=False, L3_without_random=False, LOG_DIR='logs', adapt_lr=False, add_classification_layer=True, add_linear_after_GMP=True, add_z_struct_bottleneck=False, alpha=32.0, batch_size=256, beta=1, beta1=0.9, beta2=0.999, big_kernel=False, big_kernel_size=[8], binary_z=False, ckpt_dir='checkpoints_CNN', ckpt_dir_scores='checkpoint_scores_CNN', classif_layer_size=30, contrastive_loss=False, cuda=True, dataset='mnist', dataset_balanced=True, display_step=10000, dset_dir='data', exp_name='mnist_classif_distance_intra_class_max_mean_4_5_balanced_dataset', gamma=1000, gpu_devices=[0, 1], hidden_filters_layer1=32, hidden_filters_layer2=32, hidden_filters_layer3=32, image_size=64, intra_class_variance_loss=False, is_C=True, is_E1=False, is_binary_structural_latent=False, is_custom_model=False, is_custom_model_BK=True, is_default_model=False, is_noise_stats=False, is_partial_rand_class=False, is_perturbed_score=False, is_zvar_sim_loss=False, just_train=False, kernel_size=4, lambda_Kl_struct=1, lambda_Kl_var=1, lambda_L1=0.01, lambda_VAE=1, lambda_class=1.0, lambda_contrastive_loss=1.0, lambda_distance_mean=0.01, lambda_intra_class_var=1.0, lambda_partial_class=1, lambda_ratio_reg=1.0, lambda_recon_wt_rand=1, lambda_recons=1, lambda_var_distance=0.001, lambda_zvar_sim=1, latent_spec_cont=None, latent_spec_cont_class=None, latent_spec_cont_var=None, latent_spec_disc=None, latent_spec_disc_class=None, latent_spec_disc_var=None, log_level='info', loss='Proxy_Anchor', loss_distance_mean=True, loss_min_distance_cl=True, lr=0.001, max_iter=50.0, model='CNN', mrg=0.1, num_workers=2, old_weighted=False, optimizer='adamw', other_ratio=False, random_percentage=0.2, ratio_reg=False, remark='', save_step=10000, second_layer_C=False, seed=1, stride_size=1, sz_embedding=32, three_conv_layer=False, train=True, two_conv_layer=True, two_encoder=False, use_early_stopping=True, use_scheduler=True, warm=1, without_acc=False, z_struct_size=20, zeros_W_Classif=False, zvar_sim_change_zvar=False, zvar_sim_loss_for_all_model=False, zvar_sim_loss_only_for_encoder=False, zvar_sim_normal=False, zvar_sim_var_rand=False)
CUDA Visible devices !
Balanced samples per class
Custom_CNN_BK(
  (net): Sequential(
    (0): Conv2d(1, 32, kernel_size=(8, 8), stride=(1, 1))
    (1): BatchNorm2d(32, eps=1e-05, momentum=0.1, affine=True, track_running_stats=True)
    (2): ReLU(inplace=True)
    (3): Conv2d(32, 32, kernel_size=(4, 4), stride=(1, 1))
    (4): BatchNorm2d(32, eps=1e-05, momentum=0.1, affine=True, track_running_stats=True)
    (5): ReLU(inplace=True)
    (6): AdaptiveMaxPool2d(output_size=(1, 1))
    (7): View()
    (8): Linear(in_features=32, out_features=20, bias=True)
    (9): BatchNorm1d(20, eps=1e-05, momentum=0.1, affine=True, track_running_stats=True)
    (10): ReLU(inplace=True)
    (11): Dropout(p=0.4, inplace=False)
    (12): Linear(in_features=20, out_features=30, bias=True)
    (13): BatchNorm1d(30, eps=1e-05, momentum=0.1, affine=True, track_running_stats=True)
    (14): ReLU(inplace=True)
    (15): Dropout(p=0.4, inplace=False)
    (16): Linear(in_features=30, out_features=10, bias=True)
    (17): Softmax(dim=None)
  )
)
The number of parameters of model is 20324
use 1 gpu who named: GeForce RTX 2080 Ti
=> loaded sample_scores and losses
=> no checkpoint found at 'checkpoints_CNN/mnist_classif_distance_intra_class_max_mean_4_5_balanced_dataset/last'
=> saved checkpoint 'checkpoints_CNN/mnist_classif_distance_intra_class_max_mean_4_5_balanced_dataset/last' (iter 264, epoch 1.0)
=> saved checkpoint 'checkpoint_scores_CNN/mnist_classif_distance_intra_class_max_mean_4_5_balanced_dataset/last' (iter 264, epoch 1.0)
[Save Checkpoint] epoch: [1.0], Train score:92.50167, Test score:82.60000, train loss:-0.73187, test loss:-0.73444, ratio_train_loss:0.00000,ratio_test_loss:0.00000, total_loss_train:-0.73187,total_loss_test:-0.73444, var distance inter class train:1.25547,var distance inter class test:1.30633
=> saved checkpoint 'checkpoints_CNN/mnist_classif_distance_intra_class_max_mean_4_5_balanced_dataset/last' (iter 528, epoch 2.0)
=> saved checkpoint 'checkpoint_scores_CNN/mnist_classif_distance_intra_class_max_mean_4_5_balanced_dataset/last' (iter 528, epoch 2.0)
[Save Checkpoint] epoch: [2.0], Train score:106.47333, Test score:94.87000, train loss:-0.92339, test loss:-0.92641, ratio_train_loss:0.00000,ratio_test_loss:0.00000, total_loss_train:-0.92339,total_loss_test:-0.92641, var distance inter class train:0.89145,var distance inter class test:0.91810
=> saved checkpoint 'checkpoints_CNN/mnist_classif_distance_intra_class_max_mean_4_5_balanced_dataset/last' (iter 792, epoch 3.0)
=> saved checkpoint 'checkpoint_scores_CNN/mnist_classif_distance_intra_class_max_mean_4_5_balanced_dataset/last' (iter 792, epoch 3.0)
[Save Checkpoint] epoch: [3.0], Train score:108.25833, Test score:96.64000, train loss:-0.95398, test loss:-0.95667, ratio_train_loss:0.00000,ratio_test_loss:0.00000, total_loss_train:-0.95398,total_loss_test:-0.95667, var distance inter class train:0.71955,var distance inter class test:0.74789
=> saved checkpoint 'checkpoints_CNN/mnist_classif_distance_intra_class_max_mean_4_5_balanced_dataset/last' (iter 1056, epoch 4.0)
=> saved checkpoint 'checkpoint_scores_CNN/mnist_classif_distance_intra_class_max_mean_4_5_balanced_dataset/last' (iter 1056, epoch 4.0)
[Save Checkpoint] epoch: [4.0], Train score:109.00667, Test score:97.20000, train loss:-0.96474, test loss:-0.96688, ratio_train_loss:0.00000,ratio_test_loss:0.00000, total_loss_train:-0.96474,total_loss_test:-0.96688, var distance inter class train:0.75609,var distance inter class test:0.78903
=> saved checkpoint 'checkpoints_CNN/mnist_classif_distance_intra_class_max_mean_4_5_balanced_dataset/last' (iter 1320, epoch 5.0)
=> saved checkpoint 'checkpoint_scores_CNN/mnist_classif_distance_intra_class_max_mean_4_5_balanced_dataset/last' (iter 1320, epoch 5.0)
[Save Checkpoint] epoch: [5.0], Train score:109.33833, Test score:97.31000, train loss:-0.96903, test loss:-0.96998, ratio_train_loss:0.00000,ratio_test_loss:0.00000, total_loss_train:-0.96903,total_loss_test:-0.96998, var distance inter class train:0.64274,var distance inter class test:0.66453
=> saved checkpoint 'checkpoints_CNN/mnist_classif_distance_intra_class_max_mean_4_5_balanced_dataset/last' (iter 1584, epoch 6.0)
=> saved checkpoint 'checkpoint_scores_CNN/mnist_classif_distance_intra_class_max_mean_4_5_balanced_dataset/last' (iter 1584, epoch 6.0)
[Save Checkpoint] epoch: [6.0], Train score:109.62833, Test score:97.58000, train loss:-0.97246, test loss:-0.97331, ratio_train_loss:0.00000,ratio_test_loss:0.00000, total_loss_train:-0.97246,total_loss_test:-0.97331, var distance inter class train:0.76686,var distance inter class test:0.79404
=> saved checkpoint 'checkpoints_CNN/mnist_classif_distance_intra_class_max_mean_4_5_balanced_dataset/last' (iter 1848, epoch 7.0)
=> saved checkpoint 'checkpoint_scores_CNN/mnist_classif_distance_intra_class_max_mean_4_5_balanced_dataset/last' (iter 1848, epoch 7.0)
[Save Checkpoint] epoch: [7.0], Train score:109.78667, Test score:97.72000, train loss:-0.97463, test loss:-0.97515, ratio_train_loss:0.00000,ratio_test_loss:0.00000, total_loss_train:-0.97463,total_loss_test:-0.97515, var distance inter class train:0.68929,var distance inter class test:0.71113
=> saved checkpoint 'checkpoints_CNN/mnist_classif_distance_intra_class_max_mean_4_5_balanced_dataset/last' (iter 2112, epoch 8.0)
=> saved checkpoint 'checkpoint_scores_CNN/mnist_classif_distance_intra_class_max_mean_4_5_balanced_dataset/last' (iter 2112, epoch 8.0)
[Save Checkpoint] epoch: [8.0], Train score:109.84333, Test score:97.77000, train loss:-0.97568, test loss:-0.97594, ratio_train_loss:0.00000,ratio_test_loss:0.00000, total_loss_train:-0.97568,total_loss_test:-0.97594, var distance inter class train:0.59682,var distance inter class test:0.61551
=> saved checkpoint 'checkpoints_CNN/mnist_classif_distance_intra_class_max_mean_4_5_balanced_dataset/last' (iter 2376, epoch 9.0)
=> saved checkpoint 'checkpoint_scores_CNN/mnist_classif_distance_intra_class_max_mean_4_5_balanced_dataset/last' (iter 2376, epoch 9.0)
[Save Checkpoint] epoch: [9.0], Train score:109.89000, Test score:97.84000, train loss:-0.97600, test loss:-0.97684, ratio_train_loss:0.00000,ratio_test_loss:0.00000, total_loss_train:-0.97600,total_loss_test:-0.97684, var distance inter class train:0.72562,var distance inter class test:0.74959
=> saved checkpoint 'checkpoints_CNN/mnist_classif_distance_intra_class_max_mean_4_5_balanced_dataset/last' (iter 2640, epoch 10.0)
=> saved checkpoint 'checkpoint_scores_CNN/mnist_classif_distance_intra_class_max_mean_4_5_balanced_dataset/last' (iter 2640, epoch 10.0)
[Save Checkpoint] epoch: [10.0], Train score:110.10000, Test score:98.03000, train loss:-0.97838, test loss:-0.97907, ratio_train_loss:0.00000,ratio_test_loss:0.00000, total_loss_train:-0.97838,total_loss_test:-0.97907, var distance inter class train:0.72149,var distance inter class test:0.74077
=> saved checkpoint 'checkpoints_CNN/mnist_classif_distance_intra_class_max_mean_4_5_balanced_dataset/last' (iter 2904, epoch 11.0)
=> saved checkpoint 'checkpoint_scores_CNN/mnist_classif_distance_intra_class_max_mean_4_5_balanced_dataset/last' (iter 2904, epoch 11.0)
EarlyStopping counter: 1 out of 10
[Save Checkpoint] epoch: [11.0], Train score:109.94667, Test score:97.88000, train loss:-0.97676, test loss:-0.97799, ratio_train_loss:0.00000,ratio_test_loss:0.00000, total_loss_train:-0.97676,total_loss_test:-0.97799, var distance inter class train:0.55608,var distance inter class test:0.57797
=> saved checkpoint 'checkpoints_CNN/mnist_classif_distance_intra_class_max_mean_4_5_balanced_dataset/last' (iter 3168, epoch 12.0)
=> saved checkpoint 'checkpoint_scores_CNN/mnist_classif_distance_intra_class_max_mean_4_5_balanced_dataset/last' (iter 3168, epoch 12.0)
[Save Checkpoint] epoch: [12.0], Train score:110.21833, Test score:98.14000, train loss:-0.97964, test loss:-0.98008, ratio_train_loss:0.00000,ratio_test_loss:0.00000, total_loss_train:-0.97964,total_loss_test:-0.98008, var distance inter class train:0.54114,var distance inter class test:0.55887
=> saved checkpoint 'checkpoints_CNN/mnist_classif_distance_intra_class_max_mean_4_5_balanced_dataset/last' (iter 3432, epoch 13.0)
=> saved checkpoint 'checkpoint_scores_CNN/mnist_classif_distance_intra_class_max_mean_4_5_balanced_dataset/last' (iter 3432, epoch 13.0)
[Save Checkpoint] epoch: [13.0], Train score:110.31333, Test score:98.10000, train loss:-0.98079, test loss:-0.98031, ratio_train_loss:0.00000,ratio_test_loss:0.00000, total_loss_train:-0.98079,total_loss_test:-0.98031, var distance inter class train:0.62594,var distance inter class test:0.64435
=> saved checkpoint 'checkpoints_CNN/mnist_classif_distance_intra_class_max_mean_4_5_balanced_dataset/last' (iter 3696, epoch 14.0)
=> saved checkpoint 'checkpoint_scores_CNN/mnist_classif_distance_intra_class_max_mean_4_5_balanced_dataset/last' (iter 3696, epoch 14.0)
[Save Checkpoint] epoch: [14.0], Train score:110.25333, Test score:98.16000, train loss:-0.97992, test loss:-0.98045, ratio_train_loss:0.00000,ratio_test_loss:0.00000, total_loss_train:-0.97992,total_loss_test:-0.98045, var distance inter class train:0.60467,var distance inter class test:0.61873
=> saved checkpoint 'checkpoints_CNN/mnist_classif_distance_intra_class_max_mean_4_5_balanced_dataset/last' (iter 3960, epoch 15.0)
=> saved checkpoint 'checkpoint_scores_CNN/mnist_classif_distance_intra_class_max_mean_4_5_balanced_dataset/last' (iter 3960, epoch 15.0)
[Save Checkpoint] epoch: [15.0], Train score:110.43333, Test score:98.17000, train loss:-0.98179, test loss:-0.98131, ratio_train_loss:0.00000,ratio_test_loss:0.00000, total_loss_train:-0.98179,total_loss_test:-0.98131, var distance inter class train:0.58389,var distance inter class test:0.59909
=> saved checkpoint 'checkpoints_CNN/mnist_classif_distance_intra_class_max_mean_4_5_balanced_dataset/last' (iter 4224, epoch 16.0)
=> saved checkpoint 'checkpoint_scores_CNN/mnist_classif_distance_intra_class_max_mean_4_5_balanced_dataset/last' (iter 4224, epoch 16.0)
[Save Checkpoint] epoch: [16.0], Train score:110.40667, Test score:98.30000, train loss:-0.98162, test loss:-0.98166, ratio_train_loss:0.00000,ratio_test_loss:0.00000, total_loss_train:-0.98162,total_loss_test:-0.98166, var distance inter class train:0.61186,var distance inter class test:0.63039
=> saved checkpoint 'checkpoints_CNN/mnist_classif_distance_intra_class_max_mean_4_5_balanced_dataset/last' (iter 4488, epoch 17.0)
=> saved checkpoint 'checkpoint_scores_CNN/mnist_classif_distance_intra_class_max_mean_4_5_balanced_dataset/last' (iter 4488, epoch 17.0)
EarlyStopping counter: 1 out of 10
[Save Checkpoint] epoch: [17.0], Train score:110.40000, Test score:98.09000, train loss:-0.98142, test loss:-0.98050, ratio_train_loss:0.00000,ratio_test_loss:0.00000, total_loss_train:-0.98142,total_loss_test:-0.98050, var distance inter class train:0.50500,var distance inter class test:0.52458
=> saved checkpoint 'checkpoints_CNN/mnist_classif_distance_intra_class_max_mean_4_5_balanced_dataset/last' (iter 4752, epoch 18.0)
=> saved checkpoint 'checkpoint_scores_CNN/mnist_classif_distance_intra_class_max_mean_4_5_balanced_dataset/last' (iter 4752, epoch 18.0)
EarlyStopping counter: 2 out of 10
[Save Checkpoint] epoch: [18.0], Train score:110.38500, Test score:98.08000, train loss:-0.98167, test loss:-0.98053, ratio_train_loss:0.00000,ratio_test_loss:0.00000, total_loss_train:-0.98167,total_loss_test:-0.98053, var distance inter class train:0.50180,var distance inter class test:0.51384
=> saved checkpoint 'checkpoints_CNN/mnist_classif_distance_intra_class_max_mean_4_5_balanced_dataset/last' (iter 5016, epoch 19.0)
=> saved checkpoint 'checkpoint_scores_CNN/mnist_classif_distance_intra_class_max_mean_4_5_balanced_dataset/last' (iter 5016, epoch 19.0)
EarlyStopping counter: 3 out of 10
[Save Checkpoint] epoch: [19.0], Train score:110.43667, Test score:98.07000, train loss:-0.98190, test loss:-0.98078, ratio_train_loss:0.00000,ratio_test_loss:0.00000, total_loss_train:-0.98190,total_loss_test:-0.98078, var distance inter class train:0.60598,var distance inter class test:0.62777
=> saved checkpoint 'checkpoints_CNN/mnist_classif_distance_intra_class_max_mean_4_5_balanced_dataset/last' (iter 5280, epoch 20.0)
=> saved checkpoint 'checkpoint_scores_CNN/mnist_classif_distance_intra_class_max_mean_4_5_balanced_dataset/last' (iter 5280, epoch 20.0)
EarlyStopping counter: 4 out of 10
[Save Checkpoint] epoch: [20.0], Train score:110.28833, Test score:97.81000, train loss:-0.98067, test loss:-0.97805, ratio_train_loss:0.00000,ratio_test_loss:0.00000, total_loss_train:-0.98067,total_loss_test:-0.97805, var distance inter class train:0.47720,var distance inter class test:0.49534
=> saved checkpoint 'checkpoints_CNN/mnist_classif_distance_intra_class_max_mean_4_5_balanced_dataset/last' (iter 5544, epoch 21.0)
=> saved checkpoint 'checkpoint_scores_CNN/mnist_classif_distance_intra_class_max_mean_4_5_balanced_dataset/last' (iter 5544, epoch 21.0)
EarlyStopping counter: 5 out of 10
[Save Checkpoint] epoch: [21.0], Train score:110.40667, Test score:98.19000, train loss:-0.98186, test loss:-0.98165, ratio_train_loss:0.00000,ratio_test_loss:0.00000, total_loss_train:-0.98186,total_loss_test:-0.98165, var distance inter class train:0.48257,var distance inter class test:0.50095
=> saved checkpoint 'checkpoints_CNN/mnist_classif_distance_intra_class_max_mean_4_5_balanced_dataset/last' (iter 5808, epoch 22.0)
=> saved checkpoint 'checkpoint_scores_CNN/mnist_classif_distance_intra_class_max_mean_4_5_balanced_dataset/last' (iter 5808, epoch 22.0)
[Save Checkpoint] epoch: [22.0], Train score:110.36000, Test score:98.34000, train loss:-0.98154, test loss:-0.98272, ratio_train_loss:0.00000,ratio_test_loss:0.00000, total_loss_train:-0.98154,total_loss_test:-0.98272, var distance inter class train:0.47389,var distance inter class test:0.49001
=> saved checkpoint 'checkpoints_CNN/mnist_classif_distance_intra_class_max_mean_4_5_balanced_dataset/last' (iter 6072, epoch 23.0)
=> saved checkpoint 'checkpoint_scores_CNN/mnist_classif_distance_intra_class_max_mean_4_5_balanced_dataset/last' (iter 6072, epoch 23.0)
[Save Checkpoint] epoch: [23.0], Train score:110.56667, Test score:98.31000, train loss:-0.98340, test loss:-0.98312, ratio_train_loss:0.00000,ratio_test_loss:0.00000, total_loss_train:-0.98340,total_loss_test:-0.98312, var distance inter class train:0.53313,var distance inter class test:0.54863
=> saved checkpoint 'checkpoints_CNN/mnist_classif_distance_intra_class_max_mean_4_5_balanced_dataset/last' (iter 6336, epoch 24.0)
=> saved checkpoint 'checkpoint_scores_CNN/mnist_classif_distance_intra_class_max_mean_4_5_balanced_dataset/last' (iter 6336, epoch 24.0)
[Save Checkpoint] epoch: [24.0], Train score:110.65333, Test score:98.40000, train loss:-0.98426, test loss:-0.98338, ratio_train_loss:0.00000,ratio_test_loss:0.00000, total_loss_train:-0.98426,total_loss_test:-0.98338, var distance inter class train:0.45714,var distance inter class test:0.47078
=> saved checkpoint 'checkpoints_CNN/mnist_classif_distance_intra_class_max_mean_4_5_balanced_dataset/last' (iter 6600, epoch 25.0)
=> saved checkpoint 'checkpoint_scores_CNN/mnist_classif_distance_intra_class_max_mean_4_5_balanced_dataset/last' (iter 6600, epoch 25.0)
EarlyStopping counter: 1 out of 10
[Save Checkpoint] epoch: [25.0], Train score:110.67667, Test score:98.32000, train loss:-0.98447, test loss:-0.98299, ratio_train_loss:0.00000,ratio_test_loss:0.00000, total_loss_train:-0.98447,total_loss_test:-0.98299, var distance inter class train:0.49509,var distance inter class test:0.50669
=> saved checkpoint 'checkpoints_CNN/mnist_classif_distance_intra_class_max_mean_4_5_balanced_dataset/last' (iter 6864, epoch 26.0)
=> saved checkpoint 'checkpoint_scores_CNN/mnist_classif_distance_intra_class_max_mean_4_5_balanced_dataset/last' (iter 6864, epoch 26.0)
[Save Checkpoint] epoch: [26.0], Train score:110.66167, Test score:98.41000, train loss:-0.98429, test loss:-0.98356, ratio_train_loss:0.00000,ratio_test_loss:0.00000, total_loss_train:-0.98429,total_loss_test:-0.98356, var distance inter class train:0.49114,var distance inter class test:0.50700
=> saved checkpoint 'checkpoints_CNN/mnist_classif_distance_intra_class_max_mean_4_5_balanced_dataset/last' (iter 7128, epoch 27.0)
=> saved checkpoint 'checkpoint_scores_CNN/mnist_classif_distance_intra_class_max_mean_4_5_balanced_dataset/last' (iter 7128, epoch 27.0)
EarlyStopping counter: 1 out of 10
[Save Checkpoint] epoch: [27.0], Train score:110.64167, Test score:98.13000, train loss:-0.98432, test loss:-0.98136, ratio_train_loss:0.00000,ratio_test_loss:0.00000, total_loss_train:-0.98432,total_loss_test:-0.98136, var distance inter class train:0.41965,var distance inter class test:0.42979
=> saved checkpoint 'checkpoints_CNN/mnist_classif_distance_intra_class_max_mean_4_5_balanced_dataset/last' (iter 7392, epoch 28.0)
=> saved checkpoint 'checkpoint_scores_CNN/mnist_classif_distance_intra_class_max_mean_4_5_balanced_dataset/last' (iter 7392, epoch 28.0)
EarlyStopping counter: 2 out of 10
[Save Checkpoint] epoch: [28.0], Train score:110.67167, Test score:98.28000, train loss:-0.98453, test loss:-0.98265, ratio_train_loss:0.00000,ratio_test_loss:0.00000, total_loss_train:-0.98453,total_loss_test:-0.98265, var distance inter class train:0.52405,var distance inter class test:0.53763
=> saved checkpoint 'checkpoints_CNN/mnist_classif_distance_intra_class_max_mean_4_5_balanced_dataset/last' (iter 7656, epoch 29.0)
=> saved checkpoint 'checkpoint_scores_CNN/mnist_classif_distance_intra_class_max_mean_4_5_balanced_dataset/last' (iter 7656, epoch 29.0)
[Save Checkpoint] epoch: [29.0], Train score:110.72500, Test score:98.52000, train loss:-0.98503, test loss:-0.98467, ratio_train_loss:0.00000,ratio_test_loss:0.00000, total_loss_train:-0.98503,total_loss_test:-0.98467, var distance inter class train:0.50532,var distance inter class test:0.51932
=> saved checkpoint 'checkpoints_CNN/mnist_classif_distance_intra_class_max_mean_4_5_balanced_dataset/last' (iter 7920, epoch 30.0)
=> saved checkpoint 'checkpoint_scores_CNN/mnist_classif_distance_intra_class_max_mean_4_5_balanced_dataset/last' (iter 7920, epoch 30.0)
[Save Checkpoint] epoch: [30.0], Train score:110.80000, Test score:98.53000, train loss:-0.98565, test loss:-0.98490, ratio_train_loss:0.00000,ratio_test_loss:0.00000, total_loss_train:-0.98565,total_loss_test:-0.98490, var distance inter class train:0.43995,var distance inter class test:0.44899
=> saved checkpoint 'checkpoints_CNN/mnist_classif_distance_intra_class_max_mean_4_5_balanced_dataset/last' (iter 8184, epoch 31.0)
=> saved checkpoint 'checkpoint_scores_CNN/mnist_classif_distance_intra_class_max_mean_4_5_balanced_dataset/last' (iter 8184, epoch 31.0)
EarlyStopping counter: 1 out of 10
[Save Checkpoint] epoch: [31.0], Train score:110.65667, Test score:98.44000, train loss:-0.98421, test loss:-0.98406, ratio_train_loss:0.00000,ratio_test_loss:0.00000, total_loss_train:-0.98421,total_loss_test:-0.98406, var distance inter class train:0.50437,var distance inter class test:0.51633
=> saved checkpoint 'checkpoints_CNN/mnist_classif_distance_intra_class_max_mean_4_5_balanced_dataset/last' (iter 8448, epoch 32.0)
=> saved checkpoint 'checkpoint_scores_CNN/mnist_classif_distance_intra_class_max_mean_4_5_balanced_dataset/last' (iter 8448, epoch 32.0)
EarlyStopping counter: 2 out of 10
[Save Checkpoint] epoch: [32.0], Train score:110.79500, Test score:98.43000, train loss:-0.98571, test loss:-0.98404, ratio_train_loss:0.00000,ratio_test_loss:0.00000, total_loss_train:-0.98571,total_loss_test:-0.98404, var distance inter class train:0.44862,var distance inter class test:0.46282
=> saved checkpoint 'checkpoints_CNN/mnist_classif_distance_intra_class_max_mean_4_5_balanced_dataset/last' (iter 8712, epoch 33.0)
=> saved checkpoint 'checkpoint_scores_CNN/mnist_classif_distance_intra_class_max_mean_4_5_balanced_dataset/last' (iter 8712, epoch 33.0)
EarlyStopping counter: 3 out of 10
[Save Checkpoint] epoch: [33.0], Train score:110.77833, Test score:98.28000, train loss:-0.98532, test loss:-0.98261, ratio_train_loss:0.00000,ratio_test_loss:0.00000, total_loss_train:-0.98532,total_loss_test:-0.98261, var distance inter class train:0.45385,var distance inter class test:0.46696
=> saved checkpoint 'checkpoints_CNN/mnist_classif_distance_intra_class_max_mean_4_5_balanced_dataset/last' (iter 8976, epoch 34.0)
=> saved checkpoint 'checkpoint_scores_CNN/mnist_classif_distance_intra_class_max_mean_4_5_balanced_dataset/last' (iter 8976, epoch 34.0)
EarlyStopping counter: 4 out of 10
[Save Checkpoint] epoch: [34.0], Train score:110.75667, Test score:98.44000, train loss:-0.98528, test loss:-0.98449, ratio_train_loss:0.00000,ratio_test_loss:0.00000, total_loss_train:-0.98528,total_loss_test:-0.98449, var distance inter class train:0.48820,var distance inter class test:0.50154
=> saved checkpoint 'checkpoints_CNN/mnist_classif_distance_intra_class_max_mean_4_5_balanced_dataset/last' (iter 9240, epoch 35.0)
=> saved checkpoint 'checkpoint_scores_CNN/mnist_classif_distance_intra_class_max_mean_4_5_balanced_dataset/last' (iter 9240, epoch 35.0)
[Save Checkpoint] epoch: [35.0], Train score:110.87667, Test score:98.50000, train loss:-0.98634, test loss:-0.98503, ratio_train_loss:0.00000,ratio_test_loss:0.00000, total_loss_train:-0.98634,total_loss_test:-0.98503, var distance inter class train:0.43825,var distance inter class test:0.44813
=> saved checkpoint 'checkpoints_CNN/mnist_classif_distance_intra_class_max_mean_4_5_balanced_dataset/last' (iter 9504, epoch 36.0)
=> saved checkpoint 'checkpoint_scores_CNN/mnist_classif_distance_intra_class_max_mean_4_5_balanced_dataset/last' (iter 9504, epoch 36.0)
EarlyStopping counter: 1 out of 10
[Save Checkpoint] epoch: [36.0], Train score:110.82333, Test score:98.43000, train loss:-0.98581, test loss:-0.98415, ratio_train_loss:0.00000,ratio_test_loss:0.00000, total_loss_train:-0.98581,total_loss_test:-0.98415, var distance inter class train:0.42117,var distance inter class test:0.43386
=> saved checkpoint 'checkpoints_CNN/mnist_classif_distance_intra_class_max_mean_4_5_balanced_dataset/last' (iter 9768, epoch 37.0)
=> saved checkpoint 'checkpoint_scores_CNN/mnist_classif_distance_intra_class_max_mean_4_5_balanced_dataset/last' (iter 9768, epoch 37.0)
EarlyStopping counter: 2 out of 10
[Save Checkpoint] epoch: [37.0], Train score:110.80000, Test score:98.37000, train loss:-0.98552, test loss:-0.98400, ratio_train_loss:0.00000,ratio_test_loss:0.00000, total_loss_train:-0.98552,total_loss_test:-0.98400, var distance inter class train:0.46550,var distance inter class test:0.47784
=> saved checkpoint 'checkpoints_CNN/mnist_classif_distance_intra_class_max_mean_4_5_balanced_dataset/last' (iter 10032, epoch 38.0)
=> saved checkpoint 'checkpoint_scores_CNN/mnist_classif_distance_intra_class_max_mean_4_5_balanced_dataset/last' (iter 10032, epoch 38.0)
EarlyStopping counter: 3 out of 10
[Save Checkpoint] epoch: [38.0], Train score:110.78667, Test score:98.31000, train loss:-0.98554, test loss:-0.98318, ratio_train_loss:0.00000,ratio_test_loss:0.00000, total_loss_train:-0.98554,total_loss_test:-0.98318, var distance inter class train:0.41978,var distance inter class test:0.43196
=> saved checkpoint 'checkpoints_CNN/mnist_classif_distance_intra_class_max_mean_4_5_balanced_dataset/last' (iter 10296, epoch 39.0)
=> saved checkpoint 'checkpoint_scores_CNN/mnist_classif_distance_intra_class_max_mean_4_5_balanced_dataset/last' (iter 10296, epoch 39.0)
[Save Checkpoint] epoch: [39.0], Train score:110.95500, Test score:98.49000, train loss:-0.98706, test loss:-0.98504, ratio_train_loss:0.00000,ratio_test_loss:0.00000, total_loss_train:-0.98706,total_loss_test:-0.98504, var distance inter class train:0.44055,var distance inter class test:0.45475
=> saved checkpoint 'checkpoints_CNN/mnist_classif_distance_intra_class_max_mean_4_5_balanced_dataset/last' (iter 10560, epoch 40.0)
=> saved checkpoint 'checkpoint_scores_CNN/mnist_classif_distance_intra_class_max_mean_4_5_balanced_dataset/last' (iter 10560, epoch 40.0)
[Save Checkpoint] epoch: [40.0], Train score:110.90667, Test score:98.54000, train loss:-0.98676, test loss:-0.98540, ratio_train_loss:0.00000,ratio_test_loss:0.00000, total_loss_train:-0.98676,total_loss_test:-0.98540, var distance inter class train:0.42784,var distance inter class test:0.44147
