286
--dataset mnist --model CNN --gpu_devices 0 1 --max_iter 50 --batch_size 256 --ckpt_dir checkpoints_CNN --ckpt_dir_scores checkpoint_scores_CNN --use_scheduler True --GMP True --lr 1e-3 --z_struct_size 20 --add_classification_layer True --classif_layer_size 30 --is_default_model False --is_custom_model False --is_custom_model_BK True --big_kernel_size 8 --two_conv_layer True --three_conv_layer False --BK_in_first_layer True --BK_in_second_layer False --BK_in_third_layer False --stride_size 1 --hidden_filters_layer1 32 --hidden_filters_layer2 32 --hidden_filters_layer3 32 --ratio_reg True --lambda_ratio_reg 0.1 --lambda_class 1 --other_ratio False --loss_min_distance_cl True --lambda_var_distance 0.001 --intra_class_variance_loss False --lambda_intra_class_var 1 --contrastive_loss False --lambda_contrastive_loss 1 --alpha 32 --loss Proxy_Anchor --optimizer adamw --mrg 0.1 --IPC False --warm 1 --sz_embedding 32 --dataset_balanced True --loss_distance_mean True --lambda_distance_mean 0.01 --exp_name mnist_classif_ratio_distance_intra_class_max_mean_1_4_5_balanced_dataset
Namespace(BK_in_first_layer=True, BK_in_second_layer=False, BK_in_third_layer=False, BN=False, C_max=25, C_stop_iter=100000.0, E1_AE=False, E1_VAE=False, E1_conv=False, E1_dense=False, E1_second_conv=False, E1_second_conv_adapt=False, GMP=True, IPC=False, L1_norm_act=False, L1_norm_weights=False, L3_without_random=False, LOG_DIR='logs', adapt_lr=False, add_classification_layer=True, add_linear_after_GMP=True, add_z_struct_bottleneck=False, alpha=32.0, batch_size=256, beta=1, beta1=0.9, beta2=0.999, big_kernel=False, big_kernel_size=[8], binary_z=False, ckpt_dir='checkpoints_CNN', ckpt_dir_scores='checkpoint_scores_CNN', classif_layer_size=30, contrastive_loss=False, cuda=True, dataset='mnist', dataset_balanced=True, display_step=10000, dset_dir='data', exp_name='mnist_classif_ratio_distance_intra_class_max_mean_1_4_5_balanced_dataset', gamma=1000, gpu_devices=[0, 1], hidden_filters_layer1=32, hidden_filters_layer2=32, hidden_filters_layer3=32, image_size=64, intra_class_variance_loss=False, is_C=True, is_E1=False, is_binary_structural_latent=False, is_custom_model=False, is_custom_model_BK=True, is_default_model=False, is_noise_stats=False, is_partial_rand_class=False, is_perturbed_score=False, is_zvar_sim_loss=False, just_train=False, kernel_size=4, lambda_Kl_struct=1, lambda_Kl_var=1, lambda_L1=0.01, lambda_VAE=1, lambda_class=1.0, lambda_contrastive_loss=1.0, lambda_distance_mean=0.01, lambda_intra_class_var=1.0, lambda_partial_class=1, lambda_ratio_reg=0.1, lambda_recon_wt_rand=1, lambda_recons=1, lambda_var_distance=0.001, lambda_zvar_sim=1, latent_spec_cont=None, latent_spec_cont_class=None, latent_spec_cont_var=None, latent_spec_disc=None, latent_spec_disc_class=None, latent_spec_disc_var=None, log_level='info', loss='Proxy_Anchor', loss_distance_mean=True, loss_min_distance_cl=True, lr=0.001, max_iter=50.0, model='CNN', mrg=0.1, num_workers=2, old_weighted=False, optimizer='adamw', other_ratio=False, random_percentage=0.2, ratio_reg=True, remark='', save_step=10000, second_layer_C=False, seed=1, stride_size=1, sz_embedding=32, three_conv_layer=False, train=True, two_conv_layer=True, two_encoder=False, use_early_stopping=True, use_scheduler=True, warm=1, without_acc=False, z_struct_size=20, zeros_W_Classif=False, zvar_sim_change_zvar=False, zvar_sim_loss_for_all_model=False, zvar_sim_loss_only_for_encoder=False, zvar_sim_normal=False, zvar_sim_var_rand=False)
CUDA Visible devices !
Balanced samples per class
Custom_CNN_BK(
  (net): Sequential(
    (0): Conv2d(1, 32, kernel_size=(8, 8), stride=(1, 1))
    (1): BatchNorm2d(32, eps=1e-05, momentum=0.1, affine=True, track_running_stats=True)
    (2): ReLU(inplace=True)
    (3): Conv2d(32, 32, kernel_size=(4, 4), stride=(1, 1))
    (4): BatchNorm2d(32, eps=1e-05, momentum=0.1, affine=True, track_running_stats=True)
    (5): ReLU(inplace=True)
    (6): AdaptiveMaxPool2d(output_size=(1, 1))
    (7): View()
    (8): Linear(in_features=32, out_features=20, bias=True)
    (9): BatchNorm1d(20, eps=1e-05, momentum=0.1, affine=True, track_running_stats=True)
    (10): ReLU(inplace=True)
    (11): Dropout(p=0.4, inplace=False)
    (12): Linear(in_features=20, out_features=30, bias=True)
    (13): BatchNorm1d(30, eps=1e-05, momentum=0.1, affine=True, track_running_stats=True)
    (14): ReLU(inplace=True)
    (15): Dropout(p=0.4, inplace=False)
    (16): Linear(in_features=30, out_features=10, bias=True)
    (17): Softmax(dim=None)
  )
)
The number of parameters of model is 20324
use 1 gpu who named: Tesla K40m
=> loaded sample_scores and losses
=> no checkpoint found at 'checkpoints_CNN/mnist_classif_ratio_distance_intra_class_max_mean_1_4_5_balanced_dataset/last'
=> saved checkpoint 'checkpoints_CNN/mnist_classif_ratio_distance_intra_class_max_mean_1_4_5_balanced_dataset/last' (iter 264, epoch 1.0)
=> saved checkpoint 'checkpoint_scores_CNN/mnist_classif_ratio_distance_intra_class_max_mean_1_4_5_balanced_dataset/last' (iter 264, epoch 1.0)
[Save Checkpoint] epoch: [1.0], Train score:84.82167, Test score:75.76000, train loss:-0.70931, test loss:-0.71591, ratio_train_loss:0.37714,ratio_test_loss:0.35327, total_loss_train:-0.33217,total_loss_test:-0.36264, var distance inter class train:4.57211,var distance inter class test:4.72617
=> saved checkpoint 'checkpoints_CNN/mnist_classif_ratio_distance_intra_class_max_mean_1_4_5_balanced_dataset/last' (iter 528, epoch 2.0)
=> saved checkpoint 'checkpoint_scores_CNN/mnist_classif_ratio_distance_intra_class_max_mean_1_4_5_balanced_dataset/last' (iter 528, epoch 2.0)
[Save Checkpoint] epoch: [2.0], Train score:97.42000, Test score:86.60000, train loss:-0.84995, test loss:-0.85194, ratio_train_loss:0.31989,ratio_test_loss:0.29950, total_loss_train:-0.53006,total_loss_test:-0.55245, var distance inter class train:3.66888,var distance inter class test:3.80939
=> saved checkpoint 'checkpoints_CNN/mnist_classif_ratio_distance_intra_class_max_mean_1_4_5_balanced_dataset/last' (iter 792, epoch 3.0)
=> saved checkpoint 'checkpoint_scores_CNN/mnist_classif_ratio_distance_intra_class_max_mean_1_4_5_balanced_dataset/last' (iter 792, epoch 3.0)
[Save Checkpoint] epoch: [3.0], Train score:107.84167, Test score:95.99000, train loss:-0.94966, test loss:-0.95041, ratio_train_loss:0.28668,ratio_test_loss:0.26717, total_loss_train:-0.66299,total_loss_test:-0.68325, var distance inter class train:3.03427,var distance inter class test:3.15225
=> saved checkpoint 'checkpoints_CNN/mnist_classif_ratio_distance_intra_class_max_mean_1_4_5_balanced_dataset/last' (iter 1056, epoch 4.0)
=> saved checkpoint 'checkpoint_scores_CNN/mnist_classif_ratio_distance_intra_class_max_mean_1_4_5_balanced_dataset/last' (iter 1056, epoch 4.0)
[Save Checkpoint] epoch: [4.0], Train score:108.42000, Test score:96.30000, train loss:-0.95870, test loss:-0.95721, ratio_train_loss:0.27412,ratio_test_loss:0.25775, total_loss_train:-0.68458,total_loss_test:-0.69946, var distance inter class train:2.51549,var distance inter class test:2.61191
=> saved checkpoint 'checkpoints_CNN/mnist_classif_ratio_distance_intra_class_max_mean_1_4_5_balanced_dataset/last' (iter 1320, epoch 5.0)
=> saved checkpoint 'checkpoint_scores_CNN/mnist_classif_ratio_distance_intra_class_max_mean_1_4_5_balanced_dataset/last' (iter 1320, epoch 5.0)
[Save Checkpoint] epoch: [5.0], Train score:108.78500, Test score:96.51000, train loss:-0.96372, test loss:-0.96138, ratio_train_loss:0.26646,ratio_test_loss:0.25097, total_loss_train:-0.69726,total_loss_test:-0.71040, var distance inter class train:2.39922,var distance inter class test:2.49604
=> saved checkpoint 'checkpoints_CNN/mnist_classif_ratio_distance_intra_class_max_mean_1_4_5_balanced_dataset/last' (iter 1584, epoch 6.0)
=> saved checkpoint 'checkpoint_scores_CNN/mnist_classif_ratio_distance_intra_class_max_mean_1_4_5_balanced_dataset/last' (iter 1584, epoch 6.0)
[Save Checkpoint] epoch: [6.0], Train score:108.99833, Test score:96.80000, train loss:-0.96629, test loss:-0.96582, ratio_train_loss:0.26382,ratio_test_loss:0.24914, total_loss_train:-0.70247,total_loss_test:-0.71667, var distance inter class train:2.12245,var distance inter class test:2.20059
=> saved checkpoint 'checkpoints_CNN/mnist_classif_ratio_distance_intra_class_max_mean_1_4_5_balanced_dataset/last' (iter 1848, epoch 7.0)
=> saved checkpoint 'checkpoint_scores_CNN/mnist_classif_ratio_distance_intra_class_max_mean_1_4_5_balanced_dataset/last' (iter 1848, epoch 7.0)
[Save Checkpoint] epoch: [7.0], Train score:109.29167, Test score:97.10000, train loss:-0.96977, test loss:-0.96926, ratio_train_loss:0.25993,ratio_test_loss:0.24476, total_loss_train:-0.70983,total_loss_test:-0.72450, var distance inter class train:2.02637,var distance inter class test:2.09869
=> saved checkpoint 'checkpoints_CNN/mnist_classif_ratio_distance_intra_class_max_mean_1_4_5_balanced_dataset/last' (iter 2112, epoch 8.0)
=> saved checkpoint 'checkpoint_scores_CNN/mnist_classif_ratio_distance_intra_class_max_mean_1_4_5_balanced_dataset/last' (iter 2112, epoch 8.0)
[Save Checkpoint] epoch: [8.0], Train score:109.62000, Test score:97.57000, train loss:-0.97350, test loss:-0.97383, ratio_train_loss:0.24876,ratio_test_loss:0.23399, total_loss_train:-0.72475,total_loss_test:-0.73984, var distance inter class train:1.92277,var distance inter class test:1.99497
=> saved checkpoint 'checkpoints_CNN/mnist_classif_ratio_distance_intra_class_max_mean_1_4_5_balanced_dataset/last' (iter 2376, epoch 9.0)
=> saved checkpoint 'checkpoint_scores_CNN/mnist_classif_ratio_distance_intra_class_max_mean_1_4_5_balanced_dataset/last' (iter 2376, epoch 9.0)
[Save Checkpoint] epoch: [9.0], Train score:109.40167, Test score:97.22000, train loss:-0.97143, test loss:-0.97040, ratio_train_loss:0.24300,ratio_test_loss:0.22729, total_loss_train:-0.72842,total_loss_test:-0.74311, var distance inter class train:1.89081,var distance inter class test:1.96611
=> saved checkpoint 'checkpoints_CNN/mnist_classif_ratio_distance_intra_class_max_mean_1_4_5_balanced_dataset/last' (iter 2640, epoch 10.0)
=> saved checkpoint 'checkpoint_scores_CNN/mnist_classif_ratio_distance_intra_class_max_mean_1_4_5_balanced_dataset/last' (iter 2640, epoch 10.0)
[Save Checkpoint] epoch: [10.0], Train score:109.79667, Test score:97.67000, train loss:-0.97550, test loss:-0.97514, ratio_train_loss:0.24486,ratio_test_loss:0.23041, total_loss_train:-0.73065,total_loss_test:-0.74473, var distance inter class train:1.80032,var distance inter class test:1.87349
=> saved checkpoint 'checkpoints_CNN/mnist_classif_ratio_distance_intra_class_max_mean_1_4_5_balanced_dataset/last' (iter 2904, epoch 11.0)
=> saved checkpoint 'checkpoint_scores_CNN/mnist_classif_ratio_distance_intra_class_max_mean_1_4_5_balanced_dataset/last' (iter 2904, epoch 11.0)
[Save Checkpoint] epoch: [11.0], Train score:109.65000, Test score:97.54000, train loss:-0.97475, test loss:-0.97464, ratio_train_loss:0.23432,ratio_test_loss:0.22068, total_loss_train:-0.74043,total_loss_test:-0.75396, var distance inter class train:1.91193,var distance inter class test:1.97619
=> saved checkpoint 'checkpoints_CNN/mnist_classif_ratio_distance_intra_class_max_mean_1_4_5_balanced_dataset/last' (iter 3168, epoch 12.0)
=> saved checkpoint 'checkpoint_scores_CNN/mnist_classif_ratio_distance_intra_class_max_mean_1_4_5_balanced_dataset/last' (iter 3168, epoch 12.0)
EarlyStopping counter: 1 out of 10
[Save Checkpoint] epoch: [12.0], Train score:109.75000, Test score:97.43000, train loss:-0.97546, test loss:-0.97418, ratio_train_loss:0.24184,ratio_test_loss:0.22768, total_loss_train:-0.73362,total_loss_test:-0.74650, var distance inter class train:1.77848,var distance inter class test:1.84644
=> saved checkpoint 'checkpoints_CNN/mnist_classif_ratio_distance_intra_class_max_mean_1_4_5_balanced_dataset/last' (iter 3432, epoch 13.0)
=> saved checkpoint 'checkpoint_scores_CNN/mnist_classif_ratio_distance_intra_class_max_mean_1_4_5_balanced_dataset/last' (iter 3432, epoch 13.0)
[Save Checkpoint] epoch: [13.0], Train score:109.82667, Test score:97.66000, train loss:-0.97621, test loss:-0.97589, ratio_train_loss:0.23204,ratio_test_loss:0.21799, total_loss_train:-0.74417,total_loss_test:-0.75789, var distance inter class train:1.65510,var distance inter class test:1.71963
=> saved checkpoint 'checkpoints_CNN/mnist_classif_ratio_distance_intra_class_max_mean_1_4_5_balanced_dataset/last' (iter 3696, epoch 14.0)
=> saved checkpoint 'checkpoint_scores_CNN/mnist_classif_ratio_distance_intra_class_max_mean_1_4_5_balanced_dataset/last' (iter 3696, epoch 14.0)
EarlyStopping counter: 1 out of 10
[Save Checkpoint] epoch: [14.0], Train score:110.00000, Test score:97.70000, train loss:-0.97793, test loss:-0.97663, ratio_train_loss:0.23693,ratio_test_loss:0.22187, total_loss_train:-0.74099,total_loss_test:-0.75477, var distance inter class train:1.67692,var distance inter class test:1.74351
=> saved checkpoint 'checkpoints_CNN/mnist_classif_ratio_distance_intra_class_max_mean_1_4_5_balanced_dataset/last' (iter 3960, epoch 15.0)
=> saved checkpoint 'checkpoint_scores_CNN/mnist_classif_ratio_distance_intra_class_max_mean_1_4_5_balanced_dataset/last' (iter 3960, epoch 15.0)
[Save Checkpoint] epoch: [15.0], Train score:109.86833, Test score:97.38000, train loss:-0.97676, test loss:-0.97407, ratio_train_loss:0.22914,ratio_test_loss:0.21458, total_loss_train:-0.74763,total_loss_test:-0.75948, var distance inter class train:1.64748,var distance inter class test:1.70689
=> saved checkpoint 'checkpoints_CNN/mnist_classif_ratio_distance_intra_class_max_mean_1_4_5_balanced_dataset/last' (iter 4224, epoch 16.0)
=> saved checkpoint 'checkpoint_scores_CNN/mnist_classif_ratio_distance_intra_class_max_mean_1_4_5_balanced_dataset/last' (iter 4224, epoch 16.0)
[Save Checkpoint] epoch: [16.0], Train score:110.05500, Test score:97.89000, train loss:-0.97868, test loss:-0.97826, ratio_train_loss:0.22582,ratio_test_loss:0.21130, total_loss_train:-0.75286,total_loss_test:-0.76696, var distance inter class train:1.50345,var distance inter class test:1.55796
=> saved checkpoint 'checkpoints_CNN/mnist_classif_ratio_distance_intra_class_max_mean_1_4_5_balanced_dataset/last' (iter 4488, epoch 17.0)
=> saved checkpoint 'checkpoint_scores_CNN/mnist_classif_ratio_distance_intra_class_max_mean_1_4_5_balanced_dataset/last' (iter 4488, epoch 17.0)
EarlyStopping counter: 1 out of 10
[Save Checkpoint] epoch: [17.0], Train score:110.17000, Test score:97.86000, train loss:-0.97959, test loss:-0.97771, ratio_train_loss:0.22652,ratio_test_loss:0.21189, total_loss_train:-0.75306,total_loss_test:-0.76581, var distance inter class train:1.58650,var distance inter class test:1.64709
