18
--dataset mnist --model CNN --gpu_devices 0 1 --max_iter 50 --batch_size 128 --ckpt_dir checkpoints_CNN --ckpt_dir_scores checkpoint_scores_CNN --use_scheduler True --GMP True --lr 1e-3 --z_struct_size 20 --add_classification_layer True --classif_layer_size 30 --is_default_model False --is_custom_model False --is_custom_model_BK True --big_kernel_size 8 --two_conv_layer True --three_conv_layer False --BK_in_first_layer True --BK_in_second_layer False --BK_in_third_layer False --stride_size 1 --hidden_filters_layer1 32 --hidden_filters_layer2 32 --hidden_filters_layer3 32 --ratio_reg False --lambda_ratio_reg 1 --lambda_class 1 --other_ratio False --loss_min_distance_cl True --lambda_var_distance 1 --intra_class_variance_loss False --lambda_intra_class_var 1 --contrastive_loss False --lambda_contrastive_loss 1 --alpha 32 --loss Proxy_Anchor --optimizer adamw --mrg 0.1 --IPC False --warm 1 --sz_embedding 32 --dataset_balanced False --exp_name mnist_classif_distance_intra_class_2
Namespace(BK_in_first_layer=True, BK_in_second_layer=False, BK_in_third_layer=False, BN=False, C_max=25, C_stop_iter=100000.0, E1_AE=False, E1_VAE=False, E1_conv=False, E1_dense=False, E1_second_conv=False, E1_second_conv_adapt=False, GMP=True, IPC=False, L1_norm_act=False, L1_norm_weights=False, L3_without_random=False, LOG_DIR='logs', adapt_lr=False, add_classification_layer=True, add_linear_after_GMP=True, add_z_struct_bottleneck=False, alpha=32.0, batch_size=128, beta=1, beta1=0.9, beta2=0.999, big_kernel=False, big_kernel_size=[8], binary_z=False, ckpt_dir='checkpoints_CNN', ckpt_dir_scores='checkpoint_scores_CNN', classif_layer_size=30, contrastive_loss=False, cuda=True, dataset='mnist', dataset_balanced=False, display_step=10000, dset_dir='data', exp_name='mnist_classif_distance_intra_class_2', gamma=1000, gpu_devices=[0, 1], hidden_filters_layer1=32, hidden_filters_layer2=32, hidden_filters_layer3=32, image_size=64, intra_class_variance_loss=False, is_C=True, is_E1=False, is_binary_structural_latent=False, is_custom_model=False, is_custom_model_BK=True, is_default_model=False, is_noise_stats=False, is_partial_rand_class=False, is_perturbed_score=False, is_zvar_sim_loss=False, just_train=False, kernel_size=4, lambda_Kl_struct=1, lambda_Kl_var=1, lambda_L1=0.01, lambda_VAE=1, lambda_class=1.0, lambda_contrastive_loss=1.0, lambda_intra_class_var=1.0, lambda_partial_class=1, lambda_ratio_reg=1.0, lambda_recon_wt_rand=1, lambda_recons=1, lambda_var_distance=1.0, lambda_zvar_sim=1, latent_spec_cont=None, latent_spec_cont_class=None, latent_spec_cont_var=None, latent_spec_disc=None, latent_spec_disc_class=None, latent_spec_disc_var=None, log_level='info', loss='Proxy_Anchor', loss_min_distance_cl=True, lr=0.001, max_iter=50.0, model='CNN', mrg=0.1, num_workers=2, old_weighted=False, optimizer='adamw', other_ratio=False, random_percentage=0.2, ratio_reg=False, remark='', save_step=10000, second_layer_C=False, seed=1, stride_size=1, sz_embedding=32, three_conv_layer=False, train=True, two_conv_layer=True, two_encoder=False, use_early_stopping=True, use_scheduler=True, warm=1, without_acc=False, z_struct_size=20, zeros_W_Classif=False, zvar_sim_change_zvar=False, zvar_sim_loss_for_all_model=False, zvar_sim_loss_only_for_encoder=False, zvar_sim_normal=False, zvar_sim_var_rand=False)
CUDA Visible devices !
Custom_CNN_BK(
  (net): Sequential(
    (0): Conv2d(1, 32, kernel_size=(8, 8), stride=(1, 1))
    (1): BatchNorm2d(32, eps=1e-05, momentum=0.1, affine=True, track_running_stats=True)
    (2): ReLU(inplace=True)
    (3): Conv2d(32, 32, kernel_size=(4, 4), stride=(1, 1))
    (4): BatchNorm2d(32, eps=1e-05, momentum=0.1, affine=True, track_running_stats=True)
    (5): ReLU(inplace=True)
    (6): AdaptiveMaxPool2d(output_size=(1, 1))
    (7): View()
    (8): Linear(in_features=32, out_features=20, bias=True)
    (9): BatchNorm1d(20, eps=1e-05, momentum=0.1, affine=True, track_running_stats=True)
    (10): ReLU(inplace=True)
    (11): Dropout(p=0.4, inplace=False)
    (12): Linear(in_features=20, out_features=30, bias=True)
    (13): BatchNorm1d(30, eps=1e-05, momentum=0.1, affine=True, track_running_stats=True)
    (14): ReLU(inplace=True)
    (15): Dropout(p=0.4, inplace=False)
    (16): Linear(in_features=30, out_features=10, bias=True)
    (17): Softmax(dim=None)
  )
)
The number of parameters of model is 20324
use 1 gpu who named: Tesla K80
=> loaded sample_scores and losses
=> no checkpoint found at 'checkpoints_CNN/mnist_classif_distance_intra_class_2/last'
=> saved checkpoint 'checkpoints_CNN/mnist_classif_distance_intra_class_2/last' (iter 469, epoch 1.0)
=> saved checkpoint 'checkpoint_scores_CNN/mnist_classif_distance_intra_class_2/last' (iter 469, epoch 1.0)
[Save Checkpoint] epoch: [1.0], Train score:92.06167, Test score:92.05000, train loss:-0.86732, test loss:-0.86885, ratio_train_loss:0.00000,ratio_test_loss:0.00000, total_loss_train:-0.86732,total_loss_test:-0.86885, var distance inter class train:0.00000,var distance inter class test:0.00000
=> saved checkpoint 'checkpoints_CNN/mnist_classif_distance_intra_class_2/last' (iter 938, epoch 2.0)
=> saved checkpoint 'checkpoint_scores_CNN/mnist_classif_distance_intra_class_2/last' (iter 938, epoch 2.0)
[Save Checkpoint] epoch: [2.0], Train score:94.92500, Test score:94.57000, train loss:-0.93781, test loss:-0.93604, ratio_train_loss:0.00000,ratio_test_loss:0.00000, total_loss_train:-0.93781,total_loss_test:-0.93604, var distance inter class train:0.00000,var distance inter class test:0.00000
=> saved checkpoint 'checkpoints_CNN/mnist_classif_distance_intra_class_2/last' (iter 1407, epoch 3.0)
=> saved checkpoint 'checkpoint_scores_CNN/mnist_classif_distance_intra_class_2/last' (iter 1407, epoch 3.0)
[Save Checkpoint] epoch: [3.0], Train score:95.26500, Test score:95.19000, train loss:-0.94618, test loss:-0.94568, ratio_train_loss:0.00000,ratio_test_loss:0.00000, total_loss_train:-0.94618,total_loss_test:-0.94568, var distance inter class train:0.00000,var distance inter class test:0.00000
=> saved checkpoint 'checkpoints_CNN/mnist_classif_distance_intra_class_2/last' (iter 1876, epoch 4.0)
=> saved checkpoint 'checkpoint_scores_CNN/mnist_classif_distance_intra_class_2/last' (iter 1876, epoch 4.0)
[Save Checkpoint] epoch: [4.0], Train score:96.21000, Test score:96.17000, train loss:-0.95801, test loss:-0.95767, ratio_train_loss:0.00000,ratio_test_loss:0.00000, total_loss_train:-0.95801,total_loss_test:-0.95767, var distance inter class train:0.00000,var distance inter class test:0.00000
Variance: Class 4 with zeros or only one example so we don't use it !!!!
=> saved checkpoint 'checkpoints_CNN/mnist_classif_distance_intra_class_2/last' (iter 2345, epoch 5.0)
=> saved checkpoint 'checkpoint_scores_CNN/mnist_classif_distance_intra_class_2/last' (iter 2345, epoch 5.0)
[Save Checkpoint] epoch: [5.0], Train score:96.77167, Test score:96.39000, train loss:-0.96500, test loss:-0.96178, ratio_train_loss:0.00000,ratio_test_loss:0.00000, total_loss_train:-0.96500,total_loss_test:-0.96178, var distance inter class train:0.00000,var distance inter class test:0.00000
=> saved checkpoint 'checkpoints_CNN/mnist_classif_distance_intra_class_2/last' (iter 2814, epoch 6.0)
=> saved checkpoint 'checkpoint_scores_CNN/mnist_classif_distance_intra_class_2/last' (iter 2814, epoch 6.0)
EarlyStopping counter: 1 out of 10
[Save Checkpoint] epoch: [6.0], Train score:96.85833, Test score:96.27000, train loss:-0.96617, test loss:-0.96108, ratio_train_loss:0.00000,ratio_test_loss:0.00000, total_loss_train:-0.96617,total_loss_test:-0.96108, var distance inter class train:0.00000,var distance inter class test:0.00000
=> saved checkpoint 'checkpoints_CNN/mnist_classif_distance_intra_class_2/last' (iter 3283, epoch 7.0)
=> saved checkpoint 'checkpoint_scores_CNN/mnist_classif_distance_intra_class_2/last' (iter 3283, epoch 7.0)
[Save Checkpoint] epoch: [7.0], Train score:97.14667, Test score:96.59000, train loss:-0.96953, test loss:-0.96509, ratio_train_loss:0.00000,ratio_test_loss:0.00000, total_loss_train:-0.96953,total_loss_test:-0.96509, var distance inter class train:0.00000,var distance inter class test:0.00000
=> saved checkpoint 'checkpoints_CNN/mnist_classif_distance_intra_class_2/last' (iter 3752, epoch 8.0)
=> saved checkpoint 'checkpoint_scores_CNN/mnist_classif_distance_intra_class_2/last' (iter 3752, epoch 8.0)
[Save Checkpoint] epoch: [8.0], Train score:97.40500, Test score:97.03000, train loss:-0.97278, test loss:-0.96966, ratio_train_loss:0.00000,ratio_test_loss:0.00000, total_loss_train:-0.97278,total_loss_test:-0.96966, var distance inter class train:0.00000,var distance inter class test:0.00000
=> saved checkpoint 'checkpoints_CNN/mnist_classif_distance_intra_class_2/last' (iter 4221, epoch 9.0)
=> saved checkpoint 'checkpoint_scores_CNN/mnist_classif_distance_intra_class_2/last' (iter 4221, epoch 9.0)
EarlyStopping counter: 1 out of 10
[Save Checkpoint] epoch: [9.0], Train score:97.05000, Test score:96.80000, train loss:-0.96878, test loss:-0.96687, ratio_train_loss:0.00000,ratio_test_loss:0.00000, total_loss_train:-0.96878,total_loss_test:-0.96687, var distance inter class train:0.00000,var distance inter class test:0.00000
=> saved checkpoint 'checkpoints_CNN/mnist_classif_distance_intra_class_2/last' (iter 4690, epoch 10.0)
=> saved checkpoint 'checkpoint_scores_CNN/mnist_classif_distance_intra_class_2/last' (iter 4690, epoch 10.0)
[Save Checkpoint] epoch: [10.0], Train score:97.44500, Test score:97.15000, train loss:-0.97330, test loss:-0.97031, ratio_train_loss:0.00000,ratio_test_loss:0.00000, total_loss_train:-0.97330,total_loss_test:-0.97031, var distance inter class train:0.00000,var distance inter class test:0.00000
Variance: Class 7 with zeros or only one example so we don't use it !!!!
=> saved checkpoint 'checkpoints_CNN/mnist_classif_distance_intra_class_2/last' (iter 5159, epoch 11.0)
=> saved checkpoint 'checkpoint_scores_CNN/mnist_classif_distance_intra_class_2/last' (iter 5159, epoch 11.0)
[Save Checkpoint] epoch: [11.0], Train score:97.48833, Test score:97.24000, train loss:-0.97375, test loss:-0.97140, ratio_train_loss:0.00000,ratio_test_loss:0.00000, total_loss_train:-0.97375,total_loss_test:-0.97140, var distance inter class train:0.00000,var distance inter class test:0.00000
=> saved checkpoint 'checkpoints_CNN/mnist_classif_distance_intra_class_2/last' (iter 5628, epoch 12.0)
=> saved checkpoint 'checkpoint_scores_CNN/mnist_classif_distance_intra_class_2/last' (iter 5628, epoch 12.0)
EarlyStopping counter: 1 out of 10
[Save Checkpoint] epoch: [12.0], Train score:97.52000, Test score:97.20000, train loss:-0.97420, test loss:-0.97098, ratio_train_loss:0.00000,ratio_test_loss:0.00000, total_loss_train:-0.97420,total_loss_test:-0.97098, var distance inter class train:0.00000,var distance inter class test:0.00000
=> saved checkpoint 'checkpoints_CNN/mnist_classif_distance_intra_class_2/last' (iter 6097, epoch 13.0)
=> saved checkpoint 'checkpoint_scores_CNN/mnist_classif_distance_intra_class_2/last' (iter 6097, epoch 13.0)
EarlyStopping counter: 2 out of 10
[Save Checkpoint] epoch: [13.0], Train score:97.44500, Test score:96.92000, train loss:-0.97358, test loss:-0.96870, ratio_train_loss:0.00000,ratio_test_loss:0.00000, total_loss_train:-0.97358,total_loss_test:-0.96870, var distance inter class train:0.00000,var distance inter class test:0.00000
=> saved checkpoint 'checkpoints_CNN/mnist_classif_distance_intra_class_2/last' (iter 6566, epoch 14.0)
=> saved checkpoint 'checkpoint_scores_CNN/mnist_classif_distance_intra_class_2/last' (iter 6566, epoch 14.0)
[Save Checkpoint] epoch: [14.0], Train score:97.71833, Test score:97.65000, train loss:-0.97627, test loss:-0.97564, ratio_train_loss:0.00000,ratio_test_loss:0.00000, total_loss_train:-0.97627,total_loss_test:-0.97564, var distance inter class train:0.00000,var distance inter class test:0.00000
=> saved checkpoint 'checkpoints_CNN/mnist_classif_distance_intra_class_2/last' (iter 7035, epoch 15.0)
=> saved checkpoint 'checkpoint_scores_CNN/mnist_classif_distance_intra_class_2/last' (iter 7035, epoch 15.0)
EarlyStopping counter: 1 out of 10
[Save Checkpoint] epoch: [15.0], Train score:97.49667, Test score:97.25000, train loss:-0.97426, test loss:-0.97214, ratio_train_loss:0.00000,ratio_test_loss:0.00000, total_loss_train:-0.97426,total_loss_test:-0.97214, var distance inter class train:0.00000,var distance inter class test:0.00000
=> saved checkpoint 'checkpoints_CNN/mnist_classif_distance_intra_class_2/last' (iter 7504, epoch 16.0)
=> saved checkpoint 'checkpoint_scores_CNN/mnist_classif_distance_intra_class_2/last' (iter 7504, epoch 16.0)
EarlyStopping counter: 2 out of 10
[Save Checkpoint] epoch: [16.0], Train score:97.76000, Test score:97.55000, train loss:-0.97702, test loss:-0.97442, ratio_train_loss:0.00000,ratio_test_loss:0.00000, total_loss_train:-0.97702,total_loss_test:-0.97442, var distance inter class train:0.00000,var distance inter class test:0.00000
=> saved checkpoint 'checkpoints_CNN/mnist_classif_distance_intra_class_2/last' (iter 7973, epoch 17.0)
=> saved checkpoint 'checkpoint_scores_CNN/mnist_classif_distance_intra_class_2/last' (iter 7973, epoch 17.0)
EarlyStopping counter: 3 out of 10
[Save Checkpoint] epoch: [17.0], Train score:97.77500, Test score:97.59000, train loss:-0.97717, test loss:-0.97498, ratio_train_loss:0.00000,ratio_test_loss:0.00000, total_loss_train:-0.97717,total_loss_test:-0.97498, var distance inter class train:0.00000,var distance inter class test:0.00000
=> saved checkpoint 'checkpoints_CNN/mnist_classif_distance_intra_class_2/last' (iter 8442, epoch 18.0)
=> saved checkpoint 'checkpoint_scores_CNN/mnist_classif_distance_intra_class_2/last' (iter 8442, epoch 18.0)
EarlyStopping counter: 4 out of 10
[Save Checkpoint] epoch: [18.0], Train score:97.87833, Test score:97.55000, train loss:-0.97815, test loss:-0.97490, ratio_train_loss:0.00000,ratio_test_loss:0.00000, total_loss_train:-0.97815,total_loss_test:-0.97490, var distance inter class train:0.00000,var distance inter class test:0.00000
=> saved checkpoint 'checkpoints_CNN/mnist_classif_distance_intra_class_2/last' (iter 8911, epoch 19.0)
=> saved checkpoint 'checkpoint_scores_CNN/mnist_classif_distance_intra_class_2/last' (iter 8911, epoch 19.0)
EarlyStopping counter: 5 out of 10
[Save Checkpoint] epoch: [19.0], Train score:97.84833, Test score:97.52000, train loss:-0.97777, test loss:-0.97470, ratio_train_loss:0.00000,ratio_test_loss:0.00000, total_loss_train:-0.97777,total_loss_test:-0.97470, var distance inter class train:0.00000,var distance inter class test:0.00000
=> saved checkpoint 'checkpoints_CNN/mnist_classif_distance_intra_class_2/last' (iter 9380, epoch 20.0)
=> saved checkpoint 'checkpoint_scores_CNN/mnist_classif_distance_intra_class_2/last' (iter 9380, epoch 20.0)
EarlyStopping counter: 6 out of 10
[Save Checkpoint] epoch: [20.0], Train score:97.77667, Test score:97.58000, train loss:-0.97739, test loss:-0.97547, ratio_train_loss:0.00000,ratio_test_loss:0.00000, total_loss_train:-0.97739,total_loss_test:-0.97547, var distance inter class train:0.00000,var distance inter class test:0.00000
=> saved checkpoint 'checkpoints_CNN/mnist_classif_distance_intra_class_2/last' (iter 9849, epoch 21.0)
=> saved checkpoint 'checkpoint_scores_CNN/mnist_classif_distance_intra_class_2/last' (iter 9849, epoch 21.0)
EarlyStopping counter: 7 out of 10
[Save Checkpoint] epoch: [21.0], Train score:97.66667, Test score:97.42000, train loss:-0.97604, test loss:-0.97378, ratio_train_loss:0.00000,ratio_test_loss:0.00000, total_loss_train:-0.97604,total_loss_test:-0.97378, var distance inter class train:0.00000,var distance inter class test:0.00000
Variance: Class 3 with zeros or only one example so we don't use it !!!!
=> saved checkpoint 'checkpoints_CNN/mnist_classif_distance_intra_class_2/last' (iter 10318, epoch 22.0)
=> saved checkpoint 'checkpoint_scores_CNN/mnist_classif_distance_intra_class_2/last' (iter 10318, epoch 22.0)
EarlyStopping counter: 8 out of 10
[Save Checkpoint] epoch: [22.0], Train score:97.59333, Test score:97.22000, train loss:-0.97548, test loss:-0.97199, ratio_train_loss:0.00000,ratio_test_loss:0.00000, total_loss_train:-0.97548,total_loss_test:-0.97199, var distance inter class train:0.00000,var distance inter class test:0.00000
=> saved checkpoint 'checkpoints_CNN/mnist_classif_distance_intra_class_2/last' (iter 10787, epoch 23.0)
=> saved checkpoint 'checkpoint_scores_CNN/mnist_classif_distance_intra_class_2/last' (iter 10787, epoch 23.0)
[Save Checkpoint] epoch: [23.0], Train score:97.85667, Test score:97.69000, train loss:-0.97837, test loss:-0.97642, ratio_train_loss:0.00000,ratio_test_loss:0.00000, total_loss_train:-0.97837,total_loss_test:-0.97642, var distance inter class train:0.00000,var distance inter class test:0.00000
=> saved checkpoint 'checkpoints_CNN/mnist_classif_distance_intra_class_2/last' (iter 11256, epoch 24.0)
=> saved checkpoint 'checkpoint_scores_CNN/mnist_classif_distance_intra_class_2/last' (iter 11256, epoch 24.0)
EarlyStopping counter: 1 out of 10
[Save Checkpoint] epoch: [24.0], Train score:97.91333, Test score:97.54000, train loss:-0.97864, test loss:-0.97525, ratio_train_loss:0.00000,ratio_test_loss:0.00000, total_loss_train:-0.97864,total_loss_test:-0.97525, var distance inter class train:0.00000,var distance inter class test:0.00000
=> saved checkpoint 'checkpoints_CNN/mnist_classif_distance_intra_class_2/last' (iter 11725, epoch 25.0)
=> saved checkpoint 'checkpoint_scores_CNN/mnist_classif_distance_intra_class_2/last' (iter 11725, epoch 25.0)
EarlyStopping counter: 2 out of 10
[Save Checkpoint] epoch: [25.0], Train score:97.63833, Test score:97.52000, train loss:-0.97569, test loss:-0.97436, ratio_train_loss:0.00000,ratio_test_loss:0.00000, total_loss_train:-0.97569,total_loss_test:-0.97436, var distance inter class train:0.00000,var distance inter class test:0.00000
=> saved checkpoint 'checkpoints_CNN/mnist_classif_distance_intra_class_2/last' (iter 12194, epoch 26.0)
=> saved checkpoint 'checkpoint_scores_CNN/mnist_classif_distance_intra_class_2/last' (iter 12194, epoch 26.0)
[Save Checkpoint] epoch: [26.0], Train score:98.06000, Test score:97.87000, train loss:-0.98025, test loss:-0.97823, ratio_train_loss:0.00000,ratio_test_loss:0.00000, total_loss_train:-0.98025,total_loss_test:-0.97823, var distance inter class train:0.00000,var distance inter class test:0.00000
=> saved checkpoint 'checkpoints_CNN/mnist_classif_distance_intra_class_2/last' (iter 12663, epoch 27.0)
=> saved checkpoint 'checkpoint_scores_CNN/mnist_classif_distance_intra_class_2/last' (iter 12663, epoch 27.0)
EarlyStopping counter: 1 out of 10
[Save Checkpoint] epoch: [27.0], Train score:97.80167, Test score:97.70000, train loss:-0.97775, test loss:-0.97634, ratio_train_loss:0.00000,ratio_test_loss:0.00000, total_loss_train:-0.97775,total_loss_test:-0.97634, var distance inter class train:0.00000,var distance inter class test:0.00000
=> saved checkpoint 'checkpoints_CNN/mnist_classif_distance_intra_class_2/last' (iter 13132, epoch 28.0)
=> saved checkpoint 'checkpoint_scores_CNN/mnist_classif_distance_intra_class_2/last' (iter 13132, epoch 28.0)
EarlyStopping counter: 2 out of 10
[Save Checkpoint] epoch: [28.0], Train score:97.90167, Test score:97.84000, train loss:-0.97860, test loss:-0.97743, ratio_train_loss:0.00000,ratio_test_loss:0.00000, total_loss_train:-0.97860,total_loss_test:-0.97743, var distance inter class train:0.00000,var distance inter class test:0.00000
=> saved checkpoint 'checkpoints_CNN/mnist_classif_distance_intra_class_2/last' (iter 13601, epoch 29.0)
=> saved checkpoint 'checkpoint_scores_CNN/mnist_classif_distance_intra_class_2/last' (iter 13601, epoch 29.0)
EarlyStopping counter: 3 out of 10
[Save Checkpoint] epoch: [29.0], Train score:97.96333, Test score:97.72000, train loss:-0.97926, test loss:-0.97665, ratio_train_loss:0.00000,ratio_test_loss:0.00000, total_loss_train:-0.97926,total_loss_test:-0.97665, var distance inter class train:0.00000,var distance inter class test:0.00000
=> saved checkpoint 'checkpoints_CNN/mnist_classif_distance_intra_class_2/last' (iter 14070, epoch 30.0)
=> saved checkpoint 'checkpoint_scores_CNN/mnist_classif_distance_intra_class_2/last' (iter 14070, epoch 30.0)
EarlyStopping counter: 4 out of 10
[Save Checkpoint] epoch: [30.0], Train score:97.85667, Test score:97.75000, train loss:-0.97804, test loss:-0.97749, ratio_train_loss:0.00000,ratio_test_loss:0.00000, total_loss_train:-0.97804,total_loss_test:-0.97749, var distance inter class train:0.00000,var distance inter class test:0.00000
=> saved checkpoint 'checkpoints_CNN/mnist_classif_distance_intra_class_2/last' (iter 14539, epoch 31.0)
=> saved checkpoint 'checkpoint_scores_CNN/mnist_classif_distance_intra_class_2/last' (iter 14539, epoch 31.0)
EarlyStopping counter: 5 out of 10
[Save Checkpoint] epoch: [31.0], Train score:98.01000, Test score:97.83000, train loss:-0.97993, test loss:-0.97798, ratio_train_loss:0.00000,ratio_test_loss:0.00000, total_loss_train:-0.97993,total_loss_test:-0.97798, var distance inter class train:0.00000,var distance inter class test:0.00000
=> saved checkpoint 'checkpoints_CNN/mnist_classif_distance_intra_class_2/last' (iter 15008, epoch 32.0)
=> saved checkpoint 'checkpoint_scores_CNN/mnist_classif_distance_intra_class_2/last' (iter 15008, epoch 32.0)
[Save Checkpoint] epoch: [32.0], Train score:98.04833, Test score:97.85000, train loss:-0.98013, test loss:-0.97870, ratio_train_loss:0.00000,ratio_test_loss:0.00000, total_loss_train:-0.98013,total_loss_test:-0.97870, var distance inter class train:0.00000,var distance inter class test:0.00000
=> saved checkpoint 'checkpoints_CNN/mnist_classif_distance_intra_class_2/last' (iter 15477, epoch 33.0)
=> saved checkpoint 'checkpoint_scores_CNN/mnist_classif_distance_intra_class_2/last' (iter 15477, epoch 33.0)
EarlyStopping counter: 1 out of 10
[Save Checkpoint] epoch: [33.0], Train score:97.98000, Test score:97.84000, train loss:-0.97937, test loss:-0.97815, ratio_train_loss:0.00000,ratio_test_loss:0.00000, total_loss_train:-0.97937,total_loss_test:-0.97815, var distance inter class train:0.00000,var distance inter class test:0.00000
=> saved checkpoint 'checkpoints_CNN/mnist_classif_distance_intra_class_2/last' (iter 15946, epoch 34.0)
=> saved checkpoint 'checkpoint_scores_CNN/mnist_classif_distance_intra_class_2/last' (iter 15946, epoch 34.0)
EarlyStopping counter: 2 out of 10
[Save Checkpoint] epoch: [34.0], Train score:98.07333, Test score:97.78000, train loss:-0.98034, test loss:-0.97804, ratio_train_loss:0.00000,ratio_test_loss:0.00000, total_loss_train:-0.98034,total_loss_test:-0.97804, var distance inter class train:0.00000,var distance inter class test:0.00000
=> saved checkpoint 'checkpoints_CNN/mnist_classif_distance_intra_class_2/last' (iter 16415, epoch 35.0)
=> saved checkpoint 'checkpoint_scores_CNN/mnist_classif_distance_intra_class_2/last' (iter 16415, epoch 35.0)
EarlyStopping counter: 3 out of 10
[Save Checkpoint] epoch: [35.0], Train score:98.01833, Test score:97.67000, train loss:-0.98001, test loss:-0.97696, ratio_train_loss:0.00000,ratio_test_loss:0.00000, total_loss_train:-0.98001,total_loss_test:-0.97696, var distance inter class train:0.00000,var distance inter class test:0.00000
=> saved checkpoint 'checkpoints_CNN/mnist_classif_distance_intra_class_2/last' (iter 16884, epoch 36.0)
