95
--dataset mnist --model CNN --gpu_devices 0 1 --max_iter 50 --batch_size 64 --ckpt_dir checkpoints_CNN --ckpt_dir_scores checkpoint_scores_CNN --use_scheduler True --GMP True --lr 1e-3 --z_struct_size 30 --add_classification_layer False --classif_layer_size 30 --is_default_model False --is_custom_model False --is_custom_model_BK True --big_kernel_size 8 --two_conv_layer True --three_conv_layer False --BK_in_first_layer True --BK_in_second_layer False --BK_in_third_layer False --stride_size 1 --hidden_filters_layer1 32 --hidden_filters_layer2 20 --hidden_filters_layer3 32 --ratio_reg True --lambda_ratio_reg 0.001 --lambda_class 1 --contrastive_loss True --alpha 32 --loss Proxy_Anchor --optimizer adamw --mrg 0.1 --IPC False --warm 1 --sz_embedding 20 --exp_name CNN_mnist_contrastive_loss_20_test_4_1
Namespace(BK_in_first_layer=True, BK_in_second_layer=False, BK_in_third_layer=False, BN=False, C_max=25, C_stop_iter=100000.0, E1_AE=False, E1_VAE=False, E1_conv=False, E1_dense=False, E1_second_conv=False, E1_second_conv_adapt=False, GMP=True, IPC=False, L1_norm_act=False, L1_norm_weights=False, L3_without_random=False, LOG_DIR='logs', adapt_lr=False, add_classification_layer=False, add_linear_after_GMP=True, add_z_struct_bottleneck=False, alpha=32.0, batch_size=64, beta=1, beta1=0.9, beta2=0.999, big_kernel=False, big_kernel_size=[8], binary_z=False, ckpt_dir='checkpoints_CNN', ckpt_dir_scores='checkpoint_scores_CNN', classif_layer_size=30, contrastive_loss=True, cuda=True, dataset='mnist', display_step=10000, dset_dir='data', exp_name='CNN_mnist_contrastive_loss_20_test_4_1', gamma=1000, gpu_devices=[0, 1], hidden_filters_layer1=32, hidden_filters_layer2=20, hidden_filters_layer3=32, image_size=64, is_C=True, is_E1=False, is_binary_structural_latent=False, is_custom_model=False, is_custom_model_BK=True, is_default_model=False, is_noise_stats=False, is_partial_rand_class=False, is_perturbed_score=False, is_zvar_sim_loss=False, just_train=False, kernel_size=4, lambda_Kl_struct=1, lambda_Kl_var=1, lambda_L1=0.01, lambda_VAE=1, lambda_class=1.0, lambda_partial_class=1, lambda_ratio_reg=0.001, lambda_recon_wt_rand=1, lambda_recons=1, lambda_zvar_sim=1, latent_spec_cont=None, latent_spec_cont_class=None, latent_spec_cont_var=None, latent_spec_disc=None, latent_spec_disc_class=None, latent_spec_disc_var=None, log_level='info', loss='Proxy_Anchor', lr=0.001, max_iter=50.0, model='CNN', mrg=0.1, num_workers=2, old_weighted=False, optimizer='adamw', other_ratio=False, random_percentage=0.2, ratio_reg=True, remark='', save_step=10000, second_layer_C=False, seed=1, stride_size=1, sz_embedding=20, three_conv_layer=False, train=True, two_conv_layer=True, two_encoder=False, use_early_stopping=True, use_scheduler=True, warm=1, without_acc=False, z_struct_size=30, zeros_W_Classif=False, zvar_sim_change_zvar=False, zvar_sim_loss_for_all_model=False, zvar_sim_loss_only_for_encoder=False, zvar_sim_normal=False, zvar_sim_var_rand=False)
CUDA Visible devices !
Random Sampling
Custom_CNN_BK(
  (net): Sequential(
    (0): Conv2d(1, 32, kernel_size=(8, 8), stride=(1, 1))
    (1): BatchNorm2d(32, eps=1e-05, momentum=0.1, affine=True, track_running_stats=True)
    (2): ReLU(inplace=True)
    (3): Conv2d(32, 20, kernel_size=(4, 4), stride=(1, 1))
    (4): BatchNorm2d(20, eps=1e-05, momentum=0.1, affine=True, track_running_stats=True)
    (5): ReLU(inplace=True)
    (6): AdaptiveMaxPool2d(output_size=(1, 1))
    (7): View()
    (8): Linear(in_features=20, out_features=30, bias=True)
    (9): BatchNorm1d(30, eps=1e-05, momentum=0.1, affine=True, track_running_stats=True)
    (10): ReLU(inplace=True)
    (11): Dropout(p=0.4, inplace=False)
    (12): Linear(in_features=30, out_features=10, bias=True)
    (13): Softmax(dim=None)
  )
)
The number of parameters of model is 13444
use 1 gpu who named: GeForce RTX 2080 Ti
=> loaded sample_scores and losses
=> no checkpoint found at 'checkpoints_CNN/CNN_mnist_contrastive_loss_20_test_4_1/last'
=> saved checkpoint 'checkpoints_CNN/CNN_mnist_contrastive_loss_20_test_4_1/last' (iter 938, epoch 1.0)
=> saved checkpoint 'checkpoint_scores_CNN/CNN_mnist_contrastive_loss_20_test_4_1/last' (iter 938, epoch 1)
[Save Checkpoint] epoch: [1.0], Train score:95.18833, Test score:95.70000, train loss:-0.93506, test loss:-0.93983, ratio_train_loss:0.75414,ratio_test_loss:0.72407, total_loss_train:-0.18092,total_loss_test:-0.21576, 
=> saved checkpoint 'checkpoints_CNN/CNN_mnist_contrastive_loss_20_test_4_1/last' (iter 1876, epoch 2.0)
=> saved checkpoint 'checkpoint_scores_CNN/CNN_mnist_contrastive_loss_20_test_4_1/last' (iter 1876, epoch 2)
[Save Checkpoint] epoch: [2.0], Train score:96.74167, Test score:96.95000, train loss:-0.96082, test loss:-0.96230, ratio_train_loss:0.69321,ratio_test_loss:0.66511, total_loss_train:-0.26761,total_loss_test:-0.29720, 
=> saved checkpoint 'checkpoints_CNN/CNN_mnist_contrastive_loss_20_test_4_1/last' (iter 2814, epoch 3.0)
=> saved checkpoint 'checkpoint_scores_CNN/CNN_mnist_contrastive_loss_20_test_4_1/last' (iter 2814, epoch 3)
[Save Checkpoint] epoch: [3.0], Train score:96.83833, Test score:96.94000, train loss:-0.96465, test loss:-0.96522, ratio_train_loss:0.65705,ratio_test_loss:0.63118, total_loss_train:-0.30760,total_loss_test:-0.33404, 
=> saved checkpoint 'checkpoints_CNN/CNN_mnist_contrastive_loss_20_test_4_1/last' (iter 3752, epoch 4.0)
EarlyStopping counter: 1 out of 20
=> saved checkpoint 'checkpoint_scores_CNN/CNN_mnist_contrastive_loss_20_test_4_1/last' (iter 3752, epoch 4)
[Save Checkpoint] epoch: [4.0], Train score:97.39000, Test score:97.28000, train loss:-0.97120, test loss:-0.97049, ratio_train_loss:0.70437,ratio_test_loss:0.68113, total_loss_train:-0.26683,total_loss_test:-0.28936, 
=> saved checkpoint 'checkpoints_CNN/CNN_mnist_contrastive_loss_20_test_4_1/last' (iter 4690, epoch 5.0)
=> saved checkpoint 'checkpoint_scores_CNN/CNN_mnist_contrastive_loss_20_test_4_1/last' (iter 4690, epoch 5)
[Save Checkpoint] epoch: [5.0], Train score:97.37667, Test score:97.32000, train loss:-0.97168, test loss:-0.97188, ratio_train_loss:0.65909,ratio_test_loss:0.62605, total_loss_train:-0.31259,total_loss_test:-0.34584, 
=> saved checkpoint 'checkpoints_CNN/CNN_mnist_contrastive_loss_20_test_4_1/last' (iter 5628, epoch 6.0)
=> saved checkpoint 'checkpoint_scores_CNN/CNN_mnist_contrastive_loss_20_test_4_1/last' (iter 5628, epoch 6)
[Save Checkpoint] epoch: [6.0], Train score:97.51000, Test score:97.53000, train loss:-0.97331, test loss:-0.97345, ratio_train_loss:0.63746,ratio_test_loss:0.60615, total_loss_train:-0.33584,total_loss_test:-0.36730, 
=> saved checkpoint 'checkpoints_CNN/CNN_mnist_contrastive_loss_20_test_4_1/last' (iter 6566, epoch 7.0)
EarlyStopping counter: 1 out of 20
=> saved checkpoint 'checkpoint_scores_CNN/CNN_mnist_contrastive_loss_20_test_4_1/last' (iter 6566, epoch 7)
[Save Checkpoint] epoch: [7.0], Train score:97.86000, Test score:97.79000, train loss:-0.97722, test loss:-0.97713, ratio_train_loss:0.65474,ratio_test_loss:0.62298, total_loss_train:-0.32248,total_loss_test:-0.35415, 
=> saved checkpoint 'checkpoints_CNN/CNN_mnist_contrastive_loss_20_test_4_1/last' (iter 7504, epoch 8.0)
EarlyStopping counter: 2 out of 20
=> saved checkpoint 'checkpoint_scores_CNN/CNN_mnist_contrastive_loss_20_test_4_1/last' (iter 7504, epoch 8)
[Save Checkpoint] epoch: [8.0], Train score:97.78500, Test score:97.69000, train loss:-0.97654, test loss:-0.97544, ratio_train_loss:0.63976,ratio_test_loss:0.61472, total_loss_train:-0.33679,total_loss_test:-0.36072, 
=> saved checkpoint 'checkpoints_CNN/CNN_mnist_contrastive_loss_20_test_4_1/last' (iter 8442, epoch 9.0)
EarlyStopping counter: 3 out of 20
=> saved checkpoint 'checkpoint_scores_CNN/CNN_mnist_contrastive_loss_20_test_4_1/last' (iter 8442, epoch 9)
[Save Checkpoint] epoch: [9.0], Train score:98.04000, Test score:97.96000, train loss:-0.97903, test loss:-0.97812, ratio_train_loss:0.64769,ratio_test_loss:0.62990, total_loss_train:-0.33134,total_loss_test:-0.34821, 
=> saved checkpoint 'checkpoints_CNN/CNN_mnist_contrastive_loss_20_test_4_1/last' (iter 9380, epoch 10.0)
=> saved checkpoint 'checkpoint_scores_CNN/CNN_mnist_contrastive_loss_20_test_4_1/last' (iter 9380, epoch 10)
[Save Checkpoint] epoch: [10.0], Train score:98.08667, Test score:97.94000, train loss:-0.97984, test loss:-0.97869, ratio_train_loss:0.62760,ratio_test_loss:0.60632, total_loss_train:-0.35224,total_loss_test:-0.37238, 
=> saved checkpoint 'checkpoints_CNN/CNN_mnist_contrastive_loss_20_test_4_1/last' (iter 10318, epoch 11.0)
=> saved checkpoint 'checkpoint_scores_CNN/CNN_mnist_contrastive_loss_20_test_4_1/last' (iter 10318, epoch 11)
[Save Checkpoint] epoch: [11.0], Train score:97.97667, Test score:97.94000, train loss:-0.97858, test loss:-0.97831, ratio_train_loss:0.60350,ratio_test_loss:0.58505, total_loss_train:-0.37507,total_loss_test:-0.39327, 
=> saved checkpoint 'checkpoints_CNN/CNN_mnist_contrastive_loss_20_test_4_1/last' (iter 11256, epoch 12.0)
EarlyStopping counter: 1 out of 20
=> saved checkpoint 'checkpoint_scores_CNN/CNN_mnist_contrastive_loss_20_test_4_1/last' (iter 11256, epoch 12)
[Save Checkpoint] epoch: [12.0], Train score:98.14167, Test score:98.11000, train loss:-0.98065, test loss:-0.98062, ratio_train_loss:0.65873,ratio_test_loss:0.63999, total_loss_train:-0.32192,total_loss_test:-0.34063, 
=> saved checkpoint 'checkpoints_CNN/CNN_mnist_contrastive_loss_20_test_4_1/last' (iter 12194, epoch 13.0)
EarlyStopping counter: 2 out of 20
=> saved checkpoint 'checkpoint_scores_CNN/CNN_mnist_contrastive_loss_20_test_4_1/last' (iter 12194, epoch 13)
[Save Checkpoint] epoch: [13.0], Train score:98.10833, Test score:98.10000, train loss:-0.98046, test loss:-0.98023, ratio_train_loss:0.60730,ratio_test_loss:0.59072, total_loss_train:-0.37316,total_loss_test:-0.38952, 
=> saved checkpoint 'checkpoints_CNN/CNN_mnist_contrastive_loss_20_test_4_1/last' (iter 13132, epoch 14.0)
EarlyStopping counter: 3 out of 20
=> saved checkpoint 'checkpoint_scores_CNN/CNN_mnist_contrastive_loss_20_test_4_1/last' (iter 13132, epoch 14)
[Save Checkpoint] epoch: [14.0], Train score:98.30667, Test score:98.12000, train loss:-0.98200, test loss:-0.98085, ratio_train_loss:0.62539,ratio_test_loss:0.59912, total_loss_train:-0.35661,total_loss_test:-0.38173, 
=> saved checkpoint 'checkpoints_CNN/CNN_mnist_contrastive_loss_20_test_4_1/last' (iter 14070, epoch 15.0)
EarlyStopping counter: 4 out of 20
=> saved checkpoint 'checkpoint_scores_CNN/CNN_mnist_contrastive_loss_20_test_4_1/last' (iter 14070, epoch 15)
[Save Checkpoint] epoch: [15.0], Train score:98.34000, Test score:98.16000, train loss:-0.98264, test loss:-0.98107, ratio_train_loss:0.61884,ratio_test_loss:0.60887, total_loss_train:-0.36380,total_loss_test:-0.37220, 
=> saved checkpoint 'checkpoints_CNN/CNN_mnist_contrastive_loss_20_test_4_1/last' (iter 15008, epoch 16.0)
=> saved checkpoint 'checkpoint_scores_CNN/CNN_mnist_contrastive_loss_20_test_4_1/last' (iter 15008, epoch 16)
[Save Checkpoint] epoch: [16.0], Train score:98.39667, Test score:98.41000, train loss:-0.98340, test loss:-0.98317, ratio_train_loss:0.59015,ratio_test_loss:0.57225, total_loss_train:-0.39324,total_loss_test:-0.41093, 
=> saved checkpoint 'checkpoints_CNN/CNN_mnist_contrastive_loss_20_test_4_1/last' (iter 15946, epoch 17.0)
EarlyStopping counter: 1 out of 20
=> saved checkpoint 'checkpoint_scores_CNN/CNN_mnist_contrastive_loss_20_test_4_1/last' (iter 15946, epoch 17)
[Save Checkpoint] epoch: [17.0], Train score:98.40000, Test score:98.25000, train loss:-0.98347, test loss:-0.98184, ratio_train_loss:0.60171,ratio_test_loss:0.58632, total_loss_train:-0.38176,total_loss_test:-0.39553, 
=> saved checkpoint 'checkpoints_CNN/CNN_mnist_contrastive_loss_20_test_4_1/last' (iter 16884, epoch 18.0)
EarlyStopping counter: 2 out of 20
=> saved checkpoint 'checkpoint_scores_CNN/CNN_mnist_contrastive_loss_20_test_4_1/last' (iter 16884, epoch 18)
[Save Checkpoint] epoch: [18.0], Train score:98.42167, Test score:98.29000, train loss:-0.98346, test loss:-0.98236, ratio_train_loss:0.63647,ratio_test_loss:0.61274, total_loss_train:-0.34698,total_loss_test:-0.36961, 
=> saved checkpoint 'checkpoints_CNN/CNN_mnist_contrastive_loss_20_test_4_1/last' (iter 17822, epoch 19.0)
EarlyStopping counter: 3 out of 20
=> saved checkpoint 'checkpoint_scores_CNN/CNN_mnist_contrastive_loss_20_test_4_1/last' (iter 17822, epoch 19)
[Save Checkpoint] epoch: [19.0], Train score:98.50667, Test score:98.43000, train loss:-0.98429, test loss:-0.98380, ratio_train_loss:0.63093,ratio_test_loss:0.61282, total_loss_train:-0.35335,total_loss_test:-0.37098, 
=> saved checkpoint 'checkpoints_CNN/CNN_mnist_contrastive_loss_20_test_4_1/last' (iter 18760, epoch 20.0)
EarlyStopping counter: 4 out of 20
=> saved checkpoint 'checkpoint_scores_CNN/CNN_mnist_contrastive_loss_20_test_4_1/last' (iter 18760, epoch 20)
[Save Checkpoint] epoch: [20.0], Train score:98.46333, Test score:98.35000, train loss:-0.98407, test loss:-0.98315, ratio_train_loss:0.61427,ratio_test_loss:0.59567, total_loss_train:-0.36980,total_loss_test:-0.38748, 
=> saved checkpoint 'checkpoints_CNN/CNN_mnist_contrastive_loss_20_test_4_1/last' (iter 19698, epoch 21.0)
EarlyStopping counter: 5 out of 20
=> saved checkpoint 'checkpoint_scores_CNN/CNN_mnist_contrastive_loss_20_test_4_1/last' (iter 19698, epoch 21)
[Save Checkpoint] epoch: [21.0], Train score:98.48667, Test score:98.15000, train loss:-0.98426, test loss:-0.98122, ratio_train_loss:0.66630,ratio_test_loss:0.64652, total_loss_train:-0.31796,total_loss_test:-0.33469, 
=> saved checkpoint 'checkpoints_CNN/CNN_mnist_contrastive_loss_20_test_4_1/last' (iter 20636, epoch 22.0)
EarlyStopping counter: 6 out of 20
=> saved checkpoint 'checkpoint_scores_CNN/CNN_mnist_contrastive_loss_20_test_4_1/last' (iter 20636, epoch 22)
[Save Checkpoint] epoch: [22.0], Train score:98.55167, Test score:98.34000, train loss:-0.98496, test loss:-0.98265, ratio_train_loss:0.62069,ratio_test_loss:0.60607, total_loss_train:-0.36428,total_loss_test:-0.37658, 
=> saved checkpoint 'checkpoints_CNN/CNN_mnist_contrastive_loss_20_test_4_1/last' (iter 21574, epoch 23.0)
EarlyStopping counter: 7 out of 20
=> saved checkpoint 'checkpoint_scores_CNN/CNN_mnist_contrastive_loss_20_test_4_1/last' (iter 21574, epoch 23)
[Save Checkpoint] epoch: [23.0], Train score:98.53833, Test score:98.30000, train loss:-0.98481, test loss:-0.98314, ratio_train_loss:0.64966,ratio_test_loss:0.62198, total_loss_train:-0.33514,total_loss_test:-0.36116, 
=> saved checkpoint 'checkpoints_CNN/CNN_mnist_contrastive_loss_20_test_4_1/last' (iter 22512, epoch 24.0)
=> saved checkpoint 'checkpoint_scores_CNN/CNN_mnist_contrastive_loss_20_test_4_1/last' (iter 22512, epoch 24)
[Save Checkpoint] epoch: [24.0], Train score:98.54667, Test score:98.40000, train loss:-0.98500, test loss:-0.98341, ratio_train_loss:0.58569,ratio_test_loss:0.56989, total_loss_train:-0.39931,total_loss_test:-0.41351, 
=> saved checkpoint 'checkpoints_CNN/CNN_mnist_contrastive_loss_20_test_4_1/last' (iter 23450, epoch 25.0)
EarlyStopping counter: 1 out of 20
=> saved checkpoint 'checkpoint_scores_CNN/CNN_mnist_contrastive_loss_20_test_4_1/last' (iter 23450, epoch 25)
[Save Checkpoint] epoch: [25.0], Train score:98.58500, Test score:98.44000, train loss:-0.98533, test loss:-0.98367, ratio_train_loss:0.62403,ratio_test_loss:0.60862, total_loss_train:-0.36130,total_loss_test:-0.37505, 
=> saved checkpoint 'checkpoints_CNN/CNN_mnist_contrastive_loss_20_test_4_1/last' (iter 24388, epoch 26.0)
EarlyStopping counter: 2 out of 20
=> saved checkpoint 'checkpoint_scores_CNN/CNN_mnist_contrastive_loss_20_test_4_1/last' (iter 24388, epoch 26)
[Save Checkpoint] epoch: [26.0], Train score:98.47833, Test score:98.52000, train loss:-0.98443, test loss:-0.98443, ratio_train_loss:0.62114,ratio_test_loss:0.60862, total_loss_train:-0.36329,total_loss_test:-0.37581, 
=> saved checkpoint 'checkpoints_CNN/CNN_mnist_contrastive_loss_20_test_4_1/last' (iter 25326, epoch 27.0)
EarlyStopping counter: 3 out of 20
=> saved checkpoint 'checkpoint_scores_CNN/CNN_mnist_contrastive_loss_20_test_4_1/last' (iter 25326, epoch 27)
[Save Checkpoint] epoch: [27.0], Train score:98.48667, Test score:98.30000, train loss:-0.98468, test loss:-0.98245, ratio_train_loss:0.61237,ratio_test_loss:0.59322, total_loss_train:-0.37232,total_loss_test:-0.38923, 
=> saved checkpoint 'checkpoints_CNN/CNN_mnist_contrastive_loss_20_test_4_1/last' (iter 26264, epoch 28.0)
=> saved checkpoint 'checkpoint_scores_CNN/CNN_mnist_contrastive_loss_20_test_4_1/last' (iter 26264, epoch 28)
[Save Checkpoint] epoch: [28.0], Train score:98.45333, Test score:98.43000, train loss:-0.98401, test loss:-0.98377, ratio_train_loss:0.57053,ratio_test_loss:0.55146, total_loss_train:-0.41348,total_loss_test:-0.43230, 
=> saved checkpoint 'checkpoints_CNN/CNN_mnist_contrastive_loss_20_test_4_1/last' (iter 27202, epoch 29.0)
=> saved checkpoint 'checkpoint_scores_CNN/CNN_mnist_contrastive_loss_20_test_4_1/last' (iter 27202, epoch 29)
[Save Checkpoint] epoch: [29.0], Train score:98.58667, Test score:98.33000, train loss:-0.98548, test loss:-0.98324, ratio_train_loss:0.56066,ratio_test_loss:0.54535, total_loss_train:-0.42482,total_loss_test:-0.43789, 
=> saved checkpoint 'checkpoints_CNN/CNN_mnist_contrastive_loss_20_test_4_1/last' (iter 28140, epoch 30.0)
EarlyStopping counter: 1 out of 20
=> saved checkpoint 'checkpoint_scores_CNN/CNN_mnist_contrastive_loss_20_test_4_1/last' (iter 28140, epoch 30)
[Save Checkpoint] epoch: [30.0], Train score:98.45833, Test score:98.40000, train loss:-0.98434, test loss:-0.98378, ratio_train_loss:0.61450,ratio_test_loss:0.59556, total_loss_train:-0.36984,total_loss_test:-0.38822, 
=> saved checkpoint 'checkpoints_CNN/CNN_mnist_contrastive_loss_20_test_4_1/last' (iter 29078, epoch 31.0)
EarlyStopping counter: 2 out of 20
=> saved checkpoint 'checkpoint_scores_CNN/CNN_mnist_contrastive_loss_20_test_4_1/last' (iter 29078, epoch 31)
[Save Checkpoint] epoch: [31.0], Train score:98.53333, Test score:98.31000, train loss:-0.98472, test loss:-0.98224, ratio_train_loss:0.60895,ratio_test_loss:0.59783, total_loss_train:-0.37578,total_loss_test:-0.38441, 
=> saved checkpoint 'checkpoints_CNN/CNN_mnist_contrastive_loss_20_test_4_1/last' (iter 30016, epoch 32.0)
EarlyStopping counter: 3 out of 20
=> saved checkpoint 'checkpoint_scores_CNN/CNN_mnist_contrastive_loss_20_test_4_1/last' (iter 30016, epoch 32)
[Save Checkpoint] epoch: [32.0], Train score:98.67000, Test score:98.44000, train loss:-0.98649, test loss:-0.98369, ratio_train_loss:0.59609,ratio_test_loss:0.58488, total_loss_train:-0.39041,total_loss_test:-0.39881, 
=> saved checkpoint 'checkpoints_CNN/CNN_mnist_contrastive_loss_20_test_4_1/last' (iter 30954, epoch 33.0)
EarlyStopping counter: 4 out of 20
=> saved checkpoint 'checkpoint_scores_CNN/CNN_mnist_contrastive_loss_20_test_4_1/last' (iter 30954, epoch 33)
[Save Checkpoint] epoch: [33.0], Train score:98.68167, Test score:98.46000, train loss:-0.98625, test loss:-0.98417, ratio_train_loss:0.64722,ratio_test_loss:0.63319, total_loss_train:-0.33902,total_loss_test:-0.35098, 
=> saved checkpoint 'checkpoints_CNN/CNN_mnist_contrastive_loss_20_test_4_1/last' (iter 31892, epoch 34.0)
EarlyStopping counter: 5 out of 20
=> saved checkpoint 'checkpoint_scores_CNN/CNN_mnist_contrastive_loss_20_test_4_1/last' (iter 31892, epoch 34)
[Save Checkpoint] epoch: [34.0], Train score:98.69833, Test score:98.51000, train loss:-0.98665, test loss:-0.98468, ratio_train_loss:0.65864,ratio_test_loss:0.64513, total_loss_train:-0.32800,total_loss_test:-0.33954, 
=> saved checkpoint 'checkpoints_CNN/CNN_mnist_contrastive_loss_20_test_4_1/last' (iter 32830, epoch 35.0)
EarlyStopping counter: 6 out of 20
=> saved checkpoint 'checkpoint_scores_CNN/CNN_mnist_contrastive_loss_20_test_4_1/last' (iter 32830, epoch 35)
[Save Checkpoint] epoch: [35.0], Train score:98.65000, Test score:98.35000, train loss:-0.98594, test loss:-0.98330, ratio_train_loss:0.58381,ratio_test_loss:0.58070, total_loss_train:-0.40213,total_loss_test:-0.40259, 
=> saved checkpoint 'checkpoints_CNN/CNN_mnist_contrastive_loss_20_test_4_1/last' (iter 33768, epoch 36.0)
EarlyStopping counter: 7 out of 20
=> saved checkpoint 'checkpoint_scores_CNN/CNN_mnist_contrastive_loss_20_test_4_1/last' (iter 33768, epoch 36)
[Save Checkpoint] epoch: [36.0], Train score:98.68667, Test score:98.55000, train loss:-0.98645, test loss:-0.98458, ratio_train_loss:0.61587,ratio_test_loss:0.60902, total_loss_train:-0.37058,total_loss_test:-0.37556, 
=> saved checkpoint 'checkpoints_CNN/CNN_mnist_contrastive_loss_20_test_4_1/last' (iter 34706, epoch 37.0)
EarlyStopping counter: 8 out of 20
=> saved checkpoint 'checkpoint_scores_CNN/CNN_mnist_contrastive_loss_20_test_4_1/last' (iter 34706, epoch 37)
[Save Checkpoint] epoch: [37.0], Train score:98.36667, Test score:97.87000, train loss:-0.98298, test loss:-0.97825, ratio_train_loss:0.56801,ratio_test_loss:0.55696, total_loss_train:-0.41498,total_loss_test:-0.42129, 
=> saved checkpoint 'checkpoints_CNN/CNN_mnist_contrastive_loss_20_test_4_1/last' (iter 35644, epoch 38.0)
EarlyStopping counter: 9 out of 20
=> saved checkpoint 'checkpoint_scores_CNN/CNN_mnist_contrastive_loss_20_test_4_1/last' (iter 35644, epoch 38)
[Save Checkpoint] epoch: [38.0], Train score:98.82333, Test score:98.43000, train loss:-0.98771, test loss:-0.98432, ratio_train_loss:0.59558,ratio_test_loss:0.58028, total_loss_train:-0.39213,total_loss_test:-0.40404, 
=> saved checkpoint 'checkpoints_CNN/CNN_mnist_contrastive_loss_20_test_4_1/last' (iter 36582, epoch 39.0)
=> saved checkpoint 'checkpoint_scores_CNN/CNN_mnist_contrastive_loss_20_test_4_1/last' (iter 36582, epoch 39)
[Save Checkpoint] epoch: [39.0], Train score:98.64000, Test score:98.37000, train loss:-0.98599, test loss:-0.98334, ratio_train_loss:0.55380,ratio_test_loss:0.54040, total_loss_train:-0.43218,total_loss_test:-0.44294, 
=> saved checkpoint 'checkpoints_CNN/CNN_mnist_contrastive_loss_20_test_4_1/last' (iter 37520, epoch 40.0)
EarlyStopping counter: 1 out of 20
=> saved checkpoint 'checkpoint_scores_CNN/CNN_mnist_contrastive_loss_20_test_4_1/last' (iter 37520, epoch 40)
[Save Checkpoint] epoch: [40.0], Train score:98.61667, Test score:98.34000, train loss:-0.98567, test loss:-0.98286, ratio_train_loss:0.62802,ratio_test_loss:0.61486, total_loss_train:-0.35765,total_loss_test:-0.36800, 
=> saved checkpoint 'checkpoints_CNN/CNN_mnist_contrastive_loss_20_test_4_1/last' (iter 38458, epoch 41.0)
EarlyStopping counter: 2 out of 20
=> saved checkpoint 'checkpoint_scores_CNN/CNN_mnist_contrastive_loss_20_test_4_1/last' (iter 38458, epoch 41)
[Save Checkpoint] epoch: [41.0], Train score:98.71167, Test score:98.48000, train loss:-0.98677, test loss:-0.98416, ratio_train_loss:0.57290,ratio_test_loss:0.55929, total_loss_train:-0.41388,total_loss_test:-0.42487, 
=> saved checkpoint 'checkpoints_CNN/CNN_mnist_contrastive_loss_20_test_4_1/last' (iter 39396, epoch 42.0)
EarlyStopping counter: 3 out of 20
=> saved checkpoint 'checkpoint_scores_CNN/CNN_mnist_contrastive_loss_20_test_4_1/last' (iter 39396, epoch 42)
[Save Checkpoint] epoch: [42.0], Train score:98.70000, Test score:98.33000, train loss:-0.98665, test loss:-0.98340, ratio_train_loss:0.61586,ratio_test_loss:0.60679, total_loss_train:-0.37080,total_loss_test:-0.37661, 
=> saved checkpoint 'checkpoints_CNN/CNN_mnist_contrastive_loss_20_test_4_1/last' (iter 40334, epoch 43.0)
EarlyStopping counter: 4 out of 20
=> saved checkpoint 'checkpoint_scores_CNN/CNN_mnist_contrastive_loss_20_test_4_1/last' (iter 40334, epoch 43)
[Save Checkpoint] epoch: [43.0], Train score:98.84667, Test score:98.51000, train loss:-0.98820, test loss:-0.98497, ratio_train_loss:0.60933,ratio_test_loss:0.59363, total_loss_train:-0.37887,total_loss_test:-0.39134, 
=> saved checkpoint 'checkpoints_CNN/CNN_mnist_contrastive_loss_20_test_4_1/last' (iter 41272, epoch 44.0)
EarlyStopping counter: 5 out of 20
=> saved checkpoint 'checkpoint_scores_CNN/CNN_mnist_contrastive_loss_20_test_4_1/last' (iter 41272, epoch 44)
[Save Checkpoint] epoch: [44.0], Train score:98.82500, Test score:98.64000, train loss:-0.98798, test loss:-0.98613, ratio_train_loss:0.56006,ratio_test_loss:0.54566, total_loss_train:-0.42792,total_loss_test:-0.44047, 
=> saved checkpoint 'checkpoints_CNN/CNN_mnist_contrastive_loss_20_test_4_1/last' (iter 42210, epoch 45.0)
EarlyStopping counter: 6 out of 20
=> saved checkpoint 'checkpoint_scores_CNN/CNN_mnist_contrastive_loss_20_test_4_1/last' (iter 42210, epoch 45)
[Save Checkpoint] epoch: [45.0], Train score:98.74167, Test score:98.55000, train loss:-0.98718, test loss:-0.98481, ratio_train_loss:0.58768,ratio_test_loss:0.57297, total_loss_train:-0.39950,total_loss_test:-0.41184, 
=> saved checkpoint 'checkpoints_CNN/CNN_mnist_contrastive_loss_20_test_4_1/last' (iter 43148, epoch 46.0)
EarlyStopping counter: 7 out of 20
=> saved checkpoint 'checkpoint_scores_CNN/CNN_mnist_contrastive_loss_20_test_4_1/last' (iter 43148, epoch 46)
[Save Checkpoint] epoch: [46.0], Train score:98.69833, Test score:98.40000, train loss:-0.98669, test loss:-0.98358, ratio_train_loss:0.57850,ratio_test_loss:0.56823, total_loss_train:-0.40818,total_loss_test:-0.41536, 
=> saved checkpoint 'checkpoints_CNN/CNN_mnist_contrastive_loss_20_test_4_1/last' (iter 44086, epoch 47.0)
EarlyStopping counter: 8 out of 20
=> saved checkpoint 'checkpoint_scores_CNN/CNN_mnist_contrastive_loss_20_test_4_1/last' (iter 44086, epoch 47)
[Save Checkpoint] epoch: [47.0], Train score:98.75667, Test score:98.50000, train loss:-0.98741, test loss:-0.98461, ratio_train_loss:0.57987,ratio_test_loss:0.57393, total_loss_train:-0.40754,total_loss_test:-0.41068, 
=> saved checkpoint 'checkpoints_CNN/CNN_mnist_contrastive_loss_20_test_4_1/last' (iter 45024, epoch 48.0)
EarlyStopping counter: 9 out of 20
=> saved checkpoint 'checkpoint_scores_CNN/CNN_mnist_contrastive_loss_20_test_4_1/last' (iter 45024, epoch 48)
[Save Checkpoint] epoch: [48.0], Train score:98.65333, Test score:98.48000, train loss:-0.98612, test loss:-0.98448, ratio_train_loss:0.56187,ratio_test_loss:0.55313, total_loss_train:-0.42425,total_loss_test:-0.43135, 
=> saved checkpoint 'checkpoints_CNN/CNN_mnist_contrastive_loss_20_test_4_1/last' (iter 45962, epoch 49.0)
EarlyStopping counter: 10 out of 20
=> saved checkpoint 'checkpoint_scores_CNN/CNN_mnist_contrastive_loss_20_test_4_1/last' (iter 45962, epoch 49)
[Save Checkpoint] epoch: [49.0], Train score:98.89667, Test score:98.63000, train loss:-0.98884, test loss:-0.98637, ratio_train_loss:0.58018,ratio_test_loss:0.56732, total_loss_train:-0.40866,total_loss_test:-0.41905, 
=> saved checkpoint 'checkpoints_CNN/CNN_mnist_contrastive_loss_20_test_4_1/last' (iter 46900, epoch 50.0)
EarlyStopping counter: 11 out of 20
=> saved checkpoint 'checkpoint_scores_CNN/CNN_mnist_contrastive_loss_20_test_4_1/last' (iter 46900, epoch 50)
[Save Checkpoint] epoch: [50.0], Train score:98.80667, Test score:98.29000, train loss:-0.98780, test loss:-0.98291, ratio_train_loss:0.58855,ratio_test_loss:0.57437, total_loss_train:-0.39925,total_loss_test:-0.40853, 
[Training Finished]
All Done!
