52
--dataset mnist --model CNN --gpu_devices 0 1 --max_iter 50 --batch_size 256 --ckpt_dir checkpoints_CNN --ckpt_dir_scores checkpoint_scores_CNN --use_scheduler True --GMP True --lr 1e-3 --z_struct_size 20 --add_classification_layer True --classif_layer_size 30 --is_default_model False --is_custom_model False --is_custom_model_BK True --big_kernel_size 8 --two_conv_layer True --three_conv_layer False --BK_in_first_layer True --BK_in_second_layer False --BK_in_third_layer False --stride_size 1 --hidden_filters_layer1 32 --hidden_filters_layer2 32 --hidden_filters_layer3 32 --ratio_reg False --lambda_ratio_reg 1 --lambda_class 1 --other_ratio False --loss_min_distance_cl True --lambda_var_distance 0.01 --intra_class_variance_loss False --lambda_intra_class_var 1 --contrastive_loss False --lambda_contrastive_loss 1 --alpha 32 --loss Proxy_Anchor --optimizer adamw --mrg 0.1 --IPC False --warm 1 --sz_embedding 32 --dataset_balanced False --exp_name mnist_classif_distance_intra_class_2_4
Namespace(BK_in_first_layer=True, BK_in_second_layer=False, BK_in_third_layer=False, BN=False, C_max=25, C_stop_iter=100000.0, E1_AE=False, E1_VAE=False, E1_conv=False, E1_dense=False, E1_second_conv=False, E1_second_conv_adapt=False, GMP=True, IPC=False, L1_norm_act=False, L1_norm_weights=False, L3_without_random=False, LOG_DIR='logs', adapt_lr=False, add_classification_layer=True, add_linear_after_GMP=True, add_z_struct_bottleneck=False, alpha=32.0, batch_size=256, beta=1, beta1=0.9, beta2=0.999, big_kernel=False, big_kernel_size=[8], binary_z=False, ckpt_dir='checkpoints_CNN', ckpt_dir_scores='checkpoint_scores_CNN', classif_layer_size=30, contrastive_loss=False, cuda=True, dataset='mnist', dataset_balanced=False, display_step=10000, dset_dir='data', exp_name='mnist_classif_distance_intra_class_2_4', gamma=1000, gpu_devices=[0, 1], hidden_filters_layer1=32, hidden_filters_layer2=32, hidden_filters_layer3=32, image_size=64, intra_class_variance_loss=False, is_C=True, is_E1=False, is_binary_structural_latent=False, is_custom_model=False, is_custom_model_BK=True, is_default_model=False, is_noise_stats=False, is_partial_rand_class=False, is_perturbed_score=False, is_zvar_sim_loss=False, just_train=False, kernel_size=4, lambda_Kl_struct=1, lambda_Kl_var=1, lambda_L1=0.01, lambda_VAE=1, lambda_class=1.0, lambda_contrastive_loss=1.0, lambda_distance_mean=1, lambda_intra_class_var=1.0, lambda_partial_class=1, lambda_ratio_reg=1.0, lambda_recon_wt_rand=1, lambda_recons=1, lambda_var_distance=0.01, lambda_zvar_sim=1, latent_spec_cont=None, latent_spec_cont_class=None, latent_spec_cont_var=None, latent_spec_disc=None, latent_spec_disc_class=None, latent_spec_disc_var=None, log_level='info', loss='Proxy_Anchor', loss_distance_mean=False, loss_min_distance_cl=True, lr=0.001, max_iter=50.0, model='CNN', mrg=0.1, num_workers=2, old_weighted=False, optimizer='adamw', other_ratio=False, random_percentage=0.2, ratio_reg=False, remark='', save_step=10000, second_layer_C=False, seed=1, stride_size=1, sz_embedding=32, three_conv_layer=False, train=True, two_conv_layer=True, two_encoder=False, use_early_stopping=True, use_scheduler=True, warm=1, without_acc=False, z_struct_size=20, zeros_W_Classif=False, zvar_sim_change_zvar=False, zvar_sim_loss_for_all_model=False, zvar_sim_loss_only_for_encoder=False, zvar_sim_normal=False, zvar_sim_var_rand=False)
CUDA Visible devices !
Custom_CNN_BK(
  (net): Sequential(
    (0): Conv2d(1, 32, kernel_size=(8, 8), stride=(1, 1))
    (1): BatchNorm2d(32, eps=1e-05, momentum=0.1, affine=True, track_running_stats=True)
    (2): ReLU(inplace=True)
    (3): Conv2d(32, 32, kernel_size=(4, 4), stride=(1, 1))
    (4): BatchNorm2d(32, eps=1e-05, momentum=0.1, affine=True, track_running_stats=True)
    (5): ReLU(inplace=True)
    (6): AdaptiveMaxPool2d(output_size=(1, 1))
    (7): View()
    (8): Linear(in_features=32, out_features=20, bias=True)
    (9): BatchNorm1d(20, eps=1e-05, momentum=0.1, affine=True, track_running_stats=True)
    (10): ReLU(inplace=True)
    (11): Dropout(p=0.4, inplace=False)
    (12): Linear(in_features=20, out_features=30, bias=True)
    (13): BatchNorm1d(30, eps=1e-05, momentum=0.1, affine=True, track_running_stats=True)
    (14): ReLU(inplace=True)
    (15): Dropout(p=0.4, inplace=False)
    (16): Linear(in_features=30, out_features=10, bias=True)
    (17): Softmax(dim=None)
  )
)
The number of parameters of model is 20324
use 1 gpu who named: Tesla K80
=> loaded sample_scores and losses
=> loaded checkpoint 'checkpoints_CNN/mnist_classif_distance_intra_class_2_4/last (iter 235)'
Variance: In this batch for class 0, they are less images than 10. Don't use it to compute ratio!!!!
Variance: In this batch for class 1, they are less images than 10. Don't use it to compute ratio!!!!
Variance: In this batch for class 2, they are less images than 10. Don't use it to compute ratio!!!!
Variance: In this batch for class 3, they are less images than 10. Don't use it to compute ratio!!!!
Variance: In this batch for class 5, they are less images than 10. Don't use it to compute ratio!!!!
Variance: In this batch for class 6, they are less images than 10. Don't use it to compute ratio!!!!
Variance: In this batch for class 8, they are less images than 10. Don't use it to compute ratio!!!!
=> saved checkpoint 'checkpoints_CNN/mnist_classif_distance_intra_class_2_4/last' (iter 235, epoch 1.0)
=> saved checkpoint 'checkpoint_scores_CNN/mnist_classif_distance_intra_class_2_4/last' (iter 235, epoch 1.0)
[Save Checkpoint] epoch: [1.0], Train score:91.25167, Test score:91.94000, train loss:-0.88051, test loss:-0.88528, ratio_train_loss:0.00000,ratio_test_loss:0.00000, total_loss_train:-0.88051,total_loss_test:-0.88528, var distance inter class train:0.24638,var distance inter class test:0.25965
Variance: In this batch for class 2, they are less images than 10. Don't use it to compute ratio!!!!
Variance: In this batch for class 4, they are less images than 10. Don't use it to compute ratio!!!!
Variance: In this batch for class 7, they are less images than 10. Don't use it to compute ratio!!!!
Variance: In this batch for class 8, they are less images than 10. Don't use it to compute ratio!!!!
=> saved checkpoint 'checkpoints_CNN/mnist_classif_distance_intra_class_2_4/last' (iter 470, epoch 2.0)
=> saved checkpoint 'checkpoint_scores_CNN/mnist_classif_distance_intra_class_2_4/last' (iter 470, epoch 2.0)
[Save Checkpoint] epoch: [2.0], Train score:96.24833, Test score:96.20000, train loss:-0.94959, test loss:-0.94914, ratio_train_loss:0.00000,ratio_test_loss:0.00000, total_loss_train:-0.94959,total_loss_test:-0.94914, var distance inter class train:0.19597,var distance inter class test:0.20791
Variance: In this batch for class 4, they are less images than 10. Don't use it to compute ratio!!!!
Variance: In this batch for class 5, they are less images than 10. Don't use it to compute ratio!!!!
Variance: In this batch for class 6, they are less images than 10. Don't use it to compute ratio!!!!
Variance: In this batch for class 7, they are less images than 10. Don't use it to compute ratio!!!!
Variance: In this batch for class 8, they are less images than 10. Don't use it to compute ratio!!!!
=> saved checkpoint 'checkpoints_CNN/mnist_classif_distance_intra_class_2_4/last' (iter 705, epoch 3.0)
=> saved checkpoint 'checkpoint_scores_CNN/mnist_classif_distance_intra_class_2_4/last' (iter 705, epoch 3.0)
[Save Checkpoint] epoch: [3.0], Train score:96.30000, Test score:96.04000, train loss:-0.95632, test loss:-0.95630, ratio_train_loss:0.00000,ratio_test_loss:0.00000, total_loss_train:-0.95632,total_loss_test:-0.95630, var distance inter class train:0.16618,var distance inter class test:0.17575
Variance: In this batch for class 4, they are less images than 10. Don't use it to compute ratio!!!!
Variance: In this batch for class 4, they are less images than 10. Don't use it to compute ratio!!!!
Variance: In this batch for class 5, they are less images than 10. Don't use it to compute ratio!!!!
Variance: In this batch for class 7, they are less images than 10. Don't use it to compute ratio!!!!
Variance: In this batch for class 9, they are less images than 10. Don't use it to compute ratio!!!!
=> saved checkpoint 'checkpoints_CNN/mnist_classif_distance_intra_class_2_4/last' (iter 940, epoch 4.0)
=> saved checkpoint 'checkpoint_scores_CNN/mnist_classif_distance_intra_class_2_4/last' (iter 940, epoch 4.0)
[Save Checkpoint] epoch: [4.0], Train score:97.28667, Test score:97.10000, train loss:-0.96800, test loss:-0.96698, ratio_train_loss:0.00000,ratio_test_loss:0.00000, total_loss_train:-0.96800,total_loss_test:-0.96698, var distance inter class train:0.15132,var distance inter class test:0.15971
Variance: In this batch for class 2, they are less images than 10. Don't use it to compute ratio!!!!
Variance: In this batch for class 3, they are less images than 10. Don't use it to compute ratio!!!!
Variance: In this batch for class 6, they are less images than 10. Don't use it to compute ratio!!!!
Variance: In this batch for class 8, they are less images than 10. Don't use it to compute ratio!!!!
=> saved checkpoint 'checkpoints_CNN/mnist_classif_distance_intra_class_2_4/last' (iter 1175, epoch 5.0)
=> saved checkpoint 'checkpoint_scores_CNN/mnist_classif_distance_intra_class_2_4/last' (iter 1175, epoch 5.0)
[Save Checkpoint] epoch: [5.0], Train score:97.52000, Test score:97.34000, train loss:-0.97171, test loss:-0.97034, ratio_train_loss:0.00000,ratio_test_loss:0.00000, total_loss_train:-0.97171,total_loss_test:-0.97034, var distance inter class train:0.10784,var distance inter class test:0.11488
Variance: In this batch for class 1, they are less images than 10. Don't use it to compute ratio!!!!
Variance: In this batch for class 2, they are less images than 10. Don't use it to compute ratio!!!!
Variance: In this batch for class 4, they are less images than 10. Don't use it to compute ratio!!!!
Variance: In this batch for class 5, they are less images than 10. Don't use it to compute ratio!!!!
Variance: In this batch for class 8, they are less images than 10. Don't use it to compute ratio!!!!
=> saved checkpoint 'checkpoints_CNN/mnist_classif_distance_intra_class_2_4/last' (iter 1410, epoch 6.0)
=> saved checkpoint 'checkpoint_scores_CNN/mnist_classif_distance_intra_class_2_4/last' (iter 1410, epoch 6.0)
EarlyStopping counter: 1 out of 10
[Save Checkpoint] epoch: [6.0], Train score:97.42833, Test score:97.05000, train loss:-0.97182, test loss:-0.96924, ratio_train_loss:0.00000,ratio_test_loss:0.00000, total_loss_train:-0.97182,total_loss_test:-0.96924, var distance inter class train:0.11768,var distance inter class test:0.12541
Variance: In this batch for class 0, they are less images than 10. Don't use it to compute ratio!!!!
Variance: In this batch for class 5, they are less images than 10. Don't use it to compute ratio!!!!
Variance: In this batch for class 6, they are less images than 10. Don't use it to compute ratio!!!!
Variance: In this batch for class 7, they are less images than 10. Don't use it to compute ratio!!!!
=> saved checkpoint 'checkpoints_CNN/mnist_classif_distance_intra_class_2_4/last' (iter 1645, epoch 7.0)
=> saved checkpoint 'checkpoint_scores_CNN/mnist_classif_distance_intra_class_2_4/last' (iter 1645, epoch 7.0)
[Save Checkpoint] epoch: [7.0], Train score:97.73333, Test score:97.31000, train loss:-0.97532, test loss:-0.97216, ratio_train_loss:0.00000,ratio_test_loss:0.00000, total_loss_train:-0.97532,total_loss_test:-0.97216, var distance inter class train:0.11229,var distance inter class test:0.11740
Variance: In this batch for class 2, they are less images than 10. Don't use it to compute ratio!!!!
Variance: In this batch for class 3, they are less images than 10. Don't use it to compute ratio!!!!
Variance: In this batch for class 6, they are less images than 10. Don't use it to compute ratio!!!!
Variance: In this batch for class 7, they are less images than 10. Don't use it to compute ratio!!!!
Variance: In this batch for class 8, they are less images than 10. Don't use it to compute ratio!!!!
Variance: In this batch for class 9, they are less images than 10. Don't use it to compute ratio!!!!
=> saved checkpoint 'checkpoints_CNN/mnist_classif_distance_intra_class_2_4/last' (iter 1880, epoch 8.0)
=> saved checkpoint 'checkpoint_scores_CNN/mnist_classif_distance_intra_class_2_4/last' (iter 1880, epoch 8.0)
[Save Checkpoint] epoch: [8.0], Train score:97.77167, Test score:97.59000, train loss:-0.97567, test loss:-0.97407, ratio_train_loss:0.00000,ratio_test_loss:0.00000, total_loss_train:-0.97567,total_loss_test:-0.97407, var distance inter class train:0.08724,var distance inter class test:0.09285
Variance: In this batch for class 3, they are less images than 10. Don't use it to compute ratio!!!!
Variance: In this batch for class 4, they are less images than 10. Don't use it to compute ratio!!!!
Variance: In this batch for class 5, they are less images than 10. Don't use it to compute ratio!!!!
Variance: In this batch for class 6, they are less images than 10. Don't use it to compute ratio!!!!
Variance: In this batch for class 9, they are less images than 10. Don't use it to compute ratio!!!!
=> saved checkpoint 'checkpoints_CNN/mnist_classif_distance_intra_class_2_4/last' (iter 2115, epoch 9.0)
=> saved checkpoint 'checkpoint_scores_CNN/mnist_classif_distance_intra_class_2_4/last' (iter 2115, epoch 9.0)
[Save Checkpoint] epoch: [9.0], Train score:97.81833, Test score:97.51000, train loss:-0.97650, test loss:-0.97449, ratio_train_loss:0.00000,ratio_test_loss:0.00000, total_loss_train:-0.97650,total_loss_test:-0.97449, var distance inter class train:0.11485,var distance inter class test:0.12030
Variance: In this batch for class 0, they are less images than 10. Don't use it to compute ratio!!!!
Variance: In this batch for class 3, they are less images than 10. Don't use it to compute ratio!!!!
Variance: In this batch for class 4, they are less images than 10. Don't use it to compute ratio!!!!
Variance: In this batch for class 5, they are less images than 10. Don't use it to compute ratio!!!!
Variance: In this batch for class 6, they are less images than 10. Don't use it to compute ratio!!!!
=> saved checkpoint 'checkpoints_CNN/mnist_classif_distance_intra_class_2_4/last' (iter 2350, epoch 10.0)
=> saved checkpoint 'checkpoint_scores_CNN/mnist_classif_distance_intra_class_2_4/last' (iter 2350, epoch 10.0)
[Save Checkpoint] epoch: [10.0], Train score:97.98000, Test score:97.59000, train loss:-0.97835, test loss:-0.97485, ratio_train_loss:0.00000,ratio_test_loss:0.00000, total_loss_train:-0.97835,total_loss_test:-0.97485, var distance inter class train:0.11063,var distance inter class test:0.11794
Variance: In this batch for class 0, they are less images than 10. Don't use it to compute ratio!!!!
Variance: In this batch for class 1, they are less images than 10. Don't use it to compute ratio!!!!
Variance: In this batch for class 2, they are less images than 10. Don't use it to compute ratio!!!!
Variance: In this batch for class 3, they are less images than 10. Don't use it to compute ratio!!!!
Variance: In this batch for class 4, they are less images than 10. Don't use it to compute ratio!!!!
Variance: In this batch for class 8, they are less images than 10. Don't use it to compute ratio!!!!
=> saved checkpoint 'checkpoints_CNN/mnist_classif_distance_intra_class_2_4/last' (iter 2585, epoch 11.0)
=> saved checkpoint 'checkpoint_scores_CNN/mnist_classif_distance_intra_class_2_4/last' (iter 2585, epoch 11.0)
EarlyStopping counter: 1 out of 10
[Save Checkpoint] epoch: [11.0], Train score:97.59000, Test score:97.22000, train loss:-0.97472, test loss:-0.97195, ratio_train_loss:0.00000,ratio_test_loss:0.00000, total_loss_train:-0.97472,total_loss_test:-0.97195, var distance inter class train:0.08902,var distance inter class test:0.09482
Variance: In this batch for class 5, they are less images than 10. Don't use it to compute ratio!!!!
Variance: In this batch for class 2, they are less images than 10. Don't use it to compute ratio!!!!
Variance: In this batch for class 3, they are less images than 10. Don't use it to compute ratio!!!!
Variance: In this batch for class 5, they are less images than 10. Don't use it to compute ratio!!!!
Variance: In this batch for class 7, they are less images than 10. Don't use it to compute ratio!!!!
Variance: In this batch for class 8, they are less images than 10. Don't use it to compute ratio!!!!
=> saved checkpoint 'checkpoints_CNN/mnist_classif_distance_intra_class_2_4/last' (iter 2820, epoch 12.0)
=> saved checkpoint 'checkpoint_scores_CNN/mnist_classif_distance_intra_class_2_4/last' (iter 2820, epoch 12.0)
[Save Checkpoint] epoch: [12.0], Train score:98.00167, Test score:97.62000, train loss:-0.97900, test loss:-0.97576, ratio_train_loss:0.00000,ratio_test_loss:0.00000, total_loss_train:-0.97900,total_loss_test:-0.97576, var distance inter class train:0.08714,var distance inter class test:0.09206
Variance: In this batch for class 0, they are less images than 10. Don't use it to compute ratio!!!!
Variance: In this batch for class 2, they are less images than 10. Don't use it to compute ratio!!!!
Variance: In this batch for class 4, they are less images than 10. Don't use it to compute ratio!!!!
Variance: In this batch for class 5, they are less images than 10. Don't use it to compute ratio!!!!
Variance: In this batch for class 6, they are less images than 10. Don't use it to compute ratio!!!!
Variance: In this batch for class 8, they are less images than 10. Don't use it to compute ratio!!!!
=> saved checkpoint 'checkpoints_CNN/mnist_classif_distance_intra_class_2_4/last' (iter 3055, epoch 13.0)
=> saved checkpoint 'checkpoint_scores_CNN/mnist_classif_distance_intra_class_2_4/last' (iter 3055, epoch 13.0)
[Save Checkpoint] epoch: [13.0], Train score:98.11000, Test score:97.65000, train loss:-0.98013, test loss:-0.97609, ratio_train_loss:0.00000,ratio_test_loss:0.00000, total_loss_train:-0.98013,total_loss_test:-0.97609, var distance inter class train:0.09116,var distance inter class test:0.09639
Variance: In this batch for class 1, they are less images than 10. Don't use it to compute ratio!!!!
Variance: In this batch for class 4, they are less images than 10. Don't use it to compute ratio!!!!
Variance: In this batch for class 6, they are less images than 10. Don't use it to compute ratio!!!!
Variance: In this batch for class 8, they are less images than 10. Don't use it to compute ratio!!!!
Variance: In this batch for class 9, they are less images than 10. Don't use it to compute ratio!!!!
=> saved checkpoint 'checkpoints_CNN/mnist_classif_distance_intra_class_2_4/last' (iter 3290, epoch 14.0)
=> saved checkpoint 'checkpoint_scores_CNN/mnist_classif_distance_intra_class_2_4/last' (iter 3290, epoch 14.0)
[Save Checkpoint] epoch: [14.0], Train score:98.11333, Test score:97.59000, train loss:-0.98025, test loss:-0.97629, ratio_train_loss:0.00000,ratio_test_loss:0.00000, total_loss_train:-0.98025,total_loss_test:-0.97629, var distance inter class train:0.08505,var distance inter class test:0.08955
Variance: In this batch for class 0, they are less images than 10. Don't use it to compute ratio!!!!
Variance: In this batch for class 1, they are less images than 10. Don't use it to compute ratio!!!!
Variance: In this batch for class 4, they are less images than 10. Don't use it to compute ratio!!!!
Variance: In this batch for class 7, they are less images than 10. Don't use it to compute ratio!!!!
Variance: In this batch for class 8, they are less images than 10. Don't use it to compute ratio!!!!
=> saved checkpoint 'checkpoints_CNN/mnist_classif_distance_intra_class_2_4/last' (iter 3525, epoch 15.0)
=> saved checkpoint 'checkpoint_scores_CNN/mnist_classif_distance_intra_class_2_4/last' (iter 3525, epoch 15.0)
[Save Checkpoint] epoch: [15.0], Train score:98.31000, Test score:97.98000, train loss:-0.98223, test loss:-0.97926, ratio_train_loss:0.00000,ratio_test_loss:0.00000, total_loss_train:-0.98223,total_loss_test:-0.97926, var distance inter class train:0.08365,var distance inter class test:0.08852
Variance: In this batch for class 0, they are less images than 10. Don't use it to compute ratio!!!!
Variance: In this batch for class 2, they are less images than 10. Don't use it to compute ratio!!!!
Variance: In this batch for class 3, they are less images than 10. Don't use it to compute ratio!!!!
Variance: In this batch for class 4, they are less images than 10. Don't use it to compute ratio!!!!
Variance: In this batch for class 5, they are less images than 10. Don't use it to compute ratio!!!!
Variance: In this batch for class 8, they are less images than 10. Don't use it to compute ratio!!!!
=> saved checkpoint 'checkpoints_CNN/mnist_classif_distance_intra_class_2_4/last' (iter 3760, epoch 16.0)
=> saved checkpoint 'checkpoint_scores_CNN/mnist_classif_distance_intra_class_2_4/last' (iter 3760, epoch 16.0)
[Save Checkpoint] epoch: [16.0], Train score:98.35167, Test score:98.19000, train loss:-0.98276, test loss:-0.98095, ratio_train_loss:0.00000,ratio_test_loss:0.00000, total_loss_train:-0.98276,total_loss_test:-0.98095, var distance inter class train:0.08068,var distance inter class test:0.08535
Variance: In this batch for class 5, they are less images than 10. Don't use it to compute ratio!!!!
Variance: In this batch for class 2, they are less images than 10. Don't use it to compute ratio!!!!
Variance: In this batch for class 3, they are less images than 10. Don't use it to compute ratio!!!!
Variance: In this batch for class 6, they are less images than 10. Don't use it to compute ratio!!!!
Variance: In this batch for class 7, they are less images than 10. Don't use it to compute ratio!!!!
Variance: In this batch for class 9, they are less images than 10. Don't use it to compute ratio!!!!
=> saved checkpoint 'checkpoints_CNN/mnist_classif_distance_intra_class_2_4/last' (iter 3995, epoch 17.0)
=> saved checkpoint 'checkpoint_scores_CNN/mnist_classif_distance_intra_class_2_4/last' (iter 3995, epoch 17.0)
EarlyStopping counter: 1 out of 10
[Save Checkpoint] epoch: [17.0], Train score:98.36500, Test score:98.02000, train loss:-0.98317, test loss:-0.98006, ratio_train_loss:0.00000,ratio_test_loss:0.00000, total_loss_train:-0.98317,total_loss_test:-0.98006, var distance inter class train:0.08321,var distance inter class test:0.08849
Variance: In this batch for class 4, they are less images than 10. Don't use it to compute ratio!!!!
Variance: In this batch for class 2, they are less images than 10. Don't use it to compute ratio!!!!
Variance: In this batch for class 5, they are less images than 10. Don't use it to compute ratio!!!!
Variance: In this batch for class 7, they are less images than 10. Don't use it to compute ratio!!!!
Variance: In this batch for class 9, they are less images than 10. Don't use it to compute ratio!!!!
=> saved checkpoint 'checkpoints_CNN/mnist_classif_distance_intra_class_2_4/last' (iter 4230, epoch 18.0)
=> saved checkpoint 'checkpoint_scores_CNN/mnist_classif_distance_intra_class_2_4/last' (iter 4230, epoch 18.0)
EarlyStopping counter: 2 out of 10
[Save Checkpoint] epoch: [18.0], Train score:98.42333, Test score:98.00000, train loss:-0.98388, test loss:-0.98004, ratio_train_loss:0.00000,ratio_test_loss:0.00000, total_loss_train:-0.98388,total_loss_test:-0.98004, var distance inter class train:0.07215,var distance inter class test:0.07545
Variance: In this batch for class 3, they are less images than 10. Don't use it to compute ratio!!!!
Variance: In this batch for class 4, they are less images than 10. Don't use it to compute ratio!!!!
Variance: In this batch for class 6, they are less images than 10. Don't use it to compute ratio!!!!
Variance: In this batch for class 7, they are less images than 10. Don't use it to compute ratio!!!!
Variance: In this batch for class 9, they are less images than 10. Don't use it to compute ratio!!!!
=> saved checkpoint 'checkpoints_CNN/mnist_classif_distance_intra_class_2_4/last' (iter 4465, epoch 19.0)
=> saved checkpoint 'checkpoint_scores_CNN/mnist_classif_distance_intra_class_2_4/last' (iter 4465, epoch 19.0)
EarlyStopping counter: 3 out of 10
[Save Checkpoint] epoch: [19.0], Train score:98.35333, Test score:97.87000, train loss:-0.98285, test loss:-0.97864, ratio_train_loss:0.00000,ratio_test_loss:0.00000, total_loss_train:-0.98285,total_loss_test:-0.97864, var distance inter class train:0.08157,var distance inter class test:0.08643
Variance: In this batch for class 0, they are less images than 10. Don't use it to compute ratio!!!!
Variance: In this batch for class 2, they are less images than 10. Don't use it to compute ratio!!!!
Variance: In this batch for class 6, they are less images than 10. Don't use it to compute ratio!!!!
Variance: In this batch for class 9, they are less images than 10. Don't use it to compute ratio!!!!
=> saved checkpoint 'checkpoints_CNN/mnist_classif_distance_intra_class_2_4/last' (iter 4700, epoch 20.0)
=> saved checkpoint 'checkpoint_scores_CNN/mnist_classif_distance_intra_class_2_4/last' (iter 4700, epoch 20.0)
[Save Checkpoint] epoch: [20.0], Train score:98.44500, Test score:98.14000, train loss:-0.98398, test loss:-0.98118, ratio_train_loss:0.00000,ratio_test_loss:0.00000, total_loss_train:-0.98398,total_loss_test:-0.98118, var distance inter class train:0.07200,var distance inter class test:0.07618
Variance: In this batch for class 0, they are less images than 10. Don't use it to compute ratio!!!!
Variance: In this batch for class 2, they are less images than 10. Don't use it to compute ratio!!!!
Variance: In this batch for class 4, they are less images than 10. Don't use it to compute ratio!!!!
Variance: In this batch for class 5, they are less images than 10. Don't use it to compute ratio!!!!
Variance: In this batch for class 7, they are less images than 10. Don't use it to compute ratio!!!!
Variance: In this batch for class 8, they are less images than 10. Don't use it to compute ratio!!!!
=> saved checkpoint 'checkpoints_CNN/mnist_classif_distance_intra_class_2_4/last' (iter 4935, epoch 21.0)
=> saved checkpoint 'checkpoint_scores_CNN/mnist_classif_distance_intra_class_2_4/last' (iter 4935, epoch 21.0)
[Save Checkpoint] epoch: [21.0], Train score:98.44167, Test score:98.17000, train loss:-0.98384, test loss:-0.98156, ratio_train_loss:0.00000,ratio_test_loss:0.00000, total_loss_train:-0.98384,total_loss_test:-0.98156, var distance inter class train:0.06201,var distance inter class test:0.06699
Variance: In this batch for class 0, they are less images than 10. Don't use it to compute ratio!!!!
Variance: In this batch for class 4, they are less images than 10. Don't use it to compute ratio!!!!
Variance: In this batch for class 3, they are less images than 10. Don't use it to compute ratio!!!!
Variance: In this batch for class 4, they are less images than 10. Don't use it to compute ratio!!!!
Variance: In this batch for class 5, they are less images than 10. Don't use it to compute ratio!!!!
Variance: In this batch for class 6, they are less images than 10. Don't use it to compute ratio!!!!
Variance: In this batch for class 8, they are less images than 10. Don't use it to compute ratio!!!!
Variance: In this batch for class 9, they are less images than 10. Don't use it to compute ratio!!!!
=> saved checkpoint 'checkpoints_CNN/mnist_classif_distance_intra_class_2_4/last' (iter 5170, epoch 22.0)
=> saved checkpoint 'checkpoint_scores_CNN/mnist_classif_distance_intra_class_2_4/last' (iter 5170, epoch 22.0)
[Save Checkpoint] epoch: [22.0], Train score:98.41833, Test score:98.24000, train loss:-0.98372, test loss:-0.98170, ratio_train_loss:0.00000,ratio_test_loss:0.00000, total_loss_train:-0.98372,total_loss_test:-0.98170, var distance inter class train:0.06971,var distance inter class test:0.07414
Variance: In this batch for class 3, they are less images than 10. Don't use it to compute ratio!!!!
Variance: In this batch for class 4, they are less images than 10. Don't use it to compute ratio!!!!
Variance: In this batch for class 5, they are less images than 10. Don't use it to compute ratio!!!!
Variance: In this batch for class 7, they are less images than 10. Don't use it to compute ratio!!!!
Variance: In this batch for class 8, they are less images than 10. Don't use it to compute ratio!!!!
=> saved checkpoint 'checkpoints_CNN/mnist_classif_distance_intra_class_2_4/last' (iter 5405, epoch 23.0)
=> saved checkpoint 'checkpoint_scores_CNN/mnist_classif_distance_intra_class_2_4/last' (iter 5405, epoch 23.0)
EarlyStopping counter: 1 out of 10
[Save Checkpoint] epoch: [23.0], Train score:98.43167, Test score:98.13000, train loss:-0.98386, test loss:-0.98107, ratio_train_loss:0.00000,ratio_test_loss:0.00000, total_loss_train:-0.98386,total_loss_test:-0.98107, var distance inter class train:0.05640,var distance inter class test:0.05988
Variance: In this batch for class 0, they are less images than 10. Don't use it to compute ratio!!!!
Variance: In this batch for class 1, they are less images than 10. Don't use it to compute ratio!!!!
Variance: In this batch for class 3, they are less images than 10. Don't use it to compute ratio!!!!
Variance: In this batch for class 4, they are less images than 10. Don't use it to compute ratio!!!!
Variance: In this batch for class 5, they are less images than 10. Don't use it to compute ratio!!!!
Variance: In this batch for class 6, they are less images than 10. Don't use it to compute ratio!!!!
Variance: In this batch for class 7, they are less images than 10. Don't use it to compute ratio!!!!
=> saved checkpoint 'checkpoints_CNN/mnist_classif_distance_intra_class_2_4/last' (iter 5640, epoch 24.0)
=> saved checkpoint 'checkpoint_scores_CNN/mnist_classif_distance_intra_class_2_4/last' (iter 5640, epoch 24.0)
EarlyStopping counter: 2 out of 10
[Save Checkpoint] epoch: [24.0], Train score:98.38167, Test score:98.02000, train loss:-0.98343, test loss:-0.98041, ratio_train_loss:0.00000,ratio_test_loss:0.00000, total_loss_train:-0.98343,total_loss_test:-0.98041, var distance inter class train:0.06641,var distance inter class test:0.06954
Variance: In this batch for class 2, they are less images than 10. Don't use it to compute ratio!!!!
Variance: In this batch for class 3, they are less images than 10. Don't use it to compute ratio!!!!
Variance: In this batch for class 5, they are less images than 10. Don't use it to compute ratio!!!!
Variance: In this batch for class 7, they are less images than 10. Don't use it to compute ratio!!!!
Variance: In this batch for class 8, they are less images than 10. Don't use it to compute ratio!!!!
Variance: In this batch for class 9, they are less images than 10. Don't use it to compute ratio!!!!
=> saved checkpoint 'checkpoints_CNN/mnist_classif_distance_intra_class_2_4/last' (iter 5875, epoch 25.0)
=> saved checkpoint 'checkpoint_scores_CNN/mnist_classif_distance_intra_class_2_4/last' (iter 5875, epoch 25.0)
EarlyStopping counter: 3 out of 10
[Save Checkpoint] epoch: [25.0], Train score:98.59167, Test score:98.14000, train loss:-0.98549, test loss:-0.98131, ratio_train_loss:0.00000,ratio_test_loss:0.00000, total_loss_train:-0.98549,total_loss_test:-0.98131, var distance inter class train:0.07067,var distance inter class test:0.07539
Variance: In this batch for class 2, they are less images than 10. Don't use it to compute ratio!!!!
Variance: In this batch for class 3, they are less images than 10. Don't use it to compute ratio!!!!
Variance: In this batch for class 4, they are less images than 10. Don't use it to compute ratio!!!!
Variance: In this batch for class 5, they are less images than 10. Don't use it to compute ratio!!!!
Variance: In this batch for class 6, they are less images than 10. Don't use it to compute ratio!!!!
Variance: In this batch for class 9, they are less images than 10. Don't use it to compute ratio!!!!
=> saved checkpoint 'checkpoints_CNN/mnist_classif_distance_intra_class_2_4/last' (iter 6110, epoch 26.0)
=> saved checkpoint 'checkpoint_scores_CNN/mnist_classif_distance_intra_class_2_4/last' (iter 6110, epoch 26.0)
EarlyStopping counter: 4 out of 10
[Save Checkpoint] epoch: [26.0], Train score:98.48333, Test score:97.98000, train loss:-0.98428, test loss:-0.97941, ratio_train_loss:0.00000,ratio_test_loss:0.00000, total_loss_train:-0.98428,total_loss_test:-0.97941, var distance inter class train:0.06857,var distance inter class test:0.07274
Variance: In this batch for class 0, they are less images than 10. Don't use it to compute ratio!!!!
Variance: In this batch for class 3, they are less images than 10. Don't use it to compute ratio!!!!
Variance: In this batch for class 4, they are less images than 10. Don't use it to compute ratio!!!!
Variance: In this batch for class 5, they are less images than 10. Don't use it to compute ratio!!!!
=> saved checkpoint 'checkpoints_CNN/mnist_classif_distance_intra_class_2_4/last' (iter 6345, epoch 27.0)
=> saved checkpoint 'checkpoint_scores_CNN/mnist_classif_distance_intra_class_2_4/last' (iter 6345, epoch 27.0)
EarlyStopping counter: 5 out of 10
[Save Checkpoint] epoch: [27.0], Train score:98.53333, Test score:98.15000, train loss:-0.98506, test loss:-0.98124, ratio_train_loss:0.00000,ratio_test_loss:0.00000, total_loss_train:-0.98506,total_loss_test:-0.98124, var distance inter class train:0.05861,var distance inter class test:0.06099
Variance: In this batch for class 2, they are less images than 10. Don't use it to compute ratio!!!!
Variance: In this batch for class 3, they are less images than 10. Don't use it to compute ratio!!!!
Variance: In this batch for class 4, they are less images than 10. Don't use it to compute ratio!!!!
Variance: In this batch for class 7, they are less images than 10. Don't use it to compute ratio!!!!
Variance: In this batch for class 9, they are less images than 10. Don't use it to compute ratio!!!!
=> saved checkpoint 'checkpoints_CNN/mnist_classif_distance_intra_class_2_4/last' (iter 6580, epoch 28.0)
=> saved checkpoint 'checkpoint_scores_CNN/mnist_classif_distance_intra_class_2_4/last' (iter 6580, epoch 28.0)
EarlyStopping counter: 6 out of 10
[Save Checkpoint] epoch: [28.0], Train score:98.66667, Test score:98.06000, train loss:-0.98627, test loss:-0.98055, ratio_train_loss:0.00000,ratio_test_loss:0.00000, total_loss_train:-0.98627,total_loss_test:-0.98055, var distance inter class train:0.06424,var distance inter class test:0.06754
Variance: In this batch for class 1, they are less images than 10. Don't use it to compute ratio!!!!
Variance: In this batch for class 4, they are less images than 10. Don't use it to compute ratio!!!!
Variance: In this batch for class 5, they are less images than 10. Don't use it to compute ratio!!!!
Variance: In this batch for class 9, they are less images than 10. Don't use it to compute ratio!!!!
=> saved checkpoint 'checkpoints_CNN/mnist_classif_distance_intra_class_2_4/last' (iter 6815, epoch 29.0)
=> saved checkpoint 'checkpoint_scores_CNN/mnist_classif_distance_intra_class_2_4/last' (iter 6815, epoch 29.0)
EarlyStopping counter: 7 out of 10
[Save Checkpoint] epoch: [29.0], Train score:98.52333, Test score:98.13000, train loss:-0.98475, test loss:-0.98151, ratio_train_loss:0.00000,ratio_test_loss:0.00000, total_loss_train:-0.98475,total_loss_test:-0.98151, var distance inter class train:0.06668,var distance inter class test:0.07035
Variance: In this batch for class 3, they are less images than 10. Don't use it to compute ratio!!!!
Variance: In this batch for class 4, they are less images than 10. Don't use it to compute ratio!!!!
Variance: In this batch for class 6, they are less images than 10. Don't use it to compute ratio!!!!
Variance: In this batch for class 8, they are less images than 10. Don't use it to compute ratio!!!!
=> saved checkpoint 'checkpoints_CNN/mnist_classif_distance_intra_class_2_4/last' (iter 7050, epoch 30.0)
=> saved checkpoint 'checkpoint_scores_CNN/mnist_classif_distance_intra_class_2_4/last' (iter 7050, epoch 30.0)
EarlyStopping counter: 8 out of 10
[Save Checkpoint] epoch: [30.0], Train score:98.61333, Test score:98.18000, train loss:-0.98599, test loss:-0.98161, ratio_train_loss:0.00000,ratio_test_loss:0.00000, total_loss_train:-0.98599,total_loss_test:-0.98161, var distance inter class train:0.05521,var distance inter class test:0.05892
Variance: In this batch for class 0, they are less images than 10. Don't use it to compute ratio!!!!
Variance: In this batch for class 3, they are less images than 10. Don't use it to compute ratio!!!!
Variance: In this batch for class 4, they are less images than 10. Don't use it to compute ratio!!!!
=> saved checkpoint 'checkpoints_CNN/mnist_classif_distance_intra_class_2_4/last' (iter 7285, epoch 31.0)
