15
--dataset mnist --model CNN --gpu_devices 0 1 --max_iter 5 --batch_size 128 --ckpt_dir checkpoints_CNN --ckpt_dir_scores checkpoint_scores_CNN --use_scheduler True --GMP True --lr 1e-3 --z_struct_size 20 --add_classification_layer True --classif_layer_size 30 --is_default_model False --is_custom_model False --is_custom_model_BK True --big_kernel_size 8 --two_conv_layer True --three_conv_layer False --BK_in_first_layer True --BK_in_second_layer False --BK_in_third_layer False --stride_size 1 --hidden_filters_layer1 32 --hidden_filters_layer2 32 --hidden_filters_layer3 32 --ratio_reg True --lambda_ratio_reg 0.0001 --lambda_class 1 --without_acc True --contrastive_loss False --exp_name CNN_mnist_custom_BK_2layer_bk1_20_ratio_bs_128_5_wt_acc
Namespace(BK_in_first_layer=True, BK_in_second_layer=False, BK_in_third_layer=False, BN=False, C_max=25, C_stop_iter=100000.0, E1_AE=False, E1_VAE=False, E1_conv=False, E1_dense=False, E1_second_conv=False, E1_second_conv_adapt=False, GMP=True, IPC=False, L1_norm_act=False, L1_norm_weights=False, L3_without_random=False, LOG_DIR='logs', adapt_lr=False, add_classification_layer=True, add_linear_after_GMP=True, add_z_struct_bottleneck=False, alpha=32, batch_size=128, beta=1, beta1=0.9, beta2=0.999, big_kernel=False, big_kernel_size=[8], binary_z=False, ckpt_dir='checkpoints_CNN', ckpt_dir_scores='checkpoint_scores_CNN', classif_layer_size=30, contrastive_loss=False, cuda=True, dataset='mnist', display_step=10000, dset_dir='data', exp_name='CNN_mnist_custom_BK_2layer_bk1_20_ratio_bs_128_5_wt_acc', gamma=1000, gpu_devices=[0, 1], hidden_filters_layer1=32, hidden_filters_layer2=32, hidden_filters_layer3=32, image_size=64, is_C=True, is_E1=False, is_binary_structural_latent=False, is_custom_model=False, is_custom_model_BK=True, is_default_model=False, is_noise_stats=False, is_partial_rand_class=False, is_perturbed_score=False, is_zvar_sim_loss=False, just_train=False, kernel_size=4, lambda_Kl_struct=1, lambda_Kl_var=1, lambda_L1=0.01, lambda_VAE=1, lambda_class=1.0, lambda_partial_class=1, lambda_ratio_reg=0.0001, lambda_recon_wt_rand=1, lambda_recons=1, lambda_zvar_sim=1, latent_spec_cont=None, latent_spec_cont_class=None, latent_spec_cont_var=None, latent_spec_disc=None, latent_spec_disc_class=None, latent_spec_disc_var=None, log_level='info', loss='Proxy_Anchor', lr=0.001, max_iter=5.0, model='CNN', mrg=0.1, num_workers=2, old_weighted=False, optimizer='adamw', other_ratio=False, random_percentage=0.2, ratio_reg=True, remark='', save_step=10000, second_layer_C=False, seed=1, stride_size=1, sz_embedding=5, three_conv_layer=False, train=True, two_conv_layer=True, two_encoder=False, use_early_stopping=True, use_scheduler=True, warm=1, without_acc=True, z_struct_size=20, zeros_W_Classif=False, zvar_sim_change_zvar=False, zvar_sim_loss_for_all_model=False, zvar_sim_loss_only_for_encoder=False, zvar_sim_normal=False, zvar_sim_var_rand=False)
CUDA Visible devices !
Custom_CNN_BK(
  (net): Sequential(
    (0): Conv2d(1, 32, kernel_size=(8, 8), stride=(1, 1))
    (1): BatchNorm2d(32, eps=1e-05, momentum=0.1, affine=True, track_running_stats=True)
    (2): ReLU(inplace=True)
    (3): Conv2d(32, 32, kernel_size=(4, 4), stride=(1, 1))
    (4): BatchNorm2d(32, eps=1e-05, momentum=0.1, affine=True, track_running_stats=True)
    (5): ReLU(inplace=True)
    (6): AdaptiveMaxPool2d(output_size=(1, 1))
    (7): View()
    (8): Linear(in_features=32, out_features=20, bias=True)
    (9): BatchNorm1d(20, eps=1e-05, momentum=0.1, affine=True, track_running_stats=True)
    (10): ReLU(inplace=True)
    (11): Dropout(p=0.4, inplace=False)
    (12): Linear(in_features=20, out_features=30, bias=True)
    (13): BatchNorm1d(30, eps=1e-05, momentum=0.1, affine=True, track_running_stats=True)
    (14): ReLU(inplace=True)
    (15): Dropout(p=0.4, inplace=False)
    (16): Linear(in_features=30, out_features=10, bias=True)
    (17): Softmax(dim=None)
  )
)
The number of parameters of model is 20324
use 1 gpu who named: GeForce RTX 2080 Ti
=> loaded sample_scores and losses
=> no checkpoint found at 'checkpoints_CNN/CNN_mnist_custom_BK_2layer_bk1_20_ratio_bs_128_5_wt_acc/last'
=> saved checkpoint 'checkpoints_CNN/CNN_mnist_custom_BK_2layer_bk1_20_ratio_bs_128_5_wt_acc/last' (iter 469, epoch 1.0)
=> saved checkpoint 'checkpoint_scores_CNN/CNN_mnist_custom_BK_2layer_bk1_20_ratio_bs_128_5_wt_acc/last' (iter 469, epoch 1)
[Save Checkpoint] epoch: [1.0], Train score:13.46333, Test score:13.79000, train loss:-0.10481, test loss:-0.10566, ratio_train_loss:0.16978,ratio_test_loss:0.15073, total_loss_train:0.06497,total_loss_test:0.04507, 
=> saved checkpoint 'checkpoints_CNN/CNN_mnist_custom_BK_2layer_bk1_20_ratio_bs_128_5_wt_acc/last' (iter 938, epoch 2.0)
=> saved checkpoint 'checkpoint_scores_CNN/CNN_mnist_custom_BK_2layer_bk1_20_ratio_bs_128_5_wt_acc/last' (iter 938, epoch 2)
[Save Checkpoint] epoch: [2.0], Train score:13.95333, Test score:13.93000, train loss:-0.09660, test loss:-0.09605, ratio_train_loss:0.11617,ratio_test_loss:0.10094, total_loss_train:0.01956,total_loss_test:0.00488, 
=> saved checkpoint 'checkpoints_CNN/CNN_mnist_custom_BK_2layer_bk1_20_ratio_bs_128_5_wt_acc/last' (iter 1407, epoch 3.0)
=> saved checkpoint 'checkpoint_scores_CNN/CNN_mnist_custom_BK_2layer_bk1_20_ratio_bs_128_5_wt_acc/last' (iter 1407, epoch 3)
[Save Checkpoint] epoch: [3.0], Train score:13.83167, Test score:13.87000, train loss:-0.09248, test loss:-0.09194, ratio_train_loss:0.09764,ratio_test_loss:0.08409, total_loss_train:0.00517,total_loss_test:-0.00785, 
=> saved checkpoint 'checkpoints_CNN/CNN_mnist_custom_BK_2layer_bk1_20_ratio_bs_128_5_wt_acc/last' (iter 1876, epoch 4.0)
=> saved checkpoint 'checkpoint_scores_CNN/CNN_mnist_custom_BK_2layer_bk1_20_ratio_bs_128_5_wt_acc/last' (iter 1876, epoch 4)
[Save Checkpoint] epoch: [4.0], Train score:14.26333, Test score:14.21000, train loss:-0.09293, test loss:-0.09241, ratio_train_loss:0.08655,ratio_test_loss:0.07346, total_loss_train:-0.00637,total_loss_test:-0.01895, 
=> saved checkpoint 'checkpoints_CNN/CNN_mnist_custom_BK_2layer_bk1_20_ratio_bs_128_5_wt_acc/last' (iter 2345, epoch 5.0)
=> saved checkpoint 'checkpoint_scores_CNN/CNN_mnist_custom_BK_2layer_bk1_20_ratio_bs_128_5_wt_acc/last' (iter 2345, epoch 5)
[Save Checkpoint] epoch: [5.0], Train score:15.65667, Test score:15.46000, train loss:-0.09312, test loss:-0.09266, ratio_train_loss:0.07997,ratio_test_loss:0.06738, total_loss_train:-0.01315,total_loss_test:-0.02528, 
[Training Finished]
All Done!
