5
--dataset mnist --model CNN --gpu_devices 0 1 --max_iter 50 --batch_size 128 --ckpt_dir checkpoints_CNN --ckpt_dir_scores checkpoint_scores_CNN --use_scheduler False --GMP True --lr 1e-3 --z_struct_size 20 --add_classification_layer True --classif_layer_size 30 --is_default_model False --is_custom_model False --is_custom_model_BK True --big_kernel_size 8 --two_conv_layer True --three_conv_layer False --BK_in_first_layer True --BK_in_second_layer False --BK_in_third_layer False --stride_size 1 --hidden_filters_layer1 32 --hidden_filters_layer2 32 --hidden_filters_layer3 32 --ratio_reg True --lambda_ratio_reg 0.0001 --lambda_class 1 --other_ratio False --exp_name CNN_mnist_custom_BK_2layer_bk1_20_ratio_bs_128_4
Namespace(BK_in_first_layer=True, BK_in_second_layer=False, BK_in_third_layer=False, BN=False, C_max=25, C_stop_iter=100000.0, E1_AE=False, E1_VAE=False, E1_conv=False, E1_dense=False, E1_second_conv=False, E1_second_conv_adapt=False, GMP=True, IPC=False, L1_norm_act=False, L1_norm_weights=False, L3_without_random=False, LOG_DIR='logs', adapt_lr=False, add_classification_layer=True, add_linear_after_GMP=True, add_z_struct_bottleneck=False, alpha=32, batch_size=128, beta=1, beta1=0.9, beta2=0.999, big_kernel=False, big_kernel_size=[8], binary_z=False, ckpt_dir='checkpoints_CNN', ckpt_dir_scores='checkpoint_scores_CNN', classif_layer_size=30, contrastive_loss=False, cuda=True, dataset='mnist', display_step=10000, dset_dir='data', exp_name='CNN_mnist_custom_BK_2layer_bk1_20_ratio_bs_128_4', gamma=1000, gpu_devices=[0, 1], hidden_filters_layer1=32, hidden_filters_layer2=32, hidden_filters_layer3=32, image_size=64, is_C=True, is_E1=False, is_binary_structural_latent=False, is_custom_model=False, is_custom_model_BK=True, is_default_model=False, is_noise_stats=False, is_partial_rand_class=False, is_perturbed_score=False, is_zvar_sim_loss=False, just_train=False, kernel_size=4, lambda_Kl_struct=1, lambda_Kl_var=1, lambda_L1=0.01, lambda_VAE=1, lambda_class=1.0, lambda_contrastive_loss=1, lambda_partial_class=1, lambda_ratio_reg=0.0001, lambda_recon_wt_rand=1, lambda_recons=1, lambda_var_distance=1, lambda_zvar_sim=1, latent_spec_cont=None, latent_spec_cont_class=None, latent_spec_cont_var=None, latent_spec_disc=None, latent_spec_disc_class=None, latent_spec_disc_var=None, log_level='info', loss='Proxy_Anchor', loss_min_distance_cl=False, lr=0.001, max_iter=50.0, model='CNN', mrg=0.1, num_workers=2, old_weighted=False, optimizer='adamw', other_ratio=False, random_percentage=0.2, ratio_reg=True, remark='', save_step=10000, second_layer_C=False, seed=1, stride_size=1, sz_embedding=5, three_conv_layer=False, train=True, two_conv_layer=True, two_encoder=False, use_early_stopping=True, use_scheduler=False, warm=1, without_acc=False, z_struct_size=20, zeros_W_Classif=False, zvar_sim_change_zvar=False, zvar_sim_loss_for_all_model=False, zvar_sim_loss_only_for_encoder=False, zvar_sim_normal=False, zvar_sim_var_rand=False)
CUDA Visible devices !
Custom_CNN_BK(
  (net): Sequential(
    (0): Conv2d(1, 32, kernel_size=(8, 8), stride=(1, 1))
    (1): BatchNorm2d(32, eps=1e-05, momentum=0.1, affine=True, track_running_stats=True)
    (2): ReLU(inplace=True)
    (3): Conv2d(32, 32, kernel_size=(4, 4), stride=(1, 1))
    (4): BatchNorm2d(32, eps=1e-05, momentum=0.1, affine=True, track_running_stats=True)
    (5): ReLU(inplace=True)
    (6): AdaptiveMaxPool2d(output_size=(1, 1))
    (7): View()
    (8): Linear(in_features=32, out_features=20, bias=True)
    (9): BatchNorm1d(20, eps=1e-05, momentum=0.1, affine=True, track_running_stats=True)
    (10): ReLU(inplace=True)
    (11): Dropout(p=0.4, inplace=False)
    (12): Linear(in_features=20, out_features=30, bias=True)
    (13): BatchNorm1d(30, eps=1e-05, momentum=0.1, affine=True, track_running_stats=True)
    (14): ReLU(inplace=True)
    (15): Dropout(p=0.4, inplace=False)
    (16): Linear(in_features=30, out_features=10, bias=True)
    (17): Softmax(dim=None)
  )
)
The number of parameters of model is 20324
use 1 gpu who named: GeForce RTX 2080 Ti
=> loaded sample_scores and losses
=> no checkpoint found at 'checkpoints_CNN/CNN_mnist_custom_BK_2layer_bk1_20_ratio_bs_128_4/last'
=> saved checkpoint 'checkpoints_CNN/CNN_mnist_custom_BK_2layer_bk1_20_ratio_bs_128_4/last' (iter 469, epoch 1.0)
=> saved checkpoint 'checkpoint_scores_CNN/CNN_mnist_custom_BK_2layer_bk1_20_ratio_bs_128_4/last' (iter 469, epoch 1.0)
[Save Checkpoint] epoch: [1.0], Train score:89.39167, Test score:89.72000, train loss:-0.82023, test loss:-0.82418, ratio_train_loss:1.60704,ratio_test_loss:1.54121, total_loss_train:0.78682,total_loss_test:0.71702, var distance inter class train:0.00000,var distance inter class test:0.00000
=> saved checkpoint 'checkpoints_CNN/CNN_mnist_custom_BK_2layer_bk1_20_ratio_bs_128_4/last' (iter 938, epoch 2.0)
=> saved checkpoint 'checkpoint_scores_CNN/CNN_mnist_custom_BK_2layer_bk1_20_ratio_bs_128_4/last' (iter 938, epoch 2.0)
[Save Checkpoint] epoch: [2.0], Train score:95.77167, Test score:96.04000, train loss:-0.94476, test loss:-0.94854, ratio_train_loss:1.28436,ratio_test_loss:1.22092, total_loss_train:0.33959,total_loss_test:0.27238, var distance inter class train:0.00000,var distance inter class test:0.00000
=> saved checkpoint 'checkpoints_CNN/CNN_mnist_custom_BK_2layer_bk1_20_ratio_bs_128_4/last' (iter 1407, epoch 3.0)
=> saved checkpoint 'checkpoint_scores_CNN/CNN_mnist_custom_BK_2layer_bk1_20_ratio_bs_128_4/last' (iter 1407, epoch 3.0)
[Save Checkpoint] epoch: [3.0], Train score:96.80000, Test score:96.92000, train loss:-0.96264, test loss:-0.96434, ratio_train_loss:1.18423,ratio_test_loss:1.13974, total_loss_train:0.22159,total_loss_test:0.17541, var distance inter class train:0.00000,var distance inter class test:0.00000
=> saved checkpoint 'checkpoints_CNN/CNN_mnist_custom_BK_2layer_bk1_20_ratio_bs_128_4/last' (iter 1876, epoch 4.0)
=> saved checkpoint 'checkpoint_scores_CNN/CNN_mnist_custom_BK_2layer_bk1_20_ratio_bs_128_4/last' (iter 1876, epoch 4.0)
[Save Checkpoint] epoch: [4.0], Train score:97.18333, Test score:97.17000, train loss:-0.96821, test loss:-0.96930, ratio_train_loss:1.10127,ratio_test_loss:1.05299, total_loss_train:0.13306,total_loss_test:0.08368, var distance inter class train:0.00000,var distance inter class test:0.00000
=> saved checkpoint 'checkpoints_CNN/CNN_mnist_custom_BK_2layer_bk1_20_ratio_bs_128_4/last' (iter 2345, epoch 5.0)
=> saved checkpoint 'checkpoint_scores_CNN/CNN_mnist_custom_BK_2layer_bk1_20_ratio_bs_128_4/last' (iter 2345, epoch 5.0)
EarlyStopping counter: 1 out of 10
[Save Checkpoint] epoch: [5.0], Train score:97.09333, Test score:97.19000, train loss:-0.96845, test loss:-0.96996, ratio_train_loss:1.15491,ratio_test_loss:1.11006, total_loss_train:0.18646,total_loss_test:0.14010, var distance inter class train:0.00000,var distance inter class test:0.00000
=> saved checkpoint 'checkpoints_CNN/CNN_mnist_custom_BK_2layer_bk1_20_ratio_bs_128_4/last' (iter 2814, epoch 6.0)
=> saved checkpoint 'checkpoint_scores_CNN/CNN_mnist_custom_BK_2layer_bk1_20_ratio_bs_128_4/last' (iter 2814, epoch 6.0)
[Save Checkpoint] epoch: [6.0], Train score:97.43333, Test score:97.41000, train loss:-0.97240, test loss:-0.97240, ratio_train_loss:0.96031,ratio_test_loss:0.91402, total_loss_train:-0.01208,total_loss_test:-0.05838, var distance inter class train:0.00000,var distance inter class test:0.00000
=> saved checkpoint 'checkpoints_CNN/CNN_mnist_custom_BK_2layer_bk1_20_ratio_bs_128_4/last' (iter 3283, epoch 7.0)
=> saved checkpoint 'checkpoint_scores_CNN/CNN_mnist_custom_BK_2layer_bk1_20_ratio_bs_128_4/last' (iter 3283, epoch 7.0)
[Save Checkpoint] epoch: [7.0], Train score:97.19000, Test score:97.09000, train loss:-0.97016, test loss:-0.96972, ratio_train_loss:0.92689,ratio_test_loss:0.87885, total_loss_train:-0.04327,total_loss_test:-0.09087, var distance inter class train:0.00000,var distance inter class test:0.00000
=> saved checkpoint 'checkpoints_CNN/CNN_mnist_custom_BK_2layer_bk1_20_ratio_bs_128_4/last' (iter 3752, epoch 8.0)
=> saved checkpoint 'checkpoint_scores_CNN/CNN_mnist_custom_BK_2layer_bk1_20_ratio_bs_128_4/last' (iter 3752, epoch 8.0)
EarlyStopping counter: 1 out of 10
[Save Checkpoint] epoch: [8.0], Train score:97.41667, Test score:97.41000, train loss:-0.97245, test loss:-0.97318, ratio_train_loss:1.00107,ratio_test_loss:0.95467, total_loss_train:0.02862,total_loss_test:-0.01852, var distance inter class train:0.00000,var distance inter class test:0.00000
Ratio: Class 0 with zeros or only one example so we don't use it !!!!
=> saved checkpoint 'checkpoints_CNN/CNN_mnist_custom_BK_2layer_bk1_20_ratio_bs_128_4/last' (iter 4221, epoch 9.0)
=> saved checkpoint 'checkpoint_scores_CNN/CNN_mnist_custom_BK_2layer_bk1_20_ratio_bs_128_4/last' (iter 4221, epoch 9.0)
[Save Checkpoint] epoch: [9.0], Train score:97.67333, Test score:97.48000, train loss:-0.97549, test loss:-0.97430, ratio_train_loss:0.90136,ratio_test_loss:0.86107, total_loss_train:-0.07412,total_loss_test:-0.11323, var distance inter class train:0.00000,var distance inter class test:0.00000
=> saved checkpoint 'checkpoints_CNN/CNN_mnist_custom_BK_2layer_bk1_20_ratio_bs_128_4/last' (iter 4690, epoch 10.0)
=> saved checkpoint 'checkpoint_scores_CNN/CNN_mnist_custom_BK_2layer_bk1_20_ratio_bs_128_4/last' (iter 4690, epoch 10.0)
EarlyStopping counter: 1 out of 10
[Save Checkpoint] epoch: [10.0], Train score:97.71667, Test score:97.65000, train loss:-0.97602, test loss:-0.97554, ratio_train_loss:0.99538,ratio_test_loss:0.96011, total_loss_train:0.01937,total_loss_test:-0.01543, var distance inter class train:0.00000,var distance inter class test:0.00000
=> saved checkpoint 'checkpoints_CNN/CNN_mnist_custom_BK_2layer_bk1_20_ratio_bs_128_4/last' (iter 5159, epoch 11.0)
=> saved checkpoint 'checkpoint_scores_CNN/CNN_mnist_custom_BK_2layer_bk1_20_ratio_bs_128_4/last' (iter 5159, epoch 11.0)
EarlyStopping counter: 2 out of 10
[Save Checkpoint] epoch: [11.0], Train score:97.76000, Test score:97.71000, train loss:-0.97687, test loss:-0.97618, ratio_train_loss:0.97876,ratio_test_loss:0.94081, total_loss_train:0.00189,total_loss_test:-0.03537, var distance inter class train:0.00000,var distance inter class test:0.00000
Ratio: Class 2 with zeros or only one example so we don't use it !!!!
=> saved checkpoint 'checkpoints_CNN/CNN_mnist_custom_BK_2layer_bk1_20_ratio_bs_128_4/last' (iter 5628, epoch 12.0)
=> saved checkpoint 'checkpoint_scores_CNN/CNN_mnist_custom_BK_2layer_bk1_20_ratio_bs_128_4/last' (iter 5628, epoch 12.0)
EarlyStopping counter: 3 out of 10
[Save Checkpoint] epoch: [12.0], Train score:97.92500, Test score:97.76000, train loss:-0.97835, test loss:-0.97723, ratio_train_loss:0.93746,ratio_test_loss:0.90468, total_loss_train:-0.04089,total_loss_test:-0.07255, var distance inter class train:0.00000,var distance inter class test:0.00000
=> saved checkpoint 'checkpoints_CNN/CNN_mnist_custom_BK_2layer_bk1_20_ratio_bs_128_4/last' (iter 6097, epoch 13.0)
=> saved checkpoint 'checkpoint_scores_CNN/CNN_mnist_custom_BK_2layer_bk1_20_ratio_bs_128_4/last' (iter 6097, epoch 13.0)
[Save Checkpoint] epoch: [13.0], Train score:97.87667, Test score:97.86000, train loss:-0.97790, test loss:-0.97778, ratio_train_loss:0.89934,ratio_test_loss:0.85724, total_loss_train:-0.07855,total_loss_test:-0.12054, var distance inter class train:0.00000,var distance inter class test:0.00000
=> saved checkpoint 'checkpoints_CNN/CNN_mnist_custom_BK_2layer_bk1_20_ratio_bs_128_4/last' (iter 6566, epoch 14.0)
=> saved checkpoint 'checkpoint_scores_CNN/CNN_mnist_custom_BK_2layer_bk1_20_ratio_bs_128_4/last' (iter 6566, epoch 14.0)
[Save Checkpoint] epoch: [14.0], Train score:98.03667, Test score:97.98000, train loss:-0.97977, test loss:-0.97942, ratio_train_loss:0.89332,ratio_test_loss:0.85502, total_loss_train:-0.08645,total_loss_test:-0.12439, var distance inter class train:0.00000,var distance inter class test:0.00000
=> saved checkpoint 'checkpoints_CNN/CNN_mnist_custom_BK_2layer_bk1_20_ratio_bs_128_4/last' (iter 7035, epoch 15.0)
=> saved checkpoint 'checkpoint_scores_CNN/CNN_mnist_custom_BK_2layer_bk1_20_ratio_bs_128_4/last' (iter 7035, epoch 15.0)
[Save Checkpoint] epoch: [15.0], Train score:97.94833, Test score:97.75000, train loss:-0.97867, test loss:-0.97713, ratio_train_loss:0.87506,ratio_test_loss:0.84354, total_loss_train:-0.10361,total_loss_test:-0.13359, var distance inter class train:0.00000,var distance inter class test:0.00000
=> saved checkpoint 'checkpoints_CNN/CNN_mnist_custom_BK_2layer_bk1_20_ratio_bs_128_4/last' (iter 7504, epoch 16.0)
=> saved checkpoint 'checkpoint_scores_CNN/CNN_mnist_custom_BK_2layer_bk1_20_ratio_bs_128_4/last' (iter 7504, epoch 16.0)
EarlyStopping counter: 1 out of 10
[Save Checkpoint] epoch: [16.0], Train score:97.96833, Test score:97.92000, train loss:-0.97901, test loss:-0.97871, ratio_train_loss:0.97236,ratio_test_loss:0.92732, total_loss_train:-0.00665,total_loss_test:-0.05139, var distance inter class train:0.00000,var distance inter class test:0.00000
Ratio: Class 5 with zeros or only one example so we don't use it !!!!
=> saved checkpoint 'checkpoints_CNN/CNN_mnist_custom_BK_2layer_bk1_20_ratio_bs_128_4/last' (iter 7973, epoch 17.0)
=> saved checkpoint 'checkpoint_scores_CNN/CNN_mnist_custom_BK_2layer_bk1_20_ratio_bs_128_4/last' (iter 7973, epoch 17.0)
[Save Checkpoint] epoch: [17.0], Train score:98.15167, Test score:97.95000, train loss:-0.98087, test loss:-0.97914, ratio_train_loss:0.86402,ratio_test_loss:0.82440, total_loss_train:-0.11685,total_loss_test:-0.15474, var distance inter class train:0.00000,var distance inter class test:0.00000
=> saved checkpoint 'checkpoints_CNN/CNN_mnist_custom_BK_2layer_bk1_20_ratio_bs_128_4/last' (iter 8442, epoch 18.0)
=> saved checkpoint 'checkpoint_scores_CNN/CNN_mnist_custom_BK_2layer_bk1_20_ratio_bs_128_4/last' (iter 8442, epoch 18.0)
[Save Checkpoint] epoch: [18.0], Train score:98.19833, Test score:98.11000, train loss:-0.98141, test loss:-0.98107, ratio_train_loss:0.85061,ratio_test_loss:0.80989, total_loss_train:-0.13080,total_loss_test:-0.17118, var distance inter class train:0.00000,var distance inter class test:0.00000
=> saved checkpoint 'checkpoints_CNN/CNN_mnist_custom_BK_2layer_bk1_20_ratio_bs_128_4/last' (iter 8911, epoch 19.0)
=> saved checkpoint 'checkpoint_scores_CNN/CNN_mnist_custom_BK_2layer_bk1_20_ratio_bs_128_4/last' (iter 8911, epoch 19.0)
[Save Checkpoint] epoch: [19.0], Train score:98.15333, Test score:98.00000, train loss:-0.98103, test loss:-0.97995, ratio_train_loss:0.79905,ratio_test_loss:0.76131, total_loss_train:-0.18198,total_loss_test:-0.21863, var distance inter class train:0.00000,var distance inter class test:0.00000
=> saved checkpoint 'checkpoints_CNN/CNN_mnist_custom_BK_2layer_bk1_20_ratio_bs_128_4/last' (iter 9380, epoch 20.0)
=> saved checkpoint 'checkpoint_scores_CNN/CNN_mnist_custom_BK_2layer_bk1_20_ratio_bs_128_4/last' (iter 9380, epoch 20.0)
EarlyStopping counter: 1 out of 10
[Save Checkpoint] epoch: [20.0], Train score:98.13167, Test score:98.13000, train loss:-0.98062, test loss:-0.98071, ratio_train_loss:0.81617,ratio_test_loss:0.78039, total_loss_train:-0.16445,total_loss_test:-0.20031, var distance inter class train:0.00000,var distance inter class test:0.00000
=> saved checkpoint 'checkpoints_CNN/CNN_mnist_custom_BK_2layer_bk1_20_ratio_bs_128_4/last' (iter 9849, epoch 21.0)
=> saved checkpoint 'checkpoint_scores_CNN/CNN_mnist_custom_BK_2layer_bk1_20_ratio_bs_128_4/last' (iter 9849, epoch 21.0)
EarlyStopping counter: 2 out of 10
[Save Checkpoint] epoch: [21.0], Train score:98.16667, Test score:97.88000, train loss:-0.98120, test loss:-0.97882, ratio_train_loss:0.82122,ratio_test_loss:0.78353, total_loss_train:-0.15998,total_loss_test:-0.19528, var distance inter class train:0.00000,var distance inter class test:0.00000
=> saved checkpoint 'checkpoints_CNN/CNN_mnist_custom_BK_2layer_bk1_20_ratio_bs_128_4/last' (iter 10318, epoch 22.0)
=> saved checkpoint 'checkpoint_scores_CNN/CNN_mnist_custom_BK_2layer_bk1_20_ratio_bs_128_4/last' (iter 10318, epoch 22.0)
EarlyStopping counter: 3 out of 10
[Save Checkpoint] epoch: [22.0], Train score:98.08833, Test score:97.88000, train loss:-0.98044, test loss:-0.97871, ratio_train_loss:0.79607,ratio_test_loss:0.76583, total_loss_train:-0.18437,total_loss_test:-0.21288, var distance inter class train:0.00000,var distance inter class test:0.00000
=> saved checkpoint 'checkpoints_CNN/CNN_mnist_custom_BK_2layer_bk1_20_ratio_bs_128_4/last' (iter 10787, epoch 23.0)
=> saved checkpoint 'checkpoint_scores_CNN/CNN_mnist_custom_BK_2layer_bk1_20_ratio_bs_128_4/last' (iter 10787, epoch 23.0)
EarlyStopping counter: 4 out of 10
[Save Checkpoint] epoch: [23.0], Train score:97.97833, Test score:97.77000, train loss:-0.97921, test loss:-0.97775, ratio_train_loss:0.85329,ratio_test_loss:0.81716, total_loss_train:-0.12592,total_loss_test:-0.16060, var distance inter class train:0.00000,var distance inter class test:0.00000
=> saved checkpoint 'checkpoints_CNN/CNN_mnist_custom_BK_2layer_bk1_20_ratio_bs_128_4/last' (iter 11256, epoch 24.0)
=> saved checkpoint 'checkpoint_scores_CNN/CNN_mnist_custom_BK_2layer_bk1_20_ratio_bs_128_4/last' (iter 11256, epoch 24.0)
EarlyStopping counter: 5 out of 10
[Save Checkpoint] epoch: [24.0], Train score:98.19500, Test score:98.08000, train loss:-0.98152, test loss:-0.98035, ratio_train_loss:0.82914,ratio_test_loss:0.79540, total_loss_train:-0.15237,total_loss_test:-0.18495, var distance inter class train:0.00000,var distance inter class test:0.00000
=> saved checkpoint 'checkpoints_CNN/CNN_mnist_custom_BK_2layer_bk1_20_ratio_bs_128_4/last' (iter 11725, epoch 25.0)
=> saved checkpoint 'checkpoint_scores_CNN/CNN_mnist_custom_BK_2layer_bk1_20_ratio_bs_128_4/last' (iter 11725, epoch 25.0)
EarlyStopping counter: 6 out of 10
[Save Checkpoint] epoch: [25.0], Train score:98.28500, Test score:97.87000, train loss:-0.98238, test loss:-0.97825, ratio_train_loss:0.82108,ratio_test_loss:0.79205, total_loss_train:-0.16130,total_loss_test:-0.18619, var distance inter class train:0.00000,var distance inter class test:0.00000
=> saved checkpoint 'checkpoints_CNN/CNN_mnist_custom_BK_2layer_bk1_20_ratio_bs_128_4/last' (iter 12194, epoch 26.0)
=> saved checkpoint 'checkpoint_scores_CNN/CNN_mnist_custom_BK_2layer_bk1_20_ratio_bs_128_4/last' (iter 12194, epoch 26.0)
EarlyStopping counter: 7 out of 10
[Save Checkpoint] epoch: [26.0], Train score:98.23500, Test score:97.90000, train loss:-0.98191, test loss:-0.97920, ratio_train_loss:0.84425,ratio_test_loss:0.80774, total_loss_train:-0.13766,total_loss_test:-0.17146, var distance inter class train:0.00000,var distance inter class test:0.00000
=> saved checkpoint 'checkpoints_CNN/CNN_mnist_custom_BK_2layer_bk1_20_ratio_bs_128_4/last' (iter 12663, epoch 27.0)
=> saved checkpoint 'checkpoint_scores_CNN/CNN_mnist_custom_BK_2layer_bk1_20_ratio_bs_128_4/last' (iter 12663, epoch 27.0)
[Save Checkpoint] epoch: [27.0], Train score:98.35000, Test score:98.12000, train loss:-0.98305, test loss:-0.98095, ratio_train_loss:0.79212,ratio_test_loss:0.75720, total_loss_train:-0.19093,total_loss_test:-0.22375, var distance inter class train:0.00000,var distance inter class test:0.00000
=> saved checkpoint 'checkpoints_CNN/CNN_mnist_custom_BK_2layer_bk1_20_ratio_bs_128_4/last' (iter 13132, epoch 28.0)
=> saved checkpoint 'checkpoint_scores_CNN/CNN_mnist_custom_BK_2layer_bk1_20_ratio_bs_128_4/last' (iter 13132, epoch 28.0)
EarlyStopping counter: 1 out of 10
[Save Checkpoint] epoch: [28.0], Train score:98.23667, Test score:98.00000, train loss:-0.98205, test loss:-0.98006, ratio_train_loss:0.80248,ratio_test_loss:0.76597, total_loss_train:-0.17957,total_loss_test:-0.21409, var distance inter class train:0.00000,var distance inter class test:0.00000
=> saved checkpoint 'checkpoints_CNN/CNN_mnist_custom_BK_2layer_bk1_20_ratio_bs_128_4/last' (iter 13601, epoch 29.0)
=> saved checkpoint 'checkpoint_scores_CNN/CNN_mnist_custom_BK_2layer_bk1_20_ratio_bs_128_4/last' (iter 13601, epoch 29.0)
[Save Checkpoint] epoch: [29.0], Train score:98.18833, Test score:97.83000, train loss:-0.98160, test loss:-0.97843, ratio_train_loss:0.76979,ratio_test_loss:0.73694, total_loss_train:-0.21181,total_loss_test:-0.24149, var distance inter class train:0.00000,var distance inter class test:0.00000
=> saved checkpoint 'checkpoints_CNN/CNN_mnist_custom_BK_2layer_bk1_20_ratio_bs_128_4/last' (iter 14070, epoch 30.0)
=> saved checkpoint 'checkpoint_scores_CNN/CNN_mnist_custom_BK_2layer_bk1_20_ratio_bs_128_4/last' (iter 14070, epoch 30.0)
EarlyStopping counter: 1 out of 10
[Save Checkpoint] epoch: [30.0], Train score:98.20667, Test score:98.06000, train loss:-0.98182, test loss:-0.98047, ratio_train_loss:0.81389,ratio_test_loss:0.78202, total_loss_train:-0.16793,total_loss_test:-0.19845, var distance inter class train:0.00000,var distance inter class test:0.00000
=> saved checkpoint 'checkpoints_CNN/CNN_mnist_custom_BK_2layer_bk1_20_ratio_bs_128_4/last' (iter 14539, epoch 31.0)
=> saved checkpoint 'checkpoint_scores_CNN/CNN_mnist_custom_BK_2layer_bk1_20_ratio_bs_128_4/last' (iter 14539, epoch 31.0)
EarlyStopping counter: 2 out of 10
[Save Checkpoint] epoch: [31.0], Train score:98.37167, Test score:97.99000, train loss:-0.98336, test loss:-0.98007, ratio_train_loss:0.80703,ratio_test_loss:0.77567, total_loss_train:-0.17633,total_loss_test:-0.20441, var distance inter class train:0.00000,var distance inter class test:0.00000
=> saved checkpoint 'checkpoints_CNN/CNN_mnist_custom_BK_2layer_bk1_20_ratio_bs_128_4/last' (iter 15008, epoch 32.0)
=> saved checkpoint 'checkpoint_scores_CNN/CNN_mnist_custom_BK_2layer_bk1_20_ratio_bs_128_4/last' (iter 15008, epoch 32.0)
EarlyStopping counter: 3 out of 10
[Save Checkpoint] epoch: [32.0], Train score:98.23833, Test score:98.01000, train loss:-0.98200, test loss:-0.98034, ratio_train_loss:0.86629,ratio_test_loss:0.83676, total_loss_train:-0.11571,total_loss_test:-0.14358, var distance inter class train:0.00000,var distance inter class test:0.00000
=> saved checkpoint 'checkpoints_CNN/CNN_mnist_custom_BK_2layer_bk1_20_ratio_bs_128_4/last' (iter 15477, epoch 33.0)
=> saved checkpoint 'checkpoint_scores_CNN/CNN_mnist_custom_BK_2layer_bk1_20_ratio_bs_128_4/last' (iter 15477, epoch 33.0)
EarlyStopping counter: 4 out of 10
[Save Checkpoint] epoch: [33.0], Train score:98.37833, Test score:98.31000, train loss:-0.98330, test loss:-0.98275, ratio_train_loss:0.82666,ratio_test_loss:0.79739, total_loss_train:-0.15664,total_loss_test:-0.18536, var distance inter class train:0.00000,var distance inter class test:0.00000
=> saved checkpoint 'checkpoints_CNN/CNN_mnist_custom_BK_2layer_bk1_20_ratio_bs_128_4/last' (iter 15946, epoch 34.0)
=> saved checkpoint 'checkpoint_scores_CNN/CNN_mnist_custom_BK_2layer_bk1_20_ratio_bs_128_4/last' (iter 15946, epoch 34.0)
EarlyStopping counter: 5 out of 10
[Save Checkpoint] epoch: [34.0], Train score:98.37333, Test score:98.08000, train loss:-0.98337, test loss:-0.98041, ratio_train_loss:0.84519,ratio_test_loss:0.81288, total_loss_train:-0.13818,total_loss_test:-0.16752, var distance inter class train:0.00000,var distance inter class test:0.00000
=> saved checkpoint 'checkpoints_CNN/CNN_mnist_custom_BK_2layer_bk1_20_ratio_bs_128_4/last' (iter 16415, epoch 35.0)
=> saved checkpoint 'checkpoint_scores_CNN/CNN_mnist_custom_BK_2layer_bk1_20_ratio_bs_128_4/last' (iter 16415, epoch 35.0)
EarlyStopping counter: 6 out of 10
[Save Checkpoint] epoch: [35.0], Train score:98.46000, Test score:97.98000, train loss:-0.98427, test loss:-0.97981, ratio_train_loss:0.79658,ratio_test_loss:0.76927, total_loss_train:-0.18769,total_loss_test:-0.21055, var distance inter class train:0.00000,var distance inter class test:0.00000
=> saved checkpoint 'checkpoints_CNN/CNN_mnist_custom_BK_2layer_bk1_20_ratio_bs_128_4/last' (iter 16884, epoch 36.0)
=> saved checkpoint 'checkpoint_scores_CNN/CNN_mnist_custom_BK_2layer_bk1_20_ratio_bs_128_4/last' (iter 16884, epoch 36.0)
EarlyStopping counter: 7 out of 10
[Save Checkpoint] epoch: [36.0], Train score:98.49000, Test score:98.26000, train loss:-0.98456, test loss:-0.98209, ratio_train_loss:0.78058,ratio_test_loss:0.75079, total_loss_train:-0.20398,total_loss_test:-0.23130, var distance inter class train:0.00000,var distance inter class test:0.00000
=> saved checkpoint 'checkpoints_CNN/CNN_mnist_custom_BK_2layer_bk1_20_ratio_bs_128_4/last' (iter 17353, epoch 37.0)
=> saved checkpoint 'checkpoint_scores_CNN/CNN_mnist_custom_BK_2layer_bk1_20_ratio_bs_128_4/last' (iter 17353, epoch 37.0)
EarlyStopping counter: 8 out of 10
[Save Checkpoint] epoch: [37.0], Train score:98.34667, Test score:98.23000, train loss:-0.98320, test loss:-0.98181, ratio_train_loss:0.81095,ratio_test_loss:0.77958, total_loss_train:-0.17226,total_loss_test:-0.20223, var distance inter class train:0.00000,var distance inter class test:0.00000
=> saved checkpoint 'checkpoints_CNN/CNN_mnist_custom_BK_2layer_bk1_20_ratio_bs_128_4/last' (iter 17822, epoch 38.0)
=> saved checkpoint 'checkpoint_scores_CNN/CNN_mnist_custom_BK_2layer_bk1_20_ratio_bs_128_4/last' (iter 17822, epoch 38.0)
[Save Checkpoint] epoch: [38.0], Train score:98.18333, Test score:97.87000, train loss:-0.98168, test loss:-0.97859, ratio_train_loss:0.75592,ratio_test_loss:0.72610, total_loss_train:-0.22576,total_loss_test:-0.25249, var distance inter class train:0.00000,var distance inter class test:0.00000
=> saved checkpoint 'checkpoints_CNN/CNN_mnist_custom_BK_2layer_bk1_20_ratio_bs_128_4/last' (iter 18291, epoch 39.0)
=> saved checkpoint 'checkpoint_scores_CNN/CNN_mnist_custom_BK_2layer_bk1_20_ratio_bs_128_4/last' (iter 18291, epoch 39.0)
EarlyStopping counter: 1 out of 10
[Save Checkpoint] epoch: [39.0], Train score:98.42833, Test score:98.12000, train loss:-0.98390, test loss:-0.98081, ratio_train_loss:0.76296,ratio_test_loss:0.73254, total_loss_train:-0.22093,total_loss_test:-0.24827, var distance inter class train:0.00000,var distance inter class test:0.00000
=> saved checkpoint 'checkpoints_CNN/CNN_mnist_custom_BK_2layer_bk1_20_ratio_bs_128_4/last' (iter 18760, epoch 40.0)
=> saved checkpoint 'checkpoint_scores_CNN/CNN_mnist_custom_BK_2layer_bk1_20_ratio_bs_128_4/last' (iter 18760, epoch 40.0)
[Save Checkpoint] epoch: [40.0], Train score:98.45167, Test score:98.22000, train loss:-0.98416, test loss:-0.98210, ratio_train_loss:0.73506,ratio_test_loss:0.70748, total_loss_train:-0.24910,total_loss_test:-0.27462, var distance inter class train:0.00000,var distance inter class test:0.00000
=> saved checkpoint 'checkpoints_CNN/CNN_mnist_custom_BK_2layer_bk1_20_ratio_bs_128_4/last' (iter 19229, epoch 41.0)
=> saved checkpoint 'checkpoint_scores_CNN/CNN_mnist_custom_BK_2layer_bk1_20_ratio_bs_128_4/last' (iter 19229, epoch 41.0)
EarlyStopping counter: 1 out of 10
[Save Checkpoint] epoch: [41.0], Train score:98.44500, Test score:98.24000, train loss:-0.98406, test loss:-0.98241, ratio_train_loss:0.77481,ratio_test_loss:0.74410, total_loss_train:-0.20924,total_loss_test:-0.23832, var distance inter class train:0.00000,var distance inter class test:0.00000
=> saved checkpoint 'checkpoints_CNN/CNN_mnist_custom_BK_2layer_bk1_20_ratio_bs_128_4/last' (iter 19698, epoch 42.0)
=> saved checkpoint 'checkpoint_scores_CNN/CNN_mnist_custom_BK_2layer_bk1_20_ratio_bs_128_4/last' (iter 19698, epoch 42.0)
EarlyStopping counter: 2 out of 10
[Save Checkpoint] epoch: [42.0], Train score:98.38667, Test score:98.08000, train loss:-0.98361, test loss:-0.98057, ratio_train_loss:0.79497,ratio_test_loss:0.75841, total_loss_train:-0.18865,total_loss_test:-0.22216, var distance inter class train:0.00000,var distance inter class test:0.00000
=> saved checkpoint 'checkpoints_CNN/CNN_mnist_custom_BK_2layer_bk1_20_ratio_bs_128_4/last' (iter 20167, epoch 43.0)
=> saved checkpoint 'checkpoint_scores_CNN/CNN_mnist_custom_BK_2layer_bk1_20_ratio_bs_128_4/last' (iter 20167, epoch 43.0)
EarlyStopping counter: 3 out of 10
[Save Checkpoint] epoch: [43.0], Train score:98.46000, Test score:98.06000, train loss:-0.98428, test loss:-0.98072, ratio_train_loss:0.78952,ratio_test_loss:0.75506, total_loss_train:-0.19476,total_loss_test:-0.22566, var distance inter class train:0.00000,var distance inter class test:0.00000
=> saved checkpoint 'checkpoints_CNN/CNN_mnist_custom_BK_2layer_bk1_20_ratio_bs_128_4/last' (iter 20636, epoch 44.0)
=> saved checkpoint 'checkpoint_scores_CNN/CNN_mnist_custom_BK_2layer_bk1_20_ratio_bs_128_4/last' (iter 20636, epoch 44.0)
EarlyStopping counter: 4 out of 10
[Save Checkpoint] epoch: [44.0], Train score:98.43000, Test score:98.12000, train loss:-0.98389, test loss:-0.98110, ratio_train_loss:0.75134,ratio_test_loss:0.72300, total_loss_train:-0.23255,total_loss_test:-0.25809, var distance inter class train:0.00000,var distance inter class test:0.00000
=> saved checkpoint 'checkpoints_CNN/CNN_mnist_custom_BK_2layer_bk1_20_ratio_bs_128_4/last' (iter 21105, epoch 45.0)
=> saved checkpoint 'checkpoint_scores_CNN/CNN_mnist_custom_BK_2layer_bk1_20_ratio_bs_128_4/last' (iter 21105, epoch 45.0)
EarlyStopping counter: 5 out of 10
[Save Checkpoint] epoch: [45.0], Train score:98.43000, Test score:98.05000, train loss:-0.98399, test loss:-0.98058, ratio_train_loss:0.77121,ratio_test_loss:0.74803, total_loss_train:-0.21277,total_loss_test:-0.23254, var distance inter class train:0.00000,var distance inter class test:0.00000
=> saved checkpoint 'checkpoints_CNN/CNN_mnist_custom_BK_2layer_bk1_20_ratio_bs_128_4/last' (iter 21574, epoch 46.0)
=> saved checkpoint 'checkpoint_scores_CNN/CNN_mnist_custom_BK_2layer_bk1_20_ratio_bs_128_4/last' (iter 21574, epoch 46.0)
EarlyStopping counter: 6 out of 10
[Save Checkpoint] epoch: [46.0], Train score:98.43500, Test score:97.98000, train loss:-0.98402, test loss:-0.98030, ratio_train_loss:0.76020,ratio_test_loss:0.73402, total_loss_train:-0.22382,total_loss_test:-0.24628, var distance inter class train:0.00000,var distance inter class test:0.00000
Ratio: Class 0 with zeros or only one example so we don't use it !!!!
=> saved checkpoint 'checkpoints_CNN/CNN_mnist_custom_BK_2layer_bk1_20_ratio_bs_128_4/last' (iter 22043, epoch 47.0)
=> saved checkpoint 'checkpoint_scores_CNN/CNN_mnist_custom_BK_2layer_bk1_20_ratio_bs_128_4/last' (iter 22043, epoch 47.0)
EarlyStopping counter: 7 out of 10
[Save Checkpoint] epoch: [47.0], Train score:98.46000, Test score:98.21000, train loss:-0.98432, test loss:-0.98191, ratio_train_loss:0.76826,ratio_test_loss:0.74105, total_loss_train:-0.21607,total_loss_test:-0.24086, var distance inter class train:0.00000,var distance inter class test:0.00000
=> saved checkpoint 'checkpoints_CNN/CNN_mnist_custom_BK_2layer_bk1_20_ratio_bs_128_4/last' (iter 22512, epoch 48.0)
=> saved checkpoint 'checkpoint_scores_CNN/CNN_mnist_custom_BK_2layer_bk1_20_ratio_bs_128_4/last' (iter 22512, epoch 48.0)
EarlyStopping counter: 8 out of 10
[Save Checkpoint] epoch: [48.0], Train score:98.36333, Test score:98.16000, train loss:-0.98332, test loss:-0.98168, ratio_train_loss:0.78366,ratio_test_loss:0.75213, total_loss_train:-0.19965,total_loss_test:-0.22955, var distance inter class train:0.00000,var distance inter class test:0.00000
=> saved checkpoint 'checkpoints_CNN/CNN_mnist_custom_BK_2layer_bk1_20_ratio_bs_128_4/last' (iter 22981, epoch 49.0)
=> saved checkpoint 'checkpoint_scores_CNN/CNN_mnist_custom_BK_2layer_bk1_20_ratio_bs_128_4/last' (iter 22981, epoch 49.0)
EarlyStopping counter: 9 out of 10
[Save Checkpoint] epoch: [49.0], Train score:98.22333, Test score:98.00000, train loss:-0.98202, test loss:-0.98004, ratio_train_loss:0.78499,ratio_test_loss:0.75524, total_loss_train:-0.19703,total_loss_test:-0.22480, var distance inter class train:0.00000,var distance inter class test:0.00000
=> saved checkpoint 'checkpoints_CNN/CNN_mnist_custom_BK_2layer_bk1_20_ratio_bs_128_4/last' (iter 23450, epoch 50.0)
=> saved checkpoint 'checkpoint_scores_CNN/CNN_mnist_custom_BK_2layer_bk1_20_ratio_bs_128_4/last' (iter 23450, epoch 50.0)
EarlyStopping counter: 10 out of 10
[Save Checkpoint] epoch: [50.0], Train score:98.48000, Test score:98.27000, train loss:-0.98466, test loss:-0.98245, ratio_train_loss:0.80304,ratio_test_loss:0.76961, total_loss_train:-0.18162,total_loss_test:-0.21284, var distance inter class train:0.00000,var distance inter class test:0.00000
Early stopping
[Training Finished]
All Done!
