6
--dataset mnist --model CNN --gpu_devices 0 1 --max_iter 50 --batch_size 256 --ckpt_dir checkpoints_CNN --ckpt_dir_scores checkpoint_scores_CNN --use_scheduler True --GMP True --lr 1e-3 --z_struct_size 20 --add_classification_layer True --classif_layer_size 30 --is_default_model False --is_custom_model False --is_custom_model_BK True --big_kernel_size 8 --two_conv_layer True --three_conv_layer False --BK_in_first_layer True --BK_in_second_layer False --BK_in_third_layer False --stride_size 1 --hidden_filters_layer1 32 --hidden_filters_layer2 32 --hidden_filters_layer3 32 --ratio_reg True --lambda_ratio_reg 1 --lambda_class 1 --other_ratio False --loss_min_distance_cl False --lambda_var_distance 1 --intra_class_variance_loss False --lambda_intra_class_var 1 --contrastive_loss False --lambda_contrastive_loss 1 --alpha 32 --loss Proxy_Anchor --optimizer adamw --mrg 0.1 --IPC False --warm 1 --sz_embedding 32 --dataset_balanced True --loss_distance_mean True --lambda_distance_mean 0.001 --value_target_distance_mean 10 --lambda_var_intra 10 --lambda_var_inter 0.0001 --exp_name mnist_classif_balanced_dataset_intra_inter_1_6_4
Namespace(BK_in_first_layer=True, BK_in_second_layer=False, BK_in_third_layer=False, BN=False, C_max=25, C_stop_iter=100000.0, E1_AE=False, E1_VAE=False, E1_conv=False, E1_dense=False, E1_second_conv=False, E1_second_conv_adapt=False, GMP=True, IPC=False, L1_norm_act=False, L1_norm_weights=False, L3_without_random=False, LOG_DIR='logs', adapt_lr=False, add_classification_layer=True, add_linear_after_GMP=True, add_z_struct_bottleneck=False, alpha=32.0, batch_size=256, beta=1, beta1=0.9, beta2=0.999, big_kernel=False, big_kernel_size=[8], binary_z=False, ckpt_dir='checkpoints_CNN', ckpt_dir_scores='checkpoint_scores_CNN', classif_layer_size=30, contrastive_loss=False, cuda=True, dataset='mnist', dataset_balanced=True, display_step=10000, dset_dir='data', exp_name='mnist_classif_balanced_dataset_intra_inter_1_6_4', freeze_Encoder=True, gamma=1000, gpu_devices=[0, 1], hidden_filters_layer1=32, hidden_filters_layer2=32, hidden_filters_layer3=32, image_size=64, intra_class_variance_loss=False, is_C=True, is_E1=False, is_binary_structural_latent=False, is_custom_model=False, is_custom_model_BK=True, is_default_model=False, is_noise_stats=False, is_partial_rand_class=False, is_perturbed_score=False, is_zvar_sim_loss=False, just_train=False, kernel_size=4, lambda_Kl_struct=1, lambda_Kl_var=1, lambda_L1=0.01, lambda_VAE=1, lambda_class=1.0, lambda_contrastive_loss=1.0, lambda_distance_mean=0.001, lambda_intra_class_var=1.0, lambda_partial_class=1, lambda_ratio_reg=1.0, lambda_recon_wt_rand=1, lambda_recons=1, lambda_var_distance=1.0, lambda_var_inter=0.0001, lambda_var_intra=10.0, lambda_zvar_sim=1, latent_spec_cont=None, latent_spec_cont_class=None, latent_spec_cont_var=None, latent_spec_disc=None, latent_spec_disc_class=None, latent_spec_disc_var=None, log_level='info', loss='Proxy_Anchor', loss_distance_mean=True, loss_min_distance_cl=False, lr=0.001, max_iter=50.0, model='CNN', mrg=0.1, num_workers=2, old_weighted=False, optimizer='adamw', other_ratio=False, random_percentage=0.2, ratio_reg=True, remark='', save_step=10000, second_layer_C=False, seed=1, stride_size=1, sz_embedding=32, three_conv_layer=False, train=True, two_conv_layer=True, two_encoder=False, use_decoder=False, use_early_stopping=True, use_scheduler=True, value_target_distance_mean=10.0, warm=1, without_acc=False, z_struct_size=20, zeros_W_Classif=False, zvar_sim_change_zvar=False, zvar_sim_loss_for_all_model=False, zvar_sim_loss_only_for_encoder=False, zvar_sim_normal=False, zvar_sim_var_rand=False)
CUDA Visible devices !
Balanced samples per class
use 1 gpu who named: Tesla K20m
=> loaded sample_scores and losses
=> no checkpoint found at 'checkpoints_CNN/mnist_classif_balanced_dataset_intra_inter_1_6_4/last'
Custom_CNN_BK(
  (net): Sequential(
    (0): Conv2d(1, 32, kernel_size=(8, 8), stride=(1, 1))
    (1): BatchNorm2d(32, eps=1e-05, momentum=0.1, affine=True, track_running_stats=True)
    (2): ReLU(inplace=True)
    (3): Conv2d(32, 32, kernel_size=(4, 4), stride=(1, 1))
    (4): BatchNorm2d(32, eps=1e-05, momentum=0.1, affine=True, track_running_stats=True)
    (5): ReLU(inplace=True)
    (6): AdaptiveMaxPool2d(output_size=(1, 1))
    (7): View()
    (8): Linear(in_features=32, out_features=20, bias=True)
    (9): BatchNorm1d(20, eps=1e-05, momentum=0.1, affine=True, track_running_stats=True)
    (10): ReLU(inplace=True)
    (11): Dropout(p=0.4, inplace=False)
    (12): Linear(in_features=20, out_features=30, bias=True)
    (13): BatchNorm1d(30, eps=1e-05, momentum=0.1, affine=True, track_running_stats=True)
    (14): ReLU(inplace=True)
    (15): Dropout(p=0.4, inplace=False)
    (16): Linear(in_features=30, out_features=10, bias=True)
    (17): Softmax(dim=None)
  )
)
The number of parameters of model is 20324
Ratio: In this batch for class 0, they are less images than 10. Don't use it to compute ratio!!!!
Ratio: In this batch for class 1, they are less images than 10. Don't use it to compute ratio!!!!
Ratio: In this batch for class 2, they are less images than 10. Don't use it to compute ratio!!!!
Ratio: In this batch for class 3, they are less images than 10. Don't use it to compute ratio!!!!
Ratio: In this batch for class 4, they are less images than 10. Don't use it to compute ratio!!!!
Ratio: In this batch for class 5, they are less images than 10. Don't use it to compute ratio!!!!
Ratio: In this batch for class 6, they are less images than 10. Don't use it to compute ratio!!!!
Ratio: In this batch for class 9, they are less images than 10. Don't use it to compute ratio!!!!
=> saved checkpoint 'checkpoints_CNN/mnist_classif_balanced_dataset_intra_inter_1_6_4/last' (iter 264, epoch 1.0)
=> saved checkpoint 'checkpoint_scores_CNN/mnist_classif_balanced_dataset_intra_inter_1_6_4/last' (iter 264, epoch 1.0)
[Save Checkpoint] epoch: [1.0], Train score:82.76500, Test score:74.21000, train loss:-0.66770, test loss:-0.67439, ratio_train_loss:3.77030,ratio_test_loss:3.44304, total_loss_train:3.10259,total_loss_test:2.76866, var distance inter class train:0.00000,var distance inter class test:0.00000
Ratio: In this batch for class 0, they are less images than 10. Don't use it to compute ratio!!!!
Ratio: In this batch for class 1, they are less images than 10. Don't use it to compute ratio!!!!
Ratio: In this batch for class 2, they are less images than 10. Don't use it to compute ratio!!!!
Ratio: In this batch for class 3, they are less images than 10. Don't use it to compute ratio!!!!
Ratio: In this batch for class 4, they are less images than 10. Don't use it to compute ratio!!!!
Ratio: In this batch for class 5, they are less images than 10. Don't use it to compute ratio!!!!
Ratio: In this batch for class 6, they are less images than 10. Don't use it to compute ratio!!!!
Ratio: In this batch for class 9, they are less images than 10. Don't use it to compute ratio!!!!
=> saved checkpoint 'checkpoints_CNN/mnist_classif_balanced_dataset_intra_inter_1_6_4/last' (iter 528, epoch 2.0)
=> saved checkpoint 'checkpoint_scores_CNN/mnist_classif_balanced_dataset_intra_inter_1_6_4/last' (iter 528, epoch 2.0)
[Save Checkpoint] epoch: [2.0], Train score:99.34167, Test score:88.79000, train loss:-0.84121, test loss:-0.84740, ratio_train_loss:2.42093,ratio_test_loss:2.28619, total_loss_train:1.57972,total_loss_test:1.43879, var distance inter class train:0.00000,var distance inter class test:0.00000
Ratio: In this batch for class 0, they are less images than 10. Don't use it to compute ratio!!!!
Ratio: In this batch for class 1, they are less images than 10. Don't use it to compute ratio!!!!
Ratio: In this batch for class 2, they are less images than 10. Don't use it to compute ratio!!!!
Ratio: In this batch for class 3, they are less images than 10. Don't use it to compute ratio!!!!
Ratio: In this batch for class 4, they are less images than 10. Don't use it to compute ratio!!!!
Ratio: In this batch for class 5, they are less images than 10. Don't use it to compute ratio!!!!
Ratio: In this batch for class 6, they are less images than 10. Don't use it to compute ratio!!!!
Ratio: In this batch for class 9, they are less images than 10. Don't use it to compute ratio!!!!
=> saved checkpoint 'checkpoints_CNN/mnist_classif_balanced_dataset_intra_inter_1_6_4/last' (iter 792, epoch 3.0)
=> saved checkpoint 'checkpoint_scores_CNN/mnist_classif_balanced_dataset_intra_inter_1_6_4/last' (iter 792, epoch 3.0)
[Save Checkpoint] epoch: [3.0], Train score:103.96000, Test score:92.49000, train loss:-0.91109, test loss:-0.91134, ratio_train_loss:4.02536,ratio_test_loss:3.41337, total_loss_train:3.11427,total_loss_test:2.50203, var distance inter class train:0.00000,var distance inter class test:0.00000
Ratio: In this batch for class 0, they are less images than 10. Don't use it to compute ratio!!!!
Ratio: In this batch for class 1, they are less images than 10. Don't use it to compute ratio!!!!
Ratio: In this batch for class 2, they are less images than 10. Don't use it to compute ratio!!!!
Ratio: In this batch for class 3, they are less images than 10. Don't use it to compute ratio!!!!
Ratio: In this batch for class 4, they are less images than 10. Don't use it to compute ratio!!!!
Ratio: In this batch for class 5, they are less images than 10. Don't use it to compute ratio!!!!
Ratio: In this batch for class 6, they are less images than 10. Don't use it to compute ratio!!!!
Ratio: In this batch for class 9, they are less images than 10. Don't use it to compute ratio!!!!
=> saved checkpoint 'checkpoints_CNN/mnist_classif_balanced_dataset_intra_inter_1_6_4/last' (iter 1056, epoch 4.0)
=> saved checkpoint 'checkpoint_scores_CNN/mnist_classif_balanced_dataset_intra_inter_1_6_4/last' (iter 1056, epoch 4.0)
[Save Checkpoint] epoch: [4.0], Train score:105.35500, Test score:93.64000, train loss:-0.92721, test loss:-0.92686, ratio_train_loss:3.37844,ratio_test_loss:3.00803, total_loss_train:2.45123,total_loss_test:2.08117, var distance inter class train:0.00000,var distance inter class test:0.00000
Ratio: In this batch for class 0, they are less images than 10. Don't use it to compute ratio!!!!
Ratio: In this batch for class 1, they are less images than 10. Don't use it to compute ratio!!!!
Ratio: In this batch for class 2, they are less images than 10. Don't use it to compute ratio!!!!
Ratio: In this batch for class 3, they are less images than 10. Don't use it to compute ratio!!!!
Ratio: In this batch for class 4, they are less images than 10. Don't use it to compute ratio!!!!
Ratio: In this batch for class 5, they are less images than 10. Don't use it to compute ratio!!!!
Ratio: In this batch for class 6, they are less images than 10. Don't use it to compute ratio!!!!
Ratio: In this batch for class 9, they are less images than 10. Don't use it to compute ratio!!!!
=> saved checkpoint 'checkpoints_CNN/mnist_classif_balanced_dataset_intra_inter_1_6_4/last' (iter 1320, epoch 5.0)
=> saved checkpoint 'checkpoint_scores_CNN/mnist_classif_balanced_dataset_intra_inter_1_6_4/last' (iter 1320, epoch 5.0)
EarlyStopping counter: 1 out of 10
[Save Checkpoint] epoch: [5.0], Train score:106.77333, Test score:95.00000, train loss:-0.94299, test loss:-0.94366, ratio_train_loss:2.87473,ratio_test_loss:2.48414, total_loss_train:1.93175,total_loss_test:1.54047, var distance inter class train:0.00000,var distance inter class test:0.00000
Ratio: In this batch for class 0, they are less images than 10. Don't use it to compute ratio!!!!
Ratio: In this batch for class 1, they are less images than 10. Don't use it to compute ratio!!!!
Ratio: In this batch for class 2, they are less images than 10. Don't use it to compute ratio!!!!
Ratio: In this batch for class 3, they are less images than 10. Don't use it to compute ratio!!!!
Ratio: In this batch for class 4, they are less images than 10. Don't use it to compute ratio!!!!
Ratio: In this batch for class 5, they are less images than 10. Don't use it to compute ratio!!!!
Ratio: In this batch for class 6, they are less images than 10. Don't use it to compute ratio!!!!
Ratio: In this batch for class 9, they are less images than 10. Don't use it to compute ratio!!!!
=> saved checkpoint 'checkpoints_CNN/mnist_classif_balanced_dataset_intra_inter_1_6_4/last' (iter 1584, epoch 6.0)
=> saved checkpoint 'checkpoint_scores_CNN/mnist_classif_balanced_dataset_intra_inter_1_6_4/last' (iter 1584, epoch 6.0)
[Save Checkpoint] epoch: [6.0], Train score:106.30167, Test score:94.29000, train loss:-0.94083, test loss:-0.94004, ratio_train_loss:2.87874,ratio_test_loss:2.75943, total_loss_train:1.93791,total_loss_test:1.81938, var distance inter class train:0.00000,var distance inter class test:0.00000
Ratio: In this batch for class 0, they are less images than 10. Don't use it to compute ratio!!!!
Ratio: In this batch for class 1, they are less images than 10. Don't use it to compute ratio!!!!
Ratio: In this batch for class 2, they are less images than 10. Don't use it to compute ratio!!!!
Ratio: In this batch for class 3, they are less images than 10. Don't use it to compute ratio!!!!
Ratio: In this batch for class 4, they are less images than 10. Don't use it to compute ratio!!!!
Ratio: In this batch for class 5, they are less images than 10. Don't use it to compute ratio!!!!
Ratio: In this batch for class 6, they are less images than 10. Don't use it to compute ratio!!!!
Ratio: In this batch for class 9, they are less images than 10. Don't use it to compute ratio!!!!
=> saved checkpoint 'checkpoints_CNN/mnist_classif_balanced_dataset_intra_inter_1_6_4/last' (iter 1848, epoch 7.0)
=> saved checkpoint 'checkpoint_scores_CNN/mnist_classif_balanced_dataset_intra_inter_1_6_4/last' (iter 1848, epoch 7.0)
[Save Checkpoint] epoch: [7.0], Train score:107.17667, Test score:95.31000, train loss:-0.94982, test loss:-0.94950, ratio_train_loss:2.49783,ratio_test_loss:2.37513, total_loss_train:1.54800,total_loss_test:1.42563, var distance inter class train:0.00000,var distance inter class test:0.00000
Ratio: In this batch for class 0, they are less images than 10. Don't use it to compute ratio!!!!
Ratio: In this batch for class 1, they are less images than 10. Don't use it to compute ratio!!!!
Ratio: In this batch for class 2, they are less images than 10. Don't use it to compute ratio!!!!
Ratio: In this batch for class 3, they are less images than 10. Don't use it to compute ratio!!!!
Ratio: In this batch for class 4, they are less images than 10. Don't use it to compute ratio!!!!
Ratio: In this batch for class 5, they are less images than 10. Don't use it to compute ratio!!!!
Ratio: In this batch for class 6, they are less images than 10. Don't use it to compute ratio!!!!
Ratio: In this batch for class 9, they are less images than 10. Don't use it to compute ratio!!!!
=> saved checkpoint 'checkpoints_CNN/mnist_classif_balanced_dataset_intra_inter_1_6_4/last' (iter 2112, epoch 8.0)
=> saved checkpoint 'checkpoint_scores_CNN/mnist_classif_balanced_dataset_intra_inter_1_6_4/last' (iter 2112, epoch 8.0)
EarlyStopping counter: 1 out of 10
[Save Checkpoint] epoch: [8.0], Train score:106.68333, Test score:94.42000, train loss:-0.94515, test loss:-0.94168, ratio_train_loss:2.93540,ratio_test_loss:2.64155, total_loss_train:1.99025,total_loss_test:1.69987, var distance inter class train:0.00000,var distance inter class test:0.00000
Ratio: In this batch for class 0, they are less images than 10. Don't use it to compute ratio!!!!
Ratio: In this batch for class 1, they are less images than 10. Don't use it to compute ratio!!!!
Ratio: In this batch for class 2, they are less images than 10. Don't use it to compute ratio!!!!
Ratio: In this batch for class 3, they are less images than 10. Don't use it to compute ratio!!!!
Ratio: In this batch for class 4, they are less images than 10. Don't use it to compute ratio!!!!
Ratio: In this batch for class 5, they are less images than 10. Don't use it to compute ratio!!!!
Ratio: In this batch for class 6, they are less images than 10. Don't use it to compute ratio!!!!
Ratio: In this batch for class 9, they are less images than 10. Don't use it to compute ratio!!!!
=> saved checkpoint 'checkpoints_CNN/mnist_classif_balanced_dataset_intra_inter_1_6_4/last' (iter 2376, epoch 9.0)
=> saved checkpoint 'checkpoint_scores_CNN/mnist_classif_balanced_dataset_intra_inter_1_6_4/last' (iter 2376, epoch 9.0)
EarlyStopping counter: 2 out of 10
[Save Checkpoint] epoch: [9.0], Train score:107.73000, Test score:95.59000, train loss:-0.95595, test loss:-0.95340, ratio_train_loss:3.13863,ratio_test_loss:2.98121, total_loss_train:2.18269,total_loss_test:2.02781, var distance inter class train:0.00000,var distance inter class test:0.00000
Ratio: In this batch for class 0, they are less images than 10. Don't use it to compute ratio!!!!
Ratio: In this batch for class 1, they are less images than 10. Don't use it to compute ratio!!!!
Ratio: In this batch for class 2, they are less images than 10. Don't use it to compute ratio!!!!
Ratio: In this batch for class 3, they are less images than 10. Don't use it to compute ratio!!!!
Ratio: In this batch for class 4, they are less images than 10. Don't use it to compute ratio!!!!
Ratio: In this batch for class 5, they are less images than 10. Don't use it to compute ratio!!!!
Ratio: In this batch for class 6, they are less images than 10. Don't use it to compute ratio!!!!
Ratio: In this batch for class 9, they are less images than 10. Don't use it to compute ratio!!!!
=> saved checkpoint 'checkpoints_CNN/mnist_classif_balanced_dataset_intra_inter_1_6_4/last' (iter 2640, epoch 10.0)
=> saved checkpoint 'checkpoint_scores_CNN/mnist_classif_balanced_dataset_intra_inter_1_6_4/last' (iter 2640, epoch 10.0)
EarlyStopping counter: 3 out of 10
[Save Checkpoint] epoch: [10.0], Train score:107.03833, Test score:95.24000, train loss:-0.95023, test loss:-0.95077, ratio_train_loss:2.76712,ratio_test_loss:2.64904, total_loss_train:1.81690,total_loss_test:1.69827, var distance inter class train:0.00000,var distance inter class test:0.00000
Ratio: In this batch for class 0, they are less images than 10. Don't use it to compute ratio!!!!
Ratio: In this batch for class 1, they are less images than 10. Don't use it to compute ratio!!!!
Ratio: In this batch for class 2, they are less images than 10. Don't use it to compute ratio!!!!
Ratio: In this batch for class 3, they are less images than 10. Don't use it to compute ratio!!!!
Ratio: In this batch for class 4, they are less images than 10. Don't use it to compute ratio!!!!
Ratio: In this batch for class 5, they are less images than 10. Don't use it to compute ratio!!!!
Ratio: In this batch for class 6, they are less images than 10. Don't use it to compute ratio!!!!
Ratio: In this batch for class 9, they are less images than 10. Don't use it to compute ratio!!!!
=> saved checkpoint 'checkpoints_CNN/mnist_classif_balanced_dataset_intra_inter_1_6_4/last' (iter 2904, epoch 11.0)
=> saved checkpoint 'checkpoint_scores_CNN/mnist_classif_balanced_dataset_intra_inter_1_6_4/last' (iter 2904, epoch 11.0)
[Save Checkpoint] epoch: [11.0], Train score:103.98333, Test score:92.57000, train loss:-0.92079, test loss:-0.92287, ratio_train_loss:2.62960,ratio_test_loss:2.55673, total_loss_train:1.70881,total_loss_test:1.63386, var distance inter class train:0.00000,var distance inter class test:0.00000
Ratio: In this batch for class 0, they are less images than 10. Don't use it to compute ratio!!!!
Ratio: In this batch for class 1, they are less images than 10. Don't use it to compute ratio!!!!
Ratio: In this batch for class 2, they are less images than 10. Don't use it to compute ratio!!!!
Ratio: In this batch for class 3, they are less images than 10. Don't use it to compute ratio!!!!
Ratio: In this batch for class 4, they are less images than 10. Don't use it to compute ratio!!!!
Ratio: In this batch for class 5, they are less images than 10. Don't use it to compute ratio!!!!
Ratio: In this batch for class 6, they are less images than 10. Don't use it to compute ratio!!!!
Ratio: In this batch for class 9, they are less images than 10. Don't use it to compute ratio!!!!
=> saved checkpoint 'checkpoints_CNN/mnist_classif_balanced_dataset_intra_inter_1_6_4/last' (iter 3168, epoch 12.0)
=> saved checkpoint 'checkpoint_scores_CNN/mnist_classif_balanced_dataset_intra_inter_1_6_4/last' (iter 3168, epoch 12.0)
EarlyStopping counter: 1 out of 10
[Save Checkpoint] epoch: [12.0], Train score:107.24500, Test score:95.48000, train loss:-0.95164, test loss:-0.95317, ratio_train_loss:2.80095,ratio_test_loss:2.79773, total_loss_train:1.84931,total_loss_test:1.84456, var distance inter class train:0.00000,var distance inter class test:0.00000
Ratio: In this batch for class 0, they are less images than 10. Don't use it to compute ratio!!!!
Ratio: In this batch for class 1, they are less images than 10. Don't use it to compute ratio!!!!
Ratio: In this batch for class 2, they are less images than 10. Don't use it to compute ratio!!!!
Ratio: In this batch for class 3, they are less images than 10. Don't use it to compute ratio!!!!
Ratio: In this batch for class 4, they are less images than 10. Don't use it to compute ratio!!!!
Ratio: In this batch for class 5, they are less images than 10. Don't use it to compute ratio!!!!
Ratio: In this batch for class 6, they are less images than 10. Don't use it to compute ratio!!!!
Ratio: In this batch for class 9, they are less images than 10. Don't use it to compute ratio!!!!
=> saved checkpoint 'checkpoints_CNN/mnist_classif_balanced_dataset_intra_inter_1_6_4/last' (iter 3432, epoch 13.0)
=> saved checkpoint 'checkpoint_scores_CNN/mnist_classif_balanced_dataset_intra_inter_1_6_4/last' (iter 3432, epoch 13.0)
EarlyStopping counter: 2 out of 10
[Save Checkpoint] epoch: [13.0], Train score:108.23500, Test score:96.10000, train loss:-0.96180, test loss:-0.95970, ratio_train_loss:2.51878,ratio_test_loss:2.52134, total_loss_train:1.55698,total_loss_test:1.56164, var distance inter class train:0.00000,var distance inter class test:0.00000
Ratio: In this batch for class 0, they are less images than 10. Don't use it to compute ratio!!!!
Ratio: In this batch for class 1, they are less images than 10. Don't use it to compute ratio!!!!
Ratio: In this batch for class 2, they are less images than 10. Don't use it to compute ratio!!!!
Ratio: In this batch for class 3, they are less images than 10. Don't use it to compute ratio!!!!
Ratio: In this batch for class 4, they are less images than 10. Don't use it to compute ratio!!!!
Ratio: In this batch for class 5, they are less images than 10. Don't use it to compute ratio!!!!
Ratio: In this batch for class 6, they are less images than 10. Don't use it to compute ratio!!!!
Ratio: In this batch for class 9, they are less images than 10. Don't use it to compute ratio!!!!
=> saved checkpoint 'checkpoints_CNN/mnist_classif_balanced_dataset_intra_inter_1_6_4/last' (iter 3696, epoch 14.0)
=> saved checkpoint 'checkpoint_scores_CNN/mnist_classif_balanced_dataset_intra_inter_1_6_4/last' (iter 3696, epoch 14.0)
EarlyStopping counter: 3 out of 10
[Save Checkpoint] epoch: [14.0], Train score:107.34000, Test score:95.14000, train loss:-0.95291, test loss:-0.94966, ratio_train_loss:2.24802,ratio_test_loss:2.26774, total_loss_train:1.29511,total_loss_test:1.31808, var distance inter class train:0.00000,var distance inter class test:0.00000
Ratio: In this batch for class 0, they are less images than 10. Don't use it to compute ratio!!!!
Ratio: In this batch for class 1, they are less images than 10. Don't use it to compute ratio!!!!
Ratio: In this batch for class 2, they are less images than 10. Don't use it to compute ratio!!!!
Ratio: In this batch for class 3, they are less images than 10. Don't use it to compute ratio!!!!
Ratio: In this batch for class 4, they are less images than 10. Don't use it to compute ratio!!!!
Ratio: In this batch for class 5, they are less images than 10. Don't use it to compute ratio!!!!
Ratio: In this batch for class 6, they are less images than 10. Don't use it to compute ratio!!!!
Ratio: In this batch for class 9, they are less images than 10. Don't use it to compute ratio!!!!
=> saved checkpoint 'checkpoints_CNN/mnist_classif_balanced_dataset_intra_inter_1_6_4/last' (iter 3960, epoch 15.0)
=> saved checkpoint 'checkpoint_scores_CNN/mnist_classif_balanced_dataset_intra_inter_1_6_4/last' (iter 3960, epoch 15.0)
[Save Checkpoint] epoch: [15.0], Train score:106.88000, Test score:95.13000, train loss:-0.94827, test loss:-0.94938, ratio_train_loss:1.91512,ratio_test_loss:1.88235, total_loss_train:0.96685,total_loss_test:0.93297, var distance inter class train:0.00000,var distance inter class test:0.00000
Ratio: In this batch for class 0, they are less images than 10. Don't use it to compute ratio!!!!
Ratio: In this batch for class 1, they are less images than 10. Don't use it to compute ratio!!!!
Ratio: In this batch for class 2, they are less images than 10. Don't use it to compute ratio!!!!
Ratio: In this batch for class 3, they are less images than 10. Don't use it to compute ratio!!!!
Ratio: In this batch for class 4, they are less images than 10. Don't use it to compute ratio!!!!
Ratio: In this batch for class 5, they are less images than 10. Don't use it to compute ratio!!!!
Ratio: In this batch for class 6, they are less images than 10. Don't use it to compute ratio!!!!
Ratio: In this batch for class 9, they are less images than 10. Don't use it to compute ratio!!!!
=> saved checkpoint 'checkpoints_CNN/mnist_classif_balanced_dataset_intra_inter_1_6_4/last' (iter 4224, epoch 16.0)
=> saved checkpoint 'checkpoint_scores_CNN/mnist_classif_balanced_dataset_intra_inter_1_6_4/last' (iter 4224, epoch 16.0)
EarlyStopping counter: 1 out of 10
[Save Checkpoint] epoch: [16.0], Train score:107.75333, Test score:95.70000, train loss:-0.95713, test loss:-0.95620, ratio_train_loss:2.00450,ratio_test_loss:1.96501, total_loss_train:1.04737,total_loss_test:1.00881, var distance inter class train:0.00000,var distance inter class test:0.00000
Ratio: In this batch for class 0, they are less images than 10. Don't use it to compute ratio!!!!
Ratio: In this batch for class 1, they are less images than 10. Don't use it to compute ratio!!!!
Ratio: In this batch for class 2, they are less images than 10. Don't use it to compute ratio!!!!
Ratio: In this batch for class 3, they are less images than 10. Don't use it to compute ratio!!!!
Ratio: In this batch for class 4, they are less images than 10. Don't use it to compute ratio!!!!
Ratio: In this batch for class 5, they are less images than 10. Don't use it to compute ratio!!!!
Ratio: In this batch for class 6, they are less images than 10. Don't use it to compute ratio!!!!
Ratio: In this batch for class 9, they are less images than 10. Don't use it to compute ratio!!!!
=> saved checkpoint 'checkpoints_CNN/mnist_classif_balanced_dataset_intra_inter_1_6_4/last' (iter 4488, epoch 17.0)
=> saved checkpoint 'checkpoint_scores_CNN/mnist_classif_balanced_dataset_intra_inter_1_6_4/last' (iter 4488, epoch 17.0)
EarlyStopping counter: 2 out of 10
[Save Checkpoint] epoch: [17.0], Train score:106.42500, Test score:94.48000, train loss:-0.94520, test loss:-0.94269, ratio_train_loss:4.51425,ratio_test_loss:3.65328, total_loss_train:3.56904,total_loss_test:2.71059, var distance inter class train:0.00000,var distance inter class test:0.00000
Ratio: In this batch for class 0, they are less images than 10. Don't use it to compute ratio!!!!
Ratio: In this batch for class 1, they are less images than 10. Don't use it to compute ratio!!!!
Ratio: In this batch for class 2, they are less images than 10. Don't use it to compute ratio!!!!
Ratio: In this batch for class 3, they are less images than 10. Don't use it to compute ratio!!!!
Ratio: In this batch for class 4, they are less images than 10. Don't use it to compute ratio!!!!
Ratio: In this batch for class 5, they are less images than 10. Don't use it to compute ratio!!!!
Ratio: In this batch for class 6, they are less images than 10. Don't use it to compute ratio!!!!
Ratio: In this batch for class 9, they are less images than 10. Don't use it to compute ratio!!!!
=> saved checkpoint 'checkpoints_CNN/mnist_classif_balanced_dataset_intra_inter_1_6_4/last' (iter 4752, epoch 18.0)
=> saved checkpoint 'checkpoint_scores_CNN/mnist_classif_balanced_dataset_intra_inter_1_6_4/last' (iter 4752, epoch 18.0)
[Save Checkpoint] epoch: [18.0], Train score:108.47167, Test score:96.15000, train loss:-0.96407, test loss:-0.96181, ratio_train_loss:2.28594,ratio_test_loss:2.06977, total_loss_train:1.32187,total_loss_test:1.10796, var distance inter class train:0.00000,var distance inter class test:0.00000
Ratio: In this batch for class 0, they are less images than 10. Don't use it to compute ratio!!!!
Ratio: In this batch for class 1, they are less images than 10. Don't use it to compute ratio!!!!
Ratio: In this batch for class 2, they are less images than 10. Don't use it to compute ratio!!!!
Ratio: In this batch for class 3, they are less images than 10. Don't use it to compute ratio!!!!
Ratio: In this batch for class 4, they are less images than 10. Don't use it to compute ratio!!!!
Ratio: In this batch for class 5, they are less images than 10. Don't use it to compute ratio!!!!
Ratio: In this batch for class 6, they are less images than 10. Don't use it to compute ratio!!!!
Ratio: In this batch for class 9, they are less images than 10. Don't use it to compute ratio!!!!
=> saved checkpoint 'checkpoints_CNN/mnist_classif_balanced_dataset_intra_inter_1_6_4/last' (iter 5016, epoch 19.0)
=> saved checkpoint 'checkpoint_scores_CNN/mnist_classif_balanced_dataset_intra_inter_1_6_4/last' (iter 5016, epoch 19.0)
EarlyStopping counter: 1 out of 10
[Save Checkpoint] epoch: [19.0], Train score:106.80333, Test score:94.77000, train loss:-0.94870, test loss:-0.94755, ratio_train_loss:2.01106,ratio_test_loss:1.99540, total_loss_train:1.06237,total_loss_test:1.04785, var distance inter class train:0.00000,var distance inter class test:0.00000
Ratio: In this batch for class 0, they are less images than 10. Don't use it to compute ratio!!!!
Ratio: In this batch for class 1, they are less images than 10. Don't use it to compute ratio!!!!
Ratio: In this batch for class 2, they are less images than 10. Don't use it to compute ratio!!!!
Ratio: In this batch for class 3, they are less images than 10. Don't use it to compute ratio!!!!
Ratio: In this batch for class 4, they are less images than 10. Don't use it to compute ratio!!!!
Ratio: In this batch for class 5, they are less images than 10. Don't use it to compute ratio!!!!
Ratio: In this batch for class 6, they are less images than 10. Don't use it to compute ratio!!!!
Ratio: In this batch for class 9, they are less images than 10. Don't use it to compute ratio!!!!
=> saved checkpoint 'checkpoints_CNN/mnist_classif_balanced_dataset_intra_inter_1_6_4/last' (iter 5280, epoch 20.0)
=> saved checkpoint 'checkpoint_scores_CNN/mnist_classif_balanced_dataset_intra_inter_1_6_4/last' (iter 5280, epoch 20.0)
EarlyStopping counter: 2 out of 10
[Save Checkpoint] epoch: [20.0], Train score:108.35833, Test score:96.07000, train loss:-0.96309, test loss:-0.96020, ratio_train_loss:1.99344,ratio_test_loss:2.02504, total_loss_train:1.03035,total_loss_test:1.06484, var distance inter class train:0.00000,var distance inter class test:0.00000
Ratio: In this batch for class 0, they are less images than 10. Don't use it to compute ratio!!!!
Ratio: In this batch for class 1, they are less images than 10. Don't use it to compute ratio!!!!
Ratio: In this batch for class 2, they are less images than 10. Don't use it to compute ratio!!!!
Ratio: In this batch for class 3, they are less images than 10. Don't use it to compute ratio!!!!
Ratio: In this batch for class 4, they are less images than 10. Don't use it to compute ratio!!!!
Ratio: In this batch for class 5, they are less images than 10. Don't use it to compute ratio!!!!
Ratio: In this batch for class 6, they are less images than 10. Don't use it to compute ratio!!!!
Ratio: In this batch for class 9, they are less images than 10. Don't use it to compute ratio!!!!
=> saved checkpoint 'checkpoints_CNN/mnist_classif_balanced_dataset_intra_inter_1_6_4/last' (iter 5544, epoch 21.0)
=> saved checkpoint 'checkpoint_scores_CNN/mnist_classif_balanced_dataset_intra_inter_1_6_4/last' (iter 5544, epoch 21.0)
EarlyStopping counter: 3 out of 10
[Save Checkpoint] epoch: [21.0], Train score:108.37333, Test score:96.24000, train loss:-0.96328, test loss:-0.96205, ratio_train_loss:2.17365,ratio_test_loss:2.07400, total_loss_train:1.21037,total_loss_test:1.11195, var distance inter class train:0.00000,var distance inter class test:0.00000
Ratio: In this batch for class 0, they are less images than 10. Don't use it to compute ratio!!!!
Ratio: In this batch for class 1, they are less images than 10. Don't use it to compute ratio!!!!
Ratio: In this batch for class 2, they are less images than 10. Don't use it to compute ratio!!!!
Ratio: In this batch for class 3, they are less images than 10. Don't use it to compute ratio!!!!
Ratio: In this batch for class 4, they are less images than 10. Don't use it to compute ratio!!!!
Ratio: In this batch for class 5, they are less images than 10. Don't use it to compute ratio!!!!
Ratio: In this batch for class 6, they are less images than 10. Don't use it to compute ratio!!!!
Ratio: In this batch for class 9, they are less images than 10. Don't use it to compute ratio!!!!
=> saved checkpoint 'checkpoints_CNN/mnist_classif_balanced_dataset_intra_inter_1_6_4/last' (iter 5808, epoch 22.0)
=> saved checkpoint 'checkpoint_scores_CNN/mnist_classif_balanced_dataset_intra_inter_1_6_4/last' (iter 5808, epoch 22.0)
EarlyStopping counter: 4 out of 10
[Save Checkpoint] epoch: [22.0], Train score:108.31000, Test score:96.15000, train loss:-0.96257, test loss:-0.96104, ratio_train_loss:1.96688,ratio_test_loss:1.78363, total_loss_train:1.00431,total_loss_test:0.82259, var distance inter class train:0.00000,var distance inter class test:0.00000
Ratio: In this batch for class 0, they are less images than 10. Don't use it to compute ratio!!!!
Ratio: In this batch for class 1, they are less images than 10. Don't use it to compute ratio!!!!
Ratio: In this batch for class 2, they are less images than 10. Don't use it to compute ratio!!!!
Ratio: In this batch for class 3, they are less images than 10. Don't use it to compute ratio!!!!
Ratio: In this batch for class 4, they are less images than 10. Don't use it to compute ratio!!!!
Ratio: In this batch for class 5, they are less images than 10. Don't use it to compute ratio!!!!
Ratio: In this batch for class 6, they are less images than 10. Don't use it to compute ratio!!!!
Ratio: In this batch for class 9, they are less images than 10. Don't use it to compute ratio!!!!
=> saved checkpoint 'checkpoints_CNN/mnist_classif_balanced_dataset_intra_inter_1_6_4/last' (iter 6072, epoch 23.0)
=> saved checkpoint 'checkpoint_scores_CNN/mnist_classif_balanced_dataset_intra_inter_1_6_4/last' (iter 6072, epoch 23.0)
EarlyStopping counter: 5 out of 10
[Save Checkpoint] epoch: [23.0], Train score:109.18500, Test score:96.98000, train loss:-0.97083, test loss:-0.96962, ratio_train_loss:2.37220,ratio_test_loss:2.41417, total_loss_train:1.40137,total_loss_test:1.44454, var distance inter class train:0.00000,var distance inter class test:0.00000
Ratio: In this batch for class 0, they are less images than 10. Don't use it to compute ratio!!!!
Ratio: In this batch for class 1, they are less images than 10. Don't use it to compute ratio!!!!
Ratio: In this batch for class 2, they are less images than 10. Don't use it to compute ratio!!!!
Ratio: In this batch for class 3, they are less images than 10. Don't use it to compute ratio!!!!
Ratio: In this batch for class 4, they are less images than 10. Don't use it to compute ratio!!!!
Ratio: In this batch for class 5, they are less images than 10. Don't use it to compute ratio!!!!
Ratio: In this batch for class 6, they are less images than 10. Don't use it to compute ratio!!!!
Ratio: In this batch for class 9, they are less images than 10. Don't use it to compute ratio!!!!
=> saved checkpoint 'checkpoints_CNN/mnist_classif_balanced_dataset_intra_inter_1_6_4/last' (iter 6336, epoch 24.0)
=> saved checkpoint 'checkpoint_scores_CNN/mnist_classif_balanced_dataset_intra_inter_1_6_4/last' (iter 6336, epoch 24.0)
EarlyStopping counter: 6 out of 10
[Save Checkpoint] epoch: [24.0], Train score:107.92167, Test score:95.63000, train loss:-0.95903, test loss:-0.95645, ratio_train_loss:1.99460,ratio_test_loss:2.00723, total_loss_train:1.03557,total_loss_test:1.05078, var distance inter class train:0.00000,var distance inter class test:0.00000
Ratio: In this batch for class 0, they are less images than 10. Don't use it to compute ratio!!!!
Ratio: In this batch for class 1, they are less images than 10. Don't use it to compute ratio!!!!
Ratio: In this batch for class 2, they are less images than 10. Don't use it to compute ratio!!!!
Ratio: In this batch for class 3, they are less images than 10. Don't use it to compute ratio!!!!
Ratio: In this batch for class 4, they are less images than 10. Don't use it to compute ratio!!!!
Ratio: In this batch for class 5, they are less images than 10. Don't use it to compute ratio!!!!
Ratio: In this batch for class 6, they are less images than 10. Don't use it to compute ratio!!!!
Ratio: In this batch for class 9, they are less images than 10. Don't use it to compute ratio!!!!
=> saved checkpoint 'checkpoints_CNN/mnist_classif_balanced_dataset_intra_inter_1_6_4/last' (iter 6600, epoch 25.0)
=> saved checkpoint 'checkpoint_scores_CNN/mnist_classif_balanced_dataset_intra_inter_1_6_4/last' (iter 6600, epoch 25.0)
EarlyStopping counter: 7 out of 10
[Save Checkpoint] epoch: [25.0], Train score:107.47500, Test score:95.58000, train loss:-0.95447, test loss:-0.95581, ratio_train_loss:1.55247,ratio_test_loss:1.39914, total_loss_train:0.59799,total_loss_test:0.44333, var distance inter class train:0.00000,var distance inter class test:0.00000
Ratio: In this batch for class 0, they are less images than 10. Don't use it to compute ratio!!!!
Ratio: In this batch for class 1, they are less images than 10. Don't use it to compute ratio!!!!
Ratio: In this batch for class 2, they are less images than 10. Don't use it to compute ratio!!!!
Ratio: In this batch for class 3, they are less images than 10. Don't use it to compute ratio!!!!
Ratio: In this batch for class 4, they are less images than 10. Don't use it to compute ratio!!!!
Ratio: In this batch for class 5, they are less images than 10. Don't use it to compute ratio!!!!
Ratio: In this batch for class 6, they are less images than 10. Don't use it to compute ratio!!!!
Ratio: In this batch for class 9, they are less images than 10. Don't use it to compute ratio!!!!
=> saved checkpoint 'checkpoints_CNN/mnist_classif_balanced_dataset_intra_inter_1_6_4/last' (iter 6864, epoch 26.0)
=> saved checkpoint 'checkpoint_scores_CNN/mnist_classif_balanced_dataset_intra_inter_1_6_4/last' (iter 6864, epoch 26.0)
EarlyStopping counter: 8 out of 10
[Save Checkpoint] epoch: [26.0], Train score:108.21167, Test score:96.15000, train loss:-0.96187, test loss:-0.96144, ratio_train_loss:2.36443,ratio_test_loss:2.32305, total_loss_train:1.40256,total_loss_test:1.36162, var distance inter class train:0.00000,var distance inter class test:0.00000
Ratio: In this batch for class 0, they are less images than 10. Don't use it to compute ratio!!!!
Ratio: In this batch for class 1, they are less images than 10. Don't use it to compute ratio!!!!
Ratio: In this batch for class 2, they are less images than 10. Don't use it to compute ratio!!!!
Ratio: In this batch for class 3, they are less images than 10. Don't use it to compute ratio!!!!
Ratio: In this batch for class 4, they are less images than 10. Don't use it to compute ratio!!!!
Ratio: In this batch for class 5, they are less images than 10. Don't use it to compute ratio!!!!
Ratio: In this batch for class 6, they are less images than 10. Don't use it to compute ratio!!!!
Ratio: In this batch for class 9, they are less images than 10. Don't use it to compute ratio!!!!
=> saved checkpoint 'checkpoints_CNN/mnist_classif_balanced_dataset_intra_inter_1_6_4/last' (iter 7128, epoch 27.0)
=> saved checkpoint 'checkpoint_scores_CNN/mnist_classif_balanced_dataset_intra_inter_1_6_4/last' (iter 7128, epoch 27.0)
EarlyStopping counter: 9 out of 10
[Save Checkpoint] epoch: [27.0], Train score:106.79000, Test score:94.64000, train loss:-0.94875, test loss:-0.94655, ratio_train_loss:2.25405,ratio_test_loss:2.26477, total_loss_train:1.30530,total_loss_test:1.31823, var distance inter class train:0.00000,var distance inter class test:0.00000
Ratio: In this batch for class 0, they are less images than 10. Don't use it to compute ratio!!!!
Ratio: In this batch for class 1, they are less images than 10. Don't use it to compute ratio!!!!
Ratio: In this batch for class 2, they are less images than 10. Don't use it to compute ratio!!!!
Ratio: In this batch for class 3, they are less images than 10. Don't use it to compute ratio!!!!
Ratio: In this batch for class 4, they are less images than 10. Don't use it to compute ratio!!!!
Ratio: In this batch for class 5, they are less images than 10. Don't use it to compute ratio!!!!
Ratio: In this batch for class 6, they are less images than 10. Don't use it to compute ratio!!!!
Ratio: In this batch for class 9, they are less images than 10. Don't use it to compute ratio!!!!
=> saved checkpoint 'checkpoints_CNN/mnist_classif_balanced_dataset_intra_inter_1_6_4/last' (iter 7392, epoch 28.0)
=> saved checkpoint 'checkpoint_scores_CNN/mnist_classif_balanced_dataset_intra_inter_1_6_4/last' (iter 7392, epoch 28.0)
EarlyStopping counter: 10 out of 10
[Save Checkpoint] epoch: [28.0], Train score:109.23833, Test score:96.65000, train loss:-0.97136, test loss:-0.96705, ratio_train_loss:1.51001,ratio_test_loss:1.43332, total_loss_train:0.53865,total_loss_test:0.46627, var distance inter class train:0.00000,var distance inter class test:0.00000
Early stopping
[Training Finished]
All Done!
