279
--dataset mnist --model CNN --gpu_devices 0 1 --max_iter 50 --batch_size 256 --ckpt_dir checkpoints_CNN --ckpt_dir_scores checkpoint_scores_CNN --use_scheduler True --GMP True --lr 1e-3 --z_struct_size 20 --add_classification_layer True --classif_layer_size 30 --is_default_model False --is_custom_model False --is_custom_model_BK True --big_kernel_size 8 --two_conv_layer True --three_conv_layer False --BK_in_first_layer True --BK_in_second_layer False --BK_in_third_layer False --stride_size 1 --hidden_filters_layer1 32 --hidden_filters_layer2 32 --hidden_filters_layer3 32 --ratio_reg True --lambda_ratio_reg 0.1 --lambda_class 1 --other_ratio False --loss_min_distance_cl True --lambda_var_distance 0.01 --intra_class_variance_loss False --lambda_intra_class_var 1 --contrastive_loss False --lambda_contrastive_loss 1 --alpha 32 --loss Proxy_Anchor --optimizer adamw --mrg 0.1 --IPC False --warm 1 --sz_embedding 32 --dataset_balanced True --loss_distance_mean True --lambda_distance_mean 0.1 --exp_name mnist_classif_ratio_distance_intra_class_max_mean_1_3_4_balanced_dataset
Namespace(BK_in_first_layer=True, BK_in_second_layer=False, BK_in_third_layer=False, BN=False, C_max=25, C_stop_iter=100000.0, E1_AE=False, E1_VAE=False, E1_conv=False, E1_dense=False, E1_second_conv=False, E1_second_conv_adapt=False, GMP=True, IPC=False, L1_norm_act=False, L1_norm_weights=False, L3_without_random=False, LOG_DIR='logs', adapt_lr=False, add_classification_layer=True, add_linear_after_GMP=True, add_z_struct_bottleneck=False, alpha=32.0, batch_size=256, beta=1, beta1=0.9, beta2=0.999, big_kernel=False, big_kernel_size=[8], binary_z=False, ckpt_dir='checkpoints_CNN', ckpt_dir_scores='checkpoint_scores_CNN', classif_layer_size=30, contrastive_loss=False, cuda=True, dataset='mnist', dataset_balanced=True, display_step=10000, dset_dir='data', exp_name='mnist_classif_ratio_distance_intra_class_max_mean_1_3_4_balanced_dataset', gamma=1000, gpu_devices=[0, 1], hidden_filters_layer1=32, hidden_filters_layer2=32, hidden_filters_layer3=32, image_size=64, intra_class_variance_loss=False, is_C=True, is_E1=False, is_binary_structural_latent=False, is_custom_model=False, is_custom_model_BK=True, is_default_model=False, is_noise_stats=False, is_partial_rand_class=False, is_perturbed_score=False, is_zvar_sim_loss=False, just_train=False, kernel_size=4, lambda_Kl_struct=1, lambda_Kl_var=1, lambda_L1=0.01, lambda_VAE=1, lambda_class=1.0, lambda_contrastive_loss=1.0, lambda_distance_mean=0.1, lambda_intra_class_var=1.0, lambda_partial_class=1, lambda_ratio_reg=0.1, lambda_recon_wt_rand=1, lambda_recons=1, lambda_var_distance=0.01, lambda_zvar_sim=1, latent_spec_cont=None, latent_spec_cont_class=None, latent_spec_cont_var=None, latent_spec_disc=None, latent_spec_disc_class=None, latent_spec_disc_var=None, log_level='info', loss='Proxy_Anchor', loss_distance_mean=True, loss_min_distance_cl=True, lr=0.001, max_iter=50.0, model='CNN', mrg=0.1, num_workers=2, old_weighted=False, optimizer='adamw', other_ratio=False, random_percentage=0.2, ratio_reg=True, remark='', save_step=10000, second_layer_C=False, seed=1, stride_size=1, sz_embedding=32, three_conv_layer=False, train=True, two_conv_layer=True, two_encoder=False, use_early_stopping=True, use_scheduler=True, warm=1, without_acc=False, z_struct_size=20, zeros_W_Classif=False, zvar_sim_change_zvar=False, zvar_sim_loss_for_all_model=False, zvar_sim_loss_only_for_encoder=False, zvar_sim_normal=False, zvar_sim_var_rand=False)
CUDA Visible devices !
Balanced samples per class
Custom_CNN_BK(
  (net): Sequential(
    (0): Conv2d(1, 32, kernel_size=(8, 8), stride=(1, 1))
    (1): BatchNorm2d(32, eps=1e-05, momentum=0.1, affine=True, track_running_stats=True)
    (2): ReLU(inplace=True)
    (3): Conv2d(32, 32, kernel_size=(4, 4), stride=(1, 1))
    (4): BatchNorm2d(32, eps=1e-05, momentum=0.1, affine=True, track_running_stats=True)
    (5): ReLU(inplace=True)
    (6): AdaptiveMaxPool2d(output_size=(1, 1))
    (7): View()
    (8): Linear(in_features=32, out_features=20, bias=True)
    (9): BatchNorm1d(20, eps=1e-05, momentum=0.1, affine=True, track_running_stats=True)
    (10): ReLU(inplace=True)
    (11): Dropout(p=0.4, inplace=False)
    (12): Linear(in_features=20, out_features=30, bias=True)
    (13): BatchNorm1d(30, eps=1e-05, momentum=0.1, affine=True, track_running_stats=True)
    (14): ReLU(inplace=True)
    (15): Dropout(p=0.4, inplace=False)
    (16): Linear(in_features=30, out_features=10, bias=True)
    (17): Softmax(dim=None)
  )
)
The number of parameters of model is 20324
use 1 gpu who named: GeForce GTX 1080 Ti
=> loaded sample_scores and losses
=> no checkpoint found at 'checkpoints_CNN/mnist_classif_ratio_distance_intra_class_max_mean_1_3_4_balanced_dataset/last'
=> saved checkpoint 'checkpoints_CNN/mnist_classif_ratio_distance_intra_class_max_mean_1_3_4_balanced_dataset/last' (iter 264, epoch 1.0)
=> saved checkpoint 'checkpoint_scores_CNN/mnist_classif_ratio_distance_intra_class_max_mean_1_3_4_balanced_dataset/last' (iter 264, epoch 1.0)
[Save Checkpoint] epoch: [1.0], Train score:95.08333, Test score:85.00000, train loss:-0.77075, test loss:-0.77714, ratio_train_loss:0.45211,ratio_test_loss:0.42719, total_loss_train:-0.31864,total_loss_test:-0.34995, var distance inter class train:0.77767,var distance inter class test:0.80881
=> saved checkpoint 'checkpoints_CNN/mnist_classif_ratio_distance_intra_class_max_mean_1_3_4_balanced_dataset/last' (iter 528, epoch 2.0)
=> saved checkpoint 'checkpoint_scores_CNN/mnist_classif_ratio_distance_intra_class_max_mean_1_3_4_balanced_dataset/last' (iter 528, epoch 2.0)
[Save Checkpoint] epoch: [2.0], Train score:106.83167, Test score:95.32000, train loss:-0.92259, test loss:-0.92520, ratio_train_loss:0.38418,ratio_test_loss:0.36575, total_loss_train:-0.53841,total_loss_test:-0.55945, var distance inter class train:0.63135,var distance inter class test:0.65225
=> saved checkpoint 'checkpoints_CNN/mnist_classif_ratio_distance_intra_class_max_mean_1_3_4_balanced_dataset/last' (iter 792, epoch 3.0)
=> saved checkpoint 'checkpoint_scores_CNN/mnist_classif_ratio_distance_intra_class_max_mean_1_3_4_balanced_dataset/last' (iter 792, epoch 3.0)
[Save Checkpoint] epoch: [3.0], Train score:108.40167, Test score:96.58000, train loss:-0.95748, test loss:-0.95945, ratio_train_loss:0.33134,ratio_test_loss:0.31562, total_loss_train:-0.62614,total_loss_test:-0.64383, var distance inter class train:0.58535,var distance inter class test:0.60892
=> saved checkpoint 'checkpoints_CNN/mnist_classif_ratio_distance_intra_class_max_mean_1_3_4_balanced_dataset/last' (iter 1056, epoch 4.0)
=> saved checkpoint 'checkpoint_scores_CNN/mnist_classif_ratio_distance_intra_class_max_mean_1_3_4_balanced_dataset/last' (iter 1056, epoch 4.0)
[Save Checkpoint] epoch: [4.0], Train score:108.89000, Test score:97.12000, train loss:-0.96450, test loss:-0.96682, ratio_train_loss:0.31714,ratio_test_loss:0.30169, total_loss_train:-0.64736,total_loss_test:-0.66513, var distance inter class train:0.48057,var distance inter class test:0.50284
=> saved checkpoint 'checkpoints_CNN/mnist_classif_ratio_distance_intra_class_max_mean_1_3_4_balanced_dataset/last' (iter 1320, epoch 5.0)
=> saved checkpoint 'checkpoint_scores_CNN/mnist_classif_ratio_distance_intra_class_max_mean_1_3_4_balanced_dataset/last' (iter 1320, epoch 5.0)
[Save Checkpoint] epoch: [5.0], Train score:109.24833, Test score:97.18000, train loss:-0.96898, test loss:-0.97009, ratio_train_loss:0.30576,ratio_test_loss:0.29096, total_loss_train:-0.66322,total_loss_test:-0.67913, var distance inter class train:0.40111,var distance inter class test:0.41734
=> saved checkpoint 'checkpoints_CNN/mnist_classif_ratio_distance_intra_class_max_mean_1_3_4_balanced_dataset/last' (iter 1584, epoch 6.0)
=> saved checkpoint 'checkpoint_scores_CNN/mnist_classif_ratio_distance_intra_class_max_mean_1_3_4_balanced_dataset/last' (iter 1584, epoch 6.0)
[Save Checkpoint] epoch: [6.0], Train score:109.24167, Test score:97.17000, train loss:-0.96996, test loss:-0.96974, ratio_train_loss:0.29691,ratio_test_loss:0.28563, total_loss_train:-0.67305,total_loss_test:-0.68411, var distance inter class train:0.41007,var distance inter class test:0.42530
=> saved checkpoint 'checkpoints_CNN/mnist_classif_ratio_distance_intra_class_max_mean_1_3_4_balanced_dataset/last' (iter 1848, epoch 7.0)
=> saved checkpoint 'checkpoint_scores_CNN/mnist_classif_ratio_distance_intra_class_max_mean_1_3_4_balanced_dataset/last' (iter 1848, epoch 7.0)
[Save Checkpoint] epoch: [7.0], Train score:109.74500, Test score:97.57000, train loss:-0.97458, test loss:-0.97412, ratio_train_loss:0.29592,ratio_test_loss:0.28475, total_loss_train:-0.67866,total_loss_test:-0.68937, var distance inter class train:0.35960,var distance inter class test:0.37168
=> saved checkpoint 'checkpoints_CNN/mnist_classif_ratio_distance_intra_class_max_mean_1_3_4_balanced_dataset/last' (iter 2112, epoch 8.0)
=> saved checkpoint 'checkpoint_scores_CNN/mnist_classif_ratio_distance_intra_class_max_mean_1_3_4_balanced_dataset/last' (iter 2112, epoch 8.0)
[Save Checkpoint] epoch: [8.0], Train score:109.73333, Test score:97.46000, train loss:-0.97510, test loss:-0.97319, ratio_train_loss:0.27889,ratio_test_loss:0.26777, total_loss_train:-0.69621,total_loss_test:-0.70542, var distance inter class train:0.35588,var distance inter class test:0.36704
=> saved checkpoint 'checkpoints_CNN/mnist_classif_ratio_distance_intra_class_max_mean_1_3_4_balanced_dataset/last' (iter 2376, epoch 9.0)
=> saved checkpoint 'checkpoint_scores_CNN/mnist_classif_ratio_distance_intra_class_max_mean_1_3_4_balanced_dataset/last' (iter 2376, epoch 9.0)
[Save Checkpoint] epoch: [9.0], Train score:109.94333, Test score:97.71000, train loss:-0.97690, test loss:-0.97614, ratio_train_loss:0.26755,ratio_test_loss:0.25509, total_loss_train:-0.70935,total_loss_test:-0.72105, var distance inter class train:0.37557,var distance inter class test:0.38960
=> saved checkpoint 'checkpoints_CNN/mnist_classif_ratio_distance_intra_class_max_mean_1_3_4_balanced_dataset/last' (iter 2640, epoch 10.0)
=> saved checkpoint 'checkpoint_scores_CNN/mnist_classif_ratio_distance_intra_class_max_mean_1_3_4_balanced_dataset/last' (iter 2640, epoch 10.0)
EarlyStopping counter: 1 out of 10
[Save Checkpoint] epoch: [10.0], Train score:110.05000, Test score:97.85000, train loss:-0.97800, test loss:-0.97690, ratio_train_loss:0.27230,ratio_test_loss:0.25977, total_loss_train:-0.70571,total_loss_test:-0.71713, var distance inter class train:0.33927,var distance inter class test:0.35156
=> saved checkpoint 'checkpoints_CNN/mnist_classif_ratio_distance_intra_class_max_mean_1_3_4_balanced_dataset/last' (iter 2904, epoch 11.0)
=> saved checkpoint 'checkpoint_scores_CNN/mnist_classif_ratio_distance_intra_class_max_mean_1_3_4_balanced_dataset/last' (iter 2904, epoch 11.0)
[Save Checkpoint] epoch: [11.0], Train score:110.08000, Test score:97.66000, train loss:-0.97853, test loss:-0.97657, ratio_train_loss:0.25904,ratio_test_loss:0.24756, total_loss_train:-0.71949,total_loss_test:-0.72901, var distance inter class train:0.33387,var distance inter class test:0.34808
=> saved checkpoint 'checkpoints_CNN/mnist_classif_ratio_distance_intra_class_max_mean_1_3_4_balanced_dataset/last' (iter 3168, epoch 12.0)
=> saved checkpoint 'checkpoint_scores_CNN/mnist_classif_ratio_distance_intra_class_max_mean_1_3_4_balanced_dataset/last' (iter 3168, epoch 12.0)
[Save Checkpoint] epoch: [12.0], Train score:110.11333, Test score:97.81000, train loss:-0.97904, test loss:-0.97727, ratio_train_loss:0.25851,ratio_test_loss:0.24651, total_loss_train:-0.72053,total_loss_test:-0.73076, var distance inter class train:0.32398,var distance inter class test:0.33919
=> saved checkpoint 'checkpoints_CNN/mnist_classif_ratio_distance_intra_class_max_mean_1_3_4_balanced_dataset/last' (iter 3432, epoch 13.0)
=> saved checkpoint 'checkpoint_scores_CNN/mnist_classif_ratio_distance_intra_class_max_mean_1_3_4_balanced_dataset/last' (iter 3432, epoch 13.0)
EarlyStopping counter: 1 out of 10
[Save Checkpoint] epoch: [13.0], Train score:110.11833, Test score:97.66000, train loss:-0.97887, test loss:-0.97649, ratio_train_loss:0.26825,ratio_test_loss:0.25794, total_loss_train:-0.71062,total_loss_test:-0.71855, var distance inter class train:0.28503,var distance inter class test:0.29652
=> saved checkpoint 'checkpoints_CNN/mnist_classif_ratio_distance_intra_class_max_mean_1_3_4_balanced_dataset/last' (iter 3696, epoch 14.0)
=> saved checkpoint 'checkpoint_scores_CNN/mnist_classif_ratio_distance_intra_class_max_mean_1_3_4_balanced_dataset/last' (iter 3696, epoch 14.0)
[Save Checkpoint] epoch: [14.0], Train score:110.25500, Test score:97.79000, train loss:-0.98027, test loss:-0.97750, ratio_train_loss:0.25643,ratio_test_loss:0.24619, total_loss_train:-0.72384,total_loss_test:-0.73130, var distance inter class train:0.30454,var distance inter class test:0.31530
=> saved checkpoint 'checkpoints_CNN/mnist_classif_ratio_distance_intra_class_max_mean_1_3_4_balanced_dataset/last' (iter 3960, epoch 15.0)
=> saved checkpoint 'checkpoint_scores_CNN/mnist_classif_ratio_distance_intra_class_max_mean_1_3_4_balanced_dataset/last' (iter 3960, epoch 15.0)
[Save Checkpoint] epoch: [15.0], Train score:110.24333, Test score:97.87000, train loss:-0.98008, test loss:-0.97852, ratio_train_loss:0.25637,ratio_test_loss:0.24459, total_loss_train:-0.72371,total_loss_test:-0.73393, var distance inter class train:0.29202,var distance inter class test:0.30463
=> saved checkpoint 'checkpoints_CNN/mnist_classif_ratio_distance_intra_class_max_mean_1_3_4_balanced_dataset/last' (iter 4224, epoch 16.0)
=> saved checkpoint 'checkpoint_scores_CNN/mnist_classif_ratio_distance_intra_class_max_mean_1_3_4_balanced_dataset/last' (iter 4224, epoch 16.0)
[Save Checkpoint] epoch: [16.0], Train score:110.40167, Test score:98.00000, train loss:-0.98177, test loss:-0.97950, ratio_train_loss:0.24777,ratio_test_loss:0.23688, total_loss_train:-0.73400,total_loss_test:-0.74262, var distance inter class train:0.30538,var distance inter class test:0.31738
=> saved checkpoint 'checkpoints_CNN/mnist_classif_ratio_distance_intra_class_max_mean_1_3_4_balanced_dataset/last' (iter 4488, epoch 17.0)
=> saved checkpoint 'checkpoint_scores_CNN/mnist_classif_ratio_distance_intra_class_max_mean_1_3_4_balanced_dataset/last' (iter 4488, epoch 17.0)
EarlyStopping counter: 1 out of 10
[Save Checkpoint] epoch: [17.0], Train score:110.25333, Test score:97.88000, train loss:-0.98045, test loss:-0.97863, ratio_train_loss:0.24929,ratio_test_loss:0.23710, total_loss_train:-0.73116,total_loss_test:-0.74153, var distance inter class train:0.26598,var distance inter class test:0.27637
=> saved checkpoint 'checkpoints_CNN/mnist_classif_ratio_distance_intra_class_max_mean_1_3_4_balanced_dataset/last' (iter 4752, epoch 18.0)
=> saved checkpoint 'checkpoint_scores_CNN/mnist_classif_ratio_distance_intra_class_max_mean_1_3_4_balanced_dataset/last' (iter 4752, epoch 18.0)
EarlyStopping counter: 2 out of 10
[Save Checkpoint] epoch: [18.0], Train score:110.22833, Test score:97.85000, train loss:-0.98040, test loss:-0.97861, ratio_train_loss:0.24908,ratio_test_loss:0.23754, total_loss_train:-0.73132,total_loss_test:-0.74107, var distance inter class train:0.27015,var distance inter class test:0.28063
=> saved checkpoint 'checkpoints_CNN/mnist_classif_ratio_distance_intra_class_max_mean_1_3_4_balanced_dataset/last' (iter 5016, epoch 19.0)
=> saved checkpoint 'checkpoint_scores_CNN/mnist_classif_ratio_distance_intra_class_max_mean_1_3_4_balanced_dataset/last' (iter 5016, epoch 19.0)
[Save Checkpoint] epoch: [19.0], Train score:110.45000, Test score:98.01000, train loss:-0.98226, test loss:-0.98032, ratio_train_loss:0.24516,ratio_test_loss:0.23306, total_loss_train:-0.73710,total_loss_test:-0.74726, var distance inter class train:0.26320,var distance inter class test:0.27248
=> saved checkpoint 'checkpoints_CNN/mnist_classif_ratio_distance_intra_class_max_mean_1_3_4_balanced_dataset/last' (iter 5280, epoch 20.0)
=> saved checkpoint 'checkpoint_scores_CNN/mnist_classif_ratio_distance_intra_class_max_mean_1_3_4_balanced_dataset/last' (iter 5280, epoch 20.0)
EarlyStopping counter: 1 out of 10
[Save Checkpoint] epoch: [20.0], Train score:110.56833, Test score:97.99000, train loss:-0.98338, test loss:-0.97979, ratio_train_loss:0.24413,ratio_test_loss:0.23348, total_loss_train:-0.73925,total_loss_test:-0.74630, var distance inter class train:0.24383,var distance inter class test:0.25309
=> saved checkpoint 'checkpoints_CNN/mnist_classif_ratio_distance_intra_class_max_mean_1_3_4_balanced_dataset/last' (iter 5544, epoch 21.0)
=> saved checkpoint 'checkpoint_scores_CNN/mnist_classif_ratio_distance_intra_class_max_mean_1_3_4_balanced_dataset/last' (iter 5544, epoch 21.0)
[Save Checkpoint] epoch: [21.0], Train score:110.50333, Test score:98.06000, train loss:-0.98276, test loss:-0.98020, ratio_train_loss:0.24391,ratio_test_loss:0.23215, total_loss_train:-0.73885,total_loss_test:-0.74805, var distance inter class train:0.27682,var distance inter class test:0.28695
=> saved checkpoint 'checkpoints_CNN/mnist_classif_ratio_distance_intra_class_max_mean_1_3_4_balanced_dataset/last' (iter 5808, epoch 22.0)
=> saved checkpoint 'checkpoint_scores_CNN/mnist_classif_ratio_distance_intra_class_max_mean_1_3_4_balanced_dataset/last' (iter 5808, epoch 22.0)
[Save Checkpoint] epoch: [22.0], Train score:110.43667, Test score:97.90000, train loss:-0.98221, test loss:-0.97907, ratio_train_loss:0.24073,ratio_test_loss:0.22904, total_loss_train:-0.74148,total_loss_test:-0.75003, var distance inter class train:0.27330,var distance inter class test:0.28273
=> saved checkpoint 'checkpoints_CNN/mnist_classif_ratio_distance_intra_class_max_mean_1_3_4_balanced_dataset/last' (iter 6072, epoch 23.0)
=> saved checkpoint 'checkpoint_scores_CNN/mnist_classif_ratio_distance_intra_class_max_mean_1_3_4_balanced_dataset/last' (iter 6072, epoch 23.0)
[Save Checkpoint] epoch: [23.0], Train score:110.54000, Test score:98.18000, train loss:-0.98330, test loss:-0.98172, ratio_train_loss:0.23810,ratio_test_loss:0.22689, total_loss_train:-0.74520,total_loss_test:-0.75483, var distance inter class train:0.27218,var distance inter class test:0.28086
=> saved checkpoint 'checkpoints_CNN/mnist_classif_ratio_distance_intra_class_max_mean_1_3_4_balanced_dataset/last' (iter 6336, epoch 24.0)
=> saved checkpoint 'checkpoint_scores_CNN/mnist_classif_ratio_distance_intra_class_max_mean_1_3_4_balanced_dataset/last' (iter 6336, epoch 24.0)
EarlyStopping counter: 1 out of 10
[Save Checkpoint] epoch: [24.0], Train score:110.41000, Test score:98.00000, train loss:-0.98212, test loss:-0.97981, ratio_train_loss:0.23551,ratio_test_loss:0.22622, total_loss_train:-0.74661,total_loss_test:-0.75359, var distance inter class train:0.26158,var distance inter class test:0.27378
=> saved checkpoint 'checkpoints_CNN/mnist_classif_ratio_distance_intra_class_max_mean_1_3_4_balanced_dataset/last' (iter 6600, epoch 25.0)
=> saved checkpoint 'checkpoint_scores_CNN/mnist_classif_ratio_distance_intra_class_max_mean_1_3_4_balanced_dataset/last' (iter 6600, epoch 25.0)
EarlyStopping counter: 2 out of 10
[Save Checkpoint] epoch: [25.0], Train score:110.65167, Test score:98.13000, train loss:-0.98434, test loss:-0.98113, ratio_train_loss:0.23659,ratio_test_loss:0.22835, total_loss_train:-0.74774,total_loss_test:-0.75278, var distance inter class train:0.24562,var distance inter class test:0.25434
=> saved checkpoint 'checkpoints_CNN/mnist_classif_ratio_distance_intra_class_max_mean_1_3_4_balanced_dataset/last' (iter 6864, epoch 26.0)
=> saved checkpoint 'checkpoint_scores_CNN/mnist_classif_ratio_distance_intra_class_max_mean_1_3_4_balanced_dataset/last' (iter 6864, epoch 26.0)
[Save Checkpoint] epoch: [26.0], Train score:110.55833, Test score:97.90000, train loss:-0.98334, test loss:-0.97925, ratio_train_loss:0.23251,ratio_test_loss:0.22202, total_loss_train:-0.75083,total_loss_test:-0.75723, var distance inter class train:0.23920,var distance inter class test:0.25012
=> saved checkpoint 'checkpoints_CNN/mnist_classif_ratio_distance_intra_class_max_mean_1_3_4_balanced_dataset/last' (iter 7128, epoch 27.0)
=> saved checkpoint 'checkpoint_scores_CNN/mnist_classif_ratio_distance_intra_class_max_mean_1_3_4_balanced_dataset/last' (iter 7128, epoch 27.0)
[Save Checkpoint] epoch: [27.0], Train score:110.40500, Test score:97.96000, train loss:-0.98209, test loss:-0.98008, ratio_train_loss:0.23158,ratio_test_loss:0.21955, total_loss_train:-0.75051,total_loss_test:-0.76053, var distance inter class train:0.26820,var distance inter class test:0.27783
=> saved checkpoint 'checkpoints_CNN/mnist_classif_ratio_distance_intra_class_max_mean_1_3_4_balanced_dataset/last' (iter 7392, epoch 28.0)
=> saved checkpoint 'checkpoint_scores_CNN/mnist_classif_ratio_distance_intra_class_max_mean_1_3_4_balanced_dataset/last' (iter 7392, epoch 28.0)
[Save Checkpoint] epoch: [28.0], Train score:110.54333, Test score:97.99000, train loss:-0.98336, test loss:-0.98019, ratio_train_loss:0.22872,ratio_test_loss:0.21784, total_loss_train:-0.75464,total_loss_test:-0.76235, var distance inter class train:0.24065,var distance inter class test:0.25029
=> saved checkpoint 'checkpoints_CNN/mnist_classif_ratio_distance_intra_class_max_mean_1_3_4_balanced_dataset/last' (iter 7656, epoch 29.0)
=> saved checkpoint 'checkpoint_scores_CNN/mnist_classif_ratio_distance_intra_class_max_mean_1_3_4_balanced_dataset/last' (iter 7656, epoch 29.0)
[Save Checkpoint] epoch: [29.0], Train score:110.62500, Test score:98.07000, train loss:-0.98409, test loss:-0.98131, ratio_train_loss:0.22848,ratio_test_loss:0.21721, total_loss_train:-0.75561,total_loss_test:-0.76410, var distance inter class train:0.22548,var distance inter class test:0.23415
=> saved checkpoint 'checkpoints_CNN/mnist_classif_ratio_distance_intra_class_max_mean_1_3_4_balanced_dataset/last' (iter 7920, epoch 30.0)
=> saved checkpoint 'checkpoint_scores_CNN/mnist_classif_ratio_distance_intra_class_max_mean_1_3_4_balanced_dataset/last' (iter 7920, epoch 30.0)
[Save Checkpoint] epoch: [30.0], Train score:110.67167, Test score:98.17000, train loss:-0.98452, test loss:-0.98177, ratio_train_loss:0.22722,ratio_test_loss:0.21581, total_loss_train:-0.75731,total_loss_test:-0.76595, var distance inter class train:0.25756,var distance inter class test:0.26731
=> saved checkpoint 'checkpoints_CNN/mnist_classif_ratio_distance_intra_class_max_mean_1_3_4_balanced_dataset/last' (iter 8184, epoch 31.0)
=> saved checkpoint 'checkpoint_scores_CNN/mnist_classif_ratio_distance_intra_class_max_mean_1_3_4_balanced_dataset/last' (iter 8184, epoch 31.0)
EarlyStopping counter: 1 out of 10
[Save Checkpoint] epoch: [31.0], Train score:110.62000, Test score:98.21000, train loss:-0.98420, test loss:-0.98198, ratio_train_loss:0.23108,ratio_test_loss:0.21917, total_loss_train:-0.75312,total_loss_test:-0.76281, var distance inter class train:0.23289,var distance inter class test:0.24107
=> saved checkpoint 'checkpoints_CNN/mnist_classif_ratio_distance_intra_class_max_mean_1_3_4_balanced_dataset/last' (iter 8448, epoch 32.0)
=> saved checkpoint 'checkpoint_scores_CNN/mnist_classif_ratio_distance_intra_class_max_mean_1_3_4_balanced_dataset/last' (iter 8448, epoch 32.0)
EarlyStopping counter: 2 out of 10
[Save Checkpoint] epoch: [32.0], Train score:110.65500, Test score:98.11000, train loss:-0.98439, test loss:-0.98069, ratio_train_loss:0.23490,ratio_test_loss:0.22525, total_loss_train:-0.74949,total_loss_test:-0.75544, var distance inter class train:0.23450,var distance inter class test:0.24284
=> saved checkpoint 'checkpoints_CNN/mnist_classif_ratio_distance_intra_class_max_mean_1_3_4_balanced_dataset/last' (iter 8712, epoch 33.0)
=> saved checkpoint 'checkpoint_scores_CNN/mnist_classif_ratio_distance_intra_class_max_mean_1_3_4_balanced_dataset/last' (iter 8712, epoch 33.0)
EarlyStopping counter: 3 out of 10
[Save Checkpoint] epoch: [33.0], Train score:110.82833, Test score:98.34000, train loss:-0.98599, test loss:-0.98301, ratio_train_loss:0.23238,ratio_test_loss:0.22260, total_loss_train:-0.75361,total_loss_test:-0.76041, var distance inter class train:0.23615,var distance inter class test:0.24486
=> saved checkpoint 'checkpoints_CNN/mnist_classif_ratio_distance_intra_class_max_mean_1_3_4_balanced_dataset/last' (iter 8976, epoch 34.0)
=> saved checkpoint 'checkpoint_scores_CNN/mnist_classif_ratio_distance_intra_class_max_mean_1_3_4_balanced_dataset/last' (iter 8976, epoch 34.0)
[Save Checkpoint] epoch: [34.0], Train score:110.70667, Test score:98.23000, train loss:-0.98495, test loss:-0.98223, ratio_train_loss:0.22544,ratio_test_loss:0.21397, total_loss_train:-0.75951,total_loss_test:-0.76826, var distance inter class train:0.22692,var distance inter class test:0.23317
=> saved checkpoint 'checkpoints_CNN/mnist_classif_ratio_distance_intra_class_max_mean_1_3_4_balanced_dataset/last' (iter 9240, epoch 35.0)
=> saved checkpoint 'checkpoint_scores_CNN/mnist_classif_ratio_distance_intra_class_max_mean_1_3_4_balanced_dataset/last' (iter 9240, epoch 35.0)
EarlyStopping counter: 1 out of 10
[Save Checkpoint] epoch: [35.0], Train score:110.39500, Test score:97.92000, train loss:-0.98223, test loss:-0.97875, ratio_train_loss:0.23370,ratio_test_loss:0.22301, total_loss_train:-0.74852,total_loss_test:-0.75574, var distance inter class train:0.21319,var distance inter class test:0.21995
=> saved checkpoint 'checkpoints_CNN/mnist_classif_ratio_distance_intra_class_max_mean_1_3_4_balanced_dataset/last' (iter 9504, epoch 36.0)
=> saved checkpoint 'checkpoint_scores_CNN/mnist_classif_ratio_distance_intra_class_max_mean_1_3_4_balanced_dataset/last' (iter 9504, epoch 36.0)
EarlyStopping counter: 2 out of 10
[Save Checkpoint] epoch: [36.0], Train score:110.72333, Test score:98.22000, train loss:-0.98514, test loss:-0.98229, ratio_train_loss:0.22823,ratio_test_loss:0.21730, total_loss_train:-0.75691,total_loss_test:-0.76499, var distance inter class train:0.21012,var distance inter class test:0.21936
