82
--dataset mnist --model CNN --gpu_devices 0 1 --max_iter 50 --batch_size 256 --ckpt_dir checkpoints_CNN --ckpt_dir_scores checkpoint_scores_CNN --use_scheduler True --GMP True --lr 1e-3 --z_struct_size 20 --add_classification_layer True --classif_layer_size 30 --is_default_model False --is_custom_model False --is_custom_model_BK True --big_kernel_size 8 --two_conv_layer True --three_conv_layer False --BK_in_first_layer True --BK_in_second_layer False --BK_in_third_layer False --stride_size 1 --hidden_filters_layer1 32 --hidden_filters_layer2 32 --hidden_filters_layer3 32 --ratio_reg True --lambda_ratio_reg 0.00001 --lambda_class 1 --other_ratio False --loss_min_distance_cl False --lambda_var_distance 1 --intra_class_variance_loss True --lambda_intra_class_var 0.01 --contrastive_loss False --lambda_contrastive_loss 1 --alpha 32 --loss Proxy_Anchor --optimizer adamw --mrg 0.1 --IPC False --warm 1 --sz_embedding 32 --dataset_balanced False --exp_name mnist_classif_ratio_variacnce_intra_4_7
Namespace(BK_in_first_layer=True, BK_in_second_layer=False, BK_in_third_layer=False, BN=False, C_max=25, C_stop_iter=100000.0, E1_AE=False, E1_VAE=False, E1_conv=False, E1_dense=False, E1_second_conv=False, E1_second_conv_adapt=False, GMP=True, IPC=False, L1_norm_act=False, L1_norm_weights=False, L3_without_random=False, LOG_DIR='logs', adapt_lr=False, add_classification_layer=True, add_linear_after_GMP=True, add_z_struct_bottleneck=False, alpha=32.0, batch_size=256, beta=1, beta1=0.9, beta2=0.999, big_kernel=False, big_kernel_size=[8], binary_z=False, ckpt_dir='checkpoints_CNN', ckpt_dir_scores='checkpoint_scores_CNN', classif_layer_size=30, contrastive_loss=False, cuda=True, dataset='mnist', dataset_balanced=False, display_step=10000, dset_dir='data', exp_name='mnist_classif_ratio_variacnce_intra_4_7', gamma=1000, gpu_devices=[0, 1], hidden_filters_layer1=32, hidden_filters_layer2=32, hidden_filters_layer3=32, image_size=64, intra_class_variance_loss=True, is_C=True, is_E1=False, is_binary_structural_latent=False, is_custom_model=False, is_custom_model_BK=True, is_default_model=False, is_noise_stats=False, is_partial_rand_class=False, is_perturbed_score=False, is_zvar_sim_loss=False, just_train=False, kernel_size=4, lambda_Kl_struct=1, lambda_Kl_var=1, lambda_L1=0.01, lambda_VAE=1, lambda_class=1.0, lambda_contrastive_loss=1.0, lambda_distance_mean=1, lambda_intra_class_var=0.01, lambda_partial_class=1, lambda_ratio_reg=1e-05, lambda_recon_wt_rand=1, lambda_recons=1, lambda_var_distance=1.0, lambda_zvar_sim=1, latent_spec_cont=None, latent_spec_cont_class=None, latent_spec_cont_var=None, latent_spec_disc=None, latent_spec_disc_class=None, latent_spec_disc_var=None, log_level='info', loss='Proxy_Anchor', loss_distance_mean=False, loss_min_distance_cl=False, lr=0.001, max_iter=50.0, model='CNN', mrg=0.1, num_workers=2, old_weighted=False, optimizer='adamw', other_ratio=False, random_percentage=0.2, ratio_reg=True, remark='', save_step=10000, second_layer_C=False, seed=1, stride_size=1, sz_embedding=32, three_conv_layer=False, train=True, two_conv_layer=True, two_encoder=False, use_early_stopping=True, use_scheduler=True, warm=1, without_acc=False, z_struct_size=20, zeros_W_Classif=False, zvar_sim_change_zvar=False, zvar_sim_loss_for_all_model=False, zvar_sim_loss_only_for_encoder=False, zvar_sim_normal=False, zvar_sim_var_rand=False)
CUDA Visible devices !
Custom_CNN_BK(
  (net): Sequential(
    (0): Conv2d(1, 32, kernel_size=(8, 8), stride=(1, 1))
    (1): BatchNorm2d(32, eps=1e-05, momentum=0.1, affine=True, track_running_stats=True)
    (2): ReLU(inplace=True)
    (3): Conv2d(32, 32, kernel_size=(4, 4), stride=(1, 1))
    (4): BatchNorm2d(32, eps=1e-05, momentum=0.1, affine=True, track_running_stats=True)
    (5): ReLU(inplace=True)
    (6): AdaptiveMaxPool2d(output_size=(1, 1))
    (7): View()
    (8): Linear(in_features=32, out_features=20, bias=True)
    (9): BatchNorm1d(20, eps=1e-05, momentum=0.1, affine=True, track_running_stats=True)
    (10): ReLU(inplace=True)
    (11): Dropout(p=0.4, inplace=False)
    (12): Linear(in_features=20, out_features=30, bias=True)
    (13): BatchNorm1d(30, eps=1e-05, momentum=0.1, affine=True, track_running_stats=True)
    (14): ReLU(inplace=True)
    (15): Dropout(p=0.4, inplace=False)
    (16): Linear(in_features=30, out_features=10, bias=True)
    (17): Softmax(dim=None)
  )
)
The number of parameters of model is 20324
use 1 gpu who named: Tesla K80
=> loaded sample_scores and losses
=> no checkpoint found at 'checkpoints_CNN/mnist_classif_ratio_variacnce_intra_4_7/last'
=> saved checkpoint 'checkpoints_CNN/mnist_classif_ratio_variacnce_intra_4_7/last' (iter 235, epoch 1.0)
=> saved checkpoint 'checkpoint_scores_CNN/mnist_classif_ratio_variacnce_intra_4_7/last' (iter 235, epoch 1.0)
[Save Checkpoint] epoch: [1.0], Train score:74.57167, Test score:75.05000, train loss:-0.68175, test loss:-0.68251, ratio_train_loss:2.38862,ratio_test_loss:2.25390, total_loss_train:1.70686,total_loss_test:1.57139, var distance inter class train:0.00000,var distance inter class test:0.00000
=> saved checkpoint 'checkpoints_CNN/mnist_classif_ratio_variacnce_intra_4_7/last' (iter 470, epoch 2.0)
=> saved checkpoint 'checkpoint_scores_CNN/mnist_classif_ratio_variacnce_intra_4_7/last' (iter 470, epoch 2.0)
[Save Checkpoint] epoch: [2.0], Train score:89.16667, Test score:89.90000, train loss:-0.86587, test loss:-0.86962, ratio_train_loss:1.63502,ratio_test_loss:1.56502, total_loss_train:0.76915,total_loss_test:0.69540, var distance inter class train:0.00000,var distance inter class test:0.00000
=> saved checkpoint 'checkpoints_CNN/mnist_classif_ratio_variacnce_intra_4_7/last' (iter 705, epoch 3.0)
=> saved checkpoint 'checkpoint_scores_CNN/mnist_classif_ratio_variacnce_intra_4_7/last' (iter 705, epoch 3.0)
[Save Checkpoint] epoch: [3.0], Train score:96.71833, Test score:96.82000, train loss:-0.95497, test loss:-0.95689, ratio_train_loss:1.36446,ratio_test_loss:1.28182, total_loss_train:0.40949,total_loss_test:0.32493, var distance inter class train:0.00000,var distance inter class test:0.00000
Ratio: In this batch for class 4, they are less images than 10. Don't use it to compute ratio!!!!
=> saved checkpoint 'checkpoints_CNN/mnist_classif_ratio_variacnce_intra_4_7/last' (iter 940, epoch 4.0)
=> saved checkpoint 'checkpoint_scores_CNN/mnist_classif_ratio_variacnce_intra_4_7/last' (iter 940, epoch 4.0)
[Save Checkpoint] epoch: [4.0], Train score:97.07333, Test score:97.08000, train loss:-0.96380, test loss:-0.96447, ratio_train_loss:1.18705,ratio_test_loss:1.11075, total_loss_train:0.22325,total_loss_test:0.14627, var distance inter class train:0.00000,var distance inter class test:0.00000
=> saved checkpoint 'checkpoints_CNN/mnist_classif_ratio_variacnce_intra_4_7/last' (iter 1175, epoch 5.0)
=> saved checkpoint 'checkpoint_scores_CNN/mnist_classif_ratio_variacnce_intra_4_7/last' (iter 1175, epoch 5.0)
[Save Checkpoint] epoch: [5.0], Train score:97.46167, Test score:97.30000, train loss:-0.97006, test loss:-0.96935, ratio_train_loss:1.06551,ratio_test_loss:1.00360, total_loss_train:0.09545,total_loss_test:0.03425, var distance inter class train:0.00000,var distance inter class test:0.00000
=> saved checkpoint 'checkpoints_CNN/mnist_classif_ratio_variacnce_intra_4_7/last' (iter 1410, epoch 6.0)
=> saved checkpoint 'checkpoint_scores_CNN/mnist_classif_ratio_variacnce_intra_4_7/last' (iter 1410, epoch 6.0)
EarlyStopping counter: 1 out of 10
[Save Checkpoint] epoch: [6.0], Train score:97.67833, Test score:97.54000, train loss:-0.97273, test loss:-0.97267, ratio_train_loss:1.18231,ratio_test_loss:1.11826, total_loss_train:0.20958,total_loss_test:0.14559, var distance inter class train:0.00000,var distance inter class test:0.00000
=> saved checkpoint 'checkpoints_CNN/mnist_classif_ratio_variacnce_intra_4_7/last' (iter 1645, epoch 7.0)
=> saved checkpoint 'checkpoint_scores_CNN/mnist_classif_ratio_variacnce_intra_4_7/last' (iter 1645, epoch 7.0)
EarlyStopping counter: 2 out of 10
[Save Checkpoint] epoch: [7.0], Train score:97.66167, Test score:97.61000, train loss:-0.97374, test loss:-0.97336, ratio_train_loss:1.07659,ratio_test_loss:1.02671, total_loss_train:0.10284,total_loss_test:0.05335, var distance inter class train:0.00000,var distance inter class test:0.00000
=> saved checkpoint 'checkpoints_CNN/mnist_classif_ratio_variacnce_intra_4_7/last' (iter 1880, epoch 8.0)
=> saved checkpoint 'checkpoint_scores_CNN/mnist_classif_ratio_variacnce_intra_4_7/last' (iter 1880, epoch 8.0)
[Save Checkpoint] epoch: [8.0], Train score:98.00500, Test score:97.73000, train loss:-0.97779, test loss:-0.97553, ratio_train_loss:0.99895,ratio_test_loss:0.95140, total_loss_train:0.02116,total_loss_test:-0.02413, var distance inter class train:0.00000,var distance inter class test:0.00000
=> saved checkpoint 'checkpoints_CNN/mnist_classif_ratio_variacnce_intra_4_7/last' (iter 2115, epoch 9.0)
=> saved checkpoint 'checkpoint_scores_CNN/mnist_classif_ratio_variacnce_intra_4_7/last' (iter 2115, epoch 9.0)
EarlyStopping counter: 1 out of 10
[Save Checkpoint] epoch: [9.0], Train score:97.98667, Test score:97.61000, train loss:-0.97791, test loss:-0.97482, ratio_train_loss:1.03877,ratio_test_loss:0.98941, total_loss_train:0.06085,total_loss_test:0.01459, var distance inter class train:0.00000,var distance inter class test:0.00000
=> saved checkpoint 'checkpoints_CNN/mnist_classif_ratio_variacnce_intra_4_7/last' (iter 2350, epoch 10.0)
=> saved checkpoint 'checkpoint_scores_CNN/mnist_classif_ratio_variacnce_intra_4_7/last' (iter 2350, epoch 10.0)
EarlyStopping counter: 2 out of 10
[Save Checkpoint] epoch: [10.0], Train score:97.99333, Test score:97.54000, train loss:-0.97812, test loss:-0.97455, ratio_train_loss:1.05088,ratio_test_loss:0.98760, total_loss_train:0.07276,total_loss_test:0.01305, var distance inter class train:0.00000,var distance inter class test:0.00000
=> saved checkpoint 'checkpoints_CNN/mnist_classif_ratio_variacnce_intra_4_7/last' (iter 2585, epoch 11.0)
=> saved checkpoint 'checkpoint_scores_CNN/mnist_classif_ratio_variacnce_intra_4_7/last' (iter 2585, epoch 11.0)
EarlyStopping counter: 3 out of 10
[Save Checkpoint] epoch: [11.0], Train score:98.09833, Test score:97.61000, train loss:-0.97945, test loss:-0.97549, ratio_train_loss:1.06764,ratio_test_loss:1.01320, total_loss_train:0.08819,total_loss_test:0.03771, var distance inter class train:0.00000,var distance inter class test:0.00000
Ratio: In this batch for class 5, they are less images than 10. Don't use it to compute ratio!!!!
=> saved checkpoint 'checkpoints_CNN/mnist_classif_ratio_variacnce_intra_4_7/last' (iter 2820, epoch 12.0)
=> saved checkpoint 'checkpoint_scores_CNN/mnist_classif_ratio_variacnce_intra_4_7/last' (iter 2820, epoch 12.0)
EarlyStopping counter: 4 out of 10
[Save Checkpoint] epoch: [12.0], Train score:98.24667, Test score:97.97000, train loss:-0.98124, test loss:-0.97844, ratio_train_loss:1.16414,ratio_test_loss:1.08540, total_loss_train:0.18290,total_loss_test:0.10696, var distance inter class train:0.00000,var distance inter class test:0.00000
=> saved checkpoint 'checkpoints_CNN/mnist_classif_ratio_variacnce_intra_4_7/last' (iter 3055, epoch 13.0)
=> saved checkpoint 'checkpoint_scores_CNN/mnist_classif_ratio_variacnce_intra_4_7/last' (iter 3055, epoch 13.0)
EarlyStopping counter: 5 out of 10
[Save Checkpoint] epoch: [13.0], Train score:98.20000, Test score:97.78000, train loss:-0.98027, test loss:-0.97689, ratio_train_loss:1.07958,ratio_test_loss:1.00341, total_loss_train:0.09931,total_loss_test:0.02652, var distance inter class train:0.00000,var distance inter class test:0.00000
=> saved checkpoint 'checkpoints_CNN/mnist_classif_ratio_variacnce_intra_4_7/last' (iter 3290, epoch 14.0)
=> saved checkpoint 'checkpoint_scores_CNN/mnist_classif_ratio_variacnce_intra_4_7/last' (iter 3290, epoch 14.0)
[Save Checkpoint] epoch: [14.0], Train score:98.30000, Test score:98.00000, train loss:-0.98188, test loss:-0.97943, ratio_train_loss:1.00743,ratio_test_loss:0.94457, total_loss_train:0.02555,total_loss_test:-0.03486, var distance inter class train:0.00000,var distance inter class test:0.00000
=> saved checkpoint 'checkpoints_CNN/mnist_classif_ratio_variacnce_intra_4_7/last' (iter 3525, epoch 15.0)
=> saved checkpoint 'checkpoint_scores_CNN/mnist_classif_ratio_variacnce_intra_4_7/last' (iter 3525, epoch 15.0)
EarlyStopping counter: 1 out of 10
[Save Checkpoint] epoch: [15.0], Train score:98.32667, Test score:98.09000, train loss:-0.98232, test loss:-0.97977, ratio_train_loss:1.06361,ratio_test_loss:1.01266, total_loss_train:0.08129,total_loss_test:0.03289, var distance inter class train:0.00000,var distance inter class test:0.00000
=> saved checkpoint 'checkpoints_CNN/mnist_classif_ratio_variacnce_intra_4_7/last' (iter 3760, epoch 16.0)
=> saved checkpoint 'checkpoint_scores_CNN/mnist_classif_ratio_variacnce_intra_4_7/last' (iter 3760, epoch 16.0)
[Save Checkpoint] epoch: [16.0], Train score:98.37833, Test score:98.28000, train loss:-0.98305, test loss:-0.98204, ratio_train_loss:0.98696,ratio_test_loss:0.94175, total_loss_train:0.00391,total_loss_test:-0.04028, var distance inter class train:0.00000,var distance inter class test:0.00000
Ratio: In this batch for class 5, they are less images than 10. Don't use it to compute ratio!!!!
=> saved checkpoint 'checkpoints_CNN/mnist_classif_ratio_variacnce_intra_4_7/last' (iter 3995, epoch 17.0)
=> saved checkpoint 'checkpoint_scores_CNN/mnist_classif_ratio_variacnce_intra_4_7/last' (iter 3995, epoch 17.0)
EarlyStopping counter: 1 out of 10
[Save Checkpoint] epoch: [17.0], Train score:98.38667, Test score:98.08000, train loss:-0.98311, test loss:-0.98076, ratio_train_loss:1.06210,ratio_test_loss:1.01747, total_loss_train:0.07899,total_loss_test:0.03671, var distance inter class train:0.00000,var distance inter class test:0.00000
Ratio: In this batch for class 4, they are less images than 10. Don't use it to compute ratio!!!!
=> saved checkpoint 'checkpoints_CNN/mnist_classif_ratio_variacnce_intra_4_7/last' (iter 4230, epoch 18.0)
=> saved checkpoint 'checkpoint_scores_CNN/mnist_classif_ratio_variacnce_intra_4_7/last' (iter 4230, epoch 18.0)
EarlyStopping counter: 2 out of 10
[Save Checkpoint] epoch: [18.0], Train score:98.27833, Test score:97.98000, train loss:-0.98204, test loss:-0.97896, ratio_train_loss:1.07147,ratio_test_loss:1.02864, total_loss_train:0.08942,total_loss_test:0.04967, var distance inter class train:0.00000,var distance inter class test:0.00000
=> saved checkpoint 'checkpoints_CNN/mnist_classif_ratio_variacnce_intra_4_7/last' (iter 4465, epoch 19.0)
=> saved checkpoint 'checkpoint_scores_CNN/mnist_classif_ratio_variacnce_intra_4_7/last' (iter 4465, epoch 19.0)
EarlyStopping counter: 3 out of 10
[Save Checkpoint] epoch: [19.0], Train score:98.44667, Test score:97.95000, train loss:-0.98359, test loss:-0.97939, ratio_train_loss:1.04987,ratio_test_loss:1.00457, total_loss_train:0.06628,total_loss_test:0.02519, var distance inter class train:0.00000,var distance inter class test:0.00000
=> saved checkpoint 'checkpoints_CNN/mnist_classif_ratio_variacnce_intra_4_7/last' (iter 4700, epoch 20.0)
=> saved checkpoint 'checkpoint_scores_CNN/mnist_classif_ratio_variacnce_intra_4_7/last' (iter 4700, epoch 20.0)
EarlyStopping counter: 4 out of 10
[Save Checkpoint] epoch: [20.0], Train score:98.55000, Test score:98.37000, train loss:-0.98492, test loss:-0.98323, ratio_train_loss:1.13222,ratio_test_loss:1.07909, total_loss_train:0.14730,total_loss_test:0.09585, var distance inter class train:0.00000,var distance inter class test:0.00000
=> saved checkpoint 'checkpoints_CNN/mnist_classif_ratio_variacnce_intra_4_7/last' (iter 4935, epoch 21.0)
=> saved checkpoint 'checkpoint_scores_CNN/mnist_classif_ratio_variacnce_intra_4_7/last' (iter 4935, epoch 21.0)
EarlyStopping counter: 5 out of 10
[Save Checkpoint] epoch: [21.0], Train score:98.49667, Test score:98.06000, train loss:-0.98431, test loss:-0.98069, ratio_train_loss:1.00754,ratio_test_loss:0.96071, total_loss_train:0.02322,total_loss_test:-0.01998, var distance inter class train:0.00000,var distance inter class test:0.00000
Ratio: In this batch for class 0, they are less images than 10. Don't use it to compute ratio!!!!
Ratio: In this batch for class 4, they are less images than 10. Don't use it to compute ratio!!!!
=> saved checkpoint 'checkpoints_CNN/mnist_classif_ratio_variacnce_intra_4_7/last' (iter 5170, epoch 22.0)
=> saved checkpoint 'checkpoint_scores_CNN/mnist_classif_ratio_variacnce_intra_4_7/last' (iter 5170, epoch 22.0)
EarlyStopping counter: 6 out of 10
[Save Checkpoint] epoch: [22.0], Train score:98.36000, Test score:98.05000, train loss:-0.98254, test loss:-0.98001, ratio_train_loss:1.06074,ratio_test_loss:1.00306, total_loss_train:0.07820,total_loss_test:0.02305, var distance inter class train:0.00000,var distance inter class test:0.00000
=> saved checkpoint 'checkpoints_CNN/mnist_classif_ratio_variacnce_intra_4_7/last' (iter 5405, epoch 23.0)
=> saved checkpoint 'checkpoint_scores_CNN/mnist_classif_ratio_variacnce_intra_4_7/last' (iter 5405, epoch 23.0)
EarlyStopping counter: 7 out of 10
[Save Checkpoint] epoch: [23.0], Train score:98.55500, Test score:98.23000, train loss:-0.98510, test loss:-0.98233, ratio_train_loss:1.08152,ratio_test_loss:1.04297, total_loss_train:0.09643,total_loss_test:0.06064, var distance inter class train:0.00000,var distance inter class test:0.00000
=> saved checkpoint 'checkpoints_CNN/mnist_classif_ratio_variacnce_intra_4_7/last' (iter 5640, epoch 24.0)
=> saved checkpoint 'checkpoint_scores_CNN/mnist_classif_ratio_variacnce_intra_4_7/last' (iter 5640, epoch 24.0)
EarlyStopping counter: 8 out of 10
[Save Checkpoint] epoch: [24.0], Train score:98.45667, Test score:98.20000, train loss:-0.98402, test loss:-0.98188, ratio_train_loss:1.06562,ratio_test_loss:1.02394, total_loss_train:0.08160,total_loss_test:0.04207, var distance inter class train:0.00000,var distance inter class test:0.00000
=> saved checkpoint 'checkpoints_CNN/mnist_classif_ratio_variacnce_intra_4_7/last' (iter 5875, epoch 25.0)
=> saved checkpoint 'checkpoint_scores_CNN/mnist_classif_ratio_variacnce_intra_4_7/last' (iter 5875, epoch 25.0)
EarlyStopping counter: 9 out of 10
[Save Checkpoint] epoch: [25.0], Train score:98.50000, Test score:98.17000, train loss:-0.98452, test loss:-0.98146, ratio_train_loss:1.06309,ratio_test_loss:1.01469, total_loss_train:0.07857,total_loss_test:0.03323, var distance inter class train:0.00000,var distance inter class test:0.00000
=> saved checkpoint 'checkpoints_CNN/mnist_classif_ratio_variacnce_intra_4_7/last' (iter 6110, epoch 26.0)
=> saved checkpoint 'checkpoint_scores_CNN/mnist_classif_ratio_variacnce_intra_4_7/last' (iter 6110, epoch 26.0)
EarlyStopping counter: 10 out of 10
[Save Checkpoint] epoch: [26.0], Train score:98.49667, Test score:98.28000, train loss:-0.98449, test loss:-0.98244, ratio_train_loss:1.07165,ratio_test_loss:1.02457, total_loss_train:0.08716,total_loss_test:0.04213, var distance inter class train:0.00000,var distance inter class test:0.00000
Early stopping
[Training Finished]
All Done!
