34
--dataset mnist --model CNN --gpu_devices 0 1 --max_iter 50 --batch_size 128 --ckpt_dir checkpoints_CNN --ckpt_dir_scores checkpoint_scores_CNN --use_scheduler True --GMP True --lr 1e-3 --z_struct_size 20 --add_classification_layer True --classif_layer_size 30 --is_default_model False --is_custom_model False --is_custom_model_BK True --big_kernel_size 8 --two_conv_layer True --three_conv_layer False --BK_in_first_layer True --BK_in_second_layer False --BK_in_third_layer False --stride_size 1 --hidden_filters_layer1 32 --hidden_filters_layer2 32 --hidden_filters_layer3 32 --ratio_reg False --lambda_ratio_reg 1 --lambda_class 1 --other_ratio False --loss_min_distance_cl False --lambda_var_distance 1 --intra_class_variance_loss True --lambda_intra_class_var 0.01 --contrastive_loss False --lambda_contrastive_loss 1 --alpha 32 --loss Proxy_Anchor --optimizer adamw --mrg 0.1 --IPC False --warm 1 --sz_embedding 32 --dataset_balanced False --exp_name mnist_classif_var_intra_class_4
Namespace(BK_in_first_layer=True, BK_in_second_layer=False, BK_in_third_layer=False, BN=False, C_max=25, C_stop_iter=100000.0, E1_AE=False, E1_VAE=False, E1_conv=False, E1_dense=False, E1_second_conv=False, E1_second_conv_adapt=False, GMP=True, IPC=False, L1_norm_act=False, L1_norm_weights=False, L3_without_random=False, LOG_DIR='logs', adapt_lr=False, add_classification_layer=True, add_linear_after_GMP=True, add_z_struct_bottleneck=False, alpha=32.0, batch_size=128, beta=1, beta1=0.9, beta2=0.999, big_kernel=False, big_kernel_size=[8], binary_z=False, ckpt_dir='checkpoints_CNN', ckpt_dir_scores='checkpoint_scores_CNN', classif_layer_size=30, contrastive_loss=False, cuda=True, dataset='mnist', dataset_balanced=False, display_step=10000, dset_dir='data', exp_name='mnist_classif_var_intra_class_4', gamma=1000, gpu_devices=[0, 1], hidden_filters_layer1=32, hidden_filters_layer2=32, hidden_filters_layer3=32, image_size=64, intra_class_variance_loss=True, is_C=True, is_E1=False, is_binary_structural_latent=False, is_custom_model=False, is_custom_model_BK=True, is_default_model=False, is_noise_stats=False, is_partial_rand_class=False, is_perturbed_score=False, is_zvar_sim_loss=False, just_train=False, kernel_size=4, lambda_Kl_struct=1, lambda_Kl_var=1, lambda_L1=0.01, lambda_VAE=1, lambda_class=1.0, lambda_contrastive_loss=1.0, lambda_intra_class_var=0.01, lambda_partial_class=1, lambda_ratio_reg=1.0, lambda_recon_wt_rand=1, lambda_recons=1, lambda_var_distance=1.0, lambda_zvar_sim=1, latent_spec_cont=None, latent_spec_cont_class=None, latent_spec_cont_var=None, latent_spec_disc=None, latent_spec_disc_class=None, latent_spec_disc_var=None, log_level='info', loss='Proxy_Anchor', loss_min_distance_cl=False, lr=0.001, max_iter=50.0, model='CNN', mrg=0.1, num_workers=2, old_weighted=False, optimizer='adamw', other_ratio=False, random_percentage=0.2, ratio_reg=False, remark='', save_step=10000, second_layer_C=False, seed=1, stride_size=1, sz_embedding=32, three_conv_layer=False, train=True, two_conv_layer=True, two_encoder=False, use_early_stopping=True, use_scheduler=True, warm=1, without_acc=False, z_struct_size=20, zeros_W_Classif=False, zvar_sim_change_zvar=False, zvar_sim_loss_for_all_model=False, zvar_sim_loss_only_for_encoder=False, zvar_sim_normal=False, zvar_sim_var_rand=False)
CUDA Visible devices !
Custom_CNN_BK(
  (net): Sequential(
    (0): Conv2d(1, 32, kernel_size=(8, 8), stride=(1, 1))
    (1): BatchNorm2d(32, eps=1e-05, momentum=0.1, affine=True, track_running_stats=True)
    (2): ReLU(inplace=True)
    (3): Conv2d(32, 32, kernel_size=(4, 4), stride=(1, 1))
    (4): BatchNorm2d(32, eps=1e-05, momentum=0.1, affine=True, track_running_stats=True)
    (5): ReLU(inplace=True)
    (6): AdaptiveMaxPool2d(output_size=(1, 1))
    (7): View()
    (8): Linear(in_features=32, out_features=20, bias=True)
    (9): BatchNorm1d(20, eps=1e-05, momentum=0.1, affine=True, track_running_stats=True)
    (10): ReLU(inplace=True)
    (11): Dropout(p=0.4, inplace=False)
    (12): Linear(in_features=20, out_features=30, bias=True)
    (13): BatchNorm1d(30, eps=1e-05, momentum=0.1, affine=True, track_running_stats=True)
    (14): ReLU(inplace=True)
    (15): Dropout(p=0.4, inplace=False)
    (16): Linear(in_features=30, out_features=10, bias=True)
    (17): Softmax(dim=None)
  )
)
The number of parameters of model is 20324
use 1 gpu who named: Tesla K80
=> loaded sample_scores and losses
=> no checkpoint found at 'checkpoints_CNN/mnist_classif_var_intra_class_4/last'
=> saved checkpoint 'checkpoints_CNN/mnist_classif_var_intra_class_4/last' (iter 469, epoch 1.0)
=> saved checkpoint 'checkpoint_scores_CNN/mnist_classif_var_intra_class_4/last' (iter 469, epoch 1.0)
[Save Checkpoint] epoch: [1.0], Train score:83.84833, Test score:84.33000, train loss:-0.78203, test loss:-0.78333, ratio_train_loss:0.00000,ratio_test_loss:0.00000, total_loss_train:-0.78203,total_loss_test:-0.78333, var distance inter class train:0.00000,var distance inter class test:0.00000
=> saved checkpoint 'checkpoints_CNN/mnist_classif_var_intra_class_4/last' (iter 938, epoch 2.0)
=> saved checkpoint 'checkpoint_scores_CNN/mnist_classif_var_intra_class_4/last' (iter 938, epoch 2.0)
[Save Checkpoint] epoch: [2.0], Train score:95.28333, Test score:95.31000, train loss:-0.93671, test loss:-0.93789, ratio_train_loss:0.00000,ratio_test_loss:0.00000, total_loss_train:-0.93671,total_loss_test:-0.93789, var distance inter class train:0.00000,var distance inter class test:0.00000
=> saved checkpoint 'checkpoints_CNN/mnist_classif_var_intra_class_4/last' (iter 1407, epoch 3.0)
=> saved checkpoint 'checkpoint_scores_CNN/mnist_classif_var_intra_class_4/last' (iter 1407, epoch 3.0)
[Save Checkpoint] epoch: [3.0], Train score:96.43667, Test score:96.41000, train loss:-0.95791, test loss:-0.95789, ratio_train_loss:0.00000,ratio_test_loss:0.00000, total_loss_train:-0.95791,total_loss_test:-0.95789, var distance inter class train:0.00000,var distance inter class test:0.00000
=> saved checkpoint 'checkpoints_CNN/mnist_classif_var_intra_class_4/last' (iter 1876, epoch 4.0)
=> saved checkpoint 'checkpoint_scores_CNN/mnist_classif_var_intra_class_4/last' (iter 1876, epoch 4.0)
[Save Checkpoint] epoch: [4.0], Train score:96.86500, Test score:96.91000, train loss:-0.96497, test loss:-0.96555, ratio_train_loss:0.00000,ratio_test_loss:0.00000, total_loss_train:-0.96497,total_loss_test:-0.96555, var distance inter class train:0.00000,var distance inter class test:0.00000
=> saved checkpoint 'checkpoints_CNN/mnist_classif_var_intra_class_4/last' (iter 2345, epoch 5.0)
=> saved checkpoint 'checkpoint_scores_CNN/mnist_classif_var_intra_class_4/last' (iter 2345, epoch 5.0)
EarlyStopping counter: 1 out of 10
[Save Checkpoint] epoch: [5.0], Train score:96.70167, Test score:96.54000, train loss:-0.96431, test loss:-0.96378, ratio_train_loss:0.00000,ratio_test_loss:0.00000, total_loss_train:-0.96431,total_loss_test:-0.96378, var distance inter class train:0.00000,var distance inter class test:0.00000
=> saved checkpoint 'checkpoints_CNN/mnist_classif_var_intra_class_4/last' (iter 2814, epoch 6.0)
=> saved checkpoint 'checkpoint_scores_CNN/mnist_classif_var_intra_class_4/last' (iter 2814, epoch 6.0)
[Save Checkpoint] epoch: [6.0], Train score:97.64333, Test score:97.54000, train loss:-0.97418, test loss:-0.97376, ratio_train_loss:0.00000,ratio_test_loss:0.00000, total_loss_train:-0.97418,total_loss_test:-0.97376, var distance inter class train:0.00000,var distance inter class test:0.00000
=> saved checkpoint 'checkpoints_CNN/mnist_classif_var_intra_class_4/last' (iter 3283, epoch 7.0)
=> saved checkpoint 'checkpoint_scores_CNN/mnist_classif_var_intra_class_4/last' (iter 3283, epoch 7.0)
EarlyStopping counter: 1 out of 10
[Save Checkpoint] epoch: [7.0], Train score:97.21333, Test score:97.07000, train loss:-0.97008, test loss:-0.96834, ratio_train_loss:0.00000,ratio_test_loss:0.00000, total_loss_train:-0.97008,total_loss_test:-0.96834, var distance inter class train:0.00000,var distance inter class test:0.00000
=> saved checkpoint 'checkpoints_CNN/mnist_classif_var_intra_class_4/last' (iter 3752, epoch 8.0)
=> saved checkpoint 'checkpoint_scores_CNN/mnist_classif_var_intra_class_4/last' (iter 3752, epoch 8.0)
[Save Checkpoint] epoch: [8.0], Train score:97.61167, Test score:97.64000, train loss:-0.97510, test loss:-0.97525, ratio_train_loss:0.00000,ratio_test_loss:0.00000, total_loss_train:-0.97510,total_loss_test:-0.97525, var distance inter class train:0.00000,var distance inter class test:0.00000
=> saved checkpoint 'checkpoints_CNN/mnist_classif_var_intra_class_4/last' (iter 4221, epoch 9.0)
=> saved checkpoint 'checkpoint_scores_CNN/mnist_classif_var_intra_class_4/last' (iter 4221, epoch 9.0)
EarlyStopping counter: 1 out of 10
[Save Checkpoint] epoch: [9.0], Train score:97.71833, Test score:97.67000, train loss:-0.97575, test loss:-0.97501, ratio_train_loss:0.00000,ratio_test_loss:0.00000, total_loss_train:-0.97575,total_loss_test:-0.97501, var distance inter class train:0.00000,var distance inter class test:0.00000
=> saved checkpoint 'checkpoints_CNN/mnist_classif_var_intra_class_4/last' (iter 4690, epoch 10.0)
=> saved checkpoint 'checkpoint_scores_CNN/mnist_classif_var_intra_class_4/last' (iter 4690, epoch 10.0)
[Save Checkpoint] epoch: [10.0], Train score:97.83500, Test score:97.71000, train loss:-0.97739, test loss:-0.97678, ratio_train_loss:0.00000,ratio_test_loss:0.00000, total_loss_train:-0.97739,total_loss_test:-0.97678, var distance inter class train:0.00000,var distance inter class test:0.00000
=> saved checkpoint 'checkpoints_CNN/mnist_classif_var_intra_class_4/last' (iter 5159, epoch 11.0)
=> saved checkpoint 'checkpoint_scores_CNN/mnist_classif_var_intra_class_4/last' (iter 5159, epoch 11.0)
EarlyStopping counter: 1 out of 10
[Save Checkpoint] epoch: [11.0], Train score:97.80500, Test score:97.67000, train loss:-0.97689, test loss:-0.97587, ratio_train_loss:0.00000,ratio_test_loss:0.00000, total_loss_train:-0.97689,total_loss_test:-0.97587, var distance inter class train:0.00000,var distance inter class test:0.00000
=> saved checkpoint 'checkpoints_CNN/mnist_classif_var_intra_class_4/last' (iter 5628, epoch 12.0)
=> saved checkpoint 'checkpoint_scores_CNN/mnist_classif_var_intra_class_4/last' (iter 5628, epoch 12.0)
[Save Checkpoint] epoch: [12.0], Train score:98.01000, Test score:97.82000, train loss:-0.97909, test loss:-0.97762, ratio_train_loss:0.00000,ratio_test_loss:0.00000, total_loss_train:-0.97909,total_loss_test:-0.97762, var distance inter class train:0.00000,var distance inter class test:0.00000
=> saved checkpoint 'checkpoints_CNN/mnist_classif_var_intra_class_4/last' (iter 6097, epoch 13.0)
=> saved checkpoint 'checkpoint_scores_CNN/mnist_classif_var_intra_class_4/last' (iter 6097, epoch 13.0)
[Save Checkpoint] epoch: [13.0], Train score:97.92833, Test score:97.80000, train loss:-0.97858, test loss:-0.97781, ratio_train_loss:0.00000,ratio_test_loss:0.00000, total_loss_train:-0.97858,total_loss_test:-0.97781, var distance inter class train:0.00000,var distance inter class test:0.00000
=> saved checkpoint 'checkpoints_CNN/mnist_classif_var_intra_class_4/last' (iter 6566, epoch 14.0)
=> saved checkpoint 'checkpoint_scores_CNN/mnist_classif_var_intra_class_4/last' (iter 6566, epoch 14.0)
[Save Checkpoint] epoch: [14.0], Train score:98.03500, Test score:97.88000, train loss:-0.97983, test loss:-0.97855, ratio_train_loss:0.00000,ratio_test_loss:0.00000, total_loss_train:-0.97983,total_loss_test:-0.97855, var distance inter class train:0.00000,var distance inter class test:0.00000
=> saved checkpoint 'checkpoints_CNN/mnist_classif_var_intra_class_4/last' (iter 7035, epoch 15.0)
=> saved checkpoint 'checkpoint_scores_CNN/mnist_classif_var_intra_class_4/last' (iter 7035, epoch 15.0)
[Save Checkpoint] epoch: [15.0], Train score:97.97500, Test score:97.94000, train loss:-0.97889, test loss:-0.97875, ratio_train_loss:0.00000,ratio_test_loss:0.00000, total_loss_train:-0.97889,total_loss_test:-0.97875, var distance inter class train:0.00000,var distance inter class test:0.00000
=> saved checkpoint 'checkpoints_CNN/mnist_classif_var_intra_class_4/last' (iter 7504, epoch 16.0)
=> saved checkpoint 'checkpoint_scores_CNN/mnist_classif_var_intra_class_4/last' (iter 7504, epoch 16.0)
[Save Checkpoint] epoch: [16.0], Train score:98.05000, Test score:97.97000, train loss:-0.98011, test loss:-0.97917, ratio_train_loss:0.00000,ratio_test_loss:0.00000, total_loss_train:-0.98011,total_loss_test:-0.97917, var distance inter class train:0.00000,var distance inter class test:0.00000
=> saved checkpoint 'checkpoints_CNN/mnist_classif_var_intra_class_4/last' (iter 7973, epoch 17.0)
=> saved checkpoint 'checkpoint_scores_CNN/mnist_classif_var_intra_class_4/last' (iter 7973, epoch 17.0)
EarlyStopping counter: 1 out of 10
[Save Checkpoint] epoch: [17.0], Train score:97.99333, Test score:97.95000, train loss:-0.97948, test loss:-0.97878, ratio_train_loss:0.00000,ratio_test_loss:0.00000, total_loss_train:-0.97948,total_loss_test:-0.97878, var distance inter class train:0.00000,var distance inter class test:0.00000
=> saved checkpoint 'checkpoints_CNN/mnist_classif_var_intra_class_4/last' (iter 8442, epoch 18.0)
=> saved checkpoint 'checkpoint_scores_CNN/mnist_classif_var_intra_class_4/last' (iter 8442, epoch 18.0)
EarlyStopping counter: 2 out of 10
[Save Checkpoint] epoch: [18.0], Train score:97.94500, Test score:97.67000, train loss:-0.97875, test loss:-0.97670, ratio_train_loss:0.00000,ratio_test_loss:0.00000, total_loss_train:-0.97875,total_loss_test:-0.97670, var distance inter class train:0.00000,var distance inter class test:0.00000
=> saved checkpoint 'checkpoints_CNN/mnist_classif_var_intra_class_4/last' (iter 8911, epoch 19.0)
=> saved checkpoint 'checkpoint_scores_CNN/mnist_classif_var_intra_class_4/last' (iter 8911, epoch 19.0)
EarlyStopping counter: 3 out of 10
[Save Checkpoint] epoch: [19.0], Train score:98.24167, Test score:97.86000, train loss:-0.98204, test loss:-0.97865, ratio_train_loss:0.00000,ratio_test_loss:0.00000, total_loss_train:-0.98204,total_loss_test:-0.97865, var distance inter class train:0.00000,var distance inter class test:0.00000
=> saved checkpoint 'checkpoints_CNN/mnist_classif_var_intra_class_4/last' (iter 9380, epoch 20.0)
=> saved checkpoint 'checkpoint_scores_CNN/mnist_classif_var_intra_class_4/last' (iter 9380, epoch 20.0)
EarlyStopping counter: 4 out of 10
[Save Checkpoint] epoch: [20.0], Train score:98.20667, Test score:97.94000, train loss:-0.98164, test loss:-0.97903, ratio_train_loss:0.00000,ratio_test_loss:0.00000, total_loss_train:-0.98164,total_loss_test:-0.97903, var distance inter class train:0.00000,var distance inter class test:0.00000
=> saved checkpoint 'checkpoints_CNN/mnist_classif_var_intra_class_4/last' (iter 9849, epoch 21.0)
=> saved checkpoint 'checkpoint_scores_CNN/mnist_classif_var_intra_class_4/last' (iter 9849, epoch 21.0)
EarlyStopping counter: 5 out of 10
[Save Checkpoint] epoch: [21.0], Train score:98.16333, Test score:97.76000, train loss:-0.98117, test loss:-0.97786, ratio_train_loss:0.00000,ratio_test_loss:0.00000, total_loss_train:-0.98117,total_loss_test:-0.97786, var distance inter class train:0.00000,var distance inter class test:0.00000
=> saved checkpoint 'checkpoints_CNN/mnist_classif_var_intra_class_4/last' (iter 10318, epoch 22.0)
=> saved checkpoint 'checkpoint_scores_CNN/mnist_classif_var_intra_class_4/last' (iter 10318, epoch 22.0)
EarlyStopping counter: 6 out of 10
[Save Checkpoint] epoch: [22.0], Train score:98.19667, Test score:97.91000, train loss:-0.98159, test loss:-0.97910, ratio_train_loss:0.00000,ratio_test_loss:0.00000, total_loss_train:-0.98159,total_loss_test:-0.97910, var distance inter class train:0.00000,var distance inter class test:0.00000
=> saved checkpoint 'checkpoints_CNN/mnist_classif_var_intra_class_4/last' (iter 10787, epoch 23.0)
=> saved checkpoint 'checkpoint_scores_CNN/mnist_classif_var_intra_class_4/last' (iter 10787, epoch 23.0)
EarlyStopping counter: 7 out of 10
[Save Checkpoint] epoch: [23.0], Train score:98.13833, Test score:97.76000, train loss:-0.98062, test loss:-0.97741, ratio_train_loss:0.00000,ratio_test_loss:0.00000, total_loss_train:-0.98062,total_loss_test:-0.97741, var distance inter class train:0.00000,var distance inter class test:0.00000
=> saved checkpoint 'checkpoints_CNN/mnist_classif_var_intra_class_4/last' (iter 11256, epoch 24.0)
=> saved checkpoint 'checkpoint_scores_CNN/mnist_classif_var_intra_class_4/last' (iter 11256, epoch 24.0)
EarlyStopping counter: 8 out of 10
[Save Checkpoint] epoch: [24.0], Train score:98.09167, Test score:97.82000, train loss:-0.98032, test loss:-0.97803, ratio_train_loss:0.00000,ratio_test_loss:0.00000, total_loss_train:-0.98032,total_loss_test:-0.97803, var distance inter class train:0.00000,var distance inter class test:0.00000
=> saved checkpoint 'checkpoints_CNN/mnist_classif_var_intra_class_4/last' (iter 11725, epoch 25.0)
=> saved checkpoint 'checkpoint_scores_CNN/mnist_classif_var_intra_class_4/last' (iter 11725, epoch 25.0)
[Save Checkpoint] epoch: [25.0], Train score:98.24333, Test score:97.97000, train loss:-0.98193, test loss:-0.97937, ratio_train_loss:0.00000,ratio_test_loss:0.00000, total_loss_train:-0.98193,total_loss_test:-0.97937, var distance inter class train:0.00000,var distance inter class test:0.00000
=> saved checkpoint 'checkpoints_CNN/mnist_classif_var_intra_class_4/last' (iter 12194, epoch 26.0)
=> saved checkpoint 'checkpoint_scores_CNN/mnist_classif_var_intra_class_4/last' (iter 12194, epoch 26.0)
[Save Checkpoint] epoch: [26.0], Train score:98.28500, Test score:97.98000, train loss:-0.98242, test loss:-0.97946, ratio_train_loss:0.00000,ratio_test_loss:0.00000, total_loss_train:-0.98242,total_loss_test:-0.97946, var distance inter class train:0.00000,var distance inter class test:0.00000
=> saved checkpoint 'checkpoints_CNN/mnist_classif_var_intra_class_4/last' (iter 12663, epoch 27.0)
=> saved checkpoint 'checkpoint_scores_CNN/mnist_classif_var_intra_class_4/last' (iter 12663, epoch 27.0)
EarlyStopping counter: 1 out of 10
[Save Checkpoint] epoch: [27.0], Train score:98.24667, Test score:97.93000, train loss:-0.98215, test loss:-0.97927, ratio_train_loss:0.00000,ratio_test_loss:0.00000, total_loss_train:-0.98215,total_loss_test:-0.97927, var distance inter class train:0.00000,var distance inter class test:0.00000
=> saved checkpoint 'checkpoints_CNN/mnist_classif_var_intra_class_4/last' (iter 13132, epoch 28.0)
=> saved checkpoint 'checkpoint_scores_CNN/mnist_classif_var_intra_class_4/last' (iter 13132, epoch 28.0)
[Save Checkpoint] epoch: [28.0], Train score:98.26500, Test score:98.14000, train loss:-0.98228, test loss:-0.98108, ratio_train_loss:0.00000,ratio_test_loss:0.00000, total_loss_train:-0.98228,total_loss_test:-0.98108, var distance inter class train:0.00000,var distance inter class test:0.00000
=> saved checkpoint 'checkpoints_CNN/mnist_classif_var_intra_class_4/last' (iter 13601, epoch 29.0)
=> saved checkpoint 'checkpoint_scores_CNN/mnist_classif_var_intra_class_4/last' (iter 13601, epoch 29.0)
[Save Checkpoint] epoch: [29.0], Train score:98.27500, Test score:98.15000, train loss:-0.98247, test loss:-0.98124, ratio_train_loss:0.00000,ratio_test_loss:0.00000, total_loss_train:-0.98247,total_loss_test:-0.98124, var distance inter class train:0.00000,var distance inter class test:0.00000
=> saved checkpoint 'checkpoints_CNN/mnist_classif_var_intra_class_4/last' (iter 14070, epoch 30.0)
=> saved checkpoint 'checkpoint_scores_CNN/mnist_classif_var_intra_class_4/last' (iter 14070, epoch 30.0)
EarlyStopping counter: 1 out of 10
[Save Checkpoint] epoch: [30.0], Train score:98.23333, Test score:97.82000, train loss:-0.98192, test loss:-0.97833, ratio_train_loss:0.00000,ratio_test_loss:0.00000, total_loss_train:-0.98192,total_loss_test:-0.97833, var distance inter class train:0.00000,var distance inter class test:0.00000
=> saved checkpoint 'checkpoints_CNN/mnist_classif_var_intra_class_4/last' (iter 14539, epoch 31.0)
=> saved checkpoint 'checkpoint_scores_CNN/mnist_classif_var_intra_class_4/last' (iter 14539, epoch 31.0)
EarlyStopping counter: 2 out of 10
[Save Checkpoint] epoch: [31.0], Train score:98.36500, Test score:98.02000, train loss:-0.98340, test loss:-0.98033, ratio_train_loss:0.00000,ratio_test_loss:0.00000, total_loss_train:-0.98340,total_loss_test:-0.98033, var distance inter class train:0.00000,var distance inter class test:0.00000
=> saved checkpoint 'checkpoints_CNN/mnist_classif_var_intra_class_4/last' (iter 15008, epoch 32.0)
=> saved checkpoint 'checkpoint_scores_CNN/mnist_classif_var_intra_class_4/last' (iter 15008, epoch 32.0)
EarlyStopping counter: 3 out of 10
[Save Checkpoint] epoch: [32.0], Train score:98.34667, Test score:98.06000, train loss:-0.98319, test loss:-0.98047, ratio_train_loss:0.00000,ratio_test_loss:0.00000, total_loss_train:-0.98319,total_loss_test:-0.98047, var distance inter class train:0.00000,var distance inter class test:0.00000
=> saved checkpoint 'checkpoints_CNN/mnist_classif_var_intra_class_4/last' (iter 15477, epoch 33.0)
=> saved checkpoint 'checkpoint_scores_CNN/mnist_classif_var_intra_class_4/last' (iter 15477, epoch 33.0)
EarlyStopping counter: 4 out of 10
[Save Checkpoint] epoch: [33.0], Train score:98.25833, Test score:97.98000, train loss:-0.98241, test loss:-0.97985, ratio_train_loss:0.00000,ratio_test_loss:0.00000, total_loss_train:-0.98241,total_loss_test:-0.97985, var distance inter class train:0.00000,var distance inter class test:0.00000
=> saved checkpoint 'checkpoints_CNN/mnist_classif_var_intra_class_4/last' (iter 15946, epoch 34.0)
=> saved checkpoint 'checkpoint_scores_CNN/mnist_classif_var_intra_class_4/last' (iter 15946, epoch 34.0)
EarlyStopping counter: 5 out of 10
[Save Checkpoint] epoch: [34.0], Train score:98.29833, Test score:98.11000, train loss:-0.98264, test loss:-0.98088, ratio_train_loss:0.00000,ratio_test_loss:0.00000, total_loss_train:-0.98264,total_loss_test:-0.98088, var distance inter class train:0.00000,var distance inter class test:0.00000
=> saved checkpoint 'checkpoints_CNN/mnist_classif_var_intra_class_4/last' (iter 16415, epoch 35.0)
=> saved checkpoint 'checkpoint_scores_CNN/mnist_classif_var_intra_class_4/last' (iter 16415, epoch 35.0)
[Save Checkpoint] epoch: [35.0], Train score:98.40833, Test score:98.22000, train loss:-0.98375, test loss:-0.98169, ratio_train_loss:0.00000,ratio_test_loss:0.00000, total_loss_train:-0.98375,total_loss_test:-0.98169, var distance inter class train:0.00000,var distance inter class test:0.00000
=> saved checkpoint 'checkpoints_CNN/mnist_classif_var_intra_class_4/last' (iter 16884, epoch 36.0)
=> saved checkpoint 'checkpoint_scores_CNN/mnist_classif_var_intra_class_4/last' (iter 16884, epoch 36.0)
EarlyStopping counter: 1 out of 10
[Save Checkpoint] epoch: [36.0], Train score:98.43333, Test score:97.97000, train loss:-0.98403, test loss:-0.97983, ratio_train_loss:0.00000,ratio_test_loss:0.00000, total_loss_train:-0.98403,total_loss_test:-0.97983, var distance inter class train:0.00000,var distance inter class test:0.00000
=> saved checkpoint 'checkpoints_CNN/mnist_classif_var_intra_class_4/last' (iter 17353, epoch 37.0)
=> saved checkpoint 'checkpoint_scores_CNN/mnist_classif_var_intra_class_4/last' (iter 17353, epoch 37.0)
[Save Checkpoint] epoch: [37.0], Train score:98.47000, Test score:98.24000, train loss:-0.98446, test loss:-0.98232, ratio_train_loss:0.00000,ratio_test_loss:0.00000, total_loss_train:-0.98446,total_loss_test:-0.98232, var distance inter class train:0.00000,var distance inter class test:0.00000
=> saved checkpoint 'checkpoints_CNN/mnist_classif_var_intra_class_4/last' (iter 17822, epoch 38.0)
=> saved checkpoint 'checkpoint_scores_CNN/mnist_classif_var_intra_class_4/last' (iter 17822, epoch 38.0)
EarlyStopping counter: 1 out of 10
[Save Checkpoint] epoch: [38.0], Train score:98.52833, Test score:98.08000, train loss:-0.98504, test loss:-0.98073, ratio_train_loss:0.00000,ratio_test_loss:0.00000, total_loss_train:-0.98504,total_loss_test:-0.98073, var distance inter class train:0.00000,var distance inter class test:0.00000
=> saved checkpoint 'checkpoints_CNN/mnist_classif_var_intra_class_4/last' (iter 18291, epoch 39.0)
=> saved checkpoint 'checkpoint_scores_CNN/mnist_classif_var_intra_class_4/last' (iter 18291, epoch 39.0)
EarlyStopping counter: 2 out of 10
[Save Checkpoint] epoch: [39.0], Train score:98.42500, Test score:98.04000, train loss:-0.98396, test loss:-0.97991, ratio_train_loss:0.00000,ratio_test_loss:0.00000, total_loss_train:-0.98396,total_loss_test:-0.97991, var distance inter class train:0.00000,var distance inter class test:0.00000
=> saved checkpoint 'checkpoints_CNN/mnist_classif_var_intra_class_4/last' (iter 18760, epoch 40.0)
=> saved checkpoint 'checkpoint_scores_CNN/mnist_classif_var_intra_class_4/last' (iter 18760, epoch 40.0)
EarlyStopping counter: 3 out of 10
[Save Checkpoint] epoch: [40.0], Train score:98.40500, Test score:98.18000, train loss:-0.98363, test loss:-0.98150, ratio_train_loss:0.00000,ratio_test_loss:0.00000, total_loss_train:-0.98363,total_loss_test:-0.98150, var distance inter class train:0.00000,var distance inter class test:0.00000
=> saved checkpoint 'checkpoints_CNN/mnist_classif_var_intra_class_4/last' (iter 19229, epoch 41.0)
=> saved checkpoint 'checkpoint_scores_CNN/mnist_classif_var_intra_class_4/last' (iter 19229, epoch 41.0)
EarlyStopping counter: 4 out of 10
[Save Checkpoint] epoch: [41.0], Train score:98.47167, Test score:98.10000, train loss:-0.98439, test loss:-0.98109, ratio_train_loss:0.00000,ratio_test_loss:0.00000, total_loss_train:-0.98439,total_loss_test:-0.98109, var distance inter class train:0.00000,var distance inter class test:0.00000
=> saved checkpoint 'checkpoints_CNN/mnist_classif_var_intra_class_4/last' (iter 19698, epoch 42.0)
=> saved checkpoint 'checkpoint_scores_CNN/mnist_classif_var_intra_class_4/last' (iter 19698, epoch 42.0)
EarlyStopping counter: 5 out of 10
[Save Checkpoint] epoch: [42.0], Train score:98.45500, Test score:98.03000, train loss:-0.98418, test loss:-0.98056, ratio_train_loss:0.00000,ratio_test_loss:0.00000, total_loss_train:-0.98418,total_loss_test:-0.98056, var distance inter class train:0.00000,var distance inter class test:0.00000
=> saved checkpoint 'checkpoints_CNN/mnist_classif_var_intra_class_4/last' (iter 20167, epoch 43.0)
=> saved checkpoint 'checkpoint_scores_CNN/mnist_classif_var_intra_class_4/last' (iter 20167, epoch 43.0)
EarlyStopping counter: 6 out of 10
[Save Checkpoint] epoch: [43.0], Train score:98.44333, Test score:98.08000, train loss:-0.98400, test loss:-0.98080, ratio_train_loss:0.00000,ratio_test_loss:0.00000, total_loss_train:-0.98400,total_loss_test:-0.98080, var distance inter class train:0.00000,var distance inter class test:0.00000
=> saved checkpoint 'checkpoints_CNN/mnist_classif_var_intra_class_4/last' (iter 20636, epoch 44.0)
=> saved checkpoint 'checkpoint_scores_CNN/mnist_classif_var_intra_class_4/last' (iter 20636, epoch 44.0)
EarlyStopping counter: 7 out of 10
[Save Checkpoint] epoch: [44.0], Train score:98.46833, Test score:98.10000, train loss:-0.98431, test loss:-0.98105, ratio_train_loss:0.00000,ratio_test_loss:0.00000, total_loss_train:-0.98431,total_loss_test:-0.98105, var distance inter class train:0.00000,var distance inter class test:0.00000
=> saved checkpoint 'checkpoints_CNN/mnist_classif_var_intra_class_4/last' (iter 21105, epoch 45.0)
=> saved checkpoint 'checkpoint_scores_CNN/mnist_classif_var_intra_class_4/last' (iter 21105, epoch 45.0)
EarlyStopping counter: 8 out of 10
[Save Checkpoint] epoch: [45.0], Train score:98.53500, Test score:98.25000, train loss:-0.98514, test loss:-0.98204, ratio_train_loss:0.00000,ratio_test_loss:0.00000, total_loss_train:-0.98514,total_loss_test:-0.98204, var distance inter class train:0.00000,var distance inter class test:0.00000
=> saved checkpoint 'checkpoints_CNN/mnist_classif_var_intra_class_4/last' (iter 21574, epoch 46.0)
=> saved checkpoint 'checkpoint_scores_CNN/mnist_classif_var_intra_class_4/last' (iter 21574, epoch 46.0)
EarlyStopping counter: 9 out of 10
[Save Checkpoint] epoch: [46.0], Train score:98.51000, Test score:98.17000, train loss:-0.98470, test loss:-0.98182, ratio_train_loss:0.00000,ratio_test_loss:0.00000, total_loss_train:-0.98470,total_loss_test:-0.98182, var distance inter class train:0.00000,var distance inter class test:0.00000
=> saved checkpoint 'checkpoints_CNN/mnist_classif_var_intra_class_4/last' (iter 22043, epoch 47.0)
=> saved checkpoint 'checkpoint_scores_CNN/mnist_classif_var_intra_class_4/last' (iter 22043, epoch 47.0)
EarlyStopping counter: 10 out of 10
[Save Checkpoint] epoch: [47.0], Train score:98.48000, Test score:98.04000, train loss:-0.98450, test loss:-0.98063, ratio_train_loss:0.00000,ratio_test_loss:0.00000, total_loss_train:-0.98450,total_loss_test:-0.98063, var distance inter class train:0.00000,var distance inter class test:0.00000
Early stopping
[Training Finished]
All Done!
