96
--dataset mnist --model CNN --gpu_devices 0 1 --max_iter 50 --batch_size 256 --ckpt_dir checkpoints_CNN --ckpt_dir_scores checkpoint_scores_CNN --use_scheduler True --GMP True --lr 1e-3 --z_struct_size 20 --add_classification_layer True --classif_layer_size 30 --is_default_model False --is_custom_model False --is_custom_model_BK True --big_kernel_size 8 --two_conv_layer True --three_conv_layer False --BK_in_first_layer True --BK_in_second_layer False --BK_in_third_layer False --stride_size 1 --hidden_filters_layer1 32 --hidden_filters_layer2 32 --hidden_filters_layer3 32 --ratio_reg True --lambda_ratio_reg 0.00001 --lambda_class 1 --other_ratio False --loss_min_distance_cl False --lambda_var_distance 1 --intra_class_variance_loss True --lambda_intra_class_var 0.0001 --contrastive_loss False --lambda_contrastive_loss 1 --alpha 32 --loss Proxy_Anchor --optimizer adamw --mrg 0.1 --IPC False --warm 1 --sz_embedding 32 --dataset_balanced False --exp_name mnist_classif_ratio_variacnce_intra_6_7
Namespace(BK_in_first_layer=True, BK_in_second_layer=False, BK_in_third_layer=False, BN=False, C_max=25, C_stop_iter=100000.0, E1_AE=False, E1_VAE=False, E1_conv=False, E1_dense=False, E1_second_conv=False, E1_second_conv_adapt=False, GMP=True, IPC=False, L1_norm_act=False, L1_norm_weights=False, L3_without_random=False, LOG_DIR='logs', adapt_lr=False, add_classification_layer=True, add_linear_after_GMP=True, add_z_struct_bottleneck=False, alpha=32.0, batch_size=256, beta=1, beta1=0.9, beta2=0.999, big_kernel=False, big_kernel_size=[8], binary_z=False, ckpt_dir='checkpoints_CNN', ckpt_dir_scores='checkpoint_scores_CNN', classif_layer_size=30, contrastive_loss=False, cuda=True, dataset='mnist', dataset_balanced=False, display_step=10000, dset_dir='data', exp_name='mnist_classif_ratio_variacnce_intra_6_7', gamma=1000, gpu_devices=[0, 1], hidden_filters_layer1=32, hidden_filters_layer2=32, hidden_filters_layer3=32, image_size=64, intra_class_variance_loss=True, is_C=True, is_E1=False, is_binary_structural_latent=False, is_custom_model=False, is_custom_model_BK=True, is_default_model=False, is_noise_stats=False, is_partial_rand_class=False, is_perturbed_score=False, is_zvar_sim_loss=False, just_train=False, kernel_size=4, lambda_Kl_struct=1, lambda_Kl_var=1, lambda_L1=0.01, lambda_VAE=1, lambda_class=1.0, lambda_contrastive_loss=1.0, lambda_distance_mean=1, lambda_intra_class_var=0.0001, lambda_partial_class=1, lambda_ratio_reg=1e-05, lambda_recon_wt_rand=1, lambda_recons=1, lambda_var_distance=1.0, lambda_zvar_sim=1, latent_spec_cont=None, latent_spec_cont_class=None, latent_spec_cont_var=None, latent_spec_disc=None, latent_spec_disc_class=None, latent_spec_disc_var=None, log_level='info', loss='Proxy_Anchor', loss_distance_mean=False, loss_min_distance_cl=False, lr=0.001, max_iter=50.0, model='CNN', mrg=0.1, num_workers=2, old_weighted=False, optimizer='adamw', other_ratio=False, random_percentage=0.2, ratio_reg=True, remark='', save_step=10000, second_layer_C=False, seed=1, stride_size=1, sz_embedding=32, three_conv_layer=False, train=True, two_conv_layer=True, two_encoder=False, use_early_stopping=True, use_scheduler=True, warm=1, without_acc=False, z_struct_size=20, zeros_W_Classif=False, zvar_sim_change_zvar=False, zvar_sim_loss_for_all_model=False, zvar_sim_loss_only_for_encoder=False, zvar_sim_normal=False, zvar_sim_var_rand=False)
CUDA Visible devices !
Custom_CNN_BK(
  (net): Sequential(
    (0): Conv2d(1, 32, kernel_size=(8, 8), stride=(1, 1))
    (1): BatchNorm2d(32, eps=1e-05, momentum=0.1, affine=True, track_running_stats=True)
    (2): ReLU(inplace=True)
    (3): Conv2d(32, 32, kernel_size=(4, 4), stride=(1, 1))
    (4): BatchNorm2d(32, eps=1e-05, momentum=0.1, affine=True, track_running_stats=True)
    (5): ReLU(inplace=True)
    (6): AdaptiveMaxPool2d(output_size=(1, 1))
    (7): View()
    (8): Linear(in_features=32, out_features=20, bias=True)
    (9): BatchNorm1d(20, eps=1e-05, momentum=0.1, affine=True, track_running_stats=True)
    (10): ReLU(inplace=True)
    (11): Dropout(p=0.4, inplace=False)
    (12): Linear(in_features=20, out_features=30, bias=True)
    (13): BatchNorm1d(30, eps=1e-05, momentum=0.1, affine=True, track_running_stats=True)
    (14): ReLU(inplace=True)
    (15): Dropout(p=0.4, inplace=False)
    (16): Linear(in_features=30, out_features=10, bias=True)
    (17): Softmax(dim=None)
  )
)
The number of parameters of model is 20324
use 1 gpu who named: Tesla K80
=> loaded sample_scores and losses
=> no checkpoint found at 'checkpoints_CNN/mnist_classif_ratio_variacnce_intra_6_7/last'
=> saved checkpoint 'checkpoints_CNN/mnist_classif_ratio_variacnce_intra_6_7/last' (iter 235, epoch 1.0)
=> saved checkpoint 'checkpoint_scores_CNN/mnist_classif_ratio_variacnce_intra_6_7/last' (iter 235, epoch 1.0)
[Save Checkpoint] epoch: [1.0], Train score:78.91667, Test score:78.87000, train loss:-0.69620, test loss:-0.69533, ratio_train_loss:2.19589,ratio_test_loss:2.10354, total_loss_train:1.49969,total_loss_test:1.40821, var distance inter class train:0.00000,var distance inter class test:0.00000
=> saved checkpoint 'checkpoints_CNN/mnist_classif_ratio_variacnce_intra_6_7/last' (iter 470, epoch 2.0)
=> saved checkpoint 'checkpoint_scores_CNN/mnist_classif_ratio_variacnce_intra_6_7/last' (iter 470, epoch 2.0)
[Save Checkpoint] epoch: [2.0], Train score:94.84000, Test score:95.13000, train loss:-0.91076, test loss:-0.91541, ratio_train_loss:1.52098,ratio_test_loss:1.46418, total_loss_train:0.61023,total_loss_test:0.54876, var distance inter class train:0.00000,var distance inter class test:0.00000
=> saved checkpoint 'checkpoints_CNN/mnist_classif_ratio_variacnce_intra_6_7/last' (iter 705, epoch 3.0)
=> saved checkpoint 'checkpoint_scores_CNN/mnist_classif_ratio_variacnce_intra_6_7/last' (iter 705, epoch 3.0)
[Save Checkpoint] epoch: [3.0], Train score:96.48667, Test score:96.63000, train loss:-0.95159, test loss:-0.95333, ratio_train_loss:1.46534,ratio_test_loss:1.44282, total_loss_train:0.51375,total_loss_test:0.48949, var distance inter class train:0.00000,var distance inter class test:0.00000
Ratio: In this batch for class 4, they are less images than 10. Don't use it to compute ratio!!!!
=> saved checkpoint 'checkpoints_CNN/mnist_classif_ratio_variacnce_intra_6_7/last' (iter 940, epoch 4.0)
=> saved checkpoint 'checkpoint_scores_CNN/mnist_classif_ratio_variacnce_intra_6_7/last' (iter 940, epoch 4.0)
[Save Checkpoint] epoch: [4.0], Train score:97.12667, Test score:97.18000, train loss:-0.96435, test loss:-0.96532, ratio_train_loss:1.39699,ratio_test_loss:1.35580, total_loss_train:0.43265,total_loss_test:0.39048, var distance inter class train:0.00000,var distance inter class test:0.00000
=> saved checkpoint 'checkpoints_CNN/mnist_classif_ratio_variacnce_intra_6_7/last' (iter 1175, epoch 5.0)
=> saved checkpoint 'checkpoint_scores_CNN/mnist_classif_ratio_variacnce_intra_6_7/last' (iter 1175, epoch 5.0)
[Save Checkpoint] epoch: [5.0], Train score:97.31667, Test score:97.45000, train loss:-0.96839, test loss:-0.96922, ratio_train_loss:1.14430,ratio_test_loss:1.10218, total_loss_train:0.17591,total_loss_test:0.13296, var distance inter class train:0.00000,var distance inter class test:0.00000
=> saved checkpoint 'checkpoints_CNN/mnist_classif_ratio_variacnce_intra_6_7/last' (iter 1410, epoch 6.0)
=> saved checkpoint 'checkpoint_scores_CNN/mnist_classif_ratio_variacnce_intra_6_7/last' (iter 1410, epoch 6.0)
EarlyStopping counter: 1 out of 10
[Save Checkpoint] epoch: [6.0], Train score:97.45500, Test score:97.37000, train loss:-0.97034, test loss:-0.97084, ratio_train_loss:1.18515,ratio_test_loss:1.14393, total_loss_train:0.21481,total_loss_test:0.17310, var distance inter class train:0.00000,var distance inter class test:0.00000
=> saved checkpoint 'checkpoints_CNN/mnist_classif_ratio_variacnce_intra_6_7/last' (iter 1645, epoch 7.0)
=> saved checkpoint 'checkpoint_scores_CNN/mnist_classif_ratio_variacnce_intra_6_7/last' (iter 1645, epoch 7.0)
[Save Checkpoint] epoch: [7.0], Train score:97.54500, Test score:97.53000, train loss:-0.97250, test loss:-0.97270, ratio_train_loss:1.12391,ratio_test_loss:1.07924, total_loss_train:0.15141,total_loss_test:0.10655, var distance inter class train:0.00000,var distance inter class test:0.00000
=> saved checkpoint 'checkpoints_CNN/mnist_classif_ratio_variacnce_intra_6_7/last' (iter 1880, epoch 8.0)
=> saved checkpoint 'checkpoint_scores_CNN/mnist_classif_ratio_variacnce_intra_6_7/last' (iter 1880, epoch 8.0)
EarlyStopping counter: 1 out of 10
[Save Checkpoint] epoch: [8.0], Train score:97.59333, Test score:97.65000, train loss:-0.97362, test loss:-0.97404, ratio_train_loss:1.35194,ratio_test_loss:1.40183, total_loss_train:0.37833,total_loss_test:0.42779, var distance inter class train:0.00000,var distance inter class test:0.00000
=> saved checkpoint 'checkpoints_CNN/mnist_classif_ratio_variacnce_intra_6_7/last' (iter 2115, epoch 9.0)
=> saved checkpoint 'checkpoint_scores_CNN/mnist_classif_ratio_variacnce_intra_6_7/last' (iter 2115, epoch 9.0)
EarlyStopping counter: 2 out of 10
[Save Checkpoint] epoch: [9.0], Train score:97.66833, Test score:97.52000, train loss:-0.97474, test loss:-0.97405, ratio_train_loss:1.13843,ratio_test_loss:1.11910, total_loss_train:0.16369,total_loss_test:0.14505, var distance inter class train:0.00000,var distance inter class test:0.00000
=> saved checkpoint 'checkpoints_CNN/mnist_classif_ratio_variacnce_intra_6_7/last' (iter 2350, epoch 10.0)
=> saved checkpoint 'checkpoint_scores_CNN/mnist_classif_ratio_variacnce_intra_6_7/last' (iter 2350, epoch 10.0)
EarlyStopping counter: 3 out of 10
[Save Checkpoint] epoch: [10.0], Train score:97.92667, Test score:97.90000, train loss:-0.97760, test loss:-0.97764, ratio_train_loss:1.23101,ratio_test_loss:1.16349, total_loss_train:0.25341,total_loss_test:0.18585, var distance inter class train:0.00000,var distance inter class test:0.00000
=> saved checkpoint 'checkpoints_CNN/mnist_classif_ratio_variacnce_intra_6_7/last' (iter 2585, epoch 11.0)
=> saved checkpoint 'checkpoint_scores_CNN/mnist_classif_ratio_variacnce_intra_6_7/last' (iter 2585, epoch 11.0)
[Save Checkpoint] epoch: [11.0], Train score:97.86667, Test score:97.51000, train loss:-0.97692, test loss:-0.97452, ratio_train_loss:1.07793,ratio_test_loss:1.02418, total_loss_train:0.10101,total_loss_test:0.04966, var distance inter class train:0.00000,var distance inter class test:0.00000
Ratio: In this batch for class 5, they are less images than 10. Don't use it to compute ratio!!!!
=> saved checkpoint 'checkpoints_CNN/mnist_classif_ratio_variacnce_intra_6_7/last' (iter 2820, epoch 12.0)
=> saved checkpoint 'checkpoint_scores_CNN/mnist_classif_ratio_variacnce_intra_6_7/last' (iter 2820, epoch 12.0)
EarlyStopping counter: 1 out of 10
[Save Checkpoint] epoch: [12.0], Train score:97.96833, Test score:97.86000, train loss:-0.97840, test loss:-0.97766, ratio_train_loss:1.15109,ratio_test_loss:1.14320, total_loss_train:0.17269,total_loss_test:0.16555, var distance inter class train:0.00000,var distance inter class test:0.00000
=> saved checkpoint 'checkpoints_CNN/mnist_classif_ratio_variacnce_intra_6_7/last' (iter 3055, epoch 13.0)
=> saved checkpoint 'checkpoint_scores_CNN/mnist_classif_ratio_variacnce_intra_6_7/last' (iter 3055, epoch 13.0)
[Save Checkpoint] epoch: [13.0], Train score:98.03500, Test score:98.02000, train loss:-0.97930, test loss:-0.97876, ratio_train_loss:1.07722,ratio_test_loss:1.02708, total_loss_train:0.09792,total_loss_test:0.04832, var distance inter class train:0.00000,var distance inter class test:0.00000
=> saved checkpoint 'checkpoints_CNN/mnist_classif_ratio_variacnce_intra_6_7/last' (iter 3290, epoch 14.0)
=> saved checkpoint 'checkpoint_scores_CNN/mnist_classif_ratio_variacnce_intra_6_7/last' (iter 3290, epoch 14.0)
EarlyStopping counter: 1 out of 10
[Save Checkpoint] epoch: [14.0], Train score:98.04667, Test score:97.75000, train loss:-0.97943, test loss:-0.97643, ratio_train_loss:1.09645,ratio_test_loss:1.04486, total_loss_train:0.11702,total_loss_test:0.06843, var distance inter class train:0.00000,var distance inter class test:0.00000
=> saved checkpoint 'checkpoints_CNN/mnist_classif_ratio_variacnce_intra_6_7/last' (iter 3525, epoch 15.0)
=> saved checkpoint 'checkpoint_scores_CNN/mnist_classif_ratio_variacnce_intra_6_7/last' (iter 3525, epoch 15.0)
EarlyStopping counter: 2 out of 10
[Save Checkpoint] epoch: [15.0], Train score:97.90500, Test score:97.76000, train loss:-0.97794, test loss:-0.97709, ratio_train_loss:1.08838,ratio_test_loss:1.03333, total_loss_train:0.11044,total_loss_test:0.05624, var distance inter class train:0.00000,var distance inter class test:0.00000
=> saved checkpoint 'checkpoints_CNN/mnist_classif_ratio_variacnce_intra_6_7/last' (iter 3760, epoch 16.0)
=> saved checkpoint 'checkpoint_scores_CNN/mnist_classif_ratio_variacnce_intra_6_7/last' (iter 3760, epoch 16.0)
EarlyStopping counter: 3 out of 10
[Save Checkpoint] epoch: [16.0], Train score:98.06500, Test score:98.03000, train loss:-0.97978, test loss:-0.97944, ratio_train_loss:1.16125,ratio_test_loss:1.09133, total_loss_train:0.18148,total_loss_test:0.11190, var distance inter class train:0.00000,var distance inter class test:0.00000
Ratio: In this batch for class 5, they are less images than 10. Don't use it to compute ratio!!!!
=> saved checkpoint 'checkpoints_CNN/mnist_classif_ratio_variacnce_intra_6_7/last' (iter 3995, epoch 17.0)
=> saved checkpoint 'checkpoint_scores_CNN/mnist_classif_ratio_variacnce_intra_6_7/last' (iter 3995, epoch 17.0)
EarlyStopping counter: 4 out of 10
[Save Checkpoint] epoch: [17.0], Train score:98.35667, Test score:98.08000, train loss:-0.98277, test loss:-0.98013, ratio_train_loss:1.13724,ratio_test_loss:1.07714, total_loss_train:0.15446,total_loss_test:0.09701, var distance inter class train:0.00000,var distance inter class test:0.00000
Ratio: In this batch for class 4, they are less images than 10. Don't use it to compute ratio!!!!
=> saved checkpoint 'checkpoints_CNN/mnist_classif_ratio_variacnce_intra_6_7/last' (iter 4230, epoch 18.0)
=> saved checkpoint 'checkpoint_scores_CNN/mnist_classif_ratio_variacnce_intra_6_7/last' (iter 4230, epoch 18.0)
[Save Checkpoint] epoch: [18.0], Train score:98.08833, Test score:98.02000, train loss:-0.98009, test loss:-0.97956, ratio_train_loss:0.98350,ratio_test_loss:0.93841, total_loss_train:0.00341,total_loss_test:-0.04114, var distance inter class train:0.00000,var distance inter class test:0.00000
=> saved checkpoint 'checkpoints_CNN/mnist_classif_ratio_variacnce_intra_6_7/last' (iter 4465, epoch 19.0)
=> saved checkpoint 'checkpoint_scores_CNN/mnist_classif_ratio_variacnce_intra_6_7/last' (iter 4465, epoch 19.0)
[Save Checkpoint] epoch: [19.0], Train score:98.20167, Test score:97.81000, train loss:-0.98124, test loss:-0.97787, ratio_train_loss:0.96737,ratio_test_loss:0.92650, total_loss_train:-0.01387,total_loss_test:-0.05137, var distance inter class train:0.00000,var distance inter class test:0.00000
=> saved checkpoint 'checkpoints_CNN/mnist_classif_ratio_variacnce_intra_6_7/last' (iter 4700, epoch 20.0)
=> saved checkpoint 'checkpoint_scores_CNN/mnist_classif_ratio_variacnce_intra_6_7/last' (iter 4700, epoch 20.0)
EarlyStopping counter: 1 out of 10
[Save Checkpoint] epoch: [20.0], Train score:98.38333, Test score:98.28000, train loss:-0.98334, test loss:-0.98251, ratio_train_loss:0.97371,ratio_test_loss:0.93207, total_loss_train:-0.00963,total_loss_test:-0.05045, var distance inter class train:0.00000,var distance inter class test:0.00000
=> saved checkpoint 'checkpoints_CNN/mnist_classif_ratio_variacnce_intra_6_7/last' (iter 4935, epoch 21.0)
=> saved checkpoint 'checkpoint_scores_CNN/mnist_classif_ratio_variacnce_intra_6_7/last' (iter 4935, epoch 21.0)
[Save Checkpoint] epoch: [21.0], Train score:98.20167, Test score:98.00000, train loss:-0.98133, test loss:-0.97987, ratio_train_loss:0.96398,ratio_test_loss:0.92287, total_loss_train:-0.01735,total_loss_test:-0.05700, var distance inter class train:0.00000,var distance inter class test:0.00000
Ratio: In this batch for class 0, they are less images than 10. Don't use it to compute ratio!!!!
Ratio: In this batch for class 4, they are less images than 10. Don't use it to compute ratio!!!!
=> saved checkpoint 'checkpoints_CNN/mnist_classif_ratio_variacnce_intra_6_7/last' (iter 5170, epoch 22.0)
=> saved checkpoint 'checkpoint_scores_CNN/mnist_classif_ratio_variacnce_intra_6_7/last' (iter 5170, epoch 22.0)
EarlyStopping counter: 1 out of 10
[Save Checkpoint] epoch: [22.0], Train score:98.38500, Test score:98.14000, train loss:-0.98319, test loss:-0.98126, ratio_train_loss:1.09702,ratio_test_loss:1.02841, total_loss_train:0.11384,total_loss_test:0.04715, var distance inter class train:0.00000,var distance inter class test:0.00000
=> saved checkpoint 'checkpoints_CNN/mnist_classif_ratio_variacnce_intra_6_7/last' (iter 5405, epoch 23.0)
=> saved checkpoint 'checkpoint_scores_CNN/mnist_classif_ratio_variacnce_intra_6_7/last' (iter 5405, epoch 23.0)
EarlyStopping counter: 2 out of 10
[Save Checkpoint] epoch: [23.0], Train score:98.24000, Test score:97.89000, train loss:-0.98180, test loss:-0.97892, ratio_train_loss:1.04614,ratio_test_loss:0.99299, total_loss_train:0.06434,total_loss_test:0.01407, var distance inter class train:0.00000,var distance inter class test:0.00000
=> saved checkpoint 'checkpoints_CNN/mnist_classif_ratio_variacnce_intra_6_7/last' (iter 5640, epoch 24.0)
=> saved checkpoint 'checkpoint_scores_CNN/mnist_classif_ratio_variacnce_intra_6_7/last' (iter 5640, epoch 24.0)
EarlyStopping counter: 3 out of 10
[Save Checkpoint] epoch: [24.0], Train score:98.48500, Test score:98.28000, train loss:-0.98434, test loss:-0.98260, ratio_train_loss:1.09631,ratio_test_loss:1.05211, total_loss_train:0.11198,total_loss_test:0.06952, var distance inter class train:0.00000,var distance inter class test:0.00000
=> saved checkpoint 'checkpoints_CNN/mnist_classif_ratio_variacnce_intra_6_7/last' (iter 5875, epoch 25.0)
=> saved checkpoint 'checkpoint_scores_CNN/mnist_classif_ratio_variacnce_intra_6_7/last' (iter 5875, epoch 25.0)
EarlyStopping counter: 4 out of 10
[Save Checkpoint] epoch: [25.0], Train score:98.47500, Test score:98.20000, train loss:-0.98417, test loss:-0.98225, ratio_train_loss:0.97349,ratio_test_loss:0.93754, total_loss_train:-0.01069,total_loss_test:-0.04471, var distance inter class train:0.00000,var distance inter class test:0.00000
=> saved checkpoint 'checkpoints_CNN/mnist_classif_ratio_variacnce_intra_6_7/last' (iter 6110, epoch 26.0)
=> saved checkpoint 'checkpoint_scores_CNN/mnist_classif_ratio_variacnce_intra_6_7/last' (iter 6110, epoch 26.0)
EarlyStopping counter: 5 out of 10
[Save Checkpoint] epoch: [26.0], Train score:98.36167, Test score:98.17000, train loss:-0.98301, test loss:-0.98206, ratio_train_loss:0.96898,ratio_test_loss:0.92886, total_loss_train:-0.01402,total_loss_test:-0.05320, var distance inter class train:0.00000,var distance inter class test:0.00000
=> saved checkpoint 'checkpoints_CNN/mnist_classif_ratio_variacnce_intra_6_7/last' (iter 6345, epoch 27.0)
=> saved checkpoint 'checkpoint_scores_CNN/mnist_classif_ratio_variacnce_intra_6_7/last' (iter 6345, epoch 27.0)
[Save Checkpoint] epoch: [27.0], Train score:98.37833, Test score:98.02000, train loss:-0.98346, test loss:-0.98034, ratio_train_loss:0.95279,ratio_test_loss:0.91794, total_loss_train:-0.03067,total_loss_test:-0.06240, var distance inter class train:0.00000,var distance inter class test:0.00000
=> saved checkpoint 'checkpoints_CNN/mnist_classif_ratio_variacnce_intra_6_7/last' (iter 6580, epoch 28.0)
=> saved checkpoint 'checkpoint_scores_CNN/mnist_classif_ratio_variacnce_intra_6_7/last' (iter 6580, epoch 28.0)
EarlyStopping counter: 1 out of 10
[Save Checkpoint] epoch: [28.0], Train score:98.58500, Test score:98.23000, train loss:-0.98537, test loss:-0.98211, ratio_train_loss:0.97547,ratio_test_loss:0.94972, total_loss_train:-0.00991,total_loss_test:-0.03239, var distance inter class train:0.00000,var distance inter class test:0.00000
=> saved checkpoint 'checkpoints_CNN/mnist_classif_ratio_variacnce_intra_6_7/last' (iter 6815, epoch 29.0)
=> saved checkpoint 'checkpoint_scores_CNN/mnist_classif_ratio_variacnce_intra_6_7/last' (iter 6815, epoch 29.0)
[Save Checkpoint] epoch: [29.0], Train score:98.44833, Test score:98.20000, train loss:-0.98408, test loss:-0.98173, ratio_train_loss:0.95162,ratio_test_loss:0.91893, total_loss_train:-0.03246,total_loss_test:-0.06279, var distance inter class train:0.00000,var distance inter class test:0.00000
=> saved checkpoint 'checkpoints_CNN/mnist_classif_ratio_variacnce_intra_6_7/last' (iter 7050, epoch 30.0)
=> saved checkpoint 'checkpoint_scores_CNN/mnist_classif_ratio_variacnce_intra_6_7/last' (iter 7050, epoch 30.0)
EarlyStopping counter: 1 out of 10
[Save Checkpoint] epoch: [30.0], Train score:98.45167, Test score:98.07000, train loss:-0.98412, test loss:-0.98108, ratio_train_loss:0.96458,ratio_test_loss:0.92899, total_loss_train:-0.01954,total_loss_test:-0.05209, var distance inter class train:0.00000,var distance inter class test:0.00000
=> saved checkpoint 'checkpoints_CNN/mnist_classif_ratio_variacnce_intra_6_7/last' (iter 7285, epoch 31.0)
=> saved checkpoint 'checkpoint_scores_CNN/mnist_classif_ratio_variacnce_intra_6_7/last' (iter 7285, epoch 31.0)
[Save Checkpoint] epoch: [31.0], Train score:98.50667, Test score:98.42000, train loss:-0.98476, test loss:-0.98404, ratio_train_loss:0.92402,ratio_test_loss:0.88615, total_loss_train:-0.06074,total_loss_test:-0.09789, var distance inter class train:0.00000,var distance inter class test:0.00000
=> saved checkpoint 'checkpoints_CNN/mnist_classif_ratio_variacnce_intra_6_7/last' (iter 7520, epoch 32.0)
=> saved checkpoint 'checkpoint_scores_CNN/mnist_classif_ratio_variacnce_intra_6_7/last' (iter 7520, epoch 32.0)
EarlyStopping counter: 1 out of 10
[Save Checkpoint] epoch: [32.0], Train score:98.45833, Test score:98.22000, train loss:-0.98424, test loss:-0.98222, ratio_train_loss:0.97288,ratio_test_loss:0.93052, total_loss_train:-0.01136,total_loss_test:-0.05171, var distance inter class train:0.00000,var distance inter class test:0.00000
=> saved checkpoint 'checkpoints_CNN/mnist_classif_ratio_variacnce_intra_6_7/last' (iter 7755, epoch 33.0)
=> saved checkpoint 'checkpoint_scores_CNN/mnist_classif_ratio_variacnce_intra_6_7/last' (iter 7755, epoch 33.0)
[Save Checkpoint] epoch: [33.0], Train score:98.47500, Test score:98.43000, train loss:-0.98441, test loss:-0.98373, ratio_train_loss:0.93461,ratio_test_loss:0.88562, total_loss_train:-0.04980,total_loss_test:-0.09812, var distance inter class train:0.00000,var distance inter class test:0.00000
=> saved checkpoint 'checkpoints_CNN/mnist_classif_ratio_variacnce_intra_6_7/last' (iter 7990, epoch 34.0)
=> saved checkpoint 'checkpoint_scores_CNN/mnist_classif_ratio_variacnce_intra_6_7/last' (iter 7990, epoch 34.0)
[Save Checkpoint] epoch: [34.0], Train score:98.61667, Test score:98.20000, train loss:-0.98589, test loss:-0.98236, ratio_train_loss:0.92952,ratio_test_loss:0.88363, total_loss_train:-0.05637,total_loss_test:-0.09874, var distance inter class train:0.00000,var distance inter class test:0.00000
=> saved checkpoint 'checkpoints_CNN/mnist_classif_ratio_variacnce_intra_6_7/last' (iter 8225, epoch 35.0)
=> saved checkpoint 'checkpoint_scores_CNN/mnist_classif_ratio_variacnce_intra_6_7/last' (iter 8225, epoch 35.0)
EarlyStopping counter: 1 out of 10
[Save Checkpoint] epoch: [35.0], Train score:98.59000, Test score:98.17000, train loss:-0.98542, test loss:-0.98199, ratio_train_loss:0.93543,ratio_test_loss:0.89338, total_loss_train:-0.04999,total_loss_test:-0.08861, var distance inter class train:0.00000,var distance inter class test:0.00000
=> saved checkpoint 'checkpoints_CNN/mnist_classif_ratio_variacnce_intra_6_7/last' (iter 8460, epoch 36.0)
=> saved checkpoint 'checkpoint_scores_CNN/mnist_classif_ratio_variacnce_intra_6_7/last' (iter 8460, epoch 36.0)
EarlyStopping counter: 2 out of 10
[Save Checkpoint] epoch: [36.0], Train score:98.57500, Test score:98.19000, train loss:-0.98534, test loss:-0.98197, ratio_train_loss:0.93453,ratio_test_loss:0.90215, total_loss_train:-0.05081,total_loss_test:-0.07981, var distance inter class train:0.00000,var distance inter class test:0.00000
=> saved checkpoint 'checkpoints_CNN/mnist_classif_ratio_variacnce_intra_6_7/last' (iter 8695, epoch 37.0)
