248
--dataset mnist --model CNN --gpu_devices 0 1 --max_iter 50 --batch_size 256 --ckpt_dir checkpoints_CNN --ckpt_dir_scores checkpoint_scores_CNN --use_scheduler True --GMP True --lr 1e-3 --z_struct_size 20 --add_classification_layer True --classif_layer_size 30 --is_default_model False --is_custom_model False --is_custom_model_BK True --big_kernel_size 8 --two_conv_layer True --three_conv_layer False --BK_in_first_layer True --BK_in_second_layer False --BK_in_third_layer False --stride_size 1 --hidden_filters_layer1 32 --hidden_filters_layer2 32 --hidden_filters_layer3 32 --ratio_reg True --lambda_ratio_reg 0.0001 --lambda_class 1 --other_ratio False --loss_min_distance_cl False --lambda_var_distance 1 --intra_class_variance_loss True --lambda_intra_class_var 0.01 --contrastive_loss False --lambda_contrastive_loss 1 --alpha 32 --loss Proxy_Anchor --optimizer adamw --mrg 0.1 --IPC False --warm 1 --sz_embedding 32 --dataset_balanced True --exp_name mnist_classif_ratio_variacnce_intra_4_6_balanced_dataset
Namespace(BK_in_first_layer=True, BK_in_second_layer=False, BK_in_third_layer=False, BN=False, C_max=25, C_stop_iter=100000.0, E1_AE=False, E1_VAE=False, E1_conv=False, E1_dense=False, E1_second_conv=False, E1_second_conv_adapt=False, GMP=True, IPC=False, L1_norm_act=False, L1_norm_weights=False, L3_without_random=False, LOG_DIR='logs', adapt_lr=False, add_classification_layer=True, add_linear_after_GMP=True, add_z_struct_bottleneck=False, alpha=32.0, batch_size=256, beta=1, beta1=0.9, beta2=0.999, big_kernel=False, big_kernel_size=[8], binary_z=False, ckpt_dir='checkpoints_CNN', ckpt_dir_scores='checkpoint_scores_CNN', classif_layer_size=30, contrastive_loss=False, cuda=True, dataset='mnist', dataset_balanced=True, display_step=10000, dset_dir='data', exp_name='mnist_classif_ratio_variacnce_intra_4_6_balanced_dataset', gamma=1000, gpu_devices=[0, 1], hidden_filters_layer1=32, hidden_filters_layer2=32, hidden_filters_layer3=32, image_size=64, intra_class_variance_loss=True, is_C=True, is_E1=False, is_binary_structural_latent=False, is_custom_model=False, is_custom_model_BK=True, is_default_model=False, is_noise_stats=False, is_partial_rand_class=False, is_perturbed_score=False, is_zvar_sim_loss=False, just_train=False, kernel_size=4, lambda_Kl_struct=1, lambda_Kl_var=1, lambda_L1=0.01, lambda_VAE=1, lambda_class=1.0, lambda_contrastive_loss=1.0, lambda_distance_mean=1, lambda_intra_class_var=0.01, lambda_partial_class=1, lambda_ratio_reg=0.0001, lambda_recon_wt_rand=1, lambda_recons=1, lambda_var_distance=1.0, lambda_zvar_sim=1, latent_spec_cont=None, latent_spec_cont_class=None, latent_spec_cont_var=None, latent_spec_disc=None, latent_spec_disc_class=None, latent_spec_disc_var=None, log_level='info', loss='Proxy_Anchor', loss_distance_mean=False, loss_min_distance_cl=False, lr=0.001, max_iter=50.0, model='CNN', mrg=0.1, num_workers=2, old_weighted=False, optimizer='adamw', other_ratio=False, random_percentage=0.2, ratio_reg=True, remark='', save_step=10000, second_layer_C=False, seed=1, stride_size=1, sz_embedding=32, three_conv_layer=False, train=True, two_conv_layer=True, two_encoder=False, use_early_stopping=True, use_scheduler=True, warm=1, without_acc=False, z_struct_size=20, zeros_W_Classif=False, zvar_sim_change_zvar=False, zvar_sim_loss_for_all_model=False, zvar_sim_loss_only_for_encoder=False, zvar_sim_normal=False, zvar_sim_var_rand=False)
CUDA Visible devices !
Balanced samples per class
Custom_CNN_BK(
  (net): Sequential(
    (0): Conv2d(1, 32, kernel_size=(8, 8), stride=(1, 1))
    (1): BatchNorm2d(32, eps=1e-05, momentum=0.1, affine=True, track_running_stats=True)
    (2): ReLU(inplace=True)
    (3): Conv2d(32, 32, kernel_size=(4, 4), stride=(1, 1))
    (4): BatchNorm2d(32, eps=1e-05, momentum=0.1, affine=True, track_running_stats=True)
    (5): ReLU(inplace=True)
    (6): AdaptiveMaxPool2d(output_size=(1, 1))
    (7): View()
    (8): Linear(in_features=32, out_features=20, bias=True)
    (9): BatchNorm1d(20, eps=1e-05, momentum=0.1, affine=True, track_running_stats=True)
    (10): ReLU(inplace=True)
    (11): Dropout(p=0.4, inplace=False)
    (12): Linear(in_features=20, out_features=30, bias=True)
    (13): BatchNorm1d(30, eps=1e-05, momentum=0.1, affine=True, track_running_stats=True)
    (14): ReLU(inplace=True)
    (15): Dropout(p=0.4, inplace=False)
    (16): Linear(in_features=30, out_features=10, bias=True)
    (17): Softmax(dim=None)
  )
)
The number of parameters of model is 20324
use 1 gpu who named: Tesla K80
=> loaded sample_scores and losses
=> no checkpoint found at 'checkpoints_CNN/mnist_classif_ratio_variacnce_intra_4_6_balanced_dataset/last'
=> saved checkpoint 'checkpoints_CNN/mnist_classif_ratio_variacnce_intra_4_6_balanced_dataset/last' (iter 264, epoch 1.0)
=> saved checkpoint 'checkpoint_scores_CNN/mnist_classif_ratio_variacnce_intra_4_6_balanced_dataset/last' (iter 264, epoch 1.0)
[Save Checkpoint] epoch: [1.0], Train score:93.81167, Test score:83.20000, train loss:-0.75011, test loss:-0.74925, ratio_train_loss:1.77030,ratio_test_loss:1.75819, total_loss_train:1.02019,total_loss_test:1.00894, var distance inter class train:0.00000,var distance inter class test:0.00000
=> saved checkpoint 'checkpoints_CNN/mnist_classif_ratio_variacnce_intra_4_6_balanced_dataset/last' (iter 528, epoch 2.0)
=> saved checkpoint 'checkpoint_scores_CNN/mnist_classif_ratio_variacnce_intra_4_6_balanced_dataset/last' (iter 528, epoch 2.0)
[Save Checkpoint] epoch: [2.0], Train score:106.96667, Test score:95.51000, train loss:-0.92880, test loss:-0.93294, ratio_train_loss:1.37523,ratio_test_loss:1.32142, total_loss_train:0.44644,total_loss_test:0.38848, var distance inter class train:0.00000,var distance inter class test:0.00000
=> saved checkpoint 'checkpoints_CNN/mnist_classif_ratio_variacnce_intra_4_6_balanced_dataset/last' (iter 792, epoch 3.0)
=> saved checkpoint 'checkpoint_scores_CNN/mnist_classif_ratio_variacnce_intra_4_6_balanced_dataset/last' (iter 792, epoch 3.0)
[Save Checkpoint] epoch: [3.0], Train score:108.51667, Test score:96.72000, train loss:-0.95694, test loss:-0.95954, ratio_train_loss:1.20304,ratio_test_loss:1.16537, total_loss_train:0.24610,total_loss_test:0.20583, var distance inter class train:0.00000,var distance inter class test:0.00000
=> saved checkpoint 'checkpoints_CNN/mnist_classif_ratio_variacnce_intra_4_6_balanced_dataset/last' (iter 1056, epoch 4.0)
=> saved checkpoint 'checkpoint_scores_CNN/mnist_classif_ratio_variacnce_intra_4_6_balanced_dataset/last' (iter 1056, epoch 4.0)
[Save Checkpoint] epoch: [4.0], Train score:109.11167, Test score:97.28000, train loss:-0.96542, test loss:-0.96763, ratio_train_loss:1.11933,ratio_test_loss:1.07601, total_loss_train:0.15391,total_loss_test:0.10838, var distance inter class train:0.00000,var distance inter class test:0.00000
=> saved checkpoint 'checkpoints_CNN/mnist_classif_ratio_variacnce_intra_4_6_balanced_dataset/last' (iter 1320, epoch 5.0)
=> saved checkpoint 'checkpoint_scores_CNN/mnist_classif_ratio_variacnce_intra_4_6_balanced_dataset/last' (iter 1320, epoch 5.0)
EarlyStopping counter: 1 out of 10
[Save Checkpoint] epoch: [5.0], Train score:109.48833, Test score:97.65000, train loss:-0.97088, test loss:-0.97301, ratio_train_loss:1.11782,ratio_test_loss:1.10197, total_loss_train:0.14695,total_loss_test:0.12896, var distance inter class train:0.00000,var distance inter class test:0.00000
=> saved checkpoint 'checkpoints_CNN/mnist_classif_ratio_variacnce_intra_4_6_balanced_dataset/last' (iter 1584, epoch 6.0)
=> saved checkpoint 'checkpoint_scores_CNN/mnist_classif_ratio_variacnce_intra_4_6_balanced_dataset/last' (iter 1584, epoch 6.0)
[Save Checkpoint] epoch: [6.0], Train score:109.41333, Test score:97.51000, train loss:-0.97068, test loss:-0.97249, ratio_train_loss:0.98774,ratio_test_loss:0.96393, total_loss_train:0.01706,total_loss_test:-0.00855, var distance inter class train:0.00000,var distance inter class test:0.00000
=> saved checkpoint 'checkpoints_CNN/mnist_classif_ratio_variacnce_intra_4_6_balanced_dataset/last' (iter 1848, epoch 7.0)
=> saved checkpoint 'checkpoint_scores_CNN/mnist_classif_ratio_variacnce_intra_4_6_balanced_dataset/last' (iter 1848, epoch 7.0)
[Save Checkpoint] epoch: [7.0], Train score:109.98500, Test score:97.99000, train loss:-0.97655, test loss:-0.97753, ratio_train_loss:0.94292,ratio_test_loss:0.91993, total_loss_train:-0.03363,total_loss_test:-0.05760, var distance inter class train:0.00000,var distance inter class test:0.00000
=> saved checkpoint 'checkpoints_CNN/mnist_classif_ratio_variacnce_intra_4_6_balanced_dataset/last' (iter 2112, epoch 8.0)
=> saved checkpoint 'checkpoint_scores_CNN/mnist_classif_ratio_variacnce_intra_4_6_balanced_dataset/last' (iter 2112, epoch 8.0)
[Save Checkpoint] epoch: [8.0], Train score:109.61500, Test score:97.56000, train loss:-0.97366, test loss:-0.97422, ratio_train_loss:0.88426,ratio_test_loss:0.85826, total_loss_train:-0.08939,total_loss_test:-0.11596, var distance inter class train:0.00000,var distance inter class test:0.00000
=> saved checkpoint 'checkpoints_CNN/mnist_classif_ratio_variacnce_intra_4_6_balanced_dataset/last' (iter 2376, epoch 9.0)
=> saved checkpoint 'checkpoint_scores_CNN/mnist_classif_ratio_variacnce_intra_4_6_balanced_dataset/last' (iter 2376, epoch 9.0)
EarlyStopping counter: 1 out of 10
[Save Checkpoint] epoch: [9.0], Train score:109.85000, Test score:97.74000, train loss:-0.97602, test loss:-0.97633, ratio_train_loss:0.89298,ratio_test_loss:0.87085, total_loss_train:-0.08304,total_loss_test:-0.10548, var distance inter class train:0.00000,var distance inter class test:0.00000
=> saved checkpoint 'checkpoints_CNN/mnist_classif_ratio_variacnce_intra_4_6_balanced_dataset/last' (iter 2640, epoch 10.0)
=> saved checkpoint 'checkpoint_scores_CNN/mnist_classif_ratio_variacnce_intra_4_6_balanced_dataset/last' (iter 2640, epoch 10.0)
EarlyStopping counter: 2 out of 10
[Save Checkpoint] epoch: [10.0], Train score:110.06500, Test score:97.75000, train loss:-0.97792, test loss:-0.97658, ratio_train_loss:0.89344,ratio_test_loss:0.86637, total_loss_train:-0.08447,total_loss_test:-0.11021, var distance inter class train:0.00000,var distance inter class test:0.00000
=> saved checkpoint 'checkpoints_CNN/mnist_classif_ratio_variacnce_intra_4_6_balanced_dataset/last' (iter 2904, epoch 11.0)
=> saved checkpoint 'checkpoint_scores_CNN/mnist_classif_ratio_variacnce_intra_4_6_balanced_dataset/last' (iter 2904, epoch 11.0)
[Save Checkpoint] epoch: [11.0], Train score:110.13000, Test score:97.80000, train loss:-0.97890, test loss:-0.97729, ratio_train_loss:0.86572,ratio_test_loss:0.84044, total_loss_train:-0.11318,total_loss_test:-0.13684, var distance inter class train:0.00000,var distance inter class test:0.00000
=> saved checkpoint 'checkpoints_CNN/mnist_classif_ratio_variacnce_intra_4_6_balanced_dataset/last' (iter 3168, epoch 12.0)
=> saved checkpoint 'checkpoint_scores_CNN/mnist_classif_ratio_variacnce_intra_4_6_balanced_dataset/last' (iter 3168, epoch 12.0)
[Save Checkpoint] epoch: [12.0], Train score:110.35167, Test score:97.94000, train loss:-0.98085, test loss:-0.97854, ratio_train_loss:0.83758,ratio_test_loss:0.82259, total_loss_train:-0.14328,total_loss_test:-0.15595, var distance inter class train:0.00000,var distance inter class test:0.00000
=> saved checkpoint 'checkpoints_CNN/mnist_classif_ratio_variacnce_intra_4_6_balanced_dataset/last' (iter 3432, epoch 13.0)
=> saved checkpoint 'checkpoint_scores_CNN/mnist_classif_ratio_variacnce_intra_4_6_balanced_dataset/last' (iter 3432, epoch 13.0)
EarlyStopping counter: 1 out of 10
[Save Checkpoint] epoch: [13.0], Train score:110.37500, Test score:97.92000, train loss:-0.98109, test loss:-0.97833, ratio_train_loss:0.88287,ratio_test_loss:0.85667, total_loss_train:-0.09821,total_loss_test:-0.12166, var distance inter class train:0.00000,var distance inter class test:0.00000
=> saved checkpoint 'checkpoints_CNN/mnist_classif_ratio_variacnce_intra_4_6_balanced_dataset/last' (iter 3696, epoch 14.0)
=> saved checkpoint 'checkpoint_scores_CNN/mnist_classif_ratio_variacnce_intra_4_6_balanced_dataset/last' (iter 3696, epoch 14.0)
EarlyStopping counter: 2 out of 10
[Save Checkpoint] epoch: [14.0], Train score:110.27167, Test score:97.90000, train loss:-0.98039, test loss:-0.97878, ratio_train_loss:0.86647,ratio_test_loss:0.85011, total_loss_train:-0.11392,total_loss_test:-0.12867, var distance inter class train:0.00000,var distance inter class test:0.00000
=> saved checkpoint 'checkpoints_CNN/mnist_classif_ratio_variacnce_intra_4_6_balanced_dataset/last' (iter 3960, epoch 15.0)
=> saved checkpoint 'checkpoint_scores_CNN/mnist_classif_ratio_variacnce_intra_4_6_balanced_dataset/last' (iter 3960, epoch 15.0)
[Save Checkpoint] epoch: [15.0], Train score:110.36833, Test score:98.07000, train loss:-0.98141, test loss:-0.98022, ratio_train_loss:0.82664,ratio_test_loss:0.81171, total_loss_train:-0.15478,total_loss_test:-0.16850, var distance inter class train:0.00000,var distance inter class test:0.00000
=> saved checkpoint 'checkpoints_CNN/mnist_classif_ratio_variacnce_intra_4_6_balanced_dataset/last' (iter 4224, epoch 16.0)
=> saved checkpoint 'checkpoint_scores_CNN/mnist_classif_ratio_variacnce_intra_4_6_balanced_dataset/last' (iter 4224, epoch 16.0)
EarlyStopping counter: 1 out of 10
[Save Checkpoint] epoch: [16.0], Train score:110.44500, Test score:98.03000, train loss:-0.98203, test loss:-0.97993, ratio_train_loss:0.84638,ratio_test_loss:0.82524, total_loss_train:-0.13565,total_loss_test:-0.15470, var distance inter class train:0.00000,var distance inter class test:0.00000
=> saved checkpoint 'checkpoints_CNN/mnist_classif_ratio_variacnce_intra_4_6_balanced_dataset/last' (iter 4488, epoch 17.0)
=> saved checkpoint 'checkpoint_scores_CNN/mnist_classif_ratio_variacnce_intra_4_6_balanced_dataset/last' (iter 4488, epoch 17.0)
EarlyStopping counter: 2 out of 10
[Save Checkpoint] epoch: [17.0], Train score:110.34667, Test score:98.03000, train loss:-0.98107, test loss:-0.97963, ratio_train_loss:0.85886,ratio_test_loss:0.84015, total_loss_train:-0.12221,total_loss_test:-0.13947, var distance inter class train:0.00000,var distance inter class test:0.00000
=> saved checkpoint 'checkpoints_CNN/mnist_classif_ratio_variacnce_intra_4_6_balanced_dataset/last' (iter 4752, epoch 18.0)
=> saved checkpoint 'checkpoint_scores_CNN/mnist_classif_ratio_variacnce_intra_4_6_balanced_dataset/last' (iter 4752, epoch 18.0)
[Save Checkpoint] epoch: [18.0], Train score:110.35667, Test score:98.09000, train loss:-0.98127, test loss:-0.98012, ratio_train_loss:0.82883,ratio_test_loss:0.81124, total_loss_train:-0.15244,total_loss_test:-0.16888, var distance inter class train:0.00000,var distance inter class test:0.00000
=> saved checkpoint 'checkpoints_CNN/mnist_classif_ratio_variacnce_intra_4_6_balanced_dataset/last' (iter 5016, epoch 19.0)
=> saved checkpoint 'checkpoint_scores_CNN/mnist_classif_ratio_variacnce_intra_4_6_balanced_dataset/last' (iter 5016, epoch 19.0)
EarlyStopping counter: 1 out of 10
[Save Checkpoint] epoch: [19.0], Train score:110.55833, Test score:98.12000, train loss:-0.98336, test loss:-0.98084, ratio_train_loss:0.83390,ratio_test_loss:0.81739, total_loss_train:-0.14946,total_loss_test:-0.16346, var distance inter class train:0.00000,var distance inter class test:0.00000
=> saved checkpoint 'checkpoints_CNN/mnist_classif_ratio_variacnce_intra_4_6_balanced_dataset/last' (iter 5280, epoch 20.0)
=> saved checkpoint 'checkpoint_scores_CNN/mnist_classif_ratio_variacnce_intra_4_6_balanced_dataset/last' (iter 5280, epoch 20.0)
[Save Checkpoint] epoch: [20.0], Train score:110.71500, Test score:98.31000, train loss:-0.98486, test loss:-0.98271, ratio_train_loss:0.82742,ratio_test_loss:0.80643, total_loss_train:-0.15744,total_loss_test:-0.17628, var distance inter class train:0.00000,var distance inter class test:0.00000
=> saved checkpoint 'checkpoints_CNN/mnist_classif_ratio_variacnce_intra_4_6_balanced_dataset/last' (iter 5544, epoch 21.0)
