27
--dataset mnist --model CNN --gpu_devices 0 1 --max_iter 50 --batch_size 128 --ckpt_dir checkpoints_CNN --ckpt_dir_scores checkpoint_scores_CNN --use_scheduler True --GMP True --lr 1e-3 --z_struct_size 20 --add_classification_layer True --classif_layer_size 30 --is_default_model False --is_custom_model False --is_custom_model_BK True --big_kernel_size 8 --two_conv_layer True --three_conv_layer False --BK_in_first_layer True --BK_in_second_layer False --BK_in_third_layer False --stride_size 1 --hidden_filters_layer1 32 --hidden_filters_layer2 32 --hidden_filters_layer3 32 --ratio_reg True --lambda_ratio_reg 1 --lambda_class 1 --other_ratio False --loss_min_distance_cl False --lambda_var_distance 1 --intra_class_variance_loss False --lambda_intra_class_var 1 --contrastive_loss False --lambda_contrastive_loss 1 --alpha 32 --loss Proxy_Anchor --optimizer adamw --mrg 0.1 --IPC False --warm 1 --sz_embedding 32 --dataset_balanced True --exp_name mnist_classif_ratio_dataset_balanced_2
Namespace(BK_in_first_layer=True, BK_in_second_layer=False, BK_in_third_layer=False, BN=False, C_max=25, C_stop_iter=100000.0, E1_AE=False, E1_VAE=False, E1_conv=False, E1_dense=False, E1_second_conv=False, E1_second_conv_adapt=False, GMP=True, IPC=False, L1_norm_act=False, L1_norm_weights=False, L3_without_random=False, LOG_DIR='logs', adapt_lr=False, add_classification_layer=True, add_linear_after_GMP=True, add_z_struct_bottleneck=False, alpha=32.0, batch_size=128, beta=1, beta1=0.9, beta2=0.999, big_kernel=False, big_kernel_size=[8], binary_z=False, ckpt_dir='checkpoints_CNN', ckpt_dir_scores='checkpoint_scores_CNN', classif_layer_size=30, contrastive_loss=False, cuda=True, dataset='mnist', dataset_balanced=True, display_step=10000, dset_dir='data', exp_name='mnist_classif_ratio_dataset_balanced_2', gamma=1000, gpu_devices=[0, 1], hidden_filters_layer1=32, hidden_filters_layer2=32, hidden_filters_layer3=32, image_size=64, intra_class_variance_loss=False, is_C=True, is_E1=False, is_binary_structural_latent=False, is_custom_model=False, is_custom_model_BK=True, is_default_model=False, is_noise_stats=False, is_partial_rand_class=False, is_perturbed_score=False, is_zvar_sim_loss=False, just_train=False, kernel_size=4, lambda_Kl_struct=1, lambda_Kl_var=1, lambda_L1=0.01, lambda_VAE=1, lambda_class=1.0, lambda_contrastive_loss=1.0, lambda_intra_class_var=1.0, lambda_partial_class=1, lambda_ratio_reg=1.0, lambda_recon_wt_rand=1, lambda_recons=1, lambda_var_distance=1.0, lambda_zvar_sim=1, latent_spec_cont=None, latent_spec_cont_class=None, latent_spec_cont_var=None, latent_spec_disc=None, latent_spec_disc_class=None, latent_spec_disc_var=None, log_level='info', loss='Proxy_Anchor', loss_min_distance_cl=False, lr=0.001, max_iter=50.0, model='CNN', mrg=0.1, num_workers=2, old_weighted=False, optimizer='adamw', other_ratio=False, random_percentage=0.2, ratio_reg=True, remark='', save_step=10000, second_layer_C=False, seed=1, stride_size=1, sz_embedding=32, three_conv_layer=False, train=True, two_conv_layer=True, two_encoder=False, use_early_stopping=True, use_scheduler=True, warm=1, without_acc=False, z_struct_size=20, zeros_W_Classif=False, zvar_sim_change_zvar=False, zvar_sim_loss_for_all_model=False, zvar_sim_loss_only_for_encoder=False, zvar_sim_normal=False, zvar_sim_var_rand=False)
CUDA Visible devices !
Balanced samples per class
Custom_CNN_BK(
  (net): Sequential(
    (0): Conv2d(1, 32, kernel_size=(8, 8), stride=(1, 1))
    (1): BatchNorm2d(32, eps=1e-05, momentum=0.1, affine=True, track_running_stats=True)
    (2): ReLU(inplace=True)
    (3): Conv2d(32, 32, kernel_size=(4, 4), stride=(1, 1))
    (4): BatchNorm2d(32, eps=1e-05, momentum=0.1, affine=True, track_running_stats=True)
    (5): ReLU(inplace=True)
    (6): AdaptiveMaxPool2d(output_size=(1, 1))
    (7): View()
    (8): Linear(in_features=32, out_features=20, bias=True)
    (9): BatchNorm1d(20, eps=1e-05, momentum=0.1, affine=True, track_running_stats=True)
    (10): ReLU(inplace=True)
    (11): Dropout(p=0.4, inplace=False)
    (12): Linear(in_features=20, out_features=30, bias=True)
    (13): BatchNorm1d(30, eps=1e-05, momentum=0.1, affine=True, track_running_stats=True)
    (14): ReLU(inplace=True)
    (15): Dropout(p=0.4, inplace=False)
    (16): Linear(in_features=30, out_features=10, bias=True)
    (17): Softmax(dim=None)
  )
)
The number of parameters of model is 20324
use 1 gpu who named: Tesla K40c
=> loaded sample_scores and losses
=> no checkpoint found at 'checkpoints_CNN/mnist_classif_ratio_dataset_balanced_2/last'
=> saved checkpoint 'checkpoints_CNN/mnist_classif_ratio_dataset_balanced_2/last' (iter 500, epoch 1.0)
=> saved checkpoint 'checkpoint_scores_CNN/mnist_classif_ratio_dataset_balanced_2/last' (iter 500, epoch 1.0)
[Save Checkpoint] epoch: [1.0], Train score:60.09167, Test score:18.55000, train loss:-0.58448, test loss:-0.16454, ratio_train_loss:0.13403,ratio_test_loss:0.14721, total_loss_train:-0.45044,total_loss_test:-0.01733, var distance inter class train:0.00000,var distance inter class test:0.00000
=> saved checkpoint 'checkpoints_CNN/mnist_classif_ratio_dataset_balanced_2/last' (iter 1000, epoch 2.0)
=> saved checkpoint 'checkpoint_scores_CNN/mnist_classif_ratio_dataset_balanced_2/last' (iter 1000, epoch 2.0)
[Save Checkpoint] epoch: [2.0], Train score:74.29833, Test score:17.16667, train loss:-0.72917, test loss:-0.18434, ratio_train_loss:0.09939,ratio_test_loss:0.11209, total_loss_train:-0.62978,total_loss_test:-0.07225, var distance inter class train:0.00000,var distance inter class test:0.00000
=> saved checkpoint 'checkpoints_CNN/mnist_classif_ratio_dataset_balanced_2/last' (iter 1500, epoch 3.0)
=> saved checkpoint 'checkpoint_scores_CNN/mnist_classif_ratio_dataset_balanced_2/last' (iter 1500, epoch 3.0)
EarlyStopping counter: 1 out of 10
[Save Checkpoint] epoch: [3.0], Train score:74.87167, Test score:10.48333, train loss:-0.74412, test loss:-0.11734, ratio_train_loss:0.08791,ratio_test_loss:0.10363, total_loss_train:-0.65621,total_loss_test:-0.01371, var distance inter class train:0.00000,var distance inter class test:0.00000
=> saved checkpoint 'checkpoints_CNN/mnist_classif_ratio_dataset_balanced_2/last' (iter 2000, epoch 4.0)
=> saved checkpoint 'checkpoint_scores_CNN/mnist_classif_ratio_dataset_balanced_2/last' (iter 2000, epoch 4.0)
EarlyStopping counter: 2 out of 10
[Save Checkpoint] epoch: [4.0], Train score:80.18167, Test score:9.91667, train loss:-0.79302, test loss:-0.10388, ratio_train_loss:0.08240,ratio_test_loss:0.09670, total_loss_train:-0.71062,total_loss_test:-0.00718, var distance inter class train:0.00000,var distance inter class test:0.00000
=> saved checkpoint 'checkpoints_CNN/mnist_classif_ratio_dataset_balanced_2/last' (iter 2500, epoch 5.0)
=> saved checkpoint 'checkpoint_scores_CNN/mnist_classif_ratio_dataset_balanced_2/last' (iter 2500, epoch 5.0)
EarlyStopping counter: 3 out of 10
[Save Checkpoint] epoch: [5.0], Train score:90.44333, Test score:10.36667, train loss:-0.88795, test loss:-0.10492, ratio_train_loss:0.08872,ratio_test_loss:0.10095, total_loss_train:-0.79924,total_loss_test:-0.00396, var distance inter class train:0.00000,var distance inter class test:0.00000
=> saved checkpoint 'checkpoints_CNN/mnist_classif_ratio_dataset_balanced_2/last' (iter 3000, epoch 6.0)
=> saved checkpoint 'checkpoint_scores_CNN/mnist_classif_ratio_dataset_balanced_2/last' (iter 3000, epoch 6.0)
EarlyStopping counter: 4 out of 10
[Save Checkpoint] epoch: [6.0], Train score:93.37167, Test score:9.78333, train loss:-0.92781, test loss:-0.10354, ratio_train_loss:0.07613,ratio_test_loss:0.08924, total_loss_train:-0.85167,total_loss_test:-0.01429, var distance inter class train:0.00000,var distance inter class test:0.00000
=> saved checkpoint 'checkpoints_CNN/mnist_classif_ratio_dataset_balanced_2/last' (iter 3500, epoch 7.0)
=> saved checkpoint 'checkpoint_scores_CNN/mnist_classif_ratio_dataset_balanced_2/last' (iter 3500, epoch 7.0)
EarlyStopping counter: 5 out of 10
[Save Checkpoint] epoch: [7.0], Train score:93.90667, Test score:13.06667, train loss:-0.93665, test loss:-0.14112, ratio_train_loss:0.07757,ratio_test_loss:0.08594, total_loss_train:-0.85909,total_loss_test:-0.05518, var distance inter class train:0.00000,var distance inter class test:0.00000
=> saved checkpoint 'checkpoints_CNN/mnist_classif_ratio_dataset_balanced_2/last' (iter 4000, epoch 8.0)
=> saved checkpoint 'checkpoint_scores_CNN/mnist_classif_ratio_dataset_balanced_2/last' (iter 4000, epoch 8.0)
EarlyStopping counter: 6 out of 10
[Save Checkpoint] epoch: [8.0], Train score:91.58167, Test score:10.51667, train loss:-0.91152, test loss:-0.11850, ratio_train_loss:0.07133,ratio_test_loss:0.08537, total_loss_train:-0.84019,total_loss_test:-0.03313, var distance inter class train:0.00000,var distance inter class test:0.00000
=> saved checkpoint 'checkpoints_CNN/mnist_classif_ratio_dataset_balanced_2/last' (iter 4500, epoch 9.0)
=> saved checkpoint 'checkpoint_scores_CNN/mnist_classif_ratio_dataset_balanced_2/last' (iter 4500, epoch 9.0)
EarlyStopping counter: 7 out of 10
[Save Checkpoint] epoch: [9.0], Train score:94.05667, Test score:10.71667, train loss:-0.93655, test loss:-0.11250, ratio_train_loss:0.07235,ratio_test_loss:0.08948, total_loss_train:-0.86420,total_loss_test:-0.02302, var distance inter class train:0.00000,var distance inter class test:0.00000
=> saved checkpoint 'checkpoints_CNN/mnist_classif_ratio_dataset_balanced_2/last' (iter 5000, epoch 10.0)
=> saved checkpoint 'checkpoint_scores_CNN/mnist_classif_ratio_dataset_balanced_2/last' (iter 5000, epoch 10.0)
EarlyStopping counter: 8 out of 10
[Save Checkpoint] epoch: [10.0], Train score:79.50333, Test score:10.11667, train loss:-0.79374, test loss:-0.10495, ratio_train_loss:0.07395,ratio_test_loss:0.08996, total_loss_train:-0.71978,total_loss_test:-0.01498, var distance inter class train:0.00000,var distance inter class test:0.00000
=> saved checkpoint 'checkpoints_CNN/mnist_classif_ratio_dataset_balanced_2/last' (iter 5500, epoch 11.0)
=> saved checkpoint 'checkpoint_scores_CNN/mnist_classif_ratio_dataset_balanced_2/last' (iter 5500, epoch 11.0)
EarlyStopping counter: 9 out of 10
[Save Checkpoint] epoch: [11.0], Train score:92.15667, Test score:10.38333, train loss:-0.91948, test loss:-0.10849, ratio_train_loss:0.06973,ratio_test_loss:0.09223, total_loss_train:-0.84974,total_loss_test:-0.01626, var distance inter class train:0.00000,var distance inter class test:0.00000
=> saved checkpoint 'checkpoints_CNN/mnist_classif_ratio_dataset_balanced_2/last' (iter 6000, epoch 12.0)
=> saved checkpoint 'checkpoint_scores_CNN/mnist_classif_ratio_dataset_balanced_2/last' (iter 6000, epoch 12.0)
[Save Checkpoint] epoch: [12.0], Train score:85.16167, Test score:25.60000, train loss:-0.84551, test loss:-0.25035, ratio_train_loss:0.06553,ratio_test_loss:0.09931, total_loss_train:-0.77998,total_loss_test:-0.15104, var distance inter class train:0.00000,var distance inter class test:0.00000
=> saved checkpoint 'checkpoints_CNN/mnist_classif_ratio_dataset_balanced_2/last' (iter 6500, epoch 13.0)
=> saved checkpoint 'checkpoint_scores_CNN/mnist_classif_ratio_dataset_balanced_2/last' (iter 6500, epoch 13.0)
EarlyStopping counter: 1 out of 10
[Save Checkpoint] epoch: [13.0], Train score:93.23500, Test score:13.61667, train loss:-0.92972, test loss:-0.13951, ratio_train_loss:0.06731,ratio_test_loss:0.09015, total_loss_train:-0.86241,total_loss_test:-0.04936, var distance inter class train:0.00000,var distance inter class test:0.00000
=> saved checkpoint 'checkpoints_CNN/mnist_classif_ratio_dataset_balanced_2/last' (iter 7000, epoch 14.0)
=> saved checkpoint 'checkpoint_scores_CNN/mnist_classif_ratio_dataset_balanced_2/last' (iter 7000, epoch 14.0)
EarlyStopping counter: 2 out of 10
[Save Checkpoint] epoch: [14.0], Train score:94.27667, Test score:9.73333, train loss:-0.94002, test loss:-0.09807, ratio_train_loss:0.06566,ratio_test_loss:0.09540, total_loss_train:-0.87436,total_loss_test:-0.00267, var distance inter class train:0.00000,var distance inter class test:0.00000
=> saved checkpoint 'checkpoints_CNN/mnist_classif_ratio_dataset_balanced_2/last' (iter 7500, epoch 15.0)
=> saved checkpoint 'checkpoint_scores_CNN/mnist_classif_ratio_dataset_balanced_2/last' (iter 7500, epoch 15.0)
EarlyStopping counter: 3 out of 10
[Save Checkpoint] epoch: [15.0], Train score:93.34667, Test score:9.73333, train loss:-0.93144, test loss:-0.09740, ratio_train_loss:0.06349,ratio_test_loss:0.09672, total_loss_train:-0.86795,total_loss_test:-0.00069, var distance inter class train:0.00000,var distance inter class test:0.00000
=> saved checkpoint 'checkpoints_CNN/mnist_classif_ratio_dataset_balanced_2/last' (iter 8000, epoch 16.0)
=> saved checkpoint 'checkpoint_scores_CNN/mnist_classif_ratio_dataset_balanced_2/last' (iter 8000, epoch 16.0)
EarlyStopping counter: 4 out of 10
[Save Checkpoint] epoch: [16.0], Train score:90.05667, Test score:9.75000, train loss:-0.89765, test loss:-0.09758, ratio_train_loss:0.06486,ratio_test_loss:0.09873, total_loss_train:-0.83279,total_loss_test:0.00115, var distance inter class train:0.00000,var distance inter class test:0.00000
=> saved checkpoint 'checkpoints_CNN/mnist_classif_ratio_dataset_balanced_2/last' (iter 8500, epoch 17.0)
