202
--dataset mnist --model CNN --gpu_devices 0 1 --max_iter 50 --batch_size 256 --ckpt_dir checkpoints_CNN --ckpt_dir_scores checkpoint_scores_CNN --use_scheduler True --GMP True --lr 1e-3 --z_struct_size 20 --add_classification_layer True --classif_layer_size 30 --is_default_model False --is_custom_model False --is_custom_model_BK True --big_kernel_size 8 --two_conv_layer True --three_conv_layer False --BK_in_first_layer True --BK_in_second_layer False --BK_in_third_layer False --stride_size 1 --hidden_filters_layer1 32 --hidden_filters_layer2 32 --hidden_filters_layer3 32 --ratio_reg False --lambda_ratio_reg 1 --lambda_class 1 --other_ratio False --loss_min_distance_cl True --lambda_var_distance 0.001 --intra_class_variance_loss False --lambda_intra_class_var 1 --contrastive_loss False --lambda_contrastive_loss 1 --alpha 32 --loss Proxy_Anchor --optimizer adamw --mrg 0.1 --IPC False --warm 1 --sz_embedding 32 --dataset_balanced True --loss_distance_mean True --lambda_distance_mean 0.1 --exp_name mnist_classif_distance_intra_class_max_mean_3_5_balanced_dataset
Namespace(BK_in_first_layer=True, BK_in_second_layer=False, BK_in_third_layer=False, BN=False, C_max=25, C_stop_iter=100000.0, E1_AE=False, E1_VAE=False, E1_conv=False, E1_dense=False, E1_second_conv=False, E1_second_conv_adapt=False, GMP=True, IPC=False, L1_norm_act=False, L1_norm_weights=False, L3_without_random=False, LOG_DIR='logs', adapt_lr=False, add_classification_layer=True, add_linear_after_GMP=True, add_z_struct_bottleneck=False, alpha=32.0, batch_size=256, beta=1, beta1=0.9, beta2=0.999, big_kernel=False, big_kernel_size=[8], binary_z=False, ckpt_dir='checkpoints_CNN', ckpt_dir_scores='checkpoint_scores_CNN', classif_layer_size=30, contrastive_loss=False, cuda=True, dataset='mnist', dataset_balanced=True, display_step=10000, dset_dir='data', exp_name='mnist_classif_distance_intra_class_max_mean_3_5_balanced_dataset', gamma=1000, gpu_devices=[0, 1], hidden_filters_layer1=32, hidden_filters_layer2=32, hidden_filters_layer3=32, image_size=64, intra_class_variance_loss=False, is_C=True, is_E1=False, is_binary_structural_latent=False, is_custom_model=False, is_custom_model_BK=True, is_default_model=False, is_noise_stats=False, is_partial_rand_class=False, is_perturbed_score=False, is_zvar_sim_loss=False, just_train=False, kernel_size=4, lambda_Kl_struct=1, lambda_Kl_var=1, lambda_L1=0.01, lambda_VAE=1, lambda_class=1.0, lambda_contrastive_loss=1.0, lambda_distance_mean=0.1, lambda_intra_class_var=1.0, lambda_partial_class=1, lambda_ratio_reg=1.0, lambda_recon_wt_rand=1, lambda_recons=1, lambda_var_distance=0.001, lambda_zvar_sim=1, latent_spec_cont=None, latent_spec_cont_class=None, latent_spec_cont_var=None, latent_spec_disc=None, latent_spec_disc_class=None, latent_spec_disc_var=None, log_level='info', loss='Proxy_Anchor', loss_distance_mean=True, loss_min_distance_cl=True, lr=0.001, max_iter=50.0, model='CNN', mrg=0.1, num_workers=2, old_weighted=False, optimizer='adamw', other_ratio=False, random_percentage=0.2, ratio_reg=False, remark='', save_step=10000, second_layer_C=False, seed=1, stride_size=1, sz_embedding=32, three_conv_layer=False, train=True, two_conv_layer=True, two_encoder=False, use_early_stopping=True, use_scheduler=True, warm=1, without_acc=False, z_struct_size=20, zeros_W_Classif=False, zvar_sim_change_zvar=False, zvar_sim_loss_for_all_model=False, zvar_sim_loss_only_for_encoder=False, zvar_sim_normal=False, zvar_sim_var_rand=False)
CUDA Visible devices !
Balanced samples per class
Custom_CNN_BK(
  (net): Sequential(
    (0): Conv2d(1, 32, kernel_size=(8, 8), stride=(1, 1))
    (1): BatchNorm2d(32, eps=1e-05, momentum=0.1, affine=True, track_running_stats=True)
    (2): ReLU(inplace=True)
    (3): Conv2d(32, 32, kernel_size=(4, 4), stride=(1, 1))
    (4): BatchNorm2d(32, eps=1e-05, momentum=0.1, affine=True, track_running_stats=True)
    (5): ReLU(inplace=True)
    (6): AdaptiveMaxPool2d(output_size=(1, 1))
    (7): View()
    (8): Linear(in_features=32, out_features=20, bias=True)
    (9): BatchNorm1d(20, eps=1e-05, momentum=0.1, affine=True, track_running_stats=True)
    (10): ReLU(inplace=True)
    (11): Dropout(p=0.4, inplace=False)
    (12): Linear(in_features=20, out_features=30, bias=True)
    (13): BatchNorm1d(30, eps=1e-05, momentum=0.1, affine=True, track_running_stats=True)
    (14): ReLU(inplace=True)
    (15): Dropout(p=0.4, inplace=False)
    (16): Linear(in_features=30, out_features=10, bias=True)
    (17): Softmax(dim=None)
  )
)
The number of parameters of model is 20324
use 1 gpu who named: GeForce RTX 2080 Ti
=> loaded sample_scores and losses
=> no checkpoint found at 'checkpoints_CNN/mnist_classif_distance_intra_class_max_mean_3_5_balanced_dataset/last'
=> saved checkpoint 'checkpoints_CNN/mnist_classif_distance_intra_class_max_mean_3_5_balanced_dataset/last' (iter 264, epoch 1.0)
=> saved checkpoint 'checkpoint_scores_CNN/mnist_classif_distance_intra_class_max_mean_3_5_balanced_dataset/last' (iter 264, epoch 1.0)
[Save Checkpoint] epoch: [1.0], Train score:93.27667, Test score:83.19000, train loss:-0.74222, test loss:-0.74547, ratio_train_loss:0.00000,ratio_test_loss:0.00000, total_loss_train:-0.74222,total_loss_test:-0.74547, var distance inter class train:2.54443,var distance inter class test:2.64249
=> saved checkpoint 'checkpoints_CNN/mnist_classif_distance_intra_class_max_mean_3_5_balanced_dataset/last' (iter 528, epoch 2.0)
=> saved checkpoint 'checkpoint_scores_CNN/mnist_classif_distance_intra_class_max_mean_3_5_balanced_dataset/last' (iter 528, epoch 2.0)
[Save Checkpoint] epoch: [2.0], Train score:100.17833, Test score:89.71000, train loss:-0.85807, test loss:-0.86421, ratio_train_loss:0.00000,ratio_test_loss:0.00000, total_loss_train:-0.85807,total_loss_test:-0.86421, var distance inter class train:0.71453,var distance inter class test:0.71416
=> saved checkpoint 'checkpoints_CNN/mnist_classif_distance_intra_class_max_mean_3_5_balanced_dataset/last' (iter 792, epoch 3.0)
=> saved checkpoint 'checkpoint_scores_CNN/mnist_classif_distance_intra_class_max_mean_3_5_balanced_dataset/last' (iter 792, epoch 3.0)
[Save Checkpoint] epoch: [3.0], Train score:104.23000, Test score:93.26000, train loss:-0.91335, test loss:-0.91897, ratio_train_loss:0.00000,ratio_test_loss:0.00000, total_loss_train:-0.91335,total_loss_test:-0.91897, var distance inter class train:0.87579,var distance inter class test:0.87703
=> saved checkpoint 'checkpoints_CNN/mnist_classif_distance_intra_class_max_mean_3_5_balanced_dataset/last' (iter 1056, epoch 4.0)
=> saved checkpoint 'checkpoint_scores_CNN/mnist_classif_distance_intra_class_max_mean_3_5_balanced_dataset/last' (iter 1056, epoch 4.0)
[Save Checkpoint] epoch: [4.0], Train score:105.82833, Test score:94.55000, train loss:-0.93393, test loss:-0.93632, ratio_train_loss:0.00000,ratio_test_loss:0.00000, total_loss_train:-0.93393,total_loss_test:-0.93632, var distance inter class train:0.96581,var distance inter class test:0.97199
=> saved checkpoint 'checkpoints_CNN/mnist_classif_distance_intra_class_max_mean_3_5_balanced_dataset/last' (iter 1320, epoch 5.0)
=> saved checkpoint 'checkpoint_scores_CNN/mnist_classif_distance_intra_class_max_mean_3_5_balanced_dataset/last' (iter 1320, epoch 5.0)
[Save Checkpoint] epoch: [5.0], Train score:106.57833, Test score:95.13000, train loss:-0.94334, test loss:-0.94516, ratio_train_loss:0.00000,ratio_test_loss:0.00000, total_loss_train:-0.94334,total_loss_test:-0.94516, var distance inter class train:1.07848,var distance inter class test:1.08916
=> saved checkpoint 'checkpoints_CNN/mnist_classif_distance_intra_class_max_mean_3_5_balanced_dataset/last' (iter 1584, epoch 6.0)
=> saved checkpoint 'checkpoint_scores_CNN/mnist_classif_distance_intra_class_max_mean_3_5_balanced_dataset/last' (iter 1584, epoch 6.0)
[Save Checkpoint] epoch: [6.0], Train score:107.39167, Test score:95.61000, train loss:-0.95208, test loss:-0.95338, ratio_train_loss:0.00000,ratio_test_loss:0.00000, total_loss_train:-0.95208,total_loss_test:-0.95338, var distance inter class train:1.22192,var distance inter class test:1.23712
=> saved checkpoint 'checkpoints_CNN/mnist_classif_distance_intra_class_max_mean_3_5_balanced_dataset/last' (iter 1848, epoch 7.0)
=> saved checkpoint 'checkpoint_scores_CNN/mnist_classif_distance_intra_class_max_mean_3_5_balanced_dataset/last' (iter 1848, epoch 7.0)
[Save Checkpoint] epoch: [7.0], Train score:107.86500, Test score:95.95000, train loss:-0.95716, test loss:-0.95643, ratio_train_loss:0.00000,ratio_test_loss:0.00000, total_loss_train:-0.95716,total_loss_test:-0.95643, var distance inter class train:1.28189,var distance inter class test:1.29874
=> saved checkpoint 'checkpoints_CNN/mnist_classif_distance_intra_class_max_mean_3_5_balanced_dataset/last' (iter 2112, epoch 8.0)
=> saved checkpoint 'checkpoint_scores_CNN/mnist_classif_distance_intra_class_max_mean_3_5_balanced_dataset/last' (iter 2112, epoch 8.0)
[Save Checkpoint] epoch: [8.0], Train score:108.24000, Test score:96.30000, train loss:-0.96009, test loss:-0.96014, ratio_train_loss:0.00000,ratio_test_loss:0.00000, total_loss_train:-0.96009,total_loss_test:-0.96014, var distance inter class train:1.35056,var distance inter class test:1.36863
=> saved checkpoint 'checkpoints_CNN/mnist_classif_distance_intra_class_max_mean_3_5_balanced_dataset/last' (iter 2376, epoch 9.0)
=> saved checkpoint 'checkpoint_scores_CNN/mnist_classif_distance_intra_class_max_mean_3_5_balanced_dataset/last' (iter 2376, epoch 9.0)
[Save Checkpoint] epoch: [9.0], Train score:108.72333, Test score:96.64000, train loss:-0.96456, test loss:-0.96354, ratio_train_loss:0.00000,ratio_test_loss:0.00000, total_loss_train:-0.96456,total_loss_test:-0.96354, var distance inter class train:1.64647,var distance inter class test:1.68824
=> saved checkpoint 'checkpoints_CNN/mnist_classif_distance_intra_class_max_mean_3_5_balanced_dataset/last' (iter 2640, epoch 10.0)
=> saved checkpoint 'checkpoint_scores_CNN/mnist_classif_distance_intra_class_max_mean_3_5_balanced_dataset/last' (iter 2640, epoch 10.0)
[Save Checkpoint] epoch: [10.0], Train score:108.92333, Test score:96.83000, train loss:-0.96720, test loss:-0.96563, ratio_train_loss:0.00000,ratio_test_loss:0.00000, total_loss_train:-0.96720,total_loss_test:-0.96563, var distance inter class train:1.80143,var distance inter class test:1.84119
=> saved checkpoint 'checkpoints_CNN/mnist_classif_distance_intra_class_max_mean_3_5_balanced_dataset/last' (iter 2904, epoch 11.0)
=> saved checkpoint 'checkpoint_scores_CNN/mnist_classif_distance_intra_class_max_mean_3_5_balanced_dataset/last' (iter 2904, epoch 11.0)
[Save Checkpoint] epoch: [11.0], Train score:109.19500, Test score:97.12000, train loss:-0.96983, test loss:-0.96945, ratio_train_loss:0.00000,ratio_test_loss:0.00000, total_loss_train:-0.96983,total_loss_test:-0.96945, var distance inter class train:2.00826,var distance inter class test:2.04860
=> saved checkpoint 'checkpoints_CNN/mnist_classif_distance_intra_class_max_mean_3_5_balanced_dataset/last' (iter 3168, epoch 12.0)
=> saved checkpoint 'checkpoint_scores_CNN/mnist_classif_distance_intra_class_max_mean_3_5_balanced_dataset/last' (iter 3168, epoch 12.0)
[Save Checkpoint] epoch: [12.0], Train score:109.29000, Test score:97.32000, train loss:-0.97110, test loss:-0.97165, ratio_train_loss:0.00000,ratio_test_loss:0.00000, total_loss_train:-0.97110,total_loss_test:-0.97165, var distance inter class train:2.19977,var distance inter class test:2.24155
=> saved checkpoint 'checkpoints_CNN/mnist_classif_distance_intra_class_max_mean_3_5_balanced_dataset/last' (iter 3432, epoch 13.0)
=> saved checkpoint 'checkpoint_scores_CNN/mnist_classif_distance_intra_class_max_mean_3_5_balanced_dataset/last' (iter 3432, epoch 13.0)
EarlyStopping counter: 1 out of 10
[Save Checkpoint] epoch: [13.0], Train score:109.29000, Test score:97.32000, train loss:-0.97098, test loss:-0.97146, ratio_train_loss:0.00000,ratio_test_loss:0.00000, total_loss_train:-0.97098,total_loss_test:-0.97146, var distance inter class train:2.93792,var distance inter class test:3.00542
=> saved checkpoint 'checkpoints_CNN/mnist_classif_distance_intra_class_max_mean_3_5_balanced_dataset/last' (iter 3696, epoch 14.0)
=> saved checkpoint 'checkpoint_scores_CNN/mnist_classif_distance_intra_class_max_mean_3_5_balanced_dataset/last' (iter 3696, epoch 14.0)
EarlyStopping counter: 2 out of 10
[Save Checkpoint] epoch: [14.0], Train score:95.82500, Test score:85.96000, train loss:-0.84897, test loss:-0.85591, ratio_train_loss:0.00000,ratio_test_loss:0.00000, total_loss_train:-0.84897,total_loss_test:-0.85591, var distance inter class train:2.22952,var distance inter class test:2.24297
=> saved checkpoint 'checkpoints_CNN/mnist_classif_distance_intra_class_max_mean_3_5_balanced_dataset/last' (iter 3960, epoch 15.0)
=> saved checkpoint 'checkpoint_scores_CNN/mnist_classif_distance_intra_class_max_mean_3_5_balanced_dataset/last' (iter 3960, epoch 15.0)
EarlyStopping counter: 3 out of 10
[Save Checkpoint] epoch: [15.0], Train score:107.25000, Test score:95.66000, train loss:-0.95265, test loss:-0.95563, ratio_train_loss:0.00000,ratio_test_loss:0.00000, total_loss_train:-0.95265,total_loss_test:-0.95563, var distance inter class train:2.62237,var distance inter class test:2.67215
=> saved checkpoint 'checkpoints_CNN/mnist_classif_distance_intra_class_max_mean_3_5_balanced_dataset/last' (iter 4224, epoch 16.0)
=> saved checkpoint 'checkpoint_scores_CNN/mnist_classif_distance_intra_class_max_mean_3_5_balanced_dataset/last' (iter 4224, epoch 16.0)
EarlyStopping counter: 4 out of 10
[Save Checkpoint] epoch: [16.0], Train score:108.11500, Test score:96.32000, train loss:-0.96036, test loss:-0.96222, ratio_train_loss:0.00000,ratio_test_loss:0.00000, total_loss_train:-0.96036,total_loss_test:-0.96222, var distance inter class train:3.07937,var distance inter class test:3.13110
=> saved checkpoint 'checkpoints_CNN/mnist_classif_distance_intra_class_max_mean_3_5_balanced_dataset/last' (iter 4488, epoch 17.0)
=> saved checkpoint 'checkpoint_scores_CNN/mnist_classif_distance_intra_class_max_mean_3_5_balanced_dataset/last' (iter 4488, epoch 17.0)
EarlyStopping counter: 5 out of 10
[Save Checkpoint] epoch: [17.0], Train score:108.48167, Test score:96.85000, train loss:-0.96400, test loss:-0.96807, ratio_train_loss:0.00000,ratio_test_loss:0.00000, total_loss_train:-0.96400,total_loss_test:-0.96807, var distance inter class train:5.16134,var distance inter class test:5.26860
=> saved checkpoint 'checkpoints_CNN/mnist_classif_distance_intra_class_max_mean_3_5_balanced_dataset/last' (iter 4752, epoch 18.0)
=> saved checkpoint 'checkpoint_scores_CNN/mnist_classif_distance_intra_class_max_mean_3_5_balanced_dataset/last' (iter 4752, epoch 18.0)
EarlyStopping counter: 6 out of 10
[Save Checkpoint] epoch: [18.0], Train score:107.81833, Test score:96.22000, train loss:-0.95832, test loss:-0.96125, ratio_train_loss:0.00000,ratio_test_loss:0.00000, total_loss_train:-0.95832,total_loss_test:-0.96125, var distance inter class train:3.06483,var distance inter class test:3.17002
=> saved checkpoint 'checkpoints_CNN/mnist_classif_distance_intra_class_max_mean_3_5_balanced_dataset/last' (iter 5016, epoch 19.0)
=> saved checkpoint 'checkpoint_scores_CNN/mnist_classif_distance_intra_class_max_mean_3_5_balanced_dataset/last' (iter 5016, epoch 19.0)
EarlyStopping counter: 7 out of 10
[Save Checkpoint] epoch: [19.0], Train score:108.61500, Test score:96.94000, train loss:-0.96545, test loss:-0.96867, ratio_train_loss:0.00000,ratio_test_loss:0.00000, total_loss_train:-0.96545,total_loss_test:-0.96867, var distance inter class train:3.25829,var distance inter class test:3.37020
=> saved checkpoint 'checkpoints_CNN/mnist_classif_distance_intra_class_max_mean_3_5_balanced_dataset/last' (iter 5280, epoch 20.0)
=> saved checkpoint 'checkpoint_scores_CNN/mnist_classif_distance_intra_class_max_mean_3_5_balanced_dataset/last' (iter 5280, epoch 20.0)
EarlyStopping counter: 8 out of 10
[Save Checkpoint] epoch: [20.0], Train score:108.83000, Test score:96.99000, train loss:-0.96750, test loss:-0.96994, ratio_train_loss:0.00000,ratio_test_loss:0.00000, total_loss_train:-0.96750,total_loss_test:-0.96994, var distance inter class train:3.57843,var distance inter class test:3.71335
=> saved checkpoint 'checkpoints_CNN/mnist_classif_distance_intra_class_max_mean_3_5_balanced_dataset/last' (iter 5544, epoch 21.0)
=> saved checkpoint 'checkpoint_scores_CNN/mnist_classif_distance_intra_class_max_mean_3_5_balanced_dataset/last' (iter 5544, epoch 21.0)
[Save Checkpoint] epoch: [21.0], Train score:109.02667, Test score:97.30000, train loss:-0.96957, test loss:-0.97252, ratio_train_loss:0.00000,ratio_test_loss:0.00000, total_loss_train:-0.96957,total_loss_test:-0.97252, var distance inter class train:3.81067,var distance inter class test:3.95943
=> saved checkpoint 'checkpoints_CNN/mnist_classif_distance_intra_class_max_mean_3_5_balanced_dataset/last' (iter 5808, epoch 22.0)
=> saved checkpoint 'checkpoint_scores_CNN/mnist_classif_distance_intra_class_max_mean_3_5_balanced_dataset/last' (iter 5808, epoch 22.0)
EarlyStopping counter: 1 out of 10
[Save Checkpoint] epoch: [22.0], Train score:109.17667, Test score:97.26000, train loss:-0.97049, test loss:-0.97235, ratio_train_loss:0.00000,ratio_test_loss:0.00000, total_loss_train:-0.97049,total_loss_test:-0.97235, var distance inter class train:4.08100,var distance inter class test:4.23782
=> saved checkpoint 'checkpoints_CNN/mnist_classif_distance_intra_class_max_mean_3_5_balanced_dataset/last' (iter 6072, epoch 23.0)
=> saved checkpoint 'checkpoint_scores_CNN/mnist_classif_distance_intra_class_max_mean_3_5_balanced_dataset/last' (iter 6072, epoch 23.0)
[Save Checkpoint] epoch: [23.0], Train score:109.33000, Test score:97.52000, train loss:-0.97221, test loss:-0.97518, ratio_train_loss:0.00000,ratio_test_loss:0.00000, total_loss_train:-0.97221,total_loss_test:-0.97518, var distance inter class train:4.98413,var distance inter class test:5.17192
=> saved checkpoint 'checkpoints_CNN/mnist_classif_distance_intra_class_max_mean_3_5_balanced_dataset/last' (iter 6336, epoch 24.0)
=> saved checkpoint 'checkpoint_scores_CNN/mnist_classif_distance_intra_class_max_mean_3_5_balanced_dataset/last' (iter 6336, epoch 24.0)
EarlyStopping counter: 1 out of 10
[Save Checkpoint] epoch: [24.0], Train score:98.21167, Test score:87.80000, train loss:-0.87124, test loss:-0.87571, ratio_train_loss:0.00000,ratio_test_loss:0.00000, total_loss_train:-0.87124,total_loss_test:-0.87571, var distance inter class train:10.01493,var distance inter class test:10.22826
=> saved checkpoint 'checkpoints_CNN/mnist_classif_distance_intra_class_max_mean_3_5_balanced_dataset/last' (iter 6600, epoch 25.0)
=> saved checkpoint 'checkpoint_scores_CNN/mnist_classif_distance_intra_class_max_mean_3_5_balanced_dataset/last' (iter 6600, epoch 25.0)
EarlyStopping counter: 2 out of 10
[Save Checkpoint] epoch: [25.0], Train score:103.53667, Test score:92.89000, train loss:-0.92028, test loss:-0.92643, ratio_train_loss:0.00000,ratio_test_loss:0.00000, total_loss_train:-0.92028,total_loss_test:-0.92643, var distance inter class train:9.38684,var distance inter class test:9.79709
=> saved checkpoint 'checkpoints_CNN/mnist_classif_distance_intra_class_max_mean_3_5_balanced_dataset/last' (iter 6864, epoch 26.0)
=> saved checkpoint 'checkpoint_scores_CNN/mnist_classif_distance_intra_class_max_mean_3_5_balanced_dataset/last' (iter 6864, epoch 26.0)
EarlyStopping counter: 3 out of 10
[Save Checkpoint] epoch: [26.0], Train score:94.86667, Test score:84.98000, train loss:-0.84252, test loss:-0.85023, ratio_train_loss:0.00000,ratio_test_loss:0.00000, total_loss_train:-0.84252,total_loss_test:-0.85023, var distance inter class train:3.12582,var distance inter class test:3.27581
=> saved checkpoint 'checkpoints_CNN/mnist_classif_distance_intra_class_max_mean_3_5_balanced_dataset/last' (iter 7128, epoch 27.0)
=> saved checkpoint 'checkpoint_scores_CNN/mnist_classif_distance_intra_class_max_mean_3_5_balanced_dataset/last' (iter 7128, epoch 27.0)
EarlyStopping counter: 4 out of 10
[Save Checkpoint] epoch: [27.0], Train score:102.92000, Test score:92.02000, train loss:-0.91518, test loss:-0.92105, ratio_train_loss:0.00000,ratio_test_loss:0.00000, total_loss_train:-0.91518,total_loss_test:-0.92105, var distance inter class train:2.80097,var distance inter class test:2.93559
=> saved checkpoint 'checkpoints_CNN/mnist_classif_distance_intra_class_max_mean_3_5_balanced_dataset/last' (iter 7392, epoch 28.0)
=> saved checkpoint 'checkpoint_scores_CNN/mnist_classif_distance_intra_class_max_mean_3_5_balanced_dataset/last' (iter 7392, epoch 28.0)
EarlyStopping counter: 5 out of 10
[Save Checkpoint] epoch: [28.0], Train score:104.80667, Test score:93.52000, train loss:-0.93157, test loss:-0.93622, ratio_train_loss:0.00000,ratio_test_loss:0.00000, total_loss_train:-0.93157,total_loss_test:-0.93622, var distance inter class train:2.69748,var distance inter class test:2.81217
=> saved checkpoint 'checkpoints_CNN/mnist_classif_distance_intra_class_max_mean_3_5_balanced_dataset/last' (iter 7656, epoch 29.0)
=> saved checkpoint 'checkpoint_scores_CNN/mnist_classif_distance_intra_class_max_mean_3_5_balanced_dataset/last' (iter 7656, epoch 29.0)
EarlyStopping counter: 6 out of 10
[Save Checkpoint] epoch: [29.0], Train score:105.69667, Test score:94.09000, train loss:-0.93960, test loss:-0.94182, ratio_train_loss:0.00000,ratio_test_loss:0.00000, total_loss_train:-0.93960,total_loss_test:-0.94182, var distance inter class train:2.67076,var distance inter class test:2.78530
=> saved checkpoint 'checkpoints_CNN/mnist_classif_distance_intra_class_max_mean_3_5_balanced_dataset/last' (iter 7920, epoch 30.0)
=> saved checkpoint 'checkpoint_scores_CNN/mnist_classif_distance_intra_class_max_mean_3_5_balanced_dataset/last' (iter 7920, epoch 30.0)
EarlyStopping counter: 7 out of 10
[Save Checkpoint] epoch: [30.0], Train score:106.46500, Test score:94.82000, train loss:-0.94627, test loss:-0.94828, ratio_train_loss:0.00000,ratio_test_loss:0.00000, total_loss_train:-0.94627,total_loss_test:-0.94828, var distance inter class train:2.64049,var distance inter class test:2.74921
=> saved checkpoint 'checkpoints_CNN/mnist_classif_distance_intra_class_max_mean_3_5_balanced_dataset/last' (iter 8184, epoch 31.0)
=> saved checkpoint 'checkpoint_scores_CNN/mnist_classif_distance_intra_class_max_mean_3_5_balanced_dataset/last' (iter 8184, epoch 31.0)
EarlyStopping counter: 8 out of 10
[Save Checkpoint] epoch: [31.0], Train score:106.95500, Test score:95.22000, train loss:-0.95099, test loss:-0.95273, ratio_train_loss:0.00000,ratio_test_loss:0.00000, total_loss_train:-0.95099,total_loss_test:-0.95273, var distance inter class train:2.70866,var distance inter class test:2.81665
=> saved checkpoint 'checkpoints_CNN/mnist_classif_distance_intra_class_max_mean_3_5_balanced_dataset/last' (iter 8448, epoch 32.0)
=> saved checkpoint 'checkpoint_scores_CNN/mnist_classif_distance_intra_class_max_mean_3_5_balanced_dataset/last' (iter 8448, epoch 32.0)
EarlyStopping counter: 9 out of 10
[Save Checkpoint] epoch: [32.0], Train score:107.19000, Test score:95.48000, train loss:-0.95316, test loss:-0.95542, ratio_train_loss:0.00000,ratio_test_loss:0.00000, total_loss_train:-0.95316,total_loss_test:-0.95542, var distance inter class train:2.78127,var distance inter class test:2.89733
=> saved checkpoint 'checkpoints_CNN/mnist_classif_distance_intra_class_max_mean_3_5_balanced_dataset/last' (iter 8712, epoch 33.0)
=> saved checkpoint 'checkpoint_scores_CNN/mnist_classif_distance_intra_class_max_mean_3_5_balanced_dataset/last' (iter 8712, epoch 33.0)
EarlyStopping counter: 10 out of 10
[Save Checkpoint] epoch: [33.0], Train score:107.32833, Test score:95.75000, train loss:-0.95455, test loss:-0.95694, ratio_train_loss:0.00000,ratio_test_loss:0.00000, total_loss_train:-0.95455,total_loss_test:-0.95694, var distance inter class train:2.86432,var distance inter class test:2.98445
Early stopping
[Training Finished]
All Done!
