210
--dataset mnist --model CNN --gpu_devices 0 1 --max_iter 50 --batch_size 256 --ckpt_dir checkpoints_CNN --ckpt_dir_scores checkpoint_scores_CNN --use_scheduler True --GMP True --lr 1e-3 --z_struct_size 20 --add_classification_layer True --classif_layer_size 30 --is_default_model False --is_custom_model False --is_custom_model_BK True --big_kernel_size 8 --two_conv_layer True --three_conv_layer False --BK_in_first_layer True --BK_in_second_layer False --BK_in_third_layer False --stride_size 1 --hidden_filters_layer1 32 --hidden_filters_layer2 32 --hidden_filters_layer3 32 --ratio_reg False --lambda_ratio_reg 1 --lambda_class 1 --other_ratio False --loss_min_distance_cl True --lambda_var_distance 10 --intra_class_variance_loss False --lambda_intra_class_var 1 --contrastive_loss False --lambda_contrastive_loss 1 --alpha 32 --loss Proxy_Anchor --optimizer adamw --mrg 0.1 --IPC False --warm 1 --sz_embedding 32 --dataset_balanced True --loss_distance_mean True --lambda_distance_mean 0.001 --exp_name mnist_classif_distance_intra_class_max_mean_5_1_balanced_dataset
Namespace(BK_in_first_layer=True, BK_in_second_layer=False, BK_in_third_layer=False, BN=False, C_max=25, C_stop_iter=100000.0, E1_AE=False, E1_VAE=False, E1_conv=False, E1_dense=False, E1_second_conv=False, E1_second_conv_adapt=False, GMP=True, IPC=False, L1_norm_act=False, L1_norm_weights=False, L3_without_random=False, LOG_DIR='logs', adapt_lr=False, add_classification_layer=True, add_linear_after_GMP=True, add_z_struct_bottleneck=False, alpha=32.0, batch_size=256, beta=1, beta1=0.9, beta2=0.999, big_kernel=False, big_kernel_size=[8], binary_z=False, ckpt_dir='checkpoints_CNN', ckpt_dir_scores='checkpoint_scores_CNN', classif_layer_size=30, contrastive_loss=False, cuda=True, dataset='mnist', dataset_balanced=True, display_step=10000, dset_dir='data', exp_name='mnist_classif_distance_intra_class_max_mean_5_1_balanced_dataset', gamma=1000, gpu_devices=[0, 1], hidden_filters_layer1=32, hidden_filters_layer2=32, hidden_filters_layer3=32, image_size=64, intra_class_variance_loss=False, is_C=True, is_E1=False, is_binary_structural_latent=False, is_custom_model=False, is_custom_model_BK=True, is_default_model=False, is_noise_stats=False, is_partial_rand_class=False, is_perturbed_score=False, is_zvar_sim_loss=False, just_train=False, kernel_size=4, lambda_Kl_struct=1, lambda_Kl_var=1, lambda_L1=0.01, lambda_VAE=1, lambda_class=1.0, lambda_contrastive_loss=1.0, lambda_distance_mean=0.001, lambda_intra_class_var=1.0, lambda_partial_class=1, lambda_ratio_reg=1.0, lambda_recon_wt_rand=1, lambda_recons=1, lambda_var_distance=10.0, lambda_zvar_sim=1, latent_spec_cont=None, latent_spec_cont_class=None, latent_spec_cont_var=None, latent_spec_disc=None, latent_spec_disc_class=None, latent_spec_disc_var=None, log_level='info', loss='Proxy_Anchor', loss_distance_mean=True, loss_min_distance_cl=True, lr=0.001, max_iter=50.0, model='CNN', mrg=0.1, num_workers=2, old_weighted=False, optimizer='adamw', other_ratio=False, random_percentage=0.2, ratio_reg=False, remark='', save_step=10000, second_layer_C=False, seed=1, stride_size=1, sz_embedding=32, three_conv_layer=False, train=True, two_conv_layer=True, two_encoder=False, use_early_stopping=True, use_scheduler=True, warm=1, without_acc=False, z_struct_size=20, zeros_W_Classif=False, zvar_sim_change_zvar=False, zvar_sim_loss_for_all_model=False, zvar_sim_loss_only_for_encoder=False, zvar_sim_normal=False, zvar_sim_var_rand=False)
CUDA Visible devices !
Balanced samples per class
Custom_CNN_BK(
  (net): Sequential(
    (0): Conv2d(1, 32, kernel_size=(8, 8), stride=(1, 1))
    (1): BatchNorm2d(32, eps=1e-05, momentum=0.1, affine=True, track_running_stats=True)
    (2): ReLU(inplace=True)
    (3): Conv2d(32, 32, kernel_size=(4, 4), stride=(1, 1))
    (4): BatchNorm2d(32, eps=1e-05, momentum=0.1, affine=True, track_running_stats=True)
    (5): ReLU(inplace=True)
    (6): AdaptiveMaxPool2d(output_size=(1, 1))
    (7): View()
    (8): Linear(in_features=32, out_features=20, bias=True)
    (9): BatchNorm1d(20, eps=1e-05, momentum=0.1, affine=True, track_running_stats=True)
    (10): ReLU(inplace=True)
    (11): Dropout(p=0.4, inplace=False)
    (12): Linear(in_features=20, out_features=30, bias=True)
    (13): BatchNorm1d(30, eps=1e-05, momentum=0.1, affine=True, track_running_stats=True)
    (14): ReLU(inplace=True)
    (15): Dropout(p=0.4, inplace=False)
    (16): Linear(in_features=30, out_features=10, bias=True)
    (17): Softmax(dim=None)
  )
)
The number of parameters of model is 20324
use 1 gpu who named: GeForce GTX 1080 Ti
=> loaded sample_scores and losses
=> no checkpoint found at 'checkpoints_CNN/mnist_classif_distance_intra_class_max_mean_5_1_balanced_dataset/last'
=> saved checkpoint 'checkpoints_CNN/mnist_classif_distance_intra_class_max_mean_5_1_balanced_dataset/last' (iter 264, epoch 1.0)
=> saved checkpoint 'checkpoint_scores_CNN/mnist_classif_distance_intra_class_max_mean_5_1_balanced_dataset/last' (iter 264, epoch 1.0)
[Save Checkpoint] epoch: [1.0], Train score:73.41167, Test score:66.10000, train loss:-0.54262, test loss:-0.54481, ratio_train_loss:0.00000,ratio_test_loss:0.00000, total_loss_train:-0.54262,total_loss_test:-0.54481, var distance inter class train:0.00150,var distance inter class test:0.00164
=> saved checkpoint 'checkpoints_CNN/mnist_classif_distance_intra_class_max_mean_5_1_balanced_dataset/last' (iter 528, epoch 2.0)
=> saved checkpoint 'checkpoint_scores_CNN/mnist_classif_distance_intra_class_max_mean_5_1_balanced_dataset/last' (iter 528, epoch 2.0)
[Save Checkpoint] epoch: [2.0], Train score:100.59167, Test score:89.28000, train loss:-0.85853, test loss:-0.85820, ratio_train_loss:0.00000,ratio_test_loss:0.00000, total_loss_train:-0.85853,total_loss_test:-0.85820, var distance inter class train:0.00117,var distance inter class test:0.00124
=> saved checkpoint 'checkpoints_CNN/mnist_classif_distance_intra_class_max_mean_5_1_balanced_dataset/last' (iter 792, epoch 3.0)
=> saved checkpoint 'checkpoint_scores_CNN/mnist_classif_distance_intra_class_max_mean_5_1_balanced_dataset/last' (iter 792, epoch 3.0)
[Save Checkpoint] epoch: [3.0], Train score:103.80500, Test score:92.38000, train loss:-0.91055, test loss:-0.91145, ratio_train_loss:0.00000,ratio_test_loss:0.00000, total_loss_train:-0.91055,total_loss_test:-0.91145, var distance inter class train:0.00080,var distance inter class test:0.00080
=> saved checkpoint 'checkpoints_CNN/mnist_classif_distance_intra_class_max_mean_5_1_balanced_dataset/last' (iter 1056, epoch 4.0)
=> saved checkpoint 'checkpoint_scores_CNN/mnist_classif_distance_intra_class_max_mean_5_1_balanced_dataset/last' (iter 1056, epoch 4.0)
[Save Checkpoint] epoch: [4.0], Train score:105.51333, Test score:93.77000, train loss:-0.93136, test loss:-0.93158, ratio_train_loss:0.00000,ratio_test_loss:0.00000, total_loss_train:-0.93136,total_loss_test:-0.93158, var distance inter class train:0.00061,var distance inter class test:0.00066
=> saved checkpoint 'checkpoints_CNN/mnist_classif_distance_intra_class_max_mean_5_1_balanced_dataset/last' (iter 1320, epoch 5.0)
=> saved checkpoint 'checkpoint_scores_CNN/mnist_classif_distance_intra_class_max_mean_5_1_balanced_dataset/last' (iter 1320, epoch 5.0)
[Save Checkpoint] epoch: [5.0], Train score:106.28667, Test score:94.24000, train loss:-0.94080, test loss:-0.93834, ratio_train_loss:0.00000,ratio_test_loss:0.00000, total_loss_train:-0.94080,total_loss_test:-0.93834, var distance inter class train:0.00045,var distance inter class test:0.00046
=> saved checkpoint 'checkpoints_CNN/mnist_classif_distance_intra_class_max_mean_5_1_balanced_dataset/last' (iter 1584, epoch 6.0)
=> saved checkpoint 'checkpoint_scores_CNN/mnist_classif_distance_intra_class_max_mean_5_1_balanced_dataset/last' (iter 1584, epoch 6.0)
[Save Checkpoint] epoch: [6.0], Train score:106.42167, Test score:94.37000, train loss:-0.94241, test loss:-0.94081, ratio_train_loss:0.00000,ratio_test_loss:0.00000, total_loss_train:-0.94241,total_loss_test:-0.94081, var distance inter class train:0.00044,var distance inter class test:0.00048
=> saved checkpoint 'checkpoints_CNN/mnist_classif_distance_intra_class_max_mean_5_1_balanced_dataset/last' (iter 1848, epoch 7.0)
=> saved checkpoint 'checkpoint_scores_CNN/mnist_classif_distance_intra_class_max_mean_5_1_balanced_dataset/last' (iter 1848, epoch 7.0)
[Save Checkpoint] epoch: [7.0], Train score:106.33000, Test score:94.56000, train loss:-0.94172, test loss:-0.94129, ratio_train_loss:0.00000,ratio_test_loss:0.00000, total_loss_train:-0.94172,total_loss_test:-0.94129, var distance inter class train:0.00043,var distance inter class test:0.00041
=> saved checkpoint 'checkpoints_CNN/mnist_classif_distance_intra_class_max_mean_5_1_balanced_dataset/last' (iter 2112, epoch 8.0)
=> saved checkpoint 'checkpoint_scores_CNN/mnist_classif_distance_intra_class_max_mean_5_1_balanced_dataset/last' (iter 2112, epoch 8.0)
[Save Checkpoint] epoch: [8.0], Train score:107.70333, Test score:95.61000, train loss:-0.95529, test loss:-0.95413, ratio_train_loss:0.00000,ratio_test_loss:0.00000, total_loss_train:-0.95529,total_loss_test:-0.95413, var distance inter class train:0.00026,var distance inter class test:0.00028
=> saved checkpoint 'checkpoints_CNN/mnist_classif_distance_intra_class_max_mean_5_1_balanced_dataset/last' (iter 2376, epoch 9.0)
=> saved checkpoint 'checkpoint_scores_CNN/mnist_classif_distance_intra_class_max_mean_5_1_balanced_dataset/last' (iter 2376, epoch 9.0)
EarlyStopping counter: 1 out of 10
[Save Checkpoint] epoch: [9.0], Train score:107.40333, Test score:95.28000, train loss:-0.95309, test loss:-0.95141, ratio_train_loss:0.00000,ratio_test_loss:0.00000, total_loss_train:-0.95309,total_loss_test:-0.95141, var distance inter class train:0.00035,var distance inter class test:0.00042
=> saved checkpoint 'checkpoints_CNN/mnist_classif_distance_intra_class_max_mean_5_1_balanced_dataset/last' (iter 2640, epoch 10.0)
=> saved checkpoint 'checkpoint_scores_CNN/mnist_classif_distance_intra_class_max_mean_5_1_balanced_dataset/last' (iter 2640, epoch 10.0)
EarlyStopping counter: 2 out of 10
[Save Checkpoint] epoch: [10.0], Train score:106.89833, Test score:94.75000, train loss:-0.94898, test loss:-0.94414, ratio_train_loss:0.00000,ratio_test_loss:0.00000, total_loss_train:-0.94898,total_loss_test:-0.94414, var distance inter class train:0.00038,var distance inter class test:0.00040
=> saved checkpoint 'checkpoints_CNN/mnist_classif_distance_intra_class_max_mean_5_1_balanced_dataset/last' (iter 2904, epoch 11.0)
=> saved checkpoint 'checkpoint_scores_CNN/mnist_classif_distance_intra_class_max_mean_5_1_balanced_dataset/last' (iter 2904, epoch 11.0)
[Save Checkpoint] epoch: [11.0], Train score:107.98000, Test score:95.78000, train loss:-0.95948, test loss:-0.95778, ratio_train_loss:0.00000,ratio_test_loss:0.00000, total_loss_train:-0.95948,total_loss_test:-0.95778, var distance inter class train:0.00031,var distance inter class test:0.00032
=> saved checkpoint 'checkpoints_CNN/mnist_classif_distance_intra_class_max_mean_5_1_balanced_dataset/last' (iter 3168, epoch 12.0)
=> saved checkpoint 'checkpoint_scores_CNN/mnist_classif_distance_intra_class_max_mean_5_1_balanced_dataset/last' (iter 3168, epoch 12.0)
[Save Checkpoint] epoch: [12.0], Train score:108.60333, Test score:96.44000, train loss:-0.96467, test loss:-0.96387, ratio_train_loss:0.00000,ratio_test_loss:0.00000, total_loss_train:-0.96467,total_loss_test:-0.96387, var distance inter class train:0.00022,var distance inter class test:0.00024
=> saved checkpoint 'checkpoints_CNN/mnist_classif_distance_intra_class_max_mean_5_1_balanced_dataset/last' (iter 3432, epoch 13.0)
=> saved checkpoint 'checkpoint_scores_CNN/mnist_classif_distance_intra_class_max_mean_5_1_balanced_dataset/last' (iter 3432, epoch 13.0)
EarlyStopping counter: 1 out of 10
[Save Checkpoint] epoch: [13.0], Train score:107.92333, Test score:95.80000, train loss:-0.95907, test loss:-0.95601, ratio_train_loss:0.00000,ratio_test_loss:0.00000, total_loss_train:-0.95907,total_loss_test:-0.95601, var distance inter class train:0.00028,var distance inter class test:0.00031
=> saved checkpoint 'checkpoints_CNN/mnist_classif_distance_intra_class_max_mean_5_1_balanced_dataset/last' (iter 3696, epoch 14.0)
=> saved checkpoint 'checkpoint_scores_CNN/mnist_classif_distance_intra_class_max_mean_5_1_balanced_dataset/last' (iter 3696, epoch 14.0)
[Save Checkpoint] epoch: [14.0], Train score:108.64333, Test score:96.57000, train loss:-0.96568, test loss:-0.96440, ratio_train_loss:0.00000,ratio_test_loss:0.00000, total_loss_train:-0.96568,total_loss_test:-0.96440, var distance inter class train:0.00025,var distance inter class test:0.00030
=> saved checkpoint 'checkpoints_CNN/mnist_classif_distance_intra_class_max_mean_5_1_balanced_dataset/last' (iter 3960, epoch 15.0)
=> saved checkpoint 'checkpoint_scores_CNN/mnist_classif_distance_intra_class_max_mean_5_1_balanced_dataset/last' (iter 3960, epoch 15.0)
EarlyStopping counter: 1 out of 10
[Save Checkpoint] epoch: [15.0], Train score:108.40167, Test score:96.15000, train loss:-0.96331, test loss:-0.95945, ratio_train_loss:0.00000,ratio_test_loss:0.00000, total_loss_train:-0.96331,total_loss_test:-0.95945, var distance inter class train:0.00025,var distance inter class test:0.00028
=> saved checkpoint 'checkpoints_CNN/mnist_classif_distance_intra_class_max_mean_5_1_balanced_dataset/last' (iter 4224, epoch 16.0)
=> saved checkpoint 'checkpoint_scores_CNN/mnist_classif_distance_intra_class_max_mean_5_1_balanced_dataset/last' (iter 4224, epoch 16.0)
[Save Checkpoint] epoch: [16.0], Train score:109.03833, Test score:96.73000, train loss:-0.96953, test loss:-0.96681, ratio_train_loss:0.00000,ratio_test_loss:0.00000, total_loss_train:-0.96953,total_loss_test:-0.96681, var distance inter class train:0.00022,var distance inter class test:0.00023
=> saved checkpoint 'checkpoints_CNN/mnist_classif_distance_intra_class_max_mean_5_1_balanced_dataset/last' (iter 4488, epoch 17.0)
=> saved checkpoint 'checkpoint_scores_CNN/mnist_classif_distance_intra_class_max_mean_5_1_balanced_dataset/last' (iter 4488, epoch 17.0)
EarlyStopping counter: 1 out of 10
[Save Checkpoint] epoch: [17.0], Train score:108.38833, Test score:96.07000, train loss:-0.96342, test loss:-0.95851, ratio_train_loss:0.00000,ratio_test_loss:0.00000, total_loss_train:-0.96342,total_loss_test:-0.95851, var distance inter class train:0.00022,var distance inter class test:0.00022
=> saved checkpoint 'checkpoints_CNN/mnist_classif_distance_intra_class_max_mean_5_1_balanced_dataset/last' (iter 4752, epoch 18.0)
=> saved checkpoint 'checkpoint_scores_CNN/mnist_classif_distance_intra_class_max_mean_5_1_balanced_dataset/last' (iter 4752, epoch 18.0)
[Save Checkpoint] epoch: [18.0], Train score:109.03167, Test score:96.73000, train loss:-0.96904, test loss:-0.96700, ratio_train_loss:0.00000,ratio_test_loss:0.00000, total_loss_train:-0.96904,total_loss_test:-0.96700, var distance inter class train:0.00021,var distance inter class test:0.00020
=> saved checkpoint 'checkpoints_CNN/mnist_classif_distance_intra_class_max_mean_5_1_balanced_dataset/last' (iter 5016, epoch 19.0)
=> saved checkpoint 'checkpoint_scores_CNN/mnist_classif_distance_intra_class_max_mean_5_1_balanced_dataset/last' (iter 5016, epoch 19.0)
[Save Checkpoint] epoch: [19.0], Train score:109.18833, Test score:96.89000, train loss:-0.97082, test loss:-0.96869, ratio_train_loss:0.00000,ratio_test_loss:0.00000, total_loss_train:-0.97082,total_loss_test:-0.96869, var distance inter class train:0.00015,var distance inter class test:0.00018
=> saved checkpoint 'checkpoints_CNN/mnist_classif_distance_intra_class_max_mean_5_1_balanced_dataset/last' (iter 5280, epoch 20.0)
=> saved checkpoint 'checkpoint_scores_CNN/mnist_classif_distance_intra_class_max_mean_5_1_balanced_dataset/last' (iter 5280, epoch 20.0)
[Save Checkpoint] epoch: [20.0], Train score:109.37167, Test score:97.18000, train loss:-0.97255, test loss:-0.97156, ratio_train_loss:0.00000,ratio_test_loss:0.00000, total_loss_train:-0.97255,total_loss_test:-0.97156, var distance inter class train:0.00017,var distance inter class test:0.00020
=> saved checkpoint 'checkpoints_CNN/mnist_classif_distance_intra_class_max_mean_5_1_balanced_dataset/last' (iter 5544, epoch 21.0)
=> saved checkpoint 'checkpoint_scores_CNN/mnist_classif_distance_intra_class_max_mean_5_1_balanced_dataset/last' (iter 5544, epoch 21.0)
EarlyStopping counter: 1 out of 10
[Save Checkpoint] epoch: [21.0], Train score:109.29333, Test score:96.96000, train loss:-0.97189, test loss:-0.96967, ratio_train_loss:0.00000,ratio_test_loss:0.00000, total_loss_train:-0.97189,total_loss_test:-0.96967, var distance inter class train:0.00016,var distance inter class test:0.00018
=> saved checkpoint 'checkpoints_CNN/mnist_classif_distance_intra_class_max_mean_5_1_balanced_dataset/last' (iter 5808, epoch 22.0)
=> saved checkpoint 'checkpoint_scores_CNN/mnist_classif_distance_intra_class_max_mean_5_1_balanced_dataset/last' (iter 5808, epoch 22.0)
EarlyStopping counter: 2 out of 10
[Save Checkpoint] epoch: [22.0], Train score:109.01333, Test score:96.78000, train loss:-0.96934, test loss:-0.96801, ratio_train_loss:0.00000,ratio_test_loss:0.00000, total_loss_train:-0.96934,total_loss_test:-0.96801, var distance inter class train:0.00016,var distance inter class test:0.00018
=> saved checkpoint 'checkpoints_CNN/mnist_classif_distance_intra_class_max_mean_5_1_balanced_dataset/last' (iter 6072, epoch 23.0)
=> saved checkpoint 'checkpoint_scores_CNN/mnist_classif_distance_intra_class_max_mean_5_1_balanced_dataset/last' (iter 6072, epoch 23.0)
EarlyStopping counter: 3 out of 10
[Save Checkpoint] epoch: [23.0], Train score:109.22333, Test score:97.02000, train loss:-0.97154, test loss:-0.96857, ratio_train_loss:0.00000,ratio_test_loss:0.00000, total_loss_train:-0.97154,total_loss_test:-0.96857, var distance inter class train:0.00018,var distance inter class test:0.00021
=> saved checkpoint 'checkpoints_CNN/mnist_classif_distance_intra_class_max_mean_5_1_balanced_dataset/last' (iter 6336, epoch 24.0)
=> saved checkpoint 'checkpoint_scores_CNN/mnist_classif_distance_intra_class_max_mean_5_1_balanced_dataset/last' (iter 6336, epoch 24.0)
EarlyStopping counter: 4 out of 10
[Save Checkpoint] epoch: [24.0], Train score:108.70000, Test score:96.44000, train loss:-0.96652, test loss:-0.96375, ratio_train_loss:0.00000,ratio_test_loss:0.00000, total_loss_train:-0.96652,total_loss_test:-0.96375, var distance inter class train:0.00019,var distance inter class test:0.00022
=> saved checkpoint 'checkpoints_CNN/mnist_classif_distance_intra_class_max_mean_5_1_balanced_dataset/last' (iter 6600, epoch 25.0)
=> saved checkpoint 'checkpoint_scores_CNN/mnist_classif_distance_intra_class_max_mean_5_1_balanced_dataset/last' (iter 6600, epoch 25.0)
EarlyStopping counter: 5 out of 10
[Save Checkpoint] epoch: [25.0], Train score:109.15667, Test score:96.76000, train loss:-0.97059, test loss:-0.96798, ratio_train_loss:0.00000,ratio_test_loss:0.00000, total_loss_train:-0.97059,total_loss_test:-0.96798, var distance inter class train:0.00016,var distance inter class test:0.00018
=> saved checkpoint 'checkpoints_CNN/mnist_classif_distance_intra_class_max_mean_5_1_balanced_dataset/last' (iter 6864, epoch 26.0)
=> saved checkpoint 'checkpoint_scores_CNN/mnist_classif_distance_intra_class_max_mean_5_1_balanced_dataset/last' (iter 6864, epoch 26.0)
EarlyStopping counter: 6 out of 10
[Save Checkpoint] epoch: [26.0], Train score:109.35500, Test score:96.78000, train loss:-0.97250, test loss:-0.96802, ratio_train_loss:0.00000,ratio_test_loss:0.00000, total_loss_train:-0.97250,total_loss_test:-0.96802, var distance inter class train:0.00018,var distance inter class test:0.00019
=> saved checkpoint 'checkpoints_CNN/mnist_classif_distance_intra_class_max_mean_5_1_balanced_dataset/last' (iter 7128, epoch 27.0)
=> saved checkpoint 'checkpoint_scores_CNN/mnist_classif_distance_intra_class_max_mean_5_1_balanced_dataset/last' (iter 7128, epoch 27.0)
[Save Checkpoint] epoch: [27.0], Train score:109.84167, Test score:97.41000, train loss:-0.97680, test loss:-0.97422, ratio_train_loss:0.00000,ratio_test_loss:0.00000, total_loss_train:-0.97680,total_loss_test:-0.97422, var distance inter class train:0.00020,var distance inter class test:0.00023
=> saved checkpoint 'checkpoints_CNN/mnist_classif_distance_intra_class_max_mean_5_1_balanced_dataset/last' (iter 7392, epoch 28.0)
=> saved checkpoint 'checkpoint_scores_CNN/mnist_classif_distance_intra_class_max_mean_5_1_balanced_dataset/last' (iter 7392, epoch 28.0)
EarlyStopping counter: 1 out of 10
[Save Checkpoint] epoch: [28.0], Train score:109.47333, Test score:97.02000, train loss:-0.97344, test loss:-0.96991, ratio_train_loss:0.00000,ratio_test_loss:0.00000, total_loss_train:-0.97344,total_loss_test:-0.96991, var distance inter class train:0.00012,var distance inter class test:0.00013
=> saved checkpoint 'checkpoints_CNN/mnist_classif_distance_intra_class_max_mean_5_1_balanced_dataset/last' (iter 7656, epoch 29.0)
=> saved checkpoint 'checkpoint_scores_CNN/mnist_classif_distance_intra_class_max_mean_5_1_balanced_dataset/last' (iter 7656, epoch 29.0)
EarlyStopping counter: 2 out of 10
[Save Checkpoint] epoch: [29.0], Train score:109.48167, Test score:97.09000, train loss:-0.97383, test loss:-0.97062, ratio_train_loss:0.00000,ratio_test_loss:0.00000, total_loss_train:-0.97383,total_loss_test:-0.97062, var distance inter class train:0.00015,var distance inter class test:0.00017
=> saved checkpoint 'checkpoints_CNN/mnist_classif_distance_intra_class_max_mean_5_1_balanced_dataset/last' (iter 7920, epoch 30.0)
=> saved checkpoint 'checkpoint_scores_CNN/mnist_classif_distance_intra_class_max_mean_5_1_balanced_dataset/last' (iter 7920, epoch 30.0)
EarlyStopping counter: 3 out of 10
[Save Checkpoint] epoch: [30.0], Train score:109.35333, Test score:97.10000, train loss:-0.97244, test loss:-0.97105, ratio_train_loss:0.00000,ratio_test_loss:0.00000, total_loss_train:-0.97244,total_loss_test:-0.97105, var distance inter class train:0.00019,var distance inter class test:0.00020
=> saved checkpoint 'checkpoints_CNN/mnist_classif_distance_intra_class_max_mean_5_1_balanced_dataset/last' (iter 8184, epoch 31.0)
=> saved checkpoint 'checkpoint_scores_CNN/mnist_classif_distance_intra_class_max_mean_5_1_balanced_dataset/last' (iter 8184, epoch 31.0)
EarlyStopping counter: 4 out of 10
[Save Checkpoint] epoch: [31.0], Train score:109.01833, Test score:96.74000, train loss:-0.96959, test loss:-0.96664, ratio_train_loss:0.00000,ratio_test_loss:0.00000, total_loss_train:-0.96959,total_loss_test:-0.96664, var distance inter class train:0.00010,var distance inter class test:0.00012
=> saved checkpoint 'checkpoints_CNN/mnist_classif_distance_intra_class_max_mean_5_1_balanced_dataset/last' (iter 8448, epoch 32.0)
=> saved checkpoint 'checkpoint_scores_CNN/mnist_classif_distance_intra_class_max_mean_5_1_balanced_dataset/last' (iter 8448, epoch 32.0)
[Save Checkpoint] epoch: [32.0], Train score:109.94667, Test score:97.51000, train loss:-0.97830, test loss:-0.97503, ratio_train_loss:0.00000,ratio_test_loss:0.00000, total_loss_train:-0.97830,total_loss_test:-0.97503, var distance inter class train:0.00013,var distance inter class test:0.00014
=> saved checkpoint 'checkpoints_CNN/mnist_classif_distance_intra_class_max_mean_5_1_balanced_dataset/last' (iter 8712, epoch 33.0)
=> saved checkpoint 'checkpoint_scores_CNN/mnist_classif_distance_intra_class_max_mean_5_1_balanced_dataset/last' (iter 8712, epoch 33.0)
EarlyStopping counter: 1 out of 10
[Save Checkpoint] epoch: [33.0], Train score:109.28167, Test score:96.67000, train loss:-0.97184, test loss:-0.96700, ratio_train_loss:0.00000,ratio_test_loss:0.00000, total_loss_train:-0.97184,total_loss_test:-0.96700, var distance inter class train:0.00012,var distance inter class test:0.00013
=> saved checkpoint 'checkpoints_CNN/mnist_classif_distance_intra_class_max_mean_5_1_balanced_dataset/last' (iter 8976, epoch 34.0)
=> saved checkpoint 'checkpoint_scores_CNN/mnist_classif_distance_intra_class_max_mean_5_1_balanced_dataset/last' (iter 8976, epoch 34.0)
[Save Checkpoint] epoch: [34.0], Train score:109.63333, Test score:97.51000, train loss:-0.97529, test loss:-0.97523, ratio_train_loss:0.00000,ratio_test_loss:0.00000, total_loss_train:-0.97529,total_loss_test:-0.97523, var distance inter class train:0.00012,var distance inter class test:0.00015
=> saved checkpoint 'checkpoints_CNN/mnist_classif_distance_intra_class_max_mean_5_1_balanced_dataset/last' (iter 9240, epoch 35.0)
=> saved checkpoint 'checkpoint_scores_CNN/mnist_classif_distance_intra_class_max_mean_5_1_balanced_dataset/last' (iter 9240, epoch 35.0)
EarlyStopping counter: 1 out of 10
[Save Checkpoint] epoch: [35.0], Train score:109.98667, Test score:97.52000, train loss:-0.97829, test loss:-0.97511, ratio_train_loss:0.00000,ratio_test_loss:0.00000, total_loss_train:-0.97829,total_loss_test:-0.97511, var distance inter class train:0.00019,var distance inter class test:0.00021
=> saved checkpoint 'checkpoints_CNN/mnist_classif_distance_intra_class_max_mean_5_1_balanced_dataset/last' (iter 9504, epoch 36.0)
=> saved checkpoint 'checkpoint_scores_CNN/mnist_classif_distance_intra_class_max_mean_5_1_balanced_dataset/last' (iter 9504, epoch 36.0)
EarlyStopping counter: 2 out of 10
[Save Checkpoint] epoch: [36.0], Train score:109.72000, Test score:97.24000, train loss:-0.97605, test loss:-0.97276, ratio_train_loss:0.00000,ratio_test_loss:0.00000, total_loss_train:-0.97605,total_loss_test:-0.97276, var distance inter class train:0.00013,var distance inter class test:0.00015
=> saved checkpoint 'checkpoints_CNN/mnist_classif_distance_intra_class_max_mean_5_1_balanced_dataset/last' (iter 9768, epoch 37.0)
=> saved checkpoint 'checkpoint_scores_CNN/mnist_classif_distance_intra_class_max_mean_5_1_balanced_dataset/last' (iter 9768, epoch 37.0)
EarlyStopping counter: 3 out of 10
[Save Checkpoint] epoch: [37.0], Train score:109.81333, Test score:97.28000, train loss:-0.97689, test loss:-0.97291, ratio_train_loss:0.00000,ratio_test_loss:0.00000, total_loss_train:-0.97689,total_loss_test:-0.97291, var distance inter class train:0.00010,var distance inter class test:0.00013
=> saved checkpoint 'checkpoints_CNN/mnist_classif_distance_intra_class_max_mean_5_1_balanced_dataset/last' (iter 10032, epoch 38.0)
=> saved checkpoint 'checkpoint_scores_CNN/mnist_classif_distance_intra_class_max_mean_5_1_balanced_dataset/last' (iter 10032, epoch 38.0)
EarlyStopping counter: 4 out of 10
[Save Checkpoint] epoch: [38.0], Train score:109.25167, Test score:96.97000, train loss:-0.97181, test loss:-0.96949, ratio_train_loss:0.00000,ratio_test_loss:0.00000, total_loss_train:-0.97181,total_loss_test:-0.96949, var distance inter class train:0.00013,var distance inter class test:0.00015
=> saved checkpoint 'checkpoints_CNN/mnist_classif_distance_intra_class_max_mean_5_1_balanced_dataset/last' (iter 10296, epoch 39.0)
