245
--dataset mnist --model CNN --gpu_devices 0 1 --max_iter 50 --batch_size 256 --ckpt_dir checkpoints_CNN --ckpt_dir_scores checkpoint_scores_CNN --use_scheduler True --GMP True --lr 1e-3 --z_struct_size 20 --add_classification_layer True --classif_layer_size 30 --is_default_model False --is_custom_model False --is_custom_model_BK True --big_kernel_size 8 --two_conv_layer True --three_conv_layer False --BK_in_first_layer True --BK_in_second_layer False --BK_in_third_layer False --stride_size 1 --hidden_filters_layer1 32 --hidden_filters_layer2 32 --hidden_filters_layer3 32 --ratio_reg True --lambda_ratio_reg 0.1 --lambda_class 1 --other_ratio False --loss_min_distance_cl False --lambda_var_distance 1 --intra_class_variance_loss True --lambda_intra_class_var 0.01 --contrastive_loss False --lambda_contrastive_loss 1 --alpha 32 --loss Proxy_Anchor --optimizer adamw --mrg 0.1 --IPC False --warm 1 --sz_embedding 32 --dataset_balanced True --exp_name mnist_classif_ratio_variacnce_intra_4_3_balanced_dataset
Namespace(BK_in_first_layer=True, BK_in_second_layer=False, BK_in_third_layer=False, BN=False, C_max=25, C_stop_iter=100000.0, E1_AE=False, E1_VAE=False, E1_conv=False, E1_dense=False, E1_second_conv=False, E1_second_conv_adapt=False, GMP=True, IPC=False, L1_norm_act=False, L1_norm_weights=False, L3_without_random=False, LOG_DIR='logs', adapt_lr=False, add_classification_layer=True, add_linear_after_GMP=True, add_z_struct_bottleneck=False, alpha=32.0, batch_size=256, beta=1, beta1=0.9, beta2=0.999, big_kernel=False, big_kernel_size=[8], binary_z=False, ckpt_dir='checkpoints_CNN', ckpt_dir_scores='checkpoint_scores_CNN', classif_layer_size=30, contrastive_loss=False, cuda=True, dataset='mnist', dataset_balanced=True, display_step=10000, dset_dir='data', exp_name='mnist_classif_ratio_variacnce_intra_4_3_balanced_dataset', gamma=1000, gpu_devices=[0, 1], hidden_filters_layer1=32, hidden_filters_layer2=32, hidden_filters_layer3=32, image_size=64, intra_class_variance_loss=True, is_C=True, is_E1=False, is_binary_structural_latent=False, is_custom_model=False, is_custom_model_BK=True, is_default_model=False, is_noise_stats=False, is_partial_rand_class=False, is_perturbed_score=False, is_zvar_sim_loss=False, just_train=False, kernel_size=4, lambda_Kl_struct=1, lambda_Kl_var=1, lambda_L1=0.01, lambda_VAE=1, lambda_class=1.0, lambda_contrastive_loss=1.0, lambda_distance_mean=1, lambda_intra_class_var=0.01, lambda_partial_class=1, lambda_ratio_reg=0.1, lambda_recon_wt_rand=1, lambda_recons=1, lambda_var_distance=1.0, lambda_zvar_sim=1, latent_spec_cont=None, latent_spec_cont_class=None, latent_spec_cont_var=None, latent_spec_disc=None, latent_spec_disc_class=None, latent_spec_disc_var=None, log_level='info', loss='Proxy_Anchor', loss_distance_mean=False, loss_min_distance_cl=False, lr=0.001, max_iter=50.0, model='CNN', mrg=0.1, num_workers=2, old_weighted=False, optimizer='adamw', other_ratio=False, random_percentage=0.2, ratio_reg=True, remark='', save_step=10000, second_layer_C=False, seed=1, stride_size=1, sz_embedding=32, three_conv_layer=False, train=True, two_conv_layer=True, two_encoder=False, use_early_stopping=True, use_scheduler=True, warm=1, without_acc=False, z_struct_size=20, zeros_W_Classif=False, zvar_sim_change_zvar=False, zvar_sim_loss_for_all_model=False, zvar_sim_loss_only_for_encoder=False, zvar_sim_normal=False, zvar_sim_var_rand=False)
CUDA Visible devices !
Balanced samples per class
Custom_CNN_BK(
  (net): Sequential(
    (0): Conv2d(1, 32, kernel_size=(8, 8), stride=(1, 1))
    (1): BatchNorm2d(32, eps=1e-05, momentum=0.1, affine=True, track_running_stats=True)
    (2): ReLU(inplace=True)
    (3): Conv2d(32, 32, kernel_size=(4, 4), stride=(1, 1))
    (4): BatchNorm2d(32, eps=1e-05, momentum=0.1, affine=True, track_running_stats=True)
    (5): ReLU(inplace=True)
    (6): AdaptiveMaxPool2d(output_size=(1, 1))
    (7): View()
    (8): Linear(in_features=32, out_features=20, bias=True)
    (9): BatchNorm1d(20, eps=1e-05, momentum=0.1, affine=True, track_running_stats=True)
    (10): ReLU(inplace=True)
    (11): Dropout(p=0.4, inplace=False)
    (12): Linear(in_features=20, out_features=30, bias=True)
    (13): BatchNorm1d(30, eps=1e-05, momentum=0.1, affine=True, track_running_stats=True)
    (14): ReLU(inplace=True)
    (15): Dropout(p=0.4, inplace=False)
    (16): Linear(in_features=30, out_features=10, bias=True)
    (17): Softmax(dim=None)
  )
)
The number of parameters of model is 20324
use 1 gpu who named: Tesla K40m
=> loaded sample_scores and losses
=> no checkpoint found at 'checkpoints_CNN/mnist_classif_ratio_variacnce_intra_4_3_balanced_dataset/last'
=> saved checkpoint 'checkpoints_CNN/mnist_classif_ratio_variacnce_intra_4_3_balanced_dataset/last' (iter 264, epoch 1.0)
=> saved checkpoint 'checkpoint_scores_CNN/mnist_classif_ratio_variacnce_intra_4_3_balanced_dataset/last' (iter 264, epoch 1.0)
[Save Checkpoint] epoch: [1.0], Train score:85.33000, Test score:76.28000, train loss:-0.69909, test loss:-0.70632, ratio_train_loss:0.34804,ratio_test_loss:0.32353, total_loss_train:-0.35106,total_loss_test:-0.38279, var distance inter class train:0.00000,var distance inter class test:0.00000
=> saved checkpoint 'checkpoints_CNN/mnist_classif_ratio_variacnce_intra_4_3_balanced_dataset/last' (iter 528, epoch 2.0)
=> saved checkpoint 'checkpoint_scores_CNN/mnist_classif_ratio_variacnce_intra_4_3_balanced_dataset/last' (iter 528, epoch 2.0)
[Save Checkpoint] epoch: [2.0], Train score:105.88333, Test score:94.64000, train loss:-0.91981, test loss:-0.92392, ratio_train_loss:0.28545,ratio_test_loss:0.26468, total_loss_train:-0.63436,total_loss_test:-0.65924, var distance inter class train:0.00000,var distance inter class test:0.00000
=> saved checkpoint 'checkpoints_CNN/mnist_classif_ratio_variacnce_intra_4_3_balanced_dataset/last' (iter 792, epoch 3.0)
=> saved checkpoint 'checkpoint_scores_CNN/mnist_classif_ratio_variacnce_intra_4_3_balanced_dataset/last' (iter 792, epoch 3.0)
[Save Checkpoint] epoch: [3.0], Train score:107.72000, Test score:95.85000, train loss:-0.94944, test loss:-0.95052, ratio_train_loss:0.25019,ratio_test_loss:0.23305, total_loss_train:-0.69924,total_loss_test:-0.71747, var distance inter class train:0.00000,var distance inter class test:0.00000
=> saved checkpoint 'checkpoints_CNN/mnist_classif_ratio_variacnce_intra_4_3_balanced_dataset/last' (iter 1056, epoch 4.0)
=> saved checkpoint 'checkpoint_scores_CNN/mnist_classif_ratio_variacnce_intra_4_3_balanced_dataset/last' (iter 1056, epoch 4.0)
[Save Checkpoint] epoch: [4.0], Train score:107.65333, Test score:95.70000, train loss:-0.95105, test loss:-0.95219, ratio_train_loss:0.24729,ratio_test_loss:0.23045, total_loss_train:-0.70376,total_loss_test:-0.72174, var distance inter class train:0.00000,var distance inter class test:0.00000
=> saved checkpoint 'checkpoints_CNN/mnist_classif_ratio_variacnce_intra_4_3_balanced_dataset/last' (iter 1320, epoch 5.0)
=> saved checkpoint 'checkpoint_scores_CNN/mnist_classif_ratio_variacnce_intra_4_3_balanced_dataset/last' (iter 1320, epoch 5.0)
[Save Checkpoint] epoch: [5.0], Train score:108.65500, Test score:96.61000, train loss:-0.96299, test loss:-0.96319, ratio_train_loss:0.23360,ratio_test_loss:0.21913, total_loss_train:-0.72939,total_loss_test:-0.74406, var distance inter class train:0.00000,var distance inter class test:0.00000
=> saved checkpoint 'checkpoints_CNN/mnist_classif_ratio_variacnce_intra_4_3_balanced_dataset/last' (iter 1584, epoch 6.0)
=> saved checkpoint 'checkpoint_scores_CNN/mnist_classif_ratio_variacnce_intra_4_3_balanced_dataset/last' (iter 1584, epoch 6.0)
[Save Checkpoint] epoch: [6.0], Train score:108.89000, Test score:96.99000, train loss:-0.96603, test loss:-0.96765, ratio_train_loss:0.22446,ratio_test_loss:0.21027, total_loss_train:-0.74157,total_loss_test:-0.75738, var distance inter class train:0.00000,var distance inter class test:0.00000
=> saved checkpoint 'checkpoints_CNN/mnist_classif_ratio_variacnce_intra_4_3_balanced_dataset/last' (iter 1848, epoch 7.0)
=> saved checkpoint 'checkpoint_scores_CNN/mnist_classif_ratio_variacnce_intra_4_3_balanced_dataset/last' (iter 1848, epoch 7.0)
EarlyStopping counter: 1 out of 10
[Save Checkpoint] epoch: [7.0], Train score:108.81500, Test score:96.66000, train loss:-0.96625, test loss:-0.96534, ratio_train_loss:0.22431,ratio_test_loss:0.20934, total_loss_train:-0.74193,total_loss_test:-0.75599, var distance inter class train:0.00000,var distance inter class test:0.00000
=> saved checkpoint 'checkpoints_CNN/mnist_classif_ratio_variacnce_intra_4_3_balanced_dataset/last' (iter 2112, epoch 8.0)
=> saved checkpoint 'checkpoint_scores_CNN/mnist_classif_ratio_variacnce_intra_4_3_balanced_dataset/last' (iter 2112, epoch 8.0)
[Save Checkpoint] epoch: [8.0], Train score:109.27833, Test score:97.18000, train loss:-0.97022, test loss:-0.96936, ratio_train_loss:0.21712,ratio_test_loss:0.20239, total_loss_train:-0.75310,total_loss_test:-0.76696, var distance inter class train:0.00000,var distance inter class test:0.00000
=> saved checkpoint 'checkpoints_CNN/mnist_classif_ratio_variacnce_intra_4_3_balanced_dataset/last' (iter 2376, epoch 9.0)
=> saved checkpoint 'checkpoint_scores_CNN/mnist_classif_ratio_variacnce_intra_4_3_balanced_dataset/last' (iter 2376, epoch 9.0)
[Save Checkpoint] epoch: [9.0], Train score:109.46667, Test score:97.37000, train loss:-0.97238, test loss:-0.97245, ratio_train_loss:0.21847,ratio_test_loss:0.20458, total_loss_train:-0.75391,total_loss_test:-0.76787, var distance inter class train:0.00000,var distance inter class test:0.00000
=> saved checkpoint 'checkpoints_CNN/mnist_classif_ratio_variacnce_intra_4_3_balanced_dataset/last' (iter 2640, epoch 10.0)
=> saved checkpoint 'checkpoint_scores_CNN/mnist_classif_ratio_variacnce_intra_4_3_balanced_dataset/last' (iter 2640, epoch 10.0)
[Save Checkpoint] epoch: [10.0], Train score:109.34167, Test score:97.21000, train loss:-0.97114, test loss:-0.97064, ratio_train_loss:0.21158,ratio_test_loss:0.19669, total_loss_train:-0.75956,total_loss_test:-0.77395, var distance inter class train:0.00000,var distance inter class test:0.00000
=> saved checkpoint 'checkpoints_CNN/mnist_classif_ratio_variacnce_intra_4_3_balanced_dataset/last' (iter 2904, epoch 11.0)
=> saved checkpoint 'checkpoint_scores_CNN/mnist_classif_ratio_variacnce_intra_4_3_balanced_dataset/last' (iter 2904, epoch 11.0)
[Save Checkpoint] epoch: [11.0], Train score:109.64667, Test score:97.38000, train loss:-0.97441, test loss:-0.97342, ratio_train_loss:0.20693,ratio_test_loss:0.19185, total_loss_train:-0.76748,total_loss_test:-0.78157, var distance inter class train:0.00000,var distance inter class test:0.00000
=> saved checkpoint 'checkpoints_CNN/mnist_classif_ratio_variacnce_intra_4_3_balanced_dataset/last' (iter 3168, epoch 12.0)
=> saved checkpoint 'checkpoint_scores_CNN/mnist_classif_ratio_variacnce_intra_4_3_balanced_dataset/last' (iter 3168, epoch 12.0)
[Save Checkpoint] epoch: [12.0], Train score:109.79167, Test score:97.61000, train loss:-0.97595, test loss:-0.97555, ratio_train_loss:0.20546,ratio_test_loss:0.19189, total_loss_train:-0.77049,total_loss_test:-0.78366, var distance inter class train:0.00000,var distance inter class test:0.00000
=> saved checkpoint 'checkpoints_CNN/mnist_classif_ratio_variacnce_intra_4_3_balanced_dataset/last' (iter 3432, epoch 13.0)
=> saved checkpoint 'checkpoint_scores_CNN/mnist_classif_ratio_variacnce_intra_4_3_balanced_dataset/last' (iter 3432, epoch 13.0)
[Save Checkpoint] epoch: [13.0], Train score:109.57667, Test score:97.25000, train loss:-0.97416, test loss:-0.97242, ratio_train_loss:0.19869,ratio_test_loss:0.18524, total_loss_train:-0.77546,total_loss_test:-0.78718, var distance inter class train:0.00000,var distance inter class test:0.00000
=> saved checkpoint 'checkpoints_CNN/mnist_classif_ratio_variacnce_intra_4_3_balanced_dataset/last' (iter 3696, epoch 14.0)
=> saved checkpoint 'checkpoint_scores_CNN/mnist_classif_ratio_variacnce_intra_4_3_balanced_dataset/last' (iter 3696, epoch 14.0)
[Save Checkpoint] epoch: [14.0], Train score:109.80667, Test score:97.34000, train loss:-0.97630, test loss:-0.97377, ratio_train_loss:0.19897,ratio_test_loss:0.18472, total_loss_train:-0.77733,total_loss_test:-0.78904, var distance inter class train:0.00000,var distance inter class test:0.00000
=> saved checkpoint 'checkpoints_CNN/mnist_classif_ratio_variacnce_intra_4_3_balanced_dataset/last' (iter 3960, epoch 15.0)
=> saved checkpoint 'checkpoint_scores_CNN/mnist_classif_ratio_variacnce_intra_4_3_balanced_dataset/last' (iter 3960, epoch 15.0)
EarlyStopping counter: 1 out of 10
[Save Checkpoint] epoch: [15.0], Train score:109.48167, Test score:97.36000, train loss:-0.97326, test loss:-0.97281, ratio_train_loss:0.19857,ratio_test_loss:0.18558, total_loss_train:-0.77469,total_loss_test:-0.78723, var distance inter class train:0.00000,var distance inter class test:0.00000
=> saved checkpoint 'checkpoints_CNN/mnist_classif_ratio_variacnce_intra_4_3_balanced_dataset/last' (iter 4224, epoch 16.0)
=> saved checkpoint 'checkpoint_scores_CNN/mnist_classif_ratio_variacnce_intra_4_3_balanced_dataset/last' (iter 4224, epoch 16.0)
[Save Checkpoint] epoch: [16.0], Train score:109.72500, Test score:97.45000, train loss:-0.97561, test loss:-0.97424, ratio_train_loss:0.19712,ratio_test_loss:0.18276, total_loss_train:-0.77848,total_loss_test:-0.79148, var distance inter class train:0.00000,var distance inter class test:0.00000
=> saved checkpoint 'checkpoints_CNN/mnist_classif_ratio_variacnce_intra_4_3_balanced_dataset/last' (iter 4488, epoch 17.0)
=> saved checkpoint 'checkpoint_scores_CNN/mnist_classif_ratio_variacnce_intra_4_3_balanced_dataset/last' (iter 4488, epoch 17.0)
[Save Checkpoint] epoch: [17.0], Train score:109.77667, Test score:97.47000, train loss:-0.97618, test loss:-0.97431, ratio_train_loss:0.19463,ratio_test_loss:0.18023, total_loss_train:-0.78155,total_loss_test:-0.79408, var distance inter class train:0.00000,var distance inter class test:0.00000
=> saved checkpoint 'checkpoints_CNN/mnist_classif_ratio_variacnce_intra_4_3_balanced_dataset/last' (iter 4752, epoch 18.0)
=> saved checkpoint 'checkpoint_scores_CNN/mnist_classif_ratio_variacnce_intra_4_3_balanced_dataset/last' (iter 4752, epoch 18.0)
[Save Checkpoint] epoch: [18.0], Train score:109.42833, Test score:97.23000, train loss:-0.97278, test loss:-0.97174, ratio_train_loss:0.18921,ratio_test_loss:0.17572, total_loss_train:-0.78357,total_loss_test:-0.79602, var distance inter class train:0.00000,var distance inter class test:0.00000
=> saved checkpoint 'checkpoints_CNN/mnist_classif_ratio_variacnce_intra_4_3_balanced_dataset/last' (iter 5016, epoch 19.0)
=> saved checkpoint 'checkpoint_scores_CNN/mnist_classif_ratio_variacnce_intra_4_3_balanced_dataset/last' (iter 5016, epoch 19.0)
[Save Checkpoint] epoch: [19.0], Train score:109.70167, Test score:97.35000, train loss:-0.97547, test loss:-0.97327, ratio_train_loss:0.18764,ratio_test_loss:0.17339, total_loss_train:-0.78782,total_loss_test:-0.79988, var distance inter class train:0.00000,var distance inter class test:0.00000
=> saved checkpoint 'checkpoints_CNN/mnist_classif_ratio_variacnce_intra_4_3_balanced_dataset/last' (iter 5280, epoch 20.0)
=> saved checkpoint 'checkpoint_scores_CNN/mnist_classif_ratio_variacnce_intra_4_3_balanced_dataset/last' (iter 5280, epoch 20.0)
[Save Checkpoint] epoch: [20.0], Train score:109.78667, Test score:97.42000, train loss:-0.97639, test loss:-0.97439, ratio_train_loss:0.18593,ratio_test_loss:0.17179, total_loss_train:-0.79046,total_loss_test:-0.80260, var distance inter class train:0.00000,var distance inter class test:0.00000
=> saved checkpoint 'checkpoints_CNN/mnist_classif_ratio_variacnce_intra_4_3_balanced_dataset/last' (iter 5544, epoch 21.0)
