270
--dataset mnist --model CNN --gpu_devices 0 1 --max_iter 50 --batch_size 256 --ckpt_dir checkpoints_CNN --ckpt_dir_scores checkpoint_scores_CNN --use_scheduler True --GMP True --lr 1e-3 --z_struct_size 20 --add_classification_layer True --classif_layer_size 30 --is_default_model False --is_custom_model False --is_custom_model_BK True --big_kernel_size 8 --two_conv_layer True --three_conv_layer False --BK_in_first_layer True --BK_in_second_layer False --BK_in_third_layer False --stride_size 1 --hidden_filters_layer1 32 --hidden_filters_layer2 32 --hidden_filters_layer3 32 --ratio_reg True --lambda_ratio_reg 0.1 --lambda_class 1 --other_ratio False --loss_min_distance_cl True --lambda_var_distance 10 --intra_class_variance_loss False --lambda_intra_class_var 1 --contrastive_loss False --lambda_contrastive_loss 1 --alpha 32 --loss Proxy_Anchor --optimizer adamw --mrg 0.1 --IPC False --warm 1 --sz_embedding 32 --dataset_balanced True --loss_distance_mean True --lambda_distance_mean 1 --exp_name mnist_classif_ratio_distance_intra_class_max_mean_1_2_1_balanced_dataset
Namespace(BK_in_first_layer=True, BK_in_second_layer=False, BK_in_third_layer=False, BN=False, C_max=25, C_stop_iter=100000.0, E1_AE=False, E1_VAE=False, E1_conv=False, E1_dense=False, E1_second_conv=False, E1_second_conv_adapt=False, GMP=True, IPC=False, L1_norm_act=False, L1_norm_weights=False, L3_without_random=False, LOG_DIR='logs', adapt_lr=False, add_classification_layer=True, add_linear_after_GMP=True, add_z_struct_bottleneck=False, alpha=32.0, batch_size=256, beta=1, beta1=0.9, beta2=0.999, big_kernel=False, big_kernel_size=[8], binary_z=False, ckpt_dir='checkpoints_CNN', ckpt_dir_scores='checkpoint_scores_CNN', classif_layer_size=30, contrastive_loss=False, cuda=True, dataset='mnist', dataset_balanced=True, display_step=10000, dset_dir='data', exp_name='mnist_classif_ratio_distance_intra_class_max_mean_1_2_1_balanced_dataset', gamma=1000, gpu_devices=[0, 1], hidden_filters_layer1=32, hidden_filters_layer2=32, hidden_filters_layer3=32, image_size=64, intra_class_variance_loss=False, is_C=True, is_E1=False, is_binary_structural_latent=False, is_custom_model=False, is_custom_model_BK=True, is_default_model=False, is_noise_stats=False, is_partial_rand_class=False, is_perturbed_score=False, is_zvar_sim_loss=False, just_train=False, kernel_size=4, lambda_Kl_struct=1, lambda_Kl_var=1, lambda_L1=0.01, lambda_VAE=1, lambda_class=1.0, lambda_contrastive_loss=1.0, lambda_distance_mean=1.0, lambda_intra_class_var=1.0, lambda_partial_class=1, lambda_ratio_reg=0.1, lambda_recon_wt_rand=1, lambda_recons=1, lambda_var_distance=10.0, lambda_zvar_sim=1, latent_spec_cont=None, latent_spec_cont_class=None, latent_spec_cont_var=None, latent_spec_disc=None, latent_spec_disc_class=None, latent_spec_disc_var=None, log_level='info', loss='Proxy_Anchor', loss_distance_mean=True, loss_min_distance_cl=True, lr=0.001, max_iter=50.0, model='CNN', mrg=0.1, num_workers=2, old_weighted=False, optimizer='adamw', other_ratio=False, random_percentage=0.2, ratio_reg=True, remark='', save_step=10000, second_layer_C=False, seed=1, stride_size=1, sz_embedding=32, three_conv_layer=False, train=True, two_conv_layer=True, two_encoder=False, use_early_stopping=True, use_scheduler=True, warm=1, without_acc=False, z_struct_size=20, zeros_W_Classif=False, zvar_sim_change_zvar=False, zvar_sim_loss_for_all_model=False, zvar_sim_loss_only_for_encoder=False, zvar_sim_normal=False, zvar_sim_var_rand=False)
CUDA Visible devices !
Balanced samples per class
Custom_CNN_BK(
  (net): Sequential(
    (0): Conv2d(1, 32, kernel_size=(8, 8), stride=(1, 1))
    (1): BatchNorm2d(32, eps=1e-05, momentum=0.1, affine=True, track_running_stats=True)
    (2): ReLU(inplace=True)
    (3): Conv2d(32, 32, kernel_size=(4, 4), stride=(1, 1))
    (4): BatchNorm2d(32, eps=1e-05, momentum=0.1, affine=True, track_running_stats=True)
    (5): ReLU(inplace=True)
    (6): AdaptiveMaxPool2d(output_size=(1, 1))
    (7): View()
    (8): Linear(in_features=32, out_features=20, bias=True)
    (9): BatchNorm1d(20, eps=1e-05, momentum=0.1, affine=True, track_running_stats=True)
    (10): ReLU(inplace=True)
    (11): Dropout(p=0.4, inplace=False)
    (12): Linear(in_features=20, out_features=30, bias=True)
    (13): BatchNorm1d(30, eps=1e-05, momentum=0.1, affine=True, track_running_stats=True)
    (14): ReLU(inplace=True)
    (15): Dropout(p=0.4, inplace=False)
    (16): Linear(in_features=30, out_features=10, bias=True)
    (17): Softmax(dim=None)
  )
)
The number of parameters of model is 20324
use 1 gpu who named: Tesla K80
=> loaded sample_scores and losses
=> no checkpoint found at 'checkpoints_CNN/mnist_classif_ratio_distance_intra_class_max_mean_1_2_1_balanced_dataset/last'
=> saved checkpoint 'checkpoints_CNN/mnist_classif_ratio_distance_intra_class_max_mean_1_2_1_balanced_dataset/last' (iter 264, epoch 1.0)
=> saved checkpoint 'checkpoint_scores_CNN/mnist_classif_ratio_distance_intra_class_max_mean_1_2_1_balanced_dataset/last' (iter 264, epoch 1.0)
[Save Checkpoint] epoch: [1.0], Train score:90.03000, Test score:80.27000, train loss:-0.69791, test loss:-0.70316, ratio_train_loss:1.66931,ratio_test_loss:1.58657, total_loss_train:0.97140,total_loss_test:0.88340, var distance inter class train:0.00302,var distance inter class test:0.00317
=> saved checkpoint 'checkpoints_CNN/mnist_classif_ratio_distance_intra_class_max_mean_1_2_1_balanced_dataset/last' (iter 528, epoch 2.0)
=> saved checkpoint 'checkpoint_scores_CNN/mnist_classif_ratio_distance_intra_class_max_mean_1_2_1_balanced_dataset/last' (iter 528, epoch 2.0)
[Save Checkpoint] epoch: [2.0], Train score:102.92000, Test score:91.86000, train loss:-0.88805, test loss:-0.89476, ratio_train_loss:1.14842,ratio_test_loss:1.10463, total_loss_train:0.26037,total_loss_test:0.20988, var distance inter class train:0.00178,var distance inter class test:0.00186
=> saved checkpoint 'checkpoints_CNN/mnist_classif_ratio_distance_intra_class_max_mean_1_2_1_balanced_dataset/last' (iter 792, epoch 3.0)
=> saved checkpoint 'checkpoint_scores_CNN/mnist_classif_ratio_distance_intra_class_max_mean_1_2_1_balanced_dataset/last' (iter 792, epoch 3.0)
[Save Checkpoint] epoch: [3.0], Train score:105.57500, Test score:94.21000, train loss:-0.92657, test loss:-0.93040, ratio_train_loss:0.95034,ratio_test_loss:0.92438, total_loss_train:0.02377,total_loss_test:-0.00602, var distance inter class train:0.00132,var distance inter class test:0.00138
=> saved checkpoint 'checkpoints_CNN/mnist_classif_ratio_distance_intra_class_max_mean_1_2_1_balanced_dataset/last' (iter 1056, epoch 4.0)
=> saved checkpoint 'checkpoint_scores_CNN/mnist_classif_ratio_distance_intra_class_max_mean_1_2_1_balanced_dataset/last' (iter 1056, epoch 4.0)
[Save Checkpoint] epoch: [4.0], Train score:106.11500, Test score:94.56000, train loss:-0.93766, test loss:-0.94079, ratio_train_loss:0.83907,ratio_test_loss:0.81699, total_loss_train:-0.09859,total_loss_test:-0.12379, var distance inter class train:0.00125,var distance inter class test:0.00131
=> saved checkpoint 'checkpoints_CNN/mnist_classif_ratio_distance_intra_class_max_mean_1_2_1_balanced_dataset/last' (iter 1320, epoch 5.0)
=> saved checkpoint 'checkpoint_scores_CNN/mnist_classif_ratio_distance_intra_class_max_mean_1_2_1_balanced_dataset/last' (iter 1320, epoch 5.0)
[Save Checkpoint] epoch: [5.0], Train score:106.42000, Test score:94.70000, train loss:-0.94208, test loss:-0.94485, ratio_train_loss:0.76531,ratio_test_loss:0.74898, total_loss_train:-0.17677,total_loss_test:-0.19586, var distance inter class train:0.00092,var distance inter class test:0.00094
=> saved checkpoint 'checkpoints_CNN/mnist_classif_ratio_distance_intra_class_max_mean_1_2_1_balanced_dataset/last' (iter 1584, epoch 6.0)
=> saved checkpoint 'checkpoint_scores_CNN/mnist_classif_ratio_distance_intra_class_max_mean_1_2_1_balanced_dataset/last' (iter 1584, epoch 6.0)
[Save Checkpoint] epoch: [6.0], Train score:107.63167, Test score:95.77000, train loss:-0.95428, test loss:-0.95539, ratio_train_loss:0.70732,ratio_test_loss:0.69241, total_loss_train:-0.24696,total_loss_test:-0.26297, var distance inter class train:0.00094,var distance inter class test:0.00097
=> saved checkpoint 'checkpoints_CNN/mnist_classif_ratio_distance_intra_class_max_mean_1_2_1_balanced_dataset/last' (iter 1848, epoch 7.0)
=> saved checkpoint 'checkpoint_scores_CNN/mnist_classif_ratio_distance_intra_class_max_mean_1_2_1_balanced_dataset/last' (iter 1848, epoch 7.0)
[Save Checkpoint] epoch: [7.0], Train score:106.51333, Test score:94.80000, train loss:-0.94476, test loss:-0.94638, ratio_train_loss:0.68567,ratio_test_loss:0.67092, total_loss_train:-0.25909,total_loss_test:-0.27546, var distance inter class train:0.00075,var distance inter class test:0.00079
=> saved checkpoint 'checkpoints_CNN/mnist_classif_ratio_distance_intra_class_max_mean_1_2_1_balanced_dataset/last' (iter 2112, epoch 8.0)
=> saved checkpoint 'checkpoint_scores_CNN/mnist_classif_ratio_distance_intra_class_max_mean_1_2_1_balanced_dataset/last' (iter 2112, epoch 8.0)
[Save Checkpoint] epoch: [8.0], Train score:107.88500, Test score:96.15000, train loss:-0.95827, test loss:-0.95989, ratio_train_loss:0.65400,ratio_test_loss:0.64250, total_loss_train:-0.30426,total_loss_test:-0.31740, var distance inter class train:0.00083,var distance inter class test:0.00087
=> saved checkpoint 'checkpoints_CNN/mnist_classif_ratio_distance_intra_class_max_mean_1_2_1_balanced_dataset/last' (iter 2376, epoch 9.0)
=> saved checkpoint 'checkpoint_scores_CNN/mnist_classif_ratio_distance_intra_class_max_mean_1_2_1_balanced_dataset/last' (iter 2376, epoch 9.0)
[Save Checkpoint] epoch: [9.0], Train score:108.17167, Test score:96.18000, train loss:-0.96057, test loss:-0.96118, ratio_train_loss:0.61240,ratio_test_loss:0.59985, total_loss_train:-0.34817,total_loss_test:-0.36133, var distance inter class train:0.00064,var distance inter class test:0.00067
=> saved checkpoint 'checkpoints_CNN/mnist_classif_ratio_distance_intra_class_max_mean_1_2_1_balanced_dataset/last' (iter 2640, epoch 10.0)
=> saved checkpoint 'checkpoint_scores_CNN/mnist_classif_ratio_distance_intra_class_max_mean_1_2_1_balanced_dataset/last' (iter 2640, epoch 10.0)
[Save Checkpoint] epoch: [10.0], Train score:108.43000, Test score:96.57000, train loss:-0.96355, test loss:-0.96411, ratio_train_loss:0.61167,ratio_test_loss:0.59957, total_loss_train:-0.35188,total_loss_test:-0.36454, var distance inter class train:0.00066,var distance inter class test:0.00069
=> saved checkpoint 'checkpoints_CNN/mnist_classif_ratio_distance_intra_class_max_mean_1_2_1_balanced_dataset/last' (iter 2904, epoch 11.0)
=> saved checkpoint 'checkpoint_scores_CNN/mnist_classif_ratio_distance_intra_class_max_mean_1_2_1_balanced_dataset/last' (iter 2904, epoch 11.0)
[Save Checkpoint] epoch: [11.0], Train score:107.50000, Test score:95.48000, train loss:-0.95481, test loss:-0.95406, ratio_train_loss:0.58247,ratio_test_loss:0.57428, total_loss_train:-0.37234,total_loss_test:-0.37979, var distance inter class train:0.00069,var distance inter class test:0.00069
=> saved checkpoint 'checkpoints_CNN/mnist_classif_ratio_distance_intra_class_max_mean_1_2_1_balanced_dataset/last' (iter 3168, epoch 12.0)
=> saved checkpoint 'checkpoint_scores_CNN/mnist_classif_ratio_distance_intra_class_max_mean_1_2_1_balanced_dataset/last' (iter 3168, epoch 12.0)
[Save Checkpoint] epoch: [12.0], Train score:108.51500, Test score:96.90000, train loss:-0.96465, test loss:-0.96783, ratio_train_loss:0.57989,ratio_test_loss:0.56755, total_loss_train:-0.38476,total_loss_test:-0.40028, var distance inter class train:0.00057,var distance inter class test:0.00059
=> saved checkpoint 'checkpoints_CNN/mnist_classif_ratio_distance_intra_class_max_mean_1_2_1_balanced_dataset/last' (iter 3432, epoch 13.0)
=> saved checkpoint 'checkpoint_scores_CNN/mnist_classif_ratio_distance_intra_class_max_mean_1_2_1_balanced_dataset/last' (iter 3432, epoch 13.0)
[Save Checkpoint] epoch: [13.0], Train score:108.54000, Test score:96.60000, train loss:-0.96462, test loss:-0.96569, ratio_train_loss:0.57224,ratio_test_loss:0.56116, total_loss_train:-0.39238,total_loss_test:-0.40454, var distance inter class train:0.00048,var distance inter class test:0.00051
=> saved checkpoint 'checkpoints_CNN/mnist_classif_ratio_distance_intra_class_max_mean_1_2_1_balanced_dataset/last' (iter 3696, epoch 14.0)
=> saved checkpoint 'checkpoint_scores_CNN/mnist_classif_ratio_distance_intra_class_max_mean_1_2_1_balanced_dataset/last' (iter 3696, epoch 14.0)
[Save Checkpoint] epoch: [14.0], Train score:108.95500, Test score:96.81000, train loss:-0.96838, test loss:-0.96761, ratio_train_loss:0.54578,ratio_test_loss:0.53435, total_loss_train:-0.42260,total_loss_test:-0.43326, var distance inter class train:0.00056,var distance inter class test:0.00057
=> saved checkpoint 'checkpoints_CNN/mnist_classif_ratio_distance_intra_class_max_mean_1_2_1_balanced_dataset/last' (iter 3960, epoch 15.0)
=> saved checkpoint 'checkpoint_scores_CNN/mnist_classif_ratio_distance_intra_class_max_mean_1_2_1_balanced_dataset/last' (iter 3960, epoch 15.0)
[Save Checkpoint] epoch: [15.0], Train score:109.05333, Test score:96.91000, train loss:-0.96967, test loss:-0.96932, ratio_train_loss:0.52844,ratio_test_loss:0.51681, total_loss_train:-0.44123,total_loss_test:-0.45251, var distance inter class train:0.00049,var distance inter class test:0.00051
=> saved checkpoint 'checkpoints_CNN/mnist_classif_ratio_distance_intra_class_max_mean_1_2_1_balanced_dataset/last' (iter 4224, epoch 16.0)
=> saved checkpoint 'checkpoint_scores_CNN/mnist_classif_ratio_distance_intra_class_max_mean_1_2_1_balanced_dataset/last' (iter 4224, epoch 16.0)
EarlyStopping counter: 1 out of 10
[Save Checkpoint] epoch: [16.0], Train score:108.44500, Test score:96.67000, train loss:-0.96335, test loss:-0.96629, ratio_train_loss:0.54557,ratio_test_loss:0.53812, total_loss_train:-0.41778,total_loss_test:-0.42817, var distance inter class train:0.00051,var distance inter class test:0.00054
=> saved checkpoint 'checkpoints_CNN/mnist_classif_ratio_distance_intra_class_max_mean_1_2_1_balanced_dataset/last' (iter 4488, epoch 17.0)
=> saved checkpoint 'checkpoint_scores_CNN/mnist_classif_ratio_distance_intra_class_max_mean_1_2_1_balanced_dataset/last' (iter 4488, epoch 17.0)
[Save Checkpoint] epoch: [17.0], Train score:108.59833, Test score:96.60000, train loss:-0.96538, test loss:-0.96577, ratio_train_loss:0.50258,ratio_test_loss:0.49394, total_loss_train:-0.46280,total_loss_test:-0.47183, var distance inter class train:0.00059,var distance inter class test:0.00060
=> saved checkpoint 'checkpoints_CNN/mnist_classif_ratio_distance_intra_class_max_mean_1_2_1_balanced_dataset/last' (iter 4752, epoch 18.0)
=> saved checkpoint 'checkpoint_scores_CNN/mnist_classif_ratio_distance_intra_class_max_mean_1_2_1_balanced_dataset/last' (iter 4752, epoch 18.0)
[Save Checkpoint] epoch: [18.0], Train score:109.15167, Test score:97.01000, train loss:-0.97065, test loss:-0.97020, ratio_train_loss:0.49680,ratio_test_loss:0.48677, total_loss_train:-0.47385,total_loss_test:-0.48343, var distance inter class train:0.00053,var distance inter class test:0.00056
=> saved checkpoint 'checkpoints_CNN/mnist_classif_ratio_distance_intra_class_max_mean_1_2_1_balanced_dataset/last' (iter 5016, epoch 19.0)
=> saved checkpoint 'checkpoint_scores_CNN/mnist_classif_ratio_distance_intra_class_max_mean_1_2_1_balanced_dataset/last' (iter 5016, epoch 19.0)
EarlyStopping counter: 1 out of 10
[Save Checkpoint] epoch: [19.0], Train score:109.07833, Test score:97.05000, train loss:-0.96974, test loss:-0.96976, ratio_train_loss:0.50024,ratio_test_loss:0.49241, total_loss_train:-0.46950,total_loss_test:-0.47735, var distance inter class train:0.00041,var distance inter class test:0.00042
=> saved checkpoint 'checkpoints_CNN/mnist_classif_ratio_distance_intra_class_max_mean_1_2_1_balanced_dataset/last' (iter 5280, epoch 20.0)
=> saved checkpoint 'checkpoint_scores_CNN/mnist_classif_ratio_distance_intra_class_max_mean_1_2_1_balanced_dataset/last' (iter 5280, epoch 20.0)
EarlyStopping counter: 2 out of 10
[Save Checkpoint] epoch: [20.0], Train score:108.89833, Test score:96.90000, train loss:-0.96815, test loss:-0.96885, ratio_train_loss:0.49139,ratio_test_loss:0.48749, total_loss_train:-0.47676,total_loss_test:-0.48136, var distance inter class train:0.00054,var distance inter class test:0.00054
=> saved checkpoint 'checkpoints_CNN/mnist_classif_ratio_distance_intra_class_max_mean_1_2_1_balanced_dataset/last' (iter 5544, epoch 21.0)
=> saved checkpoint 'checkpoint_scores_CNN/mnist_classif_ratio_distance_intra_class_max_mean_1_2_1_balanced_dataset/last' (iter 5544, epoch 21.0)
[Save Checkpoint] epoch: [21.0], Train score:109.25000, Test score:97.10000, train loss:-0.97146, test loss:-0.97066, ratio_train_loss:0.49042,ratio_test_loss:0.48142, total_loss_train:-0.48103,total_loss_test:-0.48924, var distance inter class train:0.00049,var distance inter class test:0.00049
=> saved checkpoint 'checkpoints_CNN/mnist_classif_ratio_distance_intra_class_max_mean_1_2_1_balanced_dataset/last' (iter 5808, epoch 22.0)
=> saved checkpoint 'checkpoint_scores_CNN/mnist_classif_ratio_distance_intra_class_max_mean_1_2_1_balanced_dataset/last' (iter 5808, epoch 22.0)
[Save Checkpoint] epoch: [22.0], Train score:109.62000, Test score:97.18000, train loss:-0.97480, test loss:-0.97203, ratio_train_loss:0.46486,ratio_test_loss:0.45758, total_loss_train:-0.50995,total_loss_test:-0.51446, var distance inter class train:0.00037,var distance inter class test:0.00039
=> saved checkpoint 'checkpoints_CNN/mnist_classif_ratio_distance_intra_class_max_mean_1_2_1_balanced_dataset/last' (iter 6072, epoch 23.0)
=> saved checkpoint 'checkpoint_scores_CNN/mnist_classif_ratio_distance_intra_class_max_mean_1_2_1_balanced_dataset/last' (iter 6072, epoch 23.0)
[Save Checkpoint] epoch: [23.0], Train score:109.32333, Test score:97.09000, train loss:-0.97203, test loss:-0.97119, ratio_train_loss:0.45247,ratio_test_loss:0.44492, total_loss_train:-0.51956,total_loss_test:-0.52627, var distance inter class train:0.00035,var distance inter class test:0.00036
=> saved checkpoint 'checkpoints_CNN/mnist_classif_ratio_distance_intra_class_max_mean_1_2_1_balanced_dataset/last' (iter 6336, epoch 24.0)
=> saved checkpoint 'checkpoint_scores_CNN/mnist_classif_ratio_distance_intra_class_max_mean_1_2_1_balanced_dataset/last' (iter 6336, epoch 24.0)
EarlyStopping counter: 1 out of 10
[Save Checkpoint] epoch: [24.0], Train score:109.04833, Test score:96.70000, train loss:-0.96989, test loss:-0.96734, ratio_train_loss:0.46739,ratio_test_loss:0.45971, total_loss_train:-0.50250,total_loss_test:-0.50763, var distance inter class train:0.00035,var distance inter class test:0.00036
=> saved checkpoint 'checkpoints_CNN/mnist_classif_ratio_distance_intra_class_max_mean_1_2_1_balanced_dataset/last' (iter 6600, epoch 25.0)
=> saved checkpoint 'checkpoint_scores_CNN/mnist_classif_ratio_distance_intra_class_max_mean_1_2_1_balanced_dataset/last' (iter 6600, epoch 25.0)
[Save Checkpoint] epoch: [25.0], Train score:109.66667, Test score:97.38000, train loss:-0.97517, test loss:-0.97421, ratio_train_loss:0.43990,ratio_test_loss:0.42872, total_loss_train:-0.53527,total_loss_test:-0.54549, var distance inter class train:0.00044,var distance inter class test:0.00047
=> saved checkpoint 'checkpoints_CNN/mnist_classif_ratio_distance_intra_class_max_mean_1_2_1_balanced_dataset/last' (iter 6864, epoch 26.0)
=> saved checkpoint 'checkpoint_scores_CNN/mnist_classif_ratio_distance_intra_class_max_mean_1_2_1_balanced_dataset/last' (iter 6864, epoch 26.0)
EarlyStopping counter: 1 out of 10
[Save Checkpoint] epoch: [26.0], Train score:108.97167, Test score:96.71000, train loss:-0.96891, test loss:-0.96686, ratio_train_loss:0.43534,ratio_test_loss:0.42731, total_loss_train:-0.53357,total_loss_test:-0.53955, var distance inter class train:0.00046,var distance inter class test:0.00047
=> saved checkpoint 'checkpoints_CNN/mnist_classif_ratio_distance_intra_class_max_mean_1_2_1_balanced_dataset/last' (iter 7128, epoch 27.0)
=> saved checkpoint 'checkpoint_scores_CNN/mnist_classif_ratio_distance_intra_class_max_mean_1_2_1_balanced_dataset/last' (iter 7128, epoch 27.0)
EarlyStopping counter: 2 out of 10
[Save Checkpoint] epoch: [27.0], Train score:109.64167, Test score:97.36000, train loss:-0.97530, test loss:-0.97399, ratio_train_loss:0.44020,ratio_test_loss:0.43298, total_loss_train:-0.53510,total_loss_test:-0.54101, var distance inter class train:0.00034,var distance inter class test:0.00033
=> saved checkpoint 'checkpoints_CNN/mnist_classif_ratio_distance_intra_class_max_mean_1_2_1_balanced_dataset/last' (iter 7392, epoch 28.0)
=> saved checkpoint 'checkpoint_scores_CNN/mnist_classif_ratio_distance_intra_class_max_mean_1_2_1_balanced_dataset/last' (iter 7392, epoch 28.0)
[Save Checkpoint] epoch: [28.0], Train score:109.63000, Test score:97.49000, train loss:-0.97514, test loss:-0.97507, ratio_train_loss:0.41840,ratio_test_loss:0.41088, total_loss_train:-0.55673,total_loss_test:-0.56419, var distance inter class train:0.00026,var distance inter class test:0.00027
=> saved checkpoint 'checkpoints_CNN/mnist_classif_ratio_distance_intra_class_max_mean_1_2_1_balanced_dataset/last' (iter 7656, epoch 29.0)
=> saved checkpoint 'checkpoint_scores_CNN/mnist_classif_ratio_distance_intra_class_max_mean_1_2_1_balanced_dataset/last' (iter 7656, epoch 29.0)
EarlyStopping counter: 1 out of 10
[Save Checkpoint] epoch: [29.0], Train score:109.46667, Test score:97.12000, train loss:-0.97360, test loss:-0.97010, ratio_train_loss:0.44716,ratio_test_loss:0.44203, total_loss_train:-0.52644,total_loss_test:-0.52807, var distance inter class train:0.00033,var distance inter class test:0.00036
