277
--dataset mnist --model CNN --gpu_devices 0 1 --max_iter 50 --batch_size 256 --ckpt_dir checkpoints_CNN --ckpt_dir_scores checkpoint_scores_CNN --use_scheduler True --GMP True --lr 1e-3 --z_struct_size 20 --add_classification_layer True --classif_layer_size 30 --is_default_model False --is_custom_model False --is_custom_model_BK True --big_kernel_size 8 --two_conv_layer True --three_conv_layer False --BK_in_first_layer True --BK_in_second_layer False --BK_in_third_layer False --stride_size 1 --hidden_filters_layer1 32 --hidden_filters_layer2 32 --hidden_filters_layer3 32 --ratio_reg True --lambda_ratio_reg 0.1 --lambda_class 1 --other_ratio False --loss_min_distance_cl True --lambda_var_distance 1 --intra_class_variance_loss False --lambda_intra_class_var 1 --contrastive_loss False --lambda_contrastive_loss 1 --alpha 32 --loss Proxy_Anchor --optimizer adamw --mrg 0.1 --IPC False --warm 1 --sz_embedding 32 --dataset_balanced True --loss_distance_mean True --lambda_distance_mean 0.1 --exp_name mnist_classif_ratio_distance_intra_class_max_mean_1_3_2_balanced_dataset
Namespace(BK_in_first_layer=True, BK_in_second_layer=False, BK_in_third_layer=False, BN=False, C_max=25, C_stop_iter=100000.0, E1_AE=False, E1_VAE=False, E1_conv=False, E1_dense=False, E1_second_conv=False, E1_second_conv_adapt=False, GMP=True, IPC=False, L1_norm_act=False, L1_norm_weights=False, L3_without_random=False, LOG_DIR='logs', adapt_lr=False, add_classification_layer=True, add_linear_after_GMP=True, add_z_struct_bottleneck=False, alpha=32.0, batch_size=256, beta=1, beta1=0.9, beta2=0.999, big_kernel=False, big_kernel_size=[8], binary_z=False, ckpt_dir='checkpoints_CNN', ckpt_dir_scores='checkpoint_scores_CNN', classif_layer_size=30, contrastive_loss=False, cuda=True, dataset='mnist', dataset_balanced=True, display_step=10000, dset_dir='data', exp_name='mnist_classif_ratio_distance_intra_class_max_mean_1_3_2_balanced_dataset', gamma=1000, gpu_devices=[0, 1], hidden_filters_layer1=32, hidden_filters_layer2=32, hidden_filters_layer3=32, image_size=64, intra_class_variance_loss=False, is_C=True, is_E1=False, is_binary_structural_latent=False, is_custom_model=False, is_custom_model_BK=True, is_default_model=False, is_noise_stats=False, is_partial_rand_class=False, is_perturbed_score=False, is_zvar_sim_loss=False, just_train=False, kernel_size=4, lambda_Kl_struct=1, lambda_Kl_var=1, lambda_L1=0.01, lambda_VAE=1, lambda_class=1.0, lambda_contrastive_loss=1.0, lambda_distance_mean=0.1, lambda_intra_class_var=1.0, lambda_partial_class=1, lambda_ratio_reg=0.1, lambda_recon_wt_rand=1, lambda_recons=1, lambda_var_distance=1.0, lambda_zvar_sim=1, latent_spec_cont=None, latent_spec_cont_class=None, latent_spec_cont_var=None, latent_spec_disc=None, latent_spec_disc_class=None, latent_spec_disc_var=None, log_level='info', loss='Proxy_Anchor', loss_distance_mean=True, loss_min_distance_cl=True, lr=0.001, max_iter=50.0, model='CNN', mrg=0.1, num_workers=2, old_weighted=False, optimizer='adamw', other_ratio=False, random_percentage=0.2, ratio_reg=True, remark='', save_step=10000, second_layer_C=False, seed=1, stride_size=1, sz_embedding=32, three_conv_layer=False, train=True, two_conv_layer=True, two_encoder=False, use_early_stopping=True, use_scheduler=True, warm=1, without_acc=False, z_struct_size=20, zeros_W_Classif=False, zvar_sim_change_zvar=False, zvar_sim_loss_for_all_model=False, zvar_sim_loss_only_for_encoder=False, zvar_sim_normal=False, zvar_sim_var_rand=False)
CUDA Visible devices !
Balanced samples per class
Custom_CNN_BK(
  (net): Sequential(
    (0): Conv2d(1, 32, kernel_size=(8, 8), stride=(1, 1))
    (1): BatchNorm2d(32, eps=1e-05, momentum=0.1, affine=True, track_running_stats=True)
    (2): ReLU(inplace=True)
    (3): Conv2d(32, 32, kernel_size=(4, 4), stride=(1, 1))
    (4): BatchNorm2d(32, eps=1e-05, momentum=0.1, affine=True, track_running_stats=True)
    (5): ReLU(inplace=True)
    (6): AdaptiveMaxPool2d(output_size=(1, 1))
    (7): View()
    (8): Linear(in_features=32, out_features=20, bias=True)
    (9): BatchNorm1d(20, eps=1e-05, momentum=0.1, affine=True, track_running_stats=True)
    (10): ReLU(inplace=True)
    (11): Dropout(p=0.4, inplace=False)
    (12): Linear(in_features=20, out_features=30, bias=True)
    (13): BatchNorm1d(30, eps=1e-05, momentum=0.1, affine=True, track_running_stats=True)
    (14): ReLU(inplace=True)
    (15): Dropout(p=0.4, inplace=False)
    (16): Linear(in_features=30, out_features=10, bias=True)
    (17): Softmax(dim=None)
  )
)
The number of parameters of model is 20324
use 1 gpu who named: Tesla K40m
=> loaded sample_scores and losses
=> no checkpoint found at 'checkpoints_CNN/mnist_classif_ratio_distance_intra_class_max_mean_1_3_2_balanced_dataset/last'
=> saved checkpoint 'checkpoints_CNN/mnist_classif_ratio_distance_intra_class_max_mean_1_3_2_balanced_dataset/last' (iter 264, epoch 1.0)
=> saved checkpoint 'checkpoint_scores_CNN/mnist_classif_ratio_distance_intra_class_max_mean_1_3_2_balanced_dataset/last' (iter 264, epoch 1.0)
[Save Checkpoint] epoch: [1.0], Train score:91.16500, Test score:81.19000, train loss:-0.71803, test loss:-0.72156, ratio_train_loss:0.87535,ratio_test_loss:0.85235, total_loss_train:0.15732,total_loss_test:0.13079, var distance inter class train:0.01026,var distance inter class test:0.01076
=> saved checkpoint 'checkpoints_CNN/mnist_classif_ratio_distance_intra_class_max_mean_1_3_2_balanced_dataset/last' (iter 528, epoch 2.0)
=> saved checkpoint 'checkpoint_scores_CNN/mnist_classif_ratio_distance_intra_class_max_mean_1_3_2_balanced_dataset/last' (iter 528, epoch 2.0)
[Save Checkpoint] epoch: [2.0], Train score:96.45000, Test score:86.16000, train loss:-0.84741, test loss:-0.85280, ratio_train_loss:0.66527,ratio_test_loss:0.65335, total_loss_train:-0.18214,total_loss_test:-0.19945, var distance inter class train:0.00681,var distance inter class test:0.00740
=> saved checkpoint 'checkpoints_CNN/mnist_classif_ratio_distance_intra_class_max_mean_1_3_2_balanced_dataset/last' (iter 792, epoch 3.0)
=> saved checkpoint 'checkpoint_scores_CNN/mnist_classif_ratio_distance_intra_class_max_mean_1_3_2_balanced_dataset/last' (iter 792, epoch 3.0)
[Save Checkpoint] epoch: [3.0], Train score:106.12833, Test score:94.37000, train loss:-0.91893, test loss:-0.92201, ratio_train_loss:0.59632,ratio_test_loss:0.58420, total_loss_train:-0.32262,total_loss_test:-0.33781, var distance inter class train:0.00666,var distance inter class test:0.00721
=> saved checkpoint 'checkpoints_CNN/mnist_classif_ratio_distance_intra_class_max_mean_1_3_2_balanced_dataset/last' (iter 1056, epoch 4.0)
=> saved checkpoint 'checkpoint_scores_CNN/mnist_classif_ratio_distance_intra_class_max_mean_1_3_2_balanced_dataset/last' (iter 1056, epoch 4.0)
[Save Checkpoint] epoch: [4.0], Train score:108.03333, Test score:96.08000, train loss:-0.95432, test loss:-0.95467, ratio_train_loss:0.55610,ratio_test_loss:0.54748, total_loss_train:-0.39822,total_loss_test:-0.40719, var distance inter class train:0.00486,var distance inter class test:0.00516
=> saved checkpoint 'checkpoints_CNN/mnist_classif_ratio_distance_intra_class_max_mean_1_3_2_balanced_dataset/last' (iter 1320, epoch 5.0)
=> saved checkpoint 'checkpoint_scores_CNN/mnist_classif_ratio_distance_intra_class_max_mean_1_3_2_balanced_dataset/last' (iter 1320, epoch 5.0)
[Save Checkpoint] epoch: [5.0], Train score:108.50167, Test score:96.45000, train loss:-0.96071, test loss:-0.96068, ratio_train_loss:0.51252,ratio_test_loss:0.50166, total_loss_train:-0.44819,total_loss_test:-0.45902, var distance inter class train:0.00518,var distance inter class test:0.00543
=> saved checkpoint 'checkpoints_CNN/mnist_classif_ratio_distance_intra_class_max_mean_1_3_2_balanced_dataset/last' (iter 1584, epoch 6.0)
=> saved checkpoint 'checkpoint_scores_CNN/mnist_classif_ratio_distance_intra_class_max_mean_1_3_2_balanced_dataset/last' (iter 1584, epoch 6.0)
[Save Checkpoint] epoch: [6.0], Train score:108.72833, Test score:96.65000, train loss:-0.96431, test loss:-0.96442, ratio_train_loss:0.48698,ratio_test_loss:0.47903, total_loss_train:-0.47734,total_loss_test:-0.48539, var distance inter class train:0.00427,var distance inter class test:0.00464
=> saved checkpoint 'checkpoints_CNN/mnist_classif_ratio_distance_intra_class_max_mean_1_3_2_balanced_dataset/last' (iter 1848, epoch 7.0)
=> saved checkpoint 'checkpoint_scores_CNN/mnist_classif_ratio_distance_intra_class_max_mean_1_3_2_balanced_dataset/last' (iter 1848, epoch 7.0)
[Save Checkpoint] epoch: [7.0], Train score:109.13833, Test score:97.38000, train loss:-0.96870, test loss:-0.97144, ratio_train_loss:0.46992,ratio_test_loss:0.45966, total_loss_train:-0.49878,total_loss_test:-0.51178, var distance inter class train:0.00418,var distance inter class test:0.00444
=> saved checkpoint 'checkpoints_CNN/mnist_classif_ratio_distance_intra_class_max_mean_1_3_2_balanced_dataset/last' (iter 2112, epoch 8.0)
=> saved checkpoint 'checkpoint_scores_CNN/mnist_classif_ratio_distance_intra_class_max_mean_1_3_2_balanced_dataset/last' (iter 2112, epoch 8.0)
[Save Checkpoint] epoch: [8.0], Train score:109.24167, Test score:97.29000, train loss:-0.97032, test loss:-0.97110, ratio_train_loss:0.45573,ratio_test_loss:0.44539, total_loss_train:-0.51459,total_loss_test:-0.52572, var distance inter class train:0.00413,var distance inter class test:0.00438
=> saved checkpoint 'checkpoints_CNN/mnist_classif_ratio_distance_intra_class_max_mean_1_3_2_balanced_dataset/last' (iter 2376, epoch 9.0)
=> saved checkpoint 'checkpoint_scores_CNN/mnist_classif_ratio_distance_intra_class_max_mean_1_3_2_balanced_dataset/last' (iter 2376, epoch 9.0)
EarlyStopping counter: 1 out of 10
[Save Checkpoint] epoch: [9.0], Train score:109.23333, Test score:97.15000, train loss:-0.97030, test loss:-0.97086, ratio_train_loss:0.46219,ratio_test_loss:0.45263, total_loss_train:-0.50811,total_loss_test:-0.51824, var distance inter class train:0.00377,var distance inter class test:0.00403
=> saved checkpoint 'checkpoints_CNN/mnist_classif_ratio_distance_intra_class_max_mean_1_3_2_balanced_dataset/last' (iter 2640, epoch 10.0)
=> saved checkpoint 'checkpoint_scores_CNN/mnist_classif_ratio_distance_intra_class_max_mean_1_3_2_balanced_dataset/last' (iter 2640, epoch 10.0)
[Save Checkpoint] epoch: [10.0], Train score:109.59833, Test score:97.59000, train loss:-0.97378, test loss:-0.97474, ratio_train_loss:0.42879,ratio_test_loss:0.42063, total_loss_train:-0.54499,total_loss_test:-0.55410, var distance inter class train:0.00412,var distance inter class test:0.00443
=> saved checkpoint 'checkpoints_CNN/mnist_classif_ratio_distance_intra_class_max_mean_1_3_2_balanced_dataset/last' (iter 2904, epoch 11.0)
=> saved checkpoint 'checkpoint_scores_CNN/mnist_classif_ratio_distance_intra_class_max_mean_1_3_2_balanced_dataset/last' (iter 2904, epoch 11.0)
EarlyStopping counter: 1 out of 10
[Save Checkpoint] epoch: [11.0], Train score:109.59833, Test score:97.41000, train loss:-0.97368, test loss:-0.97311, ratio_train_loss:0.43809,ratio_test_loss:0.42708, total_loss_train:-0.53558,total_loss_test:-0.54604, var distance inter class train:0.00391,var distance inter class test:0.00426
=> saved checkpoint 'checkpoints_CNN/mnist_classif_ratio_distance_intra_class_max_mean_1_3_2_balanced_dataset/last' (iter 3168, epoch 12.0)
=> saved checkpoint 'checkpoint_scores_CNN/mnist_classif_ratio_distance_intra_class_max_mean_1_3_2_balanced_dataset/last' (iter 3168, epoch 12.0)
[Save Checkpoint] epoch: [12.0], Train score:109.63500, Test score:97.51000, train loss:-0.97412, test loss:-0.97430, ratio_train_loss:0.42297,ratio_test_loss:0.41248, total_loss_train:-0.55116,total_loss_test:-0.56182, var distance inter class train:0.00321,var distance inter class test:0.00339
=> saved checkpoint 'checkpoints_CNN/mnist_classif_ratio_distance_intra_class_max_mean_1_3_2_balanced_dataset/last' (iter 3432, epoch 13.0)
=> saved checkpoint 'checkpoint_scores_CNN/mnist_classif_ratio_distance_intra_class_max_mean_1_3_2_balanced_dataset/last' (iter 3432, epoch 13.0)
[Save Checkpoint] epoch: [13.0], Train score:109.61833, Test score:97.59000, train loss:-0.97445, test loss:-0.97525, ratio_train_loss:0.41299,ratio_test_loss:0.39972, total_loss_train:-0.56146,total_loss_test:-0.57553, var distance inter class train:0.00351,var distance inter class test:0.00375
=> saved checkpoint 'checkpoints_CNN/mnist_classif_ratio_distance_intra_class_max_mean_1_3_2_balanced_dataset/last' (iter 3696, epoch 14.0)
=> saved checkpoint 'checkpoint_scores_CNN/mnist_classif_ratio_distance_intra_class_max_mean_1_3_2_balanced_dataset/last' (iter 3696, epoch 14.0)
EarlyStopping counter: 1 out of 10
[Save Checkpoint] epoch: [14.0], Train score:109.96333, Test score:97.89000, train loss:-0.97766, test loss:-0.97822, ratio_train_loss:0.41725,ratio_test_loss:0.41016, total_loss_train:-0.56041,total_loss_test:-0.56806, var distance inter class train:0.00255,var distance inter class test:0.00269
=> saved checkpoint 'checkpoints_CNN/mnist_classif_ratio_distance_intra_class_max_mean_1_3_2_balanced_dataset/last' (iter 3960, epoch 15.0)
=> saved checkpoint 'checkpoint_scores_CNN/mnist_classif_ratio_distance_intra_class_max_mean_1_3_2_balanced_dataset/last' (iter 3960, epoch 15.0)
[Save Checkpoint] epoch: [15.0], Train score:109.91667, Test score:97.73000, train loss:-0.97713, test loss:-0.97678, ratio_train_loss:0.40263,ratio_test_loss:0.39340, total_loss_train:-0.57450,total_loss_test:-0.58337, var distance inter class train:0.00292,var distance inter class test:0.00308
=> saved checkpoint 'checkpoints_CNN/mnist_classif_ratio_distance_intra_class_max_mean_1_3_2_balanced_dataset/last' (iter 4224, epoch 16.0)
=> saved checkpoint 'checkpoint_scores_CNN/mnist_classif_ratio_distance_intra_class_max_mean_1_3_2_balanced_dataset/last' (iter 4224, epoch 16.0)
[Save Checkpoint] epoch: [16.0], Train score:109.97833, Test score:97.63000, train loss:-0.97783, test loss:-0.97646, ratio_train_loss:0.39573,ratio_test_loss:0.38654, total_loss_train:-0.58210,total_loss_test:-0.58992, var distance inter class train:0.00296,var distance inter class test:0.00317
=> saved checkpoint 'checkpoints_CNN/mnist_classif_ratio_distance_intra_class_max_mean_1_3_2_balanced_dataset/last' (iter 4488, epoch 17.0)
=> saved checkpoint 'checkpoint_scores_CNN/mnist_classif_ratio_distance_intra_class_max_mean_1_3_2_balanced_dataset/last' (iter 4488, epoch 17.0)
[Save Checkpoint] epoch: [17.0], Train score:110.00000, Test score:97.83000, train loss:-0.97798, test loss:-0.97790, ratio_train_loss:0.37528,ratio_test_loss:0.36745, total_loss_train:-0.60270,total_loss_test:-0.61045, var distance inter class train:0.00280,var distance inter class test:0.00301
=> saved checkpoint 'checkpoints_CNN/mnist_classif_ratio_distance_intra_class_max_mean_1_3_2_balanced_dataset/last' (iter 4752, epoch 18.0)
=> saved checkpoint 'checkpoint_scores_CNN/mnist_classif_ratio_distance_intra_class_max_mean_1_3_2_balanced_dataset/last' (iter 4752, epoch 18.0)
[Save Checkpoint] epoch: [18.0], Train score:110.12167, Test score:97.80000, train loss:-0.97922, test loss:-0.97775, ratio_train_loss:0.37412,ratio_test_loss:0.36533, total_loss_train:-0.60510,total_loss_test:-0.61242, var distance inter class train:0.00246,var distance inter class test:0.00260
=> saved checkpoint 'checkpoints_CNN/mnist_classif_ratio_distance_intra_class_max_mean_1_3_2_balanced_dataset/last' (iter 5016, epoch 19.0)
=> saved checkpoint 'checkpoint_scores_CNN/mnist_classif_ratio_distance_intra_class_max_mean_1_3_2_balanced_dataset/last' (iter 5016, epoch 19.0)
EarlyStopping counter: 1 out of 10
[Save Checkpoint] epoch: [19.0], Train score:109.73333, Test score:97.53000, train loss:-0.97577, test loss:-0.97520, ratio_train_loss:0.38045,ratio_test_loss:0.36919, total_loss_train:-0.59532,total_loss_test:-0.60601, var distance inter class train:0.00261,var distance inter class test:0.00276
