12
--dataset mnist --model CNN --gpu_devices 0 1 --max_iter 50 --batch_size 128 --ckpt_dir checkpoints_CNN --ckpt_dir_scores checkpoint_scores_CNN --use_scheduler True --GMP True --lr 1e-3 --z_struct_size 20 --add_classification_layer True --classif_layer_size 30 --is_default_model False --is_custom_model False --is_custom_model_BK True --big_kernel_size 8 --two_conv_layer True --three_conv_layer False --BK_in_first_layer True --BK_in_second_layer False --BK_in_third_layer False --stride_size 1 --hidden_filters_layer1 32 --hidden_filters_layer2 32 --hidden_filters_layer3 32 --ratio_reg True --lambda_ratio_reg 0.1 --lambda_class 1 --other_ratio False --loss_min_distance_cl False --lambda_var_distance 1 --intra_class_variance_loss False --lambda_intra_class_var 1 --contrastive_loss False --lambda_contrastive_loss 1 --alpha 32 --loss Proxy_Anchor --optimizer adamw --mrg 0.1 --IPC False --warm 1 --sz_embedding 32 --dataset_balanced True --exp_name mnist_classif_ratio_dataset_balanced_3
Namespace(BK_in_first_layer=True, BK_in_second_layer=False, BK_in_third_layer=False, BN=False, C_max=25, C_stop_iter=100000.0, E1_AE=False, E1_VAE=False, E1_conv=False, E1_dense=False, E1_second_conv=False, E1_second_conv_adapt=False, GMP=True, IPC=False, L1_norm_act=False, L1_norm_weights=False, L3_without_random=False, LOG_DIR='logs', adapt_lr=False, add_classification_layer=True, add_linear_after_GMP=True, add_z_struct_bottleneck=False, alpha=32.0, batch_size=128, beta=1, beta1=0.9, beta2=0.999, big_kernel=False, big_kernel_size=[8], binary_z=False, ckpt_dir='checkpoints_CNN', ckpt_dir_scores='checkpoint_scores_CNN', classif_layer_size=30, contrastive_loss=False, cuda=True, dataset='mnist', dataset_balanced=True, display_step=10000, dset_dir='data', exp_name='mnist_classif_ratio_dataset_balanced_3', gamma=1000, gpu_devices=[0, 1], hidden_filters_layer1=32, hidden_filters_layer2=32, hidden_filters_layer3=32, image_size=64, intra_class_variance_loss=False, is_C=True, is_E1=False, is_binary_structural_latent=False, is_custom_model=False, is_custom_model_BK=True, is_default_model=False, is_noise_stats=False, is_partial_rand_class=False, is_perturbed_score=False, is_zvar_sim_loss=False, just_train=False, kernel_size=4, lambda_Kl_struct=1, lambda_Kl_var=1, lambda_L1=0.01, lambda_VAE=1, lambda_class=1.0, lambda_contrastive_loss=1.0, lambda_intra_class_var=1.0, lambda_partial_class=1, lambda_ratio_reg=0.1, lambda_recon_wt_rand=1, lambda_recons=1, lambda_var_distance=1.0, lambda_zvar_sim=1, latent_spec_cont=None, latent_spec_cont_class=None, latent_spec_cont_var=None, latent_spec_disc=None, latent_spec_disc_class=None, latent_spec_disc_var=None, log_level='info', loss='Proxy_Anchor', loss_min_distance_cl=False, lr=0.001, max_iter=50.0, model='CNN', mrg=0.1, num_workers=2, old_weighted=False, optimizer='adamw', other_ratio=False, random_percentage=0.2, ratio_reg=True, remark='', save_step=10000, second_layer_C=False, seed=1, stride_size=1, sz_embedding=32, three_conv_layer=False, train=True, two_conv_layer=True, two_encoder=False, use_early_stopping=True, use_scheduler=True, warm=1, without_acc=False, z_struct_size=20, zeros_W_Classif=False, zvar_sim_change_zvar=False, zvar_sim_loss_for_all_model=False, zvar_sim_loss_only_for_encoder=False, zvar_sim_normal=False, zvar_sim_var_rand=False)
CUDA Visible devices !
Balanced samples per class
Custom_CNN_BK(
  (net): Sequential(
    (0): Conv2d(1, 32, kernel_size=(8, 8), stride=(1, 1))
    (1): BatchNorm2d(32, eps=1e-05, momentum=0.1, affine=True, track_running_stats=True)
    (2): ReLU(inplace=True)
    (3): Conv2d(32, 32, kernel_size=(4, 4), stride=(1, 1))
    (4): BatchNorm2d(32, eps=1e-05, momentum=0.1, affine=True, track_running_stats=True)
    (5): ReLU(inplace=True)
    (6): AdaptiveMaxPool2d(output_size=(1, 1))
    (7): View()
    (8): Linear(in_features=32, out_features=20, bias=True)
    (9): BatchNorm1d(20, eps=1e-05, momentum=0.1, affine=True, track_running_stats=True)
    (10): ReLU(inplace=True)
    (11): Dropout(p=0.4, inplace=False)
    (12): Linear(in_features=20, out_features=30, bias=True)
    (13): BatchNorm1d(30, eps=1e-05, momentum=0.1, affine=True, track_running_stats=True)
    (14): ReLU(inplace=True)
    (15): Dropout(p=0.4, inplace=False)
    (16): Linear(in_features=30, out_features=10, bias=True)
    (17): Softmax(dim=None)
  )
)
The number of parameters of model is 20324
use 1 gpu who named: Tesla K80
=> loaded sample_scores and losses
=> no checkpoint found at 'checkpoints_CNN/mnist_classif_ratio_dataset_balanced_3/last'
=> saved checkpoint 'checkpoints_CNN/mnist_classif_ratio_dataset_balanced_3/last' (iter 500, epoch 1.0)
=> saved checkpoint 'checkpoint_scores_CNN/mnist_classif_ratio_dataset_balanced_3/last' (iter 500, epoch 1.0)
[Save Checkpoint] epoch: [1.0], Train score:89.77500, Test score:23.00000, train loss:-0.80089, test loss:-0.25399, ratio_train_loss:0.30004,ratio_test_loss:0.30692, total_loss_train:-0.50085,total_loss_test:0.05294, var distance inter class train:0.00000,var distance inter class test:0.00000
=> saved checkpoint 'checkpoints_CNN/mnist_classif_ratio_dataset_balanced_3/last' (iter 1000, epoch 2.0)
=> saved checkpoint 'checkpoint_scores_CNN/mnist_classif_ratio_dataset_balanced_3/last' (iter 1000, epoch 2.0)
EarlyStopping counter: 1 out of 10
[Save Checkpoint] epoch: [2.0], Train score:94.48000, Test score:16.95000, train loss:-0.93446, test loss:-0.18832, ratio_train_loss:0.25007,ratio_test_loss:0.25748, total_loss_train:-0.68439,total_loss_test:0.06916, var distance inter class train:0.00000,var distance inter class test:0.00000
=> saved checkpoint 'checkpoints_CNN/mnist_classif_ratio_dataset_balanced_3/last' (iter 1500, epoch 3.0)
=> saved checkpoint 'checkpoint_scores_CNN/mnist_classif_ratio_dataset_balanced_3/last' (iter 1500, epoch 3.0)
EarlyStopping counter: 2 out of 10
[Save Checkpoint] epoch: [3.0], Train score:96.27667, Test score:12.10000, train loss:-0.95718, test loss:-0.13247, ratio_train_loss:0.22456,ratio_test_loss:0.23770, total_loss_train:-0.73261,total_loss_test:0.10523, var distance inter class train:0.00000,var distance inter class test:0.00000
=> saved checkpoint 'checkpoints_CNN/mnist_classif_ratio_dataset_balanced_3/last' (iter 2000, epoch 4.0)
=> saved checkpoint 'checkpoint_scores_CNN/mnist_classif_ratio_dataset_balanced_3/last' (iter 2000, epoch 4.0)
EarlyStopping counter: 3 out of 10
[Save Checkpoint] epoch: [4.0], Train score:96.55833, Test score:14.43333, train loss:-0.96237, test loss:-0.14632, ratio_train_loss:0.22274,ratio_test_loss:0.23020, total_loss_train:-0.73963,total_loss_test:0.08388, var distance inter class train:0.00000,var distance inter class test:0.00000
=> saved checkpoint 'checkpoints_CNN/mnist_classif_ratio_dataset_balanced_3/last' (iter 2500, epoch 5.0)
=> saved checkpoint 'checkpoint_scores_CNN/mnist_classif_ratio_dataset_balanced_3/last' (iter 2500, epoch 5.0)
EarlyStopping counter: 4 out of 10
[Save Checkpoint] epoch: [5.0], Train score:96.96833, Test score:10.20000, train loss:-0.96733, test loss:-0.10653, ratio_train_loss:0.20226,ratio_test_loss:0.20749, total_loss_train:-0.76507,total_loss_test:0.10096, var distance inter class train:0.00000,var distance inter class test:0.00000
=> saved checkpoint 'checkpoints_CNN/mnist_classif_ratio_dataset_balanced_3/last' (iter 3000, epoch 6.0)
=> saved checkpoint 'checkpoint_scores_CNN/mnist_classif_ratio_dataset_balanced_3/last' (iter 3000, epoch 6.0)
[Save Checkpoint] epoch: [6.0], Train score:96.95167, Test score:24.75000, train loss:-0.96782, test loss:-0.24177, ratio_train_loss:0.19467,ratio_test_loss:0.20297, total_loss_train:-0.77315,total_loss_test:-0.03880, var distance inter class train:0.00000,var distance inter class test:0.00000
=> saved checkpoint 'checkpoints_CNN/mnist_classif_ratio_dataset_balanced_3/last' (iter 3500, epoch 7.0)
=> saved checkpoint 'checkpoint_scores_CNN/mnist_classif_ratio_dataset_balanced_3/last' (iter 3500, epoch 7.0)
EarlyStopping counter: 1 out of 10
[Save Checkpoint] epoch: [7.0], Train score:97.03500, Test score:10.25000, train loss:-0.96863, test loss:-0.10628, ratio_train_loss:0.18607,ratio_test_loss:0.19465, total_loss_train:-0.78256,total_loss_test:0.08837, var distance inter class train:0.00000,var distance inter class test:0.00000
=> saved checkpoint 'checkpoints_CNN/mnist_classif_ratio_dataset_balanced_3/last' (iter 4000, epoch 8.0)
=> saved checkpoint 'checkpoint_scores_CNN/mnist_classif_ratio_dataset_balanced_3/last' (iter 4000, epoch 8.0)
[Save Checkpoint] epoch: [8.0], Train score:97.23167, Test score:26.98333, train loss:-0.97050, test loss:-0.25986, ratio_train_loss:0.18242,ratio_test_loss:0.18878, total_loss_train:-0.78808,total_loss_test:-0.07108, var distance inter class train:0.00000,var distance inter class test:0.00000
=> saved checkpoint 'checkpoints_CNN/mnist_classif_ratio_dataset_balanced_3/last' (iter 4500, epoch 9.0)
=> saved checkpoint 'checkpoint_scores_CNN/mnist_classif_ratio_dataset_balanced_3/last' (iter 4500, epoch 9.0)
[Save Checkpoint] epoch: [9.0], Train score:97.13167, Test score:28.71667, train loss:-0.96984, test loss:-0.28779, ratio_train_loss:0.17541,ratio_test_loss:0.19085, total_loss_train:-0.79443,total_loss_test:-0.09694, var distance inter class train:0.00000,var distance inter class test:0.00000
=> saved checkpoint 'checkpoints_CNN/mnist_classif_ratio_dataset_balanced_3/last' (iter 5000, epoch 10.0)
=> saved checkpoint 'checkpoint_scores_CNN/mnist_classif_ratio_dataset_balanced_3/last' (iter 5000, epoch 10.0)
EarlyStopping counter: 1 out of 10
[Save Checkpoint] epoch: [10.0], Train score:97.38333, Test score:19.20000, train loss:-0.97262, test loss:-0.19072, ratio_train_loss:0.17669,ratio_test_loss:0.18511, total_loss_train:-0.79593,total_loss_test:-0.00562, var distance inter class train:0.00000,var distance inter class test:0.00000
=> saved checkpoint 'checkpoints_CNN/mnist_classif_ratio_dataset_balanced_3/last' (iter 5500, epoch 11.0)
=> saved checkpoint 'checkpoint_scores_CNN/mnist_classif_ratio_dataset_balanced_3/last' (iter 5500, epoch 11.0)
[Save Checkpoint] epoch: [11.0], Train score:97.46167, Test score:28.55000, train loss:-0.97346, test loss:-0.28155, ratio_train_loss:0.16959,ratio_test_loss:0.18178, total_loss_train:-0.80387,total_loss_test:-0.09977, var distance inter class train:0.00000,var distance inter class test:0.00000
=> saved checkpoint 'checkpoints_CNN/mnist_classif_ratio_dataset_balanced_3/last' (iter 6000, epoch 12.0)
=> saved checkpoint 'checkpoint_scores_CNN/mnist_classif_ratio_dataset_balanced_3/last' (iter 6000, epoch 12.0)
EarlyStopping counter: 1 out of 10
[Save Checkpoint] epoch: [12.0], Train score:97.55333, Test score:27.51667, train loss:-0.97432, test loss:-0.27124, ratio_train_loss:0.16959,ratio_test_loss:0.18234, total_loss_train:-0.80473,total_loss_test:-0.08890, var distance inter class train:0.00000,var distance inter class test:0.00000
=> saved checkpoint 'checkpoints_CNN/mnist_classif_ratio_dataset_balanced_3/last' (iter 6500, epoch 13.0)
=> saved checkpoint 'checkpoint_scores_CNN/mnist_classif_ratio_dataset_balanced_3/last' (iter 6500, epoch 13.0)
EarlyStopping counter: 2 out of 10
[Save Checkpoint] epoch: [13.0], Train score:96.94167, Test score:27.85000, train loss:-0.96850, test loss:-0.27354, ratio_train_loss:0.16712,ratio_test_loss:0.17809, total_loss_train:-0.80138,total_loss_test:-0.09545, var distance inter class train:0.00000,var distance inter class test:0.00000
=> saved checkpoint 'checkpoints_CNN/mnist_classif_ratio_dataset_balanced_3/last' (iter 7000, epoch 14.0)
=> saved checkpoint 'checkpoint_scores_CNN/mnist_classif_ratio_dataset_balanced_3/last' (iter 7000, epoch 14.0)
EarlyStopping counter: 3 out of 10
[Save Checkpoint] epoch: [14.0], Train score:97.40167, Test score:28.96667, train loss:-0.97315, test loss:-0.28890, ratio_train_loss:0.17235,ratio_test_loss:0.19118, total_loss_train:-0.80080,total_loss_test:-0.09772, var distance inter class train:0.00000,var distance inter class test:0.00000
=> saved checkpoint 'checkpoints_CNN/mnist_classif_ratio_dataset_balanced_3/last' (iter 7500, epoch 15.0)
=> saved checkpoint 'checkpoint_scores_CNN/mnist_classif_ratio_dataset_balanced_3/last' (iter 7500, epoch 15.0)
[Save Checkpoint] epoch: [15.0], Train score:97.66167, Test score:29.18333, train loss:-0.97621, test loss:-0.29045, ratio_train_loss:0.17406,ratio_test_loss:0.18759, total_loss_train:-0.80216,total_loss_test:-0.10286, var distance inter class train:0.00000,var distance inter class test:0.00000
=> saved checkpoint 'checkpoints_CNN/mnist_classif_ratio_dataset_balanced_3/last' (iter 8000, epoch 16.0)
=> saved checkpoint 'checkpoint_scores_CNN/mnist_classif_ratio_dataset_balanced_3/last' (iter 8000, epoch 16.0)
EarlyStopping counter: 1 out of 10
[Save Checkpoint] epoch: [16.0], Train score:97.25000, Test score:27.83333, train loss:-0.97179, test loss:-0.27462, ratio_train_loss:0.16908,ratio_test_loss:0.18340, total_loss_train:-0.80271,total_loss_test:-0.09122, var distance inter class train:0.00000,var distance inter class test:0.00000
=> saved checkpoint 'checkpoints_CNN/mnist_classif_ratio_dataset_balanced_3/last' (iter 8500, epoch 17.0)
