116
--dataset mnist --model CNN --gpu_devices 0 1 --max_iter 50 --batch_size 256 --ckpt_dir checkpoints_CNN --ckpt_dir_scores checkpoint_scores_CNN --use_scheduler True --GMP True --lr 1e-3 --z_struct_size 20 --add_classification_layer True --classif_layer_size 30 --is_default_model False --is_custom_model False --is_custom_model_BK True --big_kernel_size 8 --two_conv_layer True --three_conv_layer False --BK_in_first_layer True --BK_in_second_layer False --BK_in_third_layer False --stride_size 1 --hidden_filters_layer1 32 --hidden_filters_layer2 32 --hidden_filters_layer3 32 --ratio_reg True --lambda_ratio_reg 0.1 --lambda_class 1 --other_ratio False --loss_min_distance_cl True --lambda_var_distance 1 --intra_class_variance_loss False --lambda_intra_class_var 1 --contrastive_loss False --lambda_contrastive_loss 1 --alpha 32 --loss Proxy_Anchor --optimizer adamw --mrg 0.1 --IPC False --warm 1 --sz_embedding 32 --dataset_balanced False --loss_distance_mean True --lambda_distance_mean 0.01 --exp_name mnist_classif_ratio_distance_intra_class_max_mean_1_4_2
Namespace(BK_in_first_layer=True, BK_in_second_layer=False, BK_in_third_layer=False, BN=False, C_max=25, C_stop_iter=100000.0, E1_AE=False, E1_VAE=False, E1_conv=False, E1_dense=False, E1_second_conv=False, E1_second_conv_adapt=False, GMP=True, IPC=False, L1_norm_act=False, L1_norm_weights=False, L3_without_random=False, LOG_DIR='logs', adapt_lr=False, add_classification_layer=True, add_linear_after_GMP=True, add_z_struct_bottleneck=False, alpha=32.0, batch_size=256, beta=1, beta1=0.9, beta2=0.999, big_kernel=False, big_kernel_size=[8], binary_z=False, ckpt_dir='checkpoints_CNN', ckpt_dir_scores='checkpoint_scores_CNN', classif_layer_size=30, contrastive_loss=False, cuda=True, dataset='mnist', dataset_balanced=False, display_step=10000, dset_dir='data', exp_name='mnist_classif_ratio_distance_intra_class_max_mean_1_4_2', gamma=1000, gpu_devices=[0, 1], hidden_filters_layer1=32, hidden_filters_layer2=32, hidden_filters_layer3=32, image_size=64, intra_class_variance_loss=False, is_C=True, is_E1=False, is_binary_structural_latent=False, is_custom_model=False, is_custom_model_BK=True, is_default_model=False, is_noise_stats=False, is_partial_rand_class=False, is_perturbed_score=False, is_zvar_sim_loss=False, just_train=False, kernel_size=4, lambda_Kl_struct=1, lambda_Kl_var=1, lambda_L1=0.01, lambda_VAE=1, lambda_class=1.0, lambda_contrastive_loss=1.0, lambda_distance_mean=0.01, lambda_intra_class_var=1.0, lambda_partial_class=1, lambda_ratio_reg=0.1, lambda_recon_wt_rand=1, lambda_recons=1, lambda_var_distance=1.0, lambda_zvar_sim=1, latent_spec_cont=None, latent_spec_cont_class=None, latent_spec_cont_var=None, latent_spec_disc=None, latent_spec_disc_class=None, latent_spec_disc_var=None, log_level='info', loss='Proxy_Anchor', loss_distance_mean=True, loss_min_distance_cl=True, lr=0.001, max_iter=50.0, model='CNN', mrg=0.1, num_workers=2, old_weighted=False, optimizer='adamw', other_ratio=False, random_percentage=0.2, ratio_reg=True, remark='', save_step=10000, second_layer_C=False, seed=1, stride_size=1, sz_embedding=32, three_conv_layer=False, train=True, two_conv_layer=True, two_encoder=False, use_early_stopping=True, use_scheduler=True, warm=1, without_acc=False, z_struct_size=20, zeros_W_Classif=False, zvar_sim_change_zvar=False, zvar_sim_loss_for_all_model=False, zvar_sim_loss_only_for_encoder=False, zvar_sim_normal=False, zvar_sim_var_rand=False)
CUDA Visible devices !
Custom_CNN_BK(
  (net): Sequential(
    (0): Conv2d(1, 32, kernel_size=(8, 8), stride=(1, 1))
    (1): BatchNorm2d(32, eps=1e-05, momentum=0.1, affine=True, track_running_stats=True)
    (2): ReLU(inplace=True)
    (3): Conv2d(32, 32, kernel_size=(4, 4), stride=(1, 1))
    (4): BatchNorm2d(32, eps=1e-05, momentum=0.1, affine=True, track_running_stats=True)
    (5): ReLU(inplace=True)
    (6): AdaptiveMaxPool2d(output_size=(1, 1))
    (7): View()
    (8): Linear(in_features=32, out_features=20, bias=True)
    (9): BatchNorm1d(20, eps=1e-05, momentum=0.1, affine=True, track_running_stats=True)
    (10): ReLU(inplace=True)
    (11): Dropout(p=0.4, inplace=False)
    (12): Linear(in_features=20, out_features=30, bias=True)
    (13): BatchNorm1d(30, eps=1e-05, momentum=0.1, affine=True, track_running_stats=True)
    (14): ReLU(inplace=True)
    (15): Dropout(p=0.4, inplace=False)
    (16): Linear(in_features=30, out_features=10, bias=True)
    (17): Softmax(dim=None)
  )
)
The number of parameters of model is 20324
use 1 gpu who named: GeForce GTX 1080 Ti
=> loaded sample_scores and losses
=> no checkpoint found at 'checkpoints_CNN/mnist_classif_ratio_distance_intra_class_max_mean_1_4_2/last'
=> saved checkpoint 'checkpoints_CNN/mnist_classif_ratio_distance_intra_class_max_mean_1_4_2/last' (iter 235, epoch 1.0)
=> saved checkpoint 'checkpoint_scores_CNN/mnist_classif_ratio_distance_intra_class_max_mean_1_4_2/last' (iter 235, epoch 1.0)
[Save Checkpoint] epoch: [1.0], Train score:66.05667, Test score:66.35000, train loss:-0.62637, test loss:-0.63252, ratio_train_loss:0.93393,ratio_test_loss:0.89758, total_loss_train:0.30756,total_loss_test:0.26506, var distance inter class train:0.01363,var distance inter class test:0.01385
=> saved checkpoint 'checkpoints_CNN/mnist_classif_ratio_distance_intra_class_max_mean_1_4_2/last' (iter 470, epoch 2.0)
=> saved checkpoint 'checkpoint_scores_CNN/mnist_classif_ratio_distance_intra_class_max_mean_1_4_2/last' (iter 470, epoch 2.0)
[Save Checkpoint] epoch: [2.0], Train score:86.08000, Test score:86.63000, train loss:-0.82787, test loss:-0.83239, ratio_train_loss:0.72661,ratio_test_loss:0.70467, total_loss_train:-0.10126,total_loss_test:-0.12772, var distance inter class train:0.00916,var distance inter class test:0.00984
=> saved checkpoint 'checkpoints_CNN/mnist_classif_ratio_distance_intra_class_max_mean_1_4_2/last' (iter 705, epoch 3.0)
=> saved checkpoint 'checkpoint_scores_CNN/mnist_classif_ratio_distance_intra_class_max_mean_1_4_2/last' (iter 705, epoch 3.0)
[Save Checkpoint] epoch: [3.0], Train score:94.43000, Test score:94.48000, train loss:-0.92550, test loss:-0.92806, ratio_train_loss:0.62181,ratio_test_loss:0.60169, total_loss_train:-0.30368,total_loss_test:-0.32637, var distance inter class train:0.00854,var distance inter class test:0.00900
Ratio: In this batch for class 4, they are less images than 10. Don't use it to compute ratio!!!!
Variance: In this batch for class 4, they are less images than 10. Don't use it to compute ratio!!!!
=> saved checkpoint 'checkpoints_CNN/mnist_classif_ratio_distance_intra_class_max_mean_1_4_2/last' (iter 940, epoch 4.0)
=> saved checkpoint 'checkpoint_scores_CNN/mnist_classif_ratio_distance_intra_class_max_mean_1_4_2/last' (iter 940, epoch 4.0)
[Save Checkpoint] epoch: [4.0], Train score:95.79167, Test score:95.86000, train loss:-0.94951, test loss:-0.95213, ratio_train_loss:0.56598,ratio_test_loss:0.54601, total_loss_train:-0.38353,total_loss_test:-0.40611, var distance inter class train:0.00723,var distance inter class test:0.00745
=> saved checkpoint 'checkpoints_CNN/mnist_classif_ratio_distance_intra_class_max_mean_1_4_2/last' (iter 1175, epoch 5.0)
=> saved checkpoint 'checkpoint_scores_CNN/mnist_classif_ratio_distance_intra_class_max_mean_1_4_2/last' (iter 1175, epoch 5.0)
[Save Checkpoint] epoch: [5.0], Train score:96.52667, Test score:96.54000, train loss:-0.95973, test loss:-0.96085, ratio_train_loss:0.54598,ratio_test_loss:0.52988, total_loss_train:-0.41374,total_loss_test:-0.43097, var distance inter class train:0.00616,var distance inter class test:0.00638
=> saved checkpoint 'checkpoints_CNN/mnist_classif_ratio_distance_intra_class_max_mean_1_4_2/last' (iter 1410, epoch 6.0)
=> saved checkpoint 'checkpoint_scores_CNN/mnist_classif_ratio_distance_intra_class_max_mean_1_4_2/last' (iter 1410, epoch 6.0)
[Save Checkpoint] epoch: [6.0], Train score:96.51833, Test score:96.43000, train loss:-0.96176, test loss:-0.96219, ratio_train_loss:0.52158,ratio_test_loss:0.50921, total_loss_train:-0.44017,total_loss_test:-0.45298, var distance inter class train:0.00453,var distance inter class test:0.00473
=> saved checkpoint 'checkpoints_CNN/mnist_classif_ratio_distance_intra_class_max_mean_1_4_2/last' (iter 1645, epoch 7.0)
=> saved checkpoint 'checkpoint_scores_CNN/mnist_classif_ratio_distance_intra_class_max_mean_1_4_2/last' (iter 1645, epoch 7.0)
[Save Checkpoint] epoch: [7.0], Train score:96.84500, Test score:96.91000, train loss:-0.96585, test loss:-0.96682, ratio_train_loss:0.50172,ratio_test_loss:0.49121, total_loss_train:-0.46413,total_loss_test:-0.47561, var distance inter class train:0.00450,var distance inter class test:0.00469
=> saved checkpoint 'checkpoints_CNN/mnist_classif_ratio_distance_intra_class_max_mean_1_4_2/last' (iter 1880, epoch 8.0)
=> saved checkpoint 'checkpoint_scores_CNN/mnist_classif_ratio_distance_intra_class_max_mean_1_4_2/last' (iter 1880, epoch 8.0)
[Save Checkpoint] epoch: [8.0], Train score:96.84500, Test score:96.80000, train loss:-0.96581, test loss:-0.96589, ratio_train_loss:0.48117,ratio_test_loss:0.46848, total_loss_train:-0.48464,total_loss_test:-0.49741, var distance inter class train:0.00426,var distance inter class test:0.00442
=> saved checkpoint 'checkpoints_CNN/mnist_classif_ratio_distance_intra_class_max_mean_1_4_2/last' (iter 2115, epoch 9.0)
=> saved checkpoint 'checkpoint_scores_CNN/mnist_classif_ratio_distance_intra_class_max_mean_1_4_2/last' (iter 2115, epoch 9.0)
[Save Checkpoint] epoch: [9.0], Train score:97.09833, Test score:97.00000, train loss:-0.96885, test loss:-0.96904, ratio_train_loss:0.47102,ratio_test_loss:0.45822, total_loss_train:-0.49783,total_loss_test:-0.51082, var distance inter class train:0.00490,var distance inter class test:0.00523
=> saved checkpoint 'checkpoints_CNN/mnist_classif_ratio_distance_intra_class_max_mean_1_4_2/last' (iter 2350, epoch 10.0)
=> saved checkpoint 'checkpoint_scores_CNN/mnist_classif_ratio_distance_intra_class_max_mean_1_4_2/last' (iter 2350, epoch 10.0)
[Save Checkpoint] epoch: [10.0], Train score:97.37000, Test score:97.19000, train loss:-0.97203, test loss:-0.97135, ratio_train_loss:0.46524,ratio_test_loss:0.45602, total_loss_train:-0.50680,total_loss_test:-0.51533, var distance inter class train:0.00442,var distance inter class test:0.00463
=> saved checkpoint 'checkpoints_CNN/mnist_classif_ratio_distance_intra_class_max_mean_1_4_2/last' (iter 2585, epoch 11.0)
=> saved checkpoint 'checkpoint_scores_CNN/mnist_classif_ratio_distance_intra_class_max_mean_1_4_2/last' (iter 2585, epoch 11.0)
[Save Checkpoint] epoch: [11.0], Train score:96.99500, Test score:96.92000, train loss:-0.96805, test loss:-0.96781, ratio_train_loss:0.46135,ratio_test_loss:0.45088, total_loss_train:-0.50670,total_loss_test:-0.51693, var distance inter class train:0.00374,var distance inter class test:0.00383
Ratio: In this batch for class 5, they are less images than 10. Don't use it to compute ratio!!!!
Variance: In this batch for class 5, they are less images than 10. Don't use it to compute ratio!!!!
=> saved checkpoint 'checkpoints_CNN/mnist_classif_ratio_distance_intra_class_max_mean_1_4_2/last' (iter 2820, epoch 12.0)
=> saved checkpoint 'checkpoint_scores_CNN/mnist_classif_ratio_distance_intra_class_max_mean_1_4_2/last' (iter 2820, epoch 12.0)
[Save Checkpoint] epoch: [12.0], Train score:97.06500, Test score:97.09000, train loss:-0.96878, test loss:-0.97044, ratio_train_loss:0.46753,ratio_test_loss:0.45237, total_loss_train:-0.50126,total_loss_test:-0.51806, var distance inter class train:0.00435,var distance inter class test:0.00457
=> saved checkpoint 'checkpoints_CNN/mnist_classif_ratio_distance_intra_class_max_mean_1_4_2/last' (iter 3055, epoch 13.0)
=> saved checkpoint 'checkpoint_scores_CNN/mnist_classif_ratio_distance_intra_class_max_mean_1_4_2/last' (iter 3055, epoch 13.0)
[Save Checkpoint] epoch: [13.0], Train score:97.46500, Test score:97.28000, train loss:-0.97335, test loss:-0.97171, ratio_train_loss:0.43256,ratio_test_loss:0.42621, total_loss_train:-0.54080,total_loss_test:-0.54550, var distance inter class train:0.00373,var distance inter class test:0.00392
=> saved checkpoint 'checkpoints_CNN/mnist_classif_ratio_distance_intra_class_max_mean_1_4_2/last' (iter 3290, epoch 14.0)
=> saved checkpoint 'checkpoint_scores_CNN/mnist_classif_ratio_distance_intra_class_max_mean_1_4_2/last' (iter 3290, epoch 14.0)
[Save Checkpoint] epoch: [14.0], Train score:97.45833, Test score:97.34000, train loss:-0.97347, test loss:-0.97299, ratio_train_loss:0.42374,ratio_test_loss:0.41521, total_loss_train:-0.54974,total_loss_test:-0.55777, var distance inter class train:0.00334,var distance inter class test:0.00341
=> saved checkpoint 'checkpoints_CNN/mnist_classif_ratio_distance_intra_class_max_mean_1_4_2/last' (iter 3525, epoch 15.0)
=> saved checkpoint 'checkpoint_scores_CNN/mnist_classif_ratio_distance_intra_class_max_mean_1_4_2/last' (iter 3525, epoch 15.0)
EarlyStopping counter: 1 out of 10
[Save Checkpoint] epoch: [15.0], Train score:97.32500, Test score:97.21000, train loss:-0.97207, test loss:-0.97189, ratio_train_loss:0.44032,ratio_test_loss:0.43143, total_loss_train:-0.53175,total_loss_test:-0.54045, var distance inter class train:0.00339,var distance inter class test:0.00351
=> saved checkpoint 'checkpoints_CNN/mnist_classif_ratio_distance_intra_class_max_mean_1_4_2/last' (iter 3760, epoch 16.0)
=> saved checkpoint 'checkpoint_scores_CNN/mnist_classif_ratio_distance_intra_class_max_mean_1_4_2/last' (iter 3760, epoch 16.0)
[Save Checkpoint] epoch: [16.0], Train score:97.81000, Test score:97.68000, train loss:-0.97693, test loss:-0.97639, ratio_train_loss:0.42035,ratio_test_loss:0.41093, total_loss_train:-0.55658,total_loss_test:-0.56545, var distance inter class train:0.00332,var distance inter class test:0.00350
Ratio: In this batch for class 5, they are less images than 10. Don't use it to compute ratio!!!!
Variance: In this batch for class 5, they are less images than 10. Don't use it to compute ratio!!!!
=> saved checkpoint 'checkpoints_CNN/mnist_classif_ratio_distance_intra_class_max_mean_1_4_2/last' (iter 3995, epoch 17.0)
=> saved checkpoint 'checkpoint_scores_CNN/mnist_classif_ratio_distance_intra_class_max_mean_1_4_2/last' (iter 3995, epoch 17.0)
EarlyStopping counter: 1 out of 10
[Save Checkpoint] epoch: [17.0], Train score:97.35167, Test score:97.51000, train loss:-0.97275, test loss:-0.97425, ratio_train_loss:0.41837,ratio_test_loss:0.41038, total_loss_train:-0.55438,total_loss_test:-0.56387, var distance inter class train:0.00323,var distance inter class test:0.00352
Ratio: In this batch for class 4, they are less images than 10. Don't use it to compute ratio!!!!
Variance: In this batch for class 4, they are less images than 10. Don't use it to compute ratio!!!!
=> saved checkpoint 'checkpoints_CNN/mnist_classif_ratio_distance_intra_class_max_mean_1_4_2/last' (iter 4230, epoch 18.0)
=> saved checkpoint 'checkpoint_scores_CNN/mnist_classif_ratio_distance_intra_class_max_mean_1_4_2/last' (iter 4230, epoch 18.0)
EarlyStopping counter: 2 out of 10
[Save Checkpoint] epoch: [18.0], Train score:97.83500, Test score:97.69000, train loss:-0.97713, test loss:-0.97672, ratio_train_loss:0.42191,ratio_test_loss:0.41128, total_loss_train:-0.55522,total_loss_test:-0.56543, var distance inter class train:0.00313,var distance inter class test:0.00329
=> saved checkpoint 'checkpoints_CNN/mnist_classif_ratio_distance_intra_class_max_mean_1_4_2/last' (iter 4465, epoch 19.0)
=> saved checkpoint 'checkpoint_scores_CNN/mnist_classif_ratio_distance_intra_class_max_mean_1_4_2/last' (iter 4465, epoch 19.0)
[Save Checkpoint] epoch: [19.0], Train score:97.73333, Test score:97.50000, train loss:-0.97660, test loss:-0.97502, ratio_train_loss:0.41008,ratio_test_loss:0.40304, total_loss_train:-0.56652,total_loss_test:-0.57198, var distance inter class train:0.00300,var distance inter class test:0.00327
=> saved checkpoint 'checkpoints_CNN/mnist_classif_ratio_distance_intra_class_max_mean_1_4_2/last' (iter 4700, epoch 20.0)
=> saved checkpoint 'checkpoint_scores_CNN/mnist_classif_ratio_distance_intra_class_max_mean_1_4_2/last' (iter 4700, epoch 20.0)
EarlyStopping counter: 1 out of 10
[Save Checkpoint] epoch: [20.0], Train score:97.92167, Test score:97.76000, train loss:-0.97853, test loss:-0.97771, ratio_train_loss:0.41641,ratio_test_loss:0.40747, total_loss_train:-0.56212,total_loss_test:-0.57024, var distance inter class train:0.00335,var distance inter class test:0.00352
=> saved checkpoint 'checkpoints_CNN/mnist_classif_ratio_distance_intra_class_max_mean_1_4_2/last' (iter 4935, epoch 21.0)
=> saved checkpoint 'checkpoint_scores_CNN/mnist_classif_ratio_distance_intra_class_max_mean_1_4_2/last' (iter 4935, epoch 21.0)
EarlyStopping counter: 2 out of 10
[Save Checkpoint] epoch: [21.0], Train score:97.59333, Test score:97.47000, train loss:-0.97520, test loss:-0.97417, ratio_train_loss:0.41119,ratio_test_loss:0.40334, total_loss_train:-0.56401,total_loss_test:-0.57083, var distance inter class train:0.00322,var distance inter class test:0.00345
Ratio: In this batch for class 0, they are less images than 10. Don't use it to compute ratio!!!!
Variance: In this batch for class 0, they are less images than 10. Don't use it to compute ratio!!!!
Ratio: In this batch for class 4, they are less images than 10. Don't use it to compute ratio!!!!
Variance: In this batch for class 4, they are less images than 10. Don't use it to compute ratio!!!!
=> saved checkpoint 'checkpoints_CNN/mnist_classif_ratio_distance_intra_class_max_mean_1_4_2/last' (iter 5170, epoch 22.0)
=> saved checkpoint 'checkpoint_scores_CNN/mnist_classif_ratio_distance_intra_class_max_mean_1_4_2/last' (iter 5170, epoch 22.0)
[Save Checkpoint] epoch: [22.0], Train score:97.93000, Test score:97.70000, train loss:-0.97871, test loss:-0.97717, ratio_train_loss:0.39444,ratio_test_loss:0.38599, total_loss_train:-0.58427,total_loss_test:-0.59117, var distance inter class train:0.00358,var distance inter class test:0.00373
=> saved checkpoint 'checkpoints_CNN/mnist_classif_ratio_distance_intra_class_max_mean_1_4_2/last' (iter 5405, epoch 23.0)
=> saved checkpoint 'checkpoint_scores_CNN/mnist_classif_ratio_distance_intra_class_max_mean_1_4_2/last' (iter 5405, epoch 23.0)
[Save Checkpoint] epoch: [23.0], Train score:98.02000, Test score:97.82000, train loss:-0.97967, test loss:-0.97805, ratio_train_loss:0.38392,ratio_test_loss:0.37833, total_loss_train:-0.59575,total_loss_test:-0.59972, var distance inter class train:0.00208,var distance inter class test:0.00214
=> saved checkpoint 'checkpoints_CNN/mnist_classif_ratio_distance_intra_class_max_mean_1_4_2/last' (iter 5640, epoch 24.0)
=> saved checkpoint 'checkpoint_scores_CNN/mnist_classif_ratio_distance_intra_class_max_mean_1_4_2/last' (iter 5640, epoch 24.0)
EarlyStopping counter: 1 out of 10
[Save Checkpoint] epoch: [24.0], Train score:97.91167, Test score:97.80000, train loss:-0.97852, test loss:-0.97812, ratio_train_loss:0.39306,ratio_test_loss:0.38668, total_loss_train:-0.58546,total_loss_test:-0.59144, var distance inter class train:0.00257,var distance inter class test:0.00273
=> saved checkpoint 'checkpoints_CNN/mnist_classif_ratio_distance_intra_class_max_mean_1_4_2/last' (iter 5875, epoch 25.0)
=> saved checkpoint 'checkpoint_scores_CNN/mnist_classif_ratio_distance_intra_class_max_mean_1_4_2/last' (iter 5875, epoch 25.0)
[Save Checkpoint] epoch: [25.0], Train score:97.98333, Test score:97.61000, train loss:-0.97947, test loss:-0.97641, ratio_train_loss:0.37970,ratio_test_loss:0.37153, total_loss_train:-0.59977,total_loss_test:-0.60488, var distance inter class train:0.00246,var distance inter class test:0.00260
=> saved checkpoint 'checkpoints_CNN/mnist_classif_ratio_distance_intra_class_max_mean_1_4_2/last' (iter 6110, epoch 26.0)
=> saved checkpoint 'checkpoint_scores_CNN/mnist_classif_ratio_distance_intra_class_max_mean_1_4_2/last' (iter 6110, epoch 26.0)
[Save Checkpoint] epoch: [26.0], Train score:97.95000, Test score:97.81000, train loss:-0.97892, test loss:-0.97812, ratio_train_loss:0.37816,ratio_test_loss:0.37282, total_loss_train:-0.60076,total_loss_test:-0.60530, var distance inter class train:0.00273,var distance inter class test:0.00279
=> saved checkpoint 'checkpoints_CNN/mnist_classif_ratio_distance_intra_class_max_mean_1_4_2/last' (iter 6345, epoch 27.0)
=> saved checkpoint 'checkpoint_scores_CNN/mnist_classif_ratio_distance_intra_class_max_mean_1_4_2/last' (iter 6345, epoch 27.0)
[Save Checkpoint] epoch: [27.0], Train score:97.94167, Test score:97.70000, train loss:-0.97912, test loss:-0.97781, ratio_train_loss:0.37023,ratio_test_loss:0.36423, total_loss_train:-0.60889,total_loss_test:-0.61358, var distance inter class train:0.00238,var distance inter class test:0.00247
=> saved checkpoint 'checkpoints_CNN/mnist_classif_ratio_distance_intra_class_max_mean_1_4_2/last' (iter 6580, epoch 28.0)
=> saved checkpoint 'checkpoint_scores_CNN/mnist_classif_ratio_distance_intra_class_max_mean_1_4_2/last' (iter 6580, epoch 28.0)
EarlyStopping counter: 1 out of 10
[Save Checkpoint] epoch: [28.0], Train score:98.07000, Test score:97.65000, train loss:-0.98032, test loss:-0.97689, ratio_train_loss:0.38015,ratio_test_loss:0.37090, total_loss_train:-0.60017,total_loss_test:-0.60599, var distance inter class train:0.00243,var distance inter class test:0.00260
=> saved checkpoint 'checkpoints_CNN/mnist_classif_ratio_distance_intra_class_max_mean_1_4_2/last' (iter 6815, epoch 29.0)
=> saved checkpoint 'checkpoint_scores_CNN/mnist_classif_ratio_distance_intra_class_max_mean_1_4_2/last' (iter 6815, epoch 29.0)
EarlyStopping counter: 2 out of 10
[Save Checkpoint] epoch: [29.0], Train score:97.10667, Test score:96.79000, train loss:-0.97018, test loss:-0.96722, ratio_train_loss:0.37192,ratio_test_loss:0.36766, total_loss_train:-0.59826,total_loss_test:-0.59956, var distance inter class train:0.00210,var distance inter class test:0.00214
=> saved checkpoint 'checkpoints_CNN/mnist_classif_ratio_distance_intra_class_max_mean_1_4_2/last' (iter 7050, epoch 30.0)
=> saved checkpoint 'checkpoint_scores_CNN/mnist_classif_ratio_distance_intra_class_max_mean_1_4_2/last' (iter 7050, epoch 30.0)
[Save Checkpoint] epoch: [30.0], Train score:98.17333, Test score:98.02000, train loss:-0.98133, test loss:-0.97980, ratio_train_loss:0.36446,ratio_test_loss:0.35784, total_loss_train:-0.61687,total_loss_test:-0.62196, var distance inter class train:0.00243,var distance inter class test:0.00253
=> saved checkpoint 'checkpoints_CNN/mnist_classif_ratio_distance_intra_class_max_mean_1_4_2/last' (iter 7285, epoch 31.0)
=> saved checkpoint 'checkpoint_scores_CNN/mnist_classif_ratio_distance_intra_class_max_mean_1_4_2/last' (iter 7285, epoch 31.0)
EarlyStopping counter: 1 out of 10
[Save Checkpoint] epoch: [31.0], Train score:97.17000, Test score:96.90000, train loss:-0.97106, test loss:-0.96896, ratio_train_loss:0.38056,ratio_test_loss:0.37328, total_loss_train:-0.59049,total_loss_test:-0.59567, var distance inter class train:0.00204,var distance inter class test:0.00212
=> saved checkpoint 'checkpoints_CNN/mnist_classif_ratio_distance_intra_class_max_mean_1_4_2/last' (iter 7520, epoch 32.0)
=> saved checkpoint 'checkpoint_scores_CNN/mnist_classif_ratio_distance_intra_class_max_mean_1_4_2/last' (iter 7520, epoch 32.0)
EarlyStopping counter: 2 out of 10
[Save Checkpoint] epoch: [32.0], Train score:96.98667, Test score:96.81000, train loss:-0.96901, test loss:-0.96772, ratio_train_loss:0.38720,ratio_test_loss:0.37625, total_loss_train:-0.58181,total_loss_test:-0.59146, var distance inter class train:0.00198,var distance inter class test:0.00202
=> saved checkpoint 'checkpoints_CNN/mnist_classif_ratio_distance_intra_class_max_mean_1_4_2/last' (iter 7755, epoch 33.0)
=> saved checkpoint 'checkpoint_scores_CNN/mnist_classif_ratio_distance_intra_class_max_mean_1_4_2/last' (iter 7755, epoch 33.0)
EarlyStopping counter: 3 out of 10
[Save Checkpoint] epoch: [33.0], Train score:97.70000, Test score:97.44000, train loss:-0.97658, test loss:-0.97486, ratio_train_loss:0.37099,ratio_test_loss:0.36408, total_loss_train:-0.60559,total_loss_test:-0.61078, var distance inter class train:0.00194,var distance inter class test:0.00202
=> saved checkpoint 'checkpoints_CNN/mnist_classif_ratio_distance_intra_class_max_mean_1_4_2/last' (iter 7990, epoch 34.0)
=> saved checkpoint 'checkpoint_scores_CNN/mnist_classif_ratio_distance_intra_class_max_mean_1_4_2/last' (iter 7990, epoch 34.0)
[Save Checkpoint] epoch: [34.0], Train score:98.13833, Test score:97.85000, train loss:-0.98084, test loss:-0.97844, ratio_train_loss:0.35637,ratio_test_loss:0.34925, total_loss_train:-0.62447,total_loss_test:-0.62919, var distance inter class train:0.00218,var distance inter class test:0.00228
=> saved checkpoint 'checkpoints_CNN/mnist_classif_ratio_distance_intra_class_max_mean_1_4_2/last' (iter 8225, epoch 35.0)
=> saved checkpoint 'checkpoint_scores_CNN/mnist_classif_ratio_distance_intra_class_max_mean_1_4_2/last' (iter 8225, epoch 35.0)
[Save Checkpoint] epoch: [35.0], Train score:98.03833, Test score:97.89000, train loss:-0.97993, test loss:-0.97892, ratio_train_loss:0.35588,ratio_test_loss:0.34874, total_loss_train:-0.62406,total_loss_test:-0.63018, var distance inter class train:0.00216,var distance inter class test:0.00218
=> saved checkpoint 'checkpoints_CNN/mnist_classif_ratio_distance_intra_class_max_mean_1_4_2/last' (iter 8460, epoch 36.0)
=> saved checkpoint 'checkpoint_scores_CNN/mnist_classif_ratio_distance_intra_class_max_mean_1_4_2/last' (iter 8460, epoch 36.0)
EarlyStopping counter: 1 out of 10
[Save Checkpoint] epoch: [36.0], Train score:96.72667, Test score:96.53000, train loss:-0.96636, test loss:-0.96544, ratio_train_loss:0.34731,ratio_test_loss:0.33875, total_loss_train:-0.61904,total_loss_test:-0.62669, var distance inter class train:0.00236,var distance inter class test:0.00243
=> saved checkpoint 'checkpoints_CNN/mnist_classif_ratio_distance_intra_class_max_mean_1_4_2/last' (iter 8695, epoch 37.0)
=> saved checkpoint 'checkpoint_scores_CNN/mnist_classif_ratio_distance_intra_class_max_mean_1_4_2/last' (iter 8695, epoch 37.0)
[Save Checkpoint] epoch: [37.0], Train score:98.03333, Test score:97.90000, train loss:-0.97976, test loss:-0.97908, ratio_train_loss:0.35138,ratio_test_loss:0.34405, total_loss_train:-0.62837,total_loss_test:-0.63502, var distance inter class train:0.00206,var distance inter class test:0.00207
=> saved checkpoint 'checkpoints_CNN/mnist_classif_ratio_distance_intra_class_max_mean_1_4_2/last' (iter 8930, epoch 38.0)
=> saved checkpoint 'checkpoint_scores_CNN/mnist_classif_ratio_distance_intra_class_max_mean_1_4_2/last' (iter 8930, epoch 38.0)
[Save Checkpoint] epoch: [38.0], Train score:98.32667, Test score:98.02000, train loss:-0.98283, test loss:-0.98043, ratio_train_loss:0.34872,ratio_test_loss:0.34124, total_loss_train:-0.63411,total_loss_test:-0.63919, var distance inter class train:0.00168,var distance inter class test:0.00176
Ratio: In this batch for class 8, they are less images than 10. Don't use it to compute ratio!!!!
Variance: In this batch for class 8, they are less images than 10. Don't use it to compute ratio!!!!
Ratio: In this batch for class 5, they are less images than 10. Don't use it to compute ratio!!!!
Variance: In this batch for class 5, they are less images than 10. Don't use it to compute ratio!!!!
=> saved checkpoint 'checkpoints_CNN/mnist_classif_ratio_distance_intra_class_max_mean_1_4_2/last' (iter 9165, epoch 39.0)
=> saved checkpoint 'checkpoint_scores_CNN/mnist_classif_ratio_distance_intra_class_max_mean_1_4_2/last' (iter 9165, epoch 39.0)
EarlyStopping counter: 1 out of 10
[Save Checkpoint] epoch: [39.0], Train score:98.30167, Test score:98.07000, train loss:-0.98268, test loss:-0.98104, ratio_train_loss:0.36231,ratio_test_loss:0.35495, total_loss_train:-0.62037,total_loss_test:-0.62609, var distance inter class train:0.00165,var distance inter class test:0.00169
=> saved checkpoint 'checkpoints_CNN/mnist_classif_ratio_distance_intra_class_max_mean_1_4_2/last' (iter 9400, epoch 40.0)
=> saved checkpoint 'checkpoint_scores_CNN/mnist_classif_ratio_distance_intra_class_max_mean_1_4_2/last' (iter 9400, epoch 40.0)
EarlyStopping counter: 2 out of 10
[Save Checkpoint] epoch: [40.0], Train score:97.69833, Test score:97.56000, train loss:-0.97644, test loss:-0.97543, ratio_train_loss:0.34586,ratio_test_loss:0.33973, total_loss_train:-0.63058,total_loss_test:-0.63570, var distance inter class train:0.00187,var distance inter class test:0.00193
