167
--dataset mnist --model CNN --gpu_devices 0 1 --max_iter 50 --batch_size 256 --ckpt_dir checkpoints_CNN --ckpt_dir_scores checkpoint_scores_CNN --use_scheduler True --GMP True --lr 1e-3 --z_struct_size 20 --add_classification_layer True --classif_layer_size 30 --is_default_model False --is_custom_model False --is_custom_model_BK True --big_kernel_size 8 --two_conv_layer True --three_conv_layer False --BK_in_first_layer True --BK_in_second_layer False --BK_in_third_layer False --stride_size 1 --hidden_filters_layer1 32 --hidden_filters_layer2 32 --hidden_filters_layer3 32 --ratio_reg True --lambda_ratio_reg 0.01 --lambda_class 1 --other_ratio False --loss_min_distance_cl True --lambda_var_distance 0.001 --intra_class_variance_loss False --lambda_intra_class_var 1 --contrastive_loss False --lambda_contrastive_loss 1 --alpha 32 --loss Proxy_Anchor --optimizer adamw --mrg 0.1 --IPC False --warm 1 --sz_embedding 32 --dataset_balanced False --loss_distance_mean True --lambda_distance_mean 0.0001 --exp_name mnist_classif_ratio_distance_intra_class_max_mean_2_6_5
Namespace(BK_in_first_layer=True, BK_in_second_layer=False, BK_in_third_layer=False, BN=False, C_max=25, C_stop_iter=100000.0, E1_AE=False, E1_VAE=False, E1_conv=False, E1_dense=False, E1_second_conv=False, E1_second_conv_adapt=False, GMP=True, IPC=False, L1_norm_act=False, L1_norm_weights=False, L3_without_random=False, LOG_DIR='logs', adapt_lr=False, add_classification_layer=True, add_linear_after_GMP=True, add_z_struct_bottleneck=False, alpha=32.0, batch_size=256, beta=1, beta1=0.9, beta2=0.999, big_kernel=False, big_kernel_size=[8], binary_z=False, ckpt_dir='checkpoints_CNN', ckpt_dir_scores='checkpoint_scores_CNN', classif_layer_size=30, contrastive_loss=False, cuda=True, dataset='mnist', dataset_balanced=False, display_step=10000, dset_dir='data', exp_name='mnist_classif_ratio_distance_intra_class_max_mean_2_6_5', gamma=1000, gpu_devices=[0, 1], hidden_filters_layer1=32, hidden_filters_layer2=32, hidden_filters_layer3=32, image_size=64, intra_class_variance_loss=False, is_C=True, is_E1=False, is_binary_structural_latent=False, is_custom_model=False, is_custom_model_BK=True, is_default_model=False, is_noise_stats=False, is_partial_rand_class=False, is_perturbed_score=False, is_zvar_sim_loss=False, just_train=False, kernel_size=4, lambda_Kl_struct=1, lambda_Kl_var=1, lambda_L1=0.01, lambda_VAE=1, lambda_class=1.0, lambda_contrastive_loss=1.0, lambda_distance_mean=0.0001, lambda_intra_class_var=1.0, lambda_partial_class=1, lambda_ratio_reg=0.01, lambda_recon_wt_rand=1, lambda_recons=1, lambda_var_distance=0.001, lambda_zvar_sim=1, latent_spec_cont=None, latent_spec_cont_class=None, latent_spec_cont_var=None, latent_spec_disc=None, latent_spec_disc_class=None, latent_spec_disc_var=None, log_level='info', loss='Proxy_Anchor', loss_distance_mean=True, loss_min_distance_cl=True, lr=0.001, max_iter=50.0, model='CNN', mrg=0.1, num_workers=2, old_weighted=False, optimizer='adamw', other_ratio=False, random_percentage=0.2, ratio_reg=True, remark='', save_step=10000, second_layer_C=False, seed=1, stride_size=1, sz_embedding=32, three_conv_layer=False, train=True, two_conv_layer=True, two_encoder=False, use_early_stopping=True, use_scheduler=True, warm=1, without_acc=False, z_struct_size=20, zeros_W_Classif=False, zvar_sim_change_zvar=False, zvar_sim_loss_for_all_model=False, zvar_sim_loss_only_for_encoder=False, zvar_sim_normal=False, zvar_sim_var_rand=False)
CUDA Visible devices !
Custom_CNN_BK(
  (net): Sequential(
    (0): Conv2d(1, 32, kernel_size=(8, 8), stride=(1, 1))
    (1): BatchNorm2d(32, eps=1e-05, momentum=0.1, affine=True, track_running_stats=True)
    (2): ReLU(inplace=True)
    (3): Conv2d(32, 32, kernel_size=(4, 4), stride=(1, 1))
    (4): BatchNorm2d(32, eps=1e-05, momentum=0.1, affine=True, track_running_stats=True)
    (5): ReLU(inplace=True)
    (6): AdaptiveMaxPool2d(output_size=(1, 1))
    (7): View()
    (8): Linear(in_features=32, out_features=20, bias=True)
    (9): BatchNorm1d(20, eps=1e-05, momentum=0.1, affine=True, track_running_stats=True)
    (10): ReLU(inplace=True)
    (11): Dropout(p=0.4, inplace=False)
    (12): Linear(in_features=20, out_features=30, bias=True)
    (13): BatchNorm1d(30, eps=1e-05, momentum=0.1, affine=True, track_running_stats=True)
    (14): ReLU(inplace=True)
    (15): Dropout(p=0.4, inplace=False)
    (16): Linear(in_features=30, out_features=10, bias=True)
    (17): Softmax(dim=None)
  )
)
The number of parameters of model is 20324
use 1 gpu who named: GeForce RTX 2080 Ti
=> loaded sample_scores and losses
=> no checkpoint found at 'checkpoints_CNN/mnist_classif_ratio_distance_intra_class_max_mean_2_6_5/last'
=> saved checkpoint 'checkpoints_CNN/mnist_classif_ratio_distance_intra_class_max_mean_2_6_5/last' (iter 235, epoch 1.0)
=> saved checkpoint 'checkpoint_scores_CNN/mnist_classif_ratio_distance_intra_class_max_mean_2_6_5/last' (iter 235, epoch 1.0)
[Save Checkpoint] epoch: [1.0], Train score:82.33833, Test score:82.58000, train loss:-0.72965, test loss:-0.73373, ratio_train_loss:0.91660,ratio_test_loss:0.86327, total_loss_train:0.18694,total_loss_test:0.12953, var distance inter class train:1.93657,var distance inter class test:1.99452
=> saved checkpoint 'checkpoints_CNN/mnist_classif_ratio_distance_intra_class_max_mean_2_6_5/last' (iter 470, epoch 2.0)
=> saved checkpoint 'checkpoint_scores_CNN/mnist_classif_ratio_distance_intra_class_max_mean_2_6_5/last' (iter 470, epoch 2.0)
[Save Checkpoint] epoch: [2.0], Train score:95.37333, Test score:95.91000, train loss:-0.92292, test loss:-0.92795, ratio_train_loss:0.74059,ratio_test_loss:0.71119, total_loss_train:-0.18233,total_loss_test:-0.21676, var distance inter class train:1.24183,var distance inter class test:1.28204
=> saved checkpoint 'checkpoints_CNN/mnist_classif_ratio_distance_intra_class_max_mean_2_6_5/last' (iter 705, epoch 3.0)
=> saved checkpoint 'checkpoint_scores_CNN/mnist_classif_ratio_distance_intra_class_max_mean_2_6_5/last' (iter 705, epoch 3.0)
[Save Checkpoint] epoch: [3.0], Train score:96.03000, Test score:96.11000, train loss:-0.94771, test loss:-0.95038, ratio_train_loss:0.63754,ratio_test_loss:0.61055, total_loss_train:-0.31017,total_loss_test:-0.33983, var distance inter class train:1.09291,var distance inter class test:1.13737
Ratio: In this batch for class 4, they are less images than 10. Don't use it to compute ratio!!!!
Variance: In this batch for class 4, they are less images than 10. Don't use it to compute ratio!!!!
=> saved checkpoint 'checkpoints_CNN/mnist_classif_ratio_distance_intra_class_max_mean_2_6_5/last' (iter 940, epoch 4.0)
=> saved checkpoint 'checkpoint_scores_CNN/mnist_classif_ratio_distance_intra_class_max_mean_2_6_5/last' (iter 940, epoch 4.0)
[Save Checkpoint] epoch: [4.0], Train score:97.08667, Test score:97.35000, train loss:-0.96440, test loss:-0.96711, ratio_train_loss:0.62420,ratio_test_loss:0.59780, total_loss_train:-0.34020,total_loss_test:-0.36931, var distance inter class train:0.91799,var distance inter class test:0.95093
=> saved checkpoint 'checkpoints_CNN/mnist_classif_ratio_distance_intra_class_max_mean_2_6_5/last' (iter 1175, epoch 5.0)
=> saved checkpoint 'checkpoint_scores_CNN/mnist_classif_ratio_distance_intra_class_max_mean_2_6_5/last' (iter 1175, epoch 5.0)
[Save Checkpoint] epoch: [5.0], Train score:97.37833, Test score:97.41000, train loss:-0.96917, test loss:-0.97073, ratio_train_loss:0.61342,ratio_test_loss:0.58849, total_loss_train:-0.35575,total_loss_test:-0.38223, var distance inter class train:0.99450,var distance inter class test:1.03622
=> saved checkpoint 'checkpoints_CNN/mnist_classif_ratio_distance_intra_class_max_mean_2_6_5/last' (iter 1410, epoch 6.0)
=> saved checkpoint 'checkpoint_scores_CNN/mnist_classif_ratio_distance_intra_class_max_mean_2_6_5/last' (iter 1410, epoch 6.0)
[Save Checkpoint] epoch: [6.0], Train score:97.47333, Test score:97.46000, train loss:-0.97129, test loss:-0.97181, ratio_train_loss:0.58097,ratio_test_loss:0.55668, total_loss_train:-0.39032,total_loss_test:-0.41512, var distance inter class train:0.81301,var distance inter class test:0.84314
=> saved checkpoint 'checkpoints_CNN/mnist_classif_ratio_distance_intra_class_max_mean_2_6_5/last' (iter 1645, epoch 7.0)
=> saved checkpoint 'checkpoint_scores_CNN/mnist_classif_ratio_distance_intra_class_max_mean_2_6_5/last' (iter 1645, epoch 7.0)
[Save Checkpoint] epoch: [7.0], Train score:97.57000, Test score:97.65000, train loss:-0.97286, test loss:-0.97396, ratio_train_loss:0.56631,ratio_test_loss:0.54227, total_loss_train:-0.40655,total_loss_test:-0.43169, var distance inter class train:0.86021,var distance inter class test:0.88527
=> saved checkpoint 'checkpoints_CNN/mnist_classif_ratio_distance_intra_class_max_mean_2_6_5/last' (iter 1880, epoch 8.0)
=> saved checkpoint 'checkpoint_scores_CNN/mnist_classif_ratio_distance_intra_class_max_mean_2_6_5/last' (iter 1880, epoch 8.0)
EarlyStopping counter: 1 out of 10
[Save Checkpoint] epoch: [8.0], Train score:97.67167, Test score:97.59000, train loss:-0.97454, test loss:-0.97466, ratio_train_loss:0.57546,ratio_test_loss:0.54987, total_loss_train:-0.39908,total_loss_test:-0.42478, var distance inter class train:0.78063,var distance inter class test:0.81268
=> saved checkpoint 'checkpoints_CNN/mnist_classif_ratio_distance_intra_class_max_mean_2_6_5/last' (iter 2115, epoch 9.0)
=> saved checkpoint 'checkpoint_scores_CNN/mnist_classif_ratio_distance_intra_class_max_mean_2_6_5/last' (iter 2115, epoch 9.0)
[Save Checkpoint] epoch: [9.0], Train score:97.73667, Test score:97.89000, train loss:-0.97559, test loss:-0.97699, ratio_train_loss:0.55305,ratio_test_loss:0.52840, total_loss_train:-0.42254,total_loss_test:-0.44859, var distance inter class train:0.81278,var distance inter class test:0.84298
=> saved checkpoint 'checkpoints_CNN/mnist_classif_ratio_distance_intra_class_max_mean_2_6_5/last' (iter 2350, epoch 10.0)
=> saved checkpoint 'checkpoint_scores_CNN/mnist_classif_ratio_distance_intra_class_max_mean_2_6_5/last' (iter 2350, epoch 10.0)
[Save Checkpoint] epoch: [10.0], Train score:98.01500, Test score:98.00000, train loss:-0.97867, test loss:-0.97893, ratio_train_loss:0.53357,ratio_test_loss:0.50849, total_loss_train:-0.44511,total_loss_test:-0.47044, var distance inter class train:0.82054,var distance inter class test:0.84593
=> saved checkpoint 'checkpoints_CNN/mnist_classif_ratio_distance_intra_class_max_mean_2_6_5/last' (iter 2585, epoch 11.0)
=> saved checkpoint 'checkpoint_scores_CNN/mnist_classif_ratio_distance_intra_class_max_mean_2_6_5/last' (iter 2585, epoch 11.0)
EarlyStopping counter: 1 out of 10
[Save Checkpoint] epoch: [11.0], Train score:97.85167, Test score:97.95000, train loss:-0.97695, test loss:-0.97768, ratio_train_loss:0.53221,ratio_test_loss:0.51220, total_loss_train:-0.44473,total_loss_test:-0.46548, var distance inter class train:0.82407,var distance inter class test:0.85192
Ratio: In this batch for class 5, they are less images than 10. Don't use it to compute ratio!!!!
Variance: In this batch for class 5, they are less images than 10. Don't use it to compute ratio!!!!
=> saved checkpoint 'checkpoints_CNN/mnist_classif_ratio_distance_intra_class_max_mean_2_6_5/last' (iter 2820, epoch 12.0)
=> saved checkpoint 'checkpoint_scores_CNN/mnist_classif_ratio_distance_intra_class_max_mean_2_6_5/last' (iter 2820, epoch 12.0)
[Save Checkpoint] epoch: [12.0], Train score:97.91167, Test score:97.81000, train loss:-0.97772, test loss:-0.97730, ratio_train_loss:0.52422,ratio_test_loss:0.50484, total_loss_train:-0.45350,total_loss_test:-0.47247, var distance inter class train:0.84150,var distance inter class test:0.87429
=> saved checkpoint 'checkpoints_CNN/mnist_classif_ratio_distance_intra_class_max_mean_2_6_5/last' (iter 3055, epoch 13.0)
=> saved checkpoint 'checkpoint_scores_CNN/mnist_classif_ratio_distance_intra_class_max_mean_2_6_5/last' (iter 3055, epoch 13.0)
[Save Checkpoint] epoch: [13.0], Train score:98.08500, Test score:97.96000, train loss:-0.97977, test loss:-0.97859, ratio_train_loss:0.51300,ratio_test_loss:0.49378, total_loss_train:-0.46676,total_loss_test:-0.48480, var distance inter class train:0.69972,var distance inter class test:0.72458
=> saved checkpoint 'checkpoints_CNN/mnist_classif_ratio_distance_intra_class_max_mean_2_6_5/last' (iter 3290, epoch 14.0)
=> saved checkpoint 'checkpoint_scores_CNN/mnist_classif_ratio_distance_intra_class_max_mean_2_6_5/last' (iter 3290, epoch 14.0)
EarlyStopping counter: 1 out of 10
[Save Checkpoint] epoch: [14.0], Train score:98.04000, Test score:98.09000, train loss:-0.97924, test loss:-0.97951, ratio_train_loss:0.52142,ratio_test_loss:0.50292, total_loss_train:-0.45782,total_loss_test:-0.47660, var distance inter class train:0.77009,var distance inter class test:0.79257
=> saved checkpoint 'checkpoints_CNN/mnist_classif_ratio_distance_intra_class_max_mean_2_6_5/last' (iter 3525, epoch 15.0)
=> saved checkpoint 'checkpoint_scores_CNN/mnist_classif_ratio_distance_intra_class_max_mean_2_6_5/last' (iter 3525, epoch 15.0)
EarlyStopping counter: 2 out of 10
[Save Checkpoint] epoch: [15.0], Train score:97.94500, Test score:97.97000, train loss:-0.97858, test loss:-0.97916, ratio_train_loss:0.52168,ratio_test_loss:0.49907, total_loss_train:-0.45691,total_loss_test:-0.48009, var distance inter class train:0.78388,var distance inter class test:0.81316
=> saved checkpoint 'checkpoints_CNN/mnist_classif_ratio_distance_intra_class_max_mean_2_6_5/last' (iter 3760, epoch 16.0)
=> saved checkpoint 'checkpoint_scores_CNN/mnist_classif_ratio_distance_intra_class_max_mean_2_6_5/last' (iter 3760, epoch 16.0)
EarlyStopping counter: 3 out of 10
[Save Checkpoint] epoch: [16.0], Train score:98.20667, Test score:98.21000, train loss:-0.98117, test loss:-0.98126, ratio_train_loss:0.51721,ratio_test_loss:0.49791, total_loss_train:-0.46395,total_loss_test:-0.48336, var distance inter class train:0.66423,var distance inter class test:0.68412
Ratio: In this batch for class 5, they are less images than 10. Don't use it to compute ratio!!!!
Variance: In this batch for class 5, they are less images than 10. Don't use it to compute ratio!!!!
=> saved checkpoint 'checkpoints_CNN/mnist_classif_ratio_distance_intra_class_max_mean_2_6_5/last' (iter 3995, epoch 17.0)
=> saved checkpoint 'checkpoint_scores_CNN/mnist_classif_ratio_distance_intra_class_max_mean_2_6_5/last' (iter 3995, epoch 17.0)
EarlyStopping counter: 4 out of 10
[Save Checkpoint] epoch: [17.0], Train score:98.21000, Test score:98.12000, train loss:-0.98120, test loss:-0.98077, ratio_train_loss:0.52426,ratio_test_loss:0.50487, total_loss_train:-0.45694,total_loss_test:-0.47590, var distance inter class train:0.64865,var distance inter class test:0.67547
Ratio: In this batch for class 4, they are less images than 10. Don't use it to compute ratio!!!!
Variance: In this batch for class 4, they are less images than 10. Don't use it to compute ratio!!!!
=> saved checkpoint 'checkpoints_CNN/mnist_classif_ratio_distance_intra_class_max_mean_2_6_5/last' (iter 4230, epoch 18.0)
=> saved checkpoint 'checkpoint_scores_CNN/mnist_classif_ratio_distance_intra_class_max_mean_2_6_5/last' (iter 4230, epoch 18.0)
EarlyStopping counter: 5 out of 10
[Save Checkpoint] epoch: [18.0], Train score:98.23667, Test score:98.07000, train loss:-0.98170, test loss:-0.98016, ratio_train_loss:0.53275,ratio_test_loss:0.51544, total_loss_train:-0.44895,total_loss_test:-0.46472, var distance inter class train:0.65710,var distance inter class test:0.68135
=> saved checkpoint 'checkpoints_CNN/mnist_classif_ratio_distance_intra_class_max_mean_2_6_5/last' (iter 4465, epoch 19.0)
=> saved checkpoint 'checkpoint_scores_CNN/mnist_classif_ratio_distance_intra_class_max_mean_2_6_5/last' (iter 4465, epoch 19.0)
EarlyStopping counter: 6 out of 10
[Save Checkpoint] epoch: [19.0], Train score:98.06167, Test score:97.86000, train loss:-0.97994, test loss:-0.97877, ratio_train_loss:0.53824,ratio_test_loss:0.51949, total_loss_train:-0.44170,total_loss_test:-0.45928, var distance inter class train:0.63855,var distance inter class test:0.66363
=> saved checkpoint 'checkpoints_CNN/mnist_classif_ratio_distance_intra_class_max_mean_2_6_5/last' (iter 4700, epoch 20.0)
=> saved checkpoint 'checkpoint_scores_CNN/mnist_classif_ratio_distance_intra_class_max_mean_2_6_5/last' (iter 4700, epoch 20.0)
EarlyStopping counter: 7 out of 10
[Save Checkpoint] epoch: [20.0], Train score:98.29167, Test score:98.17000, train loss:-0.98234, test loss:-0.98125, ratio_train_loss:0.52060,ratio_test_loss:0.50229, total_loss_train:-0.46173,total_loss_test:-0.47897, var distance inter class train:0.64376,var distance inter class test:0.67117
=> saved checkpoint 'checkpoints_CNN/mnist_classif_ratio_distance_intra_class_max_mean_2_6_5/last' (iter 4935, epoch 21.0)
=> saved checkpoint 'checkpoint_scores_CNN/mnist_classif_ratio_distance_intra_class_max_mean_2_6_5/last' (iter 4935, epoch 21.0)
EarlyStopping counter: 8 out of 10
[Save Checkpoint] epoch: [21.0], Train score:98.22667, Test score:98.18000, train loss:-0.98156, test loss:-0.98079, ratio_train_loss:0.52572,ratio_test_loss:0.50775, total_loss_train:-0.45584,total_loss_test:-0.47305, var distance inter class train:0.77677,var distance inter class test:0.80840
Ratio: In this batch for class 0, they are less images than 10. Don't use it to compute ratio!!!!
Variance: In this batch for class 0, they are less images than 10. Don't use it to compute ratio!!!!
Ratio: In this batch for class 4, they are less images than 10. Don't use it to compute ratio!!!!
Variance: In this batch for class 4, they are less images than 10. Don't use it to compute ratio!!!!
=> saved checkpoint 'checkpoints_CNN/mnist_classif_ratio_distance_intra_class_max_mean_2_6_5/last' (iter 5170, epoch 22.0)
=> saved checkpoint 'checkpoint_scores_CNN/mnist_classif_ratio_distance_intra_class_max_mean_2_6_5/last' (iter 5170, epoch 22.0)
[Save Checkpoint] epoch: [22.0], Train score:98.29167, Test score:98.07000, train loss:-0.98232, test loss:-0.98079, ratio_train_loss:0.49663,ratio_test_loss:0.47891, total_loss_train:-0.48569,total_loss_test:-0.50188, var distance inter class train:0.65155,var distance inter class test:0.67950
=> saved checkpoint 'checkpoints_CNN/mnist_classif_ratio_distance_intra_class_max_mean_2_6_5/last' (iter 5405, epoch 23.0)
=> saved checkpoint 'checkpoint_scores_CNN/mnist_classif_ratio_distance_intra_class_max_mean_2_6_5/last' (iter 5405, epoch 23.0)
EarlyStopping counter: 1 out of 10
[Save Checkpoint] epoch: [23.0], Train score:98.41333, Test score:98.26000, train loss:-0.98345, test loss:-0.98211, ratio_train_loss:0.51686,ratio_test_loss:0.49972, total_loss_train:-0.46659,total_loss_test:-0.48238, var distance inter class train:0.54633,var distance inter class test:0.56847
=> saved checkpoint 'checkpoints_CNN/mnist_classif_ratio_distance_intra_class_max_mean_2_6_5/last' (iter 5640, epoch 24.0)
=> saved checkpoint 'checkpoint_scores_CNN/mnist_classif_ratio_distance_intra_class_max_mean_2_6_5/last' (iter 5640, epoch 24.0)
EarlyStopping counter: 2 out of 10
[Save Checkpoint] epoch: [24.0], Train score:98.35833, Test score:98.25000, train loss:-0.98313, test loss:-0.98222, ratio_train_loss:0.50482,ratio_test_loss:0.48445, total_loss_train:-0.47831,total_loss_test:-0.49776, var distance inter class train:0.71457,var distance inter class test:0.74297
=> saved checkpoint 'checkpoints_CNN/mnist_classif_ratio_distance_intra_class_max_mean_2_6_5/last' (iter 5875, epoch 25.0)
=> saved checkpoint 'checkpoint_scores_CNN/mnist_classif_ratio_distance_intra_class_max_mean_2_6_5/last' (iter 5875, epoch 25.0)
EarlyStopping counter: 3 out of 10
[Save Checkpoint] epoch: [25.0], Train score:98.29000, Test score:98.15000, train loss:-0.98247, test loss:-0.98177, ratio_train_loss:0.50778,ratio_test_loss:0.48953, total_loss_train:-0.47469,total_loss_test:-0.49223, var distance inter class train:0.67952,var distance inter class test:0.70135
=> saved checkpoint 'checkpoints_CNN/mnist_classif_ratio_distance_intra_class_max_mean_2_6_5/last' (iter 6110, epoch 26.0)
=> saved checkpoint 'checkpoint_scores_CNN/mnist_classif_ratio_distance_intra_class_max_mean_2_6_5/last' (iter 6110, epoch 26.0)
EarlyStopping counter: 4 out of 10
[Save Checkpoint] epoch: [26.0], Train score:98.02333, Test score:97.79000, train loss:-0.97981, test loss:-0.97793, ratio_train_loss:0.49892,ratio_test_loss:0.47763, total_loss_train:-0.48089,total_loss_test:-0.50029, var distance inter class train:0.71122,var distance inter class test:0.73796
=> saved checkpoint 'checkpoints_CNN/mnist_classif_ratio_distance_intra_class_max_mean_2_6_5/last' (iter 6345, epoch 27.0)
=> saved checkpoint 'checkpoint_scores_CNN/mnist_classif_ratio_distance_intra_class_max_mean_2_6_5/last' (iter 6345, epoch 27.0)
EarlyStopping counter: 5 out of 10
[Save Checkpoint] epoch: [27.0], Train score:98.15333, Test score:97.93000, train loss:-0.98092, test loss:-0.97927, ratio_train_loss:0.50262,ratio_test_loss:0.48335, total_loss_train:-0.47831,total_loss_test:-0.49593, var distance inter class train:0.74191,var distance inter class test:0.76602
=> saved checkpoint 'checkpoints_CNN/mnist_classif_ratio_distance_intra_class_max_mean_2_6_5/last' (iter 6580, epoch 28.0)
=> saved checkpoint 'checkpoint_scores_CNN/mnist_classif_ratio_distance_intra_class_max_mean_2_6_5/last' (iter 6580, epoch 28.0)
[Save Checkpoint] epoch: [28.0], Train score:98.51000, Test score:98.34000, train loss:-0.98465, test loss:-0.98331, ratio_train_loss:0.47929,ratio_test_loss:0.46302, total_loss_train:-0.50536,total_loss_test:-0.52029, var distance inter class train:0.62750,var distance inter class test:0.64264
=> saved checkpoint 'checkpoints_CNN/mnist_classif_ratio_distance_intra_class_max_mean_2_6_5/last' (iter 6815, epoch 29.0)
=> saved checkpoint 'checkpoint_scores_CNN/mnist_classif_ratio_distance_intra_class_max_mean_2_6_5/last' (iter 6815, epoch 29.0)
EarlyStopping counter: 1 out of 10
[Save Checkpoint] epoch: [29.0], Train score:98.47333, Test score:98.36000, train loss:-0.98434, test loss:-0.98349, ratio_train_loss:0.49711,ratio_test_loss:0.48020, total_loss_train:-0.48723,total_loss_test:-0.50329, var distance inter class train:0.51728,var distance inter class test:0.53618
=> saved checkpoint 'checkpoints_CNN/mnist_classif_ratio_distance_intra_class_max_mean_2_6_5/last' (iter 7050, epoch 30.0)
=> saved checkpoint 'checkpoint_scores_CNN/mnist_classif_ratio_distance_intra_class_max_mean_2_6_5/last' (iter 7050, epoch 30.0)
EarlyStopping counter: 2 out of 10
[Save Checkpoint] epoch: [30.0], Train score:98.15667, Test score:97.85000, train loss:-0.98088, test loss:-0.97898, ratio_train_loss:0.50387,ratio_test_loss:0.48541, total_loss_train:-0.47701,total_loss_test:-0.49357, var distance inter class train:0.55501,var distance inter class test:0.57533
=> saved checkpoint 'checkpoints_CNN/mnist_classif_ratio_distance_intra_class_max_mean_2_6_5/last' (iter 7285, epoch 31.0)
=> saved checkpoint 'checkpoint_scores_CNN/mnist_classif_ratio_distance_intra_class_max_mean_2_6_5/last' (iter 7285, epoch 31.0)
EarlyStopping counter: 3 out of 10
[Save Checkpoint] epoch: [31.0], Train score:98.49667, Test score:98.27000, train loss:-0.98447, test loss:-0.98242, ratio_train_loss:0.49050,ratio_test_loss:0.47674, total_loss_train:-0.49397,total_loss_test:-0.50568, var distance inter class train:0.63511,var distance inter class test:0.65689
=> saved checkpoint 'checkpoints_CNN/mnist_classif_ratio_distance_intra_class_max_mean_2_6_5/last' (iter 7520, epoch 32.0)
=> saved checkpoint 'checkpoint_scores_CNN/mnist_classif_ratio_distance_intra_class_max_mean_2_6_5/last' (iter 7520, epoch 32.0)
EarlyStopping counter: 4 out of 10
[Save Checkpoint] epoch: [32.0], Train score:98.47000, Test score:98.23000, train loss:-0.98428, test loss:-0.98246, ratio_train_loss:0.48334,ratio_test_loss:0.46439, total_loss_train:-0.50094,total_loss_test:-0.51808, var distance inter class train:0.55668,var distance inter class test:0.57477
=> saved checkpoint 'checkpoints_CNN/mnist_classif_ratio_distance_intra_class_max_mean_2_6_5/last' (iter 7755, epoch 33.0)
=> saved checkpoint 'checkpoint_scores_CNN/mnist_classif_ratio_distance_intra_class_max_mean_2_6_5/last' (iter 7755, epoch 33.0)
EarlyStopping counter: 5 out of 10
[Save Checkpoint] epoch: [33.0], Train score:98.47500, Test score:98.25000, train loss:-0.98449, test loss:-0.98255, ratio_train_loss:0.50788,ratio_test_loss:0.48939, total_loss_train:-0.47662,total_loss_test:-0.49315, var distance inter class train:0.67561,var distance inter class test:0.69877
=> saved checkpoint 'checkpoints_CNN/mnist_classif_ratio_distance_intra_class_max_mean_2_6_5/last' (iter 7990, epoch 34.0)
=> saved checkpoint 'checkpoint_scores_CNN/mnist_classif_ratio_distance_intra_class_max_mean_2_6_5/last' (iter 7990, epoch 34.0)
EarlyStopping counter: 6 out of 10
[Save Checkpoint] epoch: [34.0], Train score:98.51833, Test score:98.39000, train loss:-0.98484, test loss:-0.98362, ratio_train_loss:0.50832,ratio_test_loss:0.49149, total_loss_train:-0.47652,total_loss_test:-0.49213, var distance inter class train:0.64883,var distance inter class test:0.66597
=> saved checkpoint 'checkpoints_CNN/mnist_classif_ratio_distance_intra_class_max_mean_2_6_5/last' (iter 8225, epoch 35.0)
=> saved checkpoint 'checkpoint_scores_CNN/mnist_classif_ratio_distance_intra_class_max_mean_2_6_5/last' (iter 8225, epoch 35.0)
EarlyStopping counter: 7 out of 10
[Save Checkpoint] epoch: [35.0], Train score:98.54500, Test score:98.22000, train loss:-0.98491, test loss:-0.98188, ratio_train_loss:0.50809,ratio_test_loss:0.49541, total_loss_train:-0.47682,total_loss_test:-0.48647, var distance inter class train:0.55728,var distance inter class test:0.57375
=> saved checkpoint 'checkpoints_CNN/mnist_classif_ratio_distance_intra_class_max_mean_2_6_5/last' (iter 8460, epoch 36.0)
=> saved checkpoint 'checkpoint_scores_CNN/mnist_classif_ratio_distance_intra_class_max_mean_2_6_5/last' (iter 8460, epoch 36.0)
EarlyStopping counter: 8 out of 10
[Save Checkpoint] epoch: [36.0], Train score:98.43667, Test score:98.21000, train loss:-0.98427, test loss:-0.98253, ratio_train_loss:0.50505,ratio_test_loss:0.49153, total_loss_train:-0.47922,total_loss_test:-0.49101, var distance inter class train:0.53351,var distance inter class test:0.55756
=> saved checkpoint 'checkpoints_CNN/mnist_classif_ratio_distance_intra_class_max_mean_2_6_5/last' (iter 8695, epoch 37.0)
=> saved checkpoint 'checkpoint_scores_CNN/mnist_classif_ratio_distance_intra_class_max_mean_2_6_5/last' (iter 8695, epoch 37.0)
EarlyStopping counter: 9 out of 10
[Save Checkpoint] epoch: [37.0], Train score:98.58833, Test score:98.44000, train loss:-0.98568, test loss:-0.98406, ratio_train_loss:0.49564,ratio_test_loss:0.47992, total_loss_train:-0.49004,total_loss_test:-0.50415, var distance inter class train:0.60222,var distance inter class test:0.61784
=> saved checkpoint 'checkpoints_CNN/mnist_classif_ratio_distance_intra_class_max_mean_2_6_5/last' (iter 8930, epoch 38.0)
=> saved checkpoint 'checkpoint_scores_CNN/mnist_classif_ratio_distance_intra_class_max_mean_2_6_5/last' (iter 8930, epoch 38.0)
EarlyStopping counter: 10 out of 10
[Save Checkpoint] epoch: [38.0], Train score:98.24500, Test score:98.16000, train loss:-0.98211, test loss:-0.98173, ratio_train_loss:0.51057,ratio_test_loss:0.49074, total_loss_train:-0.47154,total_loss_test:-0.49098, var distance inter class train:0.56536,var distance inter class test:0.57999
Early stopping
[Training Finished]
All Done!
