69
--dataset mnist --model CNN --gpu_devices 0 1 --max_iter 50 --batch_size 256 --ckpt_dir checkpoints_CNN --ckpt_dir_scores checkpoint_scores_CNN --use_scheduler True --GMP True --lr 1e-3 --z_struct_size 20 --add_classification_layer True --classif_layer_size 30 --is_default_model False --is_custom_model False --is_custom_model_BK True --big_kernel_size 8 --two_conv_layer True --three_conv_layer False --BK_in_first_layer True --BK_in_second_layer False --BK_in_third_layer False --stride_size 1 --hidden_filters_layer1 32 --hidden_filters_layer2 32 --hidden_filters_layer3 32 --ratio_reg True --lambda_ratio_reg 10 --lambda_class 1 --other_ratio False --loss_min_distance_cl False --lambda_var_distance 1 --intra_class_variance_loss True --lambda_intra_class_var 0.1 --contrastive_loss False --lambda_contrastive_loss 1 --alpha 32 --loss Proxy_Anchor --optimizer adamw --mrg 0.1 --IPC False --warm 1 --sz_embedding 32 --dataset_balanced False --exp_name mnist_classif_ratio_variacnce_intra_3_1
Namespace(BK_in_first_layer=True, BK_in_second_layer=False, BK_in_third_layer=False, BN=False, C_max=25, C_stop_iter=100000.0, E1_AE=False, E1_VAE=False, E1_conv=False, E1_dense=False, E1_second_conv=False, E1_second_conv_adapt=False, GMP=True, IPC=False, L1_norm_act=False, L1_norm_weights=False, L3_without_random=False, LOG_DIR='logs', adapt_lr=False, add_classification_layer=True, add_linear_after_GMP=True, add_z_struct_bottleneck=False, alpha=32.0, batch_size=256, beta=1, beta1=0.9, beta2=0.999, big_kernel=False, big_kernel_size=[8], binary_z=False, ckpt_dir='checkpoints_CNN', ckpt_dir_scores='checkpoint_scores_CNN', classif_layer_size=30, contrastive_loss=False, cuda=True, dataset='mnist', dataset_balanced=False, display_step=10000, dset_dir='data', exp_name='mnist_classif_ratio_variacnce_intra_3_1', gamma=1000, gpu_devices=[0, 1], hidden_filters_layer1=32, hidden_filters_layer2=32, hidden_filters_layer3=32, image_size=64, intra_class_variance_loss=True, is_C=True, is_E1=False, is_binary_structural_latent=False, is_custom_model=False, is_custom_model_BK=True, is_default_model=False, is_noise_stats=False, is_partial_rand_class=False, is_perturbed_score=False, is_zvar_sim_loss=False, just_train=False, kernel_size=4, lambda_Kl_struct=1, lambda_Kl_var=1, lambda_L1=0.01, lambda_VAE=1, lambda_class=1.0, lambda_contrastive_loss=1.0, lambda_distance_mean=1, lambda_intra_class_var=0.1, lambda_partial_class=1, lambda_ratio_reg=10.0, lambda_recon_wt_rand=1, lambda_recons=1, lambda_var_distance=1.0, lambda_zvar_sim=1, latent_spec_cont=None, latent_spec_cont_class=None, latent_spec_cont_var=None, latent_spec_disc=None, latent_spec_disc_class=None, latent_spec_disc_var=None, log_level='info', loss='Proxy_Anchor', loss_distance_mean=False, loss_min_distance_cl=False, lr=0.001, max_iter=50.0, model='CNN', mrg=0.1, num_workers=2, old_weighted=False, optimizer='adamw', other_ratio=False, random_percentage=0.2, ratio_reg=True, remark='', save_step=10000, second_layer_C=False, seed=1, stride_size=1, sz_embedding=32, three_conv_layer=False, train=True, two_conv_layer=True, two_encoder=False, use_early_stopping=True, use_scheduler=True, warm=1, without_acc=False, z_struct_size=20, zeros_W_Classif=False, zvar_sim_change_zvar=False, zvar_sim_loss_for_all_model=False, zvar_sim_loss_only_for_encoder=False, zvar_sim_normal=False, zvar_sim_var_rand=False)
CUDA Visible devices !
Custom_CNN_BK(
  (net): Sequential(
    (0): Conv2d(1, 32, kernel_size=(8, 8), stride=(1, 1))
    (1): BatchNorm2d(32, eps=1e-05, momentum=0.1, affine=True, track_running_stats=True)
    (2): ReLU(inplace=True)
    (3): Conv2d(32, 32, kernel_size=(4, 4), stride=(1, 1))
    (4): BatchNorm2d(32, eps=1e-05, momentum=0.1, affine=True, track_running_stats=True)
    (5): ReLU(inplace=True)
    (6): AdaptiveMaxPool2d(output_size=(1, 1))
    (7): View()
    (8): Linear(in_features=32, out_features=20, bias=True)
    (9): BatchNorm1d(20, eps=1e-05, momentum=0.1, affine=True, track_running_stats=True)
    (10): ReLU(inplace=True)
    (11): Dropout(p=0.4, inplace=False)
    (12): Linear(in_features=20, out_features=30, bias=True)
    (13): BatchNorm1d(30, eps=1e-05, momentum=0.1, affine=True, track_running_stats=True)
    (14): ReLU(inplace=True)
    (15): Dropout(p=0.4, inplace=False)
    (16): Linear(in_features=30, out_features=10, bias=True)
    (17): Softmax(dim=None)
  )
)
The number of parameters of model is 20324
use 1 gpu who named: GeForce RTX 2080 Ti
=> loaded sample_scores and losses
=> no checkpoint found at 'checkpoints_CNN/mnist_classif_ratio_variacnce_intra_3_1/last'
=> saved checkpoint 'checkpoints_CNN/mnist_classif_ratio_variacnce_intra_3_1/last' (iter 235, epoch 1.0)
=> saved checkpoint 'checkpoint_scores_CNN/mnist_classif_ratio_variacnce_intra_3_1/last' (iter 235, epoch 1.0)
[Save Checkpoint] epoch: [1.0], Train score:55.47333, Test score:56.17000, train loss:-0.49835, test loss:-0.50646, ratio_train_loss:0.26103,ratio_test_loss:0.23782, total_loss_train:-0.23732,total_loss_test:-0.26864, var distance inter class train:0.00000,var distance inter class test:0.00000
=> saved checkpoint 'checkpoints_CNN/mnist_classif_ratio_variacnce_intra_3_1/last' (iter 470, epoch 2.0)
=> saved checkpoint 'checkpoint_scores_CNN/mnist_classif_ratio_variacnce_intra_3_1/last' (iter 470, epoch 2.0)
[Save Checkpoint] epoch: [2.0], Train score:77.98833, Test score:78.07000, train loss:-0.72844, test loss:-0.73003, ratio_train_loss:0.16586,ratio_test_loss:0.14792, total_loss_train:-0.56258,total_loss_test:-0.58211, var distance inter class train:0.00000,var distance inter class test:0.00000
=> saved checkpoint 'checkpoints_CNN/mnist_classif_ratio_variacnce_intra_3_1/last' (iter 705, epoch 3.0)
=> saved checkpoint 'checkpoint_scores_CNN/mnist_classif_ratio_variacnce_intra_3_1/last' (iter 705, epoch 3.0)
[Save Checkpoint] epoch: [3.0], Train score:81.57833, Test score:81.55000, train loss:-0.79506, test loss:-0.79590, ratio_train_loss:0.12945,ratio_test_loss:0.11385, total_loss_train:-0.66562,total_loss_test:-0.68205, var distance inter class train:0.00000,var distance inter class test:0.00000
Ratio: In this batch for class 4, they are less images than 10. Don't use it to compute ratio!!!!
=> saved checkpoint 'checkpoints_CNN/mnist_classif_ratio_variacnce_intra_3_1/last' (iter 940, epoch 4.0)
=> saved checkpoint 'checkpoint_scores_CNN/mnist_classif_ratio_variacnce_intra_3_1/last' (iter 940, epoch 4.0)
[Save Checkpoint] epoch: [4.0], Train score:82.47000, Test score:82.41000, train loss:-0.81632, test loss:-0.81513, ratio_train_loss:0.11130,ratio_test_loss:0.09574, total_loss_train:-0.70501,total_loss_test:-0.71940, var distance inter class train:0.00000,var distance inter class test:0.00000
=> saved checkpoint 'checkpoints_CNN/mnist_classif_ratio_variacnce_intra_3_1/last' (iter 1175, epoch 5.0)
=> saved checkpoint 'checkpoint_scores_CNN/mnist_classif_ratio_variacnce_intra_3_1/last' (iter 1175, epoch 5.0)
[Save Checkpoint] epoch: [5.0], Train score:82.51000, Test score:82.41000, train loss:-0.81718, test loss:-0.81922, ratio_train_loss:0.10172,ratio_test_loss:0.08663, total_loss_train:-0.71545,total_loss_test:-0.73259, var distance inter class train:0.00000,var distance inter class test:0.00000
=> saved checkpoint 'checkpoints_CNN/mnist_classif_ratio_variacnce_intra_3_1/last' (iter 1410, epoch 6.0)
=> saved checkpoint 'checkpoint_scores_CNN/mnist_classif_ratio_variacnce_intra_3_1/last' (iter 1410, epoch 6.0)
[Save Checkpoint] epoch: [6.0], Train score:83.39333, Test score:83.18000, train loss:-0.82896, test loss:-0.82882, ratio_train_loss:0.09404,ratio_test_loss:0.07969, total_loss_train:-0.73493,total_loss_test:-0.74913, var distance inter class train:0.00000,var distance inter class test:0.00000
=> saved checkpoint 'checkpoints_CNN/mnist_classif_ratio_variacnce_intra_3_1/last' (iter 1645, epoch 7.0)
=> saved checkpoint 'checkpoint_scores_CNN/mnist_classif_ratio_variacnce_intra_3_1/last' (iter 1645, epoch 7.0)
EarlyStopping counter: 1 out of 10
[Save Checkpoint] epoch: [7.0], Train score:81.65833, Test score:81.40000, train loss:-0.81213, test loss:-0.80977, ratio_train_loss:0.08892,ratio_test_loss:0.07506, total_loss_train:-0.72321,total_loss_test:-0.73471, var distance inter class train:0.00000,var distance inter class test:0.00000
=> saved checkpoint 'checkpoints_CNN/mnist_classif_ratio_variacnce_intra_3_1/last' (iter 1880, epoch 8.0)
=> saved checkpoint 'checkpoint_scores_CNN/mnist_classif_ratio_variacnce_intra_3_1/last' (iter 1880, epoch 8.0)
[Save Checkpoint] epoch: [8.0], Train score:83.17667, Test score:82.64000, train loss:-0.82769, test loss:-0.82198, ratio_train_loss:0.08443,ratio_test_loss:0.06992, total_loss_train:-0.74326,total_loss_test:-0.75206, var distance inter class train:0.00000,var distance inter class test:0.00000
=> saved checkpoint 'checkpoints_CNN/mnist_classif_ratio_variacnce_intra_3_1/last' (iter 2115, epoch 9.0)
=> saved checkpoint 'checkpoint_scores_CNN/mnist_classif_ratio_variacnce_intra_3_1/last' (iter 2115, epoch 9.0)
[Save Checkpoint] epoch: [9.0], Train score:83.76667, Test score:83.60000, train loss:-0.83411, test loss:-0.83178, ratio_train_loss:0.07995,ratio_test_loss:0.06693, total_loss_train:-0.75417,total_loss_test:-0.76485, var distance inter class train:0.00000,var distance inter class test:0.00000
=> saved checkpoint 'checkpoints_CNN/mnist_classif_ratio_variacnce_intra_3_1/last' (iter 2350, epoch 10.0)
=> saved checkpoint 'checkpoint_scores_CNN/mnist_classif_ratio_variacnce_intra_3_1/last' (iter 2350, epoch 10.0)
[Save Checkpoint] epoch: [10.0], Train score:84.56333, Test score:84.35000, train loss:-0.84322, test loss:-0.84168, ratio_train_loss:0.07769,ratio_test_loss:0.06515, total_loss_train:-0.76553,total_loss_test:-0.77653, var distance inter class train:0.00000,var distance inter class test:0.00000
=> saved checkpoint 'checkpoints_CNN/mnist_classif_ratio_variacnce_intra_3_1/last' (iter 2585, epoch 11.0)
=> saved checkpoint 'checkpoint_scores_CNN/mnist_classif_ratio_variacnce_intra_3_1/last' (iter 2585, epoch 11.0)
EarlyStopping counter: 1 out of 10
[Save Checkpoint] epoch: [11.0], Train score:81.30000, Test score:80.93000, train loss:-0.80942, test loss:-0.80690, ratio_train_loss:0.07423,ratio_test_loss:0.06200, total_loss_train:-0.73519,total_loss_test:-0.74490, var distance inter class train:0.00000,var distance inter class test:0.00000
Ratio: In this batch for class 5, they are less images than 10. Don't use it to compute ratio!!!!
=> saved checkpoint 'checkpoints_CNN/mnist_classif_ratio_variacnce_intra_3_1/last' (iter 2820, epoch 12.0)
=> saved checkpoint 'checkpoint_scores_CNN/mnist_classif_ratio_variacnce_intra_3_1/last' (iter 2820, epoch 12.0)
EarlyStopping counter: 2 out of 10
[Save Checkpoint] epoch: [12.0], Train score:83.61833, Test score:83.37000, train loss:-0.83460, test loss:-0.83141, ratio_train_loss:0.07280,ratio_test_loss:0.06022, total_loss_train:-0.76180,total_loss_test:-0.77119, var distance inter class train:0.00000,var distance inter class test:0.00000
=> saved checkpoint 'checkpoints_CNN/mnist_classif_ratio_variacnce_intra_3_1/last' (iter 3055, epoch 13.0)
=> saved checkpoint 'checkpoint_scores_CNN/mnist_classif_ratio_variacnce_intra_3_1/last' (iter 3055, epoch 13.0)
EarlyStopping counter: 3 out of 10
[Save Checkpoint] epoch: [13.0], Train score:81.41000, Test score:81.28000, train loss:-0.81083, test loss:-0.80987, ratio_train_loss:0.07137,ratio_test_loss:0.05928, total_loss_train:-0.73945,total_loss_test:-0.75059, var distance inter class train:0.00000,var distance inter class test:0.00000
=> saved checkpoint 'checkpoints_CNN/mnist_classif_ratio_variacnce_intra_3_1/last' (iter 3290, epoch 14.0)
=> saved checkpoint 'checkpoint_scores_CNN/mnist_classif_ratio_variacnce_intra_3_1/last' (iter 3290, epoch 14.0)
EarlyStopping counter: 4 out of 10
[Save Checkpoint] epoch: [14.0], Train score:82.11500, Test score:81.83000, train loss:-0.81931, test loss:-0.81585, ratio_train_loss:0.06909,ratio_test_loss:0.05700, total_loss_train:-0.75022,total_loss_test:-0.75885, var distance inter class train:0.00000,var distance inter class test:0.00000
=> saved checkpoint 'checkpoints_CNN/mnist_classif_ratio_variacnce_intra_3_1/last' (iter 3525, epoch 15.0)
=> saved checkpoint 'checkpoint_scores_CNN/mnist_classif_ratio_variacnce_intra_3_1/last' (iter 3525, epoch 15.0)
EarlyStopping counter: 5 out of 10
[Save Checkpoint] epoch: [15.0], Train score:83.24333, Test score:83.06000, train loss:-0.83041, test loss:-0.82797, ratio_train_loss:0.06837,ratio_test_loss:0.05670, total_loss_train:-0.76204,total_loss_test:-0.77126, var distance inter class train:0.00000,var distance inter class test:0.00000
=> saved checkpoint 'checkpoints_CNN/mnist_classif_ratio_variacnce_intra_3_1/last' (iter 3760, epoch 16.0)
=> saved checkpoint 'checkpoint_scores_CNN/mnist_classif_ratio_variacnce_intra_3_1/last' (iter 3760, epoch 16.0)
EarlyStopping counter: 6 out of 10
[Save Checkpoint] epoch: [16.0], Train score:80.67667, Test score:80.83000, train loss:-0.80034, test loss:-0.80303, ratio_train_loss:0.06771,ratio_test_loss:0.05667, total_loss_train:-0.73263,total_loss_test:-0.74636, var distance inter class train:0.00000,var distance inter class test:0.00000
Ratio: In this batch for class 5, they are less images than 10. Don't use it to compute ratio!!!!
=> saved checkpoint 'checkpoints_CNN/mnist_classif_ratio_variacnce_intra_3_1/last' (iter 3995, epoch 17.0)
=> saved checkpoint 'checkpoint_scores_CNN/mnist_classif_ratio_variacnce_intra_3_1/last' (iter 3995, epoch 17.0)
EarlyStopping counter: 7 out of 10
[Save Checkpoint] epoch: [17.0], Train score:82.38000, Test score:82.36000, train loss:-0.82151, test loss:-0.81875, ratio_train_loss:0.06754,ratio_test_loss:0.05620, total_loss_train:-0.75396,total_loss_test:-0.76255, var distance inter class train:0.00000,var distance inter class test:0.00000
Ratio: In this batch for class 4, they are less images than 10. Don't use it to compute ratio!!!!
=> saved checkpoint 'checkpoints_CNN/mnist_classif_ratio_variacnce_intra_3_1/last' (iter 4230, epoch 18.0)
=> saved checkpoint 'checkpoint_scores_CNN/mnist_classif_ratio_variacnce_intra_3_1/last' (iter 4230, epoch 18.0)
EarlyStopping counter: 8 out of 10
[Save Checkpoint] epoch: [18.0], Train score:83.05167, Test score:82.71000, train loss:-0.82866, test loss:-0.82535, ratio_train_loss:0.06455,ratio_test_loss:0.05363, total_loss_train:-0.76411,total_loss_test:-0.77171, var distance inter class train:0.00000,var distance inter class test:0.00000
=> saved checkpoint 'checkpoints_CNN/mnist_classif_ratio_variacnce_intra_3_1/last' (iter 4465, epoch 19.0)
=> saved checkpoint 'checkpoint_scores_CNN/mnist_classif_ratio_variacnce_intra_3_1/last' (iter 4465, epoch 19.0)
EarlyStopping counter: 9 out of 10
[Save Checkpoint] epoch: [19.0], Train score:83.28333, Test score:83.15000, train loss:-0.83139, test loss:-0.82762, ratio_train_loss:0.06449,ratio_test_loss:0.05382, total_loss_train:-0.76690,total_loss_test:-0.77380, var distance inter class train:0.00000,var distance inter class test:0.00000
=> saved checkpoint 'checkpoints_CNN/mnist_classif_ratio_variacnce_intra_3_1/last' (iter 4700, epoch 20.0)
=> saved checkpoint 'checkpoint_scores_CNN/mnist_classif_ratio_variacnce_intra_3_1/last' (iter 4700, epoch 20.0)
[Save Checkpoint] epoch: [20.0], Train score:83.60167, Test score:83.46000, train loss:-0.83494, test loss:-0.83228, ratio_train_loss:0.06431,ratio_test_loss:0.05345, total_loss_train:-0.77064,total_loss_test:-0.77883, var distance inter class train:0.00000,var distance inter class test:0.00000
=> saved checkpoint 'checkpoints_CNN/mnist_classif_ratio_variacnce_intra_3_1/last' (iter 4935, epoch 21.0)
=> saved checkpoint 'checkpoint_scores_CNN/mnist_classif_ratio_variacnce_intra_3_1/last' (iter 4935, epoch 21.0)
EarlyStopping counter: 1 out of 10
[Save Checkpoint] epoch: [21.0], Train score:77.65667, Test score:77.34000, train loss:-0.77087, test loss:-0.76736, ratio_train_loss:0.06289,ratio_test_loss:0.05265, total_loss_train:-0.70797,total_loss_test:-0.71471, var distance inter class train:0.00000,var distance inter class test:0.00000
Ratio: In this batch for class 0, they are less images than 10. Don't use it to compute ratio!!!!
Ratio: In this batch for class 4, they are less images than 10. Don't use it to compute ratio!!!!
=> saved checkpoint 'checkpoints_CNN/mnist_classif_ratio_variacnce_intra_3_1/last' (iter 5170, epoch 22.0)
=> saved checkpoint 'checkpoint_scores_CNN/mnist_classif_ratio_variacnce_intra_3_1/last' (iter 5170, epoch 22.0)
EarlyStopping counter: 2 out of 10
[Save Checkpoint] epoch: [22.0], Train score:83.03833, Test score:82.80000, train loss:-0.82843, test loss:-0.82388, ratio_train_loss:0.06204,ratio_test_loss:0.05198, total_loss_train:-0.76639,total_loss_test:-0.77189, var distance inter class train:0.00000,var distance inter class test:0.00000
=> saved checkpoint 'checkpoints_CNN/mnist_classif_ratio_variacnce_intra_3_1/last' (iter 5405, epoch 23.0)
=> saved checkpoint 'checkpoint_scores_CNN/mnist_classif_ratio_variacnce_intra_3_1/last' (iter 5405, epoch 23.0)
EarlyStopping counter: 3 out of 10
[Save Checkpoint] epoch: [23.0], Train score:79.68833, Test score:79.00000, train loss:-0.79541, test loss:-0.78849, ratio_train_loss:0.06053,ratio_test_loss:0.05035, total_loss_train:-0.73488,total_loss_test:-0.73814, var distance inter class train:0.00000,var distance inter class test:0.00000
=> saved checkpoint 'checkpoints_CNN/mnist_classif_ratio_variacnce_intra_3_1/last' (iter 5640, epoch 24.0)
=> saved checkpoint 'checkpoint_scores_CNN/mnist_classif_ratio_variacnce_intra_3_1/last' (iter 5640, epoch 24.0)
EarlyStopping counter: 4 out of 10
[Save Checkpoint] epoch: [24.0], Train score:61.78833, Test score:61.44000, train loss:-0.61987, test loss:-0.61904, ratio_train_loss:0.06109,ratio_test_loss:0.05147, total_loss_train:-0.55878,total_loss_test:-0.56757, var distance inter class train:0.00000,var distance inter class test:0.00000
=> saved checkpoint 'checkpoints_CNN/mnist_classif_ratio_variacnce_intra_3_1/last' (iter 5875, epoch 25.0)
=> saved checkpoint 'checkpoint_scores_CNN/mnist_classif_ratio_variacnce_intra_3_1/last' (iter 5875, epoch 25.0)
EarlyStopping counter: 5 out of 10
[Save Checkpoint] epoch: [25.0], Train score:71.69333, Test score:71.06000, train loss:-0.71430, test loss:-0.71086, ratio_train_loss:0.05900,ratio_test_loss:0.04884, total_loss_train:-0.65531,total_loss_test:-0.66202, var distance inter class train:0.00000,var distance inter class test:0.00000
=> saved checkpoint 'checkpoints_CNN/mnist_classif_ratio_variacnce_intra_3_1/last' (iter 6110, epoch 26.0)
=> saved checkpoint 'checkpoint_scores_CNN/mnist_classif_ratio_variacnce_intra_3_1/last' (iter 6110, epoch 26.0)
EarlyStopping counter: 6 out of 10
[Save Checkpoint] epoch: [26.0], Train score:42.35833, Test score:41.83000, train loss:-0.42350, test loss:-0.41952, ratio_train_loss:0.05866,ratio_test_loss:0.04864, total_loss_train:-0.36484,total_loss_test:-0.37088, var distance inter class train:0.00000,var distance inter class test:0.00000
=> saved checkpoint 'checkpoints_CNN/mnist_classif_ratio_variacnce_intra_3_1/last' (iter 6345, epoch 27.0)
=> saved checkpoint 'checkpoint_scores_CNN/mnist_classif_ratio_variacnce_intra_3_1/last' (iter 6345, epoch 27.0)
EarlyStopping counter: 7 out of 10
[Save Checkpoint] epoch: [27.0], Train score:79.89000, Test score:79.24000, train loss:-0.79493, test loss:-0.78824, ratio_train_loss:0.05921,ratio_test_loss:0.04989, total_loss_train:-0.73572,total_loss_test:-0.73835, var distance inter class train:0.00000,var distance inter class test:0.00000
=> saved checkpoint 'checkpoints_CNN/mnist_classif_ratio_variacnce_intra_3_1/last' (iter 6580, epoch 28.0)
=> saved checkpoint 'checkpoint_scores_CNN/mnist_classif_ratio_variacnce_intra_3_1/last' (iter 6580, epoch 28.0)
[Save Checkpoint] epoch: [28.0], Train score:85.22667, Test score:85.20000, train loss:-0.85177, test loss:-0.84914, ratio_train_loss:0.05900,ratio_test_loss:0.04964, total_loss_train:-0.79277,total_loss_test:-0.79951, var distance inter class train:0.00000,var distance inter class test:0.00000
=> saved checkpoint 'checkpoints_CNN/mnist_classif_ratio_variacnce_intra_3_1/last' (iter 6815, epoch 29.0)
=> saved checkpoint 'checkpoint_scores_CNN/mnist_classif_ratio_variacnce_intra_3_1/last' (iter 6815, epoch 29.0)
EarlyStopping counter: 1 out of 10
[Save Checkpoint] epoch: [29.0], Train score:74.16833, Test score:73.80000, train loss:-0.73997, test loss:-0.73725, ratio_train_loss:0.05745,ratio_test_loss:0.04716, total_loss_train:-0.68252,total_loss_test:-0.69008, var distance inter class train:0.00000,var distance inter class test:0.00000
=> saved checkpoint 'checkpoints_CNN/mnist_classif_ratio_variacnce_intra_3_1/last' (iter 7050, epoch 30.0)
=> saved checkpoint 'checkpoint_scores_CNN/mnist_classif_ratio_variacnce_intra_3_1/last' (iter 7050, epoch 30.0)
EarlyStopping counter: 2 out of 10
[Save Checkpoint] epoch: [30.0], Train score:84.56667, Test score:84.10000, train loss:-0.84429, test loss:-0.83929, ratio_train_loss:0.05696,ratio_test_loss:0.04765, total_loss_train:-0.78734,total_loss_test:-0.79164, var distance inter class train:0.00000,var distance inter class test:0.00000
=> saved checkpoint 'checkpoints_CNN/mnist_classif_ratio_variacnce_intra_3_1/last' (iter 7285, epoch 31.0)
=> saved checkpoint 'checkpoint_scores_CNN/mnist_classif_ratio_variacnce_intra_3_1/last' (iter 7285, epoch 31.0)
EarlyStopping counter: 3 out of 10
[Save Checkpoint] epoch: [31.0], Train score:35.17500, Test score:35.16000, train loss:-0.35155, test loss:-0.35000, ratio_train_loss:0.05631,ratio_test_loss:0.04703, total_loss_train:-0.29524,total_loss_test:-0.30297, var distance inter class train:0.00000,var distance inter class test:0.00000
=> saved checkpoint 'checkpoints_CNN/mnist_classif_ratio_variacnce_intra_3_1/last' (iter 7520, epoch 32.0)
=> saved checkpoint 'checkpoint_scores_CNN/mnist_classif_ratio_variacnce_intra_3_1/last' (iter 7520, epoch 32.0)
EarlyStopping counter: 4 out of 10
[Save Checkpoint] epoch: [32.0], Train score:83.23500, Test score:83.02000, train loss:-0.83140, test loss:-0.82703, ratio_train_loss:0.05563,ratio_test_loss:0.04584, total_loss_train:-0.77577,total_loss_test:-0.78118, var distance inter class train:0.00000,var distance inter class test:0.00000
=> saved checkpoint 'checkpoints_CNN/mnist_classif_ratio_variacnce_intra_3_1/last' (iter 7755, epoch 33.0)
=> saved checkpoint 'checkpoint_scores_CNN/mnist_classif_ratio_variacnce_intra_3_1/last' (iter 7755, epoch 33.0)
EarlyStopping counter: 5 out of 10
[Save Checkpoint] epoch: [33.0], Train score:68.71333, Test score:68.35000, train loss:-0.68647, test loss:-0.68261, ratio_train_loss:0.05542,ratio_test_loss:0.04642, total_loss_train:-0.63105,total_loss_test:-0.63619, var distance inter class train:0.00000,var distance inter class test:0.00000
=> saved checkpoint 'checkpoints_CNN/mnist_classif_ratio_variacnce_intra_3_1/last' (iter 7990, epoch 34.0)
=> saved checkpoint 'checkpoint_scores_CNN/mnist_classif_ratio_variacnce_intra_3_1/last' (iter 7990, epoch 34.0)
EarlyStopping counter: 6 out of 10
[Save Checkpoint] epoch: [34.0], Train score:70.19167, Test score:69.90000, train loss:-0.70020, test loss:-0.69662, ratio_train_loss:0.05461,ratio_test_loss:0.04554, total_loss_train:-0.64558,total_loss_test:-0.65108, var distance inter class train:0.00000,var distance inter class test:0.00000
=> saved checkpoint 'checkpoints_CNN/mnist_classif_ratio_variacnce_intra_3_1/last' (iter 8225, epoch 35.0)
=> saved checkpoint 'checkpoint_scores_CNN/mnist_classif_ratio_variacnce_intra_3_1/last' (iter 8225, epoch 35.0)
EarlyStopping counter: 7 out of 10
[Save Checkpoint] epoch: [35.0], Train score:51.86833, Test score:51.63000, train loss:-0.51807, test loss:-0.51617, ratio_train_loss:0.05350,ratio_test_loss:0.04498, total_loss_train:-0.46457,total_loss_test:-0.47120, var distance inter class train:0.00000,var distance inter class test:0.00000
=> saved checkpoint 'checkpoints_CNN/mnist_classif_ratio_variacnce_intra_3_1/last' (iter 8460, epoch 36.0)
=> saved checkpoint 'checkpoint_scores_CNN/mnist_classif_ratio_variacnce_intra_3_1/last' (iter 8460, epoch 36.0)
EarlyStopping counter: 8 out of 10
[Save Checkpoint] epoch: [36.0], Train score:37.41833, Test score:37.39000, train loss:-0.37403, test loss:-0.37153, ratio_train_loss:0.05367,ratio_test_loss:0.04455, total_loss_train:-0.32036,total_loss_test:-0.32698, var distance inter class train:0.00000,var distance inter class test:0.00000
=> saved checkpoint 'checkpoints_CNN/mnist_classif_ratio_variacnce_intra_3_1/last' (iter 8695, epoch 37.0)
=> saved checkpoint 'checkpoint_scores_CNN/mnist_classif_ratio_variacnce_intra_3_1/last' (iter 8695, epoch 37.0)
EarlyStopping counter: 9 out of 10
[Save Checkpoint] epoch: [37.0], Train score:52.96167, Test score:52.58000, train loss:-0.52980, test loss:-0.52485, ratio_train_loss:0.05314,ratio_test_loss:0.04444, total_loss_train:-0.47666,total_loss_test:-0.48042, var distance inter class train:0.00000,var distance inter class test:0.00000
=> saved checkpoint 'checkpoints_CNN/mnist_classif_ratio_variacnce_intra_3_1/last' (iter 8930, epoch 38.0)
=> saved checkpoint 'checkpoint_scores_CNN/mnist_classif_ratio_variacnce_intra_3_1/last' (iter 8930, epoch 38.0)
EarlyStopping counter: 10 out of 10
[Save Checkpoint] epoch: [38.0], Train score:52.63667, Test score:52.36000, train loss:-0.52701, test loss:-0.52665, ratio_train_loss:0.05377,ratio_test_loss:0.04476, total_loss_train:-0.47324,total_loss_test:-0.48190, var distance inter class train:0.00000,var distance inter class test:0.00000
Early stopping
[Training Finished]
All Done!
