46
--dataset mnist --model CNN --gpu_devices 0 1 --max_iter 50 --batch_size 256 --ckpt_dir checkpoints_CNN --ckpt_dir_scores checkpoint_scores_CNN --use_scheduler True --GMP True --lr 1e-3 --z_struct_size 20 --add_classification_layer True --classif_layer_size 30 --is_default_model False --is_custom_model False --is_custom_model_BK True --big_kernel_size 8 --two_conv_layer True --three_conv_layer False --BK_in_first_layer True --BK_in_second_layer False --BK_in_third_layer False --stride_size 1 --hidden_filters_layer1 32 --hidden_filters_layer2 32 --hidden_filters_layer3 32 --ratio_reg False --lambda_ratio_reg 1 --lambda_class 1 --other_ratio False --loss_min_distance_cl True --lambda_var_distance 0.01 --intra_class_variance_loss False --lambda_intra_class_var 1 --contrastive_loss False --lambda_contrastive_loss 1 --alpha 32 --loss Proxy_Anchor --optimizer adamw --mrg 0.1 --IPC False --warm 1 --sz_embedding 32 --dataset_balanced False --loss_distance_mean True --lambda_distance_mean 0.001 --exp_name mnist_classif_distance_intra_class_max_mean_5_4
Namespace(BK_in_first_layer=True, BK_in_second_layer=False, BK_in_third_layer=False, BN=False, C_max=25, C_stop_iter=100000.0, E1_AE=False, E1_VAE=False, E1_conv=False, E1_dense=False, E1_second_conv=False, E1_second_conv_adapt=False, GMP=True, IPC=False, L1_norm_act=False, L1_norm_weights=False, L3_without_random=False, LOG_DIR='logs', adapt_lr=False, add_classification_layer=True, add_linear_after_GMP=True, add_z_struct_bottleneck=False, alpha=32.0, batch_size=256, beta=1, beta1=0.9, beta2=0.999, big_kernel=False, big_kernel_size=[8], binary_z=False, ckpt_dir='checkpoints_CNN', ckpt_dir_scores='checkpoint_scores_CNN', classif_layer_size=30, contrastive_loss=False, cuda=True, dataset='mnist', dataset_balanced=False, display_step=10000, dset_dir='data', exp_name='mnist_classif_distance_intra_class_max_mean_5_4', gamma=1000, gpu_devices=[0, 1], hidden_filters_layer1=32, hidden_filters_layer2=32, hidden_filters_layer3=32, image_size=64, intra_class_variance_loss=False, is_C=True, is_E1=False, is_binary_structural_latent=False, is_custom_model=False, is_custom_model_BK=True, is_default_model=False, is_noise_stats=False, is_partial_rand_class=False, is_perturbed_score=False, is_zvar_sim_loss=False, just_train=False, kernel_size=4, lambda_Kl_struct=1, lambda_Kl_var=1, lambda_L1=0.01, lambda_VAE=1, lambda_class=1.0, lambda_contrastive_loss=1.0, lambda_distance_mean=0.001, lambda_intra_class_var=1.0, lambda_partial_class=1, lambda_ratio_reg=1.0, lambda_recon_wt_rand=1, lambda_recons=1, lambda_var_distance=0.01, lambda_zvar_sim=1, latent_spec_cont=None, latent_spec_cont_class=None, latent_spec_cont_var=None, latent_spec_disc=None, latent_spec_disc_class=None, latent_spec_disc_var=None, log_level='info', loss='Proxy_Anchor', loss_distance_mean=True, loss_min_distance_cl=True, lr=0.001, max_iter=50.0, model='CNN', mrg=0.1, num_workers=2, old_weighted=False, optimizer='adamw', other_ratio=False, random_percentage=0.2, ratio_reg=False, remark='', save_step=10000, second_layer_C=False, seed=1, stride_size=1, sz_embedding=32, three_conv_layer=False, train=True, two_conv_layer=True, two_encoder=False, use_early_stopping=True, use_scheduler=True, warm=1, without_acc=False, z_struct_size=20, zeros_W_Classif=False, zvar_sim_change_zvar=False, zvar_sim_loss_for_all_model=False, zvar_sim_loss_only_for_encoder=False, zvar_sim_normal=False, zvar_sim_var_rand=False)
CUDA Visible devices !
Custom_CNN_BK(
  (net): Sequential(
    (0): Conv2d(1, 32, kernel_size=(8, 8), stride=(1, 1))
    (1): BatchNorm2d(32, eps=1e-05, momentum=0.1, affine=True, track_running_stats=True)
    (2): ReLU(inplace=True)
    (3): Conv2d(32, 32, kernel_size=(4, 4), stride=(1, 1))
    (4): BatchNorm2d(32, eps=1e-05, momentum=0.1, affine=True, track_running_stats=True)
    (5): ReLU(inplace=True)
    (6): AdaptiveMaxPool2d(output_size=(1, 1))
    (7): View()
    (8): Linear(in_features=32, out_features=20, bias=True)
    (9): BatchNorm1d(20, eps=1e-05, momentum=0.1, affine=True, track_running_stats=True)
    (10): ReLU(inplace=True)
    (11): Dropout(p=0.4, inplace=False)
    (12): Linear(in_features=20, out_features=30, bias=True)
    (13): BatchNorm1d(30, eps=1e-05, momentum=0.1, affine=True, track_running_stats=True)
    (14): ReLU(inplace=True)
    (15): Dropout(p=0.4, inplace=False)
    (16): Linear(in_features=30, out_features=10, bias=True)
    (17): Softmax(dim=None)
  )
)
The number of parameters of model is 20324
use 1 gpu who named: GeForce RTX 2080 Ti
=> loaded sample_scores and losses
=> no checkpoint found at 'checkpoints_CNN/mnist_classif_distance_intra_class_max_mean_5_4/last'
=> saved checkpoint 'checkpoints_CNN/mnist_classif_distance_intra_class_max_mean_5_4/last' (iter 235, epoch 1.0)
=> saved checkpoint 'checkpoint_scores_CNN/mnist_classif_distance_intra_class_max_mean_5_4/last' (iter 235, epoch 1.0)
[Save Checkpoint] epoch: [1.0], Train score:82.48167, Test score:82.89000, train loss:-0.72026, test loss:-0.72228, ratio_train_loss:0.00000,ratio_test_loss:0.00000, total_loss_train:-0.72026,total_loss_test:-0.72228, var distance inter class train:0.29477,var distance inter class test:0.30839
=> saved checkpoint 'checkpoints_CNN/mnist_classif_distance_intra_class_max_mean_5_4/last' (iter 470, epoch 2.0)
=> saved checkpoint 'checkpoint_scores_CNN/mnist_classif_distance_intra_class_max_mean_5_4/last' (iter 470, epoch 2.0)
[Save Checkpoint] epoch: [2.0], Train score:90.61667, Test score:90.93000, train loss:-0.87529, test loss:-0.87816, ratio_train_loss:0.00000,ratio_test_loss:0.00000, total_loss_train:-0.87529,total_loss_test:-0.87816, var distance inter class train:0.25298,var distance inter class test:0.26855
=> saved checkpoint 'checkpoints_CNN/mnist_classif_distance_intra_class_max_mean_5_4/last' (iter 705, epoch 3.0)
=> saved checkpoint 'checkpoint_scores_CNN/mnist_classif_distance_intra_class_max_mean_5_4/last' (iter 705, epoch 3.0)
[Save Checkpoint] epoch: [3.0], Train score:96.46667, Test score:96.32000, train loss:-0.95191, test loss:-0.95259, ratio_train_loss:0.00000,ratio_test_loss:0.00000, total_loss_train:-0.95191,total_loss_test:-0.95259, var distance inter class train:0.19244,var distance inter class test:0.20274
Variance: In this batch for class 4, they are less images than 10. Don't use it to compute ratio!!!!
=> saved checkpoint 'checkpoints_CNN/mnist_classif_distance_intra_class_max_mean_5_4/last' (iter 940, epoch 4.0)
=> saved checkpoint 'checkpoint_scores_CNN/mnist_classif_distance_intra_class_max_mean_5_4/last' (iter 940, epoch 4.0)
[Save Checkpoint] epoch: [4.0], Train score:97.14500, Test score:97.18000, train loss:-0.96402, test loss:-0.96442, ratio_train_loss:0.00000,ratio_test_loss:0.00000, total_loss_train:-0.96402,total_loss_test:-0.96442, var distance inter class train:0.12930,var distance inter class test:0.13423
=> saved checkpoint 'checkpoints_CNN/mnist_classif_distance_intra_class_max_mean_5_4/last' (iter 1175, epoch 5.0)
=> saved checkpoint 'checkpoint_scores_CNN/mnist_classif_distance_intra_class_max_mean_5_4/last' (iter 1175, epoch 5.0)
[Save Checkpoint] epoch: [5.0], Train score:97.25500, Test score:97.10000, train loss:-0.96784, test loss:-0.96734, ratio_train_loss:0.00000,ratio_test_loss:0.00000, total_loss_train:-0.96784,total_loss_test:-0.96734, var distance inter class train:0.11891,var distance inter class test:0.12261
=> saved checkpoint 'checkpoints_CNN/mnist_classif_distance_intra_class_max_mean_5_4/last' (iter 1410, epoch 6.0)
=> saved checkpoint 'checkpoint_scores_CNN/mnist_classif_distance_intra_class_max_mean_5_4/last' (iter 1410, epoch 6.0)
[Save Checkpoint] epoch: [6.0], Train score:97.50500, Test score:97.18000, train loss:-0.97080, test loss:-0.96891, ratio_train_loss:0.00000,ratio_test_loss:0.00000, total_loss_train:-0.97080,total_loss_test:-0.96891, var distance inter class train:0.12716,var distance inter class test:0.13294
=> saved checkpoint 'checkpoints_CNN/mnist_classif_distance_intra_class_max_mean_5_4/last' (iter 1645, epoch 7.0)
=> saved checkpoint 'checkpoint_scores_CNN/mnist_classif_distance_intra_class_max_mean_5_4/last' (iter 1645, epoch 7.0)
[Save Checkpoint] epoch: [7.0], Train score:97.55333, Test score:97.38000, train loss:-0.97245, test loss:-0.97133, ratio_train_loss:0.00000,ratio_test_loss:0.00000, total_loss_train:-0.97245,total_loss_test:-0.97133, var distance inter class train:0.09678,var distance inter class test:0.10260
=> saved checkpoint 'checkpoints_CNN/mnist_classif_distance_intra_class_max_mean_5_4/last' (iter 1880, epoch 8.0)
=> saved checkpoint 'checkpoint_scores_CNN/mnist_classif_distance_intra_class_max_mean_5_4/last' (iter 1880, epoch 8.0)
[Save Checkpoint] epoch: [8.0], Train score:97.69833, Test score:97.46000, train loss:-0.97449, test loss:-0.97307, ratio_train_loss:0.00000,ratio_test_loss:0.00000, total_loss_train:-0.97449,total_loss_test:-0.97307, var distance inter class train:0.09706,var distance inter class test:0.10127
=> saved checkpoint 'checkpoints_CNN/mnist_classif_distance_intra_class_max_mean_5_4/last' (iter 2115, epoch 9.0)
=> saved checkpoint 'checkpoint_scores_CNN/mnist_classif_distance_intra_class_max_mean_5_4/last' (iter 2115, epoch 9.0)
[Save Checkpoint] epoch: [9.0], Train score:97.83333, Test score:97.75000, train loss:-0.97658, test loss:-0.97576, ratio_train_loss:0.00000,ratio_test_loss:0.00000, total_loss_train:-0.97658,total_loss_test:-0.97576, var distance inter class train:0.09767,var distance inter class test:0.10363
=> saved checkpoint 'checkpoints_CNN/mnist_classif_distance_intra_class_max_mean_5_4/last' (iter 2350, epoch 10.0)
=> saved checkpoint 'checkpoint_scores_CNN/mnist_classif_distance_intra_class_max_mean_5_4/last' (iter 2350, epoch 10.0)
[Save Checkpoint] epoch: [10.0], Train score:97.96333, Test score:97.80000, train loss:-0.97837, test loss:-0.97627, ratio_train_loss:0.00000,ratio_test_loss:0.00000, total_loss_train:-0.97837,total_loss_test:-0.97627, var distance inter class train:0.08184,var distance inter class test:0.08537
=> saved checkpoint 'checkpoints_CNN/mnist_classif_distance_intra_class_max_mean_5_4/last' (iter 2585, epoch 11.0)
=> saved checkpoint 'checkpoint_scores_CNN/mnist_classif_distance_intra_class_max_mean_5_4/last' (iter 2585, epoch 11.0)
[Save Checkpoint] epoch: [11.0], Train score:98.14333, Test score:97.75000, train loss:-0.97993, test loss:-0.97689, ratio_train_loss:0.00000,ratio_test_loss:0.00000, total_loss_train:-0.97993,total_loss_test:-0.97689, var distance inter class train:0.07019,var distance inter class test:0.07365
Variance: In this batch for class 5, they are less images than 10. Don't use it to compute ratio!!!!
=> saved checkpoint 'checkpoints_CNN/mnist_classif_distance_intra_class_max_mean_5_4/last' (iter 2820, epoch 12.0)
=> saved checkpoint 'checkpoint_scores_CNN/mnist_classif_distance_intra_class_max_mean_5_4/last' (iter 2820, epoch 12.0)
[Save Checkpoint] epoch: [12.0], Train score:98.06000, Test score:97.82000, train loss:-0.97948, test loss:-0.97782, ratio_train_loss:0.00000,ratio_test_loss:0.00000, total_loss_train:-0.97948,total_loss_test:-0.97782, var distance inter class train:0.09825,var distance inter class test:0.10343
=> saved checkpoint 'checkpoints_CNN/mnist_classif_distance_intra_class_max_mean_5_4/last' (iter 3055, epoch 13.0)
=> saved checkpoint 'checkpoint_scores_CNN/mnist_classif_distance_intra_class_max_mean_5_4/last' (iter 3055, epoch 13.0)
EarlyStopping counter: 1 out of 10
[Save Checkpoint] epoch: [13.0], Train score:98.14833, Test score:97.72000, train loss:-0.98036, test loss:-0.97698, ratio_train_loss:0.00000,ratio_test_loss:0.00000, total_loss_train:-0.98036,total_loss_test:-0.97698, var distance inter class train:0.07958,var distance inter class test:0.08138
=> saved checkpoint 'checkpoints_CNN/mnist_classif_distance_intra_class_max_mean_5_4/last' (iter 3290, epoch 14.0)
=> saved checkpoint 'checkpoint_scores_CNN/mnist_classif_distance_intra_class_max_mean_5_4/last' (iter 3290, epoch 14.0)
[Save Checkpoint] epoch: [14.0], Train score:98.17000, Test score:97.98000, train loss:-0.98056, test loss:-0.97873, ratio_train_loss:0.00000,ratio_test_loss:0.00000, total_loss_train:-0.98056,total_loss_test:-0.97873, var distance inter class train:0.07101,var distance inter class test:0.07422
=> saved checkpoint 'checkpoints_CNN/mnist_classif_distance_intra_class_max_mean_5_4/last' (iter 3525, epoch 15.0)
=> saved checkpoint 'checkpoint_scores_CNN/mnist_classif_distance_intra_class_max_mean_5_4/last' (iter 3525, epoch 15.0)
EarlyStopping counter: 1 out of 10
[Save Checkpoint] epoch: [15.0], Train score:98.16000, Test score:97.88000, train loss:-0.98078, test loss:-0.97829, ratio_train_loss:0.00000,ratio_test_loss:0.00000, total_loss_train:-0.98078,total_loss_test:-0.97829, var distance inter class train:0.09251,var distance inter class test:0.09500
=> saved checkpoint 'checkpoints_CNN/mnist_classif_distance_intra_class_max_mean_5_4/last' (iter 3760, epoch 16.0)
=> saved checkpoint 'checkpoint_scores_CNN/mnist_classif_distance_intra_class_max_mean_5_4/last' (iter 3760, epoch 16.0)
EarlyStopping counter: 2 out of 10
[Save Checkpoint] epoch: [16.0], Train score:98.23333, Test score:97.82000, train loss:-0.98133, test loss:-0.97772, ratio_train_loss:0.00000,ratio_test_loss:0.00000, total_loss_train:-0.98133,total_loss_test:-0.97772, var distance inter class train:0.08356,var distance inter class test:0.08767
Variance: In this batch for class 5, they are less images than 10. Don't use it to compute ratio!!!!
=> saved checkpoint 'checkpoints_CNN/mnist_classif_distance_intra_class_max_mean_5_4/last' (iter 3995, epoch 17.0)
=> saved checkpoint 'checkpoint_scores_CNN/mnist_classif_distance_intra_class_max_mean_5_4/last' (iter 3995, epoch 17.0)
[Save Checkpoint] epoch: [17.0], Train score:98.30333, Test score:98.14000, train loss:-0.98220, test loss:-0.98058, ratio_train_loss:0.00000,ratio_test_loss:0.00000, total_loss_train:-0.98220,total_loss_test:-0.98058, var distance inter class train:0.06614,var distance inter class test:0.06832
Variance: In this batch for class 4, they are less images than 10. Don't use it to compute ratio!!!!
=> saved checkpoint 'checkpoints_CNN/mnist_classif_distance_intra_class_max_mean_5_4/last' (iter 4230, epoch 18.0)
=> saved checkpoint 'checkpoint_scores_CNN/mnist_classif_distance_intra_class_max_mean_5_4/last' (iter 4230, epoch 18.0)
[Save Checkpoint] epoch: [18.0], Train score:98.29667, Test score:98.06000, train loss:-0.98218, test loss:-0.98065, ratio_train_loss:0.00000,ratio_test_loss:0.00000, total_loss_train:-0.98218,total_loss_test:-0.98065, var distance inter class train:0.08243,var distance inter class test:0.08450
=> saved checkpoint 'checkpoints_CNN/mnist_classif_distance_intra_class_max_mean_5_4/last' (iter 4465, epoch 19.0)
=> saved checkpoint 'checkpoint_scores_CNN/mnist_classif_distance_intra_class_max_mean_5_4/last' (iter 4465, epoch 19.0)
[Save Checkpoint] epoch: [19.0], Train score:98.42167, Test score:98.12000, train loss:-0.98349, test loss:-0.98125, ratio_train_loss:0.00000,ratio_test_loss:0.00000, total_loss_train:-0.98349,total_loss_test:-0.98125, var distance inter class train:0.07158,var distance inter class test:0.07443
=> saved checkpoint 'checkpoints_CNN/mnist_classif_distance_intra_class_max_mean_5_4/last' (iter 4700, epoch 20.0)
=> saved checkpoint 'checkpoint_scores_CNN/mnist_classif_distance_intra_class_max_mean_5_4/last' (iter 4700, epoch 20.0)
EarlyStopping counter: 1 out of 10
[Save Checkpoint] epoch: [20.0], Train score:98.28333, Test score:97.87000, train loss:-0.98218, test loss:-0.97887, ratio_train_loss:0.00000,ratio_test_loss:0.00000, total_loss_train:-0.98218,total_loss_test:-0.97887, var distance inter class train:0.06428,var distance inter class test:0.06709
=> saved checkpoint 'checkpoints_CNN/mnist_classif_distance_intra_class_max_mean_5_4/last' (iter 4935, epoch 21.0)
=> saved checkpoint 'checkpoint_scores_CNN/mnist_classif_distance_intra_class_max_mean_5_4/last' (iter 4935, epoch 21.0)
EarlyStopping counter: 2 out of 10
[Save Checkpoint] epoch: [21.0], Train score:98.25167, Test score:97.90000, train loss:-0.98189, test loss:-0.97885, ratio_train_loss:0.00000,ratio_test_loss:0.00000, total_loss_train:-0.98189,total_loss_test:-0.97885, var distance inter class train:0.07148,var distance inter class test:0.07416
Variance: In this batch for class 0, they are less images than 10. Don't use it to compute ratio!!!!
Variance: In this batch for class 4, they are less images than 10. Don't use it to compute ratio!!!!
=> saved checkpoint 'checkpoints_CNN/mnist_classif_distance_intra_class_max_mean_5_4/last' (iter 5170, epoch 22.0)
=> saved checkpoint 'checkpoint_scores_CNN/mnist_classif_distance_intra_class_max_mean_5_4/last' (iter 5170, epoch 22.0)
EarlyStopping counter: 3 out of 10
[Save Checkpoint] epoch: [22.0], Train score:98.36167, Test score:98.03000, train loss:-0.98316, test loss:-0.98038, ratio_train_loss:0.00000,ratio_test_loss:0.00000, total_loss_train:-0.98316,total_loss_test:-0.98038, var distance inter class train:0.07491,var distance inter class test:0.07875
=> saved checkpoint 'checkpoints_CNN/mnist_classif_distance_intra_class_max_mean_5_4/last' (iter 5405, epoch 23.0)
=> saved checkpoint 'checkpoint_scores_CNN/mnist_classif_distance_intra_class_max_mean_5_4/last' (iter 5405, epoch 23.0)
EarlyStopping counter: 4 out of 10
[Save Checkpoint] epoch: [23.0], Train score:98.37667, Test score:98.01000, train loss:-0.98321, test loss:-0.97971, ratio_train_loss:0.00000,ratio_test_loss:0.00000, total_loss_train:-0.98321,total_loss_test:-0.97971, var distance inter class train:0.09009,var distance inter class test:0.09570
=> saved checkpoint 'checkpoints_CNN/mnist_classif_distance_intra_class_max_mean_5_4/last' (iter 5640, epoch 24.0)
=> saved checkpoint 'checkpoint_scores_CNN/mnist_classif_distance_intra_class_max_mean_5_4/last' (iter 5640, epoch 24.0)
[Save Checkpoint] epoch: [24.0], Train score:98.42333, Test score:98.19000, train loss:-0.98373, test loss:-0.98172, ratio_train_loss:0.00000,ratio_test_loss:0.00000, total_loss_train:-0.98373,total_loss_test:-0.98172, var distance inter class train:0.06592,var distance inter class test:0.06781
=> saved checkpoint 'checkpoints_CNN/mnist_classif_distance_intra_class_max_mean_5_4/last' (iter 5875, epoch 25.0)
=> saved checkpoint 'checkpoint_scores_CNN/mnist_classif_distance_intra_class_max_mean_5_4/last' (iter 5875, epoch 25.0)
EarlyStopping counter: 1 out of 10
[Save Checkpoint] epoch: [25.0], Train score:98.43333, Test score:98.15000, train loss:-0.98389, test loss:-0.98156, ratio_train_loss:0.00000,ratio_test_loss:0.00000, total_loss_train:-0.98389,total_loss_test:-0.98156, var distance inter class train:0.07810,var distance inter class test:0.08075
=> saved checkpoint 'checkpoints_CNN/mnist_classif_distance_intra_class_max_mean_5_4/last' (iter 6110, epoch 26.0)
=> saved checkpoint 'checkpoint_scores_CNN/mnist_classif_distance_intra_class_max_mean_5_4/last' (iter 6110, epoch 26.0)
EarlyStopping counter: 2 out of 10
[Save Checkpoint] epoch: [26.0], Train score:98.36667, Test score:98.01000, train loss:-0.98318, test loss:-0.97970, ratio_train_loss:0.00000,ratio_test_loss:0.00000, total_loss_train:-0.98318,total_loss_test:-0.97970, var distance inter class train:0.07613,var distance inter class test:0.07987
=> saved checkpoint 'checkpoints_CNN/mnist_classif_distance_intra_class_max_mean_5_4/last' (iter 6345, epoch 27.0)
=> saved checkpoint 'checkpoint_scores_CNN/mnist_classif_distance_intra_class_max_mean_5_4/last' (iter 6345, epoch 27.0)
EarlyStopping counter: 3 out of 10
[Save Checkpoint] epoch: [27.0], Train score:98.39167, Test score:98.04000, train loss:-0.98358, test loss:-0.98029, ratio_train_loss:0.00000,ratio_test_loss:0.00000, total_loss_train:-0.98358,total_loss_test:-0.98029, var distance inter class train:0.05809,var distance inter class test:0.06053
=> saved checkpoint 'checkpoints_CNN/mnist_classif_distance_intra_class_max_mean_5_4/last' (iter 6580, epoch 28.0)
=> saved checkpoint 'checkpoint_scores_CNN/mnist_classif_distance_intra_class_max_mean_5_4/last' (iter 6580, epoch 28.0)
EarlyStopping counter: 4 out of 10
[Save Checkpoint] epoch: [28.0], Train score:98.49667, Test score:98.12000, train loss:-0.98453, test loss:-0.98145, ratio_train_loss:0.00000,ratio_test_loss:0.00000, total_loss_train:-0.98453,total_loss_test:-0.98145, var distance inter class train:0.06677,var distance inter class test:0.06946
=> saved checkpoint 'checkpoints_CNN/mnist_classif_distance_intra_class_max_mean_5_4/last' (iter 6815, epoch 29.0)
=> saved checkpoint 'checkpoint_scores_CNN/mnist_classif_distance_intra_class_max_mean_5_4/last' (iter 6815, epoch 29.0)
EarlyStopping counter: 5 out of 10
[Save Checkpoint] epoch: [29.0], Train score:98.56833, Test score:98.09000, train loss:-0.98527, test loss:-0.98114, ratio_train_loss:0.00000,ratio_test_loss:0.00000, total_loss_train:-0.98527,total_loss_test:-0.98114, var distance inter class train:0.05750,var distance inter class test:0.06017
=> saved checkpoint 'checkpoints_CNN/mnist_classif_distance_intra_class_max_mean_5_4/last' (iter 7050, epoch 30.0)
=> saved checkpoint 'checkpoint_scores_CNN/mnist_classif_distance_intra_class_max_mean_5_4/last' (iter 7050, epoch 30.0)
EarlyStopping counter: 6 out of 10
[Save Checkpoint] epoch: [30.0], Train score:98.49333, Test score:98.08000, train loss:-0.98457, test loss:-0.98098, ratio_train_loss:0.00000,ratio_test_loss:0.00000, total_loss_train:-0.98457,total_loss_test:-0.98098, var distance inter class train:0.05909,var distance inter class test:0.06266
=> saved checkpoint 'checkpoints_CNN/mnist_classif_distance_intra_class_max_mean_5_4/last' (iter 7285, epoch 31.0)
=> saved checkpoint 'checkpoint_scores_CNN/mnist_classif_distance_intra_class_max_mean_5_4/last' (iter 7285, epoch 31.0)
EarlyStopping counter: 7 out of 10
[Save Checkpoint] epoch: [31.0], Train score:98.34833, Test score:97.99000, train loss:-0.98325, test loss:-0.98032, ratio_train_loss:0.00000,ratio_test_loss:0.00000, total_loss_train:-0.98325,total_loss_test:-0.98032, var distance inter class train:0.06651,var distance inter class test:0.06924
=> saved checkpoint 'checkpoints_CNN/mnist_classif_distance_intra_class_max_mean_5_4/last' (iter 7520, epoch 32.0)
=> saved checkpoint 'checkpoint_scores_CNN/mnist_classif_distance_intra_class_max_mean_5_4/last' (iter 7520, epoch 32.0)
EarlyStopping counter: 8 out of 10
[Save Checkpoint] epoch: [32.0], Train score:98.43000, Test score:98.07000, train loss:-0.98376, test loss:-0.98081, ratio_train_loss:0.00000,ratio_test_loss:0.00000, total_loss_train:-0.98376,total_loss_test:-0.98081, var distance inter class train:0.07837,var distance inter class test:0.08100
=> saved checkpoint 'checkpoints_CNN/mnist_classif_distance_intra_class_max_mean_5_4/last' (iter 7755, epoch 33.0)
=> saved checkpoint 'checkpoint_scores_CNN/mnist_classif_distance_intra_class_max_mean_5_4/last' (iter 7755, epoch 33.0)
[Save Checkpoint] epoch: [33.0], Train score:98.65167, Test score:98.19000, train loss:-0.98606, test loss:-0.98181, ratio_train_loss:0.00000,ratio_test_loss:0.00000, total_loss_train:-0.98606,total_loss_test:-0.98181, var distance inter class train:0.07627,var distance inter class test:0.07969
=> saved checkpoint 'checkpoints_CNN/mnist_classif_distance_intra_class_max_mean_5_4/last' (iter 7990, epoch 34.0)
=> saved checkpoint 'checkpoint_scores_CNN/mnist_classif_distance_intra_class_max_mean_5_4/last' (iter 7990, epoch 34.0)
EarlyStopping counter: 1 out of 10
[Save Checkpoint] epoch: [34.0], Train score:98.52667, Test score:98.10000, train loss:-0.98506, test loss:-0.98099, ratio_train_loss:0.00000,ratio_test_loss:0.00000, total_loss_train:-0.98506,total_loss_test:-0.98099, var distance inter class train:0.07238,var distance inter class test:0.07706
=> saved checkpoint 'checkpoints_CNN/mnist_classif_distance_intra_class_max_mean_5_4/last' (iter 8225, epoch 35.0)
=> saved checkpoint 'checkpoint_scores_CNN/mnist_classif_distance_intra_class_max_mean_5_4/last' (iter 8225, epoch 35.0)
[Save Checkpoint] epoch: [35.0], Train score:98.57667, Test score:98.28000, train loss:-0.98550, test loss:-0.98246, ratio_train_loss:0.00000,ratio_test_loss:0.00000, total_loss_train:-0.98550,total_loss_test:-0.98246, var distance inter class train:0.05670,var distance inter class test:0.05839
=> saved checkpoint 'checkpoints_CNN/mnist_classif_distance_intra_class_max_mean_5_4/last' (iter 8460, epoch 36.0)
=> saved checkpoint 'checkpoint_scores_CNN/mnist_classif_distance_intra_class_max_mean_5_4/last' (iter 8460, epoch 36.0)
[Save Checkpoint] epoch: [36.0], Train score:98.60333, Test score:98.25000, train loss:-0.98569, test loss:-0.98299, ratio_train_loss:0.00000,ratio_test_loss:0.00000, total_loss_train:-0.98569,total_loss_test:-0.98299, var distance inter class train:0.06810,var distance inter class test:0.06978
=> saved checkpoint 'checkpoints_CNN/mnist_classif_distance_intra_class_max_mean_5_4/last' (iter 8695, epoch 37.0)
=> saved checkpoint 'checkpoint_scores_CNN/mnist_classif_distance_intra_class_max_mean_5_4/last' (iter 8695, epoch 37.0)
EarlyStopping counter: 1 out of 10
[Save Checkpoint] epoch: [37.0], Train score:98.59167, Test score:98.16000, train loss:-0.98574, test loss:-0.98158, ratio_train_loss:0.00000,ratio_test_loss:0.00000, total_loss_train:-0.98574,total_loss_test:-0.98158, var distance inter class train:0.05889,var distance inter class test:0.06086
=> saved checkpoint 'checkpoints_CNN/mnist_classif_distance_intra_class_max_mean_5_4/last' (iter 8930, epoch 38.0)
=> saved checkpoint 'checkpoint_scores_CNN/mnist_classif_distance_intra_class_max_mean_5_4/last' (iter 8930, epoch 38.0)
EarlyStopping counter: 2 out of 10
[Save Checkpoint] epoch: [38.0], Train score:98.62500, Test score:98.09000, train loss:-0.98586, test loss:-0.98106, ratio_train_loss:0.00000,ratio_test_loss:0.00000, total_loss_train:-0.98586,total_loss_test:-0.98106, var distance inter class train:0.05569,var distance inter class test:0.05779
Variance: In this batch for class 8, they are less images than 10. Don't use it to compute ratio!!!!
Variance: In this batch for class 5, they are less images than 10. Don't use it to compute ratio!!!!
=> saved checkpoint 'checkpoints_CNN/mnist_classif_distance_intra_class_max_mean_5_4/last' (iter 9165, epoch 39.0)
=> saved checkpoint 'checkpoint_scores_CNN/mnist_classif_distance_intra_class_max_mean_5_4/last' (iter 9165, epoch 39.0)
EarlyStopping counter: 3 out of 10
[Save Checkpoint] epoch: [39.0], Train score:98.67000, Test score:98.29000, train loss:-0.98636, test loss:-0.98283, ratio_train_loss:0.00000,ratio_test_loss:0.00000, total_loss_train:-0.98636,total_loss_test:-0.98283, var distance inter class train:0.04999,var distance inter class test:0.05089
=> saved checkpoint 'checkpoints_CNN/mnist_classif_distance_intra_class_max_mean_5_4/last' (iter 9400, epoch 40.0)
=> saved checkpoint 'checkpoint_scores_CNN/mnist_classif_distance_intra_class_max_mean_5_4/last' (iter 9400, epoch 40.0)
EarlyStopping counter: 4 out of 10
[Save Checkpoint] epoch: [40.0], Train score:98.69500, Test score:98.22000, train loss:-0.98670, test loss:-0.98214, ratio_train_loss:0.00000,ratio_test_loss:0.00000, total_loss_train:-0.98670,total_loss_test:-0.98214, var distance inter class train:0.06381,var distance inter class test:0.06543
=> saved checkpoint 'checkpoints_CNN/mnist_classif_distance_intra_class_max_mean_5_4/last' (iter 9635, epoch 41.0)
=> saved checkpoint 'checkpoint_scores_CNN/mnist_classif_distance_intra_class_max_mean_5_4/last' (iter 9635, epoch 41.0)
[Save Checkpoint] epoch: [41.0], Train score:98.69333, Test score:98.31000, train loss:-0.98663, test loss:-0.98335, ratio_train_loss:0.00000,ratio_test_loss:0.00000, total_loss_train:-0.98663,total_loss_test:-0.98335, var distance inter class train:0.06537,var distance inter class test:0.06717
=> saved checkpoint 'checkpoints_CNN/mnist_classif_distance_intra_class_max_mean_5_4/last' (iter 9870, epoch 42.0)
=> saved checkpoint 'checkpoint_scores_CNN/mnist_classif_distance_intra_class_max_mean_5_4/last' (iter 9870, epoch 42.0)
EarlyStopping counter: 1 out of 10
[Save Checkpoint] epoch: [42.0], Train score:98.42667, Test score:98.07000, train loss:-0.98411, test loss:-0.98088, ratio_train_loss:0.00000,ratio_test_loss:0.00000, total_loss_train:-0.98411,total_loss_test:-0.98088, var distance inter class train:0.06958,var distance inter class test:0.07275
Variance: In this batch for class 5, they are less images than 10. Don't use it to compute ratio!!!!
=> saved checkpoint 'checkpoints_CNN/mnist_classif_distance_intra_class_max_mean_5_4/last' (iter 10105, epoch 43.0)
=> saved checkpoint 'checkpoint_scores_CNN/mnist_classif_distance_intra_class_max_mean_5_4/last' (iter 10105, epoch 43.0)
EarlyStopping counter: 2 out of 10
[Save Checkpoint] epoch: [43.0], Train score:98.64167, Test score:98.33000, train loss:-0.98613, test loss:-0.98319, ratio_train_loss:0.00000,ratio_test_loss:0.00000, total_loss_train:-0.98613,total_loss_test:-0.98319, var distance inter class train:0.05774,var distance inter class test:0.06032
Variance: In this batch for class 8, they are less images than 10. Don't use it to compute ratio!!!!
=> saved checkpoint 'checkpoints_CNN/mnist_classif_distance_intra_class_max_mean_5_4/last' (iter 10340, epoch 44.0)
=> saved checkpoint 'checkpoint_scores_CNN/mnist_classif_distance_intra_class_max_mean_5_4/last' (iter 10340, epoch 44.0)
EarlyStopping counter: 3 out of 10
[Save Checkpoint] epoch: [44.0], Train score:98.59667, Test score:98.11000, train loss:-0.98574, test loss:-0.98148, ratio_train_loss:0.00000,ratio_test_loss:0.00000, total_loss_train:-0.98574,total_loss_test:-0.98148, var distance inter class train:0.06216,var distance inter class test:0.06275
=> saved checkpoint 'checkpoints_CNN/mnist_classif_distance_intra_class_max_mean_5_4/last' (iter 10575, epoch 45.0)
=> saved checkpoint 'checkpoint_scores_CNN/mnist_classif_distance_intra_class_max_mean_5_4/last' (iter 10575, epoch 45.0)
EarlyStopping counter: 4 out of 10
[Save Checkpoint] epoch: [45.0], Train score:98.65333, Test score:98.28000, train loss:-0.98624, test loss:-0.98312, ratio_train_loss:0.00000,ratio_test_loss:0.00000, total_loss_train:-0.98624,total_loss_test:-0.98312, var distance inter class train:0.06483,var distance inter class test:0.06707
Variance: In this batch for class 4, they are less images than 10. Don't use it to compute ratio!!!!
=> saved checkpoint 'checkpoints_CNN/mnist_classif_distance_intra_class_max_mean_5_4/last' (iter 10810, epoch 46.0)
