93
--dataset mnist --model CNN --gpu_devices 0 1 --max_iter 50 --batch_size 64 --ckpt_dir checkpoints_CNN --ckpt_dir_scores checkpoint_scores_CNN --use_scheduler True --GMP True --lr 1e-3 --z_struct_size 30 --add_classification_layer False --classif_layer_size 30 --is_default_model False --is_custom_model False --is_custom_model_BK True --big_kernel_size 8 --two_conv_layer True --three_conv_layer False --BK_in_first_layer True --BK_in_second_layer False --BK_in_third_layer False --stride_size 1 --hidden_filters_layer1 32 --hidden_filters_layer2 20 --hidden_filters_layer3 32 --ratio_reg True --lambda_ratio_reg 0.1 --lambda_class 1 --contrastive_loss True --alpha 32 --loss Contrastive --optimizer adamw --mrg 0.1 --IPC False --warm 1 --sz_embedding 20 --exp_name CNN_mnist_contrastive_loss_20_test_3_4
Namespace(BK_in_first_layer=True, BK_in_second_layer=False, BK_in_third_layer=False, BN=False, C_max=25, C_stop_iter=100000.0, E1_AE=False, E1_VAE=False, E1_conv=False, E1_dense=False, E1_second_conv=False, E1_second_conv_adapt=False, GMP=True, IPC=False, L1_norm_act=False, L1_norm_weights=False, L3_without_random=False, LOG_DIR='logs', adapt_lr=False, add_classification_layer=False, add_linear_after_GMP=True, add_z_struct_bottleneck=False, alpha=32.0, batch_size=64, beta=1, beta1=0.9, beta2=0.999, big_kernel=False, big_kernel_size=[8], binary_z=False, ckpt_dir='checkpoints_CNN', ckpt_dir_scores='checkpoint_scores_CNN', classif_layer_size=30, contrastive_loss=True, cuda=True, dataset='mnist', display_step=10000, dset_dir='data', exp_name='CNN_mnist_contrastive_loss_20_test_3_4', gamma=1000, gpu_devices=[0, 1], hidden_filters_layer1=32, hidden_filters_layer2=20, hidden_filters_layer3=32, image_size=64, is_C=True, is_E1=False, is_binary_structural_latent=False, is_custom_model=False, is_custom_model_BK=True, is_default_model=False, is_noise_stats=False, is_partial_rand_class=False, is_perturbed_score=False, is_zvar_sim_loss=False, just_train=False, kernel_size=4, lambda_Kl_struct=1, lambda_Kl_var=1, lambda_L1=0.01, lambda_VAE=1, lambda_class=1.0, lambda_partial_class=1, lambda_ratio_reg=0.1, lambda_recon_wt_rand=1, lambda_recons=1, lambda_zvar_sim=1, latent_spec_cont=None, latent_spec_cont_class=None, latent_spec_cont_var=None, latent_spec_disc=None, latent_spec_disc_class=None, latent_spec_disc_var=None, log_level='info', loss='Contrastive', lr=0.001, max_iter=50.0, model='CNN', mrg=0.1, num_workers=2, old_weighted=False, optimizer='adamw', other_ratio=False, random_percentage=0.2, ratio_reg=True, remark='', save_step=10000, second_layer_C=False, seed=1, stride_size=1, sz_embedding=20, three_conv_layer=False, train=True, two_conv_layer=True, two_encoder=False, use_early_stopping=True, use_scheduler=True, warm=1, without_acc=False, z_struct_size=30, zeros_W_Classif=False, zvar_sim_change_zvar=False, zvar_sim_loss_for_all_model=False, zvar_sim_loss_only_for_encoder=False, zvar_sim_normal=False, zvar_sim_var_rand=False)
CUDA Visible devices !
Random Sampling
Custom_CNN_BK(
  (net): Sequential(
    (0): Conv2d(1, 32, kernel_size=(8, 8), stride=(1, 1))
    (1): BatchNorm2d(32, eps=1e-05, momentum=0.1, affine=True, track_running_stats=True)
    (2): ReLU(inplace=True)
    (3): Conv2d(32, 20, kernel_size=(4, 4), stride=(1, 1))
    (4): BatchNorm2d(20, eps=1e-05, momentum=0.1, affine=True, track_running_stats=True)
    (5): ReLU(inplace=True)
    (6): AdaptiveMaxPool2d(output_size=(1, 1))
    (7): View()
    (8): Linear(in_features=20, out_features=30, bias=True)
    (9): BatchNorm1d(30, eps=1e-05, momentum=0.1, affine=True, track_running_stats=True)
    (10): ReLU(inplace=True)
    (11): Dropout(p=0.4, inplace=False)
    (12): Linear(in_features=30, out_features=10, bias=True)
    (13): Softmax(dim=None)
  )
)
The number of parameters of model is 13444
use 1 gpu who named: GeForce GTX 1080 Ti
=> loaded sample_scores and losses
=> no checkpoint found at 'checkpoints_CNN/CNN_mnist_contrastive_loss_20_test_3_4/last'
=> saved checkpoint 'checkpoints_CNN/CNN_mnist_contrastive_loss_20_test_3_4/last' (iter 938, epoch 1.0)
=> saved checkpoint 'checkpoint_scores_CNN/CNN_mnist_contrastive_loss_20_test_3_4/last' (iter 938, epoch 1)
[Save Checkpoint] epoch: [1.0], Train score:95.66500, Test score:96.02000, train loss:-0.94292, test loss:-0.94613, ratio_train_loss:0.67119,ratio_test_loss:0.64400, total_loss_train:-0.27173,total_loss_test:-0.30213, 
=> saved checkpoint 'checkpoints_CNN/CNN_mnist_contrastive_loss_20_test_3_4/last' (iter 1876, epoch 2.0)
=> saved checkpoint 'checkpoint_scores_CNN/CNN_mnist_contrastive_loss_20_test_3_4/last' (iter 1876, epoch 2)
[Save Checkpoint] epoch: [2.0], Train score:96.62833, Test score:97.02000, train loss:-0.96106, test loss:-0.96477, ratio_train_loss:0.55237,ratio_test_loss:0.53097, total_loss_train:-0.40869,total_loss_test:-0.43380, 
=> saved checkpoint 'checkpoints_CNN/CNN_mnist_contrastive_loss_20_test_3_4/last' (iter 2814, epoch 3.0)
=> saved checkpoint 'checkpoint_scores_CNN/CNN_mnist_contrastive_loss_20_test_3_4/last' (iter 2814, epoch 3)
[Save Checkpoint] epoch: [3.0], Train score:96.90167, Test score:97.18000, train loss:-0.96560, test loss:-0.96851, ratio_train_loss:0.52923,ratio_test_loss:0.50594, total_loss_train:-0.43636,total_loss_test:-0.46257, 
=> saved checkpoint 'checkpoints_CNN/CNN_mnist_contrastive_loss_20_test_3_4/last' (iter 3752, epoch 4.0)
EarlyStopping counter: 1 out of 20
=> saved checkpoint 'checkpoint_scores_CNN/CNN_mnist_contrastive_loss_20_test_3_4/last' (iter 3752, epoch 4)
[Save Checkpoint] epoch: [4.0], Train score:97.57333, Test score:97.66000, train loss:-0.97308, test loss:-0.97444, ratio_train_loss:0.55920,ratio_test_loss:0.53896, total_loss_train:-0.41388,total_loss_test:-0.43547, 
=> saved checkpoint 'checkpoints_CNN/CNN_mnist_contrastive_loss_20_test_3_4/last' (iter 4690, epoch 5.0)
EarlyStopping counter: 2 out of 20
=> saved checkpoint 'checkpoint_scores_CNN/CNN_mnist_contrastive_loss_20_test_3_4/last' (iter 4690, epoch 5)
[Save Checkpoint] epoch: [5.0], Train score:97.71333, Test score:97.90000, train loss:-0.97540, test loss:-0.97673, ratio_train_loss:0.54388,ratio_test_loss:0.52267, total_loss_train:-0.43153,total_loss_test:-0.45406, 
=> saved checkpoint 'checkpoints_CNN/CNN_mnist_contrastive_loss_20_test_3_4/last' (iter 5628, epoch 6.0)
=> saved checkpoint 'checkpoint_scores_CNN/CNN_mnist_contrastive_loss_20_test_3_4/last' (iter 5628, epoch 6)
[Save Checkpoint] epoch: [6.0], Train score:97.77667, Test score:97.74000, train loss:-0.97613, test loss:-0.97617, ratio_train_loss:0.51132,ratio_test_loss:0.49652, total_loss_train:-0.46480,total_loss_test:-0.47964, 
=> saved checkpoint 'checkpoints_CNN/CNN_mnist_contrastive_loss_20_test_3_4/last' (iter 6566, epoch 7.0)
=> saved checkpoint 'checkpoint_scores_CNN/CNN_mnist_contrastive_loss_20_test_3_4/last' (iter 6566, epoch 7)
[Save Checkpoint] epoch: [7.0], Train score:97.98667, Test score:97.94000, train loss:-0.97842, test loss:-0.97779, ratio_train_loss:0.50691,ratio_test_loss:0.48795, total_loss_train:-0.47151,total_loss_test:-0.48983, 
=> saved checkpoint 'checkpoints_CNN/CNN_mnist_contrastive_loss_20_test_3_4/last' (iter 7504, epoch 8.0)
=> saved checkpoint 'checkpoint_scores_CNN/CNN_mnist_contrastive_loss_20_test_3_4/last' (iter 7504, epoch 8)
[Save Checkpoint] epoch: [8.0], Train score:98.08167, Test score:97.92000, train loss:-0.97989, test loss:-0.97831, ratio_train_loss:0.49142,ratio_test_loss:0.47791, total_loss_train:-0.48847,total_loss_test:-0.50040, 
=> saved checkpoint 'checkpoints_CNN/CNN_mnist_contrastive_loss_20_test_3_4/last' (iter 8442, epoch 9.0)
EarlyStopping counter: 1 out of 20
=> saved checkpoint 'checkpoint_scores_CNN/CNN_mnist_contrastive_loss_20_test_3_4/last' (iter 8442, epoch 9)
[Save Checkpoint] epoch: [9.0], Train score:97.98833, Test score:97.87000, train loss:-0.97910, test loss:-0.97857, ratio_train_loss:0.50039,ratio_test_loss:0.49321, total_loss_train:-0.47872,total_loss_test:-0.48535, 
=> saved checkpoint 'checkpoints_CNN/CNN_mnist_contrastive_loss_20_test_3_4/last' (iter 9380, epoch 10.0)
EarlyStopping counter: 2 out of 20
=> saved checkpoint 'checkpoint_scores_CNN/CNN_mnist_contrastive_loss_20_test_3_4/last' (iter 9380, epoch 10)
[Save Checkpoint] epoch: [10.0], Train score:98.11500, Test score:97.94000, train loss:-0.98020, test loss:-0.97884, ratio_train_loss:0.50085,ratio_test_loss:0.48508, total_loss_train:-0.47935,total_loss_test:-0.49376, 
=> saved checkpoint 'checkpoints_CNN/CNN_mnist_contrastive_loss_20_test_3_4/last' (iter 10318, epoch 11.0)
EarlyStopping counter: 3 out of 20
=> saved checkpoint 'checkpoint_scores_CNN/CNN_mnist_contrastive_loss_20_test_3_4/last' (iter 10318, epoch 11)
[Save Checkpoint] epoch: [11.0], Train score:98.16000, Test score:98.17000, train loss:-0.98066, test loss:-0.97992, ratio_train_loss:0.53265,ratio_test_loss:0.51017, total_loss_train:-0.44801,total_loss_test:-0.46975, 
=> saved checkpoint 'checkpoints_CNN/CNN_mnist_contrastive_loss_20_test_3_4/last' (iter 11256, epoch 12.0)
=> saved checkpoint 'checkpoint_scores_CNN/CNN_mnist_contrastive_loss_20_test_3_4/last' (iter 11256, epoch 12)
[Save Checkpoint] epoch: [12.0], Train score:98.17833, Test score:97.96000, train loss:-0.98111, test loss:-0.97869, ratio_train_loss:0.47041,ratio_test_loss:0.46241, total_loss_train:-0.51070,total_loss_test:-0.51627, 
=> saved checkpoint 'checkpoints_CNN/CNN_mnist_contrastive_loss_20_test_3_4/last' (iter 12194, epoch 13.0)
EarlyStopping counter: 1 out of 20
=> saved checkpoint 'checkpoint_scores_CNN/CNN_mnist_contrastive_loss_20_test_3_4/last' (iter 12194, epoch 13)
[Save Checkpoint] epoch: [13.0], Train score:98.29667, Test score:98.10000, train loss:-0.98211, test loss:-0.98050, ratio_train_loss:0.49618,ratio_test_loss:0.48187, total_loss_train:-0.48593,total_loss_test:-0.49863, 
=> saved checkpoint 'checkpoints_CNN/CNN_mnist_contrastive_loss_20_test_3_4/last' (iter 13132, epoch 14.0)
EarlyStopping counter: 2 out of 20
=> saved checkpoint 'checkpoint_scores_CNN/CNN_mnist_contrastive_loss_20_test_3_4/last' (iter 13132, epoch 14)
[Save Checkpoint] epoch: [14.0], Train score:98.30500, Test score:98.10000, train loss:-0.98231, test loss:-0.98076, ratio_train_loss:0.51555,ratio_test_loss:0.49754, total_loss_train:-0.46676,total_loss_test:-0.48322, 
=> saved checkpoint 'checkpoints_CNN/CNN_mnist_contrastive_loss_20_test_3_4/last' (iter 14070, epoch 15.0)
=> saved checkpoint 'checkpoint_scores_CNN/CNN_mnist_contrastive_loss_20_test_3_4/last' (iter 14070, epoch 15)
[Save Checkpoint] epoch: [15.0], Train score:98.42667, Test score:98.27000, train loss:-0.98348, test loss:-0.98217, ratio_train_loss:0.46900,ratio_test_loss:0.46318, total_loss_train:-0.51447,total_loss_test:-0.51899, 
=> saved checkpoint 'checkpoints_CNN/CNN_mnist_contrastive_loss_20_test_3_4/last' (iter 15008, epoch 16.0)
=> saved checkpoint 'checkpoint_scores_CNN/CNN_mnist_contrastive_loss_20_test_3_4/last' (iter 15008, epoch 16)
[Save Checkpoint] epoch: [16.0], Train score:98.46667, Test score:98.30000, train loss:-0.98395, test loss:-0.98254, ratio_train_loss:0.46659,ratio_test_loss:0.45566, total_loss_train:-0.51735,total_loss_test:-0.52688, 
=> saved checkpoint 'checkpoints_CNN/CNN_mnist_contrastive_loss_20_test_3_4/last' (iter 15946, epoch 17.0)
=> saved checkpoint 'checkpoint_scores_CNN/CNN_mnist_contrastive_loss_20_test_3_4/last' (iter 15946, epoch 17)
[Save Checkpoint] epoch: [17.0], Train score:98.52167, Test score:98.11000, train loss:-0.98453, test loss:-0.98135, ratio_train_loss:0.46123,ratio_test_loss:0.45325, total_loss_train:-0.52330,total_loss_test:-0.52811, 
=> saved checkpoint 'checkpoints_CNN/CNN_mnist_contrastive_loss_20_test_3_4/last' (iter 16884, epoch 18.0)
=> saved checkpoint 'checkpoint_scores_CNN/CNN_mnist_contrastive_loss_20_test_3_4/last' (iter 16884, epoch 18)
[Save Checkpoint] epoch: [18.0], Train score:98.46333, Test score:98.34000, train loss:-0.98404, test loss:-0.98313, ratio_train_loss:0.45853,ratio_test_loss:0.45207, total_loss_train:-0.52551,total_loss_test:-0.53107, 
=> saved checkpoint 'checkpoints_CNN/CNN_mnist_contrastive_loss_20_test_3_4/last' (iter 17822, epoch 19.0)
EarlyStopping counter: 1 out of 20
=> saved checkpoint 'checkpoint_scores_CNN/CNN_mnist_contrastive_loss_20_test_3_4/last' (iter 17822, epoch 19)
[Save Checkpoint] epoch: [19.0], Train score:98.46333, Test score:98.23000, train loss:-0.98407, test loss:-0.98221, ratio_train_loss:0.45973,ratio_test_loss:0.45703, total_loss_train:-0.52434,total_loss_test:-0.52518, 
=> saved checkpoint 'checkpoints_CNN/CNN_mnist_contrastive_loss_20_test_3_4/last' (iter 18760, epoch 20.0)
EarlyStopping counter: 2 out of 20
=> saved checkpoint 'checkpoint_scores_CNN/CNN_mnist_contrastive_loss_20_test_3_4/last' (iter 18760, epoch 20)
[Save Checkpoint] epoch: [20.0], Train score:98.54500, Test score:98.15000, train loss:-0.98482, test loss:-0.98101, ratio_train_loss:0.45791,ratio_test_loss:0.45374, total_loss_train:-0.52691,total_loss_test:-0.52726, 
=> saved checkpoint 'checkpoints_CNN/CNN_mnist_contrastive_loss_20_test_3_4/last' (iter 19698, epoch 21.0)
=> saved checkpoint 'checkpoint_scores_CNN/CNN_mnist_contrastive_loss_20_test_3_4/last' (iter 19698, epoch 21)
[Save Checkpoint] epoch: [21.0], Train score:98.56167, Test score:98.30000, train loss:-0.98533, test loss:-0.98259, ratio_train_loss:0.44570,ratio_test_loss:0.43777, total_loss_train:-0.53963,total_loss_test:-0.54482, 
=> saved checkpoint 'checkpoints_CNN/CNN_mnist_contrastive_loss_20_test_3_4/last' (iter 20636, epoch 22.0)
EarlyStopping counter: 1 out of 20
=> saved checkpoint 'checkpoint_scores_CNN/CNN_mnist_contrastive_loss_20_test_3_4/last' (iter 20636, epoch 22)
[Save Checkpoint] epoch: [22.0], Train score:98.62500, Test score:98.33000, train loss:-0.98588, test loss:-0.98288, ratio_train_loss:0.45668,ratio_test_loss:0.45175, total_loss_train:-0.52921,total_loss_test:-0.53114, 
=> saved checkpoint 'checkpoints_CNN/CNN_mnist_contrastive_loss_20_test_3_4/last' (iter 21574, epoch 23.0)
=> saved checkpoint 'checkpoint_scores_CNN/CNN_mnist_contrastive_loss_20_test_3_4/last' (iter 21574, epoch 23)
[Save Checkpoint] epoch: [23.0], Train score:98.60333, Test score:98.13000, train loss:-0.98542, test loss:-0.98129, ratio_train_loss:0.44014,ratio_test_loss:0.43241, total_loss_train:-0.54528,total_loss_test:-0.54888, 
=> saved checkpoint 'checkpoints_CNN/CNN_mnist_contrastive_loss_20_test_3_4/last' (iter 22512, epoch 24.0)
EarlyStopping counter: 1 out of 20
=> saved checkpoint 'checkpoint_scores_CNN/CNN_mnist_contrastive_loss_20_test_3_4/last' (iter 22512, epoch 24)
[Save Checkpoint] epoch: [24.0], Train score:98.51333, Test score:98.27000, train loss:-0.98451, test loss:-0.98226, ratio_train_loss:0.45878,ratio_test_loss:0.45807, total_loss_train:-0.52573,total_loss_test:-0.52420, 
=> saved checkpoint 'checkpoints_CNN/CNN_mnist_contrastive_loss_20_test_3_4/last' (iter 23450, epoch 25.0)
=> saved checkpoint 'checkpoint_scores_CNN/CNN_mnist_contrastive_loss_20_test_3_4/last' (iter 23450, epoch 25)
[Save Checkpoint] epoch: [25.0], Train score:98.53833, Test score:98.18000, train loss:-0.98511, test loss:-0.98136, ratio_train_loss:0.43121,ratio_test_loss:0.42670, total_loss_train:-0.55389,total_loss_test:-0.55466, 
=> saved checkpoint 'checkpoints_CNN/CNN_mnist_contrastive_loss_20_test_3_4/last' (iter 24388, epoch 26.0)
EarlyStopping counter: 1 out of 20
=> saved checkpoint 'checkpoint_scores_CNN/CNN_mnist_contrastive_loss_20_test_3_4/last' (iter 24388, epoch 26)
[Save Checkpoint] epoch: [26.0], Train score:98.60333, Test score:98.36000, train loss:-0.98558, test loss:-0.98320, ratio_train_loss:0.43609,ratio_test_loss:0.43005, total_loss_train:-0.54949,total_loss_test:-0.55315, 
=> saved checkpoint 'checkpoints_CNN/CNN_mnist_contrastive_loss_20_test_3_4/last' (iter 25326, epoch 27.0)
EarlyStopping counter: 2 out of 20
=> saved checkpoint 'checkpoint_scores_CNN/CNN_mnist_contrastive_loss_20_test_3_4/last' (iter 25326, epoch 27)
[Save Checkpoint] epoch: [27.0], Train score:98.66333, Test score:98.34000, train loss:-0.98644, test loss:-0.98282, ratio_train_loss:0.44068,ratio_test_loss:0.43902, total_loss_train:-0.54576,total_loss_test:-0.54381, 
=> saved checkpoint 'checkpoints_CNN/CNN_mnist_contrastive_loss_20_test_3_4/last' (iter 26264, epoch 28.0)
EarlyStopping counter: 3 out of 20
=> saved checkpoint 'checkpoint_scores_CNN/CNN_mnist_contrastive_loss_20_test_3_4/last' (iter 26264, epoch 28)
[Save Checkpoint] epoch: [28.0], Train score:98.72000, Test score:98.43000, train loss:-0.98679, test loss:-0.98400, ratio_train_loss:0.45631,ratio_test_loss:0.44622, total_loss_train:-0.53049,total_loss_test:-0.53778, 
=> saved checkpoint 'checkpoints_CNN/CNN_mnist_contrastive_loss_20_test_3_4/last' (iter 27202, epoch 29.0)
EarlyStopping counter: 4 out of 20
=> saved checkpoint 'checkpoint_scores_CNN/CNN_mnist_contrastive_loss_20_test_3_4/last' (iter 27202, epoch 29)
[Save Checkpoint] epoch: [29.0], Train score:98.79833, Test score:98.52000, train loss:-0.98750, test loss:-0.98457, ratio_train_loss:0.44304,ratio_test_loss:0.43703, total_loss_train:-0.54447,total_loss_test:-0.54754, 
=> saved checkpoint 'checkpoints_CNN/CNN_mnist_contrastive_loss_20_test_3_4/last' (iter 28140, epoch 30.0)
EarlyStopping counter: 5 out of 20
=> saved checkpoint 'checkpoint_scores_CNN/CNN_mnist_contrastive_loss_20_test_3_4/last' (iter 28140, epoch 30)
[Save Checkpoint] epoch: [30.0], Train score:98.76000, Test score:98.26000, train loss:-0.98735, test loss:-0.98272, ratio_train_loss:0.43698,ratio_test_loss:0.42868, total_loss_train:-0.55037,total_loss_test:-0.55404, 
=> saved checkpoint 'checkpoints_CNN/CNN_mnist_contrastive_loss_20_test_3_4/last' (iter 29078, epoch 31.0)
EarlyStopping counter: 6 out of 20
=> saved checkpoint 'checkpoint_scores_CNN/CNN_mnist_contrastive_loss_20_test_3_4/last' (iter 29078, epoch 31)
[Save Checkpoint] epoch: [31.0], Train score:98.62333, Test score:98.25000, train loss:-0.98609, test loss:-0.98198, ratio_train_loss:0.42924,ratio_test_loss:0.42762, total_loss_train:-0.55685,total_loss_test:-0.55436, 
=> saved checkpoint 'checkpoints_CNN/CNN_mnist_contrastive_loss_20_test_3_4/last' (iter 30016, epoch 32.0)
EarlyStopping counter: 7 out of 20
=> saved checkpoint 'checkpoint_scores_CNN/CNN_mnist_contrastive_loss_20_test_3_4/last' (iter 30016, epoch 32)
[Save Checkpoint] epoch: [32.0], Train score:98.73000, Test score:98.34000, train loss:-0.98682, test loss:-0.98292, ratio_train_loss:0.44720,ratio_test_loss:0.44004, total_loss_train:-0.53962,total_loss_test:-0.54287, 
=> saved checkpoint 'checkpoints_CNN/CNN_mnist_contrastive_loss_20_test_3_4/last' (iter 30954, epoch 33.0)
=> saved checkpoint 'checkpoint_scores_CNN/CNN_mnist_contrastive_loss_20_test_3_4/last' (iter 30954, epoch 33)
[Save Checkpoint] epoch: [33.0], Train score:98.78500, Test score:98.46000, train loss:-0.98753, test loss:-0.98457, ratio_train_loss:0.42760,ratio_test_loss:0.42612, total_loss_train:-0.55993,total_loss_test:-0.55845, 
=> saved checkpoint 'checkpoints_CNN/CNN_mnist_contrastive_loss_20_test_3_4/last' (iter 31892, epoch 34.0)
EarlyStopping counter: 1 out of 20
=> saved checkpoint 'checkpoint_scores_CNN/CNN_mnist_contrastive_loss_20_test_3_4/last' (iter 31892, epoch 34)
[Save Checkpoint] epoch: [34.0], Train score:98.74833, Test score:98.38000, train loss:-0.98722, test loss:-0.98387, ratio_train_loss:0.44125,ratio_test_loss:0.43283, total_loss_train:-0.54597,total_loss_test:-0.55104, 
=> saved checkpoint 'checkpoints_CNN/CNN_mnist_contrastive_loss_20_test_3_4/last' (iter 32830, epoch 35.0)
EarlyStopping counter: 2 out of 20
=> saved checkpoint 'checkpoint_scores_CNN/CNN_mnist_contrastive_loss_20_test_3_4/last' (iter 32830, epoch 35)
[Save Checkpoint] epoch: [35.0], Train score:98.74333, Test score:98.49000, train loss:-0.98707, test loss:-0.98441, ratio_train_loss:0.44875,ratio_test_loss:0.44090, total_loss_train:-0.53832,total_loss_test:-0.54351, 
=> saved checkpoint 'checkpoints_CNN/CNN_mnist_contrastive_loss_20_test_3_4/last' (iter 33768, epoch 36.0)
=> saved checkpoint 'checkpoint_scores_CNN/CNN_mnist_contrastive_loss_20_test_3_4/last' (iter 33768, epoch 36)
[Save Checkpoint] epoch: [36.0], Train score:98.78833, Test score:98.50000, train loss:-0.98769, test loss:-0.98476, ratio_train_loss:0.42885,ratio_test_loss:0.42316, total_loss_train:-0.55884,total_loss_test:-0.56160, 
=> saved checkpoint 'checkpoints_CNN/CNN_mnist_contrastive_loss_20_test_3_4/last' (iter 34706, epoch 37.0)
=> saved checkpoint 'checkpoint_scores_CNN/CNN_mnist_contrastive_loss_20_test_3_4/last' (iter 34706, epoch 37)
[Save Checkpoint] epoch: [37.0], Train score:98.76500, Test score:98.57000, train loss:-0.98746, test loss:-0.98523, ratio_train_loss:0.41640,ratio_test_loss:0.41153, total_loss_train:-0.57106,total_loss_test:-0.57370, 
=> saved checkpoint 'checkpoints_CNN/CNN_mnist_contrastive_loss_20_test_3_4/last' (iter 35644, epoch 38.0)
EarlyStopping counter: 1 out of 20
=> saved checkpoint 'checkpoint_scores_CNN/CNN_mnist_contrastive_loss_20_test_3_4/last' (iter 35644, epoch 38)
[Save Checkpoint] epoch: [38.0], Train score:98.85500, Test score:98.32000, train loss:-0.98825, test loss:-0.98321, ratio_train_loss:0.43614,ratio_test_loss:0.43263, total_loss_train:-0.55212,total_loss_test:-0.55058, 
=> saved checkpoint 'checkpoints_CNN/CNN_mnist_contrastive_loss_20_test_3_4/last' (iter 36582, epoch 39.0)
EarlyStopping counter: 2 out of 20
=> saved checkpoint 'checkpoint_scores_CNN/CNN_mnist_contrastive_loss_20_test_3_4/last' (iter 36582, epoch 39)
[Save Checkpoint] epoch: [39.0], Train score:98.83333, Test score:98.44000, train loss:-0.98812, test loss:-0.98417, ratio_train_loss:0.44628,ratio_test_loss:0.43695, total_loss_train:-0.54184,total_loss_test:-0.54722, 
=> saved checkpoint 'checkpoints_CNN/CNN_mnist_contrastive_loss_20_test_3_4/last' (iter 37520, epoch 40.0)
EarlyStopping counter: 3 out of 20
=> saved checkpoint 'checkpoint_scores_CNN/CNN_mnist_contrastive_loss_20_test_3_4/last' (iter 37520, epoch 40)
[Save Checkpoint] epoch: [40.0], Train score:98.72333, Test score:98.30000, train loss:-0.98695, test loss:-0.98275, ratio_train_loss:0.44277,ratio_test_loss:0.43632, total_loss_train:-0.54418,total_loss_test:-0.54642, 
=> saved checkpoint 'checkpoints_CNN/CNN_mnist_contrastive_loss_20_test_3_4/last' (iter 38458, epoch 41.0)
EarlyStopping counter: 4 out of 20
=> saved checkpoint 'checkpoint_scores_CNN/CNN_mnist_contrastive_loss_20_test_3_4/last' (iter 38458, epoch 41)
[Save Checkpoint] epoch: [41.0], Train score:98.90667, Test score:98.47000, train loss:-0.98868, test loss:-0.98418, ratio_train_loss:0.45409,ratio_test_loss:0.44195, total_loss_train:-0.53459,total_loss_test:-0.54223, 
=> saved checkpoint 'checkpoints_CNN/CNN_mnist_contrastive_loss_20_test_3_4/last' (iter 39396, epoch 42.0)
EarlyStopping counter: 5 out of 20
=> saved checkpoint 'checkpoint_scores_CNN/CNN_mnist_contrastive_loss_20_test_3_4/last' (iter 39396, epoch 42)
[Save Checkpoint] epoch: [42.0], Train score:98.78500, Test score:98.34000, train loss:-0.98744, test loss:-0.98285, ratio_train_loss:0.43622,ratio_test_loss:0.42886, total_loss_train:-0.55121,total_loss_test:-0.55399, 
=> saved checkpoint 'checkpoints_CNN/CNN_mnist_contrastive_loss_20_test_3_4/last' (iter 40334, epoch 43.0)
EarlyStopping counter: 6 out of 20
=> saved checkpoint 'checkpoint_scores_CNN/CNN_mnist_contrastive_loss_20_test_3_4/last' (iter 40334, epoch 43)
[Save Checkpoint] epoch: [43.0], Train score:98.77333, Test score:98.45000, train loss:-0.98742, test loss:-0.98399, ratio_train_loss:0.42286,ratio_test_loss:0.41474, total_loss_train:-0.56456,total_loss_test:-0.56925, 
=> saved checkpoint 'checkpoints_CNN/CNN_mnist_contrastive_loss_20_test_3_4/last' (iter 41272, epoch 44.0)
=> saved checkpoint 'checkpoint_scores_CNN/CNN_mnist_contrastive_loss_20_test_3_4/last' (iter 41272, epoch 44)
[Save Checkpoint] epoch: [44.0], Train score:98.90167, Test score:98.33000, train loss:-0.98884, test loss:-0.98333, ratio_train_loss:0.39618,ratio_test_loss:0.39180, total_loss_train:-0.59267,total_loss_test:-0.59153, 
=> saved checkpoint 'checkpoints_CNN/CNN_mnist_contrastive_loss_20_test_3_4/last' (iter 42210, epoch 45.0)
EarlyStopping counter: 1 out of 20
=> saved checkpoint 'checkpoint_scores_CNN/CNN_mnist_contrastive_loss_20_test_3_4/last' (iter 42210, epoch 45)
[Save Checkpoint] epoch: [45.0], Train score:98.90333, Test score:98.33000, train loss:-0.98881, test loss:-0.98322, ratio_train_loss:0.40298,ratio_test_loss:0.39895, total_loss_train:-0.58583,total_loss_test:-0.58426, 
=> saved checkpoint 'checkpoints_CNN/CNN_mnist_contrastive_loss_20_test_3_4/last' (iter 43148, epoch 46.0)
EarlyStopping counter: 2 out of 20
=> saved checkpoint 'checkpoint_scores_CNN/CNN_mnist_contrastive_loss_20_test_3_4/last' (iter 43148, epoch 46)
[Save Checkpoint] epoch: [46.0], Train score:98.94000, Test score:98.44000, train loss:-0.98911, test loss:-0.98451, ratio_train_loss:0.41038,ratio_test_loss:0.40484, total_loss_train:-0.57873,total_loss_test:-0.57967, 
=> saved checkpoint 'checkpoints_CNN/CNN_mnist_contrastive_loss_20_test_3_4/last' (iter 44086, epoch 47.0)
EarlyStopping counter: 3 out of 20
=> saved checkpoint 'checkpoint_scores_CNN/CNN_mnist_contrastive_loss_20_test_3_4/last' (iter 44086, epoch 47)
[Save Checkpoint] epoch: [47.0], Train score:98.86000, Test score:98.49000, train loss:-0.98817, test loss:-0.98438, ratio_train_loss:0.43627,ratio_test_loss:0.42903, total_loss_train:-0.55191,total_loss_test:-0.55535, 
=> saved checkpoint 'checkpoints_CNN/CNN_mnist_contrastive_loss_20_test_3_4/last' (iter 45024, epoch 48.0)
EarlyStopping counter: 4 out of 20
=> saved checkpoint 'checkpoint_scores_CNN/CNN_mnist_contrastive_loss_20_test_3_4/last' (iter 45024, epoch 48)
[Save Checkpoint] epoch: [48.0], Train score:98.95500, Test score:98.38000, train loss:-0.98933, test loss:-0.98414, ratio_train_loss:0.40714,ratio_test_loss:0.40341, total_loss_train:-0.58219,total_loss_test:-0.58073, 
=> saved checkpoint 'checkpoints_CNN/CNN_mnist_contrastive_loss_20_test_3_4/last' (iter 45962, epoch 49.0)
EarlyStopping counter: 5 out of 20
=> saved checkpoint 'checkpoint_scores_CNN/CNN_mnist_contrastive_loss_20_test_3_4/last' (iter 45962, epoch 49)
[Save Checkpoint] epoch: [49.0], Train score:98.77500, Test score:98.27000, train loss:-0.98739, test loss:-0.98221, ratio_train_loss:0.44959,ratio_test_loss:0.44737, total_loss_train:-0.53780,total_loss_test:-0.53484, 
=> saved checkpoint 'checkpoints_CNN/CNN_mnist_contrastive_loss_20_test_3_4/last' (iter 46900, epoch 50.0)
EarlyStopping counter: 6 out of 20
=> saved checkpoint 'checkpoint_scores_CNN/CNN_mnist_contrastive_loss_20_test_3_4/last' (iter 46900, epoch 50)
[Save Checkpoint] epoch: [50.0], Train score:98.90000, Test score:98.23000, train loss:-0.98884, test loss:-0.98237, ratio_train_loss:0.42509,ratio_test_loss:0.42009, total_loss_train:-0.56375,total_loss_test:-0.56229, 
[Training Finished]
All Done!
